2019-09-30 12:14:30.869288: I tensorflow/core/platform/cpu_feature_guard.cc:141] Your CPU supports instructions that this TensorFlow binary was not compiled to use: SSE4.1 SSE4.2 AVX AVX2 FMA
2019-09-30 12:14:31.044034: I tensorflow/stream_executor/cuda/cuda_gpu_executor.cc:897] successful NUMA node read from SysFS had negative value (-1), but there must be at least one NUMA node, so returning NUMA node zero
2019-09-30 12:14:31.044605: I tensorflow/core/common_runtime/gpu/gpu_device.cc:1405] Found device 0 with properties: 
name: GeForce GT 1030 major: 6 minor: 1 memoryClockRate(GHz): 1.468
pciBusID: 0000:41:00.0
totalMemory: 1.95GiB freeMemory: 466.81MiB
2019-09-30 12:14:31.044681: I tensorflow/core/common_runtime/gpu/gpu_device.cc:1484] Adding visible gpu devices: 0
2019-09-30 12:14:35.414013: I tensorflow/core/common_runtime/gpu/gpu_device.cc:965] Device interconnect StreamExecutor with strength 1 edge matrix:
2019-09-30 12:14:35.414110: I tensorflow/core/common_runtime/gpu/gpu_device.cc:971]      0 
2019-09-30 12:14:35.414169: I tensorflow/core/common_runtime/gpu/gpu_device.cc:984] 0:   N 
2019-09-30 12:14:35.424182: I tensorflow/core/common_runtime/gpu/gpu_device.cc:1097] Created TensorFlow device (/job:localhost/replica:0/task:0/device:GPU:0 with 90 MB memory) -> physical GPU (device: 0, name: GeForce GT 1030, pci bus id: 0000:41:00.0, compute capability: 6.1)
2019-09-30 12:15:17.737750: E tensorflow/stream_executor/cuda/cuda_blas.cc:459] failed to create cublas handle: CUBLAS_STATUS_NOT_INITIALIZED
2019-09-30 12:15:17.739147: E tensorflow/stream_executor/cuda/cuda_blas.cc:459] failed to create cublas handle: CUBLAS_STATUS_NOT_INITIALIZED
2019-09-30 12:15:17.739608: E tensorflow/stream_executor/cuda/cuda_blas.cc:459] failed to create cublas handle: CUBLAS_STATUS_NOT_INITIALIZED
2019-09-30 12:15:17.742820: E tensorflow/stream_executor/cuda/cuda_blas.cc:459] failed to create cublas handle: CUBLAS_STATUS_NOT_INITIALIZED
2019-09-30 12:15:17.743188: E tensorflow/stream_executor/cuda/cuda_blas.cc:459] failed to create cublas handle: CUBLAS_STATUS_NOT_INITIALIZED
2019-09-30 12:15:17.743692: E tensorflow/stream_executor/cuda/cuda_blas.cc:459] failed to create cublas handle: CUBLAS_STATUS_NOT_INITIALIZED
2019-09-30 12:15:17.744183: E tensorflow/stream_executor/cuda/cuda_blas.cc:459] failed to create cublas handle: CUBLAS_STATUS_NOT_INITIALIZED
2019-09-30 12:15:17.744574: E tensorflow/stream_executor/cuda/cuda_blas.cc:459] failed to create cublas handle: CUBLAS_STATUS_NOT_INITIALIZED
2019-09-30 12:15:17.744933: E tensorflow/stream_executor/cuda/cuda_blas.cc:459] failed to create cublas handle: CUBLAS_STATUS_NOT_INITIALIZED
2019-09-30 12:15:17.745733: E tensorflow/stream_executor/cuda/cuda_blas.cc:459] failed to create cublas handle: CUBLAS_STATUS_NOT_INITIALIZED
2019-09-30 12:15:17.746122: E tensorflow/stream_executor/cuda/cuda_blas.cc:459] failed to create cublas handle: CUBLAS_STATUS_NOT_INITIALIZED
2019-09-30 12:15:17.746484: E tensorflow/stream_executor/cuda/cuda_blas.cc:459] failed to create cublas handle: CUBLAS_STATUS_NOT_INITIALIZED
2019-09-30 12:15:17.746954: E tensorflow/stream_executor/cuda/cuda_blas.cc:459] failed to create cublas handle: CUBLAS_STATUS_NOT_INITIALIZED
2019-09-30 12:15:17.747356: E tensorflow/stream_executor/cuda/cuda_blas.cc:459] failed to create cublas handle: CUBLAS_STATUS_NOT_INITIALIZED
2019-09-30 12:15:17.747712: E tensorflow/stream_executor/cuda/cuda_blas.cc:459] failed to create cublas handle: CUBLAS_STATUS_NOT_INITIALIZED
2019-09-30 12:15:17.748079: E tensorflow/stream_executor/cuda/cuda_blas.cc:459] failed to create cublas handle: CUBLAS_STATUS_NOT_INITIALIZED
2019-09-30 12:15:17.748920: E tensorflow/stream_executor/cuda/cuda_blas.cc:459] failed to create cublas handle: CUBLAS_STATUS_NOT_INITIALIZED
2019-09-30 12:15:17.749343: E tensorflow/stream_executor/cuda/cuda_blas.cc:459] failed to create cublas handle: CUBLAS_STATUS_NOT_INITIALIZED
2019-09-30 12:15:17.749703: E tensorflow/stream_executor/cuda/cuda_blas.cc:459] failed to create cublas handle: CUBLAS_STATUS_NOT_INITIALIZED
2019-09-30 12:15:17.750123: E tensorflow/stream_executor/cuda/cuda_blas.cc:459] failed to create cublas handle: CUBLAS_STATUS_NOT_INITIALIZED
2019-09-30 12:15:17.750532: E tensorflow/stream_executor/cuda/cuda_blas.cc:459] failed to create cublas handle: CUBLAS_STATUS_NOT_INITIALIZED
2019-09-30 12:15:17.750896: E tensorflow/stream_executor/cuda/cuda_blas.cc:459] failed to create cublas handle: CUBLAS_STATUS_NOT_INITIALIZED
2019-09-30 12:15:17.751287: E tensorflow/stream_executor/cuda/cuda_blas.cc:459] failed to create cublas handle: CUBLAS_STATUS_NOT_INITIALIZED
2019-09-30 12:15:17.752122: E tensorflow/stream_executor/cuda/cuda_blas.cc:459] failed to create cublas handle: CUBLAS_STATUS_NOT_INITIALIZED
2019-09-30 12:15:17.752488: E tensorflow/stream_executor/cuda/cuda_blas.cc:459] failed to create cublas handle: CUBLAS_STATUS_NOT_INITIALIZED
2019-09-30 12:15:17.752877: E tensorflow/stream_executor/cuda/cuda_blas.cc:459] failed to create cublas handle: CUBLAS_STATUS_NOT_INITIALIZED
2019-09-30 12:15:17.753312: E tensorflow/stream_executor/cuda/cuda_blas.cc:459] failed to create cublas handle: CUBLAS_STATUS_NOT_INITIALIZED
2019-09-30 12:15:17.753733: E tensorflow/stream_executor/cuda/cuda_blas.cc:459] failed to create cublas handle: CUBLAS_STATUS_NOT_INITIALIZED
2019-09-30 12:15:17.754094: E tensorflow/stream_executor/cuda/cuda_blas.cc:459] failed to create cublas handle: CUBLAS_STATUS_NOT_INITIALIZED
2019-09-30 12:15:17.754447: E tensorflow/stream_executor/cuda/cuda_blas.cc:459] failed to create cublas handle: CUBLAS_STATUS_NOT_INITIALIZED
2019-09-30 12:15:17.755281: E tensorflow/stream_executor/cuda/cuda_blas.cc:459] failed to create cublas handle: CUBLAS_STATUS_NOT_INITIALIZED
2019-09-30 12:15:17.755661: E tensorflow/stream_executor/cuda/cuda_blas.cc:459] failed to create cublas handle: CUBLAS_STATUS_NOT_INITIALIZED
2019-09-30 12:15:17.756066: E tensorflow/stream_executor/cuda/cuda_blas.cc:459] failed to create cublas handle: CUBLAS_STATUS_NOT_INITIALIZED
2019-09-30 12:15:17.756487: E tensorflow/stream_executor/cuda/cuda_blas.cc:459] failed to create cublas handle: CUBLAS_STATUS_NOT_INITIALIZED
2019-09-30 12:15:17.756876: E tensorflow/stream_executor/cuda/cuda_blas.cc:459] failed to create cublas handle: CUBLAS_STATUS_NOT_INITIALIZED
2019-09-30 12:15:17.757271: E tensorflow/stream_executor/cuda/cuda_blas.cc:459] failed to create cublas handle: CUBLAS_STATUS_NOT_INITIALIZED
2019-09-30 12:15:17.757639: E tensorflow/stream_executor/cuda/cuda_blas.cc:459] failed to create cublas handle: CUBLAS_STATUS_NOT_INITIALIZED
2019-09-30 12:15:17.758483: E tensorflow/stream_executor/cuda/cuda_blas.cc:459] failed to create cublas handle: CUBLAS_STATUS_NOT_INITIALIZED
2019-09-30 12:15:17.758860: E tensorflow/stream_executor/cuda/cuda_blas.cc:459] failed to create cublas handle: CUBLAS_STATUS_NOT_INITIALIZED
2019-09-30 12:15:17.759215: E tensorflow/stream_executor/cuda/cuda_blas.cc:459] failed to create cublas handle: CUBLAS_STATUS_NOT_INITIALIZED
2019-09-30 12:15:17.759815: E tensorflow/stream_executor/cuda/cuda_blas.cc:459] failed to create cublas handle: CUBLAS_STATUS_NOT_INITIALIZED
2019-09-30 12:15:17.760214: E tensorflow/stream_executor/cuda/cuda_blas.cc:459] failed to create cublas handle: CUBLAS_STATUS_NOT_INITIALIZED
2019-09-30 12:15:17.760602: E tensorflow/stream_executor/cuda/cuda_blas.cc:459] failed to create cublas handle: CUBLAS_STATUS_NOT_INITIALIZED
2019-09-30 12:15:17.760955: E tensorflow/stream_executor/cuda/cuda_blas.cc:459] failed to create cublas handle: CUBLAS_STATUS_NOT_INITIALIZED
2019-09-30 12:15:17.761785: E tensorflow/stream_executor/cuda/cuda_blas.cc:459] failed to create cublas handle: CUBLAS_STATUS_NOT_INITIALIZED
2019-09-30 12:15:17.762176: E tensorflow/stream_executor/cuda/cuda_blas.cc:459] failed to create cublas handle: CUBLAS_STATUS_NOT_INITIALIZED
2019-09-30 12:15:17.762545: E tensorflow/stream_executor/cuda/cuda_blas.cc:459] failed to create cublas handle: CUBLAS_STATUS_NOT_INITIALIZED
2019-09-30 12:15:17.763000: E tensorflow/stream_executor/cuda/cuda_blas.cc:459] failed to create cublas handle: CUBLAS_STATUS_NOT_INITIALIZED
2019-09-30 12:15:17.763392: E tensorflow/stream_executor/cuda/cuda_blas.cc:459] failed to create cublas handle: CUBLAS_STATUS_NOT_INITIALIZED
2019-09-30 12:15:17.763743: E tensorflow/stream_executor/cuda/cuda_blas.cc:459] failed to create cublas handle: CUBLAS_STATUS_NOT_INITIALIZED
2019-09-30 12:15:17.764130: E tensorflow/stream_executor/cuda/cuda_blas.cc:459] failed to create cublas handle: CUBLAS_STATUS_NOT_INITIALIZED
2019-09-30 12:15:17.764966: E tensorflow/stream_executor/cuda/cuda_blas.cc:459] failed to create cublas handle: CUBLAS_STATUS_NOT_INITIALIZED
2019-09-30 12:15:17.765367: E tensorflow/stream_executor/cuda/cuda_blas.cc:459] failed to create cublas handle: CUBLAS_STATUS_NOT_INITIALIZED
2019-09-30 12:15:17.765724: E tensorflow/stream_executor/cuda/cuda_blas.cc:459] failed to create cublas handle: CUBLAS_STATUS_NOT_INITIALIZED
2019-09-30 12:15:17.766138: E tensorflow/stream_executor/cuda/cuda_blas.cc:459] failed to create cublas handle: CUBLAS_STATUS_NOT_INITIALIZED
2019-09-30 12:15:17.766544: E tensorflow/stream_executor/cuda/cuda_blas.cc:459] failed to create cublas handle: CUBLAS_STATUS_NOT_INITIALIZED
2019-09-30 12:15:17.766913: E tensorflow/stream_executor/cuda/cuda_blas.cc:459] failed to create cublas handle: CUBLAS_STATUS_NOT_INITIALIZED
2019-09-30 12:15:17.767301: E tensorflow/stream_executor/cuda/cuda_blas.cc:459] failed to create cublas handle: CUBLAS_STATUS_NOT_INITIALIZED
2019-09-30 12:15:17.768127: E tensorflow/stream_executor/cuda/cuda_blas.cc:459] failed to create cublas handle: CUBLAS_STATUS_NOT_INITIALIZED
2019-09-30 12:15:17.768473: E tensorflow/stream_executor/cuda/cuda_blas.cc:459] failed to create cublas handle: CUBLAS_STATUS_NOT_INITIALIZED
2019-09-30 12:15:17.768961: E tensorflow/stream_executor/cuda/cuda_blas.cc:459] failed to create cublas handle: CUBLAS_STATUS_NOT_INITIALIZED
2019-09-30 12:15:17.769398: E tensorflow/stream_executor/cuda/cuda_blas.cc:459] failed to create cublas handle: CUBLAS_STATUS_NOT_INITIALIZED
2019-09-30 12:15:17.769823: E tensorflow/stream_executor/cuda/cuda_blas.cc:459] failed to create cublas handle: CUBLAS_STATUS_NOT_INITIALIZED
2019-09-30 12:15:17.770177: E tensorflow/stream_executor/cuda/cuda_blas.cc:459] failed to create cublas handle: CUBLAS_STATUS_NOT_INITIALIZED
2019-09-30 12:15:17.770554: E tensorflow/stream_executor/cuda/cuda_blas.cc:459] failed to create cublas handle: CUBLAS_STATUS_NOT_INITIALIZED
2019-09-30 12:15:17.771385: E tensorflow/stream_executor/cuda/cuda_blas.cc:459] failed to create cublas handle: CUBLAS_STATUS_NOT_INITIALIZED
2019-09-30 12:15:17.771761: E tensorflow/stream_executor/cuda/cuda_blas.cc:459] failed to create cublas handle: CUBLAS_STATUS_NOT_INITIALIZED
2019-09-30 12:15:17.772164: E tensorflow/stream_executor/cuda/cuda_blas.cc:459] failed to create cublas handle: CUBLAS_STATUS_NOT_INITIALIZED
2019-09-30 12:15:17.772591: E tensorflow/stream_executor/cuda/cuda_blas.cc:459] failed to create cublas handle: CUBLAS_STATUS_NOT_INITIALIZED
2019-09-30 12:15:17.772978: E tensorflow/stream_executor/cuda/cuda_blas.cc:459] failed to create cublas handle: CUBLAS_STATUS_NOT_INITIALIZED
2019-09-30 12:15:17.773354: E tensorflow/stream_executor/cuda/cuda_blas.cc:459] failed to create cublas handle: CUBLAS_STATUS_NOT_INITIALIZED
2019-09-30 12:15:17.773716: E tensorflow/stream_executor/cuda/cuda_blas.cc:459] failed to create cublas handle: CUBLAS_STATUS_NOT_INITIALIZED
2019-09-30 12:15:17.774579: E tensorflow/stream_executor/cuda/cuda_blas.cc:459] failed to create cublas handle: CUBLAS_STATUS_NOT_INITIALIZED
2019-09-30 12:15:17.774952: E tensorflow/stream_executor/cuda/cuda_blas.cc:459] failed to create cublas handle: CUBLAS_STATUS_NOT_INITIALIZED
2019-09-30 12:15:17.775305: E tensorflow/stream_executor/cuda/cuda_blas.cc:459] failed to create cublas handle: CUBLAS_STATUS_NOT_INITIALIZED
2019-09-30 12:15:17.775739: E tensorflow/stream_executor/cuda/cuda_blas.cc:459] failed to create cublas handle: CUBLAS_STATUS_NOT_INITIALIZED
2019-09-30 12:15:17.776137: E tensorflow/stream_executor/cuda/cuda_blas.cc:459] failed to create cublas handle: CUBLAS_STATUS_NOT_INITIALIZED
2019-09-30 12:15:17.776748: E tensorflow/stream_executor/cuda/cuda_blas.cc:459] failed to create cublas handle: CUBLAS_STATUS_NOT_INITIALIZED
2019-09-30 12:15:17.777105: E tensorflow/stream_executor/cuda/cuda_blas.cc:459] failed to create cublas handle: CUBLAS_STATUS_NOT_INITIALIZED
2019-09-30 12:15:17.777966: E tensorflow/stream_executor/cuda/cuda_blas.cc:459] failed to create cublas handle: CUBLAS_STATUS_NOT_INITIALIZED
2019-09-30 12:15:17.778342: E tensorflow/stream_executor/cuda/cuda_blas.cc:459] failed to create cublas handle: CUBLAS_STATUS_NOT_INITIALIZED
2019-09-30 12:15:17.778704: E tensorflow/stream_executor/cuda/cuda_blas.cc:459] failed to create cublas handle: CUBLAS_STATUS_NOT_INITIALIZED
2019-09-30 12:15:17.779170: E tensorflow/stream_executor/cuda/cuda_blas.cc:459] failed to create cublas handle: CUBLAS_STATUS_NOT_INITIALIZED
2019-09-30 12:15:17.779561: E tensorflow/stream_executor/cuda/cuda_blas.cc:459] failed to create cublas handle: CUBLAS_STATUS_NOT_INITIALIZED
2019-09-30 12:15:17.779916: E tensorflow/stream_executor/cuda/cuda_blas.cc:459] failed to create cublas handle: CUBLAS_STATUS_NOT_INITIALIZED
2019-09-30 12:15:17.780284: E tensorflow/stream_executor/cuda/cuda_blas.cc:459] failed to create cublas handle: CUBLAS_STATUS_NOT_INITIALIZED
2019-09-30 12:15:17.781116: E tensorflow/stream_executor/cuda/cuda_blas.cc:459] failed to create cublas handle: CUBLAS_STATUS_NOT_INITIALIZED
2019-09-30 12:15:17.781517: E tensorflow/stream_executor/cuda/cuda_blas.cc:459] failed to create cublas handle: CUBLAS_STATUS_NOT_INITIALIZED
2019-09-30 12:15:17.781874: E tensorflow/stream_executor/cuda/cuda_blas.cc:459] failed to create cublas handle: CUBLAS_STATUS_NOT_INITIALIZED
2019-09-30 12:15:17.782292: E tensorflow/stream_executor/cuda/cuda_blas.cc:459] failed to create cublas handle: CUBLAS_STATUS_NOT_INITIALIZED
2019-09-30 12:15:17.782714: E tensorflow/stream_executor/cuda/cuda_blas.cc:459] failed to create cublas handle: CUBLAS_STATUS_NOT_INITIALIZED
2019-09-30 12:15:17.783086: E tensorflow/stream_executor/cuda/cuda_blas.cc:459] failed to create cublas handle: CUBLAS_STATUS_NOT_INITIALIZED
2019-09-30 12:15:17.783472: E tensorflow/stream_executor/cuda/cuda_blas.cc:459] failed to create cublas handle: CUBLAS_STATUS_NOT_INITIALIZED
2019-09-30 12:15:17.784280: E tensorflow/stream_executor/cuda/cuda_blas.cc:459] failed to create cublas handle: CUBLAS_STATUS_NOT_INITIALIZED
2019-09-30 12:15:17.784638: E tensorflow/stream_executor/cuda/cuda_blas.cc:459] failed to create cublas handle: CUBLAS_STATUS_NOT_INITIALIZED
2019-09-30 12:15:17.785025: E tensorflow/stream_executor/cuda/cuda_blas.cc:459] failed to create cublas handle: CUBLAS_STATUS_NOT_INITIALIZED
2019-09-30 12:15:17.785470: E tensorflow/stream_executor/cuda/cuda_blas.cc:459] failed to create cublas handle: CUBLAS_STATUS_NOT_INITIALIZED
2019-09-30 12:15:17.785865: E tensorflow/stream_executor/cuda/cuda_blas.cc:459] failed to create cublas handle: CUBLAS_STATUS_NOT_INITIALIZED
2019-09-30 12:15:17.786218: E tensorflow/stream_executor/cuda/cuda_blas.cc:459] failed to create cublas handle: CUBLAS_STATUS_NOT_INITIALIZED
2019-09-30 12:15:17.786573: E tensorflow/stream_executor/cuda/cuda_blas.cc:459] failed to create cublas handle: CUBLAS_STATUS_NOT_INITIALIZED
2019-09-30 12:15:17.787421: E tensorflow/stream_executor/cuda/cuda_blas.cc:459] failed to create cublas handle: CUBLAS_STATUS_NOT_INITIALIZED
2019-09-30 12:15:17.787793: E tensorflow/stream_executor/cuda/cuda_blas.cc:459] failed to create cublas handle: CUBLAS_STATUS_NOT_INITIALIZED
2019-09-30 12:15:17.788186: E tensorflow/stream_executor/cuda/cuda_blas.cc:459] failed to create cublas handle: CUBLAS_STATUS_NOT_INITIALIZED
2019-09-30 12:15:17.788610: E tensorflow/stream_executor/cuda/cuda_blas.cc:459] failed to create cublas handle: CUBLAS_STATUS_NOT_INITIALIZED
2019-09-30 12:15:17.788996: E tensorflow/stream_executor/cuda/cuda_blas.cc:459] failed to create cublas handle: CUBLAS_STATUS_NOT_INITIALIZED
2019-09-30 12:15:17.789410: E tensorflow/stream_executor/cuda/cuda_blas.cc:459] failed to create cublas handle: CUBLAS_STATUS_NOT_INITIALIZED
2019-09-30 12:15:17.789784: E tensorflow/stream_executor/cuda/cuda_blas.cc:459] failed to create cublas handle: CUBLAS_STATUS_NOT_INITIALIZED
2019-09-30 12:15:17.790622: E tensorflow/stream_executor/cuda/cuda_blas.cc:459] failed to create cublas handle: CUBLAS_STATUS_NOT_INITIALIZED
2019-09-30 12:15:17.790980: E tensorflow/stream_executor/cuda/cuda_blas.cc:459] failed to create cublas handle: CUBLAS_STATUS_NOT_INITIALIZED
2019-09-30 12:15:17.791334: E tensorflow/stream_executor/cuda/cuda_blas.cc:459] failed to create cublas handle: CUBLAS_STATUS_NOT_INITIALIZED
2019-09-30 12:15:17.791767: E tensorflow/stream_executor/cuda/cuda_blas.cc:459] failed to create cublas handle: CUBLAS_STATUS_NOT_INITIALIZED
2019-09-30 12:15:17.792173: E tensorflow/stream_executor/cuda/cuda_blas.cc:459] failed to create cublas handle: CUBLAS_STATUS_NOT_INITIALIZED
2019-09-30 12:15:17.792549: E tensorflow/stream_executor/cuda/cuda_blas.cc:459] failed to create cublas handle: CUBLAS_STATUS_NOT_INITIALIZED
2019-09-30 12:15:17.792903: E tensorflow/stream_executor/cuda/cuda_blas.cc:459] failed to create cublas handle: CUBLAS_STATUS_NOT_INITIALIZED
2019-09-30 12:15:17.793763: E tensorflow/stream_executor/cuda/cuda_blas.cc:459] failed to create cublas handle: CUBLAS_STATUS_NOT_INITIALIZED
2019-09-30 12:15:17.794173: E tensorflow/stream_executor/cuda/cuda_blas.cc:459] failed to create cublas handle: CUBLAS_STATUS_NOT_INITIALIZED
2019-09-30 12:15:17.794565: E tensorflow/stream_executor/cuda/cuda_blas.cc:459] failed to create cublas handle: CUBLAS_STATUS_NOT_INITIALIZED
2019-09-30 12:15:17.795010: E tensorflow/stream_executor/cuda/cuda_blas.cc:459] failed to create cublas handle: CUBLAS_STATUS_NOT_INITIALIZED
2019-09-30 12:15:17.795408: E tensorflow/stream_executor/cuda/cuda_blas.cc:459] failed to create cublas handle: CUBLAS_STATUS_NOT_INITIALIZED
2019-09-30 12:15:17.795762: E tensorflow/stream_executor/cuda/cuda_blas.cc:459] failed to create cublas handle: CUBLAS_STATUS_NOT_INITIALIZED
2019-09-30 12:15:17.796154: E tensorflow/stream_executor/cuda/cuda_blas.cc:459] failed to create cublas handle: CUBLAS_STATUS_NOT_INITIALIZED
2019-09-30 12:15:17.796985: E tensorflow/stream_executor/cuda/cuda_blas.cc:459] failed to create cublas handle: CUBLAS_STATUS_NOT_INITIALIZED
2019-09-30 12:15:17.797401: E tensorflow/stream_executor/cuda/cuda_blas.cc:459] failed to create cublas handle: CUBLAS_STATUS_NOT_INITIALIZED
2019-09-30 12:15:17.797759: E tensorflow/stream_executor/cuda/cuda_blas.cc:459] failed to create cublas handle: CUBLAS_STATUS_NOT_INITIALIZED
2019-09-30 12:15:17.798175: E tensorflow/stream_executor/cuda/cuda_blas.cc:459] failed to create cublas handle: CUBLAS_STATUS_NOT_INITIALIZED
2019-09-30 12:15:17.798603: E tensorflow/stream_executor/cuda/cuda_blas.cc:459] failed to create cublas handle: CUBLAS_STATUS_NOT_INITIALIZED
2019-09-30 12:15:17.798993: E tensorflow/stream_executor/cuda/cuda_blas.cc:459] failed to create cublas handle: CUBLAS_STATUS_NOT_INITIALIZED
2019-09-30 12:15:17.799350: E tensorflow/stream_executor/cuda/cuda_blas.cc:459] failed to create cublas handle: CUBLAS_STATUS_NOT_INITIALIZED
2019-09-30 12:15:17.800163: E tensorflow/stream_executor/cuda/cuda_blas.cc:459] failed to create cublas handle: CUBLAS_STATUS_NOT_INITIALIZED
2019-09-30 12:15:17.800529: E tensorflow/stream_executor/cuda/cuda_blas.cc:459] failed to create cublas handle: CUBLAS_STATUS_NOT_INITIALIZED
2019-09-30 12:15:17.800914: E tensorflow/stream_executor/cuda/cuda_blas.cc:459] failed to create cublas handle: CUBLAS_STATUS_NOT_INITIALIZED
2019-09-30 12:15:17.801385: E tensorflow/stream_executor/cuda/cuda_blas.cc:459] failed to create cublas handle: CUBLAS_STATUS_NOT_INITIALIZED
2019-09-30 12:15:17.801786: E tensorflow/stream_executor/cuda/cuda_blas.cc:459] failed to create cublas handle: CUBLAS_STATUS_NOT_INITIALIZED
2019-09-30 12:15:17.802147: E tensorflow/stream_executor/cuda/cuda_blas.cc:459] failed to create cublas handle: CUBLAS_STATUS_NOT_INITIALIZED
2019-09-30 12:15:17.802501: E tensorflow/stream_executor/cuda/cuda_blas.cc:459] failed to create cublas handle: CUBLAS_STATUS_NOT_INITIALIZED
2019-09-30 12:15:17.803318: E tensorflow/stream_executor/cuda/cuda_blas.cc:459] failed to create cublas handle: CUBLAS_STATUS_NOT_INITIALIZED
2019-09-30 12:15:17.803715: E tensorflow/stream_executor/cuda/cuda_blas.cc:459] failed to create cublas handle: CUBLAS_STATUS_NOT_INITIALIZED
2019-09-30 12:15:17.804078: E tensorflow/stream_executor/cuda/cuda_blas.cc:459] failed to create cublas handle: CUBLAS_STATUS_NOT_INITIALIZED
2019-09-30 12:15:17.804495: E tensorflow/stream_executor/cuda/cuda_blas.cc:459] failed to create cublas handle: CUBLAS_STATUS_NOT_INITIALIZED
2019-09-30 12:15:17.804890: E tensorflow/stream_executor/cuda/cuda_blas.cc:459] failed to create cublas handle: CUBLAS_STATUS_NOT_INITIALIZED
2019-09-30 12:15:17.805285: E tensorflow/stream_executor/cuda/cuda_blas.cc:459] failed to create cublas handle: CUBLAS_STATUS_NOT_INITIALIZED
2019-09-30 12:15:17.805681: E tensorflow/stream_executor/cuda/cuda_blas.cc:459] failed to create cublas handle: CUBLAS_STATUS_NOT_INITIALIZED
2019-09-30 12:15:17.806513: E tensorflow/stream_executor/cuda/cuda_blas.cc:459] failed to create cublas handle: CUBLAS_STATUS_NOT_INITIALIZED
2019-09-30 12:15:17.806879: E tensorflow/stream_executor/cuda/cuda_blas.cc:459] failed to create cublas handle: CUBLAS_STATUS_NOT_INITIALIZED
2019-09-30 12:15:17.807234: E tensorflow/stream_executor/cuda/cuda_blas.cc:459] failed to create cublas handle: CUBLAS_STATUS_NOT_INITIALIZED
2019-09-30 12:15:17.807842: E tensorflow/stream_executor/cuda/cuda_blas.cc:459] failed to create cublas handle: CUBLAS_STATUS_NOT_INITIALIZED
2019-09-30 12:15:17.808269: E tensorflow/stream_executor/cuda/cuda_blas.cc:459] failed to create cublas handle: CUBLAS_STATUS_NOT_INITIALIZED
2019-09-30 12:15:17.808648: E tensorflow/stream_executor/cuda/cuda_blas.cc:459] failed to create cublas handle: CUBLAS_STATUS_NOT_INITIALIZED
2019-09-30 12:15:17.809003: E tensorflow/stream_executor/cuda/cuda_blas.cc:459] failed to create cublas handle: CUBLAS_STATUS_NOT_INITIALIZED
2019-09-30 12:15:17.809827: E tensorflow/stream_executor/cuda/cuda_blas.cc:459] failed to create cublas handle: CUBLAS_STATUS_NOT_INITIALIZED
2019-09-30 12:15:17.810217: E tensorflow/stream_executor/cuda/cuda_blas.cc:459] failed to create cublas handle: CUBLAS_STATUS_NOT_INITIALIZED
2019-09-30 12:15:17.810611: E tensorflow/stream_executor/cuda/cuda_blas.cc:459] failed to create cublas handle: CUBLAS_STATUS_NOT_INITIALIZED
2019-09-30 12:15:17.811040: E tensorflow/stream_executor/cuda/cuda_blas.cc:459] failed to create cublas handle: CUBLAS_STATUS_NOT_INITIALIZED
2019-09-30 12:15:17.811430: E tensorflow/stream_executor/cuda/cuda_blas.cc:459] failed to create cublas handle: CUBLAS_STATUS_NOT_INITIALIZED
2019-09-30 12:15:17.811786: E tensorflow/stream_executor/cuda/cuda_blas.cc:459] failed to create cublas handle: CUBLAS_STATUS_NOT_INITIALIZED
2019-09-30 12:15:17.812174: E tensorflow/stream_executor/cuda/cuda_blas.cc:459] failed to create cublas handle: CUBLAS_STATUS_NOT_INITIALIZED
2019-09-30 12:15:17.813023: E tensorflow/stream_executor/cuda/cuda_blas.cc:459] failed to create cublas handle: CUBLAS_STATUS_NOT_INITIALIZED
2019-09-30 12:15:17.813422: E tensorflow/stream_executor/cuda/cuda_blas.cc:459] failed to create cublas handle: CUBLAS_STATUS_NOT_INITIALIZED
2019-09-30 12:15:17.813778: E tensorflow/stream_executor/cuda/cuda_blas.cc:459] failed to create cublas handle: CUBLAS_STATUS_NOT_INITIALIZED
2019-09-30 12:15:17.814196: E tensorflow/stream_executor/cuda/cuda_blas.cc:459] failed to create cublas handle: CUBLAS_STATUS_NOT_INITIALIZED
2019-09-30 12:15:17.814813: E tensorflow/stream_executor/cuda/cuda_blas.cc:459] failed to create cublas handle: CUBLAS_STATUS_NOT_INITIALIZED
2019-09-30 12:15:17.815209: E tensorflow/stream_executor/cuda/cuda_blas.cc:459] failed to create cublas handle: CUBLAS_STATUS_NOT_INITIALIZED
2019-09-30 12:15:17.815570: E tensorflow/stream_executor/cuda/cuda_blas.cc:459] failed to create cublas handle: CUBLAS_STATUS_NOT_INITIALIZED
2019-09-30 12:15:17.816395: E tensorflow/stream_executor/cuda/cuda_blas.cc:459] failed to create cublas handle: CUBLAS_STATUS_NOT_INITIALIZED
2019-09-30 12:15:17.816766: E tensorflow/stream_executor/cuda/cuda_blas.cc:459] failed to create cublas handle: CUBLAS_STATUS_NOT_INITIALIZED
2019-09-30 12:15:17.817143: E tensorflow/stream_executor/cuda/cuda_blas.cc:459] failed to create cublas handle: CUBLAS_STATUS_NOT_INITIALIZED
2019-09-30 12:15:17.817606: E tensorflow/stream_executor/cuda/cuda_blas.cc:459] failed to create cublas handle: CUBLAS_STATUS_NOT_INITIALIZED
2019-09-30 12:15:17.818020: E tensorflow/stream_executor/cuda/cuda_blas.cc:459] failed to create cublas handle: CUBLAS_STATUS_NOT_INITIALIZED
2019-09-30 12:15:17.818379: E tensorflow/stream_executor/cuda/cuda_blas.cc:459] failed to create cublas handle: CUBLAS_STATUS_NOT_INITIALIZED
2019-09-30 12:15:17.818732: E tensorflow/stream_executor/cuda/cuda_blas.cc:459] failed to create cublas handle: CUBLAS_STATUS_NOT_INITIALIZED
2019-09-30 12:15:17.819569: E tensorflow/stream_executor/cuda/cuda_blas.cc:459] failed to create cublas handle: CUBLAS_STATUS_NOT_INITIALIZED
2019-09-30 12:15:17.819993: E tensorflow/stream_executor/cuda/cuda_blas.cc:459] failed to create cublas handle: CUBLAS_STATUS_NOT_INITIALIZED
2019-09-30 12:15:17.820369: E tensorflow/stream_executor/cuda/cuda_blas.cc:459] failed to create cublas handle: CUBLAS_STATUS_NOT_INITIALIZED
2019-09-30 12:15:17.820788: E tensorflow/stream_executor/cuda/cuda_blas.cc:459] failed to create cublas handle: CUBLAS_STATUS_NOT_INITIALIZED
2019-09-30 12:15:17.821176: E tensorflow/stream_executor/cuda/cuda_blas.cc:459] failed to create cublas handle: CUBLAS_STATUS_NOT_INITIALIZED
2019-09-30 12:15:17.821556: E tensorflow/stream_executor/cuda/cuda_blas.cc:459] failed to create cublas handle: CUBLAS_STATUS_NOT_INITIALIZED
2019-09-30 12:15:17.821928: E tensorflow/stream_executor/cuda/cuda_blas.cc:459] failed to create cublas handle: CUBLAS_STATUS_NOT_INITIALIZED
2019-09-30 12:15:17.822736: E tensorflow/stream_executor/cuda/cuda_blas.cc:459] failed to create cublas handle: CUBLAS_STATUS_NOT_INITIALIZED
2019-09-30 12:15:17.823126: E tensorflow/stream_executor/cuda/cuda_blas.cc:459] failed to create cublas handle: CUBLAS_STATUS_NOT_INITIALIZED
2019-09-30 12:15:17.823486: E tensorflow/stream_executor/cuda/cuda_blas.cc:459] failed to create cublas handle: CUBLAS_STATUS_NOT_INITIALIZED
2019-09-30 12:15:17.823918: E tensorflow/stream_executor/cuda/cuda_blas.cc:459] failed to create cublas handle: CUBLAS_STATUS_NOT_INITIALIZED
2019-09-30 12:15:17.824322: E tensorflow/stream_executor/cuda/cuda_blas.cc:459] failed to create cublas handle: CUBLAS_STATUS_NOT_INITIALIZED
2019-09-30 12:15:17.824686: E tensorflow/stream_executor/cuda/cuda_blas.cc:459] failed to create cublas handle: CUBLAS_STATUS_NOT_INITIALIZED
2019-09-30 12:15:17.825045: E tensorflow/stream_executor/cuda/cuda_blas.cc:459] failed to create cublas handle: CUBLAS_STATUS_NOT_INITIALIZED
2019-09-30 12:15:17.825858: E tensorflow/stream_executor/cuda/cuda_blas.cc:459] failed to create cublas handle: CUBLAS_STATUS_NOT_INITIALIZED
2019-09-30 12:15:17.826250: E tensorflow/stream_executor/cuda/cuda_blas.cc:459] failed to create cublas handle: CUBLAS_STATUS_NOT_INITIALIZED
2019-09-30 12:15:17.826643: E tensorflow/stream_executor/cuda/cuda_blas.cc:459] failed to create cublas handle: CUBLAS_STATUS_NOT_INITIALIZED
2019-09-30 12:15:17.827067: E tensorflow/stream_executor/cuda/cuda_blas.cc:459] failed to create cublas handle: CUBLAS_STATUS_NOT_INITIALIZED
2019-09-30 12:15:17.827460: E tensorflow/stream_executor/cuda/cuda_blas.cc:459] failed to create cublas handle: CUBLAS_STATUS_NOT_INITIALIZED
2019-09-30 12:15:17.827813: E tensorflow/stream_executor/cuda/cuda_blas.cc:459] failed to create cublas handle: CUBLAS_STATUS_NOT_INITIALIZED
2019-09-30 12:15:17.828200: E tensorflow/stream_executor/cuda/cuda_blas.cc:459] failed to create cublas handle: CUBLAS_STATUS_NOT_INITIALIZED
2019-09-30 12:15:17.829037: E tensorflow/stream_executor/cuda/cuda_blas.cc:459] failed to create cublas handle: CUBLAS_STATUS_NOT_INITIALIZED
2019-09-30 12:15:17.829441: E tensorflow/stream_executor/cuda/cuda_blas.cc:459] failed to create cublas handle: CUBLAS_STATUS_NOT_INITIALIZED
2019-09-30 12:15:17.829802: E tensorflow/stream_executor/cuda/cuda_blas.cc:459] failed to create cublas handle: CUBLAS_STATUS_NOT_INITIALIZED
2019-09-30 12:15:17.830219: E tensorflow/stream_executor/cuda/cuda_blas.cc:459] failed to create cublas handle: CUBLAS_STATUS_NOT_INITIALIZED
2019-09-30 12:15:17.830643: E tensorflow/stream_executor/cuda/cuda_blas.cc:459] failed to create cublas handle: CUBLAS_STATUS_NOT_INITIALIZED
2019-09-30 12:15:17.831036: E tensorflow/stream_executor/cuda/cuda_blas.cc:459] failed to create cublas handle: CUBLAS_STATUS_NOT_INITIALIZED
2019-09-30 12:15:17.831410: E tensorflow/stream_executor/cuda/cuda_blas.cc:459] failed to create cublas handle: CUBLAS_STATUS_NOT_INITIALIZED
2019-09-30 12:15:17.832230: E tensorflow/stream_executor/cuda/cuda_blas.cc:459] failed to create cublas handle: CUBLAS_STATUS_NOT_INITIALIZED
2019-09-30 12:15:17.832925: E tensorflow/stream_executor/cuda/cuda_blas.cc:459] failed to create cublas handle: CUBLAS_STATUS_NOT_INITIALIZED
2019-09-30 12:15:17.833322: E tensorflow/stream_executor/cuda/cuda_blas.cc:459] failed to create cublas handle: CUBLAS_STATUS_NOT_INITIALIZED
2019-09-30 12:15:17.833761: E tensorflow/stream_executor/cuda/cuda_blas.cc:459] failed to create cublas handle: CUBLAS_STATUS_NOT_INITIALIZED
2019-09-30 12:15:17.834159: E tensorflow/stream_executor/cuda/cuda_blas.cc:459] failed to create cublas handle: CUBLAS_STATUS_NOT_INITIALIZED
2019-09-30 12:15:17.834517: E tensorflow/stream_executor/cuda/cuda_blas.cc:459] failed to create cublas handle: CUBLAS_STATUS_NOT_INITIALIZED
2019-09-30 12:15:17.834870: E tensorflow/stream_executor/cuda/cuda_blas.cc:459] failed to create cublas handle: CUBLAS_STATUS_NOT_INITIALIZED
2019-09-30 12:15:17.835698: E tensorflow/stream_executor/cuda/cuda_blas.cc:459] failed to create cublas handle: CUBLAS_STATUS_NOT_INITIALIZED
2019-09-30 12:15:17.836100: E tensorflow/stream_executor/cuda/cuda_blas.cc:459] failed to create cublas handle: CUBLAS_STATUS_NOT_INITIALIZED
2019-09-30 12:15:17.836479: E tensorflow/stream_executor/cuda/cuda_blas.cc:459] failed to create cublas handle: CUBLAS_STATUS_NOT_INITIALIZED
2019-09-30 12:15:17.836903: E tensorflow/stream_executor/cuda/cuda_blas.cc:459] failed to create cublas handle: CUBLAS_STATUS_NOT_INITIALIZED
2019-09-30 12:15:17.837302: E tensorflow/stream_executor/cuda/cuda_blas.cc:459] failed to create cublas handle: CUBLAS_STATUS_NOT_INITIALIZED
2019-09-30 12:15:17.837811: E tensorflow/stream_executor/cuda/cuda_blas.cc:459] failed to create cublas handle: CUBLAS_STATUS_NOT_INITIALIZED
2019-09-30 12:15:17.838184: E tensorflow/stream_executor/cuda/cuda_blas.cc:459] failed to create cublas handle: CUBLAS_STATUS_NOT_INITIALIZED
2019-09-30 12:15:17.839004: E tensorflow/stream_executor/cuda/cuda_blas.cc:459] failed to create cublas handle: CUBLAS_STATUS_NOT_INITIALIZED
2019-09-30 12:15:17.839376: E tensorflow/stream_executor/cuda/cuda_blas.cc:459] failed to create cublas handle: CUBLAS_STATUS_NOT_INITIALIZED
2019-09-30 12:15:17.839726: E tensorflow/stream_executor/cuda/cuda_blas.cc:459] failed to create cublas handle: CUBLAS_STATUS_NOT_INITIALIZED
2019-09-30 12:15:17.840244: E tensorflow/stream_executor/cuda/cuda_blas.cc:459] failed to create cublas handle: CUBLAS_STATUS_NOT_INITIALIZED
2019-09-30 12:15:17.840675: E tensorflow/stream_executor/cuda/cuda_blas.cc:459] failed to create cublas handle: CUBLAS_STATUS_NOT_INITIALIZED
2019-09-30 12:15:17.841090: E tensorflow/stream_executor/cuda/cuda_blas.cc:459] failed to create cublas handle: CUBLAS_STATUS_NOT_INITIALIZED
2019-09-30 12:15:17.841465: E tensorflow/stream_executor/cuda/cuda_blas.cc:459] failed to create cublas handle: CUBLAS_STATUS_NOT_INITIALIZED
2019-09-30 12:15:17.842346: E tensorflow/stream_executor/cuda/cuda_blas.cc:459] failed to create cublas handle: CUBLAS_STATUS_NOT_INITIALIZED
2019-09-30 12:15:17.842728: E tensorflow/stream_executor/cuda/cuda_blas.cc:459] failed to create cublas handle: CUBLAS_STATUS_NOT_INITIALIZED
2019-09-30 12:15:17.843111: E tensorflow/stream_executor/cuda/cuda_blas.cc:459] failed to create cublas handle: CUBLAS_STATUS_NOT_INITIALIZED
2019-09-30 12:15:17.843541: E tensorflow/stream_executor/cuda/cuda_blas.cc:459] failed to create cublas handle: CUBLAS_STATUS_NOT_INITIALIZED
2019-09-30 12:15:17.843933: E tensorflow/stream_executor/cuda/cuda_blas.cc:459] failed to create cublas handle: CUBLAS_STATUS_NOT_INITIALIZED
2019-09-30 12:15:17.844292: E tensorflow/stream_executor/cuda/cuda_blas.cc:459] failed to create cublas handle: CUBLAS_STATUS_NOT_INITIALIZED
2019-09-30 12:15:17.844841: E tensorflow/stream_executor/cuda/cuda_blas.cc:459] failed to create cublas handle: CUBLAS_STATUS_NOT_INITIALIZED
2019-09-30 12:15:17.845678: E tensorflow/stream_executor/cuda/cuda_blas.cc:459] failed to create cublas handle: CUBLAS_STATUS_NOT_INITIALIZED
2019-09-30 12:15:17.846070: E tensorflow/stream_executor/cuda/cuda_blas.cc:459] failed to create cublas handle: CUBLAS_STATUS_NOT_INITIALIZED
2019-09-30 12:15:17.846428: E tensorflow/stream_executor/cuda/cuda_blas.cc:459] failed to create cublas handle: CUBLAS_STATUS_NOT_INITIALIZED
2019-09-30 12:15:17.846851: E tensorflow/stream_executor/cuda/cuda_blas.cc:459] failed to create cublas handle: CUBLAS_STATUS_NOT_INITIALIZED
2019-09-30 12:15:17.847273: E tensorflow/stream_executor/cuda/cuda_blas.cc:459] failed to create cublas handle: CUBLAS_STATUS_NOT_INITIALIZED
2019-09-30 12:15:17.847649: E tensorflow/stream_executor/cuda/cuda_blas.cc:459] failed to create cublas handle: CUBLAS_STATUS_NOT_INITIALIZED
2019-09-30 12:15:17.848012: E tensorflow/stream_executor/cuda/cuda_blas.cc:459] failed to create cublas handle: CUBLAS_STATUS_NOT_INITIALIZED
2019-09-30 12:15:17.848844: E tensorflow/stream_executor/cuda/cuda_blas.cc:459] failed to create cublas handle: CUBLAS_STATUS_NOT_INITIALIZED
2019-09-30 12:15:17.849207: E tensorflow/stream_executor/cuda/cuda_blas.cc:459] failed to create cublas handle: CUBLAS_STATUS_NOT_INITIALIZED
2019-09-30 12:15:17.849669: E tensorflow/stream_executor/cuda/cuda_blas.cc:459] failed to create cublas handle: CUBLAS_STATUS_NOT_INITIALIZED
2019-09-30 12:15:17.850143: E tensorflow/stream_executor/cuda/cuda_blas.cc:459] failed to create cublas handle: CUBLAS_STATUS_NOT_INITIALIZED
2019-09-30 12:15:17.850552: E tensorflow/stream_executor/cuda/cuda_blas.cc:459] failed to create cublas handle: CUBLAS_STATUS_NOT_INITIALIZED
2019-09-30 12:15:17.850944: E tensorflow/stream_executor/cuda/cuda_blas.cc:459] failed to create cublas handle: CUBLAS_STATUS_NOT_INITIALIZED
2019-09-30 12:15:17.851305: E tensorflow/stream_executor/cuda/cuda_blas.cc:459] failed to create cublas handle: CUBLAS_STATUS_NOT_INITIALIZED
2019-09-30 12:15:17.852322: E tensorflow/stream_executor/cuda/cuda_blas.cc:459] failed to create cublas handle: CUBLAS_STATUS_NOT_INITIALIZED
2019-09-30 12:15:17.852877: E tensorflow/stream_executor/cuda/cuda_blas.cc:459] failed to create cublas handle: CUBLAS_STATUS_NOT_INITIALIZED
2019-09-30 12:15:17.853266: E tensorflow/stream_executor/cuda/cuda_blas.cc:459] failed to create cublas handle: CUBLAS_STATUS_NOT_INITIALIZED
2019-09-30 12:15:17.853694: E tensorflow/stream_executor/cuda/cuda_blas.cc:459] failed to create cublas handle: CUBLAS_STATUS_NOT_INITIALIZED
2019-09-30 12:15:17.854088: E tensorflow/stream_executor/cuda/cuda_blas.cc:459] failed to create cublas handle: CUBLAS_STATUS_NOT_INITIALIZED
2019-09-30 12:15:17.854483: E tensorflow/stream_executor/cuda/cuda_blas.cc:459] failed to create cublas handle: CUBLAS_STATUS_NOT_INITIALIZED
2019-09-30 12:15:17.854881: E tensorflow/stream_executor/cuda/cuda_blas.cc:459] failed to create cublas handle: CUBLAS_STATUS_NOT_INITIALIZED
2019-09-30 12:15:17.855692: E tensorflow/stream_executor/cuda/cuda_blas.cc:459] failed to create cublas handle: CUBLAS_STATUS_NOT_INITIALIZED
2019-09-30 12:15:17.856059: E tensorflow/stream_executor/cuda/cuda_blas.cc:459] failed to create cublas handle: CUBLAS_STATUS_NOT_INITIALIZED
2019-09-30 12:15:17.856415: E tensorflow/stream_executor/cuda/cuda_blas.cc:459] failed to create cublas handle: CUBLAS_STATUS_NOT_INITIALIZED
2019-09-30 12:15:17.856978: E tensorflow/stream_executor/cuda/cuda_blas.cc:459] failed to create cublas handle: CUBLAS_STATUS_NOT_INITIALIZED
2019-09-30 12:15:17.857416: E tensorflow/stream_executor/cuda/cuda_blas.cc:459] failed to create cublas handle: CUBLAS_STATUS_NOT_INITIALIZED
2019-09-30 12:15:17.857779: E tensorflow/stream_executor/cuda/cuda_blas.cc:459] failed to create cublas handle: CUBLAS_STATUS_NOT_INITIALIZED
2019-09-30 12:15:17.858141: E tensorflow/stream_executor/cuda/cuda_blas.cc:459] failed to create cublas handle: CUBLAS_STATUS_NOT_INITIALIZED
2019-09-30 12:15:17.858949: E tensorflow/stream_executor/cuda/cuda_blas.cc:459] failed to create cublas handle: CUBLAS_STATUS_NOT_INITIALIZED
2019-09-30 12:15:17.859347: E tensorflow/stream_executor/cuda/cuda_blas.cc:459] failed to create cublas handle: CUBLAS_STATUS_NOT_INITIALIZED
2019-09-30 12:15:17.859728: E tensorflow/stream_executor/cuda/cuda_blas.cc:459] failed to create cublas handle: CUBLAS_STATUS_NOT_INITIALIZED
2019-09-30 12:15:17.860171: E tensorflow/stream_executor/cuda/cuda_blas.cc:459] failed to create cublas handle: CUBLAS_STATUS_NOT_INITIALIZED
2019-09-30 12:15:17.860567: E tensorflow/stream_executor/cuda/cuda_blas.cc:459] failed to create cublas handle: CUBLAS_STATUS_NOT_INITIALIZED
2019-09-30 12:15:17.860935: E tensorflow/stream_executor/cuda/cuda_blas.cc:459] failed to create cublas handle: CUBLAS_STATUS_NOT_INITIALIZED
2019-09-30 12:15:17.861371: E tensorflow/stream_executor/cuda/cuda_blas.cc:459] failed to create cublas handle: CUBLAS_STATUS_NOT_INITIALIZED
2019-09-30 12:15:17.862213: E tensorflow/stream_executor/cuda/cuda_blas.cc:459] failed to create cublas handle: CUBLAS_STATUS_NOT_INITIALIZED
2019-09-30 12:15:17.862705: E tensorflow/stream_executor/cuda/cuda_blas.cc:459] failed to create cublas handle: CUBLAS_STATUS_NOT_INITIALIZED
2019-09-30 12:15:17.863213: E tensorflow/stream_executor/cuda/cuda_blas.cc:459] failed to create cublas handle: CUBLAS_STATUS_NOT_INITIALIZED
2019-09-30 12:15:17.863669: E tensorflow/stream_executor/cuda/cuda_blas.cc:459] failed to create cublas handle: CUBLAS_STATUS_NOT_INITIALIZED
2019-09-30 12:15:17.864098: E tensorflow/stream_executor/cuda/cuda_blas.cc:459] failed to create cublas handle: CUBLAS_STATUS_NOT_INITIALIZED
2019-09-30 12:15:17.864491: E tensorflow/stream_executor/cuda/cuda_blas.cc:459] failed to create cublas handle: CUBLAS_STATUS_NOT_INITIALIZED
2019-09-30 12:15:17.864871: E tensorflow/stream_executor/cuda/cuda_blas.cc:459] failed to create cublas handle: CUBLAS_STATUS_NOT_INITIALIZED
2019-09-30 12:15:17.865698: E tensorflow/stream_executor/cuda/cuda_blas.cc:459] failed to create cublas handle: CUBLAS_STATUS_NOT_INITIALIZED
2019-09-30 12:15:17.866076: E tensorflow/stream_executor/cuda/cuda_blas.cc:459] failed to create cublas handle: CUBLAS_STATUS_NOT_INITIALIZED
2019-09-30 12:15:17.866468: E tensorflow/stream_executor/cuda/cuda_blas.cc:459] failed to create cublas handle: CUBLAS_STATUS_NOT_INITIALIZED
2019-09-30 12:15:17.866906: E tensorflow/stream_executor/cuda/cuda_blas.cc:459] failed to create cublas handle: CUBLAS_STATUS_NOT_INITIALIZED
2019-09-30 12:15:17.867318: E tensorflow/stream_executor/cuda/cuda_blas.cc:459] failed to create cublas handle: CUBLAS_STATUS_NOT_INITIALIZED
2019-09-30 12:15:17.867678: E tensorflow/stream_executor/cuda/cuda_blas.cc:459] failed to create cublas handle: CUBLAS_STATUS_NOT_INITIALIZED
2019-09-30 12:15:17.868033: E tensorflow/stream_executor/cuda/cuda_blas.cc:459] failed to create cublas handle: CUBLAS_STATUS_NOT_INITIALIZED
2019-09-30 12:15:17.868881: E tensorflow/stream_executor/cuda/cuda_blas.cc:459] failed to create cublas handle: CUBLAS_STATUS_NOT_INITIALIZED
2019-09-30 12:15:17.869295: E tensorflow/stream_executor/cuda/cuda_blas.cc:459] failed to create cublas handle: CUBLAS_STATUS_NOT_INITIALIZED
2019-09-30 12:15:17.869679: E tensorflow/stream_executor/cuda/cuda_blas.cc:459] failed to create cublas handle: CUBLAS_STATUS_NOT_INITIALIZED
2019-09-30 12:15:17.870102: E tensorflow/stream_executor/cuda/cuda_blas.cc:459] failed to create cublas handle: CUBLAS_STATUS_NOT_INITIALIZED
2019-09-30 12:15:17.870496: E tensorflow/stream_executor/cuda/cuda_blas.cc:459] failed to create cublas handle: CUBLAS_STATUS_NOT_INITIALIZED
2019-09-30 12:15:17.870885: E tensorflow/stream_executor/cuda/cuda_blas.cc:459] failed to create cublas handle: CUBLAS_STATUS_NOT_INITIALIZED
2019-09-30 12:15:17.871262: E tensorflow/stream_executor/cuda/cuda_blas.cc:459] failed to create cublas handle: CUBLAS_STATUS_NOT_INITIALIZED
2019-09-30 12:15:17.872087: E tensorflow/stream_executor/cuda/cuda_blas.cc:459] failed to create cublas handle: CUBLAS_STATUS_NOT_INITIALIZED
2019-09-30 12:15:17.872448: E tensorflow/stream_executor/cuda/cuda_blas.cc:459] failed to create cublas handle: CUBLAS_STATUS_NOT_INITIALIZED
2019-09-30 12:15:17.872827: E tensorflow/stream_executor/cuda/cuda_blas.cc:459] failed to create cublas handle: CUBLAS_STATUS_NOT_INITIALIZED
2019-09-30 12:15:17.873298: E tensorflow/stream_executor/cuda/cuda_blas.cc:459] failed to create cublas handle: CUBLAS_STATUS_NOT_INITIALIZED
2019-09-30 12:15:17.873713: E tensorflow/stream_executor/cuda/cuda_blas.cc:459] failed to create cublas handle: CUBLAS_STATUS_NOT_INITIALIZED
2019-09-30 12:15:17.874099: E tensorflow/stream_executor/cuda/cuda_blas.cc:459] failed to create cublas handle: CUBLAS_STATUS_NOT_INITIALIZED
2019-09-30 12:15:17.874458: E tensorflow/stream_executor/cuda/cuda_blas.cc:459] failed to create cublas handle: CUBLAS_STATUS_NOT_INITIALIZED
2019-09-30 12:15:17.875269: E tensorflow/stream_executor/cuda/cuda_blas.cc:459] failed to create cublas handle: CUBLAS_STATUS_NOT_INITIALIZED
2019-09-30 12:15:17.875656: E tensorflow/stream_executor/cuda/cuda_blas.cc:459] failed to create cublas handle: CUBLAS_STATUS_NOT_INITIALIZED
2019-09-30 12:15:17.876032: E tensorflow/stream_executor/cuda/cuda_blas.cc:459] failed to create cublas handle: CUBLAS_STATUS_NOT_INITIALIZED
2019-09-30 12:15:17.876460: E tensorflow/stream_executor/cuda/cuda_blas.cc:459] failed to create cublas handle: CUBLAS_STATUS_NOT_INITIALIZED
2019-09-30 12:15:17.876851: E tensorflow/stream_executor/cuda/cuda_blas.cc:459] failed to create cublas handle: CUBLAS_STATUS_NOT_INITIALIZED
2019-09-30 12:15:17.877208: E tensorflow/stream_executor/cuda/cuda_blas.cc:459] failed to create cublas handle: CUBLAS_STATUS_NOT_INITIALIZED
2019-09-30 12:15:17.877590: E tensorflow/stream_executor/cuda/cuda_blas.cc:459] failed to create cublas handle: CUBLAS_STATUS_NOT_INITIALIZED
2019-09-30 12:15:17.878442: E tensorflow/stream_executor/cuda/cuda_blas.cc:459] failed to create cublas handle: CUBLAS_STATUS_NOT_INITIALIZED
2019-09-30 12:15:17.878812: E tensorflow/stream_executor/cuda/cuda_blas.cc:459] failed to create cublas handle: CUBLAS_STATUS_NOT_INITIALIZED
2019-09-30 12:15:17.879171: E tensorflow/stream_executor/cuda/cuda_blas.cc:459] failed to create cublas handle: CUBLAS_STATUS_NOT_INITIALIZED
2019-09-30 12:15:17.879592: E tensorflow/stream_executor/cuda/cuda_blas.cc:459] failed to create cublas handle: CUBLAS_STATUS_NOT_INITIALIZED
2019-09-30 12:15:17.880000: E tensorflow/stream_executor/cuda/cuda_blas.cc:459] failed to create cublas handle: CUBLAS_STATUS_NOT_INITIALIZED
2019-09-30 12:15:17.880394: E tensorflow/stream_executor/cuda/cuda_blas.cc:459] failed to create cublas handle: CUBLAS_STATUS_NOT_INITIALIZED
2019-09-30 12:15:17.880771: E tensorflow/stream_executor/cuda/cuda_blas.cc:459] failed to create cublas handle: CUBLAS_STATUS_NOT_INITIALIZED
2019-09-30 12:15:17.881601: E tensorflow/stream_executor/cuda/cuda_blas.cc:459] failed to create cublas handle: CUBLAS_STATUS_NOT_INITIALIZED
2019-09-30 12:15:17.881978: E tensorflow/stream_executor/cuda/cuda_blas.cc:459] failed to create cublas handle: CUBLAS_STATUS_NOT_INITIALIZED
2019-09-30 12:15:17.882350: E tensorflow/stream_executor/cuda/cuda_blas.cc:459] failed to create cublas handle: CUBLAS_STATUS_NOT_INITIALIZED
2019-09-30 12:15:17.882785: E tensorflow/stream_executor/cuda/cuda_blas.cc:459] failed to create cublas handle: CUBLAS_STATUS_NOT_INITIALIZED
2019-09-30 12:15:17.883197: E tensorflow/stream_executor/cuda/cuda_blas.cc:459] failed to create cublas handle: CUBLAS_STATUS_NOT_INITIALIZED
2019-09-30 12:15:17.883561: E tensorflow/stream_executor/cuda/cuda_blas.cc:459] failed to create cublas handle: CUBLAS_STATUS_NOT_INITIALIZED
2019-09-30 12:15:17.883918: E tensorflow/stream_executor/cuda/cuda_blas.cc:459] failed to create cublas handle: CUBLAS_STATUS_NOT_INITIALIZED
2019-09-30 12:15:17.884744: E tensorflow/stream_executor/cuda/cuda_blas.cc:459] failed to create cublas handle: CUBLAS_STATUS_NOT_INITIALIZED
2019-09-30 12:15:17.885143: E tensorflow/stream_executor/cuda/cuda_blas.cc:459] failed to create cublas handle: CUBLAS_STATUS_NOT_INITIALIZED
2019-09-30 12:15:17.885510: E tensorflow/stream_executor/cuda/cuda_blas.cc:459] failed to create cublas handle: CUBLAS_STATUS_NOT_INITIALIZED
2019-09-30 12:15:17.885930: E tensorflow/stream_executor/cuda/cuda_blas.cc:459] failed to create cublas handle: CUBLAS_STATUS_NOT_INITIALIZED
2019-09-30 12:15:17.886319: E tensorflow/stream_executor/cuda/cuda_blas.cc:459] failed to create cublas handle: CUBLAS_STATUS_NOT_INITIALIZED
2019-09-30 12:15:17.886694: E tensorflow/stream_executor/cuda/cuda_blas.cc:459] failed to create cublas handle: CUBLAS_STATUS_NOT_INITIALIZED
2019-09-30 12:15:17.887088: E tensorflow/stream_executor/cuda/cuda_blas.cc:459] failed to create cublas handle: CUBLAS_STATUS_NOT_INITIALIZED
2019-09-30 12:15:17.887922: E tensorflow/stream_executor/cuda/cuda_blas.cc:459] failed to create cublas handle: CUBLAS_STATUS_NOT_INITIALIZED
2019-09-30 12:15:17.888296: E tensorflow/stream_executor/cuda/cuda_blas.cc:459] failed to create cublas handle: CUBLAS_STATUS_NOT_INITIALIZED
2019-09-30 12:15:17.888653: E tensorflow/stream_executor/cuda/cuda_blas.cc:459] failed to create cublas handle: CUBLAS_STATUS_NOT_INITIALIZED
2019-09-30 12:15:17.889104: E tensorflow/stream_executor/cuda/cuda_blas.cc:459] failed to create cublas handle: CUBLAS_STATUS_NOT_INITIALIZED
2019-09-30 12:15:17.889523: E tensorflow/stream_executor/cuda/cuda_blas.cc:459] failed to create cublas handle: CUBLAS_STATUS_NOT_INITIALIZED
2019-09-30 12:15:17.889886: E tensorflow/stream_executor/cuda/cuda_blas.cc:459] failed to create cublas handle: CUBLAS_STATUS_NOT_INITIALIZED
2019-09-30 12:15:17.890250: E tensorflow/stream_executor/cuda/cuda_blas.cc:459] failed to create cublas handle: CUBLAS_STATUS_NOT_INITIALIZED
2019-09-30 12:15:17.891050: E tensorflow/stream_executor/cuda/cuda_blas.cc:459] failed to create cublas handle: CUBLAS_STATUS_NOT_INITIALIZED
2019-09-30 12:15:17.891438: E tensorflow/stream_executor/cuda/cuda_blas.cc:459] failed to create cublas handle: CUBLAS_STATUS_NOT_INITIALIZED
2019-09-30 12:15:17.891816: E tensorflow/stream_executor/cuda/cuda_blas.cc:459] failed to create cublas handle: CUBLAS_STATUS_NOT_INITIALIZED
2019-09-30 12:15:17.892254: E tensorflow/stream_executor/cuda/cuda_blas.cc:459] failed to create cublas handle: CUBLAS_STATUS_NOT_INITIALIZED
2019-09-30 12:15:17.892643: E tensorflow/stream_executor/cuda/cuda_blas.cc:459] failed to create cublas handle: CUBLAS_STATUS_NOT_INITIALIZED
2019-09-30 12:15:17.893001: E tensorflow/stream_executor/cuda/cuda_blas.cc:459] failed to create cublas handle: CUBLAS_STATUS_NOT_INITIALIZED
2019-09-30 12:15:17.893405: E tensorflow/stream_executor/cuda/cuda_blas.cc:459] failed to create cublas handle: CUBLAS_STATUS_NOT_INITIALIZED
2019-09-30 12:15:17.894255: E tensorflow/stream_executor/cuda/cuda_blas.cc:459] failed to create cublas handle: CUBLAS_STATUS_NOT_INITIALIZED
2019-09-30 12:15:17.894631: E tensorflow/stream_executor/cuda/cuda_blas.cc:459] failed to create cublas handle: CUBLAS_STATUS_NOT_INITIALIZED
2019-09-30 12:15:17.894992: E tensorflow/stream_executor/cuda/cuda_blas.cc:459] failed to create cublas handle: CUBLAS_STATUS_NOT_INITIALIZED
2019-09-30 12:15:17.895412: E tensorflow/stream_executor/cuda/cuda_blas.cc:459] failed to create cublas handle: CUBLAS_STATUS_NOT_INITIALIZED
2019-09-30 12:15:17.895816: E tensorflow/stream_executor/cuda/cuda_blas.cc:459] failed to create cublas handle: CUBLAS_STATUS_NOT_INITIALIZED
2019-09-30 12:15:17.896211: E tensorflow/stream_executor/cuda/cuda_blas.cc:459] failed to create cublas handle: CUBLAS_STATUS_NOT_INITIALIZED
2019-09-30 12:15:17.896580: E tensorflow/stream_executor/cuda/cuda_blas.cc:459] failed to create cublas handle: CUBLAS_STATUS_NOT_INITIALIZED
2019-09-30 12:15:17.897440: E tensorflow/stream_executor/cuda/cuda_blas.cc:459] failed to create cublas handle: CUBLAS_STATUS_NOT_INITIALIZED
2019-09-30 12:15:17.897925: E tensorflow/stream_executor/cuda/cuda_blas.cc:459] failed to create cublas handle: CUBLAS_STATUS_NOT_INITIALIZED
2019-09-30 12:15:17.898298: E tensorflow/stream_executor/cuda/cuda_blas.cc:459] failed to create cublas handle: CUBLAS_STATUS_NOT_INITIALIZED
2019-09-30 12:15:17.898758: E tensorflow/stream_executor/cuda/cuda_blas.cc:459] failed to create cublas handle: CUBLAS_STATUS_NOT_INITIALIZED
2019-09-30 12:15:17.899157: E tensorflow/stream_executor/cuda/cuda_blas.cc:459] failed to create cublas handle: CUBLAS_STATUS_NOT_INITIALIZED
2019-09-30 12:15:17.899515: E tensorflow/stream_executor/cuda/cuda_blas.cc:459] failed to create cublas handle: CUBLAS_STATUS_NOT_INITIALIZED
2019-09-30 12:15:17.899878: E tensorflow/stream_executor/cuda/cuda_blas.cc:459] failed to create cublas handle: CUBLAS_STATUS_NOT_INITIALIZED
2019-09-30 12:15:17.900700: E tensorflow/stream_executor/cuda/cuda_blas.cc:459] failed to create cublas handle: CUBLAS_STATUS_NOT_INITIALIZED
2019-09-30 12:15:17.901107: E tensorflow/stream_executor/cuda/cuda_blas.cc:459] failed to create cublas handle: CUBLAS_STATUS_NOT_INITIALIZED
2019-09-30 12:15:17.901473: E tensorflow/stream_executor/cuda/cuda_blas.cc:459] failed to create cublas handle: CUBLAS_STATUS_NOT_INITIALIZED
2019-09-30 12:15:17.901891: E tensorflow/stream_executor/cuda/cuda_blas.cc:459] failed to create cublas handle: CUBLAS_STATUS_NOT_INITIALIZED
2019-09-30 12:15:17.902282: E tensorflow/stream_executor/cuda/cuda_blas.cc:459] failed to create cublas handle: CUBLAS_STATUS_NOT_INITIALIZED
2019-09-30 12:15:17.902651: E tensorflow/stream_executor/cuda/cuda_blas.cc:459] failed to create cublas handle: CUBLAS_STATUS_NOT_INITIALIZED
2019-09-30 12:15:17.903046: E tensorflow/stream_executor/cuda/cuda_blas.cc:459] failed to create cublas handle: CUBLAS_STATUS_NOT_INITIALIZED
2019-09-30 12:15:17.903848: E tensorflow/stream_executor/cuda/cuda_blas.cc:459] failed to create cublas handle: CUBLAS_STATUS_NOT_INITIALIZED
2019-09-30 12:15:17.904215: E tensorflow/stream_executor/cuda/cuda_blas.cc:459] failed to create cublas handle: CUBLAS_STATUS_NOT_INITIALIZED
2019-09-30 12:15:17.904577: E tensorflow/stream_executor/cuda/cuda_blas.cc:459] failed to create cublas handle: CUBLAS_STATUS_NOT_INITIALIZED
2019-09-30 12:15:17.905027: E tensorflow/stream_executor/cuda/cuda_blas.cc:459] failed to create cublas handle: CUBLAS_STATUS_NOT_INITIALIZED
2019-09-30 12:15:17.905468: E tensorflow/stream_executor/cuda/cuda_blas.cc:459] failed to create cublas handle: CUBLAS_STATUS_NOT_INITIALIZED
2019-09-30 12:15:17.905837: E tensorflow/stream_executor/cuda/cuda_blas.cc:459] failed to create cublas handle: CUBLAS_STATUS_NOT_INITIALIZED
2019-09-30 12:15:17.906195: E tensorflow/stream_executor/cuda/cuda_blas.cc:459] failed to create cublas handle: CUBLAS_STATUS_NOT_INITIALIZED
2019-09-30 12:15:17.907011: E tensorflow/stream_executor/cuda/cuda_blas.cc:459] failed to create cublas handle: CUBLAS_STATUS_NOT_INITIALIZED
2019-09-30 12:15:17.907394: E tensorflow/stream_executor/cuda/cuda_blas.cc:459] failed to create cublas handle: CUBLAS_STATUS_NOT_INITIALIZED
2019-09-30 12:15:17.907788: E tensorflow/stream_executor/cuda/cuda_blas.cc:459] failed to create cublas handle: CUBLAS_STATUS_NOT_INITIALIZED
2019-09-30 12:15:17.908216: E tensorflow/stream_executor/cuda/cuda_blas.cc:459] failed to create cublas handle: CUBLAS_STATUS_NOT_INITIALIZED
2019-09-30 12:15:17.908605: E tensorflow/stream_executor/cuda/cuda_blas.cc:459] failed to create cublas handle: CUBLAS_STATUS_NOT_INITIALIZED
2019-09-30 12:15:17.908965: E tensorflow/stream_executor/cuda/cuda_blas.cc:459] failed to create cublas handle: CUBLAS_STATUS_NOT_INITIALIZED
2019-09-30 12:15:17.909361: E tensorflow/stream_executor/cuda/cuda_blas.cc:459] failed to create cublas handle: CUBLAS_STATUS_NOT_INITIALIZED
2019-09-30 12:15:17.910196: E tensorflow/stream_executor/cuda/cuda_blas.cc:459] failed to create cublas handle: CUBLAS_STATUS_NOT_INITIALIZED
2019-09-30 12:15:17.910573: E tensorflow/stream_executor/cuda/cuda_blas.cc:459] failed to create cublas handle: CUBLAS_STATUS_NOT_INITIALIZED
2019-09-30 12:15:17.910939: E tensorflow/stream_executor/cuda/cuda_blas.cc:459] failed to create cublas handle: CUBLAS_STATUS_NOT_INITIALIZED
2019-09-30 12:15:17.911356: E tensorflow/stream_executor/cuda/cuda_blas.cc:459] failed to create cublas handle: CUBLAS_STATUS_NOT_INITIALIZED
2019-09-30 12:15:17.911762: E tensorflow/stream_executor/cuda/cuda_blas.cc:459] failed to create cublas handle: CUBLAS_STATUS_NOT_INITIALIZED
2019-09-30 12:15:17.912139: E tensorflow/stream_executor/cuda/cuda_blas.cc:459] failed to create cublas handle: CUBLAS_STATUS_NOT_INITIALIZED
2019-09-30 12:15:17.912493: E tensorflow/stream_executor/cuda/cuda_blas.cc:459] failed to create cublas handle: CUBLAS_STATUS_NOT_INITIALIZED
2019-09-30 12:15:17.913342: E tensorflow/stream_executor/cuda/cuda_blas.cc:459] failed to create cublas handle: CUBLAS_STATUS_NOT_INITIALIZED
2019-09-30 12:15:17.913709: E tensorflow/stream_executor/cuda/cuda_blas.cc:459] failed to create cublas handle: CUBLAS_STATUS_NOT_INITIALIZED
2019-09-30 12:15:17.914081: E tensorflow/stream_executor/cuda/cuda_blas.cc:459] failed to create cublas handle: CUBLAS_STATUS_NOT_INITIALIZED
2019-09-30 12:15:17.914538: E tensorflow/stream_executor/cuda/cuda_blas.cc:459] failed to create cublas handle: CUBLAS_STATUS_NOT_INITIALIZED
2019-09-30 12:15:17.914958: E tensorflow/stream_executor/cuda/cuda_blas.cc:459] failed to create cublas handle: CUBLAS_STATUS_NOT_INITIALIZED
2019-09-30 12:15:17.915320: E tensorflow/stream_executor/cuda/cuda_blas.cc:459] failed to create cublas handle: CUBLAS_STATUS_NOT_INITIALIZED
2019-09-30 12:15:17.915676: E tensorflow/stream_executor/cuda/cuda_blas.cc:459] failed to create cublas handle: CUBLAS_STATUS_NOT_INITIALIZED
2019-09-30 12:15:17.916523: E tensorflow/stream_executor/cuda/cuda_blas.cc:459] failed to create cublas handle: CUBLAS_STATUS_NOT_INITIALIZED
2019-09-30 12:15:17.916935: E tensorflow/stream_executor/cuda/cuda_blas.cc:459] failed to create cublas handle: CUBLAS_STATUS_NOT_INITIALIZED
2019-09-30 12:15:17.917309: E tensorflow/stream_executor/cuda/cuda_blas.cc:459] failed to create cublas handle: CUBLAS_STATUS_NOT_INITIALIZED
2019-09-30 12:15:17.917734: E tensorflow/stream_executor/cuda/cuda_blas.cc:459] failed to create cublas handle: CUBLAS_STATUS_NOT_INITIALIZED
2019-09-30 12:15:17.918127: E tensorflow/stream_executor/cuda/cuda_blas.cc:459] failed to create cublas handle: CUBLAS_STATUS_NOT_INITIALIZED
2019-09-30 12:15:17.918499: E tensorflow/stream_executor/cuda/cuda_blas.cc:459] failed to create cublas handle: CUBLAS_STATUS_NOT_INITIALIZED
2019-09-30 12:15:17.918889: E tensorflow/stream_executor/cuda/cuda_blas.cc:459] failed to create cublas handle: CUBLAS_STATUS_NOT_INITIALIZED
2019-09-30 12:15:17.919702: E tensorflow/stream_executor/cuda/cuda_blas.cc:459] failed to create cublas handle: CUBLAS_STATUS_NOT_INITIALIZED
2019-09-30 12:15:17.920078: E tensorflow/stream_executor/cuda/cuda_blas.cc:459] failed to create cublas handle: CUBLAS_STATUS_NOT_INITIALIZED
2019-09-30 12:15:17.920434: E tensorflow/stream_executor/cuda/cuda_blas.cc:459] failed to create cublas handle: CUBLAS_STATUS_NOT_INITIALIZED
2019-09-30 12:15:17.920890: E tensorflow/stream_executor/cuda/cuda_blas.cc:459] failed to create cublas handle: CUBLAS_STATUS_NOT_INITIALIZED
2019-09-30 12:15:17.921316: E tensorflow/stream_executor/cuda/cuda_blas.cc:459] failed to create cublas handle: CUBLAS_STATUS_NOT_INITIALIZED
2019-09-30 12:15:17.921675: E tensorflow/stream_executor/cuda/cuda_blas.cc:459] failed to create cublas handle: CUBLAS_STATUS_NOT_INITIALIZED
2019-09-30 12:15:17.922031: E tensorflow/stream_executor/cuda/cuda_blas.cc:459] failed to create cublas handle: CUBLAS_STATUS_NOT_INITIALIZED
2019-09-30 12:15:17.922841: E tensorflow/stream_executor/cuda/cuda_blas.cc:459] failed to create cublas handle: CUBLAS_STATUS_NOT_INITIALIZED
2019-09-30 12:15:17.923267: E tensorflow/stream_executor/cuda/cuda_blas.cc:459] failed to create cublas handle: CUBLAS_STATUS_NOT_INITIALIZED
2019-09-30 12:15:17.923640: E tensorflow/stream_executor/cuda/cuda_blas.cc:459] failed to create cublas handle: CUBLAS_STATUS_NOT_INITIALIZED
2019-09-30 12:15:17.924067: E tensorflow/stream_executor/cuda/cuda_blas.cc:459] failed to create cublas handle: CUBLAS_STATUS_NOT_INITIALIZED
2019-09-30 12:15:17.924457: E tensorflow/stream_executor/cuda/cuda_blas.cc:459] failed to create cublas handle: CUBLAS_STATUS_NOT_INITIALIZED
2019-09-30 12:15:17.924814: E tensorflow/stream_executor/cuda/cuda_blas.cc:459] failed to create cublas handle: CUBLAS_STATUS_NOT_INITIALIZED
2019-09-30 12:15:17.925202: E tensorflow/stream_executor/cuda/cuda_blas.cc:459] failed to create cublas handle: CUBLAS_STATUS_NOT_INITIALIZED
2019-09-30 12:15:17.926059: E tensorflow/stream_executor/cuda/cuda_blas.cc:459] failed to create cublas handle: CUBLAS_STATUS_NOT_INITIALIZED
2019-09-30 12:15:17.926435: E tensorflow/stream_executor/cuda/cuda_blas.cc:459] failed to create cublas handle: CUBLAS_STATUS_NOT_INITIALIZED
2019-09-30 12:15:17.926808: E tensorflow/stream_executor/cuda/cuda_blas.cc:459] failed to create cublas handle: CUBLAS_STATUS_NOT_INITIALIZED
2019-09-30 12:15:17.927230: E tensorflow/stream_executor/cuda/cuda_blas.cc:459] failed to create cublas handle: CUBLAS_STATUS_NOT_INITIALIZED
2019-09-30 12:15:17.927647: E tensorflow/stream_executor/cuda/cuda_blas.cc:459] failed to create cublas handle: CUBLAS_STATUS_NOT_INITIALIZED
2019-09-30 12:15:17.928021: E tensorflow/stream_executor/cuda/cuda_blas.cc:459] failed to create cublas handle: CUBLAS_STATUS_NOT_INITIALIZED
2019-09-30 12:15:17.928378: E tensorflow/stream_executor/cuda/cuda_blas.cc:459] failed to create cublas handle: CUBLAS_STATUS_NOT_INITIALIZED
2019-09-30 12:15:17.929189: E tensorflow/stream_executor/cuda/cuda_blas.cc:459] failed to create cublas handle: CUBLAS_STATUS_NOT_INITIALIZED
2019-09-30 12:15:17.929598: E tensorflow/stream_executor/cuda/cuda_blas.cc:459] failed to create cublas handle: CUBLAS_STATUS_NOT_INITIALIZED
2019-09-30 12:15:17.929956: E tensorflow/stream_executor/cuda/cuda_blas.cc:459] failed to create cublas handle: CUBLAS_STATUS_NOT_INITIALIZED
2019-09-30 12:15:17.930392: E tensorflow/stream_executor/cuda/cuda_blas.cc:459] failed to create cublas handle: CUBLAS_STATUS_NOT_INITIALIZED
2019-09-30 12:15:17.930784: E tensorflow/stream_executor/cuda/cuda_blas.cc:459] failed to create cublas handle: CUBLAS_STATUS_NOT_INITIALIZED
2019-09-30 12:15:17.931142: E tensorflow/stream_executor/cuda/cuda_blas.cc:459] failed to create cublas handle: CUBLAS_STATUS_NOT_INITIALIZED
2019-09-30 12:15:17.931499: E tensorflow/stream_executor/cuda/cuda_blas.cc:459] failed to create cublas handle: CUBLAS_STATUS_NOT_INITIALIZED
2019-09-30 12:15:17.932290: E tensorflow/stream_executor/cuda/cuda_blas.cc:459] failed to create cublas handle: CUBLAS_STATUS_NOT_INITIALIZED
2019-09-30 12:15:17.932662: E tensorflow/stream_executor/cuda/cuda_blas.cc:459] failed to create cublas handle: CUBLAS_STATUS_NOT_INITIALIZED
2019-09-30 12:15:17.933020: E tensorflow/stream_executor/cuda/cuda_blas.cc:459] failed to create cublas handle: CUBLAS_STATUS_NOT_INITIALIZED
2019-09-30 12:15:17.933452: E tensorflow/stream_executor/cuda/cuda_blas.cc:459] failed to create cublas handle: CUBLAS_STATUS_NOT_INITIALIZED
2019-09-30 12:15:17.933842: E tensorflow/stream_executor/cuda/cuda_blas.cc:459] failed to create cublas handle: CUBLAS_STATUS_NOT_INITIALIZED
2019-09-30 12:15:17.934197: E tensorflow/stream_executor/cuda/cuda_blas.cc:459] failed to create cublas handle: CUBLAS_STATUS_NOT_INITIALIZED
2019-09-30 12:15:17.934585: E tensorflow/stream_executor/cuda/cuda_blas.cc:459] failed to create cublas handle: CUBLAS_STATUS_NOT_INITIALIZED
2019-09-30 12:15:17.935389: E tensorflow/stream_executor/cuda/cuda_blas.cc:459] failed to create cublas handle: CUBLAS_STATUS_NOT_INITIALIZED
2019-09-30 12:15:17.935774: E tensorflow/stream_executor/cuda/cuda_blas.cc:459] failed to create cublas handle: CUBLAS_STATUS_NOT_INITIALIZED
2019-09-30 12:15:17.936134: E tensorflow/stream_executor/cuda/cuda_blas.cc:459] failed to create cublas handle: CUBLAS_STATUS_NOT_INITIALIZED
2019-09-30 12:15:17.936552: E tensorflow/stream_executor/cuda/cuda_blas.cc:459] failed to create cublas handle: CUBLAS_STATUS_NOT_INITIALIZED
2019-09-30 12:15:17.936977: E tensorflow/stream_executor/cuda/cuda_blas.cc:459] failed to create cublas handle: CUBLAS_STATUS_NOT_INITIALIZED
2019-09-30 12:15:17.937363: E tensorflow/stream_executor/cuda/cuda_blas.cc:459] failed to create cublas handle: CUBLAS_STATUS_NOT_INITIALIZED
2019-09-30 12:15:17.937729: E tensorflow/stream_executor/cuda/cuda_blas.cc:459] failed to create cublas handle: CUBLAS_STATUS_NOT_INITIALIZED
2019-09-30 12:15:17.938528: E tensorflow/stream_executor/cuda/cuda_blas.cc:459] failed to create cublas handle: CUBLAS_STATUS_NOT_INITIALIZED
2019-09-30 12:15:17.939039: E tensorflow/stream_executor/cuda/cuda_blas.cc:459] failed to create cublas handle: CUBLAS_STATUS_NOT_INITIALIZED
2019-09-30 12:15:17.939431: E tensorflow/stream_executor/cuda/cuda_blas.cc:459] failed to create cublas handle: CUBLAS_STATUS_NOT_INITIALIZED
2019-09-30 12:15:17.939855: E tensorflow/stream_executor/cuda/cuda_blas.cc:459] failed to create cublas handle: CUBLAS_STATUS_NOT_INITIALIZED
2019-09-30 12:15:17.940248: E tensorflow/stream_executor/cuda/cuda_blas.cc:459] failed to create cublas handle: CUBLAS_STATUS_NOT_INITIALIZED
2019-09-30 12:15:17.940606: E tensorflow/stream_executor/cuda/cuda_blas.cc:459] failed to create cublas handle: CUBLAS_STATUS_NOT_INITIALIZED
2019-09-30 12:15:17.940961: E tensorflow/stream_executor/cuda/cuda_blas.cc:459] failed to create cublas handle: CUBLAS_STATUS_NOT_INITIALIZED
2019-09-30 12:15:17.941791: E tensorflow/stream_executor/cuda/cuda_blas.cc:459] failed to create cublas handle: CUBLAS_STATUS_NOT_INITIALIZED
2019-09-30 12:15:17.942147: E tensorflow/stream_executor/cuda/cuda_blas.cc:459] failed to create cublas handle: CUBLAS_STATUS_NOT_INITIALIZED
2019-09-30 12:15:17.942500: E tensorflow/stream_executor/cuda/cuda_blas.cc:459] failed to create cublas handle: CUBLAS_STATUS_NOT_INITIALIZED
2019-09-30 12:15:17.942913: E tensorflow/stream_executor/cuda/cuda_blas.cc:459] failed to create cublas handle: CUBLAS_STATUS_NOT_INITIALIZED
2019-09-30 12:15:17.943302: E tensorflow/stream_executor/cuda/cuda_blas.cc:459] failed to create cublas handle: CUBLAS_STATUS_NOT_INITIALIZED
2019-09-30 12:15:17.943694: E tensorflow/stream_executor/cuda/cuda_blas.cc:459] failed to create cublas handle: CUBLAS_STATUS_NOT_INITIALIZED
2019-09-30 12:15:17.944100: E tensorflow/stream_executor/cuda/cuda_blas.cc:459] failed to create cublas handle: CUBLAS_STATUS_NOT_INITIALIZED
2019-09-30 12:15:17.944991: E tensorflow/stream_executor/cuda/cuda_blas.cc:459] failed to create cublas handle: CUBLAS_STATUS_NOT_INITIALIZED
2019-09-30 12:15:17.945388: E tensorflow/stream_executor/cuda/cuda_blas.cc:459] failed to create cublas handle: CUBLAS_STATUS_NOT_INITIALIZED
2019-09-30 12:15:17.945753: E tensorflow/stream_executor/cuda/cuda_blas.cc:459] failed to create cublas handle: CUBLAS_STATUS_NOT_INITIALIZED
2019-09-30 12:15:17.946192: E tensorflow/stream_executor/cuda/cuda_blas.cc:459] failed to create cublas handle: CUBLAS_STATUS_NOT_INITIALIZED
2019-09-30 12:15:17.946584: E tensorflow/stream_executor/cuda/cuda_blas.cc:459] failed to create cublas handle: CUBLAS_STATUS_NOT_INITIALIZED
2019-09-30 12:15:17.946941: E tensorflow/stream_executor/cuda/cuda_blas.cc:459] failed to create cublas handle: CUBLAS_STATUS_NOT_INITIALIZED
2019-09-30 12:15:17.947300: E tensorflow/stream_executor/cuda/cuda_blas.cc:459] failed to create cublas handle: CUBLAS_STATUS_NOT_INITIALIZED
2019-09-30 12:15:17.948106: E tensorflow/stream_executor/cuda/cuda_blas.cc:459] failed to create cublas handle: CUBLAS_STATUS_NOT_INITIALIZED
2019-09-30 12:15:17.948479: E tensorflow/stream_executor/cuda/cuda_blas.cc:459] failed to create cublas handle: CUBLAS_STATUS_NOT_INITIALIZED
2019-09-30 12:15:17.948847: E tensorflow/stream_executor/cuda/cuda_blas.cc:459] failed to create cublas handle: CUBLAS_STATUS_NOT_INITIALIZED
2019-09-30 12:15:17.949278: E tensorflow/stream_executor/cuda/cuda_blas.cc:459] failed to create cublas handle: CUBLAS_STATUS_NOT_INITIALIZED
2019-09-30 12:15:17.949669: E tensorflow/stream_executor/cuda/cuda_blas.cc:459] failed to create cublas handle: CUBLAS_STATUS_NOT_INITIALIZED
2019-09-30 12:15:17.950032: E tensorflow/stream_executor/cuda/cuda_blas.cc:459] failed to create cublas handle: CUBLAS_STATUS_NOT_INITIALIZED
2019-09-30 12:15:17.950422: E tensorflow/stream_executor/cuda/cuda_blas.cc:459] failed to create cublas handle: CUBLAS_STATUS_NOT_INITIALIZED
2019-09-30 12:15:17.951225: E tensorflow/stream_executor/cuda/cuda_blas.cc:459] failed to create cublas handle: CUBLAS_STATUS_NOT_INITIALIZED
2019-09-30 12:15:17.951584: E tensorflow/stream_executor/cuda/cuda_blas.cc:459] failed to create cublas handle: CUBLAS_STATUS_NOT_INITIALIZED
2019-09-30 12:15:17.951930: E tensorflow/stream_executor/cuda/cuda_blas.cc:459] failed to create cublas handle: CUBLAS_STATUS_NOT_INITIALIZED
2019-09-30 12:15:17.952337: E tensorflow/stream_executor/cuda/cuda_blas.cc:459] failed to create cublas handle: CUBLAS_STATUS_NOT_INITIALIZED
2019-09-30 12:15:17.952759: E tensorflow/stream_executor/cuda/cuda_blas.cc:459] failed to create cublas handle: CUBLAS_STATUS_NOT_INITIALIZED
2019-09-30 12:15:17.953115: E tensorflow/stream_executor/cuda/cuda_blas.cc:459] failed to create cublas handle: CUBLAS_STATUS_NOT_INITIALIZED
2019-09-30 12:15:17.953477: E tensorflow/stream_executor/cuda/cuda_blas.cc:459] failed to create cublas handle: CUBLAS_STATUS_NOT_INITIALIZED
2019-09-30 12:15:17.954291: E tensorflow/stream_executor/cuda/cuda_blas.cc:459] failed to create cublas handle: CUBLAS_STATUS_NOT_INITIALIZED
2019-09-30 12:15:17.954666: E tensorflow/stream_executor/cuda/cuda_blas.cc:459] failed to create cublas handle: CUBLAS_STATUS_NOT_INITIALIZED
2019-09-30 12:15:17.955036: E tensorflow/stream_executor/cuda/cuda_blas.cc:459] failed to create cublas handle: CUBLAS_STATUS_NOT_INITIALIZED
2019-09-30 12:15:17.955456: E tensorflow/stream_executor/cuda/cuda_blas.cc:459] failed to create cublas handle: CUBLAS_STATUS_NOT_INITIALIZED
2019-09-30 12:15:17.955844: E tensorflow/stream_executor/cuda/cuda_blas.cc:459] failed to create cublas handle: CUBLAS_STATUS_NOT_INITIALIZED
2019-09-30 12:15:17.956201: E tensorflow/stream_executor/cuda/cuda_blas.cc:459] failed to create cublas handle: CUBLAS_STATUS_NOT_INITIALIZED
2019-09-30 12:15:17.956554: E tensorflow/stream_executor/cuda/cuda_blas.cc:459] failed to create cublas handle: CUBLAS_STATUS_NOT_INITIALIZED
2019-09-30 12:15:17.957377: E tensorflow/stream_executor/cuda/cuda_blas.cc:459] failed to create cublas handle: CUBLAS_STATUS_NOT_INITIALIZED
2019-09-30 12:15:17.957732: E tensorflow/stream_executor/cuda/cuda_blas.cc:459] failed to create cublas handle: CUBLAS_STATUS_NOT_INITIALIZED
2019-09-30 12:15:17.958086: E tensorflow/stream_executor/cuda/cuda_blas.cc:459] failed to create cublas handle: CUBLAS_STATUS_NOT_INITIALIZED
2019-09-30 12:15:17.958500: E tensorflow/stream_executor/cuda/cuda_blas.cc:459] failed to create cublas handle: CUBLAS_STATUS_NOT_INITIALIZED
2019-09-30 12:15:17.958887: E tensorflow/stream_executor/cuda/cuda_blas.cc:459] failed to create cublas handle: CUBLAS_STATUS_NOT_INITIALIZED
2019-09-30 12:15:17.959248: E tensorflow/stream_executor/cuda/cuda_blas.cc:459] failed to create cublas handle: CUBLAS_STATUS_NOT_INITIALIZED
2019-09-30 12:15:17.959600: E tensorflow/stream_executor/cuda/cuda_blas.cc:459] failed to create cublas handle: CUBLAS_STATUS_NOT_INITIALIZED
2019-09-30 12:15:17.960404: E tensorflow/stream_executor/cuda/cuda_blas.cc:459] failed to create cublas handle: CUBLAS_STATUS_NOT_INITIALIZED
2019-09-30 12:15:17.960777: E tensorflow/stream_executor/cuda/cuda_blas.cc:459] failed to create cublas handle: CUBLAS_STATUS_NOT_INITIALIZED
2019-09-30 12:15:17.961131: E tensorflow/stream_executor/cuda/cuda_blas.cc:459] failed to create cublas handle: CUBLAS_STATUS_NOT_INITIALIZED
2019-09-30 12:15:17.961572: E tensorflow/stream_executor/cuda/cuda_blas.cc:459] failed to create cublas handle: CUBLAS_STATUS_NOT_INITIALIZED
2019-09-30 12:15:17.961962: E tensorflow/stream_executor/cuda/cuda_blas.cc:459] failed to create cublas handle: CUBLAS_STATUS_NOT_INITIALIZED
2019-09-30 12:15:17.962316: E tensorflow/stream_executor/cuda/cuda_blas.cc:459] failed to create cublas handle: CUBLAS_STATUS_NOT_INITIALIZED
2019-09-30 12:15:17.962668: E tensorflow/stream_executor/cuda/cuda_blas.cc:459] failed to create cublas handle: CUBLAS_STATUS_NOT_INITIALIZED
2019-09-30 12:15:17.963465: E tensorflow/stream_executor/cuda/cuda_blas.cc:459] failed to create cublas handle: CUBLAS_STATUS_NOT_INITIALIZED
2019-09-30 12:15:17.964061: E tensorflow/stream_executor/cuda/cuda_blas.cc:459] failed to create cublas handle: CUBLAS_STATUS_NOT_INITIALIZED
2019-09-30 12:15:17.964420: E tensorflow/stream_executor/cuda/cuda_blas.cc:459] failed to create cublas handle: CUBLAS_STATUS_NOT_INITIALIZED
2019-09-30 12:15:17.964777: E tensorflow/stream_executor/cuda/cuda_blas.cc:459] failed to create cublas handle: CUBLAS_STATUS_NOT_INITIALIZED
2019-09-30 12:15:17.965498: E tensorflow/stream_executor/cuda/cuda_blas.cc:459] failed to create cublas handle: CUBLAS_STATUS_NOT_INITIALIZED
2019-09-30 12:15:17.973456: E tensorflow/stream_executor/cuda/cuda_blas.cc:459] failed to create cublas handle: CUBLAS_STATUS_NOT_INITIALIZED
2019-09-30 12:15:17.973559: W tensorflow/stream_executor/stream.cc:2010] attempting to perform BLAS operation using StreamExecutor without BLAS support
Traceback (most recent call last):
  File "/clusterFS/home/student/kopp13/miniconda3/envs/tensorflow/lib/python3.5/site-packages/tensorflow/python/client/session.py", line 1278, in _do_call
    return fn(*args)
  File "/clusterFS/home/student/kopp13/miniconda3/envs/tensorflow/lib/python3.5/site-packages/tensorflow/python/client/session.py", line 1263, in _run_fn
    options, feed_dict, fetch_list, target_list, run_metadata)
  File "/clusterFS/home/student/kopp13/miniconda3/envs/tensorflow/lib/python3.5/site-packages/tensorflow/python/client/session.py", line 1350, in _call_tf_sessionrun
    run_metadata)
tensorflow.python.framework.errors_impl.InternalError: Blas GEMM launch failed : a.shape=(1000, 52), b.shape=(52, 30), m=1000, n=30, k=52
	 [[Node: tr_s/MatMul_2 = MatMul[T=DT_FLOAT, transpose_a=false, transpose_b=false, _device="/job:localhost/replica:0/task:0/device:GPU:0"](tr_s/concat, lstm_0/wo/read)]]
	 [[Node: tr_s/Mean_1/_77 = _Recv[client_terminated=false, recv_device="/job:localhost/replica:0/task:0/device:CPU:0", send_device="/job:localhost/replica:0/task:0/device:GPU:0", send_device_incarnation=1, tensor_name="edge_17265_tr_s/Mean_1", tensor_type=DT_FLOAT, _device="/job:localhost/replica:0/task:0/device:CPU:0"]()]]

During handling of the above exception, another exception occurred:

Traceback (most recent call last):
  File "../exps/si_test.py", line 163, in <module>
    result_dicts.append(experiment.train(rnn_config, labelled_data_config, training_config, pretrain_config, info_config, run))
  File "../src/experiment.py", line 127, in train
    self.rnn.t_metrics.retrieve_results(sess, current_epoch, tau)
  File "../src/data/t_metrics.py", line 102, in retrieve_results
    self.retrieve_s_results(sess, 'tr_s', is_pretrain, True)
  File "../src/data/t_metrics.py", line 142, in retrieve_s_results
    feed_dict={self.l_data.batch_idx: minibatch_idx, self.is_training: is_training})
  File "/clusterFS/home/student/kopp13/miniconda3/envs/tensorflow/lib/python3.5/site-packages/tensorflow/python/client/session.py", line 877, in run
    run_metadata_ptr)
  File "/clusterFS/home/student/kopp13/miniconda3/envs/tensorflow/lib/python3.5/site-packages/tensorflow/python/client/session.py", line 1100, in _run
    feed_dict_tensor, options, run_metadata)
  File "/clusterFS/home/student/kopp13/miniconda3/envs/tensorflow/lib/python3.5/site-packages/tensorflow/python/client/session.py", line 1272, in _do_run
    run_metadata)
  File "/clusterFS/home/student/kopp13/miniconda3/envs/tensorflow/lib/python3.5/site-packages/tensorflow/python/client/session.py", line 1291, in _do_call
    raise type(e)(node_def, op, message)
tensorflow.python.framework.errors_impl.InternalError: Blas GEMM launch failed : a.shape=(1000, 52), b.shape=(52, 30), m=1000, n=30, k=52
	 [[Node: tr_s/MatMul_2 = MatMul[T=DT_FLOAT, transpose_a=false, transpose_b=false, _device="/job:localhost/replica:0/task:0/device:GPU:0"](tr_s/concat, lstm_0/wo/read)]]
	 [[Node: tr_s/Mean_1/_77 = _Recv[client_terminated=false, recv_device="/job:localhost/replica:0/task:0/device:CPU:0", send_device="/job:localhost/replica:0/task:0/device:GPU:0", send_device_incarnation=1, tensor_name="edge_17265_tr_s/Mean_1", tensor_type=DT_FLOAT, _device="/job:localhost/replica:0/task:0/device:CPU:0"]()]]

Caused by op 'tr_s/MatMul_2', defined at:
  File "../exps/si_test.py", line 163, in <module>
    result_dicts.append(experiment.train(rnn_config, labelled_data_config, training_config, pretrain_config, info_config, run))
  File "../src/experiment.py", line 84, in train
    self.create_rnn(l_data, l_data_config)
  File "../src/experiment.py", line 27, in create_rnn
    self.rnn = RNN(l_data)
  File "../src/rnn.py", line 64, in __init__
    self.create_s_evaluation_graph(data_key)
  File "../src/rnn.py", line 301, in create_s_evaluation_graph
    self.create_rnn_graph(data_key, None, bayesian=False)
  File "../src/rnn.py", line 106, in create_rnn_graph
    m = layer.create_var_fp(m, time_idx)
  File "../src/lstm_layer.py", line 188, in create_var_fp
    o_act = tf.matmul(x, self.weights.var_dict['wo']) + self.weights.var_dict['bo']
  File "/clusterFS/home/student/kopp13/miniconda3/envs/tensorflow/lib/python3.5/site-packages/tensorflow/python/ops/math_ops.py", line 2018, in matmul
    a, b, transpose_a=transpose_a, transpose_b=transpose_b, name=name)
  File "/clusterFS/home/student/kopp13/miniconda3/envs/tensorflow/lib/python3.5/site-packages/tensorflow/python/ops/gen_math_ops.py", line 4456, in mat_mul
    name=name)
  File "/clusterFS/home/student/kopp13/miniconda3/envs/tensorflow/lib/python3.5/site-packages/tensorflow/python/framework/op_def_library.py", line 787, in _apply_op_helper
    op_def=op_def)
  File "/clusterFS/home/student/kopp13/miniconda3/envs/tensorflow/lib/python3.5/site-packages/tensorflow/python/util/deprecation.py", line 454, in new_func
    return func(*args, **kwargs)
  File "/clusterFS/home/student/kopp13/miniconda3/envs/tensorflow/lib/python3.5/site-packages/tensorflow/python/framework/ops.py", line 3155, in create_op
    op_def=op_def)
  File "/clusterFS/home/student/kopp13/miniconda3/envs/tensorflow/lib/python3.5/site-packages/tensorflow/python/framework/ops.py", line 1717, in __init__
    self._traceback = tf_stack.extract_stack()

InternalError (see above for traceback): Blas GEMM launch failed : a.shape=(1000, 52), b.shape=(52, 30), m=1000, n=30, k=52
	 [[Node: tr_s/MatMul_2 = MatMul[T=DT_FLOAT, transpose_a=false, transpose_b=false, _device="/job:localhost/replica:0/task:0/device:GPU:0"](tr_s/concat, lstm_0/wo/read)]]
	 [[Node: tr_s/Mean_1/_77 = _Recv[client_terminated=false, recv_device="/job:localhost/replica:0/task:0/device:CPU:0", send_device="/job:localhost/replica:0/task:0/device:GPU:0", send_device_incarnation=1, tensor_name="edge_17265_tr_s/Mean_1", tensor_type=DT_FLOAT, _device="/job:localhost/replica:0/task:0/device:CPU:0"]()]]

