2020-02-28 14:32:08.023907: I tensorflow/core/platform/cpu_feature_guard.cc:141] Your CPU supports instructions that this TensorFlow binary was not compiled to use: SSE4.1 SSE4.2 AVX AVX2 FMA
2020-02-28 14:32:08.165286: I tensorflow/core/common_runtime/gpu/gpu_device.cc:1405] Found device 0 with properties: 
name: GeForce GTX 1060 6GB major: 6 minor: 1 memoryClockRate(GHz): 1.759
pciBusID: 0000:03:00.0
totalMemory: 5.94GiB freeMemory: 5.86GiB
2020-02-28 14:32:08.165433: I tensorflow/core/common_runtime/gpu/gpu_device.cc:1484] Adding visible gpu devices: 0
2020-02-28 14:32:15.223601: I tensorflow/core/common_runtime/gpu/gpu_device.cc:965] Device interconnect StreamExecutor with strength 1 edge matrix:
2020-02-28 14:32:15.223777: I tensorflow/core/common_runtime/gpu/gpu_device.cc:971]      0 
2020-02-28 14:32:15.223885: I tensorflow/core/common_runtime/gpu/gpu_device.cc:984] 0:   N 
2020-02-28 14:32:15.225204: I tensorflow/core/common_runtime/gpu/gpu_device.cc:1097] Created TensorFlow device (/job:localhost/replica:0/task:0/device:GPU:0 with 5641 MB memory) -> physical GPU (device: 0, name: GeForce GTX 1060 6GB, pci bus id: 0000:03:00.0, compute capability: 6.1)
2020-02-28 14:52:52.250236: I tensorflow/core/common_runtime/gpu/gpu_device.cc:1484] Adding visible gpu devices: 0
2020-02-28 14:52:52.250675: I tensorflow/core/common_runtime/gpu/gpu_device.cc:965] Device interconnect StreamExecutor with strength 1 edge matrix:
2020-02-28 14:52:52.250752: I tensorflow/core/common_runtime/gpu/gpu_device.cc:971]      0 
2020-02-28 14:52:52.250811: I tensorflow/core/common_runtime/gpu/gpu_device.cc:984] 0:   N 
2020-02-28 14:52:52.250919: I tensorflow/core/common_runtime/gpu/gpu_device.cc:1097] Created TensorFlow device (/job:localhost/replica:0/task:0/device:GPU:0 with 5641 MB memory) -> physical GPU (device: 0, name: GeForce GTX 1060 6GB, pci bus id: 0000:03:00.0, compute capability: 6.1)
2020-02-28 15:13:23.430977: I tensorflow/core/common_runtime/gpu/gpu_device.cc:1484] Adding visible gpu devices: 0
2020-02-28 15:13:23.433359: I tensorflow/core/common_runtime/gpu/gpu_device.cc:965] Device interconnect StreamExecutor with strength 1 edge matrix:
2020-02-28 15:13:23.433424: I tensorflow/core/common_runtime/gpu/gpu_device.cc:971]      0 
2020-02-28 15:13:23.433460: I tensorflow/core/common_runtime/gpu/gpu_device.cc:984] 0:   N 
2020-02-28 15:13:23.433574: I tensorflow/core/common_runtime/gpu/gpu_device.cc:1097] Created TensorFlow device (/job:localhost/replica:0/task:0/device:GPU:0 with 5641 MB memory) -> physical GPU (device: 0, name: GeForce GTX 1060 6GB, pci bus id: 0000:03:00.0, compute capability: 6.1)
2020-02-28 15:33:57.037274: I tensorflow/core/common_runtime/gpu/gpu_device.cc:1484] Adding visible gpu devices: 0
2020-02-28 15:33:57.037692: I tensorflow/core/common_runtime/gpu/gpu_device.cc:965] Device interconnect StreamExecutor with strength 1 edge matrix:
2020-02-28 15:33:57.037809: I tensorflow/core/common_runtime/gpu/gpu_device.cc:971]      0 
2020-02-28 15:33:57.037904: I tensorflow/core/common_runtime/gpu/gpu_device.cc:984] 0:   N 
2020-02-28 15:33:57.038041: I tensorflow/core/common_runtime/gpu/gpu_device.cc:1097] Created TensorFlow device (/job:localhost/replica:0/task:0/device:GPU:0 with 5641 MB memory) -> physical GPU (device: 0, name: GeForce GTX 1060 6GB, pci bus id: 0000:03:00.0, compute capability: 6.1)
2020-02-28 15:54:29.589004: I tensorflow/core/common_runtime/gpu/gpu_device.cc:1484] Adding visible gpu devices: 0
2020-02-28 15:54:29.589439: I tensorflow/core/common_runtime/gpu/gpu_device.cc:965] Device interconnect StreamExecutor with strength 1 edge matrix:
2020-02-28 15:54:29.589526: I tensorflow/core/common_runtime/gpu/gpu_device.cc:971]      0 
2020-02-28 15:54:29.589588: I tensorflow/core/common_runtime/gpu/gpu_device.cc:984] 0:   N 
2020-02-28 15:54:29.589708: I tensorflow/core/common_runtime/gpu/gpu_device.cc:1097] Created TensorFlow device (/job:localhost/replica:0/task:0/device:GPU:0 with 5641 MB memory) -> physical GPU (device: 0, name: GeForce GTX 1060 6GB, pci bus id: 0000:03:00.0, compute capability: 6.1)
2020-02-28 16:15:03.961348: I tensorflow/core/common_runtime/gpu/gpu_device.cc:1484] Adding visible gpu devices: 0
2020-02-28 16:15:03.961733: I tensorflow/core/common_runtime/gpu/gpu_device.cc:965] Device interconnect StreamExecutor with strength 1 edge matrix:
2020-02-28 16:15:03.961793: I tensorflow/core/common_runtime/gpu/gpu_device.cc:971]      0 
2020-02-28 16:15:03.961841: I tensorflow/core/common_runtime/gpu/gpu_device.cc:984] 0:   N 
2020-02-28 16:15:03.961933: I tensorflow/core/common_runtime/gpu/gpu_device.cc:1097] Created TensorFlow device (/job:localhost/replica:0/task:0/device:GPU:0 with 5641 MB memory) -> physical GPU (device: 0, name: GeForce GTX 1060 6GB, pci bus id: 0000:03:00.0, compute capability: 6.1)
