2020-03-09 19:01:52.843763: I tensorflow/core/platform/cpu_feature_guard.cc:141] Your CPU supports instructions that this TensorFlow binary was not compiled to use: SSE4.1 SSE4.2 AVX AVX2 FMA
2020-03-09 19:01:52.989517: I tensorflow/core/common_runtime/gpu/gpu_device.cc:1405] Found device 0 with properties: 
name: GeForce RTX 2080 Ti major: 7 minor: 5 memoryClockRate(GHz): 1.545
pciBusID: 0000:0b:00.0
totalMemory: 10.76GiB freeMemory: 10.60GiB
2020-03-09 19:01:52.989787: I tensorflow/core/common_runtime/gpu/gpu_device.cc:1484] Adding visible gpu devices: 0
2020-03-09 19:02:03.188837: I tensorflow/core/common_runtime/gpu/gpu_device.cc:965] Device interconnect StreamExecutor with strength 1 edge matrix:
2020-03-09 19:02:03.189019: I tensorflow/core/common_runtime/gpu/gpu_device.cc:971]      0 
2020-03-09 19:02:03.189068: I tensorflow/core/common_runtime/gpu/gpu_device.cc:984] 0:   N 
2020-03-09 19:02:03.190260: I tensorflow/core/common_runtime/gpu/gpu_device.cc:1097] Created TensorFlow device (/job:localhost/replica:0/task:0/device:GPU:0 with 10230 MB memory) -> physical GPU (device: 0, name: GeForce RTX 2080 Ti, pci bus id: 0000:0b:00.0, compute capability: 7.5)
2020-03-09 19:02:34.277174: I tensorflow/core/common_runtime/gpu/gpu_device.cc:1484] Adding visible gpu devices: 0
2020-03-09 19:02:34.277517: I tensorflow/core/common_runtime/gpu/gpu_device.cc:965] Device interconnect StreamExecutor with strength 1 edge matrix:
2020-03-09 19:02:34.277557: I tensorflow/core/common_runtime/gpu/gpu_device.cc:971]      0 
2020-03-09 19:02:34.277624: I tensorflow/core/common_runtime/gpu/gpu_device.cc:984] 0:   N 
2020-03-09 19:02:34.277725: I tensorflow/core/common_runtime/gpu/gpu_device.cc:1097] Created TensorFlow device (/job:localhost/replica:0/task:0/device:GPU:0 with 10230 MB memory) -> physical GPU (device: 0, name: GeForce RTX 2080 Ti, pci bus id: 0000:0b:00.0, compute capability: 7.5)
2020-03-09 19:03:02.415721: I tensorflow/core/common_runtime/gpu/gpu_device.cc:1484] Adding visible gpu devices: 0
2020-03-09 19:03:02.415868: I tensorflow/core/common_runtime/gpu/gpu_device.cc:965] Device interconnect StreamExecutor with strength 1 edge matrix:
2020-03-09 19:03:02.415948: I tensorflow/core/common_runtime/gpu/gpu_device.cc:971]      0 
2020-03-09 19:03:02.416053: I tensorflow/core/common_runtime/gpu/gpu_device.cc:984] 0:   N 
2020-03-09 19:03:02.416331: I tensorflow/core/common_runtime/gpu/gpu_device.cc:1097] Created TensorFlow device (/job:localhost/replica:0/task:0/device:GPU:0 with 10230 MB memory) -> physical GPU (device: 0, name: GeForce RTX 2080 Ti, pci bus id: 0000:0b:00.0, compute capability: 7.5)
2020-03-09 19:04:21.824538: I tensorflow/core/common_runtime/gpu/gpu_device.cc:1484] Adding visible gpu devices: 0
2020-03-09 19:04:21.825247: I tensorflow/core/common_runtime/gpu/gpu_device.cc:965] Device interconnect StreamExecutor with strength 1 edge matrix:
2020-03-09 19:04:21.825287: I tensorflow/core/common_runtime/gpu/gpu_device.cc:971]      0 
2020-03-09 19:04:21.825318: I tensorflow/core/common_runtime/gpu/gpu_device.cc:984] 0:   N 
2020-03-09 19:04:21.825420: I tensorflow/core/common_runtime/gpu/gpu_device.cc:1097] Created TensorFlow device (/job:localhost/replica:0/task:0/device:GPU:0 with 10230 MB memory) -> physical GPU (device: 0, name: GeForce RTX 2080 Ti, pci bus id: 0000:0b:00.0, compute capability: 7.5)
2020-03-09 19:12:51.684274: I tensorflow/core/common_runtime/gpu/gpu_device.cc:1484] Adding visible gpu devices: 0
2020-03-09 19:12:51.684797: I tensorflow/core/common_runtime/gpu/gpu_device.cc:965] Device interconnect StreamExecutor with strength 1 edge matrix:
2020-03-09 19:12:51.684837: I tensorflow/core/common_runtime/gpu/gpu_device.cc:971]      0 
2020-03-09 19:12:51.684905: I tensorflow/core/common_runtime/gpu/gpu_device.cc:984] 0:   N 
2020-03-09 19:12:51.685003: I tensorflow/core/common_runtime/gpu/gpu_device.cc:1097] Created TensorFlow device (/job:localhost/replica:0/task:0/device:GPU:0 with 10230 MB memory) -> physical GPU (device: 0, name: GeForce RTX 2080 Ti, pci bus id: 0000:0b:00.0, compute capability: 7.5)
2020-03-09 19:13:20.822941: I tensorflow/core/common_runtime/gpu/gpu_device.cc:1484] Adding visible gpu devices: 0
2020-03-09 19:13:20.823237: I tensorflow/core/common_runtime/gpu/gpu_device.cc:965] Device interconnect StreamExecutor with strength 1 edge matrix:
2020-03-09 19:13:20.823285: I tensorflow/core/common_runtime/gpu/gpu_device.cc:971]      0 
2020-03-09 19:13:20.823350: I tensorflow/core/common_runtime/gpu/gpu_device.cc:984] 0:   N 
2020-03-09 19:13:20.823460: I tensorflow/core/common_runtime/gpu/gpu_device.cc:1097] Created TensorFlow device (/job:localhost/replica:0/task:0/device:GPU:0 with 10230 MB memory) -> physical GPU (device: 0, name: GeForce RTX 2080 Ti, pci bus id: 0000:0b:00.0, compute capability: 7.5)
2020-03-09 19:13:49.334401: I tensorflow/core/common_runtime/gpu/gpu_device.cc:1484] Adding visible gpu devices: 0
2020-03-09 19:13:49.334950: I tensorflow/core/common_runtime/gpu/gpu_device.cc:965] Device interconnect StreamExecutor with strength 1 edge matrix:
2020-03-09 19:13:49.335035: I tensorflow/core/common_runtime/gpu/gpu_device.cc:971]      0 
2020-03-09 19:13:49.335088: I tensorflow/core/common_runtime/gpu/gpu_device.cc:984] 0:   N 
2020-03-09 19:13:49.335222: I tensorflow/core/common_runtime/gpu/gpu_device.cc:1097] Created TensorFlow device (/job:localhost/replica:0/task:0/device:GPU:0 with 10230 MB memory) -> physical GPU (device: 0, name: GeForce RTX 2080 Ti, pci bus id: 0000:0b:00.0, compute capability: 7.5)
2020-03-09 19:15:10.410589: I tensorflow/core/common_runtime/gpu/gpu_device.cc:1484] Adding visible gpu devices: 0
2020-03-09 19:15:10.411091: I tensorflow/core/common_runtime/gpu/gpu_device.cc:965] Device interconnect StreamExecutor with strength 1 edge matrix:
2020-03-09 19:15:10.411163: I tensorflow/core/common_runtime/gpu/gpu_device.cc:971]      0 
2020-03-09 19:15:10.411223: I tensorflow/core/common_runtime/gpu/gpu_device.cc:984] 0:   N 
2020-03-09 19:15:10.411321: I tensorflow/core/common_runtime/gpu/gpu_device.cc:1097] Created TensorFlow device (/job:localhost/replica:0/task:0/device:GPU:0 with 10230 MB memory) -> physical GPU (device: 0, name: GeForce RTX 2080 Ti, pci bus id: 0000:0b:00.0, compute capability: 7.5)
2020-03-09 19:23:45.264212: I tensorflow/core/common_runtime/gpu/gpu_device.cc:1484] Adding visible gpu devices: 0
2020-03-09 19:23:45.264803: I tensorflow/core/common_runtime/gpu/gpu_device.cc:965] Device interconnect StreamExecutor with strength 1 edge matrix:
2020-03-09 19:23:45.264851: I tensorflow/core/common_runtime/gpu/gpu_device.cc:971]      0 
2020-03-09 19:23:45.264912: I tensorflow/core/common_runtime/gpu/gpu_device.cc:984] 0:   N 
2020-03-09 19:23:45.265016: I tensorflow/core/common_runtime/gpu/gpu_device.cc:1097] Created TensorFlow device (/job:localhost/replica:0/task:0/device:GPU:0 with 10230 MB memory) -> physical GPU (device: 0, name: GeForce RTX 2080 Ti, pci bus id: 0000:0b:00.0, compute capability: 7.5)
2020-03-09 19:24:14.511747: I tensorflow/core/common_runtime/gpu/gpu_device.cc:1484] Adding visible gpu devices: 0
2020-03-09 19:24:14.512048: I tensorflow/core/common_runtime/gpu/gpu_device.cc:965] Device interconnect StreamExecutor with strength 1 edge matrix:
2020-03-09 19:24:14.512095: I tensorflow/core/common_runtime/gpu/gpu_device.cc:971]      0 
2020-03-09 19:24:14.512127: I tensorflow/core/common_runtime/gpu/gpu_device.cc:984] 0:   N 
2020-03-09 19:24:14.512225: I tensorflow/core/common_runtime/gpu/gpu_device.cc:1097] Created TensorFlow device (/job:localhost/replica:0/task:0/device:GPU:0 with 10230 MB memory) -> physical GPU (device: 0, name: GeForce RTX 2080 Ti, pci bus id: 0000:0b:00.0, compute capability: 7.5)
2020-03-09 19:24:41.908232: I tensorflow/core/common_runtime/gpu/gpu_device.cc:1484] Adding visible gpu devices: 0
2020-03-09 19:24:41.908785: I tensorflow/core/common_runtime/gpu/gpu_device.cc:965] Device interconnect StreamExecutor with strength 1 edge matrix:
2020-03-09 19:24:41.908828: I tensorflow/core/common_runtime/gpu/gpu_device.cc:971]      0 
2020-03-09 19:24:41.908873: I tensorflow/core/common_runtime/gpu/gpu_device.cc:984] 0:   N 
2020-03-09 19:24:41.908968: I tensorflow/core/common_runtime/gpu/gpu_device.cc:1097] Created TensorFlow device (/job:localhost/replica:0/task:0/device:GPU:0 with 10230 MB memory) -> physical GPU (device: 0, name: GeForce RTX 2080 Ti, pci bus id: 0000:0b:00.0, compute capability: 7.5)
2020-03-09 19:26:02.200382: I tensorflow/core/common_runtime/gpu/gpu_device.cc:1484] Adding visible gpu devices: 0
2020-03-09 19:26:02.200839: I tensorflow/core/common_runtime/gpu/gpu_device.cc:965] Device interconnect StreamExecutor with strength 1 edge matrix:
2020-03-09 19:26:02.200884: I tensorflow/core/common_runtime/gpu/gpu_device.cc:971]      0 
2020-03-09 19:26:02.200927: I tensorflow/core/common_runtime/gpu/gpu_device.cc:984] 0:   N 
2020-03-09 19:26:02.201868: I tensorflow/core/common_runtime/gpu/gpu_device.cc:1097] Created TensorFlow device (/job:localhost/replica:0/task:0/device:GPU:0 with 10230 MB memory) -> physical GPU (device: 0, name: GeForce RTX 2080 Ti, pci bus id: 0000:0b:00.0, compute capability: 7.5)
2020-03-09 19:34:33.541287: I tensorflow/core/common_runtime/gpu/gpu_device.cc:1484] Adding visible gpu devices: 0
2020-03-09 19:34:33.543071: I tensorflow/core/common_runtime/gpu/gpu_device.cc:965] Device interconnect StreamExecutor with strength 1 edge matrix:
2020-03-09 19:34:33.543125: I tensorflow/core/common_runtime/gpu/gpu_device.cc:971]      0 
2020-03-09 19:34:33.543166: I tensorflow/core/common_runtime/gpu/gpu_device.cc:984] 0:   N 
2020-03-09 19:34:33.555250: I tensorflow/core/common_runtime/gpu/gpu_device.cc:1097] Created TensorFlow device (/job:localhost/replica:0/task:0/device:GPU:0 with 10230 MB memory) -> physical GPU (device: 0, name: GeForce RTX 2080 Ti, pci bus id: 0000:0b:00.0, compute capability: 7.5)
2020-03-09 19:35:03.081399: I tensorflow/core/common_runtime/gpu/gpu_device.cc:1484] Adding visible gpu devices: 0
2020-03-09 19:35:03.081564: I tensorflow/core/common_runtime/gpu/gpu_device.cc:965] Device interconnect StreamExecutor with strength 1 edge matrix:
2020-03-09 19:35:03.081643: I tensorflow/core/common_runtime/gpu/gpu_device.cc:971]      0 
2020-03-09 19:35:03.081706: I tensorflow/core/common_runtime/gpu/gpu_device.cc:984] 0:   N 
2020-03-09 19:35:03.081851: I tensorflow/core/common_runtime/gpu/gpu_device.cc:1097] Created TensorFlow device (/job:localhost/replica:0/task:0/device:GPU:0 with 10230 MB memory) -> physical GPU (device: 0, name: GeForce RTX 2080 Ti, pci bus id: 0000:0b:00.0, compute capability: 7.5)
2020-03-09 19:35:31.578072: I tensorflow/core/common_runtime/gpu/gpu_device.cc:1484] Adding visible gpu devices: 0
2020-03-09 19:35:31.578572: I tensorflow/core/common_runtime/gpu/gpu_device.cc:965] Device interconnect StreamExecutor with strength 1 edge matrix:
2020-03-09 19:35:31.578622: I tensorflow/core/common_runtime/gpu/gpu_device.cc:971]      0 
2020-03-09 19:35:31.578689: I tensorflow/core/common_runtime/gpu/gpu_device.cc:984] 0:   N 
2020-03-09 19:35:31.593503: I tensorflow/core/common_runtime/gpu/gpu_device.cc:1097] Created TensorFlow device (/job:localhost/replica:0/task:0/device:GPU:0 with 10230 MB memory) -> physical GPU (device: 0, name: GeForce RTX 2080 Ti, pci bus id: 0000:0b:00.0, compute capability: 7.5)
2020-03-09 19:36:53.069685: I tensorflow/core/common_runtime/gpu/gpu_device.cc:1484] Adding visible gpu devices: 0
2020-03-09 19:36:53.070318: I tensorflow/core/common_runtime/gpu/gpu_device.cc:965] Device interconnect StreamExecutor with strength 1 edge matrix:
2020-03-09 19:36:53.070389: I tensorflow/core/common_runtime/gpu/gpu_device.cc:971]      0 
2020-03-09 19:36:53.070434: I tensorflow/core/common_runtime/gpu/gpu_device.cc:984] 0:   N 
2020-03-09 19:36:53.070538: I tensorflow/core/common_runtime/gpu/gpu_device.cc:1097] Created TensorFlow device (/job:localhost/replica:0/task:0/device:GPU:0 with 10230 MB memory) -> physical GPU (device: 0, name: GeForce RTX 2080 Ti, pci bus id: 0000:0b:00.0, compute capability: 7.5)
2020-03-09 19:45:28.154914: I tensorflow/core/common_runtime/gpu/gpu_device.cc:1484] Adding visible gpu devices: 0
2020-03-09 19:45:28.155250: I tensorflow/core/common_runtime/gpu/gpu_device.cc:965] Device interconnect StreamExecutor with strength 1 edge matrix:
2020-03-09 19:45:28.155337: I tensorflow/core/common_runtime/gpu/gpu_device.cc:971]      0 
2020-03-09 19:45:28.155372: I tensorflow/core/common_runtime/gpu/gpu_device.cc:984] 0:   N 
2020-03-09 19:45:28.155473: I tensorflow/core/common_runtime/gpu/gpu_device.cc:1097] Created TensorFlow device (/job:localhost/replica:0/task:0/device:GPU:0 with 10230 MB memory) -> physical GPU (device: 0, name: GeForce RTX 2080 Ti, pci bus id: 0000:0b:00.0, compute capability: 7.5)
2020-03-09 19:45:57.178490: I tensorflow/core/common_runtime/gpu/gpu_device.cc:1484] Adding visible gpu devices: 0
2020-03-09 19:45:57.178635: I tensorflow/core/common_runtime/gpu/gpu_device.cc:965] Device interconnect StreamExecutor with strength 1 edge matrix:
2020-03-09 19:45:57.178709: I tensorflow/core/common_runtime/gpu/gpu_device.cc:971]      0 
2020-03-09 19:45:57.178755: I tensorflow/core/common_runtime/gpu/gpu_device.cc:984] 0:   N 
2020-03-09 19:45:57.178907: I tensorflow/core/common_runtime/gpu/gpu_device.cc:1097] Created TensorFlow device (/job:localhost/replica:0/task:0/device:GPU:0 with 10230 MB memory) -> physical GPU (device: 0, name: GeForce RTX 2080 Ti, pci bus id: 0000:0b:00.0, compute capability: 7.5)
2020-03-09 19:46:25.338298: I tensorflow/core/common_runtime/gpu/gpu_device.cc:1484] Adding visible gpu devices: 0
2020-03-09 19:46:25.338891: I tensorflow/core/common_runtime/gpu/gpu_device.cc:965] Device interconnect StreamExecutor with strength 1 edge matrix:
2020-03-09 19:46:25.338971: I tensorflow/core/common_runtime/gpu/gpu_device.cc:971]      0 
2020-03-09 19:46:25.339037: I tensorflow/core/common_runtime/gpu/gpu_device.cc:984] 0:   N 
2020-03-09 19:46:25.339158: I tensorflow/core/common_runtime/gpu/gpu_device.cc:1097] Created TensorFlow device (/job:localhost/replica:0/task:0/device:GPU:0 with 10230 MB memory) -> physical GPU (device: 0, name: GeForce RTX 2080 Ti, pci bus id: 0000:0b:00.0, compute capability: 7.5)
2020-03-09 19:47:46.272378: I tensorflow/core/common_runtime/gpu/gpu_device.cc:1484] Adding visible gpu devices: 0
2020-03-09 19:47:46.272722: I tensorflow/core/common_runtime/gpu/gpu_device.cc:965] Device interconnect StreamExecutor with strength 1 edge matrix:
2020-03-09 19:47:46.272770: I tensorflow/core/common_runtime/gpu/gpu_device.cc:971]      0 
2020-03-09 19:47:46.272856: I tensorflow/core/common_runtime/gpu/gpu_device.cc:984] 0:   N 
2020-03-09 19:47:46.272992: I tensorflow/core/common_runtime/gpu/gpu_device.cc:1097] Created TensorFlow device (/job:localhost/replica:0/task:0/device:GPU:0 with 10230 MB memory) -> physical GPU (device: 0, name: GeForce RTX 2080 Ti, pci bus id: 0000:0b:00.0, compute capability: 7.5)
2020-03-09 19:56:18.376647: I tensorflow/core/common_runtime/gpu/gpu_device.cc:1484] Adding visible gpu devices: 0
2020-03-09 19:56:18.377078: I tensorflow/core/common_runtime/gpu/gpu_device.cc:965] Device interconnect StreamExecutor with strength 1 edge matrix:
2020-03-09 19:56:18.377228: I tensorflow/core/common_runtime/gpu/gpu_device.cc:971]      0 
2020-03-09 19:56:18.377277: I tensorflow/core/common_runtime/gpu/gpu_device.cc:984] 0:   N 
2020-03-09 19:56:18.377392: I tensorflow/core/common_runtime/gpu/gpu_device.cc:1097] Created TensorFlow device (/job:localhost/replica:0/task:0/device:GPU:0 with 10230 MB memory) -> physical GPU (device: 0, name: GeForce RTX 2080 Ti, pci bus id: 0000:0b:00.0, compute capability: 7.5)
2020-03-09 19:56:47.569770: I tensorflow/core/common_runtime/gpu/gpu_device.cc:1484] Adding visible gpu devices: 0
2020-03-09 19:56:47.569906: I tensorflow/core/common_runtime/gpu/gpu_device.cc:965] Device interconnect StreamExecutor with strength 1 edge matrix:
2020-03-09 19:56:47.569986: I tensorflow/core/common_runtime/gpu/gpu_device.cc:971]      0 
2020-03-09 19:56:47.570193: I tensorflow/core/common_runtime/gpu/gpu_device.cc:984] 0:   N 
2020-03-09 19:56:47.570332: I tensorflow/core/common_runtime/gpu/gpu_device.cc:1097] Created TensorFlow device (/job:localhost/replica:0/task:0/device:GPU:0 with 10230 MB memory) -> physical GPU (device: 0, name: GeForce RTX 2080 Ti, pci bus id: 0000:0b:00.0, compute capability: 7.5)
2020-03-09 19:57:16.035215: I tensorflow/core/common_runtime/gpu/gpu_device.cc:1484] Adding visible gpu devices: 0
2020-03-09 19:57:16.035790: I tensorflow/core/common_runtime/gpu/gpu_device.cc:965] Device interconnect StreamExecutor with strength 1 edge matrix:
2020-03-09 19:57:16.035839: I tensorflow/core/common_runtime/gpu/gpu_device.cc:971]      0 
2020-03-09 19:57:16.035925: I tensorflow/core/common_runtime/gpu/gpu_device.cc:984] 0:   N 
2020-03-09 19:57:16.036059: I tensorflow/core/common_runtime/gpu/gpu_device.cc:1097] Created TensorFlow device (/job:localhost/replica:0/task:0/device:GPU:0 with 10230 MB memory) -> physical GPU (device: 0, name: GeForce RTX 2080 Ti, pci bus id: 0000:0b:00.0, compute capability: 7.5)
2020-03-09 19:58:36.583211: I tensorflow/core/common_runtime/gpu/gpu_device.cc:1484] Adding visible gpu devices: 0
2020-03-09 19:58:36.583735: I tensorflow/core/common_runtime/gpu/gpu_device.cc:965] Device interconnect StreamExecutor with strength 1 edge matrix:
2020-03-09 19:58:36.583838: I tensorflow/core/common_runtime/gpu/gpu_device.cc:971]      0 
2020-03-09 19:58:36.583896: I tensorflow/core/common_runtime/gpu/gpu_device.cc:984] 0:   N 
2020-03-09 19:58:36.584053: I tensorflow/core/common_runtime/gpu/gpu_device.cc:1097] Created TensorFlow device (/job:localhost/replica:0/task:0/device:GPU:0 with 10230 MB memory) -> physical GPU (device: 0, name: GeForce RTX 2080 Ti, pci bus id: 0000:0b:00.0, compute capability: 7.5)
