2020-02-08 23:12:15.609031: I tensorflow/core/platform/cpu_feature_guard.cc:141] Your CPU supports instructions that this TensorFlow binary was not compiled to use: SSE4.1 SSE4.2 AVX AVX2 AVX512F FMA
2020-02-08 23:12:17.119219: I tensorflow/core/common_runtime/gpu/gpu_device.cc:1405] Found device 0 with properties: 
name: GeForce RTX 2080 Ti major: 7 minor: 5 memoryClockRate(GHz): 1.545
pciBusID: 0000:d8:00.0
totalMemory: 10.73GiB freeMemory: 10.53GiB
2020-02-08 23:12:17.119452: I tensorflow/core/common_runtime/gpu/gpu_device.cc:1484] Adding visible gpu devices: 0
2020-02-08 23:12:22.819524: I tensorflow/core/common_runtime/gpu/gpu_device.cc:965] Device interconnect StreamExecutor with strength 1 edge matrix:
2020-02-08 23:12:22.819637: I tensorflow/core/common_runtime/gpu/gpu_device.cc:971]      0 
2020-02-08 23:12:22.819732: I tensorflow/core/common_runtime/gpu/gpu_device.cc:984] 0:   N 
2020-02-08 23:12:22.820164: I tensorflow/core/common_runtime/gpu/gpu_device.cc:1097] Created TensorFlow device (/job:localhost/replica:0/task:0/device:GPU:0 with 10166 MB memory) -> physical GPU (device: 0, name: GeForce RTX 2080 Ti, pci bus id: 0000:d8:00.0, compute capability: 7.5)
2020-02-09 02:03:13.428025: I tensorflow/core/common_runtime/gpu/gpu_device.cc:1484] Adding visible gpu devices: 0
2020-02-09 02:03:13.428630: I tensorflow/core/common_runtime/gpu/gpu_device.cc:965] Device interconnect StreamExecutor with strength 1 edge matrix:
2020-02-09 02:03:13.428750: I tensorflow/core/common_runtime/gpu/gpu_device.cc:971]      0 
2020-02-09 02:03:13.428873: I tensorflow/core/common_runtime/gpu/gpu_device.cc:984] 0:   N 
2020-02-09 02:03:13.429093: I tensorflow/core/common_runtime/gpu/gpu_device.cc:1097] Created TensorFlow device (/job:localhost/replica:0/task:0/device:GPU:0 with 10166 MB memory) -> physical GPU (device: 0, name: GeForce RTX 2080 Ti, pci bus id: 0000:d8:00.0, compute capability: 7.5)
2020-02-09 05:01:54.083829: I tensorflow/core/common_runtime/gpu/gpu_device.cc:1484] Adding visible gpu devices: 0
2020-02-09 05:01:54.084311: I tensorflow/core/common_runtime/gpu/gpu_device.cc:965] Device interconnect StreamExecutor with strength 1 edge matrix:
2020-02-09 05:01:54.084418: I tensorflow/core/common_runtime/gpu/gpu_device.cc:971]      0 
2020-02-09 05:01:54.084637: I tensorflow/core/common_runtime/gpu/gpu_device.cc:984] 0:   N 
2020-02-09 05:01:54.084918: I tensorflow/core/common_runtime/gpu/gpu_device.cc:1097] Created TensorFlow device (/job:localhost/replica:0/task:0/device:GPU:0 with 10166 MB memory) -> physical GPU (device: 0, name: GeForce RTX 2080 Ti, pci bus id: 0000:d8:00.0, compute capability: 7.5)
2020-02-09 08:01:40.923849: I tensorflow/core/common_runtime/gpu/gpu_device.cc:1484] Adding visible gpu devices: 0
2020-02-09 08:01:40.924526: I tensorflow/core/common_runtime/gpu/gpu_device.cc:965] Device interconnect StreamExecutor with strength 1 edge matrix:
2020-02-09 08:01:40.924644: I tensorflow/core/common_runtime/gpu/gpu_device.cc:971]      0 
2020-02-09 08:01:40.924867: I tensorflow/core/common_runtime/gpu/gpu_device.cc:984] 0:   N 
2020-02-09 08:01:40.925115: I tensorflow/core/common_runtime/gpu/gpu_device.cc:1097] Created TensorFlow device (/job:localhost/replica:0/task:0/device:GPU:0 with 10166 MB memory) -> physical GPU (device: 0, name: GeForce RTX 2080 Ti, pci bus id: 0000:d8:00.0, compute capability: 7.5)
