2019-09-30 12:14:34.075775: I tensorflow/core/platform/cpu_feature_guard.cc:141] Your CPU supports instructions that this TensorFlow binary was not compiled to use: SSE4.1 SSE4.2 AVX AVX2 FMA
2019-09-30 12:14:34.142384: I tensorflow/stream_executor/cuda/cuda_gpu_executor.cc:897] successful NUMA node read from SysFS had negative value (-1), but there must be at least one NUMA node, so returning NUMA node zero
2019-09-30 12:14:34.142942: I tensorflow/core/common_runtime/gpu/gpu_device.cc:1405] Found device 0 with properties: 
name: GeForce GT 1030 major: 6 minor: 1 memoryClockRate(GHz): 1.468
pciBusID: 0000:41:00.0
totalMemory: 1.95GiB freeMemory: 403.81MiB
2019-09-30 12:14:34.143004: I tensorflow/core/common_runtime/gpu/gpu_device.cc:1484] Adding visible gpu devices: 0
2019-09-30 12:14:35.438694: I tensorflow/core/common_runtime/gpu/gpu_device.cc:965] Device interconnect StreamExecutor with strength 1 edge matrix:
2019-09-30 12:14:35.438807: I tensorflow/core/common_runtime/gpu/gpu_device.cc:971]      0 
2019-09-30 12:14:35.438847: I tensorflow/core/common_runtime/gpu/gpu_device.cc:984] 0:   N 
2019-09-30 12:14:35.439018: I tensorflow/core/common_runtime/gpu/gpu_device.cc:1097] Created TensorFlow device (/job:localhost/replica:0/task:0/device:GPU:0 with 217 MB memory) -> physical GPU (device: 0, name: GeForce GT 1030, pci bus id: 0000:41:00.0, compute capability: 6.1)
2019-09-30 12:14:35.439469: E tensorflow/stream_executor/cuda/cuda_driver.cc:903] failed to allocate 217.81M (228392960 bytes) from device: CUDA_ERROR_OUT_OF_MEMORY
2019-09-30 12:15:14.296501: E tensorflow/stream_executor/cuda/cuda_blas.cc:459] failed to create cublas handle: CUBLAS_STATUS_NOT_INITIALIZED
2019-09-30 12:15:14.308051: E tensorflow/stream_executor/cuda/cuda_blas.cc:459] failed to create cublas handle: CUBLAS_STATUS_NOT_INITIALIZED
2019-09-30 12:15:14.308695: E tensorflow/stream_executor/cuda/cuda_blas.cc:459] failed to create cublas handle: CUBLAS_STATUS_NOT_INITIALIZED
2019-09-30 12:15:14.309458: E tensorflow/stream_executor/cuda/cuda_blas.cc:459] failed to create cublas handle: CUBLAS_STATUS_NOT_INITIALIZED
2019-09-30 12:15:14.309941: E tensorflow/stream_executor/cuda/cuda_blas.cc:459] failed to create cublas handle: CUBLAS_STATUS_NOT_INITIALIZED
2019-09-30 12:15:14.310352: E tensorflow/stream_executor/cuda/cuda_blas.cc:459] failed to create cublas handle: CUBLAS_STATUS_NOT_INITIALIZED
2019-09-30 12:15:14.310940: E tensorflow/stream_executor/cuda/cuda_blas.cc:459] failed to create cublas handle: CUBLAS_STATUS_NOT_INITIALIZED
2019-09-30 12:15:14.311343: E tensorflow/stream_executor/cuda/cuda_blas.cc:459] failed to create cublas handle: CUBLAS_STATUS_NOT_INITIALIZED
2019-09-30 12:15:14.311743: E tensorflow/stream_executor/cuda/cuda_blas.cc:459] failed to create cublas handle: CUBLAS_STATUS_NOT_INITIALIZED
2019-09-30 12:15:14.312575: E tensorflow/stream_executor/cuda/cuda_blas.cc:459] failed to create cublas handle: CUBLAS_STATUS_NOT_INITIALIZED
2019-09-30 12:15:14.313034: E tensorflow/stream_executor/cuda/cuda_blas.cc:459] failed to create cublas handle: CUBLAS_STATUS_NOT_INITIALIZED
2019-09-30 12:15:14.313449: E tensorflow/stream_executor/cuda/cuda_blas.cc:459] failed to create cublas handle: CUBLAS_STATUS_NOT_INITIALIZED
2019-09-30 12:15:14.313928: E tensorflow/stream_executor/cuda/cuda_blas.cc:459] failed to create cublas handle: CUBLAS_STATUS_NOT_INITIALIZED
2019-09-30 12:15:14.314365: E tensorflow/stream_executor/cuda/cuda_blas.cc:459] failed to create cublas handle: CUBLAS_STATUS_NOT_INITIALIZED
2019-09-30 12:15:14.314773: E tensorflow/stream_executor/cuda/cuda_blas.cc:459] failed to create cublas handle: CUBLAS_STATUS_NOT_INITIALIZED
2019-09-30 12:15:14.315205: E tensorflow/stream_executor/cuda/cuda_blas.cc:459] failed to create cublas handle: CUBLAS_STATUS_NOT_INITIALIZED
2019-09-30 12:15:14.316063: E tensorflow/stream_executor/cuda/cuda_blas.cc:459] failed to create cublas handle: CUBLAS_STATUS_NOT_INITIALIZED
2019-09-30 12:15:14.316494: E tensorflow/stream_executor/cuda/cuda_blas.cc:459] failed to create cublas handle: CUBLAS_STATUS_NOT_INITIALIZED
2019-09-30 12:15:14.316898: E tensorflow/stream_executor/cuda/cuda_blas.cc:459] failed to create cublas handle: CUBLAS_STATUS_NOT_INITIALIZED
2019-09-30 12:15:14.317427: E tensorflow/stream_executor/cuda/cuda_blas.cc:459] failed to create cublas handle: CUBLAS_STATUS_NOT_INITIALIZED
2019-09-30 12:15:14.317877: E tensorflow/stream_executor/cuda/cuda_blas.cc:459] failed to create cublas handle: CUBLAS_STATUS_NOT_INITIALIZED
2019-09-30 12:15:14.318280: E tensorflow/stream_executor/cuda/cuda_blas.cc:459] failed to create cublas handle: CUBLAS_STATUS_NOT_INITIALIZED
2019-09-30 12:15:14.318679: E tensorflow/stream_executor/cuda/cuda_blas.cc:459] failed to create cublas handle: CUBLAS_STATUS_NOT_INITIALIZED
2019-09-30 12:15:14.319526: E tensorflow/stream_executor/cuda/cuda_blas.cc:459] failed to create cublas handle: CUBLAS_STATUS_NOT_INITIALIZED
2019-09-30 12:15:14.320086: E tensorflow/stream_executor/cuda/cuda_blas.cc:459] failed to create cublas handle: CUBLAS_STATUS_NOT_INITIALIZED
2019-09-30 12:15:14.320490: E tensorflow/stream_executor/cuda/cuda_blas.cc:459] failed to create cublas handle: CUBLAS_STATUS_NOT_INITIALIZED
2019-09-30 12:15:14.320964: E tensorflow/stream_executor/cuda/cuda_blas.cc:459] failed to create cublas handle: CUBLAS_STATUS_NOT_INITIALIZED
2019-09-30 12:15:14.321421: E tensorflow/stream_executor/cuda/cuda_blas.cc:459] failed to create cublas handle: CUBLAS_STATUS_NOT_INITIALIZED
2019-09-30 12:15:14.321820: E tensorflow/stream_executor/cuda/cuda_blas.cc:459] failed to create cublas handle: CUBLAS_STATUS_NOT_INITIALIZED
2019-09-30 12:15:14.322231: E tensorflow/stream_executor/cuda/cuda_blas.cc:459] failed to create cublas handle: CUBLAS_STATUS_NOT_INITIALIZED
2019-09-30 12:15:14.323080: E tensorflow/stream_executor/cuda/cuda_blas.cc:459] failed to create cublas handle: CUBLAS_STATUS_NOT_INITIALIZED
2019-09-30 12:15:14.323539: E tensorflow/stream_executor/cuda/cuda_blas.cc:459] failed to create cublas handle: CUBLAS_STATUS_NOT_INITIALIZED
2019-09-30 12:15:14.323941: E tensorflow/stream_executor/cuda/cuda_blas.cc:459] failed to create cublas handle: CUBLAS_STATUS_NOT_INITIALIZED
2019-09-30 12:15:14.324417: E tensorflow/stream_executor/cuda/cuda_blas.cc:459] failed to create cublas handle: CUBLAS_STATUS_NOT_INITIALIZED
2019-09-30 12:15:14.324868: E tensorflow/stream_executor/cuda/cuda_blas.cc:459] failed to create cublas handle: CUBLAS_STATUS_NOT_INITIALIZED
2019-09-30 12:15:14.325291: E tensorflow/stream_executor/cuda/cuda_blas.cc:459] failed to create cublas handle: CUBLAS_STATUS_NOT_INITIALIZED
2019-09-30 12:15:14.325696: E tensorflow/stream_executor/cuda/cuda_blas.cc:459] failed to create cublas handle: CUBLAS_STATUS_NOT_INITIALIZED
2019-09-30 12:15:14.326561: E tensorflow/stream_executor/cuda/cuda_blas.cc:459] failed to create cublas handle: CUBLAS_STATUS_NOT_INITIALIZED
2019-09-30 12:15:14.327126: E tensorflow/stream_executor/cuda/cuda_blas.cc:459] failed to create cublas handle: CUBLAS_STATUS_NOT_INITIALIZED
2019-09-30 12:15:14.327631: E tensorflow/stream_executor/cuda/cuda_blas.cc:459] failed to create cublas handle: CUBLAS_STATUS_NOT_INITIALIZED
2019-09-30 12:15:14.328019: E tensorflow/stream_executor/cuda/cuda_blas.cc:459] failed to create cublas handle: CUBLAS_STATUS_NOT_INITIALIZED
2019-09-30 12:15:14.328375: E tensorflow/stream_executor/cuda/cuda_blas.cc:459] failed to create cublas handle: CUBLAS_STATUS_NOT_INITIALIZED
2019-09-30 12:15:14.328705: E tensorflow/stream_executor/cuda/cuda_blas.cc:459] failed to create cublas handle: CUBLAS_STATUS_NOT_INITIALIZED
2019-09-30 12:15:14.329026: E tensorflow/stream_executor/cuda/cuda_blas.cc:459] failed to create cublas handle: CUBLAS_STATUS_NOT_INITIALIZED
2019-09-30 12:15:14.329735: E tensorflow/stream_executor/cuda/cuda_blas.cc:459] failed to create cublas handle: CUBLAS_STATUS_NOT_INITIALIZED
2019-09-30 12:15:14.330095: E tensorflow/stream_executor/cuda/cuda_blas.cc:459] failed to create cublas handle: CUBLAS_STATUS_NOT_INITIALIZED
2019-09-30 12:15:14.330419: E tensorflow/stream_executor/cuda/cuda_blas.cc:459] failed to create cublas handle: CUBLAS_STATUS_NOT_INITIALIZED
2019-09-30 12:15:14.330802: E tensorflow/stream_executor/cuda/cuda_blas.cc:459] failed to create cublas handle: CUBLAS_STATUS_NOT_INITIALIZED
2019-09-30 12:15:14.331157: E tensorflow/stream_executor/cuda/cuda_blas.cc:459] failed to create cublas handle: CUBLAS_STATUS_NOT_INITIALIZED
2019-09-30 12:15:14.331504: E tensorflow/stream_executor/cuda/cuda_blas.cc:459] failed to create cublas handle: CUBLAS_STATUS_NOT_INITIALIZED
2019-09-30 12:15:14.331827: E tensorflow/stream_executor/cuda/cuda_blas.cc:459] failed to create cublas handle: CUBLAS_STATUS_NOT_INITIALIZED
2019-09-30 12:15:14.332514: E tensorflow/stream_executor/cuda/cuda_blas.cc:459] failed to create cublas handle: CUBLAS_STATUS_NOT_INITIALIZED
2019-09-30 12:15:14.332893: E tensorflow/stream_executor/cuda/cuda_blas.cc:459] failed to create cublas handle: CUBLAS_STATUS_NOT_INITIALIZED
2019-09-30 12:15:14.333312: E tensorflow/stream_executor/cuda/cuda_blas.cc:459] failed to create cublas handle: CUBLAS_STATUS_NOT_INITIALIZED
2019-09-30 12:15:14.333759: E tensorflow/stream_executor/cuda/cuda_blas.cc:459] failed to create cublas handle: CUBLAS_STATUS_NOT_INITIALIZED
2019-09-30 12:15:14.334151: E tensorflow/stream_executor/cuda/cuda_blas.cc:459] failed to create cublas handle: CUBLAS_STATUS_NOT_INITIALIZED
2019-09-30 12:15:14.334483: E tensorflow/stream_executor/cuda/cuda_blas.cc:459] failed to create cublas handle: CUBLAS_STATUS_NOT_INITIALIZED
2019-09-30 12:15:14.334835: E tensorflow/stream_executor/cuda/cuda_blas.cc:459] failed to create cublas handle: CUBLAS_STATUS_NOT_INITIALIZED
2019-09-30 12:15:14.335534: E tensorflow/stream_executor/cuda/cuda_blas.cc:459] failed to create cublas handle: CUBLAS_STATUS_NOT_INITIALIZED
2019-09-30 12:15:14.335903: E tensorflow/stream_executor/cuda/cuda_blas.cc:459] failed to create cublas handle: CUBLAS_STATUS_NOT_INITIALIZED
2019-09-30 12:15:14.336248: E tensorflow/stream_executor/cuda/cuda_blas.cc:459] failed to create cublas handle: CUBLAS_STATUS_NOT_INITIALIZED
2019-09-30 12:15:14.336631: E tensorflow/stream_executor/cuda/cuda_blas.cc:459] failed to create cublas handle: CUBLAS_STATUS_NOT_INITIALIZED
2019-09-30 12:15:14.337000: E tensorflow/stream_executor/cuda/cuda_blas.cc:459] failed to create cublas handle: CUBLAS_STATUS_NOT_INITIALIZED
2019-09-30 12:15:14.337379: E tensorflow/stream_executor/cuda/cuda_blas.cc:459] failed to create cublas handle: CUBLAS_STATUS_NOT_INITIALIZED
2019-09-30 12:15:14.337721: E tensorflow/stream_executor/cuda/cuda_blas.cc:459] failed to create cublas handle: CUBLAS_STATUS_NOT_INITIALIZED
2019-09-30 12:15:14.338424: E tensorflow/stream_executor/cuda/cuda_blas.cc:459] failed to create cublas handle: CUBLAS_STATUS_NOT_INITIALIZED
2019-09-30 12:15:14.338792: E tensorflow/stream_executor/cuda/cuda_blas.cc:459] failed to create cublas handle: CUBLAS_STATUS_NOT_INITIALIZED
2019-09-30 12:15:14.339128: E tensorflow/stream_executor/cuda/cuda_blas.cc:459] failed to create cublas handle: CUBLAS_STATUS_NOT_INITIALIZED
2019-09-30 12:15:14.339526: E tensorflow/stream_executor/cuda/cuda_blas.cc:459] failed to create cublas handle: CUBLAS_STATUS_NOT_INITIALIZED
2019-09-30 12:15:14.340013: E tensorflow/stream_executor/cuda/cuda_blas.cc:459] failed to create cublas handle: CUBLAS_STATUS_NOT_INITIALIZED
2019-09-30 12:15:14.340365: E tensorflow/stream_executor/cuda/cuda_blas.cc:459] failed to create cublas handle: CUBLAS_STATUS_NOT_INITIALIZED
2019-09-30 12:15:14.340690: E tensorflow/stream_executor/cuda/cuda_blas.cc:459] failed to create cublas handle: CUBLAS_STATUS_NOT_INITIALIZED
2019-09-30 12:15:14.341455: E tensorflow/stream_executor/cuda/cuda_blas.cc:459] failed to create cublas handle: CUBLAS_STATUS_NOT_INITIALIZED
2019-09-30 12:15:14.341879: E tensorflow/stream_executor/cuda/cuda_blas.cc:459] failed to create cublas handle: CUBLAS_STATUS_NOT_INITIALIZED
2019-09-30 12:15:14.342330: E tensorflow/stream_executor/cuda/cuda_blas.cc:459] failed to create cublas handle: CUBLAS_STATUS_NOT_INITIALIZED
2019-09-30 12:15:14.342720: E tensorflow/stream_executor/cuda/cuda_blas.cc:459] failed to create cublas handle: CUBLAS_STATUS_NOT_INITIALIZED
2019-09-30 12:15:14.343090: E tensorflow/stream_executor/cuda/cuda_blas.cc:459] failed to create cublas handle: CUBLAS_STATUS_NOT_INITIALIZED
2019-09-30 12:15:14.343428: E tensorflow/stream_executor/cuda/cuda_blas.cc:459] failed to create cublas handle: CUBLAS_STATUS_NOT_INITIALIZED
2019-09-30 12:15:14.343778: E tensorflow/stream_executor/cuda/cuda_blas.cc:459] failed to create cublas handle: CUBLAS_STATUS_NOT_INITIALIZED
2019-09-30 12:15:14.344466: E tensorflow/stream_executor/cuda/cuda_blas.cc:459] failed to create cublas handle: CUBLAS_STATUS_NOT_INITIALIZED
2019-09-30 12:15:14.344824: E tensorflow/stream_executor/cuda/cuda_blas.cc:459] failed to create cublas handle: CUBLAS_STATUS_NOT_INITIALIZED
2019-09-30 12:15:14.345149: E tensorflow/stream_executor/cuda/cuda_blas.cc:459] failed to create cublas handle: CUBLAS_STATUS_NOT_INITIALIZED
2019-09-30 12:15:14.345562: E tensorflow/stream_executor/cuda/cuda_blas.cc:459] failed to create cublas handle: CUBLAS_STATUS_NOT_INITIALIZED
2019-09-30 12:15:14.345924: E tensorflow/stream_executor/cuda/cuda_blas.cc:459] failed to create cublas handle: CUBLAS_STATUS_NOT_INITIALIZED
2019-09-30 12:15:14.346262: E tensorflow/stream_executor/cuda/cuda_blas.cc:459] failed to create cublas handle: CUBLAS_STATUS_NOT_INITIALIZED
2019-09-30 12:15:14.346640: E tensorflow/stream_executor/cuda/cuda_blas.cc:459] failed to create cublas handle: CUBLAS_STATUS_NOT_INITIALIZED
2019-09-30 12:15:14.347327: E tensorflow/stream_executor/cuda/cuda_blas.cc:459] failed to create cublas handle: CUBLAS_STATUS_NOT_INITIALIZED
2019-09-30 12:15:14.347688: E tensorflow/stream_executor/cuda/cuda_blas.cc:459] failed to create cublas handle: CUBLAS_STATUS_NOT_INITIALIZED
2019-09-30 12:15:14.348032: E tensorflow/stream_executor/cuda/cuda_blas.cc:459] failed to create cublas handle: CUBLAS_STATUS_NOT_INITIALIZED
2019-09-30 12:15:14.348422: E tensorflow/stream_executor/cuda/cuda_blas.cc:459] failed to create cublas handle: CUBLAS_STATUS_NOT_INITIALIZED
2019-09-30 12:15:14.348959: E tensorflow/stream_executor/cuda/cuda_blas.cc:459] failed to create cublas handle: CUBLAS_STATUS_NOT_INITIALIZED
2019-09-30 12:15:14.349389: E tensorflow/stream_executor/cuda/cuda_blas.cc:459] failed to create cublas handle: CUBLAS_STATUS_NOT_INITIALIZED
2019-09-30 12:15:14.349734: E tensorflow/stream_executor/cuda/cuda_blas.cc:459] failed to create cublas handle: CUBLAS_STATUS_NOT_INITIALIZED
2019-09-30 12:15:14.350449: E tensorflow/stream_executor/cuda/cuda_blas.cc:459] failed to create cublas handle: CUBLAS_STATUS_NOT_INITIALIZED
2019-09-30 12:15:14.350786: E tensorflow/stream_executor/cuda/cuda_blas.cc:459] failed to create cublas handle: CUBLAS_STATUS_NOT_INITIALIZED
2019-09-30 12:15:14.351259: E tensorflow/stream_executor/cuda/cuda_blas.cc:459] failed to create cublas handle: CUBLAS_STATUS_NOT_INITIALIZED
2019-09-30 12:15:14.351649: E tensorflow/stream_executor/cuda/cuda_blas.cc:459] failed to create cublas handle: CUBLAS_STATUS_NOT_INITIALIZED
2019-09-30 12:15:14.352020: E tensorflow/stream_executor/cuda/cuda_blas.cc:459] failed to create cublas handle: CUBLAS_STATUS_NOT_INITIALIZED
2019-09-30 12:15:14.352366: E tensorflow/stream_executor/cuda/cuda_blas.cc:459] failed to create cublas handle: CUBLAS_STATUS_NOT_INITIALIZED
2019-09-30 12:15:14.352703: E tensorflow/stream_executor/cuda/cuda_blas.cc:459] failed to create cublas handle: CUBLAS_STATUS_NOT_INITIALIZED
2019-09-30 12:15:14.353450: E tensorflow/stream_executor/cuda/cuda_blas.cc:459] failed to create cublas handle: CUBLAS_STATUS_NOT_INITIALIZED
2019-09-30 12:15:14.353783: E tensorflow/stream_executor/cuda/cuda_blas.cc:459] failed to create cublas handle: CUBLAS_STATUS_NOT_INITIALIZED
2019-09-30 12:15:14.354115: E tensorflow/stream_executor/cuda/cuda_blas.cc:459] failed to create cublas handle: CUBLAS_STATUS_NOT_INITIALIZED
2019-09-30 12:15:14.354504: E tensorflow/stream_executor/cuda/cuda_blas.cc:459] failed to create cublas handle: CUBLAS_STATUS_NOT_INITIALIZED
2019-09-30 12:15:14.354869: E tensorflow/stream_executor/cuda/cuda_blas.cc:459] failed to create cublas handle: CUBLAS_STATUS_NOT_INITIALIZED
2019-09-30 12:15:14.355250: E tensorflow/stream_executor/cuda/cuda_blas.cc:459] failed to create cublas handle: CUBLAS_STATUS_NOT_INITIALIZED
2019-09-30 12:15:14.355580: E tensorflow/stream_executor/cuda/cuda_blas.cc:459] failed to create cublas handle: CUBLAS_STATUS_NOT_INITIALIZED
2019-09-30 12:15:14.356269: E tensorflow/stream_executor/cuda/cuda_blas.cc:459] failed to create cublas handle: CUBLAS_STATUS_NOT_INITIALIZED
2019-09-30 12:15:14.356641: E tensorflow/stream_executor/cuda/cuda_blas.cc:459] failed to create cublas handle: CUBLAS_STATUS_NOT_INITIALIZED
2019-09-30 12:15:14.356972: E tensorflow/stream_executor/cuda/cuda_blas.cc:459] failed to create cublas handle: CUBLAS_STATUS_NOT_INITIALIZED
2019-09-30 12:15:14.357422: E tensorflow/stream_executor/cuda/cuda_blas.cc:459] failed to create cublas handle: CUBLAS_STATUS_NOT_INITIALIZED
2019-09-30 12:15:14.357786: E tensorflow/stream_executor/cuda/cuda_blas.cc:459] failed to create cublas handle: CUBLAS_STATUS_NOT_INITIALIZED
2019-09-30 12:15:14.358119: E tensorflow/stream_executor/cuda/cuda_blas.cc:459] failed to create cublas handle: CUBLAS_STATUS_NOT_INITIALIZED
2019-09-30 12:15:14.358463: E tensorflow/stream_executor/cuda/cuda_blas.cc:459] failed to create cublas handle: CUBLAS_STATUS_NOT_INITIALIZED
2019-09-30 12:15:14.359149: E tensorflow/stream_executor/cuda/cuda_blas.cc:459] failed to create cublas handle: CUBLAS_STATUS_NOT_INITIALIZED
2019-09-30 12:15:14.359619: E tensorflow/stream_executor/cuda/cuda_blas.cc:459] failed to create cublas handle: CUBLAS_STATUS_NOT_INITIALIZED
2019-09-30 12:15:14.359958: E tensorflow/stream_executor/cuda/cuda_blas.cc:459] failed to create cublas handle: CUBLAS_STATUS_NOT_INITIALIZED
2019-09-30 12:15:14.360356: E tensorflow/stream_executor/cuda/cuda_blas.cc:459] failed to create cublas handle: CUBLAS_STATUS_NOT_INITIALIZED
2019-09-30 12:15:14.360713: E tensorflow/stream_executor/cuda/cuda_blas.cc:459] failed to create cublas handle: CUBLAS_STATUS_NOT_INITIALIZED
2019-09-30 12:15:14.361052: E tensorflow/stream_executor/cuda/cuda_blas.cc:459] failed to create cublas handle: CUBLAS_STATUS_NOT_INITIALIZED
2019-09-30 12:15:14.361449: E tensorflow/stream_executor/cuda/cuda_blas.cc:459] failed to create cublas handle: CUBLAS_STATUS_NOT_INITIALIZED
2019-09-30 12:15:14.362150: E tensorflow/stream_executor/cuda/cuda_blas.cc:459] failed to create cublas handle: CUBLAS_STATUS_NOT_INITIALIZED
2019-09-30 12:15:14.362510: E tensorflow/stream_executor/cuda/cuda_blas.cc:459] failed to create cublas handle: CUBLAS_STATUS_NOT_INITIALIZED
2019-09-30 12:15:14.362863: E tensorflow/stream_executor/cuda/cuda_blas.cc:459] failed to create cublas handle: CUBLAS_STATUS_NOT_INITIALIZED
2019-09-30 12:15:14.363266: E tensorflow/stream_executor/cuda/cuda_blas.cc:459] failed to create cublas handle: CUBLAS_STATUS_NOT_INITIALIZED
2019-09-30 12:15:14.363664: E tensorflow/stream_executor/cuda/cuda_blas.cc:459] failed to create cublas handle: CUBLAS_STATUS_NOT_INITIALIZED
2019-09-30 12:15:14.364007: E tensorflow/stream_executor/cuda/cuda_blas.cc:459] failed to create cublas handle: CUBLAS_STATUS_NOT_INITIALIZED
2019-09-30 12:15:14.364353: E tensorflow/stream_executor/cuda/cuda_blas.cc:459] failed to create cublas handle: CUBLAS_STATUS_NOT_INITIALIZED
2019-09-30 12:15:14.365062: E tensorflow/stream_executor/cuda/cuda_blas.cc:459] failed to create cublas handle: CUBLAS_STATUS_NOT_INITIALIZED
2019-09-30 12:15:14.365412: E tensorflow/stream_executor/cuda/cuda_blas.cc:459] failed to create cublas handle: CUBLAS_STATUS_NOT_INITIALIZED
2019-09-30 12:15:14.365749: E tensorflow/stream_executor/cuda/cuda_blas.cc:459] failed to create cublas handle: CUBLAS_STATUS_NOT_INITIALIZED
2019-09-30 12:15:14.366139: E tensorflow/stream_executor/cuda/cuda_blas.cc:459] failed to create cublas handle: CUBLAS_STATUS_NOT_INITIALIZED
2019-09-30 12:15:14.366518: E tensorflow/stream_executor/cuda/cuda_blas.cc:459] failed to create cublas handle: CUBLAS_STATUS_NOT_INITIALIZED
2019-09-30 12:15:14.366868: E tensorflow/stream_executor/cuda/cuda_blas.cc:459] failed to create cublas handle: CUBLAS_STATUS_NOT_INITIALIZED
2019-09-30 12:15:14.367195: E tensorflow/stream_executor/cuda/cuda_blas.cc:459] failed to create cublas handle: CUBLAS_STATUS_NOT_INITIALIZED
2019-09-30 12:15:14.367886: E tensorflow/stream_executor/cuda/cuda_blas.cc:459] failed to create cublas handle: CUBLAS_STATUS_NOT_INITIALIZED
2019-09-30 12:15:14.368236: E tensorflow/stream_executor/cuda/cuda_blas.cc:459] failed to create cublas handle: CUBLAS_STATUS_NOT_INITIALIZED
2019-09-30 12:15:14.368578: E tensorflow/stream_executor/cuda/cuda_blas.cc:459] failed to create cublas handle: CUBLAS_STATUS_NOT_INITIALIZED
2019-09-30 12:15:14.368963: E tensorflow/stream_executor/cuda/cuda_blas.cc:459] failed to create cublas handle: CUBLAS_STATUS_NOT_INITIALIZED
2019-09-30 12:15:14.369340: E tensorflow/stream_executor/cuda/cuda_blas.cc:459] failed to create cublas handle: CUBLAS_STATUS_NOT_INITIALIZED
2019-09-30 12:15:14.369671: E tensorflow/stream_executor/cuda/cuda_blas.cc:459] failed to create cublas handle: CUBLAS_STATUS_NOT_INITIALIZED
2019-09-30 12:15:14.370034: E tensorflow/stream_executor/cuda/cuda_blas.cc:459] failed to create cublas handle: CUBLAS_STATUS_NOT_INITIALIZED
2019-09-30 12:15:14.370731: E tensorflow/stream_executor/cuda/cuda_blas.cc:459] failed to create cublas handle: CUBLAS_STATUS_NOT_INITIALIZED
2019-09-30 12:15:14.371093: E tensorflow/stream_executor/cuda/cuda_blas.cc:459] failed to create cublas handle: CUBLAS_STATUS_NOT_INITIALIZED
2019-09-30 12:15:14.371426: E tensorflow/stream_executor/cuda/cuda_blas.cc:459] failed to create cublas handle: CUBLAS_STATUS_NOT_INITIALIZED
2019-09-30 12:15:14.371818: E tensorflow/stream_executor/cuda/cuda_blas.cc:459] failed to create cublas handle: CUBLAS_STATUS_NOT_INITIALIZED
2019-09-30 12:15:14.372201: E tensorflow/stream_executor/cuda/cuda_blas.cc:459] failed to create cublas handle: CUBLAS_STATUS_NOT_INITIALIZED
2019-09-30 12:15:14.372525: E tensorflow/stream_executor/cuda/cuda_blas.cc:459] failed to create cublas handle: CUBLAS_STATUS_NOT_INITIALIZED
2019-09-30 12:15:14.372874: E tensorflow/stream_executor/cuda/cuda_blas.cc:459] failed to create cublas handle: CUBLAS_STATUS_NOT_INITIALIZED
2019-09-30 12:15:14.373612: E tensorflow/stream_executor/cuda/cuda_blas.cc:459] failed to create cublas handle: CUBLAS_STATUS_NOT_INITIALIZED
2019-09-30 12:15:14.373943: E tensorflow/stream_executor/cuda/cuda_blas.cc:459] failed to create cublas handle: CUBLAS_STATUS_NOT_INITIALIZED
2019-09-30 12:15:14.374300: E tensorflow/stream_executor/cuda/cuda_blas.cc:459] failed to create cublas handle: CUBLAS_STATUS_NOT_INITIALIZED
2019-09-30 12:15:14.374694: E tensorflow/stream_executor/cuda/cuda_blas.cc:459] failed to create cublas handle: CUBLAS_STATUS_NOT_INITIALIZED
2019-09-30 12:15:14.375055: E tensorflow/stream_executor/cuda/cuda_blas.cc:459] failed to create cublas handle: CUBLAS_STATUS_NOT_INITIALIZED
2019-09-30 12:15:14.375412: E tensorflow/stream_executor/cuda/cuda_blas.cc:459] failed to create cublas handle: CUBLAS_STATUS_NOT_INITIALIZED
2019-09-30 12:15:14.375744: E tensorflow/stream_executor/cuda/cuda_blas.cc:459] failed to create cublas handle: CUBLAS_STATUS_NOT_INITIALIZED
2019-09-30 12:15:14.376428: E tensorflow/stream_executor/cuda/cuda_blas.cc:459] failed to create cublas handle: CUBLAS_STATUS_NOT_INITIALIZED
2019-09-30 12:15:14.376783: E tensorflow/stream_executor/cuda/cuda_blas.cc:459] failed to create cublas handle: CUBLAS_STATUS_NOT_INITIALIZED
2019-09-30 12:15:14.377137: E tensorflow/stream_executor/cuda/cuda_blas.cc:459] failed to create cublas handle: CUBLAS_STATUS_NOT_INITIALIZED
2019-09-30 12:15:14.377539: E tensorflow/stream_executor/cuda/cuda_blas.cc:459] failed to create cublas handle: CUBLAS_STATUS_NOT_INITIALIZED
2019-09-30 12:15:14.377904: E tensorflow/stream_executor/cuda/cuda_blas.cc:459] failed to create cublas handle: CUBLAS_STATUS_NOT_INITIALIZED
2019-09-30 12:15:14.378232: E tensorflow/stream_executor/cuda/cuda_blas.cc:459] failed to create cublas handle: CUBLAS_STATUS_NOT_INITIALIZED
2019-09-30 12:15:14.378561: E tensorflow/stream_executor/cuda/cuda_blas.cc:459] failed to create cublas handle: CUBLAS_STATUS_NOT_INITIALIZED
2019-09-30 12:15:14.379250: E tensorflow/stream_executor/cuda/cuda_blas.cc:459] failed to create cublas handle: CUBLAS_STATUS_NOT_INITIALIZED
2019-09-30 12:15:14.379632: E tensorflow/stream_executor/cuda/cuda_blas.cc:459] failed to create cublas handle: CUBLAS_STATUS_NOT_INITIALIZED
2019-09-30 12:15:14.379969: E tensorflow/stream_executor/cuda/cuda_blas.cc:459] failed to create cublas handle: CUBLAS_STATUS_NOT_INITIALIZED
2019-09-30 12:15:14.380381: E tensorflow/stream_executor/cuda/cuda_blas.cc:459] failed to create cublas handle: CUBLAS_STATUS_NOT_INITIALIZED
2019-09-30 12:15:14.380770: E tensorflow/stream_executor/cuda/cuda_blas.cc:459] failed to create cublas handle: CUBLAS_STATUS_NOT_INITIALIZED
2019-09-30 12:15:14.381121: E tensorflow/stream_executor/cuda/cuda_blas.cc:459] failed to create cublas handle: CUBLAS_STATUS_NOT_INITIALIZED
2019-09-30 12:15:14.381483: E tensorflow/stream_executor/cuda/cuda_blas.cc:459] failed to create cublas handle: CUBLAS_STATUS_NOT_INITIALIZED
2019-09-30 12:15:14.382175: E tensorflow/stream_executor/cuda/cuda_blas.cc:459] failed to create cublas handle: CUBLAS_STATUS_NOT_INITIALIZED
2019-09-30 12:15:14.382506: E tensorflow/stream_executor/cuda/cuda_blas.cc:459] failed to create cublas handle: CUBLAS_STATUS_NOT_INITIALIZED
2019-09-30 12:15:14.382835: E tensorflow/stream_executor/cuda/cuda_blas.cc:459] failed to create cublas handle: CUBLAS_STATUS_NOT_INITIALIZED
2019-09-30 12:15:14.383230: E tensorflow/stream_executor/cuda/cuda_blas.cc:459] failed to create cublas handle: CUBLAS_STATUS_NOT_INITIALIZED
2019-09-30 12:15:14.383618: E tensorflow/stream_executor/cuda/cuda_blas.cc:459] failed to create cublas handle: CUBLAS_STATUS_NOT_INITIALIZED
2019-09-30 12:15:14.383950: E tensorflow/stream_executor/cuda/cuda_blas.cc:459] failed to create cublas handle: CUBLAS_STATUS_NOT_INITIALIZED
2019-09-30 12:15:14.384287: E tensorflow/stream_executor/cuda/cuda_blas.cc:459] failed to create cublas handle: CUBLAS_STATUS_NOT_INITIALIZED
2019-09-30 12:15:14.384978: E tensorflow/stream_executor/cuda/cuda_blas.cc:459] failed to create cublas handle: CUBLAS_STATUS_NOT_INITIALIZED
2019-09-30 12:15:14.385367: E tensorflow/stream_executor/cuda/cuda_blas.cc:459] failed to create cublas handle: CUBLAS_STATUS_NOT_INITIALIZED
2019-09-30 12:15:14.385700: E tensorflow/stream_executor/cuda/cuda_blas.cc:459] failed to create cublas handle: CUBLAS_STATUS_NOT_INITIALIZED
2019-09-30 12:15:14.386090: E tensorflow/stream_executor/cuda/cuda_blas.cc:459] failed to create cublas handle: CUBLAS_STATUS_NOT_INITIALIZED
2019-09-30 12:15:14.386477: E tensorflow/stream_executor/cuda/cuda_blas.cc:459] failed to create cublas handle: CUBLAS_STATUS_NOT_INITIALIZED
2019-09-30 12:15:14.386830: E tensorflow/stream_executor/cuda/cuda_blas.cc:459] failed to create cublas handle: CUBLAS_STATUS_NOT_INITIALIZED
2019-09-30 12:15:14.387179: E tensorflow/stream_executor/cuda/cuda_blas.cc:459] failed to create cublas handle: CUBLAS_STATUS_NOT_INITIALIZED
2019-09-30 12:15:14.387872: E tensorflow/stream_executor/cuda/cuda_blas.cc:459] failed to create cublas handle: CUBLAS_STATUS_NOT_INITIALIZED
2019-09-30 12:15:14.388252: E tensorflow/stream_executor/cuda/cuda_blas.cc:459] failed to create cublas handle: CUBLAS_STATUS_NOT_INITIALIZED
2019-09-30 12:15:14.388606: E tensorflow/stream_executor/cuda/cuda_blas.cc:459] failed to create cublas handle: CUBLAS_STATUS_NOT_INITIALIZED
2019-09-30 12:15:14.389028: E tensorflow/stream_executor/cuda/cuda_blas.cc:459] failed to create cublas handle: CUBLAS_STATUS_NOT_INITIALIZED
2019-09-30 12:15:14.389418: E tensorflow/stream_executor/cuda/cuda_blas.cc:459] failed to create cublas handle: CUBLAS_STATUS_NOT_INITIALIZED
2019-09-30 12:15:14.389754: E tensorflow/stream_executor/cuda/cuda_blas.cc:459] failed to create cublas handle: CUBLAS_STATUS_NOT_INITIALIZED
2019-09-30 12:15:14.390087: E tensorflow/stream_executor/cuda/cuda_blas.cc:459] failed to create cublas handle: CUBLAS_STATUS_NOT_INITIALIZED
2019-09-30 12:15:14.390795: E tensorflow/stream_executor/cuda/cuda_blas.cc:459] failed to create cublas handle: CUBLAS_STATUS_NOT_INITIALIZED
2019-09-30 12:15:14.391158: E tensorflow/stream_executor/cuda/cuda_blas.cc:459] failed to create cublas handle: CUBLAS_STATUS_NOT_INITIALIZED
2019-09-30 12:15:14.391508: E tensorflow/stream_executor/cuda/cuda_blas.cc:459] failed to create cublas handle: CUBLAS_STATUS_NOT_INITIALIZED
2019-09-30 12:15:14.391904: E tensorflow/stream_executor/cuda/cuda_blas.cc:459] failed to create cublas handle: CUBLAS_STATUS_NOT_INITIALIZED
2019-09-30 12:15:14.392270: E tensorflow/stream_executor/cuda/cuda_blas.cc:459] failed to create cublas handle: CUBLAS_STATUS_NOT_INITIALIZED
2019-09-30 12:15:14.392622: E tensorflow/stream_executor/cuda/cuda_blas.cc:459] failed to create cublas handle: CUBLAS_STATUS_NOT_INITIALIZED
2019-09-30 12:15:14.392949: E tensorflow/stream_executor/cuda/cuda_blas.cc:459] failed to create cublas handle: CUBLAS_STATUS_NOT_INITIALIZED
2019-09-30 12:15:14.393646: E tensorflow/stream_executor/cuda/cuda_blas.cc:459] failed to create cublas handle: CUBLAS_STATUS_NOT_INITIALIZED
2019-09-30 12:15:14.394174: E tensorflow/stream_executor/cuda/cuda_blas.cc:459] failed to create cublas handle: CUBLAS_STATUS_NOT_INITIALIZED
2019-09-30 12:15:14.394512: E tensorflow/stream_executor/cuda/cuda_blas.cc:459] failed to create cublas handle: CUBLAS_STATUS_NOT_INITIALIZED
2019-09-30 12:15:14.394908: E tensorflow/stream_executor/cuda/cuda_blas.cc:459] failed to create cublas handle: CUBLAS_STATUS_NOT_INITIALIZED
2019-09-30 12:15:14.395270: E tensorflow/stream_executor/cuda/cuda_blas.cc:459] failed to create cublas handle: CUBLAS_STATUS_NOT_INITIALIZED
2019-09-30 12:15:14.395614: E tensorflow/stream_executor/cuda/cuda_blas.cc:459] failed to create cublas handle: CUBLAS_STATUS_NOT_INITIALIZED
2019-09-30 12:15:14.395969: E tensorflow/stream_executor/cuda/cuda_blas.cc:459] failed to create cublas handle: CUBLAS_STATUS_NOT_INITIALIZED
2019-09-30 12:15:14.396666: E tensorflow/stream_executor/cuda/cuda_blas.cc:459] failed to create cublas handle: CUBLAS_STATUS_NOT_INITIALIZED
2019-09-30 12:15:14.397055: E tensorflow/stream_executor/cuda/cuda_blas.cc:459] failed to create cublas handle: CUBLAS_STATUS_NOT_INITIALIZED
2019-09-30 12:15:14.397424: E tensorflow/stream_executor/cuda/cuda_blas.cc:459] failed to create cublas handle: CUBLAS_STATUS_NOT_INITIALIZED
2019-09-30 12:15:14.397839: E tensorflow/stream_executor/cuda/cuda_blas.cc:459] failed to create cublas handle: CUBLAS_STATUS_NOT_INITIALIZED
2019-09-30 12:15:14.398200: E tensorflow/stream_executor/cuda/cuda_blas.cc:459] failed to create cublas handle: CUBLAS_STATUS_NOT_INITIALIZED
2019-09-30 12:15:14.398534: E tensorflow/stream_executor/cuda/cuda_blas.cc:459] failed to create cublas handle: CUBLAS_STATUS_NOT_INITIALIZED
2019-09-30 12:15:14.398888: E tensorflow/stream_executor/cuda/cuda_blas.cc:459] failed to create cublas handle: CUBLAS_STATUS_NOT_INITIALIZED
2019-09-30 12:15:14.399602: E tensorflow/stream_executor/cuda/cuda_blas.cc:459] failed to create cublas handle: CUBLAS_STATUS_NOT_INITIALIZED
2019-09-30 12:15:14.400206: E tensorflow/stream_executor/cuda/cuda_blas.cc:459] failed to create cublas handle: CUBLAS_STATUS_NOT_INITIALIZED
2019-09-30 12:15:14.400544: E tensorflow/stream_executor/cuda/cuda_blas.cc:459] failed to create cublas handle: CUBLAS_STATUS_NOT_INITIALIZED
2019-09-30 12:15:14.400937: E tensorflow/stream_executor/cuda/cuda_blas.cc:459] failed to create cublas handle: CUBLAS_STATUS_NOT_INITIALIZED
2019-09-30 12:15:14.401336: E tensorflow/stream_executor/cuda/cuda_blas.cc:459] failed to create cublas handle: CUBLAS_STATUS_NOT_INITIALIZED
2019-09-30 12:15:14.401695: E tensorflow/stream_executor/cuda/cuda_blas.cc:459] failed to create cublas handle: CUBLAS_STATUS_NOT_INITIALIZED
2019-09-30 12:15:14.402047: E tensorflow/stream_executor/cuda/cuda_blas.cc:459] failed to create cublas handle: CUBLAS_STATUS_NOT_INITIALIZED
2019-09-30 12:15:14.402767: E tensorflow/stream_executor/cuda/cuda_blas.cc:459] failed to create cublas handle: CUBLAS_STATUS_NOT_INITIALIZED
2019-09-30 12:15:14.403135: E tensorflow/stream_executor/cuda/cuda_blas.cc:459] failed to create cublas handle: CUBLAS_STATUS_NOT_INITIALIZED
2019-09-30 12:15:14.403493: E tensorflow/stream_executor/cuda/cuda_blas.cc:459] failed to create cublas handle: CUBLAS_STATUS_NOT_INITIALIZED
2019-09-30 12:15:14.403911: E tensorflow/stream_executor/cuda/cuda_blas.cc:459] failed to create cublas handle: CUBLAS_STATUS_NOT_INITIALIZED
2019-09-30 12:15:14.404270: E tensorflow/stream_executor/cuda/cuda_blas.cc:459] failed to create cublas handle: CUBLAS_STATUS_NOT_INITIALIZED
2019-09-30 12:15:14.404624: E tensorflow/stream_executor/cuda/cuda_blas.cc:459] failed to create cublas handle: CUBLAS_STATUS_NOT_INITIALIZED
2019-09-30 12:15:14.404956: E tensorflow/stream_executor/cuda/cuda_blas.cc:459] failed to create cublas handle: CUBLAS_STATUS_NOT_INITIALIZED
2019-09-30 12:15:14.405672: E tensorflow/stream_executor/cuda/cuda_blas.cc:459] failed to create cublas handle: CUBLAS_STATUS_NOT_INITIALIZED
2019-09-30 12:15:14.406006: E tensorflow/stream_executor/cuda/cuda_blas.cc:459] failed to create cublas handle: CUBLAS_STATUS_NOT_INITIALIZED
2019-09-30 12:15:14.406367: E tensorflow/stream_executor/cuda/cuda_blas.cc:459] failed to create cublas handle: CUBLAS_STATUS_NOT_INITIALIZED
2019-09-30 12:15:14.406779: E tensorflow/stream_executor/cuda/cuda_blas.cc:459] failed to create cublas handle: CUBLAS_STATUS_NOT_INITIALIZED
2019-09-30 12:15:14.407147: E tensorflow/stream_executor/cuda/cuda_blas.cc:459] failed to create cublas handle: CUBLAS_STATUS_NOT_INITIALIZED
2019-09-30 12:15:14.407501: E tensorflow/stream_executor/cuda/cuda_blas.cc:459] failed to create cublas handle: CUBLAS_STATUS_NOT_INITIALIZED
2019-09-30 12:15:14.407856: E tensorflow/stream_executor/cuda/cuda_blas.cc:459] failed to create cublas handle: CUBLAS_STATUS_NOT_INITIALIZED
2019-09-30 12:15:14.408562: E tensorflow/stream_executor/cuda/cuda_blas.cc:459] failed to create cublas handle: CUBLAS_STATUS_NOT_INITIALIZED
2019-09-30 12:15:14.408952: E tensorflow/stream_executor/cuda/cuda_blas.cc:459] failed to create cublas handle: CUBLAS_STATUS_NOT_INITIALIZED
2019-09-30 12:15:14.409301: E tensorflow/stream_executor/cuda/cuda_blas.cc:459] failed to create cublas handle: CUBLAS_STATUS_NOT_INITIALIZED
2019-09-30 12:15:14.409700: E tensorflow/stream_executor/cuda/cuda_blas.cc:459] failed to create cublas handle: CUBLAS_STATUS_NOT_INITIALIZED
2019-09-30 12:15:14.410090: E tensorflow/stream_executor/cuda/cuda_blas.cc:459] failed to create cublas handle: CUBLAS_STATUS_NOT_INITIALIZED
2019-09-30 12:15:14.410420: E tensorflow/stream_executor/cuda/cuda_blas.cc:459] failed to create cublas handle: CUBLAS_STATUS_NOT_INITIALIZED
2019-09-30 12:15:14.410749: E tensorflow/stream_executor/cuda/cuda_blas.cc:459] failed to create cublas handle: CUBLAS_STATUS_NOT_INITIALIZED
2019-09-30 12:15:14.411447: E tensorflow/stream_executor/cuda/cuda_blas.cc:459] failed to create cublas handle: CUBLAS_STATUS_NOT_INITIALIZED
2019-09-30 12:15:14.411829: E tensorflow/stream_executor/cuda/cuda_blas.cc:459] failed to create cublas handle: CUBLAS_STATUS_NOT_INITIALIZED
2019-09-30 12:15:14.412186: E tensorflow/stream_executor/cuda/cuda_blas.cc:459] failed to create cublas handle: CUBLAS_STATUS_NOT_INITIALIZED
2019-09-30 12:15:14.412595: E tensorflow/stream_executor/cuda/cuda_blas.cc:459] failed to create cublas handle: CUBLAS_STATUS_NOT_INITIALIZED
2019-09-30 12:15:14.412983: E tensorflow/stream_executor/cuda/cuda_blas.cc:459] failed to create cublas handle: CUBLAS_STATUS_NOT_INITIALIZED
2019-09-30 12:15:14.413327: E tensorflow/stream_executor/cuda/cuda_blas.cc:459] failed to create cublas handle: CUBLAS_STATUS_NOT_INITIALIZED
2019-09-30 12:15:14.413686: E tensorflow/stream_executor/cuda/cuda_blas.cc:459] failed to create cublas handle: CUBLAS_STATUS_NOT_INITIALIZED
2019-09-30 12:15:14.414394: E tensorflow/stream_executor/cuda/cuda_blas.cc:459] failed to create cublas handle: CUBLAS_STATUS_NOT_INITIALIZED
2019-09-30 12:15:14.414731: E tensorflow/stream_executor/cuda/cuda_blas.cc:459] failed to create cublas handle: CUBLAS_STATUS_NOT_INITIALIZED
2019-09-30 12:15:14.415084: E tensorflow/stream_executor/cuda/cuda_blas.cc:459] failed to create cublas handle: CUBLAS_STATUS_NOT_INITIALIZED
2019-09-30 12:15:14.415480: E tensorflow/stream_executor/cuda/cuda_blas.cc:459] failed to create cublas handle: CUBLAS_STATUS_NOT_INITIALIZED
2019-09-30 12:15:14.415838: E tensorflow/stream_executor/cuda/cuda_blas.cc:459] failed to create cublas handle: CUBLAS_STATUS_NOT_INITIALIZED
2019-09-30 12:15:14.416168: E tensorflow/stream_executor/cuda/cuda_blas.cc:459] failed to create cublas handle: CUBLAS_STATUS_NOT_INITIALIZED
2019-09-30 12:15:14.416524: E tensorflow/stream_executor/cuda/cuda_blas.cc:459] failed to create cublas handle: CUBLAS_STATUS_NOT_INITIALIZED
2019-09-30 12:15:14.417251: E tensorflow/stream_executor/cuda/cuda_blas.cc:459] failed to create cublas handle: CUBLAS_STATUS_NOT_INITIALIZED
2019-09-30 12:15:14.417617: E tensorflow/stream_executor/cuda/cuda_blas.cc:459] failed to create cublas handle: CUBLAS_STATUS_NOT_INITIALIZED
2019-09-30 12:15:14.417957: E tensorflow/stream_executor/cuda/cuda_blas.cc:459] failed to create cublas handle: CUBLAS_STATUS_NOT_INITIALIZED
2019-09-30 12:15:14.418351: E tensorflow/stream_executor/cuda/cuda_blas.cc:459] failed to create cublas handle: CUBLAS_STATUS_NOT_INITIALIZED
2019-09-30 12:15:14.418744: E tensorflow/stream_executor/cuda/cuda_blas.cc:459] failed to create cublas handle: CUBLAS_STATUS_NOT_INITIALIZED
2019-09-30 12:15:14.419101: E tensorflow/stream_executor/cuda/cuda_blas.cc:459] failed to create cublas handle: CUBLAS_STATUS_NOT_INITIALIZED
2019-09-30 12:15:14.419439: E tensorflow/stream_executor/cuda/cuda_blas.cc:459] failed to create cublas handle: CUBLAS_STATUS_NOT_INITIALIZED
2019-09-30 12:15:14.420160: E tensorflow/stream_executor/cuda/cuda_blas.cc:459] failed to create cublas handle: CUBLAS_STATUS_NOT_INITIALIZED
2019-09-30 12:15:14.420519: E tensorflow/stream_executor/cuda/cuda_blas.cc:459] failed to create cublas handle: CUBLAS_STATUS_NOT_INITIALIZED
2019-09-30 12:15:14.420873: E tensorflow/stream_executor/cuda/cuda_blas.cc:459] failed to create cublas handle: CUBLAS_STATUS_NOT_INITIALIZED
2019-09-30 12:15:14.421278: E tensorflow/stream_executor/cuda/cuda_blas.cc:459] failed to create cublas handle: CUBLAS_STATUS_NOT_INITIALIZED
2019-09-30 12:15:14.421648: E tensorflow/stream_executor/cuda/cuda_blas.cc:459] failed to create cublas handle: CUBLAS_STATUS_NOT_INITIALIZED
2019-09-30 12:15:14.422004: E tensorflow/stream_executor/cuda/cuda_blas.cc:459] failed to create cublas handle: CUBLAS_STATUS_NOT_INITIALIZED
2019-09-30 12:15:14.422365: E tensorflow/stream_executor/cuda/cuda_blas.cc:459] failed to create cublas handle: CUBLAS_STATUS_NOT_INITIALIZED
2019-09-30 12:15:14.423078: E tensorflow/stream_executor/cuda/cuda_blas.cc:459] failed to create cublas handle: CUBLAS_STATUS_NOT_INITIALIZED
2019-09-30 12:15:14.423441: E tensorflow/stream_executor/cuda/cuda_blas.cc:459] failed to create cublas handle: CUBLAS_STATUS_NOT_INITIALIZED
2019-09-30 12:15:14.423778: E tensorflow/stream_executor/cuda/cuda_blas.cc:459] failed to create cublas handle: CUBLAS_STATUS_NOT_INITIALIZED
2019-09-30 12:15:14.424176: E tensorflow/stream_executor/cuda/cuda_blas.cc:459] failed to create cublas handle: CUBLAS_STATUS_NOT_INITIALIZED
2019-09-30 12:15:14.424570: E tensorflow/stream_executor/cuda/cuda_blas.cc:459] failed to create cublas handle: CUBLAS_STATUS_NOT_INITIALIZED
2019-09-30 12:15:14.424920: E tensorflow/stream_executor/cuda/cuda_blas.cc:459] failed to create cublas handle: CUBLAS_STATUS_NOT_INITIALIZED
2019-09-30 12:15:14.425287: E tensorflow/stream_executor/cuda/cuda_blas.cc:459] failed to create cublas handle: CUBLAS_STATUS_NOT_INITIALIZED
2019-09-30 12:15:14.425977: E tensorflow/stream_executor/cuda/cuda_blas.cc:459] failed to create cublas handle: CUBLAS_STATUS_NOT_INITIALIZED
2019-09-30 12:15:14.426317: E tensorflow/stream_executor/cuda/cuda_blas.cc:459] failed to create cublas handle: CUBLAS_STATUS_NOT_INITIALIZED
2019-09-30 12:15:14.426672: E tensorflow/stream_executor/cuda/cuda_blas.cc:459] failed to create cublas handle: CUBLAS_STATUS_NOT_INITIALIZED
2019-09-30 12:15:14.427085: E tensorflow/stream_executor/cuda/cuda_blas.cc:459] failed to create cublas handle: CUBLAS_STATUS_NOT_INITIALIZED
2019-09-30 12:15:14.427472: E tensorflow/stream_executor/cuda/cuda_blas.cc:459] failed to create cublas handle: CUBLAS_STATUS_NOT_INITIALIZED
2019-09-30 12:15:14.427809: E tensorflow/stream_executor/cuda/cuda_blas.cc:459] failed to create cublas handle: CUBLAS_STATUS_NOT_INITIALIZED
2019-09-30 12:15:14.428160: E tensorflow/stream_executor/cuda/cuda_blas.cc:459] failed to create cublas handle: CUBLAS_STATUS_NOT_INITIALIZED
2019-09-30 12:15:14.428844: E tensorflow/stream_executor/cuda/cuda_blas.cc:459] failed to create cublas handle: CUBLAS_STATUS_NOT_INITIALIZED
2019-09-30 12:15:14.429229: E tensorflow/stream_executor/cuda/cuda_blas.cc:459] failed to create cublas handle: CUBLAS_STATUS_NOT_INITIALIZED
2019-09-30 12:15:14.429593: E tensorflow/stream_executor/cuda/cuda_blas.cc:459] failed to create cublas handle: CUBLAS_STATUS_NOT_INITIALIZED
2019-09-30 12:15:14.429990: E tensorflow/stream_executor/cuda/cuda_blas.cc:459] failed to create cublas handle: CUBLAS_STATUS_NOT_INITIALIZED
2019-09-30 12:15:14.430381: E tensorflow/stream_executor/cuda/cuda_blas.cc:459] failed to create cublas handle: CUBLAS_STATUS_NOT_INITIALIZED
2019-09-30 12:15:14.430738: E tensorflow/stream_executor/cuda/cuda_blas.cc:459] failed to create cublas handle: CUBLAS_STATUS_NOT_INITIALIZED
2019-09-30 12:15:14.431088: E tensorflow/stream_executor/cuda/cuda_blas.cc:459] failed to create cublas handle: CUBLAS_STATUS_NOT_INITIALIZED
2019-09-30 12:15:14.431779: E tensorflow/stream_executor/cuda/cuda_blas.cc:459] failed to create cublas handle: CUBLAS_STATUS_NOT_INITIALIZED
2019-09-30 12:15:14.432164: E tensorflow/stream_executor/cuda/cuda_blas.cc:459] failed to create cublas handle: CUBLAS_STATUS_NOT_INITIALIZED
2019-09-30 12:15:14.432503: E tensorflow/stream_executor/cuda/cuda_blas.cc:459] failed to create cublas handle: CUBLAS_STATUS_NOT_INITIALIZED
2019-09-30 12:15:14.432900: E tensorflow/stream_executor/cuda/cuda_blas.cc:459] failed to create cublas handle: CUBLAS_STATUS_NOT_INITIALIZED
2019-09-30 12:15:14.433269: E tensorflow/stream_executor/cuda/cuda_blas.cc:459] failed to create cublas handle: CUBLAS_STATUS_NOT_INITIALIZED
2019-09-30 12:15:14.433606: E tensorflow/stream_executor/cuda/cuda_blas.cc:459] failed to create cublas handle: CUBLAS_STATUS_NOT_INITIALIZED
2019-09-30 12:15:14.433938: E tensorflow/stream_executor/cuda/cuda_blas.cc:459] failed to create cublas handle: CUBLAS_STATUS_NOT_INITIALIZED
2019-09-30 12:15:14.434630: E tensorflow/stream_executor/cuda/cuda_blas.cc:459] failed to create cublas handle: CUBLAS_STATUS_NOT_INITIALIZED
2019-09-30 12:15:14.435011: E tensorflow/stream_executor/cuda/cuda_blas.cc:459] failed to create cublas handle: CUBLAS_STATUS_NOT_INITIALIZED
2019-09-30 12:15:14.435365: E tensorflow/stream_executor/cuda/cuda_blas.cc:459] failed to create cublas handle: CUBLAS_STATUS_NOT_INITIALIZED
2019-09-30 12:15:14.435752: E tensorflow/stream_executor/cuda/cuda_blas.cc:459] failed to create cublas handle: CUBLAS_STATUS_NOT_INITIALIZED
2019-09-30 12:15:14.436117: E tensorflow/stream_executor/cuda/cuda_blas.cc:459] failed to create cublas handle: CUBLAS_STATUS_NOT_INITIALIZED
2019-09-30 12:15:14.436475: E tensorflow/stream_executor/cuda/cuda_blas.cc:459] failed to create cublas handle: CUBLAS_STATUS_NOT_INITIALIZED
2019-09-30 12:15:14.436830: E tensorflow/stream_executor/cuda/cuda_blas.cc:459] failed to create cublas handle: CUBLAS_STATUS_NOT_INITIALIZED
2019-09-30 12:15:14.437562: E tensorflow/stream_executor/cuda/cuda_blas.cc:459] failed to create cublas handle: CUBLAS_STATUS_NOT_INITIALIZED
2019-09-30 12:15:14.437921: E tensorflow/stream_executor/cuda/cuda_blas.cc:459] failed to create cublas handle: CUBLAS_STATUS_NOT_INITIALIZED
2019-09-30 12:15:14.438255: E tensorflow/stream_executor/cuda/cuda_blas.cc:459] failed to create cublas handle: CUBLAS_STATUS_NOT_INITIALIZED
2019-09-30 12:15:14.438668: E tensorflow/stream_executor/cuda/cuda_blas.cc:459] failed to create cublas handle: CUBLAS_STATUS_NOT_INITIALIZED
2019-09-30 12:15:14.439040: E tensorflow/stream_executor/cuda/cuda_blas.cc:459] failed to create cublas handle: CUBLAS_STATUS_NOT_INITIALIZED
2019-09-30 12:15:14.439388: E tensorflow/stream_executor/cuda/cuda_blas.cc:459] failed to create cublas handle: CUBLAS_STATUS_NOT_INITIALIZED
2019-09-30 12:15:14.439713: E tensorflow/stream_executor/cuda/cuda_blas.cc:459] failed to create cublas handle: CUBLAS_STATUS_NOT_INITIALIZED
2019-09-30 12:15:14.440400: E tensorflow/stream_executor/cuda/cuda_blas.cc:459] failed to create cublas handle: CUBLAS_STATUS_NOT_INITIALIZED
2019-09-30 12:15:14.440775: E tensorflow/stream_executor/cuda/cuda_blas.cc:459] failed to create cublas handle: CUBLAS_STATUS_NOT_INITIALIZED
2019-09-30 12:15:14.441133: E tensorflow/stream_executor/cuda/cuda_blas.cc:459] failed to create cublas handle: CUBLAS_STATUS_NOT_INITIALIZED
2019-09-30 12:15:14.441541: E tensorflow/stream_executor/cuda/cuda_blas.cc:459] failed to create cublas handle: CUBLAS_STATUS_NOT_INITIALIZED
2019-09-30 12:15:14.441905: E tensorflow/stream_executor/cuda/cuda_blas.cc:459] failed to create cublas handle: CUBLAS_STATUS_NOT_INITIALIZED
2019-09-30 12:15:14.442246: E tensorflow/stream_executor/cuda/cuda_blas.cc:459] failed to create cublas handle: CUBLAS_STATUS_NOT_INITIALIZED
2019-09-30 12:15:14.442609: E tensorflow/stream_executor/cuda/cuda_blas.cc:459] failed to create cublas handle: CUBLAS_STATUS_NOT_INITIALIZED
2019-09-30 12:15:14.443313: E tensorflow/stream_executor/cuda/cuda_blas.cc:459] failed to create cublas handle: CUBLAS_STATUS_NOT_INITIALIZED
2019-09-30 12:15:14.443674: E tensorflow/stream_executor/cuda/cuda_blas.cc:459] failed to create cublas handle: CUBLAS_STATUS_NOT_INITIALIZED
2019-09-30 12:15:14.444008: E tensorflow/stream_executor/cuda/cuda_blas.cc:459] failed to create cublas handle: CUBLAS_STATUS_NOT_INITIALIZED
2019-09-30 12:15:14.444401: E tensorflow/stream_executor/cuda/cuda_blas.cc:459] failed to create cublas handle: CUBLAS_STATUS_NOT_INITIALIZED
2019-09-30 12:15:14.444761: E tensorflow/stream_executor/cuda/cuda_blas.cc:459] failed to create cublas handle: CUBLAS_STATUS_NOT_INITIALIZED
2019-09-30 12:15:14.445113: E tensorflow/stream_executor/cuda/cuda_blas.cc:459] failed to create cublas handle: CUBLAS_STATUS_NOT_INITIALIZED
2019-09-30 12:15:14.445483: E tensorflow/stream_executor/cuda/cuda_blas.cc:459] failed to create cublas handle: CUBLAS_STATUS_NOT_INITIALIZED
2019-09-30 12:15:14.446179: E tensorflow/stream_executor/cuda/cuda_blas.cc:459] failed to create cublas handle: CUBLAS_STATUS_NOT_INITIALIZED
2019-09-30 12:15:14.446538: E tensorflow/stream_executor/cuda/cuda_blas.cc:459] failed to create cublas handle: CUBLAS_STATUS_NOT_INITIALIZED
2019-09-30 12:15:14.446877: E tensorflow/stream_executor/cuda/cuda_blas.cc:459] failed to create cublas handle: CUBLAS_STATUS_NOT_INITIALIZED
2019-09-30 12:15:14.447295: E tensorflow/stream_executor/cuda/cuda_blas.cc:459] failed to create cublas handle: CUBLAS_STATUS_NOT_INITIALIZED
2019-09-30 12:15:14.447679: E tensorflow/stream_executor/cuda/cuda_blas.cc:459] failed to create cublas handle: CUBLAS_STATUS_NOT_INITIALIZED
2019-09-30 12:15:14.448032: E tensorflow/stream_executor/cuda/cuda_blas.cc:459] failed to create cublas handle: CUBLAS_STATUS_NOT_INITIALIZED
2019-09-30 12:15:14.448366: E tensorflow/stream_executor/cuda/cuda_blas.cc:459] failed to create cublas handle: CUBLAS_STATUS_NOT_INITIALIZED
2019-09-30 12:15:14.449052: E tensorflow/stream_executor/cuda/cuda_blas.cc:459] failed to create cublas handle: CUBLAS_STATUS_NOT_INITIALIZED
2019-09-30 12:15:14.449408: E tensorflow/stream_executor/cuda/cuda_blas.cc:459] failed to create cublas handle: CUBLAS_STATUS_NOT_INITIALIZED
2019-09-30 12:15:14.449739: E tensorflow/stream_executor/cuda/cuda_blas.cc:459] failed to create cublas handle: CUBLAS_STATUS_NOT_INITIALIZED
2019-09-30 12:15:14.450129: E tensorflow/stream_executor/cuda/cuda_blas.cc:459] failed to create cublas handle: CUBLAS_STATUS_NOT_INITIALIZED
2019-09-30 12:15:14.450495: E tensorflow/stream_executor/cuda/cuda_blas.cc:459] failed to create cublas handle: CUBLAS_STATUS_NOT_INITIALIZED
2019-09-30 12:15:14.450849: E tensorflow/stream_executor/cuda/cuda_blas.cc:459] failed to create cublas handle: CUBLAS_STATUS_NOT_INITIALIZED
2019-09-30 12:15:14.451207: E tensorflow/stream_executor/cuda/cuda_blas.cc:459] failed to create cublas handle: CUBLAS_STATUS_NOT_INITIALIZED
2019-09-30 12:15:14.451900: E tensorflow/stream_executor/cuda/cuda_blas.cc:459] failed to create cublas handle: CUBLAS_STATUS_NOT_INITIALIZED
2019-09-30 12:15:14.452281: E tensorflow/stream_executor/cuda/cuda_blas.cc:459] failed to create cublas handle: CUBLAS_STATUS_NOT_INITIALIZED
2019-09-30 12:15:14.452618: E tensorflow/stream_executor/cuda/cuda_blas.cc:459] failed to create cublas handle: CUBLAS_STATUS_NOT_INITIALIZED
2019-09-30 12:15:14.453030: E tensorflow/stream_executor/cuda/cuda_blas.cc:459] failed to create cublas handle: CUBLAS_STATUS_NOT_INITIALIZED
2019-09-30 12:15:14.453427: E tensorflow/stream_executor/cuda/cuda_blas.cc:459] failed to create cublas handle: CUBLAS_STATUS_NOT_INITIALIZED
2019-09-30 12:15:14.453770: E tensorflow/stream_executor/cuda/cuda_blas.cc:459] failed to create cublas handle: CUBLAS_STATUS_NOT_INITIALIZED
2019-09-30 12:15:14.454099: E tensorflow/stream_executor/cuda/cuda_blas.cc:459] failed to create cublas handle: CUBLAS_STATUS_NOT_INITIALIZED
2019-09-30 12:15:14.454794: E tensorflow/stream_executor/cuda/cuda_blas.cc:459] failed to create cublas handle: CUBLAS_STATUS_NOT_INITIALIZED
2019-09-30 12:15:14.455152: E tensorflow/stream_executor/cuda/cuda_blas.cc:459] failed to create cublas handle: CUBLAS_STATUS_NOT_INITIALIZED
2019-09-30 12:15:14.455508: E tensorflow/stream_executor/cuda/cuda_blas.cc:459] failed to create cublas handle: CUBLAS_STATUS_NOT_INITIALIZED
2019-09-30 12:15:14.455897: E tensorflow/stream_executor/cuda/cuda_blas.cc:459] failed to create cublas handle: CUBLAS_STATUS_NOT_INITIALIZED
2019-09-30 12:15:14.456282: E tensorflow/stream_executor/cuda/cuda_blas.cc:459] failed to create cublas handle: CUBLAS_STATUS_NOT_INITIALIZED
2019-09-30 12:15:14.456616: E tensorflow/stream_executor/cuda/cuda_blas.cc:459] failed to create cublas handle: CUBLAS_STATUS_NOT_INITIALIZED
2019-09-30 12:15:14.456942: E tensorflow/stream_executor/cuda/cuda_blas.cc:459] failed to create cublas handle: CUBLAS_STATUS_NOT_INITIALIZED
2019-09-30 12:15:14.457632: E tensorflow/stream_executor/cuda/cuda_blas.cc:459] failed to create cublas handle: CUBLAS_STATUS_NOT_INITIALIZED
2019-09-30 12:15:14.457988: E tensorflow/stream_executor/cuda/cuda_blas.cc:459] failed to create cublas handle: CUBLAS_STATUS_NOT_INITIALIZED
2019-09-30 12:15:14.458350: E tensorflow/stream_executor/cuda/cuda_blas.cc:459] failed to create cublas handle: CUBLAS_STATUS_NOT_INITIALIZED
2019-09-30 12:15:14.458743: E tensorflow/stream_executor/cuda/cuda_blas.cc:459] failed to create cublas handle: CUBLAS_STATUS_NOT_INITIALIZED
2019-09-30 12:15:14.459127: E tensorflow/stream_executor/cuda/cuda_blas.cc:459] failed to create cublas handle: CUBLAS_STATUS_NOT_INITIALIZED
2019-09-30 12:15:14.459455: E tensorflow/stream_executor/cuda/cuda_blas.cc:459] failed to create cublas handle: CUBLAS_STATUS_NOT_INITIALIZED
2019-09-30 12:15:14.459785: E tensorflow/stream_executor/cuda/cuda_blas.cc:459] failed to create cublas handle: CUBLAS_STATUS_NOT_INITIALIZED
2019-09-30 12:15:14.460490: E tensorflow/stream_executor/cuda/cuda_blas.cc:459] failed to create cublas handle: CUBLAS_STATUS_NOT_INITIALIZED
2019-09-30 12:15:14.460853: E tensorflow/stream_executor/cuda/cuda_blas.cc:459] failed to create cublas handle: CUBLAS_STATUS_NOT_INITIALIZED
2019-09-30 12:15:14.461187: E tensorflow/stream_executor/cuda/cuda_blas.cc:459] failed to create cublas handle: CUBLAS_STATUS_NOT_INITIALIZED
2019-09-30 12:15:14.461592: E tensorflow/stream_executor/cuda/cuda_blas.cc:459] failed to create cublas handle: CUBLAS_STATUS_NOT_INITIALIZED
2019-09-30 12:15:14.461956: E tensorflow/stream_executor/cuda/cuda_blas.cc:459] failed to create cublas handle: CUBLAS_STATUS_NOT_INITIALIZED
2019-09-30 12:15:14.462310: E tensorflow/stream_executor/cuda/cuda_blas.cc:459] failed to create cublas handle: CUBLAS_STATUS_NOT_INITIALIZED
2019-09-30 12:15:14.462646: E tensorflow/stream_executor/cuda/cuda_blas.cc:459] failed to create cublas handle: CUBLAS_STATUS_NOT_INITIALIZED
2019-09-30 12:15:14.463332: E tensorflow/stream_executor/cuda/cuda_blas.cc:459] failed to create cublas handle: CUBLAS_STATUS_NOT_INITIALIZED
2019-09-30 12:15:14.463718: E tensorflow/stream_executor/cuda/cuda_blas.cc:459] failed to create cublas handle: CUBLAS_STATUS_NOT_INITIALIZED
2019-09-30 12:15:14.464051: E tensorflow/stream_executor/cuda/cuda_blas.cc:459] failed to create cublas handle: CUBLAS_STATUS_NOT_INITIALIZED
2019-09-30 12:15:14.464465: E tensorflow/stream_executor/cuda/cuda_blas.cc:459] failed to create cublas handle: CUBLAS_STATUS_NOT_INITIALIZED
2019-09-30 12:15:14.464830: E tensorflow/stream_executor/cuda/cuda_blas.cc:459] failed to create cublas handle: CUBLAS_STATUS_NOT_INITIALIZED
2019-09-30 12:15:14.465183: E tensorflow/stream_executor/cuda/cuda_blas.cc:459] failed to create cublas handle: CUBLAS_STATUS_NOT_INITIALIZED
2019-09-30 12:15:14.465554: E tensorflow/stream_executor/cuda/cuda_blas.cc:459] failed to create cublas handle: CUBLAS_STATUS_NOT_INITIALIZED
2019-09-30 12:15:14.466256: E tensorflow/stream_executor/cuda/cuda_blas.cc:459] failed to create cublas handle: CUBLAS_STATUS_NOT_INITIALIZED
2019-09-30 12:15:14.466637: E tensorflow/stream_executor/cuda/cuda_blas.cc:459] failed to create cublas handle: CUBLAS_STATUS_NOT_INITIALIZED
2019-09-30 12:15:14.466973: E tensorflow/stream_executor/cuda/cuda_blas.cc:459] failed to create cublas handle: CUBLAS_STATUS_NOT_INITIALIZED
2019-09-30 12:15:14.467387: E tensorflow/stream_executor/cuda/cuda_blas.cc:459] failed to create cublas handle: CUBLAS_STATUS_NOT_INITIALIZED
2019-09-30 12:15:14.467777: E tensorflow/stream_executor/cuda/cuda_blas.cc:459] failed to create cublas handle: CUBLAS_STATUS_NOT_INITIALIZED
2019-09-30 12:15:14.468113: E tensorflow/stream_executor/cuda/cuda_blas.cc:459] failed to create cublas handle: CUBLAS_STATUS_NOT_INITIALIZED
2019-09-30 12:15:14.468465: E tensorflow/stream_executor/cuda/cuda_blas.cc:459] failed to create cublas handle: CUBLAS_STATUS_NOT_INITIALIZED
2019-09-30 12:15:14.469160: E tensorflow/stream_executor/cuda/cuda_blas.cc:459] failed to create cublas handle: CUBLAS_STATUS_NOT_INITIALIZED
2019-09-30 12:15:14.469551: E tensorflow/stream_executor/cuda/cuda_blas.cc:459] failed to create cublas handle: CUBLAS_STATUS_NOT_INITIALIZED
2019-09-30 12:15:14.469881: E tensorflow/stream_executor/cuda/cuda_blas.cc:459] failed to create cublas handle: CUBLAS_STATUS_NOT_INITIALIZED
2019-09-30 12:15:14.470265: E tensorflow/stream_executor/cuda/cuda_blas.cc:459] failed to create cublas handle: CUBLAS_STATUS_NOT_INITIALIZED
2019-09-30 12:15:14.470653: E tensorflow/stream_executor/cuda/cuda_blas.cc:459] failed to create cublas handle: CUBLAS_STATUS_NOT_INITIALIZED
2019-09-30 12:15:14.470985: E tensorflow/stream_executor/cuda/cuda_blas.cc:459] failed to create cublas handle: CUBLAS_STATUS_NOT_INITIALIZED
2019-09-30 12:15:14.471342: E tensorflow/stream_executor/cuda/cuda_blas.cc:459] failed to create cublas handle: CUBLAS_STATUS_NOT_INITIALIZED
2019-09-30 12:15:14.472048: E tensorflow/stream_executor/cuda/cuda_blas.cc:459] failed to create cublas handle: CUBLAS_STATUS_NOT_INITIALIZED
2019-09-30 12:15:14.472405: E tensorflow/stream_executor/cuda/cuda_blas.cc:459] failed to create cublas handle: CUBLAS_STATUS_NOT_INITIALIZED
2019-09-30 12:15:14.472757: E tensorflow/stream_executor/cuda/cuda_blas.cc:459] failed to create cublas handle: CUBLAS_STATUS_NOT_INITIALIZED
2019-09-30 12:15:14.473148: E tensorflow/stream_executor/cuda/cuda_blas.cc:459] failed to create cublas handle: CUBLAS_STATUS_NOT_INITIALIZED
2019-09-30 12:15:14.473519: E tensorflow/stream_executor/cuda/cuda_blas.cc:459] failed to create cublas handle: CUBLAS_STATUS_NOT_INITIALIZED
2019-09-30 12:15:14.473876: E tensorflow/stream_executor/cuda/cuda_blas.cc:459] failed to create cublas handle: CUBLAS_STATUS_NOT_INITIALIZED
2019-09-30 12:15:14.474212: E tensorflow/stream_executor/cuda/cuda_blas.cc:459] failed to create cublas handle: CUBLAS_STATUS_NOT_INITIALIZED
2019-09-30 12:15:14.474918: E tensorflow/stream_executor/cuda/cuda_blas.cc:459] failed to create cublas handle: CUBLAS_STATUS_NOT_INITIALIZED
2019-09-30 12:15:14.475286: E tensorflow/stream_executor/cuda/cuda_blas.cc:459] failed to create cublas handle: CUBLAS_STATUS_NOT_INITIALIZED
2019-09-30 12:15:14.475639: E tensorflow/stream_executor/cuda/cuda_blas.cc:459] failed to create cublas handle: CUBLAS_STATUS_NOT_INITIALIZED
2019-09-30 12:15:14.476057: E tensorflow/stream_executor/cuda/cuda_blas.cc:459] failed to create cublas handle: CUBLAS_STATUS_NOT_INITIALIZED
2019-09-30 12:15:14.476418: E tensorflow/stream_executor/cuda/cuda_blas.cc:459] failed to create cublas handle: CUBLAS_STATUS_NOT_INITIALIZED
2019-09-30 12:15:14.476775: E tensorflow/stream_executor/cuda/cuda_blas.cc:459] failed to create cublas handle: CUBLAS_STATUS_NOT_INITIALIZED
2019-09-30 12:15:14.477107: E tensorflow/stream_executor/cuda/cuda_blas.cc:459] failed to create cublas handle: CUBLAS_STATUS_NOT_INITIALIZED
2019-09-30 12:15:14.477826: E tensorflow/stream_executor/cuda/cuda_blas.cc:459] failed to create cublas handle: CUBLAS_STATUS_NOT_INITIALIZED
2019-09-30 12:15:14.478211: E tensorflow/stream_executor/cuda/cuda_blas.cc:459] failed to create cublas handle: CUBLAS_STATUS_NOT_INITIALIZED
2019-09-30 12:15:14.478556: E tensorflow/stream_executor/cuda/cuda_blas.cc:459] failed to create cublas handle: CUBLAS_STATUS_NOT_INITIALIZED
2019-09-30 12:15:14.478951: E tensorflow/stream_executor/cuda/cuda_blas.cc:459] failed to create cublas handle: CUBLAS_STATUS_NOT_INITIALIZED
2019-09-30 12:15:14.479317: E tensorflow/stream_executor/cuda/cuda_blas.cc:459] failed to create cublas handle: CUBLAS_STATUS_NOT_INITIALIZED
2019-09-30 12:15:14.479645: E tensorflow/stream_executor/cuda/cuda_blas.cc:459] failed to create cublas handle: CUBLAS_STATUS_NOT_INITIALIZED
2019-09-30 12:15:14.479973: E tensorflow/stream_executor/cuda/cuda_blas.cc:459] failed to create cublas handle: CUBLAS_STATUS_NOT_INITIALIZED
2019-09-30 12:15:14.480671: E tensorflow/stream_executor/cuda/cuda_blas.cc:459] failed to create cublas handle: CUBLAS_STATUS_NOT_INITIALIZED
2019-09-30 12:15:14.481052: E tensorflow/stream_executor/cuda/cuda_blas.cc:459] failed to create cublas handle: CUBLAS_STATUS_NOT_INITIALIZED
2019-09-30 12:15:14.481399: E tensorflow/stream_executor/cuda/cuda_blas.cc:459] failed to create cublas handle: CUBLAS_STATUS_NOT_INITIALIZED
2019-09-30 12:15:14.481795: E tensorflow/stream_executor/cuda/cuda_blas.cc:459] failed to create cublas handle: CUBLAS_STATUS_NOT_INITIALIZED
2019-09-30 12:15:14.482188: E tensorflow/stream_executor/cuda/cuda_blas.cc:459] failed to create cublas handle: CUBLAS_STATUS_NOT_INITIALIZED
2019-09-30 12:15:14.482516: E tensorflow/stream_executor/cuda/cuda_blas.cc:459] failed to create cublas handle: CUBLAS_STATUS_NOT_INITIALIZED
2019-09-30 12:15:14.482867: E tensorflow/stream_executor/cuda/cuda_blas.cc:459] failed to create cublas handle: CUBLAS_STATUS_NOT_INITIALIZED
2019-09-30 12:15:14.483570: E tensorflow/stream_executor/cuda/cuda_blas.cc:459] failed to create cublas handle: CUBLAS_STATUS_NOT_INITIALIZED
2019-09-30 12:15:14.483950: E tensorflow/stream_executor/cuda/cuda_blas.cc:459] failed to create cublas handle: CUBLAS_STATUS_NOT_INITIALIZED
2019-09-30 12:15:14.484304: E tensorflow/stream_executor/cuda/cuda_blas.cc:459] failed to create cublas handle: CUBLAS_STATUS_NOT_INITIALIZED
2019-09-30 12:15:14.484691: E tensorflow/stream_executor/cuda/cuda_blas.cc:459] failed to create cublas handle: CUBLAS_STATUS_NOT_INITIALIZED
2019-09-30 12:15:14.485077: E tensorflow/stream_executor/cuda/cuda_blas.cc:459] failed to create cublas handle: CUBLAS_STATUS_NOT_INITIALIZED
2019-09-30 12:15:14.485451: E tensorflow/stream_executor/cuda/cuda_blas.cc:459] failed to create cublas handle: CUBLAS_STATUS_NOT_INITIALIZED
2019-09-30 12:15:14.485790: E tensorflow/stream_executor/cuda/cuda_blas.cc:459] failed to create cublas handle: CUBLAS_STATUS_NOT_INITIALIZED
2019-09-30 12:15:14.486506: E tensorflow/stream_executor/cuda/cuda_blas.cc:459] failed to create cublas handle: CUBLAS_STATUS_NOT_INITIALIZED
2019-09-30 12:15:14.486863: E tensorflow/stream_executor/cuda/cuda_blas.cc:459] failed to create cublas handle: CUBLAS_STATUS_NOT_INITIALIZED
2019-09-30 12:15:14.487202: E tensorflow/stream_executor/cuda/cuda_blas.cc:459] failed to create cublas handle: CUBLAS_STATUS_NOT_INITIALIZED
2019-09-30 12:15:14.487594: E tensorflow/stream_executor/cuda/cuda_blas.cc:459] failed to create cublas handle: CUBLAS_STATUS_NOT_INITIALIZED
2019-09-30 12:15:14.487958: E tensorflow/stream_executor/cuda/cuda_blas.cc:459] failed to create cublas handle: CUBLAS_STATUS_NOT_INITIALIZED
2019-09-30 12:15:14.488312: E tensorflow/stream_executor/cuda/cuda_blas.cc:459] failed to create cublas handle: CUBLAS_STATUS_NOT_INITIALIZED
2019-09-30 12:15:14.488642: E tensorflow/stream_executor/cuda/cuda_blas.cc:459] failed to create cublas handle: CUBLAS_STATUS_NOT_INITIALIZED
2019-09-30 12:15:14.489338: E tensorflow/stream_executor/cuda/cuda_blas.cc:459] failed to create cublas handle: CUBLAS_STATUS_NOT_INITIALIZED
2019-09-30 12:15:14.489723: E tensorflow/stream_executor/cuda/cuda_blas.cc:459] failed to create cublas handle: CUBLAS_STATUS_NOT_INITIALIZED
2019-09-30 12:15:14.490080: E tensorflow/stream_executor/cuda/cuda_blas.cc:459] failed to create cublas handle: CUBLAS_STATUS_NOT_INITIALIZED
2019-09-30 12:15:14.490467: E tensorflow/stream_executor/cuda/cuda_blas.cc:459] failed to create cublas handle: CUBLAS_STATUS_NOT_INITIALIZED
2019-09-30 12:15:14.490830: E tensorflow/stream_executor/cuda/cuda_blas.cc:459] failed to create cublas handle: CUBLAS_STATUS_NOT_INITIALIZED
2019-09-30 12:15:14.491158: E tensorflow/stream_executor/cuda/cuda_blas.cc:459] failed to create cublas handle: CUBLAS_STATUS_NOT_INITIALIZED
2019-09-30 12:15:14.491490: E tensorflow/stream_executor/cuda/cuda_blas.cc:459] failed to create cublas handle: CUBLAS_STATUS_NOT_INITIALIZED
2019-09-30 12:15:14.492197: E tensorflow/stream_executor/cuda/cuda_blas.cc:459] failed to create cublas handle: CUBLAS_STATUS_NOT_INITIALIZED
2019-09-30 12:15:14.492541: E tensorflow/stream_executor/cuda/cuda_blas.cc:459] failed to create cublas handle: CUBLAS_STATUS_NOT_INITIALIZED
2019-09-30 12:15:14.492870: E tensorflow/stream_executor/cuda/cuda_blas.cc:459] failed to create cublas handle: CUBLAS_STATUS_NOT_INITIALIZED
2019-09-30 12:15:14.493292: E tensorflow/stream_executor/cuda/cuda_blas.cc:459] failed to create cublas handle: CUBLAS_STATUS_NOT_INITIALIZED
2019-09-30 12:15:14.493657: E tensorflow/stream_executor/cuda/cuda_blas.cc:459] failed to create cublas handle: CUBLAS_STATUS_NOT_INITIALIZED
2019-09-30 12:15:14.494013: E tensorflow/stream_executor/cuda/cuda_blas.cc:459] failed to create cublas handle: CUBLAS_STATUS_NOT_INITIALIZED
2019-09-30 12:15:14.494367: E tensorflow/stream_executor/cuda/cuda_blas.cc:459] failed to create cublas handle: CUBLAS_STATUS_NOT_INITIALIZED
2019-09-30 12:15:14.495047: E tensorflow/stream_executor/cuda/cuda_blas.cc:459] failed to create cublas handle: CUBLAS_STATUS_NOT_INITIALIZED
2019-09-30 12:15:14.495389: E tensorflow/stream_executor/cuda/cuda_blas.cc:459] failed to create cublas handle: CUBLAS_STATUS_NOT_INITIALIZED
2019-09-30 12:15:14.495721: E tensorflow/stream_executor/cuda/cuda_blas.cc:459] failed to create cublas handle: CUBLAS_STATUS_NOT_INITIALIZED
2019-09-30 12:15:14.496135: E tensorflow/stream_executor/cuda/cuda_blas.cc:459] failed to create cublas handle: CUBLAS_STATUS_NOT_INITIALIZED
2019-09-30 12:15:14.496522: E tensorflow/stream_executor/cuda/cuda_blas.cc:459] failed to create cublas handle: CUBLAS_STATUS_NOT_INITIALIZED
2019-09-30 12:15:14.496856: E tensorflow/stream_executor/cuda/cuda_blas.cc:459] failed to create cublas handle: CUBLAS_STATUS_NOT_INITIALIZED
2019-09-30 12:15:14.497220: E tensorflow/stream_executor/cuda/cuda_blas.cc:459] failed to create cublas handle: CUBLAS_STATUS_NOT_INITIALIZED
2019-09-30 12:15:14.497935: E tensorflow/stream_executor/cuda/cuda_blas.cc:459] failed to create cublas handle: CUBLAS_STATUS_NOT_INITIALIZED
2019-09-30 12:15:14.498333: E tensorflow/stream_executor/cuda/cuda_blas.cc:459] failed to create cublas handle: CUBLAS_STATUS_NOT_INITIALIZED
2019-09-30 12:15:14.498689: E tensorflow/stream_executor/cuda/cuda_blas.cc:459] failed to create cublas handle: CUBLAS_STATUS_NOT_INITIALIZED
2019-09-30 12:15:14.499083: E tensorflow/stream_executor/cuda/cuda_blas.cc:459] failed to create cublas handle: CUBLAS_STATUS_NOT_INITIALIZED
2019-09-30 12:15:14.499442: E tensorflow/stream_executor/cuda/cuda_blas.cc:459] failed to create cublas handle: CUBLAS_STATUS_NOT_INITIALIZED
2019-09-30 12:15:14.499770: E tensorflow/stream_executor/cuda/cuda_blas.cc:459] failed to create cublas handle: CUBLAS_STATUS_NOT_INITIALIZED
2019-09-30 12:15:14.500101: E tensorflow/stream_executor/cuda/cuda_blas.cc:459] failed to create cublas handle: CUBLAS_STATUS_NOT_INITIALIZED
2019-09-30 12:15:14.500791: E tensorflow/stream_executor/cuda/cuda_blas.cc:459] failed to create cublas handle: CUBLAS_STATUS_NOT_INITIALIZED
2019-09-30 12:15:14.501171: E tensorflow/stream_executor/cuda/cuda_blas.cc:459] failed to create cublas handle: CUBLAS_STATUS_NOT_INITIALIZED
2019-09-30 12:15:14.501536: E tensorflow/stream_executor/cuda/cuda_blas.cc:459] failed to create cublas handle: CUBLAS_STATUS_NOT_INITIALIZED
2019-09-30 12:15:14.501931: E tensorflow/stream_executor/cuda/cuda_blas.cc:459] failed to create cublas handle: CUBLAS_STATUS_NOT_INITIALIZED
2019-09-30 12:15:14.502291: E tensorflow/stream_executor/cuda/cuda_blas.cc:459] failed to create cublas handle: CUBLAS_STATUS_NOT_INITIALIZED
2019-09-30 12:15:14.502645: E tensorflow/stream_executor/cuda/cuda_blas.cc:459] failed to create cublas handle: CUBLAS_STATUS_NOT_INITIALIZED
2019-09-30 12:15:14.503003: E tensorflow/stream_executor/cuda/cuda_blas.cc:459] failed to create cublas handle: CUBLAS_STATUS_NOT_INITIALIZED
2019-09-30 12:15:14.503708: E tensorflow/stream_executor/cuda/cuda_blas.cc:459] failed to create cublas handle: CUBLAS_STATUS_NOT_INITIALIZED
2019-09-30 12:15:14.504076: E tensorflow/stream_executor/cuda/cuda_blas.cc:459] failed to create cublas handle: CUBLAS_STATUS_NOT_INITIALIZED
2019-09-30 12:15:14.504430: E tensorflow/stream_executor/cuda/cuda_blas.cc:459] failed to create cublas handle: CUBLAS_STATUS_NOT_INITIALIZED
2019-09-30 12:15:14.504848: E tensorflow/stream_executor/cuda/cuda_blas.cc:459] failed to create cublas handle: CUBLAS_STATUS_NOT_INITIALIZED
2019-09-30 12:15:14.505247: E tensorflow/stream_executor/cuda/cuda_blas.cc:459] failed to create cublas handle: CUBLAS_STATUS_NOT_INITIALIZED
2019-09-30 12:15:14.505605: E tensorflow/stream_executor/cuda/cuda_blas.cc:459] failed to create cublas handle: CUBLAS_STATUS_NOT_INITIALIZED
2019-09-30 12:15:14.505942: E tensorflow/stream_executor/cuda/cuda_blas.cc:459] failed to create cublas handle: CUBLAS_STATUS_NOT_INITIALIZED
2019-09-30 12:15:14.506649: E tensorflow/stream_executor/cuda/cuda_blas.cc:459] failed to create cublas handle: CUBLAS_STATUS_NOT_INITIALIZED
2019-09-30 12:15:14.507031: E tensorflow/stream_executor/cuda/cuda_blas.cc:459] failed to create cublas handle: CUBLAS_STATUS_NOT_INITIALIZED
2019-09-30 12:15:14.507366: E tensorflow/stream_executor/cuda/cuda_blas.cc:459] failed to create cublas handle: CUBLAS_STATUS_NOT_INITIALIZED
2019-09-30 12:15:14.507779: E tensorflow/stream_executor/cuda/cuda_blas.cc:459] failed to create cublas handle: CUBLAS_STATUS_NOT_INITIALIZED
2019-09-30 12:15:14.508144: E tensorflow/stream_executor/cuda/cuda_blas.cc:459] failed to create cublas handle: CUBLAS_STATUS_NOT_INITIALIZED
2019-09-30 12:15:14.508498: E tensorflow/stream_executor/cuda/cuda_blas.cc:459] failed to create cublas handle: CUBLAS_STATUS_NOT_INITIALIZED
2019-09-30 12:15:14.508854: E tensorflow/stream_executor/cuda/cuda_blas.cc:459] failed to create cublas handle: CUBLAS_STATUS_NOT_INITIALIZED
2019-09-30 12:15:14.509593: E tensorflow/stream_executor/cuda/cuda_blas.cc:459] failed to create cublas handle: CUBLAS_STATUS_NOT_INITIALIZED
2019-09-30 12:15:14.509978: E tensorflow/stream_executor/cuda/cuda_blas.cc:459] failed to create cublas handle: CUBLAS_STATUS_NOT_INITIALIZED
2019-09-30 12:15:14.510321: E tensorflow/stream_executor/cuda/cuda_blas.cc:459] failed to create cublas handle: CUBLAS_STATUS_NOT_INITIALIZED
2019-09-30 12:15:14.510735: E tensorflow/stream_executor/cuda/cuda_blas.cc:459] failed to create cublas handle: CUBLAS_STATUS_NOT_INITIALIZED
2019-09-30 12:15:14.511122: E tensorflow/stream_executor/cuda/cuda_blas.cc:459] failed to create cublas handle: CUBLAS_STATUS_NOT_INITIALIZED
2019-09-30 12:15:14.511461: E tensorflow/stream_executor/cuda/cuda_blas.cc:459] failed to create cublas handle: CUBLAS_STATUS_NOT_INITIALIZED
2019-09-30 12:15:14.511791: E tensorflow/stream_executor/cuda/cuda_blas.cc:459] failed to create cublas handle: CUBLAS_STATUS_NOT_INITIALIZED
2019-09-30 12:15:14.512480: E tensorflow/stream_executor/cuda/cuda_blas.cc:459] failed to create cublas handle: CUBLAS_STATUS_NOT_INITIALIZED
2019-09-30 12:15:14.512834: E tensorflow/stream_executor/cuda/cuda_blas.cc:459] failed to create cublas handle: CUBLAS_STATUS_NOT_INITIALIZED
2019-09-30 12:15:14.513169: E tensorflow/stream_executor/cuda/cuda_blas.cc:459] failed to create cublas handle: CUBLAS_STATUS_NOT_INITIALIZED
2019-09-30 12:15:14.513551: E tensorflow/stream_executor/cuda/cuda_blas.cc:459] failed to create cublas handle: CUBLAS_STATUS_NOT_INITIALIZED
2019-09-30 12:15:14.514121: E tensorflow/stream_executor/cuda/cuda_blas.cc:459] failed to create cublas handle: CUBLAS_STATUS_NOT_INITIALIZED
2019-09-30 12:15:14.543567: E tensorflow/stream_executor/cuda/cuda_blas.cc:459] failed to create cublas handle: CUBLAS_STATUS_NOT_INITIALIZED
2019-09-30 12:15:14.543706: W tensorflow/stream_executor/stream.cc:2010] attempting to perform BLAS operation using StreamExecutor without BLAS support
Traceback (most recent call last):
  File "/clusterFS/home/student/kopp13/miniconda3/envs/tensorflow/lib/python3.5/site-packages/tensorflow/python/client/session.py", line 1278, in _do_call
    return fn(*args)
  File "/clusterFS/home/student/kopp13/miniconda3/envs/tensorflow/lib/python3.5/site-packages/tensorflow/python/client/session.py", line 1263, in _run_fn
    options, feed_dict, fetch_list, target_list, run_metadata)
  File "/clusterFS/home/student/kopp13/miniconda3/envs/tensorflow/lib/python3.5/site-packages/tensorflow/python/client/session.py", line 1350, in _call_tf_sessionrun
    run_metadata)
tensorflow.python.framework.errors_impl.InternalError: Blas GEMM launch failed : a.shape=(1000, 52), b.shape=(52, 30), m=1000, n=30, k=52
	 [[Node: tr_s/MatMul_2 = MatMul[T=DT_FLOAT, transpose_a=false, transpose_b=false, _device="/job:localhost/replica:0/task:0/device:GPU:0"](tr_s/concat, lstm_0/wo/read)]]
	 [[Node: tr_s/Mean_1/_77 = _Recv[client_terminated=false, recv_device="/job:localhost/replica:0/task:0/device:CPU:0", send_device="/job:localhost/replica:0/task:0/device:GPU:0", send_device_incarnation=1, tensor_name="edge_16144_tr_s/Mean_1", tensor_type=DT_FLOAT, _device="/job:localhost/replica:0/task:0/device:CPU:0"]()]]

During handling of the above exception, another exception occurred:

Traceback (most recent call last):
  File "../exps/si_test.py", line 163, in <module>
    result_dicts.append(experiment.train(rnn_config, labelled_data_config, training_config, pretrain_config, info_config, run))
  File "../src/experiment.py", line 127, in train
    self.rnn.t_metrics.retrieve_results(sess, current_epoch, tau)
  File "../src/data/t_metrics.py", line 102, in retrieve_results
    self.retrieve_s_results(sess, 'tr_s', is_pretrain, True)
  File "../src/data/t_metrics.py", line 142, in retrieve_s_results
    feed_dict={self.l_data.batch_idx: minibatch_idx, self.is_training: is_training})
  File "/clusterFS/home/student/kopp13/miniconda3/envs/tensorflow/lib/python3.5/site-packages/tensorflow/python/client/session.py", line 877, in run
    run_metadata_ptr)
  File "/clusterFS/home/student/kopp13/miniconda3/envs/tensorflow/lib/python3.5/site-packages/tensorflow/python/client/session.py", line 1100, in _run
    feed_dict_tensor, options, run_metadata)
  File "/clusterFS/home/student/kopp13/miniconda3/envs/tensorflow/lib/python3.5/site-packages/tensorflow/python/client/session.py", line 1272, in _do_run
    run_metadata)
  File "/clusterFS/home/student/kopp13/miniconda3/envs/tensorflow/lib/python3.5/site-packages/tensorflow/python/client/session.py", line 1291, in _do_call
    raise type(e)(node_def, op, message)
tensorflow.python.framework.errors_impl.InternalError: Blas GEMM launch failed : a.shape=(1000, 52), b.shape=(52, 30), m=1000, n=30, k=52
	 [[Node: tr_s/MatMul_2 = MatMul[T=DT_FLOAT, transpose_a=false, transpose_b=false, _device="/job:localhost/replica:0/task:0/device:GPU:0"](tr_s/concat, lstm_0/wo/read)]]
	 [[Node: tr_s/Mean_1/_77 = _Recv[client_terminated=false, recv_device="/job:localhost/replica:0/task:0/device:CPU:0", send_device="/job:localhost/replica:0/task:0/device:GPU:0", send_device_incarnation=1, tensor_name="edge_16144_tr_s/Mean_1", tensor_type=DT_FLOAT, _device="/job:localhost/replica:0/task:0/device:CPU:0"]()]]

Caused by op 'tr_s/MatMul_2', defined at:
  File "../exps/si_test.py", line 163, in <module>
    result_dicts.append(experiment.train(rnn_config, labelled_data_config, training_config, pretrain_config, info_config, run))
  File "../src/experiment.py", line 84, in train
    self.create_rnn(l_data, l_data_config)
  File "../src/experiment.py", line 27, in create_rnn
    self.rnn = RNN(l_data)
  File "../src/rnn.py", line 64, in __init__
    self.create_s_evaluation_graph(data_key)
  File "../src/rnn.py", line 301, in create_s_evaluation_graph
    self.create_rnn_graph(data_key, None, bayesian=False)
  File "../src/rnn.py", line 106, in create_rnn_graph
    m = layer.create_var_fp(m, time_idx)
  File "../src/lstm_layer.py", line 188, in create_var_fp
    o_act = tf.matmul(x, self.weights.var_dict['wo']) + self.weights.var_dict['bo']
  File "/clusterFS/home/student/kopp13/miniconda3/envs/tensorflow/lib/python3.5/site-packages/tensorflow/python/ops/math_ops.py", line 2018, in matmul
    a, b, transpose_a=transpose_a, transpose_b=transpose_b, name=name)
  File "/clusterFS/home/student/kopp13/miniconda3/envs/tensorflow/lib/python3.5/site-packages/tensorflow/python/ops/gen_math_ops.py", line 4456, in mat_mul
    name=name)
  File "/clusterFS/home/student/kopp13/miniconda3/envs/tensorflow/lib/python3.5/site-packages/tensorflow/python/framework/op_def_library.py", line 787, in _apply_op_helper
    op_def=op_def)
  File "/clusterFS/home/student/kopp13/miniconda3/envs/tensorflow/lib/python3.5/site-packages/tensorflow/python/util/deprecation.py", line 454, in new_func
    return func(*args, **kwargs)
  File "/clusterFS/home/student/kopp13/miniconda3/envs/tensorflow/lib/python3.5/site-packages/tensorflow/python/framework/ops.py", line 3155, in create_op
    op_def=op_def)
  File "/clusterFS/home/student/kopp13/miniconda3/envs/tensorflow/lib/python3.5/site-packages/tensorflow/python/framework/ops.py", line 1717, in __init__
    self._traceback = tf_stack.extract_stack()

InternalError (see above for traceback): Blas GEMM launch failed : a.shape=(1000, 52), b.shape=(52, 30), m=1000, n=30, k=52
	 [[Node: tr_s/MatMul_2 = MatMul[T=DT_FLOAT, transpose_a=false, transpose_b=false, _device="/job:localhost/replica:0/task:0/device:GPU:0"](tr_s/concat, lstm_0/wo/read)]]
	 [[Node: tr_s/Mean_1/_77 = _Recv[client_terminated=false, recv_device="/job:localhost/replica:0/task:0/device:CPU:0", send_device="/job:localhost/replica:0/task:0/device:GPU:0", send_device_incarnation=1, tensor_name="edge_16144_tr_s/Mean_1", tensor_type=DT_FLOAT, _device="/job:localhost/replica:0/task:0/device:CPU:0"]()]]

