2020-02-28 14:41:21.984613: I tensorflow/core/platform/cpu_feature_guard.cc:141] Your CPU supports instructions that this TensorFlow binary was not compiled to use: SSE4.1 SSE4.2 AVX FMA
2020-02-28 14:41:22.195474: I tensorflow/core/common_runtime/gpu/gpu_device.cc:1405] Found device 0 with properties: 
name: GeForce GTX 1060 6GB major: 6 minor: 1 memoryClockRate(GHz): 1.759
pciBusID: 0000:07:00.0
totalMemory: 5.94GiB freeMemory: 5.86GiB
2020-02-28 14:41:22.195640: I tensorflow/core/common_runtime/gpu/gpu_device.cc:1484] Adding visible gpu devices: 0
2020-02-28 14:41:26.758005: I tensorflow/core/common_runtime/gpu/gpu_device.cc:965] Device interconnect StreamExecutor with strength 1 edge matrix:
2020-02-28 14:41:26.758257: I tensorflow/core/common_runtime/gpu/gpu_device.cc:971]      0 
2020-02-28 14:41:26.758412: I tensorflow/core/common_runtime/gpu/gpu_device.cc:984] 0:   N 
2020-02-28 14:41:26.761183: I tensorflow/core/common_runtime/gpu/gpu_device.cc:1097] Created TensorFlow device (/job:localhost/replica:0/task:0/device:GPU:0 with 5641 MB memory) -> physical GPU (device: 0, name: GeForce GTX 1060 6GB, pci bus id: 0000:07:00.0, compute capability: 6.1)
2020-02-28 15:05:31.849108: I tensorflow/core/common_runtime/gpu/gpu_device.cc:1484] Adding visible gpu devices: 0
2020-02-28 15:05:31.849773: I tensorflow/core/common_runtime/gpu/gpu_device.cc:965] Device interconnect StreamExecutor with strength 1 edge matrix:
2020-02-28 15:05:31.849855: I tensorflow/core/common_runtime/gpu/gpu_device.cc:971]      0 
2020-02-28 15:05:31.849939: I tensorflow/core/common_runtime/gpu/gpu_device.cc:984] 0:   N 
2020-02-28 15:05:31.850114: I tensorflow/core/common_runtime/gpu/gpu_device.cc:1097] Created TensorFlow device (/job:localhost/replica:0/task:0/device:GPU:0 with 5641 MB memory) -> physical GPU (device: 0, name: GeForce GTX 1060 6GB, pci bus id: 0000:07:00.0, compute capability: 6.1)
2020-02-28 15:29:29.463724: I tensorflow/core/common_runtime/gpu/gpu_device.cc:1484] Adding visible gpu devices: 0
2020-02-28 15:29:29.464307: I tensorflow/core/common_runtime/gpu/gpu_device.cc:965] Device interconnect StreamExecutor with strength 1 edge matrix:
2020-02-28 15:29:29.464403: I tensorflow/core/common_runtime/gpu/gpu_device.cc:971]      0 
2020-02-28 15:29:29.464485: I tensorflow/core/common_runtime/gpu/gpu_device.cc:984] 0:   N 
2020-02-28 15:29:29.464674: I tensorflow/core/common_runtime/gpu/gpu_device.cc:1097] Created TensorFlow device (/job:localhost/replica:0/task:0/device:GPU:0 with 5641 MB memory) -> physical GPU (device: 0, name: GeForce GTX 1060 6GB, pci bus id: 0000:07:00.0, compute capability: 6.1)
2020-02-28 15:53:25.495875: I tensorflow/core/common_runtime/gpu/gpu_device.cc:1484] Adding visible gpu devices: 0
2020-02-28 15:53:25.496562: I tensorflow/core/common_runtime/gpu/gpu_device.cc:965] Device interconnect StreamExecutor with strength 1 edge matrix:
2020-02-28 15:53:25.496707: I tensorflow/core/common_runtime/gpu/gpu_device.cc:971]      0 
2020-02-28 15:53:25.496804: I tensorflow/core/common_runtime/gpu/gpu_device.cc:984] 0:   N 
2020-02-28 15:53:25.496951: I tensorflow/core/common_runtime/gpu/gpu_device.cc:1097] Created TensorFlow device (/job:localhost/replica:0/task:0/device:GPU:0 with 5641 MB memory) -> physical GPU (device: 0, name: GeForce GTX 1060 6GB, pci bus id: 0000:07:00.0, compute capability: 6.1)
2020-02-28 16:17:21.768892: I tensorflow/core/common_runtime/gpu/gpu_device.cc:1484] Adding visible gpu devices: 0
2020-02-28 16:17:21.769531: I tensorflow/core/common_runtime/gpu/gpu_device.cc:965] Device interconnect StreamExecutor with strength 1 edge matrix:
2020-02-28 16:17:21.769664: I tensorflow/core/common_runtime/gpu/gpu_device.cc:971]      0 
2020-02-28 16:17:21.769744: I tensorflow/core/common_runtime/gpu/gpu_device.cc:984] 0:   N 
2020-02-28 16:17:21.769945: I tensorflow/core/common_runtime/gpu/gpu_device.cc:1097] Created TensorFlow device (/job:localhost/replica:0/task:0/device:GPU:0 with 5641 MB memory) -> physical GPU (device: 0, name: GeForce GTX 1060 6GB, pci bus id: 0000:07:00.0, compute capability: 6.1)
2020-02-28 16:41:18.527959: I tensorflow/core/common_runtime/gpu/gpu_device.cc:1484] Adding visible gpu devices: 0
2020-02-28 16:41:18.528929: I tensorflow/core/common_runtime/gpu/gpu_device.cc:965] Device interconnect StreamExecutor with strength 1 edge matrix:
2020-02-28 16:41:18.529122: I tensorflow/core/common_runtime/gpu/gpu_device.cc:971]      0 
2020-02-28 16:41:18.529210: I tensorflow/core/common_runtime/gpu/gpu_device.cc:984] 0:   N 
2020-02-28 16:41:18.529368: I tensorflow/core/common_runtime/gpu/gpu_device.cc:1097] Created TensorFlow device (/job:localhost/replica:0/task:0/device:GPU:0 with 5641 MB memory) -> physical GPU (device: 0, name: GeForce GTX 1060 6GB, pci bus id: 0000:07:00.0, compute capability: 6.1)
