2020-02-28 14:32:57.049640: I tensorflow/core/platform/cpu_feature_guard.cc:141] Your CPU supports instructions that this TensorFlow binary was not compiled to use: SSE4.1 SSE4.2 AVX AVX2 FMA
2020-02-28 14:32:57.173890: I tensorflow/core/common_runtime/gpu/gpu_device.cc:1405] Found device 0 with properties: 
name: GeForce GTX 1060 6GB major: 6 minor: 1 memoryClockRate(GHz): 1.7085
pciBusID: 0000:04:00.0
totalMemory: 5.94GiB freeMemory: 5.86GiB
2020-02-28 14:32:57.174081: I tensorflow/core/common_runtime/gpu/gpu_device.cc:1484] Adding visible gpu devices: 0
2020-02-28 14:33:00.798468: I tensorflow/core/common_runtime/gpu/gpu_device.cc:965] Device interconnect StreamExecutor with strength 1 edge matrix:
2020-02-28 14:33:00.798664: I tensorflow/core/common_runtime/gpu/gpu_device.cc:971]      0 
2020-02-28 14:33:00.798757: I tensorflow/core/common_runtime/gpu/gpu_device.cc:984] 0:   N 
2020-02-28 14:33:00.800184: I tensorflow/core/common_runtime/gpu/gpu_device.cc:1097] Created TensorFlow device (/job:localhost/replica:0/task:0/device:GPU:0 with 5641 MB memory) -> physical GPU (device: 0, name: GeForce GTX 1060 6GB, pci bus id: 0000:04:00.0, compute capability: 6.1)
2020-02-28 14:49:15.363842: I tensorflow/core/common_runtime/gpu/gpu_device.cc:1484] Adding visible gpu devices: 0
2020-02-28 14:49:15.364324: I tensorflow/core/common_runtime/gpu/gpu_device.cc:965] Device interconnect StreamExecutor with strength 1 edge matrix:
2020-02-28 14:49:15.364401: I tensorflow/core/common_runtime/gpu/gpu_device.cc:971]      0 
2020-02-28 14:49:15.364529: I tensorflow/core/common_runtime/gpu/gpu_device.cc:984] 0:   N 
2020-02-28 14:49:15.364671: I tensorflow/core/common_runtime/gpu/gpu_device.cc:1097] Created TensorFlow device (/job:localhost/replica:0/task:0/device:GPU:0 with 5641 MB memory) -> physical GPU (device: 0, name: GeForce GTX 1060 6GB, pci bus id: 0000:04:00.0, compute capability: 6.1)
2020-02-28 15:05:33.963825: I tensorflow/core/common_runtime/gpu/gpu_device.cc:1484] Adding visible gpu devices: 0
2020-02-28 15:05:33.965770: I tensorflow/core/common_runtime/gpu/gpu_device.cc:965] Device interconnect StreamExecutor with strength 1 edge matrix:
2020-02-28 15:05:33.965829: I tensorflow/core/common_runtime/gpu/gpu_device.cc:971]      0 
2020-02-28 15:05:33.965871: I tensorflow/core/common_runtime/gpu/gpu_device.cc:984] 0:   N 
2020-02-28 15:05:33.965965: I tensorflow/core/common_runtime/gpu/gpu_device.cc:1097] Created TensorFlow device (/job:localhost/replica:0/task:0/device:GPU:0 with 5641 MB memory) -> physical GPU (device: 0, name: GeForce GTX 1060 6GB, pci bus id: 0000:04:00.0, compute capability: 6.1)
2020-02-28 15:21:58.881282: I tensorflow/core/common_runtime/gpu/gpu_device.cc:1484] Adding visible gpu devices: 0
2020-02-28 15:21:58.882641: I tensorflow/core/common_runtime/gpu/gpu_device.cc:965] Device interconnect StreamExecutor with strength 1 edge matrix:
2020-02-28 15:21:58.882703: I tensorflow/core/common_runtime/gpu/gpu_device.cc:971]      0 
2020-02-28 15:21:58.882776: I tensorflow/core/common_runtime/gpu/gpu_device.cc:984] 0:   N 
2020-02-28 15:21:58.882898: I tensorflow/core/common_runtime/gpu/gpu_device.cc:1097] Created TensorFlow device (/job:localhost/replica:0/task:0/device:GPU:0 with 5641 MB memory) -> physical GPU (device: 0, name: GeForce GTX 1060 6GB, pci bus id: 0000:04:00.0, compute capability: 6.1)
2020-02-28 15:38:10.379288: I tensorflow/core/common_runtime/gpu/gpu_device.cc:1484] Adding visible gpu devices: 0
2020-02-28 15:38:10.382230: I tensorflow/core/common_runtime/gpu/gpu_device.cc:965] Device interconnect StreamExecutor with strength 1 edge matrix:
2020-02-28 15:38:10.382284: I tensorflow/core/common_runtime/gpu/gpu_device.cc:971]      0 
2020-02-28 15:38:10.382324: I tensorflow/core/common_runtime/gpu/gpu_device.cc:984] 0:   N 
2020-02-28 15:38:10.382431: I tensorflow/core/common_runtime/gpu/gpu_device.cc:1097] Created TensorFlow device (/job:localhost/replica:0/task:0/device:GPU:0 with 5641 MB memory) -> physical GPU (device: 0, name: GeForce GTX 1060 6GB, pci bus id: 0000:04:00.0, compute capability: 6.1)
2020-02-28 15:54:21.122383: I tensorflow/core/common_runtime/gpu/gpu_device.cc:1484] Adding visible gpu devices: 0
2020-02-28 15:54:21.122944: I tensorflow/core/common_runtime/gpu/gpu_device.cc:965] Device interconnect StreamExecutor with strength 1 edge matrix:
2020-02-28 15:54:21.123007: I tensorflow/core/common_runtime/gpu/gpu_device.cc:971]      0 
2020-02-28 15:54:21.123060: I tensorflow/core/common_runtime/gpu/gpu_device.cc:984] 0:   N 
2020-02-28 15:54:21.123174: I tensorflow/core/common_runtime/gpu/gpu_device.cc:1097] Created TensorFlow device (/job:localhost/replica:0/task:0/device:GPU:0 with 5641 MB memory) -> physical GPU (device: 0, name: GeForce GTX 1060 6GB, pci bus id: 0000:04:00.0, compute capability: 6.1)
