2020-02-28 14:30:52.890610: I tensorflow/core/platform/cpu_feature_guard.cc:141] Your CPU supports instructions that this TensorFlow binary was not compiled to use: SSE4.1 SSE4.2 AVX AVX2 FMA
2020-02-28 14:30:53.024170: I tensorflow/core/common_runtime/gpu/gpu_device.cc:1405] Found device 0 with properties: 
name: Tesla K40c major: 3 minor: 5 memoryClockRate(GHz): 0.745
pciBusID: 0000:05:00.0
totalMemory: 11.92GiB freeMemory: 11.85GiB
2020-02-28 14:30:53.024384: I tensorflow/core/common_runtime/gpu/gpu_device.cc:1484] Adding visible gpu devices: 0
2020-02-28 14:30:59.913388: I tensorflow/core/common_runtime/gpu/gpu_device.cc:965] Device interconnect StreamExecutor with strength 1 edge matrix:
2020-02-28 14:30:59.913662: I tensorflow/core/common_runtime/gpu/gpu_device.cc:971]      0 
2020-02-28 14:30:59.913844: I tensorflow/core/common_runtime/gpu/gpu_device.cc:984] 0:   N 
2020-02-28 14:30:59.914185: I tensorflow/core/common_runtime/gpu/gpu_device.cc:1097] Created TensorFlow device (/job:localhost/replica:0/task:0/device:GPU:0 with 11481 MB memory) -> physical GPU (device: 0, name: Tesla K40c, pci bus id: 0000:05:00.0, compute capability: 3.5)
2020-02-28 15:02:54.079854: I tensorflow/core/common_runtime/gpu/gpu_device.cc:1484] Adding visible gpu devices: 0
2020-02-28 15:02:54.083329: I tensorflow/core/common_runtime/gpu/gpu_device.cc:965] Device interconnect StreamExecutor with strength 1 edge matrix:
2020-02-28 15:02:54.083470: I tensorflow/core/common_runtime/gpu/gpu_device.cc:971]      0 
2020-02-28 15:02:54.083594: I tensorflow/core/common_runtime/gpu/gpu_device.cc:984] 0:   N 
2020-02-28 15:02:54.083797: I tensorflow/core/common_runtime/gpu/gpu_device.cc:1097] Created TensorFlow device (/job:localhost/replica:0/task:0/device:GPU:0 with 11481 MB memory) -> physical GPU (device: 0, name: Tesla K40c, pci bus id: 0000:05:00.0, compute capability: 3.5)
2020-02-28 15:35:02.936128: I tensorflow/core/common_runtime/gpu/gpu_device.cc:1484] Adding visible gpu devices: 0
2020-02-28 15:35:02.936657: I tensorflow/core/common_runtime/gpu/gpu_device.cc:965] Device interconnect StreamExecutor with strength 1 edge matrix:
2020-02-28 15:35:02.936775: I tensorflow/core/common_runtime/gpu/gpu_device.cc:971]      0 
2020-02-28 15:35:02.936857: I tensorflow/core/common_runtime/gpu/gpu_device.cc:984] 0:   N 
2020-02-28 15:35:02.937039: I tensorflow/core/common_runtime/gpu/gpu_device.cc:1097] Created TensorFlow device (/job:localhost/replica:0/task:0/device:GPU:0 with 11481 MB memory) -> physical GPU (device: 0, name: Tesla K40c, pci bus id: 0000:05:00.0, compute capability: 3.5)
2020-02-28 16:06:53.146880: I tensorflow/core/common_runtime/gpu/gpu_device.cc:1484] Adding visible gpu devices: 0
2020-02-28 16:06:53.147482: I tensorflow/core/common_runtime/gpu/gpu_device.cc:965] Device interconnect StreamExecutor with strength 1 edge matrix:
2020-02-28 16:06:53.147594: I tensorflow/core/common_runtime/gpu/gpu_device.cc:971]      0 
2020-02-28 16:06:53.147711: I tensorflow/core/common_runtime/gpu/gpu_device.cc:984] 0:   N 
2020-02-28 16:06:53.147869: I tensorflow/core/common_runtime/gpu/gpu_device.cc:1097] Created TensorFlow device (/job:localhost/replica:0/task:0/device:GPU:0 with 11481 MB memory) -> physical GPU (device: 0, name: Tesla K40c, pci bus id: 0000:05:00.0, compute capability: 3.5)
2020-02-28 16:37:58.498435: I tensorflow/core/common_runtime/gpu/gpu_device.cc:1484] Adding visible gpu devices: 0
2020-02-28 16:37:58.498996: I tensorflow/core/common_runtime/gpu/gpu_device.cc:965] Device interconnect StreamExecutor with strength 1 edge matrix:
2020-02-28 16:37:58.499086: I tensorflow/core/common_runtime/gpu/gpu_device.cc:971]      0 
2020-02-28 16:37:58.499252: I tensorflow/core/common_runtime/gpu/gpu_device.cc:984] 0:   N 
2020-02-28 16:37:58.499453: I tensorflow/core/common_runtime/gpu/gpu_device.cc:1097] Created TensorFlow device (/job:localhost/replica:0/task:0/device:GPU:0 with 11481 MB memory) -> physical GPU (device: 0, name: Tesla K40c, pci bus id: 0000:05:00.0, compute capability: 3.5)
2020-02-28 17:08:58.990254: I tensorflow/core/common_runtime/gpu/gpu_device.cc:1484] Adding visible gpu devices: 0
2020-02-28 17:08:58.990861: I tensorflow/core/common_runtime/gpu/gpu_device.cc:965] Device interconnect StreamExecutor with strength 1 edge matrix:
2020-02-28 17:08:58.991005: I tensorflow/core/common_runtime/gpu/gpu_device.cc:971]      0 
2020-02-28 17:08:58.991144: I tensorflow/core/common_runtime/gpu/gpu_device.cc:984] 0:   N 
2020-02-28 17:08:58.991343: I tensorflow/core/common_runtime/gpu/gpu_device.cc:1097] Created TensorFlow device (/job:localhost/replica:0/task:0/device:GPU:0 with 11481 MB memory) -> physical GPU (device: 0, name: Tesla K40c, pci bus id: 0000:05:00.0, compute capability: 3.5)
