2020-02-28 14:33:38.489366: I tensorflow/core/platform/cpu_feature_guard.cc:141] Your CPU supports instructions that this TensorFlow binary was not compiled to use: SSE4.1 SSE4.2 AVX AVX2 FMA
2020-02-28 14:33:38.614062: I tensorflow/core/common_runtime/gpu/gpu_device.cc:1405] Found device 0 with properties: 
name: Tesla K40c major: 3 minor: 5 memoryClockRate(GHz): 0.745
pciBusID: 0000:85:00.0
totalMemory: 11.92GiB freeMemory: 11.85GiB
2020-02-28 14:33:38.614227: I tensorflow/core/common_runtime/gpu/gpu_device.cc:1484] Adding visible gpu devices: 0
2020-02-28 14:33:42.169738: I tensorflow/core/common_runtime/gpu/gpu_device.cc:965] Device interconnect StreamExecutor with strength 1 edge matrix:
2020-02-28 14:33:42.169976: I tensorflow/core/common_runtime/gpu/gpu_device.cc:971]      0 
2020-02-28 14:33:42.170125: I tensorflow/core/common_runtime/gpu/gpu_device.cc:984] 0:   N 
2020-02-28 14:33:42.171441: I tensorflow/core/common_runtime/gpu/gpu_device.cc:1097] Created TensorFlow device (/job:localhost/replica:0/task:0/device:GPU:0 with 11481 MB memory) -> physical GPU (device: 0, name: Tesla K40c, pci bus id: 0000:85:00.0, compute capability: 3.5)
2020-02-28 15:06:05.417842: I tensorflow/core/common_runtime/gpu/gpu_device.cc:1484] Adding visible gpu devices: 0
2020-02-28 15:06:05.418258: I tensorflow/core/common_runtime/gpu/gpu_device.cc:965] Device interconnect StreamExecutor with strength 1 edge matrix:
2020-02-28 15:06:05.418435: I tensorflow/core/common_runtime/gpu/gpu_device.cc:971]      0 
2020-02-28 15:06:05.418532: I tensorflow/core/common_runtime/gpu/gpu_device.cc:984] 0:   N 
2020-02-28 15:06:05.418767: I tensorflow/core/common_runtime/gpu/gpu_device.cc:1097] Created TensorFlow device (/job:localhost/replica:0/task:0/device:GPU:0 with 11481 MB memory) -> physical GPU (device: 0, name: Tesla K40c, pci bus id: 0000:85:00.0, compute capability: 3.5)
2020-02-28 15:38:43.577242: I tensorflow/core/common_runtime/gpu/gpu_device.cc:1484] Adding visible gpu devices: 0
2020-02-28 15:38:43.577950: I tensorflow/core/common_runtime/gpu/gpu_device.cc:965] Device interconnect StreamExecutor with strength 1 edge matrix:
2020-02-28 15:38:43.578030: I tensorflow/core/common_runtime/gpu/gpu_device.cc:971]      0 
2020-02-28 15:38:43.578124: I tensorflow/core/common_runtime/gpu/gpu_device.cc:984] 0:   N 
2020-02-28 15:38:43.578315: I tensorflow/core/common_runtime/gpu/gpu_device.cc:1097] Created TensorFlow device (/job:localhost/replica:0/task:0/device:GPU:0 with 11481 MB memory) -> physical GPU (device: 0, name: Tesla K40c, pci bus id: 0000:85:00.0, compute capability: 3.5)
2020-02-28 16:10:42.122860: I tensorflow/core/common_runtime/gpu/gpu_device.cc:1484] Adding visible gpu devices: 0
2020-02-28 16:10:42.124527: I tensorflow/core/common_runtime/gpu/gpu_device.cc:965] Device interconnect StreamExecutor with strength 1 edge matrix:
2020-02-28 16:10:42.124651: I tensorflow/core/common_runtime/gpu/gpu_device.cc:971]      0 
2020-02-28 16:10:42.124734: I tensorflow/core/common_runtime/gpu/gpu_device.cc:984] 0:   N 
2020-02-28 16:10:42.124945: I tensorflow/core/common_runtime/gpu/gpu_device.cc:1097] Created TensorFlow device (/job:localhost/replica:0/task:0/device:GPU:0 with 11481 MB memory) -> physical GPU (device: 0, name: Tesla K40c, pci bus id: 0000:85:00.0, compute capability: 3.5)
2020-02-28 16:41:45.333673: I tensorflow/core/common_runtime/gpu/gpu_device.cc:1484] Adding visible gpu devices: 0
2020-02-28 16:41:45.334183: I tensorflow/core/common_runtime/gpu/gpu_device.cc:965] Device interconnect StreamExecutor with strength 1 edge matrix:
2020-02-28 16:41:45.334285: I tensorflow/core/common_runtime/gpu/gpu_device.cc:971]      0 
2020-02-28 16:41:45.334434: I tensorflow/core/common_runtime/gpu/gpu_device.cc:984] 0:   N 
2020-02-28 16:41:45.334635: I tensorflow/core/common_runtime/gpu/gpu_device.cc:1097] Created TensorFlow device (/job:localhost/replica:0/task:0/device:GPU:0 with 11481 MB memory) -> physical GPU (device: 0, name: Tesla K40c, pci bus id: 0000:85:00.0, compute capability: 3.5)
2020-02-28 17:12:48.459659: I tensorflow/core/common_runtime/gpu/gpu_device.cc:1484] Adding visible gpu devices: 0
2020-02-28 17:12:48.460149: I tensorflow/core/common_runtime/gpu/gpu_device.cc:965] Device interconnect StreamExecutor with strength 1 edge matrix:
2020-02-28 17:12:48.460300: I tensorflow/core/common_runtime/gpu/gpu_device.cc:971]      0 
2020-02-28 17:12:48.460409: I tensorflow/core/common_runtime/gpu/gpu_device.cc:984] 0:   N 
2020-02-28 17:12:48.460571: I tensorflow/core/common_runtime/gpu/gpu_device.cc:1097] Created TensorFlow device (/job:localhost/replica:0/task:0/device:GPU:0 with 11481 MB memory) -> physical GPU (device: 0, name: Tesla K40c, pci bus id: 0000:85:00.0, compute capability: 3.5)
