2020-02-28 15:33:35.936951: I tensorflow/core/platform/cpu_feature_guard.cc:141] Your CPU supports instructions that this TensorFlow binary was not compiled to use: SSE4.1 SSE4.2 AVX AVX2 FMA
2020-02-28 15:33:36.073589: I tensorflow/core/common_runtime/gpu/gpu_device.cc:1405] Found device 0 with properties: 
name: GeForce RTX 2060 major: 7 minor: 5 memoryClockRate(GHz): 1.71
pciBusID: 0000:04:00.0
totalMemory: 5.79GiB freeMemory: 5.70GiB
2020-02-28 15:33:36.073754: I tensorflow/core/common_runtime/gpu/gpu_device.cc:1484] Adding visible gpu devices: 0
2020-02-28 15:33:39.861058: I tensorflow/core/common_runtime/gpu/gpu_device.cc:965] Device interconnect StreamExecutor with strength 1 edge matrix:
2020-02-28 15:33:39.861213: I tensorflow/core/common_runtime/gpu/gpu_device.cc:971]      0 
2020-02-28 15:33:39.861352: I tensorflow/core/common_runtime/gpu/gpu_device.cc:984] 0:   N 
2020-02-28 15:33:39.862985: I tensorflow/core/common_runtime/gpu/gpu_device.cc:1097] Created TensorFlow device (/job:localhost/replica:0/task:0/device:GPU:0 with 5455 MB memory) -> physical GPU (device: 0, name: GeForce RTX 2060, pci bus id: 0000:04:00.0, compute capability: 7.5)
2020-02-28 15:54:46.481178: I tensorflow/core/common_runtime/gpu/gpu_device.cc:1484] Adding visible gpu devices: 0
2020-02-28 15:54:46.481662: I tensorflow/core/common_runtime/gpu/gpu_device.cc:965] Device interconnect StreamExecutor with strength 1 edge matrix:
2020-02-28 15:54:46.481728: I tensorflow/core/common_runtime/gpu/gpu_device.cc:971]      0 
2020-02-28 15:54:46.481783: I tensorflow/core/common_runtime/gpu/gpu_device.cc:984] 0:   N 
2020-02-28 15:54:46.481901: I tensorflow/core/common_runtime/gpu/gpu_device.cc:1097] Created TensorFlow device (/job:localhost/replica:0/task:0/device:GPU:0 with 5455 MB memory) -> physical GPU (device: 0, name: GeForce RTX 2060, pci bus id: 0000:04:00.0, compute capability: 7.5)
2020-02-28 16:16:00.161974: I tensorflow/core/common_runtime/gpu/gpu_device.cc:1484] Adding visible gpu devices: 0
2020-02-28 16:16:00.162346: I tensorflow/core/common_runtime/gpu/gpu_device.cc:965] Device interconnect StreamExecutor with strength 1 edge matrix:
2020-02-28 16:16:00.162409: I tensorflow/core/common_runtime/gpu/gpu_device.cc:971]      0 
2020-02-28 16:16:00.162455: I tensorflow/core/common_runtime/gpu/gpu_device.cc:984] 0:   N 
2020-02-28 16:16:00.162562: I tensorflow/core/common_runtime/gpu/gpu_device.cc:1097] Created TensorFlow device (/job:localhost/replica:0/task:0/device:GPU:0 with 5455 MB memory) -> physical GPU (device: 0, name: GeForce RTX 2060, pci bus id: 0000:04:00.0, compute capability: 7.5)
2020-02-28 16:37:55.652450: I tensorflow/core/common_runtime/gpu/gpu_device.cc:1484] Adding visible gpu devices: 0
2020-02-28 16:37:55.652845: I tensorflow/core/common_runtime/gpu/gpu_device.cc:965] Device interconnect StreamExecutor with strength 1 edge matrix:
2020-02-28 16:37:55.652910: I tensorflow/core/common_runtime/gpu/gpu_device.cc:971]      0 
2020-02-28 16:37:55.652966: I tensorflow/core/common_runtime/gpu/gpu_device.cc:984] 0:   N 
2020-02-28 16:37:55.653096: I tensorflow/core/common_runtime/gpu/gpu_device.cc:1097] Created TensorFlow device (/job:localhost/replica:0/task:0/device:GPU:0 with 5455 MB memory) -> physical GPU (device: 0, name: GeForce RTX 2060, pci bus id: 0000:04:00.0, compute capability: 7.5)
2020-02-28 16:59:15.038127: I tensorflow/core/common_runtime/gpu/gpu_device.cc:1484] Adding visible gpu devices: 0
2020-02-28 16:59:15.038602: I tensorflow/core/common_runtime/gpu/gpu_device.cc:965] Device interconnect StreamExecutor with strength 1 edge matrix:
2020-02-28 16:59:15.038700: I tensorflow/core/common_runtime/gpu/gpu_device.cc:971]      0 
2020-02-28 16:59:15.038803: I tensorflow/core/common_runtime/gpu/gpu_device.cc:984] 0:   N 
2020-02-28 16:59:15.038952: I tensorflow/core/common_runtime/gpu/gpu_device.cc:1097] Created TensorFlow device (/job:localhost/replica:0/task:0/device:GPU:0 with 5455 MB memory) -> physical GPU (device: 0, name: GeForce RTX 2060, pci bus id: 0000:04:00.0, compute capability: 7.5)
2020-02-28 17:20:46.222958: I tensorflow/core/common_runtime/gpu/gpu_device.cc:1484] Adding visible gpu devices: 0
2020-02-28 17:20:46.223325: I tensorflow/core/common_runtime/gpu/gpu_device.cc:965] Device interconnect StreamExecutor with strength 1 edge matrix:
2020-02-28 17:20:46.223394: I tensorflow/core/common_runtime/gpu/gpu_device.cc:971]      0 
2020-02-28 17:20:46.223444: I tensorflow/core/common_runtime/gpu/gpu_device.cc:984] 0:   N 
2020-02-28 17:20:46.223554: I tensorflow/core/common_runtime/gpu/gpu_device.cc:1097] Created TensorFlow device (/job:localhost/replica:0/task:0/device:GPU:0 with 5455 MB memory) -> physical GPU (device: 0, name: GeForce RTX 2060, pci bus id: 0000:04:00.0, compute capability: 7.5)
