

config:

HOME=/clusterFS/home/student/kopp13
PATH=/clusterFS/home/student/kopp13/miniconda3/envs/tensorflow/bin:/clusterFS/home/student/kopp13/miniconda3/condabin:/clusterFS/home/student/kopp13/VarRNN/src/bin:/clusterFS/home/student/kopp13/miniconda3/bin:/clusterFS/home/student/kopp13/bin:/usr/local/bin:/usr/bin:/bin:/usr/local/games:/usr/games
LD_LIBRARY_PATH=:/usr/local/cuda-9.0/lib64
THEANO_FLAGS=floatX=float32,gpuarray.preallocate=0.9,dnn.library_path=/usr/lib/x86_64-linux-gnu,cxx=clang++-3.8,device=cuda,base_compiledir=/tmp/tmp.UGypetfFz7


=============================
CONFIG FILE

TRAINING CONFIG
{'algorithm': ['c_reparam', 'gste'],
 'batchnorm': {'modes': [], 'momentum': 0.98, 'tau': 1, 'type': 'none'},
 'dir_reg': 0.0,
 'ent_reg': 0.0,
 'learning_rate': 0.03,
 'learning_rate_tau': 4000,
 'mode': {'max_epochs': 5000, 'min_error': 0.0, 'name': 'classic'},
 'pretraining': {'enabled': True, 'path': 'si_model'},
 'task_id': 6,
 'tau': 10.0,
 'var_reg': 0.0}

DATA CONFIG
{'dataset': 'sign',
 'remove_bias': False,
 'te': {'in_seq_len': 70,
        'max_truncation': 10,
        'minibatch_enabled': False,
        'minibatch_size': 1000},
 'tr': {'in_seq_len': 70,
        'max_truncation': 10,
        'minibatch_enabled': False,
        'minibatch_size': 1000},
 'va': {'in_seq_len': 70,
        'max_truncation': 10,
        'minibatch_enabled': False,
        'minibatch_size': 1000}}

RNN CONFIG
{'act_disc': [],
 'data_multiplier': None,
 'gradient_clip_value': 0.5,
 'layer_configs': [{'layer_type': 'input'},
                   {'bc': {'init_m': 'zeros',
                           'init_v': -4.5,
                           'prior_m': 0.0,
                           'prior_v': 0.0,
                           'type': 'continuous'},
                    'bf': {'init_m': 'ones',
                           'init_v': -4.5,
                           'prior_m': 1.0,
                           'prior_v': 0.0,
                           'type': 'continuous'},
                    'bi': {'init_m': 'zeros',
                           'init_v': -4.5,
                           'prior_m': 0.0,
                           'prior_v': 0.0,
                           'type': 'continuous'},
                    'bo': {'init_m': 'zeros',
                           'init_v': -4.5,
                           'prior_m': 0.0,
                           'prior_v': 0.0,
                           'type': 'continuous'},
                    'discrete_act': [],
                    'layer_type': 'lstm',
                    'lr_adapt': False,
                    'parametrization': 'sigmoid',
                    'tau': 10.0,
                    'var_scope': 'lstm_0',
                    'wc': {'p0max': 0.95,
                           'p0min': 0.05,
                           'parametrization': 'sigmoid',
                           'pmax': 0.99,
                           'pmin': 0.01,
                           'priors': [0.1, 0.8, 0.1],
                           'type': 'ternary'},
                    'wf': {'p0max': 0.95,
                           'p0min': 0.05,
                           'parametrization': 'sigmoid',
                           'pmax': 0.99,
                           'pmin': 0.01,
                           'priors': [0.1, 0.8, 0.1],
                           'type': 'ternary'},
                    'wi': {'p0max': 0.95,
                           'p0min': 0.05,
                           'parametrization': 'sigmoid',
                           'pmax': 0.99,
                           'pmin': 0.01,
                           'priors': [0.1, 0.8, 0.1],
                           'type': 'ternary'},
                    'wo': {'p0max': 0.95,
                           'p0min': 0.05,
                           'parametrization': 'sigmoid',
                           'pmax': 0.99,
                           'pmin': 0.01,
                           'priors': [0.1, 0.8, 0.1],
                           'type': 'ternary'}},
                   {'bc': {'init_m': 'zeros',
                           'init_v': -4.5,
                           'prior_m': 0.0,
                           'prior_v': 0.0,
                           'type': 'continuous'},
                    'bf': {'init_m': 'ones',
                           'init_v': -4.5,
                           'prior_m': 1.0,
                           'prior_v': 0.0,
                           'type': 'continuous'},
                    'bi': {'init_m': 'zeros',
                           'init_v': -4.5,
                           'prior_m': 0.0,
                           'prior_v': 0.0,
                           'type': 'continuous'},
                    'bo': {'init_m': 'zeros',
                           'init_v': -4.5,
                           'prior_m': 0.0,
                           'prior_v': 0.0,
                           'type': 'continuous'},
                    'discrete_act': [],
                    'layer_type': 'lstm',
                    'lr_adapt': False,
                    'parametrization': 'sigmoid',
                    'tau': 10.0,
                    'var_scope': 'lstm_1',
                    'wc': {'p0max': 0.95,
                           'p0min': 0.05,
                           'parametrization': 'sigmoid',
                           'pmax': 0.99,
                           'pmin': 0.01,
                           'priors': [0.1, 0.8, 0.1],
                           'type': 'ternary'},
                    'wf': {'p0max': 0.95,
                           'p0min': 0.05,
                           'parametrization': 'sigmoid',
                           'pmax': 0.99,
                           'pmin': 0.01,
                           'priors': [0.1, 0.8, 0.1],
                           'type': 'ternary'},
                    'wi': {'p0max': 0.95,
                           'p0min': 0.05,
                           'parametrization': 'sigmoid',
                           'pmax': 0.99,
                           'pmin': 0.01,
                           'priors': [0.1, 0.8, 0.1],
                           'type': 'ternary'},
                    'wo': {'p0max': 0.95,
                           'p0min': 0.05,
                           'parametrization': 'sigmoid',
                           'pmax': 0.99,
                           'pmin': 0.01,
                           'priors': [0.1, 0.8, 0.1],
                           'type': 'ternary'}},
                   {'b': {'init_m': 'zeros',
                          'init_v': -4.5,
                          'prior_m': 0.0,
                          'prior_v': 0.0,
                          'type': 'continuous'},
                    'layer_type': 'fc',
                    'lr_adapt': False,
                    'parametrization': 'sigmoid',
                    'regularization': {'mode': None, 'strength': 0.02},
                    'tau': 10.0,
                    'var_scope': 'output_layer',
                    'w': {'p0max': 0.95,
                          'p0min': 0.05,
                          'parametrization': 'sigmoid',
                          'pmax': 0.99,
                          'pmin': 0.01,
                          'priors': [0.1, 0.8, 0.1],
                          'type': 'ternary'}}],
 'layout': [22, 30, 30, 96],
 'output_type': 'classification'}
==============================


tr
(1468, 22, 70)
va
(394, 22, 70)
te
(651, 22, 70)
(394, 22, 70)
(394, 96)
(651, 22, 70)
(651, 96)
(1468, 22, 70)
(1468, 96)
  0,  0 | TrAcc: 0.0102, TrLoss:  5.79888, VaAcc: 0.0102, VaLoss:  5.70865	 MAP NN | Acc: 0.0127 | Loss: 5.7205
  1,  0 | TrAcc: 0.0068, TrLoss:  5.57605, VaAcc: 0.0127, VaLoss:  5.69111	 MAP NN | Acc: 0.0152 | Loss: 5.5483
  2,  0 | TrAcc: 0.0095, TrLoss:  5.67102, VaAcc: 0.0051, VaLoss:  5.86798	 MAP NN | Acc: 0.0178 | Loss: 5.5597
  3,  0 | TrAcc: 0.0089, TrLoss:  5.54810, VaAcc: 0.0076, VaLoss:  5.67224	 MAP NN | Acc: 0.0102 | Loss: 5.5237
  4,  0 | TrAcc: 0.0150, TrLoss:  5.67469, VaAcc: 0.0152, VaLoss:  5.71988	 MAP NN | Acc: 0.0152 | Loss: 5.5043
  5,  0 | TrAcc: 0.0109, TrLoss:  5.57741, VaAcc: 0.0152, VaLoss:  5.75338	 MAP NN | Acc: 0.0051 | Loss: 5.5175
  6,  0 | TrAcc: 0.0082, TrLoss:  5.53075, VaAcc: 0.0127, VaLoss:  5.61392	 MAP NN | Acc: 0.0051 | Loss: 5.5398
  7,  0 | TrAcc: 0.0129, TrLoss:  5.74708, VaAcc: 0.0051, VaLoss:  5.66446	 MAP NN | Acc: 0.0152 | Loss: 5.5181
  8,  0 | TrAcc: 0.0068, TrLoss:  5.56903, VaAcc: 0.0178, VaLoss:  5.40015	 MAP NN | Acc: 0.0152 | Loss: 5.5026
  9,  0 | TrAcc: 0.0109, TrLoss:  5.30432, VaAcc: 0.0102, VaLoss:  5.64830	 MAP NN | Acc: 0.0203 | Loss: 5.4774
 10,  0 | TrAcc: 0.0116, TrLoss:  5.41047, VaAcc: 0.0279, VaLoss:  5.56827	 MAP NN | Acc: 0.0152 | Loss: 5.5097
 11,  0 | TrAcc: 0.0102, TrLoss:  5.39882, VaAcc: 0.0000, VaLoss:  5.65462	 MAP NN | Acc: 0.0127 | Loss: 5.4581
 12,  0 | TrAcc: 0.0109, TrLoss:  5.48119, VaAcc: 0.0051, VaLoss:  5.48335	 MAP NN | Acc: 0.0076 | Loss: 5.4393
 13,  0 | TrAcc: 0.0102, TrLoss:  5.46122, VaAcc: 0.0102, VaLoss:  5.52985	 MAP NN | Acc: 0.0051 | Loss: 5.4495
 14,  0 | TrAcc: 0.0082, TrLoss:  5.50020, VaAcc: 0.0178, VaLoss:  5.34412	 MAP NN | Acc: 0.0076 | Loss: 5.3820
 15,  0 | TrAcc: 0.0102, TrLoss:  5.31748, VaAcc: 0.0102, VaLoss:  5.53730	 MAP NN | Acc: 0.0076 | Loss: 5.3515
 16,  0 | TrAcc: 0.0163, TrLoss:  5.29801, VaAcc: 0.0102, VaLoss:  5.54339	 MAP NN | Acc: 0.0051 | Loss: 5.3502
 17,  0 | TrAcc: 0.0082, TrLoss:  5.26417, VaAcc: 0.0102, VaLoss:  5.41314	 MAP NN | Acc: 0.0025 | Loss: 5.3206
 18,  0 | TrAcc: 0.0102, TrLoss:  5.27690, VaAcc: 0.0102, VaLoss:  5.62657	 MAP NN | Acc: 0.0076 | Loss: 5.3395
 19,  0 | TrAcc: 0.0123, TrLoss:  5.46126, VaAcc: 0.0178, VaLoss:  5.24473	 MAP NN | Acc: 0.0102 | Loss: 5.2620
 20,  0 | TrAcc: 0.0163, TrLoss:  5.35884, VaAcc: 0.0127, VaLoss:  5.50149	 MAP NN | Acc: 0.0076 | Loss: 5.2708
 21,  0 | TrAcc: 0.0136, TrLoss:  5.17499, VaAcc: 0.0152, VaLoss:  5.40763	 MAP NN | Acc: 0.0102 | Loss: 5.2590
 22,  0 | TrAcc: 0.0123, TrLoss:  5.58708, VaAcc: 0.0076, VaLoss:  5.43991	 MAP NN | Acc: 0.0102 | Loss: 5.2891
 23,  0 | TrAcc: 0.0109, TrLoss:  5.27973, VaAcc: 0.0051, VaLoss:  5.15677	 MAP NN | Acc: 0.0127 | Loss: 5.2944
 24,  0 | TrAcc: 0.0136, TrLoss:  5.26018, VaAcc: 0.0076, VaLoss:  5.37619	 MAP NN | Acc: 0.0152 | Loss: 5.2658
 25,  0 | TrAcc: 0.0157, TrLoss:  5.20571, VaAcc: 0.0102, VaLoss:  5.35933	 MAP NN | Acc: 0.0051 | Loss: 5.2491
 26,  0 | TrAcc: 0.0082, TrLoss:  5.14023, VaAcc: 0.0178, VaLoss:  5.35139	 MAP NN | Acc: 0.0102 | Loss: 5.2352
 27,  0 | TrAcc: 0.0102, TrLoss:  5.17583, VaAcc: 0.0102, VaLoss:  5.31450	 MAP NN | Acc: 0.0127 | Loss: 5.2329
 28,  0 | TrAcc: 0.0123, TrLoss:  5.16905, VaAcc: 0.0203, VaLoss:  5.33232	 MAP NN | Acc: 0.0102 | Loss: 5.2330
 29,  0 | TrAcc: 0.0095, TrLoss:  5.17638, VaAcc: 0.0076, VaLoss:  5.29469	 MAP NN | Acc: 0.0102 | Loss: 5.2020
 30,  0 | TrAcc: 0.0116, TrLoss:  5.14296, VaAcc: 0.0102, VaLoss:  5.24752	 MAP NN | Acc: 0.0102 | Loss: 5.1719
 31,  0 | TrAcc: 0.0109, TrLoss:  5.20360, VaAcc: 0.0051, VaLoss:  5.23996	 MAP NN | Acc: 0.0152 | Loss: 5.1406
 32,  0 | TrAcc: 0.0150, TrLoss:  5.06020, VaAcc: 0.0051, VaLoss:  5.25018	 MAP NN | Acc: 0.0152 | Loss: 5.1212
 33,  0 | TrAcc: 0.0068, TrLoss:  5.01254, VaAcc: 0.0076, VaLoss:  5.25473	 MAP NN | Acc: 0.0152 | Loss: 5.1058
 34,  0 | TrAcc: 0.0150, TrLoss:  5.05441, VaAcc: 0.0127, VaLoss:  5.26195	 MAP NN | Acc: 0.0127 | Loss: 5.1122
 35,  0 | TrAcc: 0.0082, TrLoss:  5.13759, VaAcc: 0.0152, VaLoss:  5.28423	 MAP NN | Acc: 0.0102 | Loss: 5.1046
 36,  0 | TrAcc: 0.0116, TrLoss:  5.04383, VaAcc: 0.0102, VaLoss:  5.29062	 MAP NN | Acc: 0.0076 | Loss: 5.0873
 37,  0 | TrAcc: 0.0095, TrLoss:  5.06611, VaAcc: 0.0127, VaLoss:  5.07072	 MAP NN | Acc: 0.0076 | Loss: 5.0576
 38,  0 | TrAcc: 0.0095, TrLoss:  5.11493, VaAcc: 0.0051, VaLoss:  5.16354	 MAP NN | Acc: 0.0051 | Loss: 5.0602
 39,  0 | TrAcc: 0.0102, TrLoss:  5.01113, VaAcc: 0.0102, VaLoss:  5.08022	 MAP NN | Acc: 0.0076 | Loss: 5.0550
 40,  0 | TrAcc: 0.0082, TrLoss:  5.06408, VaAcc: 0.0178, VaLoss:  5.18928	 MAP NN | Acc: 0.0102 | Loss: 5.0570
 41,  0 | TrAcc: 0.0089, TrLoss:  5.15409, VaAcc: 0.0076, VaLoss:  5.11113	 MAP NN | Acc: 0.0102 | Loss: 5.0349
 42,  0 | TrAcc: 0.0109, TrLoss:  5.03860, VaAcc: 0.0102, VaLoss:  5.11800	 MAP NN | Acc: 0.0102 | Loss: 5.0319
 43,  0 | TrAcc: 0.0150, TrLoss:  5.15023, VaAcc: 0.0076, VaLoss:  5.13788	 MAP NN | Acc: 0.0127 | Loss: 5.0173
 44,  0 | TrAcc: 0.0116, TrLoss:  4.94041, VaAcc: 0.0203, VaLoss:  5.02360	 MAP NN | Acc: 0.0127 | Loss: 5.0157
 45,  0 | TrAcc: 0.0123, TrLoss:  5.07343, VaAcc: 0.0127, VaLoss:  5.08190	 MAP NN | Acc: 0.0152 | Loss: 4.9712
 46,  0 | TrAcc: 0.0123, TrLoss:  4.96440, VaAcc: 0.0152, VaLoss:  5.14741	 MAP NN | Acc: 0.0127 | Loss: 4.9623
 47,  0 | TrAcc: 0.0170, TrLoss:  5.00595, VaAcc: 0.0127, VaLoss:  5.11318	 MAP NN | Acc: 0.0102 | Loss: 4.9517
 48,  0 | TrAcc: 0.0143, TrLoss:  4.88018, VaAcc: 0.0025, VaLoss:  5.13839	 MAP NN | Acc: 0.0152 | Loss: 4.9510
 49,  0 | TrAcc: 0.0075, TrLoss:  4.98501, VaAcc: 0.0102, VaLoss:  5.00245	 MAP NN | Acc: 0.0178 | Loss: 4.9493
 50,  0 | TrAcc: 0.0041, TrLoss:  4.96423, VaAcc: 0.0102, VaLoss:  5.05218	 MAP NN | Acc: 0.0102 | Loss: 4.9383
 51,  0 | TrAcc: 0.0116, TrLoss:  5.00685, VaAcc: 0.0102, VaLoss:  5.06491	 MAP NN | Acc: 0.0102 | Loss: 4.9327
 52,  0 | TrAcc: 0.0102, TrLoss:  4.91276, VaAcc: 0.0076, VaLoss:  5.11834	 MAP NN | Acc: 0.0127 | Loss: 4.9085
 53,  0 | TrAcc: 0.0123, TrLoss:  4.85455, VaAcc: 0.0102, VaLoss:  5.02551	 MAP NN | Acc: 0.0102 | Loss: 4.9067
 54,  0 | TrAcc: 0.0116, TrLoss:  4.88921, VaAcc: 0.0127, VaLoss:  5.06136	 MAP NN | Acc: 0.0102 | Loss: 4.9084
 55,  0 | TrAcc: 0.0136, TrLoss:  4.85266, VaAcc: 0.0102, VaLoss:  5.00439	 MAP NN | Acc: 0.0102 | Loss: 4.9029
 56,  0 | TrAcc: 0.0163, TrLoss:  4.92175, VaAcc: 0.0102, VaLoss:  5.20880	 MAP NN | Acc: 0.0076 | Loss: 4.9144
 57,  0 | TrAcc: 0.0116, TrLoss:  4.97081, VaAcc: 0.0152, VaLoss:  5.02071	 MAP NN | Acc: 0.0102 | Loss: 4.9163
 58,  0 | TrAcc: 0.0061, TrLoss:  4.88186, VaAcc: 0.0127, VaLoss:  4.99039	 MAP NN | Acc: 0.0051 | Loss: 4.9087
 59,  0 | TrAcc: 0.0191, TrLoss:  4.83410, VaAcc: 0.0102, VaLoss:  5.02407	 MAP NN | Acc: 0.0025 | Loss: 4.8822
 60,  0 | TrAcc: 0.0143, TrLoss:  4.83011, VaAcc: 0.0076, VaLoss:  5.03045	 MAP NN | Acc: 0.0025 | Loss: 4.8759
 61,  0 | TrAcc: 0.0123, TrLoss:  4.90623, VaAcc: 0.0152, VaLoss:  4.99389	 MAP NN | Acc: 0.0102 | Loss: 4.8497
 62,  0 | TrAcc: 0.0157, TrLoss:  4.76177, VaAcc: 0.0152, VaLoss:  5.01564	 MAP NN | Acc: 0.0076 | Loss: 4.8827
 63,  0 | TrAcc: 0.0184, TrLoss:  4.86011, VaAcc: 0.0051, VaLoss:  4.89019	 MAP NN | Acc: 0.0051 | Loss: 4.8697
 64,  0 | TrAcc: 0.0184, TrLoss:  4.82866, VaAcc: 0.0102, VaLoss:  4.97665	 MAP NN | Acc: 0.0102 | Loss: 4.8527
 65,  0 | TrAcc: 0.0109, TrLoss:  4.86820, VaAcc: 0.0127, VaLoss:  4.87770	 MAP NN | Acc: 0.0076 | Loss: 4.8428
 66,  0 | TrAcc: 0.0136, TrLoss:  4.88136, VaAcc: 0.0127, VaLoss:  4.97623	 MAP NN | Acc: 0.0076 | Loss: 4.8292
 67,  0 | TrAcc: 0.0095, TrLoss:  4.86177, VaAcc: 0.0102, VaLoss:  4.79334	 MAP NN | Acc: 0.0076 | Loss: 4.8171
 68,  0 | TrAcc: 0.0123, TrLoss:  4.82865, VaAcc: 0.0152, VaLoss:  4.88146	 MAP NN | Acc: 0.0025 | Loss: 4.8121
 69,  0 | TrAcc: 0.0095, TrLoss:  4.76886, VaAcc: 0.0076, VaLoss:  4.87074	 MAP NN | Acc: 0.0000 | Loss: 4.8125
 70,  0 | TrAcc: 0.0102, TrLoss:  4.81441, VaAcc: 0.0051, VaLoss:  4.87140	 MAP NN | Acc: 0.0025 | Loss: 4.7971
 71,  0 | TrAcc: 0.0109, TrLoss:  4.79356, VaAcc: 0.0102, VaLoss:  4.83973	 MAP NN | Acc: 0.0025 | Loss: 4.7938
 72,  0 | TrAcc: 0.0102, TrLoss:  4.78662, VaAcc: 0.0127, VaLoss:  5.01993	 MAP NN | Acc: 0.0025 | Loss: 4.7870
 73,  0 | TrAcc: 0.0136, TrLoss:  4.79188, VaAcc: 0.0076, VaLoss:  4.86250	 MAP NN | Acc: 0.0025 | Loss: 4.7843
 74,  0 | TrAcc: 0.0157, TrLoss:  4.92943, VaAcc: 0.0051, VaLoss:  4.92008	 MAP NN | Acc: 0.0025 | Loss: 4.7756
 75,  0 | TrAcc: 0.0150, TrLoss:  4.76457, VaAcc: 0.0102, VaLoss:  4.82779	 MAP NN | Acc: 0.0025 | Loss: 4.7800
 76,  0 | TrAcc: 0.0129, TrLoss:  4.78737, VaAcc: 0.0076, VaLoss:  4.91700	 MAP NN | Acc: 0.0025 | Loss: 4.7734
 77,  0 | TrAcc: 0.0157, TrLoss:  4.79158, VaAcc: 0.0051, VaLoss:  4.93217	 MAP NN | Acc: 0.0025 | Loss: 4.7767
 78,  0 | TrAcc: 0.0109, TrLoss:  4.83671, VaAcc: 0.0051, VaLoss:  4.81975	 MAP NN | Acc: 0.0025 | Loss: 4.7744
 79,  0 | TrAcc: 0.0129, TrLoss:  4.82676, VaAcc: 0.0127, VaLoss:  4.86613	 MAP NN | Acc: 0.0051 | Loss: 4.7684
 80,  0 | TrAcc: 0.0116, TrLoss:  4.71814, VaAcc: 0.0000, VaLoss:  4.89665	 MAP NN | Acc: 0.0051 | Loss: 4.7624
 81,  0 | TrAcc: 0.0089, TrLoss:  4.76747, VaAcc: 0.0127, VaLoss:  4.88409	 MAP NN | Acc: 0.0076 | Loss: 4.7647
 82,  0 | TrAcc: 0.0143, TrLoss:  4.71219, VaAcc: 0.0051, VaLoss:  4.90491	 MAP NN | Acc: 0.0076 | Loss: 4.7628
 83,  0 | TrAcc: 0.0150, TrLoss:  4.72321, VaAcc: 0.0076, VaLoss:  4.83974	 MAP NN | Acc: 0.0076 | Loss: 4.7606
 84,  0 | TrAcc: 0.0184, TrLoss:  4.72689, VaAcc: 0.0025, VaLoss:  4.86977	 MAP NN | Acc: 0.0076 | Loss: 4.7598
 85,  0 | TrAcc: 0.0129, TrLoss:  4.71254, VaAcc: 0.0051, VaLoss:  4.84675	 MAP NN | Acc: 0.0076 | Loss: 4.7595
 86,  0 | TrAcc: 0.0109, TrLoss:  4.74859, VaAcc: 0.0152, VaLoss:  4.91182	 MAP NN | Acc: 0.0076 | Loss: 4.7526
 87,  0 | TrAcc: 0.0170, TrLoss:  4.74294, VaAcc: 0.0076, VaLoss:  4.96530	 MAP NN | Acc: 0.0076 | Loss: 4.7485
 88,  0 | TrAcc: 0.0129, TrLoss:  4.76917, VaAcc: 0.0127, VaLoss:  4.86380	 MAP NN | Acc: 0.0102 | Loss: 4.7445
 89,  0 | TrAcc: 0.0170, TrLoss:  4.81515, VaAcc: 0.0127, VaLoss:  4.88824	 MAP NN | Acc: 0.0076 | Loss: 4.7433
 90,  0 | TrAcc: 0.0157, TrLoss:  4.70870, VaAcc: 0.0127, VaLoss:  4.87609	 MAP NN | Acc: 0.0102 | Loss: 4.7440
 91,  0 | TrAcc: 0.0129, TrLoss:  4.76073, VaAcc: 0.0076, VaLoss:  4.85297	 MAP NN | Acc: 0.0102 | Loss: 4.7421
 92,  0 | TrAcc: 0.0143, TrLoss:  4.71863, VaAcc: 0.0127, VaLoss:  4.86603	 MAP NN | Acc: 0.0127 | Loss: 4.7382
 93,  0 | TrAcc: 0.0123, TrLoss:  4.78907, VaAcc: 0.0051, VaLoss:  4.89602	 MAP NN | Acc: 0.0102 | Loss: 4.7360
 94,  0 | TrAcc: 0.0143, TrLoss:  4.71812, VaAcc: 0.0051, VaLoss:  4.83761	 MAP NN | Acc: 0.0102 | Loss: 4.7349
 95,  0 | TrAcc: 0.0184, TrLoss:  4.70244, VaAcc: 0.0025, VaLoss:  4.78589	 MAP NN | Acc: 0.0102 | Loss: 4.7329
 96,  0 | TrAcc: 0.0150, TrLoss:  4.73804, VaAcc: 0.0178, VaLoss:  4.81911	 MAP NN | Acc: 0.0127 | Loss: 4.7285
 97,  0 | TrAcc: 0.0075, TrLoss:  4.70442, VaAcc: 0.0178, VaLoss:  4.80512	 MAP NN | Acc: 0.0127 | Loss: 4.7311
 98,  0 | TrAcc: 0.0109, TrLoss:  4.73102, VaAcc: 0.0203, VaLoss:  4.76399	 MAP NN | Acc: 0.0127 | Loss: 4.7359
 99,  0 | TrAcc: 0.0109, TrLoss:  4.73245, VaAcc: 0.0102, VaLoss:  4.87807	 MAP NN | Acc: 0.0102 | Loss: 4.7200
100,  0 | TrAcc: 0.0095, TrLoss:  4.72361, VaAcc: 0.0102, VaLoss:  4.83963	 MAP NN | Acc: 0.0076 | Loss: 4.7175
101,  0 | TrAcc: 0.0123, TrLoss:  4.72112, VaAcc: 0.0178, VaLoss:  4.83981	 MAP NN | Acc: 0.0051 | Loss: 4.7142
102,  0 | TrAcc: 0.0123, TrLoss:  4.67377, VaAcc: 0.0076, VaLoss:  4.90081	 MAP NN | Acc: 0.0051 | Loss: 4.7215
103,  0 | TrAcc: 0.0170, TrLoss:  4.68359, VaAcc: 0.0076, VaLoss:  4.90231	 MAP NN | Acc: 0.0051 | Loss: 4.7046
104,  0 | TrAcc: 0.0089, TrLoss:  4.72012, VaAcc: 0.0127, VaLoss:  4.80231	 MAP NN | Acc: 0.0051 | Loss: 4.7042
105,  0 | TrAcc: 0.0082, TrLoss:  4.69094, VaAcc: 0.0102, VaLoss:  4.78162	 MAP NN | Acc: 0.0076 | Loss: 4.7039
106,  0 | TrAcc: 0.0177, TrLoss:  4.65343, VaAcc: 0.0127, VaLoss:  4.74148	 MAP NN | Acc: 0.0102 | Loss: 4.7009
107,  0 | TrAcc: 0.0157, TrLoss:  4.66925, VaAcc: 0.0076, VaLoss:  4.76226	 MAP NN | Acc: 0.0076 | Loss: 4.6982
108,  0 | TrAcc: 0.0109, TrLoss:  4.67318, VaAcc: 0.0051, VaLoss:  4.82841	 MAP NN | Acc: 0.0076 | Loss: 4.6989
109,  0 | TrAcc: 0.0143, TrLoss:  4.65680, VaAcc: 0.0152, VaLoss:  4.81106	 MAP NN | Acc: 0.0102 | Loss: 4.6943
110,  0 | TrAcc: 0.0129, TrLoss:  4.69711, VaAcc: 0.0152, VaLoss:  4.77950	 MAP NN | Acc: 0.0102 | Loss: 4.6951
111,  0 | TrAcc: 0.0157, TrLoss:  4.69884, VaAcc: 0.0076, VaLoss:  4.79641	 MAP NN | Acc: 0.0102 | Loss: 4.6960
112,  0 | TrAcc: 0.0102, TrLoss:  4.68570, VaAcc: 0.0051, VaLoss:  4.74060	 MAP NN | Acc: 0.0102 | Loss: 4.6951
113,  0 | TrAcc: 0.0143, TrLoss:  4.60692, VaAcc: 0.0178, VaLoss:  4.80962	 MAP NN | Acc: 0.0102 | Loss: 4.6925
114,  0 | TrAcc: 0.0143, TrLoss:  4.66837, VaAcc: 0.0127, VaLoss:  4.79823	 MAP NN | Acc: 0.0102 | Loss: 4.6925
115,  0 | TrAcc: 0.0116, TrLoss:  4.65205, VaAcc: 0.0076, VaLoss:  4.84624	 MAP NN | Acc: 0.0102 | Loss: 4.6925
116,  0 | TrAcc: 0.0116, TrLoss:  4.67636, VaAcc: 0.0127, VaLoss:  4.82811	 MAP NN | Acc: 0.0102 | Loss: 4.6891
117,  0 | TrAcc: 0.0143, TrLoss:  4.67151, VaAcc: 0.0203, VaLoss:  4.69023	 MAP NN | Acc: 0.0102 | Loss: 4.6880
118,  0 | TrAcc: 0.0150, TrLoss:  4.64285, VaAcc: 0.0025, VaLoss:  4.69216	 MAP NN | Acc: 0.0102 | Loss: 4.6852
119,  0 | TrAcc: 0.0136, TrLoss:  4.62797, VaAcc: 0.0152, VaLoss:  4.76908	 MAP NN | Acc: 0.0102 | Loss: 4.6853
120,  0 | TrAcc: 0.0150, TrLoss:  4.62628, VaAcc: 0.0203, VaLoss:  4.74175	 MAP NN | Acc: 0.0102 | Loss: 4.6844
121,  0 | TrAcc: 0.0150, TrLoss:  4.63886, VaAcc: 0.0102, VaLoss:  4.74010	 MAP NN | Acc: 0.0102 | Loss: 4.6844
122,  0 | TrAcc: 0.0123, TrLoss:  4.67673, VaAcc: 0.0051, VaLoss:  4.76251	 MAP NN | Acc: 0.0102 | Loss: 4.6805
123,  0 | TrAcc: 0.0116, TrLoss:  4.66347, VaAcc: 0.0051, VaLoss:  4.69959	 MAP NN | Acc: 0.0102 | Loss: 4.6797
124,  0 | TrAcc: 0.0163, TrLoss:  4.65069, VaAcc: 0.0102, VaLoss:  4.75620	 MAP NN | Acc: 0.0102 | Loss: 4.6787
125,  0 | TrAcc: 0.0109, TrLoss:  4.63092, VaAcc: 0.0127, VaLoss:  4.72486	 MAP NN | Acc: 0.0102 | Loss: 4.6791
126,  0 | TrAcc: 0.0075, TrLoss:  4.61596, VaAcc: 0.0102, VaLoss:  4.78901	 MAP NN | Acc: 0.0102 | Loss: 4.6792
127,  0 | TrAcc: 0.0109, TrLoss:  4.69403, VaAcc: 0.0076, VaLoss:  4.81913	 MAP NN | Acc: 0.0102 | Loss: 4.6787
128,  0 | TrAcc: 0.0095, TrLoss:  4.66905, VaAcc: 0.0102, VaLoss:  4.80083	 MAP NN | Acc: 0.0102 | Loss: 4.6788
129,  0 | TrAcc: 0.0163, TrLoss:  4.61646, VaAcc: 0.0000, VaLoss:  4.77515	 MAP NN | Acc: 0.0102 | Loss: 4.6770
130,  0 | TrAcc: 0.0102, TrLoss:  4.62482, VaAcc: 0.0076, VaLoss:  4.73569	 MAP NN | Acc: 0.0102 | Loss: 4.6765
131,  0 | TrAcc: 0.0136, TrLoss:  4.61332, VaAcc: 0.0127, VaLoss:  4.82733	 MAP NN | Acc: 0.0102 | Loss: 4.6763
132,  0 | TrAcc: 0.0170, TrLoss:  4.64070, VaAcc: 0.0076, VaLoss:  4.76375	 MAP NN | Acc: 0.0102 | Loss: 4.6763
133,  0 | TrAcc: 0.0143, TrLoss:  4.61399, VaAcc: 0.0076, VaLoss:  4.81598	 MAP NN | Acc: 0.0102 | Loss: 4.6803
134,  0 | TrAcc: 0.0177, TrLoss:  4.63339, VaAcc: 0.0025, VaLoss:  4.73564	 MAP NN | Acc: 0.0102 | Loss: 4.6807
135,  0 | TrAcc: 0.0143, TrLoss:  4.60783, VaAcc: 0.0203, VaLoss:  4.71220	 MAP NN | Acc: 0.0076 | Loss: 4.6793
136,  0 | TrAcc: 0.0129, TrLoss:  4.60894, VaAcc: 0.0152, VaLoss:  4.71109	 MAP NN | Acc: 0.0102 | Loss: 4.6791
137,  0 | TrAcc: 0.0191, TrLoss:  4.62965, VaAcc: 0.0051, VaLoss:  4.72181	 MAP NN | Acc: 0.0102 | Loss: 4.6792
138,  0 | TrAcc: 0.0150, TrLoss:  4.63211, VaAcc: 0.0102, VaLoss:  4.77661	 MAP NN | Acc: 0.0102 | Loss: 4.6787
139,  0 | TrAcc: 0.0109, TrLoss:  4.65334, VaAcc: 0.0076, VaLoss:  4.75778	 MAP NN | Acc: 0.0102 | Loss: 4.6769
140,  0 | TrAcc: 0.0177, TrLoss:  4.62980, VaAcc: 0.0102, VaLoss:  4.77851	 MAP NN | Acc: 0.0076 | Loss: 4.6737
141,  0 | TrAcc: 0.0163, TrLoss:  4.61204, VaAcc: 0.0051, VaLoss:  4.72668	 MAP NN | Acc: 0.0076 | Loss: 4.6725
142,  0 | TrAcc: 0.0170, TrLoss:  4.63877, VaAcc: 0.0051, VaLoss:  4.68734	 MAP NN | Acc: 0.0076 | Loss: 4.6718
143,  0 | TrAcc: 0.0123, TrLoss:  4.60806, VaAcc: 0.0076, VaLoss:  4.71310	 MAP NN | Acc: 0.0051 | Loss: 4.6688
144,  0 | TrAcc: 0.0198, TrLoss:  4.63016, VaAcc: 0.0051, VaLoss:  4.72614	 MAP NN | Acc: 0.0076 | Loss: 4.6660
145,  0 | TrAcc: 0.0211, TrLoss:  4.60516, VaAcc: 0.0127, VaLoss:  4.74626	 MAP NN | Acc: 0.0076 | Loss: 4.6658
146,  0 | TrAcc: 0.0150, TrLoss:  4.63355, VaAcc: 0.0102, VaLoss:  4.80044	 MAP NN | Acc: 0.0076 | Loss: 4.6641
147,  0 | TrAcc: 0.0150, TrLoss:  4.62537, VaAcc: 0.0127, VaLoss:  4.68384	 MAP NN | Acc: 0.0076 | Loss: 4.6627
148,  0 | TrAcc: 0.0129, TrLoss:  4.60181, VaAcc: 0.0076, VaLoss:  4.72782	 MAP NN | Acc: 0.0051 | Loss: 4.6606
149,  0 | TrAcc: 0.0150, TrLoss:  4.66685, VaAcc: 0.0076, VaLoss:  4.68564	 MAP NN | Acc: 0.0051 | Loss: 4.6607
150,  0 | TrAcc: 0.0198, TrLoss:  4.61730, VaAcc: 0.0076, VaLoss:  4.71603	 MAP NN | Acc: 0.0051 | Loss: 4.6612
151,  0 | TrAcc: 0.0129, TrLoss:  4.62595, VaAcc: 0.0102, VaLoss:  4.71672	 MAP NN | Acc: 0.0051 | Loss: 4.6611
152,  0 | TrAcc: 0.0163, TrLoss:  4.62598, VaAcc: 0.0076, VaLoss:  4.72123	 MAP NN | Acc: 0.0051 | Loss: 4.6601
153,  0 | TrAcc: 0.0102, TrLoss:  4.61820, VaAcc: 0.0102, VaLoss:  4.68530	 MAP NN | Acc: 0.0051 | Loss: 4.6590
154,  0 | TrAcc: 0.0109, TrLoss:  4.63321, VaAcc: 0.0076, VaLoss:  4.72673	 MAP NN | Acc: 0.0051 | Loss: 4.6597
155,  0 | TrAcc: 0.0143, TrLoss:  4.62153, VaAcc: 0.0102, VaLoss:  4.73664	 MAP NN | Acc: 0.0051 | Loss: 4.6586
156,  0 | TrAcc: 0.0109, TrLoss:  4.59291, VaAcc: 0.0051, VaLoss:  4.71764	 MAP NN | Acc: 0.0051 | Loss: 4.6572
157,  0 | TrAcc: 0.0109, TrLoss:  4.60353, VaAcc: 0.0102, VaLoss:  4.70006	 MAP NN | Acc: 0.0076 | Loss: 4.6568
158,  0 | TrAcc: 0.0082, TrLoss:  4.67799, VaAcc: 0.0025, VaLoss:  4.79027	 MAP NN | Acc: 0.0076 | Loss: 4.6572
159,  0 | TrAcc: 0.0136, TrLoss:  4.59446, VaAcc: 0.0102, VaLoss:  4.72254	 MAP NN | Acc: 0.0076 | Loss: 4.6575
160,  0 | TrAcc: 0.0150, TrLoss:  4.60307, VaAcc: 0.0025, VaLoss:  4.69459	 MAP NN | Acc: 0.0076 | Loss: 4.6571
161,  0 | TrAcc: 0.0150, TrLoss:  4.60404, VaAcc: 0.0127, VaLoss:  4.71410	 MAP NN | Acc: 0.0076 | Loss: 4.6550
162,  0 | TrAcc: 0.0089, TrLoss:  4.61575, VaAcc: 0.0051, VaLoss:  4.71999	 MAP NN | Acc: 0.0076 | Loss: 4.6526
163,  0 | TrAcc: 0.0109, TrLoss:  4.58117, VaAcc: 0.0025, VaLoss:  4.72990	 MAP NN | Acc: 0.0076 | Loss: 4.6521
164,  0 | TrAcc: 0.0136, TrLoss:  4.58954, VaAcc: 0.0000, VaLoss:  4.74026	 MAP NN | Acc: 0.0076 | Loss: 4.6554
165,  0 | TrAcc: 0.0136, TrLoss:  4.59255, VaAcc: 0.0102, VaLoss:  4.73397	 MAP NN | Acc: 0.0076 | Loss: 4.6552
166,  0 | TrAcc: 0.0157, TrLoss:  4.57113, VaAcc: 0.0127, VaLoss:  4.67696	 MAP NN | Acc: 0.0076 | Loss: 4.6548
167,  0 | TrAcc: 0.0184, TrLoss:  4.59623, VaAcc: 0.0127, VaLoss:  4.67876	 MAP NN | Acc: 0.0076 | Loss: 4.6573
168,  0 | TrAcc: 0.0143, TrLoss:  4.58968, VaAcc: 0.0102, VaLoss:  4.72335	 MAP NN | Acc: 0.0076 | Loss: 4.6572
169,  0 | TrAcc: 0.0129, TrLoss:  4.60627, VaAcc: 0.0102, VaLoss:  4.73685	 MAP NN | Acc: 0.0025 | Loss: 4.6590
170,  0 | TrAcc: 0.0150, TrLoss:  4.58523, VaAcc: 0.0178, VaLoss:  4.70624	 MAP NN | Acc: 0.0051 | Loss: 4.6566
171,  0 | TrAcc: 0.0184, TrLoss:  4.60331, VaAcc: 0.0076, VaLoss:  4.71909	 MAP NN | Acc: 0.0051 | Loss: 4.6573
172,  0 | TrAcc: 0.0095, TrLoss:  4.61063, VaAcc: 0.0152, VaLoss:  4.77716	 MAP NN | Acc: 0.0051 | Loss: 4.6572
173,  0 | TrAcc: 0.0157, TrLoss:  4.61426, VaAcc: 0.0076, VaLoss:  4.73179	 MAP NN | Acc: 0.0051 | Loss: 4.6572
174,  0 | TrAcc: 0.0129, TrLoss:  4.58704, VaAcc: 0.0127, VaLoss:  4.76669	 MAP NN | Acc: 0.0076 | Loss: 4.6567
175,  0 | TrAcc: 0.0089, TrLoss:  4.60993, VaAcc: 0.0127, VaLoss:  4.70789	 MAP NN | Acc: 0.0076 | Loss: 4.6560
176,  0 | TrAcc: 0.0191, TrLoss:  4.61035, VaAcc: 0.0076, VaLoss:  4.69755	 MAP NN | Acc: 0.0076 | Loss: 4.6552
177,  0 | TrAcc: 0.0143, TrLoss:  4.59607, VaAcc: 0.0102, VaLoss:  4.65801	 MAP NN | Acc: 0.0076 | Loss: 4.6542
178,  0 | TrAcc: 0.0191, TrLoss:  4.57407, VaAcc: 0.0051, VaLoss:  4.68822	 MAP NN | Acc: 0.0076 | Loss: 4.6549
179,  0 | TrAcc: 0.0150, TrLoss:  4.57301, VaAcc: 0.0051, VaLoss:  4.69323	 MAP NN | Acc: 0.0076 | Loss: 4.6538
180,  0 | TrAcc: 0.0129, TrLoss:  4.62298, VaAcc: 0.0102, VaLoss:  4.69881	 MAP NN | Acc: 0.0076 | Loss: 4.6514
181,  0 | TrAcc: 0.0075, TrLoss:  4.60730, VaAcc: 0.0076, VaLoss:  4.71654	 MAP NN | Acc: 0.0051 | Loss: 4.6510
182,  0 | TrAcc: 0.0170, TrLoss:  4.58163, VaAcc: 0.0051, VaLoss:  4.72022	 MAP NN | Acc: 0.0051 | Loss: 4.6503
183,  0 | TrAcc: 0.0143, TrLoss:  4.59213, VaAcc: 0.0025, VaLoss:  4.74154	 MAP NN | Acc: 0.0025 | Loss: 4.6496
184,  0 | TrAcc: 0.0129, TrLoss:  4.60652, VaAcc: 0.0000, VaLoss:  4.68675	 MAP NN | Acc: 0.0025 | Loss: 4.6497
185,  0 | TrAcc: 0.0123, TrLoss:  4.58683, VaAcc: 0.0127, VaLoss:  4.65874	 MAP NN | Acc: 0.0025 | Loss: 4.6492
186,  0 | TrAcc: 0.0116, TrLoss:  4.56306, VaAcc: 0.0127, VaLoss:  4.67761	 MAP NN | Acc: 0.0025 | Loss: 4.6486
187,  0 | TrAcc: 0.0102, TrLoss:  4.58587, VaAcc: 0.0102, VaLoss:  4.69030	 MAP NN | Acc: 0.0025 | Loss: 4.6485
188,  0 | TrAcc: 0.0129, TrLoss:  4.59697, VaAcc: 0.0025, VaLoss:  4.67679	 MAP NN | Acc: 0.0025 | Loss: 4.6478
189,  0 | TrAcc: 0.0143, TrLoss:  4.63385, VaAcc: 0.0102, VaLoss:  4.68891	 MAP NN | Acc: 0.0051 | Loss: 4.6473
190,  0 | TrAcc: 0.0150, TrLoss:  4.58221, VaAcc: 0.0000, VaLoss:  4.71552	 MAP NN | Acc: 0.0051 | Loss: 4.6469
191,  0 | TrAcc: 0.0157, TrLoss:  4.57672, VaAcc: 0.0102, VaLoss:  4.64323	 MAP NN | Acc: 0.0051 | Loss: 4.6452
192,  0 | TrAcc: 0.0163, TrLoss:  4.61687, VaAcc: 0.0051, VaLoss:  4.66857	 MAP NN | Acc: 0.0051 | Loss: 4.6433
193,  0 | TrAcc: 0.0143, TrLoss:  4.57327, VaAcc: 0.0076, VaLoss:  4.66555	 MAP NN | Acc: 0.0051 | Loss: 4.6430
194,  0 | TrAcc: 0.0129, TrLoss:  4.60729, VaAcc: 0.0051, VaLoss:  4.68431	 MAP NN | Acc: 0.0051 | Loss: 4.6409
195,  0 | TrAcc: 0.0184, TrLoss:  4.57980, VaAcc: 0.0051, VaLoss:  4.64841	 MAP NN | Acc: 0.0051 | Loss: 4.6391
196,  0 | TrAcc: 0.0163, TrLoss:  4.57936, VaAcc: 0.0102, VaLoss:  4.68027	 MAP NN | Acc: 0.0051 | Loss: 4.6386
197,  0 | TrAcc: 0.0123, TrLoss:  4.62709, VaAcc: 0.0025, VaLoss:  4.66241	 MAP NN | Acc: 0.0051 | Loss: 4.6378
198,  0 | TrAcc: 0.0129, TrLoss:  4.57520, VaAcc: 0.0051, VaLoss:  4.71867	 MAP NN | Acc: 0.0051 | Loss: 4.6342
199,  0 | TrAcc: 0.0143, TrLoss:  4.58631, VaAcc: 0.0051, VaLoss:  4.69096	 MAP NN | Acc: 0.0051 | Loss: 4.6342
200,  0 | TrAcc: 0.0143, TrLoss:  4.56829, VaAcc: 0.0051, VaLoss:  4.67964	 MAP NN | Acc: 0.0051 | Loss: 4.6343
201,  0 | TrAcc: 0.0129, TrLoss:  4.57498, VaAcc: 0.0102, VaLoss:  4.66897	 MAP NN | Acc: 0.0051 | Loss: 4.6309
202,  0 | TrAcc: 0.0163, TrLoss:  4.59466, VaAcc: 0.0076, VaLoss:  4.68467	 MAP NN | Acc: 0.0051 | Loss: 4.6308
203,  0 | TrAcc: 0.0204, TrLoss:  4.57275, VaAcc: 0.0102, VaLoss:  4.69370	 MAP NN | Acc: 0.0051 | Loss: 4.6297
204,  0 | TrAcc: 0.0116, TrLoss:  4.56822, VaAcc: 0.0025, VaLoss:  4.66915	 MAP NN | Acc: 0.0051 | Loss: 4.6294
205,  0 | TrAcc: 0.0136, TrLoss:  4.59206, VaAcc: 0.0051, VaLoss:  4.66662	 MAP NN | Acc: 0.0051 | Loss: 4.6295
206,  0 | TrAcc: 0.0136, TrLoss:  4.60399, VaAcc: 0.0076, VaLoss:  4.67712	 MAP NN | Acc: 0.0051 | Loss: 4.6286
207,  0 | TrAcc: 0.0129, TrLoss:  4.55167, VaAcc: 0.0178, VaLoss:  4.67887	 MAP NN | Acc: 0.0025 | Loss: 4.6290
208,  0 | TrAcc: 0.0157, TrLoss:  4.59742, VaAcc: 0.0076, VaLoss:  4.68679	 MAP NN | Acc: 0.0051 | Loss: 4.6290
209,  0 | TrAcc: 0.0116, TrLoss:  4.62546, VaAcc: 0.0127, VaLoss:  4.68289	 MAP NN | Acc: 0.0051 | Loss: 4.6292
210,  0 | TrAcc: 0.0095, TrLoss:  4.57854, VaAcc: 0.0076, VaLoss:  4.69065	 MAP NN | Acc: 0.0076 | Loss: 4.6293
211,  0 | TrAcc: 0.0136, TrLoss:  4.55498, VaAcc: 0.0152, VaLoss:  4.68137	 MAP NN | Acc: 0.0076 | Loss: 4.6294
212,  0 | TrAcc: 0.0123, TrLoss:  4.59696, VaAcc: 0.0178, VaLoss:  4.65972	 MAP NN | Acc: 0.0076 | Loss: 4.6301
213,  0 | TrAcc: 0.0163, TrLoss:  4.56385, VaAcc: 0.0152, VaLoss:  4.64373	 MAP NN | Acc: 0.0076 | Loss: 4.6304
214,  0 | TrAcc: 0.0157, TrLoss:  4.58774, VaAcc: 0.0025, VaLoss:  4.66188	 MAP NN | Acc: 0.0102 | Loss: 4.6297
215,  0 | TrAcc: 0.0184, TrLoss:  4.58402, VaAcc: 0.0051, VaLoss:  4.65373	 MAP NN | Acc: 0.0102 | Loss: 4.6299
216,  0 | TrAcc: 0.0129, TrLoss:  4.56945, VaAcc: 0.0076, VaLoss:  4.67420	 MAP NN | Acc: 0.0076 | Loss: 4.6311
217,  0 | TrAcc: 0.0136, TrLoss:  4.56706, VaAcc: 0.0076, VaLoss:  4.69516	 MAP NN | Acc: 0.0051 | Loss: 4.6319
218,  0 | TrAcc: 0.0157, TrLoss:  4.56788, VaAcc: 0.0102, VaLoss:  4.64582	 MAP NN | Acc: 0.0076 | Loss: 4.6335
219,  0 | TrAcc: 0.0150, TrLoss:  4.57967, VaAcc: 0.0051, VaLoss:  4.75712	 MAP NN | Acc: 0.0076 | Loss: 4.6338
220,  0 | TrAcc: 0.0204, TrLoss:  4.56550, VaAcc: 0.0102, VaLoss:  4.65291	 MAP NN | Acc: 0.0076 | Loss: 4.6340
221,  0 | TrAcc: 0.0102, TrLoss:  4.57343, VaAcc: 0.0000, VaLoss:  4.66414	 MAP NN | Acc: 0.0076 | Loss: 4.6351
222,  0 | TrAcc: 0.0136, TrLoss:  4.55975, VaAcc: 0.0025, VaLoss:  4.67627	 MAP NN | Acc: 0.0076 | Loss: 4.6365
223,  0 | TrAcc: 0.0123, TrLoss:  4.57911, VaAcc: 0.0102, VaLoss:  4.69091	 MAP NN | Acc: 0.0076 | Loss: 4.6355
224,  0 | TrAcc: 0.0102, TrLoss:  4.57422, VaAcc: 0.0127, VaLoss:  4.68905	 MAP NN | Acc: 0.0076 | Loss: 4.6354
225,  0 | TrAcc: 0.0123, TrLoss:  4.56376, VaAcc: 0.0025, VaLoss:  4.69288	 MAP NN | Acc: 0.0076 | Loss: 4.6362
226,  0 | TrAcc: 0.0177, TrLoss:  4.55820, VaAcc: 0.0102, VaLoss:  4.69265	 MAP NN | Acc: 0.0076 | Loss: 4.6358
227,  0 | TrAcc: 0.0150, TrLoss:  4.56871, VaAcc: 0.0076, VaLoss:  4.69099	 MAP NN | Acc: 0.0051 | Loss: 4.6350
228,  0 | TrAcc: 0.0109, TrLoss:  4.56299, VaAcc: 0.0076, VaLoss:  4.69381	 MAP NN | Acc: 0.0051 | Loss: 4.6352
229,  0 | TrAcc: 0.0123, TrLoss:  4.56561, VaAcc: 0.0076, VaLoss:  4.67002	 MAP NN | Acc: 0.0051 | Loss: 4.6354
230,  0 | TrAcc: 0.0109, TrLoss:  4.56605, VaAcc: 0.0076, VaLoss:  4.72906	 MAP NN | Acc: 0.0025 | Loss: 4.6369
231,  0 | TrAcc: 0.0136, TrLoss:  4.56519, VaAcc: 0.0051, VaLoss:  4.67995	 MAP NN | Acc: 0.0076 | Loss: 4.6382
232,  0 | TrAcc: 0.0191, TrLoss:  4.56039, VaAcc: 0.0025, VaLoss:  4.67477	 MAP NN | Acc: 0.0076 | Loss: 4.6380
233,  0 | TrAcc: 0.0184, TrLoss:  4.58258, VaAcc: 0.0152, VaLoss:  4.65633	 MAP NN | Acc: 0.0076 | Loss: 4.6379
234,  0 | TrAcc: 0.0109, TrLoss:  4.56488, VaAcc: 0.0051, VaLoss:  4.65541	 MAP NN | Acc: 0.0076 | Loss: 4.6358
235,  0 | TrAcc: 0.0136, TrLoss:  4.57821, VaAcc: 0.0025, VaLoss:  4.70533	 MAP NN | Acc: 0.0076 | Loss: 4.6353
236,  0 | TrAcc: 0.0129, TrLoss:  4.57469, VaAcc: 0.0127, VaLoss:  4.67113	 MAP NN | Acc: 0.0076 | Loss: 4.6351
237,  0 | TrAcc: 0.0143, TrLoss:  4.56131, VaAcc: 0.0025, VaLoss:  4.70014	 MAP NN | Acc: 0.0051 | Loss: 4.6369
238,  0 | TrAcc: 0.0123, TrLoss:  4.55928, VaAcc: 0.0051, VaLoss:  4.65125	 MAP NN | Acc: 0.0051 | Loss: 4.6355
239,  0 | TrAcc: 0.0116, TrLoss:  4.55884, VaAcc: 0.0051, VaLoss:  4.65387	 MAP NN | Acc: 0.0051 | Loss: 4.6340
240,  0 | TrAcc: 0.0136, TrLoss:  4.56404, VaAcc: 0.0025, VaLoss:  4.65160	 MAP NN | Acc: 0.0051 | Loss: 4.6337
241,  0 | TrAcc: 0.0177, TrLoss:  4.55450, VaAcc: 0.0025, VaLoss:  4.67944	 MAP NN | Acc: 0.0051 | Loss: 4.6322
242,  0 | TrAcc: 0.0163, TrLoss:  4.56839, VaAcc: 0.0127, VaLoss:  4.69176	 MAP NN | Acc: 0.0051 | Loss: 4.6323
243,  0 | TrAcc: 0.0136, TrLoss:  4.56566, VaAcc: 0.0076, VaLoss:  4.69001	 MAP NN | Acc: 0.0051 | Loss: 4.6326
244,  0 | TrAcc: 0.0143, TrLoss:  4.55509, VaAcc: 0.0127, VaLoss:  4.66833	 MAP NN | Acc: 0.0051 | Loss: 4.6324
245,  0 | TrAcc: 0.0123, TrLoss:  4.59307, VaAcc: 0.0152, VaLoss:  4.67049	 MAP NN | Acc: 0.0051 | Loss: 4.6324
246,  0 | TrAcc: 0.0163, TrLoss:  4.56360, VaAcc: 0.0051, VaLoss:  4.67337	 MAP NN | Acc: 0.0051 | Loss: 4.6323
247,  0 | TrAcc: 0.0157, TrLoss:  4.55775, VaAcc: 0.0076, VaLoss:  4.66241	 MAP NN | Acc: 0.0051 | Loss: 4.6314
248,  0 | TrAcc: 0.0143, TrLoss:  4.55452, VaAcc: 0.0051, VaLoss:  4.70926	 MAP NN | Acc: 0.0051 | Loss: 4.6299
249,  0 | TrAcc: 0.0143, TrLoss:  4.57947, VaAcc: 0.0102, VaLoss:  4.69681	 MAP NN | Acc: 0.0051 | Loss: 4.6297
250,  0 | TrAcc: 0.0136, TrLoss:  4.57018, VaAcc: 0.0051, VaLoss:  4.64113	 MAP NN | Acc: 0.0051 | Loss: 4.6300
251,  0 | TrAcc: 0.0129, TrLoss:  4.55921, VaAcc: 0.0051, VaLoss:  4.67101	 MAP NN | Acc: 0.0051 | Loss: 4.6299
252,  0 | TrAcc: 0.0191, TrLoss:  4.53782, VaAcc: 0.0025, VaLoss:  4.68034	 MAP NN | Acc: 0.0051 | Loss: 4.6303
253,  0 | TrAcc: 0.0109, TrLoss:  4.56690, VaAcc: 0.0025, VaLoss:  4.69627	 MAP NN | Acc: 0.0051 | Loss: 4.6306
254,  0 | TrAcc: 0.0136, TrLoss:  4.55919, VaAcc: 0.0152, VaLoss:  4.65193	 MAP NN | Acc: 0.0051 | Loss: 4.6305
255,  0 | TrAcc: 0.0177, TrLoss:  4.56668, VaAcc: 0.0152, VaLoss:  4.64965	 MAP NN | Acc: 0.0051 | Loss: 4.6309
256,  0 | TrAcc: 0.0170, TrLoss:  4.57048, VaAcc: 0.0152, VaLoss:  4.67329	 MAP NN | Acc: 0.0051 | Loss: 4.6309
257,  0 | TrAcc: 0.0204, TrLoss:  4.56022, VaAcc: 0.0000, VaLoss:  4.69843	 MAP NN | Acc: 0.0051 | Loss: 4.6304
258,  0 | TrAcc: 0.0095, TrLoss:  4.55360, VaAcc: 0.0076, VaLoss:  4.65890	 MAP NN | Acc: 0.0051 | Loss: 4.6291
259,  0 | TrAcc: 0.0198, TrLoss:  4.55980, VaAcc: 0.0102, VaLoss:  4.67358	 MAP NN | Acc: 0.0051 | Loss: 4.6294
260,  0 | TrAcc: 0.0191, TrLoss:  4.55682, VaAcc: 0.0102, VaLoss:  4.66007	 MAP NN | Acc: 0.0051 | Loss: 4.6295
261,  0 | TrAcc: 0.0116, TrLoss:  4.55406, VaAcc: 0.0102, VaLoss:  4.67084	 MAP NN | Acc: 0.0051 | Loss: 4.6298
262,  0 | TrAcc: 0.0163, TrLoss:  4.56464, VaAcc: 0.0228, VaLoss:  4.68520	 MAP NN | Acc: 0.0076 | Loss: 4.6305
263,  0 | TrAcc: 0.0129, TrLoss:  4.55226, VaAcc: 0.0025, VaLoss:  4.64676	 MAP NN | Acc: 0.0051 | Loss: 4.6312
264,  0 | TrAcc: 0.0136, TrLoss:  4.55781, VaAcc: 0.0025, VaLoss:  4.67342	 MAP NN | Acc: 0.0076 | Loss: 4.6323
265,  0 | TrAcc: 0.0204, TrLoss:  4.55755, VaAcc: 0.0025, VaLoss:  4.67758	 MAP NN | Acc: 0.0076 | Loss: 4.6318
266,  0 | TrAcc: 0.0170, TrLoss:  4.55024, VaAcc: 0.0102, VaLoss:  4.68515	 MAP NN | Acc: 0.0051 | Loss: 4.6331
267,  0 | TrAcc: 0.0191, TrLoss:  4.55775, VaAcc: 0.0178, VaLoss:  4.67409	 MAP NN | Acc: 0.0051 | Loss: 4.6319
268,  0 | TrAcc: 0.0198, TrLoss:  4.56473, VaAcc: 0.0152, VaLoss:  4.66120	 MAP NN | Acc: 0.0051 | Loss: 4.6315
269,  0 | TrAcc: 0.0136, TrLoss:  4.56909, VaAcc: 0.0025, VaLoss:  4.65462	 MAP NN | Acc: 0.0051 | Loss: 4.6309
270,  0 | TrAcc: 0.0184, TrLoss:  4.55720, VaAcc: 0.0051, VaLoss:  4.65632	 MAP NN | Acc: 0.0051 | Loss: 4.6305
271,  0 | TrAcc: 0.0150, TrLoss:  4.56283, VaAcc: 0.0025, VaLoss:  4.67888	 MAP NN | Acc: 0.0051 | Loss: 4.6300
272,  0 | TrAcc: 0.0218, TrLoss:  4.55563, VaAcc: 0.0076, VaLoss:  4.69070	 MAP NN | Acc: 0.0051 | Loss: 4.6295
273,  0 | TrAcc: 0.0143, TrLoss:  4.55944, VaAcc: 0.0051, VaLoss:  4.65852	 MAP NN | Acc: 0.0051 | Loss: 4.6293
274,  0 | TrAcc: 0.0123, TrLoss:  4.56185, VaAcc: 0.0051, VaLoss:  4.67928	 MAP NN | Acc: 0.0051 | Loss: 4.6289
275,  0 | TrAcc: 0.0177, TrLoss:  4.54476, VaAcc: 0.0076, VaLoss:  4.67073	 MAP NN | Acc: 0.0051 | Loss: 4.6283
276,  0 | TrAcc: 0.0095, TrLoss:  4.55127, VaAcc: 0.0051, VaLoss:  4.65937	 MAP NN | Acc: 0.0051 | Loss: 4.6268
277,  0 | TrAcc: 0.0116, TrLoss:  4.56847, VaAcc: 0.0051, VaLoss:  4.70055	 MAP NN | Acc: 0.0051 | Loss: 4.6268
278,  0 | TrAcc: 0.0177, TrLoss:  4.55173, VaAcc: 0.0076, VaLoss:  4.68098	 MAP NN | Acc: 0.0051 | Loss: 4.6267
279,  0 | TrAcc: 0.0157, TrLoss:  4.56410, VaAcc: 0.0076, VaLoss:  4.65747	 MAP NN | Acc: 0.0051 | Loss: 4.6271
280,  0 | TrAcc: 0.0157, TrLoss:  4.56929, VaAcc: 0.0076, VaLoss:  4.67772	 MAP NN | Acc: 0.0051 | Loss: 4.6269
281,  0 | TrAcc: 0.0184, TrLoss:  4.56112, VaAcc: 0.0051, VaLoss:  4.66927	 MAP NN | Acc: 0.0051 | Loss: 4.6270
282,  0 | TrAcc: 0.0129, TrLoss:  4.55978, VaAcc: 0.0127, VaLoss:  4.68150	 MAP NN | Acc: 0.0051 | Loss: 4.6268
283,  0 | TrAcc: 0.0170, TrLoss:  4.54543, VaAcc: 0.0051, VaLoss:  4.63402	 MAP NN | Acc: 0.0051 | Loss: 4.6261
284,  0 | TrAcc: 0.0184, TrLoss:  4.55119, VaAcc: 0.0051, VaLoss:  4.64145	 MAP NN | Acc: 0.0051 | Loss: 4.6259
285,  0 | TrAcc: 0.0109, TrLoss:  4.57425, VaAcc: 0.0102, VaLoss:  4.64902	 MAP NN | Acc: 0.0051 | Loss: 4.6258
286,  0 | TrAcc: 0.0123, TrLoss:  4.54165, VaAcc: 0.0025, VaLoss:  4.69954	 MAP NN | Acc: 0.0051 | Loss: 4.6257
287,  0 | TrAcc: 0.0225, TrLoss:  4.56190, VaAcc: 0.0025, VaLoss:  4.65042	 MAP NN | Acc: 0.0076 | Loss: 4.6261
288,  0 | TrAcc: 0.0136, TrLoss:  4.56832, VaAcc: 0.0076, VaLoss:  4.65305	 MAP NN | Acc: 0.0076 | Loss: 4.6262
289,  0 | TrAcc: 0.0177, TrLoss:  4.55991, VaAcc: 0.0076, VaLoss:  4.66542	 MAP NN | Acc: 0.0076 | Loss: 4.6257
290,  0 | TrAcc: 0.0177, TrLoss:  4.55074, VaAcc: 0.0076, VaLoss:  4.66715	 MAP NN | Acc: 0.0076 | Loss: 4.6225
291,  0 | TrAcc: 0.0150, TrLoss:  4.54713, VaAcc: 0.0127, VaLoss:  4.65722	 MAP NN | Acc: 0.0076 | Loss: 4.6216
292,  0 | TrAcc: 0.0143, TrLoss:  4.54232, VaAcc: 0.0102, VaLoss:  4.67943	 MAP NN | Acc: 0.0076 | Loss: 4.6254
293,  0 | TrAcc: 0.0136, TrLoss:  4.55352, VaAcc: 0.0051, VaLoss:  4.66053	 MAP NN | Acc: 0.0076 | Loss: 4.6255
294,  0 | TrAcc: 0.0170, TrLoss:  4.54577, VaAcc: 0.0203, VaLoss:  4.62455	 MAP NN | Acc: 0.0076 | Loss: 4.6256
295,  0 | TrAcc: 0.0184, TrLoss:  4.55807, VaAcc: 0.0102, VaLoss:  4.64617	 MAP NN | Acc: 0.0076 | Loss: 4.6258
296,  0 | TrAcc: 0.0157, TrLoss:  4.56349, VaAcc: 0.0152, VaLoss:  4.65700	 MAP NN | Acc: 0.0076 | Loss: 4.6260
297,  0 | TrAcc: 0.0170, TrLoss:  4.54914, VaAcc: 0.0102, VaLoss:  4.66130	 MAP NN | Acc: 0.0051 | Loss: 4.6262
298,  0 | TrAcc: 0.0129, TrLoss:  4.56377, VaAcc: 0.0076, VaLoss:  4.67782	 MAP NN | Acc: 0.0051 | Loss: 4.6265
299,  0 | TrAcc: 0.0116, TrLoss:  4.54699, VaAcc: 0.0102, VaLoss:  4.66236	 MAP NN | Acc: 0.0051 | Loss: 4.6264
300,  0 | TrAcc: 0.0163, TrLoss:  4.55716, VaAcc: 0.0000, VaLoss:  4.66310	 MAP NN | Acc: 0.0076 | Loss: 4.6242
301,  0 | TrAcc: 0.0136, TrLoss:  4.57057, VaAcc: 0.0076, VaLoss:  4.70926	 MAP NN | Acc: 0.0076 | Loss: 4.6243
302,  0 | TrAcc: 0.0157, TrLoss:  4.55159, VaAcc: 0.0025, VaLoss:  4.67582	 MAP NN | Acc: 0.0076 | Loss: 4.6236
303,  0 | TrAcc: 0.0150, TrLoss:  4.55090, VaAcc: 0.0051, VaLoss:  4.66478	 MAP NN | Acc: 0.0076 | Loss: 4.6232
304,  0 | TrAcc: 0.0136, TrLoss:  4.55135, VaAcc: 0.0051, VaLoss:  4.66199	 MAP NN | Acc: 0.0076 | Loss: 4.6231
305,  0 | TrAcc: 0.0191, TrLoss:  4.55129, VaAcc: 0.0127, VaLoss:  4.65297	 MAP NN | Acc: 0.0076 | Loss: 4.6234
306,  0 | TrAcc: 0.0143, TrLoss:  4.55568, VaAcc: 0.0076, VaLoss:  4.63585	 MAP NN | Acc: 0.0076 | Loss: 4.6239
307,  0 | TrAcc: 0.0191, TrLoss:  4.54146, VaAcc: 0.0051, VaLoss:  4.65112	 MAP NN | Acc: 0.0076 | Loss: 4.6247
308,  0 | TrAcc: 0.0150, TrLoss:  4.55618, VaAcc: 0.0051, VaLoss:  4.69915	 MAP NN | Acc: 0.0076 | Loss: 4.6233
309,  0 | TrAcc: 0.0136, TrLoss:  4.56524, VaAcc: 0.0102, VaLoss:  4.64679	 MAP NN | Acc: 0.0102 | Loss: 4.6261
310,  0 | TrAcc: 0.0232, TrLoss:  4.54500, VaAcc: 0.0076, VaLoss:  4.65013	 MAP NN | Acc: 0.0076 | Loss: 4.6263
311,  0 | TrAcc: 0.0204, TrLoss:  4.54769, VaAcc: 0.0102, VaLoss:  4.65909	 MAP NN | Acc: 0.0051 | Loss: 4.6270
312,  0 | TrAcc: 0.0225, TrLoss:  4.54577, VaAcc: 0.0025, VaLoss:  4.66231	 MAP NN | Acc: 0.0051 | Loss: 4.6272
313,  0 | TrAcc: 0.0136, TrLoss:  4.54724, VaAcc: 0.0051, VaLoss:  4.69193	 MAP NN | Acc: 0.0051 | Loss: 4.6290
314,  0 | TrAcc: 0.0225, TrLoss:  4.54825, VaAcc: 0.0025, VaLoss:  4.66362	 MAP NN | Acc: 0.0051 | Loss: 4.6315
315,  0 | TrAcc: 0.0150, TrLoss:  4.58262, VaAcc: 0.0051, VaLoss:  4.69363	 MAP NN | Acc: 0.0051 | Loss: 4.6320
316,  0 | TrAcc: 0.0184, TrLoss:  4.56016, VaAcc: 0.0076, VaLoss:  4.67486	 MAP NN | Acc: 0.0051 | Loss: 4.6320
317,  0 | TrAcc: 0.0184, TrLoss:  4.53942, VaAcc: 0.0000, VaLoss:  4.65643	 MAP NN | Acc: 0.0051 | Loss: 4.6323
318,  0 | TrAcc: 0.0163, TrLoss:  4.54831, VaAcc: 0.0025, VaLoss:  4.64082	 MAP NN | Acc: 0.0051 | Loss: 4.6306
319,  0 | TrAcc: 0.0170, TrLoss:  4.55143, VaAcc: 0.0076, VaLoss:  4.66665	 MAP NN | Acc: 0.0051 | Loss: 4.6308
320,  0 | TrAcc: 0.0136, TrLoss:  4.55704, VaAcc: 0.0076, VaLoss:  4.67403	 MAP NN | Acc: 0.0051 | Loss: 4.6310
321,  0 | TrAcc: 0.0259, TrLoss:  4.54633, VaAcc: 0.0025, VaLoss:  4.65909	 MAP NN | Acc: 0.0051 | Loss: 4.6312
322,  0 | TrAcc: 0.0116, TrLoss:  4.54634, VaAcc: 0.0051, VaLoss:  4.67236	 MAP NN | Acc: 0.0051 | Loss: 4.6310
323,  0 | TrAcc: 0.0082, TrLoss:  4.54438, VaAcc: 0.0051, VaLoss:  4.65024	 MAP NN | Acc: 0.0051 | Loss: 4.6313
324,  0 | TrAcc: 0.0109, TrLoss:  4.54026, VaAcc: 0.0051, VaLoss:  4.66187	 MAP NN | Acc: 0.0051 | Loss: 4.6319
325,  0 | TrAcc: 0.0184, TrLoss:  4.56913, VaAcc: 0.0000, VaLoss:  4.65101	 MAP NN | Acc: 0.0051 | Loss: 4.6319
326,  0 | TrAcc: 0.0150, TrLoss:  4.54193, VaAcc: 0.0102, VaLoss:  4.66015	 MAP NN | Acc: 0.0051 | Loss: 4.6309
327,  0 | TrAcc: 0.0170, TrLoss:  4.54688, VaAcc: 0.0051, VaLoss:  4.68732	 MAP NN | Acc: 0.0051 | Loss: 4.6294
328,  0 | TrAcc: 0.0157, TrLoss:  4.54641, VaAcc: 0.0025, VaLoss:  4.64954	 MAP NN | Acc: 0.0051 | Loss: 4.6294
329,  0 | TrAcc: 0.0129, TrLoss:  4.56288, VaAcc: 0.0025, VaLoss:  4.69470	 MAP NN | Acc: 0.0051 | Loss: 4.6287
330,  0 | TrAcc: 0.0184, TrLoss:  4.54709, VaAcc: 0.0051, VaLoss:  4.63943	 MAP NN | Acc: 0.0051 | Loss: 4.6284
331,  0 | TrAcc: 0.0095, TrLoss:  4.54668, VaAcc: 0.0203, VaLoss:  4.65658	 MAP NN | Acc: 0.0051 | Loss: 4.6282
332,  0 | TrAcc: 0.0109, TrLoss:  4.55151, VaAcc: 0.0051, VaLoss:  4.65772	 MAP NN | Acc: 0.0051 | Loss: 4.6280
333,  0 | TrAcc: 0.0163, TrLoss:  4.56279, VaAcc: 0.0025, VaLoss:  4.68432	 MAP NN | Acc: 0.0051 | Loss: 4.6276
334,  0 | TrAcc: 0.0191, TrLoss:  4.54833, VaAcc: 0.0076, VaLoss:  4.66286	 MAP NN | Acc: 0.0051 | Loss: 4.6275
335,  0 | TrAcc: 0.0170, TrLoss:  4.54764, VaAcc: 0.0000, VaLoss:  4.64840	 MAP NN | Acc: 0.0025 | Loss: 4.6272
336,  0 | TrAcc: 0.0163, TrLoss:  4.55255, VaAcc: 0.0000, VaLoss:  4.66801	 MAP NN | Acc: 0.0025 | Loss: 4.6272
337,  0 | TrAcc: 0.0163, TrLoss:  4.54325, VaAcc: 0.0127, VaLoss:  4.64079	 MAP NN | Acc: 0.0025 | Loss: 4.6274
338,  0 | TrAcc: 0.0136, TrLoss:  4.54833, VaAcc: 0.0051, VaLoss:  4.64750	 MAP NN | Acc: 0.0025 | Loss: 4.6278
339,  0 | TrAcc: 0.0163, TrLoss:  4.55770, VaAcc: 0.0102, VaLoss:  4.64617	 MAP NN | Acc: 0.0025 | Loss: 4.6276
340,  0 | TrAcc: 0.0211, TrLoss:  4.52766, VaAcc: 0.0000, VaLoss:  4.67418	 MAP NN | Acc: 0.0025 | Loss: 4.6277
341,  0 | TrAcc: 0.0129, TrLoss:  4.55504, VaAcc: 0.0127, VaLoss:  4.68332	 MAP NN | Acc: 0.0051 | Loss: 4.6279
342,  0 | TrAcc: 0.0218, TrLoss:  4.54882, VaAcc: 0.0102, VaLoss:  4.65242	 MAP NN | Acc: 0.0025 | Loss: 4.6259
343,  0 | TrAcc: 0.0177, TrLoss:  4.54660, VaAcc: 0.0051, VaLoss:  4.64059	 MAP NN | Acc: 0.0025 | Loss: 4.6260
344,  0 | TrAcc: 0.0163, TrLoss:  4.55457, VaAcc: 0.0025, VaLoss:  4.64294	 MAP NN | Acc: 0.0025 | Loss: 4.6258
345,  0 | TrAcc: 0.0211, TrLoss:  4.54367, VaAcc: 0.0051, VaLoss:  4.64342	 MAP NN | Acc: 0.0025 | Loss: 4.6257
346,  0 | TrAcc: 0.0082, TrLoss:  4.54294, VaAcc: 0.0152, VaLoss:  4.67572	 MAP NN | Acc: 0.0025 | Loss: 4.6257
347,  0 | TrAcc: 0.0157, TrLoss:  4.54619, VaAcc: 0.0076, VaLoss:  4.64476	 MAP NN | Acc: 0.0025 | Loss: 4.6257
348,  0 | TrAcc: 0.0198, TrLoss:  4.54356, VaAcc: 0.0000, VaLoss:  4.64323	 MAP NN | Acc: 0.0025 | Loss: 4.6256
349,  0 | TrAcc: 0.0157, TrLoss:  4.54373, VaAcc: 0.0127, VaLoss:  4.65241	 MAP NN | Acc: 0.0025 | Loss: 4.6257
350,  0 | TrAcc: 0.0170, TrLoss:  4.55010, VaAcc: 0.0102, VaLoss:  4.63817	 MAP NN | Acc: 0.0025 | Loss: 4.6257
351,  0 | TrAcc: 0.0157, TrLoss:  4.54755, VaAcc: 0.0051, VaLoss:  4.63710	 MAP NN | Acc: 0.0025 | Loss: 4.6248
352,  0 | TrAcc: 0.0204, TrLoss:  4.54744, VaAcc: 0.0025, VaLoss:  4.65650	 MAP NN | Acc: 0.0051 | Loss: 4.6258
353,  0 | TrAcc: 0.0170, TrLoss:  4.54357, VaAcc: 0.0051, VaLoss:  4.63285	 MAP NN | Acc: 0.0051 | Loss: 4.6267
354,  0 | TrAcc: 0.0177, TrLoss:  4.54882, VaAcc: 0.0102, VaLoss:  4.66419	 MAP NN | Acc: 0.0025 | Loss: 4.6270
355,  0 | TrAcc: 0.0157, TrLoss:  4.54440, VaAcc: 0.0076, VaLoss:  4.65407	 MAP NN | Acc: 0.0051 | Loss: 4.6271
356,  0 | TrAcc: 0.0232, TrLoss:  4.54083, VaAcc: 0.0076, VaLoss:  4.66571	 MAP NN | Acc: 0.0025 | Loss: 4.6272
357,  0 | TrAcc: 0.0163, TrLoss:  4.54181, VaAcc: 0.0000, VaLoss:  4.67429	 MAP NN | Acc: 0.0025 | Loss: 4.6264
358,  0 | TrAcc: 0.0150, TrLoss:  4.54283, VaAcc: 0.0025, VaLoss:  4.66193	 MAP NN | Acc: 0.0051 | Loss: 4.6250
359,  0 | TrAcc: 0.0116, TrLoss:  4.54181, VaAcc: 0.0051, VaLoss:  4.65745	 MAP NN | Acc: 0.0051 | Loss: 4.6252
360,  0 | TrAcc: 0.0129, TrLoss:  4.54807, VaAcc: 0.0051, VaLoss:  4.63779	 MAP NN | Acc: 0.0025 | Loss: 4.6251
361,  0 | TrAcc: 0.0136, TrLoss:  4.54696, VaAcc: 0.0076, VaLoss:  4.66431	 MAP NN | Acc: 0.0025 | Loss: 4.6248
362,  0 | TrAcc: 0.0238, TrLoss:  4.54208, VaAcc: 0.0076, VaLoss:  4.63767	 MAP NN | Acc: 0.0051 | Loss: 4.6246
363,  0 | TrAcc: 0.0170, TrLoss:  4.54637, VaAcc: 0.0051, VaLoss:  4.64823	 MAP NN | Acc: 0.0051 | Loss: 4.6219
364,  0 | TrAcc: 0.0198, TrLoss:  4.55710, VaAcc: 0.0025, VaLoss:  4.65276	 MAP NN | Acc: 0.0051 | Loss: 4.6212
365,  0 | TrAcc: 0.0136, TrLoss:  4.55055, VaAcc: 0.0051, VaLoss:  4.65019	 MAP NN | Acc: 0.0051 | Loss: 4.6213
366,  0 | TrAcc: 0.0204, TrLoss:  4.54428, VaAcc: 0.0076, VaLoss:  4.65163	 MAP NN | Acc: 0.0051 | Loss: 4.6218
367,  0 | TrAcc: 0.0157, TrLoss:  4.54256, VaAcc: 0.0076, VaLoss:  4.65670	 MAP NN | Acc: 0.0051 | Loss: 4.6220
368,  0 | TrAcc: 0.0150, TrLoss:  4.54778, VaAcc: 0.0051, VaLoss:  4.64550	 MAP NN | Acc: 0.0051 | Loss: 4.6223
369,  0 | TrAcc: 0.0157, TrLoss:  4.52933, VaAcc: 0.0102, VaLoss:  4.70371	 MAP NN | Acc: 0.0051 | Loss: 4.6224
370,  0 | TrAcc: 0.0170, TrLoss:  4.53352, VaAcc: 0.0051, VaLoss:  4.67421	 MAP NN | Acc: 0.0051 | Loss: 4.6225
371,  0 | TrAcc: 0.0136, TrLoss:  4.53763, VaAcc: 0.0076, VaLoss:  4.65424	 MAP NN | Acc: 0.0051 | Loss: 4.6226
372,  0 | TrAcc: 0.0177, TrLoss:  4.55076, VaAcc: 0.0051, VaLoss:  4.64983	 MAP NN | Acc: 0.0051 | Loss: 4.6226
373,  0 | TrAcc: 0.0143, TrLoss:  4.55075, VaAcc: 0.0076, VaLoss:  4.66963	 MAP NN | Acc: 0.0051 | Loss: 4.6230
374,  0 | TrAcc: 0.0157, TrLoss:  4.54280, VaAcc: 0.0051, VaLoss:  4.65130	 MAP NN | Acc: 0.0051 | Loss: 4.6239
375,  0 | TrAcc: 0.0157, TrLoss:  4.54394, VaAcc: 0.0051, VaLoss:  4.64157	 MAP NN | Acc: 0.0051 | Loss: 4.6234
376,  0 | TrAcc: 0.0157, TrLoss:  4.53702, VaAcc: 0.0102, VaLoss:  4.63785	 MAP NN | Acc: 0.0051 | Loss: 4.6221
377,  0 | TrAcc: 0.0116, TrLoss:  4.56321, VaAcc: 0.0102, VaLoss:  4.66581	 MAP NN | Acc: 0.0051 | Loss: 4.6220
378,  0 | TrAcc: 0.0218, TrLoss:  4.53099, VaAcc: 0.0076, VaLoss:  4.67228	 MAP NN | Acc: 0.0025 | Loss: 4.6248
379,  0 | TrAcc: 0.0123, TrLoss:  4.53523, VaAcc: 0.0076, VaLoss:  4.65660	 MAP NN | Acc: 0.0025 | Loss: 4.6264
380,  0 | TrAcc: 0.0177, TrLoss:  4.54922, VaAcc: 0.0051, VaLoss:  4.66354	 MAP NN | Acc: 0.0025 | Loss: 4.6267
381,  0 | TrAcc: 0.0191, TrLoss:  4.54830, VaAcc: 0.0152, VaLoss:  4.65334	 MAP NN | Acc: 0.0025 | Loss: 4.6266
382,  0 | TrAcc: 0.0204, TrLoss:  4.53987, VaAcc: 0.0076, VaLoss:  4.65679	 MAP NN | Acc: 0.0025 | Loss: 4.6269
383,  0 | TrAcc: 0.0211, TrLoss:  4.53525, VaAcc: 0.0000, VaLoss:  4.64521	 MAP NN | Acc: 0.0025 | Loss: 4.6270
384,  0 | TrAcc: 0.0136, TrLoss:  4.53959, VaAcc: 0.0127, VaLoss:  4.63650	 MAP NN | Acc: 0.0025 | Loss: 4.6240
385,  0 | TrAcc: 0.0211, TrLoss:  4.53288, VaAcc: 0.0051, VaLoss:  4.67008	 MAP NN | Acc: 0.0025 | Loss: 4.6274
386,  0 | TrAcc: 0.0225, TrLoss:  4.54922, VaAcc: 0.0051, VaLoss:  4.67988	 MAP NN | Acc: 0.0025 | Loss: 4.6280
387,  0 | TrAcc: 0.0163, TrLoss:  4.53269, VaAcc: 0.0051, VaLoss:  4.65082	 MAP NN | Acc: 0.0025 | Loss: 4.6292
388,  0 | TrAcc: 0.0177, TrLoss:  4.55430, VaAcc: 0.0076, VaLoss:  4.62880	 MAP NN | Acc: 0.0025 | Loss: 4.6295
389,  0 | TrAcc: 0.0123, TrLoss:  4.54240, VaAcc: 0.0127, VaLoss:  4.65206	 MAP NN | Acc: 0.0051 | Loss: 4.6298
390,  0 | TrAcc: 0.0157, TrLoss:  4.53427, VaAcc: 0.0102, VaLoss:  4.65160	 MAP NN | Acc: 0.0051 | Loss: 4.6300
391,  0 | TrAcc: 0.0163, TrLoss:  4.55105, VaAcc: 0.0076, VaLoss:  4.65749	 MAP NN | Acc: 0.0051 | Loss: 4.6305
392,  0 | TrAcc: 0.0157, TrLoss:  4.57037, VaAcc: 0.0102, VaLoss:  4.65392	 MAP NN | Acc: 0.0051 | Loss: 4.6294
393,  0 | TrAcc: 0.0170, TrLoss:  4.54986, VaAcc: 0.0025, VaLoss:  4.68438	 MAP NN | Acc: 0.0051 | Loss: 4.6322
394,  0 | TrAcc: 0.0191, TrLoss:  4.54136, VaAcc: 0.0051, VaLoss:  4.65501	 MAP NN | Acc: 0.0051 | Loss: 4.6323
395,  0 | TrAcc: 0.0177, TrLoss:  4.54282, VaAcc: 0.0051, VaLoss:  4.65994	 MAP NN | Acc: 0.0025 | Loss: 4.6316
396,  0 | TrAcc: 0.0129, TrLoss:  4.54089, VaAcc: 0.0025, VaLoss:  4.65543	 MAP NN | Acc: 0.0025 | Loss: 4.6317
397,  0 | TrAcc: 0.0184, TrLoss:  4.53189, VaAcc: 0.0076, VaLoss:  4.67541	 MAP NN | Acc: 0.0025 | Loss: 4.6354
398,  0 | TrAcc: 0.0238, TrLoss:  4.54719, VaAcc: 0.0051, VaLoss:  4.65068	 MAP NN | Acc: 0.0025 | Loss: 4.6347
399,  0 | TrAcc: 0.0150, TrLoss:  4.54516, VaAcc: 0.0025, VaLoss:  4.66198	 MAP NN | Acc: 0.0025 | Loss: 4.6349
400,  0 | TrAcc: 0.0143, TrLoss:  4.53967, VaAcc: 0.0102, VaLoss:  4.63117	 MAP NN | Acc: 0.0025 | Loss: 4.6351
401,  0 | TrAcc: 0.0143, TrLoss:  4.55305, VaAcc: 0.0127, VaLoss:  4.69058	 MAP NN | Acc: 0.0025 | Loss: 4.6352
402,  0 | TrAcc: 0.0143, TrLoss:  4.53790, VaAcc: 0.0076, VaLoss:  4.65920	 MAP NN | Acc: 0.0025 | Loss: 4.6352
403,  0 | TrAcc: 0.0177, TrLoss:  4.53639, VaAcc: 0.0051, VaLoss:  4.65035	 MAP NN | Acc: 0.0025 | Loss: 4.6354
404,  0 | TrAcc: 0.0157, TrLoss:  4.53490, VaAcc: 0.0025, VaLoss:  4.65133	 MAP NN | Acc: 0.0025 | Loss: 4.6353
405,  0 | TrAcc: 0.0198, TrLoss:  4.53385, VaAcc: 0.0076, VaLoss:  4.63511	 MAP NN | Acc: 0.0025 | Loss: 4.6358
406,  0 | TrAcc: 0.0143, TrLoss:  4.54130, VaAcc: 0.0025, VaLoss:  4.67129	 MAP NN | Acc: 0.0025 | Loss: 4.6365
407,  0 | TrAcc: 0.0198, TrLoss:  4.53790, VaAcc: 0.0025, VaLoss:  4.63035	 MAP NN | Acc: 0.0025 | Loss: 4.6355
408,  0 | TrAcc: 0.0150, TrLoss:  4.53899, VaAcc: 0.0051, VaLoss:  4.65960	 MAP NN | Acc: 0.0025 | Loss: 4.6341
409,  0 | TrAcc: 0.0225, TrLoss:  4.53367, VaAcc: 0.0051, VaLoss:  4.65980	 MAP NN | Acc: 0.0025 | Loss: 4.6336
410,  0 | TrAcc: 0.0163, TrLoss:  4.53237, VaAcc: 0.0051, VaLoss:  4.65498	 MAP NN | Acc: 0.0025 | Loss: 4.6332
411,  0 | TrAcc: 0.0198, TrLoss:  4.54631, VaAcc: 0.0025, VaLoss:  4.63966	 MAP NN | Acc: 0.0025 | Loss: 4.6330
412,  0 | TrAcc: 0.0177, TrLoss:  4.53765, VaAcc: 0.0076, VaLoss:  4.64307	 MAP NN | Acc: 0.0051 | Loss: 4.6341
413,  0 | TrAcc: 0.0170, TrLoss:  4.54476, VaAcc: 0.0076, VaLoss:  4.63857	 MAP NN | Acc: 0.0051 | Loss: 4.6334
414,  0 | TrAcc: 0.0184, TrLoss:  4.53143, VaAcc: 0.0076, VaLoss:  4.67882	 MAP NN | Acc: 0.0051 | Loss: 4.6331
415,  0 | TrAcc: 0.0252, TrLoss:  4.53909, VaAcc: 0.0102, VaLoss:  4.66621	 MAP NN | Acc: 0.0051 | Loss: 4.6334
416,  0 | TrAcc: 0.0191, TrLoss:  4.53686, VaAcc: 0.0076, VaLoss:  4.64757	 MAP NN | Acc: 0.0025 | Loss: 4.6333
417,  0 | TrAcc: 0.0157, TrLoss:  4.53450, VaAcc: 0.0025, VaLoss:  4.65797	 MAP NN | Acc: 0.0051 | Loss: 4.6330
418,  0 | TrAcc: 0.0157, TrLoss:  4.54076, VaAcc: 0.0025, VaLoss:  4.64333	 MAP NN | Acc: 0.0051 | Loss: 4.6328
419,  0 | TrAcc: 0.0143, TrLoss:  4.54380, VaAcc: 0.0051, VaLoss:  4.63245	 MAP NN | Acc: 0.0051 | Loss: 4.6328
420,  0 | TrAcc: 0.0143, TrLoss:  4.54510, VaAcc: 0.0152, VaLoss:  4.64631	 MAP NN | Acc: 0.0051 | Loss: 4.6331
421,  0 | TrAcc: 0.0123, TrLoss:  4.53676, VaAcc: 0.0025, VaLoss:  4.65482	 MAP NN | Acc: 0.0051 | Loss: 4.6334
422,  0 | TrAcc: 0.0170, TrLoss:  4.53219, VaAcc: 0.0102, VaLoss:  4.63759	 MAP NN | Acc: 0.0051 | Loss: 4.6334
423,  0 | TrAcc: 0.0177, TrLoss:  4.54580, VaAcc: 0.0127, VaLoss:  4.63409	 MAP NN | Acc: 0.0025 | Loss: 4.6351
424,  0 | TrAcc: 0.0170, TrLoss:  4.55035, VaAcc: 0.0178, VaLoss:  4.62746	 MAP NN | Acc: 0.0025 | Loss: 4.6347
425,  0 | TrAcc: 0.0191, TrLoss:  4.53766, VaAcc: 0.0051, VaLoss:  4.64161	 MAP NN | Acc: 0.0025 | Loss: 4.6357
426,  0 | TrAcc: 0.0157, TrLoss:  4.54684, VaAcc: 0.0076, VaLoss:  4.65709	 MAP NN | Acc: 0.0025 | Loss: 4.6361
427,  0 | TrAcc: 0.0116, TrLoss:  4.54313, VaAcc: 0.0025, VaLoss:  4.65271	 MAP NN | Acc: 0.0025 | Loss: 4.6366
428,  0 | TrAcc: 0.0129, TrLoss:  4.53803, VaAcc: 0.0076, VaLoss:  4.66890	 MAP NN | Acc: 0.0025 | Loss: 4.6369
429,  0 | TrAcc: 0.0157, TrLoss:  4.55851, VaAcc: 0.0076, VaLoss:  4.68084	 MAP NN | Acc: 0.0025 | Loss: 4.6371
430,  0 | TrAcc: 0.0184, TrLoss:  4.55086, VaAcc: 0.0025, VaLoss:  4.64189	 MAP NN | Acc: 0.0025 | Loss: 4.6373
431,  0 | TrAcc: 0.0211, TrLoss:  4.53769, VaAcc: 0.0025, VaLoss:  4.65376	 MAP NN | Acc: 0.0025 | Loss: 4.6373
432,  0 | TrAcc: 0.0143, TrLoss:  4.52795, VaAcc: 0.0127, VaLoss:  4.66762	 MAP NN | Acc: 0.0025 | Loss: 4.6375
433,  0 | TrAcc: 0.0184, TrLoss:  4.53470, VaAcc: 0.0102, VaLoss:  4.65383	 MAP NN | Acc: 0.0025 | Loss: 4.6378
434,  0 | TrAcc: 0.0204, TrLoss:  4.53495, VaAcc: 0.0102, VaLoss:  4.65919	 MAP NN | Acc: 0.0025 | Loss: 4.6378
435,  0 | TrAcc: 0.0170, TrLoss:  4.53253, VaAcc: 0.0127, VaLoss:  4.63286	 MAP NN | Acc: 0.0025 | Loss: 4.6376
436,  0 | TrAcc: 0.0177, TrLoss:  4.54225, VaAcc: 0.0051, VaLoss:  4.64768	 MAP NN | Acc: 0.0025 | Loss: 4.6375
437,  0 | TrAcc: 0.0150, TrLoss:  4.52701, VaAcc: 0.0025, VaLoss:  4.67834	 MAP NN | Acc: 0.0025 | Loss: 4.6373
438,  0 | TrAcc: 0.0150, TrLoss:  4.53778, VaAcc: 0.0127, VaLoss:  4.64972	 MAP NN | Acc: 0.0025 | Loss: 4.6373
439,  0 | TrAcc: 0.0218, TrLoss:  4.52726, VaAcc: 0.0000, VaLoss:  4.68539	 MAP NN | Acc: 0.0025 | Loss: 4.6373
440,  0 | TrAcc: 0.0259, TrLoss:  4.53162, VaAcc: 0.0127, VaLoss:  4.65816	 MAP NN | Acc: 0.0025 | Loss: 4.6373
441,  0 | TrAcc: 0.0184, TrLoss:  4.54074, VaAcc: 0.0102, VaLoss:  4.65005	 MAP NN | Acc: 0.0025 | Loss: 4.6372
442,  0 | TrAcc: 0.0191, TrLoss:  4.53283, VaAcc: 0.0102, VaLoss:  4.65540	 MAP NN | Acc: 0.0051 | Loss: 4.6371
443,  0 | TrAcc: 0.0170, TrLoss:  4.53801, VaAcc: 0.0076, VaLoss:  4.65478	 MAP NN | Acc: 0.0025 | Loss: 4.6370
444,  0 | TrAcc: 0.0163, TrLoss:  4.53521, VaAcc: 0.0051, VaLoss:  4.65408	 MAP NN | Acc: 0.0025 | Loss: 4.6370
445,  0 | TrAcc: 0.0150, TrLoss:  4.54301, VaAcc: 0.0076, VaLoss:  4.63624	 MAP NN | Acc: 0.0025 | Loss: 4.6369
446,  0 | TrAcc: 0.0163, TrLoss:  4.53550, VaAcc: 0.0152, VaLoss:  4.63383	 MAP NN | Acc: 0.0025 | Loss: 4.6370
447,  0 | TrAcc: 0.0218, TrLoss:  4.53968, VaAcc: 0.0076, VaLoss:  4.63708	 MAP NN | Acc: 0.0025 | Loss: 4.6370
448,  0 | TrAcc: 0.0170, TrLoss:  4.56554, VaAcc: 0.0051, VaLoss:  4.65800	 MAP NN | Acc: 0.0025 | Loss: 4.6367
449,  0 | TrAcc: 0.0163, TrLoss:  4.54133, VaAcc: 0.0025, VaLoss:  4.64429	 MAP NN | Acc: 0.0025 | Loss: 4.6367
450,  0 | TrAcc: 0.0163, TrLoss:  4.53230, VaAcc: 0.0152, VaLoss:  4.64735	 MAP NN | Acc: 0.0025 | Loss: 4.6366
451,  0 | TrAcc: 0.0211, TrLoss:  4.52186, VaAcc: 0.0076, VaLoss:  4.66772	 MAP NN | Acc: 0.0025 | Loss: 4.6367
452,  0 | TrAcc: 0.0177, TrLoss:  4.53118, VaAcc: 0.0051, VaLoss:  4.65372	 MAP NN | Acc: 0.0025 | Loss: 4.6368
453,  0 | TrAcc: 0.0163, TrLoss:  4.53000, VaAcc: 0.0051, VaLoss:  4.64678	 MAP NN | Acc: 0.0025 | Loss: 4.6366
454,  0 | TrAcc: 0.0150, TrLoss:  4.53997, VaAcc: 0.0051, VaLoss:  4.65425	 MAP NN | Acc: 0.0025 | Loss: 4.6374
455,  0 | TrAcc: 0.0170, TrLoss:  4.52947, VaAcc: 0.0051, VaLoss:  4.64349	 MAP NN | Acc: 0.0025 | Loss: 4.6377
456,  0 | TrAcc: 0.0198, TrLoss:  4.54764, VaAcc: 0.0051, VaLoss:  4.67477	 MAP NN | Acc: 0.0025 | Loss: 4.6375
457,  0 | TrAcc: 0.0150, TrLoss:  4.53999, VaAcc: 0.0076, VaLoss:  4.66797	 MAP NN | Acc: 0.0051 | Loss: 4.6377
458,  0 | TrAcc: 0.0177, TrLoss:  4.53679, VaAcc: 0.0076, VaLoss:  4.65165	 MAP NN | Acc: 0.0051 | Loss: 4.6377
459,  0 | TrAcc: 0.0177, TrLoss:  4.54538, VaAcc: 0.0025, VaLoss:  4.68669	 MAP NN | Acc: 0.0025 | Loss: 4.6379
460,  0 | TrAcc: 0.0191, TrLoss:  4.54135, VaAcc: 0.0025, VaLoss:  4.64314	 MAP NN | Acc: 0.0025 | Loss: 4.6375
461,  0 | TrAcc: 0.0211, TrLoss:  4.53664, VaAcc: 0.0025, VaLoss:  4.65576	 MAP NN | Acc: 0.0025 | Loss: 4.6374
462,  0 | TrAcc: 0.0136, TrLoss:  4.53176, VaAcc: 0.0076, VaLoss:  4.66724	 MAP NN | Acc: 0.0025 | Loss: 4.6371
463,  0 | TrAcc: 0.0150, TrLoss:  4.53680, VaAcc: 0.0025, VaLoss:  4.62854	 MAP NN | Acc: 0.0025 | Loss: 4.6373
464,  0 | TrAcc: 0.0109, TrLoss:  4.53941, VaAcc: 0.0102, VaLoss:  4.64103	 MAP NN | Acc: 0.0025 | Loss: 4.6370
465,  0 | TrAcc: 0.0232, TrLoss:  4.53555, VaAcc: 0.0025, VaLoss:  4.64751	 MAP NN | Acc: 0.0025 | Loss: 4.6366
466,  0 | TrAcc: 0.0184, TrLoss:  4.52840, VaAcc: 0.0051, VaLoss:  4.66878	 MAP NN | Acc: 0.0025 | Loss: 4.6354
467,  0 | TrAcc: 0.0157, TrLoss:  4.53203, VaAcc: 0.0025, VaLoss:  4.64539	 MAP NN | Acc: 0.0025 | Loss: 4.6353
468,  0 | TrAcc: 0.0204, TrLoss:  4.52874, VaAcc: 0.0076, VaLoss:  4.63906	 MAP NN | Acc: 0.0000 | Loss: 4.6360
469,  0 | TrAcc: 0.0170, TrLoss:  4.53569, VaAcc: 0.0000, VaLoss:  4.65429	 MAP NN | Acc: 0.0000 | Loss: 4.6357
470,  0 | TrAcc: 0.0150, TrLoss:  4.54600, VaAcc: 0.0076, VaLoss:  4.64245	 MAP NN | Acc: 0.0025 | Loss: 4.6353
471,  0 | TrAcc: 0.0163, TrLoss:  4.53616, VaAcc: 0.0178, VaLoss:  4.65625	 MAP NN | Acc: 0.0000 | Loss: 4.6356
472,  0 | TrAcc: 0.0177, TrLoss:  4.53632, VaAcc: 0.0127, VaLoss:  4.71416	 MAP NN | Acc: 0.0000 | Loss: 4.6353
473,  0 | TrAcc: 0.0150, TrLoss:  4.53785, VaAcc: 0.0127, VaLoss:  4.65871	 MAP NN | Acc: 0.0000 | Loss: 4.6348
474,  0 | TrAcc: 0.0191, TrLoss:  4.53378, VaAcc: 0.0051, VaLoss:  4.66764	 MAP NN | Acc: 0.0025 | Loss: 4.6341
475,  0 | TrAcc: 0.0204, TrLoss:  4.53624, VaAcc: 0.0076, VaLoss:  4.64402	 MAP NN | Acc: 0.0025 | Loss: 4.6331
476,  0 | TrAcc: 0.0218, TrLoss:  4.53509, VaAcc: 0.0127, VaLoss:  4.63900	 MAP NN | Acc: 0.0025 | Loss: 4.6332
477,  0 | TrAcc: 0.0143, TrLoss:  4.52869, VaAcc: 0.0102, VaLoss:  4.63720	 MAP NN | Acc: 0.0025 | Loss: 4.6333
478,  0 | TrAcc: 0.0177, TrLoss:  4.53599, VaAcc: 0.0051, VaLoss:  4.62201	 MAP NN | Acc: 0.0025 | Loss: 4.6334
479,  0 | TrAcc: 0.0163, TrLoss:  4.51978, VaAcc: 0.0000, VaLoss:  4.64453	 MAP NN | Acc: 0.0025 | Loss: 4.6336
480,  0 | TrAcc: 0.0163, TrLoss:  4.53375, VaAcc: 0.0102, VaLoss:  4.65554	 MAP NN | Acc: 0.0025 | Loss: 4.6331
481,  0 | TrAcc: 0.0129, TrLoss:  4.53432, VaAcc: 0.0025, VaLoss:  4.63788	 MAP NN | Acc: 0.0025 | Loss: 4.6339
482,  0 | TrAcc: 0.0163, TrLoss:  4.53669, VaAcc: 0.0102, VaLoss:  4.65214	 MAP NN | Acc: 0.0025 | Loss: 4.6335
483,  0 | TrAcc: 0.0245, TrLoss:  4.52743, VaAcc: 0.0025, VaLoss:  4.63617	 MAP NN | Acc: 0.0025 | Loss: 4.6331
484,  0 | TrAcc: 0.0163, TrLoss:  4.54554, VaAcc: 0.0051, VaLoss:  4.65462	 MAP NN | Acc: 0.0025 | Loss: 4.6330
485,  0 | TrAcc: 0.0157, TrLoss:  4.54077, VaAcc: 0.0076, VaLoss:  4.64566	 MAP NN | Acc: 0.0025 | Loss: 4.6331
486,  0 | TrAcc: 0.0204, TrLoss:  4.52663, VaAcc: 0.0076, VaLoss:  4.65532	 MAP NN | Acc: 0.0025 | Loss: 4.6339
487,  0 | TrAcc: 0.0163, TrLoss:  4.54602, VaAcc: 0.0051, VaLoss:  4.63792	 MAP NN | Acc: 0.0025 | Loss: 4.6344
488,  0 | TrAcc: 0.0163, TrLoss:  4.55085, VaAcc: 0.0076, VaLoss:  4.65420	 MAP NN | Acc: 0.0025 | Loss: 4.6346
489,  0 | TrAcc: 0.0170, TrLoss:  4.53035, VaAcc: 0.0051, VaLoss:  4.63505	 MAP NN | Acc: 0.0025 | Loss: 4.6345
490,  0 | TrAcc: 0.0184, TrLoss:  4.54493, VaAcc: 0.0102, VaLoss:  4.63640	 MAP NN | Acc: 0.0025 | Loss: 4.6342
491,  0 | TrAcc: 0.0136, TrLoss:  4.54219, VaAcc: 0.0000, VaLoss:  4.66794	 MAP NN | Acc: 0.0025 | Loss: 4.6340
492,  0 | TrAcc: 0.0218, TrLoss:  4.52352, VaAcc: 0.0127, VaLoss:  4.63604	 MAP NN | Acc: 0.0025 | Loss: 4.6340
493,  0 | TrAcc: 0.0191, TrLoss:  4.53555, VaAcc: 0.0102, VaLoss:  4.64325	 MAP NN | Acc: 0.0025 | Loss: 4.6337
494,  0 | TrAcc: 0.0198, TrLoss:  4.55061, VaAcc: 0.0025, VaLoss:  4.66236	 MAP NN | Acc: 0.0025 | Loss: 4.6333
495,  0 | TrAcc: 0.0150, TrLoss:  4.52241, VaAcc: 0.0025, VaLoss:  4.65372	 MAP NN | Acc: 0.0025 | Loss: 4.6346
496,  0 | TrAcc: 0.0157, TrLoss:  4.53986, VaAcc: 0.0152, VaLoss:  4.65427	 MAP NN | Acc: 0.0025 | Loss: 4.6347
497,  0 | TrAcc: 0.0232, TrLoss:  4.53198, VaAcc: 0.0127, VaLoss:  4.62100	 MAP NN | Acc: 0.0025 | Loss: 4.6349
498,  0 | TrAcc: 0.0170, TrLoss:  4.53013, VaAcc: 0.0152, VaLoss:  4.63792	 MAP NN | Acc: 0.0025 | Loss: 4.6344
499,  0 | TrAcc: 0.0259, TrLoss:  4.52857, VaAcc: 0.0152, VaLoss:  4.64621	 MAP NN | Acc: 0.0025 | Loss: 4.6344
500,  0 | TrAcc: 0.0184, TrLoss:  4.53793, VaAcc: 0.0051, VaLoss:  4.64361	 MAP NN | Acc: 0.0025 | Loss: 4.6343
501,  0 | TrAcc: 0.0170, TrLoss:  4.52491, VaAcc: 0.0025, VaLoss:  4.63891	 MAP NN | Acc: 0.0025 | Loss: 4.6344
502,  0 | TrAcc: 0.0211, TrLoss:  4.53477, VaAcc: 0.0025, VaLoss:  4.63928	 MAP NN | Acc: 0.0025 | Loss: 4.6345
503,  0 | TrAcc: 0.0163, TrLoss:  4.53140, VaAcc: 0.0102, VaLoss:  4.64883	 MAP NN | Acc: 0.0025 | Loss: 4.6344
504,  0 | TrAcc: 0.0102, TrLoss:  4.53940, VaAcc: 0.0025, VaLoss:  4.64435	 MAP NN | Acc: 0.0025 | Loss: 4.6348
505,  0 | TrAcc: 0.0163, TrLoss:  4.53870, VaAcc: 0.0102, VaLoss:  4.67754	 MAP NN | Acc: 0.0025 | Loss: 4.6346
506,  0 | TrAcc: 0.0204, TrLoss:  4.52866, VaAcc: 0.0127, VaLoss:  4.66646	 MAP NN | Acc: 0.0025 | Loss: 4.6346
507,  0 | TrAcc: 0.0232, TrLoss:  4.53023, VaAcc: 0.0102, VaLoss:  4.67257	 MAP NN | Acc: 0.0025 | Loss: 4.6345
508,  0 | TrAcc: 0.0232, TrLoss:  4.52790, VaAcc: 0.0102, VaLoss:  4.63495	 MAP NN | Acc: 0.0025 | Loss: 4.6350
509,  0 | TrAcc: 0.0157, TrLoss:  4.53294, VaAcc: 0.0051, VaLoss:  4.68624	 MAP NN | Acc: 0.0025 | Loss: 4.6332
510,  0 | TrAcc: 0.0184, TrLoss:  4.53433, VaAcc: 0.0025, VaLoss:  4.64384	 MAP NN | Acc: 0.0025 | Loss: 4.6334
511,  0 | TrAcc: 0.0225, TrLoss:  4.52925, VaAcc: 0.0102, VaLoss:  4.66538	 MAP NN | Acc: 0.0025 | Loss: 4.6338
512,  0 | TrAcc: 0.0225, TrLoss:  4.54654, VaAcc: 0.0000, VaLoss:  4.64637	 MAP NN | Acc: 0.0025 | Loss: 4.6328
513,  0 | TrAcc: 0.0163, TrLoss:  4.54138, VaAcc: 0.0025, VaLoss:  4.63467	 MAP NN | Acc: 0.0025 | Loss: 4.6328
514,  0 | TrAcc: 0.0129, TrLoss:  4.53119, VaAcc: 0.0025, VaLoss:  4.64131	 MAP NN | Acc: 0.0025 | Loss: 4.6326
515,  0 | TrAcc: 0.0184, TrLoss:  4.50953, VaAcc: 0.0102, VaLoss:  4.63873	 MAP NN | Acc: 0.0025 | Loss: 4.6326
516,  0 | TrAcc: 0.0259, TrLoss:  4.53352, VaAcc: 0.0025, VaLoss:  4.64313	 MAP NN | Acc: 0.0025 | Loss: 4.6330
517,  0 | TrAcc: 0.0211, TrLoss:  4.52977, VaAcc: 0.0076, VaLoss:  4.67286	 MAP NN | Acc: 0.0025 | Loss: 4.6329
518,  0 | TrAcc: 0.0245, TrLoss:  4.52730, VaAcc: 0.0127, VaLoss:  4.64873	 MAP NN | Acc: 0.0025 | Loss: 4.6331
519,  0 | TrAcc: 0.0150, TrLoss:  4.53244, VaAcc: 0.0025, VaLoss:  4.64583	 MAP NN | Acc: 0.0025 | Loss: 4.6326
520,  0 | TrAcc: 0.0157, TrLoss:  4.54314, VaAcc: 0.0025, VaLoss:  4.64779	 MAP NN | Acc: 0.0025 | Loss: 4.6319
521,  0 | TrAcc: 0.0129, TrLoss:  4.53070, VaAcc: 0.0076, VaLoss:  4.65385	 MAP NN | Acc: 0.0025 | Loss: 4.6320
522,  0 | TrAcc: 0.0191, TrLoss:  4.51926, VaAcc: 0.0076, VaLoss:  4.67421	 MAP NN | Acc: 0.0025 | Loss: 4.6318
523,  0 | TrAcc: 0.0218, TrLoss:  4.53301, VaAcc: 0.0076, VaLoss:  4.67507	 MAP NN | Acc: 0.0025 | Loss: 4.6312
524,  0 | TrAcc: 0.0136, TrLoss:  4.53694, VaAcc: 0.0051, VaLoss:  4.64255	 MAP NN | Acc: 0.0025 | Loss: 4.6289
525,  0 | TrAcc: 0.0245, TrLoss:  4.52272, VaAcc: 0.0051, VaLoss:  4.63831	 MAP NN | Acc: 0.0025 | Loss: 4.6288
526,  0 | TrAcc: 0.0157, TrLoss:  4.52554, VaAcc: 0.0076, VaLoss:  4.64116	 MAP NN | Acc: 0.0025 | Loss: 4.6279
527,  0 | TrAcc: 0.0245, TrLoss:  4.51722, VaAcc: 0.0076, VaLoss:  4.67368	 MAP NN | Acc: 0.0025 | Loss: 4.6280
528,  0 | TrAcc: 0.0204, TrLoss:  4.52830, VaAcc: 0.0051, VaLoss:  4.68145	 MAP NN | Acc: 0.0025 | Loss: 4.6281
529,  0 | TrAcc: 0.0245, TrLoss:  4.52567, VaAcc: 0.0076, VaLoss:  4.63413	 MAP NN | Acc: 0.0025 | Loss: 4.6282
530,  0 | TrAcc: 0.0129, TrLoss:  4.53049, VaAcc: 0.0051, VaLoss:  4.64135	 MAP NN | Acc: 0.0025 | Loss: 4.6283
531,  0 | TrAcc: 0.0198, TrLoss:  4.51987, VaAcc: 0.0051, VaLoss:  4.64137	 MAP NN | Acc: 0.0025 | Loss: 4.6283
532,  0 | TrAcc: 0.0211, TrLoss:  4.52887, VaAcc: 0.0051, VaLoss:  4.67361	 MAP NN | Acc: 0.0025 | Loss: 4.6281
533,  0 | TrAcc: 0.0252, TrLoss:  4.52821, VaAcc: 0.0076, VaLoss:  4.65154	 MAP NN | Acc: 0.0025 | Loss: 4.6268
534,  0 | TrAcc: 0.0136, TrLoss:  4.53851, VaAcc: 0.0076, VaLoss:  4.67233	 MAP NN | Acc: 0.0000 | Loss: 4.6247
535,  0 | TrAcc: 0.0198, TrLoss:  4.52413, VaAcc: 0.0051, VaLoss:  4.66832	 MAP NN | Acc: 0.0000 | Loss: 4.6250
536,  0 | TrAcc: 0.0170, TrLoss:  4.51983, VaAcc: 0.0102, VaLoss:  4.64010	 MAP NN | Acc: 0.0000 | Loss: 4.6247
537,  0 | TrAcc: 0.0170, TrLoss:  4.52689, VaAcc: 0.0076, VaLoss:  4.66099	 MAP NN | Acc: 0.0000 | Loss: 4.6246
538,  0 | TrAcc: 0.0259, TrLoss:  4.51874, VaAcc: 0.0051, VaLoss:  4.63418	 MAP NN | Acc: 0.0000 | Loss: 4.6245
539,  0 | TrAcc: 0.0211, TrLoss:  4.51638, VaAcc: 0.0076, VaLoss:  4.63284	 MAP NN | Acc: 0.0000 | Loss: 4.6244
540,  0 | TrAcc: 0.0198, TrLoss:  4.52266, VaAcc: 0.0127, VaLoss:  4.63412	 MAP NN | Acc: 0.0000 | Loss: 4.6241
541,  0 | TrAcc: 0.0211, TrLoss:  4.52300, VaAcc: 0.0102, VaLoss:  4.65617	 MAP NN | Acc: 0.0000 | Loss: 4.6226
542,  0 | TrAcc: 0.0143, TrLoss:  4.52060, VaAcc: 0.0025, VaLoss:  4.68279	 MAP NN | Acc: 0.0000 | Loss: 4.6234
543,  0 | TrAcc: 0.0177, TrLoss:  4.52609, VaAcc: 0.0127, VaLoss:  4.65059	 MAP NN | Acc: 0.0000 | Loss: 4.6233
544,  0 | TrAcc: 0.0150, TrLoss:  4.52816, VaAcc: 0.0051, VaLoss:  4.65842	 MAP NN | Acc: 0.0000 | Loss: 4.6232
545,  0 | TrAcc: 0.0225, TrLoss:  4.52135, VaAcc: 0.0228, VaLoss:  4.65828	 MAP NN | Acc: 0.0000 | Loss: 4.6232
546,  0 | TrAcc: 0.0252, TrLoss:  4.52999, VaAcc: 0.0076, VaLoss:  4.64814	 MAP NN | Acc: 0.0000 | Loss: 4.6233
547,  0 | TrAcc: 0.0157, TrLoss:  4.52156, VaAcc: 0.0051, VaLoss:  4.63498	 MAP NN | Acc: 0.0000 | Loss: 4.6231
548,  0 | TrAcc: 0.0143, TrLoss:  4.53227, VaAcc: 0.0025, VaLoss:  4.66012	 MAP NN | Acc: 0.0000 | Loss: 4.6226
549,  0 | TrAcc: 0.0150, TrLoss:  4.52429, VaAcc: 0.0051, VaLoss:  4.65602	 MAP NN | Acc: 0.0000 | Loss: 4.6225
550,  0 | TrAcc: 0.0170, TrLoss:  4.53134, VaAcc: 0.0076, VaLoss:  4.64119	 MAP NN | Acc: 0.0000 | Loss: 4.6222
551,  0 | TrAcc: 0.0163, TrLoss:  4.52191, VaAcc: 0.0076, VaLoss:  4.64047	 MAP NN | Acc: 0.0000 | Loss: 4.6240
552,  0 | TrAcc: 0.0218, TrLoss:  4.52379, VaAcc: 0.0076, VaLoss:  4.66550	 MAP NN | Acc: 0.0000 | Loss: 4.6239
553,  0 | TrAcc: 0.0170, TrLoss:  4.52379, VaAcc: 0.0025, VaLoss:  4.66694	 MAP NN | Acc: 0.0000 | Loss: 4.6240
554,  0 | TrAcc: 0.0129, TrLoss:  4.52487, VaAcc: 0.0051, VaLoss:  4.64725	 MAP NN | Acc: 0.0000 | Loss: 4.6245
555,  0 | TrAcc: 0.0184, TrLoss:  4.51764, VaAcc: 0.0076, VaLoss:  4.67401	 MAP NN | Acc: 0.0025 | Loss: 4.6244
556,  0 | TrAcc: 0.0266, TrLoss:  4.51302, VaAcc: 0.0102, VaLoss:  4.63720	 MAP NN | Acc: 0.0025 | Loss: 4.6230
557,  0 | TrAcc: 0.0279, TrLoss:  4.51467, VaAcc: 0.0127, VaLoss:  4.63754	 MAP NN | Acc: 0.0025 | Loss: 4.6234
558,  0 | TrAcc: 0.0116, TrLoss:  4.53094, VaAcc: 0.0076, VaLoss:  4.64347	 MAP NN | Acc: 0.0025 | Loss: 4.6226
559,  0 | TrAcc: 0.0191, TrLoss:  4.52676, VaAcc: 0.0152, VaLoss:  4.64878	 MAP NN | Acc: 0.0025 | Loss: 4.6230
560,  0 | TrAcc: 0.0286, TrLoss:  4.52499, VaAcc: 0.0152, VaLoss:  4.64296	 MAP NN | Acc: 0.0025 | Loss: 4.6232
561,  0 | TrAcc: 0.0177, TrLoss:  4.53900, VaAcc: 0.0102, VaLoss:  4.64570	 MAP NN | Acc: 0.0025 | Loss: 4.6234
562,  0 | TrAcc: 0.0218, TrLoss:  4.52363, VaAcc: 0.0102, VaLoss:  4.68191	 MAP NN | Acc: 0.0025 | Loss: 4.6246
563,  0 | TrAcc: 0.0238, TrLoss:  4.52151, VaAcc: 0.0102, VaLoss:  4.65724	 MAP NN | Acc: 0.0025 | Loss: 4.6245
564,  0 | TrAcc: 0.0279, TrLoss:  4.52178, VaAcc: 0.0000, VaLoss:  4.65129	 MAP NN | Acc: 0.0025 | Loss: 4.6246
565,  0 | TrAcc: 0.0211, TrLoss:  4.52157, VaAcc: 0.0127, VaLoss:  4.61992	 MAP NN | Acc: 0.0025 | Loss: 4.6248
566,  0 | TrAcc: 0.0232, TrLoss:  4.51286, VaAcc: 0.0051, VaLoss:  4.66121	 MAP NN | Acc: 0.0025 | Loss: 4.6250
567,  0 | TrAcc: 0.0279, TrLoss:  4.51076, VaAcc: 0.0076, VaLoss:  4.64293	 MAP NN | Acc: 0.0025 | Loss: 4.6232
568,  0 | TrAcc: 0.0184, TrLoss:  4.50818, VaAcc: 0.0102, VaLoss:  4.62972	 MAP NN | Acc: 0.0025 | Loss: 4.6238
569,  0 | TrAcc: 0.0225, TrLoss:  4.50842, VaAcc: 0.0025, VaLoss:  4.63989	 MAP NN | Acc: 0.0025 | Loss: 4.6239
570,  0 | TrAcc: 0.0184, TrLoss:  4.52493, VaAcc: 0.0102, VaLoss:  4.64529	 MAP NN | Acc: 0.0025 | Loss: 4.6241
571,  0 | TrAcc: 0.0157, TrLoss:  4.52805, VaAcc: 0.0076, VaLoss:  4.70948	 MAP NN | Acc: 0.0025 | Loss: 4.6237
572,  0 | TrAcc: 0.0211, TrLoss:  4.52029, VaAcc: 0.0102, VaLoss:  4.68057	 MAP NN | Acc: 0.0025 | Loss: 4.6236
573,  0 | TrAcc: 0.0116, TrLoss:  4.51038, VaAcc: 0.0076, VaLoss:  4.65456	 MAP NN | Acc: 0.0025 | Loss: 4.6239
574,  0 | TrAcc: 0.0211, TrLoss:  4.51642, VaAcc: 0.0102, VaLoss:  4.65706	 MAP NN | Acc: 0.0025 | Loss: 4.6244
575,  0 | TrAcc: 0.0198, TrLoss:  4.51965, VaAcc: 0.0102, VaLoss:  4.68020	 MAP NN | Acc: 0.0025 | Loss: 4.6241
576,  0 | TrAcc: 0.0163, TrLoss:  4.51709, VaAcc: 0.0152, VaLoss:  4.63013	 MAP NN | Acc: 0.0025 | Loss: 4.6243
577,  0 | TrAcc: 0.0232, TrLoss:  4.52732, VaAcc: 0.0076, VaLoss:  4.65598	 MAP NN | Acc: 0.0025 | Loss: 4.6226
578,  0 | TrAcc: 0.0232, TrLoss:  4.52145, VaAcc: 0.0051, VaLoss:  4.65115	 MAP NN | Acc: 0.0025 | Loss: 4.6225
579,  0 | TrAcc: 0.0198, TrLoss:  4.52728, VaAcc: 0.0051, VaLoss:  4.68162	 MAP NN | Acc: 0.0025 | Loss: 4.6225
580,  0 | TrAcc: 0.0259, TrLoss:  4.51527, VaAcc: 0.0025, VaLoss:  4.63356	 MAP NN | Acc: 0.0025 | Loss: 4.6224
581,  0 | TrAcc: 0.0225, TrLoss:  4.50849, VaAcc: 0.0102, VaLoss:  4.65617	 MAP NN | Acc: 0.0025 | Loss: 4.6227
582,  0 | TrAcc: 0.0218, TrLoss:  4.52560, VaAcc: 0.0127, VaLoss:  4.63217	 MAP NN | Acc: 0.0025 | Loss: 4.6223
583,  0 | TrAcc: 0.0204, TrLoss:  4.52740, VaAcc: 0.0076, VaLoss:  4.69278	 MAP NN | Acc: 0.0025 | Loss: 4.6220
584,  0 | TrAcc: 0.0184, TrLoss:  4.52113, VaAcc: 0.0025, VaLoss:  4.63008	 MAP NN | Acc: 0.0025 | Loss: 4.6221
585,  0 | TrAcc: 0.0225, TrLoss:  4.52081, VaAcc: 0.0102, VaLoss:  4.61904	 MAP NN | Acc: 0.0025 | Loss: 4.6220
586,  0 | TrAcc: 0.0198, TrLoss:  4.51963, VaAcc: 0.0102, VaLoss:  4.65294	 MAP NN | Acc: 0.0025 | Loss: 4.6216
587,  0 | TrAcc: 0.0184, TrLoss:  4.52449, VaAcc: 0.0102, VaLoss:  4.64958	 MAP NN | Acc: 0.0025 | Loss: 4.6215
588,  0 | TrAcc: 0.0191, TrLoss:  4.51278, VaAcc: 0.0051, VaLoss:  4.64034	 MAP NN | Acc: 0.0025 | Loss: 4.6274
589,  0 | TrAcc: 0.0157, TrLoss:  4.52860, VaAcc: 0.0051, VaLoss:  4.65530	 MAP NN | Acc: 0.0025 | Loss: 4.6271
590,  0 | TrAcc: 0.0191, TrLoss:  4.51957, VaAcc: 0.0025, VaLoss:  4.63626	 MAP NN | Acc: 0.0025 | Loss: 4.6268
591,  0 | TrAcc: 0.0211, TrLoss:  4.51519, VaAcc: 0.0076, VaLoss:  4.66359	 MAP NN | Acc: 0.0051 | Loss: 4.6276
592,  0 | TrAcc: 0.0232, TrLoss:  4.50973, VaAcc: 0.0025, VaLoss:  4.64985	 MAP NN | Acc: 0.0051 | Loss: 4.6275
593,  0 | TrAcc: 0.0245, TrLoss:  4.50922, VaAcc: 0.0152, VaLoss:  4.63294	 MAP NN | Acc: 0.0051 | Loss: 4.6277
594,  0 | TrAcc: 0.0191, TrLoss:  4.52350, VaAcc: 0.0076, VaLoss:  4.63008	 MAP NN | Acc: 0.0051 | Loss: 4.6281
595,  0 | TrAcc: 0.0204, TrLoss:  4.52205, VaAcc: 0.0076, VaLoss:  4.65045	 MAP NN | Acc: 0.0051 | Loss: 4.6279
596,  0 | TrAcc: 0.0211, TrLoss:  4.51877, VaAcc: 0.0076, VaLoss:  4.61302	 MAP NN | Acc: 0.0051 | Loss: 4.6272
597,  0 | TrAcc: 0.0184, TrLoss:  4.53142, VaAcc: 0.0127, VaLoss:  4.65099	 MAP NN | Acc: 0.0051 | Loss: 4.6271
598,  0 | TrAcc: 0.0232, TrLoss:  4.51200, VaAcc: 0.0076, VaLoss:  4.64540	 MAP NN | Acc: 0.0051 | Loss: 4.6272
599,  0 | TrAcc: 0.0218, TrLoss:  4.50581, VaAcc: 0.0076, VaLoss:  4.63285	 MAP NN | Acc: 0.0051 | Loss: 4.6272
600,  0 | TrAcc: 0.0259, TrLoss:  4.50424, VaAcc: 0.0051, VaLoss:  4.66141	 MAP NN | Acc: 0.0051 | Loss: 4.6287
601,  0 | TrAcc: 0.0245, TrLoss:  4.51797, VaAcc: 0.0000, VaLoss:  4.64390	 MAP NN | Acc: 0.0051 | Loss: 4.6286
602,  0 | TrAcc: 0.0218, TrLoss:  4.52570, VaAcc: 0.0051, VaLoss:  4.61630	 MAP NN | Acc: 0.0000 | Loss: 4.6290
603,  0 | TrAcc: 0.0232, TrLoss:  4.50802, VaAcc: 0.0025, VaLoss:  4.64438	 MAP NN | Acc: 0.0025 | Loss: 4.6290
604,  0 | TrAcc: 0.0191, TrLoss:  4.50688, VaAcc: 0.0102, VaLoss:  4.65072	 MAP NN | Acc: 0.0025 | Loss: 4.6291
605,  0 | TrAcc: 0.0204, TrLoss:  4.51057, VaAcc: 0.0178, VaLoss:  4.65867	 MAP NN | Acc: 0.0025 | Loss: 4.6289
606,  0 | TrAcc: 0.0191, TrLoss:  4.49913, VaAcc: 0.0051, VaLoss:  4.63614	 MAP NN | Acc: 0.0025 | Loss: 4.6293
607,  0 | TrAcc: 0.0204, TrLoss:  4.51886, VaAcc: 0.0051, VaLoss:  4.66804	 MAP NN | Acc: 0.0025 | Loss: 4.6294
608,  0 | TrAcc: 0.0259, TrLoss:  4.51795, VaAcc: 0.0051, VaLoss:  4.63677	 MAP NN | Acc: 0.0025 | Loss: 4.6290
609,  0 | TrAcc: 0.0272, TrLoss:  4.52749, VaAcc: 0.0000, VaLoss:  4.63679	 MAP NN | Acc: 0.0025 | Loss: 4.6280
610,  0 | TrAcc: 0.0225, TrLoss:  4.50879, VaAcc: 0.0025, VaLoss:  4.66281	 MAP NN | Acc: 0.0025 | Loss: 4.6274
611,  0 | TrAcc: 0.0225, TrLoss:  4.52549, VaAcc: 0.0025, VaLoss:  4.62462	 MAP NN | Acc: 0.0025 | Loss: 4.6254
612,  0 | TrAcc: 0.0259, TrLoss:  4.49894, VaAcc: 0.0025, VaLoss:  4.65768	 MAP NN | Acc: 0.0025 | Loss: 4.6253
613,  0 | TrAcc: 0.0163, TrLoss:  4.50762, VaAcc: 0.0127, VaLoss:  4.68395	 MAP NN | Acc: 0.0025 | Loss: 4.6256
614,  0 | TrAcc: 0.0191, TrLoss:  4.50634, VaAcc: 0.0102, VaLoss:  4.62726	 MAP NN | Acc: 0.0025 | Loss: 4.6262
615,  0 | TrAcc: 0.0238, TrLoss:  4.49437, VaAcc: 0.0076, VaLoss:  4.64218	 MAP NN | Acc: 0.0025 | Loss: 4.6260
616,  0 | TrAcc: 0.0211, TrLoss:  4.51619, VaAcc: 0.0102, VaLoss:  4.66189	 MAP NN | Acc: 0.0025 | Loss: 4.6262
617,  0 | TrAcc: 0.0191, TrLoss:  4.51382, VaAcc: 0.0076, VaLoss:  4.63417	 MAP NN | Acc: 0.0025 | Loss: 4.6221
618,  0 | TrAcc: 0.0245, TrLoss:  4.52939, VaAcc: 0.0025, VaLoss:  4.63716	 MAP NN | Acc: 0.0025 | Loss: 4.6227
619,  0 | TrAcc: 0.0225, TrLoss:  4.50700, VaAcc: 0.0076, VaLoss:  4.63456	 MAP NN | Acc: 0.0025 | Loss: 4.6270
620,  0 | TrAcc: 0.0157, TrLoss:  4.53174, VaAcc: 0.0051, VaLoss:  4.66163	 MAP NN | Acc: 0.0025 | Loss: 4.6264
621,  0 | TrAcc: 0.0286, TrLoss:  4.51332, VaAcc: 0.0076, VaLoss:  4.65821	 MAP NN | Acc: 0.0025 | Loss: 4.6275
622,  0 | TrAcc: 0.0279, TrLoss:  4.49287, VaAcc: 0.0076, VaLoss:  4.62981	 MAP NN | Acc: 0.0025 | Loss: 4.6279
623,  0 | TrAcc: 0.0157, TrLoss:  4.49482, VaAcc: 0.0051, VaLoss:  4.64537	 MAP NN | Acc: 0.0025 | Loss: 4.6287
624,  0 | TrAcc: 0.0163, TrLoss:  4.49132, VaAcc: 0.0076, VaLoss:  4.67421	 MAP NN | Acc: 0.0051 | Loss: 4.6283
625,  0 | TrAcc: 0.0272, TrLoss:  4.50804, VaAcc: 0.0051, VaLoss:  4.63173	 MAP NN | Acc: 0.0025 | Loss: 4.6278
626,  0 | TrAcc: 0.0259, TrLoss:  4.50812, VaAcc: 0.0076, VaLoss:  4.68869	 MAP NN | Acc: 0.0025 | Loss: 4.6276
627,  0 | TrAcc: 0.0252, TrLoss:  4.50004, VaAcc: 0.0051, VaLoss:  4.66384	 MAP NN | Acc: 0.0051 | Loss: 4.6268
628,  0 | TrAcc: 0.0102, TrLoss:  4.52293, VaAcc: 0.0102, VaLoss:  4.60251	 MAP NN | Acc: 0.0051 | Loss: 4.6270
629,  0 | TrAcc: 0.0334, TrLoss:  4.48438, VaAcc: 0.0025, VaLoss:  4.65879	 MAP NN | Acc: 0.0051 | Loss: 4.6261
630,  0 | TrAcc: 0.0225, TrLoss:  4.49949, VaAcc: 0.0076, VaLoss:  4.63625	 MAP NN | Acc: 0.0051 | Loss: 4.6243
631,  0 | TrAcc: 0.0272, TrLoss:  4.50974, VaAcc: 0.0076, VaLoss:  4.63221	 MAP NN | Acc: 0.0025 | Loss: 4.6240
632,  0 | TrAcc: 0.0232, TrLoss:  4.49440, VaAcc: 0.0178, VaLoss:  4.60491	 MAP NN | Acc: 0.0025 | Loss: 4.6234
633,  0 | TrAcc: 0.0204, TrLoss:  4.49955, VaAcc: 0.0051, VaLoss:  4.63114	 MAP NN | Acc: 0.0025 | Loss: 4.6229
634,  0 | TrAcc: 0.0157, TrLoss:  4.52266, VaAcc: 0.0025, VaLoss:  4.66837	 MAP NN | Acc: 0.0000 | Loss: 4.6190
635,  0 | TrAcc: 0.0204, TrLoss:  4.52640, VaAcc: 0.0051, VaLoss:  4.68133	 MAP NN | Acc: 0.0000 | Loss: 4.6184
636,  0 | TrAcc: 0.0163, TrLoss:  4.50822, VaAcc: 0.0051, VaLoss:  4.64245	 MAP NN | Acc: 0.0000 | Loss: 4.6177
637,  0 | TrAcc: 0.0272, TrLoss:  4.48956, VaAcc: 0.0102, VaLoss:  4.62097	 MAP NN | Acc: 0.0000 | Loss: 4.6172
638,  0 | TrAcc: 0.0225, TrLoss:  4.49093, VaAcc: 0.0051, VaLoss:  4.64867	 MAP NN | Acc: 0.0000 | Loss: 4.6167
639,  0 | TrAcc: 0.0293, TrLoss:  4.49584, VaAcc: 0.0102, VaLoss:  4.64608	 MAP NN | Acc: 0.0000 | Loss: 4.6169
640,  0 | TrAcc: 0.0252, TrLoss:  4.49838, VaAcc: 0.0025, VaLoss:  4.65398	 MAP NN | Acc: 0.0025 | Loss: 4.6177
641,  0 | TrAcc: 0.0177, TrLoss:  4.48968, VaAcc: 0.0076, VaLoss:  4.61244	 MAP NN | Acc: 0.0025 | Loss: 4.6181
642,  0 | TrAcc: 0.0225, TrLoss:  4.51331, VaAcc: 0.0051, VaLoss:  4.63232	 MAP NN | Acc: 0.0025 | Loss: 4.6174
643,  0 | TrAcc: 0.0170, TrLoss:  4.49966, VaAcc: 0.0102, VaLoss:  4.64326	 MAP NN | Acc: 0.0025 | Loss: 4.6162
644,  0 | TrAcc: 0.0211, TrLoss:  4.50626, VaAcc: 0.0051, VaLoss:  4.63669	 MAP NN | Acc: 0.0025 | Loss: 4.6171
645,  0 | TrAcc: 0.0238, TrLoss:  4.51522, VaAcc: 0.0203, VaLoss:  4.65252	 MAP NN | Acc: 0.0000 | Loss: 4.6169
646,  0 | TrAcc: 0.0232, TrLoss:  4.48154, VaAcc: 0.0102, VaLoss:  4.62279	 MAP NN | Acc: 0.0000 | Loss: 4.6167
647,  0 | TrAcc: 0.0157, TrLoss:  4.50575, VaAcc: 0.0051, VaLoss:  4.61989	 MAP NN | Acc: 0.0000 | Loss: 4.6050
648,  0 | TrAcc: 0.0204, TrLoss:  4.50638, VaAcc: 0.0076, VaLoss:  4.63274	 MAP NN | Acc: 0.0025 | Loss: 4.6057
649,  0 | TrAcc: 0.0218, TrLoss:  4.50406, VaAcc: 0.0102, VaLoss:  4.65712	 MAP NN | Acc: 0.0025 | Loss: 4.6053
650,  0 | TrAcc: 0.0245, TrLoss:  4.48662, VaAcc: 0.0051, VaLoss:  4.65264	 MAP NN | Acc: 0.0025 | Loss: 4.6052
651,  0 | TrAcc: 0.0211, TrLoss:  4.47792, VaAcc: 0.0051, VaLoss:  4.65212	 MAP NN | Acc: 0.0025 | Loss: 4.6031
652,  0 | TrAcc: 0.0252, TrLoss:  4.48069, VaAcc: 0.0025, VaLoss:  4.61820	 MAP NN | Acc: 0.0025 | Loss: 4.6037
653,  0 | TrAcc: 0.0245, TrLoss:  4.46268, VaAcc: 0.0000, VaLoss:  4.68653	 MAP NN | Acc: 0.0025 | Loss: 4.5994
654,  0 | TrAcc: 0.0300, TrLoss:  4.47359, VaAcc: 0.0025, VaLoss:  4.59509	 MAP NN | Acc: 0.0025 | Loss: 4.5957
655,  0 | TrAcc: 0.0259, TrLoss:  4.47986, VaAcc: 0.0127, VaLoss:  4.60063	 MAP NN | Acc: 0.0000 | Loss: 4.5932
656,  0 | TrAcc: 0.0218, TrLoss:  4.49146, VaAcc: 0.0051, VaLoss:  4.58428	 MAP NN | Acc: 0.0000 | Loss: 4.5935
657,  0 | TrAcc: 0.0238, TrLoss:  4.52212, VaAcc: 0.0127, VaLoss:  4.57760	 MAP NN | Acc: 0.0000 | Loss: 4.5868
658,  0 | TrAcc: 0.0272, TrLoss:  4.44312, VaAcc: 0.0051, VaLoss:  4.65285	 MAP NN | Acc: 0.0000 | Loss: 4.5852
659,  0 | TrAcc: 0.0266, TrLoss:  4.48904, VaAcc: 0.0051, VaLoss:  4.62888	 MAP NN | Acc: 0.0000 | Loss: 4.5867
660,  0 | TrAcc: 0.0245, TrLoss:  4.46384, VaAcc: 0.0076, VaLoss:  4.66318	 MAP NN | Acc: 0.0000 | Loss: 4.5755
661,  0 | TrAcc: 0.0184, TrLoss:  4.48438, VaAcc: 0.0178, VaLoss:  4.60442	 MAP NN | Acc: 0.0025 | Loss: 4.5702
662,  0 | TrAcc: 0.0266, TrLoss:  4.43946, VaAcc: 0.0051, VaLoss:  4.64790	 MAP NN | Acc: 0.0025 | Loss: 4.5732
663,  0 | TrAcc: 0.0218, TrLoss:  4.49914, VaAcc: 0.0051, VaLoss:  4.61364	 MAP NN | Acc: 0.0025 | Loss: 4.5653
664,  0 | TrAcc: 0.0232, TrLoss:  4.49223, VaAcc: 0.0025, VaLoss:  4.64796	 MAP NN | Acc: 0.0025 | Loss: 4.5660
665,  0 | TrAcc: 0.0232, TrLoss:  4.49734, VaAcc: 0.0152, VaLoss:  4.61916	 MAP NN | Acc: 0.0025 | Loss: 4.5647
666,  0 | TrAcc: 0.0211, TrLoss:  4.49033, VaAcc: 0.0076, VaLoss:  4.61286	 MAP NN | Acc: 0.0025 | Loss: 4.5630
667,  0 | TrAcc: 0.0211, TrLoss:  4.45054, VaAcc: 0.0152, VaLoss:  4.61216	 MAP NN | Acc: 0.0025 | Loss: 4.5613
668,  0 | TrAcc: 0.0245, TrLoss:  4.47685, VaAcc: 0.0076, VaLoss:  4.63714	 MAP NN | Acc: 0.0076 | Loss: 4.5596
669,  0 | TrAcc: 0.0252, TrLoss:  4.46102, VaAcc: 0.0051, VaLoss:  4.62743	 MAP NN | Acc: 0.0076 | Loss: 4.5609
670,  0 | TrAcc: 0.0232, TrLoss:  4.47300, VaAcc: 0.0076, VaLoss:  4.58018	 MAP NN | Acc: 0.0076 | Loss: 4.5558
671,  0 | TrAcc: 0.0218, TrLoss:  4.48562, VaAcc: 0.0025, VaLoss:  4.63491	 MAP NN | Acc: 0.0076 | Loss: 4.5555
672,  0 | TrAcc: 0.0266, TrLoss:  4.46621, VaAcc: 0.0178, VaLoss:  4.57643	 MAP NN | Acc: 0.0076 | Loss: 4.5561
673,  0 | TrAcc: 0.0177, TrLoss:  4.47407, VaAcc: 0.0127, VaLoss:  4.60944	 MAP NN | Acc: 0.0102 | Loss: 4.5531
674,  0 | TrAcc: 0.0245, TrLoss:  4.46811, VaAcc: 0.0102, VaLoss:  4.62845	 MAP NN | Acc: 0.0102 | Loss: 4.5527
675,  0 | TrAcc: 0.0279, TrLoss:  4.49906, VaAcc: 0.0102, VaLoss:  4.63578	 MAP NN | Acc: 0.0076 | Loss: 4.5533
676,  0 | TrAcc: 0.0218, TrLoss:  4.46850, VaAcc: 0.0178, VaLoss:  4.58915	 MAP NN | Acc: 0.0076 | Loss: 4.5476
677,  0 | TrAcc: 0.0245, TrLoss:  4.47362, VaAcc: 0.0000, VaLoss:  4.63564	 MAP NN | Acc: 0.0102 | Loss: 4.5465
678,  0 | TrAcc: 0.0307, TrLoss:  4.46128, VaAcc: 0.0102, VaLoss:  4.59698	 MAP NN | Acc: 0.0127 | Loss: 4.5455
679,  0 | TrAcc: 0.0347, TrLoss:  4.44140, VaAcc: 0.0076, VaLoss:  4.59713	 MAP NN | Acc: 0.0127 | Loss: 4.5464
680,  0 | TrAcc: 0.0191, TrLoss:  4.48925, VaAcc: 0.0025, VaLoss:  4.63843	 MAP NN | Acc: 0.0152 | Loss: 4.5448
681,  0 | TrAcc: 0.0266, TrLoss:  4.44532, VaAcc: 0.0127, VaLoss:  4.58395	 MAP NN | Acc: 0.0152 | Loss: 4.5428
682,  0 | TrAcc: 0.0347, TrLoss:  4.41285, VaAcc: 0.0051, VaLoss:  4.62361	 MAP NN | Acc: 0.0152 | Loss: 4.5417
683,  0 | TrAcc: 0.0327, TrLoss:  4.47503, VaAcc: 0.0076, VaLoss:  4.62196	 MAP NN | Acc: 0.0152 | Loss: 4.5416
684,  0 | TrAcc: 0.0232, TrLoss:  4.44599, VaAcc: 0.0051, VaLoss:  4.62317	 MAP NN | Acc: 0.0102 | Loss: 4.5411
685,  0 | TrAcc: 0.0191, TrLoss:  4.50561, VaAcc: 0.0102, VaLoss:  4.59193	 MAP NN | Acc: 0.0102 | Loss: 4.5382
686,  0 | TrAcc: 0.0245, TrLoss:  4.47714, VaAcc: 0.0152, VaLoss:  4.57692	 MAP NN | Acc: 0.0127 | Loss: 4.5326
687,  0 | TrAcc: 0.0211, TrLoss:  4.47305, VaAcc: 0.0025, VaLoss:  4.58509	 MAP NN | Acc: 0.0102 | Loss: 4.5321
688,  0 | TrAcc: 0.0293, TrLoss:  4.41962, VaAcc: 0.0076, VaLoss:  4.59459	 MAP NN | Acc: 0.0102 | Loss: 4.5317
689,  0 | TrAcc: 0.0245, TrLoss:  4.43981, VaAcc: 0.0076, VaLoss:  4.63895	 MAP NN | Acc: 0.0102 | Loss: 4.5316
690,  0 | TrAcc: 0.0259, TrLoss:  4.46483, VaAcc: 0.0025, VaLoss:  4.62106	 MAP NN | Acc: 0.0102 | Loss: 4.5305
691,  0 | TrAcc: 0.0238, TrLoss:  4.47258, VaAcc: 0.0228, VaLoss:  4.58609	 MAP NN | Acc: 0.0102 | Loss: 4.5303
692,  0 | TrAcc: 0.0225, TrLoss:  4.47293, VaAcc: 0.0025, VaLoss:  4.67201	 MAP NN | Acc: 0.0076 | Loss: 4.5300
693,  0 | TrAcc: 0.0232, TrLoss:  4.43449, VaAcc: 0.0178, VaLoss:  4.59279	 MAP NN | Acc: 0.0076 | Loss: 4.5302
694,  0 | TrAcc: 0.0286, TrLoss:  4.45290, VaAcc: 0.0076, VaLoss:  4.63654	 MAP NN | Acc: 0.0076 | Loss: 4.5265
695,  0 | TrAcc: 0.0313, TrLoss:  4.39451, VaAcc: 0.0025, VaLoss:  4.57624	 MAP NN | Acc: 0.0076 | Loss: 4.5233
696,  0 | TrAcc: 0.0313, TrLoss:  4.45532, VaAcc: 0.0102, VaLoss:  4.60545	 MAP NN | Acc: 0.0076 | Loss: 4.5254
697,  0 | TrAcc: 0.0341, TrLoss:  4.43001, VaAcc: 0.0102, VaLoss:  4.59271	 MAP NN | Acc: 0.0076 | Loss: 4.5270
698,  0 | TrAcc: 0.0320, TrLoss:  4.39180, VaAcc: 0.0152, VaLoss:  4.57135	 MAP NN | Acc: 0.0076 | Loss: 4.5269
699,  0 | TrAcc: 0.0272, TrLoss:  4.42666, VaAcc: 0.0254, VaLoss:  4.57921	 MAP NN | Acc: 0.0076 | Loss: 4.5209
700,  0 | TrAcc: 0.0266, TrLoss:  4.43867, VaAcc: 0.0051, VaLoss:  4.59595	 MAP NN | Acc: 0.0102 | Loss: 4.5268
701,  0 | TrAcc: 0.0218, TrLoss:  4.43355, VaAcc: 0.0152, VaLoss:  4.54258	 MAP NN | Acc: 0.0102 | Loss: 4.5245
702,  0 | TrAcc: 0.0232, TrLoss:  4.42161, VaAcc: 0.0076, VaLoss:  4.62144	 MAP NN | Acc: 0.0076 | Loss: 4.5242
703,  0 | TrAcc: 0.0300, TrLoss:  4.43805, VaAcc: 0.0076, VaLoss:  4.62554	 MAP NN | Acc: 0.0102 | Loss: 4.5087
704,  0 | TrAcc: 0.0259, TrLoss:  4.41130, VaAcc: 0.0025, VaLoss:  4.62079	 MAP NN | Acc: 0.0051 | Loss: 4.5063
705,  0 | TrAcc: 0.0354, TrLoss:  4.38574, VaAcc: 0.0127, VaLoss:  4.62544	 MAP NN | Acc: 0.0076 | Loss: 4.5056
706,  0 | TrAcc: 0.0286, TrLoss:  4.38500, VaAcc: 0.0102, VaLoss:  4.54573	 MAP NN | Acc: 0.0076 | Loss: 4.4993
707,  0 | TrAcc: 0.0266, TrLoss:  4.37856, VaAcc: 0.0102, VaLoss:  4.60693	 MAP NN | Acc: 0.0076 | Loss: 4.5025
708,  0 | TrAcc: 0.0300, TrLoss:  4.42401, VaAcc: 0.0102, VaLoss:  4.60942	 MAP NN | Acc: 0.0076 | Loss: 4.5038
709,  0 | TrAcc: 0.0211, TrLoss:  4.42712, VaAcc: 0.0127, VaLoss:  4.60575	 MAP NN | Acc: 0.0076 | Loss: 4.4981
710,  0 | TrAcc: 0.0307, TrLoss:  4.41024, VaAcc: 0.0051, VaLoss:  4.50335	 MAP NN | Acc: 0.0051 | Loss: 4.4983
711,  0 | TrAcc: 0.0327, TrLoss:  4.37493, VaAcc: 0.0025, VaLoss:  4.60668	 MAP NN | Acc: 0.0051 | Loss: 4.4905
712,  0 | TrAcc: 0.0266, TrLoss:  4.40721, VaAcc: 0.0127, VaLoss:  4.54284	 MAP NN | Acc: 0.0051 | Loss: 4.4864
713,  0 | TrAcc: 0.0170, TrLoss:  4.44858, VaAcc: 0.0178, VaLoss:  4.59538	 MAP NN | Acc: 0.0102 | Loss: 4.4821
714,  0 | TrAcc: 0.0259, TrLoss:  4.42566, VaAcc: 0.0102, VaLoss:  4.56789	 MAP NN | Acc: 0.0102 | Loss: 4.4832
715,  0 | TrAcc: 0.0252, TrLoss:  4.42566, VaAcc: 0.0076, VaLoss:  4.53579	 MAP NN | Acc: 0.0127 | Loss: 4.4820
716,  0 | TrAcc: 0.0266, TrLoss:  4.40779, VaAcc: 0.0076, VaLoss:  4.52070	 MAP NN | Acc: 0.0102 | Loss: 4.4821
717,  0 | TrAcc: 0.0279, TrLoss:  4.38825, VaAcc: 0.0127, VaLoss:  4.51525	 MAP NN | Acc: 0.0102 | Loss: 4.4898
718,  0 | TrAcc: 0.0313, TrLoss:  4.38188, VaAcc: 0.0178, VaLoss:  4.57088	 MAP NN | Acc: 0.0102 | Loss: 4.4900
719,  0 | TrAcc: 0.0211, TrLoss:  4.46190, VaAcc: 0.0102, VaLoss:  4.58169	 MAP NN | Acc: 0.0102 | Loss: 4.4846
720,  0 | TrAcc: 0.0307, TrLoss:  4.39954, VaAcc: 0.0102, VaLoss:  4.56440	 MAP NN | Acc: 0.0102 | Loss: 4.4845
721,  0 | TrAcc: 0.0313, TrLoss:  4.43076, VaAcc: 0.0102, VaLoss:  4.57975	 MAP NN | Acc: 0.0127 | Loss: 4.4749
722,  0 | TrAcc: 0.0279, TrLoss:  4.37639, VaAcc: 0.0127, VaLoss:  4.55212	 MAP NN | Acc: 0.0152 | Loss: 4.4718
723,  0 | TrAcc: 0.0252, TrLoss:  4.41171, VaAcc: 0.0076, VaLoss:  4.54451	 MAP NN | Acc: 0.0152 | Loss: 4.4716
724,  0 | TrAcc: 0.0218, TrLoss:  4.42721, VaAcc: 0.0102, VaLoss:  4.58171	 MAP NN | Acc: 0.0102 | Loss: 4.4782
725,  0 | TrAcc: 0.0354, TrLoss:  4.39417, VaAcc: 0.0076, VaLoss:  4.56732	 MAP NN | Acc: 0.0127 | Loss: 4.4730
726,  0 | TrAcc: 0.0245, TrLoss:  4.37062, VaAcc: 0.0076, VaLoss:  4.54727	 MAP NN | Acc: 0.0127 | Loss: 4.4734
727,  0 | TrAcc: 0.0368, TrLoss:  4.38827, VaAcc: 0.0076, VaLoss:  4.56975	 MAP NN | Acc: 0.0076 | Loss: 4.4690
728,  0 | TrAcc: 0.0354, TrLoss:  4.39052, VaAcc: 0.0102, VaLoss:  4.61922	 MAP NN | Acc: 0.0076 | Loss: 4.4683
729,  0 | TrAcc: 0.0204, TrLoss:  4.40177, VaAcc: 0.0102, VaLoss:  4.53025	 MAP NN | Acc: 0.0127 | Loss: 4.4544
730,  0 | TrAcc: 0.0422, TrLoss:  4.36513, VaAcc: 0.0127, VaLoss:  4.55003	 MAP NN | Acc: 0.0127 | Loss: 4.4629
731,  0 | TrAcc: 0.0327, TrLoss:  4.41351, VaAcc: 0.0127, VaLoss:  4.54388	 MAP NN | Acc: 0.0127 | Loss: 4.4641
732,  0 | TrAcc: 0.0334, TrLoss:  4.33137, VaAcc: 0.0127, VaLoss:  4.53790	 MAP NN | Acc: 0.0127 | Loss: 4.4623
733,  0 | TrAcc: 0.0381, TrLoss:  4.38513, VaAcc: 0.0102, VaLoss:  4.54461	 MAP NN | Acc: 0.0102 | Loss: 4.4583
734,  0 | TrAcc: 0.0272, TrLoss:  4.38820, VaAcc: 0.0102, VaLoss:  4.50945	 MAP NN | Acc: 0.0127 | Loss: 4.4529
735,  0 | TrAcc: 0.0341, TrLoss:  4.36475, VaAcc: 0.0152, VaLoss:  4.48640	 MAP NN | Acc: 0.0102 | Loss: 4.4521
736,  0 | TrAcc: 0.0347, TrLoss:  4.39245, VaAcc: 0.0102, VaLoss:  4.51978	 MAP NN | Acc: 0.0076 | Loss: 4.4507
737,  0 | TrAcc: 0.0347, TrLoss:  4.35639, VaAcc: 0.0127, VaLoss:  4.52215	 MAP NN | Acc: 0.0127 | Loss: 4.4482
738,  0 | TrAcc: 0.0286, TrLoss:  4.40192, VaAcc: 0.0127, VaLoss:  4.58311	 MAP NN | Acc: 0.0127 | Loss: 4.4458
739,  0 | TrAcc: 0.0395, TrLoss:  4.35666, VaAcc: 0.0076, VaLoss:  4.56586	 MAP NN | Acc: 0.0127 | Loss: 4.4467
740,  0 | TrAcc: 0.0368, TrLoss:  4.34362, VaAcc: 0.0127, VaLoss:  4.49000	 MAP NN | Acc: 0.0076 | Loss: 4.4482
741,  0 | TrAcc: 0.0272, TrLoss:  4.43922, VaAcc: 0.0051, VaLoss:  4.59196	 MAP NN | Acc: 0.0102 | Loss: 4.4405
742,  0 | TrAcc: 0.0341, TrLoss:  4.36517, VaAcc: 0.0152, VaLoss:  4.55282	 MAP NN | Acc: 0.0102 | Loss: 4.4501
743,  0 | TrAcc: 0.0307, TrLoss:  4.34680, VaAcc: 0.0127, VaLoss:  4.53712	 MAP NN | Acc: 0.0076 | Loss: 4.4518
744,  0 | TrAcc: 0.0354, TrLoss:  4.37097, VaAcc: 0.0102, VaLoss:  4.47221	 MAP NN | Acc: 0.0076 | Loss: 4.4492
745,  0 | TrAcc: 0.0334, TrLoss:  4.33728, VaAcc: 0.0228, VaLoss:  4.57164	 MAP NN | Acc: 0.0051 | Loss: 4.4497
746,  0 | TrAcc: 0.0381, TrLoss:  4.37535, VaAcc: 0.0051, VaLoss:  4.47774	 MAP NN | Acc: 0.0051 | Loss: 4.4460
747,  0 | TrAcc: 0.0307, TrLoss:  4.33973, VaAcc: 0.0102, VaLoss:  4.56310	 MAP NN | Acc: 0.0076 | Loss: 4.4461
748,  0 | TrAcc: 0.0341, TrLoss:  4.32322, VaAcc: 0.0076, VaLoss:  4.55323	 MAP NN | Acc: 0.0076 | Loss: 4.4479
749,  0 | TrAcc: 0.0307, TrLoss:  4.36126, VaAcc: 0.0152, VaLoss:  4.55387	 MAP NN | Acc: 0.0076 | Loss: 4.4471
750,  0 | TrAcc: 0.0279, TrLoss:  4.41640, VaAcc: 0.0127, VaLoss:  4.52364	 MAP NN | Acc: 0.0076 | Loss: 4.4342
751,  0 | TrAcc: 0.0272, TrLoss:  4.38026, VaAcc: 0.0254, VaLoss:  4.49622	 MAP NN | Acc: 0.0051 | Loss: 4.4435
752,  0 | TrAcc: 0.0409, TrLoss:  4.32587, VaAcc: 0.0076, VaLoss:  4.50249	 MAP NN | Acc: 0.0051 | Loss: 4.4375
753,  0 | TrAcc: 0.0313, TrLoss:  4.37207, VaAcc: 0.0102, VaLoss:  4.49853	 MAP NN | Acc: 0.0051 | Loss: 4.4382
754,  0 | TrAcc: 0.0347, TrLoss:  4.34779, VaAcc: 0.0102, VaLoss:  4.48751	 MAP NN | Acc: 0.0076 | Loss: 4.4367
755,  0 | TrAcc: 0.0327, TrLoss:  4.32160, VaAcc: 0.0051, VaLoss:  4.50971	 MAP NN | Acc: 0.0025 | Loss: 4.4266
756,  0 | TrAcc: 0.0232, TrLoss:  4.40380, VaAcc: 0.0203, VaLoss:  4.50797	 MAP NN | Acc: 0.0051 | Loss: 4.4211
757,  0 | TrAcc: 0.0381, TrLoss:  4.34418, VaAcc: 0.0102, VaLoss:  4.51649	 MAP NN | Acc: 0.0051 | Loss: 4.4141
758,  0 | TrAcc: 0.0347, TrLoss:  4.29169, VaAcc: 0.0127, VaLoss:  4.49459	 MAP NN | Acc: 0.0051 | Loss: 4.4077
759,  0 | TrAcc: 0.0388, TrLoss:  4.36201, VaAcc: 0.0076, VaLoss:  4.50885	 MAP NN | Acc: 0.0051 | Loss: 4.3979
760,  0 | TrAcc: 0.0307, TrLoss:  4.36207, VaAcc: 0.0051, VaLoss:  4.52072	 MAP NN | Acc: 0.0051 | Loss: 4.3957
761,  0 | TrAcc: 0.0307, TrLoss:  4.34119, VaAcc: 0.0127, VaLoss:  4.55263	 MAP NN | Acc: 0.0051 | Loss: 4.3930
762,  0 | TrAcc: 0.0313, TrLoss:  4.32587, VaAcc: 0.0102, VaLoss:  4.53782	 MAP NN | Acc: 0.0051 | Loss: 4.3929
763,  0 | TrAcc: 0.0395, TrLoss:  4.38326, VaAcc: 0.0051, VaLoss:  4.53589	 MAP NN | Acc: 0.0051 | Loss: 4.3910
764,  0 | TrAcc: 0.0095, TrLoss:      nan, VaAcc: 0.0228, VaLoss:      nan	 MAP NN | Acc: 0.0051 | Loss: 4.3976
765,  0 | TrAcc: 0.0095, TrLoss:      nan, VaAcc: 0.0228, VaLoss:      nan	 MAP NN | Acc: 0.0228 | Loss:    nan
766,  0 | TrAcc: 0.0095, TrLoss:      nan, VaAcc: 0.0228, VaLoss:      nan	 MAP NN | Acc: 0.0228 | Loss:    nan
767,  0 | TrAcc: 0.0095, TrLoss:      nan, VaAcc: 0.0228, VaLoss:      nan	 MAP NN | Acc: 0.0228 | Loss:    nan
768,  0 | TrAcc: 0.0095, TrLoss:      nan, VaAcc: 0.0228, VaLoss:      nan	 MAP NN | Acc: 0.0228 | Loss:    nan
769,  0 | TrAcc: 0.0095, TrLoss:      nan, VaAcc: 0.0228, VaLoss:      nan	 MAP NN | Acc: 0.0228 | Loss:    nan
770,  0 | TrAcc: 0.0095, TrLoss:      nan, VaAcc: 0.0228, VaLoss:      nan	 MAP NN | Acc: 0.0228 | Loss:    nan
771,  0 | TrAcc: 0.0095, TrLoss:      nan, VaAcc: 0.0228, VaLoss:      nan	 MAP NN | Acc: 0.0228 | Loss:    nan
772,  0 | TrAcc: 0.0095, TrLoss:      nan, VaAcc: 0.0228, VaLoss:      nan	 MAP NN | Acc: 0.0228 | Loss:    nan
773,  0 | TrAcc: 0.0095, TrLoss:      nan, VaAcc: 0.0228, VaLoss:      nan	 MAP NN | Acc: 0.0228 | Loss:    nan
774,  0 | TrAcc: 0.0095, TrLoss:      nan, VaAcc: 0.0228, VaLoss:      nan	 MAP NN | Acc: 0.0228 | Loss:    nan
775,  0 | TrAcc: 0.0095, TrLoss:      nan, VaAcc: 0.0228, VaLoss:      nan	 MAP NN | Acc: 0.0228 | Loss:    nan
776,  0 | TrAcc: 0.0095, TrLoss:      nan, VaAcc: 0.0228, VaLoss:      nan	 MAP NN | Acc: 0.0228 | Loss:    nan
777,  0 | TrAcc: 0.0095, TrLoss:      nan, VaAcc: 0.0228, VaLoss:      nan	 MAP NN | Acc: 0.0228 | Loss:    nan
778,  0 | TrAcc: 0.0095, TrLoss:      nan, VaAcc: 0.0228, VaLoss:      nan	 MAP NN | Acc: 0.0228 | Loss:    nan
779,  0 | TrAcc: 0.0095, TrLoss:      nan, VaAcc: 0.0228, VaLoss:      nan	 MAP NN | Acc: 0.0228 | Loss:    nan
780,  0 | TrAcc: 0.0095, TrLoss:      nan, VaAcc: 0.0228, VaLoss:      nan	 MAP NN | Acc: 0.0228 | Loss:    nan
781,  0 | TrAcc: 0.0095, TrLoss:      nan, VaAcc: 0.0228, VaLoss:      nan	 MAP NN | Acc: 0.0228 | Loss:    nan
782,  0 | TrAcc: 0.0095, TrLoss:      nan, VaAcc: 0.0228, VaLoss:      nan	 MAP NN | Acc: 0.0228 | Loss:    nan
783,  0 | TrAcc: 0.0095, TrLoss:      nan, VaAcc: 0.0228, VaLoss:      nan	 MAP NN | Acc: 0.0228 | Loss:    nan
784,  0 | TrAcc: 0.0095, TrLoss:      nan, VaAcc: 0.0228, VaLoss:      nan	 MAP NN | Acc: 0.0228 | Loss:    nan
785,  0 | TrAcc: 0.0095, TrLoss:      nan, VaAcc: 0.0228, VaLoss:      nan	 MAP NN | Acc: 0.0228 | Loss:    nan
786,  0 | TrAcc: 0.0095, TrLoss:      nan, VaAcc: 0.0228, VaLoss:      nan	 MAP NN | Acc: 0.0228 | Loss:    nan
787,  0 | TrAcc: 0.0095, TrLoss:      nan, VaAcc: 0.0228, VaLoss:      nan	 MAP NN | Acc: 0.0228 | Loss:    nan
788,  0 | TrAcc: 0.0095, TrLoss:      nan, VaAcc: 0.0228, VaLoss:      nan	 MAP NN | Acc: 0.0228 | Loss:    nan
789,  0 | TrAcc: 0.0095, TrLoss:      nan, VaAcc: 0.0228, VaLoss:      nan	 MAP NN | Acc: 0.0228 | Loss:    nan
790,  0 | TrAcc: 0.0095, TrLoss:      nan, VaAcc: 0.0228, VaLoss:      nan	 MAP NN | Acc: 0.0228 | Loss:    nan
791,  0 | TrAcc: 0.0095, TrLoss:      nan, VaAcc: 0.0228, VaLoss:      nan	 MAP NN | Acc: 0.0228 | Loss:    nan
792,  0 | TrAcc: 0.0095, TrLoss:      nan, VaAcc: 0.0228, VaLoss:      nan	 MAP NN | Acc: 0.0228 | Loss:    nan
793,  0 | TrAcc: 0.0095, TrLoss:      nan, VaAcc: 0.0228, VaLoss:      nan	 MAP NN | Acc: 0.0228 | Loss:    nan
794,  0 | TrAcc: 0.0095, TrLoss:      nan, VaAcc: 0.0228, VaLoss:      nan	 MAP NN | Acc: 0.0228 | Loss:    nan
795,  0 | TrAcc: 0.0095, TrLoss:      nan, VaAcc: 0.0228, VaLoss:      nan	 MAP NN | Acc: 0.0228 | Loss:    nan
796,  0 | TrAcc: 0.0095, TrLoss:      nan, VaAcc: 0.0228, VaLoss:      nan	 MAP NN | Acc: 0.0228 | Loss:    nan
797,  0 | TrAcc: 0.0095, TrLoss:      nan, VaAcc: 0.0228, VaLoss:      nan	 MAP NN | Acc: 0.0228 | Loss:    nan
798,  0 | TrAcc: 0.0095, TrLoss:      nan, VaAcc: 0.0228, VaLoss:      nan	 MAP NN | Acc: 0.0228 | Loss:    nan
799,  0 | TrAcc: 0.0095, TrLoss:      nan, VaAcc: 0.0228, VaLoss:      nan	 MAP NN | Acc: 0.0228 | Loss:    nan
800,  0 | TrAcc: 0.0095, TrLoss:      nan, VaAcc: 0.0228, VaLoss:      nan	 MAP NN | Acc: 0.0228 | Loss:    nan
