
=============================
CONFIG FILE

RNN CONFIG
{'data_multiplier': 10.0,
 'gradient_clip_value': 0.5,
 'layer_configs': [{'layer_type': 'input'},
                   {'bc': {'init_m': 'xavier',
                           'init_v': -4.5,
                           'prior_m': 0.0,
                           'prior_v': 0.0,
                           'type': 'continuous'},
                    'bf': {'init_m': 'xavier',
                           'init_v': -4.5,
                           'prior_m': 0.0,
                           'prior_v': 0.0,
                           'type': 'continuous'},
                    'bi': {'init_m': 'xavier',
                           'init_v': -4.5,
                           'prior_m': 0.0,
                           'prior_v': 0.0,
                           'type': 'continuous'},
                    'bo': {'init_m': 'xavier',
                           'init_v': -4.5,
                           'prior_m': 0.0,
                           'prior_v': 0.0,
                           'type': 'continuous'},
                    'init_config': {'c': {'b': 'all_zero', 'w': 'xavier'},
                                    'f': {'b': 'all_one', 'w': 'all_zero'},
                                    'i': {'b': 'all_zero', 'w': 'xavier'},
                                    'o': {'b': 'all_zero', 'w': 'xavier'}},
                    'is_output': False,
                    'is_recurrent': True,
                    'layer_type': 'lstm',
                    'tau': 1.0,
                    'var_scope': 'lstm_0',
                    'wc': {'beta_reg': 6e-06,
                           'pmax': 0.9,
                           'pmin': -0.9,
                           'priors': [0.5, 0.5],
                           'type': 'binary'},
                    'wf': {'beta_reg': 6e-06,
                           'pmax': 0.9,
                           'pmin': -0.9,
                           'priors': [0.5, 0.5],
                           'type': 'binary'},
                    'wi': {'beta_reg': 6e-06,
                           'pmax': 0.9,
                           'pmin': -0.9,
                           'priors': [0.5, 0.5],
                           'type': 'binary'},
                    'wo': {'beta_reg': 6e-06,
                           'pmax': 0.9,
                           'pmin': -0.9,
                           'priors': [0.5, 0.5],
                           'type': 'binary'}},
                   {'bc': {'init_m': 'xavier',
                           'init_v': -4.5,
                           'prior_m': 0.0,
                           'prior_v': 0.0,
                           'type': 'continuous'},
                    'bf': {'init_m': 'xavier',
                           'init_v': -4.5,
                           'prior_m': 0.0,
                           'prior_v': 0.0,
                           'type': 'continuous'},
                    'bi': {'init_m': 'xavier',
                           'init_v': -4.5,
                           'prior_m': 0.0,
                           'prior_v': 0.0,
                           'type': 'continuous'},
                    'bo': {'init_m': 'xavier',
                           'init_v': -4.5,
                           'prior_m': 0.0,
                           'prior_v': 0.0,
                           'type': 'continuous'},
                    'init_config': {'c': {'b': 'all_zero', 'w': 'xavier'},
                                    'f': {'b': 'all_one', 'w': 'all_zero'},
                                    'i': {'b': 'all_zero', 'w': 'xavier'},
                                    'o': {'b': 'all_zero', 'w': 'xavier'}},
                    'is_output': False,
                    'is_recurrent': True,
                    'layer_type': 'lstm',
                    'tau': 1.0,
                    'var_scope': 'lstm_1',
                    'wc': {'beta_reg': 6e-06,
                           'pmax': 0.9,
                           'pmin': -0.9,
                           'priors': [0.5, 0.5],
                           'type': 'binary'},
                    'wf': {'beta_reg': 6e-06,
                           'pmax': 0.9,
                           'pmin': -0.9,
                           'priors': [0.5, 0.5],
                           'type': 'binary'},
                    'wi': {'beta_reg': 6e-06,
                           'pmax': 0.9,
                           'pmin': -0.9,
                           'priors': [0.5, 0.5],
                           'type': 'binary'},
                    'wo': {'beta_reg': 6e-06,
                           'pmax': 0.9,
                           'pmin': -0.9,
                           'priors': [0.5, 0.5],
                           'type': 'binary'}},
                   {'b': {'init_m': 'xavier',
                          'init_v': -4.5,
                          'prior_m': 0.0,
                          'prior_v': 0.0,
                          'type': 'continuous'},
                    'is_output': True,
                    'is_recurrent': False,
                    'layer_type': 'fc',
                    'regularization': {'mode': None, 'strength': 0.02},
                    'tau': 1.0,
                    'var_scope': 'output_layer',
                    'w': {'beta_reg': 6e-06,
                          'pmax': 0.9,
                          'pmin': -0.9,
                          'priors': [0.5, 0.5],
                          'type': 'binary'}}],
 'layout': [4, 60, 60, 10],
 'output_type': 'classification'}

DATA CONFIG
{'dataset': 'red_penstroke',
 'tr': {'in_seq_len': 30,
        'minibatch_enabled': True,
        'minibatch_size': 1000,
        'out_seq_len': 5,
        'zero_padding': 20},
 'va': {'in_seq_len': 30,
        'minibatch_enabled': True,
        'minibatch_size': 1000,
        'out_seq_len': 5,
        'zero_padding': 20}}

TRAINING CONFIG
{'is_pretrain': False,
 'learning_rate': 0.001,
 'max_epochs': 200,
 'mode': {'max_epochs': 100, 'min_error': 0.0, 'name': 'classic'},
 'task_id': 3,
 'type': 'g_sampling',
 'v_loss': 0.0}
==============================


pretraning is over
  0,  0 | TrAcc: 0.1036, TrLoss:  4.90145, VaAcc: 0.1051, VaLoss:  4.97566	 10 sampled NNs | VaAcc: 0.1045 +- 0.0054 | VaLoss: 4.3208 +- 0.1255
  1,  0 | TrAcc: 0.1047, TrLoss:  4.88685, VaAcc: 0.1036, VaLoss:  4.91516	 10 sampled NNs | VaAcc: 0.1037 +- 0.0085 | VaLoss: 4.3723 +- 0.2817
  2,  0 | TrAcc: 0.1080, TrLoss:  4.88998, VaAcc: 0.1072, VaLoss:  4.94586	 10 sampled NNs | VaAcc: 0.1056 +- 0.0103 | VaLoss: 4.3339 +- 0.1766
  3,  0 | TrAcc: 0.1070, TrLoss:  4.85884, VaAcc: 0.1068, VaLoss:  4.90872	 10 sampled NNs | VaAcc: 0.1095 +- 0.0063 | VaLoss: 4.4449 +- 0.2631
  4,  0 | TrAcc: 0.1110, TrLoss:  4.83847, VaAcc: 0.1113, VaLoss:  4.92356	 10 sampled NNs | VaAcc: 0.1130 +- 0.0060 | VaLoss: 4.3163 +- 0.1397
  5,  0 | TrAcc: 0.1115, TrLoss:  4.81153, VaAcc: 0.1112, VaLoss:  4.91280	 10 sampled NNs | VaAcc: 0.1097 +- 0.0093 | VaLoss: 4.3679 +- 0.1768
  6,  0 | TrAcc: 0.1135, TrLoss:  4.83945, VaAcc: 0.1147, VaLoss:  4.85770	 10 sampled NNs | VaAcc: 0.1172 +- 0.0081 | VaLoss: 4.3461 +- 0.1921
  7,  0 | TrAcc: 0.1145, TrLoss:  4.82447, VaAcc: 0.1148, VaLoss:  4.93522	 10 sampled NNs | VaAcc: 0.1141 +- 0.0077 | VaLoss: 4.3169 +- 0.1734
  8,  0 | TrAcc: 0.1165, TrLoss:  4.80989, VaAcc: 0.1139, VaLoss:  4.92374	 10 sampled NNs | VaAcc: 0.1209 +- 0.0088 | VaLoss: 4.3676 +- 0.1508
  9,  0 | TrAcc: 0.1159, TrLoss:  4.78599, VaAcc: 0.1164, VaLoss:  4.89992	 10 sampled NNs | VaAcc: 0.1153 +- 0.0069 | VaLoss: 4.4259 +- 0.1881
 10,  0 | TrAcc: 0.1176, TrLoss:  4.77640, VaAcc: 0.1168, VaLoss:  4.86833	 10 sampled NNs | VaAcc: 0.1190 +- 0.0044 | VaLoss: 4.4273 +- 0.1523
 11,  0 | TrAcc: 0.1191, TrLoss:  4.78056, VaAcc: 0.1185, VaLoss:  4.89001	 10 sampled NNs | VaAcc: 0.1212 +- 0.0090 | VaLoss: 4.4017 +- 0.1505
 12,  0 | TrAcc: 0.1179, TrLoss:  4.78198, VaAcc: 0.1192, VaLoss:  4.83932	 10 sampled NNs | VaAcc: 0.1187 +- 0.0075 | VaLoss: 4.4727 +- 0.1604
 13,  0 | TrAcc: 0.1186, TrLoss:  4.78959, VaAcc: 0.1158, VaLoss:  4.89882	 10 sampled NNs | VaAcc: 0.1206 +- 0.0111 | VaLoss: 4.4763 +- 0.2021
 14,  0 | TrAcc: 0.1198, TrLoss:  4.77944, VaAcc: 0.1163, VaLoss:  4.88574	 10 sampled NNs | VaAcc: 0.1229 +- 0.0071 | VaLoss: 4.3734 +- 0.1609
 15,  0 | TrAcc: 0.1195, TrLoss:  4.76316, VaAcc: 0.1211, VaLoss:  4.84996	 10 sampled NNs | VaAcc: 0.1188 +- 0.0032 | VaLoss: 4.4349 +- 0.1645
 16,  0 | TrAcc: 0.1213, TrLoss:  4.76211, VaAcc: 0.1193, VaLoss:  4.89704	 10 sampled NNs | VaAcc: 0.1219 +- 0.0106 | VaLoss: 4.3715 +- 0.1238
 17,  0 | TrAcc: 0.1208, TrLoss:  4.77175, VaAcc: 0.1221, VaLoss:  4.82567	 10 sampled NNs | VaAcc: 0.1206 +- 0.0061 | VaLoss: 4.3636 +- 0.1224
 18,  0 | TrAcc: 0.1219, TrLoss:  4.77698, VaAcc: 0.1201, VaLoss:  4.87702	 10 sampled NNs | VaAcc: 0.1248 +- 0.0057 | VaLoss: 4.4078 +- 0.1475
 19,  0 | TrAcc: 0.1215, TrLoss:  4.77974, VaAcc: 0.1201, VaLoss:  4.85207	 10 sampled NNs | VaAcc: 0.1239 +- 0.0103 | VaLoss: 4.3653 +- 0.1606
 20,  0 | TrAcc: 0.1235, TrLoss:  4.73690, VaAcc: 0.1171, VaLoss:  4.90030	 10 sampled NNs | VaAcc: 0.1267 +- 0.0128 | VaLoss: 4.4040 +- 0.1750
 21,  0 | TrAcc: 0.1230, TrLoss:  4.74881, VaAcc: 0.1194, VaLoss:  4.86152	 10 sampled NNs | VaAcc: 0.1199 +- 0.0061 | VaLoss: 4.4494 +- 0.1322
 22,  0 | TrAcc: 0.1210, TrLoss:  4.75588, VaAcc: 0.1188, VaLoss:  4.89396	 10 sampled NNs | VaAcc: 0.1240 +- 0.0103 | VaLoss: 4.3497 +- 0.1511
 23,  0 | TrAcc: 0.1218, TrLoss:  4.74536, VaAcc: 0.1191, VaLoss:  4.86483	 10 sampled NNs | VaAcc: 0.1215 +- 0.0055 | VaLoss: 4.4114 +- 0.1736
 24,  0 | TrAcc: 0.1219, TrLoss:  4.73440, VaAcc: 0.1175, VaLoss:  4.88206	 10 sampled NNs | VaAcc: 0.1264 +- 0.0064 | VaLoss: 4.3510 +- 0.1639
 25,  0 | TrAcc: 0.1219, TrLoss:  4.73703, VaAcc: 0.1198, VaLoss:  4.86368	 10 sampled NNs | VaAcc: 0.1231 +- 0.0090 | VaLoss: 4.3650 +- 0.1068
 26,  0 | TrAcc: 0.1214, TrLoss:  4.72605, VaAcc: 0.1212, VaLoss:  4.83815	 10 sampled NNs | VaAcc: 0.1250 +- 0.0088 | VaLoss: 4.3877 +- 0.1964
 27,  0 | TrAcc: 0.1218, TrLoss:  4.73515, VaAcc: 0.1217, VaLoss:  4.88303	 10 sampled NNs | VaAcc: 0.1260 +- 0.0067 | VaLoss: 4.3892 +- 0.1915
 28,  0 | TrAcc: 0.1223, TrLoss:  4.72602, VaAcc: 0.1216, VaLoss:  4.83312	 10 sampled NNs | VaAcc: 0.1220 +- 0.0092 | VaLoss: 4.3296 +- 0.1326
 29,  0 | TrAcc: 0.1235, TrLoss:  4.72711, VaAcc: 0.1211, VaLoss:  4.86173	 10 sampled NNs | VaAcc: 0.1237 +- 0.0092 | VaLoss: 4.4186 +- 0.1119
 30,  0 | TrAcc: 0.1221, TrLoss:  4.74292, VaAcc: 0.1189, VaLoss:  4.86905	 10 sampled NNs | VaAcc: 0.1238 +- 0.0066 | VaLoss: 4.3951 +- 0.1850
 31,  0 | TrAcc: 0.1217, TrLoss:  4.72954, VaAcc: 0.1221, VaLoss:  4.88147	 10 sampled NNs | VaAcc: 0.1203 +- 0.0062 | VaLoss: 4.4671 +- 0.2290
 32,  0 | TrAcc: 0.1216, TrLoss:  4.73688, VaAcc: 0.1224, VaLoss:  4.86676	 10 sampled NNs | VaAcc: 0.1201 +- 0.0079 | VaLoss: 4.4222 +- 0.1423
 33,  0 | TrAcc: 0.1238, TrLoss:  4.71817, VaAcc: 0.1197, VaLoss:  4.78752	 10 sampled NNs | VaAcc: 0.1248 +- 0.0088 | VaLoss: 4.2617 +- 0.1044
 34,  0 | TrAcc: 0.1227, TrLoss:  4.72076, VaAcc: 0.1194, VaLoss:  4.81560	 10 sampled NNs | VaAcc: 0.1220 +- 0.0074 | VaLoss: 4.4041 +- 0.1427
 35,  0 | TrAcc: 0.1236, TrLoss:  4.71580, VaAcc: 0.1226, VaLoss:  4.83936	 10 sampled NNs | VaAcc: 0.1247 +- 0.0053 | VaLoss: 4.4217 +- 0.1630
 36,  0 | TrAcc: 0.1239, TrLoss:  4.72303, VaAcc: 0.1217, VaLoss:  4.85885	 10 sampled NNs | VaAcc: 0.1230 +- 0.0054 | VaLoss: 4.4586 +- 0.1425
 37,  0 | TrAcc: 0.1217, TrLoss:  4.73064, VaAcc: 0.1212, VaLoss:  4.86920	 10 sampled NNs | VaAcc: 0.1239 +- 0.0108 | VaLoss: 4.3611 +- 0.1235
 38,  0 | TrAcc: 0.1221, TrLoss:  4.73289, VaAcc: 0.1162, VaLoss:  4.89630	 10 sampled NNs | VaAcc: 0.1266 +- 0.0087 | VaLoss: 4.3915 +- 0.1405
 39,  0 | TrAcc: 0.1235, TrLoss:  4.73071, VaAcc: 0.1209, VaLoss:  4.84258	 10 sampled NNs | VaAcc: 0.1271 +- 0.0070 | VaLoss: 4.3899 +- 0.1737
 40,  0 | TrAcc: 0.1229, TrLoss:  4.74805, VaAcc: 0.1200, VaLoss:  4.82695	 10 sampled NNs | VaAcc: 0.1289 +- 0.0075 | VaLoss: 4.3618 +- 0.1016
 41,  0 | TrAcc: 0.1225, TrLoss:  4.70095, VaAcc: 0.1182, VaLoss:  4.77458	 10 sampled NNs | VaAcc: 0.1231 +- 0.0063 | VaLoss: 4.4226 +- 0.1650
 42,  0 | TrAcc: 0.1228, TrLoss:  4.72501, VaAcc: 0.1214, VaLoss:  4.81640	 10 sampled NNs | VaAcc: 0.1212 +- 0.0093 | VaLoss: 4.4569 +- 0.1356
 43,  0 | TrAcc: 0.1228, TrLoss:  4.69353, VaAcc: 0.1199, VaLoss:  4.81089	 10 sampled NNs | VaAcc: 0.1225 +- 0.0088 | VaLoss: 4.4312 +- 0.1308
 44,  0 | TrAcc: 0.1225, TrLoss:  4.70740, VaAcc: 0.1206, VaLoss:  4.85403	 10 sampled NNs | VaAcc: 0.1224 +- 0.0106 | VaLoss: 4.3856 +- 0.1814
 45,  0 | TrAcc: 0.1233, TrLoss:  4.68667, VaAcc: 0.1201, VaLoss:  4.85699	 10 sampled NNs | VaAcc: 0.1240 +- 0.0061 | VaLoss: 4.3839 +- 0.1053
 46,  0 | TrAcc: 0.1242, TrLoss:  4.70050, VaAcc: 0.1189, VaLoss:  4.86425	 10 sampled NNs | VaAcc: 0.1254 +- 0.0141 | VaLoss: 4.3898 +- 0.1301
 47,  0 | TrAcc: 0.1253, TrLoss:  4.67874, VaAcc: 0.1219, VaLoss:  4.83667	 10 sampled NNs | VaAcc: 0.1230 +- 0.0081 | VaLoss: 4.2935 +- 0.2077
 48,  0 | TrAcc: 0.1225, TrLoss:  4.72169, VaAcc: 0.1204, VaLoss:  4.78489	 10 sampled NNs | VaAcc: 0.1248 +- 0.0060 | VaLoss: 4.4098 +- 0.1236
 49,  0 | TrAcc: 0.1231, TrLoss:  4.69001, VaAcc: 0.1209, VaLoss:  4.80945	 10 sampled NNs | VaAcc: 0.1251 +- 0.0080 | VaLoss: 4.4468 +- 0.2758
 50,  0 | TrAcc: 0.1235, TrLoss:  4.72469, VaAcc: 0.1238, VaLoss:  4.78921	 10 sampled NNs | VaAcc: 0.1229 +- 0.0085 | VaLoss: 4.3999 +- 0.1710
 51,  0 | TrAcc: 0.1230, TrLoss:  4.70330, VaAcc: 0.1186, VaLoss:  4.80931	 10 sampled NNs | VaAcc: 0.1217 +- 0.0087 | VaLoss: 4.3648 +- 0.1350
 52,  0 | TrAcc: 0.1229, TrLoss:  4.70577, VaAcc: 0.1211, VaLoss:  4.79487	 10 sampled NNs | VaAcc: 0.1231 +- 0.0059 | VaLoss: 4.4130 +- 0.1417
 53,  0 | TrAcc: 0.1245, TrLoss:  4.69791, VaAcc: 0.1208, VaLoss:  4.87592	 10 sampled NNs | VaAcc: 0.1276 +- 0.0113 | VaLoss: 4.4110 +- 0.1805
 54,  0 | TrAcc: 0.1224, TrLoss:  4.70574, VaAcc: 0.1223, VaLoss:  4.81896	 10 sampled NNs | VaAcc: 0.1200 +- 0.0065 | VaLoss: 4.4637 +- 0.1421
 55,  0 | TrAcc: 0.1233, TrLoss:  4.69737, VaAcc: 0.1167, VaLoss:  4.82469	 10 sampled NNs | VaAcc: 0.1224 +- 0.0069 | VaLoss: 4.3914 +- 0.1483
 56,  0 | TrAcc: 0.1221, TrLoss:  4.70661, VaAcc: 0.1203, VaLoss:  4.80447	 10 sampled NNs | VaAcc: 0.1223 +- 0.0073 | VaLoss: 4.3642 +- 0.0965
 57,  0 | TrAcc: 0.1228, TrLoss:  4.70528, VaAcc: 0.1217, VaLoss:  4.81600	 10 sampled NNs | VaAcc: 0.1194 +- 0.0079 | VaLoss: 4.4249 +- 0.1442
 58,  0 | TrAcc: 0.1230, TrLoss:  4.71359, VaAcc: 0.1236, VaLoss:  4.79319	 10 sampled NNs | VaAcc: 0.1220 +- 0.0059 | VaLoss: 4.3719 +- 0.2191
 59,  0 | TrAcc: 0.1240, TrLoss:  4.69830, VaAcc: 0.1224, VaLoss:  4.80584	 10 sampled NNs | VaAcc: 0.1228 +- 0.0046 | VaLoss: 4.3205 +- 0.0986
 60,  0 | TrAcc: 0.1226, TrLoss:  4.70746, VaAcc: 0.1209, VaLoss:  4.81279	 10 sampled NNs | VaAcc: 0.1219 +- 0.0067 | VaLoss: 4.4110 +- 0.1803
 61,  0 | TrAcc: 0.1235, TrLoss:  4.70030, VaAcc: 0.1200, VaLoss:  4.81223	 10 sampled NNs | VaAcc: 0.1221 +- 0.0033 | VaLoss: 4.4279 +- 0.1591
 62,  0 | TrAcc: 0.1229, TrLoss:  4.70124, VaAcc: 0.1235, VaLoss:  4.84638	 10 sampled NNs | VaAcc: 0.1195 +- 0.0078 | VaLoss: 4.3910 +- 0.1247
 63,  0 | TrAcc: 0.1239, TrLoss:  4.66358, VaAcc: 0.1208, VaLoss:  4.78435	 10 sampled NNs | VaAcc: 0.1203 +- 0.0103 | VaLoss: 4.4227 +- 0.1991
 64,  0 | TrAcc: 0.1223, TrLoss:  4.70865, VaAcc: 0.1220, VaLoss:  4.78239	 10 sampled NNs | VaAcc: 0.1286 +- 0.0108 | VaLoss: 4.3520 +- 0.1634
 65,  0 | TrAcc: 0.1225, TrLoss:  4.68191, VaAcc: 0.1209, VaLoss:  4.74587	 10 sampled NNs | VaAcc: 0.1170 +- 0.0080 | VaLoss: 4.5006 +- 0.1880
 66,  0 | TrAcc: 0.1233, TrLoss:  4.67900, VaAcc: 0.1186, VaLoss:  4.81642	 10 sampled NNs | VaAcc: 0.1219 +- 0.0089 | VaLoss: 4.3755 +- 0.1580
 67,  0 | TrAcc: 0.1249, TrLoss:  4.66053, VaAcc: 0.1228, VaLoss:  4.80067	 10 sampled NNs | VaAcc: 0.1190 +- 0.0050 | VaLoss: 4.4186 +- 0.1364
 68,  0 | TrAcc: 0.1225, TrLoss:  4.67309, VaAcc: 0.1206, VaLoss:  4.77379	 10 sampled NNs | VaAcc: 0.1217 +- 0.0069 | VaLoss: 4.4099 +- 0.1598
 69,  0 | TrAcc: 0.1208, TrLoss:  4.69288, VaAcc: 0.1153, VaLoss:  4.83897	 10 sampled NNs | VaAcc: 0.1216 +- 0.0059 | VaLoss: 4.3499 +- 0.1526
 70,  0 | TrAcc: 0.1237, TrLoss:  4.67279, VaAcc: 0.1183, VaLoss:  4.77279	 10 sampled NNs | VaAcc: 0.1223 +- 0.0092 | VaLoss: 4.3770 +- 0.1325
 71,  0 | TrAcc: 0.1219, TrLoss:  4.70305, VaAcc: 0.1226, VaLoss:  4.74101	 10 sampled NNs | VaAcc: 0.1245 +- 0.0033 | VaLoss: 4.3844 +- 0.1342
 72,  0 | TrAcc: 0.1240, TrLoss:  4.64823, VaAcc: 0.1212, VaLoss:  4.76764	 10 sampled NNs | VaAcc: 0.1186 +- 0.0066 | VaLoss: 4.3369 +- 0.1305
 73,  0 | TrAcc: 0.1236, TrLoss:  4.66664, VaAcc: 0.1196, VaLoss:  4.80194	 10 sampled NNs | VaAcc: 0.1198 +- 0.0097 | VaLoss: 4.3773 +- 0.1555
 74,  0 | TrAcc: 0.1229, TrLoss:  4.69186, VaAcc: 0.1184, VaLoss:  4.76606	 10 sampled NNs | VaAcc: 0.1253 +- 0.0110 | VaLoss: 4.2947 +- 0.1360
 75,  0 | TrAcc: 0.1229, TrLoss:  4.68829, VaAcc: 0.1187, VaLoss:  4.84689	 10 sampled NNs | VaAcc: 0.1219 +- 0.0071 | VaLoss: 4.3658 +- 0.1036
 76,  0 | TrAcc: 0.1229, TrLoss:  4.68493, VaAcc: 0.1222, VaLoss:  4.75349	 10 sampled NNs | VaAcc: 0.1222 +- 0.0081 | VaLoss: 4.3971 +- 0.1945
 77,  0 | TrAcc: 0.1227, TrLoss:  4.69540, VaAcc: 0.1207, VaLoss:  4.79201	 10 sampled NNs | VaAcc: 0.1290 +- 0.0078 | VaLoss: 4.3313 +- 0.1392
 78,  0 | TrAcc: 0.1217, TrLoss:  4.67725, VaAcc: 0.1209, VaLoss:  4.76204	 10 sampled NNs | VaAcc: 0.1261 +- 0.0073 | VaLoss: 4.3889 +- 0.2269
 79,  0 | TrAcc: 0.1227, TrLoss:  4.66577, VaAcc: 0.1205, VaLoss:  4.80748	 10 sampled NNs | VaAcc: 0.1208 +- 0.0063 | VaLoss: 4.3237 +- 0.1333
 80,  0 | TrAcc: 0.1233, TrLoss:  4.69031, VaAcc: 0.1171, VaLoss:  4.85228	 10 sampled NNs | VaAcc: 0.1248 +- 0.0071 | VaLoss: 4.3198 +- 0.1134
 81,  0 | TrAcc: 0.1231, TrLoss:  4.65510, VaAcc: 0.1187, VaLoss:  4.78871	 10 sampled NNs | VaAcc: 0.1279 +- 0.0039 | VaLoss: 4.2079 +- 0.0710
 82,  0 | TrAcc: 0.1226, TrLoss:  4.66596, VaAcc: 0.1212, VaLoss:  4.78727	 10 sampled NNs | VaAcc: 0.1224 +- 0.0069 | VaLoss: 4.3271 +- 0.1569
 83,  0 | TrAcc: 0.1217, TrLoss:  4.65073, VaAcc: 0.1199, VaLoss:  4.78449	 10 sampled NNs | VaAcc: 0.1261 +- 0.0092 | VaLoss: 4.3449 +- 0.1261
 84,  0 | TrAcc: 0.1222, TrLoss:  4.66810, VaAcc: 0.1181, VaLoss:  4.80090	 10 sampled NNs | VaAcc: 0.1176 +- 0.0052 | VaLoss: 4.3664 +- 0.1849
 85,  0 | TrAcc: 0.1229, TrLoss:  4.65569, VaAcc: 0.1219, VaLoss:  4.71777	 10 sampled NNs | VaAcc: 0.1189 +- 0.0061 | VaLoss: 4.3857 +- 0.1493
 86,  0 | TrAcc: 0.1228, TrLoss:  4.67739, VaAcc: 0.1206, VaLoss:  4.72202	 10 sampled NNs | VaAcc: 0.1266 +- 0.0098 | VaLoss: 4.2898 +- 0.1219
 87,  0 | TrAcc: 0.1235, TrLoss:  4.63233, VaAcc: 0.1221, VaLoss:  4.81389	 10 sampled NNs | VaAcc: 0.1280 +- 0.0104 | VaLoss: 4.2376 +- 0.0846
 88,  0 | TrAcc: 0.1247, TrLoss:  4.63177, VaAcc: 0.1200, VaLoss:  4.75721	 10 sampled NNs | VaAcc: 0.1230 +- 0.0096 | VaLoss: 4.3587 +- 0.1909
 89,  0 | TrAcc: 0.1218, TrLoss:  4.67521, VaAcc: 0.1205, VaLoss:  4.73525	 10 sampled NNs | VaAcc: 0.1224 +- 0.0055 | VaLoss: 4.2954 +- 0.1535
 90,  0 | TrAcc: 0.1226, TrLoss:  4.64965, VaAcc: 0.1234, VaLoss:  4.71647	 10 sampled NNs | VaAcc: 0.1264 +- 0.0060 | VaLoss: 4.2826 +- 0.1682
 91,  0 | TrAcc: 0.1229, TrLoss:  4.65703, VaAcc: 0.1174, VaLoss:  4.79094	 10 sampled NNs | VaAcc: 0.1179 +- 0.0082 | VaLoss: 4.3396 +- 0.1157
 92,  0 | TrAcc: 0.1236, TrLoss:  4.65661, VaAcc: 0.1160, VaLoss:  4.81164	 10 sampled NNs | VaAcc: 0.1187 +- 0.0083 | VaLoss: 4.3499 +- 0.1605
 93,  0 | TrAcc: 0.1229, TrLoss:  4.63662, VaAcc: 0.1217, VaLoss:  4.76609	 10 sampled NNs | VaAcc: 0.1191 +- 0.0065 | VaLoss: 4.3066 +- 0.1633
 94,  0 | TrAcc: 0.1215, TrLoss:  4.63918, VaAcc: 0.1201, VaLoss:  4.77151	 10 sampled NNs | VaAcc: 0.1209 +- 0.0094 | VaLoss: 4.2937 +- 0.2023
 95,  0 | TrAcc: 0.1239, TrLoss:  4.63128, VaAcc: 0.1174, VaLoss:  4.79257	 10 sampled NNs | VaAcc: 0.1256 +- 0.0125 | VaLoss: 4.2581 +- 0.1032
 96,  0 | TrAcc: 0.1224, TrLoss:  4.63474, VaAcc: 0.1223, VaLoss:  4.75345	 10 sampled NNs | VaAcc: 0.1228 +- 0.0081 | VaLoss: 4.3022 +- 0.1105
 97,  0 | TrAcc: 0.1232, TrLoss:  4.65803, VaAcc: 0.1198, VaLoss:  4.78389	 10 sampled NNs | VaAcc: 0.1222 +- 0.0089 | VaLoss: 4.3306 +- 0.1177
 98,  0 | TrAcc: 0.1212, TrLoss:  4.65228, VaAcc: 0.1203, VaLoss:  4.72887	 10 sampled NNs | VaAcc: 0.1241 +- 0.0080 | VaLoss: 4.2083 +- 0.1265
 99,  0 | TrAcc: 0.1239, TrLoss:  4.63585, VaAcc: 0.1203, VaLoss:  4.74637	 10 sampled NNs | VaAcc: 0.1215 +- 0.0113 | VaLoss: 4.3567 +- 0.1792
2161.479697
----------------------------
