
=============================
CONFIG FILE

RNN CONFIG
{'data_multiplier': 10.0,
 'gradient_clip_value': 0.5,
 'layer_configs': [{'layer_type': 'input'},
                   {'bc': {'init_m': 'xavier',
                           'init_v': -4.5,
                           'prior_m': 0.0,
                           'prior_v': 0.0,
                           'type': 'continuous'},
                    'bf': {'init_m': 'xavier',
                           'init_v': -4.5,
                           'prior_m': 0.0,
                           'prior_v': 0.0,
                           'type': 'continuous'},
                    'bi': {'init_m': 'xavier',
                           'init_v': -4.5,
                           'prior_m': 0.0,
                           'prior_v': 0.0,
                           'type': 'continuous'},
                    'bo': {'init_m': 'xavier',
                           'init_v': -4.5,
                           'prior_m': 0.0,
                           'prior_v': 0.0,
                           'type': 'continuous'},
                    'init_config': {'c': {'b': 'all_zero', 'w': 'xavier'},
                                    'f': {'b': 'all_one', 'w': 'all_zero'},
                                    'i': {'b': 'all_zero', 'w': 'xavier'},
                                    'o': {'b': 'all_zero', 'w': 'xavier'}},
                    'is_output': False,
                    'is_recurrent': True,
                    'layer_type': 'lstm',
                    'tau': 1.0,
                    'var_scope': 'lstm_0',
                    'wc': {'beta_reg': 2e-06,
                           'pmax': 0.9,
                           'pmin': -0.9,
                           'priors': [0.5, 0.5],
                           'type': 'binary'},
                    'wf': {'beta_reg': 2e-06,
                           'pmax': 0.9,
                           'pmin': -0.9,
                           'priors': [0.5, 0.5],
                           'type': 'binary'},
                    'wi': {'beta_reg': 2e-06,
                           'pmax': 0.9,
                           'pmin': -0.9,
                           'priors': [0.5, 0.5],
                           'type': 'binary'},
                    'wo': {'beta_reg': 2e-06,
                           'pmax': 0.9,
                           'pmin': -0.9,
                           'priors': [0.5, 0.5],
                           'type': 'binary'}},
                   {'bc': {'init_m': 'xavier',
                           'init_v': -4.5,
                           'prior_m': 0.0,
                           'prior_v': 0.0,
                           'type': 'continuous'},
                    'bf': {'init_m': 'xavier',
                           'init_v': -4.5,
                           'prior_m': 0.0,
                           'prior_v': 0.0,
                           'type': 'continuous'},
                    'bi': {'init_m': 'xavier',
                           'init_v': -4.5,
                           'prior_m': 0.0,
                           'prior_v': 0.0,
                           'type': 'continuous'},
                    'bo': {'init_m': 'xavier',
                           'init_v': -4.5,
                           'prior_m': 0.0,
                           'prior_v': 0.0,
                           'type': 'continuous'},
                    'init_config': {'c': {'b': 'all_zero', 'w': 'xavier'},
                                    'f': {'b': 'all_one', 'w': 'all_zero'},
                                    'i': {'b': 'all_zero', 'w': 'xavier'},
                                    'o': {'b': 'all_zero', 'w': 'xavier'}},
                    'is_output': False,
                    'is_recurrent': True,
                    'layer_type': 'lstm',
                    'tau': 1.0,
                    'var_scope': 'lstm_1',
                    'wc': {'beta_reg': 2e-06,
                           'pmax': 0.9,
                           'pmin': -0.9,
                           'priors': [0.5, 0.5],
                           'type': 'binary'},
                    'wf': {'beta_reg': 2e-06,
                           'pmax': 0.9,
                           'pmin': -0.9,
                           'priors': [0.5, 0.5],
                           'type': 'binary'},
                    'wi': {'beta_reg': 2e-06,
                           'pmax': 0.9,
                           'pmin': -0.9,
                           'priors': [0.5, 0.5],
                           'type': 'binary'},
                    'wo': {'beta_reg': 2e-06,
                           'pmax': 0.9,
                           'pmin': -0.9,
                           'priors': [0.5, 0.5],
                           'type': 'binary'}},
                   {'b': {'init_m': 'xavier',
                          'init_v': -4.5,
                          'prior_m': 0.0,
                          'prior_v': 0.0,
                          'type': 'continuous'},
                    'is_output': True,
                    'is_recurrent': False,
                    'layer_type': 'fc',
                    'regularization': {'mode': None, 'strength': 0.02},
                    'tau': 1.0,
                    'var_scope': 'output_layer',
                    'w': {'beta_reg': 2e-06,
                          'pmax': 0.9,
                          'pmin': -0.9,
                          'priors': [0.5, 0.5],
                          'type': 'binary'}}],
 'layout': [4, 60, 60, 10],
 'output_type': 'classification'}

DATA CONFIG
{'dataset': 'red_penstroke',
 'tr': {'in_seq_len': 30,
        'minibatch_enabled': True,
        'minibatch_size': 1000,
        'out_seq_len': 5,
        'zero_padding': 20},
 'va': {'in_seq_len': 30,
        'minibatch_enabled': True,
        'minibatch_size': 1000,
        'out_seq_len': 5,
        'zero_padding': 20}}

TRAINING CONFIG
{'is_pretrain': False,
 'learning_rate': 0.001,
 'max_epochs': 200,
 'mode': {'max_epochs': 100, 'min_error': 0.0, 'name': 'classic'},
 'task_id': 1,
 'type': 'g_sampling',
 'v_loss': 0.0}
==============================


pretraning is over
  0,  0 | TrAcc: 0.1075, TrLoss:  4.92283, VaAcc: 0.1077, VaLoss:  5.07516	 10 sampled NNs | VaAcc: 0.1056 +- 0.0093 | VaLoss: 4.3971 +- 0.1910
  1,  0 | TrAcc: 0.1100, TrLoss:  4.89401, VaAcc: 0.1068, VaLoss:  5.02899	 10 sampled NNs | VaAcc: 0.1068 +- 0.0082 | VaLoss: 4.3727 +- 0.1422
  2,  0 | TrAcc: 0.1102, TrLoss:  4.87960, VaAcc: 0.1042, VaLoss:  5.08594	 10 sampled NNs | VaAcc: 0.1094 +- 0.0076 | VaLoss: 4.2673 +- 0.1425
  3,  0 | TrAcc: 0.1095, TrLoss:  4.89787, VaAcc: 0.1068, VaLoss:  4.98057	 10 sampled NNs | VaAcc: 0.1066 +- 0.0056 | VaLoss: 4.4562 +- 0.1909
  4,  0 | TrAcc: 0.1105, TrLoss:  4.89877, VaAcc: 0.1064, VaLoss:  5.03581	 10 sampled NNs | VaAcc: 0.1095 +- 0.0077 | VaLoss: 4.2536 +- 0.2186
  5,  0 | TrAcc: 0.1097, TrLoss:  4.89295, VaAcc: 0.1104, VaLoss:  4.95220	 10 sampled NNs | VaAcc: 0.1107 +- 0.0062 | VaLoss: 4.2518 +- 0.1450
  6,  0 | TrAcc: 0.1121, TrLoss:  4.90681, VaAcc: 0.1080, VaLoss:  5.01014	 10 sampled NNs | VaAcc: 0.1097 +- 0.0062 | VaLoss: 4.2332 +- 0.1197
  7,  0 | TrAcc: 0.1118, TrLoss:  4.87235, VaAcc: 0.1096, VaLoss:  4.96429	 10 sampled NNs | VaAcc: 0.1091 +- 0.0107 | VaLoss: 4.2443 +- 0.2003
  8,  0 | TrAcc: 0.1113, TrLoss:  4.88846, VaAcc: 0.1088, VaLoss:  4.92236	 10 sampled NNs | VaAcc: 0.1124 +- 0.0079 | VaLoss: 4.1867 +- 0.1858
  9,  0 | TrAcc: 0.1111, TrLoss:  4.90842, VaAcc: 0.1114, VaLoss:  4.91782	 10 sampled NNs | VaAcc: 0.1078 +- 0.0078 | VaLoss: 4.2647 +- 0.1394
 10,  0 | TrAcc: 0.1111, TrLoss:  4.89710, VaAcc: 0.1098, VaLoss:  4.94552	 10 sampled NNs | VaAcc: 0.1097 +- 0.0066 | VaLoss: 4.2495 +- 0.1568
 11,  0 | TrAcc: 0.1119, TrLoss:  4.88213, VaAcc: 0.1087, VaLoss:  4.92306	 10 sampled NNs | VaAcc: 0.1151 +- 0.0075 | VaLoss: 4.1362 +- 0.1899
 12,  0 | TrAcc: 0.1111, TrLoss:  4.89299, VaAcc: 0.1106, VaLoss:  4.98957	 10 sampled NNs | VaAcc: 0.1120 +- 0.0066 | VaLoss: 4.2533 +- 0.2558
 13,  0 | TrAcc: 0.1118, TrLoss:  4.85488, VaAcc: 0.1106, VaLoss:  4.93050	 10 sampled NNs | VaAcc: 0.1095 +- 0.0088 | VaLoss: 4.2280 +- 0.1590
 14,  0 | TrAcc: 0.1132, TrLoss:  4.88098, VaAcc: 0.1088, VaLoss:  5.00097	 10 sampled NNs | VaAcc: 0.1108 +- 0.0087 | VaLoss: 4.1443 +- 0.0787
 15,  0 | TrAcc: 0.1117, TrLoss:  4.89334, VaAcc: 0.1066, VaLoss:  5.02863	 10 sampled NNs | VaAcc: 0.1091 +- 0.0074 | VaLoss: 4.2938 +- 0.2805
 16,  0 | TrAcc: 0.1130, TrLoss:  4.85314, VaAcc: 0.1059, VaLoss:  5.06031	 10 sampled NNs | VaAcc: 0.1104 +- 0.0077 | VaLoss: 4.2097 +- 0.1993
 17,  0 | TrAcc: 0.1104, TrLoss:  4.90419, VaAcc: 0.1099, VaLoss:  4.98133	 10 sampled NNs | VaAcc: 0.1058 +- 0.0090 | VaLoss: 4.3145 +- 0.2975
 18,  0 | TrAcc: 0.1134, TrLoss:  4.85535, VaAcc: 0.1117, VaLoss:  4.93170	 10 sampled NNs | VaAcc: 0.1116 +- 0.0069 | VaLoss: 4.1870 +- 0.1229
 19,  0 | TrAcc: 0.1128, TrLoss:  4.89859, VaAcc: 0.1098, VaLoss:  4.95510	 10 sampled NNs | VaAcc: 0.1150 +- 0.0081 | VaLoss: 4.1958 +- 0.2254
 20,  0 | TrAcc: 0.1113, TrLoss:  4.88973, VaAcc: 0.1087, VaLoss:  4.96648	 10 sampled NNs | VaAcc: 0.1129 +- 0.0095 | VaLoss: 4.1544 +- 0.2227
 21,  0 | TrAcc: 0.1110, TrLoss:  4.90254, VaAcc: 0.1117, VaLoss:  4.97682	 10 sampled NNs | VaAcc: 0.1134 +- 0.0071 | VaLoss: 4.1483 +- 0.1559
 22,  0 | TrAcc: 0.1127, TrLoss:  4.91117, VaAcc: 0.1084, VaLoss:  5.03720	 10 sampled NNs | VaAcc: 0.1117 +- 0.0102 | VaLoss: 4.1426 +- 0.2519
 23,  0 | TrAcc: 0.1120, TrLoss:  4.89674, VaAcc: 0.1070, VaLoss:  4.99236	 10 sampled NNs | VaAcc: 0.1135 +- 0.0078 | VaLoss: 4.1797 +- 0.1567
 24,  0 | TrAcc: 0.1126, TrLoss:  4.92594, VaAcc: 0.1112, VaLoss:  4.94137	 10 sampled NNs | VaAcc: 0.1099 +- 0.0094 | VaLoss: 4.2814 +- 0.2360
 25,  0 | TrAcc: 0.1119, TrLoss:  4.90025, VaAcc: 0.1093, VaLoss:  5.02712	 10 sampled NNs | VaAcc: 0.1135 +- 0.0056 | VaLoss: 4.1101 +- 0.2219
 26,  0 | TrAcc: 0.1128, TrLoss:  4.93079, VaAcc: 0.1087, VaLoss:  5.06079	 10 sampled NNs | VaAcc: 0.1108 +- 0.0056 | VaLoss: 4.1868 +- 0.1675
 27,  0 | TrAcc: 0.1126, TrLoss:  4.90153, VaAcc: 0.1090, VaLoss:  4.96956	 10 sampled NNs | VaAcc: 0.1115 +- 0.0102 | VaLoss: 4.1886 +- 0.1516
 28,  0 | TrAcc: 0.1109, TrLoss:  4.89984, VaAcc: 0.1123, VaLoss:  4.92686	 10 sampled NNs | VaAcc: 0.1129 +- 0.0050 | VaLoss: 4.1519 +- 0.1713
 29,  0 | TrAcc: 0.1109, TrLoss:  4.90618, VaAcc: 0.1071, VaLoss:  4.95423	 10 sampled NNs | VaAcc: 0.1096 +- 0.0086 | VaLoss: 4.1808 +- 0.1705
 30,  0 | TrAcc: 0.1116, TrLoss:  4.91861, VaAcc: 0.1091, VaLoss:  4.96189	 10 sampled NNs | VaAcc: 0.1123 +- 0.0102 | VaLoss: 4.1907 +- 0.1955
 31,  0 | TrAcc: 0.1131, TrLoss:  4.89825, VaAcc: 0.1076, VaLoss:  4.94160	 10 sampled NNs | VaAcc: 0.1119 +- 0.0065 | VaLoss: 4.2450 +- 0.1424
 32,  0 | TrAcc: 0.1122, TrLoss:  4.90087, VaAcc: 0.1089, VaLoss:  4.93766	 10 sampled NNs | VaAcc: 0.1125 +- 0.0065 | VaLoss: 4.0786 +- 0.1420
 33,  0 | TrAcc: 0.1121, TrLoss:  4.89806, VaAcc: 0.1118, VaLoss:  4.94038	 10 sampled NNs | VaAcc: 0.1074 +- 0.0081 | VaLoss: 4.2286 +- 0.1251
 34,  0 | TrAcc: 0.1125, TrLoss:  4.92361, VaAcc: 0.1077, VaLoss:  4.95736	 10 sampled NNs | VaAcc: 0.1159 +- 0.0048 | VaLoss: 4.1435 +- 0.1641
 35,  0 | TrAcc: 0.1125, TrLoss:  4.89337, VaAcc: 0.1111, VaLoss:  4.98784	 10 sampled NNs | VaAcc: 0.1082 +- 0.0050 | VaLoss: 4.1121 +- 0.1655
 36,  0 | TrAcc: 0.1127, TrLoss:  4.88341, VaAcc: 0.1068, VaLoss:  4.98213	 10 sampled NNs | VaAcc: 0.1098 +- 0.0070 | VaLoss: 4.1783 +- 0.2106
 37,  0 | TrAcc: 0.1126, TrLoss:  4.89962, VaAcc: 0.1081, VaLoss:  4.99663	 10 sampled NNs | VaAcc: 0.1109 +- 0.0044 | VaLoss: 4.1557 +- 0.2526
 38,  0 | TrAcc: 0.1120, TrLoss:  4.91010, VaAcc: 0.1117, VaLoss:  4.93396	 10 sampled NNs | VaAcc: 0.1123 +- 0.0031 | VaLoss: 4.1112 +- 0.1262
 39,  0 | TrAcc: 0.1119, TrLoss:  4.87548, VaAcc: 0.1099, VaLoss:  4.93137	 10 sampled NNs | VaAcc: 0.1100 +- 0.0109 | VaLoss: 4.1459 +- 0.2821
 40,  0 | TrAcc: 0.1140, TrLoss:  4.89428, VaAcc: 0.1096, VaLoss:  4.91350	 10 sampled NNs | VaAcc: 0.1140 +- 0.0045 | VaLoss: 4.0999 +- 0.1883
 41,  0 | TrAcc: 0.1123, TrLoss:  4.88163, VaAcc: 0.1087, VaLoss:  4.97525	 10 sampled NNs | VaAcc: 0.1106 +- 0.0060 | VaLoss: 4.1717 +- 0.2539
 42,  0 | TrAcc: 0.1117, TrLoss:  4.89955, VaAcc: 0.1067, VaLoss:  4.98051	 10 sampled NNs | VaAcc: 0.1112 +- 0.0079 | VaLoss: 4.1872 +- 0.1276
 43,  0 | TrAcc: 0.1119, TrLoss:  4.88631, VaAcc: 0.1109, VaLoss:  4.92931	 10 sampled NNs | VaAcc: 0.1104 +- 0.0044 | VaLoss: 4.0764 +- 0.1610
 44,  0 | TrAcc: 0.1127, TrLoss:  4.84789, VaAcc: 0.1090, VaLoss:  4.96958	 10 sampled NNs | VaAcc: 0.1109 +- 0.0100 | VaLoss: 4.1744 +- 0.1905
 45,  0 | TrAcc: 0.1127, TrLoss:  4.84463, VaAcc: 0.1078, VaLoss:  4.90898	 10 sampled NNs | VaAcc: 0.1099 +- 0.0081 | VaLoss: 4.1033 +- 0.1335
 46,  0 | TrAcc: 0.1131, TrLoss:  4.86722, VaAcc: 0.1110, VaLoss:  4.92167	 10 sampled NNs | VaAcc: 0.1133 +- 0.0075 | VaLoss: 3.9924 +- 0.1891
 47,  0 | TrAcc: 0.1124, TrLoss:  4.89629, VaAcc: 0.1095, VaLoss:  4.99146	 10 sampled NNs | VaAcc: 0.1129 +- 0.0062 | VaLoss: 4.1289 +- 0.1037
 48,  0 | TrAcc: 0.1122, TrLoss:  4.90587, VaAcc: 0.1081, VaLoss:  4.89784	 10 sampled NNs | VaAcc: 0.1154 +- 0.0098 | VaLoss: 4.1358 +- 0.1970
 49,  0 | TrAcc: 0.1121, TrLoss:  4.86275, VaAcc: 0.1080, VaLoss:  4.93123	 10 sampled NNs | VaAcc: 0.1099 +- 0.0077 | VaLoss: 4.1209 +- 0.0955
 50,  0 | TrAcc: 0.1127, TrLoss:  4.85704, VaAcc: 0.1099, VaLoss:  4.93715	 10 sampled NNs | VaAcc: 0.1150 +- 0.0073 | VaLoss: 4.1927 +- 0.2318
 51,  0 | TrAcc: 0.1132, TrLoss:  4.85797, VaAcc: 0.1106, VaLoss:  4.92553	 10 sampled NNs | VaAcc: 0.1143 +- 0.0068 | VaLoss: 4.1115 +- 0.1995
 52,  0 | TrAcc: 0.1110, TrLoss:  4.88432, VaAcc: 0.1076, VaLoss:  4.93327	 10 sampled NNs | VaAcc: 0.1131 +- 0.0067 | VaLoss: 4.2076 +- 0.2046
 53,  0 | TrAcc: 0.1125, TrLoss:  4.87737, VaAcc: 0.1107, VaLoss:  4.94647	 10 sampled NNs | VaAcc: 0.1100 +- 0.0045 | VaLoss: 4.1524 +- 0.3305
 54,  0 | TrAcc: 0.1121, TrLoss:  4.84625, VaAcc: 0.1082, VaLoss:  5.02132	 10 sampled NNs | VaAcc: 0.1092 +- 0.0099 | VaLoss: 4.1600 +- 0.2467
 55,  0 | TrAcc: 0.1108, TrLoss:  4.89948, VaAcc: 0.1079, VaLoss:  4.97389	 10 sampled NNs | VaAcc: 0.1115 +- 0.0081 | VaLoss: 4.0733 +- 0.1578
 56,  0 | TrAcc: 0.1122, TrLoss:  4.85455, VaAcc: 0.1081, VaLoss:  4.97484	 10 sampled NNs | VaAcc: 0.1083 +- 0.0099 | VaLoss: 4.1401 +- 0.2050
 57,  0 | TrAcc: 0.1114, TrLoss:  4.91268, VaAcc: 0.1121, VaLoss:  4.86948	 10 sampled NNs | VaAcc: 0.1113 +- 0.0070 | VaLoss: 3.9869 +- 0.1346
 58,  0 | TrAcc: 0.1127, TrLoss:  4.86278, VaAcc: 0.1104, VaLoss:  4.92687	 10 sampled NNs | VaAcc: 0.1151 +- 0.0041 | VaLoss: 4.0917 +- 0.1889
 59,  0 | TrAcc: 0.1111, TrLoss:  4.87279, VaAcc: 0.1078, VaLoss:  4.87814	 10 sampled NNs | VaAcc: 0.1142 +- 0.0098 | VaLoss: 4.1210 +- 0.1647
 60,  0 | TrAcc: 0.1117, TrLoss:  4.85740, VaAcc: 0.1110, VaLoss:  4.93768	 10 sampled NNs | VaAcc: 0.1148 +- 0.0062 | VaLoss: 4.1425 +- 0.1819
 61,  0 | TrAcc: 0.1133, TrLoss:  4.84212, VaAcc: 0.1109, VaLoss:  4.88043	 10 sampled NNs | VaAcc: 0.1071 +- 0.0120 | VaLoss: 4.2572 +- 0.1922
 62,  0 | TrAcc: 0.1122, TrLoss:  4.84541, VaAcc: 0.1099, VaLoss:  4.93392	 10 sampled NNs | VaAcc: 0.1126 +- 0.0101 | VaLoss: 4.1500 +- 0.1492
 63,  0 | TrAcc: 0.1114, TrLoss:  4.87258, VaAcc: 0.1070, VaLoss:  4.92917	 10 sampled NNs | VaAcc: 0.1138 +- 0.0075 | VaLoss: 4.1383 +- 0.1256
 64,  0 | TrAcc: 0.1120, TrLoss:  4.88809, VaAcc: 0.1089, VaLoss:  4.90911	 10 sampled NNs | VaAcc: 0.1117 +- 0.0122 | VaLoss: 4.0978 +- 0.2052
 65,  0 | TrAcc: 0.1113, TrLoss:  4.85471, VaAcc: 0.1107, VaLoss:  4.90098	 10 sampled NNs | VaAcc: 0.1120 +- 0.0065 | VaLoss: 4.0686 +- 0.1001
 66,  0 | TrAcc: 0.1119, TrLoss:  4.88454, VaAcc: 0.1104, VaLoss:  4.97810	 10 sampled NNs | VaAcc: 0.1196 +- 0.0080 | VaLoss: 4.0054 +- 0.1298
 67,  0 | TrAcc: 0.1127, TrLoss:  4.85848, VaAcc: 0.1091, VaLoss:  4.94608	 10 sampled NNs | VaAcc: 0.1133 +- 0.0085 | VaLoss: 4.1272 +- 0.1751
 68,  0 | TrAcc: 0.1114, TrLoss:  4.85340, VaAcc: 0.1087, VaLoss:  4.97327	 10 sampled NNs | VaAcc: 0.1131 +- 0.0060 | VaLoss: 4.0547 +- 0.1375
 69,  0 | TrAcc: 0.1123, TrLoss:  4.84991, VaAcc: 0.1087, VaLoss:  4.92274	 10 sampled NNs | VaAcc: 0.1101 +- 0.0049 | VaLoss: 4.1621 +- 0.2210
 70,  0 | TrAcc: 0.1120, TrLoss:  4.84961, VaAcc: 0.1054, VaLoss:  4.95929	 10 sampled NNs | VaAcc: 0.1116 +- 0.0086 | VaLoss: 4.0417 +- 0.1616
 71,  0 | TrAcc: 0.1114, TrLoss:  4.83482, VaAcc: 0.1086, VaLoss:  4.93275	 10 sampled NNs | VaAcc: 0.1138 +- 0.0108 | VaLoss: 4.0296 +- 0.1090
 72,  0 | TrAcc: 0.1131, TrLoss:  4.84190, VaAcc: 0.1075, VaLoss:  4.92290	 10 sampled NNs | VaAcc: 0.1136 +- 0.0059 | VaLoss: 4.0920 +- 0.1576
 73,  0 | TrAcc: 0.1128, TrLoss:  4.82981, VaAcc: 0.1091, VaLoss:  4.97005	 10 sampled NNs | VaAcc: 0.1077 +- 0.0077 | VaLoss: 4.1738 +- 0.1919
 74,  0 | TrAcc: 0.1122, TrLoss:  4.84047, VaAcc: 0.1132, VaLoss:  4.91922	 10 sampled NNs | VaAcc: 0.1141 +- 0.0081 | VaLoss: 4.0379 +- 0.1681
 75,  0 | TrAcc: 0.1130, TrLoss:  4.85075, VaAcc: 0.1095, VaLoss:  4.87293	 10 sampled NNs | VaAcc: 0.1129 +- 0.0095 | VaLoss: 4.0227 +- 0.1861
 76,  0 | TrAcc: 0.1129, TrLoss:  4.84319, VaAcc: 0.1076, VaLoss:  4.98885	 10 sampled NNs | VaAcc: 0.1136 +- 0.0061 | VaLoss: 3.9635 +- 0.1008
 77,  0 | TrAcc: 0.1124, TrLoss:  4.83965, VaAcc: 0.1087, VaLoss:  4.89532	 10 sampled NNs | VaAcc: 0.1096 +- 0.0050 | VaLoss: 4.0754 +- 0.1074
 78,  0 | TrAcc: 0.1112, TrLoss:  4.84525, VaAcc: 0.1127, VaLoss:  4.83356	 10 sampled NNs | VaAcc: 0.1095 +- 0.0063 | VaLoss: 4.0296 +- 0.1825
 79,  0 | TrAcc: 0.1124, TrLoss:  4.85839, VaAcc: 0.1108, VaLoss:  4.85329	 10 sampled NNs | VaAcc: 0.1104 +- 0.0080 | VaLoss: 4.2112 +- 0.2483
 80,  0 | TrAcc: 0.1107, TrLoss:  4.85537, VaAcc: 0.1086, VaLoss:  4.92066	 10 sampled NNs | VaAcc: 0.1129 +- 0.0092 | VaLoss: 4.1426 +- 0.2243
 81,  0 | TrAcc: 0.1128, TrLoss:  4.83471, VaAcc: 0.1085, VaLoss:  4.95413	 10 sampled NNs | VaAcc: 0.1129 +- 0.0083 | VaLoss: 3.9872 +- 0.2163
 82,  0 | TrAcc: 0.1130, TrLoss:  4.84174, VaAcc: 0.1087, VaLoss:  4.91243	 10 sampled NNs | VaAcc: 0.1070 +- 0.0087 | VaLoss: 4.0713 +- 0.1705
 83,  0 | TrAcc: 0.1118, TrLoss:  4.85071, VaAcc: 0.1089, VaLoss:  4.97242	 10 sampled NNs | VaAcc: 0.1094 +- 0.0072 | VaLoss: 4.0888 +- 0.1881
 84,  0 | TrAcc: 0.1129, TrLoss:  4.84462, VaAcc: 0.1098, VaLoss:  4.89661	 10 sampled NNs | VaAcc: 0.1139 +- 0.0050 | VaLoss: 3.9995 +- 0.1631
 85,  0 | TrAcc: 0.1113, TrLoss:  4.86350, VaAcc: 0.1082, VaLoss:  4.96129	 10 sampled NNs | VaAcc: 0.1080 +- 0.0077 | VaLoss: 4.1189 +- 0.1282
 86,  0 | TrAcc: 0.1122, TrLoss:  4.86154, VaAcc: 0.1106, VaLoss:  4.87635	 10 sampled NNs | VaAcc: 0.1104 +- 0.0087 | VaLoss: 4.1241 +- 0.1520
 87,  0 | TrAcc: 0.1111, TrLoss:  4.85558, VaAcc: 0.1098, VaLoss:  4.89735	 10 sampled NNs | VaAcc: 0.1072 +- 0.0081 | VaLoss: 4.1450 +- 0.2435
 88,  0 | TrAcc: 0.1129, TrLoss:  4.84646, VaAcc: 0.1093, VaLoss:  4.88833	 10 sampled NNs | VaAcc: 0.1116 +- 0.0083 | VaLoss: 4.1174 +- 0.1901
 89,  0 | TrAcc: 0.1124, TrLoss:  4.86187, VaAcc: 0.1120, VaLoss:  4.84727	 10 sampled NNs | VaAcc: 0.1111 +- 0.0051 | VaLoss: 4.0781 +- 0.2057
 90,  0 | TrAcc: 0.1122, TrLoss:  4.82939, VaAcc: 0.1116, VaLoss:  4.91568	 10 sampled NNs | VaAcc: 0.1170 +- 0.0087 | VaLoss: 3.9737 +- 0.2016
 91,  0 | TrAcc: 0.1122, TrLoss:  4.83237, VaAcc: 0.1081, VaLoss:  4.94119	 10 sampled NNs | VaAcc: 0.1175 +- 0.0101 | VaLoss: 4.0130 +- 0.2086
 92,  0 | TrAcc: 0.1119, TrLoss:  4.82493, VaAcc: 0.1090, VaLoss:  4.93975	 10 sampled NNs | VaAcc: 0.1096 +- 0.0070 | VaLoss: 4.1427 +- 0.1735
 93,  0 | TrAcc: 0.1123, TrLoss:  4.83688, VaAcc: 0.1101, VaLoss:  4.89107	 10 sampled NNs | VaAcc: 0.1182 +- 0.0071 | VaLoss: 3.9982 +- 0.1931
 94,  0 | TrAcc: 0.1118, TrLoss:  4.85321, VaAcc: 0.1079, VaLoss:  4.90754	 10 sampled NNs | VaAcc: 0.1084 +- 0.0107 | VaLoss: 4.1133 +- 0.2430
 95,  0 | TrAcc: 0.1125, TrLoss:  4.85297, VaAcc: 0.1108, VaLoss:  4.86170	 10 sampled NNs | VaAcc: 0.1127 +- 0.0084 | VaLoss: 4.0930 +- 0.1838
 96,  0 | TrAcc: 0.1131, TrLoss:  4.81345, VaAcc: 0.1095, VaLoss:  4.90018	 10 sampled NNs | VaAcc: 0.1112 +- 0.0036 | VaLoss: 4.0796 +- 0.2036
 97,  0 | TrAcc: 0.1124, TrLoss:  4.82411, VaAcc: 0.1084, VaLoss:  4.86511	 10 sampled NNs | VaAcc: 0.1138 +- 0.0060 | VaLoss: 4.0208 +- 0.1419
 98,  0 | TrAcc: 0.1130, TrLoss:  4.81229, VaAcc: 0.1129, VaLoss:  4.84423	 10 sampled NNs | VaAcc: 0.1134 +- 0.0083 | VaLoss: 4.1177 +- 0.1651
 99,  0 | TrAcc: 0.1106, TrLoss:  4.83173, VaAcc: 0.1073, VaLoss:  4.93574	 10 sampled NNs | VaAcc: 0.1132 +- 0.0095 | VaLoss: 4.0015 +- 0.1809
2157.509091
----------------------------
