
=============================
CONFIG FILE

RNN CONFIG
{'data_multiplier': 10.0,
 'gradient_clip_value': 0.5,
 'layer_configs': [{'layer_type': 'input'},
                   {'bc': {'init_m': 'xavier',
                           'init_v': -4.5,
                           'prior_m': 0.0,
                           'prior_v': 0.0,
                           'type': 'continuous'},
                    'bf': {'init_m': 'xavier',
                           'init_v': -4.5,
                           'prior_m': 0.0,
                           'prior_v': 0.0,
                           'type': 'continuous'},
                    'bi': {'init_m': 'xavier',
                           'init_v': -4.5,
                           'prior_m': 0.0,
                           'prior_v': 0.0,
                           'type': 'continuous'},
                    'bo': {'init_m': 'xavier',
                           'init_v': -4.5,
                           'prior_m': 0.0,
                           'prior_v': 0.0,
                           'type': 'continuous'},
                    'init_config': {'c': {'b': 'all_zero', 'w': 'xavier'},
                                    'f': {'b': 'all_one', 'w': 'all_zero'},
                                    'i': {'b': 'all_zero', 'w': 'xavier'},
                                    'o': {'b': 'all_zero', 'w': 'xavier'}},
                    'is_output': False,
                    'is_recurrent': True,
                    'layer_type': 'lstm',
                    'tau': 1.0,
                    'var_scope': 'lstm_0',
                    'wc': {'beta_reg': 3e-06,
                           'pmax': 0.9,
                           'pmin': -0.9,
                           'priors': [0.5, 0.5],
                           'type': 'binary'},
                    'wf': {'beta_reg': 3e-06,
                           'pmax': 0.9,
                           'pmin': -0.9,
                           'priors': [0.5, 0.5],
                           'type': 'binary'},
                    'wi': {'beta_reg': 3e-06,
                           'pmax': 0.9,
                           'pmin': -0.9,
                           'priors': [0.5, 0.5],
                           'type': 'binary'},
                    'wo': {'beta_reg': 3e-06,
                           'pmax': 0.9,
                           'pmin': -0.9,
                           'priors': [0.5, 0.5],
                           'type': 'binary'}},
                   {'bc': {'init_m': 'xavier',
                           'init_v': -4.5,
                           'prior_m': 0.0,
                           'prior_v': 0.0,
                           'type': 'continuous'},
                    'bf': {'init_m': 'xavier',
                           'init_v': -4.5,
                           'prior_m': 0.0,
                           'prior_v': 0.0,
                           'type': 'continuous'},
                    'bi': {'init_m': 'xavier',
                           'init_v': -4.5,
                           'prior_m': 0.0,
                           'prior_v': 0.0,
                           'type': 'continuous'},
                    'bo': {'init_m': 'xavier',
                           'init_v': -4.5,
                           'prior_m': 0.0,
                           'prior_v': 0.0,
                           'type': 'continuous'},
                    'init_config': {'c': {'b': 'all_zero', 'w': 'xavier'},
                                    'f': {'b': 'all_one', 'w': 'all_zero'},
                                    'i': {'b': 'all_zero', 'w': 'xavier'},
                                    'o': {'b': 'all_zero', 'w': 'xavier'}},
                    'is_output': False,
                    'is_recurrent': True,
                    'layer_type': 'lstm',
                    'tau': 1.0,
                    'var_scope': 'lstm_1',
                    'wc': {'beta_reg': 3e-06,
                           'pmax': 0.9,
                           'pmin': -0.9,
                           'priors': [0.5, 0.5],
                           'type': 'binary'},
                    'wf': {'beta_reg': 3e-06,
                           'pmax': 0.9,
                           'pmin': -0.9,
                           'priors': [0.5, 0.5],
                           'type': 'binary'},
                    'wi': {'beta_reg': 3e-06,
                           'pmax': 0.9,
                           'pmin': -0.9,
                           'priors': [0.5, 0.5],
                           'type': 'binary'},
                    'wo': {'beta_reg': 3e-06,
                           'pmax': 0.9,
                           'pmin': -0.9,
                           'priors': [0.5, 0.5],
                           'type': 'binary'}},
                   {'b': {'init_m': 'xavier',
                          'init_v': -4.5,
                          'prior_m': 0.0,
                          'prior_v': 0.0,
                          'type': 'continuous'},
                    'is_output': True,
                    'is_recurrent': False,
                    'layer_type': 'fc',
                    'regularization': {'mode': None, 'strength': 0.02},
                    'tau': 1.0,
                    'var_scope': 'output_layer',
                    'w': {'beta_reg': 3e-06,
                          'pmax': 0.9,
                          'pmin': -0.9,
                          'priors': [0.5, 0.5],
                          'type': 'binary'}}],
 'layout': [4, 60, 60, 10],
 'output_type': 'classification'}

DATA CONFIG
{'dataset': 'red_penstroke',
 'tr': {'in_seq_len': 30,
        'minibatch_enabled': True,
        'minibatch_size': 1000,
        'out_seq_len': 5,
        'zero_padding': 20},
 'va': {'in_seq_len': 30,
        'minibatch_enabled': True,
        'minibatch_size': 1000,
        'out_seq_len': 5,
        'zero_padding': 20}}

TRAINING CONFIG
{'is_pretrain': False,
 'learning_rate': 0.001,
 'max_epochs': 200,
 'mode': {'max_epochs': 100, 'min_error': 0.0, 'name': 'classic'},
 'task_id': 2,
 'type': 'g_sampling',
 'v_loss': 0.0}
==============================


pretraning is over
  0,  0 | TrAcc: 0.1042, TrLoss:  5.04197, VaAcc: 0.1013, VaLoss:  5.21774	 10 sampled NNs | VaAcc: 0.1072 +- 0.0111 | VaLoss: 4.3732 +- 0.2188
  1,  0 | TrAcc: 0.1053, TrLoss:  5.02085, VaAcc: 0.1013, VaLoss:  5.19890	 10 sampled NNs | VaAcc: 0.1006 +- 0.0049 | VaLoss: 4.5001 +- 0.2144
  2,  0 | TrAcc: 0.1051, TrLoss:  5.02638, VaAcc: 0.1046, VaLoss:  5.13076	 10 sampled NNs | VaAcc: 0.1019 +- 0.0119 | VaLoss: 4.4737 +- 0.2602
  3,  0 | TrAcc: 0.1068, TrLoss:  5.02331, VaAcc: 0.1049, VaLoss:  5.08557	 10 sampled NNs | VaAcc: 0.1121 +- 0.0079 | VaLoss: 4.3174 +- 0.1087
  4,  0 | TrAcc: 0.1085, TrLoss:  4.98124, VaAcc: 0.1081, VaLoss:  5.07366	 10 sampled NNs | VaAcc: 0.1112 +- 0.0073 | VaLoss: 4.4419 +- 0.1868
  5,  0 | TrAcc: 0.1089, TrLoss:  5.00488, VaAcc: 0.1102, VaLoss:  5.05268	 10 sampled NNs | VaAcc: 0.1081 +- 0.0076 | VaLoss: 4.5059 +- 0.2021
  6,  0 | TrAcc: 0.1101, TrLoss:  5.01008, VaAcc: 0.1077, VaLoss:  5.09252	 10 sampled NNs | VaAcc: 0.1128 +- 0.0084 | VaLoss: 4.4759 +- 0.1486
  7,  0 | TrAcc: 0.1106, TrLoss:  5.00056, VaAcc: 0.1100, VaLoss:  5.08613	 10 sampled NNs | VaAcc: 0.1117 +- 0.0086 | VaLoss: 4.4894 +- 0.2798
  8,  0 | TrAcc: 0.1131, TrLoss:  4.98077, VaAcc: 0.1097, VaLoss:  5.05646	 10 sampled NNs | VaAcc: 0.1161 +- 0.0086 | VaLoss: 4.4337 +- 0.1778
  9,  0 | TrAcc: 0.1120, TrLoss:  5.00274, VaAcc: 0.1086, VaLoss:  5.15986	 10 sampled NNs | VaAcc: 0.1108 +- 0.0074 | VaLoss: 4.4422 +- 0.1472
 10,  0 | TrAcc: 0.1133, TrLoss:  4.98723, VaAcc: 0.1127, VaLoss:  5.10249	 10 sampled NNs | VaAcc: 0.1168 +- 0.0063 | VaLoss: 4.5082 +- 0.2052
 11,  0 | TrAcc: 0.1131, TrLoss:  4.98482, VaAcc: 0.1112, VaLoss:  5.06484	 10 sampled NNs | VaAcc: 0.1178 +- 0.0076 | VaLoss: 4.3712 +- 0.1833
 12,  0 | TrAcc: 0.1134, TrLoss:  5.00433, VaAcc: 0.1134, VaLoss:  5.01966	 10 sampled NNs | VaAcc: 0.1149 +- 0.0088 | VaLoss: 4.3250 +- 0.1142
 13,  0 | TrAcc: 0.1130, TrLoss:  4.98191, VaAcc: 0.1092, VaLoss:  5.06284	 10 sampled NNs | VaAcc: 0.1158 +- 0.0057 | VaLoss: 4.4233 +- 0.1395
 14,  0 | TrAcc: 0.1136, TrLoss:  4.98390, VaAcc: 0.1143, VaLoss:  5.06424	 10 sampled NNs | VaAcc: 0.1150 +- 0.0094 | VaLoss: 4.4717 +- 0.1714
 15,  0 | TrAcc: 0.1130, TrLoss:  5.00828, VaAcc: 0.1126, VaLoss:  5.03061	 10 sampled NNs | VaAcc: 0.1125 +- 0.0100 | VaLoss: 4.4769 +- 0.2071
 16,  0 | TrAcc: 0.1147, TrLoss:  4.96561, VaAcc: 0.1125, VaLoss:  5.03420	 10 sampled NNs | VaAcc: 0.1140 +- 0.0086 | VaLoss: 4.4240 +- 0.1388
 17,  0 | TrAcc: 0.1142, TrLoss:  4.97950, VaAcc: 0.1130, VaLoss:  5.06469	 10 sampled NNs | VaAcc: 0.1135 +- 0.0070 | VaLoss: 4.4051 +- 0.1396
 18,  0 | TrAcc: 0.1130, TrLoss:  4.97943, VaAcc: 0.1130, VaLoss:  5.04475	 10 sampled NNs | VaAcc: 0.1146 +- 0.0091 | VaLoss: 4.4247 +- 0.1811
 19,  0 | TrAcc: 0.1142, TrLoss:  5.00668, VaAcc: 0.1122, VaLoss:  5.01321	 10 sampled NNs | VaAcc: 0.1140 +- 0.0080 | VaLoss: 4.3566 +- 0.1211
 20,  0 | TrAcc: 0.1123, TrLoss:  5.00937, VaAcc: 0.1099, VaLoss:  5.12321	 10 sampled NNs | VaAcc: 0.1182 +- 0.0069 | VaLoss: 4.4534 +- 0.1810
 21,  0 | TrAcc: 0.1143, TrLoss:  5.00475, VaAcc: 0.1096, VaLoss:  5.13989	 10 sampled NNs | VaAcc: 0.1159 +- 0.0068 | VaLoss: 4.4328 +- 0.1522
 22,  0 | TrAcc: 0.1152, TrLoss:  4.96106, VaAcc: 0.1123, VaLoss:  5.05644	 10 sampled NNs | VaAcc: 0.1109 +- 0.0046 | VaLoss: 4.4702 +- 0.1418
 23,  0 | TrAcc: 0.1147, TrLoss:  4.96964, VaAcc: 0.1132, VaLoss:  5.05700	 10 sampled NNs | VaAcc: 0.1151 +- 0.0089 | VaLoss: 4.3859 +- 0.2279
 24,  0 | TrAcc: 0.1151, TrLoss:  4.97453, VaAcc: 0.1136, VaLoss:  5.03806	 10 sampled NNs | VaAcc: 0.1149 +- 0.0062 | VaLoss: 4.4795 +- 0.1773
 25,  0 | TrAcc: 0.1147, TrLoss:  4.98250, VaAcc: 0.1134, VaLoss:  5.04953	 10 sampled NNs | VaAcc: 0.1164 +- 0.0057 | VaLoss: 4.4427 +- 0.1642
 26,  0 | TrAcc: 0.1151, TrLoss:  4.95469, VaAcc: 0.1118, VaLoss:  5.08558	 10 sampled NNs | VaAcc: 0.1165 +- 0.0073 | VaLoss: 4.4164 +- 0.1717
 27,  0 | TrAcc: 0.1133, TrLoss:  4.99288, VaAcc: 0.1134, VaLoss:  5.00862	 10 sampled NNs | VaAcc: 0.1211 +- 0.0091 | VaLoss: 4.4157 +- 0.1520
 28,  0 | TrAcc: 0.1135, TrLoss:  5.00046, VaAcc: 0.1125, VaLoss:  5.10494	 10 sampled NNs | VaAcc: 0.1127 +- 0.0087 | VaLoss: 4.4328 +- 0.1476
 29,  0 | TrAcc: 0.1152, TrLoss:  4.96970, VaAcc: 0.1142, VaLoss:  5.01827	 10 sampled NNs | VaAcc: 0.1165 +- 0.0093 | VaLoss: 4.4778 +- 0.1664
 30,  0 | TrAcc: 0.1152, TrLoss:  4.98624, VaAcc: 0.1119, VaLoss:  5.09994	 10 sampled NNs | VaAcc: 0.1162 +- 0.0073 | VaLoss: 4.4061 +- 0.1945
 31,  0 | TrAcc: 0.1155, TrLoss:  4.98792, VaAcc: 0.1111, VaLoss:  5.06276	 10 sampled NNs | VaAcc: 0.1171 +- 0.0084 | VaLoss: 4.3345 +- 0.1771
 32,  0 | TrAcc: 0.1143, TrLoss:  5.00849, VaAcc: 0.1120, VaLoss:  5.15933	 10 sampled NNs | VaAcc: 0.1207 +- 0.0071 | VaLoss: 4.3787 +- 0.2362
 33,  0 | TrAcc: 0.1143, TrLoss:  4.98857, VaAcc: 0.1141, VaLoss:  5.05320	 10 sampled NNs | VaAcc: 0.1161 +- 0.0058 | VaLoss: 4.4568 +- 0.2022
 34,  0 | TrAcc: 0.1157, TrLoss:  4.98523, VaAcc: 0.1136, VaLoss:  5.01384	 10 sampled NNs | VaAcc: 0.1177 +- 0.0119 | VaLoss: 4.4147 +- 0.2817
 35,  0 | TrAcc: 0.1147, TrLoss:  4.97496, VaAcc: 0.1143, VaLoss:  5.01657	 10 sampled NNs | VaAcc: 0.1179 +- 0.0100 | VaLoss: 4.4607 +- 0.1797
 36,  0 | TrAcc: 0.1151, TrLoss:  4.98806, VaAcc: 0.1135, VaLoss:  5.01904	 10 sampled NNs | VaAcc: 0.1155 +- 0.0058 | VaLoss: 4.4573 +- 0.1824
 37,  0 | TrAcc: 0.1164, TrLoss:  4.95194, VaAcc: 0.1130, VaLoss:  5.05004	 10 sampled NNs | VaAcc: 0.1135 +- 0.0075 | VaLoss: 4.4481 +- 0.1836
 38,  0 | TrAcc: 0.1157, TrLoss:  4.96273, VaAcc: 0.1119, VaLoss:  5.08380	 10 sampled NNs | VaAcc: 0.1135 +- 0.0069 | VaLoss: 4.3935 +- 0.1510
 39,  0 | TrAcc: 0.1145, TrLoss:  4.97434, VaAcc: 0.1107, VaLoss:  5.03318	 10 sampled NNs | VaAcc: 0.1121 +- 0.0079 | VaLoss: 4.4901 +- 0.2521
 40,  0 | TrAcc: 0.1161, TrLoss:  4.95615, VaAcc: 0.1138, VaLoss:  5.05229	 10 sampled NNs | VaAcc: 0.1172 +- 0.0047 | VaLoss: 4.3518 +- 0.1232
 41,  0 | TrAcc: 0.1144, TrLoss:  4.98560, VaAcc: 0.1101, VaLoss:  5.02002	 10 sampled NNs | VaAcc: 0.1160 +- 0.0071 | VaLoss: 4.4024 +- 0.1575
 42,  0 | TrAcc: 0.1147, TrLoss:  4.97044, VaAcc: 0.1124, VaLoss:  5.06479	 10 sampled NNs | VaAcc: 0.1162 +- 0.0099 | VaLoss: 4.3867 +- 0.1569
 43,  0 | TrAcc: 0.1156, TrLoss:  4.97829, VaAcc: 0.1136, VaLoss:  4.99037	 10 sampled NNs | VaAcc: 0.1167 +- 0.0059 | VaLoss: 4.3982 +- 0.1900
 44,  0 | TrAcc: 0.1152, TrLoss:  4.98503, VaAcc: 0.1127, VaLoss:  5.07053	 10 sampled NNs | VaAcc: 0.1176 +- 0.0065 | VaLoss: 4.2880 +- 0.1617
 45,  0 | TrAcc: 0.1147, TrLoss:  4.94549, VaAcc: 0.1123, VaLoss:  5.03899	 10 sampled NNs | VaAcc: 0.1182 +- 0.0064 | VaLoss: 4.3561 +- 0.0860
 46,  0 | TrAcc: 0.1152, TrLoss:  4.97652, VaAcc: 0.1121, VaLoss:  4.98471	 10 sampled NNs | VaAcc: 0.1202 +- 0.0062 | VaLoss: 4.3293 +- 0.1017
 47,  0 | TrAcc: 0.1144, TrLoss:  4.97318, VaAcc: 0.1116, VaLoss:  5.02682	 10 sampled NNs | VaAcc: 0.1214 +- 0.0124 | VaLoss: 4.3748 +- 0.2047
 48,  0 | TrAcc: 0.1139, TrLoss:  4.96626, VaAcc: 0.1126, VaLoss:  5.07211	 10 sampled NNs | VaAcc: 0.1142 +- 0.0069 | VaLoss: 4.3701 +- 0.1639
 49,  0 | TrAcc: 0.1147, TrLoss:  4.96417, VaAcc: 0.1126, VaLoss:  5.03218	 10 sampled NNs | VaAcc: 0.1145 +- 0.0064 | VaLoss: 4.4012 +- 0.1743
 50,  0 | TrAcc: 0.1147, TrLoss:  4.96283, VaAcc: 0.1129, VaLoss:  5.11740	 10 sampled NNs | VaAcc: 0.1193 +- 0.0062 | VaLoss: 4.2815 +- 0.1659
 51,  0 | TrAcc: 0.1140, TrLoss:  4.95742, VaAcc: 0.1127, VaLoss:  5.03018	 10 sampled NNs | VaAcc: 0.1148 +- 0.0060 | VaLoss: 4.4817 +- 0.1625
 52,  0 | TrAcc: 0.1155, TrLoss:  4.96066, VaAcc: 0.1157, VaLoss:  5.01988	 10 sampled NNs | VaAcc: 0.1164 +- 0.0105 | VaLoss: 4.3463 +- 0.2156
 53,  0 | TrAcc: 0.1143, TrLoss:  4.96714, VaAcc: 0.1144, VaLoss:  5.06155	 10 sampled NNs | VaAcc: 0.1135 +- 0.0058 | VaLoss: 4.4674 +- 0.3736
 54,  0 | TrAcc: 0.1161, TrLoss:  4.91286, VaAcc: 0.1133, VaLoss:  5.09909	 10 sampled NNs | VaAcc: 0.1146 +- 0.0104 | VaLoss: 4.3864 +- 0.1870
 55,  0 | TrAcc: 0.1156, TrLoss:  4.93181, VaAcc: 0.1102, VaLoss:  5.08610	 10 sampled NNs | VaAcc: 0.1195 +- 0.0083 | VaLoss: 4.3214 +- 0.1764
 56,  0 | TrAcc: 0.1148, TrLoss:  4.99522, VaAcc: 0.1163, VaLoss:  4.95466	 10 sampled NNs | VaAcc: 0.1153 +- 0.0046 | VaLoss: 4.3229 +- 0.1139
 57,  0 | TrAcc: 0.1155, TrLoss:  4.92441, VaAcc: 0.1134, VaLoss:  5.05094	 10 sampled NNs | VaAcc: 0.1184 +- 0.0074 | VaLoss: 4.3126 +- 0.1541
 58,  0 | TrAcc: 0.1147, TrLoss:  4.93424, VaAcc: 0.1170, VaLoss:  4.98702	 10 sampled NNs | VaAcc: 0.1103 +- 0.0093 | VaLoss: 4.5277 +- 0.1581
 59,  0 | TrAcc: 0.1155, TrLoss:  4.94781, VaAcc: 0.1142, VaLoss:  4.99319	 10 sampled NNs | VaAcc: 0.1205 +- 0.0077 | VaLoss: 4.3380 +- 0.2259
 60,  0 | TrAcc: 0.1141, TrLoss:  4.94829, VaAcc: 0.1116, VaLoss:  5.00648	 10 sampled NNs | VaAcc: 0.1206 +- 0.0043 | VaLoss: 4.3972 +- 0.2203
 61,  0 | TrAcc: 0.1137, TrLoss:  4.96740, VaAcc: 0.1138, VaLoss:  4.93823	 10 sampled NNs | VaAcc: 0.1143 +- 0.0064 | VaLoss: 4.3947 +- 0.1917
 62,  0 | TrAcc: 0.1141, TrLoss:  4.96296, VaAcc: 0.1131, VaLoss:  4.98533	 10 sampled NNs | VaAcc: 0.1150 +- 0.0067 | VaLoss: 4.3707 +- 0.2026
 63,  0 | TrAcc: 0.1157, TrLoss:  4.93866, VaAcc: 0.1096, VaLoss:  5.08344	 10 sampled NNs | VaAcc: 0.1156 +- 0.0080 | VaLoss: 4.3704 +- 0.1397
 64,  0 | TrAcc: 0.1150, TrLoss:  4.92917, VaAcc: 0.1128, VaLoss:  5.04208	 10 sampled NNs | VaAcc: 0.1190 +- 0.0078 | VaLoss: 4.3426 +- 0.1560
 65,  0 | TrAcc: 0.1155, TrLoss:  4.95803, VaAcc: 0.1151, VaLoss:  5.04424	 10 sampled NNs | VaAcc: 0.1184 +- 0.0063 | VaLoss: 4.3805 +- 0.1708
 66,  0 | TrAcc: 0.1151, TrLoss:  4.93643, VaAcc: 0.1105, VaLoss:  5.09419	 10 sampled NNs | VaAcc: 0.1171 +- 0.0061 | VaLoss: 4.3131 +- 0.1696
 67,  0 | TrAcc: 0.1153, TrLoss:  4.91317, VaAcc: 0.1139, VaLoss:  5.04972	 10 sampled NNs | VaAcc: 0.1155 +- 0.0076 | VaLoss: 4.3758 +- 0.1569
 68,  0 | TrAcc: 0.1142, TrLoss:  4.92025, VaAcc: 0.1149, VaLoss:  4.97655	 10 sampled NNs | VaAcc: 0.1154 +- 0.0110 | VaLoss: 4.3166 +- 0.1817
 69,  0 | TrAcc: 0.1143, TrLoss:  4.97270, VaAcc: 0.1117, VaLoss:  4.98135	 10 sampled NNs | VaAcc: 0.1166 +- 0.0093 | VaLoss: 4.3341 +- 0.1698
 70,  0 | TrAcc: 0.1137, TrLoss:  4.91467, VaAcc: 0.1106, VaLoss:  5.02195	 10 sampled NNs | VaAcc: 0.1177 +- 0.0065 | VaLoss: 4.4320 +- 0.1593
 71,  0 | TrAcc: 0.1157, TrLoss:  4.91669, VaAcc: 0.1154, VaLoss:  4.97735	 10 sampled NNs | VaAcc: 0.1167 +- 0.0081 | VaLoss: 4.3827 +- 0.1399
 72,  0 | TrAcc: 0.1147, TrLoss:  4.92899, VaAcc: 0.1124, VaLoss:  4.98577	 10 sampled NNs | VaAcc: 0.1153 +- 0.0083 | VaLoss: 4.3184 +- 0.1482
 73,  0 | TrAcc: 0.1154, TrLoss:  4.93721, VaAcc: 0.1138, VaLoss:  4.94006	 10 sampled NNs | VaAcc: 0.1143 +- 0.0117 | VaLoss: 4.4428 +- 0.3841
 74,  0 | TrAcc: 0.1158, TrLoss:  4.93409, VaAcc: 0.1179, VaLoss:  4.95642	 10 sampled NNs | VaAcc: 0.1153 +- 0.0077 | VaLoss: 4.3903 +- 0.1227
 75,  0 | TrAcc: 0.1150, TrLoss:  4.92585, VaAcc: 0.1138, VaLoss:  5.00908	 10 sampled NNs | VaAcc: 0.1175 +- 0.0036 | VaLoss: 4.3542 +- 0.1697
 76,  0 | TrAcc: 0.1157, TrLoss:  4.93436, VaAcc: 0.1167, VaLoss:  4.91787	 10 sampled NNs | VaAcc: 0.1164 +- 0.0084 | VaLoss: 4.3633 +- 0.2592
 77,  0 | TrAcc: 0.1141, TrLoss:  4.94050, VaAcc: 0.1122, VaLoss:  5.00299	 10 sampled NNs | VaAcc: 0.1162 +- 0.0109 | VaLoss: 4.3662 +- 0.2314
 78,  0 | TrAcc: 0.1165, TrLoss:  4.91590, VaAcc: 0.1124, VaLoss:  4.98684	 10 sampled NNs | VaAcc: 0.1137 +- 0.0096 | VaLoss: 4.4744 +- 0.1706
 79,  0 | TrAcc: 0.1143, TrLoss:  4.94797, VaAcc: 0.1103, VaLoss:  5.05754	 10 sampled NNs | VaAcc: 0.1154 +- 0.0097 | VaLoss: 4.4104 +- 0.2531
 80,  0 | TrAcc: 0.1145, TrLoss:  4.93225, VaAcc: 0.1099, VaLoss:  5.02057	 10 sampled NNs | VaAcc: 0.1177 +- 0.0088 | VaLoss: 4.3104 +- 0.1819
 81,  0 | TrAcc: 0.1154, TrLoss:  4.92985, VaAcc: 0.1144, VaLoss:  4.98610	 10 sampled NNs | VaAcc: 0.1142 +- 0.0080 | VaLoss: 4.4300 +- 0.1536
 82,  0 | TrAcc: 0.1153, TrLoss:  4.92082, VaAcc: 0.1106, VaLoss:  5.07213	 10 sampled NNs | VaAcc: 0.1179 +- 0.0066 | VaLoss: 4.4042 +- 0.1700
 83,  0 | TrAcc: 0.1165, TrLoss:  4.88306, VaAcc: 0.1108, VaLoss:  5.08908	 10 sampled NNs | VaAcc: 0.1156 +- 0.0066 | VaLoss: 4.3945 +- 0.1621
 84,  0 | TrAcc: 0.1139, TrLoss:  4.94999, VaAcc: 0.1126, VaLoss:  5.02840	 10 sampled NNs | VaAcc: 0.1163 +- 0.0062 | VaLoss: 4.3469 +- 0.1573
 85,  0 | TrAcc: 0.1153, TrLoss:  4.93463, VaAcc: 0.1114, VaLoss:  5.04200	 10 sampled NNs | VaAcc: 0.1157 +- 0.0069 | VaLoss: 4.3459 +- 0.1998
 86,  0 | TrAcc: 0.1150, TrLoss:  4.89034, VaAcc: 0.1147, VaLoss:  5.03065	 10 sampled NNs | VaAcc: 0.1159 +- 0.0063 | VaLoss: 4.3493 +- 0.2313
 87,  0 | TrAcc: 0.1147, TrLoss:  4.92647, VaAcc: 0.1137, VaLoss:  4.99289	 10 sampled NNs | VaAcc: 0.1174 +- 0.0083 | VaLoss: 4.3217 +- 0.1742
 88,  0 | TrAcc: 0.1161, TrLoss:  4.93190, VaAcc: 0.1136, VaLoss:  5.05020	 10 sampled NNs | VaAcc: 0.1131 +- 0.0079 | VaLoss: 4.3848 +- 0.1851
 89,  0 | TrAcc: 0.1152, TrLoss:  4.91761, VaAcc: 0.1140, VaLoss:  5.01882	 10 sampled NNs | VaAcc: 0.1185 +- 0.0102 | VaLoss: 4.3645 +- 0.1594
 90,  0 | TrAcc: 0.1152, TrLoss:  4.89646, VaAcc: 0.1142, VaLoss:  5.02987	 10 sampled NNs | VaAcc: 0.1174 +- 0.0090 | VaLoss: 4.4476 +- 0.1390
 91,  0 | TrAcc: 0.1159, TrLoss:  4.91672, VaAcc: 0.1141, VaLoss:  4.99662	 10 sampled NNs | VaAcc: 0.1133 +- 0.0050 | VaLoss: 4.3317 +- 0.1689
 92,  0 | TrAcc: 0.1155, TrLoss:  4.93800, VaAcc: 0.1129, VaLoss:  4.95960	 10 sampled NNs | VaAcc: 0.1144 +- 0.0078 | VaLoss: 4.4087 +- 0.2664
 93,  0 | TrAcc: 0.1152, TrLoss:  4.88543, VaAcc: 0.1117, VaLoss:  4.98153	 10 sampled NNs | VaAcc: 0.1165 +- 0.0079 | VaLoss: 4.4020 +- 0.1345
 94,  0 | TrAcc: 0.1143, TrLoss:  4.92961, VaAcc: 0.1142, VaLoss:  4.99104	 10 sampled NNs | VaAcc: 0.1161 +- 0.0050 | VaLoss: 4.3720 +- 0.1392
 95,  0 | TrAcc: 0.1150, TrLoss:  4.88974, VaAcc: 0.1141, VaLoss:  4.96999	 10 sampled NNs | VaAcc: 0.1162 +- 0.0067 | VaLoss: 4.4176 +- 0.2075
 96,  0 | TrAcc: 0.1144, TrLoss:  4.91571, VaAcc: 0.1145, VaLoss:  4.96729	 10 sampled NNs | VaAcc: 0.1127 +- 0.0098 | VaLoss: 4.4369 +- 0.2734
 97,  0 | TrAcc: 0.1145, TrLoss:  4.91003, VaAcc: 0.1134, VaLoss:  4.97216	 10 sampled NNs | VaAcc: 0.1174 +- 0.0063 | VaLoss: 4.4003 +- 0.1633
 98,  0 | TrAcc: 0.1144, TrLoss:  4.92245, VaAcc: 0.1114, VaLoss:  5.02738	 10 sampled NNs | VaAcc: 0.1173 +- 0.0115 | VaLoss: 4.3696 +- 0.2133
 99,  0 | TrAcc: 0.1146, TrLoss:  4.91828, VaAcc: 0.1121, VaLoss:  5.03042	 10 sampled NNs | VaAcc: 0.1158 +- 0.0065 | VaLoss: 4.2807 +- 0.1833
2159.025169
----------------------------
