
=============================
CONFIG FILE

RNN CONFIG
{'data_multiplier': 10.0,
 'gradient_clip_value': 0.5,
 'layer_configs': [{'layer_type': 'input'},
                   {'bc': {'init_m': 'xavier',
                           'init_v': -4.5,
                           'prior_m': 0.0,
                           'prior_v': 0.0,
                           'type': 'continuous'},
                    'bf': {'init_m': 'xavier',
                           'init_v': -4.5,
                           'prior_m': 0.0,
                           'prior_v': 0.0,
                           'type': 'continuous'},
                    'bi': {'init_m': 'xavier',
                           'init_v': -4.5,
                           'prior_m': 0.0,
                           'prior_v': 0.0,
                           'type': 'continuous'},
                    'bo': {'init_m': 'xavier',
                           'init_v': -4.5,
                           'prior_m': 0.0,
                           'prior_v': 0.0,
                           'type': 'continuous'},
                    'init_config': {'c': {'b': 'all_zero', 'w': 'xavier'},
                                    'f': {'b': 'all_one', 'w': 'all_zero'},
                                    'i': {'b': 'all_zero', 'w': 'xavier'},
                                    'o': {'b': 'all_zero', 'w': 'xavier'}},
                    'is_output': False,
                    'is_recurrent': True,
                    'layer_type': 'lstm',
                    'tau': 1.0,
                    'var_scope': 'lstm_0',
                    'wc': {'beta_reg': 1.5e-06,
                           'pmax': 0.9,
                           'pmin': -0.9,
                           'priors': [0.5, 0.5],
                           'type': 'binary'},
                    'wf': {'beta_reg': 1.5e-06,
                           'pmax': 0.9,
                           'pmin': -0.9,
                           'priors': [0.5, 0.5],
                           'type': 'binary'},
                    'wi': {'beta_reg': 1.5e-06,
                           'pmax': 0.9,
                           'pmin': -0.9,
                           'priors': [0.5, 0.5],
                           'type': 'binary'},
                    'wo': {'beta_reg': 1.5e-06,
                           'pmax': 0.9,
                           'pmin': -0.9,
                           'priors': [0.5, 0.5],
                           'type': 'binary'}},
                   {'bc': {'init_m': 'xavier',
                           'init_v': -4.5,
                           'prior_m': 0.0,
                           'prior_v': 0.0,
                           'type': 'continuous'},
                    'bf': {'init_m': 'xavier',
                           'init_v': -4.5,
                           'prior_m': 0.0,
                           'prior_v': 0.0,
                           'type': 'continuous'},
                    'bi': {'init_m': 'xavier',
                           'init_v': -4.5,
                           'prior_m': 0.0,
                           'prior_v': 0.0,
                           'type': 'continuous'},
                    'bo': {'init_m': 'xavier',
                           'init_v': -4.5,
                           'prior_m': 0.0,
                           'prior_v': 0.0,
                           'type': 'continuous'},
                    'init_config': {'c': {'b': 'all_zero', 'w': 'xavier'},
                                    'f': {'b': 'all_one', 'w': 'all_zero'},
                                    'i': {'b': 'all_zero', 'w': 'xavier'},
                                    'o': {'b': 'all_zero', 'w': 'xavier'}},
                    'is_output': False,
                    'is_recurrent': True,
                    'layer_type': 'lstm',
                    'tau': 1.0,
                    'var_scope': 'lstm_1',
                    'wc': {'beta_reg': 1.5e-06,
                           'pmax': 0.9,
                           'pmin': -0.9,
                           'priors': [0.5, 0.5],
                           'type': 'binary'},
                    'wf': {'beta_reg': 1.5e-06,
                           'pmax': 0.9,
                           'pmin': -0.9,
                           'priors': [0.5, 0.5],
                           'type': 'binary'},
                    'wi': {'beta_reg': 1.5e-06,
                           'pmax': 0.9,
                           'pmin': -0.9,
                           'priors': [0.5, 0.5],
                           'type': 'binary'},
                    'wo': {'beta_reg': 1.5e-06,
                           'pmax': 0.9,
                           'pmin': -0.9,
                           'priors': [0.5, 0.5],
                           'type': 'binary'}},
                   {'b': {'init_m': 'xavier',
                          'init_v': -4.5,
                          'prior_m': 0.0,
                          'prior_v': 0.0,
                          'type': 'continuous'},
                    'is_output': True,
                    'is_recurrent': False,
                    'layer_type': 'fc',
                    'regularization': {'mode': None, 'strength': 0.02},
                    'tau': 1.0,
                    'var_scope': 'output_layer',
                    'w': {'beta_reg': 1.5e-06,
                          'pmax': 0.9,
                          'pmin': -0.9,
                          'priors': [0.5, 0.5],
                          'type': 'binary'}}],
 'layout': [4, 60, 60, 10],
 'output_type': 'classification'}

DATA CONFIG
{'dataset': 'red_penstroke',
 'tr': {'in_seq_len': 30,
        'minibatch_enabled': True,
        'minibatch_size': 1000,
        'out_seq_len': 5,
        'zero_padding': 20},
 'va': {'in_seq_len': 30,
        'minibatch_enabled': True,
        'minibatch_size': 1000,
        'out_seq_len': 5,
        'zero_padding': 20}}

TRAINING CONFIG
{'is_pretrain': False,
 'learning_rate': 0.001,
 'max_epochs': 200,
 'mode': {'max_epochs': 100, 'min_error': 0.0, 'name': 'classic'},
 'task_id': 0,
 'type': 'g_sampling',
 'v_loss': 0.0}
==============================


pretraning is over
  0,  0 | TrAcc: 0.1050, TrLoss:  4.98263, VaAcc: 0.1050, VaLoss:  5.08332	 10 sampled NNs | VaAcc: 0.1071 +- 0.0079 | VaLoss: 4.4390 +- 0.1800
  1,  0 | TrAcc: 0.1055, TrLoss:  4.97574, VaAcc: 0.1062, VaLoss:  5.06216	 10 sampled NNs | VaAcc: 0.1089 +- 0.0088 | VaLoss: 4.3401 +- 0.2330
  2,  0 | TrAcc: 0.1051, TrLoss:  4.98208, VaAcc: 0.1048, VaLoss:  5.03413	 10 sampled NNs | VaAcc: 0.1037 +- 0.0054 | VaLoss: 4.2712 +- 0.1639
  3,  0 | TrAcc: 0.1058, TrLoss:  4.91596, VaAcc: 0.1059, VaLoss:  4.99859	 10 sampled NNs | VaAcc: 0.1059 +- 0.0067 | VaLoss: 4.2152 +- 0.1709
  4,  0 | TrAcc: 0.1071, TrLoss:  4.92713, VaAcc: 0.1044, VaLoss:  5.03873	 10 sampled NNs | VaAcc: 0.1096 +- 0.0070 | VaLoss: 4.2186 +- 0.2192
  5,  0 | TrAcc: 0.1080, TrLoss:  4.90425, VaAcc: 0.1020, VaLoss:  4.98368	 10 sampled NNs | VaAcc: 0.1043 +- 0.0082 | VaLoss: 4.2865 +- 0.1727
  6,  0 | TrAcc: 0.1086, TrLoss:  4.90808, VaAcc: 0.1043, VaLoss:  5.00720	 10 sampled NNs | VaAcc: 0.1066 +- 0.0049 | VaLoss: 4.2537 +- 0.1493
  7,  0 | TrAcc: 0.1086, TrLoss:  4.93942, VaAcc: 0.1079, VaLoss:  4.97187	 10 sampled NNs | VaAcc: 0.1094 +- 0.0082 | VaLoss: 4.2246 +- 0.1501
  8,  0 | TrAcc: 0.1088, TrLoss:  4.91620, VaAcc: 0.1065, VaLoss:  4.95285	 10 sampled NNs | VaAcc: 0.1026 +- 0.0081 | VaLoss: 4.2844 +- 0.1922
  9,  0 | TrAcc: 0.1089, TrLoss:  4.89918, VaAcc: 0.1028, VaLoss:  5.08126	 10 sampled NNs | VaAcc: 0.1101 +- 0.0101 | VaLoss: 4.1180 +- 0.1282
 10,  0 | TrAcc: 0.1102, TrLoss:  4.91982, VaAcc: 0.1089, VaLoss:  4.92301	 10 sampled NNs | VaAcc: 0.1094 +- 0.0075 | VaLoss: 4.0769 +- 0.1508
 11,  0 | TrAcc: 0.1087, TrLoss:  4.96139, VaAcc: 0.1081, VaLoss:  5.00154	 10 sampled NNs | VaAcc: 0.1050 +- 0.0104 | VaLoss: 4.1261 +- 0.1438
 12,  0 | TrAcc: 0.1086, TrLoss:  4.94582, VaAcc: 0.1083, VaLoss:  4.99921	 10 sampled NNs | VaAcc: 0.1078 +- 0.0108 | VaLoss: 4.0815 +- 0.1805
 13,  0 | TrAcc: 0.1104, TrLoss:  4.94493, VaAcc: 0.1055, VaLoss:  4.95668	 10 sampled NNs | VaAcc: 0.1068 +- 0.0109 | VaLoss: 4.1603 +- 0.1923
 14,  0 | TrAcc: 0.1097, TrLoss:  4.95151, VaAcc: 0.1071, VaLoss:  5.02554	 10 sampled NNs | VaAcc: 0.1096 +- 0.0100 | VaLoss: 4.0959 +- 0.2392
 15,  0 | TrAcc: 0.1091, TrLoss:  4.95417, VaAcc: 0.1030, VaLoss:  5.00812	 10 sampled NNs | VaAcc: 0.1081 +- 0.0037 | VaLoss: 4.1459 +- 0.1044
 16,  0 | TrAcc: 0.1091, TrLoss:  4.97397, VaAcc: 0.1080, VaLoss:  4.98252	 10 sampled NNs | VaAcc: 0.1109 +- 0.0108 | VaLoss: 4.0470 +- 0.1110
 17,  0 | TrAcc: 0.1109, TrLoss:  4.94688, VaAcc: 0.1078, VaLoss:  5.07610	 10 sampled NNs | VaAcc: 0.1087 +- 0.0092 | VaLoss: 4.1109 +- 0.1819
 18,  0 | TrAcc: 0.1098, TrLoss:  4.98685, VaAcc: 0.1077, VaLoss:  5.04781	 10 sampled NNs | VaAcc: 0.1073 +- 0.0060 | VaLoss: 4.0665 +- 0.1767
 19,  0 | TrAcc: 0.1085, TrLoss:  4.97721, VaAcc: 0.1090, VaLoss:  5.04292	 10 sampled NNs | VaAcc: 0.1121 +- 0.0079 | VaLoss: 4.1456 +- 0.2363
 20,  0 | TrAcc: 0.1095, TrLoss:  4.99459, VaAcc: 0.1057, VaLoss:  5.00795	 10 sampled NNs | VaAcc: 0.1077 +- 0.0070 | VaLoss: 4.0447 +- 0.0923
 21,  0 | TrAcc: 0.1097, TrLoss:  4.98185, VaAcc: 0.1079, VaLoss:  4.99136	 10 sampled NNs | VaAcc: 0.1107 +- 0.0055 | VaLoss: 4.0521 +- 0.1267
 22,  0 | TrAcc: 0.1102, TrLoss:  4.94605, VaAcc: 0.1065, VaLoss:  5.03725	 10 sampled NNs | VaAcc: 0.1094 +- 0.0062 | VaLoss: 4.0567 +- 0.2829
 23,  0 | TrAcc: 0.1111, TrLoss:  4.96344, VaAcc: 0.1089, VaLoss:  5.01088	 10 sampled NNs | VaAcc: 0.1098 +- 0.0054 | VaLoss: 4.0501 +- 0.2393
 24,  0 | TrAcc: 0.1106, TrLoss:  4.97124, VaAcc: 0.1084, VaLoss:  5.07955	 10 sampled NNs | VaAcc: 0.1100 +- 0.0076 | VaLoss: 4.0578 +- 0.0895
 25,  0 | TrAcc: 0.1100, TrLoss:  4.99366, VaAcc: 0.1071, VaLoss:  5.02119	 10 sampled NNs | VaAcc: 0.1065 +- 0.0056 | VaLoss: 4.1278 +- 0.1457
 26,  0 | TrAcc: 0.1101, TrLoss:  4.99209, VaAcc: 0.1058, VaLoss:  5.12372	 10 sampled NNs | VaAcc: 0.1048 +- 0.0068 | VaLoss: 4.1697 +- 0.1138
 27,  0 | TrAcc: 0.1098, TrLoss:  5.00518, VaAcc: 0.1098, VaLoss:  5.04964	 10 sampled NNs | VaAcc: 0.1130 +- 0.0084 | VaLoss: 4.0365 +- 0.1714
 28,  0 | TrAcc: 0.1104, TrLoss:  4.99796, VaAcc: 0.1089, VaLoss:  5.03260	 10 sampled NNs | VaAcc: 0.1167 +- 0.0102 | VaLoss: 3.9668 +- 0.2242
 29,  0 | TrAcc: 0.1092, TrLoss:  4.99164, VaAcc: 0.1076, VaLoss:  5.04977	 10 sampled NNs | VaAcc: 0.1102 +- 0.0066 | VaLoss: 4.0085 +- 0.0762
 30,  0 | TrAcc: 0.1113, TrLoss:  5.00960, VaAcc: 0.1070, VaLoss:  5.05335	 10 sampled NNs | VaAcc: 0.1083 +- 0.0073 | VaLoss: 4.0360 +- 0.2347
 31,  0 | TrAcc: 0.1110, TrLoss:  4.98391, VaAcc: 0.1078, VaLoss:  5.11178	 10 sampled NNs | VaAcc: 0.1164 +- 0.0073 | VaLoss: 3.9549 +- 0.1369
 32,  0 | TrAcc: 0.1114, TrLoss:  4.98809, VaAcc: 0.1104, VaLoss:  5.06726	 10 sampled NNs | VaAcc: 0.1071 +- 0.0065 | VaLoss: 4.1158 +- 0.1600
 33,  0 | TrAcc: 0.1094, TrLoss:  5.01184, VaAcc: 0.1055, VaLoss:  5.08802	 10 sampled NNs | VaAcc: 0.1093 +- 0.0096 | VaLoss: 4.0817 +- 0.1664
 34,  0 | TrAcc: 0.1106, TrLoss:  4.98190, VaAcc: 0.1067, VaLoss:  5.10444	 10 sampled NNs | VaAcc: 0.1090 +- 0.0107 | VaLoss: 4.0112 +- 0.1489
 35,  0 | TrAcc: 0.1104, TrLoss:  5.00137, VaAcc: 0.1079, VaLoss:  5.08542	 10 sampled NNs | VaAcc: 0.1063 +- 0.0085 | VaLoss: 4.0714 +- 0.2080
 36,  0 | TrAcc: 0.1108, TrLoss:  5.00664, VaAcc: 0.1060, VaLoss:  5.11969	 10 sampled NNs | VaAcc: 0.1050 +- 0.0070 | VaLoss: 4.0487 +- 0.2557
 37,  0 | TrAcc: 0.1104, TrLoss:  5.00956, VaAcc: 0.1124, VaLoss:  4.98400	 10 sampled NNs | VaAcc: 0.1092 +- 0.0068 | VaLoss: 4.0665 +- 0.2966
 38,  0 | TrAcc: 0.1101, TrLoss:  5.02847, VaAcc: 0.1047, VaLoss:  5.06269	 10 sampled NNs | VaAcc: 0.1091 +- 0.0065 | VaLoss: 3.9746 +- 0.1515
 39,  0 | TrAcc: 0.1102, TrLoss:  5.02863, VaAcc: 0.1083, VaLoss:  5.00865	 10 sampled NNs | VaAcc: 0.1132 +- 0.0083 | VaLoss: 4.0992 +- 0.1507
 40,  0 | TrAcc: 0.1107, TrLoss:  4.98652, VaAcc: 0.1074, VaLoss:  5.17584	 10 sampled NNs | VaAcc: 0.1071 +- 0.0094 | VaLoss: 4.0130 +- 0.2110
 41,  0 | TrAcc: 0.1108, TrLoss:  4.97909, VaAcc: 0.1062, VaLoss:  5.00230	 10 sampled NNs | VaAcc: 0.1080 +- 0.0065 | VaLoss: 4.0403 +- 0.1425
 42,  0 | TrAcc: 0.1101, TrLoss:  4.98902, VaAcc: 0.1051, VaLoss:  5.00949	 10 sampled NNs | VaAcc: 0.1096 +- 0.0096 | VaLoss: 4.0539 +- 0.2226
 43,  0 | TrAcc: 0.1106, TrLoss:  5.00576, VaAcc: 0.1059, VaLoss:  5.06540	 10 sampled NNs | VaAcc: 0.1107 +- 0.0078 | VaLoss: 4.0662 +- 0.1943
 44,  0 | TrAcc: 0.1091, TrLoss:  5.03706, VaAcc: 0.1053, VaLoss:  5.07194	 10 sampled NNs | VaAcc: 0.1102 +- 0.0065 | VaLoss: 4.0127 +- 0.1283
 45,  0 | TrAcc: 0.1093, TrLoss:  5.01415, VaAcc: 0.1063, VaLoss:  5.01823	 10 sampled NNs | VaAcc: 0.1075 +- 0.0113 | VaLoss: 4.0981 +- 0.2812
 46,  0 | TrAcc: 0.1112, TrLoss:  4.98760, VaAcc: 0.1067, VaLoss:  5.04326	 10 sampled NNs | VaAcc: 0.1055 +- 0.0069 | VaLoss: 4.0936 +- 0.2433
 47,  0 | TrAcc: 0.1096, TrLoss:  4.98186, VaAcc: 0.1077, VaLoss:  5.05641	 10 sampled NNs | VaAcc: 0.1086 +- 0.0074 | VaLoss: 4.0350 +- 0.1927
 48,  0 | TrAcc: 0.1100, TrLoss:  5.01997, VaAcc: 0.1062, VaLoss:  5.05542	 10 sampled NNs | VaAcc: 0.1091 +- 0.0076 | VaLoss: 4.0921 +- 0.2484
 49,  0 | TrAcc: 0.1119, TrLoss:  4.97243, VaAcc: 0.1089, VaLoss:  5.04994	 10 sampled NNs | VaAcc: 0.1092 +- 0.0107 | VaLoss: 4.0601 +- 0.1998
 50,  0 | TrAcc: 0.1095, TrLoss:  5.00325, VaAcc: 0.1051, VaLoss:  5.10222	 10 sampled NNs | VaAcc: 0.1121 +- 0.0070 | VaLoss: 3.8948 +- 0.1427
 51,  0 | TrAcc: 0.1108, TrLoss:  4.98483, VaAcc: 0.1085, VaLoss:  5.15532	 10 sampled NNs | VaAcc: 0.1119 +- 0.0056 | VaLoss: 4.1443 +- 0.2033
 52,  0 | TrAcc: 0.1103, TrLoss:  5.02211, VaAcc: 0.1089, VaLoss:  4.98549	 10 sampled NNs | VaAcc: 0.1097 +- 0.0092 | VaLoss: 4.0158 +- 0.1576
 53,  0 | TrAcc: 0.1092, TrLoss:  5.00872, VaAcc: 0.1101, VaLoss:  5.00905	 10 sampled NNs | VaAcc: 0.1046 +- 0.0080 | VaLoss: 3.9575 +- 0.1433
 54,  0 | TrAcc: 0.1103, TrLoss:  5.01737, VaAcc: 0.1072, VaLoss:  5.07278	 10 sampled NNs | VaAcc: 0.1096 +- 0.0071 | VaLoss: 3.9695 +- 0.1217
 55,  0 | TrAcc: 0.1110, TrLoss:  5.00067, VaAcc: 0.1053, VaLoss:  5.08704	 10 sampled NNs | VaAcc: 0.1077 +- 0.0055 | VaLoss: 4.1889 +- 0.2445
 56,  0 | TrAcc: 0.1099, TrLoss:  4.98235, VaAcc: 0.1096, VaLoss:  5.03648	 10 sampled NNs | VaAcc: 0.1112 +- 0.0086 | VaLoss: 4.0610 +- 0.2769
 57,  0 | TrAcc: 0.1107, TrLoss:  4.97545, VaAcc: 0.1064, VaLoss:  5.06586	 10 sampled NNs | VaAcc: 0.1051 +- 0.0069 | VaLoss: 3.9608 +- 0.1073
 58,  0 | TrAcc: 0.1096, TrLoss:  5.02389, VaAcc: 0.1088, VaLoss:  5.05619	 10 sampled NNs | VaAcc: 0.1098 +- 0.0056 | VaLoss: 4.0072 +- 0.1339
 59,  0 | TrAcc: 0.1111, TrLoss:  4.98576, VaAcc: 0.1075, VaLoss:  5.05264	 10 sampled NNs | VaAcc: 0.1116 +- 0.0050 | VaLoss: 3.8823 +- 0.1406
 60,  0 | TrAcc: 0.1125, TrLoss:  4.98123, VaAcc: 0.1084, VaLoss:  5.09038	 10 sampled NNs | VaAcc: 0.1103 +- 0.0125 | VaLoss: 4.0232 +- 0.2012
 61,  0 | TrAcc: 0.1111, TrLoss:  5.01534, VaAcc: 0.1082, VaLoss:  5.09084	 10 sampled NNs | VaAcc: 0.1113 +- 0.0101 | VaLoss: 4.0064 +- 0.1281
 62,  0 | TrAcc: 0.1113, TrLoss:  5.00187, VaAcc: 0.1064, VaLoss:  5.13978	 10 sampled NNs | VaAcc: 0.1102 +- 0.0059 | VaLoss: 4.0909 +- 0.1899
 63,  0 | TrAcc: 0.1111, TrLoss:  5.00348, VaAcc: 0.1072, VaLoss:  5.10565	 10 sampled NNs | VaAcc: 0.1121 +- 0.0081 | VaLoss: 4.0072 +- 0.1419
 64,  0 | TrAcc: 0.1114, TrLoss:  5.00555, VaAcc: 0.1097, VaLoss:  4.95158	 10 sampled NNs | VaAcc: 0.1077 +- 0.0077 | VaLoss: 4.0493 +- 0.1698
 65,  0 | TrAcc: 0.1109, TrLoss:  5.00120, VaAcc: 0.1103, VaLoss:  5.03047	 10 sampled NNs | VaAcc: 0.1113 +- 0.0073 | VaLoss: 4.0028 +- 0.1245
 66,  0 | TrAcc: 0.1111, TrLoss:  4.97774, VaAcc: 0.1080, VaLoss:  5.08100	 10 sampled NNs | VaAcc: 0.1098 +- 0.0094 | VaLoss: 4.0808 +- 0.1846
 67,  0 | TrAcc: 0.1089, TrLoss:  5.00124, VaAcc: 0.1072, VaLoss:  5.02220	 10 sampled NNs | VaAcc: 0.1059 +- 0.0069 | VaLoss: 4.0421 +- 0.1371
 68,  0 | TrAcc: 0.1091, TrLoss:  4.99413, VaAcc: 0.1066, VaLoss:  5.08481	 10 sampled NNs | VaAcc: 0.1106 +- 0.0063 | VaLoss: 4.1106 +- 0.1924
 69,  0 | TrAcc: 0.1095, TrLoss:  4.98395, VaAcc: 0.1063, VaLoss:  5.08968	 10 sampled NNs | VaAcc: 0.1086 +- 0.0066 | VaLoss: 4.0378 +- 0.2041
 70,  0 | TrAcc: 0.1099, TrLoss:  4.98647, VaAcc: 0.1062, VaLoss:  5.08673	 10 sampled NNs | VaAcc: 0.1100 +- 0.0109 | VaLoss: 4.0969 +- 0.1888
 71,  0 | TrAcc: 0.1115, TrLoss:  4.99501, VaAcc: 0.1103, VaLoss:  5.06810	 10 sampled NNs | VaAcc: 0.1117 +- 0.0059 | VaLoss: 4.0316 +- 0.1836
 72,  0 | TrAcc: 0.1099, TrLoss:  5.00434, VaAcc: 0.1058, VaLoss:  5.03072	 10 sampled NNs | VaAcc: 0.1108 +- 0.0072 | VaLoss: 3.9993 +- 0.1646
 73,  0 | TrAcc: 0.1100, TrLoss:  5.00767, VaAcc: 0.1080, VaLoss:  5.08643	 10 sampled NNs | VaAcc: 0.1089 +- 0.0092 | VaLoss: 3.9444 +- 0.1934
 74,  0 | TrAcc: 0.1114, TrLoss:  4.97955, VaAcc: 0.1056, VaLoss:  5.04049	 10 sampled NNs | VaAcc: 0.1076 +- 0.0049 | VaLoss: 4.1000 +- 0.1589
 75,  0 | TrAcc: 0.1094, TrLoss:  5.00532, VaAcc: 0.1069, VaLoss:  5.03261	 10 sampled NNs | VaAcc: 0.1076 +- 0.0078 | VaLoss: 4.1580 +- 0.2634
 76,  0 | TrAcc: 0.1109, TrLoss:  4.99513, VaAcc: 0.1066, VaLoss:  5.09355	 10 sampled NNs | VaAcc: 0.1120 +- 0.0085 | VaLoss: 3.9988 +- 0.1353
 77,  0 | TrAcc: 0.1095, TrLoss:  5.01942, VaAcc: 0.1083, VaLoss:  4.99187	 10 sampled NNs | VaAcc: 0.1106 +- 0.0067 | VaLoss: 4.1017 +- 0.2601
 78,  0 | TrAcc: 0.1104, TrLoss:  5.00465, VaAcc: 0.1080, VaLoss:  5.01135	 10 sampled NNs | VaAcc: 0.1095 +- 0.0084 | VaLoss: 4.0731 +- 0.1823
 79,  0 | TrAcc: 0.1102, TrLoss:  5.01708, VaAcc: 0.1078, VaLoss:  5.09043	 10 sampled NNs | VaAcc: 0.1105 +- 0.0085 | VaLoss: 4.0394 +- 0.1182
 80,  0 | TrAcc: 0.1093, TrLoss:  4.99843, VaAcc: 0.1105, VaLoss:  4.95207	 10 sampled NNs | VaAcc: 0.1124 +- 0.0062 | VaLoss: 4.0064 +- 0.1754
 81,  0 | TrAcc: 0.1110, TrLoss:  4.99715, VaAcc: 0.1090, VaLoss:  5.08808	 10 sampled NNs | VaAcc: 0.1069 +- 0.0057 | VaLoss: 4.0539 +- 0.1596
 82,  0 | TrAcc: 0.1112, TrLoss:  4.97597, VaAcc: 0.1073, VaLoss:  4.97279	 10 sampled NNs | VaAcc: 0.1098 +- 0.0084 | VaLoss: 3.9709 +- 0.2055
 83,  0 | TrAcc: 0.1100, TrLoss:  5.00403, VaAcc: 0.1064, VaLoss:  5.07384	 10 sampled NNs | VaAcc: 0.1120 +- 0.0099 | VaLoss: 3.9737 +- 0.1702
 84,  0 | TrAcc: 0.1108, TrLoss:  4.96386, VaAcc: 0.1085, VaLoss:  5.06455	 10 sampled NNs | VaAcc: 0.1111 +- 0.0064 | VaLoss: 3.9819 +- 0.1314
 85,  0 | TrAcc: 0.1095, TrLoss:  4.99252, VaAcc: 0.1099, VaLoss:  5.02364	 10 sampled NNs | VaAcc: 0.1112 +- 0.0089 | VaLoss: 3.9775 +- 0.1663
 86,  0 | TrAcc: 0.1095, TrLoss:  4.96645, VaAcc: 0.1039, VaLoss:  5.06320	 10 sampled NNs | VaAcc: 0.1090 +- 0.0064 | VaLoss: 3.9724 +- 0.2321
 87,  0 | TrAcc: 0.1108, TrLoss:  4.96848, VaAcc: 0.1072, VaLoss:  5.05325	 10 sampled NNs | VaAcc: 0.1095 +- 0.0065 | VaLoss: 4.0190 +- 0.1688
 88,  0 | TrAcc: 0.1114, TrLoss:  4.98452, VaAcc: 0.1082, VaLoss:  4.99096	 10 sampled NNs | VaAcc: 0.1068 +- 0.0088 | VaLoss: 4.0116 +- 0.1813
 89,  0 | TrAcc: 0.1113, TrLoss:  4.99987, VaAcc: 0.1109, VaLoss:  5.00119	 10 sampled NNs | VaAcc: 0.1072 +- 0.0064 | VaLoss: 4.0417 +- 0.2152
 90,  0 | TrAcc: 0.1096, TrLoss:  4.98691, VaAcc: 0.1082, VaLoss:  5.03007	 10 sampled NNs | VaAcc: 0.1074 +- 0.0065 | VaLoss: 4.0969 +- 0.2237
 91,  0 | TrAcc: 0.1109, TrLoss:  4.99272, VaAcc: 0.1073, VaLoss:  5.00539	 10 sampled NNs | VaAcc: 0.1097 +- 0.0076 | VaLoss: 3.9209 +- 0.1716
 92,  0 | TrAcc: 0.1106, TrLoss:  4.98129, VaAcc: 0.1088, VaLoss:  4.97546	 10 sampled NNs | VaAcc: 0.1076 +- 0.0041 | VaLoss: 4.0505 +- 0.1665
 93,  0 | TrAcc: 0.1099, TrLoss:  4.98357, VaAcc: 0.1078, VaLoss:  5.04399	 10 sampled NNs | VaAcc: 0.1086 +- 0.0068 | VaLoss: 4.1081 +- 0.1149
 94,  0 | TrAcc: 0.1103, TrLoss:  4.97452, VaAcc: 0.1100, VaLoss:  5.04931	 10 sampled NNs | VaAcc: 0.1098 +- 0.0092 | VaLoss: 4.0027 +- 0.1596
 95,  0 | TrAcc: 0.1109, TrLoss:  4.94655, VaAcc: 0.1085, VaLoss:  4.96004	 10 sampled NNs | VaAcc: 0.1100 +- 0.0057 | VaLoss: 4.0461 +- 0.1530
 96,  0 | TrAcc: 0.1103, TrLoss:  4.98573, VaAcc: 0.1095, VaLoss:  5.01462	 10 sampled NNs | VaAcc: 0.1096 +- 0.0045 | VaLoss: 3.9745 +- 0.1589
 97,  0 | TrAcc: 0.1086, TrLoss:  4.99442, VaAcc: 0.1076, VaLoss:  5.07119	 10 sampled NNs | VaAcc: 0.1034 +- 0.0090 | VaLoss: 4.0983 +- 0.1703
 98,  0 | TrAcc: 0.1107, TrLoss:  4.94204, VaAcc: 0.1108, VaLoss:  4.96862	 10 sampled NNs | VaAcc: 0.1069 +- 0.0057 | VaLoss: 4.0494 +- 0.1620
 99,  0 | TrAcc: 0.1107, TrLoss:  4.96376, VaAcc: 0.1075, VaLoss:  5.03127	 10 sampled NNs | VaAcc: 0.1143 +- 0.0146 | VaLoss: 4.0303 +- 0.1195
2157.424751
----------------------------
