
=============================
CONFIG FILE

RNN CONFIG
{'data_multiplier': 0.4,
 'gradient_clip_value': 0.5,
 'layer_configs': [{'layer_type': 'input'},
                   {'bc': {'init_m': 'xavier',
                           'init_v': -4.5,
                           'prior_m': 0.0,
                           'prior_v': 0.0,
                           'type': 'continuous'},
                    'bf': {'init_m': 'xavier',
                           'init_v': -4.5,
                           'prior_m': 0.0,
                           'prior_v': 0.0,
                           'type': 'continuous'},
                    'bi': {'init_m': 'xavier',
                           'init_v': -4.5,
                           'prior_m': 0.0,
                           'prior_v': 0.0,
                           'type': 'continuous'},
                    'bo': {'init_m': 'xavier',
                           'init_v': -4.5,
                           'prior_m': 0.0,
                           'prior_v': 0.0,
                           'type': 'continuous'},
                    'init_config': {'c': {'b': 'all_zero', 'w': 'xavier'},
                                    'f': {'b': 'all_one', 'w': 'all_zero'},
                                    'i': {'b': 'all_zero', 'w': 'xavier'},
                                    'o': {'b': 'all_zero', 'w': 'xavier'}},
                    'is_output': False,
                    'is_recurrent': True,
                    'layer_type': 'lstm',
                    'var_scope': 'lstm_0',
                    'wc': {'init_m': 'xavier',
                           'init_v': -4.5,
                           'prior_m': 0.0,
                           'prior_v': 0.0,
                           'type': 'continuous'},
                    'wf': {'init_m': 'xavier',
                           'init_v': -4.5,
                           'prior_m': 0.0,
                           'prior_v': 0.0,
                           'type': 'continuous'},
                    'wi': {'init_m': 'xavier',
                           'init_v': -4.5,
                           'prior_m': 0.0,
                           'prior_v': 0.0,
                           'type': 'continuous'},
                    'wo': {'init_m': 'xavier',
                           'init_v': -4.5,
                           'prior_m': 0.0,
                           'prior_v': 0.0,
                           'type': 'continuous'}},
                   {'bc': {'init_m': 'xavier',
                           'init_v': -4.5,
                           'prior_m': 0.0,
                           'prior_v': 0.0,
                           'type': 'continuous'},
                    'bf': {'init_m': 'xavier',
                           'init_v': -4.5,
                           'prior_m': 0.0,
                           'prior_v': 0.0,
                           'type': 'continuous'},
                    'bi': {'init_m': 'xavier',
                           'init_v': -4.5,
                           'prior_m': 0.0,
                           'prior_v': 0.0,
                           'type': 'continuous'},
                    'bo': {'init_m': 'xavier',
                           'init_v': -4.5,
                           'prior_m': 0.0,
                           'prior_v': 0.0,
                           'type': 'continuous'},
                    'init_config': {'c': {'b': 'all_zero', 'w': 'xavier'},
                                    'f': {'b': 'all_one', 'w': 'all_zero'},
                                    'i': {'b': 'all_zero', 'w': 'xavier'},
                                    'o': {'b': 'all_zero', 'w': 'xavier'}},
                    'is_output': False,
                    'is_recurrent': True,
                    'layer_type': 'lstm',
                    'var_scope': 'lstm_1',
                    'wc': {'init_m': 'xavier',
                           'init_v': -4.5,
                           'prior_m': 0.0,
                           'prior_v': 0.0,
                           'type': 'continuous'},
                    'wf': {'init_m': 'xavier',
                           'init_v': -4.5,
                           'prior_m': 0.0,
                           'prior_v': 0.0,
                           'type': 'continuous'},
                    'wi': {'init_m': 'xavier',
                           'init_v': -4.5,
                           'prior_m': 0.0,
                           'prior_v': 0.0,
                           'type': 'continuous'},
                    'wo': {'init_m': 'xavier',
                           'init_v': -4.5,
                           'prior_m': 0.0,
                           'prior_v': 0.0,
                           'type': 'continuous'}},
                   {'b': {'init_m': 'xavier',
                          'init_v': -4.5,
                          'prior_m': 0.0,
                          'prior_v': 0.0,
                          'type': 'continuous'},
                    'is_output': True,
                    'is_recurrent': False,
                    'layer_type': 'fc',
                    'regularization': {'mode': None, 'strength': 0.02},
                    'var_scope': 'output_layer',
                    'w': {'init_m': 'xavier',
                          'init_v': -4.5,
                          'prior_m': 0.0,
                          'prior_v': 0.0,
                          'type': 'continuous'}}],
 'layout': [4, 60, 60, 10],
 'output_type': 'classification'}

DATA CONFIG
{'dataset': 'red_penstroke',
 'tr': {'in_seq_len': 30,
        'minibatch_enabled': True,
        'minibatch_size': 1000,
        'out_seq_len': 5,
        'zero_padding': 20},
 'va': {'in_seq_len': 30,
        'minibatch_enabled': True,
        'minibatch_size': 1000,
        'out_seq_len': 5,
        'zero_padding': 20}}

TRAINING CONFIG
{'learning_rate': 0.002,
 'max_epochs': 200,
 'mode': {'max_epochs': 100, 'min_error': 0.0, 'name': 'classic'},
 'task_id': 3,
 'type': 'l_sampling',
 'v_loss': 50.0}
==============================


  0,  0 | TrAcc: 0.0893, TrLoss: 143.44234, VaAcc: 0.1086, VaLoss: 148.94717	 10 sampled NNs | VaAcc: 0.1088 +- 0.0011 | VaLoss: 2.4613 +- 0.0024
  1,  0 | TrAcc: 0.5113, TrLoss: 85.13104, VaAcc: 0.5264, VaLoss: 91.03239	 10 sampled NNs | VaAcc: 0.5776 +- 0.0022 | VaLoss: 1.2282 +- 0.0054
  2,  0 | TrAcc: 0.6422, TrLoss: 57.01679, VaAcc: 0.6500, VaLoss: 63.26215	 10 sampled NNs | VaAcc: 0.6766 +- 0.0023 | VaLoss: 0.9474 +- 0.0057
  3,  0 | TrAcc: 0.7007, TrLoss: 41.28615, VaAcc: 0.7015, VaLoss: 47.81862	 10 sampled NNs | VaAcc: 0.7225 +- 0.0025 | VaLoss: 0.8131 +- 0.0062
  4,  0 | TrAcc: 0.7283, TrLoss: 31.57219, VaAcc: 0.7267, VaLoss: 38.35454	 10 sampled NNs | VaAcc: 0.7419 +- 0.0027 | VaLoss: 0.7577 +- 0.0075
  5,  0 | TrAcc: 0.7450, TrLoss: 25.12718, VaAcc: 0.7379, VaLoss: 32.12603	 10 sampled NNs | VaAcc: 0.7512 +- 0.0026 | VaLoss: 0.7308 +- 0.0071
  6,  0 | TrAcc: 0.7608, TrLoss: 20.61424, VaAcc: 0.7462, VaLoss: 27.81744	 10 sampled NNs | VaAcc: 0.7631 +- 0.0019 | VaLoss: 0.7051 +- 0.0061
  7,  0 | TrAcc: 0.7736, TrLoss: 17.32222, VaAcc: 0.7537, VaLoss: 24.70236	 10 sampled NNs | VaAcc: 0.7668 +- 0.0026 | VaLoss: 0.6943 +- 0.0090
  8,  0 | TrAcc: 0.7802, TrLoss: 14.85555, VaAcc: 0.7533, VaLoss: 22.39617	 10 sampled NNs | VaAcc: 0.7680 +- 0.0017 | VaLoss: 0.6901 +- 0.0054
  9,  0 | TrAcc: 0.7910, TrLoss: 12.93575, VaAcc: 0.7607, VaLoss: 20.62444	 10 sampled NNs | VaAcc: 0.7689 +- 0.0018 | VaLoss: 0.6853 +- 0.0074
 10,  0 | TrAcc: 0.7973, TrLoss: 11.42845, VaAcc: 0.7619, VaLoss: 19.26213	 10 sampled NNs | VaAcc: 0.7698 +- 0.0020 | VaLoss: 0.6748 +- 0.0043
 11,  0 | TrAcc: 0.8046, TrLoss: 10.21835, VaAcc: 0.7632, VaLoss: 18.19720	 10 sampled NNs | VaAcc: 0.7707 +- 0.0027 | VaLoss: 0.6869 +- 0.0076
 12,  0 | TrAcc: 0.8092, TrLoss:  9.22791, VaAcc: 0.7647, VaLoss: 17.31863	 10 sampled NNs | VaAcc: 0.7706 +- 0.0022 | VaLoss: 0.6835 +- 0.0062
 13,  0 | TrAcc: 0.8149, TrLoss:  8.41052, VaAcc: 0.7641, VaLoss: 16.64229	 10 sampled NNs | VaAcc: 0.7702 +- 0.0024 | VaLoss: 0.6962 +- 0.0069
 14,  0 | TrAcc: 0.8212, TrLoss:  7.72289, VaAcc: 0.7635, VaLoss: 16.07421	 10 sampled NNs | VaAcc: 0.7721 +- 0.0026 | VaLoss: 0.6912 +- 0.0069
 15,  0 | TrAcc: 0.8275, TrLoss:  7.14116, VaAcc: 0.7656, VaLoss: 15.60611	 10 sampled NNs | VaAcc: 0.7736 +- 0.0019 | VaLoss: 0.6935 +- 0.0061
 16,  0 | TrAcc: 0.8321, TrLoss:  6.65208, VaAcc: 0.7665, VaLoss: 15.23085	 10 sampled NNs | VaAcc: 0.7721 +- 0.0022 | VaLoss: 0.7096 +- 0.0075
 17,  0 | TrAcc: 0.8363, TrLoss:  6.22975, VaAcc: 0.7662, VaLoss: 14.91591	 10 sampled NNs | VaAcc: 0.7659 +- 0.0015 | VaLoss: 0.7308 +- 0.0073
 18,  0 | TrAcc: 0.8426, TrLoss:  5.86194, VaAcc: 0.7586, VaLoss: 14.68560	 10 sampled NNs | VaAcc: 0.7665 +- 0.0028 | VaLoss: 0.7352 +- 0.0111
 19,  0 | TrAcc: 0.8448, TrLoss:  5.54858, VaAcc: 0.7635, VaLoss: 14.45207	 10 sampled NNs | VaAcc: 0.7675 +- 0.0031 | VaLoss: 0.7413 +- 0.0097
 20,  0 | TrAcc: 0.8551, TrLoss:  5.25760, VaAcc: 0.7647, VaLoss: 14.26884	 10 sampled NNs | VaAcc: 0.7691 +- 0.0017 | VaLoss: 0.7403 +- 0.0042
 21,  0 | TrAcc: 0.8534, TrLoss:  5.02672, VaAcc: 0.7560, VaLoss: 14.16170	 10 sampled NNs | VaAcc: 0.7633 +- 0.0028 | VaLoss: 0.7711 +- 0.0114
 22,  0 | TrAcc: 0.8607, TrLoss:  4.80386, VaAcc: 0.7560, VaLoss: 14.04154	 10 sampled NNs | VaAcc: 0.7645 +- 0.0025 | VaLoss: 0.7767 +- 0.0120
 23,  0 | TrAcc: 0.8636, TrLoss:  4.61764, VaAcc: 0.7557, VaLoss: 13.94015	 10 sampled NNs | VaAcc: 0.7643 +- 0.0008 | VaLoss: 0.7908 +- 0.0059
 24,  0 | TrAcc: 0.8669, TrLoss:  4.45002, VaAcc: 0.7587, VaLoss: 13.85738	 10 sampled NNs | VaAcc: 0.7620 +- 0.0020 | VaLoss: 0.8103 +- 0.0083
 25,  0 | TrAcc: 0.8717, TrLoss:  4.29421, VaAcc: 0.7545, VaLoss: 13.81522	 10 sampled NNs | VaAcc: 0.7571 +- 0.0022 | VaLoss: 0.8283 +- 0.0108
 26,  0 | TrAcc: 0.8741, TrLoss:  4.16616, VaAcc: 0.7574, VaLoss: 13.76607	 10 sampled NNs | VaAcc: 0.7595 +- 0.0013 | VaLoss: 0.8449 +- 0.0058
 27,  0 | TrAcc: 0.8763, TrLoss:  4.04725, VaAcc: 0.7449, VaLoss: 13.76437	 10 sampled NNs | VaAcc: 0.7506 +- 0.0012 | VaLoss: 0.8716 +- 0.0046
 28,  0 | TrAcc: 0.8774, TrLoss:  3.94486, VaAcc: 0.7444, VaLoss: 13.75605	 10 sampled NNs | VaAcc: 0.7503 +- 0.0025 | VaLoss: 0.8879 +- 0.0095
 29,  0 | TrAcc: 0.8814, TrLoss:  3.84784, VaAcc: 0.7439, VaLoss: 13.74660	 10 sampled NNs | VaAcc: 0.7499 +- 0.0029 | VaLoss: 0.8961 +- 0.0099
 30,  0 | TrAcc: 0.8873, TrLoss:  3.75154, VaAcc: 0.7463, VaLoss: 13.75166	 10 sampled NNs | VaAcc: 0.7521 +- 0.0025 | VaLoss: 0.9231 +- 0.0090
 31,  0 | TrAcc: 0.8894, TrLoss:  3.67566, VaAcc: 0.7434, VaLoss: 13.77172	 10 sampled NNs | VaAcc: 0.7474 +- 0.0030 | VaLoss: 0.9675 +- 0.0102
 32,  0 | TrAcc: 0.8895, TrLoss:  3.61558, VaAcc: 0.7451, VaLoss: 13.77464	 10 sampled NNs | VaAcc: 0.7486 +- 0.0016 | VaLoss: 0.9678 +- 0.0082
 33,  0 | TrAcc: 0.8951, TrLoss:  3.54221, VaAcc: 0.7436, VaLoss: 13.80725	 10 sampled NNs | VaAcc: 0.7491 +- 0.0024 | VaLoss: 0.9927 +- 0.0128
 34,  0 | TrAcc: 0.8996, TrLoss:  3.48298, VaAcc: 0.7389, VaLoss: 13.84266	 10 sampled NNs | VaAcc: 0.7436 +- 0.0029 | VaLoss: 1.0113 +- 0.0160
 35,  0 | TrAcc: 0.8983, TrLoss:  3.44002, VaAcc: 0.7385, VaLoss: 13.86143	 10 sampled NNs | VaAcc: 0.7415 +- 0.0026 | VaLoss: 1.0224 +- 0.0119
 36,  0 | TrAcc: 0.9038, TrLoss:  3.38638, VaAcc: 0.7412, VaLoss: 13.88974	 10 sampled NNs | VaAcc: 0.7397 +- 0.0018 | VaLoss: 1.0507 +- 0.0109
 37,  0 | TrAcc: 0.9074, TrLoss:  3.34157, VaAcc: 0.7385, VaLoss: 13.93455	 10 sampled NNs | VaAcc: 0.7423 +- 0.0025 | VaLoss: 1.0751 +- 0.0181
 38,  0 | TrAcc: 0.9093, TrLoss:  3.30433, VaAcc: 0.7359, VaLoss: 13.99085	 10 sampled NNs | VaAcc: 0.7363 +- 0.0020 | VaLoss: 1.1130 +- 0.0161
 39,  0 | TrAcc: 0.9103, TrLoss:  3.27249, VaAcc: 0.7278, VaLoss: 14.08407	 10 sampled NNs | VaAcc: 0.7343 +- 0.0021 | VaLoss: 1.1504 +- 0.0162
 40,  0 | TrAcc: 0.9120, TrLoss:  3.24404, VaAcc: 0.7294, VaLoss: 14.10087	 10 sampled NNs | VaAcc: 0.7333 +- 0.0027 | VaLoss: 1.1506 +- 0.0166
 41,  0 | TrAcc: 0.9118, TrLoss:  3.22276, VaAcc: 0.7270, VaLoss: 14.15310	 10 sampled NNs | VaAcc: 0.7296 +- 0.0026 | VaLoss: 1.1739 +- 0.0134
 42,  0 | TrAcc: 0.9161, TrLoss:  3.18989, VaAcc: 0.7355, VaLoss: 14.14169	 10 sampled NNs | VaAcc: 0.7327 +- 0.0020 | VaLoss: 1.1577 +- 0.0140
 43,  0 | TrAcc: 0.9157, TrLoss:  3.17362, VaAcc: 0.7285, VaLoss: 14.22770	 10 sampled NNs | VaAcc: 0.7284 +- 0.0022 | VaLoss: 1.2207 +- 0.0196
 44,  0 | TrAcc: 0.9191, TrLoss:  3.15058, VaAcc: 0.7358, VaLoss: 14.26428	 10 sampled NNs | VaAcc: 0.7322 +- 0.0024 | VaLoss: 1.2253 +- 0.0135
 45,  0 | TrAcc: 0.9234, TrLoss:  3.12699, VaAcc: 0.7235, VaLoss: 14.36612	 10 sampled NNs | VaAcc: 0.7299 +- 0.0022 | VaLoss: 1.2286 +- 0.0140
 46,  0 | TrAcc: 0.9234, TrLoss:  3.11488, VaAcc: 0.7254, VaLoss: 14.37616	 10 sampled NNs | VaAcc: 0.7268 +- 0.0015 | VaLoss: 1.2596 +- 0.0116
 47,  0 | TrAcc: 0.9254, TrLoss:  3.09933, VaAcc: 0.7287, VaLoss: 14.45263	 10 sampled NNs | VaAcc: 0.7303 +- 0.0018 | VaLoss: 1.2753 +- 0.0126
 48,  0 | TrAcc: 0.9236, TrLoss:  3.09252, VaAcc: 0.7313, VaLoss: 14.48547	 10 sampled NNs | VaAcc: 0.7287 +- 0.0021 | VaLoss: 1.3008 +- 0.0157
 49,  0 | TrAcc: 0.9261, TrLoss:  3.08004, VaAcc: 0.7317, VaLoss: 14.48559	 10 sampled NNs | VaAcc: 0.7312 +- 0.0022 | VaLoss: 1.2718 +- 0.0099
 50,  0 | TrAcc: 0.9291, TrLoss:  3.06659, VaAcc: 0.7215, VaLoss: 14.60519	 10 sampled NNs | VaAcc: 0.7235 +- 0.0023 | VaLoss: 1.3365 +- 0.0171
 51,  0 | TrAcc: 0.9314, TrLoss:  3.05573, VaAcc: 0.7229, VaLoss: 14.62594	 10 sampled NNs | VaAcc: 0.7238 +- 0.0024 | VaLoss: 1.3459 +- 0.0169
 52,  0 | TrAcc: 0.9300, TrLoss:  3.05542, VaAcc: 0.7213, VaLoss: 14.73294	 10 sampled NNs | VaAcc: 0.7197 +- 0.0017 | VaLoss: 1.4037 +- 0.0127
 53,  0 | TrAcc: 0.9273, TrLoss:  3.05733, VaAcc: 0.7112, VaLoss: 14.76678	 10 sampled NNs | VaAcc: 0.7118 +- 0.0030 | VaLoss: 1.4162 +- 0.0189
 54,  0 | TrAcc: 0.9334, TrLoss:  3.03813, VaAcc: 0.7182, VaLoss: 14.80122	 10 sampled NNs | VaAcc: 0.7241 +- 0.0026 | VaLoss: 1.3832 +- 0.0139
 55,  0 | TrAcc: 0.9342, TrLoss:  3.03337, VaAcc: 0.7241, VaLoss: 14.81145	 10 sampled NNs | VaAcc: 0.7264 +- 0.0029 | VaLoss: 1.3999 +- 0.0237
 56,  0 | TrAcc: 0.9371, TrLoss:  3.02483, VaAcc: 0.7206, VaLoss: 14.85947	 10 sampled NNs | VaAcc: 0.7243 +- 0.0026 | VaLoss: 1.3990 +- 0.0181
 57,  0 | TrAcc: 0.9379, TrLoss:  3.01953, VaAcc: 0.7274, VaLoss: 14.88530	 10 sampled NNs | VaAcc: 0.7327 +- 0.0019 | VaLoss: 1.3935 +- 0.0179
 58,  0 | TrAcc: 0.9394, TrLoss:  3.01543, VaAcc: 0.7210, VaLoss: 14.96016	 10 sampled NNs | VaAcc: 0.7216 +- 0.0025 | VaLoss: 1.4656 +- 0.0128
 59,  0 | TrAcc: 0.9405, TrLoss:  3.01130, VaAcc: 0.7188, VaLoss: 14.97343	 10 sampled NNs | VaAcc: 0.7174 +- 0.0015 | VaLoss: 1.4792 +- 0.0101
 60,  0 | TrAcc: 0.9426, TrLoss:  3.00639, VaAcc: 0.7189, VaLoss: 15.03770	 10 sampled NNs | VaAcc: 0.7173 +- 0.0023 | VaLoss: 1.5195 +- 0.0172
 61,  0 | TrAcc: 0.9397, TrLoss:  3.01177, VaAcc: 0.7152, VaLoss: 15.07813	 10 sampled NNs | VaAcc: 0.7175 +- 0.0026 | VaLoss: 1.4964 +- 0.0181
 62,  0 | TrAcc: 0.9427, TrLoss:  3.00414, VaAcc: 0.7175, VaLoss: 15.07307	 10 sampled NNs | VaAcc: 0.7160 +- 0.0031 | VaLoss: 1.5159 +- 0.0221
 63,  0 | TrAcc: 0.9414, TrLoss:  3.00758, VaAcc: 0.7163, VaLoss: 15.11931	 10 sampled NNs | VaAcc: 0.7161 +- 0.0020 | VaLoss: 1.5403 +- 0.0150
 64,  0 | TrAcc: 0.9439, TrLoss:  3.00089, VaAcc: 0.7143, VaLoss: 15.23038	 10 sampled NNs | VaAcc: 0.7135 +- 0.0026 | VaLoss: 1.5954 +- 0.0209
 65,  0 | TrAcc: 0.9452, TrLoss:  2.99939, VaAcc: 0.7171, VaLoss: 15.17603	 10 sampled NNs | VaAcc: 0.7177 +- 0.0018 | VaLoss: 1.5568 +- 0.0163
 66,  0 | TrAcc: 0.9446, TrLoss:  2.99875, VaAcc: 0.7189, VaLoss: 15.21261	 10 sampled NNs | VaAcc: 0.7191 +- 0.0015 | VaLoss: 1.5715 +- 0.0157
 67,  0 | TrAcc: 0.9434, TrLoss:  3.00168, VaAcc: 0.7179, VaLoss: 15.21845	 10 sampled NNs | VaAcc: 0.7161 +- 0.0016 | VaLoss: 1.5824 +- 0.0110
 68,  0 | TrAcc: 0.9461, TrLoss:  2.99428, VaAcc: 0.7196, VaLoss: 15.21683	 10 sampled NNs | VaAcc: 0.7174 +- 0.0020 | VaLoss: 1.5785 +- 0.0190
 69,  0 | TrAcc: 0.9468, TrLoss:  2.99253, VaAcc: 0.7212, VaLoss: 15.24239	 10 sampled NNs | VaAcc: 0.7185 +- 0.0023 | VaLoss: 1.6003 +- 0.0166
 70,  0 | TrAcc: 0.9479, TrLoss:  2.99077, VaAcc: 0.7138, VaLoss: 15.32627	 10 sampled NNs | VaAcc: 0.7121 +- 0.0031 | VaLoss: 1.6465 +- 0.0209
 71,  0 | TrAcc: 0.9487, TrLoss:  2.98846, VaAcc: 0.7075, VaLoss: 15.36163	 10 sampled NNs | VaAcc: 0.7092 +- 0.0023 | VaLoss: 1.6772 +- 0.0199
 72,  0 | TrAcc: 0.9493, TrLoss:  2.98770, VaAcc: 0.7180, VaLoss: 15.30244	 10 sampled NNs | VaAcc: 0.7125 +- 0.0031 | VaLoss: 1.6668 +- 0.0230
 73,  0 | TrAcc: 0.9481, TrLoss:  2.98935, VaAcc: 0.7117, VaLoss: 15.39372	 10 sampled NNs | VaAcc: 0.7130 +- 0.0025 | VaLoss: 1.6838 +- 0.0212
 74,  0 | TrAcc: 0.9497, TrLoss:  2.98592, VaAcc: 0.7106, VaLoss: 15.39005	 10 sampled NNs | VaAcc: 0.7151 +- 0.0017 | VaLoss: 1.6850 +- 0.0152
 75,  0 | TrAcc: 0.9486, TrLoss:  2.98883, VaAcc: 0.7130, VaLoss: 15.35696	 10 sampled NNs | VaAcc: 0.7135 +- 0.0015 | VaLoss: 1.6809 +- 0.0213
 76,  0 | TrAcc: 0.9488, TrLoss:  2.99123, VaAcc: 0.7136, VaLoss: 15.38431	 10 sampled NNs | VaAcc: 0.7170 +- 0.0021 | VaLoss: 1.6767 +- 0.0169
 77,  0 | TrAcc: 0.9521, TrLoss:  2.98031, VaAcc: 0.7152, VaLoss: 15.38424	 10 sampled NNs | VaAcc: 0.7155 +- 0.0020 | VaLoss: 1.6990 +- 0.0197
 78,  0 | TrAcc: 0.9525, TrLoss:  2.97934, VaAcc: 0.7155, VaLoss: 15.40477	 10 sampled NNs | VaAcc: 0.7149 +- 0.0024 | VaLoss: 1.7197 +- 0.0278
 79,  0 | TrAcc: 0.9483, TrLoss:  2.99223, VaAcc: 0.7129, VaLoss: 15.42335	 10 sampled NNs | VaAcc: 0.7129 +- 0.0012 | VaLoss: 1.7058 +- 0.0209
 80,  0 | TrAcc: 0.9498, TrLoss:  2.98697, VaAcc: 0.7108, VaLoss: 15.42679	 10 sampled NNs | VaAcc: 0.7136 +- 0.0026 | VaLoss: 1.7127 +- 0.0151
 81,  0 | TrAcc: 0.9511, TrLoss:  2.98449, VaAcc: 0.7099, VaLoss: 15.49108	 10 sampled NNs | VaAcc: 0.7168 +- 0.0017 | VaLoss: 1.7240 +- 0.0177
 82,  0 | TrAcc: 0.9525, TrLoss:  2.98089, VaAcc: 0.7068, VaLoss: 15.44787	 10 sampled NNs | VaAcc: 0.7069 +- 0.0029 | VaLoss: 1.7632 +- 0.0242
 83,  0 | TrAcc: 0.9502, TrLoss:  2.98615, VaAcc: 0.7099, VaLoss: 15.48953	 10 sampled NNs | VaAcc: 0.7104 +- 0.0026 | VaLoss: 1.7658 +- 0.0200
 84,  0 | TrAcc: 0.9541, TrLoss:  2.97662, VaAcc: 0.7134, VaLoss: 15.46450	 10 sampled NNs | VaAcc: 0.7131 +- 0.0028 | VaLoss: 1.7741 +- 0.0208
 85,  0 | TrAcc: 0.9539, TrLoss:  2.97649, VaAcc: 0.7127, VaLoss: 15.45310	 10 sampled NNs | VaAcc: 0.7107 +- 0.0022 | VaLoss: 1.7800 +- 0.0173
 86,  0 | TrAcc: 0.9538, TrLoss:  2.97688, VaAcc: 0.7151, VaLoss: 15.47276	 10 sampled NNs | VaAcc: 0.7184 +- 0.0012 | VaLoss: 1.7832 +- 0.0135
 87,  0 | TrAcc: 0.9546, TrLoss:  2.97585, VaAcc: 0.7081, VaLoss: 15.51968	 10 sampled NNs | VaAcc: 0.7086 +- 0.0022 | VaLoss: 1.7980 +- 0.0131
 88,  0 | TrAcc: 0.9559, TrLoss:  2.97321, VaAcc: 0.7098, VaLoss: 15.53302	 10 sampled NNs | VaAcc: 0.7123 +- 0.0023 | VaLoss: 1.8387 +- 0.0194
 89,  0 | TrAcc: 0.9536, TrLoss:  2.97631, VaAcc: 0.7117, VaLoss: 15.49624	 10 sampled NNs | VaAcc: 0.7100 +- 0.0027 | VaLoss: 1.8089 +- 0.0205
 90,  0 | TrAcc: 0.9531, TrLoss:  2.97868, VaAcc: 0.7120, VaLoss: 15.54260	 10 sampled NNs | VaAcc: 0.7122 +- 0.0021 | VaLoss: 1.8543 +- 0.0197
 91,  0 | TrAcc: 0.9571, TrLoss:  2.97043, VaAcc: 0.7092, VaLoss: 15.57523	 10 sampled NNs | VaAcc: 0.7089 +- 0.0020 | VaLoss: 1.8524 +- 0.0186
 92,  0 | TrAcc: 0.9561, TrLoss:  2.97264, VaAcc: 0.7117, VaLoss: 15.54826	 10 sampled NNs | VaAcc: 0.7119 +- 0.0026 | VaLoss: 1.8248 +- 0.0165
 93,  0 | TrAcc: 0.9577, TrLoss:  2.96752, VaAcc: 0.7122, VaLoss: 15.56455	 10 sampled NNs | VaAcc: 0.7109 +- 0.0023 | VaLoss: 1.8568 +- 0.0171
 94,  0 | TrAcc: 0.9561, TrLoss:  2.97191, VaAcc: 0.7140, VaLoss: 15.53233	 10 sampled NNs | VaAcc: 0.7115 +- 0.0015 | VaLoss: 1.8520 +- 0.0118
 95,  0 | TrAcc: 0.9581, TrLoss:  2.96844, VaAcc: 0.7091, VaLoss: 15.57372	 10 sampled NNs | VaAcc: 0.7113 +- 0.0016 | VaLoss: 1.8642 +- 0.0151
 96,  0 | TrAcc: 0.9569, TrLoss:  2.97031, VaAcc: 0.7064, VaLoss: 15.58645	 10 sampled NNs | VaAcc: 0.7073 +- 0.0032 | VaLoss: 1.8730 +- 0.0248
 97,  0 | TrAcc: 0.9573, TrLoss:  2.96820, VaAcc: 0.7103, VaLoss: 15.56574	 10 sampled NNs | VaAcc: 0.7115 +- 0.0023 | VaLoss: 1.8571 +- 0.0194
 98,  0 | TrAcc: 0.9514, TrLoss:  2.98946, VaAcc: 0.7096, VaLoss: 15.65908	 10 sampled NNs | VaAcc: 0.7122 +- 0.0014 | VaLoss: 1.9186 +- 0.0153
 99,  0 | TrAcc: 0.9581, TrLoss:  2.96760, VaAcc: 0.7072, VaLoss: 15.60877	 10 sampled NNs | VaAcc: 0.7082 +- 0.0017 | VaLoss: 1.8926 +- 0.0132
----------------------------
