
=============================
CONFIG FILE

RNN CONFIG
{'data_multiplier': 0.4,
 'gradient_clip_value': 0.5,
 'layer_configs': [{'layer_type': 'input'},
                   {'bc': {'init_m': 'xavier',
                           'init_v': -4.5,
                           'prior_m': 0.0,
                           'prior_v': 0.0,
                           'type': 'continuous'},
                    'bf': {'init_m': 'xavier',
                           'init_v': -4.5,
                           'prior_m': 0.0,
                           'prior_v': 0.0,
                           'type': 'continuous'},
                    'bi': {'init_m': 'xavier',
                           'init_v': -4.5,
                           'prior_m': 0.0,
                           'prior_v': 0.0,
                           'type': 'continuous'},
                    'bo': {'init_m': 'xavier',
                           'init_v': -4.5,
                           'prior_m': 0.0,
                           'prior_v': 0.0,
                           'type': 'continuous'},
                    'init_config': {'c': {'b': 'all_zero', 'w': 'xavier'},
                                    'f': {'b': 'all_one', 'w': 'all_zero'},
                                    'i': {'b': 'all_zero', 'w': 'xavier'},
                                    'o': {'b': 'all_zero', 'w': 'xavier'}},
                    'is_output': False,
                    'is_recurrent': True,
                    'layer_type': 'lstm',
                    'var_scope': 'lstm_0',
                    'wc': {'init_m': 'xavier',
                           'init_v': -4.5,
                           'prior_m': 0.0,
                           'prior_v': 0.0,
                           'type': 'continuous'},
                    'wf': {'init_m': 'xavier',
                           'init_v': -4.5,
                           'prior_m': 0.0,
                           'prior_v': 0.0,
                           'type': 'continuous'},
                    'wi': {'init_m': 'xavier',
                           'init_v': -4.5,
                           'prior_m': 0.0,
                           'prior_v': 0.0,
                           'type': 'continuous'},
                    'wo': {'init_m': 'xavier',
                           'init_v': -4.5,
                           'prior_m': 0.0,
                           'prior_v': 0.0,
                           'type': 'continuous'}},
                   {'bc': {'init_m': 'xavier',
                           'init_v': -4.5,
                           'prior_m': 0.0,
                           'prior_v': 0.0,
                           'type': 'continuous'},
                    'bf': {'init_m': 'xavier',
                           'init_v': -4.5,
                           'prior_m': 0.0,
                           'prior_v': 0.0,
                           'type': 'continuous'},
                    'bi': {'init_m': 'xavier',
                           'init_v': -4.5,
                           'prior_m': 0.0,
                           'prior_v': 0.0,
                           'type': 'continuous'},
                    'bo': {'init_m': 'xavier',
                           'init_v': -4.5,
                           'prior_m': 0.0,
                           'prior_v': 0.0,
                           'type': 'continuous'},
                    'init_config': {'c': {'b': 'all_zero', 'w': 'xavier'},
                                    'f': {'b': 'all_one', 'w': 'all_zero'},
                                    'i': {'b': 'all_zero', 'w': 'xavier'},
                                    'o': {'b': 'all_zero', 'w': 'xavier'}},
                    'is_output': False,
                    'is_recurrent': True,
                    'layer_type': 'lstm',
                    'var_scope': 'lstm_1',
                    'wc': {'init_m': 'xavier',
                           'init_v': -4.5,
                           'prior_m': 0.0,
                           'prior_v': 0.0,
                           'type': 'continuous'},
                    'wf': {'init_m': 'xavier',
                           'init_v': -4.5,
                           'prior_m': 0.0,
                           'prior_v': 0.0,
                           'type': 'continuous'},
                    'wi': {'init_m': 'xavier',
                           'init_v': -4.5,
                           'prior_m': 0.0,
                           'prior_v': 0.0,
                           'type': 'continuous'},
                    'wo': {'init_m': 'xavier',
                           'init_v': -4.5,
                           'prior_m': 0.0,
                           'prior_v': 0.0,
                           'type': 'continuous'}},
                   {'b': {'init_m': 'xavier',
                          'init_v': -4.5,
                          'prior_m': 0.0,
                          'prior_v': 0.0,
                          'type': 'continuous'},
                    'is_output': True,
                    'is_recurrent': False,
                    'layer_type': 'fc',
                    'regularization': {'mode': None, 'strength': 0.02},
                    'var_scope': 'output_layer',
                    'w': {'init_m': 'xavier',
                          'init_v': -4.5,
                          'prior_m': 0.0,
                          'prior_v': 0.0,
                          'type': 'continuous'}}],
 'layout': [4, 60, 60, 10],
 'output_type': 'classification'}

DATA CONFIG
{'dataset': 'red_penstroke',
 'tr': {'in_seq_len': 30,
        'minibatch_enabled': True,
        'minibatch_size': 1000,
        'out_seq_len': 5,
        'zero_padding': 20},
 'va': {'in_seq_len': 30,
        'minibatch_enabled': True,
        'minibatch_size': 1000,
        'out_seq_len': 5,
        'zero_padding': 20}}

TRAINING CONFIG
{'learning_rate': 0.002,
 'max_epochs': 200,
 'mode': {'max_epochs': 100, 'min_error': 0.0, 'name': 'classic'},
 'task_id': 1,
 'type': 'pfp',
 'v_loss': 30.0}
==============================


  0,  0 | TrAcc: 0.0690, TrLoss:  3.80890, VaAcc: 0.0763, VaLoss:  9.33265	 10 sampled NNs | VaAcc: 0.0758 +- 0.0012 | VaLoss: 2.4496 +- 0.0021
  1,  0 | TrAcc: 0.5598, TrLoss:  2.52191, VaAcc: 0.5779, VaLoss:  7.59511	 10 sampled NNs | VaAcc: 0.5738 +- 0.0032 | VaLoss: 1.2178 +- 0.0065
  2,  0 | TrAcc: 0.6693, TrLoss:  2.13577, VaAcc: 0.6808, VaLoss:  6.80337	 10 sampled NNs | VaAcc: 0.6734 +- 0.0023 | VaLoss: 0.9723 +- 0.0051
  3,  0 | TrAcc: 0.7097, TrLoss:  1.91044, VaAcc: 0.7066, VaLoss:  6.19617	 10 sampled NNs | VaAcc: 0.7020 +- 0.0026 | VaLoss: 0.8906 +- 0.0050
  4,  0 | TrAcc: 0.7329, TrLoss:  1.73979, VaAcc: 0.7305, VaLoss:  5.63142	 10 sampled NNs | VaAcc: 0.7208 +- 0.0025 | VaLoss: 0.8588 +- 0.0064
  5,  0 | TrAcc: 0.7438, TrLoss:  1.60748, VaAcc: 0.7290, VaLoss:  5.14036	 10 sampled NNs | VaAcc: 0.7217 +- 0.0023 | VaLoss: 0.8527 +- 0.0094
  6,  0 | TrAcc: 0.7533, TrLoss:  1.48229, VaAcc: 0.7409, VaLoss:  4.65097	 10 sampled NNs | VaAcc: 0.7205 +- 0.0017 | VaLoss: 0.8806 +- 0.0089
  7,  0 | TrAcc: 0.7628, TrLoss:  1.36969, VaAcc: 0.7463, VaLoss:  4.20225	 10 sampled NNs | VaAcc: 0.7244 +- 0.0029 | VaLoss: 0.8976 +- 0.0093
  8,  0 | TrAcc: 0.7730, TrLoss:  1.26489, VaAcc: 0.7497, VaLoss:  3.79626	 10 sampled NNs | VaAcc: 0.7142 +- 0.0030 | VaLoss: 0.9479 +- 0.0087
  9,  0 | TrAcc: 0.7780, TrLoss:  1.18148, VaAcc: 0.7639, VaLoss:  3.39629	 10 sampled NNs | VaAcc: 0.7176 +- 0.0024 | VaLoss: 0.9857 +- 0.0094
 10,  0 | TrAcc: 0.7889, TrLoss:  1.08890, VaAcc: 0.7615, VaLoss:  3.05860	 10 sampled NNs | VaAcc: 0.7045 +- 0.0043 | VaLoss: 1.0491 +- 0.0160
 11,  0 | TrAcc: 0.7876, TrLoss:  1.03130, VaAcc: 0.7629, VaLoss:  2.76305	 10 sampled NNs | VaAcc: 0.6908 +- 0.0051 | VaLoss: 1.1508 +- 0.0249
 12,  0 | TrAcc: 0.7949, TrLoss:  0.95954, VaAcc: 0.7686, VaLoss:  2.49337	 10 sampled NNs | VaAcc: 0.6776 +- 0.0071 | VaLoss: 1.2719 +- 0.0292
 13,  0 | TrAcc: 0.7954, TrLoss:  0.91650, VaAcc: 0.7680, VaLoss:  2.29253	 10 sampled NNs | VaAcc: 0.6320 +- 0.0233 | VaLoss: 1.5273 +- 0.1115
 14,  0 | TrAcc: 0.7958, TrLoss:  0.88238, VaAcc: 0.7720, VaLoss:  2.09749	 10 sampled NNs | VaAcc: 0.5983 +- 0.0137 | VaLoss: 1.7564 +- 0.1249
 15,  0 | TrAcc: 0.8017, TrLoss:  0.83954, VaAcc: 0.7611, VaLoss:  1.96157	 10 sampled NNs | VaAcc: 0.5641 +- 0.0298 | VaLoss: 1.8966 +- 0.1616
 16,  0 | TrAcc: 0.8032, TrLoss:  0.80882, VaAcc: 0.7583, VaLoss:  1.86010	 10 sampled NNs | VaAcc: 0.4670 +- 0.0654 | VaLoss: 2.5871 +- 0.5035
 17,  0 | TrAcc: 0.8074, TrLoss:  0.78067, VaAcc: 0.7629, VaLoss:  1.74731	 10 sampled NNs | VaAcc: 0.4058 +- 0.0489 | VaLoss: 3.0560 +- 0.6810
 18,  0 | TrAcc: 0.8076, TrLoss:  0.76120, VaAcc: 0.7670, VaLoss:  1.67962	 10 sampled NNs | VaAcc: 0.3610 +- 0.0430 | VaLoss: 3.2837 +- 0.4428
 19,  0 | TrAcc: 0.8081, TrLoss:  0.74971, VaAcc: 0.7692, VaLoss:  1.61100	 10 sampled NNs | VaAcc: 0.3219 +- 0.0401 | VaLoss: 3.4897 +- 0.3032
 20,  0 | TrAcc: 0.8155, TrLoss:  0.72119, VaAcc: 0.7721, VaLoss:  1.56614	 10 sampled NNs | VaAcc: 0.2836 +- 0.0300 | VaLoss: 3.9114 +- 0.6180
 21,  0 | TrAcc: 0.8162, TrLoss:  0.71053, VaAcc: 0.7628, VaLoss:  1.54503	 10 sampled NNs | VaAcc: 0.2406 +- 0.0236 | VaLoss: 4.2537 +- 0.5024
 22,  0 | TrAcc: 0.8204, TrLoss:  0.69206, VaAcc: 0.7724, VaLoss:  1.48264	 10 sampled NNs | VaAcc: 0.2009 +- 0.0344 | VaLoss: 4.5316 +- 0.5466
 23,  0 | TrAcc: 0.8210, TrLoss:  0.68431, VaAcc: 0.7710, VaLoss:  1.47468	 10 sampled NNs | VaAcc: 0.1837 +- 0.0218 | VaLoss: 4.3512 +- 0.4543
 24,  0 | TrAcc: 0.8201, TrLoss:  0.67927, VaAcc: 0.7688, VaLoss:  1.45317	 10 sampled NNs | VaAcc: 0.1722 +- 0.0197 | VaLoss: 4.9301 +- 0.7886
 25,  0 | TrAcc: 0.8264, TrLoss:  0.65968, VaAcc: 0.7671, VaLoss:  1.44293	 10 sampled NNs | VaAcc: 0.1720 +- 0.0195 | VaLoss: 4.9881 +- 0.4365
 26,  0 | TrAcc: 0.8284, TrLoss:  0.65200, VaAcc: 0.7684, VaLoss:  1.42797	 10 sampled NNs | VaAcc: 0.1544 +- 0.0178 | VaLoss: 4.7233 +- 0.4522
 27,  0 | TrAcc: 0.8314, TrLoss:  0.63845, VaAcc: 0.7704, VaLoss:  1.40759	 10 sampled NNs | VaAcc: 0.1477 +- 0.0211 | VaLoss: 5.1817 +- 0.5679
 28,  0 | TrAcc: 0.8328, TrLoss:  0.63154, VaAcc: 0.7710, VaLoss:  1.39183	 10 sampled NNs | VaAcc: 0.1413 +- 0.0131 | VaLoss: 5.0857 +- 0.5103
 29,  0 | TrAcc: 0.8330, TrLoss:  0.62732, VaAcc: 0.7613, VaLoss:  1.41717	 10 sampled NNs | VaAcc: 0.1410 +- 0.0146 | VaLoss: 4.9207 +- 0.6805
 30,  0 | TrAcc: 0.8350, TrLoss:  0.61991, VaAcc: 0.7671, VaLoss:  1.39018	 10 sampled NNs | VaAcc: 0.1319 +- 0.0141 | VaLoss: 5.4262 +- 0.6965
 31,  0 | TrAcc: 0.8380, TrLoss:  0.61089, VaAcc: 0.7678, VaLoss:  1.38164	 10 sampled NNs | VaAcc: 0.1300 +- 0.0115 | VaLoss: 5.5884 +- 0.5076
 32,  0 | TrAcc: 0.8414, TrLoss:  0.60123, VaAcc: 0.7666, VaLoss:  1.41148	 10 sampled NNs | VaAcc: 0.1353 +- 0.0154 | VaLoss: 5.2624 +- 0.5446
 33,  0 | TrAcc: 0.8427, TrLoss:  0.59373, VaAcc: 0.7687, VaLoss:  1.36842	 10 sampled NNs | VaAcc: 0.1280 +- 0.0177 | VaLoss: 5.3626 +- 0.5742
 34,  0 | TrAcc: 0.8416, TrLoss:  0.59406, VaAcc: 0.7656, VaLoss:  1.38421	 10 sampled NNs | VaAcc: 0.1233 +- 0.0109 | VaLoss: 5.3621 +- 0.5821
 35,  0 | TrAcc: 0.8485, TrLoss:  0.57633, VaAcc: 0.7608, VaLoss:  1.39527	 10 sampled NNs | VaAcc: 0.1169 +- 0.0100 | VaLoss: 5.4190 +- 0.4468
 36,  0 | TrAcc: 0.8499, TrLoss:  0.56908, VaAcc: 0.7650, VaLoss:  1.38144	 10 sampled NNs | VaAcc: 0.1163 +- 0.0115 | VaLoss: 5.7485 +- 0.5882
 37,  0 | TrAcc: 0.8483, TrLoss:  0.57392, VaAcc: 0.7647, VaLoss:  1.39727	 10 sampled NNs | VaAcc: 0.1217 +- 0.0130 | VaLoss: 5.5176 +- 0.6114
 38,  0 | TrAcc: 0.8533, TrLoss:  0.55597, VaAcc: 0.7646, VaLoss:  1.39933	 10 sampled NNs | VaAcc: 0.1231 +- 0.0145 | VaLoss: 5.5789 +- 0.6139
 39,  0 | TrAcc: 0.8542, TrLoss:  0.55379, VaAcc: 0.7608, VaLoss:  1.40235	 10 sampled NNs | VaAcc: 0.1205 +- 0.0093 | VaLoss: 5.3900 +- 0.5070
 40,  0 | TrAcc: 0.8552, TrLoss:  0.55321, VaAcc: 0.7702, VaLoss:  1.40865	 10 sampled NNs | VaAcc: 0.1199 +- 0.0158 | VaLoss: 5.4207 +- 0.4022
 41,  0 | TrAcc: 0.8561, TrLoss:  0.54550, VaAcc: 0.7667, VaLoss:  1.39516	 10 sampled NNs | VaAcc: 0.1198 +- 0.0100 | VaLoss: 5.5567 +- 0.6266
 42,  0 | TrAcc: 0.8577, TrLoss:  0.54216, VaAcc: 0.7579, VaLoss:  1.41830	 10 sampled NNs | VaAcc: 0.1210 +- 0.0166 | VaLoss: 5.7393 +- 0.8240
 43,  0 | TrAcc: 0.8583, TrLoss:  0.53898, VaAcc: 0.7663, VaLoss:  1.40885	 10 sampled NNs | VaAcc: 0.1265 +- 0.0102 | VaLoss: 5.4255 +- 0.3137
 44,  0 | TrAcc: 0.8617, TrLoss:  0.52946, VaAcc: 0.7550, VaLoss:  1.46283	 10 sampled NNs | VaAcc: 0.1179 +- 0.0134 | VaLoss: 5.4612 +- 0.3712
 45,  0 | TrAcc: 0.8668, TrLoss:  0.51779, VaAcc: 0.7576, VaLoss:  1.43224	 10 sampled NNs | VaAcc: 0.1144 +- 0.0085 | VaLoss: 5.7764 +- 0.5184
 46,  0 | TrAcc: 0.8660, TrLoss:  0.51619, VaAcc: 0.7630, VaLoss:  1.42937	 10 sampled NNs | VaAcc: 0.1129 +- 0.0132 | VaLoss: 5.7316 +- 0.3870
 47,  0 | TrAcc: 0.8701, TrLoss:  0.50883, VaAcc: 0.7584, VaLoss:  1.44358	 10 sampled NNs | VaAcc: 0.1125 +- 0.0095 | VaLoss: 5.6314 +- 0.3758
 48,  0 | TrAcc: 0.8702, TrLoss:  0.50386, VaAcc: 0.7604, VaLoss:  1.44554	 10 sampled NNs | VaAcc: 0.1144 +- 0.0112 | VaLoss: 5.6100 +- 0.3641
 49,  0 | TrAcc: 0.8686, TrLoss:  0.50975, VaAcc: 0.7555, VaLoss:  1.46649	 10 sampled NNs | VaAcc: 0.1153 +- 0.0107 | VaLoss: 5.6068 +- 0.4362
 50,  0 | TrAcc: 0.8725, TrLoss:  0.50021, VaAcc: 0.7565, VaLoss:  1.46371	 10 sampled NNs | VaAcc: 0.1138 +- 0.0068 | VaLoss: 5.8147 +- 0.5364
 51,  0 | TrAcc: 0.8736, TrLoss:  0.49669, VaAcc: 0.7544, VaLoss:  1.48826	 10 sampled NNs | VaAcc: 0.1114 +- 0.0095 | VaLoss: 5.7730 +- 0.4416
 52,  0 | TrAcc: 0.8743, TrLoss:  0.49064, VaAcc: 0.7598, VaLoss:  1.46822	 10 sampled NNs | VaAcc: 0.1176 +- 0.0138 | VaLoss: 5.8245 +- 0.3450
 53,  0 | TrAcc: 0.8752, TrLoss:  0.49170, VaAcc: 0.7577, VaLoss:  1.47332	 10 sampled NNs | VaAcc: 0.1088 +- 0.0087 | VaLoss: 5.7986 +- 0.6747
 54,  0 | TrAcc: 0.8762, TrLoss:  0.48559, VaAcc: 0.7544, VaLoss:  1.51756	 10 sampled NNs | VaAcc: 0.1171 +- 0.0091 | VaLoss: 5.7260 +- 0.4496
 55,  0 | TrAcc: 0.8786, TrLoss:  0.47924, VaAcc: 0.7583, VaLoss:  1.49486	 10 sampled NNs | VaAcc: 0.1088 +- 0.0139 | VaLoss: 5.7809 +- 0.3285
 56,  0 | TrAcc: 0.8773, TrLoss:  0.48273, VaAcc: 0.7494, VaLoss:  1.51448	 10 sampled NNs | VaAcc: 0.1141 +- 0.0094 | VaLoss: 5.9641 +- 0.4880
 57,  0 | TrAcc: 0.8819, TrLoss:  0.47270, VaAcc: 0.7498, VaLoss:  1.53245	 10 sampled NNs | VaAcc: 0.1106 +- 0.0106 | VaLoss: 6.2403 +- 0.5307
 58,  0 | TrAcc: 0.8842, TrLoss:  0.46289, VaAcc: 0.7517, VaLoss:  1.56301	 10 sampled NNs | VaAcc: 0.1140 +- 0.0085 | VaLoss: 5.9483 +- 0.4091
 59,  0 | TrAcc: 0.8828, TrLoss:  0.46492, VaAcc: 0.7504, VaLoss:  1.54614	 10 sampled NNs | VaAcc: 0.1111 +- 0.0097 | VaLoss: 6.0211 +- 0.8269
 60,  0 | TrAcc: 0.8868, TrLoss:  0.45600, VaAcc: 0.7545, VaLoss:  1.54523	 10 sampled NNs | VaAcc: 0.1151 +- 0.0085 | VaLoss: 5.9232 +- 0.3209
 61,  0 | TrAcc: 0.8838, TrLoss:  0.46471, VaAcc: 0.7525, VaLoss:  1.54885	 10 sampled NNs | VaAcc: 0.1204 +- 0.0101 | VaLoss: 6.1901 +- 0.5368
 62,  0 | TrAcc: 0.8866, TrLoss:  0.45486, VaAcc: 0.7529, VaLoss:  1.56912	 10 sampled NNs | VaAcc: 0.1092 +- 0.0097 | VaLoss: 6.2918 +- 0.4746
 63,  0 | TrAcc: 0.8883, TrLoss:  0.45277, VaAcc: 0.7489, VaLoss:  1.57910	 10 sampled NNs | VaAcc: 0.1110 +- 0.0083 | VaLoss: 5.9646 +- 0.3358
 64,  0 | TrAcc: 0.8895, TrLoss:  0.44901, VaAcc: 0.7515, VaLoss:  1.58282	 10 sampled NNs | VaAcc: 0.1136 +- 0.0144 | VaLoss: 6.1399 +- 0.5061
 65,  0 | TrAcc: 0.8907, TrLoss:  0.44387, VaAcc: 0.7465, VaLoss:  1.60671	 10 sampled NNs | VaAcc: 0.1072 +- 0.0100 | VaLoss: 6.2700 +- 0.5955
 66,  0 | TrAcc: 0.8897, TrLoss:  0.45081, VaAcc: 0.7481, VaLoss:  1.58686	 10 sampled NNs | VaAcc: 0.1111 +- 0.0087 | VaLoss: 6.2748 +- 0.8271
 67,  0 | TrAcc: 0.8907, TrLoss:  0.44871, VaAcc: 0.7494, VaLoss:  1.58965	 10 sampled NNs | VaAcc: 0.1149 +- 0.0081 | VaLoss: 6.1908 +- 0.5323
 68,  0 | TrAcc: 0.8936, TrLoss:  0.43642, VaAcc: 0.7492, VaLoss:  1.63239	 10 sampled NNs | VaAcc: 0.1154 +- 0.0076 | VaLoss: 6.3713 +- 0.3486
 69,  0 | TrAcc: 0.8935, TrLoss:  0.43935, VaAcc: 0.7508, VaLoss:  1.60652	 10 sampled NNs | VaAcc: 0.1115 +- 0.0101 | VaLoss: 6.1901 +- 0.4012
 70,  0 | TrAcc: 0.8933, TrLoss:  0.43566, VaAcc: 0.7477, VaLoss:  1.63421	 10 sampled NNs | VaAcc: 0.1134 +- 0.0071 | VaLoss: 6.7095 +- 0.7101
 71,  0 | TrAcc: 0.8952, TrLoss:  0.43284, VaAcc: 0.7448, VaLoss:  1.64712	 10 sampled NNs | VaAcc: 0.1127 +- 0.0076 | VaLoss: 6.1888 +- 0.4506
 72,  0 | TrAcc: 0.8986, TrLoss:  0.42494, VaAcc: 0.7424, VaLoss:  1.64778	 10 sampled NNs | VaAcc: 0.1070 +- 0.0086 | VaLoss: 6.7891 +- 0.4885
 73,  0 | TrAcc: 0.8967, TrLoss:  0.43007, VaAcc: 0.7483, VaLoss:  1.64398	 10 sampled NNs | VaAcc: 0.1131 +- 0.0084 | VaLoss: 7.0797 +- 0.8174
 74,  0 | TrAcc: 0.9008, TrLoss:  0.41709, VaAcc: 0.7453, VaLoss:  1.69310	 10 sampled NNs | VaAcc: 0.1113 +- 0.0062 | VaLoss: 6.5475 +- 0.5753
 75,  0 | TrAcc: 0.9033, TrLoss:  0.41339, VaAcc: 0.7410, VaLoss:  1.70036	 10 sampled NNs | VaAcc: 0.1098 +- 0.0090 | VaLoss: 6.1471 +- 0.3468
 76,  0 | TrAcc: 0.9005, TrLoss:  0.41812, VaAcc: 0.7363, VaLoss:  1.73453	 10 sampled NNs | VaAcc: 0.1107 +- 0.0097 | VaLoss: 6.2852 +- 0.6128
 77,  0 | TrAcc: 0.9031, TrLoss:  0.41068, VaAcc: 0.7441, VaLoss:  1.71603	 10 sampled NNs | VaAcc: 0.1139 +- 0.0079 | VaLoss: 6.3679 +- 0.3859
 78,  0 | TrAcc: 0.9024, TrLoss:  0.41136, VaAcc: 0.7366, VaLoss:  1.73401	 10 sampled NNs | VaAcc: 0.1078 +- 0.0099 | VaLoss: 6.8643 +- 0.9239
 79,  0 | TrAcc: 0.9031, TrLoss:  0.41097, VaAcc: 0.7414, VaLoss:  1.71896	 10 sampled NNs | VaAcc: 0.1102 +- 0.0084 | VaLoss: 6.4590 +- 0.4661
 80,  0 | TrAcc: 0.9048, TrLoss:  0.40373, VaAcc: 0.7373, VaLoss:  1.74598	 10 sampled NNs | VaAcc: 0.1121 +- 0.0116 | VaLoss: 6.5472 +- 0.4588
 81,  0 | TrAcc: 0.9041, TrLoss:  0.40976, VaAcc: 0.7405, VaLoss:  1.72941	 10 sampled NNs | VaAcc: 0.1110 +- 0.0065 | VaLoss: 6.3773 +- 0.5187
 82,  0 | TrAcc: 0.9075, TrLoss:  0.40032, VaAcc: 0.7337, VaLoss:  1.76851	 10 sampled NNs | VaAcc: 0.1084 +- 0.0070 | VaLoss: 6.6842 +- 0.5623
 83,  0 | TrAcc: 0.9085, TrLoss:  0.39627, VaAcc: 0.7295, VaLoss:  1.77477	 10 sampled NNs | VaAcc: 0.1086 +- 0.0102 | VaLoss: 6.8002 +- 0.5102
 84,  0 | TrAcc: 0.9070, TrLoss:  0.39817, VaAcc: 0.7361, VaLoss:  1.79100	 10 sampled NNs | VaAcc: 0.1069 +- 0.0086 | VaLoss: 6.9380 +- 0.5359
 85,  0 | TrAcc: 0.9073, TrLoss:  0.39885, VaAcc: 0.7343, VaLoss:  1.82396	 10 sampled NNs | VaAcc: 0.1151 +- 0.0160 | VaLoss: 6.5381 +- 0.8140
 86,  0 | TrAcc: 0.9083, TrLoss:  0.39472, VaAcc: 0.7330, VaLoss:  1.86301	 10 sampled NNs | VaAcc: 0.1096 +- 0.0121 | VaLoss: 7.0689 +- 0.6770
 87,  0 | TrAcc: 0.9069, TrLoss:  0.40086, VaAcc: 0.7312, VaLoss:  1.80927	 10 sampled NNs | VaAcc: 0.1126 +- 0.0085 | VaLoss: 6.8115 +- 0.5541
 88,  0 | TrAcc: 0.9104, TrLoss:  0.38886, VaAcc: 0.7329, VaLoss:  1.82131	 10 sampled NNs | VaAcc: 0.1127 +- 0.0081 | VaLoss: 6.8433 +- 0.6339
 89,  0 | TrAcc: 0.9094, TrLoss:  0.39316, VaAcc: 0.7338, VaLoss:  1.80870	 10 sampled NNs | VaAcc: 0.1106 +- 0.0089 | VaLoss: 6.9090 +- 0.3209
 90,  0 | TrAcc: 0.9118, TrLoss:  0.38508, VaAcc: 0.7328, VaLoss:  1.84646	 10 sampled NNs | VaAcc: 0.1065 +- 0.0063 | VaLoss: 6.8071 +- 0.3794
 91,  0 | TrAcc: 0.9129, TrLoss:  0.38310, VaAcc: 0.7326, VaLoss:  1.88983	 10 sampled NNs | VaAcc: 0.1063 +- 0.0127 | VaLoss: 6.9313 +- 0.4502
 92,  0 | TrAcc: 0.9128, TrLoss:  0.38139, VaAcc: 0.7329, VaLoss:  1.85188	 10 sampled NNs | VaAcc: 0.1124 +- 0.0072 | VaLoss: 7.0620 +- 0.9935
 93,  0 | TrAcc: 0.9112, TrLoss:  0.38686, VaAcc: 0.7390, VaLoss:  1.80537	 10 sampled NNs | VaAcc: 0.1117 +- 0.0114 | VaLoss: 6.9911 +- 0.4733
 94,  0 | TrAcc: 0.9161, TrLoss:  0.37279, VaAcc: 0.7243, VaLoss:  1.90983	 10 sampled NNs | VaAcc: 0.1112 +- 0.0103 | VaLoss: 7.1259 +- 0.5743
 95,  0 | TrAcc: 0.9158, TrLoss:  0.37433, VaAcc: 0.7337, VaLoss:  1.89351	 10 sampled NNs | VaAcc: 0.1117 +- 0.0086 | VaLoss: 6.5265 +- 0.2162
 96,  0 | TrAcc: 0.9131, TrLoss:  0.38084, VaAcc: 0.7316, VaLoss:  1.87006	 10 sampled NNs | VaAcc: 0.1125 +- 0.0062 | VaLoss: 7.2181 +- 0.4781
 97,  0 | TrAcc: 0.9174, TrLoss:  0.37059, VaAcc: 0.7302, VaLoss:  1.91658	 10 sampled NNs | VaAcc: 0.1098 +- 0.0044 | VaLoss: 7.1087 +- 0.8307
 98,  0 | TrAcc: 0.9166, TrLoss:  0.37107, VaAcc: 0.7305, VaLoss:  1.92368	 10 sampled NNs | VaAcc: 0.1109 +- 0.0100 | VaLoss: 7.1109 +- 0.5453
 99,  0 | TrAcc: 0.9168, TrLoss:  0.37256, VaAcc: 0.7350, VaLoss:  1.87290	 10 sampled NNs | VaAcc: 0.1079 +- 0.0104 | VaLoss: 7.1650 +- 0.4197
----------------------------
