
=============================
CONFIG FILE

RNN CONFIG
{'data_multiplier': 0.4,
 'gradient_clip_value': 0.5,
 'layer_configs': [{'layer_type': 'input'},
                   {'bc': {'init_m': 'xavier',
                           'init_v': -4.5,
                           'prior_m': 0.0,
                           'prior_v': 0.0,
                           'type': 'continuous'},
                    'bf': {'init_m': 'xavier',
                           'init_v': -4.5,
                           'prior_m': 0.0,
                           'prior_v': 0.0,
                           'type': 'continuous'},
                    'bi': {'init_m': 'xavier',
                           'init_v': -4.5,
                           'prior_m': 0.0,
                           'prior_v': 0.0,
                           'type': 'continuous'},
                    'bo': {'init_m': 'xavier',
                           'init_v': -4.5,
                           'prior_m': 0.0,
                           'prior_v': 0.0,
                           'type': 'continuous'},
                    'init_config': {'c': {'b': 'all_zero', 'w': 'xavier'},
                                    'f': {'b': 'all_one', 'w': 'all_zero'},
                                    'i': {'b': 'all_zero', 'w': 'xavier'},
                                    'o': {'b': 'all_zero', 'w': 'xavier'}},
                    'is_output': False,
                    'is_recurrent': True,
                    'layer_type': 'lstm',
                    'var_scope': 'lstm_0',
                    'wc': {'init_m': 'xavier',
                           'init_v': -4.5,
                           'prior_m': 0.0,
                           'prior_v': 0.0,
                           'type': 'continuous'},
                    'wf': {'init_m': 'xavier',
                           'init_v': -4.5,
                           'prior_m': 0.0,
                           'prior_v': 0.0,
                           'type': 'continuous'},
                    'wi': {'init_m': 'xavier',
                           'init_v': -4.5,
                           'prior_m': 0.0,
                           'prior_v': 0.0,
                           'type': 'continuous'},
                    'wo': {'init_m': 'xavier',
                           'init_v': -4.5,
                           'prior_m': 0.0,
                           'prior_v': 0.0,
                           'type': 'continuous'}},
                   {'bc': {'init_m': 'xavier',
                           'init_v': -4.5,
                           'prior_m': 0.0,
                           'prior_v': 0.0,
                           'type': 'continuous'},
                    'bf': {'init_m': 'xavier',
                           'init_v': -4.5,
                           'prior_m': 0.0,
                           'prior_v': 0.0,
                           'type': 'continuous'},
                    'bi': {'init_m': 'xavier',
                           'init_v': -4.5,
                           'prior_m': 0.0,
                           'prior_v': 0.0,
                           'type': 'continuous'},
                    'bo': {'init_m': 'xavier',
                           'init_v': -4.5,
                           'prior_m': 0.0,
                           'prior_v': 0.0,
                           'type': 'continuous'},
                    'init_config': {'c': {'b': 'all_zero', 'w': 'xavier'},
                                    'f': {'b': 'all_one', 'w': 'all_zero'},
                                    'i': {'b': 'all_zero', 'w': 'xavier'},
                                    'o': {'b': 'all_zero', 'w': 'xavier'}},
                    'is_output': False,
                    'is_recurrent': True,
                    'layer_type': 'lstm',
                    'var_scope': 'lstm_1',
                    'wc': {'init_m': 'xavier',
                           'init_v': -4.5,
                           'prior_m': 0.0,
                           'prior_v': 0.0,
                           'type': 'continuous'},
                    'wf': {'init_m': 'xavier',
                           'init_v': -4.5,
                           'prior_m': 0.0,
                           'prior_v': 0.0,
                           'type': 'continuous'},
                    'wi': {'init_m': 'xavier',
                           'init_v': -4.5,
                           'prior_m': 0.0,
                           'prior_v': 0.0,
                           'type': 'continuous'},
                    'wo': {'init_m': 'xavier',
                           'init_v': -4.5,
                           'prior_m': 0.0,
                           'prior_v': 0.0,
                           'type': 'continuous'}},
                   {'b': {'init_m': 'xavier',
                          'init_v': -4.5,
                          'prior_m': 0.0,
                          'prior_v': 0.0,
                          'type': 'continuous'},
                    'is_output': True,
                    'is_recurrent': False,
                    'layer_type': 'fc',
                    'regularization': {'mode': None, 'strength': 0.02},
                    'var_scope': 'output_layer',
                    'w': {'init_m': 'xavier',
                          'init_v': -4.5,
                          'prior_m': 0.0,
                          'prior_v': 0.0,
                          'type': 'continuous'}}],
 'layout': [4, 60, 60, 10],
 'output_type': 'classification'}

DATA CONFIG
{'dataset': 'red_penstroke',
 'tr': {'in_seq_len': 30,
        'minibatch_enabled': True,
        'minibatch_size': 1000,
        'out_seq_len': 5,
        'zero_padding': 20},
 'va': {'in_seq_len': 30,
        'minibatch_enabled': True,
        'minibatch_size': 1000,
        'out_seq_len': 5,
        'zero_padding': 20}}

TRAINING CONFIG
{'learning_rate': 0.002,
 'max_epochs': 200,
 'mode': {'max_epochs': 100, 'min_error': 0.0, 'name': 'classic'},
 'task_id': 2,
 'type': 'l_sampling',
 'v_loss': 0.0}
==============================


  0,  0 | TrAcc: 0.0736, TrLoss:  3.80651, VaAcc: 0.0816, VaLoss:  9.30939	 10 sampled NNs | VaAcc: 0.0805 +- 0.0018 | VaLoss: 2.4239 +- 0.0032
  1,  0 | TrAcc: 0.5018, TrLoss:  2.63912, VaAcc: 0.5182, VaLoss:  7.72201	 10 sampled NNs | VaAcc: 0.5743 +- 0.0021 | VaLoss: 1.2307 +- 0.0025
  2,  0 | TrAcc: 0.6337, TrLoss:  2.23492, VaAcc: 0.6407, VaLoss:  6.98744	 10 sampled NNs | VaAcc: 0.6826 +- 0.0019 | VaLoss: 0.9459 +- 0.0064
  3,  0 | TrAcc: 0.6806, TrLoss:  2.01443, VaAcc: 0.6834, VaLoss:  6.45196	 10 sampled NNs | VaAcc: 0.7216 +- 0.0020 | VaLoss: 0.8302 +- 0.0061
  4,  0 | TrAcc: 0.7030, TrLoss:  1.86274, VaAcc: 0.7083, VaLoss:  5.96167	 10 sampled NNs | VaAcc: 0.7328 +- 0.0028 | VaLoss: 0.7945 +- 0.0083
  5,  0 | TrAcc: 0.7125, TrLoss:  1.75264, VaAcc: 0.7145, VaLoss:  5.54380	 10 sampled NNs | VaAcc: 0.7405 +- 0.0029 | VaLoss: 0.7647 +- 0.0053
  6,  0 | TrAcc: 0.7226, TrLoss:  1.64417, VaAcc: 0.7208, VaLoss:  5.13450	 10 sampled NNs | VaAcc: 0.7495 +- 0.0024 | VaLoss: 0.7384 +- 0.0065
  7,  0 | TrAcc: 0.7315, TrLoss:  1.54722, VaAcc: 0.7276, VaLoss:  4.75951	 10 sampled NNs | VaAcc: 0.7529 +- 0.0020 | VaLoss: 0.7311 +- 0.0072
  8,  0 | TrAcc: 0.7375, TrLoss:  1.46042, VaAcc: 0.7377, VaLoss:  4.39265	 10 sampled NNs | VaAcc: 0.7590 +- 0.0016 | VaLoss: 0.7176 +- 0.0070
  9,  0 | TrAcc: 0.7405, TrLoss:  1.38890, VaAcc: 0.7335, VaLoss:  4.08410	 10 sampled NNs | VaAcc: 0.7580 +- 0.0023 | VaLoss: 0.7134 +- 0.0048
 10,  0 | TrAcc: 0.7458, TrLoss:  1.31793, VaAcc: 0.7312, VaLoss:  3.80818	 10 sampled NNs | VaAcc: 0.7596 +- 0.0029 | VaLoss: 0.7156 +- 0.0071
 11,  0 | TrAcc: 0.7494, TrLoss:  1.25928, VaAcc: 0.7348, VaLoss:  3.54233	 10 sampled NNs | VaAcc: 0.7608 +- 0.0023 | VaLoss: 0.7099 +- 0.0090
 12,  0 | TrAcc: 0.7497, TrLoss:  1.20842, VaAcc: 0.7428, VaLoss:  3.29478	 10 sampled NNs | VaAcc: 0.7639 +- 0.0030 | VaLoss: 0.7002 +- 0.0090
 13,  0 | TrAcc: 0.7530, TrLoss:  1.16195, VaAcc: 0.7396, VaLoss:  3.10655	 10 sampled NNs | VaAcc: 0.7571 +- 0.0044 | VaLoss: 0.7225 +- 0.0071
 14,  0 | TrAcc: 0.7565, TrLoss:  1.11927, VaAcc: 0.7434, VaLoss:  2.93696	 10 sampled NNs | VaAcc: 0.7512 +- 0.0034 | VaLoss: 0.7333 +- 0.0049
 15,  0 | TrAcc: 0.7568, TrLoss:  1.09161, VaAcc: 0.7428, VaLoss:  2.79836	 10 sampled NNs | VaAcc: 0.7339 +- 0.0059 | VaLoss: 0.7818 +- 0.0133
 16,  0 | TrAcc: 0.7579, TrLoss:  1.06639, VaAcc: 0.7444, VaLoss:  2.68844	 10 sampled NNs | VaAcc: 0.7003 +- 0.0098 | VaLoss: 0.8788 +- 0.0387
 17,  0 | TrAcc: 0.7625, TrLoss:  1.03768, VaAcc: 0.7469, VaLoss:  2.60400	 10 sampled NNs | VaAcc: 0.6642 +- 0.0154 | VaLoss: 0.9897 +- 0.0485
 18,  0 | TrAcc: 0.7629, TrLoss:  1.01998, VaAcc: 0.7505, VaLoss:  2.52251	 10 sampled NNs | VaAcc: 0.6149 +- 0.0226 | VaLoss: 1.1488 +- 0.0726
 19,  0 | TrAcc: 0.7641, TrLoss:  1.00547, VaAcc: 0.7496, VaLoss:  2.46165	 10 sampled NNs | VaAcc: 0.5719 +- 0.0345 | VaLoss: 1.2669 +- 0.1143
 20,  0 | TrAcc: 0.7662, TrLoss:  0.99205, VaAcc: 0.7535, VaLoss:  2.41085	 10 sampled NNs | VaAcc: 0.5383 +- 0.0256 | VaLoss: 1.4272 +- 0.0843
 21,  0 | TrAcc: 0.7672, TrLoss:  0.97909, VaAcc: 0.7488, VaLoss:  2.38320	 10 sampled NNs | VaAcc: 0.5381 +- 0.0430 | VaLoss: 1.4263 +- 0.1597
 22,  0 | TrAcc: 0.7692, TrLoss:  0.96751, VaAcc: 0.7499, VaLoss:  2.34083	 10 sampled NNs | VaAcc: 0.5074 +- 0.0432 | VaLoss: 1.5655 +- 0.1531
 23,  0 | TrAcc: 0.7717, TrLoss:  0.95486, VaAcc: 0.7497, VaLoss:  2.30966	 10 sampled NNs | VaAcc: 0.5002 +- 0.0329 | VaLoss: 1.5929 +- 0.1295
 24,  0 | TrAcc: 0.7744, TrLoss:  0.94170, VaAcc: 0.7520, VaLoss:  2.27708	 10 sampled NNs | VaAcc: 0.5258 +- 0.0320 | VaLoss: 1.5120 +- 0.1304
 25,  0 | TrAcc: 0.7731, TrLoss:  0.93863, VaAcc: 0.7548, VaLoss:  2.24663	 10 sampled NNs | VaAcc: 0.4973 +- 0.0253 | VaLoss: 1.5942 +- 0.1248
 26,  0 | TrAcc: 0.7771, TrLoss:  0.92449, VaAcc: 0.7531, VaLoss:  2.22321	 10 sampled NNs | VaAcc: 0.4978 +- 0.0434 | VaLoss: 1.6208 +- 0.1763
 27,  0 | TrAcc: 0.7777, TrLoss:  0.91772, VaAcc: 0.7548, VaLoss:  2.20416	 10 sampled NNs | VaAcc: 0.4649 +- 0.0605 | VaLoss: 1.7509 +- 0.2810
 28,  0 | TrAcc: 0.7797, TrLoss:  0.91007, VaAcc: 0.7541, VaLoss:  2.18768	 10 sampled NNs | VaAcc: 0.4970 +- 0.0493 | VaLoss: 1.6545 +- 0.2039
 29,  0 | TrAcc: 0.7784, TrLoss:  0.90529, VaAcc: 0.7526, VaLoss:  2.16880	 10 sampled NNs | VaAcc: 0.4904 +- 0.0539 | VaLoss: 1.6469 +- 0.2068
 30,  0 | TrAcc: 0.7823, TrLoss:  0.89368, VaAcc: 0.7572, VaLoss:  2.14485	 10 sampled NNs | VaAcc: 0.4802 +- 0.0304 | VaLoss: 1.7643 +- 0.1899
 31,  0 | TrAcc: 0.7841, TrLoss:  0.88566, VaAcc: 0.7556, VaLoss:  2.14165	 10 sampled NNs | VaAcc: 0.4645 +- 0.0305 | VaLoss: 1.7763 +- 0.1272
 32,  0 | TrAcc: 0.7858, TrLoss:  0.87856, VaAcc: 0.7588, VaLoss:  2.11743	 10 sampled NNs | VaAcc: 0.4768 +- 0.0389 | VaLoss: 1.7787 +- 0.1499
 33,  0 | TrAcc: 0.7859, TrLoss:  0.87400, VaAcc: 0.7585, VaLoss:  2.10252	 10 sampled NNs | VaAcc: 0.4485 +- 0.0329 | VaLoss: 1.8421 +- 0.1640
 34,  0 | TrAcc: 0.7873, TrLoss:  0.86624, VaAcc: 0.7552, VaLoss:  2.10063	 10 sampled NNs | VaAcc: 0.4869 +- 0.0309 | VaLoss: 1.6715 +- 0.1259
 35,  0 | TrAcc: 0.7903, TrLoss:  0.85576, VaAcc: 0.7582, VaLoss:  2.08149	 10 sampled NNs | VaAcc: 0.4713 +- 0.0380 | VaLoss: 1.8572 +- 0.2665
 36,  0 | TrAcc: 0.7910, TrLoss:  0.85401, VaAcc: 0.7563, VaLoss:  2.08996	 10 sampled NNs | VaAcc: 0.4765 +- 0.0261 | VaLoss: 1.7984 +- 0.1395
 37,  0 | TrAcc: 0.7923, TrLoss:  0.84802, VaAcc: 0.7596, VaLoss:  2.05863	 10 sampled NNs | VaAcc: 0.4448 +- 0.0574 | VaLoss: 1.9130 +- 0.2560
 38,  0 | TrAcc: 0.7912, TrLoss:  0.84403, VaAcc: 0.7608, VaLoss:  2.04462	 10 sampled NNs | VaAcc: 0.4320 +- 0.0337 | VaLoss: 2.0163 +- 0.1020
 39,  0 | TrAcc: 0.7923, TrLoss:  0.84097, VaAcc: 0.7632, VaLoss:  2.02993	 10 sampled NNs | VaAcc: 0.4638 +- 0.0433 | VaLoss: 1.9433 +- 0.2469
 40,  0 | TrAcc: 0.7932, TrLoss:  0.83885, VaAcc: 0.7622, VaLoss:  2.03028	 10 sampled NNs | VaAcc: 0.4587 +- 0.0428 | VaLoss: 1.9346 +- 0.2785
 41,  0 | TrAcc: 0.7945, TrLoss:  0.83183, VaAcc: 0.7635, VaLoss:  2.01582	 10 sampled NNs | VaAcc: 0.4531 +- 0.0385 | VaLoss: 1.9682 +- 0.2066
 42,  0 | TrAcc: 0.7927, TrLoss:  0.83212, VaAcc: 0.7590, VaLoss:  2.02283	 10 sampled NNs | VaAcc: 0.4610 +- 0.0423 | VaLoss: 1.9557 +- 0.2083
 43,  0 | TrAcc: 0.7992, TrLoss:  0.81767, VaAcc: 0.7619, VaLoss:  2.01281	 10 sampled NNs | VaAcc: 0.4481 +- 0.0277 | VaLoss: 2.0235 +- 0.1469
 44,  0 | TrAcc: 0.7986, TrLoss:  0.81693, VaAcc: 0.7629, VaLoss:  2.00106	 10 sampled NNs | VaAcc: 0.4257 +- 0.0410 | VaLoss: 2.1772 +- 0.3550
 45,  0 | TrAcc: 0.7992, TrLoss:  0.81357, VaAcc: 0.7590, VaLoss:  2.00701	 10 sampled NNs | VaAcc: 0.4611 +- 0.0380 | VaLoss: 1.9925 +- 0.2626
 46,  0 | TrAcc: 0.7988, TrLoss:  0.81161, VaAcc: 0.7605, VaLoss:  2.00386	 10 sampled NNs | VaAcc: 0.4596 +- 0.0396 | VaLoss: 2.0432 +- 0.2417
 47,  0 | TrAcc: 0.8011, TrLoss:  0.80450, VaAcc: 0.7634, VaLoss:  1.98209	 10 sampled NNs | VaAcc: 0.4299 +- 0.0401 | VaLoss: 2.1103 +- 0.2013
 48,  0 | TrAcc: 0.8024, TrLoss:  0.80167, VaAcc: 0.7648, VaLoss:  1.98283	 10 sampled NNs | VaAcc: 0.4410 +- 0.0446 | VaLoss: 2.0985 +- 0.1997
 49,  0 | TrAcc: 0.8020, TrLoss:  0.79845, VaAcc: 0.7613, VaLoss:  1.98134	 10 sampled NNs | VaAcc: 0.4448 +- 0.0314 | VaLoss: 2.0751 +- 0.1788
 50,  0 | TrAcc: 0.8021, TrLoss:  0.79862, VaAcc: 0.7626, VaLoss:  1.98582	 10 sampled NNs | VaAcc: 0.4465 +- 0.0247 | VaLoss: 2.1326 +- 0.1729
 51,  0 | TrAcc: 0.8021, TrLoss:  0.79839, VaAcc: 0.7594, VaLoss:  1.97699	 10 sampled NNs | VaAcc: 0.4436 +- 0.0469 | VaLoss: 2.1605 +- 0.2558
 52,  0 | TrAcc: 0.8040, TrLoss:  0.79350, VaAcc: 0.7605, VaLoss:  1.97431	 10 sampled NNs | VaAcc: 0.4344 +- 0.0267 | VaLoss: 2.2364 +- 0.2081
 53,  0 | TrAcc: 0.8041, TrLoss:  0.79115, VaAcc: 0.7605, VaLoss:  1.97345	 10 sampled NNs | VaAcc: 0.4399 +- 0.0312 | VaLoss: 2.1794 +- 0.2041
 54,  0 | TrAcc: 0.8080, TrLoss:  0.78189, VaAcc: 0.7622, VaLoss:  1.96761	 10 sampled NNs | VaAcc: 0.4191 +- 0.0365 | VaLoss: 2.2598 +- 0.2409
 55,  0 | TrAcc: 0.8080, TrLoss:  0.77982, VaAcc: 0.7637, VaLoss:  1.96250	 10 sampled NNs | VaAcc: 0.4223 +- 0.0388 | VaLoss: 2.2811 +- 0.2583
 56,  0 | TrAcc: 0.8073, TrLoss:  0.77903, VaAcc: 0.7652, VaLoss:  1.95376	 10 sampled NNs | VaAcc: 0.4208 +- 0.0256 | VaLoss: 2.3157 +- 0.2912
 57,  0 | TrAcc: 0.8065, TrLoss:  0.77995, VaAcc: 0.7590, VaLoss:  1.97546	 10 sampled NNs | VaAcc: 0.4177 +- 0.0417 | VaLoss: 2.3910 +- 0.3052
 58,  0 | TrAcc: 0.8081, TrLoss:  0.77478, VaAcc: 0.7639, VaLoss:  1.96347	 10 sampled NNs | VaAcc: 0.4164 +- 0.0471 | VaLoss: 2.3589 +- 0.3082
 59,  0 | TrAcc: 0.8087, TrLoss:  0.77287, VaAcc: 0.7610, VaLoss:  1.96704	 10 sampled NNs | VaAcc: 0.4085 +- 0.0289 | VaLoss: 2.4321 +- 0.2142
 60,  0 | TrAcc: 0.8109, TrLoss:  0.76733, VaAcc: 0.7606, VaLoss:  1.96223	 10 sampled NNs | VaAcc: 0.4142 +- 0.0496 | VaLoss: 2.3756 +- 0.3388
 61,  0 | TrAcc: 0.8090, TrLoss:  0.77178, VaAcc: 0.7639, VaLoss:  1.95036	 10 sampled NNs | VaAcc: 0.3975 +- 0.0474 | VaLoss: 2.4784 +- 0.2726
 62,  0 | TrAcc: 0.8118, TrLoss:  0.76303, VaAcc: 0.7669, VaLoss:  1.94753	 10 sampled NNs | VaAcc: 0.4026 +- 0.0326 | VaLoss: 2.4163 +- 0.2342
 63,  0 | TrAcc: 0.8104, TrLoss:  0.76771, VaAcc: 0.7635, VaLoss:  1.95069	 10 sampled NNs | VaAcc: 0.4078 +- 0.0476 | VaLoss: 2.4954 +- 0.4310
 64,  0 | TrAcc: 0.8133, TrLoss:  0.75893, VaAcc: 0.7590, VaLoss:  1.96577	 10 sampled NNs | VaAcc: 0.4142 +- 0.0344 | VaLoss: 2.4262 +- 0.2216
 65,  0 | TrAcc: 0.8123, TrLoss:  0.76229, VaAcc: 0.7615, VaLoss:  1.97043	 10 sampled NNs | VaAcc: 0.3970 +- 0.0301 | VaLoss: 2.5547 +- 0.2240
 66,  0 | TrAcc: 0.8149, TrLoss:  0.75458, VaAcc: 0.7609, VaLoss:  1.97577	 10 sampled NNs | VaAcc: 0.4318 +- 0.0390 | VaLoss: 2.4397 +- 0.2234
 67,  0 | TrAcc: 0.8144, TrLoss:  0.75292, VaAcc: 0.7671, VaLoss:  1.94392	 10 sampled NNs | VaAcc: 0.3946 +- 0.0507 | VaLoss: 2.6173 +- 0.3728
 68,  0 | TrAcc: 0.8144, TrLoss:  0.75607, VaAcc: 0.7603, VaLoss:  1.96180	 10 sampled NNs | VaAcc: 0.4027 +- 0.0253 | VaLoss: 2.5635 +- 0.2527
 69,  0 | TrAcc: 0.8160, TrLoss:  0.75013, VaAcc: 0.7667, VaLoss:  1.94991	 10 sampled NNs | VaAcc: 0.3978 +- 0.0407 | VaLoss: 2.6099 +- 0.3100
 70,  0 | TrAcc: 0.8156, TrLoss:  0.75165, VaAcc: 0.7613, VaLoss:  1.96113	 10 sampled NNs | VaAcc: 0.3982 +- 0.0394 | VaLoss: 2.5796 +- 0.3793
 71,  0 | TrAcc: 0.8170, TrLoss:  0.74821, VaAcc: 0.7611, VaLoss:  1.96548	 10 sampled NNs | VaAcc: 0.3769 +- 0.0269 | VaLoss: 2.7145 +- 0.1935
 72,  0 | TrAcc: 0.8178, TrLoss:  0.74489, VaAcc: 0.7601, VaLoss:  1.96483	 10 sampled NNs | VaAcc: 0.3829 +- 0.0198 | VaLoss: 2.7654 +- 0.1867
 73,  0 | TrAcc: 0.8188, TrLoss:  0.74378, VaAcc: 0.7666, VaLoss:  1.95548	 10 sampled NNs | VaAcc: 0.4011 +- 0.0421 | VaLoss: 2.6099 +- 0.2560
 74,  0 | TrAcc: 0.8201, TrLoss:  0.73881, VaAcc: 0.7607, VaLoss:  1.97089	 10 sampled NNs | VaAcc: 0.4082 +- 0.0244 | VaLoss: 2.5598 +- 0.2300
 75,  0 | TrAcc: 0.8194, TrLoss:  0.74117, VaAcc: 0.7615, VaLoss:  1.96900	 10 sampled NNs | VaAcc: 0.4039 +- 0.0438 | VaLoss: 2.6785 +- 0.3859
 76,  0 | TrAcc: 0.8219, TrLoss:  0.73525, VaAcc: 0.7666, VaLoss:  1.95172	 10 sampled NNs | VaAcc: 0.3963 +- 0.0394 | VaLoss: 2.7059 +- 0.2989
 77,  0 | TrAcc: 0.8217, TrLoss:  0.73281, VaAcc: 0.7639, VaLoss:  1.96034	 10 sampled NNs | VaAcc: 0.3959 +- 0.0223 | VaLoss: 2.6142 +- 0.1996
 78,  0 | TrAcc: 0.8216, TrLoss:  0.73251, VaAcc: 0.7609, VaLoss:  1.98435	 10 sampled NNs | VaAcc: 0.4000 +- 0.0388 | VaLoss: 2.6647 +- 0.2830
 79,  0 | TrAcc: 0.8223, TrLoss:  0.73185, VaAcc: 0.7662, VaLoss:  1.96594	 10 sampled NNs | VaAcc: 0.3850 +- 0.0566 | VaLoss: 2.8059 +- 0.3880
 80,  0 | TrAcc: 0.8237, TrLoss:  0.72739, VaAcc: 0.7616, VaLoss:  1.97388	 10 sampled NNs | VaAcc: 0.3819 +- 0.0623 | VaLoss: 2.8452 +- 0.4562
 81,  0 | TrAcc: 0.8248, TrLoss:  0.72701, VaAcc: 0.7662, VaLoss:  1.96243	 10 sampled NNs | VaAcc: 0.3827 +- 0.0232 | VaLoss: 2.6594 +- 0.1494
 82,  0 | TrAcc: 0.8251, TrLoss:  0.72385, VaAcc: 0.7618, VaLoss:  1.97522	 10 sampled NNs | VaAcc: 0.3723 +- 0.0504 | VaLoss: 2.8970 +- 0.3668
 83,  0 | TrAcc: 0.8240, TrLoss:  0.72381, VaAcc: 0.7602, VaLoss:  1.98250	 10 sampled NNs | VaAcc: 0.3626 +- 0.0280 | VaLoss: 2.9913 +- 0.2097
 84,  0 | TrAcc: 0.8248, TrLoss:  0.72577, VaAcc: 0.7585, VaLoss:  1.98953	 10 sampled NNs | VaAcc: 0.3776 +- 0.0410 | VaLoss: 2.7973 +- 0.3507
 85,  0 | TrAcc: 0.8239, TrLoss:  0.72698, VaAcc: 0.7587, VaLoss:  1.98927	 10 sampled NNs | VaAcc: 0.3806 +- 0.0272 | VaLoss: 2.9344 +- 0.2902
 86,  0 | TrAcc: 0.8255, TrLoss:  0.72291, VaAcc: 0.7566, VaLoss:  1.99907	 10 sampled NNs | VaAcc: 0.3829 +- 0.0511 | VaLoss: 2.8565 +- 0.4557
 87,  0 | TrAcc: 0.8249, TrLoss:  0.72420, VaAcc: 0.7607, VaLoss:  1.97554	 10 sampled NNs | VaAcc: 0.3867 +- 0.0526 | VaLoss: 2.9740 +- 0.5666
 88,  0 | TrAcc: 0.8241, TrLoss:  0.72490, VaAcc: 0.7599, VaLoss:  1.98481	 10 sampled NNs | VaAcc: 0.3864 +- 0.0287 | VaLoss: 2.8087 +- 0.2573
 89,  0 | TrAcc: 0.8271, TrLoss:  0.71940, VaAcc: 0.7648, VaLoss:  1.97430	 10 sampled NNs | VaAcc: 0.3753 +- 0.0447 | VaLoss: 2.9623 +- 0.4482
 90,  0 | TrAcc: 0.8276, TrLoss:  0.71662, VaAcc: 0.7623, VaLoss:  1.97517	 10 sampled NNs | VaAcc: 0.3734 +- 0.0341 | VaLoss: 3.0125 +- 0.3758
 91,  0 | TrAcc: 0.8274, TrLoss:  0.71635, VaAcc: 0.7602, VaLoss:  1.99182	 10 sampled NNs | VaAcc: 0.3788 +- 0.0547 | VaLoss: 2.9480 +- 0.4425
 92,  0 | TrAcc: 0.8277, TrLoss:  0.71489, VaAcc: 0.7644, VaLoss:  1.97981	 10 sampled NNs | VaAcc: 0.3801 +- 0.0328 | VaLoss: 3.0825 +- 0.3414
 93,  0 | TrAcc: 0.8283, TrLoss:  0.71492, VaAcc: 0.7612, VaLoss:  1.99884	 10 sampled NNs | VaAcc: 0.3844 +- 0.0482 | VaLoss: 2.8964 +- 0.4800
 94,  0 | TrAcc: 0.8292, TrLoss:  0.71260, VaAcc: 0.7607, VaLoss:  1.99503	 10 sampled NNs | VaAcc: 0.3910 +- 0.0224 | VaLoss: 2.7425 +- 0.2484
 95,  0 | TrAcc: 0.8289, TrLoss:  0.71394, VaAcc: 0.7556, VaLoss:  2.01229	 10 sampled NNs | VaAcc: 0.3533 +- 0.0382 | VaLoss: 3.1804 +- 0.3305
 96,  0 | TrAcc: 0.8312, TrLoss:  0.70912, VaAcc: 0.7607, VaLoss:  2.00224	 10 sampled NNs | VaAcc: 0.3451 +- 0.0572 | VaLoss: 3.1961 +- 0.4481
 97,  0 | TrAcc: 0.8307, TrLoss:  0.71068, VaAcc: 0.7629, VaLoss:  1.99590	 10 sampled NNs | VaAcc: 0.3816 +- 0.0447 | VaLoss: 2.9218 +- 0.4222
 98,  0 | TrAcc: 0.8316, TrLoss:  0.70719, VaAcc: 0.7627, VaLoss:  1.99629	 10 sampled NNs | VaAcc: 0.3819 +- 0.0326 | VaLoss: 3.0494 +- 0.4078
 99,  0 | TrAcc: 0.8316, TrLoss:  0.70846, VaAcc: 0.7631, VaLoss:  2.00028	 10 sampled NNs | VaAcc: 0.3500 +- 0.0308 | VaLoss: 3.1878 +- 0.3407
----------------------------
