
=============================
CONFIG FILE

RNN CONFIG
{'data_multiplier': 0.4,
 'gradient_clip_value': 0.5,
 'layer_configs': [{'layer_type': 'input'},
                   {'bc': {'init_m': 'xavier',
                           'init_v': -4.5,
                           'prior_m': 0.0,
                           'prior_v': 0.0,
                           'type': 'continuous'},
                    'bf': {'init_m': 'xavier',
                           'init_v': -4.5,
                           'prior_m': 0.0,
                           'prior_v': 0.0,
                           'type': 'continuous'},
                    'bi': {'init_m': 'xavier',
                           'init_v': -4.5,
                           'prior_m': 0.0,
                           'prior_v': 0.0,
                           'type': 'continuous'},
                    'bo': {'init_m': 'xavier',
                           'init_v': -4.5,
                           'prior_m': 0.0,
                           'prior_v': 0.0,
                           'type': 'continuous'},
                    'init_config': {'c': {'b': 'all_zero', 'w': 'xavier'},
                                    'f': {'b': 'all_one', 'w': 'all_zero'},
                                    'i': {'b': 'all_zero', 'w': 'xavier'},
                                    'o': {'b': 'all_zero', 'w': 'xavier'}},
                    'is_output': False,
                    'is_recurrent': True,
                    'layer_type': 'lstm',
                    'var_scope': 'lstm_0',
                    'wc': {'init_m': 'xavier',
                           'init_v': -4.5,
                           'prior_m': 0.0,
                           'prior_v': 0.0,
                           'type': 'continuous'},
                    'wf': {'init_m': 'xavier',
                           'init_v': -4.5,
                           'prior_m': 0.0,
                           'prior_v': 0.0,
                           'type': 'continuous'},
                    'wi': {'init_m': 'xavier',
                           'init_v': -4.5,
                           'prior_m': 0.0,
                           'prior_v': 0.0,
                           'type': 'continuous'},
                    'wo': {'init_m': 'xavier',
                           'init_v': -4.5,
                           'prior_m': 0.0,
                           'prior_v': 0.0,
                           'type': 'continuous'}},
                   {'bc': {'init_m': 'xavier',
                           'init_v': -4.5,
                           'prior_m': 0.0,
                           'prior_v': 0.0,
                           'type': 'continuous'},
                    'bf': {'init_m': 'xavier',
                           'init_v': -4.5,
                           'prior_m': 0.0,
                           'prior_v': 0.0,
                           'type': 'continuous'},
                    'bi': {'init_m': 'xavier',
                           'init_v': -4.5,
                           'prior_m': 0.0,
                           'prior_v': 0.0,
                           'type': 'continuous'},
                    'bo': {'init_m': 'xavier',
                           'init_v': -4.5,
                           'prior_m': 0.0,
                           'prior_v': 0.0,
                           'type': 'continuous'},
                    'init_config': {'c': {'b': 'all_zero', 'w': 'xavier'},
                                    'f': {'b': 'all_one', 'w': 'all_zero'},
                                    'i': {'b': 'all_zero', 'w': 'xavier'},
                                    'o': {'b': 'all_zero', 'w': 'xavier'}},
                    'is_output': False,
                    'is_recurrent': True,
                    'layer_type': 'lstm',
                    'var_scope': 'lstm_1',
                    'wc': {'init_m': 'xavier',
                           'init_v': -4.5,
                           'prior_m': 0.0,
                           'prior_v': 0.0,
                           'type': 'continuous'},
                    'wf': {'init_m': 'xavier',
                           'init_v': -4.5,
                           'prior_m': 0.0,
                           'prior_v': 0.0,
                           'type': 'continuous'},
                    'wi': {'init_m': 'xavier',
                           'init_v': -4.5,
                           'prior_m': 0.0,
                           'prior_v': 0.0,
                           'type': 'continuous'},
                    'wo': {'init_m': 'xavier',
                           'init_v': -4.5,
                           'prior_m': 0.0,
                           'prior_v': 0.0,
                           'type': 'continuous'}},
                   {'b': {'init_m': 'xavier',
                          'init_v': -4.5,
                          'prior_m': 0.0,
                          'prior_v': 0.0,
                          'type': 'continuous'},
                    'is_output': True,
                    'is_recurrent': False,
                    'layer_type': 'fc',
                    'regularization': {'mode': None, 'strength': 0.02},
                    'var_scope': 'output_layer',
                    'w': {'init_m': 'xavier',
                          'init_v': -4.5,
                          'prior_m': 0.0,
                          'prior_v': 0.0,
                          'type': 'continuous'}}],
 'layout': [4, 60, 60, 10],
 'output_type': 'classification'}

DATA CONFIG
{'dataset': 'red_penstroke',
 'tr': {'in_seq_len': 30,
        'minibatch_enabled': True,
        'minibatch_size': 1000,
        'out_seq_len': 5,
        'zero_padding': 20},
 'va': {'in_seq_len': 30,
        'minibatch_enabled': True,
        'minibatch_size': 1000,
        'out_seq_len': 5,
        'zero_padding': 20}}

TRAINING CONFIG
{'learning_rate': 0.002,
 'max_epochs': 200,
 'mode': {'max_epochs': 100, 'min_error': 0.0, 'name': 'classic'},
 'task_id': 0,
 'type': 'pfp',
 'v_loss': 0.0}
==============================


  0,  0 | TrAcc: 0.1007, TrLoss:  3.86109, VaAcc: 0.1053, VaLoss:  9.36901	 10 sampled NNs | VaAcc: 0.1051 +- 0.0019 | VaLoss: 2.4847 +- 0.0034
  1,  0 | TrAcc: 0.5549, TrLoss:  2.55986, VaAcc: 0.5815, VaLoss:  7.59474	 10 sampled NNs | VaAcc: 0.5752 +- 0.0033 | VaLoss: 1.2144 +- 0.0072
  2,  0 | TrAcc: 0.6613, TrLoss:  2.15711, VaAcc: 0.6760, VaLoss:  6.81415	 10 sampled NNs | VaAcc: 0.6677 +- 0.0022 | VaLoss: 0.9765 +- 0.0071
  3,  0 | TrAcc: 0.7085, TrLoss:  1.92600, VaAcc: 0.7101, VaLoss:  6.19739	 10 sampled NNs | VaAcc: 0.7071 +- 0.0022 | VaLoss: 0.8748 +- 0.0061
  4,  0 | TrAcc: 0.7286, TrLoss:  1.76342, VaAcc: 0.7347, VaLoss:  5.63697	 10 sampled NNs | VaAcc: 0.7264 +- 0.0028 | VaLoss: 0.8320 +- 0.0078
  5,  0 | TrAcc: 0.7425, TrLoss:  1.62654, VaAcc: 0.7385, VaLoss:  5.13092	 10 sampled NNs | VaAcc: 0.7251 +- 0.0022 | VaLoss: 0.8350 +- 0.0066
  6,  0 | TrAcc: 0.7532, TrLoss:  1.50077, VaAcc: 0.7412, VaLoss:  4.65769	 10 sampled NNs | VaAcc: 0.7253 +- 0.0025 | VaLoss: 0.8656 +- 0.0067
  7,  0 | TrAcc: 0.7661, TrLoss:  1.37955, VaAcc: 0.7603, VaLoss:  4.20901	 10 sampled NNs | VaAcc: 0.7282 +- 0.0029 | VaLoss: 0.8820 +- 0.0098
  8,  0 | TrAcc: 0.7740, TrLoss:  1.27756, VaAcc: 0.7624, VaLoss:  3.79707	 10 sampled NNs | VaAcc: 0.7228 +- 0.0031 | VaLoss: 0.9305 +- 0.0110
  9,  0 | TrAcc: 0.7731, TrLoss:  1.21017, VaAcc: 0.7583, VaLoss:  3.44737	 10 sampled NNs | VaAcc: 0.7179 +- 0.0045 | VaLoss: 0.9868 +- 0.0198
 10,  0 | TrAcc: 0.7813, TrLoss:  1.12064, VaAcc: 0.7574, VaLoss:  3.10736	 10 sampled NNs | VaAcc: 0.7042 +- 0.0052 | VaLoss: 1.0651 +- 0.0186
 11,  0 | TrAcc: 0.7897, TrLoss:  1.04094, VaAcc: 0.7633, VaLoss:  2.80462	 10 sampled NNs | VaAcc: 0.6976 +- 0.0050 | VaLoss: 1.1257 +- 0.0228
 12,  0 | TrAcc: 0.7907, TrLoss:  0.98392, VaAcc: 0.7689, VaLoss:  2.52929	 10 sampled NNs | VaAcc: 0.6715 +- 0.0144 | VaLoss: 1.2622 +- 0.0650
 13,  0 | TrAcc: 0.7930, TrLoss:  0.93611, VaAcc: 0.7675, VaLoss:  2.31649	 10 sampled NNs | VaAcc: 0.6445 +- 0.0098 | VaLoss: 1.4282 +- 0.0673
 14,  0 | TrAcc: 0.7993, TrLoss:  0.87882, VaAcc: 0.7732, VaLoss:  2.11238	 10 sampled NNs | VaAcc: 0.6038 +- 0.0177 | VaLoss: 1.6899 +- 0.1057
 15,  0 | TrAcc: 0.8004, TrLoss:  0.84423, VaAcc: 0.7715, VaLoss:  1.97745	 10 sampled NNs | VaAcc: 0.5790 +- 0.0216 | VaLoss: 1.8248 +- 0.1531
 16,  0 | TrAcc: 0.8024, TrLoss:  0.82154, VaAcc: 0.7656, VaLoss:  1.86873	 10 sampled NNs | VaAcc: 0.5142 +- 0.0513 | VaLoss: 2.2977 +- 0.4586
 17,  0 | TrAcc: 0.8049, TrLoss:  0.79622, VaAcc: 0.7666, VaLoss:  1.77991	 10 sampled NNs | VaAcc: 0.4408 +- 0.0385 | VaLoss: 2.7484 +- 0.3982
 18,  0 | TrAcc: 0.8061, TrLoss:  0.77329, VaAcc: 0.7712, VaLoss:  1.68577	 10 sampled NNs | VaAcc: 0.3486 +- 0.0669 | VaLoss: 3.5499 +- 0.7694
 19,  0 | TrAcc: 0.8099, TrLoss:  0.75398, VaAcc: 0.7601, VaLoss:  1.65708	 10 sampled NNs | VaAcc: 0.3403 +- 0.0531 | VaLoss: 3.4998 +- 0.4982
 20,  0 | TrAcc: 0.8115, TrLoss:  0.73638, VaAcc: 0.7718, VaLoss:  1.57810	 10 sampled NNs | VaAcc: 0.3015 +- 0.0570 | VaLoss: 3.9202 +- 0.8895
 21,  0 | TrAcc: 0.8116, TrLoss:  0.72854, VaAcc: 0.7734, VaLoss:  1.53882	 10 sampled NNs | VaAcc: 0.2577 +- 0.0406 | VaLoss: 4.1734 +- 0.6125
 22,  0 | TrAcc: 0.8163, TrLoss:  0.70571, VaAcc: 0.7699, VaLoss:  1.52758	 10 sampled NNs | VaAcc: 0.2245 +- 0.0402 | VaLoss: 4.6168 +- 0.5882
 23,  0 | TrAcc: 0.8197, TrLoss:  0.69455, VaAcc: 0.7688, VaLoss:  1.50632	 10 sampled NNs | VaAcc: 0.2179 +- 0.0405 | VaLoss: 4.4662 +- 0.4387
 24,  0 | TrAcc: 0.8173, TrLoss:  0.69339, VaAcc: 0.7684, VaLoss:  1.46777	 10 sampled NNs | VaAcc: 0.1920 +- 0.0346 | VaLoss: 4.6195 +- 0.4957
 25,  0 | TrAcc: 0.8226, TrLoss:  0.67603, VaAcc: 0.7665, VaLoss:  1.45684	 10 sampled NNs | VaAcc: 0.1811 +- 0.0250 | VaLoss: 4.8029 +- 0.6683
 26,  0 | TrAcc: 0.8265, TrLoss:  0.66113, VaAcc: 0.7646, VaLoss:  1.45110	 10 sampled NNs | VaAcc: 0.1619 +- 0.0163 | VaLoss: 4.9378 +- 0.4376
 27,  0 | TrAcc: 0.8278, TrLoss:  0.65266, VaAcc: 0.7723, VaLoss:  1.41409	 10 sampled NNs | VaAcc: 0.1557 +- 0.0261 | VaLoss: 4.7065 +- 0.4167
 28,  0 | TrAcc: 0.8319, TrLoss:  0.63878, VaAcc: 0.7623, VaLoss:  1.43813	 10 sampled NNs | VaAcc: 0.1484 +- 0.0110 | VaLoss: 4.9545 +- 0.4721
 29,  0 | TrAcc: 0.8302, TrLoss:  0.63921, VaAcc: 0.7647, VaLoss:  1.40939	 10 sampled NNs | VaAcc: 0.1563 +- 0.0140 | VaLoss: 4.9758 +- 0.3874
 30,  0 | TrAcc: 0.8355, TrLoss:  0.62525, VaAcc: 0.7694, VaLoss:  1.40186	 10 sampled NNs | VaAcc: 0.1409 +- 0.0135 | VaLoss: 5.0544 +- 0.4928
 31,  0 | TrAcc: 0.8315, TrLoss:  0.63045, VaAcc: 0.7633, VaLoss:  1.40585	 10 sampled NNs | VaAcc: 0.1378 +- 0.0155 | VaLoss: 5.3090 +- 0.5477
 32,  0 | TrAcc: 0.8400, TrLoss:  0.60674, VaAcc: 0.7623, VaLoss:  1.40125	 10 sampled NNs | VaAcc: 0.1440 +- 0.0073 | VaLoss: 5.1998 +- 0.4704
 33,  0 | TrAcc: 0.8412, TrLoss:  0.60039, VaAcc: 0.7707, VaLoss:  1.37858	 10 sampled NNs | VaAcc: 0.1401 +- 0.0144 | VaLoss: 4.9868 +- 0.4460
 34,  0 | TrAcc: 0.8408, TrLoss:  0.59877, VaAcc: 0.7649, VaLoss:  1.40582	 10 sampled NNs | VaAcc: 0.1348 +- 0.0184 | VaLoss: 5.3043 +- 0.6232
 35,  0 | TrAcc: 0.8444, TrLoss:  0.58923, VaAcc: 0.7619, VaLoss:  1.40137	 10 sampled NNs | VaAcc: 0.1244 +- 0.0133 | VaLoss: 5.2211 +- 0.3670
 36,  0 | TrAcc: 0.8436, TrLoss:  0.58918, VaAcc: 0.7602, VaLoss:  1.39301	 10 sampled NNs | VaAcc: 0.1183 +- 0.0127 | VaLoss: 5.5692 +- 0.4438
 37,  0 | TrAcc: 0.8471, TrLoss:  0.57859, VaAcc: 0.7657, VaLoss:  1.39589	 10 sampled NNs | VaAcc: 0.1377 +- 0.0156 | VaLoss: 5.1309 +- 0.5634
 38,  0 | TrAcc: 0.8476, TrLoss:  0.57874, VaAcc: 0.7621, VaLoss:  1.41100	 10 sampled NNs | VaAcc: 0.1259 +- 0.0156 | VaLoss: 5.3235 +- 0.6774
 39,  0 | TrAcc: 0.8528, TrLoss:  0.56091, VaAcc: 0.7579, VaLoss:  1.42655	 10 sampled NNs | VaAcc: 0.1215 +- 0.0131 | VaLoss: 5.4417 +- 0.4984
 40,  0 | TrAcc: 0.8512, TrLoss:  0.56345, VaAcc: 0.7654, VaLoss:  1.39492	 10 sampled NNs | VaAcc: 0.1226 +- 0.0128 | VaLoss: 5.5918 +- 0.6759
 41,  0 | TrAcc: 0.8515, TrLoss:  0.56283, VaAcc: 0.7523, VaLoss:  1.42662	 10 sampled NNs | VaAcc: 0.1237 +- 0.0133 | VaLoss: 5.4859 +- 0.3732
 42,  0 | TrAcc: 0.8547, TrLoss:  0.55189, VaAcc: 0.7667, VaLoss:  1.40147	 10 sampled NNs | VaAcc: 0.1208 +- 0.0214 | VaLoss: 5.3312 +- 0.4826
 43,  0 | TrAcc: 0.8541, TrLoss:  0.55397, VaAcc: 0.7637, VaLoss:  1.40147	 10 sampled NNs | VaAcc: 0.1169 +- 0.0081 | VaLoss: 5.2677 +- 0.2922
 44,  0 | TrAcc: 0.8605, TrLoss:  0.53509, VaAcc: 0.7552, VaLoss:  1.43988	 10 sampled NNs | VaAcc: 0.1173 +- 0.0147 | VaLoss: 5.6276 +- 0.6841
 45,  0 | TrAcc: 0.8575, TrLoss:  0.54008, VaAcc: 0.7597, VaLoss:  1.41939	 10 sampled NNs | VaAcc: 0.1183 +- 0.0169 | VaLoss: 5.5892 +- 0.7636
 46,  0 | TrAcc: 0.8641, TrLoss:  0.52455, VaAcc: 0.7597, VaLoss:  1.43297	 10 sampled NNs | VaAcc: 0.1197 +- 0.0126 | VaLoss: 5.7460 +- 0.5979
 47,  0 | TrAcc: 0.8652, TrLoss:  0.52249, VaAcc: 0.7574, VaLoss:  1.42922	 10 sampled NNs | VaAcc: 0.1157 +- 0.0100 | VaLoss: 6.0148 +- 1.0885
 48,  0 | TrAcc: 0.8661, TrLoss:  0.52019, VaAcc: 0.7549, VaLoss:  1.46289	 10 sampled NNs | VaAcc: 0.1166 +- 0.0084 | VaLoss: 5.7489 +- 0.3903
 49,  0 | TrAcc: 0.8657, TrLoss:  0.51758, VaAcc: 0.7518, VaLoss:  1.47382	 10 sampled NNs | VaAcc: 0.1114 +- 0.0098 | VaLoss: 5.7275 +- 0.6851
 50,  0 | TrAcc: 0.8669, TrLoss:  0.51351, VaAcc: 0.7567, VaLoss:  1.45415	 10 sampled NNs | VaAcc: 0.1190 +- 0.0099 | VaLoss: 5.5891 +- 0.5774
 51,  0 | TrAcc: 0.8662, TrLoss:  0.51615, VaAcc: 0.7525, VaLoss:  1.47556	 10 sampled NNs | VaAcc: 0.1122 +- 0.0044 | VaLoss: 6.1177 +- 0.6182
 52,  0 | TrAcc: 0.8720, TrLoss:  0.49950, VaAcc: 0.7482, VaLoss:  1.49790	 10 sampled NNs | VaAcc: 0.1194 +- 0.0149 | VaLoss: 5.6378 +- 0.4535
 53,  0 | TrAcc: 0.8707, TrLoss:  0.50297, VaAcc: 0.7471, VaLoss:  1.48408	 10 sampled NNs | VaAcc: 0.1179 +- 0.0139 | VaLoss: 5.6985 +- 0.4253
 54,  0 | TrAcc: 0.8746, TrLoss:  0.49190, VaAcc: 0.7552, VaLoss:  1.47227	 10 sampled NNs | VaAcc: 0.1176 +- 0.0097 | VaLoss: 5.8601 +- 0.4145
 55,  0 | TrAcc: 0.8756, TrLoss:  0.48953, VaAcc: 0.7548, VaLoss:  1.48955	 10 sampled NNs | VaAcc: 0.1144 +- 0.0057 | VaLoss: 5.8557 +- 0.4601
 56,  0 | TrAcc: 0.8742, TrLoss:  0.49311, VaAcc: 0.7494, VaLoss:  1.51103	 10 sampled NNs | VaAcc: 0.1144 +- 0.0103 | VaLoss: 5.6692 +- 0.4619
 57,  0 | TrAcc: 0.8759, TrLoss:  0.48826, VaAcc: 0.7519, VaLoss:  1.52070	 10 sampled NNs | VaAcc: 0.1115 +- 0.0123 | VaLoss: 6.1031 +- 0.6980
 58,  0 | TrAcc: 0.8782, TrLoss:  0.48377, VaAcc: 0.7509, VaLoss:  1.51486	 10 sampled NNs | VaAcc: 0.1164 +- 0.0077 | VaLoss: 5.9067 +- 0.3863
 59,  0 | TrAcc: 0.8823, TrLoss:  0.47019, VaAcc: 0.7511, VaLoss:  1.51804	 10 sampled NNs | VaAcc: 0.1130 +- 0.0112 | VaLoss: 5.9205 +- 0.4542
 60,  0 | TrAcc: 0.8814, TrLoss:  0.47319, VaAcc: 0.7500, VaLoss:  1.54609	 10 sampled NNs | VaAcc: 0.1148 +- 0.0105 | VaLoss: 6.1140 +- 0.4874
 61,  0 | TrAcc: 0.8824, TrLoss:  0.46736, VaAcc: 0.7503, VaLoss:  1.53864	 10 sampled NNs | VaAcc: 0.1149 +- 0.0097 | VaLoss: 5.8927 +- 0.5416
 62,  0 | TrAcc: 0.8839, TrLoss:  0.46325, VaAcc: 0.7492, VaLoss:  1.56779	 10 sampled NNs | VaAcc: 0.1112 +- 0.0056 | VaLoss: 5.8827 +- 0.4390
 63,  0 | TrAcc: 0.8843, TrLoss:  0.46267, VaAcc: 0.7474, VaLoss:  1.56701	 10 sampled NNs | VaAcc: 0.1155 +- 0.0106 | VaLoss: 5.8439 +- 0.6154
 64,  0 | TrAcc: 0.8861, TrLoss:  0.45830, VaAcc: 0.7480, VaLoss:  1.57677	 10 sampled NNs | VaAcc: 0.1097 +- 0.0045 | VaLoss: 6.1592 +- 0.5093
 65,  0 | TrAcc: 0.8874, TrLoss:  0.45573, VaAcc: 0.7532, VaLoss:  1.56007	 10 sampled NNs | VaAcc: 0.1175 +- 0.0084 | VaLoss: 5.9441 +- 0.5216
 66,  0 | TrAcc: 0.8881, TrLoss:  0.45368, VaAcc: 0.7505, VaLoss:  1.55646	 10 sampled NNs | VaAcc: 0.1135 +- 0.0098 | VaLoss: 5.9800 +- 0.5872
 67,  0 | TrAcc: 0.8889, TrLoss:  0.45104, VaAcc: 0.7493, VaLoss:  1.56789	 10 sampled NNs | VaAcc: 0.1114 +- 0.0067 | VaLoss: 6.0129 +- 0.3533
 68,  0 | TrAcc: 0.8902, TrLoss:  0.44604, VaAcc: 0.7514, VaLoss:  1.57505	 10 sampled NNs | VaAcc: 0.1198 +- 0.0098 | VaLoss: 6.3353 +- 0.4799
 69,  0 | TrAcc: 0.8929, TrLoss:  0.43764, VaAcc: 0.7434, VaLoss:  1.63749	 10 sampled NNs | VaAcc: 0.1164 +- 0.0079 | VaLoss: 6.2024 +- 0.4937
 70,  0 | TrAcc: 0.8899, TrLoss:  0.44339, VaAcc: 0.7407, VaLoss:  1.64377	 10 sampled NNs | VaAcc: 0.1102 +- 0.0058 | VaLoss: 6.3322 +- 0.4798
 71,  0 | TrAcc: 0.8913, TrLoss:  0.44147, VaAcc: 0.7464, VaLoss:  1.62486	 10 sampled NNs | VaAcc: 0.1181 +- 0.0057 | VaLoss: 6.4541 +- 0.5407
 72,  0 | TrAcc: 0.8927, TrLoss:  0.44168, VaAcc: 0.7467, VaLoss:  1.61092	 10 sampled NNs | VaAcc: 0.1150 +- 0.0087 | VaLoss: 6.3860 +- 0.6214
 73,  0 | TrAcc: 0.8975, TrLoss:  0.42741, VaAcc: 0.7388, VaLoss:  1.65589	 10 sampled NNs | VaAcc: 0.1121 +- 0.0091 | VaLoss: 6.3501 +- 0.9127
 74,  0 | TrAcc: 0.8938, TrLoss:  0.43472, VaAcc: 0.7426, VaLoss:  1.65090	 10 sampled NNs | VaAcc: 0.1157 +- 0.0121 | VaLoss: 6.7444 +- 0.4910
 75,  0 | TrAcc: 0.8965, TrLoss:  0.43006, VaAcc: 0.7358, VaLoss:  1.67485	 10 sampled NNs | VaAcc: 0.1115 +- 0.0101 | VaLoss: 6.3578 +- 0.5456
 76,  0 | TrAcc: 0.8956, TrLoss:  0.42994, VaAcc: 0.7331, VaLoss:  1.72972	 10 sampled NNs | VaAcc: 0.1096 +- 0.0090 | VaLoss: 6.4386 +- 0.4386
 77,  0 | TrAcc: 0.8936, TrLoss:  0.43547, VaAcc: 0.7414, VaLoss:  1.70230	 10 sampled NNs | VaAcc: 0.1126 +- 0.0093 | VaLoss: 6.4711 +- 0.3774
 78,  0 | TrAcc: 0.8949, TrLoss:  0.43324, VaAcc: 0.7390, VaLoss:  1.69707	 10 sampled NNs | VaAcc: 0.1154 +- 0.0130 | VaLoss: 6.3123 +- 0.6893
 79,  0 | TrAcc: 0.8989, TrLoss:  0.42036, VaAcc: 0.7401, VaLoss:  1.69882	 10 sampled NNs | VaAcc: 0.1165 +- 0.0089 | VaLoss: 6.4012 +- 0.2163
 80,  0 | TrAcc: 0.9026, TrLoss:  0.40955, VaAcc: 0.7403, VaLoss:  1.69896	 10 sampled NNs | VaAcc: 0.1126 +- 0.0126 | VaLoss: 6.6448 +- 0.6393
 81,  0 | TrAcc: 0.8987, TrLoss:  0.42506, VaAcc: 0.7372, VaLoss:  1.74360	 10 sampled NNs | VaAcc: 0.1156 +- 0.0098 | VaLoss: 6.5282 +- 0.7391
 82,  0 | TrAcc: 0.9032, TrLoss:  0.41049, VaAcc: 0.7400, VaLoss:  1.71501	 10 sampled NNs | VaAcc: 0.1146 +- 0.0102 | VaLoss: 6.9000 +- 0.6044
 83,  0 | TrAcc: 0.9042, TrLoss:  0.40673, VaAcc: 0.7422, VaLoss:  1.73004	 10 sampled NNs | VaAcc: 0.1125 +- 0.0080 | VaLoss: 6.3272 +- 0.5934
 84,  0 | TrAcc: 0.9031, TrLoss:  0.40994, VaAcc: 0.7393, VaLoss:  1.71510	 10 sampled NNs | VaAcc: 0.1131 +- 0.0099 | VaLoss: 6.6641 +- 0.6752
 85,  0 | TrAcc: 0.9071, TrLoss:  0.39894, VaAcc: 0.7372, VaLoss:  1.78547	 10 sampled NNs | VaAcc: 0.1082 +- 0.0124 | VaLoss: 6.6678 +- 0.5530
 86,  0 | TrAcc: 0.9051, TrLoss:  0.40465, VaAcc: 0.7346, VaLoss:  1.75641	 10 sampled NNs | VaAcc: 0.1152 +- 0.0051 | VaLoss: 6.6540 +- 0.5598
 87,  0 | TrAcc: 0.9044, TrLoss:  0.40251, VaAcc: 0.7404, VaLoss:  1.76564	 10 sampled NNs | VaAcc: 0.1154 +- 0.0082 | VaLoss: 6.6877 +- 0.5174
 88,  0 | TrAcc: 0.9067, TrLoss:  0.39748, VaAcc: 0.7369, VaLoss:  1.75699	 10 sampled NNs | VaAcc: 0.1174 +- 0.0100 | VaLoss: 6.9940 +- 0.7029
 89,  0 | TrAcc: 0.9060, TrLoss:  0.40054, VaAcc: 0.7384, VaLoss:  1.77292	 10 sampled NNs | VaAcc: 0.1114 +- 0.0051 | VaLoss: 6.6080 +- 0.3649
 90,  0 | TrAcc: 0.9092, TrLoss:  0.39254, VaAcc: 0.7310, VaLoss:  1.83961	 10 sampled NNs | VaAcc: 0.1127 +- 0.0089 | VaLoss: 6.5091 +- 0.3993
 91,  0 | TrAcc: 0.9087, TrLoss:  0.39202, VaAcc: 0.7389, VaLoss:  1.80403	 10 sampled NNs | VaAcc: 0.1140 +- 0.0140 | VaLoss: 6.5927 +- 0.4493
 92,  0 | TrAcc: 0.9085, TrLoss:  0.39646, VaAcc: 0.7366, VaLoss:  1.81328	 10 sampled NNs | VaAcc: 0.1082 +- 0.0109 | VaLoss: 6.8803 +- 0.4561
 93,  0 | TrAcc: 0.9090, TrLoss:  0.39229, VaAcc: 0.7414, VaLoss:  1.76105	 10 sampled NNs | VaAcc: 0.1125 +- 0.0101 | VaLoss: 7.1664 +- 0.6278
 94,  0 | TrAcc: 0.9097, TrLoss:  0.39044, VaAcc: 0.7408, VaLoss:  1.81355	 10 sampled NNs | VaAcc: 0.1081 +- 0.0076 | VaLoss: 6.8859 +- 0.5459
 95,  0 | TrAcc: 0.9116, TrLoss:  0.38424, VaAcc: 0.7363, VaLoss:  1.83779	 10 sampled NNs | VaAcc: 0.1165 +- 0.0094 | VaLoss: 6.6231 +- 0.4169
 96,  0 | TrAcc: 0.9117, TrLoss:  0.38541, VaAcc: 0.7354, VaLoss:  1.81698	 10 sampled NNs | VaAcc: 0.1087 +- 0.0060 | VaLoss: 6.6593 +- 0.5130
 97,  0 | TrAcc: 0.9116, TrLoss:  0.38602, VaAcc: 0.7261, VaLoss:  1.85070	 10 sampled NNs | VaAcc: 0.1141 +- 0.0051 | VaLoss: 6.8230 +- 0.4929
 98,  0 | TrAcc: 0.9071, TrLoss:  0.39945, VaAcc: 0.7316, VaLoss:  1.84165	 10 sampled NNs | VaAcc: 0.1098 +- 0.0094 | VaLoss: 6.7531 +- 0.4572
 99,  0 | TrAcc: 0.9139, TrLoss:  0.37835, VaAcc: 0.7354, VaLoss:  1.83606	 10 sampled NNs | VaAcc: 0.1133 +- 0.0079 | VaLoss: 6.4933 +- 0.7207
----------------------------
