
=============================
CONFIG FILE

RNN CONFIG
{'data_multiplier': 0.4,
 'gradient_clip_value': 0.5,
 'layer_configs': [{'layer_type': 'input'},
                   {'bc': {'init_m': 'xavier',
                           'init_v': -4.5,
                           'prior_m': 0.0,
                           'prior_v': 0.0,
                           'type': 'continuous'},
                    'bf': {'init_m': 'xavier',
                           'init_v': -4.5,
                           'prior_m': 0.0,
                           'prior_v': 0.0,
                           'type': 'continuous'},
                    'bi': {'init_m': 'xavier',
                           'init_v': -4.5,
                           'prior_m': 0.0,
                           'prior_v': 0.0,
                           'type': 'continuous'},
                    'bo': {'init_m': 'xavier',
                           'init_v': -4.5,
                           'prior_m': 0.0,
                           'prior_v': 0.0,
                           'type': 'continuous'},
                    'init_config': {'c': {'b': 'all_zero', 'w': 'xavier'},
                                    'f': {'b': 'all_one', 'w': 'all_zero'},
                                    'i': {'b': 'all_zero', 'w': 'xavier'},
                                    'o': {'b': 'all_zero', 'w': 'xavier'}},
                    'is_output': False,
                    'is_recurrent': True,
                    'layer_type': 'lstm',
                    'var_scope': 'lstm_0',
                    'wc': {'init_m': 'xavier',
                           'init_v': -4.5,
                           'prior_m': 0.0,
                           'prior_v': 0.0,
                           'type': 'continuous'},
                    'wf': {'init_m': 'xavier',
                           'init_v': -4.5,
                           'prior_m': 0.0,
                           'prior_v': 0.0,
                           'type': 'continuous'},
                    'wi': {'init_m': 'xavier',
                           'init_v': -4.5,
                           'prior_m': 0.0,
                           'prior_v': 0.0,
                           'type': 'continuous'},
                    'wo': {'init_m': 'xavier',
                           'init_v': -4.5,
                           'prior_m': 0.0,
                           'prior_v': 0.0,
                           'type': 'continuous'}},
                   {'bc': {'init_m': 'xavier',
                           'init_v': -4.5,
                           'prior_m': 0.0,
                           'prior_v': 0.0,
                           'type': 'continuous'},
                    'bf': {'init_m': 'xavier',
                           'init_v': -4.5,
                           'prior_m': 0.0,
                           'prior_v': 0.0,
                           'type': 'continuous'},
                    'bi': {'init_m': 'xavier',
                           'init_v': -4.5,
                           'prior_m': 0.0,
                           'prior_v': 0.0,
                           'type': 'continuous'},
                    'bo': {'init_m': 'xavier',
                           'init_v': -4.5,
                           'prior_m': 0.0,
                           'prior_v': 0.0,
                           'type': 'continuous'},
                    'init_config': {'c': {'b': 'all_zero', 'w': 'xavier'},
                                    'f': {'b': 'all_one', 'w': 'all_zero'},
                                    'i': {'b': 'all_zero', 'w': 'xavier'},
                                    'o': {'b': 'all_zero', 'w': 'xavier'}},
                    'is_output': False,
                    'is_recurrent': True,
                    'layer_type': 'lstm',
                    'var_scope': 'lstm_1',
                    'wc': {'init_m': 'xavier',
                           'init_v': -4.5,
                           'prior_m': 0.0,
                           'prior_v': 0.0,
                           'type': 'continuous'},
                    'wf': {'init_m': 'xavier',
                           'init_v': -4.5,
                           'prior_m': 0.0,
                           'prior_v': 0.0,
                           'type': 'continuous'},
                    'wi': {'init_m': 'xavier',
                           'init_v': -4.5,
                           'prior_m': 0.0,
                           'prior_v': 0.0,
                           'type': 'continuous'},
                    'wo': {'init_m': 'xavier',
                           'init_v': -4.5,
                           'prior_m': 0.0,
                           'prior_v': 0.0,
                           'type': 'continuous'}},
                   {'b': {'init_m': 'xavier',
                          'init_v': -4.5,
                          'prior_m': 0.0,
                          'prior_v': 0.0,
                          'type': 'continuous'},
                    'is_output': True,
                    'is_recurrent': False,
                    'layer_type': 'fc',
                    'regularization': {'mode': None, 'strength': 0.02},
                    'var_scope': 'output_layer',
                    'w': {'init_m': 'xavier',
                          'init_v': -4.5,
                          'prior_m': 0.0,
                          'prior_v': 0.0,
                          'type': 'continuous'}}],
 'layout': [4, 60, 60, 10],
 'output_type': 'classification'}

DATA CONFIG
{'dataset': 'red_penstroke',
 'tr': {'in_seq_len': 30,
        'minibatch_enabled': True,
        'minibatch_size': 1000,
        'out_seq_len': 5,
        'zero_padding': 20},
 'va': {'in_seq_len': 30,
        'minibatch_enabled': True,
        'minibatch_size': 1000,
        'out_seq_len': 5,
        'zero_padding': 20}}

TRAINING CONFIG
{'learning_rate': 0.002,
 'max_epochs': 200,
 'mode': {'max_epochs': 100, 'min_error': 0.0, 'name': 'classic'},
 'task_id': 4,
 'type': 'l_sampling',
 'v_loss': 30.0}
==============================


  0,  0 | TrAcc: 0.0916, TrLoss:  3.76545, VaAcc: 0.0949, VaLoss:  9.25832	 10 sampled NNs | VaAcc: 0.0939 +- 0.0011 | VaLoss: 2.3749 +- 0.0012
  1,  0 | TrAcc: 0.4878, TrLoss:  2.65634, VaAcc: 0.5040, VaLoss:  7.72484	 10 sampled NNs | VaAcc: 0.5519 +- 0.0023 | VaLoss: 1.2602 +- 0.0054
  2,  0 | TrAcc: 0.6171, TrLoss:  2.26795, VaAcc: 0.6229, VaLoss:  7.00926	 10 sampled NNs | VaAcc: 0.6541 +- 0.0027 | VaLoss: 0.9850 +- 0.0074
  3,  0 | TrAcc: 0.6754, TrLoss:  2.02602, VaAcc: 0.6799, VaLoss:  6.44134	 10 sampled NNs | VaAcc: 0.7111 +- 0.0023 | VaLoss: 0.8471 +- 0.0051
  4,  0 | TrAcc: 0.6993, TrLoss:  1.87444, VaAcc: 0.6983, VaLoss:  5.97812	 10 sampled NNs | VaAcc: 0.7307 +- 0.0023 | VaLoss: 0.8018 +- 0.0103
  5,  0 | TrAcc: 0.7129, TrLoss:  1.75011, VaAcc: 0.7111, VaLoss:  5.54168	 10 sampled NNs | VaAcc: 0.7400 +- 0.0022 | VaLoss: 0.7729 +- 0.0059
  6,  0 | TrAcc: 0.7231, TrLoss:  1.64474, VaAcc: 0.7159, VaLoss:  5.14823	 10 sampled NNs | VaAcc: 0.7480 +- 0.0021 | VaLoss: 0.7538 +- 0.0046
  7,  0 | TrAcc: 0.7308, TrLoss:  1.54904, VaAcc: 0.7302, VaLoss:  4.74588	 10 sampled NNs | VaAcc: 0.7563 +- 0.0018 | VaLoss: 0.7311 +- 0.0058
  8,  0 | TrAcc: 0.7358, TrLoss:  1.46772, VaAcc: 0.7328, VaLoss:  4.38806	 10 sampled NNs | VaAcc: 0.7607 +- 0.0019 | VaLoss: 0.7211 +- 0.0067
  9,  0 | TrAcc: 0.7417, TrLoss:  1.38688, VaAcc: 0.7347, VaLoss:  4.06678	 10 sampled NNs | VaAcc: 0.7645 +- 0.0027 | VaLoss: 0.7146 +- 0.0080
 10,  0 | TrAcc: 0.7445, TrLoss:  1.31803, VaAcc: 0.7420, VaLoss:  3.75369	 10 sampled NNs | VaAcc: 0.7673 +- 0.0020 | VaLoss: 0.6972 +- 0.0041
 11,  0 | TrAcc: 0.7494, TrLoss:  1.25293, VaAcc: 0.7440, VaLoss:  3.48905	 10 sampled NNs | VaAcc: 0.7687 +- 0.0030 | VaLoss: 0.6970 +- 0.0066
 12,  0 | TrAcc: 0.7513, TrLoss:  1.20266, VaAcc: 0.7426, VaLoss:  3.26815	 10 sampled NNs | VaAcc: 0.7656 +- 0.0044 | VaLoss: 0.7020 +- 0.0120
 13,  0 | TrAcc: 0.7526, TrLoss:  1.15763, VaAcc: 0.7438, VaLoss:  3.06312	 10 sampled NNs | VaAcc: 0.7582 +- 0.0070 | VaLoss: 0.7186 +- 0.0166
 14,  0 | TrAcc: 0.7532, TrLoss:  1.12296, VaAcc: 0.7441, VaLoss:  2.89462	 10 sampled NNs | VaAcc: 0.7470 +- 0.0092 | VaLoss: 0.7495 +- 0.0230
 15,  0 | TrAcc: 0.7562, TrLoss:  1.08658, VaAcc: 0.7470, VaLoss:  2.74327	 10 sampled NNs | VaAcc: 0.7294 +- 0.0073 | VaLoss: 0.8036 +- 0.0213
 16,  0 | TrAcc: 0.7564, TrLoss:  1.06381, VaAcc: 0.7484, VaLoss:  2.63462	 10 sampled NNs | VaAcc: 0.6985 +- 0.0167 | VaLoss: 0.8893 +- 0.0473
 17,  0 | TrAcc: 0.7601, TrLoss:  1.03713, VaAcc: 0.7506, VaLoss:  2.54610	 10 sampled NNs | VaAcc: 0.6332 +- 0.0230 | VaLoss: 1.0818 +- 0.0567
 18,  0 | TrAcc: 0.7635, TrLoss:  1.01469, VaAcc: 0.7485, VaLoss:  2.48128	 10 sampled NNs | VaAcc: 0.6190 +- 0.0229 | VaLoss: 1.1395 +- 0.0978
 19,  0 | TrAcc: 0.7644, TrLoss:  0.99868, VaAcc: 0.7472, VaLoss:  2.43255	 10 sampled NNs | VaAcc: 0.5400 +- 0.0442 | VaLoss: 1.4041 +- 0.1741
 20,  0 | TrAcc: 0.7649, TrLoss:  0.98851, VaAcc: 0.7516, VaLoss:  2.36847	 10 sampled NNs | VaAcc: 0.5228 +- 0.0339 | VaLoss: 1.5049 +- 0.1210
 21,  0 | TrAcc: 0.7659, TrLoss:  0.97840, VaAcc: 0.7518, VaLoss:  2.33091	 10 sampled NNs | VaAcc: 0.5089 +- 0.0346 | VaLoss: 1.5590 +- 0.1707
 22,  0 | TrAcc: 0.7689, TrLoss:  0.96252, VaAcc: 0.7529, VaLoss:  2.29635	 10 sampled NNs | VaAcc: 0.4692 +- 0.0521 | VaLoss: 1.7901 +- 0.3028
 23,  0 | TrAcc: 0.7700, TrLoss:  0.95051, VaAcc: 0.7487, VaLoss:  2.27051	 10 sampled NNs | VaAcc: 0.4720 +- 0.0466 | VaLoss: 1.7507 +- 0.2615
 24,  0 | TrAcc: 0.7731, TrLoss:  0.93791, VaAcc: 0.7569, VaLoss:  2.22770	 10 sampled NNs | VaAcc: 0.4685 +- 0.0336 | VaLoss: 1.8104 +- 0.1768
 25,  0 | TrAcc: 0.7741, TrLoss:  0.93136, VaAcc: 0.7522, VaLoss:  2.20846	 10 sampled NNs | VaAcc: 0.4639 +- 0.0428 | VaLoss: 1.7749 +- 0.1590
 26,  0 | TrAcc: 0.7750, TrLoss:  0.92344, VaAcc: 0.7533, VaLoss:  2.19628	 10 sampled NNs | VaAcc: 0.4580 +- 0.0468 | VaLoss: 1.8071 +- 0.1696
 27,  0 | TrAcc: 0.7757, TrLoss:  0.91902, VaAcc: 0.7534, VaLoss:  2.16668	 10 sampled NNs | VaAcc: 0.4682 +- 0.0310 | VaLoss: 1.8276 +- 0.1542
 28,  0 | TrAcc: 0.7769, TrLoss:  0.90704, VaAcc: 0.7567, VaLoss:  2.13664	 10 sampled NNs | VaAcc: 0.4669 +- 0.0487 | VaLoss: 1.8128 +- 0.2554
 29,  0 | TrAcc: 0.7805, TrLoss:  0.89911, VaAcc: 0.7590, VaLoss:  2.11621	 10 sampled NNs | VaAcc: 0.4682 +- 0.0320 | VaLoss: 1.8304 +- 0.1695
 30,  0 | TrAcc: 0.7813, TrLoss:  0.88978, VaAcc: 0.7530, VaLoss:  2.11907	 10 sampled NNs | VaAcc: 0.4648 +- 0.0516 | VaLoss: 1.8943 +- 0.3258
 31,  0 | TrAcc: 0.7821, TrLoss:  0.88131, VaAcc: 0.7566, VaLoss:  2.09586	 10 sampled NNs | VaAcc: 0.4515 +- 0.0424 | VaLoss: 1.8330 +- 0.1666
 32,  0 | TrAcc: 0.7842, TrLoss:  0.87612, VaAcc: 0.7614, VaLoss:  2.07594	 10 sampled NNs | VaAcc: 0.4518 +- 0.0400 | VaLoss: 1.8878 +- 0.2622
 33,  0 | TrAcc: 0.7842, TrLoss:  0.87109, VaAcc: 0.7608, VaLoss:  2.06159	 10 sampled NNs | VaAcc: 0.4368 +- 0.0355 | VaLoss: 1.9830 +- 0.1802
 34,  0 | TrAcc: 0.7856, TrLoss:  0.86540, VaAcc: 0.7633, VaLoss:  2.04074	 10 sampled NNs | VaAcc: 0.4506 +- 0.0399 | VaLoss: 1.9383 +- 0.2079
 35,  0 | TrAcc: 0.7870, TrLoss:  0.85907, VaAcc: 0.7558, VaLoss:  2.04827	 10 sampled NNs | VaAcc: 0.4346 +- 0.0325 | VaLoss: 1.9677 +- 0.2117
 36,  0 | TrAcc: 0.7876, TrLoss:  0.85316, VaAcc: 0.7602, VaLoss:  2.02640	 10 sampled NNs | VaAcc: 0.4423 +- 0.0328 | VaLoss: 2.0259 +- 0.2239
 37,  0 | TrAcc: 0.7898, TrLoss:  0.84567, VaAcc: 0.7568, VaLoss:  2.02828	 10 sampled NNs | VaAcc: 0.4456 +- 0.0429 | VaLoss: 2.0199 +- 0.2396
 38,  0 | TrAcc: 0.7892, TrLoss:  0.84210, VaAcc: 0.7607, VaLoss:  2.00809	 10 sampled NNs | VaAcc: 0.4477 +- 0.0358 | VaLoss: 2.0166 +- 0.1754
 39,  0 | TrAcc: 0.7911, TrLoss:  0.83931, VaAcc: 0.7599, VaLoss:  2.00533	 10 sampled NNs | VaAcc: 0.4287 +- 0.0324 | VaLoss: 2.0915 +- 0.2574
 40,  0 | TrAcc: 0.7927, TrLoss:  0.83303, VaAcc: 0.7616, VaLoss:  1.98629	 10 sampled NNs | VaAcc: 0.4604 +- 0.0279 | VaLoss: 1.8957 +- 0.1688
 41,  0 | TrAcc: 0.7927, TrLoss:  0.83111, VaAcc: 0.7579, VaLoss:  1.99158	 10 sampled NNs | VaAcc: 0.4434 +- 0.0358 | VaLoss: 2.0706 +- 0.2086
 42,  0 | TrAcc: 0.7944, TrLoss:  0.82153, VaAcc: 0.7624, VaLoss:  1.97612	 10 sampled NNs | VaAcc: 0.4380 +- 0.0344 | VaLoss: 2.0468 +- 0.1087
 43,  0 | TrAcc: 0.7960, TrLoss:  0.81760, VaAcc: 0.7603, VaLoss:  1.97716	 10 sampled NNs | VaAcc: 0.4572 +- 0.0349 | VaLoss: 1.9783 +- 0.1643
 44,  0 | TrAcc: 0.7967, TrLoss:  0.81508, VaAcc: 0.7595, VaLoss:  1.96663	 10 sampled NNs | VaAcc: 0.4385 +- 0.0456 | VaLoss: 2.0320 +- 0.2854
 45,  0 | TrAcc: 0.7970, TrLoss:  0.81152, VaAcc: 0.7617, VaLoss:  1.95477	 10 sampled NNs | VaAcc: 0.4205 +- 0.0417 | VaLoss: 2.2839 +- 0.4575
 46,  0 | TrAcc: 0.7979, TrLoss:  0.80878, VaAcc: 0.7632, VaLoss:  1.94504	 10 sampled NNs | VaAcc: 0.4569 +- 0.0324 | VaLoss: 2.0246 +- 0.2722
 47,  0 | TrAcc: 0.7985, TrLoss:  0.80675, VaAcc: 0.7630, VaLoss:  1.94473	 10 sampled NNs | VaAcc: 0.4158 +- 0.0647 | VaLoss: 2.3105 +- 0.4324
 48,  0 | TrAcc: 0.8007, TrLoss:  0.79892, VaAcc: 0.7628, VaLoss:  1.94916	 10 sampled NNs | VaAcc: 0.4282 +- 0.0295 | VaLoss: 2.2069 +- 0.1691
 49,  0 | TrAcc: 0.8013, TrLoss:  0.79482, VaAcc: 0.7584, VaLoss:  1.94521	 10 sampled NNs | VaAcc: 0.4260 +- 0.0225 | VaLoss: 2.1799 +- 0.1899
 50,  0 | TrAcc: 0.8029, TrLoss:  0.79257, VaAcc: 0.7600, VaLoss:  1.94067	 10 sampled NNs | VaAcc: 0.4254 +- 0.0613 | VaLoss: 2.3282 +- 0.4065
 51,  0 | TrAcc: 0.8015, TrLoss:  0.79236, VaAcc: 0.7573, VaLoss:  1.93497	 10 sampled NNs | VaAcc: 0.3976 +- 0.0354 | VaLoss: 2.3921 +- 0.3502
 52,  0 | TrAcc: 0.8030, TrLoss:  0.78880, VaAcc: 0.7635, VaLoss:  1.92397	 10 sampled NNs | VaAcc: 0.4339 +- 0.0563 | VaLoss: 2.3067 +- 0.3602
 53,  0 | TrAcc: 0.8033, TrLoss:  0.78560, VaAcc: 0.7615, VaLoss:  1.92555	 10 sampled NNs | VaAcc: 0.4365 +- 0.0354 | VaLoss: 2.2208 +- 0.1863
 54,  0 | TrAcc: 0.8038, TrLoss:  0.78181, VaAcc: 0.7619, VaLoss:  1.92664	 10 sampled NNs | VaAcc: 0.4172 +- 0.0387 | VaLoss: 2.3203 +- 0.3493
 55,  0 | TrAcc: 0.8067, TrLoss:  0.77444, VaAcc: 0.7618, VaLoss:  1.91819	 10 sampled NNs | VaAcc: 0.3991 +- 0.0481 | VaLoss: 2.4791 +- 0.4235
 56,  0 | TrAcc: 0.8063, TrLoss:  0.77616, VaAcc: 0.7626, VaLoss:  1.91024	 10 sampled NNs | VaAcc: 0.4325 +- 0.0265 | VaLoss: 2.2079 +- 0.2467
 57,  0 | TrAcc: 0.8063, TrLoss:  0.77495, VaAcc: 0.7600, VaLoss:  1.92304	 10 sampled NNs | VaAcc: 0.4045 +- 0.0441 | VaLoss: 2.3983 +- 0.2467
 58,  0 | TrAcc: 0.8070, TrLoss:  0.77123, VaAcc: 0.7614, VaLoss:  1.91506	 10 sampled NNs | VaAcc: 0.4030 +- 0.0468 | VaLoss: 2.4134 +- 0.1706
 59,  0 | TrAcc: 0.8077, TrLoss:  0.76964, VaAcc: 0.7623, VaLoss:  1.90778	 10 sampled NNs | VaAcc: 0.4080 +- 0.0381 | VaLoss: 2.4286 +- 0.3558
 60,  0 | TrAcc: 0.8087, TrLoss:  0.76414, VaAcc: 0.7608, VaLoss:  1.91284	 10 sampled NNs | VaAcc: 0.3896 +- 0.0465 | VaLoss: 2.5432 +- 0.1720
 61,  0 | TrAcc: 0.8100, TrLoss:  0.76159, VaAcc: 0.7635, VaLoss:  1.91122	 10 sampled NNs | VaAcc: 0.3820 +- 0.0319 | VaLoss: 2.8478 +- 0.4179
 62,  0 | TrAcc: 0.8106, TrLoss:  0.75955, VaAcc: 0.7645, VaLoss:  1.90534	 10 sampled NNs | VaAcc: 0.4126 +- 0.0361 | VaLoss: 2.4753 +- 0.2964
 63,  0 | TrAcc: 0.8115, TrLoss:  0.75896, VaAcc: 0.7635, VaLoss:  1.90887	 10 sampled NNs | VaAcc: 0.4113 +- 0.0284 | VaLoss: 2.4917 +- 0.2717
 64,  0 | TrAcc: 0.8115, TrLoss:  0.75707, VaAcc: 0.7642, VaLoss:  1.90655	 10 sampled NNs | VaAcc: 0.4045 +- 0.0253 | VaLoss: 2.4431 +- 0.2034
 65,  0 | TrAcc: 0.8112, TrLoss:  0.75559, VaAcc: 0.7632, VaLoss:  1.90279	 10 sampled NNs | VaAcc: 0.4183 +- 0.0404 | VaLoss: 2.4030 +- 0.4119
 66,  0 | TrAcc: 0.8129, TrLoss:  0.75157, VaAcc: 0.7629, VaLoss:  1.90423	 10 sampled NNs | VaAcc: 0.4256 +- 0.0446 | VaLoss: 2.4146 +- 0.2994
 67,  0 | TrAcc: 0.8134, TrLoss:  0.75224, VaAcc: 0.7626, VaLoss:  1.91704	 10 sampled NNs | VaAcc: 0.4043 +- 0.0510 | VaLoss: 2.5414 +- 0.5395
 68,  0 | TrAcc: 0.8139, TrLoss:  0.74939, VaAcc: 0.7631, VaLoss:  1.91247	 10 sampled NNs | VaAcc: 0.4133 +- 0.0317 | VaLoss: 2.4012 +- 0.2523
 69,  0 | TrAcc: 0.8155, TrLoss:  0.74707, VaAcc: 0.7594, VaLoss:  1.92350	 10 sampled NNs | VaAcc: 0.4106 +- 0.0286 | VaLoss: 2.5585 +- 0.2353
 70,  0 | TrAcc: 0.8157, TrLoss:  0.74295, VaAcc: 0.7572, VaLoss:  1.92452	 10 sampled NNs | VaAcc: 0.4072 +- 0.0427 | VaLoss: 2.4846 +- 0.3340
 71,  0 | TrAcc: 0.8166, TrLoss:  0.74246, VaAcc: 0.7639, VaLoss:  1.91211	 10 sampled NNs | VaAcc: 0.4150 +- 0.0519 | VaLoss: 2.4833 +- 0.3523
 72,  0 | TrAcc: 0.8167, TrLoss:  0.74010, VaAcc: 0.7591, VaLoss:  1.92435	 10 sampled NNs | VaAcc: 0.4167 +- 0.0476 | VaLoss: 2.5469 +- 0.3639
 73,  0 | TrAcc: 0.8169, TrLoss:  0.73975, VaAcc: 0.7600, VaLoss:  1.92483	 10 sampled NNs | VaAcc: 0.3808 +- 0.0513 | VaLoss: 2.7192 +- 0.4628
 74,  0 | TrAcc: 0.8169, TrLoss:  0.74022, VaAcc: 0.7614, VaLoss:  1.91061	 10 sampled NNs | VaAcc: 0.3965 +- 0.0514 | VaLoss: 2.6818 +- 0.3576
 75,  0 | TrAcc: 0.8199, TrLoss:  0.73380, VaAcc: 0.7600, VaLoss:  1.92241	 10 sampled NNs | VaAcc: 0.3917 +- 0.0331 | VaLoss: 2.7065 +- 0.3304
 76,  0 | TrAcc: 0.8193, TrLoss:  0.73512, VaAcc: 0.7653, VaLoss:  1.91064	 10 sampled NNs | VaAcc: 0.3940 +- 0.0449 | VaLoss: 2.6504 +- 0.4184
 77,  0 | TrAcc: 0.8196, TrLoss:  0.73310, VaAcc: 0.7578, VaLoss:  1.93863	 10 sampled NNs | VaAcc: 0.3947 +- 0.0422 | VaLoss: 2.6935 +- 0.2920
 78,  0 | TrAcc: 0.8205, TrLoss:  0.73016, VaAcc: 0.7629, VaLoss:  1.92092	 10 sampled NNs | VaAcc: 0.3931 +- 0.0311 | VaLoss: 2.7696 +- 0.3453
 79,  0 | TrAcc: 0.8214, TrLoss:  0.72924, VaAcc: 0.7597, VaLoss:  1.92695	 10 sampled NNs | VaAcc: 0.3997 +- 0.0218 | VaLoss: 2.7340 +- 0.3492
 80,  0 | TrAcc: 0.8198, TrLoss:  0.72998, VaAcc: 0.7613, VaLoss:  1.93674	 10 sampled NNs | VaAcc: 0.3883 +- 0.0321 | VaLoss: 2.7827 +- 0.3621
 81,  0 | TrAcc: 0.8220, TrLoss:  0.72607, VaAcc: 0.7573, VaLoss:  1.94880	 10 sampled NNs | VaAcc: 0.3824 +- 0.0439 | VaLoss: 2.9923 +- 0.4198
 82,  0 | TrAcc: 0.8230, TrLoss:  0.72382, VaAcc: 0.7627, VaLoss:  1.93046	 10 sampled NNs | VaAcc: 0.3673 +- 0.0435 | VaLoss: 2.8756 +- 0.3351
 83,  0 | TrAcc: 0.8219, TrLoss:  0.72646, VaAcc: 0.7601, VaLoss:  1.94266	 10 sampled NNs | VaAcc: 0.4057 +- 0.0228 | VaLoss: 2.7045 +- 0.3496
 84,  0 | TrAcc: 0.8248, TrLoss:  0.72178, VaAcc: 0.7622, VaLoss:  1.93228	 10 sampled NNs | VaAcc: 0.3761 +- 0.0285 | VaLoss: 2.8856 +- 0.2875
 85,  0 | TrAcc: 0.8242, TrLoss:  0.72196, VaAcc: 0.7602, VaLoss:  1.95094	 10 sampled NNs | VaAcc: 0.3891 +- 0.0332 | VaLoss: 2.7576 +- 0.2515
 86,  0 | TrAcc: 0.8235, TrLoss:  0.72294, VaAcc: 0.7648, VaLoss:  1.93957	 10 sampled NNs | VaAcc: 0.3731 +- 0.0514 | VaLoss: 2.9986 +- 0.5659
 87,  0 | TrAcc: 0.8254, TrLoss:  0.72087, VaAcc: 0.7569, VaLoss:  1.95954	 10 sampled NNs | VaAcc: 0.3766 +- 0.0320 | VaLoss: 2.8625 +- 0.2236
 88,  0 | TrAcc: 0.8246, TrLoss:  0.72078, VaAcc: 0.7593, VaLoss:  1.95066	 10 sampled NNs | VaAcc: 0.3774 +- 0.0515 | VaLoss: 3.0001 +- 0.4748
 89,  0 | TrAcc: 0.8262, TrLoss:  0.71761, VaAcc: 0.7646, VaLoss:  1.94475	 10 sampled NNs | VaAcc: 0.3944 +- 0.0375 | VaLoss: 2.9077 +- 0.4005
 90,  0 | TrAcc: 0.8258, TrLoss:  0.71639, VaAcc: 0.7568, VaLoss:  1.96953	 10 sampled NNs | VaAcc: 0.3664 +- 0.0400 | VaLoss: 2.9432 +- 0.3473
 91,  0 | TrAcc: 0.8254, TrLoss:  0.71707, VaAcc: 0.7595, VaLoss:  1.95957	 10 sampled NNs | VaAcc: 0.3361 +- 0.0394 | VaLoss: 3.2768 +- 0.3996
 92,  0 | TrAcc: 0.8258, TrLoss:  0.71711, VaAcc: 0.7585, VaLoss:  1.96202	 10 sampled NNs | VaAcc: 0.3568 +- 0.0471 | VaLoss: 3.1281 +- 0.3933
 93,  0 | TrAcc: 0.8267, TrLoss:  0.71450, VaAcc: 0.7583, VaLoss:  1.96278	 10 sampled NNs | VaAcc: 0.3917 +- 0.0378 | VaLoss: 2.8377 +- 0.3385
 94,  0 | TrAcc: 0.8268, TrLoss:  0.71353, VaAcc: 0.7610, VaLoss:  1.97292	 10 sampled NNs | VaAcc: 0.3465 +- 0.0229 | VaLoss: 3.4345 +- 0.4334
 95,  0 | TrAcc: 0.8276, TrLoss:  0.71543, VaAcc: 0.7597, VaLoss:  1.97431	 10 sampled NNs | VaAcc: 0.3927 +- 0.0431 | VaLoss: 2.8364 +- 0.4421
 96,  0 | TrAcc: 0.8282, TrLoss:  0.71098, VaAcc: 0.7598, VaLoss:  1.97719	 10 sampled NNs | VaAcc: 0.3791 +- 0.0353 | VaLoss: 2.9855 +- 0.3836
 97,  0 | TrAcc: 0.8293, TrLoss:  0.70948, VaAcc: 0.7612, VaLoss:  1.97052	 10 sampled NNs | VaAcc: 0.3839 +- 0.0263 | VaLoss: 2.9444 +- 0.2029
 98,  0 | TrAcc: 0.8297, TrLoss:  0.70799, VaAcc: 0.7578, VaLoss:  1.98202	 10 sampled NNs | VaAcc: 0.3652 +- 0.0412 | VaLoss: 3.1256 +- 0.3358
 99,  0 | TrAcc: 0.8296, TrLoss:  0.70805, VaAcc: 0.7595, VaLoss:  1.97906	 10 sampled NNs | VaAcc: 0.3629 +- 0.0404 | VaLoss: 3.2557 +- 0.4240
----------------------------
