
=============================
CONFIG FILE

RNN CONFIG
{'data_multiplier': 10.0,
 'gradient_clip_value': 0.5,
 'layer_configs': [{'layer_type': 'input'},
                   {'bc': {'init_m': 'xavier',
                           'init_v': -4.5,
                           'prior_m': 0.0,
                           'prior_v': 0.0,
                           'type': 'continuous'},
                    'bf': {'init_m': 'xavier',
                           'init_v': -4.5,
                           'prior_m': 0.0,
                           'prior_v': 0.0,
                           'type': 'continuous'},
                    'bi': {'init_m': 'xavier',
                           'init_v': -4.5,
                           'prior_m': 0.0,
                           'prior_v': 0.0,
                           'type': 'continuous'},
                    'bo': {'init_m': 'xavier',
                           'init_v': -4.5,
                           'prior_m': 0.0,
                           'prior_v': 0.0,
                           'type': 'continuous'},
                    'init_config': {'c': {'b': 'all_zero', 'w': 'xavier'},
                                    'f': {'b': 'all_one', 'w': 'all_zero'},
                                    'i': {'b': 'all_zero', 'w': 'xavier'},
                                    'o': {'b': 'all_zero', 'w': 'xavier'}},
                    'is_output': False,
                    'is_recurrent': True,
                    'layer_type': 'lstm',
                    'tau': 0.2,
                    'var_scope': 'lstm_0',
                    'wc': {'pmax': 0.99,
                           'pmin': -0.99,
                           'priors': [0.5, 0.5],
                           'type': 'binary'},
                    'wf': {'pmax': 0.99,
                           'pmin': -0.99,
                           'priors': [0.5, 0.5],
                           'type': 'binary'},
                    'wi': {'pmax': 0.99,
                           'pmin': -0.99,
                           'priors': [0.5, 0.5],
                           'type': 'binary'},
                    'wo': {'pmax': 0.99,
                           'pmin': -0.99,
                           'priors': [0.5, 0.5],
                           'type': 'binary'}},
                   {'bc': {'init_m': 'xavier',
                           'init_v': -4.5,
                           'prior_m': 0.0,
                           'prior_v': 0.0,
                           'type': 'continuous'},
                    'bf': {'init_m': 'xavier',
                           'init_v': -4.5,
                           'prior_m': 0.0,
                           'prior_v': 0.0,
                           'type': 'continuous'},
                    'bi': {'init_m': 'xavier',
                           'init_v': -4.5,
                           'prior_m': 0.0,
                           'prior_v': 0.0,
                           'type': 'continuous'},
                    'bo': {'init_m': 'xavier',
                           'init_v': -4.5,
                           'prior_m': 0.0,
                           'prior_v': 0.0,
                           'type': 'continuous'},
                    'init_config': {'c': {'b': 'all_zero', 'w': 'xavier'},
                                    'f': {'b': 'all_one', 'w': 'all_zero'},
                                    'i': {'b': 'all_zero', 'w': 'xavier'},
                                    'o': {'b': 'all_zero', 'w': 'xavier'}},
                    'is_output': False,
                    'is_recurrent': True,
                    'layer_type': 'lstm',
                    'tau': 0.2,
                    'var_scope': 'lstm_1',
                    'wc': {'pmax': 0.99,
                           'pmin': -0.99,
                           'priors': [0.5, 0.5],
                           'type': 'binary'},
                    'wf': {'pmax': 0.99,
                           'pmin': -0.99,
                           'priors': [0.5, 0.5],
                           'type': 'binary'},
                    'wi': {'pmax': 0.99,
                           'pmin': -0.99,
                           'priors': [0.5, 0.5],
                           'type': 'binary'},
                    'wo': {'pmax': 0.99,
                           'pmin': -0.99,
                           'priors': [0.5, 0.5],
                           'type': 'binary'}},
                   {'b': {'init_m': 'xavier',
                          'init_v': -4.5,
                          'prior_m': 0.0,
                          'prior_v': 0.0,
                          'type': 'continuous'},
                    'is_output': True,
                    'is_recurrent': False,
                    'layer_type': 'fc',
                    'regularization': {'mode': None, 'strength': 0.02},
                    'tau': 0.2,
                    'var_scope': 'output_layer',
                    'w': {'pmax': 0.99,
                          'pmin': -0.99,
                          'priors': [0.5, 0.5],
                          'type': 'binary'}}],
 'layout': [4, 60, 60, 10],
 'output_type': 'classification'}

DATA CONFIG
{'dataset': 'red_penstroke',
 'tr': {'in_seq_len': 30,
        'minibatch_enabled': True,
        'minibatch_size': 1000,
        'out_seq_len': 5,
        'zero_padding': 20},
 'va': {'in_seq_len': 30,
        'minibatch_enabled': True,
        'minibatch_size': 1000,
        'out_seq_len': 5,
        'zero_padding': 20}}

TRAINING CONFIG
{'beta_reg': 0.3,
 'is_pretrain': False,
 'learning_rate': 0.001,
 'max_epochs': 200,
 'mode': {'max_epochs': 200, 'min_error': 0.0, 'name': 'classic'},
 'task_id': 0,
 'type': 'l_sampling',
 'var_reg': 0.0}
==============================


0.9498748300837822
pretraning is over
  0,  0 | TrAcc: 0.1031, TrLoss:  4.84182, VaAcc: 0.1038, VaLoss:  4.84979	 10 sampled NNs | VaAcc: 0.1029 +- 0.0045 | VaLoss: 5.9218 +- 0.2498
  1,  0 | TrAcc: 0.1076, TrLoss:  4.18462, VaAcc: 0.1062, VaLoss:  4.21181	 10 sampled NNs | VaAcc: 0.1012 +- 0.0062 | VaLoss: 5.3675 +- 0.2278
  2,  0 | TrAcc: 0.1137, TrLoss:  2.80337, VaAcc: 0.1102, VaLoss:  2.83283	 10 sampled NNs | VaAcc: 0.1044 +- 0.0082 | VaLoss: 4.0716 +- 0.5082
  3,  0 | TrAcc: 0.1218, TrLoss:  2.43254, VaAcc: 0.1154, VaLoss:  2.46367	 10 sampled NNs | VaAcc: 0.1062 +- 0.0097 | VaLoss: 3.4223 +- 0.3061
  4,  0 | TrAcc: 0.1272, TrLoss:  2.34862, VaAcc: 0.1188, VaLoss:  2.38296	 10 sampled NNs | VaAcc: 0.1068 +- 0.0127 | VaLoss: 3.3619 +- 0.5725
  5,  0 | TrAcc: 0.1328, TrLoss:  2.31157, VaAcc: 0.1209, VaLoss:  2.34759	 10 sampled NNs | VaAcc: 0.1112 +- 0.0120 | VaLoss: 3.0260 +- 0.5792
  6,  0 | TrAcc: 0.1375, TrLoss:  2.29243, VaAcc: 0.1202, VaLoss:  2.32881	 10 sampled NNs | VaAcc: 0.1209 +- 0.0121 | VaLoss: 2.7578 +- 0.2795
  7,  0 | TrAcc: 0.1435, TrLoss:  2.27943, VaAcc: 0.1230, VaLoss:  2.31621	 10 sampled NNs | VaAcc: 0.1163 +- 0.0077 | VaLoss: 2.8619 +- 0.6029
  8,  0 | TrAcc: 0.1460, TrLoss:  2.27229, VaAcc: 0.1216, VaLoss:  2.31298	 10 sampled NNs | VaAcc: 0.1175 +- 0.0087 | VaLoss: 2.4878 +- 0.1534
  9,  0 | TrAcc: 0.1501, TrLoss:  2.26718, VaAcc: 0.1249, VaLoss:  2.30761	 10 sampled NNs | VaAcc: 0.1186 +- 0.0102 | VaLoss: 2.5787 +- 0.1807
 10,  0 | TrAcc: 0.1497, TrLoss:  2.26347, VaAcc: 0.1226, VaLoss:  2.30485	 10 sampled NNs | VaAcc: 0.1169 +- 0.0102 | VaLoss: 2.5273 +- 0.1349
 11,  0 | TrAcc: 0.1513, TrLoss:  2.26070, VaAcc: 0.1258, VaLoss:  2.30232	 10 sampled NNs | VaAcc: 0.1192 +- 0.0099 | VaLoss: 2.6255 +- 0.2614
 12,  0 | TrAcc: 0.1513, TrLoss:  2.25732, VaAcc: 0.1220, VaLoss:  2.29903	 10 sampled NNs | VaAcc: 0.1216 +- 0.0100 | VaLoss: 2.5596 +- 0.2212
 13,  0 | TrAcc: 0.1525, TrLoss:  2.24663, VaAcc: 0.1269, VaLoss:  2.28649	 10 sampled NNs | VaAcc: 0.1180 +- 0.0115 | VaLoss: 2.5931 +- 0.4211
 14,  0 | TrAcc: 0.1501, TrLoss:  2.23548, VaAcc: 0.1264, VaLoss:  2.27576	 10 sampled NNs | VaAcc: 0.1186 +- 0.0132 | VaLoss: 2.4641 +- 0.1783
 15,  0 | TrAcc: 0.1508, TrLoss:  2.22386, VaAcc: 0.1265, VaLoss:  2.26167	 10 sampled NNs | VaAcc: 0.1215 +- 0.0082 | VaLoss: 2.5821 +- 0.2983
 16,  0 | TrAcc: 0.1523, TrLoss:  2.21535, VaAcc: 0.1329, VaLoss:  2.24978	 10 sampled NNs | VaAcc: 0.1209 +- 0.0092 | VaLoss: 2.6540 +- 0.4643
 17,  0 | TrAcc: 0.1544, TrLoss:  2.20445, VaAcc: 0.1423, VaLoss:  2.23588	 10 sampled NNs | VaAcc: 0.1256 +- 0.0139 | VaLoss: 2.4406 +- 0.1581
 18,  0 | TrAcc: 0.1611, TrLoss:  2.19073, VaAcc: 0.1525, VaLoss:  2.21994	 10 sampled NNs | VaAcc: 0.1257 +- 0.0164 | VaLoss: 2.5405 +- 0.2696
 19,  0 | TrAcc: 0.1678, TrLoss:  2.18058, VaAcc: 0.1616, VaLoss:  2.21099	 10 sampled NNs | VaAcc: 0.1272 +- 0.0163 | VaLoss: 2.5605 +- 0.2813
 20,  0 | TrAcc: 0.1741, TrLoss:  2.16833, VaAcc: 0.1698, VaLoss:  2.19573	 10 sampled NNs | VaAcc: 0.1325 +- 0.0109 | VaLoss: 2.4367 +- 0.2425
 21,  0 | TrAcc: 0.1800, TrLoss:  2.15946, VaAcc: 0.1757, VaLoss:  2.18337	 10 sampled NNs | VaAcc: 0.1505 +- 0.0210 | VaLoss: 2.4878 +- 0.2670
 22,  0 | TrAcc: 0.1837, TrLoss:  2.15024, VaAcc: 0.1804, VaLoss:  2.17688	 10 sampled NNs | VaAcc: 0.1310 +- 0.0158 | VaLoss: 2.5558 +- 0.3928
 23,  0 | TrAcc: 0.1882, TrLoss:  2.14573, VaAcc: 0.1899, VaLoss:  2.16199	 10 sampled NNs | VaAcc: 0.1463 +- 0.0234 | VaLoss: 2.4868 +- 0.3911
 24,  0 | TrAcc: 0.1947, TrLoss:  2.13312, VaAcc: 0.1884, VaLoss:  2.15891	 10 sampled NNs | VaAcc: 0.1594 +- 0.0212 | VaLoss: 2.4524 +- 0.1599
 25,  0 | TrAcc: 0.2000, TrLoss:  2.12151, VaAcc: 0.2011, VaLoss:  2.13923	 10 sampled NNs | VaAcc: 0.1456 +- 0.0162 | VaLoss: 2.6303 +- 0.5322
 26,  0 | TrAcc: 0.2086, TrLoss:  2.10956, VaAcc: 0.2099, VaLoss:  2.12795	 10 sampled NNs | VaAcc: 0.1568 +- 0.0157 | VaLoss: 2.3293 +- 0.0909
 27,  0 | TrAcc: 0.2224, TrLoss:  2.09725, VaAcc: 0.2259, VaLoss:  2.10839	 10 sampled NNs | VaAcc: 0.1332 +- 0.0167 | VaLoss: 2.6329 +- 0.4196
 28,  0 | TrAcc: 0.2363, TrLoss:  2.07275, VaAcc: 0.2367, VaLoss:  2.09194	 10 sampled NNs | VaAcc: 0.1418 +- 0.0147 | VaLoss: 2.5795 +- 0.2900
 29,  0 | TrAcc: 0.2486, TrLoss:  2.05904, VaAcc: 0.2494, VaLoss:  2.06770	 10 sampled NNs | VaAcc: 0.1524 +- 0.0219 | VaLoss: 2.4691 +- 0.3124
 30,  0 | TrAcc: 0.2592, TrLoss:  2.03768, VaAcc: 0.2589, VaLoss:  2.04687	 10 sampled NNs | VaAcc: 0.1624 +- 0.0193 | VaLoss: 2.4307 +- 0.0957
 31,  0 | TrAcc: 0.2732, TrLoss:  2.01604, VaAcc: 0.2768, VaLoss:  2.02458	 10 sampled NNs | VaAcc: 0.1540 +- 0.0333 | VaLoss: 2.4223 +- 0.2064
 32,  0 | TrAcc: 0.2871, TrLoss:  1.98730, VaAcc: 0.2901, VaLoss:  1.99821	 10 sampled NNs | VaAcc: 0.1765 +- 0.0374 | VaLoss: 2.4108 +- 0.1982
 33,  0 | TrAcc: 0.2992, TrLoss:  1.95891, VaAcc: 0.3002, VaLoss:  1.96816	 10 sampled NNs | VaAcc: 0.1833 +- 0.0277 | VaLoss: 2.5210 +- 0.2529
 34,  0 | TrAcc: 0.3162, TrLoss:  1.91451, VaAcc: 0.3244, VaLoss:  1.90851	 10 sampled NNs | VaAcc: 0.1755 +- 0.0347 | VaLoss: 2.5037 +- 0.2663
 35,  0 | TrAcc: 0.3281, TrLoss:  1.85863, VaAcc: 0.3380, VaLoss:  1.85226	 10 sampled NNs | VaAcc: 0.1707 +- 0.0301 | VaLoss: 2.8062 +- 0.3809
 36,  0 | TrAcc: 0.3345, TrLoss:  1.80341, VaAcc: 0.3474, VaLoss:  1.79531	 10 sampled NNs | VaAcc: 0.1796 +- 0.0358 | VaLoss: 2.3645 +- 0.1974
 37,  0 | TrAcc: 0.3455, TrLoss:  1.75465, VaAcc: 0.3573, VaLoss:  1.74222	 10 sampled NNs | VaAcc: 0.2044 +- 0.0306 | VaLoss: 2.4418 +- 0.1908
 38,  0 | TrAcc: 0.3570, TrLoss:  1.71754, VaAcc: 0.3616, VaLoss:  1.71692	 10 sampled NNs | VaAcc: 0.1949 +- 0.0360 | VaLoss: 2.6042 +- 0.2792
 39,  0 | TrAcc: 0.3697, TrLoss:  1.67973, VaAcc: 0.3759, VaLoss:  1.68697	 10 sampled NNs | VaAcc: 0.2060 +- 0.0304 | VaLoss: 2.6102 +- 0.4256
 40,  0 | TrAcc: 0.3848, TrLoss:  1.64597, VaAcc: 0.3955, VaLoss:  1.63651	 10 sampled NNs | VaAcc: 0.1908 +- 0.0314 | VaLoss: 2.6843 +- 0.2429
 41,  0 | TrAcc: 0.3952, TrLoss:  1.61887, VaAcc: 0.4021, VaLoss:  1.61893	 10 sampled NNs | VaAcc: 0.2088 +- 0.0270 | VaLoss: 2.4908 +- 0.2127
 42,  0 | TrAcc: 0.4095, TrLoss:  1.58813, VaAcc: 0.4206, VaLoss:  1.58671	 10 sampled NNs | VaAcc: 0.2237 +- 0.0362 | VaLoss: 2.4529 +- 0.3344
 43,  0 | TrAcc: 0.4247, TrLoss:  1.56080, VaAcc: 0.4347, VaLoss:  1.55452	 10 sampled NNs | VaAcc: 0.2288 +- 0.0362 | VaLoss: 2.4674 +- 0.3384
 44,  0 | TrAcc: 0.4369, TrLoss:  1.53230, VaAcc: 0.4471, VaLoss:  1.53083	 10 sampled NNs | VaAcc: 0.2229 +- 0.0320 | VaLoss: 2.4375 +- 0.2620
 45,  0 | TrAcc: 0.4476, TrLoss:  1.51033, VaAcc: 0.4611, VaLoss:  1.49720	 10 sampled NNs | VaAcc: 0.2097 +- 0.0294 | VaLoss: 2.6695 +- 0.3235
 46,  0 | TrAcc: 0.4601, TrLoss:  1.48316, VaAcc: 0.4728, VaLoss:  1.47520	 10 sampled NNs | VaAcc: 0.2192 +- 0.0397 | VaLoss: 2.4693 +- 0.2876
 47,  0 | TrAcc: 0.4710, TrLoss:  1.45593, VaAcc: 0.4840, VaLoss:  1.45370	 10 sampled NNs | VaAcc: 0.2170 +- 0.0303 | VaLoss: 2.5897 +- 0.2095
 48,  0 | TrAcc: 0.4795, TrLoss:  1.44076, VaAcc: 0.4945, VaLoss:  1.43477	 10 sampled NNs | VaAcc: 0.2393 +- 0.0318 | VaLoss: 2.5459 +- 0.2699
 49,  0 | TrAcc: 0.4915, TrLoss:  1.41836, VaAcc: 0.5064, VaLoss:  1.41651	 10 sampled NNs | VaAcc: 0.2424 +- 0.0467 | VaLoss: 2.4499 +- 0.4197
 50,  0 | TrAcc: 0.4984, TrLoss:  1.39522, VaAcc: 0.5095, VaLoss:  1.40053	 10 sampled NNs | VaAcc: 0.2481 +- 0.0493 | VaLoss: 2.4205 +- 0.2933
 51,  0 | TrAcc: 0.5071, TrLoss:  1.37509, VaAcc: 0.5192, VaLoss:  1.37913	 10 sampled NNs | VaAcc: 0.2574 +- 0.0356 | VaLoss: 2.3352 +- 0.2395
 52,  0 | TrAcc: 0.5145, TrLoss:  1.36139, VaAcc: 0.5283, VaLoss:  1.37483	 10 sampled NNs | VaAcc: 0.2405 +- 0.0407 | VaLoss: 2.4462 +- 0.3028
 53,  0 | TrAcc: 0.5221, TrLoss:  1.34743, VaAcc: 0.5398, VaLoss:  1.34442	 10 sampled NNs | VaAcc: 0.2523 +- 0.0552 | VaLoss: 2.4612 +- 0.4567
 54,  0 | TrAcc: 0.5303, TrLoss:  1.32502, VaAcc: 0.5410, VaLoss:  1.34028	 10 sampled NNs | VaAcc: 0.2518 +- 0.0497 | VaLoss: 2.3121 +- 0.2681
 55,  0 | TrAcc: 0.5371, TrLoss:  1.31405, VaAcc: 0.5504, VaLoss:  1.32448	 10 sampled NNs | VaAcc: 0.2932 +- 0.0333 | VaLoss: 2.2630 +- 0.3061
 56,  0 | TrAcc: 0.5428, TrLoss:  1.29689, VaAcc: 0.5611, VaLoss:  1.29420	 10 sampled NNs | VaAcc: 0.2777 +- 0.0503 | VaLoss: 2.3258 +- 0.2952
 57,  0 | TrAcc: 0.5510, TrLoss:  1.27619, VaAcc: 0.5653, VaLoss:  1.28951	 10 sampled NNs | VaAcc: 0.2951 +- 0.0643 | VaLoss: 2.1676 +- 0.2970
 58,  0 | TrAcc: 0.5565, TrLoss:  1.26468, VaAcc: 0.5696, VaLoss:  1.27997	 10 sampled NNs | VaAcc: 0.2882 +- 0.0413 | VaLoss: 2.3024 +- 0.3906
 59,  0 | TrAcc: 0.5608, TrLoss:  1.25302, VaAcc: 0.5751, VaLoss:  1.26916	 10 sampled NNs | VaAcc: 0.2969 +- 0.0522 | VaLoss: 2.2236 +- 0.2278
 60,  0 | TrAcc: 0.5671, TrLoss:  1.23816, VaAcc: 0.5788, VaLoss:  1.25453	 10 sampled NNs | VaAcc: 0.3033 +- 0.0491 | VaLoss: 2.2565 +- 0.4157
 61,  0 | TrAcc: 0.5760, TrLoss:  1.21823, VaAcc: 0.5856, VaLoss:  1.24495	 10 sampled NNs | VaAcc: 0.2801 +- 0.0412 | VaLoss: 2.4814 +- 0.4139
 62,  0 | TrAcc: 0.5797, TrLoss:  1.20663, VaAcc: 0.5931, VaLoss:  1.21871	 10 sampled NNs | VaAcc: 0.3007 +- 0.0565 | VaLoss: 2.2502 +- 0.3697
 63,  0 | TrAcc: 0.5862, TrLoss:  1.18974, VaAcc: 0.5918, VaLoss:  1.21924	 10 sampled NNs | VaAcc: 0.3156 +- 0.0668 | VaLoss: 2.2855 +- 0.4511
 64,  0 | TrAcc: 0.5879, TrLoss:  1.18811, VaAcc: 0.5967, VaLoss:  1.21009	 10 sampled NNs | VaAcc: 0.2948 +- 0.0435 | VaLoss: 2.4545 +- 0.4881
 65,  0 | TrAcc: 0.5947, TrLoss:  1.17039, VaAcc: 0.6109, VaLoss:  1.18444	 10 sampled NNs | VaAcc: 0.3100 +- 0.0396 | VaLoss: 2.2672 +- 0.2481
 66,  0 | TrAcc: 0.6010, TrLoss:  1.15588, VaAcc: 0.6090, VaLoss:  1.18791	 10 sampled NNs | VaAcc: 0.3156 +- 0.0241 | VaLoss: 2.1598 +- 0.1673
 67,  0 | TrAcc: 0.6041, TrLoss:  1.14618, VaAcc: 0.6115, VaLoss:  1.17314	 10 sampled NNs | VaAcc: 0.3131 +- 0.0484 | VaLoss: 2.3394 +- 0.3339
 68,  0 | TrAcc: 0.6086, TrLoss:  1.13416, VaAcc: 0.6172, VaLoss:  1.16786	 10 sampled NNs | VaAcc: 0.3409 +- 0.0473 | VaLoss: 2.1134 +- 0.2822
 69,  0 | TrAcc: 0.6130, TrLoss:  1.12797, VaAcc: 0.6227, VaLoss:  1.15171	 10 sampled NNs | VaAcc: 0.3208 +- 0.0598 | VaLoss: 2.1581 +- 0.3370
 70,  0 | TrAcc: 0.6166, TrLoss:  1.11643, VaAcc: 0.6258, VaLoss:  1.13928	 10 sampled NNs | VaAcc: 0.3060 +- 0.0366 | VaLoss: 2.3364 +- 0.3355
 71,  0 | TrAcc: 0.6217, TrLoss:  1.10223, VaAcc: 0.6285, VaLoss:  1.13449	 10 sampled NNs | VaAcc: 0.3809 +- 0.0484 | VaLoss: 2.0121 +- 0.3051
 72,  0 | TrAcc: 0.6220, TrLoss:  1.10195, VaAcc: 0.6340, VaLoss:  1.12823	 10 sampled NNs | VaAcc: 0.3805 +- 0.0359 | VaLoss: 1.9233 +- 0.1693
 73,  0 | TrAcc: 0.6261, TrLoss:  1.09205, VaAcc: 0.6355, VaLoss:  1.12269	 10 sampled NNs | VaAcc: 0.3086 +- 0.0441 | VaLoss: 2.2187 +- 0.2729
 74,  0 | TrAcc: 0.6270, TrLoss:  1.08680, VaAcc: 0.6383, VaLoss:  1.10989	 10 sampled NNs | VaAcc: 0.3443 +- 0.0281 | VaLoss: 2.1076 +- 0.2145
 75,  0 | TrAcc: 0.6332, TrLoss:  1.06928, VaAcc: 0.6398, VaLoss:  1.10912	 10 sampled NNs | VaAcc: 0.3733 +- 0.0368 | VaLoss: 1.9621 +- 0.1751
 76,  0 | TrAcc: 0.6354, TrLoss:  1.06456, VaAcc: 0.6429, VaLoss:  1.10065	 10 sampled NNs | VaAcc: 0.3371 +- 0.0512 | VaLoss: 2.1309 +- 0.2957
 77,  0 | TrAcc: 0.6381, TrLoss:  1.05612, VaAcc: 0.6482, VaLoss:  1.08501	 10 sampled NNs | VaAcc: 0.3767 +- 0.0673 | VaLoss: 1.9913 +- 0.3358
 78,  0 | TrAcc: 0.6408, TrLoss:  1.05115, VaAcc: 0.6474, VaLoss:  1.08808	 10 sampled NNs | VaAcc: 0.3897 +- 0.0573 | VaLoss: 1.8700 +- 0.2658
 79,  0 | TrAcc: 0.6443, TrLoss:  1.04222, VaAcc: 0.6432, VaLoss:  1.09758	 10 sampled NNs | VaAcc: 0.3591 +- 0.0634 | VaLoss: 2.0863 +- 0.3953
 80,  0 | TrAcc: 0.6458, TrLoss:  1.03853, VaAcc: 0.6558, VaLoss:  1.06881	 10 sampled NNs | VaAcc: 0.3694 +- 0.0363 | VaLoss: 2.1492 +- 0.5196
 81,  0 | TrAcc: 0.6505, TrLoss:  1.02437, VaAcc: 0.6538, VaLoss:  1.07602	 10 sampled NNs | VaAcc: 0.3529 +- 0.0343 | VaLoss: 2.0683 +- 0.1231
 82,  0 | TrAcc: 0.6532, TrLoss:  1.01844, VaAcc: 0.6589, VaLoss:  1.06020	 10 sampled NNs | VaAcc: 0.3953 +- 0.0241 | VaLoss: 1.9288 +- 0.1809
 83,  0 | TrAcc: 0.6543, TrLoss:  1.01544, VaAcc: 0.6606, VaLoss:  1.05887	 10 sampled NNs | VaAcc: 0.3657 +- 0.0487 | VaLoss: 2.2235 +- 0.4314
 84,  0 | TrAcc: 0.6597, TrLoss:  1.00176, VaAcc: 0.6623, VaLoss:  1.05792	 10 sampled NNs | VaAcc: 0.4100 +- 0.0382 | VaLoss: 1.8658 +- 0.2173
 85,  0 | TrAcc: 0.6600, TrLoss:  0.99828, VaAcc: 0.6626, VaLoss:  1.05482	 10 sampled NNs | VaAcc: 0.3851 +- 0.0561 | VaLoss: 1.9917 +- 0.2552
 86,  0 | TrAcc: 0.6613, TrLoss:  0.99508, VaAcc: 0.6668, VaLoss:  1.04872	 10 sampled NNs | VaAcc: 0.3829 +- 0.0531 | VaLoss: 2.0734 +- 0.4058
 87,  0 | TrAcc: 0.6636, TrLoss:  0.98703, VaAcc: 0.6687, VaLoss:  1.04278	 10 sampled NNs | VaAcc: 0.3552 +- 0.0607 | VaLoss: 2.1430 +- 0.4363
 88,  0 | TrAcc: 0.6645, TrLoss:  0.98768, VaAcc: 0.6684, VaLoss:  1.04494	 10 sampled NNs | VaAcc: 0.3730 +- 0.0478 | VaLoss: 2.0384 +- 0.2083
 89,  0 | TrAcc: 0.6667, TrLoss:  0.98239, VaAcc: 0.6761, VaLoss:  1.03164	 10 sampled NNs | VaAcc: 0.3793 +- 0.0486 | VaLoss: 2.0778 +- 0.3796
 90,  0 | TrAcc: 0.6697, TrLoss:  0.97160, VaAcc: 0.6749, VaLoss:  1.02226	 10 sampled NNs | VaAcc: 0.4418 +- 0.0285 | VaLoss: 1.7503 +- 0.1414
 91,  0 | TrAcc: 0.6701, TrLoss:  0.97167, VaAcc: 0.6751, VaLoss:  1.02646	 10 sampled NNs | VaAcc: 0.4096 +- 0.0343 | VaLoss: 1.9354 +- 0.1601
 92,  0 | TrAcc: 0.6739, TrLoss:  0.96334, VaAcc: 0.6747, VaLoss:  1.02225	 10 sampled NNs | VaAcc: 0.4001 +- 0.0600 | VaLoss: 1.9155 +- 0.2887
 93,  0 | TrAcc: 0.6749, TrLoss:  0.95628, VaAcc: 0.6805, VaLoss:  1.01645	 10 sampled NNs | VaAcc: 0.4179 +- 0.0432 | VaLoss: 1.7850 +- 0.1800
 94,  0 | TrAcc: 0.6761, TrLoss:  0.95300, VaAcc: 0.6826, VaLoss:  1.01074	 10 sampled NNs | VaAcc: 0.3947 +- 0.0525 | VaLoss: 2.0549 +- 0.4002
 95,  0 | TrAcc: 0.6761, TrLoss:  0.95293, VaAcc: 0.6818, VaLoss:  1.01391	 10 sampled NNs | VaAcc: 0.4056 +- 0.0535 | VaLoss: 1.9549 +- 0.2994
 96,  0 | TrAcc: 0.6786, TrLoss:  0.94576, VaAcc: 0.6865, VaLoss:  1.00157	 10 sampled NNs | VaAcc: 0.4362 +- 0.0525 | VaLoss: 1.8447 +- 0.3981
 97,  0 | TrAcc: 0.6810, TrLoss:  0.93914, VaAcc: 0.6832, VaLoss:  1.00477	 10 sampled NNs | VaAcc: 0.4281 +- 0.0599 | VaLoss: 1.8076 +- 0.3564
 98,  0 | TrAcc: 0.6825, TrLoss:  0.93416, VaAcc: 0.6845, VaLoss:  1.00335	 10 sampled NNs | VaAcc: 0.4398 +- 0.0455 | VaLoss: 1.7211 +- 0.1740
 99,  0 | TrAcc: 0.6834, TrLoss:  0.93074, VaAcc: 0.6877, VaLoss:  0.99806	 10 sampled NNs | VaAcc: 0.4357 +- 0.0356 | VaLoss: 1.8074 +- 0.1853
100,  0 | TrAcc: 0.6872, TrLoss:  0.92504, VaAcc: 0.6882, VaLoss:  1.00296	 10 sampled NNs | VaAcc: 0.3893 +- 0.0416 | VaLoss: 1.8979 +- 0.1556
101,  0 | TrAcc: 0.6861, TrLoss:  0.92597, VaAcc: 0.6897, VaLoss:  0.99211	 10 sampled NNs | VaAcc: 0.4275 +- 0.0562 | VaLoss: 1.8266 +- 0.2646
102,  0 | TrAcc: 0.6894, TrLoss:  0.91599, VaAcc: 0.6913, VaLoss:  0.98632	 10 sampled NNs | VaAcc: 0.4350 +- 0.0661 | VaLoss: 1.8863 +- 0.3522
103,  0 | TrAcc: 0.6902, TrLoss:  0.91512, VaAcc: 0.6920, VaLoss:  0.98557	 10 sampled NNs | VaAcc: 0.4201 +- 0.0383 | VaLoss: 1.8779 +- 0.2406
104,  0 | TrAcc: 0.6920, TrLoss:  0.90680, VaAcc: 0.6940, VaLoss:  0.98191	 10 sampled NNs | VaAcc: 0.4266 +- 0.0672 | VaLoss: 1.8251 +- 0.3275
105,  0 | TrAcc: 0.6914, TrLoss:  0.91194, VaAcc: 0.6950, VaLoss:  0.98518	 10 sampled NNs | VaAcc: 0.4598 +- 0.0545 | VaLoss: 1.7555 +- 0.2539
106,  0 | TrAcc: 0.6940, TrLoss:  0.90423, VaAcc: 0.6989, VaLoss:  0.97628	 10 sampled NNs | VaAcc: 0.4515 +- 0.0288 | VaLoss: 1.6997 +- 0.1514
107,  0 | TrAcc: 0.6950, TrLoss:  0.90149, VaAcc: 0.6964, VaLoss:  0.98235	 10 sampled NNs | VaAcc: 0.4403 +- 0.0429 | VaLoss: 1.7647 +- 0.2144
108,  0 | TrAcc: 0.6950, TrLoss:  0.89997, VaAcc: 0.7013, VaLoss:  0.96576	 10 sampled NNs | VaAcc: 0.4360 +- 0.0456 | VaLoss: 1.7939 +- 0.2525
109,  0 | TrAcc: 0.6986, TrLoss:  0.89181, VaAcc: 0.6987, VaLoss:  0.97276	 10 sampled NNs | VaAcc: 0.4701 +- 0.0491 | VaLoss: 1.7049 +- 0.2691
110,  0 | TrAcc: 0.6986, TrLoss:  0.88866, VaAcc: 0.6995, VaLoss:  0.97252	 10 sampled NNs | VaAcc: 0.4265 +- 0.0412 | VaLoss: 1.8744 +- 0.1931
111,  0 | TrAcc: 0.7004, TrLoss:  0.88555, VaAcc: 0.6994, VaLoss:  0.96777	 10 sampled NNs | VaAcc: 0.4379 +- 0.0685 | VaLoss: 1.7678 +- 0.2926
112,  0 | TrAcc: 0.7021, TrLoss:  0.88029, VaAcc: 0.7055, VaLoss:  0.96446	 10 sampled NNs | VaAcc: 0.4495 +- 0.0456 | VaLoss: 1.7749 +- 0.2190
113,  0 | TrAcc: 0.7004, TrLoss:  0.88316, VaAcc: 0.7044, VaLoss:  0.96870	 10 sampled NNs | VaAcc: 0.4467 +- 0.0364 | VaLoss: 1.7433 +- 0.2015
114,  0 | TrAcc: 0.7025, TrLoss:  0.87800, VaAcc: 0.7020, VaLoss:  0.96297	 10 sampled NNs | VaAcc: 0.4462 +- 0.0310 | VaLoss: 1.7733 +- 0.1240
115,  0 | TrAcc: 0.7051, TrLoss:  0.87157, VaAcc: 0.7058, VaLoss:  0.96008	 10 sampled NNs | VaAcc: 0.4670 +- 0.0459 | VaLoss: 1.6813 +- 0.2566
116,  0 | TrAcc: 0.7066, TrLoss:  0.86772, VaAcc: 0.7044, VaLoss:  0.96151	 10 sampled NNs | VaAcc: 0.4727 +- 0.0476 | VaLoss: 1.6762 +- 0.1752
117,  0 | TrAcc: 0.7052, TrLoss:  0.87042, VaAcc: 0.7073, VaLoss:  0.95880	 10 sampled NNs | VaAcc: 0.4800 +- 0.0420 | VaLoss: 1.6651 +- 0.1766
118,  0 | TrAcc: 0.7068, TrLoss:  0.86661, VaAcc: 0.7081, VaLoss:  0.95493	 10 sampled NNs | VaAcc: 0.4745 +- 0.0441 | VaLoss: 1.6818 +- 0.2025
119,  0 | TrAcc: 0.7075, TrLoss:  0.86509, VaAcc: 0.7084, VaLoss:  0.95730	 10 sampled NNs | VaAcc: 0.4679 +- 0.0485 | VaLoss: 1.7068 +- 0.3275
120,  0 | TrAcc: 0.7113, TrLoss:  0.85550, VaAcc: 0.7113, VaLoss:  0.95169	 10 sampled NNs | VaAcc: 0.4678 +- 0.0524 | VaLoss: 1.7815 +- 0.4137
121,  0 | TrAcc: 0.7105, TrLoss:  0.85541, VaAcc: 0.7105, VaLoss:  0.95647	 10 sampled NNs | VaAcc: 0.4759 +- 0.0360 | VaLoss: 1.6073 +- 0.1885
122,  0 | TrAcc: 0.7116, TrLoss:  0.85326, VaAcc: 0.7129, VaLoss:  0.94245	 10 sampled NNs | VaAcc: 0.4540 +- 0.0434 | VaLoss: 1.7496 +- 0.2372
123,  0 | TrAcc: 0.7118, TrLoss:  0.85165, VaAcc: 0.7139, VaLoss:  0.93611	 10 sampled NNs | VaAcc: 0.4705 +- 0.0367 | VaLoss: 1.6221 +- 0.1581
124,  0 | TrAcc: 0.7123, TrLoss:  0.85198, VaAcc: 0.7110, VaLoss:  0.95429	 10 sampled NNs | VaAcc: 0.5010 +- 0.0328 | VaLoss: 1.5199 +- 0.1021
125,  0 | TrAcc: 0.7137, TrLoss:  0.84903, VaAcc: 0.7145, VaLoss:  0.94151	 10 sampled NNs | VaAcc: 0.4796 +- 0.0454 | VaLoss: 1.6462 +- 0.2473
126,  0 | TrAcc: 0.7160, TrLoss:  0.84091, VaAcc: 0.7165, VaLoss:  0.93058	 10 sampled NNs | VaAcc: 0.4831 +- 0.0319 | VaLoss: 1.6458 +- 0.1408
127,  0 | TrAcc: 0.7156, TrLoss:  0.84236, VaAcc: 0.7157, VaLoss:  0.94112	 10 sampled NNs | VaAcc: 0.4710 +- 0.0511 | VaLoss: 1.6930 +- 0.2666
128,  0 | TrAcc: 0.7151, TrLoss:  0.84312, VaAcc: 0.7144, VaLoss:  0.94814	 10 sampled NNs | VaAcc: 0.4903 +- 0.0473 | VaLoss: 1.5733 +- 0.1888
129,  0 | TrAcc: 0.7168, TrLoss:  0.83721, VaAcc: 0.7192, VaLoss:  0.93007	 10 sampled NNs | VaAcc: 0.4873 +- 0.0602 | VaLoss: 1.6081 +- 0.2867
130,  0 | TrAcc: 0.7189, TrLoss:  0.83318, VaAcc: 0.7111, VaLoss:  0.95154	 10 sampled NNs | VaAcc: 0.4894 +- 0.0337 | VaLoss: 1.6469 +- 0.1379
131,  0 | TrAcc: 0.7188, TrLoss:  0.83428, VaAcc: 0.7187, VaLoss:  0.93298	 10 sampled NNs | VaAcc: 0.4966 +- 0.0634 | VaLoss: 1.6114 +- 0.3711
132,  0 | TrAcc: 0.7207, TrLoss:  0.82666, VaAcc: 0.7205, VaLoss:  0.92949	 10 sampled NNs | VaAcc: 0.4850 +- 0.0438 | VaLoss: 1.6213 +- 0.2613
133,  0 | TrAcc: 0.7179, TrLoss:  0.83354, VaAcc: 0.7160, VaLoss:  0.94073	 10 sampled NNs | VaAcc: 0.5041 +- 0.0301 | VaLoss: 1.5493 +- 0.1362
134,  0 | TrAcc: 0.7227, TrLoss:  0.82126, VaAcc: 0.7208, VaLoss:  0.93457	 10 sampled NNs | VaAcc: 0.4796 +- 0.0451 | VaLoss: 1.6263 +- 0.1956
135,  0 | TrAcc: 0.7213, TrLoss:  0.82134, VaAcc: 0.7144, VaLoss:  0.94001	 10 sampled NNs | VaAcc: 0.4997 +- 0.0410 | VaLoss: 1.6171 +- 0.1686
136,  0 | TrAcc: 0.7208, TrLoss:  0.82501, VaAcc: 0.7212, VaLoss:  0.92632	 10 sampled NNs | VaAcc: 0.4843 +- 0.0382 | VaLoss: 1.6082 +- 0.1764
137,  0 | TrAcc: 0.7221, TrLoss:  0.82127, VaAcc: 0.7190, VaLoss:  0.93217	 10 sampled NNs | VaAcc: 0.5398 +- 0.0293 | VaLoss: 1.4030 +- 0.0883
138,  0 | TrAcc: 0.7241, TrLoss:  0.81768, VaAcc: 0.7187, VaLoss:  0.92988	 10 sampled NNs | VaAcc: 0.5069 +- 0.0527 | VaLoss: 1.5575 +- 0.2281
139,  0 | TrAcc: 0.7247, TrLoss:  0.81306, VaAcc: 0.7186, VaLoss:  0.93621	 10 sampled NNs | VaAcc: 0.5128 +- 0.0427 | VaLoss: 1.5890 +- 0.2363
140,  0 | TrAcc: 0.7245, TrLoss:  0.81434, VaAcc: 0.7213, VaLoss:  0.93011	 10 sampled NNs | VaAcc: 0.5258 +- 0.0391 | VaLoss: 1.4604 +- 0.1320
141,  0 | TrAcc: 0.7252, TrLoss:  0.81193, VaAcc: 0.7228, VaLoss:  0.92032	 10 sampled NNs | VaAcc: 0.4862 +- 0.0577 | VaLoss: 1.6696 +- 0.2424
142,  0 | TrAcc: 0.7256, TrLoss:  0.81267, VaAcc: 0.7222, VaLoss:  0.92790	 10 sampled NNs | VaAcc: 0.5029 +- 0.0482 | VaLoss: 1.6386 +- 0.3814
143,  0 | TrAcc: 0.7278, TrLoss:  0.80359, VaAcc: 0.7245, VaLoss:  0.92144	 10 sampled NNs | VaAcc: 0.4945 +- 0.0424 | VaLoss: 1.6704 +- 0.2772
144,  0 | TrAcc: 0.7283, TrLoss:  0.80761, VaAcc: 0.7261, VaLoss:  0.91730	 10 sampled NNs | VaAcc: 0.5167 +- 0.0405 | VaLoss: 1.5324 +- 0.1439
145,  0 | TrAcc: 0.7297, TrLoss:  0.79932, VaAcc: 0.7253, VaLoss:  0.92136	 10 sampled NNs | VaAcc: 0.5263 +- 0.0460 | VaLoss: 1.4913 +- 0.2285
146,  0 | TrAcc: 0.7296, TrLoss:  0.79969, VaAcc: 0.7245, VaLoss:  0.92015	 10 sampled NNs | VaAcc: 0.5208 +- 0.0587 | VaLoss: 1.5599 +- 0.2808
147,  0 | TrAcc: 0.7290, TrLoss:  0.79795, VaAcc: 0.7266, VaLoss:  0.91939	 10 sampled NNs | VaAcc: 0.5160 +- 0.0291 | VaLoss: 1.5109 +- 0.1362
148,  0 | TrAcc: 0.7310, TrLoss:  0.79573, VaAcc: 0.7247, VaLoss:  0.91762	 10 sampled NNs | VaAcc: 0.5388 +- 0.0266 | VaLoss: 1.4073 +- 0.1029
149,  0 | TrAcc: 0.7313, TrLoss:  0.79526, VaAcc: 0.7272, VaLoss:  0.91621	 10 sampled NNs | VaAcc: 0.5018 +- 0.0406 | VaLoss: 1.5883 +- 0.1826
150,  0 | TrAcc: 0.7303, TrLoss:  0.79630, VaAcc: 0.7229, VaLoss:  0.92422	 10 sampled NNs | VaAcc: 0.4962 +- 0.0475 | VaLoss: 1.6592 +- 0.2665
151,  0 | TrAcc: 0.7316, TrLoss:  0.79316, VaAcc: 0.7274, VaLoss:  0.91908	 10 sampled NNs | VaAcc: 0.5171 +- 0.0579 | VaLoss: 1.5413 +- 0.2781
152,  0 | TrAcc: 0.7310, TrLoss:  0.79528, VaAcc: 0.7237, VaLoss:  0.92741	 10 sampled NNs | VaAcc: 0.5157 +- 0.0295 | VaLoss: 1.5140 +- 0.1513
153,  0 | TrAcc: 0.7332, TrLoss:  0.78826, VaAcc: 0.7283, VaLoss:  0.91561	 10 sampled NNs | VaAcc: 0.5009 +- 0.0440 | VaLoss: 1.5818 +- 0.1934
154,  0 | TrAcc: 0.7328, TrLoss:  0.78860, VaAcc: 0.7271, VaLoss:  0.92182	 10 sampled NNs | VaAcc: 0.5326 +- 0.0382 | VaLoss: 1.4666 +- 0.2199
155,  0 | TrAcc: 0.7362, TrLoss:  0.78249, VaAcc: 0.7331, VaLoss:  0.90223	 10 sampled NNs | VaAcc: 0.5130 +- 0.0727 | VaLoss: 1.6501 +- 0.4931
156,  0 | TrAcc: 0.7347, TrLoss:  0.78579, VaAcc: 0.7279, VaLoss:  0.91390	 10 sampled NNs | VaAcc: 0.5283 +- 0.0374 | VaLoss: 1.4826 +- 0.2192
157,  0 | TrAcc: 0.7358, TrLoss:  0.78384, VaAcc: 0.7292, VaLoss:  0.91158	 10 sampled NNs | VaAcc: 0.5698 +- 0.0252 | VaLoss: 1.3406 +- 0.1211
158,  0 | TrAcc: 0.7358, TrLoss:  0.78121, VaAcc: 0.7289, VaLoss:  0.91812	 10 sampled NNs | VaAcc: 0.5626 +- 0.0259 | VaLoss: 1.3144 +- 0.0753
159,  0 | TrAcc: 0.7371, TrLoss:  0.77584, VaAcc: 0.7286, VaLoss:  0.91908	 10 sampled NNs | VaAcc: 0.5338 +- 0.0355 | VaLoss: 1.4777 +- 0.1669
160,  0 | TrAcc: 0.7373, TrLoss:  0.77586, VaAcc: 0.7300, VaLoss:  0.91558	 10 sampled NNs | VaAcc: 0.5354 +- 0.0369 | VaLoss: 1.4504 +- 0.1600
161,  0 | TrAcc: 0.7377, TrLoss:  0.77585, VaAcc: 0.7268, VaLoss:  0.92424	 10 sampled NNs | VaAcc: 0.5550 +- 0.0504 | VaLoss: 1.4021 +- 0.2067
162,  0 | TrAcc: 0.7391, TrLoss:  0.77562, VaAcc: 0.7336, VaLoss:  0.91031	 10 sampled NNs | VaAcc: 0.5221 +- 0.0443 | VaLoss: 1.4983 +- 0.1830
163,  0 | TrAcc: 0.7376, TrLoss:  0.77582, VaAcc: 0.7307, VaLoss:  0.91103	 10 sampled NNs | VaAcc: 0.5334 +- 0.0447 | VaLoss: 1.5358 +- 0.3378
164,  0 | TrAcc: 0.7411, TrLoss:  0.76742, VaAcc: 0.7302, VaLoss:  0.91745	 10 sampled NNs | VaAcc: 0.5581 +- 0.0443 | VaLoss: 1.3819 +- 0.1883
165,  0 | TrAcc: 0.7407, TrLoss:  0.76821, VaAcc: 0.7286, VaLoss:  0.91692	 10 sampled NNs | VaAcc: 0.5497 +- 0.0241 | VaLoss: 1.3967 +- 0.1348
166,  0 | TrAcc: 0.7431, TrLoss:  0.76269, VaAcc: 0.7315, VaLoss:  0.91496	 10 sampled NNs | VaAcc: 0.5439 +- 0.0342 | VaLoss: 1.3777 +- 0.0929
167,  0 | TrAcc: 0.7394, TrLoss:  0.76899, VaAcc: 0.7300, VaLoss:  0.91784	 10 sampled NNs | VaAcc: 0.5141 +- 0.0499 | VaLoss: 1.6213 +- 0.3400
168,  0 | TrAcc: 0.7398, TrLoss:  0.77224, VaAcc: 0.7338, VaLoss:  0.90929	 10 sampled NNs | VaAcc: 0.5559 +- 0.0388 | VaLoss: 1.3908 +- 0.1906
169,  0 | TrAcc: 0.7418, TrLoss:  0.76506, VaAcc: 0.7335, VaLoss:  0.90736	 10 sampled NNs | VaAcc: 0.5367 +- 0.0353 | VaLoss: 1.5033 +- 0.2572
170,  0 | TrAcc: 0.7420, TrLoss:  0.76416, VaAcc: 0.7339, VaLoss:  0.90642	 10 sampled NNs | VaAcc: 0.5588 +- 0.0418 | VaLoss: 1.3789 +- 0.1777
171,  0 | TrAcc: 0.7420, TrLoss:  0.76204, VaAcc: 0.7335, VaLoss:  0.90780	 10 sampled NNs | VaAcc: 0.5544 +- 0.0444 | VaLoss: 1.3936 +- 0.1767
172,  0 | TrAcc: 0.7428, TrLoss:  0.76013, VaAcc: 0.7312, VaLoss:  0.91260	 10 sampled NNs | VaAcc: 0.5401 +- 0.0362 | VaLoss: 1.4626 +- 0.1972
173,  0 | TrAcc: 0.7431, TrLoss:  0.76110, VaAcc: 0.7312, VaLoss:  0.91403	 10 sampled NNs | VaAcc: 0.5605 +- 0.0349 | VaLoss: 1.3570 +- 0.1699
174,  0 | TrAcc: 0.7460, TrLoss:  0.75289, VaAcc: 0.7330, VaLoss:  0.91567	 10 sampled NNs | VaAcc: 0.5664 +- 0.0418 | VaLoss: 1.3442 +- 0.1743
175,  0 | TrAcc: 0.7450, TrLoss:  0.75513, VaAcc: 0.7342, VaLoss:  0.90570	 10 sampled NNs | VaAcc: 0.5419 +- 0.0462 | VaLoss: 1.4606 +- 0.2244
176,  0 | TrAcc: 0.7453, TrLoss:  0.75523, VaAcc: 0.7340, VaLoss:  0.91218	 10 sampled NNs | VaAcc: 0.5559 +- 0.0197 | VaLoss: 1.3735 +- 0.0958
177,  0 | TrAcc: 0.7465, TrLoss:  0.74866, VaAcc: 0.7334, VaLoss:  0.91677	 10 sampled NNs | VaAcc: 0.5479 +- 0.0252 | VaLoss: 1.4031 +- 0.0905
178,  0 | TrAcc: 0.7464, TrLoss:  0.75249, VaAcc: 0.7342, VaLoss:  0.90856	 10 sampled NNs | VaAcc: 0.5374 +- 0.0388 | VaLoss: 1.4946 +- 0.2227
179,  0 | TrAcc: 0.7478, TrLoss:  0.74753, VaAcc: 0.7344, VaLoss:  0.90815	 10 sampled NNs | VaAcc: 0.5659 +- 0.0304 | VaLoss: 1.3336 +- 0.1930
180,  0 | TrAcc: 0.7462, TrLoss:  0.75216, VaAcc: 0.7340, VaLoss:  0.90683	 10 sampled NNs | VaAcc: 0.5537 +- 0.0343 | VaLoss: 1.3954 +- 0.1429
181,  0 | TrAcc: 0.7483, TrLoss:  0.74349, VaAcc: 0.7355, VaLoss:  0.91266	 10 sampled NNs | VaAcc: 0.5689 +- 0.0378 | VaLoss: 1.3913 +- 0.3054
182,  0 | TrAcc: 0.7475, TrLoss:  0.74758, VaAcc: 0.7380, VaLoss:  0.90190	 10 sampled NNs | VaAcc: 0.5563 +- 0.0438 | VaLoss: 1.3853 +- 0.2277
183,  0 | TrAcc: 0.7489, TrLoss:  0.74242, VaAcc: 0.7342, VaLoss:  0.91245	 10 sampled NNs | VaAcc: 0.5692 +- 0.0388 | VaLoss: 1.3416 +- 0.1602
184,  0 | TrAcc: 0.7505, TrLoss:  0.74045, VaAcc: 0.7326, VaLoss:  0.91554	 10 sampled NNs | VaAcc: 0.5696 +- 0.0393 | VaLoss: 1.3417 +- 0.1301
185,  0 | TrAcc: 0.7499, TrLoss:  0.74179, VaAcc: 0.7362, VaLoss:  0.91205	 10 sampled NNs | VaAcc: 0.5803 +- 0.0327 | VaLoss: 1.2996 +- 0.1138
186,  0 | TrAcc: 0.7486, TrLoss:  0.74168, VaAcc: 0.7377, VaLoss:  0.90993	 10 sampled NNs | VaAcc: 0.5672 +- 0.0625 | VaLoss: 1.3535 +- 0.3282
187,  0 | TrAcc: 0.7498, TrLoss:  0.74058, VaAcc: 0.7369, VaLoss:  0.91074	 10 sampled NNs | VaAcc: 0.5624 +- 0.0467 | VaLoss: 1.3477 +- 0.1501
188,  0 | TrAcc: 0.7495, TrLoss:  0.74347, VaAcc: 0.7380, VaLoss:  0.90628	 10 sampled NNs | VaAcc: 0.5777 +- 0.0281 | VaLoss: 1.3383 +- 0.1664
189,  0 | TrAcc: 0.7504, TrLoss:  0.73951, VaAcc: 0.7343, VaLoss:  0.91623	 10 sampled NNs | VaAcc: 0.5705 +- 0.0331 | VaLoss: 1.3329 +- 0.2059
190,  0 | TrAcc: 0.7504, TrLoss:  0.73787, VaAcc: 0.7355, VaLoss:  0.90562	 10 sampled NNs | VaAcc: 0.5447 +- 0.0604 | VaLoss: 1.4964 +- 0.3716
191,  0 | TrAcc: 0.7534, TrLoss:  0.73060, VaAcc: 0.7399, VaLoss:  0.90239	 10 sampled NNs | VaAcc: 0.5729 +- 0.0251 | VaLoss: 1.3079 +- 0.1060
192,  0 | TrAcc: 0.7511, TrLoss:  0.73632, VaAcc: 0.7414, VaLoss:  0.89859	 10 sampled NNs | VaAcc: 0.5790 +- 0.0229 | VaLoss: 1.3137 +- 0.1009
193,  0 | TrAcc: 0.7526, TrLoss:  0.73233, VaAcc: 0.7385, VaLoss:  0.90597	 10 sampled NNs | VaAcc: 0.5606 +- 0.0422 | VaLoss: 1.4225 +- 0.3053
194,  0 | TrAcc: 0.7547, TrLoss:  0.72918, VaAcc: 0.7397, VaLoss:  0.90370	 10 sampled NNs | VaAcc: 0.5941 +- 0.0199 | VaLoss: 1.2113 +- 0.0754
195,  0 | TrAcc: 0.7528, TrLoss:  0.73390, VaAcc: 0.7387, VaLoss:  0.90451	 10 sampled NNs | VaAcc: 0.5835 +- 0.0308 | VaLoss: 1.3015 +- 0.1124
196,  0 | TrAcc: 0.7542, TrLoss:  0.72922, VaAcc: 0.7370, VaLoss:  0.90968	 10 sampled NNs | VaAcc: 0.5885 +- 0.0301 | VaLoss: 1.2711 +- 0.1429
197,  0 | TrAcc: 0.7553, TrLoss:  0.72564, VaAcc: 0.7376, VaLoss:  0.90996	 10 sampled NNs | VaAcc: 0.5805 +- 0.0234 | VaLoss: 1.2676 +- 0.0557
198,  0 | TrAcc: 0.7531, TrLoss:  0.73246, VaAcc: 0.7376, VaLoss:  0.91266	 10 sampled NNs | VaAcc: 0.5654 +- 0.0312 | VaLoss: 1.3514 +- 0.1103
199,  0 | TrAcc: 0.7533, TrLoss:  0.73253, VaAcc: 0.7395, VaLoss:  0.90750	 10 sampled NNs | VaAcc: 0.5711 +- 0.0406 | VaLoss: 1.3345 +- 0.1623
6665.41347
----------------------------
