
=============================
CONFIG FILE

RNN CONFIG
{'data_multiplier': 10.0,
 'gradient_clip_value': 0.5,
 'layer_configs': [{'layer_type': 'input'},
                   {'bc': {'init_m': 'xavier',
                           'init_v': -4.5,
                           'prior_m': 0.0,
                           'prior_v': 0.0,
                           'type': 'continuous'},
                    'bf': {'init_m': 'xavier',
                           'init_v': -4.5,
                           'prior_m': 0.0,
                           'prior_v': 0.0,
                           'type': 'continuous'},
                    'bi': {'init_m': 'xavier',
                           'init_v': -4.5,
                           'prior_m': 0.0,
                           'prior_v': 0.0,
                           'type': 'continuous'},
                    'bo': {'init_m': 'xavier',
                           'init_v': -4.5,
                           'prior_m': 0.0,
                           'prior_v': 0.0,
                           'type': 'continuous'},
                    'init_config': {'c': {'b': 'all_zero', 'w': 'xavier'},
                                    'f': {'b': 'all_one', 'w': 'all_zero'},
                                    'i': {'b': 'all_zero', 'w': 'xavier'},
                                    'o': {'b': 'all_zero', 'w': 'xavier'}},
                    'is_output': False,
                    'is_recurrent': True,
                    'layer_type': 'lstm',
                    'tau': 0.2,
                    'var_scope': 'lstm_0',
                    'wc': {'pmax': 0.99,
                           'pmin': -0.99,
                           'priors': [0.5, 0.5],
                           'type': 'binary'},
                    'wf': {'pmax': 0.99,
                           'pmin': -0.99,
                           'priors': [0.5, 0.5],
                           'type': 'binary'},
                    'wi': {'pmax': 0.99,
                           'pmin': -0.99,
                           'priors': [0.5, 0.5],
                           'type': 'binary'},
                    'wo': {'pmax': 0.99,
                           'pmin': -0.99,
                           'priors': [0.5, 0.5],
                           'type': 'binary'}},
                   {'bc': {'init_m': 'xavier',
                           'init_v': -4.5,
                           'prior_m': 0.0,
                           'prior_v': 0.0,
                           'type': 'continuous'},
                    'bf': {'init_m': 'xavier',
                           'init_v': -4.5,
                           'prior_m': 0.0,
                           'prior_v': 0.0,
                           'type': 'continuous'},
                    'bi': {'init_m': 'xavier',
                           'init_v': -4.5,
                           'prior_m': 0.0,
                           'prior_v': 0.0,
                           'type': 'continuous'},
                    'bo': {'init_m': 'xavier',
                           'init_v': -4.5,
                           'prior_m': 0.0,
                           'prior_v': 0.0,
                           'type': 'continuous'},
                    'init_config': {'c': {'b': 'all_zero', 'w': 'xavier'},
                                    'f': {'b': 'all_one', 'w': 'all_zero'},
                                    'i': {'b': 'all_zero', 'w': 'xavier'},
                                    'o': {'b': 'all_zero', 'w': 'xavier'}},
                    'is_output': False,
                    'is_recurrent': True,
                    'layer_type': 'lstm',
                    'tau': 0.2,
                    'var_scope': 'lstm_1',
                    'wc': {'pmax': 0.99,
                           'pmin': -0.99,
                           'priors': [0.5, 0.5],
                           'type': 'binary'},
                    'wf': {'pmax': 0.99,
                           'pmin': -0.99,
                           'priors': [0.5, 0.5],
                           'type': 'binary'},
                    'wi': {'pmax': 0.99,
                           'pmin': -0.99,
                           'priors': [0.5, 0.5],
                           'type': 'binary'},
                    'wo': {'pmax': 0.99,
                           'pmin': -0.99,
                           'priors': [0.5, 0.5],
                           'type': 'binary'}},
                   {'b': {'init_m': 'xavier',
                          'init_v': -4.5,
                          'prior_m': 0.0,
                          'prior_v': 0.0,
                          'type': 'continuous'},
                    'is_output': True,
                    'is_recurrent': False,
                    'layer_type': 'fc',
                    'regularization': {'mode': None, 'strength': 0.02},
                    'tau': 0.2,
                    'var_scope': 'output_layer',
                    'w': {'pmax': 0.99,
                          'pmin': -0.99,
                          'priors': [0.5, 0.5],
                          'type': 'binary'}}],
 'layout': [4, 60, 60, 10],
 'output_type': 'classification'}

DATA CONFIG
{'dataset': 'red_penstroke',
 'tr': {'in_seq_len': 30,
        'minibatch_enabled': True,
        'minibatch_size': 1000,
        'out_seq_len': 5,
        'zero_padding': 20},
 'va': {'in_seq_len': 30,
        'minibatch_enabled': True,
        'minibatch_size': 1000,
        'out_seq_len': 5,
        'zero_padding': 20}}

TRAINING CONFIG
{'beta_reg': 0.3,
 'is_pretrain': False,
 'learning_rate': 0.001,
 'max_epochs': 200,
 'mode': {'max_epochs': 200, 'min_error': 0.0, 'name': 'classic'},
 'task_id': 2,
 'type': 'l_sampling',
 'var_reg': 0.0}
==============================


0.7450244905186348
pretraning is over
  0,  0 | TrAcc: 0.1145, TrLoss:  4.09798, VaAcc: 0.1117, VaLoss:  4.32619	 10 sampled NNs | VaAcc: 0.1022 +- 0.0093 | VaLoss: 4.9410 +- 0.3793
  1,  0 | TrAcc: 0.1146, TrLoss:  4.01888, VaAcc: 0.1136, VaLoss:  4.23727	 10 sampled NNs | VaAcc: 0.1041 +- 0.0049 | VaLoss: 4.7088 +- 0.1116
  2,  0 | TrAcc: 0.1155, TrLoss:  3.94270, VaAcc: 0.1155, VaLoss:  4.14046	 10 sampled NNs | VaAcc: 0.1100 +- 0.0095 | VaLoss: 4.5390 +- 0.1373
  3,  0 | TrAcc: 0.1161, TrLoss:  3.87885, VaAcc: 0.1130, VaLoss:  4.09948	 10 sampled NNs | VaAcc: 0.1065 +- 0.0081 | VaLoss: 4.5550 +- 0.1957
  4,  0 | TrAcc: 0.1169, TrLoss:  3.81507, VaAcc: 0.1145, VaLoss:  4.04062	 10 sampled NNs | VaAcc: 0.1069 +- 0.0064 | VaLoss: 4.5184 +- 0.1100
  5,  0 | TrAcc: 0.1171, TrLoss:  3.75714, VaAcc: 0.1123, VaLoss:  3.99225	 10 sampled NNs | VaAcc: 0.1057 +- 0.0100 | VaLoss: 4.5497 +- 0.3194
  6,  0 | TrAcc: 0.1181, TrLoss:  3.69137, VaAcc: 0.1141, VaLoss:  3.92611	 10 sampled NNs | VaAcc: 0.1031 +- 0.0088 | VaLoss: 4.4412 +- 0.1776
  7,  0 | TrAcc: 0.1174, TrLoss:  3.63727, VaAcc: 0.1152, VaLoss:  3.86216	 10 sampled NNs | VaAcc: 0.1068 +- 0.0061 | VaLoss: 4.2728 +- 0.1152
  8,  0 | TrAcc: 0.1178, TrLoss:  3.58118, VaAcc: 0.1165, VaLoss:  3.80055	 10 sampled NNs | VaAcc: 0.1063 +- 0.0075 | VaLoss: 4.3414 +- 0.1648
  9,  0 | TrAcc: 0.1177, TrLoss:  3.52442, VaAcc: 0.1137, VaLoss:  3.74611	 10 sampled NNs | VaAcc: 0.1050 +- 0.0056 | VaLoss: 4.1705 +- 0.1449
 10,  0 | TrAcc: 0.1173, TrLoss:  3.46996, VaAcc: 0.1166, VaLoss:  3.68628	 10 sampled NNs | VaAcc: 0.1091 +- 0.0062 | VaLoss: 4.0609 +- 0.1427
 11,  0 | TrAcc: 0.1185, TrLoss:  3.41195, VaAcc: 0.1146, VaLoss:  3.63416	 10 sampled NNs | VaAcc: 0.1057 +- 0.0071 | VaLoss: 4.0597 +- 0.1873
 12,  0 | TrAcc: 0.1185, TrLoss:  3.35622, VaAcc: 0.1165, VaLoss:  3.57434	 10 sampled NNs | VaAcc: 0.1073 +- 0.0082 | VaLoss: 4.0186 +- 0.1260
 13,  0 | TrAcc: 0.1179, TrLoss:  3.29883, VaAcc: 0.1156, VaLoss:  3.52156	 10 sampled NNs | VaAcc: 0.1074 +- 0.0079 | VaLoss: 3.9716 +- 0.1818
 14,  0 | TrAcc: 0.1187, TrLoss:  3.24250, VaAcc: 0.1176, VaLoss:  3.45340	 10 sampled NNs | VaAcc: 0.1070 +- 0.0069 | VaLoss: 3.9862 +- 0.2249
 15,  0 | TrAcc: 0.1191, TrLoss:  3.18689, VaAcc: 0.1174, VaLoss:  3.40482	 10 sampled NNs | VaAcc: 0.1102 +- 0.0093 | VaLoss: 3.8217 +- 0.0887
 16,  0 | TrAcc: 0.1193, TrLoss:  3.12934, VaAcc: 0.1155, VaLoss:  3.35813	 10 sampled NNs | VaAcc: 0.1118 +- 0.0088 | VaLoss: 3.6969 +- 0.0932
 17,  0 | TrAcc: 0.1196, TrLoss:  3.07489, VaAcc: 0.1166, VaLoss:  3.29987	 10 sampled NNs | VaAcc: 0.1080 +- 0.0080 | VaLoss: 3.6395 +- 0.1422
 18,  0 | TrAcc: 0.1192, TrLoss:  3.02835, VaAcc: 0.1164, VaLoss:  3.24749	 10 sampled NNs | VaAcc: 0.1089 +- 0.0065 | VaLoss: 3.5836 +- 0.1857
 19,  0 | TrAcc: 0.1200, TrLoss:  2.97345, VaAcc: 0.1171, VaLoss:  3.19418	 10 sampled NNs | VaAcc: 0.1078 +- 0.0036 | VaLoss: 3.5994 +- 0.1308
 20,  0 | TrAcc: 0.1205, TrLoss:  2.92581, VaAcc: 0.1163, VaLoss:  3.14735	 10 sampled NNs | VaAcc: 0.1119 +- 0.0042 | VaLoss: 3.4374 +- 0.1368
 21,  0 | TrAcc: 0.1199, TrLoss:  2.87887, VaAcc: 0.1176, VaLoss:  3.09127	 10 sampled NNs | VaAcc: 0.1080 +- 0.0065 | VaLoss: 3.4050 +- 0.1461
 22,  0 | TrAcc: 0.1209, TrLoss:  2.82669, VaAcc: 0.1158, VaLoss:  3.05656	 10 sampled NNs | VaAcc: 0.1082 +- 0.0098 | VaLoss: 3.4213 +- 0.1312
 23,  0 | TrAcc: 0.1205, TrLoss:  2.78973, VaAcc: 0.1193, VaLoss:  3.00104	 10 sampled NNs | VaAcc: 0.1084 +- 0.0082 | VaLoss: 3.2370 +- 0.1065
 24,  0 | TrAcc: 0.1214, TrLoss:  2.74617, VaAcc: 0.1166, VaLoss:  2.96810	 10 sampled NNs | VaAcc: 0.1088 +- 0.0074 | VaLoss: 3.2416 +- 0.1131
 25,  0 | TrAcc: 0.1217, TrLoss:  2.70877, VaAcc: 0.1175, VaLoss:  2.92668	 10 sampled NNs | VaAcc: 0.1088 +- 0.0088 | VaLoss: 3.1811 +- 0.0896
 26,  0 | TrAcc: 0.1221, TrLoss:  2.66949, VaAcc: 0.1180, VaLoss:  2.89678	 10 sampled NNs | VaAcc: 0.1060 +- 0.0061 | VaLoss: 3.2039 +- 0.0939
 27,  0 | TrAcc: 0.1220, TrLoss:  2.63819, VaAcc: 0.1193, VaLoss:  2.85133	 10 sampled NNs | VaAcc: 0.1092 +- 0.0050 | VaLoss: 3.0999 +- 0.1678
 28,  0 | TrAcc: 0.1234, TrLoss:  2.60191, VaAcc: 0.1192, VaLoss:  2.81919	 10 sampled NNs | VaAcc: 0.1104 +- 0.0049 | VaLoss: 3.0471 +- 0.1421
 29,  0 | TrAcc: 0.1244, TrLoss:  2.57060, VaAcc: 0.1189, VaLoss:  2.79579	 10 sampled NNs | VaAcc: 0.1124 +- 0.0099 | VaLoss: 2.9905 +- 0.0781
 30,  0 | TrAcc: 0.1253, TrLoss:  2.54204, VaAcc: 0.1183, VaLoss:  2.76053	 10 sampled NNs | VaAcc: 0.1109 +- 0.0068 | VaLoss: 2.9999 +- 0.1410
 31,  0 | TrAcc: 0.1254, TrLoss:  2.51462, VaAcc: 0.1196, VaLoss:  2.73367	 10 sampled NNs | VaAcc: 0.1097 +- 0.0068 | VaLoss: 2.8953 +- 0.0997
 32,  0 | TrAcc: 0.1266, TrLoss:  2.49065, VaAcc: 0.1216, VaLoss:  2.70917	 10 sampled NNs | VaAcc: 0.1131 +- 0.0093 | VaLoss: 2.7937 +- 0.0853
 33,  0 | TrAcc: 0.1278, TrLoss:  2.46499, VaAcc: 0.1204, VaLoss:  2.68712	 10 sampled NNs | VaAcc: 0.1092 +- 0.0053 | VaLoss: 2.8708 +- 0.1081
 34,  0 | TrAcc: 0.1279, TrLoss:  2.44763, VaAcc: 0.1232, VaLoss:  2.66392	 10 sampled NNs | VaAcc: 0.1106 +- 0.0065 | VaLoss: 2.8886 +- 0.1107
 35,  0 | TrAcc: 0.1290, TrLoss:  2.42933, VaAcc: 0.1234, VaLoss:  2.64165	 10 sampled NNs | VaAcc: 0.1124 +- 0.0075 | VaLoss: 2.7873 +- 0.0785
 36,  0 | TrAcc: 0.1307, TrLoss:  2.41097, VaAcc: 0.1238, VaLoss:  2.62870	 10 sampled NNs | VaAcc: 0.1114 +- 0.0111 | VaLoss: 2.7282 +- 0.0848
 37,  0 | TrAcc: 0.1316, TrLoss:  2.39650, VaAcc: 0.1228, VaLoss:  2.61053	 10 sampled NNs | VaAcc: 0.1164 +- 0.0055 | VaLoss: 2.6828 +- 0.0864
 38,  0 | TrAcc: 0.1332, TrLoss:  2.37977, VaAcc: 0.1224, VaLoss:  2.60454	 10 sampled NNs | VaAcc: 0.1150 +- 0.0076 | VaLoss: 2.6501 +- 0.0805
 39,  0 | TrAcc: 0.1347, TrLoss:  2.36881, VaAcc: 0.1261, VaLoss:  2.58543	 10 sampled NNs | VaAcc: 0.1131 +- 0.0101 | VaLoss: 2.6716 +- 0.0689
 40,  0 | TrAcc: 0.1351, TrLoss:  2.35714, VaAcc: 0.1249, VaLoss:  2.57396	 10 sampled NNs | VaAcc: 0.1086 +- 0.0074 | VaLoss: 2.6512 +- 0.0709
 41,  0 | TrAcc: 0.1366, TrLoss:  2.34890, VaAcc: 0.1270, VaLoss:  2.56119	 10 sampled NNs | VaAcc: 0.1137 +- 0.0054 | VaLoss: 2.5857 +- 0.0700
 42,  0 | TrAcc: 0.1390, TrLoss:  2.33698, VaAcc: 0.1280, VaLoss:  2.55212	 10 sampled NNs | VaAcc: 0.1188 +- 0.0162 | VaLoss: 2.5687 +- 0.0678
 43,  0 | TrAcc: 0.1394, TrLoss:  2.33116, VaAcc: 0.1290, VaLoss:  2.54460	 10 sampled NNs | VaAcc: 0.1182 +- 0.0095 | VaLoss: 2.5571 +- 0.0568
 44,  0 | TrAcc: 0.1406, TrLoss:  2.32264, VaAcc: 0.1283, VaLoss:  2.53651	 10 sampled NNs | VaAcc: 0.1207 +- 0.0100 | VaLoss: 2.5051 +- 0.1144
 45,  0 | TrAcc: 0.1416, TrLoss:  2.31544, VaAcc: 0.1295, VaLoss:  2.53133	 10 sampled NNs | VaAcc: 0.1171 +- 0.0079 | VaLoss: 2.5530 +- 0.0751
 46,  0 | TrAcc: 0.1438, TrLoss:  2.30893, VaAcc: 0.1319, VaLoss:  2.52147	 10 sampled NNs | VaAcc: 0.1167 +- 0.0107 | VaLoss: 2.4968 +- 0.0792
 47,  0 | TrAcc: 0.1444, TrLoss:  2.30363, VaAcc: 0.1340, VaLoss:  2.51504	 10 sampled NNs | VaAcc: 0.1164 +- 0.0136 | VaLoss: 2.5100 +- 0.1029
 48,  0 | TrAcc: 0.1456, TrLoss:  2.29817, VaAcc: 0.1316, VaLoss:  2.50992	 10 sampled NNs | VaAcc: 0.1212 +- 0.0151 | VaLoss: 2.4818 +- 0.0772
 49,  0 | TrAcc: 0.1479, TrLoss:  2.29140, VaAcc: 0.1343, VaLoss:  2.50731	 10 sampled NNs | VaAcc: 0.1112 +- 0.0118 | VaLoss: 2.5399 +- 0.0889
 50,  0 | TrAcc: 0.1482, TrLoss:  2.28580, VaAcc: 0.1354, VaLoss:  2.50032	 10 sampled NNs | VaAcc: 0.1164 +- 0.0115 | VaLoss: 2.5000 +- 0.1035
 51,  0 | TrAcc: 0.1504, TrLoss:  2.27925, VaAcc: 0.1356, VaLoss:  2.49622	 10 sampled NNs | VaAcc: 0.1204 +- 0.0104 | VaLoss: 2.4367 +- 0.0576
 52,  0 | TrAcc: 0.1506, TrLoss:  2.27602, VaAcc: 0.1365, VaLoss:  2.48776	 10 sampled NNs | VaAcc: 0.1236 +- 0.0064 | VaLoss: 2.4166 +- 0.0538
 53,  0 | TrAcc: 0.1525, TrLoss:  2.27064, VaAcc: 0.1398, VaLoss:  2.48262	 10 sampled NNs | VaAcc: 0.1192 +- 0.0099 | VaLoss: 2.4453 +- 0.0616
 54,  0 | TrAcc: 0.1541, TrLoss:  2.26317, VaAcc: 0.1415, VaLoss:  2.47464	 10 sampled NNs | VaAcc: 0.1247 +- 0.0118 | VaLoss: 2.4102 +- 0.0571
 55,  0 | TrAcc: 0.1550, TrLoss:  2.25853, VaAcc: 0.1421, VaLoss:  2.46488	 10 sampled NNs | VaAcc: 0.1236 +- 0.0060 | VaLoss: 2.3910 +- 0.0504
 56,  0 | TrAcc: 0.1574, TrLoss:  2.25194, VaAcc: 0.1479, VaLoss:  2.45618	 10 sampled NNs | VaAcc: 0.1251 +- 0.0173 | VaLoss: 2.4304 +- 0.1046
 57,  0 | TrAcc: 0.1607, TrLoss:  2.24292, VaAcc: 0.1465, VaLoss:  2.45335	 10 sampled NNs | VaAcc: 0.1264 +- 0.0155 | VaLoss: 2.4090 +- 0.0682
 58,  0 | TrAcc: 0.1619, TrLoss:  2.23600, VaAcc: 0.1521, VaLoss:  2.43889	 10 sampled NNs | VaAcc: 0.1267 +- 0.0105 | VaLoss: 2.4060 +- 0.0609
 59,  0 | TrAcc: 0.1639, TrLoss:  2.22811, VaAcc: 0.1561, VaLoss:  2.42674	 10 sampled NNs | VaAcc: 0.1318 +- 0.0138 | VaLoss: 2.3987 +- 0.1129
 60,  0 | TrAcc: 0.1674, TrLoss:  2.21821, VaAcc: 0.1597, VaLoss:  2.42073	 10 sampled NNs | VaAcc: 0.1307 +- 0.0157 | VaLoss: 2.4082 +- 0.0712
 61,  0 | TrAcc: 0.1719, TrLoss:  2.20998, VaAcc: 0.1624, VaLoss:  2.40770	 10 sampled NNs | VaAcc: 0.1340 +- 0.0198 | VaLoss: 2.3432 +- 0.1038
 62,  0 | TrAcc: 0.1727, TrLoss:  2.20465, VaAcc: 0.1660, VaLoss:  2.39795	 10 sampled NNs | VaAcc: 0.1324 +- 0.0135 | VaLoss: 2.3391 +- 0.0708
 63,  0 | TrAcc: 0.1769, TrLoss:  2.19455, VaAcc: 0.1682, VaLoss:  2.39151	 10 sampled NNs | VaAcc: 0.1297 +- 0.0151 | VaLoss: 2.4586 +- 0.1948
 64,  0 | TrAcc: 0.1810, TrLoss:  2.18813, VaAcc: 0.1767, VaLoss:  2.37930	 10 sampled NNs | VaAcc: 0.1354 +- 0.0166 | VaLoss: 2.3383 +- 0.0581
 65,  0 | TrAcc: 0.1853, TrLoss:  2.17639, VaAcc: 0.1805, VaLoss:  2.36731	 10 sampled NNs | VaAcc: 0.1344 +- 0.0127 | VaLoss: 2.3702 +- 0.0750
 66,  0 | TrAcc: 0.1899, TrLoss:  2.16690, VaAcc: 0.1826, VaLoss:  2.36311	 10 sampled NNs | VaAcc: 0.1363 +- 0.0138 | VaLoss: 2.3886 +- 0.1126
 67,  0 | TrAcc: 0.1913, TrLoss:  2.15874, VaAcc: 0.1900, VaLoss:  2.34777	 10 sampled NNs | VaAcc: 0.1335 +- 0.0159 | VaLoss: 2.3330 +- 0.0594
 68,  0 | TrAcc: 0.1947, TrLoss:  2.15004, VaAcc: 0.1896, VaLoss:  2.34077	 10 sampled NNs | VaAcc: 0.1473 +- 0.0154 | VaLoss: 2.3272 +- 0.1041
 69,  0 | TrAcc: 0.2000, TrLoss:  2.13468, VaAcc: 0.1978, VaLoss:  2.32175	 10 sampled NNs | VaAcc: 0.1492 +- 0.0231 | VaLoss: 2.3421 +- 0.1551
 70,  0 | TrAcc: 0.2133, TrLoss:  2.10862, VaAcc: 0.2145, VaLoss:  2.28280	 10 sampled NNs | VaAcc: 0.1616 +- 0.0198 | VaLoss: 2.2718 +- 0.0588
 71,  0 | TrAcc: 0.2328, TrLoss:  2.07335, VaAcc: 0.2338, VaLoss:  2.24281	 10 sampled NNs | VaAcc: 0.1575 +- 0.0171 | VaLoss: 2.2947 +- 0.1060
 72,  0 | TrAcc: 0.2484, TrLoss:  2.01994, VaAcc: 0.2544, VaLoss:  2.18385	 10 sampled NNs | VaAcc: 0.1482 +- 0.0119 | VaLoss: 2.3575 +- 0.0834
 73,  0 | TrAcc: 0.2618, TrLoss:  1.97226, VaAcc: 0.2659, VaLoss:  2.13264	 10 sampled NNs | VaAcc: 0.1659 +- 0.0176 | VaLoss: 2.4050 +- 0.1943
 74,  0 | TrAcc: 0.2688, TrLoss:  1.94189, VaAcc: 0.2771, VaLoss:  2.08890	 10 sampled NNs | VaAcc: 0.1613 +- 0.0239 | VaLoss: 2.3098 +- 0.1262
 75,  0 | TrAcc: 0.2756, TrLoss:  1.92018, VaAcc: 0.2854, VaLoss:  2.06399	 10 sampled NNs | VaAcc: 0.1624 +- 0.0184 | VaLoss: 2.3045 +- 0.1082
 76,  0 | TrAcc: 0.2849, TrLoss:  1.89742, VaAcc: 0.2910, VaLoss:  2.04374	 10 sampled NNs | VaAcc: 0.1820 +- 0.0399 | VaLoss: 2.2825 +- 0.1890
 77,  0 | TrAcc: 0.2890, TrLoss:  1.88102, VaAcc: 0.2966, VaLoss:  2.01088	 10 sampled NNs | VaAcc: 0.1628 +- 0.0273 | VaLoss: 2.3695 +- 0.1963
 78,  0 | TrAcc: 0.2966, TrLoss:  1.85885, VaAcc: 0.3019, VaLoss:  2.00118	 10 sampled NNs | VaAcc: 0.2099 +- 0.0295 | VaLoss: 2.1282 +- 0.1356
 79,  0 | TrAcc: 0.3074, TrLoss:  1.83805, VaAcc: 0.3164, VaLoss:  1.97468	 10 sampled NNs | VaAcc: 0.1807 +- 0.0191 | VaLoss: 2.3062 +- 0.1676
 80,  0 | TrAcc: 0.3147, TrLoss:  1.82298, VaAcc: 0.3243, VaLoss:  1.95423	 10 sampled NNs | VaAcc: 0.1910 +- 0.0349 | VaLoss: 2.2506 +- 0.1797
 81,  0 | TrAcc: 0.3244, TrLoss:  1.80095, VaAcc: 0.3323, VaLoss:  1.93380	 10 sampled NNs | VaAcc: 0.2012 +- 0.0331 | VaLoss: 2.3050 +- 0.2660
 82,  0 | TrAcc: 0.3356, TrLoss:  1.77998, VaAcc: 0.3467, VaLoss:  1.90628	 10 sampled NNs | VaAcc: 0.1993 +- 0.0286 | VaLoss: 2.2359 +- 0.2083
 83,  0 | TrAcc: 0.3429, TrLoss:  1.76718, VaAcc: 0.3582, VaLoss:  1.88752	 10 sampled NNs | VaAcc: 0.1939 +- 0.0245 | VaLoss: 2.2709 +- 0.1876
 84,  0 | TrAcc: 0.3520, TrLoss:  1.74698, VaAcc: 0.3687, VaLoss:  1.86636	 10 sampled NNs | VaAcc: 0.1964 +- 0.0406 | VaLoss: 2.2895 +- 0.2772
 85,  0 | TrAcc: 0.3608, TrLoss:  1.72534, VaAcc: 0.3691, VaLoss:  1.85441	 10 sampled NNs | VaAcc: 0.1843 +- 0.0215 | VaLoss: 2.3272 +- 0.1346
 86,  0 | TrAcc: 0.3695, TrLoss:  1.71625, VaAcc: 0.3815, VaLoss:  1.83821	 10 sampled NNs | VaAcc: 0.1986 +- 0.0243 | VaLoss: 2.2287 +- 0.1115
 87,  0 | TrAcc: 0.3760, TrLoss:  1.70123, VaAcc: 0.3932, VaLoss:  1.81724	 10 sampled NNs | VaAcc: 0.2112 +- 0.0383 | VaLoss: 2.2684 +- 0.2282
 88,  0 | TrAcc: 0.3822, TrLoss:  1.69094, VaAcc: 0.3936, VaLoss:  1.81792	 10 sampled NNs | VaAcc: 0.1983 +- 0.0321 | VaLoss: 2.2073 +- 0.1450
 89,  0 | TrAcc: 0.3888, TrLoss:  1.67816, VaAcc: 0.4046, VaLoss:  1.79715	 10 sampled NNs | VaAcc: 0.2346 +- 0.0367 | VaLoss: 2.1202 +- 0.1871
 90,  0 | TrAcc: 0.3949, TrLoss:  1.66615, VaAcc: 0.4049, VaLoss:  1.79004	 10 sampled NNs | VaAcc: 0.2272 +- 0.0337 | VaLoss: 2.2273 +- 0.2023
 91,  0 | TrAcc: 0.4016, TrLoss:  1.65268, VaAcc: 0.4155, VaLoss:  1.76926	 10 sampled NNs | VaAcc: 0.2178 +- 0.0454 | VaLoss: 2.2408 +- 0.2598
 92,  0 | TrAcc: 0.4071, TrLoss:  1.64588, VaAcc: 0.4191, VaLoss:  1.76402	 10 sampled NNs | VaAcc: 0.2209 +- 0.0458 | VaLoss: 2.1697 +- 0.1834
 93,  0 | TrAcc: 0.4125, TrLoss:  1.63334, VaAcc: 0.4234, VaLoss:  1.75557	 10 sampled NNs | VaAcc: 0.2179 +- 0.0361 | VaLoss: 2.2291 +- 0.1755
 94,  0 | TrAcc: 0.4165, TrLoss:  1.62321, VaAcc: 0.4280, VaLoss:  1.74494	 10 sampled NNs | VaAcc: 0.2469 +- 0.0462 | VaLoss: 2.1202 +- 0.1727
 95,  0 | TrAcc: 0.4236, TrLoss:  1.60842, VaAcc: 0.4328, VaLoss:  1.72928	 10 sampled NNs | VaAcc: 0.2224 +- 0.0418 | VaLoss: 2.2462 +- 0.2399
 96,  0 | TrAcc: 0.4278, TrLoss:  1.60179, VaAcc: 0.4387, VaLoss:  1.72440	 10 sampled NNs | VaAcc: 0.2339 +- 0.0340 | VaLoss: 2.2780 +- 0.2810
 97,  0 | TrAcc: 0.4330, TrLoss:  1.59024, VaAcc: 0.4431, VaLoss:  1.71893	 10 sampled NNs | VaAcc: 0.2392 +- 0.0336 | VaLoss: 2.2125 +- 0.2278
 98,  0 | TrAcc: 0.4361, TrLoss:  1.58507, VaAcc: 0.4481, VaLoss:  1.70765	 10 sampled NNs | VaAcc: 0.2168 +- 0.0410 | VaLoss: 2.2319 +- 0.1644
 99,  0 | TrAcc: 0.4433, TrLoss:  1.57117, VaAcc: 0.4567, VaLoss:  1.68346	 10 sampled NNs | VaAcc: 0.2562 +- 0.0268 | VaLoss: 2.0699 +- 0.1176
100,  0 | TrAcc: 0.4443, TrLoss:  1.56492, VaAcc: 0.4604, VaLoss:  1.67839	 10 sampled NNs | VaAcc: 0.2390 +- 0.0282 | VaLoss: 2.1913 +- 0.1803
101,  0 | TrAcc: 0.4510, TrLoss:  1.55223, VaAcc: 0.4676, VaLoss:  1.67225	 10 sampled NNs | VaAcc: 0.2518 +- 0.0448 | VaLoss: 2.1370 +- 0.2331
102,  0 | TrAcc: 0.4551, TrLoss:  1.54206, VaAcc: 0.4640, VaLoss:  1.66689	 10 sampled NNs | VaAcc: 0.2298 +- 0.0254 | VaLoss: 2.2370 +- 0.1633
103,  0 | TrAcc: 0.4581, TrLoss:  1.53901, VaAcc: 0.4721, VaLoss:  1.65418	 10 sampled NNs | VaAcc: 0.2681 +- 0.0305 | VaLoss: 2.0183 +- 0.1456
104,  0 | TrAcc: 0.4621, TrLoss:  1.52797, VaAcc: 0.4804, VaLoss:  1.64430	 10 sampled NNs | VaAcc: 0.2554 +- 0.0385 | VaLoss: 2.1314 +- 0.2159
105,  0 | TrAcc: 0.4660, TrLoss:  1.52010, VaAcc: 0.4808, VaLoss:  1.63262	 10 sampled NNs | VaAcc: 0.2740 +- 0.0277 | VaLoss: 2.0091 +- 0.1192
106,  0 | TrAcc: 0.4698, TrLoss:  1.51200, VaAcc: 0.4846, VaLoss:  1.63424	 10 sampled NNs | VaAcc: 0.2798 +- 0.0455 | VaLoss: 2.0557 +- 0.2186
107,  0 | TrAcc: 0.4734, TrLoss:  1.50572, VaAcc: 0.4875, VaLoss:  1.61504	 10 sampled NNs | VaAcc: 0.2683 +- 0.0336 | VaLoss: 2.0868 +- 0.1634
108,  0 | TrAcc: 0.4772, TrLoss:  1.49706, VaAcc: 0.4882, VaLoss:  1.61772	 10 sampled NNs | VaAcc: 0.2610 +- 0.0585 | VaLoss: 2.1447 +- 0.3770
109,  0 | TrAcc: 0.4837, TrLoss:  1.48538, VaAcc: 0.4972, VaLoss:  1.59950	 10 sampled NNs | VaAcc: 0.2486 +- 0.0358 | VaLoss: 2.1554 +- 0.2320
110,  0 | TrAcc: 0.4848, TrLoss:  1.48221, VaAcc: 0.4964, VaLoss:  1.59915	 10 sampled NNs | VaAcc: 0.2422 +- 0.0443 | VaLoss: 2.1143 +- 0.1908
111,  0 | TrAcc: 0.4905, TrLoss:  1.47143, VaAcc: 0.5013, VaLoss:  1.58326	 10 sampled NNs | VaAcc: 0.2807 +- 0.0552 | VaLoss: 2.1025 +- 0.2181
112,  0 | TrAcc: 0.4926, TrLoss:  1.46534, VaAcc: 0.5089, VaLoss:  1.57310	 10 sampled NNs | VaAcc: 0.2664 +- 0.0202 | VaLoss: 2.1051 +- 0.2185
113,  0 | TrAcc: 0.4952, TrLoss:  1.45803, VaAcc: 0.5068, VaLoss:  1.57873	 10 sampled NNs | VaAcc: 0.2764 +- 0.0248 | VaLoss: 2.0197 +- 0.1459
114,  0 | TrAcc: 0.4988, TrLoss:  1.45249, VaAcc: 0.5176, VaLoss:  1.56236	 10 sampled NNs | VaAcc: 0.2834 +- 0.0388 | VaLoss: 2.0430 +- 0.2188
115,  0 | TrAcc: 0.5000, TrLoss:  1.44519, VaAcc: 0.5168, VaLoss:  1.55828	 10 sampled NNs | VaAcc: 0.3113 +- 0.0366 | VaLoss: 1.9498 +- 0.1654
116,  0 | TrAcc: 0.5075, TrLoss:  1.43313, VaAcc: 0.5208, VaLoss:  1.54810	 10 sampled NNs | VaAcc: 0.2709 +- 0.0642 | VaLoss: 2.0467 +- 0.2221
117,  0 | TrAcc: 0.5097, TrLoss:  1.42688, VaAcc: 0.5198, VaLoss:  1.55056	 10 sampled NNs | VaAcc: 0.3003 +- 0.0520 | VaLoss: 2.0098 +- 0.2212
118,  0 | TrAcc: 0.5148, TrLoss:  1.41528, VaAcc: 0.5258, VaLoss:  1.53659	 10 sampled NNs | VaAcc: 0.2826 +- 0.0354 | VaLoss: 2.1574 +- 0.3155
119,  0 | TrAcc: 0.5134, TrLoss:  1.41604, VaAcc: 0.5214, VaLoss:  1.54763	 10 sampled NNs | VaAcc: 0.2949 +- 0.0418 | VaLoss: 1.9681 +- 0.1524
120,  0 | TrAcc: 0.5178, TrLoss:  1.40957, VaAcc: 0.5311, VaLoss:  1.52500	 10 sampled NNs | VaAcc: 0.3093 +- 0.0480 | VaLoss: 1.9623 +- 0.1745
121,  0 | TrAcc: 0.5225, TrLoss:  1.39565, VaAcc: 0.5310, VaLoss:  1.52638	 10 sampled NNs | VaAcc: 0.2975 +- 0.0479 | VaLoss: 1.9606 +- 0.2188
122,  0 | TrAcc: 0.5248, TrLoss:  1.39016, VaAcc: 0.5355, VaLoss:  1.51490	 10 sampled NNs | VaAcc: 0.3160 +- 0.0532 | VaLoss: 1.9652 +- 0.2226
123,  0 | TrAcc: 0.5273, TrLoss:  1.38435, VaAcc: 0.5357, VaLoss:  1.51283	 10 sampled NNs | VaAcc: 0.2943 +- 0.0603 | VaLoss: 2.0453 +- 0.2475
124,  0 | TrAcc: 0.5298, TrLoss:  1.37747, VaAcc: 0.5410, VaLoss:  1.50098	 10 sampled NNs | VaAcc: 0.3155 +- 0.0462 | VaLoss: 1.9872 +- 0.2103
125,  0 | TrAcc: 0.5325, TrLoss:  1.37090, VaAcc: 0.5421, VaLoss:  1.50219	 10 sampled NNs | VaAcc: 0.2990 +- 0.0480 | VaLoss: 2.0524 +- 0.2613
126,  0 | TrAcc: 0.5344, TrLoss:  1.36606, VaAcc: 0.5460, VaLoss:  1.48423	 10 sampled NNs | VaAcc: 0.3100 +- 0.0580 | VaLoss: 1.9410 +- 0.2290
127,  0 | TrAcc: 0.5357, TrLoss:  1.35999, VaAcc: 0.5434, VaLoss:  1.49402	 10 sampled NNs | VaAcc: 0.3195 +- 0.0472 | VaLoss: 1.9614 +- 0.1559
128,  0 | TrAcc: 0.5425, TrLoss:  1.34479, VaAcc: 0.5491, VaLoss:  1.48531	 10 sampled NNs | VaAcc: 0.3265 +- 0.0428 | VaLoss: 1.9143 +- 0.1841
129,  0 | TrAcc: 0.5431, TrLoss:  1.34556, VaAcc: 0.5526, VaLoss:  1.47493	 10 sampled NNs | VaAcc: 0.3283 +- 0.0417 | VaLoss: 1.9120 +- 0.1739
130,  0 | TrAcc: 0.5436, TrLoss:  1.34446, VaAcc: 0.5555, VaLoss:  1.47265	 10 sampled NNs | VaAcc: 0.3443 +- 0.0451 | VaLoss: 1.8542 +- 0.1396
131,  0 | TrAcc: 0.5482, TrLoss:  1.33418, VaAcc: 0.5605, VaLoss:  1.45750	 10 sampled NNs | VaAcc: 0.3236 +- 0.0421 | VaLoss: 1.9354 +- 0.1866
132,  0 | TrAcc: 0.5504, TrLoss:  1.32918, VaAcc: 0.5561, VaLoss:  1.46575	 10 sampled NNs | VaAcc: 0.3202 +- 0.0445 | VaLoss: 1.9229 +- 0.1551
133,  0 | TrAcc: 0.5520, TrLoss:  1.32262, VaAcc: 0.5593, VaLoss:  1.45520	 10 sampled NNs | VaAcc: 0.3281 +- 0.0647 | VaLoss: 1.9396 +- 0.2994
134,  0 | TrAcc: 0.5513, TrLoss:  1.32356, VaAcc: 0.5666, VaLoss:  1.44487	 10 sampled NNs | VaAcc: 0.3658 +- 0.0319 | VaLoss: 1.8311 +- 0.1403
135,  0 | TrAcc: 0.5552, TrLoss:  1.31401, VaAcc: 0.5671, VaLoss:  1.44586	 10 sampled NNs | VaAcc: 0.3413 +- 0.0586 | VaLoss: 1.9159 +- 0.3167
136,  0 | TrAcc: 0.5581, TrLoss:  1.30821, VaAcc: 0.5690, VaLoss:  1.43538	 10 sampled NNs | VaAcc: 0.3355 +- 0.0418 | VaLoss: 1.8917 +- 0.1246
137,  0 | TrAcc: 0.5612, TrLoss:  1.30158, VaAcc: 0.5664, VaLoss:  1.44307	 10 sampled NNs | VaAcc: 0.3288 +- 0.0484 | VaLoss: 1.9417 +- 0.1785
138,  0 | TrAcc: 0.5646, TrLoss:  1.29035, VaAcc: 0.5748, VaLoss:  1.42434	 10 sampled NNs | VaAcc: 0.3508 +- 0.0368 | VaLoss: 1.7891 +- 0.1063
139,  0 | TrAcc: 0.5624, TrLoss:  1.29754, VaAcc: 0.5741, VaLoss:  1.42472	 10 sampled NNs | VaAcc: 0.3834 +- 0.0505 | VaLoss: 1.7720 +- 0.2087
140,  0 | TrAcc: 0.5654, TrLoss:  1.28944, VaAcc: 0.5713, VaLoss:  1.43307	 10 sampled NNs | VaAcc: 0.3246 +- 0.0314 | VaLoss: 1.9420 +- 0.1568
141,  0 | TrAcc: 0.5670, TrLoss:  1.28340, VaAcc: 0.5773, VaLoss:  1.41475	 10 sampled NNs | VaAcc: 0.3611 +- 0.0426 | VaLoss: 1.7965 +- 0.1301
142,  0 | TrAcc: 0.5711, TrLoss:  1.27668, VaAcc: 0.5812, VaLoss:  1.41324	 10 sampled NNs | VaAcc: 0.3613 +- 0.0557 | VaLoss: 1.8024 +- 0.1633
143,  0 | TrAcc: 0.5723, TrLoss:  1.27313, VaAcc: 0.5830, VaLoss:  1.40915	 10 sampled NNs | VaAcc: 0.3528 +- 0.0294 | VaLoss: 1.9221 +- 0.1444
144,  0 | TrAcc: 0.5742, TrLoss:  1.26844, VaAcc: 0.5856, VaLoss:  1.39513	 10 sampled NNs | VaAcc: 0.3443 +- 0.0464 | VaLoss: 1.8701 +- 0.1695
145,  0 | TrAcc: 0.5751, TrLoss:  1.26290, VaAcc: 0.5855, VaLoss:  1.40422	 10 sampled NNs | VaAcc: 0.3933 +- 0.0347 | VaLoss: 1.7369 +- 0.0764
146,  0 | TrAcc: 0.5799, TrLoss:  1.25503, VaAcc: 0.5907, VaLoss:  1.38707	 10 sampled NNs | VaAcc: 0.3533 +- 0.0548 | VaLoss: 1.9017 +- 0.3168
147,  0 | TrAcc: 0.5804, TrLoss:  1.25324, VaAcc: 0.5864, VaLoss:  1.39790	 10 sampled NNs | VaAcc: 0.3582 +- 0.0538 | VaLoss: 1.8393 +- 0.1713
148,  0 | TrAcc: 0.5804, TrLoss:  1.25292, VaAcc: 0.5921, VaLoss:  1.38610	 10 sampled NNs | VaAcc: 0.3968 +- 0.0395 | VaLoss: 1.7201 +- 0.0817
149,  0 | TrAcc: 0.5840, TrLoss:  1.24001, VaAcc: 0.5911, VaLoss:  1.38353	 10 sampled NNs | VaAcc: 0.3496 +- 0.0448 | VaLoss: 1.9032 +- 0.1804
150,  0 | TrAcc: 0.5850, TrLoss:  1.23885, VaAcc: 0.5948, VaLoss:  1.37495	 10 sampled NNs | VaAcc: 0.3697 +- 0.0455 | VaLoss: 1.7922 +- 0.1558
151,  0 | TrAcc: 0.5853, TrLoss:  1.23815, VaAcc: 0.5970, VaLoss:  1.37086	 10 sampled NNs | VaAcc: 0.3930 +- 0.0380 | VaLoss: 1.7538 +- 0.1570
152,  0 | TrAcc: 0.5877, TrLoss:  1.23467, VaAcc: 0.6011, VaLoss:  1.36021	 10 sampled NNs | VaAcc: 0.3848 +- 0.0366 | VaLoss: 1.7535 +- 0.1380
153,  0 | TrAcc: 0.5895, TrLoss:  1.22987, VaAcc: 0.5994, VaLoss:  1.36878	 10 sampled NNs | VaAcc: 0.3841 +- 0.0350 | VaLoss: 1.7658 +- 0.1569
154,  0 | TrAcc: 0.5912, TrLoss:  1.22471, VaAcc: 0.6021, VaLoss:  1.35517	 10 sampled NNs | VaAcc: 0.3824 +- 0.0336 | VaLoss: 1.7751 +- 0.1118
155,  0 | TrAcc: 0.5948, TrLoss:  1.21464, VaAcc: 0.6026, VaLoss:  1.35873	 10 sampled NNs | VaAcc: 0.3577 +- 0.0489 | VaLoss: 1.8682 +- 0.1460
156,  0 | TrAcc: 0.5924, TrLoss:  1.22099, VaAcc: 0.6053, VaLoss:  1.34993	 10 sampled NNs | VaAcc: 0.3798 +- 0.0306 | VaLoss: 1.8094 +- 0.1506
157,  0 | TrAcc: 0.5960, TrLoss:  1.21389, VaAcc: 0.6049, VaLoss:  1.35197	 10 sampled NNs | VaAcc: 0.3687 +- 0.0380 | VaLoss: 1.7929 +- 0.1119
158,  0 | TrAcc: 0.5973, TrLoss:  1.21145, VaAcc: 0.6099, VaLoss:  1.33965	 10 sampled NNs | VaAcc: 0.3986 +- 0.0431 | VaLoss: 1.7093 +- 0.1216
159,  0 | TrAcc: 0.5995, TrLoss:  1.20545, VaAcc: 0.6097, VaLoss:  1.34566	 10 sampled NNs | VaAcc: 0.4103 +- 0.0443 | VaLoss: 1.6673 +- 0.1483
160,  0 | TrAcc: 0.5995, TrLoss:  1.20395, VaAcc: 0.6116, VaLoss:  1.33054	 10 sampled NNs | VaAcc: 0.4146 +- 0.0428 | VaLoss: 1.6597 +- 0.1189
161,  0 | TrAcc: 0.6032, TrLoss:  1.19438, VaAcc: 0.6121, VaLoss:  1.33142	 10 sampled NNs | VaAcc: 0.3883 +- 0.0437 | VaLoss: 1.7889 +- 0.1528
162,  0 | TrAcc: 0.6074, TrLoss:  1.18491, VaAcc: 0.6119, VaLoss:  1.33081	 10 sampled NNs | VaAcc: 0.3915 +- 0.0449 | VaLoss: 1.7270 +- 0.1224
163,  0 | TrAcc: 0.6075, TrLoss:  1.18236, VaAcc: 0.6132, VaLoss:  1.32955	 10 sampled NNs | VaAcc: 0.3959 +- 0.0466 | VaLoss: 1.7446 +- 0.1283
164,  0 | TrAcc: 0.6089, TrLoss:  1.18119, VaAcc: 0.6121, VaLoss:  1.32532	 10 sampled NNs | VaAcc: 0.4019 +- 0.0397 | VaLoss: 1.7251 +- 0.1433
165,  0 | TrAcc: 0.6076, TrLoss:  1.18412, VaAcc: 0.6127, VaLoss:  1.32349	 10 sampled NNs | VaAcc: 0.4127 +- 0.0290 | VaLoss: 1.7571 +- 0.1306
166,  0 | TrAcc: 0.6107, TrLoss:  1.17639, VaAcc: 0.6179, VaLoss:  1.31495	 10 sampled NNs | VaAcc: 0.4076 +- 0.0301 | VaLoss: 1.6356 +- 0.0793
167,  0 | TrAcc: 0.6143, TrLoss:  1.16787, VaAcc: 0.6148, VaLoss:  1.32879	 10 sampled NNs | VaAcc: 0.4179 +- 0.0320 | VaLoss: 1.6407 +- 0.1103
168,  0 | TrAcc: 0.6147, TrLoss:  1.16659, VaAcc: 0.6215, VaLoss:  1.31252	 10 sampled NNs | VaAcc: 0.3898 +- 0.0367 | VaLoss: 1.8224 +- 0.1508
169,  0 | TrAcc: 0.6157, TrLoss:  1.16322, VaAcc: 0.6210, VaLoss:  1.30422	 10 sampled NNs | VaAcc: 0.3901 +- 0.0476 | VaLoss: 1.7656 +- 0.1275
170,  0 | TrAcc: 0.6173, TrLoss:  1.15896, VaAcc: 0.6248, VaLoss:  1.30484	 10 sampled NNs | VaAcc: 0.4105 +- 0.0403 | VaLoss: 1.6949 +- 0.1152
171,  0 | TrAcc: 0.6166, TrLoss:  1.15891, VaAcc: 0.6268, VaLoss:  1.29961	 10 sampled NNs | VaAcc: 0.4092 +- 0.0392 | VaLoss: 1.6874 +- 0.1421
172,  0 | TrAcc: 0.6204, TrLoss:  1.15005, VaAcc: 0.6249, VaLoss:  1.30052	 10 sampled NNs | VaAcc: 0.3850 +- 0.0674 | VaLoss: 1.7708 +- 0.2188
173,  0 | TrAcc: 0.6210, TrLoss:  1.15107, VaAcc: 0.6324, VaLoss:  1.27904	 10 sampled NNs | VaAcc: 0.4045 +- 0.0478 | VaLoss: 1.7317 +- 0.1806
174,  0 | TrAcc: 0.6227, TrLoss:  1.14691, VaAcc: 0.6290, VaLoss:  1.29309	 10 sampled NNs | VaAcc: 0.4130 +- 0.0467 | VaLoss: 1.6748 +- 0.1246
175,  0 | TrAcc: 0.6238, TrLoss:  1.13901, VaAcc: 0.6316, VaLoss:  1.28438	 10 sampled NNs | VaAcc: 0.3889 +- 0.0524 | VaLoss: 1.7842 +- 0.1879
176,  0 | TrAcc: 0.6245, TrLoss:  1.14023, VaAcc: 0.6362, VaLoss:  1.27735	 10 sampled NNs | VaAcc: 0.4332 +- 0.0449 | VaLoss: 1.6347 +- 0.1331
177,  0 | TrAcc: 0.6288, TrLoss:  1.13107, VaAcc: 0.6317, VaLoss:  1.28396	 10 sampled NNs | VaAcc: 0.4077 +- 0.0480 | VaLoss: 1.6946 +- 0.1403
178,  0 | TrAcc: 0.6258, TrLoss:  1.13566, VaAcc: 0.6353, VaLoss:  1.27361	 10 sampled NNs | VaAcc: 0.4150 +- 0.0317 | VaLoss: 1.6940 +- 0.0935
179,  0 | TrAcc: 0.6292, TrLoss:  1.13046, VaAcc: 0.6363, VaLoss:  1.27881	 10 sampled NNs | VaAcc: 0.3989 +- 0.0277 | VaLoss: 1.7290 +- 0.1136
180,  0 | TrAcc: 0.6293, TrLoss:  1.12581, VaAcc: 0.6380, VaLoss:  1.26508	 10 sampled NNs | VaAcc: 0.4310 +- 0.0447 | VaLoss: 1.6640 +- 0.1292
181,  0 | TrAcc: 0.6314, TrLoss:  1.12307, VaAcc: 0.6389, VaLoss:  1.27359	 10 sampled NNs | VaAcc: 0.4376 +- 0.0338 | VaLoss: 1.6265 +- 0.1110
182,  0 | TrAcc: 0.6329, TrLoss:  1.11758, VaAcc: 0.6371, VaLoss:  1.26994	 10 sampled NNs | VaAcc: 0.4190 +- 0.0390 | VaLoss: 1.6563 +- 0.1155
183,  0 | TrAcc: 0.6340, TrLoss:  1.11551, VaAcc: 0.6374, VaLoss:  1.26724	 10 sampled NNs | VaAcc: 0.4187 +- 0.0368 | VaLoss: 1.6633 +- 0.1082
184,  0 | TrAcc: 0.6364, TrLoss:  1.11037, VaAcc: 0.6392, VaLoss:  1.25744	 10 sampled NNs | VaAcc: 0.4396 +- 0.0340 | VaLoss: 1.6352 +- 0.1243
185,  0 | TrAcc: 0.6346, TrLoss:  1.11625, VaAcc: 0.6410, VaLoss:  1.26250	 10 sampled NNs | VaAcc: 0.4384 +- 0.0421 | VaLoss: 1.6475 +- 0.1426
186,  0 | TrAcc: 0.6372, TrLoss:  1.10923, VaAcc: 0.6416, VaLoss:  1.26080	 10 sampled NNs | VaAcc: 0.4420 +- 0.0256 | VaLoss: 1.6127 +- 0.0724
187,  0 | TrAcc: 0.6386, TrLoss:  1.10526, VaAcc: 0.6458, VaLoss:  1.24979	 10 sampled NNs | VaAcc: 0.4219 +- 0.0211 | VaLoss: 1.6659 +- 0.0831
188,  0 | TrAcc: 0.6391, TrLoss:  1.10044, VaAcc: 0.6485, VaLoss:  1.24173	 10 sampled NNs | VaAcc: 0.4441 +- 0.0306 | VaLoss: 1.5949 +- 0.0863
189,  0 | TrAcc: 0.6388, TrLoss:  1.10019, VaAcc: 0.6475, VaLoss:  1.25316	 10 sampled NNs | VaAcc: 0.4179 +- 0.0485 | VaLoss: 1.6960 +- 0.1693
190,  0 | TrAcc: 0.6397, TrLoss:  1.09893, VaAcc: 0.6498, VaLoss:  1.23662	 10 sampled NNs | VaAcc: 0.4238 +- 0.0326 | VaLoss: 1.6678 +- 0.1098
191,  0 | TrAcc: 0.6410, TrLoss:  1.09430, VaAcc: 0.6473, VaLoss:  1.24127	 10 sampled NNs | VaAcc: 0.4532 +- 0.0360 | VaLoss: 1.5857 +- 0.1391
192,  0 | TrAcc: 0.6423, TrLoss:  1.09136, VaAcc: 0.6466, VaLoss:  1.24969	 10 sampled NNs | VaAcc: 0.4447 +- 0.0311 | VaLoss: 1.6308 +- 0.1024
193,  0 | TrAcc: 0.6434, TrLoss:  1.08669, VaAcc: 0.6480, VaLoss:  1.24568	 10 sampled NNs | VaAcc: 0.4385 +- 0.0447 | VaLoss: 1.6352 +- 0.1321
194,  0 | TrAcc: 0.6442, TrLoss:  1.08677, VaAcc: 0.6517, VaLoss:  1.23803	 10 sampled NNs | VaAcc: 0.4572 +- 0.0306 | VaLoss: 1.5682 +- 0.0800
195,  0 | TrAcc: 0.6477, TrLoss:  1.07827, VaAcc: 0.6511, VaLoss:  1.23414	 10 sampled NNs | VaAcc: 0.4413 +- 0.0330 | VaLoss: 1.6065 +- 0.0829
196,  0 | TrAcc: 0.6459, TrLoss:  1.07906, VaAcc: 0.6478, VaLoss:  1.24746	 10 sampled NNs | VaAcc: 0.4225 +- 0.0430 | VaLoss: 1.7057 +- 0.1614
197,  0 | TrAcc: 0.6468, TrLoss:  1.08146, VaAcc: 0.6539, VaLoss:  1.22936	 10 sampled NNs | VaAcc: 0.4532 +- 0.0411 | VaLoss: 1.5710 +- 0.1426
198,  0 | TrAcc: 0.6462, TrLoss:  1.08090, VaAcc: 0.6549, VaLoss:  1.22878	 10 sampled NNs | VaAcc: 0.4215 +- 0.0478 | VaLoss: 1.6760 +- 0.1550
199,  0 | TrAcc: 0.6506, TrLoss:  1.07335, VaAcc: 0.6584, VaLoss:  1.22516	 10 sampled NNs | VaAcc: 0.4347 +- 0.0461 | VaLoss: 1.6564 +- 0.1753
12728.841354
----------------------------
