
=============================
CONFIG FILE

RNN CONFIG
{'data_multiplier': 10.0,
 'gradient_clip_value': 0.5,
 'layer_configs': [{'layer_type': 'input'},
                   {'bc': {'init_m': 'xavier',
                           'init_v': -4.5,
                           'prior_m': 0.0,
                           'prior_v': 0.0,
                           'type': 'continuous'},
                    'bf': {'init_m': 'xavier',
                           'init_v': -4.5,
                           'prior_m': 0.0,
                           'prior_v': 0.0,
                           'type': 'continuous'},
                    'bi': {'init_m': 'xavier',
                           'init_v': -4.5,
                           'prior_m': 0.0,
                           'prior_v': 0.0,
                           'type': 'continuous'},
                    'bo': {'init_m': 'xavier',
                           'init_v': -4.5,
                           'prior_m': 0.0,
                           'prior_v': 0.0,
                           'type': 'continuous'},
                    'init_config': {'c': {'b': 'all_zero', 'w': 'xavier'},
                                    'f': {'b': 'all_one', 'w': 'all_zero'},
                                    'i': {'b': 'all_zero', 'w': 'xavier'},
                                    'o': {'b': 'all_zero', 'w': 'xavier'}},
                    'is_output': False,
                    'is_recurrent': True,
                    'layer_type': 'lstm',
                    'tau': 0.2,
                    'var_scope': 'lstm_0',
                    'wc': {'pmax': 0.99,
                           'pmin': -0.99,
                           'priors': [0.5, 0.5],
                           'type': 'binary'},
                    'wf': {'pmax': 0.99,
                           'pmin': -0.99,
                           'priors': [0.5, 0.5],
                           'type': 'binary'},
                    'wi': {'pmax': 0.99,
                           'pmin': -0.99,
                           'priors': [0.5, 0.5],
                           'type': 'binary'},
                    'wo': {'pmax': 0.99,
                           'pmin': -0.99,
                           'priors': [0.5, 0.5],
                           'type': 'binary'}},
                   {'bc': {'init_m': 'xavier',
                           'init_v': -4.5,
                           'prior_m': 0.0,
                           'prior_v': 0.0,
                           'type': 'continuous'},
                    'bf': {'init_m': 'xavier',
                           'init_v': -4.5,
                           'prior_m': 0.0,
                           'prior_v': 0.0,
                           'type': 'continuous'},
                    'bi': {'init_m': 'xavier',
                           'init_v': -4.5,
                           'prior_m': 0.0,
                           'prior_v': 0.0,
                           'type': 'continuous'},
                    'bo': {'init_m': 'xavier',
                           'init_v': -4.5,
                           'prior_m': 0.0,
                           'prior_v': 0.0,
                           'type': 'continuous'},
                    'init_config': {'c': {'b': 'all_zero', 'w': 'xavier'},
                                    'f': {'b': 'all_one', 'w': 'all_zero'},
                                    'i': {'b': 'all_zero', 'w': 'xavier'},
                                    'o': {'b': 'all_zero', 'w': 'xavier'}},
                    'is_output': False,
                    'is_recurrent': True,
                    'layer_type': 'lstm',
                    'tau': 0.2,
                    'var_scope': 'lstm_1',
                    'wc': {'pmax': 0.99,
                           'pmin': -0.99,
                           'priors': [0.5, 0.5],
                           'type': 'binary'},
                    'wf': {'pmax': 0.99,
                           'pmin': -0.99,
                           'priors': [0.5, 0.5],
                           'type': 'binary'},
                    'wi': {'pmax': 0.99,
                           'pmin': -0.99,
                           'priors': [0.5, 0.5],
                           'type': 'binary'},
                    'wo': {'pmax': 0.99,
                           'pmin': -0.99,
                           'priors': [0.5, 0.5],
                           'type': 'binary'}},
                   {'b': {'init_m': 'xavier',
                          'init_v': -4.5,
                          'prior_m': 0.0,
                          'prior_v': 0.0,
                          'type': 'continuous'},
                    'is_output': True,
                    'is_recurrent': False,
                    'layer_type': 'fc',
                    'regularization': {'mode': None, 'strength': 0.02},
                    'tau': 0.2,
                    'var_scope': 'output_layer',
                    'w': {'pmax': 0.99,
                          'pmin': -0.99,
                          'priors': [0.5, 0.5],
                          'type': 'binary'}}],
 'layout': [4, 60, 60, 10],
 'output_type': 'classification'}

DATA CONFIG
{'dataset': 'red_penstroke',
 'tr': {'in_seq_len': 30,
        'minibatch_enabled': True,
        'minibatch_size': 1000,
        'out_seq_len': 5,
        'zero_padding': 20},
 'va': {'in_seq_len': 30,
        'minibatch_enabled': True,
        'minibatch_size': 1000,
        'out_seq_len': 5,
        'zero_padding': 20}}

TRAINING CONFIG
{'beta_reg': 0.3,
 'is_pretrain': False,
 'learning_rate': 0.001,
 'max_epochs': 200,
 'mode': {'max_epochs': 200, 'min_error': 0.0, 'name': 'classic'},
 'task_id': 1,
 'type': 'l_sampling',
 'var_reg': 0.0}
==============================


0.9394829917927178
pretraning is over
  0,  0 | TrAcc: 0.0993, TrLoss:  4.89482, VaAcc: 0.0983, VaLoss:  4.98571	 10 sampled NNs | VaAcc: 0.0955 +- 0.0082 | VaLoss: 5.9213 +- 0.3758
  1,  0 | TrAcc: 0.1020, TrLoss:  4.07232, VaAcc: 0.1012, VaLoss:  4.17991	 10 sampled NNs | VaAcc: 0.0994 +- 0.0057 | VaLoss: 5.1724 +- 0.2456
  2,  0 | TrAcc: 0.1063, TrLoss:  3.06571, VaAcc: 0.1046, VaLoss:  3.16652	 10 sampled NNs | VaAcc: 0.1017 +- 0.0090 | VaLoss: 4.3990 +- 0.5390
  3,  0 | TrAcc: 0.1120, TrLoss:  2.61713, VaAcc: 0.1071, VaLoss:  2.72511	 10 sampled NNs | VaAcc: 0.1062 +- 0.0108 | VaLoss: 3.8237 +- 0.3340
  4,  0 | TrAcc: 0.1166, TrLoss:  2.48286, VaAcc: 0.1121, VaLoss:  2.58529	 10 sampled NNs | VaAcc: 0.1127 +- 0.0074 | VaLoss: 3.3390 +- 0.3558
  5,  0 | TrAcc: 0.1218, TrLoss:  2.41611, VaAcc: 0.1133, VaLoss:  2.52757	 10 sampled NNs | VaAcc: 0.1032 +- 0.0100 | VaLoss: 3.3014 +- 0.5419
  6,  0 | TrAcc: 0.1254, TrLoss:  2.37909, VaAcc: 0.1162, VaLoss:  2.48572	 10 sampled NNs | VaAcc: 0.1074 +- 0.0119 | VaLoss: 2.9156 +- 0.2310
  7,  0 | TrAcc: 0.1289, TrLoss:  2.35267, VaAcc: 0.1181, VaLoss:  2.45835	 10 sampled NNs | VaAcc: 0.1082 +- 0.0106 | VaLoss: 2.8857 +- 0.3831
  8,  0 | TrAcc: 0.1336, TrLoss:  2.33122, VaAcc: 0.1232, VaLoss:  2.43651	 10 sampled NNs | VaAcc: 0.1094 +- 0.0181 | VaLoss: 2.9055 +- 0.2837
  9,  0 | TrAcc: 0.1373, TrLoss:  2.31563, VaAcc: 0.1201, VaLoss:  2.42754	 10 sampled NNs | VaAcc: 0.1172 +- 0.0142 | VaLoss: 2.6760 +- 0.2298
 10,  0 | TrAcc: 0.1398, TrLoss:  2.30528, VaAcc: 0.1244, VaLoss:  2.41099	 10 sampled NNs | VaAcc: 0.1181 +- 0.0114 | VaLoss: 2.5999 +- 0.1712
 11,  0 | TrAcc: 0.1437, TrLoss:  2.29501, VaAcc: 0.1255, VaLoss:  2.40150	 10 sampled NNs | VaAcc: 0.1139 +- 0.0085 | VaLoss: 2.6979 +- 0.2422
 12,  0 | TrAcc: 0.1449, TrLoss:  2.28546, VaAcc: 0.1250, VaLoss:  2.39247	 10 sampled NNs | VaAcc: 0.1195 +- 0.0092 | VaLoss: 2.5526 +- 0.2030
 13,  0 | TrAcc: 0.1447, TrLoss:  2.27899, VaAcc: 0.1293, VaLoss:  2.38218	 10 sampled NNs | VaAcc: 0.1247 +- 0.0163 | VaLoss: 2.6108 +- 0.2069
 14,  0 | TrAcc: 0.1478, TrLoss:  2.26679, VaAcc: 0.1280, VaLoss:  2.37213	 10 sampled NNs | VaAcc: 0.1150 +- 0.0141 | VaLoss: 2.6629 +- 0.3434
 15,  0 | TrAcc: 0.1514, TrLoss:  2.25247, VaAcc: 0.1326, VaLoss:  2.35629	 10 sampled NNs | VaAcc: 0.1224 +- 0.0088 | VaLoss: 2.5700 +- 0.1710
 16,  0 | TrAcc: 0.1561, TrLoss:  2.23402, VaAcc: 0.1413, VaLoss:  2.33353	 10 sampled NNs | VaAcc: 0.1166 +- 0.0105 | VaLoss: 2.4952 +- 0.0971
 17,  0 | TrAcc: 0.1626, TrLoss:  2.21416, VaAcc: 0.1520, VaLoss:  2.31017	 10 sampled NNs | VaAcc: 0.1179 +- 0.0146 | VaLoss: 2.6602 +- 0.3494
 18,  0 | TrAcc: 0.1720, TrLoss:  2.19531, VaAcc: 0.1632, VaLoss:  2.28835	 10 sampled NNs | VaAcc: 0.1217 +- 0.0189 | VaLoss: 2.5451 +- 0.2381
 19,  0 | TrAcc: 0.1825, TrLoss:  2.17348, VaAcc: 0.1770, VaLoss:  2.26279	 10 sampled NNs | VaAcc: 0.1375 +- 0.0237 | VaLoss: 2.5127 +- 0.3027
 20,  0 | TrAcc: 0.1957, TrLoss:  2.15071, VaAcc: 0.1917, VaLoss:  2.23585	 10 sampled NNs | VaAcc: 0.1444 +- 0.0203 | VaLoss: 2.5262 +- 0.1901
 21,  0 | TrAcc: 0.2076, TrLoss:  2.12980, VaAcc: 0.2065, VaLoss:  2.21423	 10 sampled NNs | VaAcc: 0.1251 +- 0.0197 | VaLoss: 2.4931 +- 0.1657
 22,  0 | TrAcc: 0.2197, TrLoss:  2.10376, VaAcc: 0.2181, VaLoss:  2.18674	 10 sampled NNs | VaAcc: 0.1310 +- 0.0182 | VaLoss: 2.5371 +- 0.2312
 23,  0 | TrAcc: 0.2336, TrLoss:  2.07452, VaAcc: 0.2339, VaLoss:  2.15339	 10 sampled NNs | VaAcc: 0.1413 +- 0.0260 | VaLoss: 2.5272 +- 0.1461
 24,  0 | TrAcc: 0.2504, TrLoss:  2.03478, VaAcc: 0.2512, VaLoss:  2.11320	 10 sampled NNs | VaAcc: 0.1656 +- 0.0319 | VaLoss: 2.6074 +- 0.5644
 25,  0 | TrAcc: 0.2678, TrLoss:  1.99090, VaAcc: 0.2692, VaLoss:  2.06323	 10 sampled NNs | VaAcc: 0.1450 +- 0.0141 | VaLoss: 2.5881 +- 0.2603
 26,  0 | TrAcc: 0.2838, TrLoss:  1.94711, VaAcc: 0.2869, VaLoss:  2.01415	 10 sampled NNs | VaAcc: 0.1440 +- 0.0182 | VaLoss: 2.5653 +- 0.2625
 27,  0 | TrAcc: 0.2945, TrLoss:  1.91458, VaAcc: 0.3003, VaLoss:  1.97503	 10 sampled NNs | VaAcc: 0.1642 +- 0.0215 | VaLoss: 2.4889 +- 0.2373
 28,  0 | TrAcc: 0.3035, TrLoss:  1.88512, VaAcc: 0.3116, VaLoss:  1.94512	 10 sampled NNs | VaAcc: 0.1834 +- 0.0330 | VaLoss: 2.4702 +- 0.2417
 29,  0 | TrAcc: 0.3106, TrLoss:  1.85850, VaAcc: 0.3216, VaLoss:  1.90562	 10 sampled NNs | VaAcc: 0.1850 +- 0.0301 | VaLoss: 2.3016 +- 0.1887
 30,  0 | TrAcc: 0.3199, TrLoss:  1.82594, VaAcc: 0.3323, VaLoss:  1.87066	 10 sampled NNs | VaAcc: 0.1945 +- 0.0253 | VaLoss: 2.3741 +- 0.1093
 31,  0 | TrAcc: 0.3288, TrLoss:  1.79499, VaAcc: 0.3418, VaLoss:  1.83923	 10 sampled NNs | VaAcc: 0.1928 +- 0.0221 | VaLoss: 2.3461 +- 0.1975
 32,  0 | TrAcc: 0.3367, TrLoss:  1.76947, VaAcc: 0.3470, VaLoss:  1.81675	 10 sampled NNs | VaAcc: 0.1995 +- 0.0377 | VaLoss: 2.3770 +- 0.2555
 33,  0 | TrAcc: 0.3482, TrLoss:  1.74205, VaAcc: 0.3548, VaLoss:  1.78840	 10 sampled NNs | VaAcc: 0.2047 +- 0.0262 | VaLoss: 2.4840 +- 0.2587
 34,  0 | TrAcc: 0.3597, TrLoss:  1.71309, VaAcc: 0.3732, VaLoss:  1.75217	 10 sampled NNs | VaAcc: 0.2014 +- 0.0274 | VaLoss: 2.2784 +- 0.1370
 35,  0 | TrAcc: 0.3714, TrLoss:  1.69072, VaAcc: 0.3833, VaLoss:  1.73482	 10 sampled NNs | VaAcc: 0.2157 +- 0.0421 | VaLoss: 2.5419 +- 0.4671
 36,  0 | TrAcc: 0.3819, TrLoss:  1.66445, VaAcc: 0.3934, VaLoss:  1.69995	 10 sampled NNs | VaAcc: 0.1978 +- 0.0197 | VaLoss: 2.4126 +- 0.1141
 37,  0 | TrAcc: 0.3945, TrLoss:  1.63763, VaAcc: 0.4013, VaLoss:  1.69137	 10 sampled NNs | VaAcc: 0.1982 +- 0.0440 | VaLoss: 2.4737 +- 0.2211
 38,  0 | TrAcc: 0.4026, TrLoss:  1.61805, VaAcc: 0.4152, VaLoss:  1.65946	 10 sampled NNs | VaAcc: 0.2239 +- 0.0312 | VaLoss: 2.2764 +- 0.1976
 39,  0 | TrAcc: 0.4157, TrLoss:  1.58763, VaAcc: 0.4304, VaLoss:  1.62761	 10 sampled NNs | VaAcc: 0.2337 +- 0.0360 | VaLoss: 2.2992 +- 0.2019
 40,  0 | TrAcc: 0.4229, TrLoss:  1.57549, VaAcc: 0.4337, VaLoss:  1.61858	 10 sampled NNs | VaAcc: 0.2290 +- 0.0364 | VaLoss: 2.4499 +- 0.2630
 41,  0 | TrAcc: 0.4331, TrLoss:  1.55123, VaAcc: 0.4462, VaLoss:  1.59124	 10 sampled NNs | VaAcc: 0.2171 +- 0.0413 | VaLoss: 2.5213 +- 0.3768
 42,  0 | TrAcc: 0.4406, TrLoss:  1.52793, VaAcc: 0.4524, VaLoss:  1.57212	 10 sampled NNs | VaAcc: 0.2582 +- 0.0424 | VaLoss: 2.3038 +- 0.3113
 43,  0 | TrAcc: 0.4474, TrLoss:  1.51425, VaAcc: 0.4611, VaLoss:  1.55893	 10 sampled NNs | VaAcc: 0.2431 +- 0.0396 | VaLoss: 2.3221 +- 0.2247
 44,  0 | TrAcc: 0.4553, TrLoss:  1.49798, VaAcc: 0.4679, VaLoss:  1.54425	 10 sampled NNs | VaAcc: 0.2702 +- 0.0491 | VaLoss: 2.3178 +- 0.3569
 45,  0 | TrAcc: 0.4620, TrLoss:  1.47777, VaAcc: 0.4765, VaLoss:  1.51927	 10 sampled NNs | VaAcc: 0.2145 +- 0.0481 | VaLoss: 2.6992 +- 0.4314
 46,  0 | TrAcc: 0.4699, TrLoss:  1.46289, VaAcc: 0.4803, VaLoss:  1.52007	 10 sampled NNs | VaAcc: 0.2395 +- 0.0385 | VaLoss: 2.4847 +- 0.2896
 47,  0 | TrAcc: 0.4771, TrLoss:  1.44908, VaAcc: 0.4894, VaLoss:  1.49942	 10 sampled NNs | VaAcc: 0.2672 +- 0.0483 | VaLoss: 2.2906 +- 0.3600
 48,  0 | TrAcc: 0.4824, TrLoss:  1.43512, VaAcc: 0.4932, VaLoss:  1.48855	 10 sampled NNs | VaAcc: 0.2400 +- 0.0534 | VaLoss: 2.4506 +- 0.3810
 49,  0 | TrAcc: 0.4924, TrLoss:  1.41513, VaAcc: 0.5039, VaLoss:  1.46760	 10 sampled NNs | VaAcc: 0.2654 +- 0.0302 | VaLoss: 2.3228 +- 0.4132
 50,  0 | TrAcc: 0.4965, TrLoss:  1.40373, VaAcc: 0.5052, VaLoss:  1.46346	 10 sampled NNs | VaAcc: 0.2494 +- 0.0540 | VaLoss: 2.5025 +- 0.3280
 51,  0 | TrAcc: 0.5005, TrLoss:  1.39240, VaAcc: 0.5130, VaLoss:  1.44789	 10 sampled NNs | VaAcc: 0.2659 +- 0.0199 | VaLoss: 2.3088 +- 0.1457
 52,  0 | TrAcc: 0.5089, TrLoss:  1.37617, VaAcc: 0.5189, VaLoss:  1.43030	 10 sampled NNs | VaAcc: 0.2478 +- 0.0273 | VaLoss: 2.4587 +- 0.3779
 53,  0 | TrAcc: 0.5156, TrLoss:  1.36661, VaAcc: 0.5309, VaLoss:  1.41307	 10 sampled NNs | VaAcc: 0.2658 +- 0.0399 | VaLoss: 2.3370 +- 0.3151
 54,  0 | TrAcc: 0.5220, TrLoss:  1.35192, VaAcc: 0.5329, VaLoss:  1.40613	 10 sampled NNs | VaAcc: 0.2972 +- 0.0436 | VaLoss: 2.1943 +- 0.3317
 55,  0 | TrAcc: 0.5296, TrLoss:  1.33258, VaAcc: 0.5393, VaLoss:  1.39161	 10 sampled NNs | VaAcc: 0.2476 +- 0.0357 | VaLoss: 2.4062 +- 0.1658
 56,  0 | TrAcc: 0.5327, TrLoss:  1.32695, VaAcc: 0.5432, VaLoss:  1.38761	 10 sampled NNs | VaAcc: 0.2764 +- 0.0349 | VaLoss: 2.3151 +- 0.2957
 57,  0 | TrAcc: 0.5402, TrLoss:  1.31254, VaAcc: 0.5493, VaLoss:  1.37967	 10 sampled NNs | VaAcc: 0.2821 +- 0.0418 | VaLoss: 2.2956 +- 0.2838
 58,  0 | TrAcc: 0.5437, TrLoss:  1.30378, VaAcc: 0.5574, VaLoss:  1.35519	 10 sampled NNs | VaAcc: 0.2982 +- 0.0373 | VaLoss: 2.1957 +- 0.2128
 59,  0 | TrAcc: 0.5493, TrLoss:  1.29145, VaAcc: 0.5611, VaLoss:  1.35156	 10 sampled NNs | VaAcc: 0.2720 +- 0.0326 | VaLoss: 2.3692 +- 0.2889
 60,  0 | TrAcc: 0.5560, TrLoss:  1.27904, VaAcc: 0.5688, VaLoss:  1.33710	 10 sampled NNs | VaAcc: 0.3121 +- 0.0394 | VaLoss: 2.0927 +- 0.1606
 61,  0 | TrAcc: 0.5604, TrLoss:  1.26758, VaAcc: 0.5703, VaLoss:  1.33102	 10 sampled NNs | VaAcc: 0.2944 +- 0.0453 | VaLoss: 2.2291 +- 0.2218
 62,  0 | TrAcc: 0.5654, TrLoss:  1.25568, VaAcc: 0.5790, VaLoss:  1.31525	 10 sampled NNs | VaAcc: 0.3224 +- 0.0362 | VaLoss: 2.1222 +- 0.1932
 63,  0 | TrAcc: 0.5718, TrLoss:  1.23914, VaAcc: 0.5896, VaLoss:  1.29250	 10 sampled NNs | VaAcc: 0.3212 +- 0.0322 | VaLoss: 2.1083 +- 0.2541
 64,  0 | TrAcc: 0.5766, TrLoss:  1.22714, VaAcc: 0.5906, VaLoss:  1.28759	 10 sampled NNs | VaAcc: 0.3018 +- 0.0662 | VaLoss: 2.2761 +- 0.4324
 65,  0 | TrAcc: 0.5804, TrLoss:  1.22183, VaAcc: 0.5944, VaLoss:  1.27643	 10 sampled NNs | VaAcc: 0.3391 +- 0.0613 | VaLoss: 2.0281 +- 0.3252
 66,  0 | TrAcc: 0.5841, TrLoss:  1.21031, VaAcc: 0.6004, VaLoss:  1.26935	 10 sampled NNs | VaAcc: 0.3118 +- 0.0439 | VaLoss: 2.1494 +- 0.2626
 67,  0 | TrAcc: 0.5912, TrLoss:  1.19300, VaAcc: 0.5990, VaLoss:  1.26966	 10 sampled NNs | VaAcc: 0.3214 +- 0.0538 | VaLoss: 2.1452 +- 0.3770
 68,  0 | TrAcc: 0.5949, TrLoss:  1.18574, VaAcc: 0.6091, VaLoss:  1.24209	 10 sampled NNs | VaAcc: 0.3219 +- 0.0493 | VaLoss: 2.1130 +- 0.1459
 69,  0 | TrAcc: 0.5996, TrLoss:  1.17698, VaAcc: 0.6107, VaLoss:  1.24771	 10 sampled NNs | VaAcc: 0.3249 +- 0.0377 | VaLoss: 2.1570 +- 0.2453
 70,  0 | TrAcc: 0.6030, TrLoss:  1.16939, VaAcc: 0.6158, VaLoss:  1.22756	 10 sampled NNs | VaAcc: 0.3549 +- 0.0347 | VaLoss: 2.0095 +- 0.1926
 71,  0 | TrAcc: 0.6072, TrLoss:  1.15714, VaAcc: 0.6151, VaLoss:  1.23298	 10 sampled NNs | VaAcc: 0.3394 +- 0.0337 | VaLoss: 2.1352 +- 0.2410
 72,  0 | TrAcc: 0.6102, TrLoss:  1.14919, VaAcc: 0.6166, VaLoss:  1.22324	 10 sampled NNs | VaAcc: 0.3367 +- 0.0371 | VaLoss: 2.0919 +- 0.2905
 73,  0 | TrAcc: 0.6133, TrLoss:  1.14005, VaAcc: 0.6258, VaLoss:  1.20800	 10 sampled NNs | VaAcc: 0.3305 +- 0.0599 | VaLoss: 2.2208 +- 0.5508
 74,  0 | TrAcc: 0.6176, TrLoss:  1.13217, VaAcc: 0.6282, VaLoss:  1.20709	 10 sampled NNs | VaAcc: 0.3451 +- 0.0411 | VaLoss: 2.0324 +- 0.1143
 75,  0 | TrAcc: 0.6219, TrLoss:  1.12047, VaAcc: 0.6317, VaLoss:  1.19456	 10 sampled NNs | VaAcc: 0.3358 +- 0.0426 | VaLoss: 2.0701 +- 0.2438
 76,  0 | TrAcc: 0.6242, TrLoss:  1.11443, VaAcc: 0.6313, VaLoss:  1.19365	 10 sampled NNs | VaAcc: 0.3663 +- 0.0275 | VaLoss: 1.9959 +- 0.1874
 77,  0 | TrAcc: 0.6248, TrLoss:  1.11062, VaAcc: 0.6362, VaLoss:  1.18037	 10 sampled NNs | VaAcc: 0.3737 +- 0.0321 | VaLoss: 1.9576 +- 0.1559
 78,  0 | TrAcc: 0.6289, TrLoss:  1.09867, VaAcc: 0.6389, VaLoss:  1.17377	 10 sampled NNs | VaAcc: 0.3365 +- 0.0606 | VaLoss: 2.1541 +- 0.3613
 79,  0 | TrAcc: 0.6312, TrLoss:  1.09664, VaAcc: 0.6378, VaLoss:  1.17949	 10 sampled NNs | VaAcc: 0.3800 +- 0.0556 | VaLoss: 1.9283 +- 0.2044
 80,  0 | TrAcc: 0.6332, TrLoss:  1.09220, VaAcc: 0.6401, VaLoss:  1.16670	 10 sampled NNs | VaAcc: 0.3576 +- 0.0590 | VaLoss: 2.1857 +- 0.4082
 81,  0 | TrAcc: 0.6358, TrLoss:  1.08548, VaAcc: 0.6417, VaLoss:  1.17347	 10 sampled NNs | VaAcc: 0.3794 +- 0.0407 | VaLoss: 1.9648 +- 0.2440
 82,  0 | TrAcc: 0.6387, TrLoss:  1.07517, VaAcc: 0.6480, VaLoss:  1.15551	 10 sampled NNs | VaAcc: 0.3664 +- 0.0410 | VaLoss: 1.9453 +- 0.1960
 83,  0 | TrAcc: 0.6397, TrLoss:  1.07505, VaAcc: 0.6470, VaLoss:  1.16165	 10 sampled NNs | VaAcc: 0.3666 +- 0.0543 | VaLoss: 2.0343 +- 0.3058
 84,  0 | TrAcc: 0.6427, TrLoss:  1.06615, VaAcc: 0.6514, VaLoss:  1.14865	 10 sampled NNs | VaAcc: 0.3701 +- 0.0421 | VaLoss: 2.0143 +- 0.2437
 85,  0 | TrAcc: 0.6461, TrLoss:  1.05916, VaAcc: 0.6541, VaLoss:  1.13688	 10 sampled NNs | VaAcc: 0.3940 +- 0.0743 | VaLoss: 1.9344 +- 0.4630
 86,  0 | TrAcc: 0.6466, TrLoss:  1.05451, VaAcc: 0.6554, VaLoss:  1.13492	 10 sampled NNs | VaAcc: 0.3873 +- 0.0413 | VaLoss: 1.9192 +- 0.1949
 87,  0 | TrAcc: 0.6481, TrLoss:  1.04961, VaAcc: 0.6564, VaLoss:  1.13110	 10 sampled NNs | VaAcc: 0.3945 +- 0.0362 | VaLoss: 1.8763 +- 0.2007
 88,  0 | TrAcc: 0.6505, TrLoss:  1.04164, VaAcc: 0.6621, VaLoss:  1.12078	 10 sampled NNs | VaAcc: 0.3650 +- 0.0505 | VaLoss: 2.1317 +- 0.2738
 89,  0 | TrAcc: 0.6527, TrLoss:  1.03593, VaAcc: 0.6557, VaLoss:  1.13212	 10 sampled NNs | VaAcc: 0.3738 +- 0.0490 | VaLoss: 2.0329 +- 0.3047
 90,  0 | TrAcc: 0.6533, TrLoss:  1.03553, VaAcc: 0.6606, VaLoss:  1.11974	 10 sampled NNs | VaAcc: 0.4137 +- 0.0474 | VaLoss: 1.8031 +- 0.3169
 91,  0 | TrAcc: 0.6554, TrLoss:  1.02848, VaAcc: 0.6622, VaLoss:  1.12065	 10 sampled NNs | VaAcc: 0.4181 +- 0.0496 | VaLoss: 1.8237 +- 0.2856
 92,  0 | TrAcc: 0.6564, TrLoss:  1.02851, VaAcc: 0.6632, VaLoss:  1.11491	 10 sampled NNs | VaAcc: 0.3929 +- 0.0540 | VaLoss: 1.9525 +- 0.3119
 93,  0 | TrAcc: 0.6591, TrLoss:  1.02087, VaAcc: 0.6692, VaLoss:  1.10670	 10 sampled NNs | VaAcc: 0.4153 +- 0.0577 | VaLoss: 1.7901 +- 0.2670
 94,  0 | TrAcc: 0.6604, TrLoss:  1.02051, VaAcc: 0.6647, VaLoss:  1.10814	 10 sampled NNs | VaAcc: 0.3770 +- 0.0480 | VaLoss: 1.9490 +- 0.2544
 95,  0 | TrAcc: 0.6597, TrLoss:  1.01659, VaAcc: 0.6717, VaLoss:  1.09425	 10 sampled NNs | VaAcc: 0.4025 +- 0.0462 | VaLoss: 1.8883 +- 0.2828
 96,  0 | TrAcc: 0.6637, TrLoss:  1.00776, VaAcc: 0.6709, VaLoss:  1.09678	 10 sampled NNs | VaAcc: 0.4148 +- 0.0335 | VaLoss: 1.7746 +- 0.1391
 97,  0 | TrAcc: 0.6644, TrLoss:  1.00298, VaAcc: 0.6704, VaLoss:  1.09565	 10 sampled NNs | VaAcc: 0.3952 +- 0.0601 | VaLoss: 1.9850 +- 0.4437
 98,  0 | TrAcc: 0.6646, TrLoss:  1.00094, VaAcc: 0.6738, VaLoss:  1.08835	 10 sampled NNs | VaAcc: 0.4044 +- 0.0370 | VaLoss: 1.8864 +- 0.2264
 99,  0 | TrAcc: 0.6677, TrLoss:  0.99559, VaAcc: 0.6710, VaLoss:  1.09841	 10 sampled NNs | VaAcc: 0.4036 +- 0.0295 | VaLoss: 1.8322 +- 0.1357
100,  0 | TrAcc: 0.6675, TrLoss:  0.99310, VaAcc: 0.6754, VaLoss:  1.08982	 10 sampled NNs | VaAcc: 0.4032 +- 0.0495 | VaLoss: 1.8874 +- 0.2550
101,  0 | TrAcc: 0.6708, TrLoss:  0.98439, VaAcc: 0.6744, VaLoss:  1.08521	 10 sampled NNs | VaAcc: 0.4370 +- 0.0365 | VaLoss: 1.7657 +- 0.2478
102,  0 | TrAcc: 0.6719, TrLoss:  0.98339, VaAcc: 0.6818, VaLoss:  1.06825	 10 sampled NNs | VaAcc: 0.4503 +- 0.0411 | VaLoss: 1.6788 +- 0.1359
103,  0 | TrAcc: 0.6733, TrLoss:  0.98104, VaAcc: 0.6803, VaLoss:  1.07731	 10 sampled NNs | VaAcc: 0.4281 +- 0.0295 | VaLoss: 1.7950 +- 0.1225
104,  0 | TrAcc: 0.6750, TrLoss:  0.97232, VaAcc: 0.6825, VaLoss:  1.06523	 10 sampled NNs | VaAcc: 0.4257 +- 0.0449 | VaLoss: 1.7827 +- 0.1982
105,  0 | TrAcc: 0.6751, TrLoss:  0.97350, VaAcc: 0.6766, VaLoss:  1.08309	 10 sampled NNs | VaAcc: 0.4326 +- 0.0427 | VaLoss: 1.7425 +- 0.1653
106,  0 | TrAcc: 0.6759, TrLoss:  0.97167, VaAcc: 0.6863, VaLoss:  1.05801	 10 sampled NNs | VaAcc: 0.4383 +- 0.0639 | VaLoss: 1.6947 +- 0.2399
107,  0 | TrAcc: 0.6761, TrLoss:  0.97179, VaAcc: 0.6888, VaLoss:  1.05523	 10 sampled NNs | VaAcc: 0.4496 +- 0.0145 | VaLoss: 1.7052 +- 0.1091
108,  0 | TrAcc: 0.6763, TrLoss:  0.96851, VaAcc: 0.6825, VaLoss:  1.06511	 10 sampled NNs | VaAcc: 0.4904 +- 0.0344 | VaLoss: 1.5400 +- 0.1583
109,  0 | TrAcc: 0.6806, TrLoss:  0.95768, VaAcc: 0.6853, VaLoss:  1.05950	 10 sampled NNs | VaAcc: 0.4163 +- 0.0486 | VaLoss: 1.8859 +- 0.2660
110,  0 | TrAcc: 0.6797, TrLoss:  0.96051, VaAcc: 0.6864, VaLoss:  1.05231	 10 sampled NNs | VaAcc: 0.4234 +- 0.0471 | VaLoss: 1.8325 +- 0.2504
111,  0 | TrAcc: 0.6824, TrLoss:  0.95388, VaAcc: 0.6878, VaLoss:  1.04740	 10 sampled NNs | VaAcc: 0.4375 +- 0.0445 | VaLoss: 1.8226 +- 0.2824
112,  0 | TrAcc: 0.6837, TrLoss:  0.94760, VaAcc: 0.6901, VaLoss:  1.04487	 10 sampled NNs | VaAcc: 0.4379 +- 0.0391 | VaLoss: 1.6968 +- 0.1559
113,  0 | TrAcc: 0.6827, TrLoss:  0.94880, VaAcc: 0.6914, VaLoss:  1.04363	 10 sampled NNs | VaAcc: 0.4533 +- 0.0469 | VaLoss: 1.6981 +- 0.2234
114,  0 | TrAcc: 0.6849, TrLoss:  0.94399, VaAcc: 0.6922, VaLoss:  1.04662	 10 sampled NNs | VaAcc: 0.4674 +- 0.0421 | VaLoss: 1.6160 +- 0.1724
115,  0 | TrAcc: 0.6881, TrLoss:  0.93879, VaAcc: 0.6870, VaLoss:  1.05270	 10 sampled NNs | VaAcc: 0.4553 +- 0.0646 | VaLoss: 1.6970 +- 0.2568
116,  0 | TrAcc: 0.6892, TrLoss:  0.93433, VaAcc: 0.6949, VaLoss:  1.03881	 10 sampled NNs | VaAcc: 0.4686 +- 0.0305 | VaLoss: 1.5844 +- 0.0989
117,  0 | TrAcc: 0.6885, TrLoss:  0.93820, VaAcc: 0.6931, VaLoss:  1.03783	 10 sampled NNs | VaAcc: 0.4310 +- 0.0627 | VaLoss: 1.8295 +- 0.2772
118,  0 | TrAcc: 0.6902, TrLoss:  0.93001, VaAcc: 0.6943, VaLoss:  1.03995	 10 sampled NNs | VaAcc: 0.4643 +- 0.0343 | VaLoss: 1.6698 +- 0.2027
119,  0 | TrAcc: 0.6901, TrLoss:  0.93026, VaAcc: 0.6922, VaLoss:  1.04318	 10 sampled NNs | VaAcc: 0.4590 +- 0.0583 | VaLoss: 1.7216 +- 0.2788
120,  0 | TrAcc: 0.6922, TrLoss:  0.92721, VaAcc: 0.7003, VaLoss:  1.02091	 10 sampled NNs | VaAcc: 0.4134 +- 0.0499 | VaLoss: 1.8798 +- 0.2944
121,  0 | TrAcc: 0.6915, TrLoss:  0.92469, VaAcc: 0.6956, VaLoss:  1.03313	 10 sampled NNs | VaAcc: 0.4522 +- 0.0275 | VaLoss: 1.6979 +- 0.1224
122,  0 | TrAcc: 0.6960, TrLoss:  0.91276, VaAcc: 0.6946, VaLoss:  1.03928	 10 sampled NNs | VaAcc: 0.4484 +- 0.0279 | VaLoss: 1.6900 +- 0.1551
123,  0 | TrAcc: 0.6933, TrLoss:  0.92052, VaAcc: 0.6973, VaLoss:  1.03489	 10 sampled NNs | VaAcc: 0.4864 +- 0.0411 | VaLoss: 1.5486 +- 0.1500
124,  0 | TrAcc: 0.6957, TrLoss:  0.91418, VaAcc: 0.6994, VaLoss:  1.02374	 10 sampled NNs | VaAcc: 0.4895 +- 0.0395 | VaLoss: 1.5662 +- 0.2028
125,  0 | TrAcc: 0.6965, TrLoss:  0.91394, VaAcc: 0.6994, VaLoss:  1.02710	 10 sampled NNs | VaAcc: 0.4553 +- 0.0383 | VaLoss: 1.7182 +- 0.2780
126,  0 | TrAcc: 0.6989, TrLoss:  0.90578, VaAcc: 0.7014, VaLoss:  1.01959	 10 sampled NNs | VaAcc: 0.4890 +- 0.0517 | VaLoss: 1.5771 +- 0.2489
127,  0 | TrAcc: 0.6975, TrLoss:  0.90752, VaAcc: 0.6996, VaLoss:  1.02109	 10 sampled NNs | VaAcc: 0.4494 +- 0.0417 | VaLoss: 1.7351 +- 0.2241
128,  0 | TrAcc: 0.6988, TrLoss:  0.90903, VaAcc: 0.7080, VaLoss:  1.00159	 10 sampled NNs | VaAcc: 0.4777 +- 0.0284 | VaLoss: 1.6105 +- 0.1088
129,  0 | TrAcc: 0.6983, TrLoss:  0.90775, VaAcc: 0.7066, VaLoss:  1.00360	 10 sampled NNs | VaAcc: 0.4548 +- 0.0507 | VaLoss: 1.7383 +- 0.2732
130,  0 | TrAcc: 0.7004, TrLoss:  0.89897, VaAcc: 0.7031, VaLoss:  1.01763	 10 sampled NNs | VaAcc: 0.4569 +- 0.0401 | VaLoss: 1.7379 +- 0.3077
131,  0 | TrAcc: 0.7028, TrLoss:  0.89601, VaAcc: 0.7000, VaLoss:  1.01814	 10 sampled NNs | VaAcc: 0.5000 +- 0.0536 | VaLoss: 1.4883 +- 0.1763
132,  0 | TrAcc: 0.7021, TrLoss:  0.89544, VaAcc: 0.7029, VaLoss:  1.01473	 10 sampled NNs | VaAcc: 0.5030 +- 0.0274 | VaLoss: 1.5193 +- 0.0877
133,  0 | TrAcc: 0.7023, TrLoss:  0.89483, VaAcc: 0.7045, VaLoss:  1.01379	 10 sampled NNs | VaAcc: 0.4875 +- 0.0570 | VaLoss: 1.5683 +- 0.2576
134,  0 | TrAcc: 0.7048, TrLoss:  0.88783, VaAcc: 0.7039, VaLoss:  1.00815	 10 sampled NNs | VaAcc: 0.4950 +- 0.0456 | VaLoss: 1.5467 +- 0.2565
135,  0 | TrAcc: 0.7060, TrLoss:  0.88473, VaAcc: 0.7075, VaLoss:  0.99961	 10 sampled NNs | VaAcc: 0.5157 +- 0.0380 | VaLoss: 1.4589 +- 0.1676
136,  0 | TrAcc: 0.7040, TrLoss:  0.89107, VaAcc: 0.7050, VaLoss:  1.01701	 10 sampled NNs | VaAcc: 0.5137 +- 0.0562 | VaLoss: 1.4641 +- 0.1951
137,  0 | TrAcc: 0.7079, TrLoss:  0.88099, VaAcc: 0.7110, VaLoss:  0.99682	 10 sampled NNs | VaAcc: 0.5053 +- 0.0423 | VaLoss: 1.4425 +- 0.1283
138,  0 | TrAcc: 0.7061, TrLoss:  0.88369, VaAcc: 0.7059, VaLoss:  1.00086	 10 sampled NNs | VaAcc: 0.4971 +- 0.0765 | VaLoss: 1.6834 +- 0.6775
139,  0 | TrAcc: 0.7081, TrLoss:  0.87851, VaAcc: 0.7104, VaLoss:  0.99985	 10 sampled NNs | VaAcc: 0.5282 +- 0.0506 | VaLoss: 1.4173 +- 0.1898
140,  0 | TrAcc: 0.7095, TrLoss:  0.87484, VaAcc: 0.7116, VaLoss:  1.00020	 10 sampled NNs | VaAcc: 0.4997 +- 0.0434 | VaLoss: 1.5722 +- 0.2536
141,  0 | TrAcc: 0.7087, TrLoss:  0.87555, VaAcc: 0.7148, VaLoss:  0.99595	 10 sampled NNs | VaAcc: 0.4771 +- 0.0537 | VaLoss: 1.6466 +- 0.2228
142,  0 | TrAcc: 0.7107, TrLoss:  0.87207, VaAcc: 0.7083, VaLoss:  1.00511	 10 sampled NNs | VaAcc: 0.5105 +- 0.0414 | VaLoss: 1.5074 +- 0.2219
143,  0 | TrAcc: 0.7121, TrLoss:  0.86576, VaAcc: 0.7150, VaLoss:  0.98197	 10 sampled NNs | VaAcc: 0.4867 +- 0.0279 | VaLoss: 1.5935 +- 0.1156
144,  0 | TrAcc: 0.7115, TrLoss:  0.86811, VaAcc: 0.7154, VaLoss:  0.98714	 10 sampled NNs | VaAcc: 0.4974 +- 0.0361 | VaLoss: 1.5637 +- 0.1833
145,  0 | TrAcc: 0.7135, TrLoss:  0.86487, VaAcc: 0.7161, VaLoss:  0.98487	 10 sampled NNs | VaAcc: 0.5225 +- 0.0440 | VaLoss: 1.4235 +- 0.1913
146,  0 | TrAcc: 0.7141, TrLoss:  0.86146, VaAcc: 0.7158, VaLoss:  0.98306	 10 sampled NNs | VaAcc: 0.5121 +- 0.0486 | VaLoss: 1.4714 +- 0.1842
147,  0 | TrAcc: 0.7151, TrLoss:  0.86210, VaAcc: 0.7126, VaLoss:  0.99871	 10 sampled NNs | VaAcc: 0.5101 +- 0.0290 | VaLoss: 1.4567 +- 0.0951
148,  0 | TrAcc: 0.7154, TrLoss:  0.85880, VaAcc: 0.7111, VaLoss:  0.99802	 10 sampled NNs | VaAcc: 0.5149 +- 0.0516 | VaLoss: 1.4708 +- 0.1831
149,  0 | TrAcc: 0.7126, TrLoss:  0.86677, VaAcc: 0.7171, VaLoss:  0.97878	 10 sampled NNs | VaAcc: 0.4938 +- 0.0263 | VaLoss: 1.5787 +- 0.1567
150,  0 | TrAcc: 0.7157, TrLoss:  0.85921, VaAcc: 0.7197, VaLoss:  0.98385	 10 sampled NNs | VaAcc: 0.5139 +- 0.0372 | VaLoss: 1.4959 +- 0.1458
151,  0 | TrAcc: 0.7181, TrLoss:  0.85115, VaAcc: 0.7212, VaLoss:  0.97237	 10 sampled NNs | VaAcc: 0.5353 +- 0.0501 | VaLoss: 1.4226 +- 0.1732
152,  0 | TrAcc: 0.7175, TrLoss:  0.85026, VaAcc: 0.7211, VaLoss:  0.97058	 10 sampled NNs | VaAcc: 0.5190 +- 0.0476 | VaLoss: 1.5297 +- 0.2287
153,  0 | TrAcc: 0.7185, TrLoss:  0.85217, VaAcc: 0.7173, VaLoss:  0.98448	 10 sampled NNs | VaAcc: 0.5226 +- 0.0462 | VaLoss: 1.4371 +- 0.1639
154,  0 | TrAcc: 0.7193, TrLoss:  0.84688, VaAcc: 0.7206, VaLoss:  0.97779	 10 sampled NNs | VaAcc: 0.5085 +- 0.0485 | VaLoss: 1.4997 +- 0.2006
155,  0 | TrAcc: 0.7177, TrLoss:  0.84956, VaAcc: 0.7158, VaLoss:  0.98822	 10 sampled NNs | VaAcc: 0.5233 +- 0.0226 | VaLoss: 1.4379 +- 0.1144
156,  0 | TrAcc: 0.7191, TrLoss:  0.84563, VaAcc: 0.7200, VaLoss:  0.97439	 10 sampled NNs | VaAcc: 0.5204 +- 0.0426 | VaLoss: 1.4538 +- 0.1234
157,  0 | TrAcc: 0.7208, TrLoss:  0.84204, VaAcc: 0.7201, VaLoss:  0.97439	 10 sampled NNs | VaAcc: 0.5282 +- 0.0463 | VaLoss: 1.4143 +- 0.1578
158,  0 | TrAcc: 0.7216, TrLoss:  0.84118, VaAcc: 0.7182, VaLoss:  0.97679	 10 sampled NNs | VaAcc: 0.5152 +- 0.0275 | VaLoss: 1.4725 +- 0.1143
159,  0 | TrAcc: 0.7194, TrLoss:  0.84513, VaAcc: 0.7213, VaLoss:  0.97118	 10 sampled NNs | VaAcc: 0.5254 +- 0.0412 | VaLoss: 1.4392 +- 0.1395
160,  0 | TrAcc: 0.7243, TrLoss:  0.83487, VaAcc: 0.7229, VaLoss:  0.97718	 10 sampled NNs | VaAcc: 0.5140 +- 0.0494 | VaLoss: 1.5047 +- 0.1733
161,  0 | TrAcc: 0.7205, TrLoss:  0.84442, VaAcc: 0.7234, VaLoss:  0.96166	 10 sampled NNs | VaAcc: 0.4968 +- 0.0720 | VaLoss: 1.6275 +- 0.4510
162,  0 | TrAcc: 0.7236, TrLoss:  0.83667, VaAcc: 0.7252, VaLoss:  0.96587	 10 sampled NNs | VaAcc: 0.5266 +- 0.0489 | VaLoss: 1.4276 +- 0.1739
163,  0 | TrAcc: 0.7247, TrLoss:  0.83157, VaAcc: 0.7240, VaLoss:  0.96668	 10 sampled NNs | VaAcc: 0.5160 +- 0.0347 | VaLoss: 1.5092 +- 0.1633
164,  0 | TrAcc: 0.7228, TrLoss:  0.83287, VaAcc: 0.7222, VaLoss:  0.97106	 10 sampled NNs | VaAcc: 0.5284 +- 0.0429 | VaLoss: 1.4083 +- 0.1434
165,  0 | TrAcc: 0.7240, TrLoss:  0.83429, VaAcc: 0.7262, VaLoss:  0.95955	 10 sampled NNs | VaAcc: 0.5355 +- 0.0590 | VaLoss: 1.4544 +- 0.2847
166,  0 | TrAcc: 0.7246, TrLoss:  0.82994, VaAcc: 0.7219, VaLoss:  0.97643	 10 sampled NNs | VaAcc: 0.5326 +- 0.0545 | VaLoss: 1.4179 +- 0.2203
167,  0 | TrAcc: 0.7267, TrLoss:  0.82668, VaAcc: 0.7293, VaLoss:  0.95250	 10 sampled NNs | VaAcc: 0.5412 +- 0.0263 | VaLoss: 1.3718 +- 0.0968
168,  0 | TrAcc: 0.7273, TrLoss:  0.82672, VaAcc: 0.7258, VaLoss:  0.96688	 10 sampled NNs | VaAcc: 0.5527 +- 0.0365 | VaLoss: 1.3316 +- 0.1288
169,  0 | TrAcc: 0.7287, TrLoss:  0.82395, VaAcc: 0.7285, VaLoss:  0.95911	 10 sampled NNs | VaAcc: 0.5527 +- 0.0398 | VaLoss: 1.3611 +- 0.1682
170,  0 | TrAcc: 0.7270, TrLoss:  0.82470, VaAcc: 0.7288, VaLoss:  0.95799	 10 sampled NNs | VaAcc: 0.5537 +- 0.0393 | VaLoss: 1.3689 +- 0.1556
171,  0 | TrAcc: 0.7265, TrLoss:  0.82253, VaAcc: 0.7238, VaLoss:  0.96543	 10 sampled NNs | VaAcc: 0.5515 +- 0.0529 | VaLoss: 1.3203 +- 0.1856
172,  0 | TrAcc: 0.7286, TrLoss:  0.81789, VaAcc: 0.7274, VaLoss:  0.95854	 10 sampled NNs | VaAcc: 0.5714 +- 0.0292 | VaLoss: 1.2752 +- 0.1017
173,  0 | TrAcc: 0.7303, TrLoss:  0.81565, VaAcc: 0.7276, VaLoss:  0.95480	 10 sampled NNs | VaAcc: 0.5442 +- 0.0496 | VaLoss: 1.3660 +- 0.1754
174,  0 | TrAcc: 0.7298, TrLoss:  0.81942, VaAcc: 0.7257, VaLoss:  0.97072	 10 sampled NNs | VaAcc: 0.5236 +- 0.0497 | VaLoss: 1.4473 +- 0.2006
175,  0 | TrAcc: 0.7314, TrLoss:  0.81196, VaAcc: 0.7325, VaLoss:  0.94736	 10 sampled NNs | VaAcc: 0.5429 +- 0.0590 | VaLoss: 1.4295 +- 0.2549
176,  0 | TrAcc: 0.7292, TrLoss:  0.81713, VaAcc: 0.7284, VaLoss:  0.95058	 10 sampled NNs | VaAcc: 0.5349 +- 0.0427 | VaLoss: 1.4502 +- 0.2255
177,  0 | TrAcc: 0.7308, TrLoss:  0.81315, VaAcc: 0.7287, VaLoss:  0.96390	 10 sampled NNs | VaAcc: 0.5427 +- 0.0294 | VaLoss: 1.3768 +- 0.0943
178,  0 | TrAcc: 0.7316, TrLoss:  0.81393, VaAcc: 0.7275, VaLoss:  0.95774	 10 sampled NNs | VaAcc: 0.5566 +- 0.0416 | VaLoss: 1.3168 +- 0.1412
179,  0 | TrAcc: 0.7318, TrLoss:  0.81043, VaAcc: 0.7311, VaLoss:  0.95315	 10 sampled NNs | VaAcc: 0.5505 +- 0.0333 | VaLoss: 1.3766 +- 0.1243
180,  0 | TrAcc: 0.7293, TrLoss:  0.81672, VaAcc: 0.7303, VaLoss:  0.95272	 10 sampled NNs | VaAcc: 0.5147 +- 0.0720 | VaLoss: 1.5058 +- 0.3287
181,  0 | TrAcc: 0.7323, TrLoss:  0.80986, VaAcc: 0.7318, VaLoss:  0.94829	 10 sampled NNs | VaAcc: 0.5766 +- 0.0227 | VaLoss: 1.2683 +- 0.0800
182,  0 | TrAcc: 0.7326, TrLoss:  0.80715, VaAcc: 0.7278, VaLoss:  0.95680	 10 sampled NNs | VaAcc: 0.5274 +- 0.0442 | VaLoss: 1.4589 +- 0.1963
183,  0 | TrAcc: 0.7330, TrLoss:  0.80804, VaAcc: 0.7298, VaLoss:  0.95887	 10 sampled NNs | VaAcc: 0.5502 +- 0.0328 | VaLoss: 1.3291 +- 0.1185
184,  0 | TrAcc: 0.7328, TrLoss:  0.80622, VaAcc: 0.7288, VaLoss:  0.95416	 10 sampled NNs | VaAcc: 0.5509 +- 0.0490 | VaLoss: 1.3906 +- 0.2189
185,  0 | TrAcc: 0.7363, TrLoss:  0.80039, VaAcc: 0.7324, VaLoss:  0.95041	 10 sampled NNs | VaAcc: 0.5593 +- 0.0506 | VaLoss: 1.3345 +- 0.1737
186,  0 | TrAcc: 0.7341, TrLoss:  0.80494, VaAcc: 0.7318, VaLoss:  0.94303	 10 sampled NNs | VaAcc: 0.5624 +- 0.0302 | VaLoss: 1.3222 +- 0.1228
187,  0 | TrAcc: 0.7340, TrLoss:  0.80269, VaAcc: 0.7294, VaLoss:  0.95341	 10 sampled NNs | VaAcc: 0.5619 +- 0.0724 | VaLoss: 1.3791 +- 0.4606
188,  0 | TrAcc: 0.7330, TrLoss:  0.80434, VaAcc: 0.7319, VaLoss:  0.95181	 10 sampled NNs | VaAcc: 0.5753 +- 0.0347 | VaLoss: 1.3050 +- 0.1556
189,  0 | TrAcc: 0.7373, TrLoss:  0.79647, VaAcc: 0.7312, VaLoss:  0.95258	 10 sampled NNs | VaAcc: 0.5705 +- 0.0434 | VaLoss: 1.2967 +- 0.1277
190,  0 | TrAcc: 0.7361, TrLoss:  0.79846, VaAcc: 0.7342, VaLoss:  0.94948	 10 sampled NNs | VaAcc: 0.5323 +- 0.0446 | VaLoss: 1.4184 +- 0.1653
191,  0 | TrAcc: 0.7370, TrLoss:  0.79673, VaAcc: 0.7336, VaLoss:  0.94803	 10 sampled NNs | VaAcc: 0.5733 +- 0.0441 | VaLoss: 1.2974 +- 0.1870
192,  0 | TrAcc: 0.7389, TrLoss:  0.79194, VaAcc: 0.7387, VaLoss:  0.93815	 10 sampled NNs | VaAcc: 0.5663 +- 0.0342 | VaLoss: 1.2802 +- 0.1441
193,  0 | TrAcc: 0.7368, TrLoss:  0.79636, VaAcc: 0.7332, VaLoss:  0.93878	 10 sampled NNs | VaAcc: 0.5517 +- 0.0484 | VaLoss: 1.3082 +- 0.1211
194,  0 | TrAcc: 0.7400, TrLoss:  0.78714, VaAcc: 0.7326, VaLoss:  0.95069	 10 sampled NNs | VaAcc: 0.5609 +- 0.0350 | VaLoss: 1.3446 +- 0.2451
195,  0 | TrAcc: 0.7377, TrLoss:  0.79230, VaAcc: 0.7367, VaLoss:  0.93607	 10 sampled NNs | VaAcc: 0.5305 +- 0.0502 | VaLoss: 1.4710 +- 0.2347
196,  0 | TrAcc: 0.7387, TrLoss:  0.78984, VaAcc: 0.7339, VaLoss:  0.94363	 10 sampled NNs | VaAcc: 0.5856 +- 0.0592 | VaLoss: 1.2569 +- 0.2083
197,  0 | TrAcc: 0.7403, TrLoss:  0.78840, VaAcc: 0.7353, VaLoss:  0.94797	 10 sampled NNs | VaAcc: 0.5752 +- 0.0224 | VaLoss: 1.3010 +- 0.0984
198,  0 | TrAcc: 0.7383, TrLoss:  0.79166, VaAcc: 0.7362, VaLoss:  0.94723	 10 sampled NNs | VaAcc: 0.5596 +- 0.0305 | VaLoss: 1.3322 +- 0.1160
199,  0 | TrAcc: 0.7406, TrLoss:  0.78410, VaAcc: 0.7386, VaLoss:  0.93783	 10 sampled NNs | VaAcc: 0.5751 +- 0.0270 | VaLoss: 1.2667 +- 0.0937
6650.577848
----------------------------
