
=============================
CONFIG FILE

RNN CONFIG
{'data_multiplier': 10.0,
 'gradient_clip_value': 0.5,
 'layer_configs': [{'layer_type': 'input'},
                   {'bc': {'init_m': 'xavier',
                           'init_v': -4.5,
                           'prior_m': 0.0,
                           'prior_v': 0.0,
                           'type': 'continuous'},
                    'bf': {'init_m': 'xavier',
                           'init_v': -4.5,
                           'prior_m': 0.0,
                           'prior_v': 0.0,
                           'type': 'continuous'},
                    'bi': {'init_m': 'xavier',
                           'init_v': -4.5,
                           'prior_m': 0.0,
                           'prior_v': 0.0,
                           'type': 'continuous'},
                    'bo': {'init_m': 'xavier',
                           'init_v': -4.5,
                           'prior_m': 0.0,
                           'prior_v': 0.0,
                           'type': 'continuous'},
                    'init_config': {'c': {'b': 'all_zero', 'w': 'xavier'},
                                    'f': {'b': 'all_one', 'w': 'all_zero'},
                                    'i': {'b': 'all_zero', 'w': 'xavier'},
                                    'o': {'b': 'all_zero', 'w': 'xavier'}},
                    'is_output': False,
                    'is_recurrent': True,
                    'layer_type': 'lstm',
                    'tau': 0.2,
                    'var_scope': 'lstm_0',
                    'wc': {'pmax': 0.99,
                           'pmin': -0.99,
                           'priors': [0.5, 0.5],
                           'type': 'binary'},
                    'wf': {'pmax': 0.99,
                           'pmin': -0.99,
                           'priors': [0.5, 0.5],
                           'type': 'binary'},
                    'wi': {'pmax': 0.99,
                           'pmin': -0.99,
                           'priors': [0.5, 0.5],
                           'type': 'binary'},
                    'wo': {'pmax': 0.99,
                           'pmin': -0.99,
                           'priors': [0.5, 0.5],
                           'type': 'binary'}},
                   {'bc': {'init_m': 'xavier',
                           'init_v': -4.5,
                           'prior_m': 0.0,
                           'prior_v': 0.0,
                           'type': 'continuous'},
                    'bf': {'init_m': 'xavier',
                           'init_v': -4.5,
                           'prior_m': 0.0,
                           'prior_v': 0.0,
                           'type': 'continuous'},
                    'bi': {'init_m': 'xavier',
                           'init_v': -4.5,
                           'prior_m': 0.0,
                           'prior_v': 0.0,
                           'type': 'continuous'},
                    'bo': {'init_m': 'xavier',
                           'init_v': -4.5,
                           'prior_m': 0.0,
                           'prior_v': 0.0,
                           'type': 'continuous'},
                    'init_config': {'c': {'b': 'all_zero', 'w': 'xavier'},
                                    'f': {'b': 'all_one', 'w': 'all_zero'},
                                    'i': {'b': 'all_zero', 'w': 'xavier'},
                                    'o': {'b': 'all_zero', 'w': 'xavier'}},
                    'is_output': False,
                    'is_recurrent': True,
                    'layer_type': 'lstm',
                    'tau': 0.2,
                    'var_scope': 'lstm_1',
                    'wc': {'pmax': 0.99,
                           'pmin': -0.99,
                           'priors': [0.5, 0.5],
                           'type': 'binary'},
                    'wf': {'pmax': 0.99,
                           'pmin': -0.99,
                           'priors': [0.5, 0.5],
                           'type': 'binary'},
                    'wi': {'pmax': 0.99,
                           'pmin': -0.99,
                           'priors': [0.5, 0.5],
                           'type': 'binary'},
                    'wo': {'pmax': 0.99,
                           'pmin': -0.99,
                           'priors': [0.5, 0.5],
                           'type': 'binary'}},
                   {'b': {'init_m': 'xavier',
                          'init_v': -4.5,
                          'prior_m': 0.0,
                          'prior_v': 0.0,
                          'type': 'continuous'},
                    'is_output': True,
                    'is_recurrent': False,
                    'layer_type': 'fc',
                    'regularization': {'mode': None, 'strength': 0.02},
                    'tau': 0.2,
                    'var_scope': 'output_layer',
                    'w': {'pmax': 0.99,
                          'pmin': -0.99,
                          'priors': [0.5, 0.5],
                          'type': 'binary'}}],
 'layout': [4, 60, 60, 10],
 'output_type': 'classification'}

DATA CONFIG
{'dataset': 'red_penstroke',
 'tr': {'in_seq_len': 30,
        'minibatch_enabled': True,
        'minibatch_size': 1000,
        'out_seq_len': 5,
        'zero_padding': 20},
 'va': {'in_seq_len': 30,
        'minibatch_enabled': True,
        'minibatch_size': 1000,
        'out_seq_len': 5,
        'zero_padding': 20}}

TRAINING CONFIG
{'beta_reg': 0.3,
 'is_pretrain': False,
 'learning_rate': 0.001,
 'max_epochs': 200,
 'mode': {'max_epochs': 200, 'min_error': 0.0, 'name': 'classic'},
 'task_id': 3,
 'type': 'l_sampling',
 'var_reg': 0.0}
==============================


0.38399319725782693
pretraning is over
  0,  0 | TrAcc: 0.1103, TrLoss:  4.50846, VaAcc: 0.1089, VaLoss:  4.76416	 10 sampled NNs | VaAcc: 0.1040 +- 0.0046 | VaLoss: 4.9989 +- 0.2191
  1,  0 | TrAcc: 0.1121, TrLoss:  4.43574, VaAcc: 0.1070, VaLoss:  4.71848	 10 sampled NNs | VaAcc: 0.1072 +- 0.0041 | VaLoss: 4.9552 +- 0.1653
  2,  0 | TrAcc: 0.1131, TrLoss:  4.37102, VaAcc: 0.1065, VaLoss:  4.67001	 10 sampled NNs | VaAcc: 0.1099 +- 0.0071 | VaLoss: 4.5679 +- 0.2502
  3,  0 | TrAcc: 0.1137, TrLoss:  4.32555, VaAcc: 0.1089, VaLoss:  4.61376	 10 sampled NNs | VaAcc: 0.1035 +- 0.0042 | VaLoss: 4.7346 +- 0.1981
  4,  0 | TrAcc: 0.1141, TrLoss:  4.28347, VaAcc: 0.1120, VaLoss:  4.54635	 10 sampled NNs | VaAcc: 0.1102 +- 0.0035 | VaLoss: 4.7107 +- 0.1364
  5,  0 | TrAcc: 0.1138, TrLoss:  4.25921, VaAcc: 0.1093, VaLoss:  4.53324	 10 sampled NNs | VaAcc: 0.1073 +- 0.0092 | VaLoss: 4.7353 +- 0.2736
  6,  0 | TrAcc: 0.1150, TrLoss:  4.21229, VaAcc: 0.1108, VaLoss:  4.49093	 10 sampled NNs | VaAcc: 0.1061 +- 0.0065 | VaLoss: 4.6688 +- 0.2000
  7,  0 | TrAcc: 0.1146, TrLoss:  4.17882, VaAcc: 0.1110, VaLoss:  4.44704	 10 sampled NNs | VaAcc: 0.1059 +- 0.0037 | VaLoss: 4.5699 +- 0.1582
  8,  0 | TrAcc: 0.1161, TrLoss:  4.15122, VaAcc: 0.1120, VaLoss:  4.41896	 10 sampled NNs | VaAcc: 0.1070 +- 0.0064 | VaLoss: 4.6621 +- 0.1637
  9,  0 | TrAcc: 0.1153, TrLoss:  4.12472, VaAcc: 0.1100, VaLoss:  4.38427	 10 sampled NNs | VaAcc: 0.1044 +- 0.0054 | VaLoss: 4.6014 +- 0.1119
 10,  0 | TrAcc: 0.1154, TrLoss:  4.08789, VaAcc: 0.1127, VaLoss:  4.33508	 10 sampled NNs | VaAcc: 0.1046 +- 0.0072 | VaLoss: 4.6428 +- 0.1942
 11,  0 | TrAcc: 0.1154, TrLoss:  4.06279, VaAcc: 0.1116, VaLoss:  4.32943	 10 sampled NNs | VaAcc: 0.1076 +- 0.0042 | VaLoss: 4.4253 +- 0.1107
 12,  0 | TrAcc: 0.1163, TrLoss:  4.02255, VaAcc: 0.1129, VaLoss:  4.28260	 10 sampled NNs | VaAcc: 0.1072 +- 0.0091 | VaLoss: 4.5484 +- 0.2163
 13,  0 | TrAcc: 0.1165, TrLoss:  4.00123, VaAcc: 0.1123, VaLoss:  4.25309	 10 sampled NNs | VaAcc: 0.1078 +- 0.0065 | VaLoss: 4.5151 +- 0.1174
 14,  0 | TrAcc: 0.1170, TrLoss:  3.96124, VaAcc: 0.1140, VaLoss:  4.21792	 10 sampled NNs | VaAcc: 0.1103 +- 0.0075 | VaLoss: 4.3571 +- 0.2135
 15,  0 | TrAcc: 0.1171, TrLoss:  3.92400, VaAcc: 0.1140, VaLoss:  4.18081	 10 sampled NNs | VaAcc: 0.1104 +- 0.0084 | VaLoss: 4.4206 +- 0.1339
 16,  0 | TrAcc: 0.1174, TrLoss:  3.90003, VaAcc: 0.1144, VaLoss:  4.15031	 10 sampled NNs | VaAcc: 0.1066 +- 0.0061 | VaLoss: 4.3815 +- 0.2500
 17,  0 | TrAcc: 0.1162, TrLoss:  3.87583, VaAcc: 0.1156, VaLoss:  4.10091	 10 sampled NNs | VaAcc: 0.1061 +- 0.0055 | VaLoss: 4.4263 +- 0.1276
 18,  0 | TrAcc: 0.1176, TrLoss:  3.84861, VaAcc: 0.1147, VaLoss:  4.09779	 10 sampled NNs | VaAcc: 0.1067 +- 0.0070 | VaLoss: 4.3237 +- 0.1139
 19,  0 | TrAcc: 0.1179, TrLoss:  3.83543, VaAcc: 0.1150, VaLoss:  4.08829	 10 sampled NNs | VaAcc: 0.1107 +- 0.0060 | VaLoss: 4.2348 +- 0.1339
 20,  0 | TrAcc: 0.1187, TrLoss:  3.80763, VaAcc: 0.1150, VaLoss:  4.05406	 10 sampled NNs | VaAcc: 0.1112 +- 0.0061 | VaLoss: 4.3205 +- 0.1856
 21,  0 | TrAcc: 0.1182, TrLoss:  3.79268, VaAcc: 0.1147, VaLoss:  4.05494	 10 sampled NNs | VaAcc: 0.1118 +- 0.0060 | VaLoss: 4.2530 +- 0.1970
 22,  0 | TrAcc: 0.1180, TrLoss:  3.77311, VaAcc: 0.1137, VaLoss:  4.02786	 10 sampled NNs | VaAcc: 0.1107 +- 0.0070 | VaLoss: 4.3374 +- 0.0976
 23,  0 | TrAcc: 0.1176, TrLoss:  3.74719, VaAcc: 0.1152, VaLoss:  3.99410	 10 sampled NNs | VaAcc: 0.1084 +- 0.0056 | VaLoss: 4.2537 +- 0.1125
 24,  0 | TrAcc: 0.1170, TrLoss:  3.73036, VaAcc: 0.1159, VaLoss:  3.95652	 10 sampled NNs | VaAcc: 0.1090 +- 0.0047 | VaLoss: 4.1497 +- 0.1914
 25,  0 | TrAcc: 0.1189, TrLoss:  3.70372, VaAcc: 0.1161, VaLoss:  3.95199	 10 sampled NNs | VaAcc: 0.1098 +- 0.0050 | VaLoss: 4.1179 +- 0.1310
 26,  0 | TrAcc: 0.1186, TrLoss:  3.68244, VaAcc: 0.1154, VaLoss:  3.92952	 10 sampled NNs | VaAcc: 0.1084 +- 0.0068 | VaLoss: 4.2557 +- 0.1751
 27,  0 | TrAcc: 0.1192, TrLoss:  3.65551, VaAcc: 0.1173, VaLoss:  3.89928	 10 sampled NNs | VaAcc: 0.1091 +- 0.0049 | VaLoss: 4.1648 +- 0.1632
 28,  0 | TrAcc: 0.1188, TrLoss:  3.64059, VaAcc: 0.1163, VaLoss:  3.87707	 10 sampled NNs | VaAcc: 0.1133 +- 0.0084 | VaLoss: 4.0866 +- 0.1280
 29,  0 | TrAcc: 0.1196, TrLoss:  3.61663, VaAcc: 0.1160, VaLoss:  3.84582	 10 sampled NNs | VaAcc: 0.1097 +- 0.0061 | VaLoss: 4.1547 +- 0.2120
 30,  0 | TrAcc: 0.1194, TrLoss:  3.59205, VaAcc: 0.1157, VaLoss:  3.83565	 10 sampled NNs | VaAcc: 0.1104 +- 0.0033 | VaLoss: 4.1380 +- 0.1732
 31,  0 | TrAcc: 0.1192, TrLoss:  3.57423, VaAcc: 0.1175, VaLoss:  3.81628	 10 sampled NNs | VaAcc: 0.1079 +- 0.0039 | VaLoss: 4.0799 +- 0.1406
 32,  0 | TrAcc: 0.1190, TrLoss:  3.55552, VaAcc: 0.1171, VaLoss:  3.78115	 10 sampled NNs | VaAcc: 0.1096 +- 0.0066 | VaLoss: 4.0594 +- 0.1645
 33,  0 | TrAcc: 0.1201, TrLoss:  3.52726, VaAcc: 0.1171, VaLoss:  3.76053	 10 sampled NNs | VaAcc: 0.1131 +- 0.0093 | VaLoss: 4.0466 +- 0.1859
 34,  0 | TrAcc: 0.1202, TrLoss:  3.50067, VaAcc: 0.1178, VaLoss:  3.73695	 10 sampled NNs | VaAcc: 0.1110 +- 0.0046 | VaLoss: 3.9707 +- 0.1373
 35,  0 | TrAcc: 0.1204, TrLoss:  3.47895, VaAcc: 0.1168, VaLoss:  3.71537	 10 sampled NNs | VaAcc: 0.1119 +- 0.0087 | VaLoss: 3.9213 +- 0.1320
 36,  0 | TrAcc: 0.1195, TrLoss:  3.44615, VaAcc: 0.1168, VaLoss:  3.68562	 10 sampled NNs | VaAcc: 0.1113 +- 0.0090 | VaLoss: 3.9499 +- 0.1813
 37,  0 | TrAcc: 0.1202, TrLoss:  3.41835, VaAcc: 0.1177, VaLoss:  3.65397	 10 sampled NNs | VaAcc: 0.1107 +- 0.0077 | VaLoss: 3.8803 +- 0.1566
 38,  0 | TrAcc: 0.1204, TrLoss:  3.39534, VaAcc: 0.1172, VaLoss:  3.63418	 10 sampled NNs | VaAcc: 0.1075 +- 0.0048 | VaLoss: 3.8541 +- 0.1267
 39,  0 | TrAcc: 0.1209, TrLoss:  3.36337, VaAcc: 0.1160, VaLoss:  3.61188	 10 sampled NNs | VaAcc: 0.1134 +- 0.0048 | VaLoss: 3.8313 +- 0.2150
 40,  0 | TrAcc: 0.1198, TrLoss:  3.33539, VaAcc: 0.1179, VaLoss:  3.57661	 10 sampled NNs | VaAcc: 0.1121 +- 0.0067 | VaLoss: 3.7198 +- 0.0852
 41,  0 | TrAcc: 0.1206, TrLoss:  3.30203, VaAcc: 0.1184, VaLoss:  3.53836	 10 sampled NNs | VaAcc: 0.1083 +- 0.0045 | VaLoss: 3.8376 +- 0.1059
 42,  0 | TrAcc: 0.1205, TrLoss:  3.27635, VaAcc: 0.1203, VaLoss:  3.50645	 10 sampled NNs | VaAcc: 0.1088 +- 0.0068 | VaLoss: 3.7999 +- 0.1447
 43,  0 | TrAcc: 0.1207, TrLoss:  3.24850, VaAcc: 0.1166, VaLoss:  3.49088	 10 sampled NNs | VaAcc: 0.1104 +- 0.0079 | VaLoss: 3.6958 +- 0.0945
 44,  0 | TrAcc: 0.1206, TrLoss:  3.22606, VaAcc: 0.1169, VaLoss:  3.46241	 10 sampled NNs | VaAcc: 0.1124 +- 0.0044 | VaLoss: 3.6740 +- 0.1474
 45,  0 | TrAcc: 0.1211, TrLoss:  3.20059, VaAcc: 0.1177, VaLoss:  3.43784	 10 sampled NNs | VaAcc: 0.1119 +- 0.0081 | VaLoss: 3.5812 +- 0.1644
 46,  0 | TrAcc: 0.1216, TrLoss:  3.17786, VaAcc: 0.1170, VaLoss:  3.42282	 10 sampled NNs | VaAcc: 0.1097 +- 0.0051 | VaLoss: 3.6614 +- 0.1353
 47,  0 | TrAcc: 0.1208, TrLoss:  3.16206, VaAcc: 0.1188, VaLoss:  3.39300	 10 sampled NNs | VaAcc: 0.1131 +- 0.0047 | VaLoss: 3.5984 +- 0.1472
 48,  0 | TrAcc: 0.1216, TrLoss:  3.12538, VaAcc: 0.1188, VaLoss:  3.35897	 10 sampled NNs | VaAcc: 0.1106 +- 0.0052 | VaLoss: 3.6001 +- 0.2437
 49,  0 | TrAcc: 0.1221, TrLoss:  3.09933, VaAcc: 0.1178, VaLoss:  3.34382	 10 sampled NNs | VaAcc: 0.1133 +- 0.0054 | VaLoss: 3.5625 +- 0.1110
 50,  0 | TrAcc: 0.1208, TrLoss:  3.07752, VaAcc: 0.1187, VaLoss:  3.30660	 10 sampled NNs | VaAcc: 0.1115 +- 0.0059 | VaLoss: 3.5939 +- 0.0983
 51,  0 | TrAcc: 0.1212, TrLoss:  3.05015, VaAcc: 0.1183, VaLoss:  3.28925	 10 sampled NNs | VaAcc: 0.1153 +- 0.0063 | VaLoss: 3.4763 +- 0.0937
 52,  0 | TrAcc: 0.1215, TrLoss:  3.02684, VaAcc: 0.1189, VaLoss:  3.26758	 10 sampled NNs | VaAcc: 0.1160 +- 0.0065 | VaLoss: 3.3698 +- 0.1469
 53,  0 | TrAcc: 0.1214, TrLoss:  3.00933, VaAcc: 0.1199, VaLoss:  3.23898	 10 sampled NNs | VaAcc: 0.1097 +- 0.0065 | VaLoss: 3.4293 +- 0.1589
 54,  0 | TrAcc: 0.1210, TrLoss:  2.99308, VaAcc: 0.1187, VaLoss:  3.22166	 10 sampled NNs | VaAcc: 0.1139 +- 0.0055 | VaLoss: 3.4197 +- 0.1065
 55,  0 | TrAcc: 0.1214, TrLoss:  2.97436, VaAcc: 0.1168, VaLoss:  3.21639	 10 sampled NNs | VaAcc: 0.1134 +- 0.0049 | VaLoss: 3.3583 +- 0.1051
 56,  0 | TrAcc: 0.1212, TrLoss:  2.95286, VaAcc: 0.1189, VaLoss:  3.18805	 10 sampled NNs | VaAcc: 0.1117 +- 0.0046 | VaLoss: 3.3284 +- 0.0986
 57,  0 | TrAcc: 0.1216, TrLoss:  2.93747, VaAcc: 0.1179, VaLoss:  3.17394	 10 sampled NNs | VaAcc: 0.1111 +- 0.0055 | VaLoss: 3.2993 +- 0.1825
 58,  0 | TrAcc: 0.1214, TrLoss:  2.91745, VaAcc: 0.1168, VaLoss:  3.15438	 10 sampled NNs | VaAcc: 0.1112 +- 0.0063 | VaLoss: 3.2649 +- 0.1406
 59,  0 | TrAcc: 0.1218, TrLoss:  2.90189, VaAcc: 0.1188, VaLoss:  3.14365	 10 sampled NNs | VaAcc: 0.1098 +- 0.0026 | VaLoss: 3.3135 +- 0.0772
 60,  0 | TrAcc: 0.1220, TrLoss:  2.88010, VaAcc: 0.1209, VaLoss:  3.11126	 10 sampled NNs | VaAcc: 0.1081 +- 0.0069 | VaLoss: 3.2162 +- 0.1264
 61,  0 | TrAcc: 0.1220, TrLoss:  2.85871, VaAcc: 0.1190, VaLoss:  3.10492	 10 sampled NNs | VaAcc: 0.1093 +- 0.0041 | VaLoss: 3.2375 +- 0.1181
 62,  0 | TrAcc: 0.1217, TrLoss:  2.83811, VaAcc: 0.1179, VaLoss:  3.08385	 10 sampled NNs | VaAcc: 0.1121 +- 0.0071 | VaLoss: 3.1693 +- 0.1461
 63,  0 | TrAcc: 0.1215, TrLoss:  2.82864, VaAcc: 0.1181, VaLoss:  3.06516	 10 sampled NNs | VaAcc: 0.1105 +- 0.0074 | VaLoss: 3.1939 +- 0.0801
 64,  0 | TrAcc: 0.1216, TrLoss:  2.81132, VaAcc: 0.1179, VaLoss:  3.04724	 10 sampled NNs | VaAcc: 0.1086 +- 0.0061 | VaLoss: 3.1576 +- 0.0792
 65,  0 | TrAcc: 0.1225, TrLoss:  2.79315, VaAcc: 0.1180, VaLoss:  3.02795	 10 sampled NNs | VaAcc: 0.1085 +- 0.0050 | VaLoss: 3.1826 +- 0.0774
 66,  0 | TrAcc: 0.1221, TrLoss:  2.77412, VaAcc: 0.1175, VaLoss:  3.01064	 10 sampled NNs | VaAcc: 0.1091 +- 0.0051 | VaLoss: 3.1283 +- 0.1141
 67,  0 | TrAcc: 0.1220, TrLoss:  2.76249, VaAcc: 0.1189, VaLoss:  2.99603	 10 sampled NNs | VaAcc: 0.1117 +- 0.0083 | VaLoss: 3.1062 +- 0.0655
 68,  0 | TrAcc: 0.1227, TrLoss:  2.74820, VaAcc: 0.1178, VaLoss:  2.98943	 10 sampled NNs | VaAcc: 0.1132 +- 0.0061 | VaLoss: 3.0846 +- 0.1365
 69,  0 | TrAcc: 0.1231, TrLoss:  2.73070, VaAcc: 0.1178, VaLoss:  2.97241	 10 sampled NNs | VaAcc: 0.1108 +- 0.0050 | VaLoss: 3.0172 +- 0.0706
 70,  0 | TrAcc: 0.1232, TrLoss:  2.71831, VaAcc: 0.1185, VaLoss:  2.95908	 10 sampled NNs | VaAcc: 0.1109 +- 0.0058 | VaLoss: 3.0149 +- 0.1348
 71,  0 | TrAcc: 0.1233, TrLoss:  2.70150, VaAcc: 0.1193, VaLoss:  2.93188	 10 sampled NNs | VaAcc: 0.1095 +- 0.0061 | VaLoss: 3.0618 +- 0.0866
 72,  0 | TrAcc: 0.1235, TrLoss:  2.68367, VaAcc: 0.1197, VaLoss:  2.92902	 10 sampled NNs | VaAcc: 0.1129 +- 0.0092 | VaLoss: 2.9654 +- 0.0948
 73,  0 | TrAcc: 0.1234, TrLoss:  2.67459, VaAcc: 0.1200, VaLoss:  2.90225	 10 sampled NNs | VaAcc: 0.1080 +- 0.0068 | VaLoss: 3.0255 +- 0.0839
 74,  0 | TrAcc: 0.1241, TrLoss:  2.66383, VaAcc: 0.1199, VaLoss:  2.90051	 10 sampled NNs | VaAcc: 0.1111 +- 0.0072 | VaLoss: 2.9827 +- 0.1314
 75,  0 | TrAcc: 0.1251, TrLoss:  2.65253, VaAcc: 0.1207, VaLoss:  2.88986	 10 sampled NNs | VaAcc: 0.1122 +- 0.0070 | VaLoss: 2.9499 +- 0.0853
 76,  0 | TrAcc: 0.1251, TrLoss:  2.64129, VaAcc: 0.1196, VaLoss:  2.88061	 10 sampled NNs | VaAcc: 0.1096 +- 0.0061 | VaLoss: 3.0118 +- 0.0984
 77,  0 | TrAcc: 0.1242, TrLoss:  2.62846, VaAcc: 0.1194, VaLoss:  2.86055	 10 sampled NNs | VaAcc: 0.1154 +- 0.0054 | VaLoss: 2.9196 +- 0.0568
 78,  0 | TrAcc: 0.1254, TrLoss:  2.61909, VaAcc: 0.1188, VaLoss:  2.85778	 10 sampled NNs | VaAcc: 0.1126 +- 0.0062 | VaLoss: 2.9106 +- 0.0537
 79,  0 | TrAcc: 0.1252, TrLoss:  2.60959, VaAcc: 0.1218, VaLoss:  2.84546	 10 sampled NNs | VaAcc: 0.1093 +- 0.0042 | VaLoss: 2.9196 +- 0.0906
 80,  0 | TrAcc: 0.1256, TrLoss:  2.59526, VaAcc: 0.1195, VaLoss:  2.83625	 10 sampled NNs | VaAcc: 0.1153 +- 0.0097 | VaLoss: 2.8405 +- 0.0769
 81,  0 | TrAcc: 0.1265, TrLoss:  2.58608, VaAcc: 0.1187, VaLoss:  2.83079	 10 sampled NNs | VaAcc: 0.1096 +- 0.0066 | VaLoss: 2.8705 +- 0.0839
 82,  0 | TrAcc: 0.1251, TrLoss:  2.58241, VaAcc: 0.1198, VaLoss:  2.81096	 10 sampled NNs | VaAcc: 0.1135 +- 0.0055 | VaLoss: 2.8634 +- 0.1000
 83,  0 | TrAcc: 0.1260, TrLoss:  2.56802, VaAcc: 0.1200, VaLoss:  2.80763	 10 sampled NNs | VaAcc: 0.1096 +- 0.0070 | VaLoss: 2.8260 +- 0.0900
 84,  0 | TrAcc: 0.1264, TrLoss:  2.55850, VaAcc: 0.1211, VaLoss:  2.79088	 10 sampled NNs | VaAcc: 0.1119 +- 0.0074 | VaLoss: 2.7908 +- 0.0958
 85,  0 | TrAcc: 0.1262, TrLoss:  2.54819, VaAcc: 0.1201, VaLoss:  2.78980	 10 sampled NNs | VaAcc: 0.1130 +- 0.0098 | VaLoss: 2.7918 +- 0.1001
 86,  0 | TrAcc: 0.1274, TrLoss:  2.53633, VaAcc: 0.1206, VaLoss:  2.77608	 10 sampled NNs | VaAcc: 0.1104 +- 0.0044 | VaLoss: 2.8687 +- 0.1371
 87,  0 | TrAcc: 0.1273, TrLoss:  2.52804, VaAcc: 0.1199, VaLoss:  2.76802	 10 sampled NNs | VaAcc: 0.1073 +- 0.0069 | VaLoss: 2.8866 +- 0.0736
 88,  0 | TrAcc: 0.1266, TrLoss:  2.52114, VaAcc: 0.1196, VaLoss:  2.75503	 10 sampled NNs | VaAcc: 0.1127 +- 0.0085 | VaLoss: 2.8027 +- 0.0972
 89,  0 | TrAcc: 0.1270, TrLoss:  2.51120, VaAcc: 0.1220, VaLoss:  2.74044	 10 sampled NNs | VaAcc: 0.1123 +- 0.0046 | VaLoss: 2.7361 +- 0.0768
 90,  0 | TrAcc: 0.1276, TrLoss:  2.50232, VaAcc: 0.1207, VaLoss:  2.73627	 10 sampled NNs | VaAcc: 0.1120 +- 0.0039 | VaLoss: 2.7145 +- 0.0766
 91,  0 | TrAcc: 0.1267, TrLoss:  2.49307, VaAcc: 0.1196, VaLoss:  2.72875	 10 sampled NNs | VaAcc: 0.1116 +- 0.0066 | VaLoss: 2.7334 +- 0.0981
 92,  0 | TrAcc: 0.1272, TrLoss:  2.48493, VaAcc: 0.1197, VaLoss:  2.71891	 10 sampled NNs | VaAcc: 0.1084 +- 0.0055 | VaLoss: 2.7407 +- 0.0514
 93,  0 | TrAcc: 0.1274, TrLoss:  2.47400, VaAcc: 0.1193, VaLoss:  2.70585	 10 sampled NNs | VaAcc: 0.1088 +- 0.0050 | VaLoss: 2.7156 +- 0.0377
 94,  0 | TrAcc: 0.1283, TrLoss:  2.46892, VaAcc: 0.1213, VaLoss:  2.70598	 10 sampled NNs | VaAcc: 0.1074 +- 0.0088 | VaLoss: 2.6695 +- 0.1021
 95,  0 | TrAcc: 0.1283, TrLoss:  2.46270, VaAcc: 0.1202, VaLoss:  2.69889	 10 sampled NNs | VaAcc: 0.1145 +- 0.0076 | VaLoss: 2.6292 +- 0.0737
 96,  0 | TrAcc: 0.1299, TrLoss:  2.45139, VaAcc: 0.1205, VaLoss:  2.68967	 10 sampled NNs | VaAcc: 0.1109 +- 0.0086 | VaLoss: 2.6493 +- 0.0621
 97,  0 | TrAcc: 0.1287, TrLoss:  2.44548, VaAcc: 0.1208, VaLoss:  2.68012	 10 sampled NNs | VaAcc: 0.1109 +- 0.0087 | VaLoss: 2.6719 +- 0.0947
 98,  0 | TrAcc: 0.1297, TrLoss:  2.43259, VaAcc: 0.1219, VaLoss:  2.67237	 10 sampled NNs | VaAcc: 0.1165 +- 0.0093 | VaLoss: 2.6542 +- 0.0803
 99,  0 | TrAcc: 0.1290, TrLoss:  2.42904, VaAcc: 0.1216, VaLoss:  2.66555	 10 sampled NNs | VaAcc: 0.1121 +- 0.0103 | VaLoss: 2.6211 +- 0.0850
100,  0 | TrAcc: 0.1308, TrLoss:  2.41852, VaAcc: 0.1207, VaLoss:  2.65569	 10 sampled NNs | VaAcc: 0.1106 +- 0.0054 | VaLoss: 2.6120 +- 0.0427
101,  0 | TrAcc: 0.1325, TrLoss:  2.41351, VaAcc: 0.1209, VaLoss:  2.65318	 10 sampled NNs | VaAcc: 0.1163 +- 0.0061 | VaLoss: 2.5754 +- 0.0871
102,  0 | TrAcc: 0.1312, TrLoss:  2.40646, VaAcc: 0.1226, VaLoss:  2.63913	 10 sampled NNs | VaAcc: 0.1145 +- 0.0066 | VaLoss: 2.6252 +- 0.0633
103,  0 | TrAcc: 0.1323, TrLoss:  2.39747, VaAcc: 0.1204, VaLoss:  2.63559	 10 sampled NNs | VaAcc: 0.1140 +- 0.0085 | VaLoss: 2.5718 +- 0.0555
104,  0 | TrAcc: 0.1327, TrLoss:  2.38996, VaAcc: 0.1213, VaLoss:  2.63023	 10 sampled NNs | VaAcc: 0.1158 +- 0.0072 | VaLoss: 2.5574 +- 0.0965
105,  0 | TrAcc: 0.1327, TrLoss:  2.38645, VaAcc: 0.1210, VaLoss:  2.62266	 10 sampled NNs | VaAcc: 0.1135 +- 0.0098 | VaLoss: 2.5507 +- 0.0547
106,  0 | TrAcc: 0.1344, TrLoss:  2.37864, VaAcc: 0.1219, VaLoss:  2.61606	 10 sampled NNs | VaAcc: 0.1148 +- 0.0053 | VaLoss: 2.5577 +- 0.0835
107,  0 | TrAcc: 0.1347, TrLoss:  2.37246, VaAcc: 0.1221, VaLoss:  2.61076	 10 sampled NNs | VaAcc: 0.1144 +- 0.0086 | VaLoss: 2.5251 +- 0.0506
108,  0 | TrAcc: 0.1359, TrLoss:  2.36874, VaAcc: 0.1242, VaLoss:  2.60253	 10 sampled NNs | VaAcc: 0.1130 +- 0.0042 | VaLoss: 2.5406 +- 0.0925
109,  0 | TrAcc: 0.1364, TrLoss:  2.36041, VaAcc: 0.1240, VaLoss:  2.59469	 10 sampled NNs | VaAcc: 0.1128 +- 0.0070 | VaLoss: 2.5397 +- 0.0712
110,  0 | TrAcc: 0.1366, TrLoss:  2.35666, VaAcc: 0.1234, VaLoss:  2.59122	 10 sampled NNs | VaAcc: 0.1115 +- 0.0079 | VaLoss: 2.5248 +- 0.0872
111,  0 | TrAcc: 0.1379, TrLoss:  2.35108, VaAcc: 0.1243, VaLoss:  2.58601	 10 sampled NNs | VaAcc: 0.1134 +- 0.0038 | VaLoss: 2.5231 +- 0.0519
112,  0 | TrAcc: 0.1390, TrLoss:  2.34930, VaAcc: 0.1216, VaLoss:  2.58917	 10 sampled NNs | VaAcc: 0.1164 +- 0.0069 | VaLoss: 2.5095 +- 0.0997
113,  0 | TrAcc: 0.1395, TrLoss:  2.34303, VaAcc: 0.1235, VaLoss:  2.58056	 10 sampled NNs | VaAcc: 0.1156 +- 0.0086 | VaLoss: 2.5110 +- 0.0868
114,  0 | TrAcc: 0.1397, TrLoss:  2.33999, VaAcc: 0.1226, VaLoss:  2.58080	 10 sampled NNs | VaAcc: 0.1164 +- 0.0041 | VaLoss: 2.4696 +- 0.0357
115,  0 | TrAcc: 0.1414, TrLoss:  2.33447, VaAcc: 0.1246, VaLoss:  2.57023	 10 sampled NNs | VaAcc: 0.1131 +- 0.0059 | VaLoss: 2.4970 +- 0.0607
116,  0 | TrAcc: 0.1416, TrLoss:  2.33095, VaAcc: 0.1247, VaLoss:  2.56830	 10 sampled NNs | VaAcc: 0.1150 +- 0.0066 | VaLoss: 2.4701 +- 0.1077
117,  0 | TrAcc: 0.1431, TrLoss:  2.32694, VaAcc: 0.1277, VaLoss:  2.56346	 10 sampled NNs | VaAcc: 0.1103 +- 0.0086 | VaLoss: 2.5070 +- 0.0905
118,  0 | TrAcc: 0.1444, TrLoss:  2.32449, VaAcc: 0.1247, VaLoss:  2.56015	 10 sampled NNs | VaAcc: 0.1149 +- 0.0075 | VaLoss: 2.4706 +- 0.0951
119,  0 | TrAcc: 0.1438, TrLoss:  2.32140, VaAcc: 0.1251, VaLoss:  2.55995	 10 sampled NNs | VaAcc: 0.1137 +- 0.0058 | VaLoss: 2.4860 +- 0.1009
120,  0 | TrAcc: 0.1456, TrLoss:  2.31894, VaAcc: 0.1246, VaLoss:  2.55765	 10 sampled NNs | VaAcc: 0.1128 +- 0.0096 | VaLoss: 2.4692 +- 0.0636
121,  0 | TrAcc: 0.1467, TrLoss:  2.31698, VaAcc: 0.1243, VaLoss:  2.55665	 10 sampled NNs | VaAcc: 0.1207 +- 0.0093 | VaLoss: 2.4328 +- 0.0713
122,  0 | TrAcc: 0.1475, TrLoss:  2.31517, VaAcc: 0.1279, VaLoss:  2.55295	 10 sampled NNs | VaAcc: 0.1180 +- 0.0082 | VaLoss: 2.4555 +- 0.0769
123,  0 | TrAcc: 0.1482, TrLoss:  2.31456, VaAcc: 0.1270, VaLoss:  2.55124	 10 sampled NNs | VaAcc: 0.1131 +- 0.0054 | VaLoss: 2.4667 +- 0.0675
124,  0 | TrAcc: 0.1470, TrLoss:  2.31140, VaAcc: 0.1251, VaLoss:  2.54688	 10 sampled NNs | VaAcc: 0.1180 +- 0.0104 | VaLoss: 2.4280 +- 0.0938
125,  0 | TrAcc: 0.1479, TrLoss:  2.31110, VaAcc: 0.1253, VaLoss:  2.54825	 10 sampled NNs | VaAcc: 0.1172 +- 0.0076 | VaLoss: 2.4157 +- 0.0640
126,  0 | TrAcc: 0.1489, TrLoss:  2.30948, VaAcc: 0.1246, VaLoss:  2.54752	 10 sampled NNs | VaAcc: 0.1142 +- 0.0074 | VaLoss: 2.4338 +- 0.0805
127,  0 | TrAcc: 0.1496, TrLoss:  2.30623, VaAcc: 0.1247, VaLoss:  2.54796	 10 sampled NNs | VaAcc: 0.1174 +- 0.0051 | VaLoss: 2.4471 +- 0.0655
128,  0 | TrAcc: 0.1487, TrLoss:  2.30761, VaAcc: 0.1280, VaLoss:  2.54346	 10 sampled NNs | VaAcc: 0.1206 +- 0.0060 | VaLoss: 2.4017 +- 0.0462
129,  0 | TrAcc: 0.1489, TrLoss:  2.30616, VaAcc: 0.1271, VaLoss:  2.54158	 10 sampled NNs | VaAcc: 0.1189 +- 0.0054 | VaLoss: 2.3901 +- 0.0480
130,  0 | TrAcc: 0.1507, TrLoss:  2.30350, VaAcc: 0.1260, VaLoss:  2.54088	 10 sampled NNs | VaAcc: 0.1179 +- 0.0080 | VaLoss: 2.4217 +- 0.0609
131,  0 | TrAcc: 0.1507, TrLoss:  2.30074, VaAcc: 0.1280, VaLoss:  2.53996	 10 sampled NNs | VaAcc: 0.1188 +- 0.0086 | VaLoss: 2.3783 +- 0.0302
132,  0 | TrAcc: 0.1518, TrLoss:  2.30056, VaAcc: 0.1300, VaLoss:  2.53535	 10 sampled NNs | VaAcc: 0.1162 +- 0.0040 | VaLoss: 2.4190 +- 0.0360
133,  0 | TrAcc: 0.1536, TrLoss:  2.29922, VaAcc: 0.1281, VaLoss:  2.53782	 10 sampled NNs | VaAcc: 0.1144 +- 0.0061 | VaLoss: 2.4102 +- 0.0574
134,  0 | TrAcc: 0.1516, TrLoss:  2.29940, VaAcc: 0.1256, VaLoss:  2.53368	 10 sampled NNs | VaAcc: 0.1109 +- 0.0067 | VaLoss: 2.4126 +- 0.0550
135,  0 | TrAcc: 0.1524, TrLoss:  2.29691, VaAcc: 0.1262, VaLoss:  2.53528	 10 sampled NNs | VaAcc: 0.1135 +- 0.0073 | VaLoss: 2.4384 +- 0.0531
136,  0 | TrAcc: 0.1532, TrLoss:  2.29728, VaAcc: 0.1267, VaLoss:  2.53433	 10 sampled NNs | VaAcc: 0.1183 +- 0.0037 | VaLoss: 2.4057 +- 0.0606
137,  0 | TrAcc: 0.1535, TrLoss:  2.29559, VaAcc: 0.1296, VaLoss:  2.53016	 10 sampled NNs | VaAcc: 0.1174 +- 0.0064 | VaLoss: 2.4050 +- 0.0579
138,  0 | TrAcc: 0.1523, TrLoss:  2.29404, VaAcc: 0.1277, VaLoss:  2.52929	 10 sampled NNs | VaAcc: 0.1168 +- 0.0067 | VaLoss: 2.4061 +- 0.0523
139,  0 | TrAcc: 0.1551, TrLoss:  2.29176, VaAcc: 0.1266, VaLoss:  2.53053	 10 sampled NNs | VaAcc: 0.1173 +- 0.0085 | VaLoss: 2.3853 +- 0.0418
140,  0 | TrAcc: 0.1528, TrLoss:  2.29329, VaAcc: 0.1251, VaLoss:  2.53035	 10 sampled NNs | VaAcc: 0.1177 +- 0.0051 | VaLoss: 2.4094 +- 0.0455
141,  0 | TrAcc: 0.1538, TrLoss:  2.29117, VaAcc: 0.1294, VaLoss:  2.52541	 10 sampled NNs | VaAcc: 0.1187 +- 0.0052 | VaLoss: 2.4037 +- 0.0682
142,  0 | TrAcc: 0.1532, TrLoss:  2.29026, VaAcc: 0.1281, VaLoss:  2.52468	 10 sampled NNs | VaAcc: 0.1232 +- 0.0067 | VaLoss: 2.3758 +- 0.0403
143,  0 | TrAcc: 0.1532, TrLoss:  2.28860, VaAcc: 0.1270, VaLoss:  2.52105	 10 sampled NNs | VaAcc: 0.1170 +- 0.0066 | VaLoss: 2.3903 +- 0.0388
144,  0 | TrAcc: 0.1549, TrLoss:  2.28619, VaAcc: 0.1297, VaLoss:  2.51823	 10 sampled NNs | VaAcc: 0.1161 +- 0.0044 | VaLoss: 2.3963 +- 0.0621
145,  0 | TrAcc: 0.1532, TrLoss:  2.28529, VaAcc: 0.1300, VaLoss:  2.51787	 10 sampled NNs | VaAcc: 0.1180 +- 0.0067 | VaLoss: 2.3570 +- 0.0441
146,  0 | TrAcc: 0.1546, TrLoss:  2.28340, VaAcc: 0.1316, VaLoss:  2.51486	 10 sampled NNs | VaAcc: 0.1165 +- 0.0060 | VaLoss: 2.4021 +- 0.0627
147,  0 | TrAcc: 0.1560, TrLoss:  2.28000, VaAcc: 0.1314, VaLoss:  2.51260	 10 sampled NNs | VaAcc: 0.1191 +- 0.0070 | VaLoss: 2.3583 +- 0.0365
148,  0 | TrAcc: 0.1540, TrLoss:  2.28068, VaAcc: 0.1323, VaLoss:  2.51038	 10 sampled NNs | VaAcc: 0.1222 +- 0.0082 | VaLoss: 2.3644 +- 0.0606
149,  0 | TrAcc: 0.1563, TrLoss:  2.27901, VaAcc: 0.1315, VaLoss:  2.50840	 10 sampled NNs | VaAcc: 0.1178 +- 0.0063 | VaLoss: 2.3881 +- 0.0515
150,  0 | TrAcc: 0.1560, TrLoss:  2.27473, VaAcc: 0.1322, VaLoss:  2.50876	 10 sampled NNs | VaAcc: 0.1192 +- 0.0086 | VaLoss: 2.3908 +- 0.0891
151,  0 | TrAcc: 0.1575, TrLoss:  2.27187, VaAcc: 0.1326, VaLoss:  2.50437	 10 sampled NNs | VaAcc: 0.1191 +- 0.0104 | VaLoss: 2.3962 +- 0.0576
152,  0 | TrAcc: 0.1585, TrLoss:  2.26973, VaAcc: 0.1365, VaLoss:  2.50043	 10 sampled NNs | VaAcc: 0.1201 +- 0.0104 | VaLoss: 2.3828 +- 0.0597
153,  0 | TrAcc: 0.1603, TrLoss:  2.26912, VaAcc: 0.1398, VaLoss:  2.49895	 10 sampled NNs | VaAcc: 0.1234 +- 0.0074 | VaLoss: 2.3796 +- 0.0635
154,  0 | TrAcc: 0.1594, TrLoss:  2.26543, VaAcc: 0.1421, VaLoss:  2.49505	 10 sampled NNs | VaAcc: 0.1235 +- 0.0086 | VaLoss: 2.4309 +- 0.0761
155,  0 | TrAcc: 0.1655, TrLoss:  2.26302, VaAcc: 0.1500, VaLoss:  2.49071	 10 sampled NNs | VaAcc: 0.1244 +- 0.0075 | VaLoss: 2.3706 +- 0.0579
156,  0 | TrAcc: 0.1686, TrLoss:  2.25919, VaAcc: 0.1513, VaLoss:  2.48765	 10 sampled NNs | VaAcc: 0.1201 +- 0.0091 | VaLoss: 2.4110 +- 0.0897
157,  0 | TrAcc: 0.1723, TrLoss:  2.25296, VaAcc: 0.1574, VaLoss:  2.48387	 10 sampled NNs | VaAcc: 0.1249 +- 0.0060 | VaLoss: 2.3633 +- 0.0586
158,  0 | TrAcc: 0.1726, TrLoss:  2.25236, VaAcc: 0.1568, VaLoss:  2.48202	 10 sampled NNs | VaAcc: 0.1253 +- 0.0117 | VaLoss: 2.4288 +- 0.0472
159,  0 | TrAcc: 0.1754, TrLoss:  2.24826, VaAcc: 0.1617, VaLoss:  2.47279	 10 sampled NNs | VaAcc: 0.1211 +- 0.0129 | VaLoss: 2.4119 +- 0.0595
160,  0 | TrAcc: 0.1756, TrLoss:  2.24574, VaAcc: 0.1624, VaLoss:  2.47032	 10 sampled NNs | VaAcc: 0.1227 +- 0.0199 | VaLoss: 2.4026 +- 0.1157
161,  0 | TrAcc: 0.1789, TrLoss:  2.23923, VaAcc: 0.1667, VaLoss:  2.46362	 10 sampled NNs | VaAcc: 0.1267 +- 0.0160 | VaLoss: 2.3644 +- 0.0765
162,  0 | TrAcc: 0.1811, TrLoss:  2.23503, VaAcc: 0.1647, VaLoss:  2.46348	 10 sampled NNs | VaAcc: 0.1362 +- 0.0220 | VaLoss: 2.3479 +- 0.0896
163,  0 | TrAcc: 0.1841, TrLoss:  2.23103, VaAcc: 0.1666, VaLoss:  2.45621	 10 sampled NNs | VaAcc: 0.1250 +- 0.0118 | VaLoss: 2.4388 +- 0.0638
164,  0 | TrAcc: 0.1845, TrLoss:  2.22754, VaAcc: 0.1734, VaLoss:  2.44478	 10 sampled NNs | VaAcc: 0.1288 +- 0.0138 | VaLoss: 2.4135 +- 0.0557
165,  0 | TrAcc: 0.1881, TrLoss:  2.22062, VaAcc: 0.1758, VaLoss:  2.44481	 10 sampled NNs | VaAcc: 0.1395 +- 0.0146 | VaLoss: 2.3689 +- 0.0792
166,  0 | TrAcc: 0.1888, TrLoss:  2.21859, VaAcc: 0.1754, VaLoss:  2.43978	 10 sampled NNs | VaAcc: 0.1272 +- 0.0161 | VaLoss: 2.4102 +- 0.1077
167,  0 | TrAcc: 0.1910, TrLoss:  2.21284, VaAcc: 0.1790, VaLoss:  2.43326	 10 sampled NNs | VaAcc: 0.1223 +- 0.0113 | VaLoss: 2.4586 +- 0.1023
168,  0 | TrAcc: 0.1941, TrLoss:  2.20697, VaAcc: 0.1814, VaLoss:  2.42715	 10 sampled NNs | VaAcc: 0.1328 +- 0.0151 | VaLoss: 2.4126 +- 0.0804
169,  0 | TrAcc: 0.1965, TrLoss:  2.20180, VaAcc: 0.1889, VaLoss:  2.41827	 10 sampled NNs | VaAcc: 0.1369 +- 0.0200 | VaLoss: 2.4126 +- 0.1546
170,  0 | TrAcc: 0.1989, TrLoss:  2.19734, VaAcc: 0.1894, VaLoss:  2.41572	 10 sampled NNs | VaAcc: 0.1334 +- 0.0074 | VaLoss: 2.4019 +- 0.0526
171,  0 | TrAcc: 0.2042, TrLoss:  2.19038, VaAcc: 0.1986, VaLoss:  2.40610	 10 sampled NNs | VaAcc: 0.1519 +- 0.0150 | VaLoss: 2.3326 +- 0.0672
172,  0 | TrAcc: 0.2050, TrLoss:  2.18753, VaAcc: 0.2004, VaLoss:  2.40010	 10 sampled NNs | VaAcc: 0.1308 +- 0.0132 | VaLoss: 2.4466 +- 0.1383
173,  0 | TrAcc: 0.2068, TrLoss:  2.18150, VaAcc: 0.1993, VaLoss:  2.40335	 10 sampled NNs | VaAcc: 0.1486 +- 0.0244 | VaLoss: 2.4294 +- 0.1822
174,  0 | TrAcc: 0.2095, TrLoss:  2.17745, VaAcc: 0.1997, VaLoss:  2.39389	 10 sampled NNs | VaAcc: 0.1453 +- 0.0114 | VaLoss: 2.3634 +- 0.1077
175,  0 | TrAcc: 0.2110, TrLoss:  2.17479, VaAcc: 0.2079, VaLoss:  2.38775	 10 sampled NNs | VaAcc: 0.1331 +- 0.0119 | VaLoss: 2.4389 +- 0.1179
176,  0 | TrAcc: 0.2154, TrLoss:  2.16843, VaAcc: 0.2067, VaLoss:  2.38518	 10 sampled NNs | VaAcc: 0.1535 +- 0.0191 | VaLoss: 2.3567 +- 0.1090
177,  0 | TrAcc: 0.2149, TrLoss:  2.16474, VaAcc: 0.2137, VaLoss:  2.37395	 10 sampled NNs | VaAcc: 0.1440 +- 0.0216 | VaLoss: 2.3534 +- 0.1289
178,  0 | TrAcc: 0.2177, TrLoss:  2.16170, VaAcc: 0.2121, VaLoss:  2.37456	 10 sampled NNs | VaAcc: 0.1412 +- 0.0161 | VaLoss: 2.3757 +- 0.1096
179,  0 | TrAcc: 0.2190, TrLoss:  2.15557, VaAcc: 0.2155, VaLoss:  2.36410	 10 sampled NNs | VaAcc: 0.1515 +- 0.0225 | VaLoss: 2.3981 +- 0.1465
180,  0 | TrAcc: 0.2191, TrLoss:  2.15549, VaAcc: 0.2144, VaLoss:  2.36221	 10 sampled NNs | VaAcc: 0.1597 +- 0.0150 | VaLoss: 2.3238 +- 0.0557
181,  0 | TrAcc: 0.2247, TrLoss:  2.14546, VaAcc: 0.2194, VaLoss:  2.35589	 10 sampled NNs | VaAcc: 0.1351 +- 0.0252 | VaLoss: 2.4438 +- 0.1939
182,  0 | TrAcc: 0.2233, TrLoss:  2.14302, VaAcc: 0.2226, VaLoss:  2.34756	 10 sampled NNs | VaAcc: 0.1524 +- 0.0237 | VaLoss: 2.4334 +- 0.1971
183,  0 | TrAcc: 0.2253, TrLoss:  2.13708, VaAcc: 0.2222, VaLoss:  2.34703	 10 sampled NNs | VaAcc: 0.1471 +- 0.0160 | VaLoss: 2.4188 +- 0.1024
184,  0 | TrAcc: 0.2275, TrLoss:  2.13450, VaAcc: 0.2229, VaLoss:  2.33619	 10 sampled NNs | VaAcc: 0.1600 +- 0.0125 | VaLoss: 2.3510 +- 0.1132
185,  0 | TrAcc: 0.2285, TrLoss:  2.13061, VaAcc: 0.2258, VaLoss:  2.32978	 10 sampled NNs | VaAcc: 0.1476 +- 0.0139 | VaLoss: 2.3810 +- 0.1099
186,  0 | TrAcc: 0.2312, TrLoss:  2.12372, VaAcc: 0.2271, VaLoss:  2.32540	 10 sampled NNs | VaAcc: 0.1674 +- 0.0202 | VaLoss: 2.4046 +- 0.1732
187,  0 | TrAcc: 0.2314, TrLoss:  2.11896, VaAcc: 0.2265, VaLoss:  2.32242	 10 sampled NNs | VaAcc: 0.1625 +- 0.0247 | VaLoss: 2.3484 +- 0.1418
188,  0 | TrAcc: 0.2312, TrLoss:  2.11750, VaAcc: 0.2271, VaLoss:  2.31993	 10 sampled NNs | VaAcc: 0.1483 +- 0.0124 | VaLoss: 2.4308 +- 0.1285
189,  0 | TrAcc: 0.2334, TrLoss:  2.11148, VaAcc: 0.2288, VaLoss:  2.31032	 10 sampled NNs | VaAcc: 0.1557 +- 0.0231 | VaLoss: 2.4443 +- 0.2218
190,  0 | TrAcc: 0.2355, TrLoss:  2.10569, VaAcc: 0.2334, VaLoss:  2.30524	 10 sampled NNs | VaAcc: 0.1646 +- 0.0305 | VaLoss: 2.3410 +- 0.1365
191,  0 | TrAcc: 0.2353, TrLoss:  2.10418, VaAcc: 0.2289, VaLoss:  2.30287	 10 sampled NNs | VaAcc: 0.1727 +- 0.0247 | VaLoss: 2.2846 +- 0.1111
192,  0 | TrAcc: 0.2367, TrLoss:  2.09906, VaAcc: 0.2332, VaLoss:  2.29419	 10 sampled NNs | VaAcc: 0.1660 +- 0.0166 | VaLoss: 2.3783 +- 0.1271
193,  0 | TrAcc: 0.2387, TrLoss:  2.09181, VaAcc: 0.2377, VaLoss:  2.28439	 10 sampled NNs | VaAcc: 0.1776 +- 0.0177 | VaLoss: 2.2693 +- 0.0889
194,  0 | TrAcc: 0.2398, TrLoss:  2.08865, VaAcc: 0.2367, VaLoss:  2.28442	 10 sampled NNs | VaAcc: 0.1725 +- 0.0214 | VaLoss: 2.2856 +- 0.1069
195,  0 | TrAcc: 0.2408, TrLoss:  2.08218, VaAcc: 0.2365, VaLoss:  2.27658	 10 sampled NNs | VaAcc: 0.1790 +- 0.0189 | VaLoss: 2.2484 +- 0.0864
196,  0 | TrAcc: 0.2408, TrLoss:  2.08115, VaAcc: 0.2376, VaLoss:  2.26891	 10 sampled NNs | VaAcc: 0.1584 +- 0.0200 | VaLoss: 2.3057 +- 0.1242
197,  0 | TrAcc: 0.2441, TrLoss:  2.07228, VaAcc: 0.2410, VaLoss:  2.25824	 10 sampled NNs | VaAcc: 0.1626 +- 0.0217 | VaLoss: 2.3508 +- 0.2273
198,  0 | TrAcc: 0.2440, TrLoss:  2.06991, VaAcc: 0.2410, VaLoss:  2.25571	 10 sampled NNs | VaAcc: 0.1605 +- 0.0212 | VaLoss: 2.3619 +- 0.1018
199,  0 | TrAcc: 0.2459, TrLoss:  2.06421, VaAcc: 0.2439, VaLoss:  2.24849	 10 sampled NNs | VaAcc: 0.1668 +- 0.0264 | VaLoss: 2.3675 +- 0.1904
12601.079882999999
----------------------------
