

config:

HOME=/clusterFS/home/student/kopp13
PATH=/clusterFS/home/student/kopp13/miniconda3/envs/tensorflow/bin:/clusterFS/home/student/kopp13/miniconda3/bin:/clusterFS/home/student/kopp13/bin:/usr/local/bin:/usr/bin:/bin:/usr/local/games:/usr/games
LD_LIBRARY_PATH=
THEANO_FLAGS=floatX=float32,gpuarray.preallocate=0.9,dnn.library_path=/usr/lib/x86_64-linux-gnu,cxx=clang++-3.8,device=cuda,base_compiledir=/tmp/tmp.E7T55ik4hT

=============================
CONFIG FILE

RNN CONFIG
{'data_multiplier': 1000,
 'gradient_clip_value': 0.5,
 'layer_configs': [{'layer_type': 'input'},
                   {'bc': {'init_m': 'xavier',
                           'init_v': -4.5,
                           'prior_m': 0.0,
                           'prior_v': 0.0,
                           'type': 'continuous'},
                    'bf': {'init_m': 'xavier',
                           'init_v': -4.5,
                           'prior_m': 0.0,
                           'prior_v': 0.0,
                           'type': 'continuous'},
                    'bi': {'init_m': 'xavier',
                           'init_v': -4.5,
                           'prior_m': 0.0,
                           'prior_v': 0.0,
                           'type': 'continuous'},
                    'bo': {'init_m': 'xavier',
                           'init_v': -4.5,
                           'prior_m': 0.0,
                           'prior_v': 0.0,
                           'type': 'continuous'},
                    'discrete_act': True,
                    'init_config': {'c': {'b': 'all_zero', 'w': 'xavier'},
                                    'f': {'b': 'all_one', 'w': 'all_zero'},
                                    'i': {'b': 'all_zero', 'w': 'xavier'},
                                    'o': {'b': 'all_zero', 'w': 'xavier'}},
                    'is_output': False,
                    'is_recurrent': True,
                    'layer_type': 'lstm',
                    'normalize_mean': True,
                    'tau': 0.8,
                    'var_scope': 'lstm_0',
                    'wc': {'p0max': 0.95,
                           'p0min': 0.05,
                           'pmax': 0.99,
                           'pmin': 0.01,
                           'priors': [0.1, 0.8, 0.1],
                           'type': 'ternary'},
                    'wf': {'p0max': 0.95,
                           'p0min': 0.05,
                           'pmax': 0.99,
                           'pmin': 0.01,
                           'priors': [0.1, 0.8, 0.1],
                           'type': 'ternary'},
                    'wi': {'p0max': 0.95,
                           'p0min': 0.05,
                           'pmax': 0.99,
                           'pmin': 0.01,
                           'priors': [0.1, 0.8, 0.1],
                           'type': 'ternary'},
                    'wo': {'p0max': 0.95,
                           'p0min': 0.05,
                           'pmax': 0.99,
                           'pmin': 0.01,
                           'priors': [0.1, 0.8, 0.1],
                           'type': 'ternary'}},
                   {'bc': {'init_m': 'xavier',
                           'init_v': -4.5,
                           'prior_m': 0.0,
                           'prior_v': 0.0,
                           'type': 'continuous'},
                    'bf': {'init_m': 'xavier',
                           'init_v': -4.5,
                           'prior_m': 0.0,
                           'prior_v': 0.0,
                           'type': 'continuous'},
                    'bi': {'init_m': 'xavier',
                           'init_v': -4.5,
                           'prior_m': 0.0,
                           'prior_v': 0.0,
                           'type': 'continuous'},
                    'bo': {'init_m': 'xavier',
                           'init_v': -4.5,
                           'prior_m': 0.0,
                           'prior_v': 0.0,
                           'type': 'continuous'},
                    'discrete_act': True,
                    'init_config': {'c': {'b': 'all_zero', 'w': 'xavier'},
                                    'f': {'b': 'all_one', 'w': 'all_zero'},
                                    'i': {'b': 'all_zero', 'w': 'xavier'},
                                    'o': {'b': 'all_zero', 'w': 'xavier'}},
                    'is_output': False,
                    'is_recurrent': True,
                    'layer_type': 'lstm',
                    'normalize_mean': True,
                    'tau': 0.8,
                    'var_scope': 'lstm_1',
                    'wc': {'p0max': 0.95,
                           'p0min': 0.05,
                           'pmax': 0.99,
                           'pmin': 0.01,
                           'priors': [0.1, 0.8, 0.1],
                           'type': 'ternary'},
                    'wf': {'p0max': 0.95,
                           'p0min': 0.05,
                           'pmax': 0.99,
                           'pmin': 0.01,
                           'priors': [0.1, 0.8, 0.1],
                           'type': 'ternary'},
                    'wi': {'p0max': 0.95,
                           'p0min': 0.05,
                           'pmax': 0.99,
                           'pmin': 0.01,
                           'priors': [0.1, 0.8, 0.1],
                           'type': 'ternary'},
                    'wo': {'p0max': 0.95,
                           'p0min': 0.05,
                           'pmax': 0.99,
                           'pmin': 0.01,
                           'priors': [0.1, 0.8, 0.1],
                           'type': 'ternary'}},
                   {'b': {'init_m': 'xavier',
                          'init_v': -4.5,
                          'prior_m': 0.0,
                          'prior_v': 0.0,
                          'type': 'continuous'},
                    'is_output': True,
                    'is_recurrent': False,
                    'layer_type': 'fc',
                    'regularization': {'mode': None, 'strength': 0.02},
                    'tau': 0.8,
                    'var_scope': 'output_layer',
                    'w': {'p0max': 0.95,
                          'p0min': 0.05,
                          'pmax': 0.99,
                          'pmin': 0.01,
                          'priors': [0.1, 0.8, 0.1],
                          'type': 'ternary'}}],
 'layout': [4, 60, 60, 10],
 'output_type': 'classification'}

DATA CONFIG
{'dataset': 'red_penstroke',
 'tr': {'in_seq_len': 30,
        'minibatch_enabled': True,
        'minibatch_size': 200,
        'out_seq_len': 5,
        'zero_padding': 20},
 'va': {'in_seq_len': 30,
        'minibatch_enabled': True,
        'minibatch_size': 200,
        'out_seq_len': 5,
        'zero_padding': 20}}

TRAINING CONFIG
{'beta_reg': 0.0,
 'ent_reg': 0.001,
 'is_pretrain': False,
 'learning_rate': 0.001,
 'mode': {'max_epochs': 500, 'min_error': 0.0, 'name': 'classic'},
 'task_id': 2,
 'type': 'l_sampling',
 'var_reg': 0.0}
==============================


  0,  0 | TrAcc: 0.0973, TrLoss:  6.87338, VaAcc: 0.0988, VaLoss:  6.88341	 20 sampled NNs | VaAcc: 0.0994 +- 0.0109 | VaLoss: 3.1353 +- 0.1177
  1,  0 | TrAcc: 0.1034, TrLoss:  5.34835, VaAcc: 0.1029, VaLoss:  5.38612	 20 sampled NNs | VaAcc: 0.1109 +- 0.0114 | VaLoss: 2.7804 +- 0.0765
  2,  0 | TrAcc: 0.1101, TrLoss:  4.26967, VaAcc: 0.1075, VaLoss:  4.33606	 20 sampled NNs | VaAcc: 0.1191 +- 0.0093 | VaLoss: 2.6440 +- 0.0575
  3,  0 | TrAcc: 0.1101, TrLoss:  3.63195, VaAcc: 0.1090, VaLoss:  3.65751	 20 sampled NNs | VaAcc: 0.1219 +- 0.0122 | VaLoss: 2.5258 +- 0.0727
  4,  0 | TrAcc: 0.1122, TrLoss:  3.17956, VaAcc: 0.1114, VaLoss:  3.18606	 20 sampled NNs | VaAcc: 0.1235 +- 0.0131 | VaLoss: 2.3922 +- 0.0332
  5,  0 | TrAcc: 0.1095, TrLoss:  2.90371, VaAcc: 0.1080, VaLoss:  2.91666	 20 sampled NNs | VaAcc: 0.1144 +- 0.0120 | VaLoss: 2.3769 +- 0.0370
  6,  0 | TrAcc: 0.1183, TrLoss:  2.69242, VaAcc: 0.1111, VaLoss:  2.73096	 20 sampled NNs | VaAcc: 0.1175 +- 0.0131 | VaLoss: 2.3732 +- 0.0424
  7,  0 | TrAcc: 0.1122, TrLoss:  2.58350, VaAcc: 0.1121, VaLoss:  2.57273	 20 sampled NNs | VaAcc: 0.1247 +- 0.0118 | VaLoss: 2.3010 +- 0.0357
  8,  0 | TrAcc: 0.1238, TrLoss:  2.46523, VaAcc: 0.1135, VaLoss:  2.49799	 20 sampled NNs | VaAcc: 0.1213 +- 0.0067 | VaLoss: 2.2968 +- 0.0200
  9,  0 | TrAcc: 0.1222, TrLoss:  2.40249, VaAcc: 0.1223, VaLoss:  2.41143	 20 sampled NNs | VaAcc: 0.1233 +- 0.0099 | VaLoss: 2.2713 +- 0.0192
 10,  0 | TrAcc: 0.1369, TrLoss:  2.35060, VaAcc: 0.1146, VaLoss:  2.40002	 20 sampled NNs | VaAcc: 0.1202 +- 0.0103 | VaLoss: 2.3050 +- 0.0178
 11,  0 | TrAcc: 0.1294, TrLoss:  2.31053, VaAcc: 0.1203, VaLoss:  2.34498	 20 sampled NNs | VaAcc: 0.1358 +- 0.0060 | VaLoss: 2.2700 +- 0.0121
 12,  0 | TrAcc: 0.1347, TrLoss:  2.32595, VaAcc: 0.1192, VaLoss:  2.34766	 20 sampled NNs | VaAcc: 0.1228 +- 0.0052 | VaLoss: 2.2899 +- 0.0120
 13,  0 | TrAcc: 0.1310, TrLoss:  2.30827, VaAcc: 0.1271, VaLoss:  2.28177	 20 sampled NNs | VaAcc: 0.1249 +- 0.0035 | VaLoss: 2.2447 +- 0.0142
 14,  0 | TrAcc: 0.1250, TrLoss:  2.27873, VaAcc: 0.1288, VaLoss:  2.26383	 20 sampled NNs | VaAcc: 0.1256 +- 0.0028 | VaLoss: 2.2318 +- 0.0043
 15,  0 | TrAcc: 0.1485, TrLoss:  2.27049, VaAcc: 0.1281, VaLoss:  2.27158	 20 sampled NNs | VaAcc: 0.1248 +- 0.0052 | VaLoss: 2.2552 +- 0.0090
 16,  0 | TrAcc: 0.1467, TrLoss:  2.26739, VaAcc: 0.1243, VaLoss:  2.28525	 20 sampled NNs | VaAcc: 0.1257 +- 0.0026 | VaLoss: 2.2691 +- 0.0064
 17,  0 | TrAcc: 0.1566, TrLoss:  2.25257, VaAcc: 0.1256, VaLoss:  2.28279	 20 sampled NNs | VaAcc: 0.1247 +- 0.0024 | VaLoss: 2.2687 +- 0.0024
 18,  0 | TrAcc: 0.1505, TrLoss:  2.25819, VaAcc: 0.1263, VaLoss:  2.26203	 20 sampled NNs | VaAcc: 0.1246 +- 0.0021 | VaLoss: 2.2529 +- 0.0043
 19,  0 | TrAcc: 0.1299, TrLoss:  2.25975, VaAcc: 0.1283, VaLoss:  2.25540	 20 sampled NNs | VaAcc: 0.1250 +- 0.0010 | VaLoss: 2.2474 +- 0.0017
 20,  0 | TrAcc: 0.1425, TrLoss:  2.26897, VaAcc: 0.1281, VaLoss:  2.25988	 20 sampled NNs | VaAcc: 0.1252 +- 0.0000 | VaLoss: 2.2534 +- 0.0002
 21,  0 | TrAcc: 0.1413, TrLoss:  2.26624, VaAcc: 0.1254, VaLoss:  2.24716	 20 sampled NNs | VaAcc: 0.1250 +- 0.0009 | VaLoss: 2.2425 +- 0.0011
 22,  0 | TrAcc: 0.1563, TrLoss:  2.25318, VaAcc: 0.1249, VaLoss:  2.24950	 20 sampled NNs | VaAcc: 0.1247 +- 0.0023 | VaLoss: 2.2461 +- 0.0023
 23,  0 | TrAcc: 0.1579, TrLoss:  2.24634, VaAcc: 0.1301, VaLoss:  2.25915	 20 sampled NNs | VaAcc: 0.1252 +- 0.0000 | VaLoss: 2.2561 +- 0.0001
 24,  0 | TrAcc: 0.1629, TrLoss:  2.25795, VaAcc: 0.1233, VaLoss:  2.25573	 20 sampled NNs | VaAcc: 0.1255 +- 0.0012 | VaLoss: 2.2538 +- 0.0020
 25,  0 | TrAcc: 0.1675, TrLoss:  2.25882, VaAcc: 0.1252, VaLoss:  2.25948	 20 sampled NNs | VaAcc: 0.1252 +- 0.0000 | VaLoss: 2.2576 +- 0.0002
 26,  0 | TrAcc: 0.1610, TrLoss:  2.25835, VaAcc: 0.1252, VaLoss:  2.26993	 20 sampled NNs | VaAcc: 0.1252 +- 0.0000 | VaLoss: 2.2684 +- 0.0002
 27,  0 | TrAcc: 0.1600, TrLoss:  2.24467, VaAcc: 0.1256, VaLoss:  2.28313	 20 sampled NNs | VaAcc: 0.1252 +- 0.0000 | VaLoss: 2.2824 +- 0.0033
 28,  0 | TrAcc: 0.1566, TrLoss:  2.25886, VaAcc: 0.1252, VaLoss:  2.25339	 20 sampled NNs | VaAcc: 0.1251 +- 0.0004 | VaLoss: 2.2530 +- 0.0037
 29,  0 | TrAcc: 0.1448, TrLoss:  2.25303, VaAcc: 0.1333, VaLoss:  2.25809	 20 sampled NNs | VaAcc: 0.1375 +- 0.0000 | VaLoss: 2.2571 +- 0.0001
 30,  0 | TrAcc: 0.1594, TrLoss:  2.25160, VaAcc: 0.1252, VaLoss:  2.27655	 20 sampled NNs | VaAcc: 0.1252 +- 0.0000 | VaLoss: 2.2758 +- 0.0001
 31,  0 | TrAcc: 0.1284, TrLoss:  2.25879, VaAcc: 0.1252, VaLoss:  2.28123	 20 sampled NNs | VaAcc: 0.1252 +- 0.0000 | VaLoss: 2.2805 +- 0.0001
 32,  0 | TrAcc: 0.1420, TrLoss:  2.25573, VaAcc: 0.1356, VaLoss:  2.24405	 20 sampled NNs | VaAcc: 0.1375 +- 0.0000 | VaLoss: 2.2433 +- 0.0000
 33,  0 | TrAcc: 0.1614, TrLoss:  2.24190, VaAcc: 0.1251, VaLoss:  2.27846	 20 sampled NNs | VaAcc: 0.1252 +- 0.0000 | VaLoss: 2.2777 +- 0.0001
 34,  0 | TrAcc: 0.1238, TrLoss:  2.26227, VaAcc: 0.1369, VaLoss:  2.23939	 20 sampled NNs | VaAcc: 0.1375 +- 0.0000 | VaLoss: 2.2388 +- 0.0001
 35,  0 | TrAcc: 0.1534, TrLoss:  2.25269, VaAcc: 0.1373, VaLoss:  2.26965	 20 sampled NNs | VaAcc: 0.1375 +- 0.0000 | VaLoss: 2.2690 +- 0.0001
 36,  0 | TrAcc: 0.1692, TrLoss:  2.25475, VaAcc: 0.1252, VaLoss:  2.26212	 20 sampled NNs | VaAcc: 0.1252 +- 0.0000 | VaLoss: 2.2617 +- 0.0001
 37,  0 | TrAcc: 0.1185, TrLoss:  2.25922, VaAcc: 0.1369, VaLoss:  2.25777	 20 sampled NNs | VaAcc: 0.1375 +- 0.0000 | VaLoss: 2.2573 +- 0.0000
 38,  0 | TrAcc: 0.1590, TrLoss:  2.25857, VaAcc: 0.1252, VaLoss:  2.27706	 20 sampled NNs | VaAcc: 0.1252 +- 0.0000 | VaLoss: 2.2766 +- 0.0000
 39,  0 | TrAcc: 0.1581, TrLoss:  2.25480, VaAcc: 0.1252, VaLoss:  2.25833	 20 sampled NNs | VaAcc: 0.1252 +- 0.0000 | VaLoss: 2.2580 +- 0.0000
 40,  0 | TrAcc: 0.1448, TrLoss:  2.25991, VaAcc: 0.1258, VaLoss:  2.25572	 20 sampled NNs | VaAcc: 0.1252 +- 0.0000 | VaLoss: 2.2553 +- 0.0000
 41,  0 | TrAcc: 0.1403, TrLoss:  2.25724, VaAcc: 0.1336, VaLoss:  2.25070	 20 sampled NNs | VaAcc: 0.1375 +- 0.0000 | VaLoss: 2.2503 +- 0.0000
 42,  0 | TrAcc: 0.1338, TrLoss:  2.26344, VaAcc: 0.1280, VaLoss:  2.24952	 20 sampled NNs | VaAcc: 0.1252 +- 0.0000 | VaLoss: 2.2491 +- 0.0000
 43,  0 | TrAcc: 0.1519, TrLoss:  2.24953, VaAcc: 0.1252, VaLoss:  2.26092	 20 sampled NNs | VaAcc: 0.1252 +- 0.0000 | VaLoss: 2.2605 +- 0.0000
 44,  0 | TrAcc: 0.1517, TrLoss:  2.25946, VaAcc: 0.1366, VaLoss:  2.24612	 20 sampled NNs | VaAcc: 0.1375 +- 0.0000 | VaLoss: 2.2459 +- 0.0000
 45,  0 | TrAcc: 0.1293, TrLoss:  2.23176, VaAcc: 0.1465, VaLoss:  2.25606	 20 sampled NNs | VaAcc: 0.1485 +- 0.0000 | VaLoss: 2.2557 +- 0.0000
 46,  0 | TrAcc: 0.1730, TrLoss:  2.23940, VaAcc: 0.1252, VaLoss:  2.27445	 20 sampled NNs | VaAcc: 0.1252 +- 0.0000 | VaLoss: 2.2742 +- 0.0000
 47,  0 | TrAcc: 0.1522, TrLoss:  2.25495, VaAcc: 0.1375, VaLoss:  2.24133	 20 sampled NNs | VaAcc: 0.1375 +- 0.0000 | VaLoss: 2.2411 +- 0.0000
 48,  0 | TrAcc: 0.1566, TrLoss:  2.26433, VaAcc: 0.1252, VaLoss:  2.25985	 20 sampled NNs | VaAcc: 0.1252 +- 0.0000 | VaLoss: 2.2596 +- 0.0000
 49,  0 | TrAcc: 0.1605, TrLoss:  2.25944, VaAcc: 0.1252, VaLoss:  2.26706	 20 sampled NNs | VaAcc: 0.1252 +- 0.0000 | VaLoss: 2.2667 +- 0.0000
 50,  0 | TrAcc: 0.1664, TrLoss:  2.24144, VaAcc: 0.1252, VaLoss:  2.25520	 20 sampled NNs | VaAcc: 0.1252 +- 0.0000 | VaLoss: 2.2549 +- 0.0000
 51,  0 | TrAcc: 0.1684, TrLoss:  2.24376, VaAcc: 0.1252, VaLoss:  2.25393	 20 sampled NNs | VaAcc: 0.1252 +- 0.0000 | VaLoss: 2.2537 +- 0.0000
 52,  0 | TrAcc: 0.1669, TrLoss:  2.24293, VaAcc: 0.1252, VaLoss:  2.26425	 20 sampled NNs | VaAcc: 0.1252 +- 0.0000 | VaLoss: 2.2640 +- 0.0000
 53,  0 | TrAcc: 0.1439, TrLoss:  2.26916, VaAcc: 0.1252, VaLoss:  2.25678	 20 sampled NNs | VaAcc: 0.1252 +- 0.0000 | VaLoss: 2.2565 +- 0.0000
 54,  0 | TrAcc: 0.1172, TrLoss:  2.26942, VaAcc: 0.0956, VaLoss:  2.26275	 20 sampled NNs | VaAcc: 0.0843 +- 0.0000 | VaLoss: 2.2625 +- 0.0000
 55,  0 | TrAcc: 0.1504, TrLoss:  2.24891, VaAcc: 0.1252, VaLoss:  2.28176	 20 sampled NNs | VaAcc: 0.1252 +- 0.0000 | VaLoss: 2.2815 +- 0.0000
 56,  0 | TrAcc: 0.1586, TrLoss:  2.24386, VaAcc: 0.1252, VaLoss:  2.25393	 20 sampled NNs | VaAcc: 0.1252 +- 0.0000 | VaLoss: 2.2537 +- 0.0000
 57,  0 | TrAcc: 0.1311, TrLoss:  2.25311, VaAcc: 0.1485, VaLoss:  2.24251	 20 sampled NNs | VaAcc: 0.1485 +- 0.0000 | VaLoss: 2.2422 +- 0.0000
 58,  0 | TrAcc: 0.1609, TrLoss:  2.24875, VaAcc: 0.1252, VaLoss:  2.25422	 20 sampled NNs | VaAcc: 0.1252 +- 0.0000 | VaLoss: 2.2540 +- 0.0000
 59,  0 | TrAcc: 0.1595, TrLoss:  2.24741, VaAcc: 0.1252, VaLoss:  2.27078	 20 sampled NNs | VaAcc: 0.1246 +- 0.0026 | VaLoss: 2.2710 +- 0.0019
 60,  0 | TrAcc: 0.1553, TrLoss:  2.25862, VaAcc: 0.1252, VaLoss:  2.23872	 20 sampled NNs | VaAcc: 0.1252 +- 0.0000 | VaLoss: 2.2384 +- 0.0000
 61,  0 | TrAcc: 0.1558, TrLoss:  2.24810, VaAcc: 0.1375, VaLoss:  2.26342	 20 sampled NNs | VaAcc: 0.1375 +- 0.0000 | VaLoss: 2.2632 +- 0.0000
 62,  0 | TrAcc: 0.1555, TrLoss:  2.24190, VaAcc: 0.1252, VaLoss:  2.25540	 20 sampled NNs | VaAcc: 0.1252 +- 0.0000 | VaLoss: 2.2552 +- 0.0000
 63,  0 | TrAcc: 0.1247, TrLoss:  2.25814, VaAcc: 0.1485, VaLoss:  2.26469	 20 sampled NNs | VaAcc: 0.1485 +- 0.0000 | VaLoss: 2.2645 +- 0.0000
 64,  0 | TrAcc: 0.1455, TrLoss:  2.24999, VaAcc: 0.1252, VaLoss:  2.26011	 20 sampled NNs | VaAcc: 0.1252 +- 0.0000 | VaLoss: 2.2598 +- 0.0000
 65,  0 | TrAcc: 0.1632, TrLoss:  2.23773, VaAcc: 0.1252, VaLoss:  2.24275	 20 sampled NNs | VaAcc: 0.1252 +- 0.0000 | VaLoss: 2.2425 +- 0.0000
 66,  0 | TrAcc: 0.1423, TrLoss:  2.25401, VaAcc: 0.1264, VaLoss:  2.24175	 20 sampled NNs | VaAcc: 0.1252 +- 0.0000 | VaLoss: 2.2415 +- 0.0000
 67,  0 | TrAcc: 0.1599, TrLoss:  2.26145, VaAcc: 0.1252, VaLoss:  2.26692	 20 sampled NNs | VaAcc: 0.1248 +- 0.0017 | VaLoss: 2.2680 +- 0.0059
 68,  0 | TrAcc: 0.1481, TrLoss:  2.26457, VaAcc: 0.1252, VaLoss:  2.25875	 20 sampled NNs | VaAcc: 0.1252 +- 0.0000 | VaLoss: 2.2585 +- 0.0000
 69,  0 | TrAcc: 0.1482, TrLoss:  2.25665, VaAcc: 0.1252, VaLoss:  2.26185	 20 sampled NNs | VaAcc: 0.1252 +- 0.0000 | VaLoss: 2.2616 +- 0.0000
 70,  0 | TrAcc: 0.1660, TrLoss:  2.24581, VaAcc: 0.1252, VaLoss:  2.25268	 20 sampled NNs | VaAcc: 0.1252 +- 0.0000 | VaLoss: 2.2524 +- 0.0000
 71,  0 | TrAcc: 0.1489, TrLoss:  2.25958, VaAcc: 0.1252, VaLoss:  2.24992	 20 sampled NNs | VaAcc: 0.1252 +- 0.0000 | VaLoss: 2.2497 +- 0.0000
 72,  0 | TrAcc: 0.1452, TrLoss:  2.25631, VaAcc: 0.1252, VaLoss:  2.24287	 20 sampled NNs | VaAcc: 0.1252 +- 0.0000 | VaLoss: 2.2427 +- 0.0000
 73,  0 | TrAcc: 0.1850, TrLoss:  2.23575, VaAcc: 0.1252, VaLoss:  2.25794	 20 sampled NNs | VaAcc: 0.1252 +- 0.0000 | VaLoss: 2.2577 +- 0.0000
 74,  0 | TrAcc: 0.1609, TrLoss:  2.26573, VaAcc: 0.1252, VaLoss:  2.27344	 20 sampled NNs | VaAcc: 0.1252 +- 0.0000 | VaLoss: 2.2732 +- 0.0000
 75,  0 | TrAcc: 0.1589, TrLoss:  2.25894, VaAcc: 0.1261, VaLoss:  2.24531	 20 sampled NNs | VaAcc: 0.1252 +- 0.0000 | VaLoss: 2.2451 +- 0.0000
 76,  0 | TrAcc: 0.1722, TrLoss:  2.23259, VaAcc: 0.1252, VaLoss:  2.25508	 20 sampled NNs | VaAcc: 0.1252 +- 0.0000 | VaLoss: 2.2549 +- 0.0000
 77,  0 | TrAcc: 0.1742, TrLoss:  2.24473, VaAcc: 0.1252, VaLoss:  2.25636	 20 sampled NNs | VaAcc: 0.1252 +- 0.0000 | VaLoss: 2.2562 +- 0.0000
 78,  0 | TrAcc: 0.1547, TrLoss:  2.25006, VaAcc: 0.1252, VaLoss:  2.25354	 20 sampled NNs | VaAcc: 0.1252 +- 0.0000 | VaLoss: 2.2533 +- 0.0000
 79,  0 | TrAcc: 0.1653, TrLoss:  2.25058, VaAcc: 0.1252, VaLoss:  2.25373	 20 sampled NNs | VaAcc: 0.1252 +- 0.0000 | VaLoss: 2.2535 +- 0.0000
 80,  0 | TrAcc: 0.1648, TrLoss:  2.25201, VaAcc: 0.1252, VaLoss:  2.27048	 20 sampled NNs | VaAcc: 0.1252 +- 0.0000 | VaLoss: 2.2702 +- 0.0000
 81,  0 | TrAcc: 0.1517, TrLoss:  2.25666, VaAcc: 0.1252, VaLoss:  2.26432	 20 sampled NNs | VaAcc: 0.1252 +- 0.0000 | VaLoss: 2.2641 +- 0.0000
 82,  0 | TrAcc: 0.1661, TrLoss:  2.24954, VaAcc: 0.1252, VaLoss:  2.29076	 20 sampled NNs | VaAcc: 0.1252 +- 0.0000 | VaLoss: 2.2906 +- 0.0000
 83,  0 | TrAcc: 0.1471, TrLoss:  2.26894, VaAcc: 0.1375, VaLoss:  2.25436	 20 sampled NNs | VaAcc: 0.1375 +- 0.0000 | VaLoss: 2.2542 +- 0.0000
 84,  0 | TrAcc: 0.1721, TrLoss:  2.23823, VaAcc: 0.1252, VaLoss:  2.24934	 20 sampled NNs | VaAcc: 0.1252 +- 0.0000 | VaLoss: 2.2491 +- 0.0000
 85,  0 | TrAcc: 0.1429, TrLoss:  2.25916, VaAcc: 0.1252, VaLoss:  2.25781	 20 sampled NNs | VaAcc: 0.1252 +- 0.0000 | VaLoss: 2.2576 +- 0.0000
 86,  0 | TrAcc: 0.1465, TrLoss:  2.24346, VaAcc: 0.1345, VaLoss:  2.24935	 20 sampled NNs | VaAcc: 0.1375 +- 0.0000 | VaLoss: 2.2492 +- 0.0000
 87,  0 | TrAcc: 0.1471, TrLoss:  2.24671, VaAcc: 0.1252, VaLoss:  2.24861	 20 sampled NNs | VaAcc: 0.1252 +- 0.0000 | VaLoss: 2.2484 +- 0.0000
 88,  0 | TrAcc: 0.1632, TrLoss:  2.24365, VaAcc: 0.1252, VaLoss:  2.27080	 20 sampled NNs | VaAcc: 0.1252 +- 0.0000 | VaLoss: 2.2706 +- 0.0000
 89,  0 | TrAcc: 0.1513, TrLoss:  2.26624, VaAcc: 0.1252, VaLoss:  2.26300	 20 sampled NNs | VaAcc: 0.1252 +- 0.0000 | VaLoss: 2.2628 +- 0.0000
 90,  0 | TrAcc: 0.1502, TrLoss:  2.25296, VaAcc: 0.1252, VaLoss:  2.26730	 20 sampled NNs | VaAcc: 0.1252 +- 0.0000 | VaLoss: 2.2671 +- 0.0000
 91,  0 | TrAcc: 0.1264, TrLoss:  2.26981, VaAcc: 0.1375, VaLoss:  2.24689	 20 sampled NNs | VaAcc: 0.1375 +- 0.0000 | VaLoss: 2.2467 +- 0.0000
 92,  0 | TrAcc: 0.1673, TrLoss:  2.22765, VaAcc: 0.1252, VaLoss:  2.29252	 20 sampled NNs | VaAcc: 0.1252 +- 0.0000 | VaLoss: 2.2923 +- 0.0000
 93,  0 | TrAcc: 0.1518, TrLoss:  2.24601, VaAcc: 0.1220, VaLoss:  2.25036	 20 sampled NNs | VaAcc: 0.1252 +- 0.0000 | VaLoss: 2.2502 +- 0.0000
 94,  0 | TrAcc: 0.1469, TrLoss:  2.25267, VaAcc: 0.1252, VaLoss:  2.26735	 20 sampled NNs | VaAcc: 0.1252 +- 0.0000 | VaLoss: 2.2671 +- 0.0000
 95,  0 | TrAcc: 0.1752, TrLoss:  2.23384, VaAcc: 0.1252, VaLoss:  2.25266	 20 sampled NNs | VaAcc: 0.1252 +- 0.0000 | VaLoss: 2.2525 +- 0.0000
 96,  0 | TrAcc: 0.1619, TrLoss:  2.24321, VaAcc: 0.1252, VaLoss:  2.23686	 20 sampled NNs | VaAcc: 0.1252 +- 0.0000 | VaLoss: 2.2367 +- 0.0000
 97,  0 | TrAcc: 0.1596, TrLoss:  2.25866, VaAcc: 0.1252, VaLoss:  2.26628	 20 sampled NNs | VaAcc: 0.1252 +- 0.0000 | VaLoss: 2.2661 +- 0.0000
 98,  0 | TrAcc: 0.1592, TrLoss:  2.26617, VaAcc: 0.1252, VaLoss:  2.32412	 20 sampled NNs | VaAcc: 0.1252 +- 0.0000 | VaLoss: 2.3239 +- 0.0000
 99,  0 | TrAcc: 0.1672, TrLoss:  2.26379, VaAcc: 0.1252, VaLoss:  2.27085	 20 sampled NNs | VaAcc: 0.1252 +- 0.0000 | VaLoss: 2.2707 +- 0.0000
100,  0 | TrAcc: 0.1239, TrLoss:  2.27013, VaAcc: 0.0977, VaLoss:  2.27143	 20 sampled NNs | VaAcc: 0.0843 +- 0.0000 | VaLoss: 2.2712 +- 0.0000
101,  0 | TrAcc: 0.1760, TrLoss:  2.22987, VaAcc: 0.1252, VaLoss:  2.24647	 20 sampled NNs | VaAcc: 0.1252 +- 0.0000 | VaLoss: 2.2463 +- 0.0000
102,  0 | TrAcc: 0.1303, TrLoss:  2.25338, VaAcc: 0.1375, VaLoss:  2.25320	 20 sampled NNs | VaAcc: 0.1375 +- 0.0000 | VaLoss: 2.2530 +- 0.0000
103,  0 | TrAcc: 0.1515, TrLoss:  2.24557, VaAcc: 0.1252, VaLoss:  2.26134	 20 sampled NNs | VaAcc: 0.1252 +- 0.0000 | VaLoss: 2.2611 +- 0.0000
104,  0 | TrAcc: 0.1544, TrLoss:  2.26324, VaAcc: 0.1252, VaLoss:  2.26461	 20 sampled NNs | VaAcc: 0.1252 +- 0.0000 | VaLoss: 2.2644 +- 0.0000
105,  0 | TrAcc: 0.1410, TrLoss:  2.27196, VaAcc: 0.1252, VaLoss:  2.28653	 20 sampled NNs | VaAcc: 0.1252 +- 0.0000 | VaLoss: 2.2864 +- 0.0000
106,  0 | TrAcc: 0.1474, TrLoss:  2.25950, VaAcc: 0.1252, VaLoss:  2.25631	 20 sampled NNs | VaAcc: 0.1252 +- 0.0000 | VaLoss: 2.2561 +- 0.0000
107,  0 | TrAcc: 0.1585, TrLoss:  2.24146, VaAcc: 0.1252, VaLoss:  2.25036	 20 sampled NNs | VaAcc: 0.1252 +- 0.0000 | VaLoss: 2.2501 +- 0.0000
108,  0 | TrAcc: 0.1441, TrLoss:  2.25644, VaAcc: 0.1252, VaLoss:  2.24906	 20 sampled NNs | VaAcc: 0.1252 +- 0.0000 | VaLoss: 2.2489 +- 0.0000
109,  0 | TrAcc: 0.1581, TrLoss:  2.25712, VaAcc: 0.1252, VaLoss:  2.26536	 20 sampled NNs | VaAcc: 0.1252 +- 0.0000 | VaLoss: 2.2652 +- 0.0000
110,  0 | TrAcc: 0.1505, TrLoss:  2.25789, VaAcc: 0.1252, VaLoss:  2.28617	 20 sampled NNs | VaAcc: 0.1252 +- 0.0000 | VaLoss: 2.2860 +- 0.0000
111,  0 | TrAcc: 0.1595, TrLoss:  2.25320, VaAcc: 0.1252, VaLoss:  2.25507	 20 sampled NNs | VaAcc: 0.1252 +- 0.0000 | VaLoss: 2.2549 +- 0.0000
112,  0 | TrAcc: 0.1517, TrLoss:  2.25313, VaAcc: 0.1260, VaLoss:  2.23944	 20 sampled NNs | VaAcc: 0.1252 +- 0.0000 | VaLoss: 2.2392 +- 0.0000
113,  0 | TrAcc: 0.1571, TrLoss:  2.24217, VaAcc: 0.1252, VaLoss:  2.24351	 20 sampled NNs | VaAcc: 0.1252 +- 0.0000 | VaLoss: 2.2433 +- 0.0000
114,  0 | TrAcc: 0.1770, TrLoss:  2.23437, VaAcc: 0.1252, VaLoss:  2.26082	 20 sampled NNs | VaAcc: 0.1252 +- 0.0000 | VaLoss: 2.2606 +- 0.0000
115,  0 | TrAcc: 0.1482, TrLoss:  2.25149, VaAcc: 0.1375, VaLoss:  2.27061	 20 sampled NNs | VaAcc: 0.1375 +- 0.0000 | VaLoss: 2.2704 +- 0.0000
116,  0 | TrAcc: 0.1581, TrLoss:  2.24798, VaAcc: 0.1252, VaLoss:  2.27751	 20 sampled NNs | VaAcc: 0.1252 +- 0.0000 | VaLoss: 2.2773 +- 0.0000
117,  0 | TrAcc: 0.1388, TrLoss:  2.25701, VaAcc: 0.1375, VaLoss:  2.25271	 20 sampled NNs | VaAcc: 0.1375 +- 0.0000 | VaLoss: 2.2525 +- 0.0000
118,  0 | TrAcc: 0.1725, TrLoss:  2.22924, VaAcc: 0.1252, VaLoss:  2.25866	 20 sampled NNs | VaAcc: 0.1252 +- 0.0000 | VaLoss: 2.2585 +- 0.0000
119,  0 | TrAcc: 0.1563, TrLoss:  2.24892, VaAcc: 0.1252, VaLoss:  2.27496	 20 sampled NNs | VaAcc: 0.1252 +- 0.0000 | VaLoss: 2.2748 +- 0.0000
120,  0 | TrAcc: 0.1659, TrLoss:  2.25529, VaAcc: 0.1375, VaLoss:  2.25385	 20 sampled NNs | VaAcc: 0.1375 +- 0.0000 | VaLoss: 2.2536 +- 0.0000
121,  0 | TrAcc: 0.1592, TrLoss:  2.25290, VaAcc: 0.1252, VaLoss:  2.26293	 20 sampled NNs | VaAcc: 0.1252 +- 0.0000 | VaLoss: 2.2627 +- 0.0000
122,  0 | TrAcc: 0.1443, TrLoss:  2.26197, VaAcc: 0.1252, VaLoss:  2.25581	 20 sampled NNs | VaAcc: 0.1252 +- 0.0000 | VaLoss: 2.2556 +- 0.0000
123,  0 | TrAcc: 0.1621, TrLoss:  2.24424, VaAcc: 0.1252, VaLoss:  2.27566	 20 sampled NNs | VaAcc: 0.1252 +- 0.0000 | VaLoss: 2.2755 +- 0.0000
124,  0 | TrAcc: 0.1510, TrLoss:  2.25375, VaAcc: 0.1252, VaLoss:  2.25134	 20 sampled NNs | VaAcc: 0.1252 +- 0.0000 | VaLoss: 2.2512 +- 0.0000
125,  0 | TrAcc: 0.1514, TrLoss:  2.24451, VaAcc: 0.1317, VaLoss:  2.25727	 20 sampled NNs | VaAcc: 0.1283 +- 0.0055 | VaLoss: 2.2571 +- 0.0000
126,  0 | TrAcc: 0.1484, TrLoss:  2.25529, VaAcc: 0.1252, VaLoss:  2.25419	 20 sampled NNs | VaAcc: 0.1252 +- 0.0000 | VaLoss: 2.2540 +- 0.0000
127,  0 | TrAcc: 0.1554, TrLoss:  2.25044, VaAcc: 0.1252, VaLoss:  2.25906	 20 sampled NNs | VaAcc: 0.1252 +- 0.0000 | VaLoss: 2.2589 +- 0.0000
128,  0 | TrAcc: 0.1878, TrLoss:  2.23102, VaAcc: 0.1252, VaLoss:  2.25421	 20 sampled NNs | VaAcc: 0.1252 +- 0.0000 | VaLoss: 2.2540 +- 0.0000
129,  0 | TrAcc: 0.1206, TrLoss:  2.27636, VaAcc: 0.1186, VaLoss:  2.25348	 20 sampled NNs | VaAcc: 0.1186 +- 0.0000 | VaLoss: 2.2533 +- 0.0000
130,  0 | TrAcc: 0.1424, TrLoss:  2.24830, VaAcc: 0.1252, VaLoss:  2.23652	 20 sampled NNs | VaAcc: 0.1252 +- 0.0000 | VaLoss: 2.2363 +- 0.0000
131,  0 | TrAcc: 0.1616, TrLoss:  2.25098, VaAcc: 0.1252, VaLoss:  2.26078	 20 sampled NNs | VaAcc: 0.1252 +- 0.0000 | VaLoss: 2.2606 +- 0.0000
132,  0 | TrAcc: 0.1596, TrLoss:  2.25204, VaAcc: 0.1252, VaLoss:  2.26154	 20 sampled NNs | VaAcc: 0.1252 +- 0.0000 | VaLoss: 2.2613 +- 0.0000
133,  0 | TrAcc: 0.1377, TrLoss:  2.25123, VaAcc: 0.1252, VaLoss:  2.25434	 20 sampled NNs | VaAcc: 0.1252 +- 0.0000 | VaLoss: 2.2541 +- 0.0000
134,  0 | TrAcc: 0.1436, TrLoss:  2.24821, VaAcc: 0.1375, VaLoss:  2.26073	 20 sampled NNs | VaAcc: 0.1375 +- 0.0000 | VaLoss: 2.2605 +- 0.0000
135,  0 | TrAcc: 0.1369, TrLoss:  2.26224, VaAcc: 0.1375, VaLoss:  2.25374	 20 sampled NNs | VaAcc: 0.1375 +- 0.0000 | VaLoss: 2.2535 +- 0.0000
136,  0 | TrAcc: 0.1813, TrLoss:  2.24164, VaAcc: 0.1252, VaLoss:  2.26570	 20 sampled NNs | VaAcc: 0.1252 +- 0.0000 | VaLoss: 2.2655 +- 0.0000
137,  0 | TrAcc: 0.1227, TrLoss:  2.25044, VaAcc: 0.1375, VaLoss:  2.24466	 20 sampled NNs | VaAcc: 0.1375 +- 0.0000 | VaLoss: 2.2445 +- 0.0000
138,  0 | TrAcc: 0.1471, TrLoss:  2.26205, VaAcc: 0.1252, VaLoss:  2.26020	 20 sampled NNs | VaAcc: 0.1252 +- 0.0000 | VaLoss: 2.2600 +- 0.0000
139,  0 | TrAcc: 0.1532, TrLoss:  2.24943, VaAcc: 0.1252, VaLoss:  2.26896	 20 sampled NNs | VaAcc: 0.1252 +- 0.0000 | VaLoss: 2.2688 +- 0.0000
140,  0 | TrAcc: 0.1510, TrLoss:  2.23389, VaAcc: 0.1252, VaLoss:  2.24354	 20 sampled NNs | VaAcc: 0.1252 +- 0.0000 | VaLoss: 2.2434 +- 0.0000
141,  0 | TrAcc: 0.1579, TrLoss:  2.24949, VaAcc: 0.1252, VaLoss:  2.25320	 20 sampled NNs | VaAcc: 0.1252 +- 0.0000 | VaLoss: 2.2530 +- 0.0000
142,  0 | TrAcc: 0.1187, TrLoss:  2.26322, VaAcc: 0.0843, VaLoss:  2.28323	 20 sampled NNs | VaAcc: 0.0843 +- 0.0000 | VaLoss: 2.2830 +- 0.0000
143,  0 | TrAcc: 0.1606, TrLoss:  2.23389, VaAcc: 0.1252, VaLoss:  2.25473	 20 sampled NNs | VaAcc: 0.1252 +- 0.0000 | VaLoss: 2.2545 +- 0.0000
144,  0 | TrAcc: 0.1532, TrLoss:  2.26363, VaAcc: 0.1252, VaLoss:  2.24804	 20 sampled NNs | VaAcc: 0.1252 +- 0.0000 | VaLoss: 2.2478 +- 0.0000
145,  0 | TrAcc: 0.1461, TrLoss:  2.25797, VaAcc: 0.1252, VaLoss:  2.24405	 20 sampled NNs | VaAcc: 0.1252 +- 0.0000 | VaLoss: 2.2439 +- 0.0000
146,  0 | TrAcc: 0.1713, TrLoss:  2.23398, VaAcc: 0.1252, VaLoss:  2.26405	 20 sampled NNs | VaAcc: 0.1252 +- 0.0000 | VaLoss: 2.2639 +- 0.0000
147,  0 | TrAcc: 0.1557, TrLoss:  2.26260, VaAcc: 0.1252, VaLoss:  2.26328	 20 sampled NNs | VaAcc: 0.1252 +- 0.0000 | VaLoss: 2.2631 +- 0.0000
148,  0 | TrAcc: 0.1695, TrLoss:  2.25490, VaAcc: 0.1252, VaLoss:  2.24623	 20 sampled NNs | VaAcc: 0.1252 +- 0.0000 | VaLoss: 2.2460 +- 0.0000
149,  0 | TrAcc: 0.1565, TrLoss:  2.25099, VaAcc: 0.1252, VaLoss:  2.24884	 20 sampled NNs | VaAcc: 0.1252 +- 0.0000 | VaLoss: 2.2486 +- 0.0000
150,  0 | TrAcc: 0.1524, TrLoss:  2.23939, VaAcc: 0.1282, VaLoss:  2.24416	 20 sampled NNs | VaAcc: 0.1252 +- 0.0000 | VaLoss: 2.2440 +- 0.0000
151,  0 | TrAcc: 0.1799, TrLoss:  2.23060, VaAcc: 0.1252, VaLoss:  2.26187	 20 sampled NNs | VaAcc: 0.1252 +- 0.0000 | VaLoss: 2.2617 +- 0.0000
152,  0 | TrAcc: 0.1545, TrLoss:  2.24984, VaAcc: 0.1252, VaLoss:  2.26033	 20 sampled NNs | VaAcc: 0.1252 +- 0.0000 | VaLoss: 2.2601 +- 0.0000
153,  0 | TrAcc: 0.1344, TrLoss:  2.26071, VaAcc: 0.1252, VaLoss:  2.24362	 20 sampled NNs | VaAcc: 0.1252 +- 0.0000 | VaLoss: 2.2434 +- 0.0000
154,  0 | TrAcc: 0.1511, TrLoss:  2.25604, VaAcc: 0.1252, VaLoss:  2.25151	 20 sampled NNs | VaAcc: 0.1252 +- 0.0000 | VaLoss: 2.2513 +- 0.0000
155,  0 | TrAcc: 0.1433, TrLoss:  2.26446, VaAcc: 0.1252, VaLoss:  2.28331	 20 sampled NNs | VaAcc: 0.1252 +- 0.0000 | VaLoss: 2.2831 +- 0.0000
156,  0 | TrAcc: 0.1671, TrLoss:  2.25799, VaAcc: 0.1252, VaLoss:  2.27714	 20 sampled NNs | VaAcc: 0.1252 +- 0.0000 | VaLoss: 2.2769 +- 0.0000
157,  0 | TrAcc: 0.1535, TrLoss:  2.26124, VaAcc: 0.1252, VaLoss:  2.25718	 20 sampled NNs | VaAcc: 0.1252 +- 0.0000 | VaLoss: 2.2570 +- 0.0000
158,  0 | TrAcc: 0.1211, TrLoss:  2.25203, VaAcc: 0.1186, VaLoss:  2.26392	 20 sampled NNs | VaAcc: 0.1186 +- 0.0000 | VaLoss: 2.2637 +- 0.0000
159,  0 | TrAcc: 0.1659, TrLoss:  2.25235, VaAcc: 0.1252, VaLoss:  2.25651	 20 sampled NNs | VaAcc: 0.1252 +- 0.0000 | VaLoss: 2.2563 +- 0.0000
160,  0 | TrAcc: 0.1862, TrLoss:  2.22648, VaAcc: 0.1252, VaLoss:  2.30787	 20 sampled NNs | VaAcc: 0.1252 +- 0.0000 | VaLoss: 2.3077 +- 0.0000
161,  0 | TrAcc: 0.1413, TrLoss:  2.26055, VaAcc: 0.1252, VaLoss:  2.24443	 20 sampled NNs | VaAcc: 0.1252 +- 0.0000 | VaLoss: 2.2442 +- 0.0000
162,  0 | TrAcc: 0.1697, TrLoss:  2.24450, VaAcc: 0.1252, VaLoss:  2.27350	 20 sampled NNs | VaAcc: 0.1252 +- 0.0000 | VaLoss: 2.2733 +- 0.0000
163,  0 | TrAcc: 0.1576, TrLoss:  2.23674, VaAcc: 0.1252, VaLoss:  2.26360	 20 sampled NNs | VaAcc: 0.1252 +- 0.0000 | VaLoss: 2.2634 +- 0.0000
164,  0 | TrAcc: 0.1668, TrLoss:  2.24608, VaAcc: 0.1252, VaLoss:  2.27612	 20 sampled NNs | VaAcc: 0.1252 +- 0.0000 | VaLoss: 2.2759 +- 0.0000
165,  0 | TrAcc: 0.1418, TrLoss:  2.26742, VaAcc: 0.1252, VaLoss:  2.26383	 20 sampled NNs | VaAcc: 0.1232 +- 0.0091 | VaLoss: 2.2655 +- 0.0084
166,  0 | TrAcc: 0.1412, TrLoss:  2.26169, VaAcc: 0.1252, VaLoss:  2.26784	 20 sampled NNs | VaAcc: 0.1252 +- 0.0000 | VaLoss: 2.2677 +- 0.0000
167,  0 | TrAcc: 0.1491, TrLoss:  2.25115, VaAcc: 0.1252, VaLoss:  2.25776	 20 sampled NNs | VaAcc: 0.1252 +- 0.0000 | VaLoss: 2.2576 +- 0.0000
