

config:

HOME=/clusterFS/home/student/kopp13
PATH=/clusterFS/home/student/kopp13/miniconda3/envs/tensorflow/bin:/clusterFS/home/student/kopp13/miniconda3/bin:/clusterFS/home/student/kopp13/bin:/usr/local/bin:/usr/bin:/bin:/usr/local/games:/usr/games
LD_LIBRARY_PATH=
THEANO_FLAGS=floatX=float32,gpuarray.preallocate=0.9,dnn.library_path=/usr/lib/x86_64-linux-gnu,cxx=clang++-3.8,device=cuda,base_compiledir=/tmp/tmp.ZdBBfPSeaL

=============================
CONFIG FILE

RNN CONFIG
{'data_multiplier': 1000,
 'gradient_clip_value': 0.5,
 'layer_configs': [{'layer_type': 'input'},
                   {'bc': {'init_m': 'xavier',
                           'init_v': -4.5,
                           'prior_m': 0.0,
                           'prior_v': 0.0,
                           'type': 'continuous'},
                    'bf': {'init_m': 'xavier',
                           'init_v': -4.5,
                           'prior_m': 0.0,
                           'prior_v': 0.0,
                           'type': 'continuous'},
                    'bi': {'init_m': 'xavier',
                           'init_v': -4.5,
                           'prior_m': 0.0,
                           'prior_v': 0.0,
                           'type': 'continuous'},
                    'bo': {'init_m': 'xavier',
                           'init_v': -4.5,
                           'prior_m': 0.0,
                           'prior_v': 0.0,
                           'type': 'continuous'},
                    'discrete_act': True,
                    'init_config': {'c': {'b': 'all_zero', 'w': 'xavier'},
                                    'f': {'b': 'all_one', 'w': 'all_zero'},
                                    'i': {'b': 'all_zero', 'w': 'xavier'},
                                    'o': {'b': 'all_zero', 'w': 'xavier'}},
                    'is_output': False,
                    'is_recurrent': True,
                    'layer_type': 'lstm',
                    'normalize_mean': True,
                    'tau': 0.8,
                    'var_scope': 'lstm_0',
                    'wc': {'p0max': 0.95,
                           'p0min': 0.05,
                           'pmax': 0.99,
                           'pmin': 0.01,
                           'priors': [0.1, 0.8, 0.1],
                           'type': 'ternary'},
                    'wf': {'p0max': 0.95,
                           'p0min': 0.05,
                           'pmax': 0.99,
                           'pmin': 0.01,
                           'priors': [0.1, 0.8, 0.1],
                           'type': 'ternary'},
                    'wi': {'p0max': 0.95,
                           'p0min': 0.05,
                           'pmax': 0.99,
                           'pmin': 0.01,
                           'priors': [0.1, 0.8, 0.1],
                           'type': 'ternary'},
                    'wo': {'p0max': 0.95,
                           'p0min': 0.05,
                           'pmax': 0.99,
                           'pmin': 0.01,
                           'priors': [0.1, 0.8, 0.1],
                           'type': 'ternary'}},
                   {'bc': {'init_m': 'xavier',
                           'init_v': -4.5,
                           'prior_m': 0.0,
                           'prior_v': 0.0,
                           'type': 'continuous'},
                    'bf': {'init_m': 'xavier',
                           'init_v': -4.5,
                           'prior_m': 0.0,
                           'prior_v': 0.0,
                           'type': 'continuous'},
                    'bi': {'init_m': 'xavier',
                           'init_v': -4.5,
                           'prior_m': 0.0,
                           'prior_v': 0.0,
                           'type': 'continuous'},
                    'bo': {'init_m': 'xavier',
                           'init_v': -4.5,
                           'prior_m': 0.0,
                           'prior_v': 0.0,
                           'type': 'continuous'},
                    'discrete_act': True,
                    'init_config': {'c': {'b': 'all_zero', 'w': 'xavier'},
                                    'f': {'b': 'all_one', 'w': 'all_zero'},
                                    'i': {'b': 'all_zero', 'w': 'xavier'},
                                    'o': {'b': 'all_zero', 'w': 'xavier'}},
                    'is_output': False,
                    'is_recurrent': True,
                    'layer_type': 'lstm',
                    'normalize_mean': True,
                    'tau': 0.8,
                    'var_scope': 'lstm_1',
                    'wc': {'p0max': 0.95,
                           'p0min': 0.05,
                           'pmax': 0.99,
                           'pmin': 0.01,
                           'priors': [0.1, 0.8, 0.1],
                           'type': 'ternary'},
                    'wf': {'p0max': 0.95,
                           'p0min': 0.05,
                           'pmax': 0.99,
                           'pmin': 0.01,
                           'priors': [0.1, 0.8, 0.1],
                           'type': 'ternary'},
                    'wi': {'p0max': 0.95,
                           'p0min': 0.05,
                           'pmax': 0.99,
                           'pmin': 0.01,
                           'priors': [0.1, 0.8, 0.1],
                           'type': 'ternary'},
                    'wo': {'p0max': 0.95,
                           'p0min': 0.05,
                           'pmax': 0.99,
                           'pmin': 0.01,
                           'priors': [0.1, 0.8, 0.1],
                           'type': 'ternary'}},
                   {'b': {'init_m': 'xavier',
                          'init_v': -4.5,
                          'prior_m': 0.0,
                          'prior_v': 0.0,
                          'type': 'continuous'},
                    'is_output': True,
                    'is_recurrent': False,
                    'layer_type': 'fc',
                    'regularization': {'mode': None, 'strength': 0.02},
                    'tau': 0.8,
                    'var_scope': 'output_layer',
                    'w': {'p0max': 0.95,
                          'p0min': 0.05,
                          'pmax': 0.99,
                          'pmin': 0.01,
                          'priors': [0.1, 0.8, 0.1],
                          'type': 'ternary'}}],
 'layout': [4, 60, 60, 10],
 'output_type': 'classification'}

DATA CONFIG
{'dataset': 'red_penstroke',
 'tr': {'in_seq_len': 30,
        'minibatch_enabled': True,
        'minibatch_size': 200,
        'out_seq_len': 5,
        'zero_padding': 20},
 'va': {'in_seq_len': 30,
        'minibatch_enabled': True,
        'minibatch_size': 200,
        'out_seq_len': 5,
        'zero_padding': 20}}

TRAINING CONFIG
{'beta_reg': 0.0,
 'ent_reg': 1.0,
 'is_pretrain': False,
 'learning_rate': 0.001,
 'mode': {'max_epochs': 500, 'min_error': 0.0, 'name': 'classic'},
 'task_id': 5,
 'type': 'l_sampling',
 'var_reg': 0.0}
==============================


  0,  0 | TrAcc: 0.0984, TrLoss:  6.85821, VaAcc: 0.0992, VaLoss:  6.86766	 20 sampled NNs | VaAcc: 0.0926 +- 0.0099 | VaLoss: 3.1370 +- 0.1167
  1,  0 | TrAcc: 0.1021, TrLoss:  5.38137, VaAcc: 0.1018, VaLoss:  5.39888	 20 sampled NNs | VaAcc: 0.1106 +- 0.0106 | VaLoss: 2.8026 +- 0.0978
  2,  0 | TrAcc: 0.1065, TrLoss:  4.33113, VaAcc: 0.1055, VaLoss:  4.35915	 20 sampled NNs | VaAcc: 0.1142 +- 0.0135 | VaLoss: 2.6004 +- 0.0832
  3,  0 | TrAcc: 0.1108, TrLoss:  3.61546, VaAcc: 0.1074, VaLoss:  3.66248	 20 sampled NNs | VaAcc: 0.1137 +- 0.0143 | VaLoss: 2.5076 +- 0.0761
  4,  0 | TrAcc: 0.1151, TrLoss:  3.16740, VaAcc: 0.1082, VaLoss:  3.22963	 20 sampled NNs | VaAcc: 0.1109 +- 0.0110 | VaLoss: 2.4680 +- 0.0368
  5,  0 | TrAcc: 0.1108, TrLoss:  2.89368, VaAcc: 0.1047, VaLoss:  2.94296	 20 sampled NNs | VaAcc: 0.1076 +- 0.0157 | VaLoss: 2.3954 +- 0.0409
  6,  0 | TrAcc: 0.1133, TrLoss:  2.68707, VaAcc: 0.1088, VaLoss:  2.73429	 20 sampled NNs | VaAcc: 0.1137 +- 0.0107 | VaLoss: 2.3469 +- 0.0245
  7,  0 | TrAcc: 0.1194, TrLoss:  2.54595, VaAcc: 0.1098, VaLoss:  2.61310	 20 sampled NNs | VaAcc: 0.1061 +- 0.0108 | VaLoss: 2.3600 +- 0.0227
  8,  0 | TrAcc: 0.1248, TrLoss:  2.47032, VaAcc: 0.1074, VaLoss:  2.53300	 20 sampled NNs | VaAcc: 0.1055 +- 0.0083 | VaLoss: 2.3559 +- 0.0371
  9,  0 | TrAcc: 0.1284, TrLoss:  2.39692, VaAcc: 0.1074, VaLoss:  2.45885	 20 sampled NNs | VaAcc: 0.1057 +- 0.0109 | VaLoss: 2.3304 +- 0.0137
 10,  0 | TrAcc: 0.1241, TrLoss:  2.37531, VaAcc: 0.1094, VaLoss:  2.41252	 20 sampled NNs | VaAcc: 0.1031 +- 0.0078 | VaLoss: 2.3113 +- 0.0113
 11,  0 | TrAcc: 0.1176, TrLoss:  2.34729, VaAcc: 0.1113, VaLoss:  2.37910	 20 sampled NNs | VaAcc: 0.1294 +- 0.0095 | VaLoss: 2.3041 +- 0.0135
 12,  0 | TrAcc: 0.1415, TrLoss:  2.30079, VaAcc: 0.1097, VaLoss:  2.35178	 20 sampled NNs | VaAcc: 0.1051 +- 0.0045 | VaLoss: 2.2941 +- 0.0087
 13,  0 | TrAcc: 0.1210, TrLoss:  2.31675, VaAcc: 0.1110, VaLoss:  2.32505	 20 sampled NNs | VaAcc: 0.1041 +- 0.0044 | VaLoss: 2.2855 +- 0.0115
 14,  0 | TrAcc: 0.1326, TrLoss:  2.27821, VaAcc: 0.1103, VaLoss:  2.33229	 20 sampled NNs | VaAcc: 0.1037 +- 0.0067 | VaLoss: 2.3007 +- 0.0082
 15,  0 | TrAcc: 0.1336, TrLoss:  2.25711, VaAcc: 0.1090, VaLoss:  2.31742	 20 sampled NNs | VaAcc: 0.1041 +- 0.0035 | VaLoss: 2.2948 +- 0.0055
 16,  0 | TrAcc: 0.1464, TrLoss:  2.24313, VaAcc: 0.1097, VaLoss:  2.31448	 20 sampled NNs | VaAcc: 0.1045 +- 0.0053 | VaLoss: 2.2984 +- 0.0043
 17,  0 | TrAcc: 0.1300, TrLoss:  2.25935, VaAcc: 0.1143, VaLoss:  2.30730	 20 sampled NNs | VaAcc: 0.1216 +- 0.0022 | VaLoss: 2.2944 +- 0.0044
 18,  0 | TrAcc: 0.1327, TrLoss:  2.26014, VaAcc: 0.1075, VaLoss:  2.30214	 20 sampled NNs | VaAcc: 0.1053 +- 0.0058 | VaLoss: 2.2932 +- 0.0032
 19,  0 | TrAcc: 0.1624, TrLoss:  2.25164, VaAcc: 0.1073, VaLoss:  2.31123	 20 sampled NNs | VaAcc: 0.1040 +- 0.0000 | VaLoss: 2.3026 +- 0.0003
 20,  0 | TrAcc: 0.1902, TrLoss:  2.23987, VaAcc: 0.1041, VaLoss:  2.31438	 20 sampled NNs | VaAcc: 0.1039 +- 0.0006 | VaLoss: 2.3088 +- 0.0036
 21,  0 | TrAcc: 0.1715, TrLoss:  2.24697, VaAcc: 0.1038, VaLoss:  2.32687	 20 sampled NNs | VaAcc: 0.1040 +- 0.0000 | VaLoss: 2.3227 +- 0.0003
 22,  0 | TrAcc: 0.1675, TrLoss:  2.25343, VaAcc: 0.1055, VaLoss:  2.30133	 20 sampled NNs | VaAcc: 0.1040 +- 0.0000 | VaLoss: 2.2977 +- 0.0018
 23,  0 | TrAcc: 0.1572, TrLoss:  2.24513, VaAcc: 0.1062, VaLoss:  2.27794	 20 sampled NNs | VaAcc: 0.1040 +- 0.0000 | VaLoss: 2.2746 +- 0.0001
 24,  0 | TrAcc: 0.1538, TrLoss:  2.24445, VaAcc: 0.1091, VaLoss:  2.30181	 20 sampled NNs | VaAcc: 0.1040 +- 0.0000 | VaLoss: 2.2992 +- 0.0001
 25,  0 | TrAcc: 0.1393, TrLoss:  2.24974, VaAcc: 0.1094, VaLoss:  2.29255	 20 sampled NNs | VaAcc: 0.1040 +- 0.0000 | VaLoss: 2.2904 +- 0.0001
 26,  0 | TrAcc: 0.1662, TrLoss:  2.24246, VaAcc: 0.1041, VaLoss:  2.29531	 20 sampled NNs | VaAcc: 0.1040 +- 0.0000 | VaLoss: 2.2933 +- 0.0006
 27,  0 | TrAcc: 0.1433, TrLoss:  2.26172, VaAcc: 0.1093, VaLoss:  2.28301	 20 sampled NNs | VaAcc: 0.1041 +- 0.0025 | VaLoss: 2.2826 +- 0.0032
 28,  0 | TrAcc: 0.1268, TrLoss:  2.26732, VaAcc: 0.1185, VaLoss:  2.28128	 20 sampled NNs | VaAcc: 0.1219 +- 0.0000 | VaLoss: 2.2803 +- 0.0001
 29,  0 | TrAcc: 0.1565, TrLoss:  2.26075, VaAcc: 0.1040, VaLoss:  2.30686	 20 sampled NNs | VaAcc: 0.1040 +- 0.0000 | VaLoss: 2.3061 +- 0.0020
 30,  0 | TrAcc: 0.1464, TrLoss:  2.26473, VaAcc: 0.1040, VaLoss:  2.28078	 20 sampled NNs | VaAcc: 0.1040 +- 0.0000 | VaLoss: 2.2797 +- 0.0001
 31,  0 | TrAcc: 0.1580, TrLoss:  2.24230, VaAcc: 0.1042, VaLoss:  2.28744	 20 sampled NNs | VaAcc: 0.1040 +- 0.0000 | VaLoss: 2.2867 +- 0.0001
 32,  0 | TrAcc: 0.1173, TrLoss:  2.25262, VaAcc: 0.1141, VaLoss:  2.27330	 20 sampled NNs | VaAcc: 0.1121 +- 0.0000 | VaLoss: 2.2726 +- 0.0001
 33,  0 | TrAcc: 0.1584, TrLoss:  2.23949, VaAcc: 0.1040, VaLoss:  2.28117	 20 sampled NNs | VaAcc: 0.1040 +- 0.0000 | VaLoss: 2.2805 +- 0.0000
 34,  0 | TrAcc: 0.1542, TrLoss:  2.26425, VaAcc: 0.1040, VaLoss:  2.30484	 20 sampled NNs | VaAcc: 0.1040 +- 0.0000 | VaLoss: 2.3044 +- 0.0000
 35,  0 | TrAcc: 0.1851, TrLoss:  2.22933, VaAcc: 0.1040, VaLoss:  2.31003	 20 sampled NNs | VaAcc: 0.1040 +- 0.0000 | VaLoss: 2.3095 +- 0.0001
 36,  0 | TrAcc: 0.1614, TrLoss:  2.25033, VaAcc: 0.1040, VaLoss:  2.29604	 20 sampled NNs | VaAcc: 0.1040 +- 0.0000 | VaLoss: 2.2956 +- 0.0001
 37,  0 | TrAcc: 0.1243, TrLoss:  2.28107, VaAcc: 0.0930, VaLoss:  2.29922	 20 sampled NNs | VaAcc: 0.0928 +- 0.0000 | VaLoss: 2.2987 +- 0.0000
 38,  0 | TrAcc: 0.1453, TrLoss:  2.25220, VaAcc: 0.1211, VaLoss:  2.28484	 20 sampled NNs | VaAcc: 0.1219 +- 0.0000 | VaLoss: 2.2844 +- 0.0000
 39,  0 | TrAcc: 0.1672, TrLoss:  2.24541, VaAcc: 0.1040, VaLoss:  2.30040	 20 sampled NNs | VaAcc: 0.1040 +- 0.0000 | VaLoss: 2.2999 +- 0.0000
 40,  0 | TrAcc: 0.1338, TrLoss:  2.25774, VaAcc: 0.1142, VaLoss:  2.28460	 20 sampled NNs | VaAcc: 0.1219 +- 0.0000 | VaLoss: 2.2842 +- 0.0000
 41,  0 | TrAcc: 0.1498, TrLoss:  2.24890, VaAcc: 0.1040, VaLoss:  2.27983	 20 sampled NNs | VaAcc: 0.1040 +- 0.0000 | VaLoss: 2.2794 +- 0.0000
 42,  0 | TrAcc: 0.1543, TrLoss:  2.25437, VaAcc: 0.1040, VaLoss:  2.31476	 20 sampled NNs | VaAcc: 0.1040 +- 0.0000 | VaLoss: 2.3144 +- 0.0000
 43,  0 | TrAcc: 0.1500, TrLoss:  2.25941, VaAcc: 0.1040, VaLoss:  2.29689	 20 sampled NNs | VaAcc: 0.1040 +- 0.0000 | VaLoss: 2.2966 +- 0.0000
 44,  0 | TrAcc: 0.1637, TrLoss:  2.25473, VaAcc: 0.1040, VaLoss:  2.27831	 20 sampled NNs | VaAcc: 0.1040 +- 0.0000 | VaLoss: 2.2779 +- 0.0000
 45,  0 | TrAcc: 0.1694, TrLoss:  2.24224, VaAcc: 0.1040, VaLoss:  2.28544	 20 sampled NNs | VaAcc: 0.1040 +- 0.0000 | VaLoss: 2.2852 +- 0.0000
 46,  0 | TrAcc: 0.1642, TrLoss:  2.23889, VaAcc: 0.1040, VaLoss:  2.28758	 20 sampled NNs | VaAcc: 0.1040 +- 0.0000 | VaLoss: 2.2872 +- 0.0000
 47,  0 | TrAcc: 0.1746, TrLoss:  2.23999, VaAcc: 0.1040, VaLoss:  2.29789	 20 sampled NNs | VaAcc: 0.1040 +- 0.0000 | VaLoss: 2.2975 +- 0.0000
 48,  0 | TrAcc: 0.1755, TrLoss:  2.23409, VaAcc: 0.1040, VaLoss:  2.29381	 20 sampled NNs | VaAcc: 0.1040 +- 0.0000 | VaLoss: 2.2935 +- 0.0000
 49,  0 | TrAcc: 0.1477, TrLoss:  2.24798, VaAcc: 0.1198, VaLoss:  2.28122	 20 sampled NNs | VaAcc: 0.1219 +- 0.0000 | VaLoss: 2.2810 +- 0.0000
 50,  0 | TrAcc: 0.1391, TrLoss:  2.26297, VaAcc: 0.1217, VaLoss:  2.29255	 20 sampled NNs | VaAcc: 0.1219 +- 0.0000 | VaLoss: 2.2923 +- 0.0000
 51,  0 | TrAcc: 0.1438, TrLoss:  2.26448, VaAcc: 0.1219, VaLoss:  2.28853	 20 sampled NNs | VaAcc: 0.1219 +- 0.0000 | VaLoss: 2.2883 +- 0.0000
 52,  0 | TrAcc: 0.1492, TrLoss:  2.26152, VaAcc: 0.1040, VaLoss:  2.30589	 20 sampled NNs | VaAcc: 0.1040 +- 0.0000 | VaLoss: 2.3056 +- 0.0000
 53,  0 | TrAcc: 0.1361, TrLoss:  2.25306, VaAcc: 0.1251, VaLoss:  2.30863	 20 sampled NNs | VaAcc: 0.1219 +- 0.0000 | VaLoss: 2.3083 +- 0.0000
 54,  0 | TrAcc: 0.1629, TrLoss:  2.24377, VaAcc: 0.1046, VaLoss:  2.29633	 20 sampled NNs | VaAcc: 0.1040 +- 0.0000 | VaLoss: 2.2961 +- 0.0000
 55,  0 | TrAcc: 0.1639, TrLoss:  2.25164, VaAcc: 0.1040, VaLoss:  2.27827	 20 sampled NNs | VaAcc: 0.1040 +- 0.0000 | VaLoss: 2.2780 +- 0.0000
 56,  0 | TrAcc: 0.1527, TrLoss:  2.24265, VaAcc: 0.1040, VaLoss:  2.28414	 20 sampled NNs | VaAcc: 0.1040 +- 0.0000 | VaLoss: 2.2839 +- 0.0000
 57,  0 | TrAcc: 0.1526, TrLoss:  2.24750, VaAcc: 0.1040, VaLoss:  2.29601	 20 sampled NNs | VaAcc: 0.1040 +- 0.0000 | VaLoss: 2.2958 +- 0.0000
 58,  0 | TrAcc: 0.1735, TrLoss:  2.25550, VaAcc: 0.1040, VaLoss:  2.29365	 20 sampled NNs | VaAcc: 0.1040 +- 0.0000 | VaLoss: 2.2934 +- 0.0000
 59,  0 | TrAcc: 0.1640, TrLoss:  2.25040, VaAcc: 0.1040, VaLoss:  2.29370	 20 sampled NNs | VaAcc: 0.1040 +- 0.0000 | VaLoss: 2.2935 +- 0.0000
 60,  0 | TrAcc: 0.1797, TrLoss:  2.24032, VaAcc: 0.1040, VaLoss:  2.29717	 20 sampled NNs | VaAcc: 0.1040 +- 0.0000 | VaLoss: 2.2969 +- 0.0000
 61,  0 | TrAcc: 0.1766, TrLoss:  2.25241, VaAcc: 0.1040, VaLoss:  2.28273	 20 sampled NNs | VaAcc: 0.1040 +- 0.0000 | VaLoss: 2.2825 +- 0.0000
 62,  0 | TrAcc: 0.1555, TrLoss:  2.24995, VaAcc: 0.1040, VaLoss:  2.30184	 20 sampled NNs | VaAcc: 0.1040 +- 0.0000 | VaLoss: 2.3017 +- 0.0000
 63,  0 | TrAcc: 0.1564, TrLoss:  2.25223, VaAcc: 0.1040, VaLoss:  2.30066	 20 sampled NNs | VaAcc: 0.1040 +- 0.0000 | VaLoss: 2.3004 +- 0.0000
 64,  0 | TrAcc: 0.1333, TrLoss:  2.25434, VaAcc: 0.1040, VaLoss:  2.28320	 20 sampled NNs | VaAcc: 0.1040 +- 0.0000 | VaLoss: 2.2830 +- 0.0000
 65,  0 | TrAcc: 0.1386, TrLoss:  2.24340, VaAcc: 0.1212, VaLoss:  2.30932	 20 sampled NNs | VaAcc: 0.1219 +- 0.0000 | VaLoss: 2.3090 +- 0.0000
 66,  0 | TrAcc: 0.1658, TrLoss:  2.24545, VaAcc: 0.1040, VaLoss:  2.27831	 20 sampled NNs | VaAcc: 0.1040 +- 0.0000 | VaLoss: 2.2781 +- 0.0000
 67,  0 | TrAcc: 0.1716, TrLoss:  2.24069, VaAcc: 0.1040, VaLoss:  2.28844	 20 sampled NNs | VaAcc: 0.1040 +- 0.0000 | VaLoss: 2.2882 +- 0.0000
 68,  0 | TrAcc: 0.1193, TrLoss:  2.25886, VaAcc: 0.1219, VaLoss:  2.28780	 20 sampled NNs | VaAcc: 0.1219 +- 0.0000 | VaLoss: 2.2876 +- 0.0000
 69,  0 | TrAcc: 0.1393, TrLoss:  2.26547, VaAcc: 0.1040, VaLoss:  2.27884	 20 sampled NNs | VaAcc: 0.1040 +- 0.0000 | VaLoss: 2.2786 +- 0.0000
 70,  0 | TrAcc: 0.1326, TrLoss:  2.27536, VaAcc: 0.1040, VaLoss:  2.29440	 20 sampled NNs | VaAcc: 0.1040 +- 0.0000 | VaLoss: 2.2942 +- 0.0000
 71,  0 | TrAcc: 0.1576, TrLoss:  2.24218, VaAcc: 0.1040, VaLoss:  2.29814	 20 sampled NNs | VaAcc: 0.1040 +- 0.0000 | VaLoss: 2.2979 +- 0.0000
 72,  0 | TrAcc: 0.1388, TrLoss:  2.26869, VaAcc: 0.1040, VaLoss:  2.28239	 20 sampled NNs | VaAcc: 0.1040 +- 0.0000 | VaLoss: 2.2822 +- 0.0000
 73,  0 | TrAcc: 0.1284, TrLoss:  2.26386, VaAcc: 0.1144, VaLoss:  2.27133	 20 sampled NNs | VaAcc: 0.1085 +- 0.0079 | VaLoss: 2.2711 +- 0.0000
 74,  0 | TrAcc: 0.1708, TrLoss:  2.24642, VaAcc: 0.1040, VaLoss:  2.28970	 20 sampled NNs | VaAcc: 0.1040 +- 0.0000 | VaLoss: 2.2895 +- 0.0000
 75,  0 | TrAcc: 0.1725, TrLoss:  2.24603, VaAcc: 0.1040, VaLoss:  2.31756	 20 sampled NNs | VaAcc: 0.1040 +- 0.0000 | VaLoss: 2.3173 +- 0.0000
 76,  0 | TrAcc: 0.1417, TrLoss:  2.26553, VaAcc: 0.1040, VaLoss:  2.28794	 20 sampled NNs | VaAcc: 0.1040 +- 0.0000 | VaLoss: 2.2877 +- 0.0000
 77,  0 | TrAcc: 0.1563, TrLoss:  2.23563, VaAcc: 0.1044, VaLoss:  2.28507	 20 sampled NNs | VaAcc: 0.1040 +- 0.0000 | VaLoss: 2.2848 +- 0.0000
 78,  0 | TrAcc: 0.1270, TrLoss:  2.25132, VaAcc: 0.0928, VaLoss:  2.30014	 20 sampled NNs | VaAcc: 0.0928 +- 0.0000 | VaLoss: 2.3000 +- 0.0000
 79,  0 | TrAcc: 0.1471, TrLoss:  2.26604, VaAcc: 0.1040, VaLoss:  2.29919	 20 sampled NNs | VaAcc: 0.1040 +- 0.0000 | VaLoss: 2.2990 +- 0.0000
 80,  0 | TrAcc: 0.1342, TrLoss:  2.26106, VaAcc: 0.1219, VaLoss:  2.29236	 20 sampled NNs | VaAcc: 0.1219 +- 0.0000 | VaLoss: 2.2922 +- 0.0000
 81,  0 | TrAcc: 0.1592, TrLoss:  2.22136, VaAcc: 0.1219, VaLoss:  2.29392	 20 sampled NNs | VaAcc: 0.1219 +- 0.0000 | VaLoss: 2.2937 +- 0.0000
 82,  0 | TrAcc: 0.1685, TrLoss:  2.25340, VaAcc: 0.1040, VaLoss:  2.29779	 20 sampled NNs | VaAcc: 0.1040 +- 0.0000 | VaLoss: 2.2976 +- 0.0000
 83,  0 | TrAcc: 0.1552, TrLoss:  2.24547, VaAcc: 0.1040, VaLoss:  2.27548	 20 sampled NNs | VaAcc: 0.1040 +- 0.0000 | VaLoss: 2.2753 +- 0.0000
 84,  0 | TrAcc: 0.1571, TrLoss:  2.25299, VaAcc: 0.1040, VaLoss:  2.28231	 20 sampled NNs | VaAcc: 0.1040 +- 0.0000 | VaLoss: 2.2821 +- 0.0000
 85,  0 | TrAcc: 0.1315, TrLoss:  2.25920, VaAcc: 0.1219, VaLoss:  2.27957	 20 sampled NNs | VaAcc: 0.1219 +- 0.0000 | VaLoss: 2.2793 +- 0.0000
 86,  0 | TrAcc: 0.1545, TrLoss:  2.22437, VaAcc: 0.1040, VaLoss:  2.28211	 20 sampled NNs | VaAcc: 0.1040 +- 0.0000 | VaLoss: 2.2819 +- 0.0000
 87,  0 | TrAcc: 0.1487, TrLoss:  2.23518, VaAcc: 0.1219, VaLoss:  2.28615	 20 sampled NNs | VaAcc: 0.1219 +- 0.0000 | VaLoss: 2.2859 +- 0.0000
 88,  0 | TrAcc: 0.1517, TrLoss:  2.25389, VaAcc: 0.1040, VaLoss:  2.28077	 20 sampled NNs | VaAcc: 0.1040 +- 0.0000 | VaLoss: 2.2805 +- 0.0000
 89,  0 | TrAcc: 0.1456, TrLoss:  2.23881, VaAcc: 0.1040, VaLoss:  2.28461	 20 sampled NNs | VaAcc: 0.1040 +- 0.0000 | VaLoss: 2.2844 +- 0.0000
 90,  0 | TrAcc: 0.1428, TrLoss:  2.26090, VaAcc: 0.1165, VaLoss:  2.28919	 20 sampled NNs | VaAcc: 0.1219 +- 0.0000 | VaLoss: 2.2890 +- 0.0000
 91,  0 | TrAcc: 0.1547, TrLoss:  2.25700, VaAcc: 0.1040, VaLoss:  2.29181	 20 sampled NNs | VaAcc: 0.1040 +- 0.0000 | VaLoss: 2.2916 +- 0.0000
 92,  0 | TrAcc: 0.1590, TrLoss:  2.24743, VaAcc: 0.1040, VaLoss:  2.27685	 20 sampled NNs | VaAcc: 0.1040 +- 0.0000 | VaLoss: 2.2766 +- 0.0000
 93,  0 | TrAcc: 0.1592, TrLoss:  2.25977, VaAcc: 0.1040, VaLoss:  2.29013	 20 sampled NNs | VaAcc: 0.1040 +- 0.0000 | VaLoss: 2.2899 +- 0.0000
 94,  0 | TrAcc: 0.1329, TrLoss:  2.25418, VaAcc: 0.1040, VaLoss:  2.29480	 20 sampled NNs | VaAcc: 0.1040 +- 0.0000 | VaLoss: 2.2946 +- 0.0000
 95,  0 | TrAcc: 0.1504, TrLoss:  2.25843, VaAcc: 0.1040, VaLoss:  2.29205	 20 sampled NNs | VaAcc: 0.1040 +- 0.0000 | VaLoss: 2.2919 +- 0.0000
 96,  0 | TrAcc: 0.1379, TrLoss:  2.25399, VaAcc: 0.1180, VaLoss:  2.29163	 20 sampled NNs | VaAcc: 0.1219 +- 0.0000 | VaLoss: 2.2914 +- 0.0000
 97,  0 | TrAcc: 0.1598, TrLoss:  2.25043, VaAcc: 0.1040, VaLoss:  2.29657	 20 sampled NNs | VaAcc: 0.1040 +- 0.0000 | VaLoss: 2.2964 +- 0.0000
 98,  0 | TrAcc: 0.1657, TrLoss:  2.25821, VaAcc: 0.1040, VaLoss:  2.28904	 20 sampled NNs | VaAcc: 0.1040 +- 0.0000 | VaLoss: 2.2888 +- 0.0000
 99,  0 | TrAcc: 0.1493, TrLoss:  2.25672, VaAcc: 0.1040, VaLoss:  2.29031	 20 sampled NNs | VaAcc: 0.1040 +- 0.0000 | VaLoss: 2.2901 +- 0.0000
100,  0 | TrAcc: 0.1403, TrLoss:  2.26027, VaAcc: 0.1219, VaLoss:  2.26740	 20 sampled NNs | VaAcc: 0.1219 +- 0.0000 | VaLoss: 2.2672 +- 0.0000
101,  0 | TrAcc: 0.1440, TrLoss:  2.25840, VaAcc: 0.1040, VaLoss:  2.27779	 20 sampled NNs | VaAcc: 0.1040 +- 0.0000 | VaLoss: 2.2776 +- 0.0000
102,  0 | TrAcc: 0.1725, TrLoss:  2.23594, VaAcc: 0.1040, VaLoss:  2.30234	 20 sampled NNs | VaAcc: 0.1040 +- 0.0000 | VaLoss: 2.3022 +- 0.0000
103,  0 | TrAcc: 0.1433, TrLoss:  2.25747, VaAcc: 0.1040, VaLoss:  2.28128	 20 sampled NNs | VaAcc: 0.1040 +- 0.0000 | VaLoss: 2.2811 +- 0.0000
104,  0 | TrAcc: 0.1593, TrLoss:  2.24330, VaAcc: 0.1040, VaLoss:  2.27565	 20 sampled NNs | VaAcc: 0.1040 +- 0.0000 | VaLoss: 2.2755 +- 0.0000
105,  0 | TrAcc: 0.1593, TrLoss:  2.23784, VaAcc: 0.1040, VaLoss:  2.27709	 20 sampled NNs | VaAcc: 0.1040 +- 0.0000 | VaLoss: 2.2769 +- 0.0000
106,  0 | TrAcc: 0.1634, TrLoss:  2.23235, VaAcc: 0.1040, VaLoss:  2.28632	 20 sampled NNs | VaAcc: 0.1040 +- 0.0000 | VaLoss: 2.2861 +- 0.0000
107,  0 | TrAcc: 0.1478, TrLoss:  2.25197, VaAcc: 0.1078, VaLoss:  2.27302	 20 sampled NNs | VaAcc: 0.1040 +- 0.0000 | VaLoss: 2.2728 +- 0.0000
108,  0 | TrAcc: 0.1534, TrLoss:  2.25396, VaAcc: 0.1046, VaLoss:  2.29220	 20 sampled NNs | VaAcc: 0.1040 +- 0.0000 | VaLoss: 2.2920 +- 0.0000
109,  0 | TrAcc: 0.1671, TrLoss:  2.23276, VaAcc: 0.1040, VaLoss:  2.29322	 20 sampled NNs | VaAcc: 0.1040 +- 0.0000 | VaLoss: 2.2931 +- 0.0000
110,  0 | TrAcc: 0.1374, TrLoss:  2.25408, VaAcc: 0.1219, VaLoss:  2.28038	 20 sampled NNs | VaAcc: 0.1219 +- 0.0000 | VaLoss: 2.2802 +- 0.0000
111,  0 | TrAcc: 0.1353, TrLoss:  2.25947, VaAcc: 0.1219, VaLoss:  2.30280	 20 sampled NNs | VaAcc: 0.1219 +- 0.0000 | VaLoss: 2.3026 +- 0.0000
112,  0 | TrAcc: 0.1688, TrLoss:  2.24118, VaAcc: 0.1040, VaLoss:  2.29602	 20 sampled NNs | VaAcc: 0.1040 +- 0.0000 | VaLoss: 2.2959 +- 0.0000
113,  0 | TrAcc: 0.1394, TrLoss:      nan, VaAcc: 0.1219, VaLoss:      nan	 20 sampled NNs | VaAcc: 0.1219 +- 0.0000 | VaLoss: 2.2922 +- 0.0000
114,  0 | TrAcc: 0.1263, TrLoss:  2.25893, VaAcc: 0.1219, VaLoss:  2.28496	 20 sampled NNs | VaAcc: 0.1219 +- 0.0000 | VaLoss: 2.2848 +- 0.0000
115,  0 | TrAcc: 0.1595, TrLoss:  2.25093, VaAcc: 0.1040, VaLoss:  2.31130	 20 sampled NNs | VaAcc: 0.1040 +- 0.0000 | VaLoss: 2.3111 +- 0.0000
116,  0 | TrAcc: 0.1548, TrLoss:  2.25472, VaAcc: 0.1040, VaLoss:  2.31129	 20 sampled NNs | VaAcc: 0.1040 +- 0.0000 | VaLoss: 2.3111 +- 0.0000
117,  0 | TrAcc: 0.1393, TrLoss:  2.27217, VaAcc: 0.1040, VaLoss:  2.28768	 20 sampled NNs | VaAcc: 0.1040 +- 0.0000 | VaLoss: 2.2875 +- 0.0000
118,  0 | TrAcc: 0.1523, TrLoss:  2.25883, VaAcc: 0.1040, VaLoss:  2.29213	 20 sampled NNs | VaAcc: 0.1040 +- 0.0000 | VaLoss: 2.2919 +- 0.0000
119,  0 | TrAcc: 0.1464, TrLoss:  2.22571, VaAcc: 0.1218, VaLoss:  2.31285	 20 sampled NNs | VaAcc: 0.1219 +- 0.0000 | VaLoss: 2.3127 +- 0.0000
120,  0 | TrAcc: 0.1534, TrLoss:  2.23057, VaAcc: 0.1040, VaLoss:  2.29909	 20 sampled NNs | VaAcc: 0.1040 +- 0.0000 | VaLoss: 2.2989 +- 0.0000
121,  0 | TrAcc: 0.1484, TrLoss:  2.25571, VaAcc: 0.1041, VaLoss:  2.28309	 20 sampled NNs | VaAcc: 0.1040 +- 0.0000 | VaLoss: 2.2829 +- 0.0000
122,  0 | TrAcc: 0.1279, TrLoss:  2.26184, VaAcc: 0.1157, VaLoss:  2.28202	 20 sampled NNs | VaAcc: 0.1219 +- 0.0000 | VaLoss: 2.2818 +- 0.0000
123,  0 | TrAcc: 0.1191, TrLoss:  2.27180, VaAcc: 0.1219, VaLoss:  2.28016	 20 sampled NNs | VaAcc: 0.1219 +- 0.0000 | VaLoss: 2.2800 +- 0.0000
124,  0 | TrAcc: 0.1643, TrLoss:  2.24884, VaAcc: 0.1040, VaLoss:  2.30614	 20 sampled NNs | VaAcc: 0.1040 +- 0.0000 | VaLoss: 2.3060 +- 0.0000
125,  0 | TrAcc: 0.1612, TrLoss:  2.24419, VaAcc: 0.1040, VaLoss:  2.28303	 20 sampled NNs | VaAcc: 0.1040 +- 0.0000 | VaLoss: 2.2828 +- 0.0000
126,  0 | TrAcc: 0.1568, TrLoss:  2.25945, VaAcc: 0.1040, VaLoss:  2.29195	 20 sampled NNs | VaAcc: 0.1040 +- 0.0000 | VaLoss: 2.2918 +- 0.0000
127,  0 | TrAcc: 0.1637, TrLoss:  2.24725, VaAcc: 0.1040, VaLoss:  2.29605	 20 sampled NNs | VaAcc: 0.1040 +- 0.0000 | VaLoss: 2.2959 +- 0.0000
128,  0 | TrAcc: 0.1269, TrLoss:  2.26581, VaAcc: 0.1121, VaLoss:  2.28332	 20 sampled NNs | VaAcc: 0.1121 +- 0.0000 | VaLoss: 2.2831 +- 0.0000
129,  0 | TrAcc: 0.1579, TrLoss:  2.24746, VaAcc: 0.1040, VaLoss:  2.28948	 20 sampled NNs | VaAcc: 0.1040 +- 0.0000 | VaLoss: 2.2893 +- 0.0000
130,  0 | TrAcc: 0.1570, TrLoss:  2.24158, VaAcc: 0.1040, VaLoss:  2.29277	 20 sampled NNs | VaAcc: 0.1040 +- 0.0000 | VaLoss: 2.2926 +- 0.0000
131,  0 | TrAcc: 0.1610, TrLoss:  2.26743, VaAcc: 0.1040, VaLoss:  2.28346	 20 sampled NNs | VaAcc: 0.1040 +- 0.0000 | VaLoss: 2.2833 +- 0.0000
132,  0 | TrAcc: 0.1684, TrLoss:  2.24920, VaAcc: 0.1040, VaLoss:  2.30124	 20 sampled NNs | VaAcc: 0.1040 +- 0.0000 | VaLoss: 2.3010 +- 0.0000
133,  0 | TrAcc: 0.1152, TrLoss:  2.26574, VaAcc: 0.1121, VaLoss:  2.26671	 20 sampled NNs | VaAcc: 0.1121 +- 0.0000 | VaLoss: 2.2665 +- 0.0000
134,  0 | TrAcc: 0.1466, TrLoss:  2.23994, VaAcc: 0.1040, VaLoss:  2.29179	 20 sampled NNs | VaAcc: 0.1040 +- 0.0000 | VaLoss: 2.2916 +- 0.0000
135,  0 | TrAcc: 0.1278, TrLoss:  2.24420, VaAcc: 0.0928, VaLoss:  2.28652	 20 sampled NNs | VaAcc: 0.0928 +- 0.0000 | VaLoss: 2.2863 +- 0.0000
136,  0 | TrAcc: 0.1477, TrLoss:  2.24317, VaAcc: 0.1040, VaLoss:  2.28834	 20 sampled NNs | VaAcc: 0.1040 +- 0.0000 | VaLoss: 2.2881 +- 0.0000
137,  0 | TrAcc: 0.1083, TrLoss:  2.26737, VaAcc: 0.0847, VaLoss:  2.29379	 20 sampled NNs | VaAcc: 0.0847 +- 0.0000 | VaLoss: 2.2936 +- 0.0000
138,  0 | TrAcc: 0.1399, TrLoss:  2.24672, VaAcc: 0.1040, VaLoss:  2.28999	 20 sampled NNs | VaAcc: 0.1040 +- 0.0000 | VaLoss: 2.2898 +- 0.0000
139,  0 | TrAcc: 0.1753, TrLoss:  2.22993, VaAcc: 0.1040, VaLoss:  2.29447	 20 sampled NNs | VaAcc: 0.1040 +- 0.0000 | VaLoss: 2.2943 +- 0.0000
140,  0 | TrAcc: 0.1661, TrLoss:  2.24826, VaAcc: 0.1040, VaLoss:  2.27668	 20 sampled NNs | VaAcc: 0.1040 +- 0.0000 | VaLoss: 2.2765 +- 0.0000
141,  0 | TrAcc: 0.1912, TrLoss:  2.23618, VaAcc: 0.1040, VaLoss:  2.31092	 20 sampled NNs | VaAcc: 0.1040 +- 0.0000 | VaLoss: 2.3107 +- 0.0000
142,  0 | TrAcc: 0.1736, TrLoss:  2.23679, VaAcc: 0.1040, VaLoss:  2.28862	 20 sampled NNs | VaAcc: 0.1040 +- 0.0000 | VaLoss: 2.2884 +- 0.0000
143,  0 | TrAcc: 0.1500, TrLoss:  2.26377, VaAcc: 0.1040, VaLoss:  2.29588	 20 sampled NNs | VaAcc: 0.1040 +- 0.0000 | VaLoss: 2.2957 +- 0.0000
144,  0 | TrAcc: 0.1550, TrLoss:  2.25871, VaAcc: 0.1040, VaLoss:  2.29013	 20 sampled NNs | VaAcc: 0.1040 +- 0.0000 | VaLoss: 2.2899 +- 0.0000
145,  0 | TrAcc: 0.1571, TrLoss:  2.25230, VaAcc: 0.1040, VaLoss:  2.30365	 20 sampled NNs | VaAcc: 0.1040 +- 0.0000 | VaLoss: 2.3035 +- 0.0000
146,  0 | TrAcc: 0.1425, TrLoss:  2.24003, VaAcc: 0.1071, VaLoss:  2.29659	 20 sampled NNs | VaAcc: 0.1040 +- 0.0000 | VaLoss: 2.2964 +- 0.0000
147,  0 | TrAcc: 0.1496, TrLoss:  2.24854, VaAcc: 0.1041, VaLoss:  2.29210	 20 sampled NNs | VaAcc: 0.1040 +- 0.0000 | VaLoss: 2.2919 +- 0.0000
148,  0 | TrAcc: 0.1483, TrLoss:  2.26910, VaAcc: 0.1040, VaLoss:  2.29031	 20 sampled NNs | VaAcc: 0.1040 +- 0.0000 | VaLoss: 2.2901 +- 0.0000
149,  0 | TrAcc: 0.1366, TrLoss:  2.26879, VaAcc: 0.1219, VaLoss:  2.27847	 20 sampled NNs | VaAcc: 0.1219 +- 0.0000 | VaLoss: 2.2783 +- 0.0000
150,  0 | TrAcc: 0.1528, TrLoss:  2.25016, VaAcc: 0.1040, VaLoss:  2.28010	 20 sampled NNs | VaAcc: 0.1040 +- 0.0000 | VaLoss: 2.2799 +- 0.0000
151,  0 | TrAcc: 0.1248, TrLoss:  2.25047, VaAcc: 0.1349, VaLoss:  2.26810	 20 sampled NNs | VaAcc: 0.1349 +- 0.0000 | VaLoss: 2.2679 +- 0.0000
152,  0 | TrAcc: 0.1524, TrLoss:  2.26089, VaAcc: 0.1040, VaLoss:  2.29106	 20 sampled NNs | VaAcc: 0.1040 +- 0.0000 | VaLoss: 2.2908 +- 0.0000
153,  0 | TrAcc: 0.1613, TrLoss:  2.24867, VaAcc: 0.1040, VaLoss:  2.29147	 20 sampled NNs | VaAcc: 0.1040 +- 0.0000 | VaLoss: 2.2913 +- 0.0000
154,  0 | TrAcc: 0.1639, TrLoss:  2.24720, VaAcc: 0.1040, VaLoss:  2.28012	 20 sampled NNs | VaAcc: 0.1040 +- 0.0000 | VaLoss: 2.2799 +- 0.0000
155,  0 | TrAcc: 0.1673, TrLoss:  2.24589, VaAcc: 0.1040, VaLoss:  2.31534	 20 sampled NNs | VaAcc: 0.1040 +- 0.0000 | VaLoss: 2.3151 +- 0.0000
156,  0 | TrAcc: 0.1429, TrLoss:  2.25856, VaAcc: 0.1040, VaLoss:  2.28002	 20 sampled NNs | VaAcc: 0.1040 +- 0.0000 | VaLoss: 2.2798 +- 0.0000
157,  0 | TrAcc: 0.1636, TrLoss:  2.24590, VaAcc: 0.1040, VaLoss:  2.30464	 20 sampled NNs | VaAcc: 0.1040 +- 0.0000 | VaLoss: 2.3044 +- 0.0000
158,  0 | TrAcc: 0.1673, TrLoss:  2.24063, VaAcc: 0.1040, VaLoss:  2.29339	 20 sampled NNs | VaAcc: 0.1040 +- 0.0000 | VaLoss: 2.2932 +- 0.0000
159,  0 | TrAcc: 0.1698, TrLoss:  2.24424, VaAcc: 0.1040, VaLoss:  2.28207	 20 sampled NNs | VaAcc: 0.1040 +- 0.0000 | VaLoss: 2.2819 +- 0.0000
160,  0 | TrAcc: 0.1458, TrLoss:  2.25630, VaAcc: 0.1040, VaLoss:  2.29041	 20 sampled NNs | VaAcc: 0.1040 +- 0.0000 | VaLoss: 2.2902 +- 0.0000
161,  0 | TrAcc: 0.1262, TrLoss:  2.27313, VaAcc: 0.1219, VaLoss:  2.26670	 20 sampled NNs | VaAcc: 0.1219 +- 0.0000 | VaLoss: 2.2665 +- 0.0000
162,  0 | TrAcc: 0.1428, TrLoss:  2.24878, VaAcc: 0.1219, VaLoss:  2.28304	 20 sampled NNs | VaAcc: 0.1219 +- 0.0000 | VaLoss: 2.2828 +- 0.0000
163,  0 | TrAcc: 0.1525, TrLoss:  2.25073, VaAcc: 0.1040, VaLoss:  2.29247	 20 sampled NNs | VaAcc: 0.1040 +- 0.0000 | VaLoss: 2.2923 +- 0.0000
164,  0 | TrAcc: 0.1627, TrLoss:  2.24828, VaAcc: 0.1040, VaLoss:  2.29109	 20 sampled NNs | VaAcc: 0.1040 +- 0.0000 | VaLoss: 2.2909 +- 0.0000
165,  0 | TrAcc: 0.1674, TrLoss:  2.25041, VaAcc: 0.1040, VaLoss:  2.27779	 20 sampled NNs | VaAcc: 0.1040 +- 0.0000 | VaLoss: 2.2776 +- 0.0000
166,  0 | TrAcc: 0.1352, TrLoss:  2.24817, VaAcc: 0.1040, VaLoss:  2.27916	 20 sampled NNs | VaAcc: 0.1040 +- 0.0000 | VaLoss: 2.2790 +- 0.0000
167,  0 | TrAcc: 0.1389, TrLoss:  2.25775, VaAcc: 0.1219, VaLoss:  2.30341	 20 sampled NNs | VaAcc: 0.1219 +- 0.0000 | VaLoss: 2.3032 +- 0.0000
168,  0 | TrAcc: 0.1621, TrLoss:  2.24834, VaAcc: 0.1040, VaLoss:  2.29648	 20 sampled NNs | VaAcc: 0.1040 +- 0.0000 | VaLoss: 2.2963 +- 0.0000
169,  0 | TrAcc: 0.1500, TrLoss:  2.25615, VaAcc: 0.1112, VaLoss:  2.28135	 20 sampled NNs | VaAcc: 0.1040 +- 0.0000 | VaLoss: 2.2811 +- 0.0000
170,  0 | TrAcc: 0.1294, TrLoss:  2.26640, VaAcc: 0.1219, VaLoss:  2.29558	 20 sampled NNs | VaAcc: 0.1219 +- 0.0000 | VaLoss: 2.2954 +- 0.0000
171,  0 | TrAcc: 0.1381, TrLoss:  2.24828, VaAcc: 0.1219, VaLoss:  2.28853	 20 sampled NNs | VaAcc: 0.1219 +- 0.0000 | VaLoss: 2.2883 +- 0.0000
172,  0 | TrAcc: 0.1625, TrLoss:  2.24026, VaAcc: 0.1040, VaLoss:  2.29712	 20 sampled NNs | VaAcc: 0.1040 +- 0.0000 | VaLoss: 2.2969 +- 0.0000
173,  0 | TrAcc: 0.1636, TrLoss:  2.24044, VaAcc: 0.1040, VaLoss:  2.30016	 20 sampled NNs | VaAcc: 0.1040 +- 0.0000 | VaLoss: 2.3000 +- 0.0000
174,  0 | TrAcc: 0.1700, TrLoss:  2.23591, VaAcc: 0.1040, VaLoss:  2.28957	 20 sampled NNs | VaAcc: 0.1040 +- 0.0000 | VaLoss: 2.2894 +- 0.0000
175,  0 | TrAcc: 0.1300, TrLoss:  2.26368, VaAcc: 0.1196, VaLoss:  2.26558	 20 sampled NNs | VaAcc: 0.1271 +- 0.0137 | VaLoss: 2.2654 +- 0.0000
176,  0 | TrAcc: 0.1098, TrLoss:  2.26881, VaAcc: 0.1190, VaLoss:  2.27712	 20 sampled NNs | VaAcc: 0.1196 +- 0.0000 | VaLoss: 2.2769 +- 0.0000
177,  0 | TrAcc: 0.1735, TrLoss:  2.24483, VaAcc: 0.1040, VaLoss:  2.31363	 20 sampled NNs | VaAcc: 0.1040 +- 0.0000 | VaLoss: 2.3134 +- 0.0000
178,  0 | TrAcc: 0.1686, TrLoss:  2.26191, VaAcc: 0.1040, VaLoss:  2.32477	 20 sampled NNs | VaAcc: 0.1040 +- 0.0000 | VaLoss: 2.3246 +- 0.0000
179,  0 | TrAcc: 0.1593, TrLoss:  2.24592, VaAcc: 0.1040, VaLoss:  2.30136	 20 sampled NNs | VaAcc: 0.1040 +- 0.0000 | VaLoss: 2.3012 +- 0.0000
180,  0 | TrAcc: 0.1446, TrLoss:  2.25258, VaAcc: 0.1095, VaLoss:  2.28615	 20 sampled NNs | VaAcc: 0.1040 +- 0.0000 | VaLoss: 2.2860 +- 0.0000
181,  0 | TrAcc: 0.1385, TrLoss:  2.26084, VaAcc: 0.1219, VaLoss:  2.29705	 20 sampled NNs | VaAcc: 0.1219 +- 0.0000 | VaLoss: 2.2969 +- 0.0000
182,  0 | TrAcc: 0.1509, TrLoss:  2.26145, VaAcc: 0.1040, VaLoss:  2.27958	 20 sampled NNs | VaAcc: 0.1040 +- 0.0000 | VaLoss: 2.2794 +- 0.0000
183,  0 | TrAcc: 0.1425, TrLoss:  2.25908, VaAcc: 0.1040, VaLoss:  2.28129	 20 sampled NNs | VaAcc: 0.1040 +- 0.0000 | VaLoss: 2.2811 +- 0.0000
184,  0 | TrAcc: 0.1562, TrLoss:  2.25190, VaAcc: 0.1219, VaLoss:  2.28568	 20 sampled NNs | VaAcc: 0.1219 +- 0.0000 | VaLoss: 2.2855 +- 0.0000
