

config:

HOME=/clusterFS/home/student/kopp13
PATH=/clusterFS/home/student/kopp13/miniconda3/envs/tensorflow/bin:/clusterFS/home/student/kopp13/miniconda3/bin:/clusterFS/home/student/kopp13/bin:/usr/local/bin:/usr/bin:/bin:/usr/local/games:/usr/games
LD_LIBRARY_PATH=
THEANO_FLAGS=floatX=float32,gpuarray.preallocate=0.9,dnn.library_path=/usr/lib/x86_64-linux-gnu,cxx=clang++-3.8,device=cuda,base_compiledir=/tmp/tmp.7fU1k9nl8Z

=============================
CONFIG FILE

RNN CONFIG
{'data_multiplier': 1000,
 'gradient_clip_value': 0.5,
 'layer_configs': [{'layer_type': 'input'},
                   {'bc': {'init_m': 'xavier',
                           'init_v': -4.5,
                           'prior_m': 0.0,
                           'prior_v': 0.0,
                           'type': 'continuous'},
                    'bf': {'init_m': 'xavier',
                           'init_v': -4.5,
                           'prior_m': 0.0,
                           'prior_v': 0.0,
                           'type': 'continuous'},
                    'bi': {'init_m': 'xavier',
                           'init_v': -4.5,
                           'prior_m': 0.0,
                           'prior_v': 0.0,
                           'type': 'continuous'},
                    'bo': {'init_m': 'xavier',
                           'init_v': -4.5,
                           'prior_m': 0.0,
                           'prior_v': 0.0,
                           'type': 'continuous'},
                    'discrete_act': True,
                    'init_config': {'c': {'b': 'all_zero', 'w': 'xavier'},
                                    'f': {'b': 'all_one', 'w': 'all_zero'},
                                    'i': {'b': 'all_zero', 'w': 'xavier'},
                                    'o': {'b': 'all_zero', 'w': 'xavier'}},
                    'is_output': False,
                    'is_recurrent': True,
                    'layer_type': 'lstm',
                    'normalize_mean': False,
                    'tau': 0.8,
                    'var_scope': 'lstm_0',
                    'wc': {'p0max': 0.95,
                           'p0min': 0.05,
                           'pmax': 0.99,
                           'pmin': 0.01,
                           'priors': [0.1, 0.8, 0.1],
                           'type': 'ternary'},
                    'wf': {'p0max': 0.95,
                           'p0min': 0.05,
                           'pmax': 0.99,
                           'pmin': 0.01,
                           'priors': [0.1, 0.8, 0.1],
                           'type': 'ternary'},
                    'wi': {'p0max': 0.95,
                           'p0min': 0.05,
                           'pmax': 0.99,
                           'pmin': 0.01,
                           'priors': [0.1, 0.8, 0.1],
                           'type': 'ternary'},
                    'wo': {'p0max': 0.95,
                           'p0min': 0.05,
                           'pmax': 0.99,
                           'pmin': 0.01,
                           'priors': [0.1, 0.8, 0.1],
                           'type': 'ternary'}},
                   {'bc': {'init_m': 'xavier',
                           'init_v': -4.5,
                           'prior_m': 0.0,
                           'prior_v': 0.0,
                           'type': 'continuous'},
                    'bf': {'init_m': 'xavier',
                           'init_v': -4.5,
                           'prior_m': 0.0,
                           'prior_v': 0.0,
                           'type': 'continuous'},
                    'bi': {'init_m': 'xavier',
                           'init_v': -4.5,
                           'prior_m': 0.0,
                           'prior_v': 0.0,
                           'type': 'continuous'},
                    'bo': {'init_m': 'xavier',
                           'init_v': -4.5,
                           'prior_m': 0.0,
                           'prior_v': 0.0,
                           'type': 'continuous'},
                    'discrete_act': True,
                    'init_config': {'c': {'b': 'all_zero', 'w': 'xavier'},
                                    'f': {'b': 'all_one', 'w': 'all_zero'},
                                    'i': {'b': 'all_zero', 'w': 'xavier'},
                                    'o': {'b': 'all_zero', 'w': 'xavier'}},
                    'is_output': False,
                    'is_recurrent': True,
                    'layer_type': 'lstm',
                    'normalize_mean': False,
                    'tau': 0.8,
                    'var_scope': 'lstm_1',
                    'wc': {'p0max': 0.95,
                           'p0min': 0.05,
                           'pmax': 0.99,
                           'pmin': 0.01,
                           'priors': [0.1, 0.8, 0.1],
                           'type': 'ternary'},
                    'wf': {'p0max': 0.95,
                           'p0min': 0.05,
                           'pmax': 0.99,
                           'pmin': 0.01,
                           'priors': [0.1, 0.8, 0.1],
                           'type': 'ternary'},
                    'wi': {'p0max': 0.95,
                           'p0min': 0.05,
                           'pmax': 0.99,
                           'pmin': 0.01,
                           'priors': [0.1, 0.8, 0.1],
                           'type': 'ternary'},
                    'wo': {'p0max': 0.95,
                           'p0min': 0.05,
                           'pmax': 0.99,
                           'pmin': 0.01,
                           'priors': [0.1, 0.8, 0.1],
                           'type': 'ternary'}},
                   {'b': {'init_m': 'xavier',
                          'init_v': -4.5,
                          'prior_m': 0.0,
                          'prior_v': 0.0,
                          'type': 'continuous'},
                    'is_output': True,
                    'is_recurrent': False,
                    'layer_type': 'fc',
                    'regularization': {'mode': None, 'strength': 0.02},
                    'tau': 0.8,
                    'var_scope': 'output_layer',
                    'w': {'p0max': 0.95,
                          'p0min': 0.05,
                          'pmax': 0.99,
                          'pmin': 0.01,
                          'priors': [0.1, 0.8, 0.1],
                          'type': 'ternary'}}],
 'layout': [4, 60, 60, 10],
 'output_type': 'classification'}

DATA CONFIG
{'dataset': 'red_penstroke',
 'tr': {'in_seq_len': 30,
        'minibatch_enabled': True,
        'minibatch_size': 200,
        'out_seq_len': 5,
        'zero_padding': 20},
 'va': {'in_seq_len': 30,
        'minibatch_enabled': True,
        'minibatch_size': 200,
        'out_seq_len': 5,
        'zero_padding': 20}}

TRAINING CONFIG
{'beta_reg': 0.0,
 'ent_reg': 1e-08,
 'is_pretrain': False,
 'learning_rate': 0.001,
 'mode': {'max_epochs': 500, 'min_error': 0.0, 'name': 'classic'},
 'task_id': 0,
 'type': 'l_sampling',
 'var_reg': 0.0}
==============================


  0,  0 | TrAcc: 0.0971, TrLoss:  6.86548, VaAcc: 0.0987, VaLoss:  6.85192	 20 sampled NNs | VaAcc: 0.0988 +- 0.0140 | VaLoss: 3.1734 +- 0.1285
  1,  0 | TrAcc: 0.1025, TrLoss:  5.38498, VaAcc: 0.0999, VaLoss:  5.41143	 20 sampled NNs | VaAcc: 0.1043 +- 0.0121 | VaLoss: 2.8019 +- 0.0940
  2,  0 | TrAcc: 0.1067, TrLoss:  4.30475, VaAcc: 0.1027, VaLoss:  4.37649	 20 sampled NNs | VaAcc: 0.1090 +- 0.0084 | VaLoss: 2.6330 +- 0.0796
  3,  0 | TrAcc: 0.1098, TrLoss:  3.62510, VaAcc: 0.1050, VaLoss:  3.68361	 20 sampled NNs | VaAcc: 0.1074 +- 0.0105 | VaLoss: 2.5727 +- 0.0579
  4,  0 | TrAcc: 0.1136, TrLoss:  3.18848, VaAcc: 0.1068, VaLoss:  3.24370	 20 sampled NNs | VaAcc: 0.1144 +- 0.0122 | VaLoss: 2.4457 +- 0.0483
  5,  0 | TrAcc: 0.1164, TrLoss:  2.86530, VaAcc: 0.1067, VaLoss:  2.94986	 20 sampled NNs | VaAcc: 0.1066 +- 0.0105 | VaLoss: 2.4095 +- 0.0353
  6,  0 | TrAcc: 0.1125, TrLoss:  2.69286, VaAcc: 0.1078, VaLoss:  2.73892	 20 sampled NNs | VaAcc: 0.1039 +- 0.0121 | VaLoss: 2.3763 +- 0.0362
  7,  0 | TrAcc: 0.1103, TrLoss:  2.59017, VaAcc: 0.1038, VaLoss:  2.62280	 20 sampled NNs | VaAcc: 0.1043 +- 0.0112 | VaLoss: 2.3401 +- 0.0272
  8,  0 | TrAcc: 0.1181, TrLoss:  2.47584, VaAcc: 0.1114, VaLoss:  2.50757	 20 sampled NNs | VaAcc: 0.1052 +- 0.0071 | VaLoss: 2.3149 +- 0.0229
  9,  0 | TrAcc: 0.1228, TrLoss:  2.41212, VaAcc: 0.1069, VaLoss:  2.47750	 20 sampled NNs | VaAcc: 0.1075 +- 0.0082 | VaLoss: 2.3401 +- 0.0238
 10,  0 | TrAcc: 0.1150, TrLoss:  2.38200, VaAcc: 0.1093, VaLoss:  2.40707	 20 sampled NNs | VaAcc: 0.1304 +- 0.0084 | VaLoss: 2.3098 +- 0.0213
 11,  0 | TrAcc: 0.1226, TrLoss:  2.31166, VaAcc: 0.1102, VaLoss:  2.38674	 20 sampled NNs | VaAcc: 0.1073 +- 0.0082 | VaLoss: 2.3135 +- 0.0130
 12,  0 | TrAcc: 0.1193, TrLoss:  2.32815, VaAcc: 0.1047, VaLoss:  2.36086	 20 sampled NNs | VaAcc: 0.1060 +- 0.0092 | VaLoss: 2.3042 +- 0.0080
 13,  0 | TrAcc: 0.1444, TrLoss:  2.28755, VaAcc: 0.1068, VaLoss:  2.34753	 20 sampled NNs | VaAcc: 0.1049 +- 0.0029 | VaLoss: 2.3031 +- 0.0045
 14,  0 | TrAcc: 0.1237, TrLoss:  2.29473, VaAcc: 0.1047, VaLoss:  2.33415	 20 sampled NNs | VaAcc: 0.1071 +- 0.0066 | VaLoss: 2.3037 +- 0.0071
 15,  0 | TrAcc: 0.1633, TrLoss:  2.26244, VaAcc: 0.1064, VaLoss:  2.33989	 20 sampled NNs | VaAcc: 0.1052 +- 0.0026 | VaLoss: 2.3157 +- 0.0056
 16,  0 | TrAcc: 0.1384, TrLoss:  2.26392, VaAcc: 0.1209, VaLoss:  2.30350	 20 sampled NNs | VaAcc: 0.1353 +- 0.0010 | VaLoss: 2.2862 +- 0.0034
 17,  0 | TrAcc: 0.1418, TrLoss:  2.26391, VaAcc: 0.1159, VaLoss:  2.31220	 20 sampled NNs | VaAcc: 0.1045 +- 0.0011 | VaLoss: 2.2982 +- 0.0036
 18,  0 | TrAcc: 0.1215, TrLoss:  2.28022, VaAcc: 0.1183, VaLoss:  2.29937	 20 sampled NNs | VaAcc: 0.1347 +- 0.0056 | VaLoss: 2.2895 +- 0.0078
 19,  0 | TrAcc: 0.1477, TrLoss:  2.27047, VaAcc: 0.1071, VaLoss:  2.29635	 20 sampled NNs | VaAcc: 0.1052 +- 0.0014 | VaLoss: 2.2894 +- 0.0035
 20,  0 | TrAcc: 0.1625, TrLoss:  2.24643, VaAcc: 0.1112, VaLoss:  2.29238	 20 sampled NNs | VaAcc: 0.1048 +- 0.0002 | VaLoss: 2.2867 +- 0.0042
 21,  0 | TrAcc: 0.1437, TrLoss:  2.27679, VaAcc: 0.1064, VaLoss:  2.29390	 20 sampled NNs | VaAcc: 0.1041 +- 0.0024 | VaLoss: 2.2916 +- 0.0079
 22,  0 | TrAcc: 0.1319, TrLoss:  2.27378, VaAcc: 0.1164, VaLoss:  2.29343	 20 sampled NNs | VaAcc: 0.1048 +- 0.0000 | VaLoss: 2.2892 +- 0.0001
 23,  0 | TrAcc: 0.1643, TrLoss:  2.26965, VaAcc: 0.1047, VaLoss:  2.33236	 20 sampled NNs | VaAcc: 0.1048 +- 0.0000 | VaLoss: 2.3290 +- 0.0003
 24,  0 | TrAcc: 0.1305, TrLoss:  2.26286, VaAcc: 0.1238, VaLoss:  2.29013	 20 sampled NNs | VaAcc: 0.1351 +- 0.0000 | VaLoss: 2.2873 +- 0.0001
 25,  0 | TrAcc: 0.1516, TrLoss:  2.24344, VaAcc: 0.1047, VaLoss:  2.29790	 20 sampled NNs | VaAcc: 0.1047 +- 0.0006 | VaLoss: 2.2968 +- 0.0054
 26,  0 | TrAcc: 0.1543, TrLoss:  2.25242, VaAcc: 0.1064, VaLoss:  2.29829	 20 sampled NNs | VaAcc: 0.1048 +- 0.0000 | VaLoss: 2.2967 +- 0.0001
 27,  0 | TrAcc: 0.1513, TrLoss:  2.24413, VaAcc: 0.1351, VaLoss:  2.29240	 20 sampled NNs | VaAcc: 0.1349 +- 0.0011 | VaLoss: 2.2913 +- 0.0008
 28,  0 | TrAcc: 0.1464, TrLoss:  2.25847, VaAcc: 0.1123, VaLoss:  2.29382	 20 sampled NNs | VaAcc: 0.1048 +- 0.0000 | VaLoss: 2.2928 +- 0.0001
 29,  0 | TrAcc: 0.1588, TrLoss:  2.24195, VaAcc: 0.1054, VaLoss:  2.29718	 20 sampled NNs | VaAcc: 0.1048 +- 0.0000 | VaLoss: 2.2964 +- 0.0011
 30,  0 | TrAcc: 0.1182, TrLoss:  2.26412, VaAcc: 0.1228, VaLoss:  2.28473	 20 sampled NNs | VaAcc: 0.1411 +- 0.0000 | VaLoss: 2.2835 +- 0.0001
 31,  0 | TrAcc: 0.1544, TrLoss:  2.26605, VaAcc: 0.1048, VaLoss:  2.28558	 20 sampled NNs | VaAcc: 0.1048 +- 0.0000 | VaLoss: 2.2848 +- 0.0000
 32,  0 | TrAcc: 0.1406, TrLoss:  2.24979, VaAcc: 0.1158, VaLoss:  2.28142	 20 sampled NNs | VaAcc: 0.1048 +- 0.0000 | VaLoss: 2.2807 +- 0.0000
 33,  0 | TrAcc: 0.1490, TrLoss:  2.26003, VaAcc: 0.1048, VaLoss:  2.28732	 20 sampled NNs | VaAcc: 0.1048 +- 0.0000 | VaLoss: 2.2868 +- 0.0000
 34,  0 | TrAcc: 0.1643, TrLoss:  2.25550, VaAcc: 0.1048, VaLoss:  2.29236	 20 sampled NNs | VaAcc: 0.1052 +- 0.0018 | VaLoss: 2.2935 +- 0.0078
 35,  0 | TrAcc: 0.1250, TrLoss:  2.25855, VaAcc: 0.1314, VaLoss:  2.29211	 20 sampled NNs | VaAcc: 0.1351 +- 0.0000 | VaLoss: 2.2914 +- 0.0000
 36,  0 | TrAcc: 0.1476, TrLoss:  2.22417, VaAcc: 0.1333, VaLoss:  2.28795	 20 sampled NNs | VaAcc: 0.1351 +- 0.0000 | VaLoss: 2.2874 +- 0.0000
 37,  0 | TrAcc: 0.1542, TrLoss:  2.24124, VaAcc: 0.1305, VaLoss:  2.29333	 20 sampled NNs | VaAcc: 0.1351 +- 0.0000 | VaLoss: 2.2928 +- 0.0000
 38,  0 | TrAcc: 0.1541, TrLoss:  2.26253, VaAcc: 0.1048, VaLoss:  2.30357	 20 sampled NNs | VaAcc: 0.1048 +- 0.0000 | VaLoss: 2.3032 +- 0.0000
 39,  0 | TrAcc: 0.1795, TrLoss:  2.24801, VaAcc: 0.1048, VaLoss:  2.29956	 20 sampled NNs | VaAcc: 0.1048 +- 0.0000 | VaLoss: 2.2992 +- 0.0000
 40,  0 | TrAcc: 0.1706, TrLoss:  2.24774, VaAcc: 0.1048, VaLoss:  2.31883	 20 sampled NNs | VaAcc: 0.1048 +- 0.0000 | VaLoss: 2.3184 +- 0.0000
 41,  0 | TrAcc: 0.1792, TrLoss:  2.23421, VaAcc: 0.1048, VaLoss:  2.30381	 20 sampled NNs | VaAcc: 0.1048 +- 0.0000 | VaLoss: 2.3035 +- 0.0000
 42,  0 | TrAcc: 0.1471, TrLoss:  2.25926, VaAcc: 0.1048, VaLoss:  2.27968	 20 sampled NNs | VaAcc: 0.1048 +- 0.0000 | VaLoss: 2.2793 +- 0.0000
 43,  0 | TrAcc: 0.1239, TrLoss:  2.26892, VaAcc: 0.1196, VaLoss:  2.27814	 20 sampled NNs | VaAcc: 0.1197 +- 0.0002 | VaLoss: 2.2781 +- 0.0016
 44,  0 | TrAcc: 0.1356, TrLoss:  2.26270, VaAcc: 0.1075, VaLoss:  2.28505	 20 sampled NNs | VaAcc: 0.1048 +- 0.0000 | VaLoss: 2.2847 +- 0.0000
 45,  0 | TrAcc: 0.1543, TrLoss:  2.24100, VaAcc: 0.1048, VaLoss:  2.28327	 20 sampled NNs | VaAcc: 0.1048 +- 0.0000 | VaLoss: 2.2829 +- 0.0000
 46,  0 | TrAcc: 0.1400, TrLoss:  2.23097, VaAcc: 0.1073, VaLoss:  2.29515	 20 sampled NNs | VaAcc: 0.1048 +- 0.0000 | VaLoss: 2.2948 +- 0.0000
 47,  0 | TrAcc: 0.1605, TrLoss:  2.24827, VaAcc: 0.1086, VaLoss:  2.30110	 20 sampled NNs | VaAcc: 0.1048 +- 0.0000 | VaLoss: 2.3008 +- 0.0000
 48,  0 | TrAcc: 0.1706, TrLoss:  2.23510, VaAcc: 0.1048, VaLoss:  2.29430	 20 sampled NNs | VaAcc: 0.1048 +- 0.0000 | VaLoss: 2.2940 +- 0.0000
 49,  0 | TrAcc: 0.1277, TrLoss:  2.26189, VaAcc: 0.1011, VaLoss:  2.28942	 20 sampled NNs | VaAcc: 0.1048 +- 0.0000 | VaLoss: 2.2891 +- 0.0000
 50,  0 | TrAcc: 0.1702, TrLoss:  2.23516, VaAcc: 0.1048, VaLoss:  2.32172	 20 sampled NNs | VaAcc: 0.1048 +- 0.0000 | VaLoss: 2.3215 +- 0.0000
 51,  0 | TrAcc: 0.1646, TrLoss:  2.24495, VaAcc: 0.1048, VaLoss:  2.31668	 20 sampled NNs | VaAcc: 0.1048 +- 0.0000 | VaLoss: 2.3164 +- 0.0000
 52,  0 | TrAcc: 0.1329, TrLoss:  2.25625, VaAcc: 0.1063, VaLoss:  2.28127	 20 sampled NNs | VaAcc: 0.1048 +- 0.0000 | VaLoss: 2.2811 +- 0.0000
 53,  0 | TrAcc: 0.1629, TrLoss:  2.24871, VaAcc: 0.1048, VaLoss:  2.29656	 20 sampled NNs | VaAcc: 0.1048 +- 0.0000 | VaLoss: 2.2963 +- 0.0000
 54,  0 | TrAcc: 0.1455, TrLoss:  2.24122, VaAcc: 0.1314, VaLoss:  2.28436	 20 sampled NNs | VaAcc: 0.1351 +- 0.0000 | VaLoss: 2.2841 +- 0.0000
 55,  0 | TrAcc: 0.1704, TrLoss:  2.23532, VaAcc: 0.1048, VaLoss:  2.30190	 20 sampled NNs | VaAcc: 0.1048 +- 0.0000 | VaLoss: 2.3017 +- 0.0000
 56,  0 | TrAcc: 0.1400, TrLoss:  2.27470, VaAcc: 0.1048, VaLoss:  2.29611	 20 sampled NNs | VaAcc: 0.1048 +- 0.0000 | VaLoss: 2.2959 +- 0.0000
 57,  0 | TrAcc: 0.1319, TrLoss:  2.24806, VaAcc: 0.1221, VaLoss:  2.28704	 20 sampled NNs | VaAcc: 0.1157 +- 0.0171 | VaLoss: 2.2868 +- 0.0000
 58,  0 | TrAcc: 0.1453, TrLoss:  2.24750, VaAcc: 0.1047, VaLoss:  2.28814	 20 sampled NNs | VaAcc: 0.1048 +- 0.0000 | VaLoss: 2.2878 +- 0.0000
 59,  0 | TrAcc: 0.1629, TrLoss:  2.24902, VaAcc: 0.1048, VaLoss:  2.29903	 20 sampled NNs | VaAcc: 0.1048 +- 0.0000 | VaLoss: 2.2988 +- 0.0000
 60,  0 | TrAcc: 0.1750, TrLoss:  2.22648, VaAcc: 0.1048, VaLoss:  2.30508	 20 sampled NNs | VaAcc: 0.1050 +- 0.0012 | VaLoss: 2.3056 +- 0.0033
 61,  0 | TrAcc: 0.1468, TrLoss:  2.25091, VaAcc: 0.1048, VaLoss:  2.29921	 20 sampled NNs | VaAcc: 0.1048 +- 0.0000 | VaLoss: 2.2989 +- 0.0000
 62,  0 | TrAcc: 0.1812, TrLoss:  2.23343, VaAcc: 0.1048, VaLoss:  2.31849	 20 sampled NNs | VaAcc: 0.1048 +- 0.0000 | VaLoss: 2.3183 +- 0.0000
 63,  0 | TrAcc: 0.1535, TrLoss:  2.25659, VaAcc: 0.1048, VaLoss:  2.30836	 20 sampled NNs | VaAcc: 0.1048 +- 0.0000 | VaLoss: 2.3081 +- 0.0000
 64,  0 | TrAcc: 0.1652, TrLoss:  2.25123, VaAcc: 0.1048, VaLoss:  2.30289	 20 sampled NNs | VaAcc: 0.1048 +- 0.0000 | VaLoss: 2.3026 +- 0.0000
 65,  0 | TrAcc: 0.1710, TrLoss:  2.24575, VaAcc: 0.1048, VaLoss:  2.29245	 20 sampled NNs | VaAcc: 0.1048 +- 0.0000 | VaLoss: 2.2922 +- 0.0000
 66,  0 | TrAcc: 0.1284, TrLoss:  2.25091, VaAcc: 0.1351, VaLoss:  2.27663	 20 sampled NNs | VaAcc: 0.1351 +- 0.0000 | VaLoss: 2.2764 +- 0.0000
 67,  0 | TrAcc: 0.1349, TrLoss:  2.24576, VaAcc: 0.1351, VaLoss:  2.28673	 20 sampled NNs | VaAcc: 0.1351 +- 0.0000 | VaLoss: 2.2865 +- 0.0000
 68,  0 | TrAcc: 0.1526, TrLoss:  2.25179, VaAcc: 0.1349, VaLoss:  2.29064	 20 sampled NNs | VaAcc: 0.1351 +- 0.0000 | VaLoss: 2.2904 +- 0.0000
 69,  0 | TrAcc: 0.1398, TrLoss:  2.26536, VaAcc: 0.1351, VaLoss:  2.27330	 20 sampled NNs | VaAcc: 0.1351 +- 0.0000 | VaLoss: 2.2730 +- 0.0000
 70,  0 | TrAcc: 0.1470, TrLoss:  2.26858, VaAcc: 0.1048, VaLoss:  2.27803	 20 sampled NNs | VaAcc: 0.1048 +- 0.0000 | VaLoss: 2.2778 +- 0.0000
 71,  0 | TrAcc: 0.1454, TrLoss:  2.26345, VaAcc: 0.1048, VaLoss:  2.31155	 20 sampled NNs | VaAcc: 0.1048 +- 0.0000 | VaLoss: 2.3113 +- 0.0000
 72,  0 | TrAcc: 0.1614, TrLoss:  2.26073, VaAcc: 0.1048, VaLoss:  2.28121	 20 sampled NNs | VaAcc: 0.1048 +- 0.0000 | VaLoss: 2.2810 +- 0.0000
 73,  0 | TrAcc: 0.1304, TrLoss:  2.25142, VaAcc: 0.1351, VaLoss:  2.29388	 20 sampled NNs | VaAcc: 0.1351 +- 0.0000 | VaLoss: 2.2937 +- 0.0000
 74,  0 | TrAcc: 0.1447, TrLoss:  2.26977, VaAcc: 0.1054, VaLoss:  2.28730	 20 sampled NNs | VaAcc: 0.1048 +- 0.0000 | VaLoss: 2.2871 +- 0.0000
 75,  0 | TrAcc: 0.1380, TrLoss:  2.26910, VaAcc: 0.1351, VaLoss:  2.28491	 20 sampled NNs | VaAcc: 0.1351 +- 0.0000 | VaLoss: 2.2847 +- 0.0000
 76,  0 | TrAcc: 0.1509, TrLoss:  2.24426, VaAcc: 0.1351, VaLoss:  2.29450	 20 sampled NNs | VaAcc: 0.1351 +- 0.0000 | VaLoss: 2.2943 +- 0.0000
 77,  0 | TrAcc: 0.1634, TrLoss:  2.24944, VaAcc: 0.1048, VaLoss:  2.29234	 20 sampled NNs | VaAcc: 0.1048 +- 0.0000 | VaLoss: 2.2921 +- 0.0000
 78,  0 | TrAcc: 0.1536, TrLoss:  2.26658, VaAcc: 0.1048, VaLoss:  2.28119	 20 sampled NNs | VaAcc: 0.1048 +- 0.0000 | VaLoss: 2.2810 +- 0.0000
 79,  0 | TrAcc: 0.1573, TrLoss:  2.24742, VaAcc: 0.1048, VaLoss:  2.28292	 20 sampled NNs | VaAcc: 0.1048 +- 0.0000 | VaLoss: 2.2827 +- 0.0000
 80,  0 | TrAcc: 0.1624, TrLoss:  2.24473, VaAcc: 0.1048, VaLoss:  2.28419	 20 sampled NNs | VaAcc: 0.1048 +- 0.0000 | VaLoss: 2.2840 +- 0.0000
 81,  0 | TrAcc: 0.1258, TrLoss:  2.25881, VaAcc: 0.1351, VaLoss:  2.28948	 20 sampled NNs | VaAcc: 0.1351 +- 0.0000 | VaLoss: 2.2893 +- 0.0000
 82,  0 | TrAcc: 0.1488, TrLoss:  2.25144, VaAcc: 0.1048, VaLoss:  2.29220	 20 sampled NNs | VaAcc: 0.1048 +- 0.0000 | VaLoss: 2.2920 +- 0.0000
 83,  0 | TrAcc: 0.1561, TrLoss:  2.25842, VaAcc: 0.1048, VaLoss:  2.29352	 20 sampled NNs | VaAcc: 0.1048 +- 0.0000 | VaLoss: 2.2933 +- 0.0000
 84,  0 | TrAcc: 0.1829, TrLoss:  2.25010, VaAcc: 0.1048, VaLoss:  2.28701	 20 sampled NNs | VaAcc: 0.1048 +- 0.0000 | VaLoss: 2.2868 +- 0.0000
 85,  0 | TrAcc: 0.1535, TrLoss:  2.25620, VaAcc: 0.1048, VaLoss:  2.29809	 20 sampled NNs | VaAcc: 0.1048 +- 0.0000 | VaLoss: 2.2979 +- 0.0000
 86,  0 | TrAcc: 0.1732, TrLoss:  2.23878, VaAcc: 0.1048, VaLoss:  2.30088	 20 sampled NNs | VaAcc: 0.1048 +- 0.0000 | VaLoss: 2.3007 +- 0.0000
 87,  0 | TrAcc: 0.1772, TrLoss:  2.23012, VaAcc: 0.1048, VaLoss:  2.32242	 20 sampled NNs | VaAcc: 0.1048 +- 0.0000 | VaLoss: 2.3222 +- 0.0000
 88,  0 | TrAcc: 0.1564, TrLoss:  2.25195, VaAcc: 0.1048, VaLoss:  2.32252	 20 sampled NNs | VaAcc: 0.1048 +- 0.0000 | VaLoss: 2.3223 +- 0.0000
 89,  0 | TrAcc: 0.1607, TrLoss:  2.25416, VaAcc: 0.1048, VaLoss:  2.28416	 20 sampled NNs | VaAcc: 0.1048 +- 0.0000 | VaLoss: 2.2839 +- 0.0000
 90,  0 | TrAcc: 0.1417, TrLoss:  2.25780, VaAcc: 0.1094, VaLoss:  2.28121	 20 sampled NNs | VaAcc: 0.1048 +- 0.0000 | VaLoss: 2.2810 +- 0.0000
 91,  0 | TrAcc: 0.1553, TrLoss:  2.24271, VaAcc: 0.1351, VaLoss:  2.28841	 20 sampled NNs | VaAcc: 0.1351 +- 0.0000 | VaLoss: 2.2882 +- 0.0000
 92,  0 | TrAcc: 0.1501, TrLoss:  2.24515, VaAcc: 0.1351, VaLoss:  2.28681	 20 sampled NNs | VaAcc: 0.1351 +- 0.0000 | VaLoss: 2.2866 +- 0.0000
 93,  0 | TrAcc: 0.1530, TrLoss:  2.24512, VaAcc: 0.1048, VaLoss:  2.28667	 20 sampled NNs | VaAcc: 0.1048 +- 0.0000 | VaLoss: 2.2865 +- 0.0000
 94,  0 | TrAcc: 0.1667, TrLoss:  2.25775, VaAcc: 0.1048, VaLoss:  2.29484	 20 sampled NNs | VaAcc: 0.1048 +- 0.0000 | VaLoss: 2.2946 +- 0.0000
 95,  0 | TrAcc: 0.1679, TrLoss:  2.25620, VaAcc: 0.1048, VaLoss:  2.29952	 20 sampled NNs | VaAcc: 0.1048 +- 0.0000 | VaLoss: 2.2993 +- 0.0000
 96,  0 | TrAcc: 0.1370, TrLoss:  2.24026, VaAcc: 0.1351, VaLoss:  2.29598	 20 sampled NNs | VaAcc: 0.1351 +- 0.0000 | VaLoss: 2.2958 +- 0.0000
 97,  0 | TrAcc: 0.1542, TrLoss:  2.25006, VaAcc: 0.1048, VaLoss:  2.29027	 20 sampled NNs | VaAcc: 0.1048 +- 0.0000 | VaLoss: 2.2901 +- 0.0000
 98,  0 | TrAcc: 0.1437, TrLoss:  2.25024, VaAcc: 0.1351, VaLoss:  2.29867	 20 sampled NNs | VaAcc: 0.1351 +- 0.0000 | VaLoss: 2.2984 +- 0.0000
 99,  0 | TrAcc: 0.1574, TrLoss:  2.25747, VaAcc: 0.1048, VaLoss:  2.29838	 20 sampled NNs | VaAcc: 0.1048 +- 0.0000 | VaLoss: 2.2982 +- 0.0000
100,  0 | TrAcc: 0.1663, TrLoss:  2.25725, VaAcc: 0.1048, VaLoss:  2.28930	 20 sampled NNs | VaAcc: 0.1048 +- 0.0000 | VaLoss: 2.2891 +- 0.0000
101,  0 | TrAcc: 0.1367, TrLoss:  2.25845, VaAcc: 0.1048, VaLoss:  2.29222	 20 sampled NNs | VaAcc: 0.1048 +- 0.0000 | VaLoss: 2.2920 +- 0.0000
102,  0 | TrAcc: 0.1584, TrLoss:  2.21691, VaAcc: 0.1048, VaLoss:  2.32575	 20 sampled NNs | VaAcc: 0.1048 +- 0.0000 | VaLoss: 2.3255 +- 0.0000
103,  0 | TrAcc: 0.1380, TrLoss:  2.24878, VaAcc: 0.1352, VaLoss:  2.27946	 20 sampled NNs | VaAcc: 0.1351 +- 0.0000 | VaLoss: 2.2793 +- 0.0000
104,  0 | TrAcc: 0.1467, TrLoss:  2.24923, VaAcc: 0.1351, VaLoss:  2.27621	 20 sampled NNs | VaAcc: 0.1351 +- 0.0000 | VaLoss: 2.2760 +- 0.0000
105,  0 | TrAcc: 0.1390, TrLoss:  2.24738, VaAcc: 0.1349, VaLoss:  2.28757	 20 sampled NNs | VaAcc: 0.1351 +- 0.0000 | VaLoss: 2.2874 +- 0.0000
106,  0 | TrAcc: 0.1730, TrLoss:  2.24308, VaAcc: 0.1048, VaLoss:  2.29585	 20 sampled NNs | VaAcc: 0.1048 +- 0.0000 | VaLoss: 2.2957 +- 0.0000
107,  0 | TrAcc: 0.1679, TrLoss:  2.22537, VaAcc: 0.1048, VaLoss:  2.29982	 20 sampled NNs | VaAcc: 0.1048 +- 0.0000 | VaLoss: 2.2996 +- 0.0000
108,  0 | TrAcc: 0.1141, TrLoss:  2.26540, VaAcc: 0.1196, VaLoss:  2.27978	 20 sampled NNs | VaAcc: 0.1196 +- 0.0000 | VaLoss: 2.2796 +- 0.0000
109,  0 | TrAcc: 0.1506, TrLoss:  2.25113, VaAcc: 0.1048, VaLoss:  2.30665	 20 sampled NNs | VaAcc: 0.1048 +- 0.0000 | VaLoss: 2.3064 +- 0.0000
110,  0 | TrAcc: 0.1283, TrLoss:  2.25341, VaAcc: 0.1351, VaLoss:  2.27928	 20 sampled NNs | VaAcc: 0.1351 +- 0.0000 | VaLoss: 2.2791 +- 0.0000
111,  0 | TrAcc: 0.1481, TrLoss:  2.26112, VaAcc: 0.1048, VaLoss:  2.29386	 20 sampled NNs | VaAcc: 0.1048 +- 0.0000 | VaLoss: 2.2937 +- 0.0000
112,  0 | TrAcc: 0.1435, TrLoss:  2.23237, VaAcc: 0.1351, VaLoss:  2.29122	 20 sampled NNs | VaAcc: 0.1351 +- 0.0000 | VaLoss: 2.2910 +- 0.0000
113,  0 | TrAcc: 0.1307, TrLoss:  2.27314, VaAcc: 0.1048, VaLoss:  2.28978	 20 sampled NNs | VaAcc: 0.1048 +- 0.0000 | VaLoss: 2.2896 +- 0.0000
114,  0 | TrAcc: 0.1675, TrLoss:  2.22421, VaAcc: 0.1048, VaLoss:  2.29780	 20 sampled NNs | VaAcc: 0.1048 +- 0.0000 | VaLoss: 2.2976 +- 0.0000
115,  0 | TrAcc: 0.1403, TrLoss:  2.23984, VaAcc: 0.1351, VaLoss:  2.30130	 20 sampled NNs | VaAcc: 0.1351 +- 0.0000 | VaLoss: 2.3011 +- 0.0000
116,  0 | TrAcc: 0.1816, TrLoss:  2.23092, VaAcc: 0.1048, VaLoss:  2.33329	 20 sampled NNs | VaAcc: 0.1048 +- 0.0000 | VaLoss: 2.3331 +- 0.0000
117,  0 | TrAcc: 0.1210, TrLoss:  2.24606, VaAcc: 0.0917, VaLoss:  2.30096	 20 sampled NNs | VaAcc: 0.0917 +- 0.0000 | VaLoss: 2.3008 +- 0.0000
118,  0 | TrAcc: 0.1498, TrLoss:  2.24174, VaAcc: 0.1048, VaLoss:  2.30313	 20 sampled NNs | VaAcc: 0.1048 +- 0.0000 | VaLoss: 2.3029 +- 0.0000
119,  0 | TrAcc: 0.1700, TrLoss:  2.24045, VaAcc: 0.1048, VaLoss:  2.29062	 20 sampled NNs | VaAcc: 0.1048 +- 0.0000 | VaLoss: 2.2904 +- 0.0000
120,  0 | TrAcc: 0.1552, TrLoss:  2.25404, VaAcc: 0.1048, VaLoss:  2.29992	 20 sampled NNs | VaAcc: 0.1048 +- 0.0000 | VaLoss: 2.2997 +- 0.0000
121,  0 | TrAcc: 0.1755, TrLoss:  2.22698, VaAcc: 0.1351, VaLoss:  2.30857	 20 sampled NNs | VaAcc: 0.1351 +- 0.0000 | VaLoss: 2.3084 +- 0.0000
122,  0 | TrAcc: 0.1628, TrLoss:  2.25218, VaAcc: 0.1048, VaLoss:  2.29044	 20 sampled NNs | VaAcc: 0.1048 +- 0.0000 | VaLoss: 2.2902 +- 0.0000
123,  0 | TrAcc: 0.1524, TrLoss:  2.24530, VaAcc: 0.1048, VaLoss:  2.28442	 20 sampled NNs | VaAcc: 0.1048 +- 0.0000 | VaLoss: 2.2842 +- 0.0000
124,  0 | TrAcc: 0.1658, TrLoss:  2.24059, VaAcc: 0.1048, VaLoss:  2.30100	 20 sampled NNs | VaAcc: 0.1048 +- 0.0000 | VaLoss: 2.3008 +- 0.0000
125,  0 | TrAcc: 0.1635, TrLoss:  2.25370, VaAcc: 0.1048, VaLoss:  2.28075	 20 sampled NNs | VaAcc: 0.1048 +- 0.0000 | VaLoss: 2.2805 +- 0.0000
126,  0 | TrAcc: 0.1645, TrLoss:  2.25616, VaAcc: 0.1048, VaLoss:  2.29077	 20 sampled NNs | VaAcc: 0.1048 +- 0.0000 | VaLoss: 2.2906 +- 0.0000
127,  0 | TrAcc: 0.1711, TrLoss:  2.23764, VaAcc: 0.1048, VaLoss:  2.31303	 20 sampled NNs | VaAcc: 0.1048 +- 0.0000 | VaLoss: 2.3128 +- 0.0000
128,  0 | TrAcc: 0.1323, TrLoss:  2.25747, VaAcc: 0.1405, VaLoss:  2.27787	 20 sampled NNs | VaAcc: 0.1411 +- 0.0000 | VaLoss: 2.2777 +- 0.0000
129,  0 | TrAcc: 0.1597, TrLoss:  2.24671, VaAcc: 0.1048, VaLoss:  2.28391	 20 sampled NNs | VaAcc: 0.1048 +- 0.0000 | VaLoss: 2.2837 +- 0.0000
130,  0 | TrAcc: 0.1567, TrLoss:  2.24844, VaAcc: 0.1351, VaLoss:  2.29038	 20 sampled NNs | VaAcc: 0.1351 +- 0.0000 | VaLoss: 2.2902 +- 0.0000
131,  0 | TrAcc: 0.1579, TrLoss:  2.24950, VaAcc: 0.1048, VaLoss:  2.29355	 20 sampled NNs | VaAcc: 0.1048 +- 0.0000 | VaLoss: 2.2934 +- 0.0000
132,  0 | TrAcc: 0.1593, TrLoss:  2.24304, VaAcc: 0.1048, VaLoss:  2.29229	 20 sampled NNs | VaAcc: 0.1048 +- 0.0000 | VaLoss: 2.2921 +- 0.0000
133,  0 | TrAcc: 0.1689, TrLoss:  2.25255, VaAcc: 0.1048, VaLoss:  2.32267	 20 sampled NNs | VaAcc: 0.1048 +- 0.0000 | VaLoss: 2.3225 +- 0.0000
134,  0 | TrAcc: 0.1492, TrLoss:  2.23111, VaAcc: 0.1049, VaLoss:  2.28556	 20 sampled NNs | VaAcc: 0.1048 +- 0.0000 | VaLoss: 2.2854 +- 0.0000
135,  0 | TrAcc: 0.1599, TrLoss:  2.25390, VaAcc: 0.1048, VaLoss:  2.29614	 20 sampled NNs | VaAcc: 0.1048 +- 0.0000 | VaLoss: 2.2960 +- 0.0000
136,  0 | TrAcc: 0.1490, TrLoss:      nan, VaAcc: 0.1048, VaLoss:      nan	 20 sampled NNs | VaAcc: 0.1048 +- 0.0000 | VaLoss: 2.2968 +- 0.0000
137,  0 | TrAcc: 0.1454, TrLoss:  2.26619, VaAcc: 0.1048, VaLoss:  2.28726	 20 sampled NNs | VaAcc: 0.1048 +- 0.0000 | VaLoss: 2.2871 +- 0.0000
138,  0 | TrAcc: 0.1618, TrLoss:  2.23546, VaAcc: 0.1048, VaLoss:  2.30439	 20 sampled NNs | VaAcc: 0.1048 +- 0.0000 | VaLoss: 2.3042 +- 0.0000
139,  0 | TrAcc: 0.1474, TrLoss:  2.25398, VaAcc: 0.1048, VaLoss:  2.28194	 20 sampled NNs | VaAcc: 0.1048 +- 0.0000 | VaLoss: 2.2817 +- 0.0000
140,  0 | TrAcc: 0.1405, TrLoss:  2.26679, VaAcc: 0.1048, VaLoss:  2.30796	 20 sampled NNs | VaAcc: 0.1048 +- 0.0000 | VaLoss: 2.3078 +- 0.0000
141,  0 | TrAcc: 0.1548, TrLoss:  2.25517, VaAcc: 0.1048, VaLoss:  2.29755	 20 sampled NNs | VaAcc: 0.1048 +- 0.0000 | VaLoss: 2.2974 +- 0.0000
142,  0 | TrAcc: 0.1688, TrLoss:  2.25618, VaAcc: 0.1048, VaLoss:  2.29566	 20 sampled NNs | VaAcc: 0.1048 +- 0.0000 | VaLoss: 2.2955 +- 0.0000
143,  0 | TrAcc: 0.1413, TrLoss:  2.26453, VaAcc: 0.1048, VaLoss:  2.28891	 20 sampled NNs | VaAcc: 0.1048 +- 0.0000 | VaLoss: 2.2887 +- 0.0000
144,  0 | TrAcc: 0.1527, TrLoss:  2.25303, VaAcc: 0.1048, VaLoss:  2.28468	 20 sampled NNs | VaAcc: 0.1048 +- 0.0000 | VaLoss: 2.2845 +- 0.0000
145,  0 | TrAcc: 0.1148, TrLoss:  2.27296, VaAcc: 0.1351, VaLoss:  2.27473	 20 sampled NNs | VaAcc: 0.1351 +- 0.0000 | VaLoss: 2.2745 +- 0.0000
146,  0 | TrAcc: 0.1778, TrLoss:  2.25238, VaAcc: 0.1048, VaLoss:  2.28955	 20 sampled NNs | VaAcc: 0.1048 +- 0.0000 | VaLoss: 2.2893 +- 0.0000
147,  0 | TrAcc: 0.1586, TrLoss:  2.25405, VaAcc: 0.1048, VaLoss:  2.30972	 20 sampled NNs | VaAcc: 0.1048 +- 0.0000 | VaLoss: 2.3095 +- 0.0000
148,  0 | TrAcc: 0.1576, TrLoss:  2.25611, VaAcc: 0.1048, VaLoss:  2.29532	 20 sampled NNs | VaAcc: 0.1048 +- 0.0000 | VaLoss: 2.2951 +- 0.0000
149,  0 | TrAcc: 0.1360, TrLoss:  2.25342, VaAcc: 0.1351, VaLoss:  2.28720	 20 sampled NNs | VaAcc: 0.1351 +- 0.0000 | VaLoss: 2.2870 +- 0.0000
150,  0 | TrAcc: 0.1575, TrLoss:  2.24385, VaAcc: 0.1048, VaLoss:  2.29494	 20 sampled NNs | VaAcc: 0.1048 +- 0.0000 | VaLoss: 2.2948 +- 0.0000
151,  0 | TrAcc: 0.1599, TrLoss:  2.25745, VaAcc: 0.1048, VaLoss:  2.29830	 20 sampled NNs | VaAcc: 0.1048 +- 0.0000 | VaLoss: 2.2981 +- 0.0000
152,  0 | TrAcc: 0.1429, TrLoss:  2.26831, VaAcc: 0.1351, VaLoss:  2.29874	 20 sampled NNs | VaAcc: 0.1351 +- 0.0000 | VaLoss: 2.2986 +- 0.0000
153,  0 | TrAcc: 0.1780, TrLoss:  2.22323, VaAcc: 0.1048, VaLoss:  2.30839	 20 sampled NNs | VaAcc: 0.1048 +- 0.0000 | VaLoss: 2.3082 +- 0.0000
154,  0 | TrAcc: 0.1576, TrLoss:  2.23682, VaAcc: 0.1048, VaLoss:  2.31534	 20 sampled NNs | VaAcc: 0.1048 +- 0.0000 | VaLoss: 2.3151 +- 0.0000
155,  0 | TrAcc: 0.1417, TrLoss:  2.25045, VaAcc: 0.1411, VaLoss:  2.28997	 20 sampled NNs | VaAcc: 0.1411 +- 0.0000 | VaLoss: 2.2898 +- 0.0000
156,  0 | TrAcc: 0.1473, TrLoss:  2.24892, VaAcc: 0.1048, VaLoss:  2.29224	 20 sampled NNs | VaAcc: 0.1048 +- 0.0000 | VaLoss: 2.2921 +- 0.0000
157,  0 | TrAcc: 0.1633, TrLoss:  2.24971, VaAcc: 0.1048, VaLoss:  2.29666	 20 sampled NNs | VaAcc: 0.1048 +- 0.0000 | VaLoss: 2.2965 +- 0.0000
158,  0 | TrAcc: 0.1593, TrLoss:  2.24756, VaAcc: 0.1048, VaLoss:  2.29923	 20 sampled NNs | VaAcc: 0.1048 +- 0.0000 | VaLoss: 2.2990 +- 0.0000
159,  0 | TrAcc: 0.1648, TrLoss:  2.25348, VaAcc: 0.1048, VaLoss:  2.28882	 20 sampled NNs | VaAcc: 0.1048 +- 0.0000 | VaLoss: 2.2886 +- 0.0000
160,  0 | TrAcc: 0.1373, TrLoss:  2.24931, VaAcc: 0.1351, VaLoss:  2.29807	 20 sampled NNs | VaAcc: 0.1351 +- 0.0000 | VaLoss: 2.2979 +- 0.0000
161,  0 | TrAcc: 0.1754, TrLoss:  2.23744, VaAcc: 0.1048, VaLoss:  2.31076	 20 sampled NNs | VaAcc: 0.1048 +- 0.0000 | VaLoss: 2.3106 +- 0.0000
162,  0 | TrAcc: 0.1612, TrLoss:  2.24637, VaAcc: 0.1048, VaLoss:  2.29354	 20 sampled NNs | VaAcc: 0.1048 +- 0.0000 | VaLoss: 2.2933 +- 0.0000
163,  0 | TrAcc: 0.1558, TrLoss:  2.25023, VaAcc: 0.1048, VaLoss:  2.30535	 20 sampled NNs | VaAcc: 0.1048 +- 0.0000 | VaLoss: 2.3052 +- 0.0000
164,  0 | TrAcc: 0.1386, TrLoss:  2.25219, VaAcc: 0.1048, VaLoss:  2.28960	 20 sampled NNs | VaAcc: 0.1048 +- 0.0000 | VaLoss: 2.2894 +- 0.0000
165,  0 | TrAcc: 0.1477, TrLoss:  2.24773, VaAcc: 0.1048, VaLoss:  2.30154	 20 sampled NNs | VaAcc: 0.1048 +- 0.0000 | VaLoss: 2.3014 +- 0.0000
166,  0 | TrAcc: 0.1334, TrLoss:  2.24220, VaAcc: 0.1346, VaLoss:  2.28420	 20 sampled NNs | VaAcc: 0.1351 +- 0.0000 | VaLoss: 2.2840 +- 0.0000
167,  0 | TrAcc: 0.1651, TrLoss:  2.23330, VaAcc: 0.1048, VaLoss:  2.30294	 20 sampled NNs | VaAcc: 0.1048 +- 0.0000 | VaLoss: 2.3028 +- 0.0000
168,  0 | TrAcc: 0.1672, TrLoss:  2.22877, VaAcc: 0.1048, VaLoss:  2.31099	 20 sampled NNs | VaAcc: 0.1048 +- 0.0000 | VaLoss: 2.3108 +- 0.0000
169,  0 | TrAcc: 0.1535, TrLoss:  2.25661, VaAcc: 0.1048, VaLoss:  2.28939	 20 sampled NNs | VaAcc: 0.1048 +- 0.0000 | VaLoss: 2.2892 +- 0.0000
170,  0 | TrAcc: 0.1360, TrLoss:  2.25260, VaAcc: 0.1351, VaLoss:  2.29451	 20 sampled NNs | VaAcc: 0.1351 +- 0.0000 | VaLoss: 2.2943 +- 0.0000
171,  0 | TrAcc: 0.1412, TrLoss:  2.22686, VaAcc: 0.1346, VaLoss:  2.29083	 20 sampled NNs | VaAcc: 0.1351 +- 0.0000 | VaLoss: 2.2906 +- 0.0000
172,  0 | TrAcc: 0.1606, TrLoss:  2.25225, VaAcc: 0.1048, VaLoss:  2.28706	 20 sampled NNs | VaAcc: 0.1048 +- 0.0000 | VaLoss: 2.2869 +- 0.0000
173,  0 | TrAcc: 0.1586, TrLoss:  2.24490, VaAcc: 0.1048, VaLoss:  2.29536	 20 sampled NNs | VaAcc: 0.1048 +- 0.0000 | VaLoss: 2.2952 +- 0.0000
174,  0 | TrAcc: 0.1600, TrLoss:  2.25911, VaAcc: 0.1048, VaLoss:  2.28321	 20 sampled NNs | VaAcc: 0.1048 +- 0.0000 | VaLoss: 2.2830 +- 0.0000
175,  0 | TrAcc: 0.1259, TrLoss:  2.26105, VaAcc: 0.1048, VaLoss:  2.27587	 20 sampled NNs | VaAcc: 0.1048 +- 0.0000 | VaLoss: 2.2757 +- 0.0000
176,  0 | TrAcc: 0.1433, TrLoss:  2.23816, VaAcc: 0.1351, VaLoss:  2.28794	 20 sampled NNs | VaAcc: 0.1351 +- 0.0000 | VaLoss: 2.2877 +- 0.0000
177,  0 | TrAcc: 0.1278, TrLoss:  2.26847, VaAcc: 0.1351, VaLoss:  2.27472	 20 sampled NNs | VaAcc: 0.1351 +- 0.0000 | VaLoss: 2.2745 +- 0.0000
178,  0 | TrAcc: 0.1516, TrLoss:  2.25277, VaAcc: 0.1048, VaLoss:  2.28919	 20 sampled NNs | VaAcc: 0.1048 +- 0.0000 | VaLoss: 2.2890 +- 0.0000
179,  0 | TrAcc: 0.1530, TrLoss:  2.25061, VaAcc: 0.1048, VaLoss:  2.28742	 20 sampled NNs | VaAcc: 0.1048 +- 0.0000 | VaLoss: 2.2872 +- 0.0000
180,  0 | TrAcc: 0.1709, TrLoss:  2.22363, VaAcc: 0.1048, VaLoss:  2.31305	 20 sampled NNs | VaAcc: 0.1048 +- 0.0000 | VaLoss: 2.3129 +- 0.0000
181,  0 | TrAcc: 0.1508, TrLoss:  2.25282, VaAcc: 0.1048, VaLoss:  2.28535	 20 sampled NNs | VaAcc: 0.1048 +- 0.0000 | VaLoss: 2.2852 +- 0.0000
182,  0 | TrAcc: 0.1480, TrLoss:  2.25653, VaAcc: 0.1048, VaLoss:  2.30092	 20 sampled NNs | VaAcc: 0.1048 +- 0.0000 | VaLoss: 2.3007 +- 0.0000
183,  0 | TrAcc: 0.1492, TrLoss:  2.25553, VaAcc: 0.1048, VaLoss:  2.28336	 20 sampled NNs | VaAcc: 0.1048 +- 0.0000 | VaLoss: 2.2831 +- 0.0000
184,  0 | TrAcc: 0.1741, TrLoss:  2.24952, VaAcc: 0.1048, VaLoss:  2.30878	 20 sampled NNs | VaAcc: 0.1048 +- 0.0000 | VaLoss: 2.3086 +- 0.0000
185,  0 | TrAcc: 0.1628, TrLoss:  2.23669, VaAcc: 0.1048, VaLoss:  2.31299	 20 sampled NNs | VaAcc: 0.1048 +- 0.0000 | VaLoss: 2.3128 +- 0.0000
186,  0 | TrAcc: 0.1560, TrLoss:  2.26247, VaAcc: 0.1048, VaLoss:  2.29169	 20 sampled NNs | VaAcc: 0.1048 +- 0.0000 | VaLoss: 2.2915 +- 0.0000
187,  0 | TrAcc: 0.1454, TrLoss:  2.24458, VaAcc: 0.1351, VaLoss:  2.28825	 20 sampled NNs | VaAcc: 0.1351 +- 0.0000 | VaLoss: 2.2881 +- 0.0000
188,  0 | TrAcc: 0.1612, TrLoss:      nan, VaAcc: 0.1048, VaLoss:      nan	 20 sampled NNs | VaAcc: 0.1048 +- 0.0000 | VaLoss: 2.3011 +- 0.0000
189,  0 | TrAcc: 0.1667, TrLoss:  2.26041, VaAcc: 0.1048, VaLoss:  2.28730	 20 sampled NNs | VaAcc: 0.1048 +- 0.0000 | VaLoss: 2.2871 +- 0.0000
190,  0 | TrAcc: 0.1422, TrLoss:  2.23834, VaAcc: 0.1351, VaLoss:  2.28199	 20 sampled NNs | VaAcc: 0.1351 +- 0.0000 | VaLoss: 2.2818 +- 0.0000
191,  0 | TrAcc: 0.1682, TrLoss:  2.22726, VaAcc: 0.1048, VaLoss:  2.31249	 20 sampled NNs | VaAcc: 0.1048 +- 0.0000 | VaLoss: 2.3123 +- 0.0000
192,  0 | TrAcc: 0.1624, TrLoss:  2.26407, VaAcc: 0.1048, VaLoss:  2.30675	 20 sampled NNs | VaAcc: 0.1048 +- 0.0000 | VaLoss: 2.3066 +- 0.0000
193,  0 | TrAcc: 0.1664, TrLoss:  2.26130, VaAcc: 0.1048, VaLoss:  2.30688	 20 sampled NNs | VaAcc: 0.1048 +- 0.0000 | VaLoss: 2.3067 +- 0.0000
194,  0 | TrAcc: 0.1694, TrLoss:  2.22893, VaAcc: 0.1048, VaLoss:  2.28885	 20 sampled NNs | VaAcc: 0.1048 +- 0.0000 | VaLoss: 2.2886 +- 0.0000
195,  0 | TrAcc: 0.1622, TrLoss:  2.25912, VaAcc: 0.1048, VaLoss:  2.28865	 20 sampled NNs | VaAcc: 0.1048 +- 0.0000 | VaLoss: 2.2885 +- 0.0000
196,  0 | TrAcc: 0.1782, TrLoss:  2.23045, VaAcc: 0.1048, VaLoss:  2.31142	 20 sampled NNs | VaAcc: 0.1048 +- 0.0000 | VaLoss: 2.3112 +- 0.0000
197,  0 | TrAcc: 0.1740, TrLoss:  2.25412, VaAcc: 0.1048, VaLoss:  2.29709	 20 sampled NNs | VaAcc: 0.1048 +- 0.0000 | VaLoss: 2.2969 +- 0.0000
198,  0 | TrAcc: 0.1237, TrLoss:  2.27560, VaAcc: 0.1351, VaLoss:  2.27738	 20 sampled NNs | VaAcc: 0.1351 +- 0.0000 | VaLoss: 2.2772 +- 0.0000
199,  0 | TrAcc: 0.1724, TrLoss:  2.23985, VaAcc: 0.1048, VaLoss:  2.28489	 20 sampled NNs | VaAcc: 0.1048 +- 0.0000 | VaLoss: 2.2847 +- 0.0000
200,  0 | TrAcc: 0.1423, TrLoss:  2.24724, VaAcc: 0.1048, VaLoss:  2.29378	 20 sampled NNs | VaAcc: 0.1048 +- 0.0000 | VaLoss: 2.2936 +- 0.0000
201,  0 | TrAcc: 0.1413, TrLoss:  2.25309, VaAcc: 0.1048, VaLoss:  2.29313	 20 sampled NNs | VaAcc: 0.1048 +- 0.0000 | VaLoss: 2.2929 +- 0.0000
202,  0 | TrAcc: 0.1449, TrLoss:  2.26151, VaAcc: 0.1048, VaLoss:  2.28198	 20 sampled NNs | VaAcc: 0.1048 +- 0.0000 | VaLoss: 2.2818 +- 0.0000
203,  0 | TrAcc: 0.1632, TrLoss:  2.25866, VaAcc: 0.1048, VaLoss:  2.30597	 20 sampled NNs | VaAcc: 0.1048 +- 0.0000 | VaLoss: 2.3058 +- 0.0000
204,  0 | TrAcc: 0.1573, TrLoss:  2.25898, VaAcc: 0.1048, VaLoss:  2.29222	 20 sampled NNs | VaAcc: 0.1048 +- 0.0000 | VaLoss: 2.2920 +- 0.0000
205,  0 | TrAcc: 0.1371, TrLoss:  2.24710, VaAcc: 0.1351, VaLoss:  2.29500	 20 sampled NNs | VaAcc: 0.1351 +- 0.0000 | VaLoss: 2.2948 +- 0.0000
206,  0 | TrAcc: 0.1711, TrLoss:  2.25113, VaAcc: 0.1048, VaLoss:  2.30183	 20 sampled NNs | VaAcc: 0.1048 +- 0.0000 | VaLoss: 2.3017 +- 0.0000
207,  0 | TrAcc: 0.1127, TrLoss:  2.25340, VaAcc: 0.1194, VaLoss:  2.27981	 20 sampled NNs | VaAcc: 0.1196 +- 0.0000 | VaLoss: 2.2796 +- 0.0000
208,  0 | TrAcc: 0.1670, TrLoss:  2.24090, VaAcc: 0.1048, VaLoss:  2.28875	 20 sampled NNs | VaAcc: 0.1048 +- 0.0000 | VaLoss: 2.2885 +- 0.0000
209,  0 | TrAcc: 0.1563, TrLoss:  2.26227, VaAcc: 0.1048, VaLoss:  2.28487	 20 sampled NNs | VaAcc: 0.1048 +- 0.0000 | VaLoss: 2.2847 +- 0.0000
210,  0 | TrAcc: 0.1504, TrLoss:  2.24948, VaAcc: 0.1351, VaLoss:  2.28559	 20 sampled NNs | VaAcc: 0.1351 +- 0.0000 | VaLoss: 2.2854 +- 0.0000
211,  0 | TrAcc: 0.1542, TrLoss:  2.24930, VaAcc: 0.1048, VaLoss:  2.29414	 20 sampled NNs | VaAcc: 0.1048 +- 0.0000 | VaLoss: 2.2939 +- 0.0000
212,  0 | TrAcc: 0.1746, TrLoss:  2.22679, VaAcc: 0.1048, VaLoss:  2.30980	 20 sampled NNs | VaAcc: 0.1048 +- 0.0000 | VaLoss: 2.3096 +- 0.0000
213,  0 | TrAcc: 0.1772, TrLoss:  2.24927, VaAcc: 0.1048, VaLoss:  2.28947	 20 sampled NNs | VaAcc: 0.1048 +- 0.0000 | VaLoss: 2.2893 +- 0.0000
214,  0 | TrAcc: 0.1797, TrLoss:  2.22542, VaAcc: 0.1048, VaLoss:  2.29750	 20 sampled NNs | VaAcc: 0.1048 +- 0.0000 | VaLoss: 2.2973 +- 0.0000
215,  0 | TrAcc: 0.1765, TrLoss:  2.24282, VaAcc: 0.1048, VaLoss:  2.30251	 20 sampled NNs | VaAcc: 0.1048 +- 0.0000 | VaLoss: 2.3023 +- 0.0000
216,  0 | TrAcc: 0.1366, TrLoss:  2.25431, VaAcc: 0.1048, VaLoss:  2.28712	 20 sampled NNs | VaAcc: 0.1048 +- 0.0000 | VaLoss: 2.2869 +- 0.0000
217,  0 | TrAcc: 0.1742, TrLoss:  2.25125, VaAcc: 0.1048, VaLoss:  2.29780	 20 sampled NNs | VaAcc: 0.1048 +- 0.0000 | VaLoss: 2.2976 +- 0.0000
218,  0 | TrAcc: 0.1495, TrLoss:  2.26110, VaAcc: 0.1048, VaLoss:  2.28476	 20 sampled NNs | VaAcc: 0.1048 +- 0.0000 | VaLoss: 2.2846 +- 0.0000
219,  0 | TrAcc: 0.1440, TrLoss:  2.26488, VaAcc: 0.1061, VaLoss:  2.28926	 20 sampled NNs | VaAcc: 0.1048 +- 0.0000 | VaLoss: 2.2891 +- 0.0000
220,  0 | TrAcc: 0.1586, TrLoss:  2.24629, VaAcc: 0.1048, VaLoss:  2.28805	 20 sampled NNs | VaAcc: 0.1048 +- 0.0000 | VaLoss: 2.2879 +- 0.0000
221,  0 | TrAcc: 0.1559, TrLoss:  2.25253, VaAcc: 0.1048, VaLoss:  2.30756	 20 sampled NNs | VaAcc: 0.1048 +- 0.0000 | VaLoss: 2.3074 +- 0.0000
222,  0 | TrAcc: 0.1473, TrLoss:  2.25442, VaAcc: 0.1048, VaLoss:  2.29432	 20 sampled NNs | VaAcc: 0.1048 +- 0.0000 | VaLoss: 2.2941 +- 0.0000
223,  0 | TrAcc: 0.1335, TrLoss:  2.25327, VaAcc: 0.1272, VaLoss:  2.28009	 20 sampled NNs | VaAcc: 0.1351 +- 0.0000 | VaLoss: 2.2799 +- 0.0000
224,  0 | TrAcc: 0.1795, TrLoss:  2.23335, VaAcc: 0.1048, VaLoss:  2.30524	 20 sampled NNs | VaAcc: 0.1048 +- 0.0000 | VaLoss: 2.3050 +- 0.0000
225,  0 | TrAcc: 0.1576, TrLoss:  2.23604, VaAcc: 0.1048, VaLoss:  2.29788	 20 sampled NNs | VaAcc: 0.1048 +- 0.0000 | VaLoss: 2.2977 +- 0.0000
226,  0 | TrAcc: 0.1641, TrLoss:  2.22750, VaAcc: 0.1048, VaLoss:  2.31528	 20 sampled NNs | VaAcc: 0.1048 +- 0.0000 | VaLoss: 2.3151 +- 0.0000
227,  0 | TrAcc: 0.1379, TrLoss:  2.26897, VaAcc: 0.1048, VaLoss:  2.29037	 20 sampled NNs | VaAcc: 0.1048 +- 0.0000 | VaLoss: 2.2902 +- 0.0000
228,  0 | TrAcc: 0.1580, TrLoss:  2.26131, VaAcc: 0.1048, VaLoss:  2.28640	 20 sampled NNs | VaAcc: 0.1048 +- 0.0000 | VaLoss: 2.2862 +- 0.0000
229,  0 | TrAcc: 0.1439, TrLoss:  2.24337, VaAcc: 0.1048, VaLoss:  2.28793	 20 sampled NNs | VaAcc: 0.1048 +- 0.0000 | VaLoss: 2.2877 +- 0.0000
230,  0 | TrAcc: 0.1492, TrLoss:  2.25542, VaAcc: 0.1048, VaLoss:  2.28651	 20 sampled NNs | VaAcc: 0.1048 +- 0.0000 | VaLoss: 2.2863 +- 0.0000
231,  0 | TrAcc: 0.1869, TrLoss:  2.21940, VaAcc: 0.1048, VaLoss:  2.32719	 20 sampled NNs | VaAcc: 0.1048 +- 0.0000 | VaLoss: 2.3270 +- 0.0000
232,  0 | TrAcc: 0.1608, TrLoss:  2.24142, VaAcc: 0.1048, VaLoss:  2.28974	 20 sampled NNs | VaAcc: 0.1048 +- 0.0000 | VaLoss: 2.2896 +- 0.0000
233,  0 | TrAcc: 0.1514, TrLoss:      nan, VaAcc: 0.1048, VaLoss:      nan	 20 sampled NNs | VaAcc: 0.1048 +- 0.0000 | VaLoss: 2.2872 +- 0.0000
234,  0 | TrAcc: 0.1610, TrLoss:  2.25057, VaAcc: 0.1048, VaLoss:  2.30973	 20 sampled NNs | VaAcc: 0.1048 +- 0.0000 | VaLoss: 2.3095 +- 0.0000
235,  0 | TrAcc: 0.1475, TrLoss:  2.24461, VaAcc: 0.1048, VaLoss:  2.28923	 20 sampled NNs | VaAcc: 0.1048 +- 0.0000 | VaLoss: 2.2890 +- 0.0000
236,  0 | TrAcc: 0.1570, TrLoss:  2.25023, VaAcc: 0.1048, VaLoss:  2.30546	 20 sampled NNs | VaAcc: 0.1048 +- 0.0000 | VaLoss: 2.3053 +- 0.0000
237,  0 | TrAcc: 0.1220, TrLoss:  2.24078, VaAcc: 0.1196, VaLoss:  2.29526	 20 sampled NNs | VaAcc: 0.1196 +- 0.0000 | VaLoss: 2.2951 +- 0.0000
238,  0 | TrAcc: 0.1617, TrLoss:  2.24788, VaAcc: 0.1048, VaLoss:  2.29561	 20 sampled NNs | VaAcc: 0.1048 +- 0.0000 | VaLoss: 2.2954 +- 0.0000
239,  0 | TrAcc: 0.1520, TrLoss:  2.25699, VaAcc: 0.1048, VaLoss:  2.29740	 20 sampled NNs | VaAcc: 0.1048 +- 0.0000 | VaLoss: 2.2972 +- 0.0000
240,  0 | TrAcc: 0.1224, TrLoss:  2.26129, VaAcc: 0.0917, VaLoss:  2.29438	 20 sampled NNs | VaAcc: 0.0917 +- 0.0000 | VaLoss: 2.2942 +- 0.0000
241,  0 | TrAcc: 0.1481, TrLoss:  2.25475, VaAcc: 0.1048, VaLoss:  2.27488	 20 sampled NNs | VaAcc: 0.1048 +- 0.0000 | VaLoss: 2.2747 +- 0.0000
242,  0 | TrAcc: 0.1441, TrLoss:  2.24385, VaAcc: 0.1048, VaLoss:  2.29928	 20 sampled NNs | VaAcc: 0.1048 +- 0.0000 | VaLoss: 2.2991 +- 0.0000
243,  0 | TrAcc: 0.1689, TrLoss:  2.23375, VaAcc: 0.1048, VaLoss:  2.30868	 20 sampled NNs | VaAcc: 0.1048 +- 0.0000 | VaLoss: 2.3085 +- 0.0000
244,  0 | TrAcc: 0.1686, TrLoss:  2.24704, VaAcc: 0.1048, VaLoss:  2.29304	 20 sampled NNs | VaAcc: 0.1048 +- 0.0000 | VaLoss: 2.2928 +- 0.0000
245,  0 | TrAcc: 0.1566, TrLoss:      nan, VaAcc: 0.1048, VaLoss:      nan	 20 sampled NNs | VaAcc: 0.1048 +- 0.0000 | VaLoss: 2.3150 +- 0.0000
246,  0 | TrAcc: 0.1438, TrLoss:  2.26134, VaAcc: 0.1048, VaLoss:  2.28835	 20 sampled NNs | VaAcc: 0.1048 +- 0.0000 | VaLoss: 2.2882 +- 0.0000
247,  0 | TrAcc: 0.1421, TrLoss:  2.23703, VaAcc: 0.1351, VaLoss:  2.30913	 20 sampled NNs | VaAcc: 0.1351 +- 0.0000 | VaLoss: 2.3089 +- 0.0000
248,  0 | TrAcc: 0.1663, TrLoss:  2.25112, VaAcc: 0.1048, VaLoss:  2.30171	 20 sampled NNs | VaAcc: 0.1048 +- 0.0000 | VaLoss: 2.3015 +- 0.0000
249,  0 | TrAcc: 0.1422, TrLoss:  2.26477, VaAcc: 0.1048, VaLoss:  2.28083	 20 sampled NNs | VaAcc: 0.1048 +- 0.0000 | VaLoss: 2.2806 +- 0.0000
250,  0 | TrAcc: 0.1508, TrLoss:  2.26231, VaAcc: 0.1048, VaLoss:  2.29833	 20 sampled NNs | VaAcc: 0.1048 +- 0.0000 | VaLoss: 2.2982 +- 0.0000
251,  0 | TrAcc: 0.1741, TrLoss:  2.23661, VaAcc: 0.1048, VaLoss:  2.30243	 20 sampled NNs | VaAcc: 0.1048 +- 0.0000 | VaLoss: 2.3023 +- 0.0000
252,  0 | TrAcc: 0.1416, TrLoss:  2.24873, VaAcc: 0.1321, VaLoss:  2.30128	 20 sampled NNs | VaAcc: 0.1351 +- 0.0000 | VaLoss: 2.3011 +- 0.0000
253,  0 | TrAcc: 0.1542, TrLoss:  2.24828, VaAcc: 0.1048, VaLoss:  2.28107	 20 sampled NNs | VaAcc: 0.1048 +- 0.0000 | VaLoss: 2.2809 +- 0.0000
254,  0 | TrAcc: 0.1321, TrLoss:  2.26245, VaAcc: 0.1350, VaLoss:  2.29897	 20 sampled NNs | VaAcc: 0.1351 +- 0.0000 | VaLoss: 2.2988 +- 0.0000
255,  0 | TrAcc: 0.1476, TrLoss:  2.25182, VaAcc: 0.1048, VaLoss:  2.28848	 20 sampled NNs | VaAcc: 0.1048 +- 0.0000 | VaLoss: 2.2883 +- 0.0000
256,  0 | TrAcc: 0.1456, TrLoss:  2.25256, VaAcc: 0.1048, VaLoss:  2.28877	 20 sampled NNs | VaAcc: 0.1048 +- 0.0000 | VaLoss: 2.2886 +- 0.0000
257,  0 | TrAcc: 0.1497, TrLoss:  2.26160, VaAcc: 0.1048, VaLoss:  2.29536	 20 sampled NNs | VaAcc: 0.1048 +- 0.0000 | VaLoss: 2.2952 +- 0.0000
258,  0 | TrAcc: 0.1591, TrLoss:  2.26075, VaAcc: 0.1048, VaLoss:  2.29140	 20 sampled NNs | VaAcc: 0.1048 +- 0.0000 | VaLoss: 2.2912 +- 0.0000
259,  0 | TrAcc: 0.1632, TrLoss:  2.24553, VaAcc: 0.1048, VaLoss:  2.30186	 20 sampled NNs | VaAcc: 0.1048 +- 0.0000 | VaLoss: 2.3017 +- 0.0000
260,  0 | TrAcc: 0.1385, TrLoss:  2.26761, VaAcc: 0.1048, VaLoss:  2.28795	 20 sampled NNs | VaAcc: 0.1048 +- 0.0000 | VaLoss: 2.2878 +- 0.0000
261,  0 | TrAcc: 0.1323, TrLoss:  2.25601, VaAcc: 0.1351, VaLoss:  2.28429	 20 sampled NNs | VaAcc: 0.1351 +- 0.0000 | VaLoss: 2.2841 +- 0.0000
262,  0 | TrAcc: 0.1488, TrLoss:  2.26471, VaAcc: 0.1048, VaLoss:  2.29159	 20 sampled NNs | VaAcc: 0.1048 +- 0.0000 | VaLoss: 2.2914 +- 0.0000
263,  0 | TrAcc: 0.1556, TrLoss:  2.25664, VaAcc: 0.1048, VaLoss:  2.29516	 20 sampled NNs | VaAcc: 0.1048 +- 0.0000 | VaLoss: 2.2949 +- 0.0000
264,  0 | TrAcc: 0.1524, TrLoss:  2.26576, VaAcc: 0.1048, VaLoss:  2.28772	 20 sampled NNs | VaAcc: 0.1048 +- 0.0000 | VaLoss: 2.2875 +- 0.0000
265,  0 | TrAcc: 0.1453, TrLoss:  2.26237, VaAcc: 0.1048, VaLoss:  2.29354	 20 sampled NNs | VaAcc: 0.1048 +- 0.0000 | VaLoss: 2.2933 +- 0.0000
266,  0 | TrAcc: 0.1253, TrLoss:  2.26845, VaAcc: 0.0917, VaLoss:  2.30966	 20 sampled NNs | VaAcc: 0.0917 +- 0.0000 | VaLoss: 2.3094 +- 0.0000
267,  0 | TrAcc: 0.1652, TrLoss:  2.24040, VaAcc: 0.1048, VaLoss:  2.29321	 20 sampled NNs | VaAcc: 0.1048 +- 0.0000 | VaLoss: 2.2930 +- 0.0000
268,  0 | TrAcc: 0.1503, TrLoss:  2.24416, VaAcc: 0.1048, VaLoss:  2.29374	 20 sampled NNs | VaAcc: 0.1048 +- 0.0000 | VaLoss: 2.2935 +- 0.0000
269,  0 | TrAcc: 0.1576, TrLoss:  2.26943, VaAcc: 0.1048, VaLoss:  2.29795	 20 sampled NNs | VaAcc: 0.1048 +- 0.0000 | VaLoss: 2.2977 +- 0.0000
270,  0 | TrAcc: 0.1681, TrLoss:  2.25652, VaAcc: 0.1048, VaLoss:  2.29841	 20 sampled NNs | VaAcc: 0.1048 +- 0.0000 | VaLoss: 2.2982 +- 0.0000
271,  0 | TrAcc: 0.1537, TrLoss:  2.24534, VaAcc: 0.1048, VaLoss:  2.28282	 20 sampled NNs | VaAcc: 0.1048 +- 0.0000 | VaLoss: 2.2826 +- 0.0000
272,  0 | TrAcc: 0.1628, TrLoss:  2.25460, VaAcc: 0.1048, VaLoss:  2.29322	 20 sampled NNs | VaAcc: 0.1048 +- 0.0000 | VaLoss: 2.2930 +- 0.0000
273,  0 | TrAcc: 0.1292, TrLoss:  2.24213, VaAcc: 0.1351, VaLoss:  2.29056	 20 sampled NNs | VaAcc: 0.1351 +- 0.0000 | VaLoss: 2.2904 +- 0.0000
274,  0 | TrAcc: 0.1423, TrLoss:  2.25764, VaAcc: 0.1048, VaLoss:  2.29713	 20 sampled NNs | VaAcc: 0.1048 +- 0.0000 | VaLoss: 2.2969 +- 0.0000
