

config:

HOME=/clusterFS/home/student/kopp13
PATH=/clusterFS/home/student/kopp13/miniconda3/envs/tensorflow/bin:/clusterFS/home/student/kopp13/miniconda3/bin:/clusterFS/home/student/kopp13/bin:/usr/local/bin:/usr/bin:/bin:/usr/local/games:/usr/games
LD_LIBRARY_PATH=
THEANO_FLAGS=floatX=float32,gpuarray.preallocate=0.9,dnn.library_path=/usr/lib/x86_64-linux-gnu,cxx=clang++-3.8,device=cuda,base_compiledir=/tmp/tmp.etEU54j39T

=============================
CONFIG FILE

RNN CONFIG
{'data_multiplier': 1000,
 'gradient_clip_value': 0.5,
 'layer_configs': [{'layer_type': 'input'},
                   {'bc': {'init_m': 'xavier',
                           'init_v': -4.5,
                           'prior_m': 0.0,
                           'prior_v': 0.0,
                           'type': 'continuous'},
                    'bf': {'init_m': 'xavier',
                           'init_v': -4.5,
                           'prior_m': 0.0,
                           'prior_v': 0.0,
                           'type': 'continuous'},
                    'bi': {'init_m': 'xavier',
                           'init_v': -4.5,
                           'prior_m': 0.0,
                           'prior_v': 0.0,
                           'type': 'continuous'},
                    'bo': {'init_m': 'xavier',
                           'init_v': -4.5,
                           'prior_m': 0.0,
                           'prior_v': 0.0,
                           'type': 'continuous'},
                    'discrete_act': True,
                    'init_config': {'c': {'b': 'all_zero', 'w': 'xavier'},
                                    'f': {'b': 'all_one', 'w': 'all_zero'},
                                    'i': {'b': 'all_zero', 'w': 'xavier'},
                                    'o': {'b': 'all_zero', 'w': 'xavier'}},
                    'is_output': False,
                    'is_recurrent': True,
                    'layer_type': 'lstm',
                    'normalize_mean': True,
                    'tau': 0.8,
                    'var_scope': 'lstm_0',
                    'wc': {'p0max': 0.95,
                           'p0min': 0.05,
                           'pmax': 0.99,
                           'pmin': 0.01,
                           'priors': [0.1, 0.8, 0.1],
                           'type': 'ternary'},
                    'wf': {'p0max': 0.95,
                           'p0min': 0.05,
                           'pmax': 0.99,
                           'pmin': 0.01,
                           'priors': [0.1, 0.8, 0.1],
                           'type': 'ternary'},
                    'wi': {'p0max': 0.95,
                           'p0min': 0.05,
                           'pmax': 0.99,
                           'pmin': 0.01,
                           'priors': [0.1, 0.8, 0.1],
                           'type': 'ternary'},
                    'wo': {'p0max': 0.95,
                           'p0min': 0.05,
                           'pmax': 0.99,
                           'pmin': 0.01,
                           'priors': [0.1, 0.8, 0.1],
                           'type': 'ternary'}},
                   {'bc': {'init_m': 'xavier',
                           'init_v': -4.5,
                           'prior_m': 0.0,
                           'prior_v': 0.0,
                           'type': 'continuous'},
                    'bf': {'init_m': 'xavier',
                           'init_v': -4.5,
                           'prior_m': 0.0,
                           'prior_v': 0.0,
                           'type': 'continuous'},
                    'bi': {'init_m': 'xavier',
                           'init_v': -4.5,
                           'prior_m': 0.0,
                           'prior_v': 0.0,
                           'type': 'continuous'},
                    'bo': {'init_m': 'xavier',
                           'init_v': -4.5,
                           'prior_m': 0.0,
                           'prior_v': 0.0,
                           'type': 'continuous'},
                    'discrete_act': True,
                    'init_config': {'c': {'b': 'all_zero', 'w': 'xavier'},
                                    'f': {'b': 'all_one', 'w': 'all_zero'},
                                    'i': {'b': 'all_zero', 'w': 'xavier'},
                                    'o': {'b': 'all_zero', 'w': 'xavier'}},
                    'is_output': False,
                    'is_recurrent': True,
                    'layer_type': 'lstm',
                    'normalize_mean': True,
                    'tau': 0.8,
                    'var_scope': 'lstm_1',
                    'wc': {'p0max': 0.95,
                           'p0min': 0.05,
                           'pmax': 0.99,
                           'pmin': 0.01,
                           'priors': [0.1, 0.8, 0.1],
                           'type': 'ternary'},
                    'wf': {'p0max': 0.95,
                           'p0min': 0.05,
                           'pmax': 0.99,
                           'pmin': 0.01,
                           'priors': [0.1, 0.8, 0.1],
                           'type': 'ternary'},
                    'wi': {'p0max': 0.95,
                           'p0min': 0.05,
                           'pmax': 0.99,
                           'pmin': 0.01,
                           'priors': [0.1, 0.8, 0.1],
                           'type': 'ternary'},
                    'wo': {'p0max': 0.95,
                           'p0min': 0.05,
                           'pmax': 0.99,
                           'pmin': 0.01,
                           'priors': [0.1, 0.8, 0.1],
                           'type': 'ternary'}},
                   {'b': {'init_m': 'xavier',
                          'init_v': -4.5,
                          'prior_m': 0.0,
                          'prior_v': 0.0,
                          'type': 'continuous'},
                    'is_output': True,
                    'is_recurrent': False,
                    'layer_type': 'fc',
                    'regularization': {'mode': None, 'strength': 0.02},
                    'tau': 0.8,
                    'var_scope': 'output_layer',
                    'w': {'p0max': 0.95,
                          'p0min': 0.05,
                          'pmax': 0.99,
                          'pmin': 0.01,
                          'priors': [0.1, 0.8, 0.1],
                          'type': 'ternary'}}],
 'layout': [4, 60, 60, 10],
 'output_type': 'classification'}

DATA CONFIG
{'dataset': 'red_penstroke',
 'tr': {'in_seq_len': 30,
        'minibatch_enabled': True,
        'minibatch_size': 200,
        'out_seq_len': 5,
        'zero_padding': 20},
 'va': {'in_seq_len': 30,
        'minibatch_enabled': True,
        'minibatch_size': 200,
        'out_seq_len': 5,
        'zero_padding': 20}}

TRAINING CONFIG
{'beta_reg': 0.0,
 'ent_reg': 1e-05,
 'is_pretrain': False,
 'learning_rate': 0.001,
 'mode': {'max_epochs': 500, 'min_error': 0.0, 'name': 'classic'},
 'task_id': 0,
 'type': 'l_sampling',
 'var_reg': 0.0}
==============================


  0,  0 | TrAcc: 0.0983, TrLoss:  6.86647, VaAcc: 0.0967, VaLoss:  6.87121	 20 sampled NNs | VaAcc: 0.0982 +- 0.0104 | VaLoss: 3.1371 +- 0.1447
  1,  0 | TrAcc: 0.1018, TrLoss:  5.37446, VaAcc: 0.1003, VaLoss:  5.38551	 20 sampled NNs | VaAcc: 0.1106 +- 0.0097 | VaLoss: 2.7912 +- 0.0867
  2,  0 | TrAcc: 0.1052, TrLoss:  4.34162, VaAcc: 0.1033, VaLoss:  4.33974	 20 sampled NNs | VaAcc: 0.1116 +- 0.0115 | VaLoss: 2.6247 +- 0.1006
  3,  0 | TrAcc: 0.1127, TrLoss:  3.60306, VaAcc: 0.1067, VaLoss:  3.67923	 20 sampled NNs | VaAcc: 0.1123 +- 0.0103 | VaLoss: 2.5682 +- 0.0653
  4,  0 | TrAcc: 0.1073, TrLoss:  3.19940, VaAcc: 0.1067, VaLoss:  3.20725	 20 sampled NNs | VaAcc: 0.1204 +- 0.0098 | VaLoss: 2.4138 +- 0.0498
  5,  0 | TrAcc: 0.1132, TrLoss:  2.89435, VaAcc: 0.1094, VaLoss:  2.91488	 20 sampled NNs | VaAcc: 0.1147 +- 0.0086 | VaLoss: 2.3850 +- 0.0439
  6,  0 | TrAcc: 0.1120, TrLoss:  2.69563, VaAcc: 0.1056, VaLoss:  2.72850	 20 sampled NNs | VaAcc: 0.1145 +- 0.0125 | VaLoss: 2.3573 +- 0.0410
  7,  0 | TrAcc: 0.1193, TrLoss:  2.54998, VaAcc: 0.1098, VaLoss:  2.59362	 20 sampled NNs | VaAcc: 0.1188 +- 0.0101 | VaLoss: 2.3268 +- 0.0222
  8,  0 | TrAcc: 0.1201, TrLoss:  2.48590, VaAcc: 0.1140, VaLoss:  2.49096	 20 sampled NNs | VaAcc: 0.1205 +- 0.0099 | VaLoss: 2.2998 +- 0.0216
  9,  0 | TrAcc: 0.1153, TrLoss:  2.41657, VaAcc: 0.1111, VaLoss:  2.42417	 20 sampled NNs | VaAcc: 0.1218 +- 0.0071 | VaLoss: 2.2860 +- 0.0165
 10,  0 | TrAcc: 0.1242, TrLoss:  2.35924, VaAcc: 0.1141, VaLoss:  2.38732	 20 sampled NNs | VaAcc: 0.1192 +- 0.0069 | VaLoss: 2.2865 +- 0.0125
 11,  0 | TrAcc: 0.1262, TrLoss:  2.31899, VaAcc: 0.1126, VaLoss:  2.35993	 20 sampled NNs | VaAcc: 0.1213 +- 0.0056 | VaLoss: 2.2882 +- 0.0153
 12,  0 | TrAcc: 0.1419, TrLoss:  2.27787, VaAcc: 0.1119, VaLoss:  2.36276	 20 sampled NNs | VaAcc: 0.1100 +- 0.0042 | VaLoss: 2.3124 +- 0.0149
 13,  0 | TrAcc: 0.1462, TrLoss:  2.28094, VaAcc: 0.1165, VaLoss:  2.34774	 20 sampled NNs | VaAcc: 0.1228 +- 0.0059 | VaLoss: 2.3134 +- 0.0166
 14,  0 | TrAcc: 0.1425, TrLoss:  2.28293, VaAcc: 0.1167, VaLoss:  2.31431	 20 sampled NNs | VaAcc: 0.1240 +- 0.0034 | VaLoss: 2.2873 +- 0.0107
 15,  0 | TrAcc: 0.1253, TrLoss:  2.28590, VaAcc: 0.1108, VaLoss:  2.30374	 20 sampled NNs | VaAcc: 0.1227 +- 0.0071 | VaLoss: 2.2830 +- 0.0073
 16,  0 | TrAcc: 0.1535, TrLoss:  2.27279, VaAcc: 0.1202, VaLoss:  2.28968	 20 sampled NNs | VaAcc: 0.1225 +- 0.0043 | VaLoss: 2.2735 +- 0.0081
 17,  0 | TrAcc: 0.1334, TrLoss:  2.26803, VaAcc: 0.1117, VaLoss:  2.30305	 20 sampled NNs | VaAcc: 0.1103 +- 0.0024 | VaLoss: 2.2903 +- 0.0038
 18,  0 | TrAcc: 0.1530, TrLoss:  2.26545, VaAcc: 0.1236, VaLoss:  2.28688	 20 sampled NNs | VaAcc: 0.1254 +- 0.0072 | VaLoss: 2.2776 +- 0.0053
 19,  0 | TrAcc: 0.1227, TrLoss:  2.26801, VaAcc: 0.1139, VaLoss:  2.28761	 20 sampled NNs | VaAcc: 0.1085 +- 0.0024 | VaLoss: 2.2802 +- 0.0035
 20,  0 | TrAcc: 0.1277, TrLoss:  2.27098, VaAcc: 0.1106, VaLoss:  2.29854	 20 sampled NNs | VaAcc: 0.1096 +- 0.0027 | VaLoss: 2.2944 +- 0.0063
 21,  0 | TrAcc: 0.1745, TrLoss:  2.25197, VaAcc: 0.1238, VaLoss:  2.28897	 20 sampled NNs | VaAcc: 0.1244 +- 0.0010 | VaLoss: 2.2839 +- 0.0007
 22,  0 | TrAcc: 0.1668, TrLoss:  2.24536, VaAcc: 0.1243, VaLoss:  2.27528	 20 sampled NNs | VaAcc: 0.1245 +- 0.0000 | VaLoss: 2.2712 +- 0.0020
 23,  0 | TrAcc: 0.1787, TrLoss:  2.24137, VaAcc: 0.1245, VaLoss:  2.29526	 20 sampled NNs | VaAcc: 0.1245 +- 0.0000 | VaLoss: 2.2919 +- 0.0002
 24,  0 | TrAcc: 0.1477, TrLoss:  2.24869, VaAcc: 0.1222, VaLoss:  2.29565	 20 sampled NNs | VaAcc: 0.1242 +- 0.0013 | VaLoss: 2.2941 +- 0.0042
 25,  0 | TrAcc: 0.1384, TrLoss:  2.25245, VaAcc: 0.1093, VaLoss:  2.28230	 20 sampled NNs | VaAcc: 0.1088 +- 0.0029 | VaLoss: 2.2819 +- 0.0054
 26,  0 | TrAcc: 0.1626, TrLoss:  2.24445, VaAcc: 0.1244, VaLoss:  2.28168	 20 sampled NNs | VaAcc: 0.1245 +- 0.0000 | VaLoss: 2.2797 +- 0.0001
 27,  0 | TrAcc: 0.1548, TrLoss:  2.25005, VaAcc: 0.1245, VaLoss:  2.27817	 20 sampled NNs | VaAcc: 0.1245 +- 0.0000 | VaLoss: 2.2769 +- 0.0001
 28,  0 | TrAcc: 0.1545, TrLoss:  2.24094, VaAcc: 0.1243, VaLoss:  2.27171	 20 sampled NNs | VaAcc: 0.1245 +- 0.0000 | VaLoss: 2.2705 +- 0.0001
 29,  0 | TrAcc: 0.1496, TrLoss:  2.25749, VaAcc: 0.1099, VaLoss:  2.29608	 20 sampled NNs | VaAcc: 0.1093 +- 0.0000 | VaLoss: 2.2949 +- 0.0001
 30,  0 | TrAcc: 0.1681, TrLoss:  2.23874, VaAcc: 0.1245, VaLoss:  2.28546	 20 sampled NNs | VaAcc: 0.1245 +- 0.0000 | VaLoss: 2.2844 +- 0.0001
 31,  0 | TrAcc: 0.1282, TrLoss:  2.25016, VaAcc: 0.1006, VaLoss:  2.29910	 20 sampled NNs | VaAcc: 0.1005 +- 0.0000 | VaLoss: 2.2983 +- 0.0001
 32,  0 | TrAcc: 0.1301, TrLoss:  2.26265, VaAcc: 0.1245, VaLoss:  2.26844	 20 sampled NNs | VaAcc: 0.1245 +- 0.0000 | VaLoss: 2.2677 +- 0.0000
 33,  0 | TrAcc: 0.1506, TrLoss:  2.24315, VaAcc: 0.1135, VaLoss:  2.28374	 20 sampled NNs | VaAcc: 0.1100 +- 0.0031 | VaLoss: 2.2828 +- 0.0013
 34,  0 | TrAcc: 0.1537, TrLoss:  2.24257, VaAcc: 0.1245, VaLoss:  2.26554	 20 sampled NNs | VaAcc: 0.1245 +- 0.0000 | VaLoss: 2.2650 +- 0.0000
 35,  0 | TrAcc: 0.1293, TrLoss:  2.26702, VaAcc: 0.1087, VaLoss:  2.27498	 20 sampled NNs | VaAcc: 0.1093 +- 0.0000 | VaLoss: 2.2743 +- 0.0000
 36,  0 | TrAcc: 0.1571, TrLoss:  2.25847, VaAcc: 0.1093, VaLoss:  2.30230	 20 sampled NNs | VaAcc: 0.1093 +- 0.0000 | VaLoss: 2.3018 +- 0.0001
 37,  0 | TrAcc: 0.2030, TrLoss:  2.21067, VaAcc: 0.1245, VaLoss:  2.28740	 20 sampled NNs | VaAcc: 0.1245 +- 0.0000 | VaLoss: 2.2869 +- 0.0000
 38,  0 | TrAcc: 0.1610, TrLoss:  2.25187, VaAcc: 0.1245, VaLoss:  2.28791	 20 sampled NNs | VaAcc: 0.1245 +- 0.0000 | VaLoss: 2.2875 +- 0.0000
 39,  0 | TrAcc: 0.1430, TrLoss:  2.25701, VaAcc: 0.1098, VaLoss:  2.28243	 20 sampled NNs | VaAcc: 0.1093 +- 0.0000 | VaLoss: 2.2818 +- 0.0000
 40,  0 | TrAcc: 0.1537, TrLoss:  2.25385, VaAcc: 0.1245, VaLoss:  2.27081	 20 sampled NNs | VaAcc: 0.1245 +- 0.0000 | VaLoss: 2.2705 +- 0.0000
 41,  0 | TrAcc: 0.1281, TrLoss:  2.25422, VaAcc: 0.1242, VaLoss:  2.27037	 20 sampled NNs | VaAcc: 0.1245 +- 0.0000 | VaLoss: 2.2700 +- 0.0000
 42,  0 | TrAcc: 0.1366, TrLoss:  2.25477, VaAcc: 0.1245, VaLoss:  2.28808	 20 sampled NNs | VaAcc: 0.1245 +- 0.0000 | VaLoss: 2.2877 +- 0.0000
 43,  0 | TrAcc: 0.1649, TrLoss:  2.23485, VaAcc: 0.1244, VaLoss:  2.28715	 20 sampled NNs | VaAcc: 0.1236 +- 0.0039 | VaLoss: 2.2879 +- 0.0053
 44,  0 | TrAcc: 0.1124, TrLoss:  2.27125, VaAcc: 0.1304, VaLoss:  2.26688	 20 sampled NNs | VaAcc: 0.1327 +- 0.0000 | VaLoss: 2.2665 +- 0.0000
 45,  0 | TrAcc: 0.1340, TrLoss:  2.27180, VaAcc: 0.1244, VaLoss:  2.29227	 20 sampled NNs | VaAcc: 0.1245 +- 0.0000 | VaLoss: 2.2919 +- 0.0000
 46,  0 | TrAcc: 0.1675, TrLoss:  2.24572, VaAcc: 0.1245, VaLoss:  2.28058	 20 sampled NNs | VaAcc: 0.1245 +- 0.0000 | VaLoss: 2.2803 +- 0.0000
 47,  0 | TrAcc: 0.1636, TrLoss:  2.24344, VaAcc: 0.1245, VaLoss:  2.28673	 20 sampled NNs | VaAcc: 0.1245 +- 0.0000 | VaLoss: 2.2864 +- 0.0000
 48,  0 | TrAcc: 0.1403, TrLoss:  2.25903, VaAcc: 0.1245, VaLoss:  2.27101	 20 sampled NNs | VaAcc: 0.1245 +- 0.0000 | VaLoss: 2.2708 +- 0.0000
 49,  0 | TrAcc: 0.1878, TrLoss:  2.24142, VaAcc: 0.1245, VaLoss:  2.30846	 20 sampled NNs | VaAcc: 0.1245 +- 0.0000 | VaLoss: 2.3082 +- 0.0000
 50,  0 | TrAcc: 0.1577, TrLoss:  2.24883, VaAcc: 0.1245, VaLoss:  2.27918	 20 sampled NNs | VaAcc: 0.1245 +- 0.0000 | VaLoss: 2.2788 +- 0.0000
 51,  0 | TrAcc: 0.1893, TrLoss:  2.23367, VaAcc: 0.1245, VaLoss:  2.29831	 20 sampled NNs | VaAcc: 0.1245 +- 0.0000 | VaLoss: 2.2980 +- 0.0000
 52,  0 | TrAcc: 0.1490, TrLoss:  2.26536, VaAcc: 0.1245, VaLoss:  2.27700	 20 sampled NNs | VaAcc: 0.1245 +- 0.0000 | VaLoss: 2.2767 +- 0.0000
 53,  0 | TrAcc: 0.1701, TrLoss:  2.23444, VaAcc: 0.1245, VaLoss:  2.29877	 20 sampled NNs | VaAcc: 0.1245 +- 0.0000 | VaLoss: 2.2985 +- 0.0000
 54,  0 | TrAcc: 0.1576, TrLoss:  2.25064, VaAcc: 0.1245, VaLoss:  2.29442	 20 sampled NNs | VaAcc: 0.1245 +- 0.0000 | VaLoss: 2.2941 +- 0.0000
 55,  0 | TrAcc: 0.1308, TrLoss:  2.25304, VaAcc: 0.1093, VaLoss:  2.26943	 20 sampled NNs | VaAcc: 0.1093 +- 0.0000 | VaLoss: 2.2692 +- 0.0000
 56,  0 | TrAcc: 0.1637, TrLoss:  2.24364, VaAcc: 0.1243, VaLoss:  2.28272	 20 sampled NNs | VaAcc: 0.1245 +- 0.0000 | VaLoss: 2.2824 +- 0.0000
 57,  0 | TrAcc: 0.1537, TrLoss:  2.25243, VaAcc: 0.1244, VaLoss:  2.27723	 20 sampled NNs | VaAcc: 0.1245 +- 0.0000 | VaLoss: 2.2770 +- 0.0000
 58,  0 | TrAcc: 0.1789, TrLoss:  2.23816, VaAcc: 0.1245, VaLoss:  2.27050	 20 sampled NNs | VaAcc: 0.1245 +- 0.0000 | VaLoss: 2.2702 +- 0.0000
 59,  0 | TrAcc: 0.1497, TrLoss:  2.24995, VaAcc: 0.1245, VaLoss:  2.26684	 20 sampled NNs | VaAcc: 0.1245 +- 0.0000 | VaLoss: 2.2666 +- 0.0000
 60,  0 | TrAcc: 0.1675, TrLoss:  2.24587, VaAcc: 0.1245, VaLoss:  2.28516	 20 sampled NNs | VaAcc: 0.1245 +- 0.0000 | VaLoss: 2.2849 +- 0.0000
 61,  0 | TrAcc: 0.1591, TrLoss:  2.25225, VaAcc: 0.1245, VaLoss:  2.27489	 20 sampled NNs | VaAcc: 0.1245 +- 0.0000 | VaLoss: 2.2746 +- 0.0000
 62,  0 | TrAcc: 0.1592, TrLoss:  2.24201, VaAcc: 0.1245, VaLoss:  2.27659	 20 sampled NNs | VaAcc: 0.1245 +- 0.0000 | VaLoss: 2.2764 +- 0.0000
 63,  0 | TrAcc: 0.1427, TrLoss:  2.24395, VaAcc: 0.1236, VaLoss:  2.28105	 20 sampled NNs | VaAcc: 0.1245 +- 0.0000 | VaLoss: 2.2808 +- 0.0000
 64,  0 | TrAcc: 0.1470, TrLoss:  2.24544, VaAcc: 0.1245, VaLoss:  2.29388	 20 sampled NNs | VaAcc: 0.1245 +- 0.0000 | VaLoss: 2.2937 +- 0.0000
 65,  0 | TrAcc: 0.1496, TrLoss:  2.24891, VaAcc: 0.1235, VaLoss:  2.25916	 20 sampled NNs | VaAcc: 0.1245 +- 0.0000 | VaLoss: 2.2590 +- 0.0000
 66,  0 | TrAcc: 0.1470, TrLoss:  2.25640, VaAcc: 0.1190, VaLoss:  2.26889	 20 sampled NNs | VaAcc: 0.1245 +- 0.0000 | VaLoss: 2.2686 +- 0.0000
 67,  0 | TrAcc: 0.1477, TrLoss:  2.24805, VaAcc: 0.1245, VaLoss:  2.27945	 20 sampled NNs | VaAcc: 0.1245 +- 0.0000 | VaLoss: 2.2792 +- 0.0000
 68,  0 | TrAcc: 0.1430, TrLoss:  2.24649, VaAcc: 0.1215, VaLoss:  2.27496	 20 sampled NNs | VaAcc: 0.1245 +- 0.0000 | VaLoss: 2.2747 +- 0.0000
 69,  0 | TrAcc: 0.1483, TrLoss:  2.25691, VaAcc: 0.1245, VaLoss:  2.30121	 20 sampled NNs | VaAcc: 0.1245 +- 0.0000 | VaLoss: 2.3010 +- 0.0000
 70,  0 | TrAcc: 0.1050, TrLoss:  2.26038, VaAcc: 0.1301, VaLoss:  2.27112	 20 sampled NNs | VaAcc: 0.1301 +- 0.0000 | VaLoss: 2.2709 +- 0.0000
 71,  0 | TrAcc: 0.1564, TrLoss:  2.26345, VaAcc: 0.1245, VaLoss:  2.29254	 20 sampled NNs | VaAcc: 0.1245 +- 0.0000 | VaLoss: 2.2923 +- 0.0000
 72,  0 | TrAcc: 0.1708, TrLoss:  2.24204, VaAcc: 0.1245, VaLoss:  2.29004	 20 sampled NNs | VaAcc: 0.1245 +- 0.0000 | VaLoss: 2.2898 +- 0.0000
 73,  0 | TrAcc: 0.1755, TrLoss:  2.23812, VaAcc: 0.1245, VaLoss:  2.30175	 20 sampled NNs | VaAcc: 0.1245 +- 0.0000 | VaLoss: 2.3016 +- 0.0000
 74,  0 | TrAcc: 0.1498, TrLoss:  2.25508, VaAcc: 0.1222, VaLoss:  2.29296	 20 sampled NNs | VaAcc: 0.1245 +- 0.0000 | VaLoss: 2.2928 +- 0.0000
 75,  0 | TrAcc: 0.1516, TrLoss:  2.25694, VaAcc: 0.1245, VaLoss:  2.28932	 20 sampled NNs | VaAcc: 0.1245 +- 0.0000 | VaLoss: 2.2891 +- 0.0000
 76,  0 | TrAcc: 0.1614, TrLoss:  2.24400, VaAcc: 0.1245, VaLoss:  2.27513	 20 sampled NNs | VaAcc: 0.1245 +- 0.0000 | VaLoss: 2.2749 +- 0.0000
 77,  0 | TrAcc: 0.1331, TrLoss:  2.27838, VaAcc: 0.1245, VaLoss:  2.28817	 20 sampled NNs | VaAcc: 0.1245 +- 0.0000 | VaLoss: 2.2880 +- 0.0000
 78,  0 | TrAcc: 0.1657, TrLoss:  2.23547, VaAcc: 0.1245, VaLoss:  2.28994	 20 sampled NNs | VaAcc: 0.1245 +- 0.0000 | VaLoss: 2.2897 +- 0.0000
 79,  0 | TrAcc: 0.1541, TrLoss:  2.24798, VaAcc: 0.1245, VaLoss:  2.27969	 20 sampled NNs | VaAcc: 0.1245 +- 0.0000 | VaLoss: 2.2795 +- 0.0000
 80,  0 | TrAcc: 0.1405, TrLoss:  2.26253, VaAcc: 0.1245, VaLoss:  2.26890	 20 sampled NNs | VaAcc: 0.1245 +- 0.0000 | VaLoss: 2.2687 +- 0.0000
 81,  0 | TrAcc: 0.1519, TrLoss:  2.25293, VaAcc: 0.1093, VaLoss:  2.29519	 20 sampled NNs | VaAcc: 0.1093 +- 0.0000 | VaLoss: 2.2950 +- 0.0000
 82,  0 | TrAcc: 0.1428, TrLoss:  2.27038, VaAcc: 0.1245, VaLoss:  2.27514	 20 sampled NNs | VaAcc: 0.1245 +- 0.0000 | VaLoss: 2.2749 +- 0.0000
 83,  0 | TrAcc: 0.1560, TrLoss:  2.23845, VaAcc: 0.1093, VaLoss:  2.30054	 20 sampled NNs | VaAcc: 0.1093 +- 0.0000 | VaLoss: 2.3003 +- 0.0000
 84,  0 | TrAcc: 0.1815, TrLoss:  2.22773, VaAcc: 0.1245, VaLoss:  2.30945	 20 sampled NNs | VaAcc: 0.1245 +- 0.0000 | VaLoss: 2.3093 +- 0.0000
 85,  0 | TrAcc: 0.1617, TrLoss:  2.24698, VaAcc: 0.1245, VaLoss:  2.27982	 20 sampled NNs | VaAcc: 0.1245 +- 0.0000 | VaLoss: 2.2796 +- 0.0000
 86,  0 | TrAcc: 0.1396, TrLoss:  2.25900, VaAcc: 0.1093, VaLoss:  2.27575	 20 sampled NNs | VaAcc: 0.1093 +- 0.0000 | VaLoss: 2.2755 +- 0.0000
 87,  0 | TrAcc: 0.1440, TrLoss:  2.26653, VaAcc: 0.1093, VaLoss:  2.28591	 20 sampled NNs | VaAcc: 0.1093 +- 0.0000 | VaLoss: 2.2857 +- 0.0000
 88,  0 | TrAcc: 0.1542, TrLoss:  2.25123, VaAcc: 0.1245, VaLoss:  2.27848	 20 sampled NNs | VaAcc: 0.1245 +- 0.0000 | VaLoss: 2.2783 +- 0.0000
 89,  0 | TrAcc: 0.1559, TrLoss:  2.25199, VaAcc: 0.1245, VaLoss:  2.27953	 20 sampled NNs | VaAcc: 0.1245 +- 0.0000 | VaLoss: 2.2793 +- 0.0000
 90,  0 | TrAcc: 0.1198, TrLoss:  2.25547, VaAcc: 0.1093, VaLoss:  2.28401	 20 sampled NNs | VaAcc: 0.1093 +- 0.0000 | VaLoss: 2.2838 +- 0.0000
 91,  0 | TrAcc: 0.1502, TrLoss:  2.24391, VaAcc: 0.1245, VaLoss:  2.28205	 20 sampled NNs | VaAcc: 0.1245 +- 0.0000 | VaLoss: 2.2819 +- 0.0000
 92,  0 | TrAcc: 0.1650, TrLoss:  2.24561, VaAcc: 0.1245, VaLoss:  2.26679	 20 sampled NNs | VaAcc: 0.1245 +- 0.0000 | VaLoss: 2.2666 +- 0.0000
 93,  0 | TrAcc: 0.1539, TrLoss:  2.24936, VaAcc: 0.1245, VaLoss:  2.28018	 20 sampled NNs | VaAcc: 0.1245 +- 0.0000 | VaLoss: 2.2800 +- 0.0000
 94,  0 | TrAcc: 0.1487, TrLoss:  2.26408, VaAcc: 0.1245, VaLoss:  2.27123	 20 sampled NNs | VaAcc: 0.1245 +- 0.0000 | VaLoss: 2.2710 +- 0.0000
 95,  0 | TrAcc: 0.1737, TrLoss:  2.23410, VaAcc: 0.1245, VaLoss:  2.29388	 20 sampled NNs | VaAcc: 0.1245 +- 0.0000 | VaLoss: 2.2937 +- 0.0000
 96,  0 | TrAcc: 0.1764, TrLoss:  2.23532, VaAcc: 0.1245, VaLoss:  2.27922	 20 sampled NNs | VaAcc: 0.1245 +- 0.0000 | VaLoss: 2.2792 +- 0.0009
 97,  0 | TrAcc: 0.1560, TrLoss:  2.25310, VaAcc: 0.1245, VaLoss:  2.29610	 20 sampled NNs | VaAcc: 0.1245 +- 0.0000 | VaLoss: 2.2959 +- 0.0000
 98,  0 | TrAcc: 0.1638, TrLoss:  2.21781, VaAcc: 0.1245, VaLoss:  2.29462	 20 sampled NNs | VaAcc: 0.1245 +- 0.0000 | VaLoss: 2.2944 +- 0.0000
 99,  0 | TrAcc: 0.1653, TrLoss:  2.24415, VaAcc: 0.1245, VaLoss:  2.28561	 20 sampled NNs | VaAcc: 0.1245 +- 0.0000 | VaLoss: 2.2854 +- 0.0000
100,  0 | TrAcc: 0.1251, TrLoss:  2.25950, VaAcc: 0.1093, VaLoss:  2.27994	 20 sampled NNs | VaAcc: 0.1093 +- 0.0000 | VaLoss: 2.2797 +- 0.0000
101,  0 | TrAcc: 0.1507, TrLoss:  2.25836, VaAcc: 0.1245, VaLoss:  2.26852	 20 sampled NNs | VaAcc: 0.1245 +- 0.0000 | VaLoss: 2.2683 +- 0.0000
102,  0 | TrAcc: 0.1814, TrLoss:  2.23109, VaAcc: 0.1245, VaLoss:  2.29391	 20 sampled NNs | VaAcc: 0.1245 +- 0.0000 | VaLoss: 2.2937 +- 0.0000
103,  0 | TrAcc: 0.1398, TrLoss:  2.24790, VaAcc: 0.1245, VaLoss:  2.25967	 20 sampled NNs | VaAcc: 0.1245 +- 0.0000 | VaLoss: 2.2595 +- 0.0000
104,  0 | TrAcc: 0.1456, TrLoss:  2.26450, VaAcc: 0.1245, VaLoss:  2.27224	 20 sampled NNs | VaAcc: 0.1245 +- 0.0000 | VaLoss: 2.2720 +- 0.0000
105,  0 | TrAcc: 0.1540, TrLoss:  2.25671, VaAcc: 0.1245, VaLoss:  2.28139	 20 sampled NNs | VaAcc: 0.1245 +- 0.0000 | VaLoss: 2.2812 +- 0.0000
106,  0 | TrAcc: 0.1331, TrLoss:  2.24472, VaAcc: 0.1122, VaLoss:  2.27929	 20 sampled NNs | VaAcc: 0.1093 +- 0.0000 | VaLoss: 2.2791 +- 0.0000
107,  0 | TrAcc: 0.1517, TrLoss:  2.25863, VaAcc: 0.1245, VaLoss:  2.27297	 20 sampled NNs | VaAcc: 0.1245 +- 0.0000 | VaLoss: 2.2728 +- 0.0000
108,  0 | TrAcc: 0.1445, TrLoss:  2.25525, VaAcc: 0.1093, VaLoss:  2.28086	 20 sampled NNs | VaAcc: 0.1093 +- 0.0000 | VaLoss: 2.2807 +- 0.0000
109,  0 | TrAcc: 0.1399, TrLoss:  2.27094, VaAcc: 0.1245, VaLoss:  2.27169	 20 sampled NNs | VaAcc: 0.1245 +- 0.0000 | VaLoss: 2.2715 +- 0.0000
110,  0 | TrAcc: 0.1282, TrLoss:  2.24956, VaAcc: 0.1093, VaLoss:  2.27202	 20 sampled NNs | VaAcc: 0.1093 +- 0.0000 | VaLoss: 2.2718 +- 0.0000
111,  0 | TrAcc: 0.1849, TrLoss:  2.22578, VaAcc: 0.1245, VaLoss:  2.29428	 20 sampled NNs | VaAcc: 0.1245 +- 0.0000 | VaLoss: 2.2941 +- 0.0000
112,  0 | TrAcc: 0.1532, TrLoss:  2.24786, VaAcc: 0.1245, VaLoss:  2.28174	 20 sampled NNs | VaAcc: 0.1245 +- 0.0000 | VaLoss: 2.2815 +- 0.0000
113,  0 | TrAcc: 0.1561, TrLoss:  2.24585, VaAcc: 0.1245, VaLoss:  2.29233	 20 sampled NNs | VaAcc: 0.1245 +- 0.0000 | VaLoss: 2.2921 +- 0.0000
114,  0 | TrAcc: 0.1578, TrLoss:  2.26655, VaAcc: 0.1245, VaLoss:  2.29376	 20 sampled NNs | VaAcc: 0.1245 +- 0.0000 | VaLoss: 2.2936 +- 0.0000
115,  0 | TrAcc: 0.1644, TrLoss:  2.24551, VaAcc: 0.1245, VaLoss:  2.30413	 20 sampled NNs | VaAcc: 0.1245 +- 0.0000 | VaLoss: 2.3039 +- 0.0000
116,  0 | TrAcc: 0.1814, TrLoss:  2.24360, VaAcc: 0.1245, VaLoss:  2.29290	 20 sampled NNs | VaAcc: 0.1245 +- 0.0000 | VaLoss: 2.2927 +- 0.0000
117,  0 | TrAcc: 0.1423, TrLoss:  2.25060, VaAcc: 0.1093, VaLoss:  2.28477	 20 sampled NNs | VaAcc: 0.1093 +- 0.0000 | VaLoss: 2.2846 +- 0.0000
118,  0 | TrAcc: 0.1570, TrLoss:  2.25137, VaAcc: 0.1245, VaLoss:  2.27734	 20 sampled NNs | VaAcc: 0.1245 +- 0.0000 | VaLoss: 2.2771 +- 0.0000
119,  0 | TrAcc: 0.1362, TrLoss:  2.24442, VaAcc: 0.1234, VaLoss:  2.31045	 20 sampled NNs | VaAcc: 0.1245 +- 0.0000 | VaLoss: 2.3102 +- 0.0000
120,  0 | TrAcc: 0.1525, TrLoss:  2.24504, VaAcc: 0.1245, VaLoss:  2.28560	 20 sampled NNs | VaAcc: 0.1245 +- 0.0000 | VaLoss: 2.2854 +- 0.0000
121,  0 | TrAcc: 0.1836, TrLoss:  2.25047, VaAcc: 0.1245, VaLoss:  2.28579	 20 sampled NNs | VaAcc: 0.1245 +- 0.0000 | VaLoss: 2.2856 +- 0.0000
122,  0 | TrAcc: 0.1378, TrLoss:  2.26901, VaAcc: 0.1245, VaLoss:  2.28088	 20 sampled NNs | VaAcc: 0.1245 +- 0.0000 | VaLoss: 2.2807 +- 0.0000
123,  0 | TrAcc: 0.1469, TrLoss:  2.23704, VaAcc: 0.1093, VaLoss:  2.28484	 20 sampled NNs | VaAcc: 0.1093 +- 0.0000 | VaLoss: 2.2846 +- 0.0000
124,  0 | TrAcc: 0.1464, TrLoss:  2.25571, VaAcc: 0.1245, VaLoss:  2.27067	 20 sampled NNs | VaAcc: 0.1245 +- 0.0000 | VaLoss: 2.2705 +- 0.0000
125,  0 | TrAcc: 0.1561, TrLoss:  2.26596, VaAcc: 0.1245, VaLoss:  2.28120	 20 sampled NNs | VaAcc: 0.1245 +- 0.0000 | VaLoss: 2.2810 +- 0.0000
126,  0 | TrAcc: 0.1608, TrLoss:  2.25724, VaAcc: 0.1245, VaLoss:  2.30824	 20 sampled NNs | VaAcc: 0.1245 +- 0.0000 | VaLoss: 2.3081 +- 0.0000
127,  0 | TrAcc: 0.1842, TrLoss:  2.23263, VaAcc: 0.1245, VaLoss:  2.28204	 20 sampled NNs | VaAcc: 0.1245 +- 0.0000 | VaLoss: 2.2818 +- 0.0000
128,  0 | TrAcc: 0.1866, TrLoss:  2.21526, VaAcc: 0.1245, VaLoss:  2.29859	 20 sampled NNs | VaAcc: 0.1245 +- 0.0000 | VaLoss: 2.2984 +- 0.0000
129,  0 | TrAcc: 0.1532, TrLoss:  2.25551, VaAcc: 0.1245, VaLoss:  2.28354	 20 sampled NNs | VaAcc: 0.1245 +- 0.0000 | VaLoss: 2.2833 +- 0.0000
130,  0 | TrAcc: 0.1532, TrLoss:  2.25719, VaAcc: 0.1245, VaLoss:  2.26549	 20 sampled NNs | VaAcc: 0.1245 +- 0.0000 | VaLoss: 2.2653 +- 0.0000
131,  0 | TrAcc: 0.1355, TrLoss:  2.25119, VaAcc: 0.1243, VaLoss:  2.26415	 20 sampled NNs | VaAcc: 0.1245 +- 0.0000 | VaLoss: 2.2639 +- 0.0000
132,  0 | TrAcc: 0.1530, TrLoss:  2.24656, VaAcc: 0.1245, VaLoss:  2.28242	 20 sampled NNs | VaAcc: 0.1245 +- 0.0000 | VaLoss: 2.2822 +- 0.0000
133,  0 | TrAcc: 0.1510, TrLoss:  2.24135, VaAcc: 0.1093, VaLoss:  2.27835	 20 sampled NNs | VaAcc: 0.1093 +- 0.0000 | VaLoss: 2.2781 +- 0.0000
134,  0 | TrAcc: 0.1476, TrLoss:  2.22894, VaAcc: 0.1245, VaLoss:  2.28962	 20 sampled NNs | VaAcc: 0.1245 +- 0.0000 | VaLoss: 2.2894 +- 0.0000
135,  0 | TrAcc: 0.1563, TrLoss:  2.25590, VaAcc: 0.1245, VaLoss:  2.28729	 20 sampled NNs | VaAcc: 0.1246 +- 0.0004 | VaLoss: 2.2876 +- 0.0019
136,  0 | TrAcc: 0.1560, TrLoss:  2.24472, VaAcc: 0.1245, VaLoss:  2.27096	 20 sampled NNs | VaAcc: 0.1245 +- 0.0000 | VaLoss: 2.2708 +- 0.0000
137,  0 | TrAcc: 0.1458, TrLoss:  2.26535, VaAcc: 0.1245, VaLoss:  2.26261	 20 sampled NNs | VaAcc: 0.1245 +- 0.0000 | VaLoss: 2.2624 +- 0.0000
138,  0 | TrAcc: 0.1308, TrLoss:  2.26835, VaAcc: 0.1245, VaLoss:  2.27862	 20 sampled NNs | VaAcc: 0.1245 +- 0.0000 | VaLoss: 2.2784 +- 0.0000
139,  0 | TrAcc: 0.1476, TrLoss:  2.25274, VaAcc: 0.1245, VaLoss:  2.28031	 20 sampled NNs | VaAcc: 0.1245 +- 0.0000 | VaLoss: 2.2801 +- 0.0000
140,  0 | TrAcc: 0.1546, TrLoss:      nan, VaAcc: 0.1245, VaLoss:      nan	 20 sampled NNs | VaAcc: 0.1245 +- 0.0000 | VaLoss: 2.2839 +- 0.0000
141,  0 | TrAcc: 0.1428, TrLoss:  2.25539, VaAcc: 0.1245, VaLoss:  2.28002	 20 sampled NNs | VaAcc: 0.1245 +- 0.0000 | VaLoss: 2.2798 +- 0.0000
142,  0 | TrAcc: 0.1663, TrLoss:  2.24001, VaAcc: 0.1244, VaLoss:  2.28625	 20 sampled NNs | VaAcc: 0.1245 +- 0.0000 | VaLoss: 2.2861 +- 0.0000
143,  0 | TrAcc: 0.1521, TrLoss:  2.26627, VaAcc: 0.1245, VaLoss:  2.28336	 20 sampled NNs | VaAcc: 0.1245 +- 0.0000 | VaLoss: 2.2831 +- 0.0000
144,  0 | TrAcc: 0.1574, TrLoss:  2.25300, VaAcc: 0.1245, VaLoss:  2.26935	 20 sampled NNs | VaAcc: 0.1245 +- 0.0000 | VaLoss: 2.2692 +- 0.0000
145,  0 | TrAcc: 0.1603, TrLoss:  2.23704, VaAcc: 0.1093, VaLoss:  2.27915	 20 sampled NNs | VaAcc: 0.1093 +- 0.0000 | VaLoss: 2.2790 +- 0.0000
146,  0 | TrAcc: 0.1769, TrLoss:  2.24569, VaAcc: 0.1245, VaLoss:  2.30100	 20 sampled NNs | VaAcc: 0.1245 +- 0.0000 | VaLoss: 2.3008 +- 0.0000
147,  0 | TrAcc: 0.1589, TrLoss:  2.24596, VaAcc: 0.1245, VaLoss:  2.26997	 20 sampled NNs | VaAcc: 0.1245 +- 0.0000 | VaLoss: 2.2698 +- 0.0000
148,  0 | TrAcc: 0.1716, TrLoss:  2.24470, VaAcc: 0.1245, VaLoss:  2.28324	 20 sampled NNs | VaAcc: 0.1245 +- 0.0000 | VaLoss: 2.2830 +- 0.0000
149,  0 | TrAcc: 0.1790, TrLoss:  2.24135, VaAcc: 0.1241, VaLoss:  2.28871	 20 sampled NNs | VaAcc: 0.1245 +- 0.0000 | VaLoss: 2.2885 +- 0.0000
150,  0 | TrAcc: 0.1613, TrLoss:  2.24349, VaAcc: 0.1245, VaLoss:  2.27638	 20 sampled NNs | VaAcc: 0.1245 +- 0.0000 | VaLoss: 2.2762 +- 0.0000
151,  0 | TrAcc: 0.1279, TrLoss:  2.25805, VaAcc: 0.1093, VaLoss:  2.29410	 20 sampled NNs | VaAcc: 0.1093 +- 0.0000 | VaLoss: 2.2939 +- 0.0000
152,  0 | TrAcc: 0.1591, TrLoss:  2.25390, VaAcc: 0.1245, VaLoss:  2.29505	 20 sampled NNs | VaAcc: 0.1245 +- 0.0000 | VaLoss: 2.2948 +- 0.0000
153,  0 | TrAcc: 0.1442, TrLoss:  2.24740, VaAcc: 0.1245, VaLoss:  2.28645	 20 sampled NNs | VaAcc: 0.1245 +- 0.0000 | VaLoss: 2.2863 +- 0.0000
154,  0 | TrAcc: 0.1178, TrLoss:  2.26407, VaAcc: 0.1005, VaLoss:  2.27604	 20 sampled NNs | VaAcc: 0.1005 +- 0.0000 | VaLoss: 2.2758 +- 0.0000
155,  0 | TrAcc: 0.1350, TrLoss:      nan, VaAcc: 0.1245, VaLoss:      nan	 20 sampled NNs | VaAcc: 0.1245 +- 0.0000 | VaLoss: 2.2771 +- 0.0000
156,  0 | TrAcc: 0.1324, TrLoss:  2.25277, VaAcc: 0.1093, VaLoss:  2.27881	 20 sampled NNs | VaAcc: 0.1093 +- 0.0000 | VaLoss: 2.2786 +- 0.0000
157,  0 | TrAcc: 0.1322, TrLoss:  2.27079, VaAcc: 0.1245, VaLoss:  2.28011	 20 sampled NNs | VaAcc: 0.1245 +- 0.0000 | VaLoss: 2.2799 +- 0.0000
158,  0 | TrAcc: 0.1419, TrLoss:  2.26626, VaAcc: 0.1245, VaLoss:  2.27892	 20 sampled NNs | VaAcc: 0.1245 +- 0.0000 | VaLoss: 2.2787 +- 0.0000
159,  0 | TrAcc: 0.1787, TrLoss:  2.22644, VaAcc: 0.1245, VaLoss:  2.29875	 20 sampled NNs | VaAcc: 0.1245 +- 0.0000 | VaLoss: 2.2986 +- 0.0000
160,  0 | TrAcc: 0.1663, TrLoss:  2.25025, VaAcc: 0.1245, VaLoss:  2.29259	 20 sampled NNs | VaAcc: 0.1245 +- 0.0000 | VaLoss: 2.2924 +- 0.0000
161,  0 | TrAcc: 0.1627, TrLoss:  2.25547, VaAcc: 0.1245, VaLoss:  2.28093	 20 sampled NNs | VaAcc: 0.1245 +- 0.0000 | VaLoss: 2.2807 +- 0.0000
162,  0 | TrAcc: 0.1468, TrLoss:  2.24866, VaAcc: 0.1245, VaLoss:  2.29420	 20 sampled NNs | VaAcc: 0.1245 +- 0.0000 | VaLoss: 2.2940 +- 0.0000
