

config:

HOME=/clusterFS/home/student/kopp13
PATH=/clusterFS/home/student/kopp13/miniconda3/envs/tensorflow/bin:/clusterFS/home/student/kopp13/miniconda3/bin:/clusterFS/home/student/kopp13/bin:/usr/local/bin:/usr/bin:/bin:/usr/local/games:/usr/games
LD_LIBRARY_PATH=
THEANO_FLAGS=floatX=float32,gpuarray.preallocate=0.9,dnn.library_path=/usr/lib/x86_64-linux-gnu,cxx=clang++-3.8,device=cuda,base_compiledir=/tmp/tmp.QxcdcbPrUr

=============================
CONFIG FILE

RNN CONFIG
{'data_multiplier': 1000,
 'gradient_clip_value': 0.5,
 'layer_configs': [{'layer_type': 'input'},
                   {'bc': {'init_m': 'xavier',
                           'init_v': -4.5,
                           'prior_m': 0.0,
                           'prior_v': 0.0,
                           'type': 'continuous'},
                    'bf': {'init_m': 'xavier',
                           'init_v': -4.5,
                           'prior_m': 0.0,
                           'prior_v': 0.0,
                           'type': 'continuous'},
                    'bi': {'init_m': 'xavier',
                           'init_v': -4.5,
                           'prior_m': 0.0,
                           'prior_v': 0.0,
                           'type': 'continuous'},
                    'bo': {'init_m': 'xavier',
                           'init_v': -4.5,
                           'prior_m': 0.0,
                           'prior_v': 0.0,
                           'type': 'continuous'},
                    'discrete_act': True,
                    'init_config': {'c': {'b': 'all_zero', 'w': 'xavier'},
                                    'f': {'b': 'all_one', 'w': 'all_zero'},
                                    'i': {'b': 'all_zero', 'w': 'xavier'},
                                    'o': {'b': 'all_zero', 'w': 'xavier'}},
                    'is_output': False,
                    'is_recurrent': True,
                    'layer_type': 'lstm',
                    'normalize_mean': True,
                    'tau': 0.8,
                    'var_scope': 'lstm_0',
                    'wc': {'p0max': 0.95,
                           'p0min': 0.05,
                           'pmax': 0.99,
                           'pmin': 0.01,
                           'priors': [0.1, 0.8, 0.1],
                           'type': 'ternary'},
                    'wf': {'p0max': 0.95,
                           'p0min': 0.05,
                           'pmax': 0.99,
                           'pmin': 0.01,
                           'priors': [0.1, 0.8, 0.1],
                           'type': 'ternary'},
                    'wi': {'p0max': 0.95,
                           'p0min': 0.05,
                           'pmax': 0.99,
                           'pmin': 0.01,
                           'priors': [0.1, 0.8, 0.1],
                           'type': 'ternary'},
                    'wo': {'p0max': 0.95,
                           'p0min': 0.05,
                           'pmax': 0.99,
                           'pmin': 0.01,
                           'priors': [0.1, 0.8, 0.1],
                           'type': 'ternary'}},
                   {'bc': {'init_m': 'xavier',
                           'init_v': -4.5,
                           'prior_m': 0.0,
                           'prior_v': 0.0,
                           'type': 'continuous'},
                    'bf': {'init_m': 'xavier',
                           'init_v': -4.5,
                           'prior_m': 0.0,
                           'prior_v': 0.0,
                           'type': 'continuous'},
                    'bi': {'init_m': 'xavier',
                           'init_v': -4.5,
                           'prior_m': 0.0,
                           'prior_v': 0.0,
                           'type': 'continuous'},
                    'bo': {'init_m': 'xavier',
                           'init_v': -4.5,
                           'prior_m': 0.0,
                           'prior_v': 0.0,
                           'type': 'continuous'},
                    'discrete_act': True,
                    'init_config': {'c': {'b': 'all_zero', 'w': 'xavier'},
                                    'f': {'b': 'all_one', 'w': 'all_zero'},
                                    'i': {'b': 'all_zero', 'w': 'xavier'},
                                    'o': {'b': 'all_zero', 'w': 'xavier'}},
                    'is_output': False,
                    'is_recurrent': True,
                    'layer_type': 'lstm',
                    'normalize_mean': True,
                    'tau': 0.8,
                    'var_scope': 'lstm_1',
                    'wc': {'p0max': 0.95,
                           'p0min': 0.05,
                           'pmax': 0.99,
                           'pmin': 0.01,
                           'priors': [0.1, 0.8, 0.1],
                           'type': 'ternary'},
                    'wf': {'p0max': 0.95,
                           'p0min': 0.05,
                           'pmax': 0.99,
                           'pmin': 0.01,
                           'priors': [0.1, 0.8, 0.1],
                           'type': 'ternary'},
                    'wi': {'p0max': 0.95,
                           'p0min': 0.05,
                           'pmax': 0.99,
                           'pmin': 0.01,
                           'priors': [0.1, 0.8, 0.1],
                           'type': 'ternary'},
                    'wo': {'p0max': 0.95,
                           'p0min': 0.05,
                           'pmax': 0.99,
                           'pmin': 0.01,
                           'priors': [0.1, 0.8, 0.1],
                           'type': 'ternary'}},
                   {'b': {'init_m': 'xavier',
                          'init_v': -4.5,
                          'prior_m': 0.0,
                          'prior_v': 0.0,
                          'type': 'continuous'},
                    'is_output': True,
                    'is_recurrent': False,
                    'layer_type': 'fc',
                    'regularization': {'mode': None, 'strength': 0.02},
                    'tau': 0.8,
                    'var_scope': 'output_layer',
                    'w': {'p0max': 0.95,
                          'p0min': 0.05,
                          'pmax': 0.99,
                          'pmin': 0.01,
                          'priors': [0.1, 0.8, 0.1],
                          'type': 'ternary'}}],
 'layout': [4, 60, 60, 10],
 'output_type': 'classification'}

DATA CONFIG
{'dataset': 'red_penstroke',
 'tr': {'in_seq_len': 30,
        'minibatch_enabled': True,
        'minibatch_size': 200,
        'out_seq_len': 5,
        'zero_padding': 20},
 'va': {'in_seq_len': 30,
        'minibatch_enabled': True,
        'minibatch_size': 200,
        'out_seq_len': 5,
        'zero_padding': 20}}

TRAINING CONFIG
{'beta_reg': 0.0,
 'ent_reg': 0.01,
 'is_pretrain': False,
 'learning_rate': 0.001,
 'mode': {'max_epochs': 500, 'min_error': 0.0, 'name': 'classic'},
 'task_id': 3,
 'type': 'l_sampling',
 'var_reg': 0.0}
==============================


  0,  0 | TrAcc: 0.0979, TrLoss:  6.86270, VaAcc: 0.0969, VaLoss:  6.85614	 20 sampled NNs | VaAcc: 0.0910 +- 0.0092 | VaLoss: 3.1460 +- 0.1368
  1,  0 | TrAcc: 0.1036, TrLoss:  5.35368, VaAcc: 0.1039, VaLoss:  5.36017	 20 sampled NNs | VaAcc: 0.1146 +- 0.0100 | VaLoss: 2.7772 +- 0.1040
  2,  0 | TrAcc: 0.1076, TrLoss:  4.31021, VaAcc: 0.1073, VaLoss:  4.30420	 20 sampled NNs | VaAcc: 0.1144 +- 0.0114 | VaLoss: 2.5911 +- 0.0814
  3,  0 | TrAcc: 0.1094, TrLoss:  3.62237, VaAcc: 0.1090, VaLoss:  3.62102	 20 sampled NNs | VaAcc: 0.1224 +- 0.0133 | VaLoss: 2.4643 +- 0.0481
  4,  0 | TrAcc: 0.1102, TrLoss:  3.19913, VaAcc: 0.1118, VaLoss:  3.16726	 20 sampled NNs | VaAcc: 0.1259 +- 0.0142 | VaLoss: 2.3866 +- 0.0530
  5,  0 | TrAcc: 0.1144, TrLoss:  2.87028, VaAcc: 0.1124, VaLoss:  2.87971	 20 sampled NNs | VaAcc: 0.1230 +- 0.0091 | VaLoss: 2.3606 +- 0.0381
  6,  0 | TrAcc: 0.1114, TrLoss:  2.70388, VaAcc: 0.1117, VaLoss:  2.69159	 20 sampled NNs | VaAcc: 0.1352 +- 0.0107 | VaLoss: 2.3062 +- 0.0316
  7,  0 | TrAcc: 0.1180, TrLoss:  2.56072, VaAcc: 0.1164, VaLoss:  2.55900	 20 sampled NNs | VaAcc: 0.1328 +- 0.0168 | VaLoss: 2.2904 +- 0.0309
  8,  0 | TrAcc: 0.1237, TrLoss:  2.45951, VaAcc: 0.1188, VaLoss:  2.47306	 20 sampled NNs | VaAcc: 0.1429 +- 0.0086 | VaLoss: 2.2747 +- 0.0110
  9,  0 | TrAcc: 0.1201, TrLoss:  2.40192, VaAcc: 0.1172, VaLoss:  2.40661	 20 sampled NNs | VaAcc: 0.1302 +- 0.0104 | VaLoss: 2.2707 +- 0.0238
 10,  0 | TrAcc: 0.1179, TrLoss:  2.38127, VaAcc: 0.1194, VaLoss:  2.36459	 20 sampled NNs | VaAcc: 0.1386 +- 0.0091 | VaLoss: 2.2623 +- 0.0135
 11,  0 | TrAcc: 0.1241, TrLoss:  2.33694, VaAcc: 0.1196, VaLoss:  2.34052	 20 sampled NNs | VaAcc: 0.1395 +- 0.0079 | VaLoss: 2.2614 +- 0.0102
 12,  0 | TrAcc: 0.1486, TrLoss:  2.29761, VaAcc: 0.1322, VaLoss:  2.32165	 20 sampled NNs | VaAcc: 0.1442 +- 0.0018 | VaLoss: 2.2653 +- 0.0089
 13,  0 | TrAcc: 0.1544, TrLoss:  2.28291, VaAcc: 0.1329, VaLoss:  2.30621	 20 sampled NNs | VaAcc: 0.1425 +- 0.0085 | VaLoss: 2.2640 +- 0.0106
 14,  0 | TrAcc: 0.1254, TrLoss:  2.29792, VaAcc: 0.1285, VaLoss:  2.28275	 20 sampled NNs | VaAcc: 0.1414 +- 0.0064 | VaLoss: 2.2515 +- 0.0068
 15,  0 | TrAcc: 0.1632, TrLoss:  2.24884, VaAcc: 0.1401, VaLoss:  2.29154	 20 sampled NNs | VaAcc: 0.1437 +- 0.0007 | VaLoss: 2.2685 +- 0.0039
 16,  0 | TrAcc: 0.1442, TrLoss:  2.26960, VaAcc: 0.1383, VaLoss:  2.27089	 20 sampled NNs | VaAcc: 0.1412 +- 0.0063 | VaLoss: 2.2564 +- 0.0108
 17,  0 | TrAcc: 0.1391, TrLoss:  2.26942, VaAcc: 0.1330, VaLoss:  2.26361	 20 sampled NNs | VaAcc: 0.1424 +- 0.0059 | VaLoss: 2.2531 +- 0.0068
 18,  0 | TrAcc: 0.1548, TrLoss:  2.25535, VaAcc: 0.1364, VaLoss:  2.25929	 20 sampled NNs | VaAcc: 0.1424 +- 0.0046 | VaLoss: 2.2512 +- 0.0061
 19,  0 | TrAcc: 0.1419, TrLoss:  2.25640, VaAcc: 0.1355, VaLoss:  2.26168	 20 sampled NNs | VaAcc: 0.1438 +- 0.0010 | VaLoss: 2.2538 +- 0.0014
 20,  0 | TrAcc: 0.1537, TrLoss:  2.26544, VaAcc: 0.1439, VaLoss:  2.26073	 20 sampled NNs | VaAcc: 0.1432 +- 0.0032 | VaLoss: 2.2559 +- 0.0050
 21,  0 | TrAcc: 0.1588, TrLoss:  2.26919, VaAcc: 0.1415, VaLoss:  2.28345	 20 sampled NNs | VaAcc: 0.1432 +- 0.0029 | VaLoss: 2.2794 +- 0.0033
 22,  0 | TrAcc: 0.1501, TrLoss:  2.24241, VaAcc: 0.1431, VaLoss:  2.25641	 20 sampled NNs | VaAcc: 0.1439 +- 0.0000 | VaLoss: 2.2526 +- 0.0001
 23,  0 | TrAcc: 0.1518, TrLoss:  2.24558, VaAcc: 0.1436, VaLoss:  2.26821	 20 sampled NNs | VaAcc: 0.1439 +- 0.0000 | VaLoss: 2.2652 +- 0.0001
 24,  0 | TrAcc: 0.1727, TrLoss:  2.24970, VaAcc: 0.1439, VaLoss:  2.25855	 20 sampled NNs | VaAcc: 0.1439 +- 0.0000 | VaLoss: 2.2559 +- 0.0001
 25,  0 | TrAcc: 0.1307, TrLoss:  2.26854, VaAcc: 0.1303, VaLoss:  2.25717	 20 sampled NNs | VaAcc: 0.1434 +- 0.0021 | VaLoss: 2.2553 +- 0.0011
 26,  0 | TrAcc: 0.1404, TrLoss:  2.26085, VaAcc: 0.1464, VaLoss:  2.25820	 20 sampled NNs | VaAcc: 0.1467 +- 0.0000 | VaLoss: 2.2564 +- 0.0001
 27,  0 | TrAcc: 0.1408, TrLoss:  2.26028, VaAcc: 0.1434, VaLoss:  2.25045	 20 sampled NNs | VaAcc: 0.1439 +- 0.0000 | VaLoss: 2.2494 +- 0.0025
 28,  0 | TrAcc: 0.1591, TrLoss:  2.25510, VaAcc: 0.1441, VaLoss:  2.24995	 20 sampled NNs | VaAcc: 0.1439 +- 0.0000 | VaLoss: 2.2485 +- 0.0000
 29,  0 | TrAcc: 0.1439, TrLoss:  2.25407, VaAcc: 0.1456, VaLoss:  2.24521	 20 sampled NNs | VaAcc: 0.1465 +- 0.0011 | VaLoss: 2.2445 +- 0.0010
 30,  0 | TrAcc: 0.1597, TrLoss:  2.24537, VaAcc: 0.1431, VaLoss:  2.25703	 20 sampled NNs | VaAcc: 0.1436 +- 0.0041 | VaLoss: 2.2580 +- 0.0067
 31,  0 | TrAcc: 0.1342, TrLoss:  2.24360, VaAcc: 0.1142, VaLoss:  2.25555	 20 sampled NNs | VaAcc: 0.1033 +- 0.0000 | VaLoss: 2.2548 +- 0.0001
 32,  0 | TrAcc: 0.1550, TrLoss:  2.23995, VaAcc: 0.1404, VaLoss:  2.25410	 20 sampled NNs | VaAcc: 0.1439 +- 0.0000 | VaLoss: 2.2533 +- 0.0000
 33,  0 | TrAcc: 0.1418, TrLoss:  2.25066, VaAcc: 0.1435, VaLoss:  2.25571	 20 sampled NNs | VaAcc: 0.1439 +- 0.0000 | VaLoss: 2.2550 +- 0.0000
 34,  0 | TrAcc: 0.1551, TrLoss:  2.25443, VaAcc: 0.1439, VaLoss:  2.25092	 20 sampled NNs | VaAcc: 0.1439 +- 0.0000 | VaLoss: 2.2503 +- 0.0000
 35,  0 | TrAcc: 0.1565, TrLoss:  2.25020, VaAcc: 0.1439, VaLoss:  2.25570	 20 sampled NNs | VaAcc: 0.1439 +- 0.0000 | VaLoss: 2.2550 +- 0.0000
 36,  0 | TrAcc: 0.1339, TrLoss:  2.28685, VaAcc: 0.1439, VaLoss:  2.26637	 20 sampled NNs | VaAcc: 0.1439 +- 0.0000 | VaLoss: 2.2658 +- 0.0000
 37,  0 | TrAcc: 0.1607, TrLoss:  2.26084, VaAcc: 0.1439, VaLoss:  2.25074	 20 sampled NNs | VaAcc: 0.1439 +- 0.0000 | VaLoss: 2.2503 +- 0.0000
 38,  0 | TrAcc: 0.1619, TrLoss:  2.24476, VaAcc: 0.1439, VaLoss:  2.25567	 20 sampled NNs | VaAcc: 0.1439 +- 0.0000 | VaLoss: 2.2552 +- 0.0000
 39,  0 | TrAcc: 0.1631, TrLoss:  2.24443, VaAcc: 0.1447, VaLoss:  2.25161	 20 sampled NNs | VaAcc: 0.1439 +- 0.0000 | VaLoss: 2.2511 +- 0.0000
 40,  0 | TrAcc: 0.1572, TrLoss:  2.24542, VaAcc: 0.1439, VaLoss:  2.24969	 20 sampled NNs | VaAcc: 0.1439 +- 0.0000 | VaLoss: 2.2493 +- 0.0000
 41,  0 | TrAcc: 0.1486, TrLoss:  2.25402, VaAcc: 0.1439, VaLoss:  2.24920	 20 sampled NNs | VaAcc: 0.1439 +- 0.0000 | VaLoss: 2.2489 +- 0.0000
 42,  0 | TrAcc: 0.1384, TrLoss:  2.26129, VaAcc: 0.1467, VaLoss:  2.24655	 20 sampled NNs | VaAcc: 0.1467 +- 0.0000 | VaLoss: 2.2462 +- 0.0000
 43,  0 | TrAcc: 0.1480, TrLoss:  2.24565, VaAcc: 0.1447, VaLoss:  2.25236	 20 sampled NNs | VaAcc: 0.1439 +- 0.0000 | VaLoss: 2.2520 +- 0.0000
 44,  0 | TrAcc: 0.1585, TrLoss:  2.23179, VaAcc: 0.1439, VaLoss:  2.25411	 20 sampled NNs | VaAcc: 0.1439 +- 0.0000 | VaLoss: 2.2537 +- 0.0000
 45,  0 | TrAcc: 0.1382, TrLoss:  2.25980, VaAcc: 0.1439, VaLoss:  2.25166	 20 sampled NNs | VaAcc: 0.1439 +- 0.0000 | VaLoss: 2.2514 +- 0.0000
 46,  0 | TrAcc: 0.1333, TrLoss:  2.24995, VaAcc: 0.1439, VaLoss:  2.26566	 20 sampled NNs | VaAcc: 0.1439 +- 0.0000 | VaLoss: 2.2653 +- 0.0000
 47,  0 | TrAcc: 0.1311, TrLoss:  2.25317, VaAcc: 0.1437, VaLoss:  2.25256	 20 sampled NNs | VaAcc: 0.1439 +- 0.0000 | VaLoss: 2.2523 +- 0.0000
 48,  0 | TrAcc: 0.1321, TrLoss:  2.23818, VaAcc: 0.1440, VaLoss:  2.25331	 20 sampled NNs | VaAcc: 0.1467 +- 0.0000 | VaLoss: 2.2530 +- 0.0000
 49,  0 | TrAcc: 0.1680, TrLoss:  2.24962, VaAcc: 0.1439, VaLoss:  2.24571	 20 sampled NNs | VaAcc: 0.1439 +- 0.0000 | VaLoss: 2.2454 +- 0.0000
 50,  0 | TrAcc: 0.1750, TrLoss:  2.24855, VaAcc: 0.1439, VaLoss:  2.26096	 20 sampled NNs | VaAcc: 0.1439 +- 0.0000 | VaLoss: 2.2607 +- 0.0000
 51,  0 | TrAcc: 0.1495, TrLoss:  2.25047, VaAcc: 0.1439, VaLoss:  2.25451	 20 sampled NNs | VaAcc: 0.1439 +- 0.0000 | VaLoss: 2.2542 +- 0.0000
 52,  0 | TrAcc: 0.1557, TrLoss:  2.26621, VaAcc: 0.1439, VaLoss:  2.26376	 20 sampled NNs | VaAcc: 0.1439 +- 0.0000 | VaLoss: 2.2635 +- 0.0000
 53,  0 | TrAcc: 0.1416, TrLoss:  2.24409, VaAcc: 0.1438, VaLoss:  2.24445	 20 sampled NNs | VaAcc: 0.1439 +- 0.0000 | VaLoss: 2.2442 +- 0.0000
 54,  0 | TrAcc: 0.1458, TrLoss:  2.26183, VaAcc: 0.1439, VaLoss:  2.25433	 20 sampled NNs | VaAcc: 0.1439 +- 0.0000 | VaLoss: 2.2541 +- 0.0000
 55,  0 | TrAcc: 0.1685, TrLoss:  2.24625, VaAcc: 0.1443, VaLoss:  2.25004	 20 sampled NNs | VaAcc: 0.1439 +- 0.0000 | VaLoss: 2.2497 +- 0.0000
 56,  0 | TrAcc: 0.1395, TrLoss:  2.23419, VaAcc: 0.1467, VaLoss:  2.25632	 20 sampled NNs | VaAcc: 0.1467 +- 0.0000 | VaLoss: 2.2560 +- 0.0000
 57,  0 | TrAcc: 0.1615, TrLoss:  2.25548, VaAcc: 0.1439, VaLoss:  2.26674	 20 sampled NNs | VaAcc: 0.1439 +- 0.0000 | VaLoss: 2.2664 +- 0.0000
 58,  0 | TrAcc: 0.1483, TrLoss:  2.26130, VaAcc: 0.1439, VaLoss:  2.26129	 20 sampled NNs | VaAcc: 0.1439 +- 0.0000 | VaLoss: 2.2610 +- 0.0000
 59,  0 | TrAcc: 0.1644, TrLoss:  2.24243, VaAcc: 0.1439, VaLoss:  2.26072	 20 sampled NNs | VaAcc: 0.1439 +- 0.0000 | VaLoss: 2.2604 +- 0.0000
 60,  0 | TrAcc: 0.1497, TrLoss:  2.24648, VaAcc: 0.1439, VaLoss:  2.24792	 20 sampled NNs | VaAcc: 0.1439 +- 0.0000 | VaLoss: 2.2476 +- 0.0000
 61,  0 | TrAcc: 0.1546, TrLoss:  2.25501, VaAcc: 0.1439, VaLoss:  2.25556	 20 sampled NNs | VaAcc: 0.1439 +- 0.0000 | VaLoss: 2.2553 +- 0.0000
 62,  0 | TrAcc: 0.1449, TrLoss:  2.24253, VaAcc: 0.1445, VaLoss:  2.24768	 20 sampled NNs | VaAcc: 0.1439 +- 0.0000 | VaLoss: 2.2474 +- 0.0000
 63,  0 | TrAcc: 0.1690, TrLoss:  2.24822, VaAcc: 0.1439, VaLoss:  2.24991	 20 sampled NNs | VaAcc: 0.1439 +- 0.0000 | VaLoss: 2.2497 +- 0.0000
 64,  0 | TrAcc: 0.1617, TrLoss:  2.24598, VaAcc: 0.1439, VaLoss:  2.25057	 20 sampled NNs | VaAcc: 0.1439 +- 0.0000 | VaLoss: 2.2503 +- 0.0000
 65,  0 | TrAcc: 0.1706, TrLoss:  2.25166, VaAcc: 0.1439, VaLoss:  2.26191	 20 sampled NNs | VaAcc: 0.1439 +- 0.0000 | VaLoss: 2.2617 +- 0.0000
 66,  0 | TrAcc: 0.1407, TrLoss:  2.24650, VaAcc: 0.1463, VaLoss:  2.25816	 20 sampled NNs | VaAcc: 0.1467 +- 0.0000 | VaLoss: 2.2579 +- 0.0000
 67,  0 | TrAcc: 0.1629, TrLoss:  2.24517, VaAcc: 0.1439, VaLoss:  2.26818	 20 sampled NNs | VaAcc: 0.1439 +- 0.0000 | VaLoss: 2.2679 +- 0.0000
 68,  0 | TrAcc: 0.1753, TrLoss:  2.25429, VaAcc: 0.1439, VaLoss:  2.26017	 20 sampled NNs | VaAcc: 0.1439 +- 0.0000 | VaLoss: 2.2599 +- 0.0000
 69,  0 | TrAcc: 0.1279, TrLoss:  2.26679, VaAcc: 0.1467, VaLoss:  2.24643	 20 sampled NNs | VaAcc: 0.1467 +- 0.0000 | VaLoss: 2.2462 +- 0.0000
 70,  0 | TrAcc: 0.1212, TrLoss:  2.27006, VaAcc: 0.1150, VaLoss:  2.25093	 20 sampled NNs | VaAcc: 0.1150 +- 0.0000 | VaLoss: 2.2507 +- 0.0000
 71,  0 | TrAcc: 0.1596, TrLoss:  2.23854, VaAcc: 0.1439, VaLoss:  2.24598	 20 sampled NNs | VaAcc: 0.1439 +- 0.0000 | VaLoss: 2.2457 +- 0.0000
 72,  0 | TrAcc: 0.1323, TrLoss:  2.26586, VaAcc: 0.1467, VaLoss:  2.25217	 20 sampled NNs | VaAcc: 0.1467 +- 0.0000 | VaLoss: 2.2520 +- 0.0000
 73,  0 | TrAcc: 0.1750, TrLoss:  2.24272, VaAcc: 0.1439, VaLoss:  2.25627	 20 sampled NNs | VaAcc: 0.1439 +- 0.0000 | VaLoss: 2.2561 +- 0.0000
 74,  0 | TrAcc: 0.1495, TrLoss:  2.24510, VaAcc: 0.1439, VaLoss:  2.24943	 20 sampled NNs | VaAcc: 0.1439 +- 0.0000 | VaLoss: 2.2492 +- 0.0000
 75,  0 | TrAcc: 0.1560, TrLoss:  2.26198, VaAcc: 0.1439, VaLoss:  2.24665	 20 sampled NNs | VaAcc: 0.1439 +- 0.0000 | VaLoss: 2.2464 +- 0.0000
 76,  0 | TrAcc: 0.1437, TrLoss:  2.25908, VaAcc: 0.1439, VaLoss:  2.25474	 20 sampled NNs | VaAcc: 0.1439 +- 0.0000 | VaLoss: 2.2545 +- 0.0000
 77,  0 | TrAcc: 0.1317, TrLoss:  2.26197, VaAcc: 0.1439, VaLoss:  2.24601	 20 sampled NNs | VaAcc: 0.1439 +- 0.0000 | VaLoss: 2.2458 +- 0.0000
 78,  0 | TrAcc: 0.1705, TrLoss:  2.25021, VaAcc: 0.1439, VaLoss:  2.25906	 20 sampled NNs | VaAcc: 0.1439 +- 0.0000 | VaLoss: 2.2589 +- 0.0000
 79,  0 | TrAcc: 0.1600, TrLoss:  2.24959, VaAcc: 0.1439, VaLoss:  2.25540	 20 sampled NNs | VaAcc: 0.1439 +- 0.0000 | VaLoss: 2.2552 +- 0.0000
 80,  0 | TrAcc: 0.1431, TrLoss:  2.23803, VaAcc: 0.1439, VaLoss:  2.25485	 20 sampled NNs | VaAcc: 0.1439 +- 0.0000 | VaLoss: 2.2547 +- 0.0000
 81,  0 | TrAcc: 0.1501, TrLoss:  2.26809, VaAcc: 0.1439, VaLoss:  2.26243	 20 sampled NNs | VaAcc: 0.1439 +- 0.0000 | VaLoss: 2.2622 +- 0.0000
 82,  0 | TrAcc: 0.1572, TrLoss:  2.24278, VaAcc: 0.1439, VaLoss:  2.25111	 20 sampled NNs | VaAcc: 0.1439 +- 0.0000 | VaLoss: 2.2509 +- 0.0000
 83,  0 | TrAcc: 0.1601, TrLoss:  2.23600, VaAcc: 0.1439, VaLoss:  2.24765	 20 sampled NNs | VaAcc: 0.1439 +- 0.0000 | VaLoss: 2.2474 +- 0.0000
 84,  0 | TrAcc: 0.1413, TrLoss:  2.25023, VaAcc: 0.1439, VaLoss:  2.24825	 20 sampled NNs | VaAcc: 0.1439 +- 0.0000 | VaLoss: 2.2480 +- 0.0000
 85,  0 | TrAcc: 0.1654, TrLoss:  2.24398, VaAcc: 0.1439, VaLoss:  2.24680	 20 sampled NNs | VaAcc: 0.1439 +- 0.0000 | VaLoss: 2.2466 +- 0.0000
 86,  0 | TrAcc: 0.1368, TrLoss:  2.26807, VaAcc: 0.1424, VaLoss:  2.25518	 20 sampled NNs | VaAcc: 0.1439 +- 0.0000 | VaLoss: 2.2550 +- 0.0000
 87,  0 | TrAcc: 0.1743, TrLoss:  2.23261, VaAcc: 0.1439, VaLoss:  2.25005	 20 sampled NNs | VaAcc: 0.1439 +- 0.0000 | VaLoss: 2.2499 +- 0.0000
 88,  0 | TrAcc: 0.1552, TrLoss:  2.26418, VaAcc: 0.1439, VaLoss:  2.24951	 20 sampled NNs | VaAcc: 0.1439 +- 0.0000 | VaLoss: 2.2493 +- 0.0000
 89,  0 | TrAcc: 0.1699, TrLoss:  2.23081, VaAcc: 0.1439, VaLoss:  2.24614	 20 sampled NNs | VaAcc: 0.1439 +- 0.0000 | VaLoss: 2.2459 +- 0.0000
 90,  0 | TrAcc: 0.1532, TrLoss:  2.25327, VaAcc: 0.1439, VaLoss:  2.25522	 20 sampled NNs | VaAcc: 0.1439 +- 0.0000 | VaLoss: 2.2550 +- 0.0000
 91,  0 | TrAcc: 0.1814, TrLoss:  2.24372, VaAcc: 0.1439, VaLoss:  2.25032	 20 sampled NNs | VaAcc: 0.1439 +- 0.0000 | VaLoss: 2.2501 +- 0.0000
 92,  0 | TrAcc: 0.1693, TrLoss:  2.23919, VaAcc: 0.1439, VaLoss:  2.24682	 20 sampled NNs | VaAcc: 0.1439 +- 0.0000 | VaLoss: 2.2466 +- 0.0000
 93,  0 | TrAcc: 0.1471, TrLoss:  2.25769, VaAcc: 0.1439, VaLoss:  2.24967	 20 sampled NNs | VaAcc: 0.1439 +- 0.0000 | VaLoss: 2.2494 +- 0.0000
 94,  0 | TrAcc: 0.1522, TrLoss:  2.24773, VaAcc: 0.1439, VaLoss:  2.25096	 20 sampled NNs | VaAcc: 0.1439 +- 0.0000 | VaLoss: 2.2508 +- 0.0000
 95,  0 | TrAcc: 0.1389, TrLoss:  2.25858, VaAcc: 0.1439, VaLoss:  2.25523	 20 sampled NNs | VaAcc: 0.1439 +- 0.0000 | VaLoss: 2.2550 +- 0.0000
 96,  0 | TrAcc: 0.1447, TrLoss:  2.25972, VaAcc: 0.1442, VaLoss:  2.24562	 20 sampled NNs | VaAcc: 0.1439 +- 0.0000 | VaLoss: 2.2454 +- 0.0000
 97,  0 | TrAcc: 0.1612, TrLoss:  2.26320, VaAcc: 0.1438, VaLoss:  2.26048	 20 sampled NNs | VaAcc: 0.1439 +- 0.0000 | VaLoss: 2.2603 +- 0.0000
 98,  0 | TrAcc: 0.1608, TrLoss:  2.23992, VaAcc: 0.1439, VaLoss:  2.24699	 20 sampled NNs | VaAcc: 0.1439 +- 0.0000 | VaLoss: 2.2468 +- 0.0000
 99,  0 | TrAcc: 0.1674, TrLoss:  2.24286, VaAcc: 0.1439, VaLoss:  2.25405	 20 sampled NNs | VaAcc: 0.1439 +- 0.0000 | VaLoss: 2.2539 +- 0.0000
100,  0 | TrAcc: 0.1374, TrLoss:  2.24450, VaAcc: 0.1467, VaLoss:  2.24913	 20 sampled NNs | VaAcc: 0.1467 +- 0.0000 | VaLoss: 2.2489 +- 0.0000
101,  0 | TrAcc: 0.1538, TrLoss:  2.25765, VaAcc: 0.1439, VaLoss:  2.25338	 20 sampled NNs | VaAcc: 0.1439 +- 0.0000 | VaLoss: 2.2532 +- 0.0000
102,  0 | TrAcc: 0.1508, TrLoss:  2.25011, VaAcc: 0.1439, VaLoss:  2.25215	 20 sampled NNs | VaAcc: 0.1439 +- 0.0000 | VaLoss: 2.2520 +- 0.0000
103,  0 | TrAcc: 0.1570, TrLoss:  2.24311, VaAcc: 0.1439, VaLoss:  2.26096	 20 sampled NNs | VaAcc: 0.1439 +- 0.0000 | VaLoss: 2.2608 +- 0.0000
104,  0 | TrAcc: 0.1535, TrLoss:  2.26167, VaAcc: 0.1439, VaLoss:  2.25187	 20 sampled NNs | VaAcc: 0.1439 +- 0.0000 | VaLoss: 2.2517 +- 0.0000
105,  0 | TrAcc: 0.1296, TrLoss:  2.26269, VaAcc: 0.1467, VaLoss:  2.25116	 20 sampled NNs | VaAcc: 0.1467 +- 0.0000 | VaLoss: 2.2509 +- 0.0000
106,  0 | TrAcc: 0.1501, TrLoss:  2.25023, VaAcc: 0.1439, VaLoss:  2.25231	 20 sampled NNs | VaAcc: 0.1439 +- 0.0000 | VaLoss: 2.2521 +- 0.0000
107,  0 | TrAcc: 0.1590, TrLoss:  2.26335, VaAcc: 0.1439, VaLoss:  2.25665	 20 sampled NNs | VaAcc: 0.1439 +- 0.0000 | VaLoss: 2.2565 +- 0.0000
108,  0 | TrAcc: 0.1465, TrLoss:  2.24317, VaAcc: 0.1439, VaLoss:  2.25007	 20 sampled NNs | VaAcc: 0.1439 +- 0.0000 | VaLoss: 2.2499 +- 0.0000
109,  0 | TrAcc: 0.1419, TrLoss:  2.25091, VaAcc: 0.1439, VaLoss:  2.24968	 20 sampled NNs | VaAcc: 0.1439 +- 0.0000 | VaLoss: 2.2495 +- 0.0000
110,  0 | TrAcc: 0.1434, TrLoss:  2.24546, VaAcc: 0.1467, VaLoss:  2.25367	 20 sampled NNs | VaAcc: 0.1467 +- 0.0000 | VaLoss: 2.2535 +- 0.0000
111,  0 | TrAcc: 0.1495, TrLoss:  2.25914, VaAcc: 0.1439, VaLoss:  2.25219	 20 sampled NNs | VaAcc: 0.1439 +- 0.0000 | VaLoss: 2.2520 +- 0.0000
112,  0 | TrAcc: 0.1471, TrLoss:  2.25640, VaAcc: 0.1439, VaLoss:  2.25450	 20 sampled NNs | VaAcc: 0.1439 +- 0.0000 | VaLoss: 2.2543 +- 0.0000
113,  0 | TrAcc: 0.1408, TrLoss:  2.24247, VaAcc: 0.1467, VaLoss:  2.26324	 20 sampled NNs | VaAcc: 0.1467 +- 0.0000 | VaLoss: 2.2630 +- 0.0000
114,  0 | TrAcc: 0.1567, TrLoss:  2.24752, VaAcc: 0.1439, VaLoss:  2.25247	 20 sampled NNs | VaAcc: 0.1439 +- 0.0000 | VaLoss: 2.2523 +- 0.0000
115,  0 | TrAcc: 0.1558, TrLoss:  2.24639, VaAcc: 0.1439, VaLoss:  2.25036	 20 sampled NNs | VaAcc: 0.1439 +- 0.0000 | VaLoss: 2.2502 +- 0.0000
116,  0 | TrAcc: 0.1652, TrLoss:  2.24940, VaAcc: 0.1439, VaLoss:  2.25672	 20 sampled NNs | VaAcc: 0.1439 +- 0.0000 | VaLoss: 2.2565 +- 0.0000
117,  0 | TrAcc: 0.1544, TrLoss:  2.24125, VaAcc: 0.1439, VaLoss:  2.24882	 20 sampled NNs | VaAcc: 0.1439 +- 0.0000 | VaLoss: 2.2486 +- 0.0000
118,  0 | TrAcc: 0.1540, TrLoss:  2.25031, VaAcc: 0.1439, VaLoss:  2.25537	 20 sampled NNs | VaAcc: 0.1439 +- 0.0000 | VaLoss: 2.2552 +- 0.0000
119,  0 | TrAcc: 0.1690, TrLoss:  2.22876, VaAcc: 0.1439, VaLoss:  2.26279	 20 sampled NNs | VaAcc: 0.1439 +- 0.0000 | VaLoss: 2.2626 +- 0.0000
120,  0 | TrAcc: 0.1619, TrLoss:  2.24460, VaAcc: 0.1439, VaLoss:  2.26154	 20 sampled NNs | VaAcc: 0.1439 +- 0.0000 | VaLoss: 2.2613 +- 0.0000
121,  0 | TrAcc: 0.1565, TrLoss:  2.25062, VaAcc: 0.1439, VaLoss:  2.25666	 20 sampled NNs | VaAcc: 0.1439 +- 0.0000 | VaLoss: 2.2565 +- 0.0000
122,  0 | TrAcc: 0.1412, TrLoss:  2.25780, VaAcc: 0.1467, VaLoss:  2.25067	 20 sampled NNs | VaAcc: 0.1467 +- 0.0000 | VaLoss: 2.2505 +- 0.0000
123,  0 | TrAcc: 0.1680, TrLoss:  2.24231, VaAcc: 0.1439, VaLoss:  2.26234	 20 sampled NNs | VaAcc: 0.1439 +- 0.0000 | VaLoss: 2.2621 +- 0.0000
124,  0 | TrAcc: 0.1767, TrLoss:  2.23419, VaAcc: 0.1439, VaLoss:  2.24861	 20 sampled NNs | VaAcc: 0.1439 +- 0.0000 | VaLoss: 2.2485 +- 0.0000
125,  0 | TrAcc: 0.1490, TrLoss:  2.25345, VaAcc: 0.1439, VaLoss:  2.25741	 20 sampled NNs | VaAcc: 0.1439 +- 0.0000 | VaLoss: 2.2572 +- 0.0000
126,  0 | TrAcc: 0.1838, TrLoss:  2.24208, VaAcc: 0.1439, VaLoss:  2.25196	 20 sampled NNs | VaAcc: 0.1439 +- 0.0000 | VaLoss: 2.2517 +- 0.0000
127,  0 | TrAcc: 0.1855, TrLoss:  2.22287, VaAcc: 0.1439, VaLoss:  2.24640	 20 sampled NNs | VaAcc: 0.1439 +- 0.0000 | VaLoss: 2.2462 +- 0.0000
128,  0 | TrAcc: 0.1610, TrLoss:  2.25615, VaAcc: 0.1439, VaLoss:  2.25057	 20 sampled NNs | VaAcc: 0.1439 +- 0.0000 | VaLoss: 2.2504 +- 0.0000
129,  0 | TrAcc: 0.1333, TrLoss:  2.26080, VaAcc: 0.1439, VaLoss:  2.25319	 20 sampled NNs | VaAcc: 0.1439 +- 0.0000 | VaLoss: 2.2530 +- 0.0000
130,  0 | TrAcc: 0.1632, TrLoss:  2.24497, VaAcc: 0.1467, VaLoss:  2.26162	 20 sampled NNs | VaAcc: 0.1467 +- 0.0000 | VaLoss: 2.2614 +- 0.0000
131,  0 | TrAcc: 0.1767, TrLoss:  2.24473, VaAcc: 0.1439, VaLoss:  2.25571	 20 sampled NNs | VaAcc: 0.1439 +- 0.0000 | VaLoss: 2.2555 +- 0.0000
132,  0 | TrAcc: 0.1688, TrLoss:  2.25386, VaAcc: 0.1439, VaLoss:  2.27065	 20 sampled NNs | VaAcc: 0.1439 +- 0.0000 | VaLoss: 2.2704 +- 0.0000
133,  0 | TrAcc: 0.1477, TrLoss:  2.24960, VaAcc: 0.1439, VaLoss:  2.24390	 20 sampled NNs | VaAcc: 0.1439 +- 0.0000 | VaLoss: 2.2437 +- 0.0000
134,  0 | TrAcc: 0.1557, TrLoss:  2.25393, VaAcc: 0.1439, VaLoss:  2.25020	 20 sampled NNs | VaAcc: 0.1439 +- 0.0000 | VaLoss: 2.2500 +- 0.0000
135,  0 | TrAcc: 0.1228, TrLoss:  2.25121, VaAcc: 0.1467, VaLoss:  2.24978	 20 sampled NNs | VaAcc: 0.1467 +- 0.0000 | VaLoss: 2.2496 +- 0.0000
136,  0 | TrAcc: 0.1518, TrLoss:  2.24859, VaAcc: 0.1439, VaLoss:  2.25141	 20 sampled NNs | VaAcc: 0.1439 +- 0.0000 | VaLoss: 2.2512 +- 0.0000
137,  0 | TrAcc: 0.1583, TrLoss:  2.25187, VaAcc: 0.1439, VaLoss:  2.26463	 20 sampled NNs | VaAcc: 0.1439 +- 0.0000 | VaLoss: 2.2644 +- 0.0000
138,  0 | TrAcc: 0.1528, TrLoss:  2.25320, VaAcc: 0.1467, VaLoss:  2.24820	 20 sampled NNs | VaAcc: 0.1467 +- 0.0000 | VaLoss: 2.2480 +- 0.0000
139,  0 | TrAcc: 0.1240, TrLoss:  2.25514, VaAcc: 0.1078, VaLoss:  2.25302	 20 sampled NNs | VaAcc: 0.1033 +- 0.0000 | VaLoss: 2.2528 +- 0.0000
140,  0 | TrAcc: 0.1429, TrLoss:  2.24970, VaAcc: 0.1467, VaLoss:  2.25404	 20 sampled NNs | VaAcc: 0.1467 +- 0.0000 | VaLoss: 2.2539 +- 0.0000
141,  0 | TrAcc: 0.1539, TrLoss:  2.25055, VaAcc: 0.1439, VaLoss:  2.25391	 20 sampled NNs | VaAcc: 0.1439 +- 0.0000 | VaLoss: 2.2537 +- 0.0000
142,  0 | TrAcc: 0.1253, TrLoss:  2.26111, VaAcc: 0.1467, VaLoss:  2.24851	 20 sampled NNs | VaAcc: 0.1467 +- 0.0000 | VaLoss: 2.2483 +- 0.0000
143,  0 | TrAcc: 0.1503, TrLoss:  2.23450, VaAcc: 0.1461, VaLoss:  2.24769	 20 sampled NNs | VaAcc: 0.1467 +- 0.0000 | VaLoss: 2.2475 +- 0.0000
144,  0 | TrAcc: 0.1719, TrLoss:  2.23802, VaAcc: 0.1439, VaLoss:  2.25814	 20 sampled NNs | VaAcc: 0.1439 +- 0.0000 | VaLoss: 2.2579 +- 0.0000
145,  0 | TrAcc: 0.1621, TrLoss:      nan, VaAcc: 0.1439, VaLoss:      nan	 20 sampled NNs | VaAcc: 0.1439 +- 0.0000 | VaLoss: 2.2539 +- 0.0000
146,  0 | TrAcc: 0.1203, TrLoss:  2.25108, VaAcc: 0.1150, VaLoss:  2.25517	 20 sampled NNs | VaAcc: 0.1150 +- 0.0000 | VaLoss: 2.2550 +- 0.0000
147,  0 | TrAcc: 0.1282, TrLoss:  2.26843, VaAcc: 0.1467, VaLoss:  2.25138	 20 sampled NNs | VaAcc: 0.1467 +- 0.0000 | VaLoss: 2.2512 +- 0.0000
148,  0 | TrAcc: 0.1586, TrLoss:  2.25107, VaAcc: 0.1439, VaLoss:  2.24943	 20 sampled NNs | VaAcc: 0.1439 +- 0.0000 | VaLoss: 2.2492 +- 0.0000
149,  0 | TrAcc: 0.1821, TrLoss:  2.23534, VaAcc: 0.1439, VaLoss:  2.25114	 20 sampled NNs | VaAcc: 0.1439 +- 0.0000 | VaLoss: 2.2509 +- 0.0000
150,  0 | TrAcc: 0.1614, TrLoss:  2.25100, VaAcc: 0.1439, VaLoss:  2.25488	 20 sampled NNs | VaAcc: 0.1439 +- 0.0000 | VaLoss: 2.2547 +- 0.0000
151,  0 | TrAcc: 0.1539, TrLoss:  2.25890, VaAcc: 0.1439, VaLoss:  2.25705	 20 sampled NNs | VaAcc: 0.1439 +- 0.0000 | VaLoss: 2.2568 +- 0.0000
152,  0 | TrAcc: 0.1524, TrLoss:  2.26095, VaAcc: 0.1439, VaLoss:  2.24839	 20 sampled NNs | VaAcc: 0.1439 +- 0.0000 | VaLoss: 2.2482 +- 0.0000
153,  0 | TrAcc: 0.1525, TrLoss:  2.25272, VaAcc: 0.1439, VaLoss:  2.25119	 20 sampled NNs | VaAcc: 0.1439 +- 0.0000 | VaLoss: 2.2510 +- 0.0000
154,  0 | TrAcc: 0.1570, TrLoss:  2.25060, VaAcc: 0.1439, VaLoss:  2.24969	 20 sampled NNs | VaAcc: 0.1439 +- 0.0000 | VaLoss: 2.2495 +- 0.0000
155,  0 | TrAcc: 0.1653, TrLoss:  2.24276, VaAcc: 0.1439, VaLoss:  2.24577	 20 sampled NNs | VaAcc: 0.1439 +- 0.0000 | VaLoss: 2.2456 +- 0.0000
156,  0 | TrAcc: 0.1468, TrLoss:  2.25408, VaAcc: 0.1439, VaLoss:  2.26092	 20 sampled NNs | VaAcc: 0.1439 +- 0.0000 | VaLoss: 2.2607 +- 0.0000
157,  0 | TrAcc: 0.1582, TrLoss:  2.23130, VaAcc: 0.1439, VaLoss:  2.24757	 20 sampled NNs | VaAcc: 0.1439 +- 0.0000 | VaLoss: 2.2474 +- 0.0000
158,  0 | TrAcc: 0.1517, TrLoss:  2.26676, VaAcc: 0.1439, VaLoss:  2.26560	 20 sampled NNs | VaAcc: 0.1439 +- 0.0000 | VaLoss: 2.2654 +- 0.0000
159,  0 | TrAcc: 0.1608, TrLoss:  2.25762, VaAcc: 0.1439, VaLoss:  2.24606	 20 sampled NNs | VaAcc: 0.1439 +- 0.0000 | VaLoss: 2.2459 +- 0.0000
160,  0 | TrAcc: 0.1680, TrLoss:  2.25034, VaAcc: 0.1439, VaLoss:  2.24798	 20 sampled NNs | VaAcc: 0.1439 +- 0.0000 | VaLoss: 2.2478 +- 0.0000
161,  0 | TrAcc: 0.1465, TrLoss:  2.24130, VaAcc: 0.1439, VaLoss:  2.24500	 20 sampled NNs | VaAcc: 0.1439 +- 0.0000 | VaLoss: 2.2448 +- 0.0000
162,  0 | TrAcc: 0.1755, TrLoss:  2.24159, VaAcc: 0.1439, VaLoss:  2.25324	 20 sampled NNs | VaAcc: 0.1439 +- 0.0000 | VaLoss: 2.2530 +- 0.0000
163,  0 | TrAcc: 0.1846, TrLoss:  2.22837, VaAcc: 0.1439, VaLoss:  2.26371	 20 sampled NNs | VaAcc: 0.1439 +- 0.0000 | VaLoss: 2.2635 +- 0.0000
164,  0 | TrAcc: 0.1717, TrLoss:  2.24317, VaAcc: 0.1439, VaLoss:  2.25343	 20 sampled NNs | VaAcc: 0.1439 +- 0.0000 | VaLoss: 2.2532 +- 0.0000
165,  0 | TrAcc: 0.1494, TrLoss:  2.23911, VaAcc: 0.1439, VaLoss:  2.25117	 20 sampled NNs | VaAcc: 0.1439 +- 0.0000 | VaLoss: 2.2510 +- 0.0000
166,  0 | TrAcc: 0.1503, TrLoss:  2.23248, VaAcc: 0.1447, VaLoss:  2.25137	 20 sampled NNs | VaAcc: 0.1439 +- 0.0000 | VaLoss: 2.2512 +- 0.0000
167,  0 | TrAcc: 0.1164, TrLoss:  2.24679, VaAcc: 0.1467, VaLoss:  2.26844	 20 sampled NNs | VaAcc: 0.1467 +- 0.0000 | VaLoss: 2.2682 +- 0.0000
168,  0 | TrAcc: 0.1377, TrLoss:  2.23493, VaAcc: 0.0915, VaLoss:  2.26660	 20 sampled NNs | VaAcc: 0.0915 +- 0.0000 | VaLoss: 2.2664 +- 0.0000
169,  0 | TrAcc: 0.1533, TrLoss:  2.24814, VaAcc: 0.1439, VaLoss:  2.25441	 20 sampled NNs | VaAcc: 0.1439 +- 0.0000 | VaLoss: 2.2542 +- 0.0000
170,  0 | TrAcc: 0.1509, TrLoss:  2.26395, VaAcc: 0.1439, VaLoss:  2.26120	 20 sampled NNs | VaAcc: 0.1439 +- 0.0000 | VaLoss: 2.2610 +- 0.0000
171,  0 | TrAcc: 0.1309, TrLoss:  2.25176, VaAcc: 0.1467, VaLoss:  2.24862	 20 sampled NNs | VaAcc: 0.1467 +- 0.0000 | VaLoss: 2.2484 +- 0.0000
172,  0 | TrAcc: 0.1469, TrLoss:  2.23661, VaAcc: 0.1467, VaLoss:  2.25133	 20 sampled NNs | VaAcc: 0.1467 +- 0.0000 | VaLoss: 2.2511 +- 0.0000
173,  0 | TrAcc: 0.1374, TrLoss:  2.27354, VaAcc: 0.1439, VaLoss:  2.25010	 20 sampled NNs | VaAcc: 0.1439 +- 0.0000 | VaLoss: 2.2499 +- 0.0000
174,  0 | TrAcc: 0.1586, TrLoss:  2.25331, VaAcc: 0.1439, VaLoss:  2.25634	 20 sampled NNs | VaAcc: 0.1439 +- 0.0000 | VaLoss: 2.2561 +- 0.0000
175,  0 | TrAcc: 0.1736, TrLoss:  2.23951, VaAcc: 0.1439, VaLoss:  2.25496	 20 sampled NNs | VaAcc: 0.1439 +- 0.0000 | VaLoss: 2.2548 +- 0.0000
176,  0 | TrAcc: 0.1570, TrLoss:  2.26235, VaAcc: 0.1439, VaLoss:  2.24876	 20 sampled NNs | VaAcc: 0.1439 +- 0.0000 | VaLoss: 2.2486 +- 0.0000
177,  0 | TrAcc: 0.1674, TrLoss:  2.24086, VaAcc: 0.1438, VaLoss:  2.26239	 20 sampled NNs | VaAcc: 0.1439 +- 0.0000 | VaLoss: 2.2622 +- 0.0000
178,  0 | TrAcc: 0.1592, TrLoss:  2.25699, VaAcc: 0.1439, VaLoss:  2.25245	 20 sampled NNs | VaAcc: 0.1439 +- 0.0000 | VaLoss: 2.2523 +- 0.0000
179,  0 | TrAcc: 0.1576, TrLoss:  2.24373, VaAcc: 0.1438, VaLoss:  2.24309	 20 sampled NNs | VaAcc: 0.1439 +- 0.0000 | VaLoss: 2.2429 +- 0.0000
180,  0 | TrAcc: 0.1922, TrLoss:  2.22817, VaAcc: 0.1439, VaLoss:  2.25227	 20 sampled NNs | VaAcc: 0.1439 +- 0.0000 | VaLoss: 2.2521 +- 0.0000
181,  0 | TrAcc: 0.1554, TrLoss:  2.24803, VaAcc: 0.1439, VaLoss:  2.25420	 20 sampled NNs | VaAcc: 0.1439 +- 0.0000 | VaLoss: 2.2540 +- 0.0000
182,  0 | TrAcc: 0.1458, TrLoss:  2.27520, VaAcc: 0.1439, VaLoss:  2.26372	 20 sampled NNs | VaAcc: 0.1439 +- 0.0000 | VaLoss: 2.2635 +- 0.0000
183,  0 | TrAcc: 0.1495, TrLoss:  2.25822, VaAcc: 0.1439, VaLoss:  2.26607	 20 sampled NNs | VaAcc: 0.1439 +- 0.0000 | VaLoss: 2.2659 +- 0.0000
