

config:

HOME=/clusterFS/home/student/kopp13
PATH=/clusterFS/home/student/kopp13/miniconda3/envs/tensorflow/bin:/clusterFS/home/student/kopp13/miniconda3/bin:/clusterFS/home/student/kopp13/bin:/usr/local/bin:/usr/bin:/bin:/usr/local/games:/usr/games
LD_LIBRARY_PATH=
THEANO_FLAGS=floatX=float32,gpuarray.preallocate=0.9,dnn.library_path=/usr/lib/x86_64-linux-gnu,cxx=clang++-3.8,device=cuda,base_compiledir=/tmp/tmp.BFHfUifx3j

=============================
CONFIG FILE

RNN CONFIG
{'data_multiplier': 1000,
 'gradient_clip_value': 0.5,
 'layer_configs': [{'layer_type': 'input'},
                   {'bc': {'init_m': 'xavier',
                           'init_v': -4.5,
                           'prior_m': 0.0,
                           'prior_v': 0.0,
                           'type': 'continuous'},
                    'bf': {'init_m': 'xavier',
                           'init_v': -4.5,
                           'prior_m': 0.0,
                           'prior_v': 0.0,
                           'type': 'continuous'},
                    'bi': {'init_m': 'xavier',
                           'init_v': -4.5,
                           'prior_m': 0.0,
                           'prior_v': 0.0,
                           'type': 'continuous'},
                    'bo': {'init_m': 'xavier',
                           'init_v': -4.5,
                           'prior_m': 0.0,
                           'prior_v': 0.0,
                           'type': 'continuous'},
                    'discrete_act': True,
                    'init_config': {'c': {'b': 'all_zero', 'w': 'xavier'},
                                    'f': {'b': 'all_one', 'w': 'all_zero'},
                                    'i': {'b': 'all_zero', 'w': 'xavier'},
                                    'o': {'b': 'all_zero', 'w': 'xavier'}},
                    'is_output': False,
                    'is_recurrent': True,
                    'layer_type': 'lstm',
                    'normalize_mean': True,
                    'tau': 0.8,
                    'var_scope': 'lstm_0',
                    'wc': {'p0max': 0.95,
                           'p0min': 0.05,
                           'pmax': 0.99,
                           'pmin': 0.01,
                           'priors': [0.1, 0.8, 0.1],
                           'type': 'ternary'},
                    'wf': {'p0max': 0.95,
                           'p0min': 0.05,
                           'pmax': 0.99,
                           'pmin': 0.01,
                           'priors': [0.1, 0.8, 0.1],
                           'type': 'ternary'},
                    'wi': {'p0max': 0.95,
                           'p0min': 0.05,
                           'pmax': 0.99,
                           'pmin': 0.01,
                           'priors': [0.1, 0.8, 0.1],
                           'type': 'ternary'},
                    'wo': {'p0max': 0.95,
                           'p0min': 0.05,
                           'pmax': 0.99,
                           'pmin': 0.01,
                           'priors': [0.1, 0.8, 0.1],
                           'type': 'ternary'}},
                   {'bc': {'init_m': 'xavier',
                           'init_v': -4.5,
                           'prior_m': 0.0,
                           'prior_v': 0.0,
                           'type': 'continuous'},
                    'bf': {'init_m': 'xavier',
                           'init_v': -4.5,
                           'prior_m': 0.0,
                           'prior_v': 0.0,
                           'type': 'continuous'},
                    'bi': {'init_m': 'xavier',
                           'init_v': -4.5,
                           'prior_m': 0.0,
                           'prior_v': 0.0,
                           'type': 'continuous'},
                    'bo': {'init_m': 'xavier',
                           'init_v': -4.5,
                           'prior_m': 0.0,
                           'prior_v': 0.0,
                           'type': 'continuous'},
                    'discrete_act': True,
                    'init_config': {'c': {'b': 'all_zero', 'w': 'xavier'},
                                    'f': {'b': 'all_one', 'w': 'all_zero'},
                                    'i': {'b': 'all_zero', 'w': 'xavier'},
                                    'o': {'b': 'all_zero', 'w': 'xavier'}},
                    'is_output': False,
                    'is_recurrent': True,
                    'layer_type': 'lstm',
                    'normalize_mean': True,
                    'tau': 0.8,
                    'var_scope': 'lstm_1',
                    'wc': {'p0max': 0.95,
                           'p0min': 0.05,
                           'pmax': 0.99,
                           'pmin': 0.01,
                           'priors': [0.1, 0.8, 0.1],
                           'type': 'ternary'},
                    'wf': {'p0max': 0.95,
                           'p0min': 0.05,
                           'pmax': 0.99,
                           'pmin': 0.01,
                           'priors': [0.1, 0.8, 0.1],
                           'type': 'ternary'},
                    'wi': {'p0max': 0.95,
                           'p0min': 0.05,
                           'pmax': 0.99,
                           'pmin': 0.01,
                           'priors': [0.1, 0.8, 0.1],
                           'type': 'ternary'},
                    'wo': {'p0max': 0.95,
                           'p0min': 0.05,
                           'pmax': 0.99,
                           'pmin': 0.01,
                           'priors': [0.1, 0.8, 0.1],
                           'type': 'ternary'}},
                   {'b': {'init_m': 'xavier',
                          'init_v': -4.5,
                          'prior_m': 0.0,
                          'prior_v': 0.0,
                          'type': 'continuous'},
                    'is_output': True,
                    'is_recurrent': False,
                    'layer_type': 'fc',
                    'regularization': {'mode': None, 'strength': 0.02},
                    'tau': 0.8,
                    'var_scope': 'output_layer',
                    'w': {'p0max': 0.95,
                          'p0min': 0.05,
                          'pmax': 0.99,
                          'pmin': 0.01,
                          'priors': [0.1, 0.8, 0.1],
                          'type': 'ternary'}}],
 'layout': [4, 60, 60, 10],
 'output_type': 'classification'}

DATA CONFIG
{'dataset': 'red_penstroke',
 'tr': {'in_seq_len': 30,
        'minibatch_enabled': True,
        'minibatch_size': 200,
        'out_seq_len': 5,
        'zero_padding': 20},
 'va': {'in_seq_len': 30,
        'minibatch_enabled': True,
        'minibatch_size': 200,
        'out_seq_len': 5,
        'zero_padding': 20}}

TRAINING CONFIG
{'beta_reg': 0.0,
 'ent_reg': 0.1,
 'is_pretrain': False,
 'learning_rate': 0.001,
 'mode': {'max_epochs': 500, 'min_error': 0.0, 'name': 'classic'},
 'task_id': 4,
 'type': 'l_sampling',
 'var_reg': 0.0}
==============================


  0,  0 | TrAcc: 0.0978, TrLoss:  6.85897, VaAcc: 0.0993, VaLoss:  6.86347	 20 sampled NNs | VaAcc: 0.1029 +- 0.0092 | VaLoss: 3.1373 +- 0.1181
  1,  0 | TrAcc: 0.1032, TrLoss:  5.35977, VaAcc: 0.1003, VaLoss:  5.43677	 20 sampled NNs | VaAcc: 0.0988 +- 0.0070 | VaLoss: 2.8402 +- 0.0811
  2,  0 | TrAcc: 0.1085, TrLoss:  4.30221, VaAcc: 0.1035, VaLoss:  4.42256	 20 sampled NNs | VaAcc: 0.1093 +- 0.0099 | VaLoss: 2.6752 +- 0.0757
  3,  0 | TrAcc: 0.1088, TrLoss:  3.64935, VaAcc: 0.1054, VaLoss:  3.72256	 20 sampled NNs | VaAcc: 0.1101 +- 0.0102 | VaLoss: 2.5698 +- 0.0470
  4,  0 | TrAcc: 0.1163, TrLoss:  3.15527, VaAcc: 0.1059, VaLoss:  3.29074	 20 sampled NNs | VaAcc: 0.1050 +- 0.0106 | VaLoss: 2.5314 +- 0.0414
  5,  0 | TrAcc: 0.1167, TrLoss:  2.89643, VaAcc: 0.1043, VaLoss:  2.99735	 20 sampled NNs | VaAcc: 0.1078 +- 0.0119 | VaLoss: 2.4587 +- 0.0438
  6,  0 | TrAcc: 0.1228, TrLoss:      nan, VaAcc: 0.1052, VaLoss:  2.81093	 20 sampled NNs | VaAcc: 0.1060 +- 0.0118 | VaLoss: 2.4379 +- 0.0334
  7,  0 | TrAcc: 0.1136, TrLoss:  2.58721, VaAcc: 0.1050, VaLoss:  2.66209	 20 sampled NNs | VaAcc: 0.1050 +- 0.0088 | VaLoss: 2.3937 +- 0.0245
  8,  0 | TrAcc: 0.1170, TrLoss:  2.48176, VaAcc: 0.1064, VaLoss:  2.55539	 20 sampled NNs | VaAcc: 0.1073 +- 0.0108 | VaLoss: 2.3690 +- 0.0296
  9,  0 | TrAcc: 0.1233, TrLoss:  2.39103, VaAcc: 0.1044, VaLoss:  2.51862	 20 sampled NNs | VaAcc: 0.1007 +- 0.0092 | VaLoss: 2.3831 +- 0.0183
 10,  0 | TrAcc: 0.1204, TrLoss:  2.36585, VaAcc: 0.1122, VaLoss:  2.43047	 20 sampled NNs | VaAcc: 0.1296 +- 0.0113 | VaLoss: 2.3283 +- 0.0151
 11,  0 | TrAcc: 0.1204, TrLoss:  2.34394, VaAcc: 0.1046, VaLoss:  2.40807	 20 sampled NNs | VaAcc: 0.1023 +- 0.0019 | VaLoss: 2.3295 +- 0.0180
 12,  0 | TrAcc: 0.1194, TrLoss:  2.32192, VaAcc: 0.1060, VaLoss:  2.39470	 20 sampled NNs | VaAcc: 0.1018 +- 0.0058 | VaLoss: 2.3407 +- 0.0160
 13,  0 | TrAcc: 0.1581, TrLoss:  2.28810, VaAcc: 0.1030, VaLoss:  2.41927	 20 sampled NNs | VaAcc: 0.1016 +- 0.0022 | VaLoss: 2.3766 +- 0.0093
 14,  0 | TrAcc: 0.1639, TrLoss:  2.27582, VaAcc: 0.1050, VaLoss:  2.38111	 20 sampled NNs | VaAcc: 0.1019 +- 0.0013 | VaLoss: 2.3523 +- 0.0090
 15,  0 | TrAcc: 0.1246, TrLoss:  2.28402, VaAcc: 0.1039, VaLoss:  2.35267	 20 sampled NNs | VaAcc: 0.0973 +- 0.0074 | VaLoss: 2.3289 +- 0.0048
 16,  0 | TrAcc: 0.1448, TrLoss:  2.26211, VaAcc: 0.1126, VaLoss:  2.33618	 20 sampled NNs | VaAcc: 0.1115 +- 0.0040 | VaLoss: 2.3204 +- 0.0066
 17,  0 | TrAcc: 0.1464, TrLoss:  2.27111, VaAcc: 0.1025, VaLoss:  2.35587	 20 sampled NNs | VaAcc: 0.1026 +- 0.0045 | VaLoss: 2.3407 +- 0.0006
 18,  0 | TrAcc: 0.1509, TrLoss:  2.26994, VaAcc: 0.1018, VaLoss:  2.34123	 20 sampled NNs | VaAcc: 0.1011 +- 0.0022 | VaLoss: 2.3308 +- 0.0018
 19,  0 | TrAcc: 0.1284, TrLoss:  2.27328, VaAcc: 0.1066, VaLoss:  2.30715	 20 sampled NNs | VaAcc: 0.1016 +- 0.0000 | VaLoss: 2.2987 +- 0.0002
 20,  0 | TrAcc: 0.1622, TrLoss:  2.23356, VaAcc: 0.1030, VaLoss:  2.33004	 20 sampled NNs | VaAcc: 0.1017 +- 0.0003 | VaLoss: 2.3251 +- 0.0044
 21,  0 | TrAcc: 0.1652, TrLoss:  2.26118, VaAcc: 0.1014, VaLoss:  2.31791	 20 sampled NNs | VaAcc: 0.1023 +- 0.0024 | VaLoss: 2.3132 +- 0.0011
 22,  0 | TrAcc: 0.1626, TrLoss:  2.26080, VaAcc: 0.1017, VaLoss:  2.34519	 20 sampled NNs | VaAcc: 0.1016 +- 0.0000 | VaLoss: 2.3415 +- 0.0003
 23,  0 | TrAcc: 0.1496, TrLoss:  2.25258, VaAcc: 0.1107, VaLoss:  2.34031	 20 sampled NNs | VaAcc: 0.1113 +- 0.0000 | VaLoss: 2.3367 +- 0.0002
 24,  0 | TrAcc: 0.1484, TrLoss:  2.26736, VaAcc: 0.1031, VaLoss:  2.34694	 20 sampled NNs | VaAcc: 0.1012 +- 0.0019 | VaLoss: 2.3456 +- 0.0028
 25,  0 | TrAcc: 0.1694, TrLoss:  2.24347, VaAcc: 0.1018, VaLoss:  2.33485	 20 sampled NNs | VaAcc: 0.1016 +- 0.0000 | VaLoss: 2.3331 +- 0.0001
 26,  0 | TrAcc: 0.1603, TrLoss:  2.24533, VaAcc: 0.1020, VaLoss:  2.31959	 20 sampled NNs | VaAcc: 0.1016 +- 0.0000 | VaLoss: 2.3181 +- 0.0001
 27,  0 | TrAcc: 0.1655, TrLoss:  2.24935, VaAcc: 0.1016, VaLoss:  2.34543	 20 sampled NNs | VaAcc: 0.1017 +- 0.0003 | VaLoss: 2.3443 +- 0.0029
 28,  0 | TrAcc: 0.1459, TrLoss:  2.25459, VaAcc: 0.1017, VaLoss:  2.31783	 20 sampled NNs | VaAcc: 0.1016 +- 0.0000 | VaLoss: 2.3165 +- 0.0001
 29,  0 | TrAcc: 0.1626, TrLoss:  2.24334, VaAcc: 0.1022, VaLoss:  2.31771	 20 sampled NNs | VaAcc: 0.1016 +- 0.0000 | VaLoss: 2.3166 +- 0.0001
 30,  0 | TrAcc: 0.1336, TrLoss:  2.26010, VaAcc: 0.1074, VaLoss:  2.32090	 20 sampled NNs | VaAcc: 0.1031 +- 0.0035 | VaLoss: 2.3201 +- 0.0001
 31,  0 | TrAcc: 0.1521, TrLoss:  2.24637, VaAcc: 0.1060, VaLoss:  2.31931	 20 sampled NNs | VaAcc: 0.1016 +- 0.0000 | VaLoss: 2.3185 +- 0.0001
 32,  0 | TrAcc: 0.1467, TrLoss:  2.24707, VaAcc: 0.1113, VaLoss:  2.32678	 20 sampled NNs | VaAcc: 0.1116 +- 0.0015 | VaLoss: 2.3260 +- 0.0001
 33,  0 | TrAcc: 0.1521, TrLoss:  2.24845, VaAcc: 0.1070, VaLoss:  2.33823	 20 sampled NNs | VaAcc: 0.1113 +- 0.0000 | VaLoss: 2.3375 +- 0.0001
 34,  0 | TrAcc: 0.1392, TrLoss:  2.26188, VaAcc: 0.1016, VaLoss:  2.32714	 20 sampled NNs | VaAcc: 0.1016 +- 0.0000 | VaLoss: 2.3265 +- 0.0001
 35,  0 | TrAcc: 0.1591, TrLoss:  2.25202, VaAcc: 0.1016, VaLoss:  2.31791	 20 sampled NNs | VaAcc: 0.1016 +- 0.0000 | VaLoss: 2.3174 +- 0.0001
 36,  0 | TrAcc: 0.1682, TrLoss:  2.23936, VaAcc: 0.1022, VaLoss:  2.35165	 20 sampled NNs | VaAcc: 0.1016 +- 0.0000 | VaLoss: 2.3512 +- 0.0001
 37,  0 | TrAcc: 0.1436, TrLoss:  2.24572, VaAcc: 0.1113, VaLoss:  2.32822	 20 sampled NNs | VaAcc: 0.1113 +- 0.0000 | VaLoss: 2.3276 +- 0.0001
 38,  0 | TrAcc: 0.1644, TrLoss:  2.24277, VaAcc: 0.1016, VaLoss:  2.31993	 20 sampled NNs | VaAcc: 0.1016 +- 0.0000 | VaLoss: 2.3195 +- 0.0000
 39,  0 | TrAcc: 0.1623, TrLoss:  2.24940, VaAcc: 0.1016, VaLoss:  2.34126	 20 sampled NNs | VaAcc: 0.1016 +- 0.0000 | VaLoss: 2.3407 +- 0.0001
 40,  0 | TrAcc: 0.1707, TrLoss:  2.23583, VaAcc: 0.1016, VaLoss:  2.35368	 20 sampled NNs | VaAcc: 0.1016 +- 0.0000 | VaLoss: 2.3533 +- 0.0001
 41,  0 | TrAcc: 0.1498, TrLoss:  2.25330, VaAcc: 0.1021, VaLoss:  2.32285	 20 sampled NNs | VaAcc: 0.1016 +- 0.0000 | VaLoss: 2.3225 +- 0.0000
 42,  0 | TrAcc: 0.1349, TrLoss:  2.25062, VaAcc: 0.1070, VaLoss:  2.31662	 20 sampled NNs | VaAcc: 0.1113 +- 0.0000 | VaLoss: 2.3162 +- 0.0000
 43,  0 | TrAcc: 0.1494, TrLoss:  2.25984, VaAcc: 0.1016, VaLoss:  2.32357	 20 sampled NNs | VaAcc: 0.1016 +- 0.0000 | VaLoss: 2.3233 +- 0.0000
 44,  0 | TrAcc: 0.1710, TrLoss:  2.24843, VaAcc: 0.1016, VaLoss:  2.32855	 20 sampled NNs | VaAcc: 0.1016 +- 0.0000 | VaLoss: 2.3283 +- 0.0000
 45,  0 | TrAcc: 0.1432, TrLoss:  2.23409, VaAcc: 0.1113, VaLoss:  2.33315	 20 sampled NNs | VaAcc: 0.1106 +- 0.0029 | VaLoss: 2.3334 +- 0.0024
 46,  0 | TrAcc: 0.1453, TrLoss:  2.26030, VaAcc: 0.1016, VaLoss:  2.33592	 20 sampled NNs | VaAcc: 0.1016 +- 0.0000 | VaLoss: 2.3357 +- 0.0001
 47,  0 | TrAcc: 0.1494, TrLoss:  2.26669, VaAcc: 0.1112, VaLoss:  2.33178	 20 sampled NNs | VaAcc: 0.1113 +- 0.0000 | VaLoss: 2.3315 +- 0.0000
 48,  0 | TrAcc: 0.1560, TrLoss:  2.27186, VaAcc: 0.1016, VaLoss:  2.31780	 20 sampled NNs | VaAcc: 0.1016 +- 0.0000 | VaLoss: 2.3175 +- 0.0000
 49,  0 | TrAcc: 0.1687, TrLoss:  2.25000, VaAcc: 0.1016, VaLoss:  2.33247	 20 sampled NNs | VaAcc: 0.1016 +- 0.0000 | VaLoss: 2.3322 +- 0.0000
 50,  0 | TrAcc: 0.1360, TrLoss:  2.25116, VaAcc: 0.1217, VaLoss:  2.30976	 20 sampled NNs | VaAcc: 0.1343 +- 0.0000 | VaLoss: 2.3094 +- 0.0000
 51,  0 | TrAcc: 0.1353, TrLoss:  2.26942, VaAcc: 0.1016, VaLoss:  2.31600	 20 sampled NNs | VaAcc: 0.1016 +- 0.0000 | VaLoss: 2.3157 +- 0.0000
 52,  0 | TrAcc: 0.1550, TrLoss:  2.24274, VaAcc: 0.1016, VaLoss:  2.31343	 20 sampled NNs | VaAcc: 0.1016 +- 0.0000 | VaLoss: 2.3132 +- 0.0000
 53,  0 | TrAcc: 0.1169, TrLoss:  2.25459, VaAcc: 0.1342, VaLoss:  2.31409	 20 sampled NNs | VaAcc: 0.1343 +- 0.0000 | VaLoss: 2.3138 +- 0.0000
 54,  0 | TrAcc: 0.1356, TrLoss:  2.27521, VaAcc: 0.1016, VaLoss:  2.30192	 20 sampled NNs | VaAcc: 0.1016 +- 0.0000 | VaLoss: 2.3017 +- 0.0000
 55,  0 | TrAcc: 0.1654, TrLoss:  2.25524, VaAcc: 0.1016, VaLoss:  2.31855	 20 sampled NNs | VaAcc: 0.1016 +- 0.0000 | VaLoss: 2.3182 +- 0.0000
 56,  0 | TrAcc: 0.1160, TrLoss:  2.25641, VaAcc: 0.1120, VaLoss:  2.31208	 20 sampled NNs | VaAcc: 0.1113 +- 0.0000 | VaLoss: 2.3119 +- 0.0000
 57,  0 | TrAcc: 0.1775, TrLoss:  2.23524, VaAcc: 0.1016, VaLoss:  2.37751	 20 sampled NNs | VaAcc: 0.1016 +- 0.0000 | VaLoss: 2.3772 +- 0.0001
 58,  0 | TrAcc: 0.1623, TrLoss:  2.25842, VaAcc: 0.1016, VaLoss:  2.32584	 20 sampled NNs | VaAcc: 0.1016 +- 0.0000 | VaLoss: 2.3256 +- 0.0000
 59,  0 | TrAcc: 0.1651, TrLoss:  2.26680, VaAcc: 0.1016, VaLoss:  2.31136	 20 sampled NNs | VaAcc: 0.1016 +- 0.0000 | VaLoss: 2.3111 +- 0.0000
 60,  0 | TrAcc: 0.1345, TrLoss:  2.25201, VaAcc: 0.1016, VaLoss:  2.33194	 20 sampled NNs | VaAcc: 0.1016 +- 0.0000 | VaLoss: 2.3317 +- 0.0000
 61,  0 | TrAcc: 0.1723, TrLoss:  2.22847, VaAcc: 0.1016, VaLoss:  2.34026	 20 sampled NNs | VaAcc: 0.1016 +- 0.0000 | VaLoss: 2.3401 +- 0.0000
 62,  0 | TrAcc: 0.1563, TrLoss:  2.25269, VaAcc: 0.1016, VaLoss:  2.33482	 20 sampled NNs | VaAcc: 0.1016 +- 0.0000 | VaLoss: 2.3345 +- 0.0000
 63,  0 | TrAcc: 0.1520, TrLoss:  2.22403, VaAcc: 0.1106, VaLoss:  2.35006	 20 sampled NNs | VaAcc: 0.1113 +- 0.0000 | VaLoss: 2.3498 +- 0.0000
 64,  0 | TrAcc: 0.1546, TrLoss:  2.23959, VaAcc: 0.1016, VaLoss:  2.32563	 20 sampled NNs | VaAcc: 0.1016 +- 0.0000 | VaLoss: 2.3254 +- 0.0000
 65,  0 | TrAcc: 0.1405, TrLoss:  2.25370, VaAcc: 0.1053, VaLoss:  2.30155	 20 sampled NNs | VaAcc: 0.1016 +- 0.0000 | VaLoss: 2.3014 +- 0.0000
 66,  0 | TrAcc: 0.1534, TrLoss:  2.24698, VaAcc: 0.1039, VaLoss:  2.31540	 20 sampled NNs | VaAcc: 0.1016 +- 0.0000 | VaLoss: 2.3151 +- 0.0000
 67,  0 | TrAcc: 0.1386, TrLoss:  2.26211, VaAcc: 0.1113, VaLoss:  2.34545	 20 sampled NNs | VaAcc: 0.1113 +- 0.0000 | VaLoss: 2.3452 +- 0.0000
 68,  0 | TrAcc: 0.1213, TrLoss:  2.25153, VaAcc: 0.0965, VaLoss:  2.31139	 20 sampled NNs | VaAcc: 0.0946 +- 0.0000 | VaLoss: 2.3112 +- 0.0000
 69,  0 | TrAcc: 0.1462, TrLoss:  2.26882, VaAcc: 0.1016, VaLoss:  2.31937	 20 sampled NNs | VaAcc: 0.1016 +- 0.0000 | VaLoss: 2.3191 +- 0.0000
 70,  0 | TrAcc: 0.1542, TrLoss:  2.25885, VaAcc: 0.1016, VaLoss:  2.30774	 20 sampled NNs | VaAcc: 0.1016 +- 0.0000 | VaLoss: 2.3075 +- 0.0000
 71,  0 | TrAcc: 0.1479, TrLoss:  2.24952, VaAcc: 0.1016, VaLoss:  2.32046	 20 sampled NNs | VaAcc: 0.1016 +- 0.0000 | VaLoss: 2.3202 +- 0.0000
 72,  0 | TrAcc: 0.1450, TrLoss:  2.26049, VaAcc: 0.1016, VaLoss:  2.32752	 20 sampled NNs | VaAcc: 0.1016 +- 0.0000 | VaLoss: 2.3273 +- 0.0000
 73,  0 | TrAcc: 0.1533, TrLoss:  2.24736, VaAcc: 0.1016, VaLoss:  2.33800	 20 sampled NNs | VaAcc: 0.1016 +- 0.0000 | VaLoss: 2.3378 +- 0.0000
 74,  0 | TrAcc: 0.1577, TrLoss:  2.24741, VaAcc: 0.1016, VaLoss:  2.31654	 20 sampled NNs | VaAcc: 0.1016 +- 0.0000 | VaLoss: 2.3163 +- 0.0000
 75,  0 | TrAcc: 0.1458, TrLoss:  2.26022, VaAcc: 0.1113, VaLoss:  2.32672	 20 sampled NNs | VaAcc: 0.1113 +- 0.0000 | VaLoss: 2.3265 +- 0.0000
 76,  0 | TrAcc: 0.1669, TrLoss:  2.25223, VaAcc: 0.1016, VaLoss:  2.33549	 20 sampled NNs | VaAcc: 0.1016 +- 0.0000 | VaLoss: 2.3353 +- 0.0000
 77,  0 | TrAcc: 0.1854, TrLoss:  2.22521, VaAcc: 0.1016, VaLoss:  2.34468	 20 sampled NNs | VaAcc: 0.1016 +- 0.0000 | VaLoss: 2.3445 +- 0.0000
 78,  0 | TrAcc: 0.1488, TrLoss:  2.25642, VaAcc: 0.1016, VaLoss:  2.31327	 20 sampled NNs | VaAcc: 0.1016 +- 0.0000 | VaLoss: 2.3131 +- 0.0000
 79,  0 | TrAcc: 0.1536, TrLoss:  2.24620, VaAcc: 0.1016, VaLoss:  2.33961	 20 sampled NNs | VaAcc: 0.1016 +- 0.0000 | VaLoss: 2.3394 +- 0.0000
 80,  0 | TrAcc: 0.1566, TrLoss:  2.25617, VaAcc: 0.1016, VaLoss:  2.32261	 20 sampled NNs | VaAcc: 0.1016 +- 0.0000 | VaLoss: 2.3224 +- 0.0000
 81,  0 | TrAcc: 0.1589, TrLoss:  2.25472, VaAcc: 0.1016, VaLoss:  2.34190	 20 sampled NNs | VaAcc: 0.1016 +- 0.0000 | VaLoss: 2.3417 +- 0.0000
 82,  0 | TrAcc: 0.1514, TrLoss:  2.25826, VaAcc: 0.1016, VaLoss:  2.34084	 20 sampled NNs | VaAcc: 0.1016 +- 0.0000 | VaLoss: 2.3406 +- 0.0000
 83,  0 | TrAcc: 0.1289, TrLoss:  2.26798, VaAcc: 0.1016, VaLoss:  2.30993	 20 sampled NNs | VaAcc: 0.1016 +- 0.0000 | VaLoss: 2.3097 +- 0.0000
 84,  0 | TrAcc: 0.1412, TrLoss:  2.24805, VaAcc: 0.1113, VaLoss:  2.31775	 20 sampled NNs | VaAcc: 0.1113 +- 0.0000 | VaLoss: 2.3175 +- 0.0000
 85,  0 | TrAcc: 0.1551, TrLoss:  2.25490, VaAcc: 0.1016, VaLoss:  2.32845	 20 sampled NNs | VaAcc: 0.1016 +- 0.0000 | VaLoss: 2.3282 +- 0.0000
 86,  0 | TrAcc: 0.1613, TrLoss:  2.24112, VaAcc: 0.1016, VaLoss:  2.31647	 20 sampled NNs | VaAcc: 0.1016 +- 0.0000 | VaLoss: 2.3163 +- 0.0000
 87,  0 | TrAcc: 0.1485, TrLoss:  2.24925, VaAcc: 0.1016, VaLoss:  2.32303	 20 sampled NNs | VaAcc: 0.1016 +- 0.0000 | VaLoss: 2.3228 +- 0.0000
 88,  0 | TrAcc: 0.1580, TrLoss:  2.26054, VaAcc: 0.1016, VaLoss:  2.32663	 20 sampled NNs | VaAcc: 0.1016 +- 0.0000 | VaLoss: 2.3264 +- 0.0000
 89,  0 | TrAcc: 0.1427, TrLoss:  2.25625, VaAcc: 0.1029, VaLoss:  2.31725	 20 sampled NNs | VaAcc: 0.1016 +- 0.0000 | VaLoss: 2.3171 +- 0.0000
 90,  0 | TrAcc: 0.1670, TrLoss:  2.24766, VaAcc: 0.1016, VaLoss:  2.32969	 20 sampled NNs | VaAcc: 0.1016 +- 0.0000 | VaLoss: 2.3295 +- 0.0000
 91,  0 | TrAcc: 0.1571, TrLoss:  2.24618, VaAcc: 0.1016, VaLoss:  2.34574	 20 sampled NNs | VaAcc: 0.1016 +- 0.0000 | VaLoss: 2.3456 +- 0.0000
 92,  0 | TrAcc: 0.1421, TrLoss:  2.26279, VaAcc: 0.1016, VaLoss:  2.33785	 20 sampled NNs | VaAcc: 0.1016 +- 0.0000 | VaLoss: 2.3376 +- 0.0000
 93,  0 | TrAcc: 0.1789, TrLoss:  2.23897, VaAcc: 0.1016, VaLoss:  2.33924	 20 sampled NNs | VaAcc: 0.1016 +- 0.0000 | VaLoss: 2.3391 +- 0.0000
 94,  0 | TrAcc: 0.1501, TrLoss:  2.25507, VaAcc: 0.1016, VaLoss:  2.33345	 20 sampled NNs | VaAcc: 0.1016 +- 0.0000 | VaLoss: 2.3332 +- 0.0000
 95,  0 | TrAcc: 0.1639, TrLoss:  2.25956, VaAcc: 0.1016, VaLoss:  2.30999	 20 sampled NNs | VaAcc: 0.1016 +- 0.0000 | VaLoss: 2.3098 +- 0.0000
 96,  0 | TrAcc: 0.1367, TrLoss:  2.26086, VaAcc: 0.1016, VaLoss:  2.31827	 20 sampled NNs | VaAcc: 0.1016 +- 0.0000 | VaLoss: 2.3181 +- 0.0000
 97,  0 | TrAcc: 0.1473, TrLoss:  2.26182, VaAcc: 0.1113, VaLoss:  2.30892	 20 sampled NNs | VaAcc: 0.1113 +- 0.0000 | VaLoss: 2.3087 +- 0.0000
 98,  0 | TrAcc: 0.1863, TrLoss:  2.20572, VaAcc: 0.1016, VaLoss:  2.36479	 20 sampled NNs | VaAcc: 0.1016 +- 0.0000 | VaLoss: 2.3646 +- 0.0000
 99,  0 | TrAcc: 0.1190, TrLoss:  2.27059, VaAcc: 0.1113, VaLoss:  2.33924	 20 sampled NNs | VaAcc: 0.1113 +- 0.0000 | VaLoss: 2.3391 +- 0.0000
100,  0 | TrAcc: 0.1616, TrLoss:  2.24960, VaAcc: 0.1016, VaLoss:  2.33148	 20 sampled NNs | VaAcc: 0.1016 +- 0.0000 | VaLoss: 2.3313 +- 0.0000
101,  0 | TrAcc: 0.1543, TrLoss:  2.25673, VaAcc: 0.1016, VaLoss:  2.31088	 20 sampled NNs | VaAcc: 0.1016 +- 0.0000 | VaLoss: 2.3107 +- 0.0000
102,  0 | TrAcc: 0.1466, TrLoss:  2.24787, VaAcc: 0.1016, VaLoss:  2.32614	 20 sampled NNs | VaAcc: 0.1016 +- 0.0000 | VaLoss: 2.3260 +- 0.0000
103,  0 | TrAcc: 0.1345, TrLoss:  2.25440, VaAcc: 0.1113, VaLoss:  2.30567	 20 sampled NNs | VaAcc: 0.1113 +- 0.0000 | VaLoss: 2.3055 +- 0.0000
104,  0 | TrAcc: 0.1457, TrLoss:  2.26122, VaAcc: 0.1016, VaLoss:  2.30604	 20 sampled NNs | VaAcc: 0.1016 +- 0.0000 | VaLoss: 2.3058 +- 0.0000
105,  0 | TrAcc: 0.1655, TrLoss:  2.25635, VaAcc: 0.1016, VaLoss:  2.34283	 20 sampled NNs | VaAcc: 0.1016 +- 0.0000 | VaLoss: 2.3426 +- 0.0000
106,  0 | TrAcc: 0.1612, TrLoss:  2.26306, VaAcc: 0.1016, VaLoss:  2.30528	 20 sampled NNs | VaAcc: 0.1016 +- 0.0000 | VaLoss: 2.3051 +- 0.0000
107,  0 | TrAcc: 0.1728, TrLoss:  2.22556, VaAcc: 0.1016, VaLoss:  2.34618	 20 sampled NNs | VaAcc: 0.1016 +- 0.0000 | VaLoss: 2.3459 +- 0.0000
108,  0 | TrAcc: 0.1547, TrLoss:  2.24940, VaAcc: 0.1016, VaLoss:  2.33038	 20 sampled NNs | VaAcc: 0.1016 +- 0.0000 | VaLoss: 2.3302 +- 0.0000
109,  0 | TrAcc: 0.1470, TrLoss:  2.25778, VaAcc: 0.1113, VaLoss:  2.31632	 20 sampled NNs | VaAcc: 0.1113 +- 0.0000 | VaLoss: 2.3161 +- 0.0000
110,  0 | TrAcc: 0.1574, TrLoss:  2.23320, VaAcc: 0.1016, VaLoss:  2.34125	 20 sampled NNs | VaAcc: 0.1016 +- 0.0000 | VaLoss: 2.3410 +- 0.0000
111,  0 | TrAcc: 0.1679, TrLoss:  2.24488, VaAcc: 0.1016, VaLoss:  2.31971	 20 sampled NNs | VaAcc: 0.1016 +- 0.0000 | VaLoss: 2.3195 +- 0.0000
112,  0 | TrAcc: 0.1622, TrLoss:  2.24425, VaAcc: 0.1016, VaLoss:  2.31185	 20 sampled NNs | VaAcc: 0.1016 +- 0.0000 | VaLoss: 2.3116 +- 0.0000
113,  0 | TrAcc: 0.1509, TrLoss:  2.24943, VaAcc: 0.1016, VaLoss:  2.33112	 20 sampled NNs | VaAcc: 0.1016 +- 0.0000 | VaLoss: 2.3309 +- 0.0000
114,  0 | TrAcc: 0.1423, TrLoss:  2.26225, VaAcc: 0.1016, VaLoss:  2.30876	 20 sampled NNs | VaAcc: 0.1016 +- 0.0000 | VaLoss: 2.3086 +- 0.0000
115,  0 | TrAcc: 0.1628, TrLoss:  2.23547, VaAcc: 0.1016, VaLoss:  2.36394	 20 sampled NNs | VaAcc: 0.1016 +- 0.0000 | VaLoss: 2.3637 +- 0.0000
116,  0 | TrAcc: 0.1655, TrLoss:  2.25255, VaAcc: 0.1016, VaLoss:  2.33557	 20 sampled NNs | VaAcc: 0.1016 +- 0.0000 | VaLoss: 2.3354 +- 0.0000
117,  0 | TrAcc: 0.1466, TrLoss:  2.24857, VaAcc: 0.1016, VaLoss:  2.32456	 20 sampled NNs | VaAcc: 0.1016 +- 0.0000 | VaLoss: 2.3244 +- 0.0000
118,  0 | TrAcc: 0.1622, TrLoss:  2.24572, VaAcc: 0.1016, VaLoss:  2.32376	 20 sampled NNs | VaAcc: 0.1016 +- 0.0000 | VaLoss: 2.3236 +- 0.0000
119,  0 | TrAcc: 0.1495, TrLoss:  2.25079, VaAcc: 0.1016, VaLoss:  2.31822	 20 sampled NNs | VaAcc: 0.1016 +- 0.0000 | VaLoss: 2.3180 +- 0.0000
120,  0 | TrAcc: 0.1542, TrLoss:  2.26514, VaAcc: 0.1016, VaLoss:  2.30754	 20 sampled NNs | VaAcc: 0.1016 +- 0.0000 | VaLoss: 2.3074 +- 0.0000
121,  0 | TrAcc: 0.1678, TrLoss:  2.24520, VaAcc: 0.1016, VaLoss:  2.33006	 20 sampled NNs | VaAcc: 0.1016 +- 0.0000 | VaLoss: 2.3298 +- 0.0000
122,  0 | TrAcc: 0.1544, TrLoss:  2.25969, VaAcc: 0.1016, VaLoss:  2.30956	 20 sampled NNs | VaAcc: 0.1016 +- 0.0000 | VaLoss: 2.3094 +- 0.0000
123,  0 | TrAcc: 0.1652, TrLoss:  2.25142, VaAcc: 0.1016, VaLoss:  2.33761	 20 sampled NNs | VaAcc: 0.1016 +- 0.0000 | VaLoss: 2.3374 +- 0.0000
124,  0 | TrAcc: 0.1563, TrLoss:  2.25627, VaAcc: 0.1016, VaLoss:  2.33922	 20 sampled NNs | VaAcc: 0.1016 +- 0.0000 | VaLoss: 2.3391 +- 0.0000
125,  0 | TrAcc: 0.1658, TrLoss:  2.24428, VaAcc: 0.1016, VaLoss:  2.31666	 20 sampled NNs | VaAcc: 0.1016 +- 0.0000 | VaLoss: 2.3165 +- 0.0000
126,  0 | TrAcc: 0.1623, TrLoss:  2.24722, VaAcc: 0.1016, VaLoss:  2.33249	 20 sampled NNs | VaAcc: 0.1016 +- 0.0000 | VaLoss: 2.3323 +- 0.0000
127,  0 | TrAcc: 0.1661, TrLoss:  2.23987, VaAcc: 0.1016, VaLoss:  2.33086	 20 sampled NNs | VaAcc: 0.1016 +- 0.0000 | VaLoss: 2.3307 +- 0.0000
128,  0 | TrAcc: 0.1602, TrLoss:  2.24751, VaAcc: 0.1016, VaLoss:  2.33149	 20 sampled NNs | VaAcc: 0.1016 +- 0.0000 | VaLoss: 2.3313 +- 0.0000
129,  0 | TrAcc: 0.1677, TrLoss:  2.24589, VaAcc: 0.1016, VaLoss:  2.31073	 20 sampled NNs | VaAcc: 0.1016 +- 0.0000 | VaLoss: 2.3105 +- 0.0000
130,  0 | TrAcc: 0.1758, TrLoss:  2.25675, VaAcc: 0.1016, VaLoss:  2.33611	 20 sampled NNs | VaAcc: 0.1016 +- 0.0000 | VaLoss: 2.3359 +- 0.0000
131,  0 | TrAcc: 0.1461, TrLoss:  2.24998, VaAcc: 0.1016, VaLoss:  2.31416	 20 sampled NNs | VaAcc: 0.1016 +- 0.0000 | VaLoss: 2.3140 +- 0.0000
132,  0 | TrAcc: 0.1662, TrLoss:  2.23668, VaAcc: 0.1016, VaLoss:  2.32773	 20 sampled NNs | VaAcc: 0.1016 +- 0.0000 | VaLoss: 2.3275 +- 0.0000
133,  0 | TrAcc: 0.1389, TrLoss:  2.26031, VaAcc: 0.1113, VaLoss:  2.30817	 20 sampled NNs | VaAcc: 0.1113 +- 0.0000 | VaLoss: 2.3080 +- 0.0000
134,  0 | TrAcc: 0.1590, TrLoss:  2.24087, VaAcc: 0.1113, VaLoss:  2.33960	 20 sampled NNs | VaAcc: 0.1113 +- 0.0000 | VaLoss: 2.3394 +- 0.0000
135,  0 | TrAcc: 0.1671, TrLoss:  2.24538, VaAcc: 0.1016, VaLoss:  2.33053	 20 sampled NNs | VaAcc: 0.1016 +- 0.0000 | VaLoss: 2.3303 +- 0.0000
136,  0 | TrAcc: 0.1497, TrLoss:  2.23989, VaAcc: 0.1113, VaLoss:  2.33103	 20 sampled NNs | VaAcc: 0.1113 +- 0.0000 | VaLoss: 2.3308 +- 0.0000
137,  0 | TrAcc: 0.1569, TrLoss:  2.25058, VaAcc: 0.1016, VaLoss:  2.33173	 20 sampled NNs | VaAcc: 0.1016 +- 0.0000 | VaLoss: 2.3315 +- 0.0000
138,  0 | TrAcc: 0.1482, TrLoss:  2.26064, VaAcc: 0.1016, VaLoss:  2.29979	 20 sampled NNs | VaAcc: 0.1016 +- 0.0000 | VaLoss: 2.2996 +- 0.0000
139,  0 | TrAcc: 0.1603, TrLoss:  2.25373, VaAcc: 0.1016, VaLoss:  2.33370	 20 sampled NNs | VaAcc: 0.1016 +- 0.0000 | VaLoss: 2.3335 +- 0.0000
140,  0 | TrAcc: 0.1722, TrLoss:  2.24904, VaAcc: 0.1016, VaLoss:  2.32325	 20 sampled NNs | VaAcc: 0.1016 +- 0.0000 | VaLoss: 2.3231 +- 0.0000
141,  0 | TrAcc: 0.1483, TrLoss:  2.25357, VaAcc: 0.1111, VaLoss:  2.32735	 20 sampled NNs | VaAcc: 0.1113 +- 0.0000 | VaLoss: 2.3272 +- 0.0000
142,  0 | TrAcc: 0.1673, TrLoss:  2.25264, VaAcc: 0.1016, VaLoss:  2.32779	 20 sampled NNs | VaAcc: 0.1016 +- 0.0000 | VaLoss: 2.3276 +- 0.0000
143,  0 | TrAcc: 0.1651, TrLoss:  2.23873, VaAcc: 0.1016, VaLoss:  2.32306	 20 sampled NNs | VaAcc: 0.1016 +- 0.0000 | VaLoss: 2.3229 +- 0.0000
144,  0 | TrAcc: 0.1473, TrLoss:  2.25980, VaAcc: 0.1036, VaLoss:  2.33171	 20 sampled NNs | VaAcc: 0.1016 +- 0.0000 | VaLoss: 2.3315 +- 0.0000
145,  0 | TrAcc: 0.1944, TrLoss:  2.23355, VaAcc: 0.1016, VaLoss:  2.33932	 20 sampled NNs | VaAcc: 0.1016 +- 0.0000 | VaLoss: 2.3391 +- 0.0000
146,  0 | TrAcc: 0.1554, TrLoss:  2.25387, VaAcc: 0.1016, VaLoss:  2.32497	 20 sampled NNs | VaAcc: 0.1016 +- 0.0000 | VaLoss: 2.3248 +- 0.0000
147,  0 | TrAcc: 0.1427, TrLoss:  2.26169, VaAcc: 0.1016, VaLoss:  2.30892	 20 sampled NNs | VaAcc: 0.1016 +- 0.0000 | VaLoss: 2.3087 +- 0.0000
148,  0 | TrAcc: 0.1415, TrLoss:  2.23771, VaAcc: 0.1016, VaLoss:  2.32137	 20 sampled NNs | VaAcc: 0.1016 +- 0.0000 | VaLoss: 2.3212 +- 0.0000
149,  0 | TrAcc: 0.1709, TrLoss:  2.25009, VaAcc: 0.1016, VaLoss:  2.31983	 20 sampled NNs | VaAcc: 0.1016 +- 0.0000 | VaLoss: 2.3197 +- 0.0000
150,  0 | TrAcc: 0.1450, TrLoss:  2.25208, VaAcc: 0.1019, VaLoss:  2.31632	 20 sampled NNs | VaAcc: 0.1016 +- 0.0000 | VaLoss: 2.3161 +- 0.0000
151,  0 | TrAcc: 0.1574, TrLoss:  2.27188, VaAcc: 0.1016, VaLoss:  2.33382	 20 sampled NNs | VaAcc: 0.1016 +- 0.0000 | VaLoss: 2.3336 +- 0.0000
152,  0 | TrAcc: 0.1286, TrLoss:  2.26242, VaAcc: 0.1113, VaLoss:  2.31694	 20 sampled NNs | VaAcc: 0.1113 +- 0.0000 | VaLoss: 2.3167 +- 0.0000
153,  0 | TrAcc: 0.1635, TrLoss:  2.24743, VaAcc: 0.1016, VaLoss:  2.32566	 20 sampled NNs | VaAcc: 0.1016 +- 0.0000 | VaLoss: 2.3255 +- 0.0000
154,  0 | TrAcc: 0.1739, TrLoss:      nan, VaAcc: 0.1016, VaLoss:      nan	 20 sampled NNs | VaAcc: 0.1016 +- 0.0000 | VaLoss: 2.3596 +- 0.0000
155,  0 | TrAcc: 0.1722, TrLoss:  2.24090, VaAcc: 0.1016, VaLoss:  2.31453	 20 sampled NNs | VaAcc: 0.1016 +- 0.0000 | VaLoss: 2.3143 +- 0.0000
156,  0 | TrAcc: 0.1637, TrLoss:  2.26508, VaAcc: 0.1016, VaLoss:  2.30566	 20 sampled NNs | VaAcc: 0.1016 +- 0.0000 | VaLoss: 2.3055 +- 0.0000
157,  0 | TrAcc: 0.1436, TrLoss:  2.26389, VaAcc: 0.1016, VaLoss:  2.30290	 20 sampled NNs | VaAcc: 0.1016 +- 0.0000 | VaLoss: 2.3027 +- 0.0000
158,  0 | TrAcc: 0.1557, TrLoss:  2.25121, VaAcc: 0.1016, VaLoss:  2.33902	 20 sampled NNs | VaAcc: 0.1016 +- 0.0000 | VaLoss: 2.3388 +- 0.0000
159,  0 | TrAcc: 0.1312, TrLoss:  2.24713, VaAcc: 0.1113, VaLoss:  2.32777	 20 sampled NNs | VaAcc: 0.1113 +- 0.0000 | VaLoss: 2.3276 +- 0.0000
160,  0 | TrAcc: 0.1754, TrLoss:  2.24996, VaAcc: 0.1016, VaLoss:  2.32995	 20 sampled NNs | VaAcc: 0.1016 +- 0.0000 | VaLoss: 2.3297 +- 0.0000
161,  0 | TrAcc: 0.1598, TrLoss:  2.26016, VaAcc: 0.1016, VaLoss:  2.32862	 20 sampled NNs | VaAcc: 0.1016 +- 0.0000 | VaLoss: 2.3284 +- 0.0000
162,  0 | TrAcc: 0.1460, TrLoss:  2.26634, VaAcc: 0.1113, VaLoss:  2.31225	 20 sampled NNs | VaAcc: 0.1113 +- 0.0000 | VaLoss: 2.3120 +- 0.0000
163,  0 | TrAcc: 0.1609, TrLoss:  2.25032, VaAcc: 0.1016, VaLoss:  2.32226	 20 sampled NNs | VaAcc: 0.1016 +- 0.0000 | VaLoss: 2.3220 +- 0.0000
164,  0 | TrAcc: 0.1291, TrLoss:  2.24363, VaAcc: 0.0901, VaLoss:  2.33293	 20 sampled NNs | VaAcc: 0.0751 +- 0.0000 | VaLoss: 2.3327 +- 0.0000
165,  0 | TrAcc: 0.1407, TrLoss:  2.26412, VaAcc: 0.1028, VaLoss:  2.30666	 20 sampled NNs | VaAcc: 0.1016 +- 0.0000 | VaLoss: 2.3065 +- 0.0000
166,  0 | TrAcc: 0.1703, TrLoss:  2.25458, VaAcc: 0.1016, VaLoss:  2.32917	 20 sampled NNs | VaAcc: 0.1016 +- 0.0000 | VaLoss: 2.3290 +- 0.0000
167,  0 | TrAcc: 0.1628, TrLoss:  2.26470, VaAcc: 0.1016, VaLoss:  2.31867	 20 sampled NNs | VaAcc: 0.1016 +- 0.0000 | VaLoss: 2.3185 +- 0.0000
168,  0 | TrAcc: 0.1416, TrLoss:  2.24808, VaAcc: 0.1016, VaLoss:  2.31980	 20 sampled NNs | VaAcc: 0.1016 +- 0.0000 | VaLoss: 2.3196 +- 0.0000
169,  0 | TrAcc: 0.1420, TrLoss:  2.27422, VaAcc: 0.1016, VaLoss:  2.29534	 20 sampled NNs | VaAcc: 0.1016 +- 0.0000 | VaLoss: 2.2951 +- 0.0000
170,  0 | TrAcc: 0.1508, TrLoss:  2.25400, VaAcc: 0.1016, VaLoss:  2.34013	 20 sampled NNs | VaAcc: 0.1016 +- 0.0000 | VaLoss: 2.3399 +- 0.0000
171,  0 | TrAcc: 0.1589, TrLoss:  2.25380, VaAcc: 0.1016, VaLoss:  2.33419	 20 sampled NNs | VaAcc: 0.1016 +- 0.0000 | VaLoss: 2.3340 +- 0.0000
172,  0 | TrAcc: 0.1707, TrLoss:  2.24784, VaAcc: 0.1016, VaLoss:  2.35301	 20 sampled NNs | VaAcc: 0.1016 +- 0.0000 | VaLoss: 2.3528 +- 0.0000
173,  0 | TrAcc: 0.1669, TrLoss:  2.24350, VaAcc: 0.1016, VaLoss:  2.33819	 20 sampled NNs | VaAcc: 0.1016 +- 0.0000 | VaLoss: 2.3380 +- 0.0000
