

config:

HOME=/clusterFS/home/student/kopp13
PATH=/clusterFS/home/student/kopp13/miniconda3/envs/tensorflow/bin:/clusterFS/home/student/kopp13/miniconda3/bin:/clusterFS/home/student/kopp13/bin:/usr/local/bin:/usr/bin:/bin:/usr/local/games:/usr/games
LD_LIBRARY_PATH=
THEANO_FLAGS=floatX=float32,gpuarray.preallocate=0.9,dnn.library_path=/usr/lib/x86_64-linux-gnu,cxx=clang++-3.8,device=cuda,base_compiledir=/tmp/tmp.E8pCOf3TRj

=============================
CONFIG FILE

RNN CONFIG
{'data_multiplier': 1000,
 'gradient_clip_value': 0.5,
 'layer_configs': [{'layer_type': 'input'},
                   {'bc': {'init_m': 'xavier',
                           'init_v': -4.5,
                           'prior_m': 0.0,
                           'prior_v': 0.0,
                           'type': 'continuous'},
                    'bf': {'init_m': 'xavier',
                           'init_v': -4.5,
                           'prior_m': 0.0,
                           'prior_v': 0.0,
                           'type': 'continuous'},
                    'bi': {'init_m': 'xavier',
                           'init_v': -4.5,
                           'prior_m': 0.0,
                           'prior_v': 0.0,
                           'type': 'continuous'},
                    'bo': {'init_m': 'xavier',
                           'init_v': -4.5,
                           'prior_m': 0.0,
                           'prior_v': 0.0,
                           'type': 'continuous'},
                    'discrete_act': True,
                    'init_config': {'c': {'b': 'all_zero', 'w': 'xavier'},
                                    'f': {'b': 'all_one', 'w': 'all_zero'},
                                    'i': {'b': 'all_zero', 'w': 'xavier'},
                                    'o': {'b': 'all_zero', 'w': 'xavier'}},
                    'is_output': False,
                    'is_recurrent': True,
                    'layer_type': 'lstm',
                    'normalize_mean': False,
                    'tau': 0.8,
                    'var_scope': 'lstm_0',
                    'wc': {'p0max': 0.95,
                           'p0min': 0.05,
                           'pmax': 0.99,
                           'pmin': 0.01,
                           'priors': [0.1, 0.8, 0.1],
                           'type': 'ternary'},
                    'wf': {'p0max': 0.95,
                           'p0min': 0.05,
                           'pmax': 0.99,
                           'pmin': 0.01,
                           'priors': [0.1, 0.8, 0.1],
                           'type': 'ternary'},
                    'wi': {'p0max': 0.95,
                           'p0min': 0.05,
                           'pmax': 0.99,
                           'pmin': 0.01,
                           'priors': [0.1, 0.8, 0.1],
                           'type': 'ternary'},
                    'wo': {'p0max': 0.95,
                           'p0min': 0.05,
                           'pmax': 0.99,
                           'pmin': 0.01,
                           'priors': [0.1, 0.8, 0.1],
                           'type': 'ternary'}},
                   {'bc': {'init_m': 'xavier',
                           'init_v': -4.5,
                           'prior_m': 0.0,
                           'prior_v': 0.0,
                           'type': 'continuous'},
                    'bf': {'init_m': 'xavier',
                           'init_v': -4.5,
                           'prior_m': 0.0,
                           'prior_v': 0.0,
                           'type': 'continuous'},
                    'bi': {'init_m': 'xavier',
                           'init_v': -4.5,
                           'prior_m': 0.0,
                           'prior_v': 0.0,
                           'type': 'continuous'},
                    'bo': {'init_m': 'xavier',
                           'init_v': -4.5,
                           'prior_m': 0.0,
                           'prior_v': 0.0,
                           'type': 'continuous'},
                    'discrete_act': True,
                    'init_config': {'c': {'b': 'all_zero', 'w': 'xavier'},
                                    'f': {'b': 'all_one', 'w': 'all_zero'},
                                    'i': {'b': 'all_zero', 'w': 'xavier'},
                                    'o': {'b': 'all_zero', 'w': 'xavier'}},
                    'is_output': False,
                    'is_recurrent': True,
                    'layer_type': 'lstm',
                    'normalize_mean': False,
                    'tau': 0.8,
                    'var_scope': 'lstm_1',
                    'wc': {'p0max': 0.95,
                           'p0min': 0.05,
                           'pmax': 0.99,
                           'pmin': 0.01,
                           'priors': [0.1, 0.8, 0.1],
                           'type': 'ternary'},
                    'wf': {'p0max': 0.95,
                           'p0min': 0.05,
                           'pmax': 0.99,
                           'pmin': 0.01,
                           'priors': [0.1, 0.8, 0.1],
                           'type': 'ternary'},
                    'wi': {'p0max': 0.95,
                           'p0min': 0.05,
                           'pmax': 0.99,
                           'pmin': 0.01,
                           'priors': [0.1, 0.8, 0.1],
                           'type': 'ternary'},
                    'wo': {'p0max': 0.95,
                           'p0min': 0.05,
                           'pmax': 0.99,
                           'pmin': 0.01,
                           'priors': [0.1, 0.8, 0.1],
                           'type': 'ternary'}},
                   {'b': {'init_m': 'xavier',
                          'init_v': -4.5,
                          'prior_m': 0.0,
                          'prior_v': 0.0,
                          'type': 'continuous'},
                    'is_output': True,
                    'is_recurrent': False,
                    'layer_type': 'fc',
                    'regularization': {'mode': None, 'strength': 0.02},
                    'tau': 0.8,
                    'var_scope': 'output_layer',
                    'w': {'p0max': 0.95,
                          'p0min': 0.05,
                          'pmax': 0.99,
                          'pmin': 0.01,
                          'priors': [0.1, 0.8, 0.1],
                          'type': 'ternary'}}],
 'layout': [4, 60, 60, 10],
 'output_type': 'classification'}

DATA CONFIG
{'dataset': 'red_penstroke',
 'tr': {'in_seq_len': 30,
        'minibatch_enabled': True,
        'minibatch_size': 200,
        'out_seq_len': 5,
        'zero_padding': 20},
 'va': {'in_seq_len': 30,
        'minibatch_enabled': True,
        'minibatch_size': 200,
        'out_seq_len': 5,
        'zero_padding': 20}}

TRAINING CONFIG
{'beta_reg': 0.0,
 'ent_reg': 0.0,
 'is_pretrain': False,
 'learning_rate': 0.001,
 'mode': {'max_epochs': 500, 'min_error': 0.0, 'name': 'classic'},
 'task_id': 1,
 'type': 'l_sampling',
 'var_reg': 0.0}
==============================


  0,  0 | TrAcc: 0.0977, TrLoss:  6.86741, VaAcc: 0.0981, VaLoss:  6.88836	 20 sampled NNs | VaAcc: 0.0969 +- 0.0113 | VaLoss: 3.1221 +- 0.1178
  1,  0 | TrAcc: 0.1030, TrLoss:  5.34376, VaAcc: 0.0993, VaLoss:  5.44099	 20 sampled NNs | VaAcc: 0.0974 +- 0.0131 | VaLoss: 2.9017 +- 0.0887
  2,  0 | TrAcc: 0.1098, TrLoss:  4.30464, VaAcc: 0.1026, VaLoss:  4.42997	 20 sampled NNs | VaAcc: 0.0993 +- 0.0115 | VaLoss: 2.6973 +- 0.0643
  3,  0 | TrAcc: 0.1120, TrLoss:  3.59711, VaAcc: 0.1042, VaLoss:  3.70669	 20 sampled NNs | VaAcc: 0.1007 +- 0.0124 | VaLoss: 2.5538 +- 0.0654
  4,  0 | TrAcc: 0.1137, TrLoss:  3.14387, VaAcc: 0.1044, VaLoss:  3.25101	 20 sampled NNs | VaAcc: 0.0993 +- 0.0111 | VaLoss: 2.4577 +- 0.0645
  5,  0 | TrAcc: 0.1211, TrLoss:  2.86772, VaAcc: 0.1016, VaLoss:  2.99901	 20 sampled NNs | VaAcc: 0.0961 +- 0.0104 | VaLoss: 2.4507 +- 0.0324
  6,  0 | TrAcc: 0.1150, TrLoss:  2.70799, VaAcc: 0.1077, VaLoss:  2.74674	 20 sampled NNs | VaAcc: 0.1048 +- 0.0130 | VaLoss: 2.3623 +- 0.0308
  7,  0 | TrAcc: 0.1155, TrLoss:  2.56924, VaAcc: 0.1073, VaLoss:  2.60141	 20 sampled NNs | VaAcc: 0.1016 +- 0.0096 | VaLoss: 2.3315 +- 0.0219
  8,  0 | TrAcc: 0.1163, TrLoss:  2.47873, VaAcc: 0.1021, VaLoss:  2.52671	 20 sampled NNs | VaAcc: 0.1006 +- 0.0123 | VaLoss: 2.3343 +- 0.0270
  9,  0 | TrAcc: 0.1153, TrLoss:  2.42084, VaAcc: 0.1049, VaLoss:  2.45308	 20 sampled NNs | VaAcc: 0.1012 +- 0.0090 | VaLoss: 2.3232 +- 0.0222
 10,  0 | TrAcc: 0.1253, TrLoss:  2.34533, VaAcc: 0.1050, VaLoss:  2.41882	 20 sampled NNs | VaAcc: 0.0835 +- 0.0083 | VaLoss: 2.3204 +- 0.0144
 11,  0 | TrAcc: 0.1419, TrLoss:  2.34105, VaAcc: 0.0962, VaLoss:  2.41732	 20 sampled NNs | VaAcc: 0.0987 +- 0.0073 | VaLoss: 2.3455 +- 0.0120
 12,  0 | TrAcc: 0.1250, TrLoss:  2.32133, VaAcc: 0.1026, VaLoss:  2.35924	 20 sampled NNs | VaAcc: 0.0985 +- 0.0051 | VaLoss: 2.3030 +- 0.0107
 13,  0 | TrAcc: 0.1401, TrLoss:  2.28348, VaAcc: 0.0960, VaLoss:  2.35767	 20 sampled NNs | VaAcc: 0.0994 +- 0.0070 | VaLoss: 2.3218 +- 0.0103
 14,  0 | TrAcc: 0.1299, TrLoss:  2.29236, VaAcc: 0.0992, VaLoss:  2.33390	 20 sampled NNs | VaAcc: 0.0986 +- 0.0045 | VaLoss: 2.3041 +- 0.0076
 15,  0 | TrAcc: 0.1227, TrLoss:  2.28480, VaAcc: 0.1027, VaLoss:  2.30749	 20 sampled NNs | VaAcc: 0.0796 +- 0.0055 | VaLoss: 2.2830 +- 0.0042
 16,  0 | TrAcc: 0.1273, TrLoss:  2.28207, VaAcc: 0.1003, VaLoss:  2.30999	 20 sampled NNs | VaAcc: 0.0967 +- 0.0010 | VaLoss: 2.2912 +- 0.0016
 17,  0 | TrAcc: 0.1542, TrLoss:  2.25029, VaAcc: 0.0924, VaLoss:  2.33260	 20 sampled NNs | VaAcc: 0.0970 +- 0.0003 | VaLoss: 2.3224 +- 0.0148
 18,  0 | TrAcc: 0.1452, TrLoss:  2.26702, VaAcc: 0.1041, VaLoss:  2.30256	 20 sampled NNs | VaAcc: 0.0992 +- 0.0071 | VaLoss: 2.2929 +- 0.0058
 19,  0 | TrAcc: 0.1508, TrLoss:  2.24635, VaAcc: 0.0935, VaLoss:  2.30789	 20 sampled NNs | VaAcc: 0.0970 +- 0.0000 | VaLoss: 2.3000 +- 0.0015
 20,  0 | TrAcc: 0.1566, TrLoss:  2.26542, VaAcc: 0.0970, VaLoss:  2.31955	 20 sampled NNs | VaAcc: 0.0965 +- 0.0031 | VaLoss: 2.3154 +- 0.0056
 21,  0 | TrAcc: 0.1387, TrLoss:  2.26114, VaAcc: 0.1011, VaLoss:  2.29472	 20 sampled NNs | VaAcc: 0.0970 +- 0.0000 | VaLoss: 2.2907 +- 0.0048
 22,  0 | TrAcc: 0.1524, TrLoss:  2.27137, VaAcc: 0.0995, VaLoss:  2.30533	 20 sampled NNs | VaAcc: 0.0975 +- 0.0023 | VaLoss: 2.3005 +- 0.0007
 23,  0 | TrAcc: 0.1610, TrLoss:  2.25876, VaAcc: 0.0969, VaLoss:  2.31706	 20 sampled NNs | VaAcc: 0.0976 +- 0.0017 | VaLoss: 2.3148 +- 0.0039
 24,  0 | TrAcc: 0.1534, TrLoss:  2.24423, VaAcc: 0.0820, VaLoss:  2.33065	 20 sampled NNs | VaAcc: 0.0789 +- 0.0046 | VaLoss: 2.3301 +- 0.0060
 25,  0 | TrAcc: 0.1907, TrLoss:  2.23065, VaAcc: 0.0970, VaLoss:  2.32534	 20 sampled NNs | VaAcc: 0.0970 +- 0.0000 | VaLoss: 2.3234 +- 0.0014
 26,  0 | TrAcc: 0.1624, TrLoss:  2.24571, VaAcc: 0.0970, VaLoss:  2.32265	 20 sampled NNs | VaAcc: 0.0967 +- 0.0012 | VaLoss: 2.3217 +- 0.0032
 27,  0 | TrAcc: 0.1299, TrLoss:  2.25881, VaAcc: 0.0784, VaLoss:  2.31118	 20 sampled NNs | VaAcc: 0.0778 +- 0.0000 | VaLoss: 2.3100 +- 0.0001
 28,  0 | TrAcc: 0.1240, TrLoss:  2.26380, VaAcc: 0.0909, VaLoss:  2.28877	 20 sampled NNs | VaAcc: 0.0787 +- 0.0051 | VaLoss: 2.2903 +- 0.0128
 29,  0 | TrAcc: 0.1519, TrLoss:  2.25285, VaAcc: 0.0967, VaLoss:  2.31952	 20 sampled NNs | VaAcc: 0.0970 +- 0.0000 | VaLoss: 2.3186 +- 0.0001
 30,  0 | TrAcc: 0.1431, TrLoss:  2.25924, VaAcc: 0.0974, VaLoss:  2.28919	 20 sampled NNs | VaAcc: 0.0970 +- 0.0000 | VaLoss: 2.2882 +- 0.0001
 31,  0 | TrAcc: 0.1613, TrLoss:  2.25487, VaAcc: 0.0970, VaLoss:  2.32082	 20 sampled NNs | VaAcc: 0.0970 +- 0.0000 | VaLoss: 2.3200 +- 0.0001
 32,  0 | TrAcc: 0.1280, TrLoss:  2.26166, VaAcc: 0.0826, VaLoss:  2.30229	 20 sampled NNs | VaAcc: 0.0784 +- 0.0026 | VaLoss: 2.3016 +- 0.0013
 33,  0 | TrAcc: 0.1657, TrLoss:  2.24856, VaAcc: 0.0970, VaLoss:  2.30247	 20 sampled NNs | VaAcc: 0.0971 +- 0.0004 | VaLoss: 2.3019 +- 0.0007
 34,  0 | TrAcc: 0.1704, TrLoss:  2.23855, VaAcc: 0.0970, VaLoss:  2.32998	 20 sampled NNs | VaAcc: 0.0970 +- 0.0000 | VaLoss: 2.3294 +- 0.0001
 35,  0 | TrAcc: 0.1388, TrLoss:  2.27480, VaAcc: 0.0970, VaLoss:  2.28003	 20 sampled NNs | VaAcc: 0.0970 +- 0.0000 | VaLoss: 2.2794 +- 0.0000
 36,  0 | TrAcc: 0.1511, TrLoss:  2.25277, VaAcc: 0.1093, VaLoss:  2.28490	 20 sampled NNs | VaAcc: 0.0970 +- 0.0000 | VaLoss: 2.2844 +- 0.0000
 37,  0 | TrAcc: 0.1576, TrLoss:  2.25363, VaAcc: 0.0970, VaLoss:  2.31843	 20 sampled NNs | VaAcc: 0.0970 +- 0.0000 | VaLoss: 2.3180 +- 0.0001
 38,  0 | TrAcc: 0.1331, TrLoss:  2.27606, VaAcc: 0.0977, VaLoss:  2.29589	 20 sampled NNs | VaAcc: 0.0970 +- 0.0000 | VaLoss: 2.2953 +- 0.0001
 39,  0 | TrAcc: 0.1676, TrLoss:  2.25610, VaAcc: 0.0975, VaLoss:  2.28785	 20 sampled NNs | VaAcc: 0.0970 +- 0.0000 | VaLoss: 2.2874 +- 0.0000
 40,  0 | TrAcc: 0.1594, TrLoss:  2.26466, VaAcc: 0.0970, VaLoss:  2.30894	 20 sampled NNs | VaAcc: 0.0970 +- 0.0000 | VaLoss: 2.3085 +- 0.0000
 41,  0 | TrAcc: 0.1647, TrLoss:  2.25789, VaAcc: 0.0970, VaLoss:  2.30300	 20 sampled NNs | VaAcc: 0.0970 +- 0.0000 | VaLoss: 2.3026 +- 0.0000
 42,  0 | TrAcc: 0.1065, TrLoss:  2.27408, VaAcc: 0.1210, VaLoss:  2.28219	 20 sampled NNs | VaAcc: 0.1211 +- 0.0000 | VaLoss: 2.2818 +- 0.0000
 43,  0 | TrAcc: 0.1344, TrLoss:  2.25198, VaAcc: 0.0823, VaLoss:  2.30476	 20 sampled NNs | VaAcc: 0.0778 +- 0.0000 | VaLoss: 2.3044 +- 0.0000
 44,  0 | TrAcc: 0.1536, TrLoss:  2.25028, VaAcc: 0.0970, VaLoss:  2.33552	 20 sampled NNs | VaAcc: 0.0970 +- 0.0000 | VaLoss: 2.3352 +- 0.0000
 45,  0 | TrAcc: 0.1561, TrLoss:  2.24113, VaAcc: 0.0970, VaLoss:  2.29714	 20 sampled NNs | VaAcc: 0.0970 +- 0.0000 | VaLoss: 2.2968 +- 0.0000
 46,  0 | TrAcc: 0.1492, TrLoss:  2.27166, VaAcc: 0.0778, VaLoss:  2.30515	 20 sampled NNs | VaAcc: 0.0778 +- 0.0000 | VaLoss: 2.3048 +- 0.0000
 47,  0 | TrAcc: 0.1333, TrLoss:  2.25181, VaAcc: 0.0968, VaLoss:  2.29051	 20 sampled NNs | VaAcc: 0.0970 +- 0.0000 | VaLoss: 2.2902 +- 0.0000
 48,  0 | TrAcc: 0.1774, TrLoss:  2.24330, VaAcc: 0.0970, VaLoss:  2.29287	 20 sampled NNs | VaAcc: 0.0970 +- 0.0000 | VaLoss: 2.2926 +- 0.0000
 49,  0 | TrAcc: 0.1717, TrLoss:  2.24268, VaAcc: 0.0970, VaLoss:  2.31044	 20 sampled NNs | VaAcc: 0.0970 +- 0.0000 | VaLoss: 2.3102 +- 0.0000
 50,  0 | TrAcc: 0.1521, TrLoss:  2.25263, VaAcc: 0.0950, VaLoss:  2.29313	 20 sampled NNs | VaAcc: 0.0970 +- 0.0000 | VaLoss: 2.2928 +- 0.0000
 51,  0 | TrAcc: 0.1551, TrLoss:  2.25144, VaAcc: 0.0970, VaLoss:  2.29307	 20 sampled NNs | VaAcc: 0.0970 +- 0.0000 | VaLoss: 2.2928 +- 0.0000
 52,  0 | TrAcc: 0.1530, TrLoss:  2.26217, VaAcc: 0.0970, VaLoss:  2.28452	 20 sampled NNs | VaAcc: 0.0970 +- 0.0000 | VaLoss: 2.2843 +- 0.0000
 53,  0 | TrAcc: 0.1576, TrLoss:  2.24854, VaAcc: 0.0970, VaLoss:  2.28585	 20 sampled NNs | VaAcc: 0.0970 +- 0.0000 | VaLoss: 2.2856 +- 0.0000
 54,  0 | TrAcc: 0.1549, TrLoss:  2.24451, VaAcc: 0.0970, VaLoss:  2.29718	 20 sampled NNs | VaAcc: 0.0970 +- 0.0000 | VaLoss: 2.2969 +- 0.0000
 55,  0 | TrAcc: 0.1452, TrLoss:  2.26570, VaAcc: 0.0970, VaLoss:  2.30313	 20 sampled NNs | VaAcc: 0.0970 +- 0.0000 | VaLoss: 2.3029 +- 0.0000
 56,  0 | TrAcc: 0.1658, TrLoss:  2.25056, VaAcc: 0.0970, VaLoss:  2.31864	 20 sampled NNs | VaAcc: 0.0970 +- 0.0000 | VaLoss: 2.3184 +- 0.0000
 57,  0 | TrAcc: 0.1487, TrLoss:  2.23922, VaAcc: 0.0778, VaLoss:  2.29983	 20 sampled NNs | VaAcc: 0.0778 +- 0.0000 | VaLoss: 2.2996 +- 0.0000
 58,  0 | TrAcc: 0.1727, TrLoss:  2.25261, VaAcc: 0.0970, VaLoss:  2.32405	 20 sampled NNs | VaAcc: 0.0970 +- 0.0000 | VaLoss: 2.3238 +- 0.0000
 59,  0 | TrAcc: 0.1269, TrLoss:  2.26644, VaAcc: 0.0800, VaLoss:  2.30516	 20 sampled NNs | VaAcc: 0.0778 +- 0.0000 | VaLoss: 2.3050 +- 0.0000
 60,  0 | TrAcc: 0.1720, TrLoss:  2.21989, VaAcc: 0.0970, VaLoss:  2.32172	 20 sampled NNs | VaAcc: 0.0970 +- 0.0000 | VaLoss: 2.3215 +- 0.0000
 61,  0 | TrAcc: 0.1556, TrLoss:  2.25065, VaAcc: 0.0970, VaLoss:  2.30166	 20 sampled NNs | VaAcc: 0.0970 +- 0.0000 | VaLoss: 2.3014 +- 0.0000
 62,  0 | TrAcc: 0.1428, TrLoss:  2.25443, VaAcc: 0.0778, VaLoss:  2.31120	 20 sampled NNs | VaAcc: 0.0778 +- 0.0000 | VaLoss: 2.3109 +- 0.0000
 63,  0 | TrAcc: 0.1726, TrLoss:  2.22485, VaAcc: 0.0970, VaLoss:  2.31397	 20 sampled NNs | VaAcc: 0.0970 +- 0.0000 | VaLoss: 2.3137 +- 0.0000
 64,  0 | TrAcc: 0.1544, TrLoss:  2.23750, VaAcc: 0.0970, VaLoss:  2.30496	 20 sampled NNs | VaAcc: 0.0970 +- 0.0000 | VaLoss: 2.3047 +- 0.0000
 65,  0 | TrAcc: 0.1611, TrLoss:  2.26372, VaAcc: 0.0970, VaLoss:  2.30223	 20 sampled NNs | VaAcc: 0.0970 +- 0.0000 | VaLoss: 2.3020 +- 0.0000
 66,  0 | TrAcc: 0.1540, TrLoss:  2.26185, VaAcc: 0.0970, VaLoss:  2.28537	 20 sampled NNs | VaAcc: 0.0970 +- 0.0000 | VaLoss: 2.2851 +- 0.0000
 67,  0 | TrAcc: 0.1436, TrLoss:  2.25076, VaAcc: 0.0993, VaLoss:  2.26994	 20 sampled NNs | VaAcc: 0.0970 +- 0.0000 | VaLoss: 2.2697 +- 0.0000
 68,  0 | TrAcc: 0.1611, TrLoss:  2.23843, VaAcc: 0.0970, VaLoss:  2.29323	 20 sampled NNs | VaAcc: 0.0970 +- 0.0000 | VaLoss: 2.2930 +- 0.0000
 69,  0 | TrAcc: 0.1500, TrLoss:  2.25521, VaAcc: 0.0970, VaLoss:  2.28856	 20 sampled NNs | VaAcc: 0.0970 +- 0.0000 | VaLoss: 2.2883 +- 0.0000
 70,  0 | TrAcc: 0.1387, TrLoss:  2.25787, VaAcc: 0.1134, VaLoss:  2.27953	 20 sampled NNs | VaAcc: 0.1134 +- 0.0000 | VaLoss: 2.2793 +- 0.0000
 71,  0 | TrAcc: 0.1527, TrLoss:  2.22393, VaAcc: 0.0970, VaLoss:  2.30050	 20 sampled NNs | VaAcc: 0.0970 +- 0.0000 | VaLoss: 2.3003 +- 0.0000
 72,  0 | TrAcc: 0.1462, TrLoss:  2.26219, VaAcc: 0.0970, VaLoss:  2.28945	 20 sampled NNs | VaAcc: 0.0970 +- 0.0000 | VaLoss: 2.2892 +- 0.0000
 73,  0 | TrAcc: 0.1567, TrLoss:  2.25989, VaAcc: 0.0970, VaLoss:  2.31099	 20 sampled NNs | VaAcc: 0.0970 +- 0.0000 | VaLoss: 2.3107 +- 0.0000
 74,  0 | TrAcc: 0.1658, TrLoss:  2.25382, VaAcc: 0.0970, VaLoss:  2.30283	 20 sampled NNs | VaAcc: 0.0970 +- 0.0000 | VaLoss: 2.3026 +- 0.0000
 75,  0 | TrAcc: 0.1601, TrLoss:  2.23339, VaAcc: 0.0970, VaLoss:  2.29474	 20 sampled NNs | VaAcc: 0.0970 +- 0.0000 | VaLoss: 2.2946 +- 0.0000
 76,  0 | TrAcc: 0.1609, TrLoss:  2.25557, VaAcc: 0.0970, VaLoss:  2.28060	 20 sampled NNs | VaAcc: 0.0970 +- 0.0000 | VaLoss: 2.2804 +- 0.0000
 77,  0 | TrAcc: 0.1636, TrLoss:  2.25902, VaAcc: 0.0970, VaLoss:  2.29208	 20 sampled NNs | VaAcc: 0.0970 +- 0.0000 | VaLoss: 2.2919 +- 0.0000
 78,  0 | TrAcc: 0.1416, TrLoss:  2.24999, VaAcc: 0.0970, VaLoss:  2.30574	 20 sampled NNs | VaAcc: 0.0970 +- 0.0000 | VaLoss: 2.3055 +- 0.0000
 79,  0 | TrAcc: 0.1567, TrLoss:  2.24328, VaAcc: 0.0970, VaLoss:  2.30820	 20 sampled NNs | VaAcc: 0.0970 +- 0.0000 | VaLoss: 2.3080 +- 0.0000
 80,  0 | TrAcc: 0.1624, TrLoss:  2.23996, VaAcc: 0.0778, VaLoss:  2.33780	 20 sampled NNs | VaAcc: 0.0778 +- 0.0000 | VaLoss: 2.3376 +- 0.0000
 81,  0 | TrAcc: 0.1410, TrLoss:  2.26328, VaAcc: 0.0970, VaLoss:  2.29887	 20 sampled NNs | VaAcc: 0.0970 +- 0.0000 | VaLoss: 2.2987 +- 0.0000
 82,  0 | TrAcc: 0.1362, TrLoss:  2.26811, VaAcc: 0.0778, VaLoss:  2.29045	 20 sampled NNs | VaAcc: 0.0778 +- 0.0000 | VaLoss: 2.2902 +- 0.0000
 83,  0 | TrAcc: 0.1513, TrLoss:  2.26699, VaAcc: 0.0970, VaLoss:  2.30437	 20 sampled NNs | VaAcc: 0.0970 +- 0.0000 | VaLoss: 2.3042 +- 0.0000
 84,  0 | TrAcc: 0.1154, TrLoss:  2.25476, VaAcc: 0.1134, VaLoss:  2.29726	 20 sampled NNs | VaAcc: 0.1134 +- 0.0000 | VaLoss: 2.2971 +- 0.0000
 85,  0 | TrAcc: 0.1554, TrLoss:  2.25464, VaAcc: 0.0970, VaLoss:  2.33241	 20 sampled NNs | VaAcc: 0.0970 +- 0.0000 | VaLoss: 2.3322 +- 0.0000
 86,  0 | TrAcc: 0.1553, TrLoss:  2.26562, VaAcc: 0.0970, VaLoss:  2.27995	 20 sampled NNs | VaAcc: 0.0970 +- 0.0000 | VaLoss: 2.2798 +- 0.0000
 87,  0 | TrAcc: 0.1660, TrLoss:  2.25409, VaAcc: 0.0970, VaLoss:  2.31259	 20 sampled NNs | VaAcc: 0.0970 +- 0.0000 | VaLoss: 2.3124 +- 0.0000
 88,  0 | TrAcc: 0.1601, TrLoss:  2.24611, VaAcc: 0.0970, VaLoss:  2.28777	 20 sampled NNs | VaAcc: 0.0970 +- 0.0000 | VaLoss: 2.2875 +- 0.0000
 89,  0 | TrAcc: 0.1513, TrLoss:  2.24338, VaAcc: 0.0970, VaLoss:  2.30179	 20 sampled NNs | VaAcc: 0.0970 +- 0.0000 | VaLoss: 2.3016 +- 0.0000
 90,  0 | TrAcc: 0.1606, TrLoss:  2.22830, VaAcc: 0.0970, VaLoss:  2.30415	 20 sampled NNs | VaAcc: 0.0970 +- 0.0000 | VaLoss: 2.3039 +- 0.0000
 91,  0 | TrAcc: 0.1637, TrLoss:  2.25292, VaAcc: 0.0970, VaLoss:  2.29724	 20 sampled NNs | VaAcc: 0.0970 +- 0.0000 | VaLoss: 2.2971 +- 0.0000
 92,  0 | TrAcc: 0.1857, TrLoss:  2.23471, VaAcc: 0.0970, VaLoss:  2.30234	 20 sampled NNs | VaAcc: 0.0970 +- 0.0000 | VaLoss: 2.3021 +- 0.0000
 93,  0 | TrAcc: 0.1489, TrLoss:  2.26461, VaAcc: 0.0970, VaLoss:  2.29141	 20 sampled NNs | VaAcc: 0.0970 +- 0.0000 | VaLoss: 2.2912 +- 0.0000
 94,  0 | TrAcc: 0.1471, TrLoss:  2.25766, VaAcc: 0.0970, VaLoss:  2.28207	 20 sampled NNs | VaAcc: 0.0970 +- 0.0000 | VaLoss: 2.2818 +- 0.0000
 95,  0 | TrAcc: 0.1462, TrLoss:  2.25615, VaAcc: 0.0970, VaLoss:  2.27501	 20 sampled NNs | VaAcc: 0.0970 +- 0.0000 | VaLoss: 2.2748 +- 0.0000
 96,  0 | TrAcc: 0.1525, TrLoss:  2.26542, VaAcc: 0.0970, VaLoss:  2.29456	 20 sampled NNs | VaAcc: 0.0970 +- 0.0000 | VaLoss: 2.2944 +- 0.0000
 97,  0 | TrAcc: 0.1645, TrLoss:  2.24787, VaAcc: 0.0970, VaLoss:  2.32122	 20 sampled NNs | VaAcc: 0.0970 +- 0.0000 | VaLoss: 2.3210 +- 0.0000
 98,  0 | TrAcc: 0.1817, TrLoss:  2.22554, VaAcc: 0.0970, VaLoss:  2.30116	 20 sampled NNs | VaAcc: 0.0970 +- 0.0000 | VaLoss: 2.3010 +- 0.0000
 99,  0 | TrAcc: 0.1564, TrLoss:  2.24253, VaAcc: 0.0970, VaLoss:  2.31776	 20 sampled NNs | VaAcc: 0.0970 +- 0.0000 | VaLoss: 2.3175 +- 0.0000
100,  0 | TrAcc: 0.1695, TrLoss:  2.23820, VaAcc: 0.0970, VaLoss:  2.29210	 20 sampled NNs | VaAcc: 0.0970 +- 0.0000 | VaLoss: 2.2919 +- 0.0000
101,  0 | TrAcc: 0.1487, TrLoss:  2.26236, VaAcc: 0.0970, VaLoss:  2.30008	 20 sampled NNs | VaAcc: 0.0970 +- 0.0000 | VaLoss: 2.2999 +- 0.0000
102,  0 | TrAcc: 0.1461, TrLoss:  2.25942, VaAcc: 0.0970, VaLoss:  2.29486	 20 sampled NNs | VaAcc: 0.0970 +- 0.0000 | VaLoss: 2.2947 +- 0.0000
103,  0 | TrAcc: 0.1698, TrLoss:  2.24138, VaAcc: 0.0970, VaLoss:  2.28972	 20 sampled NNs | VaAcc: 0.0970 +- 0.0000 | VaLoss: 2.2895 +- 0.0000
104,  0 | TrAcc: 0.1322, TrLoss:  2.25867, VaAcc: 0.0778, VaLoss:  2.29674	 20 sampled NNs | VaAcc: 0.0778 +- 0.0000 | VaLoss: 2.2965 +- 0.0000
105,  0 | TrAcc: 0.1554, TrLoss:  2.27074, VaAcc: 0.0970, VaLoss:  2.27830	 20 sampled NNs | VaAcc: 0.0970 +- 0.0000 | VaLoss: 2.2781 +- 0.0000
106,  0 | TrAcc: 0.1616, TrLoss:  2.26350, VaAcc: 0.0970, VaLoss:  2.30539	 20 sampled NNs | VaAcc: 0.0970 +- 0.0000 | VaLoss: 2.3052 +- 0.0000
107,  0 | TrAcc: 0.1590, TrLoss:  2.25494, VaAcc: 0.0970, VaLoss:  2.28998	 20 sampled NNs | VaAcc: 0.0970 +- 0.0000 | VaLoss: 2.2898 +- 0.0000
108,  0 | TrAcc: 0.1360, TrLoss:  2.24013, VaAcc: 0.0778, VaLoss:  2.30361	 20 sampled NNs | VaAcc: 0.0778 +- 0.0000 | VaLoss: 2.3034 +- 0.0000
109,  0 | TrAcc: 0.1538, TrLoss:  2.25948, VaAcc: 0.0970, VaLoss:  2.29953	 20 sampled NNs | VaAcc: 0.0970 +- 0.0000 | VaLoss: 2.2993 +- 0.0000
110,  0 | TrAcc: 0.1475, TrLoss:  2.25917, VaAcc: 0.0970, VaLoss:  2.30373	 20 sampled NNs | VaAcc: 0.0970 +- 0.0000 | VaLoss: 2.3035 +- 0.0000
111,  0 | TrAcc: 0.1739, TrLoss:  2.23183, VaAcc: 0.0970, VaLoss:  2.30923	 20 sampled NNs | VaAcc: 0.0970 +- 0.0000 | VaLoss: 2.3090 +- 0.0000
112,  0 | TrAcc: 0.1592, TrLoss:  2.26307, VaAcc: 0.0970, VaLoss:  2.29257	 20 sampled NNs | VaAcc: 0.0970 +- 0.0000 | VaLoss: 2.2924 +- 0.0000
113,  0 | TrAcc: 0.1394, TrLoss:      nan, VaAcc: 0.0778, VaLoss:      nan	 20 sampled NNs | VaAcc: 0.0778 +- 0.0000 | VaLoss: 2.2985 +- 0.0000
114,  0 | TrAcc: 0.1467, TrLoss:  2.25622, VaAcc: 0.0970, VaLoss:  2.29288	 20 sampled NNs | VaAcc: 0.0970 +- 0.0000 | VaLoss: 2.2927 +- 0.0000
115,  0 | TrAcc: 0.1947, TrLoss:  2.22133, VaAcc: 0.0970, VaLoss:  2.33236	 20 sampled NNs | VaAcc: 0.0970 +- 0.0000 | VaLoss: 2.3322 +- 0.0000
116,  0 | TrAcc: 0.1453, TrLoss:  2.25261, VaAcc: 0.0940, VaLoss:  2.29119	 20 sampled NNs | VaAcc: 0.0970 +- 0.0000 | VaLoss: 2.2910 +- 0.0000
117,  0 | TrAcc: 0.1313, TrLoss:  2.26861, VaAcc: 0.0778, VaLoss:  2.29511	 20 sampled NNs | VaAcc: 0.0778 +- 0.0000 | VaLoss: 2.2949 +- 0.0000
118,  0 | TrAcc: 0.1592, TrLoss:  2.24813, VaAcc: 0.0970, VaLoss:  2.28976	 20 sampled NNs | VaAcc: 0.0970 +- 0.0000 | VaLoss: 2.2896 +- 0.0000
119,  0 | TrAcc: 0.1545, TrLoss:  2.25718, VaAcc: 0.0970, VaLoss:  2.28569	 20 sampled NNs | VaAcc: 0.0970 +- 0.0000 | VaLoss: 2.2855 +- 0.0000
120,  0 | TrAcc: 0.1639, TrLoss:  2.23810, VaAcc: 0.0970, VaLoss:  2.28440	 20 sampled NNs | VaAcc: 0.0970 +- 0.0000 | VaLoss: 2.2842 +- 0.0000
121,  0 | TrAcc: 0.1401, TrLoss:  2.25285, VaAcc: 0.0970, VaLoss:  2.28767	 20 sampled NNs | VaAcc: 0.0970 +- 0.0000 | VaLoss: 2.2875 +- 0.0000
122,  0 | TrAcc: 0.1620, TrLoss:  2.23412, VaAcc: 0.0970, VaLoss:  2.30853	 20 sampled NNs | VaAcc: 0.0970 +- 0.0000 | VaLoss: 2.3083 +- 0.0000
123,  0 | TrAcc: 0.1764, TrLoss:  2.24083, VaAcc: 0.0970, VaLoss:  2.30947	 20 sampled NNs | VaAcc: 0.0970 +- 0.0000 | VaLoss: 2.3093 +- 0.0000
124,  0 | TrAcc: 0.1653, TrLoss:  2.25170, VaAcc: 0.0970, VaLoss:  2.30431	 20 sampled NNs | VaAcc: 0.0970 +- 0.0000 | VaLoss: 2.3041 +- 0.0000
125,  0 | TrAcc: 0.1602, TrLoss:  2.24425, VaAcc: 0.0970, VaLoss:  2.31539	 20 sampled NNs | VaAcc: 0.0970 +- 0.0000 | VaLoss: 2.3152 +- 0.0000
126,  0 | TrAcc: 0.1610, TrLoss:  2.23074, VaAcc: 0.0778, VaLoss:  2.32158	 20 sampled NNs | VaAcc: 0.0778 +- 0.0000 | VaLoss: 2.3214 +- 0.0000
127,  0 | TrAcc: 0.1374, TrLoss:  2.25813, VaAcc: 0.0970, VaLoss:  2.29955	 20 sampled NNs | VaAcc: 0.0970 +- 0.0000 | VaLoss: 2.2994 +- 0.0000
128,  0 | TrAcc: 0.1505, TrLoss:  2.25212, VaAcc: 0.0970, VaLoss:  2.32420	 20 sampled NNs | VaAcc: 0.0970 +- 0.0000 | VaLoss: 2.3240 +- 0.0000
129,  0 | TrAcc: 0.1618, TrLoss:  2.24871, VaAcc: 0.0970, VaLoss:  2.30254	 20 sampled NNs | VaAcc: 0.0970 +- 0.0000 | VaLoss: 2.3023 +- 0.0000
130,  0 | TrAcc: 0.1572, TrLoss:  2.25900, VaAcc: 0.0970, VaLoss:  2.30524	 20 sampled NNs | VaAcc: 0.0970 +- 0.0000 | VaLoss: 2.3051 +- 0.0000
131,  0 | TrAcc: 0.1376, TrLoss:  2.26506, VaAcc: 0.0970, VaLoss:  2.28990	 20 sampled NNs | VaAcc: 0.0970 +- 0.0000 | VaLoss: 2.2897 +- 0.0000
132,  0 | TrAcc: 0.1508, TrLoss:  2.23069, VaAcc: 0.0778, VaLoss:  2.32641	 20 sampled NNs | VaAcc: 0.0778 +- 0.0000 | VaLoss: 2.3262 +- 0.0000
133,  0 | TrAcc: 0.1494, TrLoss:  2.24339, VaAcc: 0.0970, VaLoss:  2.28885	 20 sampled NNs | VaAcc: 0.0970 +- 0.0000 | VaLoss: 2.2887 +- 0.0000
134,  0 | TrAcc: 0.1628, TrLoss:  2.25889, VaAcc: 0.0970, VaLoss:  2.32034	 20 sampled NNs | VaAcc: 0.0970 +- 0.0000 | VaLoss: 2.3201 +- 0.0000
135,  0 | TrAcc: 0.1737, TrLoss:  2.25108, VaAcc: 0.0970, VaLoss:  2.32359	 20 sampled NNs | VaAcc: 0.0970 +- 0.0000 | VaLoss: 2.3234 +- 0.0000
136,  0 | TrAcc: 0.1776, TrLoss:  2.24556, VaAcc: 0.0970, VaLoss:  2.30574	 20 sampled NNs | VaAcc: 0.0970 +- 0.0000 | VaLoss: 2.3055 +- 0.0000
