

config:

HOME=/clusterFS/home/student/kopp13
PATH=/clusterFS/home/student/kopp13/miniconda3/envs/tensorflow/bin:/clusterFS/home/student/kopp13/miniconda3/bin:/clusterFS/home/student/kopp13/bin:/usr/local/bin:/usr/bin:/bin:/usr/local/games:/usr/games
LD_LIBRARY_PATH=
THEANO_FLAGS=floatX=float32,gpuarray.preallocate=0.9,dnn.library_path=/usr/lib/x86_64-linux-gnu,cxx=clang++-3.8,device=cuda,base_compiledir=/tmp/tmp.lgDoiNQrHi

=============================
CONFIG FILE

RNN CONFIG
{'data_multiplier': 1000,
 'gradient_clip_value': 0.5,
 'layer_configs': [{'layer_type': 'input'},
                   {'bc': {'init_m': 'xavier',
                           'init_v': -4.5,
                           'prior_m': 0.0,
                           'prior_v': 0.0,
                           'type': 'continuous'},
                    'bf': {'init_m': 'xavier',
                           'init_v': -4.5,
                           'prior_m': 0.0,
                           'prior_v': 0.0,
                           'type': 'continuous'},
                    'bi': {'init_m': 'xavier',
                           'init_v': -4.5,
                           'prior_m': 0.0,
                           'prior_v': 0.0,
                           'type': 'continuous'},
                    'bo': {'init_m': 'xavier',
                           'init_v': -4.5,
                           'prior_m': 0.0,
                           'prior_v': 0.0,
                           'type': 'continuous'},
                    'discrete_act': True,
                    'init_config': {'c': {'b': 'all_zero', 'w': 'xavier'},
                                    'f': {'b': 'all_one', 'w': 'all_zero'},
                                    'i': {'b': 'all_zero', 'w': 'xavier'},
                                    'o': {'b': 'all_zero', 'w': 'xavier'}},
                    'is_output': False,
                    'is_recurrent': True,
                    'layer_type': 'lstm',
                    'normalize_mean': True,
                    'tau': 0.8,
                    'var_scope': 'lstm_0',
                    'wc': {'p0max': 0.95,
                           'p0min': 0.05,
                           'pmax': 0.99,
                           'pmin': 0.01,
                           'priors': [0.1, 0.8, 0.1],
                           'type': 'ternary'},
                    'wf': {'p0max': 0.95,
                           'p0min': 0.05,
                           'pmax': 0.99,
                           'pmin': 0.01,
                           'priors': [0.1, 0.8, 0.1],
                           'type': 'ternary'},
                    'wi': {'p0max': 0.95,
                           'p0min': 0.05,
                           'pmax': 0.99,
                           'pmin': 0.01,
                           'priors': [0.1, 0.8, 0.1],
                           'type': 'ternary'},
                    'wo': {'p0max': 0.95,
                           'p0min': 0.05,
                           'pmax': 0.99,
                           'pmin': 0.01,
                           'priors': [0.1, 0.8, 0.1],
                           'type': 'ternary'}},
                   {'bc': {'init_m': 'xavier',
                           'init_v': -4.5,
                           'prior_m': 0.0,
                           'prior_v': 0.0,
                           'type': 'continuous'},
                    'bf': {'init_m': 'xavier',
                           'init_v': -4.5,
                           'prior_m': 0.0,
                           'prior_v': 0.0,
                           'type': 'continuous'},
                    'bi': {'init_m': 'xavier',
                           'init_v': -4.5,
                           'prior_m': 0.0,
                           'prior_v': 0.0,
                           'type': 'continuous'},
                    'bo': {'init_m': 'xavier',
                           'init_v': -4.5,
                           'prior_m': 0.0,
                           'prior_v': 0.0,
                           'type': 'continuous'},
                    'discrete_act': True,
                    'init_config': {'c': {'b': 'all_zero', 'w': 'xavier'},
                                    'f': {'b': 'all_one', 'w': 'all_zero'},
                                    'i': {'b': 'all_zero', 'w': 'xavier'},
                                    'o': {'b': 'all_zero', 'w': 'xavier'}},
                    'is_output': False,
                    'is_recurrent': True,
                    'layer_type': 'lstm',
                    'normalize_mean': True,
                    'tau': 0.8,
                    'var_scope': 'lstm_1',
                    'wc': {'p0max': 0.95,
                           'p0min': 0.05,
                           'pmax': 0.99,
                           'pmin': 0.01,
                           'priors': [0.1, 0.8, 0.1],
                           'type': 'ternary'},
                    'wf': {'p0max': 0.95,
                           'p0min': 0.05,
                           'pmax': 0.99,
                           'pmin': 0.01,
                           'priors': [0.1, 0.8, 0.1],
                           'type': 'ternary'},
                    'wi': {'p0max': 0.95,
                           'p0min': 0.05,
                           'pmax': 0.99,
                           'pmin': 0.01,
                           'priors': [0.1, 0.8, 0.1],
                           'type': 'ternary'},
                    'wo': {'p0max': 0.95,
                           'p0min': 0.05,
                           'pmax': 0.99,
                           'pmin': 0.01,
                           'priors': [0.1, 0.8, 0.1],
                           'type': 'ternary'}},
                   {'b': {'init_m': 'xavier',
                          'init_v': -4.5,
                          'prior_m': 0.0,
                          'prior_v': 0.0,
                          'type': 'continuous'},
                    'is_output': True,
                    'is_recurrent': False,
                    'layer_type': 'fc',
                    'regularization': {'mode': None, 'strength': 0.02},
                    'tau': 0.8,
                    'var_scope': 'output_layer',
                    'w': {'p0max': 0.95,
                          'p0min': 0.05,
                          'pmax': 0.99,
                          'pmin': 0.01,
                          'priors': [0.1, 0.8, 0.1],
                          'type': 'ternary'}}],
 'layout': [4, 60, 60, 10],
 'output_type': 'classification'}

DATA CONFIG
{'dataset': 'red_penstroke',
 'tr': {'in_seq_len': 30,
        'minibatch_enabled': True,
        'minibatch_size': 200,
        'out_seq_len': 5,
        'zero_padding': 20},
 'va': {'in_seq_len': 30,
        'minibatch_enabled': True,
        'minibatch_size': 200,
        'out_seq_len': 5,
        'zero_padding': 20}}

TRAINING CONFIG
{'beta_reg': 0.0,
 'ent_reg': 0.0001,
 'is_pretrain': False,
 'learning_rate': 0.001,
 'mode': {'max_epochs': 500, 'min_error': 0.0, 'name': 'classic'},
 'task_id': 1,
 'type': 'l_sampling',
 'var_reg': 0.0}
==============================


  0,  0 | TrAcc: 0.0977, TrLoss:  6.86459, VaAcc: 0.0959, VaLoss:  6.87428	 20 sampled NNs | VaAcc: 0.0967 +- 0.0130 | VaLoss: 3.1458 +- 0.1486
  1,  0 | TrAcc: 0.1040, TrLoss:  5.36030, VaAcc: 0.1016, VaLoss:  5.35286	 20 sampled NNs | VaAcc: 0.1129 +- 0.0131 | VaLoss: 2.7657 +- 0.1070
  2,  0 | TrAcc: 0.1080, TrLoss:  4.29637, VaAcc: 0.1078, VaLoss:  4.28744	 20 sampled NNs | VaAcc: 0.1238 +- 0.0169 | VaLoss: 2.5649 +- 0.0826
  3,  0 | TrAcc: 0.1082, TrLoss:  3.63365, VaAcc: 0.1095, VaLoss:  3.59036	 20 sampled NNs | VaAcc: 0.1278 +- 0.0083 | VaLoss: 2.4394 +- 0.0435
  4,  0 | TrAcc: 0.1099, TrLoss:  3.18401, VaAcc: 0.1097, VaLoss:  3.15188	 20 sampled NNs | VaAcc: 0.1266 +- 0.0123 | VaLoss: 2.3569 +- 0.0424
  5,  0 | TrAcc: 0.1145, TrLoss:  2.89549, VaAcc: 0.1139, VaLoss:  2.87086	 20 sampled NNs | VaAcc: 0.1218 +- 0.0119 | VaLoss: 2.3229 +- 0.0314
  6,  0 | TrAcc: 0.1137, TrLoss:  2.69512, VaAcc: 0.1151, VaLoss:  2.66986	 20 sampled NNs | VaAcc: 0.1299 +- 0.0138 | VaLoss: 2.2954 +- 0.0283
  7,  0 | TrAcc: 0.1226, TrLoss:  2.53761, VaAcc: 0.1148, VaLoss:  2.56466	 20 sampled NNs | VaAcc: 0.1250 +- 0.0145 | VaLoss: 2.3005 +- 0.0264
  8,  0 | TrAcc: 0.1177, TrLoss:  2.48348, VaAcc: 0.1200, VaLoss:  2.46588	 20 sampled NNs | VaAcc: 0.1465 +- 0.0114 | VaLoss: 2.2679 +- 0.0256
  9,  0 | TrAcc: 0.1181, TrLoss:  2.41594, VaAcc: 0.1196, VaLoss:  2.39149	 20 sampled NNs | VaAcc: 0.1444 +- 0.0130 | VaLoss: 2.2617 +- 0.0251
 10,  0 | TrAcc: 0.1204, TrLoss:  2.37107, VaAcc: 0.1267, VaLoss:  2.35385	 20 sampled NNs | VaAcc: 0.1451 +- 0.0127 | VaLoss: 2.2561 +- 0.0160
 11,  0 | TrAcc: 0.1153, TrLoss:  2.35354, VaAcc: 0.1166, VaLoss:  2.32234	 20 sampled NNs | VaAcc: 0.1218 +- 0.0079 | VaLoss: 2.2468 +- 0.0073
 12,  0 | TrAcc: 0.1263, TrLoss:  2.29567, VaAcc: 0.1247, VaLoss:  2.30009	 20 sampled NNs | VaAcc: 0.1511 +- 0.0070 | VaLoss: 2.2492 +- 0.0158
 13,  0 | TrAcc: 0.1400, TrLoss:  2.29621, VaAcc: 0.1380, VaLoss:  2.28564	 20 sampled NNs | VaAcc: 0.1497 +- 0.0139 | VaLoss: 2.2451 +- 0.0120
 14,  0 | TrAcc: 0.1654, TrLoss:  2.27660, VaAcc: 0.1480, VaLoss:  2.27234	 20 sampled NNs | VaAcc: 0.1542 +- 0.0042 | VaLoss: 2.2434 +- 0.0069
 15,  0 | TrAcc: 0.1567, TrLoss:  2.26534, VaAcc: 0.1437, VaLoss:  2.27621	 20 sampled NNs | VaAcc: 0.1552 +- 0.0014 | VaLoss: 2.2546 +- 0.0179
 16,  0 | TrAcc: 0.1477, TrLoss:  2.27430, VaAcc: 0.1449, VaLoss:  2.27131	 20 sampled NNs | VaAcc: 0.1537 +- 0.0048 | VaLoss: 2.2560 +- 0.0070
 17,  0 | TrAcc: 0.1378, TrLoss:  2.25843, VaAcc: 0.1292, VaLoss:  2.27512	 20 sampled NNs | VaAcc: 0.1544 +- 0.0043 | VaLoss: 2.2624 +- 0.0042
 18,  0 | TrAcc: 0.1338, TrLoss:  2.25614, VaAcc: 0.1403, VaLoss:  2.25244	 20 sampled NNs | VaAcc: 0.1532 +- 0.0055 | VaLoss: 2.2454 +- 0.0080
 19,  0 | TrAcc: 0.1522, TrLoss:  2.26262, VaAcc: 0.1513, VaLoss:  2.26242	 20 sampled NNs | VaAcc: 0.1543 +- 0.0045 | VaLoss: 2.2550 +- 0.0021
 20,  0 | TrAcc: 0.1650, TrLoss:  2.25345, VaAcc: 0.1552, VaLoss:  2.24732	 20 sampled NNs | VaAcc: 0.1554 +- 0.0004 | VaLoss: 2.2420 +- 0.0031
 21,  0 | TrAcc: 0.1573, TrLoss:  2.22585, VaAcc: 0.1383, VaLoss:  2.25173	 20 sampled NNs | VaAcc: 0.1224 +- 0.0021 | VaLoss: 2.2477 +- 0.0022
 22,  0 | TrAcc: 0.1799, TrLoss:  2.24499, VaAcc: 0.1552, VaLoss:  2.23845	 20 sampled NNs | VaAcc: 0.1555 +- 0.0000 | VaLoss: 2.2344 +- 0.0001
 23,  0 | TrAcc: 0.1470, TrLoss:  2.25505, VaAcc: 0.1466, VaLoss:  2.24593	 20 sampled NNs | VaAcc: 0.1551 +- 0.0019 | VaLoss: 2.2435 +- 0.0053
 24,  0 | TrAcc: 0.1516, TrLoss:  2.25871, VaAcc: 0.1537, VaLoss:  2.25529	 20 sampled NNs | VaAcc: 0.1555 +- 0.0000 | VaLoss: 2.2529 +- 0.0001
 25,  0 | TrAcc: 0.1681, TrLoss:  2.25225, VaAcc: 0.1555, VaLoss:  2.24696	 20 sampled NNs | VaAcc: 0.1556 +- 0.0002 | VaLoss: 2.2455 +- 0.0022
 26,  0 | TrAcc: 0.1574, TrLoss:  2.25560, VaAcc: 0.1212, VaLoss:  2.25789	 20 sampled NNs | VaAcc: 0.1230 +- 0.0000 | VaLoss: 2.2559 +- 0.0001
 27,  0 | TrAcc: 0.1596, TrLoss:  2.25147, VaAcc: 0.1555, VaLoss:  2.24506	 20 sampled NNs | VaAcc: 0.1555 +- 0.0000 | VaLoss: 2.2436 +- 0.0001
 28,  0 | TrAcc: 0.1695, TrLoss:  2.25389, VaAcc: 0.1555, VaLoss:  2.24032	 20 sampled NNs | VaAcc: 0.1555 +- 0.0000 | VaLoss: 2.2389 +- 0.0001
 29,  0 | TrAcc: 0.1413, TrLoss:  2.25676, VaAcc: 0.1230, VaLoss:  2.26521	 20 sampled NNs | VaAcc: 0.1230 +- 0.0000 | VaLoss: 2.2641 +- 0.0001
 30,  0 | TrAcc: 0.1604, TrLoss:  2.26007, VaAcc: 0.1555, VaLoss:  2.25328	 20 sampled NNs | VaAcc: 0.1555 +- 0.0000 | VaLoss: 2.2523 +- 0.0000
 31,  0 | TrAcc: 0.1398, TrLoss:  2.24642, VaAcc: 0.1415, VaLoss:  2.23901	 20 sampled NNs | VaAcc: 0.1555 +- 0.0000 | VaLoss: 2.2380 +- 0.0000
 32,  0 | TrAcc: 0.1780, TrLoss:  2.22997, VaAcc: 0.1555, VaLoss:  2.24636	 20 sampled NNs | VaAcc: 0.1555 +- 0.0000 | VaLoss: 2.2454 +- 0.0000
 33,  0 | TrAcc: 0.1330, TrLoss:  2.27094, VaAcc: 0.1516, VaLoss:  2.24036	 20 sampled NNs | VaAcc: 0.1555 +- 0.0000 | VaLoss: 2.2398 +- 0.0000
 34,  0 | TrAcc: 0.1473, TrLoss:  2.25817, VaAcc: 0.1528, VaLoss:  2.24708	 20 sampled NNs | VaAcc: 0.1555 +- 0.0000 | VaLoss: 2.2465 +- 0.0000
 35,  0 | TrAcc: 0.1738, TrLoss:  2.24808, VaAcc: 0.1555, VaLoss:  2.25809	 20 sampled NNs | VaAcc: 0.1555 +- 0.0000 | VaLoss: 2.2575 +- 0.0001
 36,  0 | TrAcc: 0.1540, TrLoss:  2.24964, VaAcc: 0.1555, VaLoss:  2.23577	 20 sampled NNs | VaAcc: 0.1555 +- 0.0000 | VaLoss: 2.2353 +- 0.0000
 37,  0 | TrAcc: 0.1304, TrLoss:  2.25816, VaAcc: 0.1555, VaLoss:  2.23319	 20 sampled NNs | VaAcc: 0.1555 +- 0.0000 | VaLoss: 2.2327 +- 0.0000
 38,  0 | TrAcc: 0.1758, TrLoss:  2.24167, VaAcc: 0.1555, VaLoss:  2.24752	 20 sampled NNs | VaAcc: 0.1555 +- 0.0000 | VaLoss: 2.2471 +- 0.0000
 39,  0 | TrAcc: 0.1716, TrLoss:  2.23731, VaAcc: 0.1555, VaLoss:  2.24101	 20 sampled NNs | VaAcc: 0.1555 +- 0.0000 | VaLoss: 2.2405 +- 0.0000
 40,  0 | TrAcc: 0.1584, TrLoss:  2.26233, VaAcc: 0.1555, VaLoss:  2.24612	 20 sampled NNs | VaAcc: 0.1555 +- 0.0000 | VaLoss: 2.2458 +- 0.0000
 41,  0 | TrAcc: 0.1449, TrLoss:  2.27509, VaAcc: 0.1555, VaLoss:  2.25978	 20 sampled NNs | VaAcc: 0.1555 +- 0.0000 | VaLoss: 2.2594 +- 0.0000
 42,  0 | TrAcc: 0.1593, TrLoss:  2.25994, VaAcc: 0.1555, VaLoss:  2.24145	 20 sampled NNs | VaAcc: 0.1555 +- 0.0000 | VaLoss: 2.2411 +- 0.0000
 43,  0 | TrAcc: 0.1466, TrLoss:  2.26579, VaAcc: 0.1555, VaLoss:  2.24387	 20 sampled NNs | VaAcc: 0.1555 +- 0.0000 | VaLoss: 2.2435 +- 0.0000
 44,  0 | TrAcc: 0.1645, TrLoss:  2.24976, VaAcc: 0.1555, VaLoss:  2.25255	 20 sampled NNs | VaAcc: 0.1555 +- 0.0000 | VaLoss: 2.2522 +- 0.0000
 45,  0 | TrAcc: 0.1494, TrLoss:  2.26041, VaAcc: 0.1553, VaLoss:  2.24442	 20 sampled NNs | VaAcc: 0.1555 +- 0.0000 | VaLoss: 2.2440 +- 0.0000
 46,  0 | TrAcc: 0.1561, TrLoss:  2.24279, VaAcc: 0.1471, VaLoss:  2.25175	 20 sampled NNs | VaAcc: 0.1555 +- 0.0000 | VaLoss: 2.2515 +- 0.0000
 47,  0 | TrAcc: 0.1712, TrLoss:  2.24419, VaAcc: 0.1555, VaLoss:  2.23864	 20 sampled NNs | VaAcc: 0.1555 +- 0.0000 | VaLoss: 2.2384 +- 0.0000
 48,  0 | TrAcc: 0.1590, TrLoss:  2.25802, VaAcc: 0.1555, VaLoss:  2.23819	 20 sampled NNs | VaAcc: 0.1555 +- 0.0000 | VaLoss: 2.2378 +- 0.0000
 49,  0 | TrAcc: 0.1422, TrLoss:  2.25061, VaAcc: 0.1555, VaLoss:  2.23453	 20 sampled NNs | VaAcc: 0.1555 +- 0.0000 | VaLoss: 2.2342 +- 0.0000
 50,  0 | TrAcc: 0.1591, TrLoss:  2.25348, VaAcc: 0.1555, VaLoss:  2.24481	 20 sampled NNs | VaAcc: 0.1555 +- 0.0000 | VaLoss: 2.2445 +- 0.0000
 51,  0 | TrAcc: 0.1789, TrLoss:  2.23673, VaAcc: 0.1555, VaLoss:  2.24063	 20 sampled NNs | VaAcc: 0.1555 +- 0.0000 | VaLoss: 2.2403 +- 0.0000
 52,  0 | TrAcc: 0.1181, TrLoss:  2.25580, VaAcc: 0.1173, VaLoss:  2.25344	 20 sampled NNs | VaAcc: 0.1173 +- 0.0000 | VaLoss: 2.2531 +- 0.0000
 53,  0 | TrAcc: 0.1516, TrLoss:  2.24371, VaAcc: 0.1230, VaLoss:  2.26920	 20 sampled NNs | VaAcc: 0.1228 +- 0.0009 | VaLoss: 2.2697 +- 0.0035
 54,  0 | TrAcc: 0.1428, TrLoss:  2.24536, VaAcc: 0.1230, VaLoss:  2.24854	 20 sampled NNs | VaAcc: 0.1230 +- 0.0000 | VaLoss: 2.2483 +- 0.0000
 55,  0 | TrAcc: 0.1675, TrLoss:  2.24426, VaAcc: 0.1555, VaLoss:  2.24781	 20 sampled NNs | VaAcc: 0.1555 +- 0.0000 | VaLoss: 2.2476 +- 0.0000
 56,  0 | TrAcc: 0.1388, TrLoss:  2.26178, VaAcc: 0.1555, VaLoss:  2.25215	 20 sampled NNs | VaAcc: 0.1555 +- 0.0000 | VaLoss: 2.2519 +- 0.0000
 57,  0 | TrAcc: 0.1423, TrLoss:  2.25084, VaAcc: 0.1552, VaLoss:  2.26015	 20 sampled NNs | VaAcc: 0.1555 +- 0.0000 | VaLoss: 2.2599 +- 0.0000
 58,  0 | TrAcc: 0.1696, TrLoss:  2.24691, VaAcc: 0.1555, VaLoss:  2.24932	 20 sampled NNs | VaAcc: 0.1555 +- 0.0000 | VaLoss: 2.2490 +- 0.0000
 59,  0 | TrAcc: 0.1647, TrLoss:  2.21756, VaAcc: 0.1555, VaLoss:  2.25122	 20 sampled NNs | VaAcc: 0.1555 +- 0.0000 | VaLoss: 2.2510 +- 0.0000
 60,  0 | TrAcc: 0.1738, TrLoss:  2.23629, VaAcc: 0.1555, VaLoss:  2.24857	 20 sampled NNs | VaAcc: 0.1555 +- 0.0000 | VaLoss: 2.2483 +- 0.0000
 61,  0 | TrAcc: 0.1800, TrLoss:  2.22843, VaAcc: 0.1555, VaLoss:  2.24344	 20 sampled NNs | VaAcc: 0.1555 +- 0.0000 | VaLoss: 2.2432 +- 0.0000
 62,  0 | TrAcc: 0.1560, TrLoss:  2.26655, VaAcc: 0.1230, VaLoss:  2.24530	 20 sampled NNs | VaAcc: 0.1230 +- 0.0000 | VaLoss: 2.2451 +- 0.0000
 63,  0 | TrAcc: 0.1861, TrLoss:  2.22476, VaAcc: 0.1555, VaLoss:  2.23760	 20 sampled NNs | VaAcc: 0.1555 +- 0.0000 | VaLoss: 2.2374 +- 0.0000
 64,  0 | TrAcc: 0.1714, TrLoss:  2.25714, VaAcc: 0.1555, VaLoss:  2.25044	 20 sampled NNs | VaAcc: 0.1555 +- 0.0000 | VaLoss: 2.2502 +- 0.0000
 65,  0 | TrAcc: 0.1811, TrLoss:  2.22982, VaAcc: 0.1555, VaLoss:  2.25250	 20 sampled NNs | VaAcc: 0.1555 +- 0.0000 | VaLoss: 2.2523 +- 0.0000
 66,  0 | TrAcc: 0.1650, TrLoss:  2.25036, VaAcc: 0.1555, VaLoss:  2.24719	 20 sampled NNs | VaAcc: 0.1555 +- 0.0000 | VaLoss: 2.2470 +- 0.0000
 67,  0 | TrAcc: 0.1748, TrLoss:  2.23985, VaAcc: 0.1555, VaLoss:  2.24581	 20 sampled NNs | VaAcc: 0.1555 +- 0.0000 | VaLoss: 2.2456 +- 0.0000
 68,  0 | TrAcc: 0.1267, TrLoss:  2.24438, VaAcc: 0.1139, VaLoss:  2.23748	 20 sampled NNs | VaAcc: 0.1139 +- 0.0000 | VaLoss: 2.2373 +- 0.0000
 69,  0 | TrAcc: 0.1483, TrLoss:  2.23750, VaAcc: 0.1555, VaLoss:  2.23598	 20 sampled NNs | VaAcc: 0.1555 +- 0.0000 | VaLoss: 2.2357 +- 0.0000
 70,  0 | TrAcc: 0.1337, TrLoss:  2.25908, VaAcc: 0.1230, VaLoss:  2.24324	 20 sampled NNs | VaAcc: 0.1230 +- 0.0000 | VaLoss: 2.2430 +- 0.0000
 71,  0 | TrAcc: 0.1748, TrLoss:  2.25384, VaAcc: 0.1555, VaLoss:  2.25306	 20 sampled NNs | VaAcc: 0.1555 +- 0.0000 | VaLoss: 2.2528 +- 0.0000
 72,  0 | TrAcc: 0.1862, TrLoss:  2.24787, VaAcc: 0.1555, VaLoss:  2.25794	 20 sampled NNs | VaAcc: 0.1555 +- 0.0000 | VaLoss: 2.2576 +- 0.0000
 73,  0 | TrAcc: 0.1577, TrLoss:  2.25079, VaAcc: 0.1555, VaLoss:  2.24096	 20 sampled NNs | VaAcc: 0.1555 +- 0.0000 | VaLoss: 2.2407 +- 0.0000
 74,  0 | TrAcc: 0.1357, TrLoss:  2.26705, VaAcc: 0.1555, VaLoss:  2.23804	 20 sampled NNs | VaAcc: 0.1555 +- 0.0000 | VaLoss: 2.2378 +- 0.0000
 75,  0 | TrAcc: 0.1456, TrLoss:  2.23961, VaAcc: 0.1230, VaLoss:  2.24388	 20 sampled NNs | VaAcc: 0.1230 +- 0.0000 | VaLoss: 2.2436 +- 0.0000
 76,  0 | TrAcc: 0.1431, TrLoss:  2.25510, VaAcc: 0.1555, VaLoss:  2.23760	 20 sampled NNs | VaAcc: 0.1555 +- 0.0000 | VaLoss: 2.2374 +- 0.0000
 77,  0 | TrAcc: 0.1750, TrLoss:  2.23776, VaAcc: 0.1555, VaLoss:  2.24580	 20 sampled NNs | VaAcc: 0.1555 +- 0.0000 | VaLoss: 2.2456 +- 0.0000
 78,  0 | TrAcc: 0.1584, TrLoss:  2.25347, VaAcc: 0.1555, VaLoss:  2.24200	 20 sampled NNs | VaAcc: 0.1555 +- 0.0000 | VaLoss: 2.2418 +- 0.0000
 79,  0 | TrAcc: 0.1520, TrLoss:  2.25210, VaAcc: 0.1411, VaLoss:  2.25432	 20 sampled NNs | VaAcc: 0.1555 +- 0.0000 | VaLoss: 2.2541 +- 0.0000
 80,  0 | TrAcc: 0.1519, TrLoss:  2.25531, VaAcc: 0.1555, VaLoss:  2.23660	 20 sampled NNs | VaAcc: 0.1555 +- 0.0000 | VaLoss: 2.2364 +- 0.0000
 81,  0 | TrAcc: 0.1559, TrLoss:  2.25464, VaAcc: 0.1555, VaLoss:  2.23792	 20 sampled NNs | VaAcc: 0.1555 +- 0.0000 | VaLoss: 2.2377 +- 0.0000
 82,  0 | TrAcc: 0.1497, TrLoss:  2.25603, VaAcc: 0.1219, VaLoss:  2.26306	 20 sampled NNs | VaAcc: 0.1230 +- 0.0000 | VaLoss: 2.2629 +- 0.0000
 83,  0 | TrAcc: 0.1642, TrLoss:  2.24125, VaAcc: 0.1555, VaLoss:  2.23826	 20 sampled NNs | VaAcc: 0.1555 +- 0.0000 | VaLoss: 2.2380 +- 0.0000
 84,  0 | TrAcc: 0.1767, TrLoss:  2.24526, VaAcc: 0.1555, VaLoss:  2.25448	 20 sampled NNs | VaAcc: 0.1555 +- 0.0000 | VaLoss: 2.2543 +- 0.0000
 85,  0 | TrAcc: 0.1579, TrLoss:  2.25096, VaAcc: 0.1555, VaLoss:  2.24437	 20 sampled NNs | VaAcc: 0.1555 +- 0.0000 | VaLoss: 2.2441 +- 0.0000
 86,  0 | TrAcc: 0.1581, TrLoss:  2.24270, VaAcc: 0.1555, VaLoss:  2.23487	 20 sampled NNs | VaAcc: 0.1555 +- 0.0000 | VaLoss: 2.2347 +- 0.0000
 87,  0 | TrAcc: 0.1522, TrLoss:  2.26011, VaAcc: 0.1555, VaLoss:  2.24795	 20 sampled NNs | VaAcc: 0.1555 +- 0.0000 | VaLoss: 2.2477 +- 0.0000
 88,  0 | TrAcc: 0.1548, TrLoss:  2.25144, VaAcc: 0.1555, VaLoss:  2.23969	 20 sampled NNs | VaAcc: 0.1555 +- 0.0000 | VaLoss: 2.2395 +- 0.0000
 89,  0 | TrAcc: 0.1696, TrLoss:  2.26183, VaAcc: 0.1555, VaLoss:  2.25674	 20 sampled NNs | VaAcc: 0.1555 +- 0.0000 | VaLoss: 2.2565 +- 0.0000
 90,  0 | TrAcc: 0.1575, TrLoss:  2.24790, VaAcc: 0.1555, VaLoss:  2.24744	 20 sampled NNs | VaAcc: 0.1555 +- 0.0000 | VaLoss: 2.2472 +- 0.0000
 91,  0 | TrAcc: 0.1724, TrLoss:  2.21664, VaAcc: 0.1555, VaLoss:  2.23600	 20 sampled NNs | VaAcc: 0.1555 +- 0.0000 | VaLoss: 2.2358 +- 0.0000
 92,  0 | TrAcc: 0.1678, TrLoss:  2.25524, VaAcc: 0.1555, VaLoss:  2.25107	 20 sampled NNs | VaAcc: 0.1555 +- 0.0000 | VaLoss: 2.2509 +- 0.0000
 93,  0 | TrAcc: 0.1509, TrLoss:  2.23534, VaAcc: 0.1555, VaLoss:  2.24196	 20 sampled NNs | VaAcc: 0.1555 +- 0.0000 | VaLoss: 2.2417 +- 0.0000
 94,  0 | TrAcc: 0.1332, TrLoss:  2.26143, VaAcc: 0.1230, VaLoss:  2.24299	 20 sampled NNs | VaAcc: 0.1230 +- 0.0000 | VaLoss: 2.2428 +- 0.0000
 95,  0 | TrAcc: 0.1517, TrLoss:  2.24951, VaAcc: 0.1460, VaLoss:  2.24540	 20 sampled NNs | VaAcc: 0.1555 +- 0.0000 | VaLoss: 2.2452 +- 0.0000
 96,  0 | TrAcc: 0.1495, TrLoss:  2.25116, VaAcc: 0.1230, VaLoss:  2.25293	 20 sampled NNs | VaAcc: 0.1230 +- 0.0000 | VaLoss: 2.2527 +- 0.0000
 97,  0 | TrAcc: 0.1564, TrLoss:  2.24492, VaAcc: 0.1555, VaLoss:  2.23481	 20 sampled NNs | VaAcc: 0.1555 +- 0.0000 | VaLoss: 2.2346 +- 0.0000
 98,  0 | TrAcc: 0.1637, TrLoss:  2.26070, VaAcc: 0.1555, VaLoss:  2.25337	 20 sampled NNs | VaAcc: 0.1555 +- 0.0000 | VaLoss: 2.2532 +- 0.0000
 99,  0 | TrAcc: 0.1821, TrLoss:  2.23201, VaAcc: 0.1555, VaLoss:  2.24594	 20 sampled NNs | VaAcc: 0.1555 +- 0.0000 | VaLoss: 2.2457 +- 0.0000
100,  0 | TrAcc: 0.1445, TrLoss:  2.25400, VaAcc: 0.1555, VaLoss:  2.23386	 20 sampled NNs | VaAcc: 0.1555 +- 0.0000 | VaLoss: 2.2337 +- 0.0000
101,  0 | TrAcc: 0.1550, TrLoss:  2.26718, VaAcc: 0.1555, VaLoss:  2.24704	 20 sampled NNs | VaAcc: 0.1555 +- 0.0000 | VaLoss: 2.2468 +- 0.0000
102,  0 | TrAcc: 0.1390, TrLoss:  2.25863, VaAcc: 0.1555, VaLoss:  2.23464	 20 sampled NNs | VaAcc: 0.1555 +- 0.0000 | VaLoss: 2.2345 +- 0.0000
103,  0 | TrAcc: 0.1468, TrLoss:  2.25977, VaAcc: 0.1555, VaLoss:  2.23504	 20 sampled NNs | VaAcc: 0.1555 +- 0.0000 | VaLoss: 2.2348 +- 0.0000
104,  0 | TrAcc: 0.1425, TrLoss:  2.26333, VaAcc: 0.1230, VaLoss:  2.25690	 20 sampled NNs | VaAcc: 0.1230 +- 0.0000 | VaLoss: 2.2567 +- 0.0000
105,  0 | TrAcc: 0.1518, TrLoss:  2.24121, VaAcc: 0.1230, VaLoss:  2.25727	 20 sampled NNs | VaAcc: 0.1230 +- 0.0000 | VaLoss: 2.2571 +- 0.0000
106,  0 | TrAcc: 0.1625, TrLoss:  2.25156, VaAcc: 0.1555, VaLoss:  2.24074	 20 sampled NNs | VaAcc: 0.1555 +- 0.0000 | VaLoss: 2.2405 +- 0.0000
107,  0 | TrAcc: 0.1629, TrLoss:  2.24827, VaAcc: 0.1555, VaLoss:  2.24720	 20 sampled NNs | VaAcc: 0.1555 +- 0.0000 | VaLoss: 2.2470 +- 0.0000
108,  0 | TrAcc: 0.1647, TrLoss:  2.25300, VaAcc: 0.1555, VaLoss:  2.24993	 20 sampled NNs | VaAcc: 0.1555 +- 0.0000 | VaLoss: 2.2497 +- 0.0000
109,  0 | TrAcc: 0.1586, TrLoss:  2.24929, VaAcc: 0.1555, VaLoss:  2.24451	 20 sampled NNs | VaAcc: 0.1555 +- 0.0000 | VaLoss: 2.2443 +- 0.0000
110,  0 | TrAcc: 0.1640, TrLoss:  2.25190, VaAcc: 0.1555, VaLoss:  2.25481	 20 sampled NNs | VaAcc: 0.1555 +- 0.0000 | VaLoss: 2.2546 +- 0.0000
111,  0 | TrAcc: 0.1393, TrLoss:  2.25725, VaAcc: 0.1555, VaLoss:  2.24892	 20 sampled NNs | VaAcc: 0.1555 +- 0.0000 | VaLoss: 2.2487 +- 0.0000
112,  0 | TrAcc: 0.1835, TrLoss:  2.23320, VaAcc: 0.1555, VaLoss:  2.25921	 20 sampled NNs | VaAcc: 0.1555 +- 0.0000 | VaLoss: 2.2590 +- 0.0000
113,  0 | TrAcc: 0.1351, TrLoss:  2.26161, VaAcc: 0.1231, VaLoss:  2.24712	 20 sampled NNs | VaAcc: 0.1230 +- 0.0000 | VaLoss: 2.2469 +- 0.0000
114,  0 | TrAcc: 0.1570, TrLoss:  2.25239, VaAcc: 0.1555, VaLoss:  2.24524	 20 sampled NNs | VaAcc: 0.1555 +- 0.0000 | VaLoss: 2.2450 +- 0.0000
115,  0 | TrAcc: 0.1250, TrLoss:  2.25662, VaAcc: 0.1230, VaLoss:  2.24936	 20 sampled NNs | VaAcc: 0.1230 +- 0.0000 | VaLoss: 2.2492 +- 0.0000
116,  0 | TrAcc: 0.1689, TrLoss:  2.25907, VaAcc: 0.1555, VaLoss:  2.25448	 20 sampled NNs | VaAcc: 0.1555 +- 0.0000 | VaLoss: 2.2543 +- 0.0000
117,  0 | TrAcc: 0.1651, TrLoss:  2.25258, VaAcc: 0.1555, VaLoss:  2.26369	 20 sampled NNs | VaAcc: 0.1555 +- 0.0000 | VaLoss: 2.2635 +- 0.0000
118,  0 | TrAcc: 0.1517, TrLoss:  2.24442, VaAcc: 0.1555, VaLoss:  2.24466	 20 sampled NNs | VaAcc: 0.1555 +- 0.0000 | VaLoss: 2.2445 +- 0.0000
119,  0 | TrAcc: 0.1444, TrLoss:  2.26114, VaAcc: 0.1389, VaLoss:  2.24564	 20 sampled NNs | VaAcc: 0.1246 +- 0.0073 | VaLoss: 2.2455 +- 0.0000
120,  0 | TrAcc: 0.1798, TrLoss:  2.22912, VaAcc: 0.1555, VaLoss:  2.24218	 20 sampled NNs | VaAcc: 0.1555 +- 0.0000 | VaLoss: 2.2420 +- 0.0000
121,  0 | TrAcc: 0.1803, TrLoss:  2.23003, VaAcc: 0.1555, VaLoss:  2.23970	 20 sampled NNs | VaAcc: 0.1555 +- 0.0000 | VaLoss: 2.2395 +- 0.0000
122,  0 | TrAcc: 0.1483, TrLoss:  2.24693, VaAcc: 0.1555, VaLoss:  2.24129	 20 sampled NNs | VaAcc: 0.1555 +- 0.0000 | VaLoss: 2.2411 +- 0.0000
123,  0 | TrAcc: 0.1530, TrLoss:  2.27078, VaAcc: 0.1555, VaLoss:  2.24867	 20 sampled NNs | VaAcc: 0.1555 +- 0.0000 | VaLoss: 2.2485 +- 0.0000
124,  0 | TrAcc: 0.1493, TrLoss:  2.25781, VaAcc: 0.1555, VaLoss:  2.24328	 20 sampled NNs | VaAcc: 0.1555 +- 0.0000 | VaLoss: 2.2431 +- 0.0000
125,  0 | TrAcc: 0.1703, TrLoss:  2.25381, VaAcc: 0.1555, VaLoss:  2.24753	 20 sampled NNs | VaAcc: 0.1555 +- 0.0000 | VaLoss: 2.2473 +- 0.0000
126,  0 | TrAcc: 0.1642, TrLoss:  2.24876, VaAcc: 0.1555, VaLoss:  2.23681	 20 sampled NNs | VaAcc: 0.1555 +- 0.0000 | VaLoss: 2.2366 +- 0.0000
127,  0 | TrAcc: 0.1476, TrLoss:  2.25221, VaAcc: 0.1555, VaLoss:  2.23887	 20 sampled NNs | VaAcc: 0.1555 +- 0.0000 | VaLoss: 2.2387 +- 0.0000
128,  0 | TrAcc: 0.1535, TrLoss:  2.24891, VaAcc: 0.1555, VaLoss:  2.23886	 20 sampled NNs | VaAcc: 0.1555 +- 0.0000 | VaLoss: 2.2387 +- 0.0000
129,  0 | TrAcc: 0.1537, TrLoss:  2.24492, VaAcc: 0.1555, VaLoss:  2.23987	 20 sampled NNs | VaAcc: 0.1555 +- 0.0000 | VaLoss: 2.2397 +- 0.0000
130,  0 | TrAcc: 0.1440, TrLoss:  2.25142, VaAcc: 0.1555, VaLoss:  2.23073	 20 sampled NNs | VaAcc: 0.1555 +- 0.0000 | VaLoss: 2.2305 +- 0.0000
131,  0 | TrAcc: 0.1345, TrLoss:  2.26420, VaAcc: 0.1173, VaLoss:  2.24386	 20 sampled NNs | VaAcc: 0.1173 +- 0.0000 | VaLoss: 2.2437 +- 0.0000
132,  0 | TrAcc: 0.1580, TrLoss:  2.24819, VaAcc: 0.1555, VaLoss:  2.23777	 20 sampled NNs | VaAcc: 0.1555 +- 0.0000 | VaLoss: 2.2376 +- 0.0000
133,  0 | TrAcc: 0.1682, TrLoss:  2.23409, VaAcc: 0.1555, VaLoss:  2.24581	 20 sampled NNs | VaAcc: 0.1555 +- 0.0000 | VaLoss: 2.2456 +- 0.0000
134,  0 | TrAcc: 0.1408, TrLoss:  2.24325, VaAcc: 0.1230, VaLoss:  2.23292	 20 sampled NNs | VaAcc: 0.1230 +- 0.0000 | VaLoss: 2.2327 +- 0.0000
135,  0 | TrAcc: 0.1505, TrLoss:  2.25721, VaAcc: 0.1555, VaLoss:  2.24357	 20 sampled NNs | VaAcc: 0.1555 +- 0.0000 | VaLoss: 2.2434 +- 0.0000
136,  0 | TrAcc: 0.1573, TrLoss:  2.26153, VaAcc: 0.1555, VaLoss:  2.23996	 20 sampled NNs | VaAcc: 0.1555 +- 0.0000 | VaLoss: 2.2398 +- 0.0000
137,  0 | TrAcc: 0.1502, TrLoss:  2.24622, VaAcc: 0.1555, VaLoss:  2.23510	 20 sampled NNs | VaAcc: 0.1555 +- 0.0000 | VaLoss: 2.2349 +- 0.0000
138,  0 | TrAcc: 0.1347, TrLoss:  2.26653, VaAcc: 0.1555, VaLoss:  2.23983	 20 sampled NNs | VaAcc: 0.1555 +- 0.0000 | VaLoss: 2.2396 +- 0.0000
139,  0 | TrAcc: 0.1542, TrLoss:  2.26439, VaAcc: 0.1555, VaLoss:  2.24377	 20 sampled NNs | VaAcc: 0.1555 +- 0.0000 | VaLoss: 2.2436 +- 0.0000
140,  0 | TrAcc: 0.1506, TrLoss:  2.24605, VaAcc: 0.1555, VaLoss:  2.23347	 20 sampled NNs | VaAcc: 0.1555 +- 0.0000 | VaLoss: 2.2333 +- 0.0000
141,  0 | TrAcc: 0.1723, TrLoss:  2.22990, VaAcc: 0.1555, VaLoss:  2.24554	 20 sampled NNs | VaAcc: 0.1555 +- 0.0000 | VaLoss: 2.2453 +- 0.0000
142,  0 | TrAcc: 0.1623, TrLoss:  2.24203, VaAcc: 0.1555, VaLoss:  2.24158	 20 sampled NNs | VaAcc: 0.1555 +- 0.0000 | VaLoss: 2.2414 +- 0.0000
143,  0 | TrAcc: 0.1335, TrLoss:  2.24241, VaAcc: 0.1230, VaLoss:  2.24915	 20 sampled NNs | VaAcc: 0.1230 +- 0.0000 | VaLoss: 2.2489 +- 0.0000
144,  0 | TrAcc: 0.1546, TrLoss:  2.26249, VaAcc: 0.1555, VaLoss:  2.24800	 20 sampled NNs | VaAcc: 0.1555 +- 0.0000 | VaLoss: 2.2478 +- 0.0000
145,  0 | TrAcc: 0.1502, TrLoss:  2.24546, VaAcc: 0.1320, VaLoss:  2.26772	 20 sampled NNs | VaAcc: 0.1230 +- 0.0000 | VaLoss: 2.2675 +- 0.0000
146,  0 | TrAcc: 0.1766, TrLoss:  2.23838, VaAcc: 0.1555, VaLoss:  2.24183	 20 sampled NNs | VaAcc: 0.1555 +- 0.0000 | VaLoss: 2.2416 +- 0.0000
147,  0 | TrAcc: 0.1586, TrLoss:  2.25493, VaAcc: 0.1555, VaLoss:  2.24212	 20 sampled NNs | VaAcc: 0.1555 +- 0.0000 | VaLoss: 2.2419 +- 0.0000
148,  0 | TrAcc: 0.1193, TrLoss:  2.26208, VaAcc: 0.1230, VaLoss:  2.25335	 20 sampled NNs | VaAcc: 0.1230 +- 0.0000 | VaLoss: 2.2532 +- 0.0000
149,  0 | TrAcc: 0.1320, TrLoss:  2.25987, VaAcc: 0.1555, VaLoss:  2.23924	 20 sampled NNs | VaAcc: 0.1555 +- 0.0000 | VaLoss: 2.2391 +- 0.0000
150,  0 | TrAcc: 0.1451, TrLoss:  2.25949, VaAcc: 0.1555, VaLoss:  2.26061	 20 sampled NNs | VaAcc: 0.1555 +- 0.0000 | VaLoss: 2.2604 +- 0.0000
151,  0 | TrAcc: 0.1540, TrLoss:      nan, VaAcc: 0.1555, VaLoss:      nan	 20 sampled NNs | VaAcc: 0.1555 +- 0.0000 | VaLoss: 2.2427 +- 0.0000
152,  0 | TrAcc: 0.1714, TrLoss:  2.25301, VaAcc: 0.1555, VaLoss:  2.24652	 20 sampled NNs | VaAcc: 0.1555 +- 0.0000 | VaLoss: 2.2463 +- 0.0000
153,  0 | TrAcc: 0.1527, TrLoss:  2.25077, VaAcc: 0.1555, VaLoss:  2.24161	 20 sampled NNs | VaAcc: 0.1555 +- 0.0000 | VaLoss: 2.2414 +- 0.0000
154,  0 | TrAcc: 0.1601, TrLoss:  2.24993, VaAcc: 0.1555, VaLoss:  2.24362	 20 sampled NNs | VaAcc: 0.1555 +- 0.0000 | VaLoss: 2.2434 +- 0.0000
155,  0 | TrAcc: 0.1362, TrLoss:  2.27044, VaAcc: 0.1230, VaLoss:  2.24165	 20 sampled NNs | VaAcc: 0.1230 +- 0.0000 | VaLoss: 2.2414 +- 0.0000
156,  0 | TrAcc: 0.1632, TrLoss:  2.24159, VaAcc: 0.1555, VaLoss:  2.25456	 20 sampled NNs | VaAcc: 0.1555 +- 0.0000 | VaLoss: 2.2544 +- 0.0000
157,  0 | TrAcc: 0.1583, TrLoss:  2.25408, VaAcc: 0.1555, VaLoss:  2.24531	 20 sampled NNs | VaAcc: 0.1555 +- 0.0000 | VaLoss: 2.2451 +- 0.0000
158,  0 | TrAcc: 0.1607, TrLoss:  2.26379, VaAcc: 0.1555, VaLoss:  2.24653	 20 sampled NNs | VaAcc: 0.1555 +- 0.0000 | VaLoss: 2.2463 +- 0.0000
159,  0 | TrAcc: 0.1457, TrLoss:  2.24544, VaAcc: 0.1497, VaLoss:  2.24150	 20 sampled NNs | VaAcc: 0.1555 +- 0.0000 | VaLoss: 2.2413 +- 0.0000
160,  0 | TrAcc: 0.1550, TrLoss:  2.26023, VaAcc: 0.1555, VaLoss:  2.24405	 20 sampled NNs | VaAcc: 0.1555 +- 0.0000 | VaLoss: 2.2439 +- 0.0000
161,  0 | TrAcc: 0.1610, TrLoss:  2.25596, VaAcc: 0.1555, VaLoss:  2.24823	 20 sampled NNs | VaAcc: 0.1555 +- 0.0000 | VaLoss: 2.2481 +- 0.0000
162,  0 | TrAcc: 0.1390, TrLoss:  2.23713, VaAcc: 0.1555, VaLoss:  2.24487	 20 sampled NNs | VaAcc: 0.1555 +- 0.0000 | VaLoss: 2.2447 +- 0.0000
163,  0 | TrAcc: 0.1595, TrLoss:  2.24371, VaAcc: 0.1555, VaLoss:  2.23285	 20 sampled NNs | VaAcc: 0.1555 +- 0.0000 | VaLoss: 2.2327 +- 0.0000
164,  0 | TrAcc: 0.1505, TrLoss:  2.23260, VaAcc: 0.1341, VaLoss:  2.24120	 20 sampled NNs | VaAcc: 0.1230 +- 0.0000 | VaLoss: 2.2410 +- 0.0000
165,  0 | TrAcc: 0.1522, TrLoss:  2.26098, VaAcc: 0.1513, VaLoss:  2.23658	 20 sampled NNs | VaAcc: 0.1555 +- 0.0000 | VaLoss: 2.2364 +- 0.0000
166,  0 | TrAcc: 0.1676, TrLoss:  2.24145, VaAcc: 0.1555, VaLoss:  2.23686	 20 sampled NNs | VaAcc: 0.1555 +- 0.0000 | VaLoss: 2.2367 +- 0.0000
167,  0 | TrAcc: 0.1457, TrLoss:  2.25988, VaAcc: 0.1555, VaLoss:  2.23774	 20 sampled NNs | VaAcc: 0.1555 +- 0.0000 | VaLoss: 2.2375 +- 0.0000
168,  0 | TrAcc: 0.1650, TrLoss:  2.23794, VaAcc: 0.1555, VaLoss:  2.24442	 20 sampled NNs | VaAcc: 0.1555 +- 0.0000 | VaLoss: 2.2442 +- 0.0000
169,  0 | TrAcc: 0.1556, TrLoss:  2.25668, VaAcc: 0.1555, VaLoss:  2.23961	 20 sampled NNs | VaAcc: 0.1555 +- 0.0000 | VaLoss: 2.2394 +- 0.0000
170,  0 | TrAcc: 0.1534, TrLoss:  2.25562, VaAcc: 0.1555, VaLoss:  2.24552	 20 sampled NNs | VaAcc: 0.1555 +- 0.0000 | VaLoss: 2.2453 +- 0.0000
171,  0 | TrAcc: 0.1734, TrLoss:  2.24266, VaAcc: 0.1555, VaLoss:  2.25334	 20 sampled NNs | VaAcc: 0.1555 +- 0.0000 | VaLoss: 2.2531 +- 0.0000
172,  0 | TrAcc: 0.1490, TrLoss:  2.26112, VaAcc: 0.1555, VaLoss:  2.25052	 20 sampled NNs | VaAcc: 0.1555 +- 0.0000 | VaLoss: 2.2503 +- 0.0000
173,  0 | TrAcc: 0.1549, TrLoss:  2.25395, VaAcc: 0.1555, VaLoss:  2.24228	 20 sampled NNs | VaAcc: 0.1555 +- 0.0000 | VaLoss: 2.2421 +- 0.0000
174,  0 | TrAcc: 0.1321, TrLoss:  2.26038, VaAcc: 0.1230, VaLoss:  2.24363	 20 sampled NNs | VaAcc: 0.1230 +- 0.0000 | VaLoss: 2.2435 +- 0.0000
175,  0 | TrAcc: 0.1581, TrLoss:  2.26163, VaAcc: 0.1555, VaLoss:  2.24119	 20 sampled NNs | VaAcc: 0.1555 +- 0.0000 | VaLoss: 2.2410 +- 0.0000
176,  0 | TrAcc: 0.1718, TrLoss:  2.20769, VaAcc: 0.1555, VaLoss:  2.24955	 20 sampled NNs | VaAcc: 0.1555 +- 0.0000 | VaLoss: 2.2494 +- 0.0000
