

config:

HOME=/clusterFS/home/student/kopp13
PATH=/clusterFS/home/student/kopp13/miniconda3/envs/tensorflow/bin:/clusterFS/home/student/kopp13/miniconda3/bin:/clusterFS/home/student/kopp13/bin:/usr/local/bin:/usr/bin:/bin:/usr/local/games:/usr/games
LD_LIBRARY_PATH=
THEANO_FLAGS=floatX=float32,gpuarray.preallocate=0.9,dnn.library_path=/usr/lib/x86_64-linux-gnu,cxx=clang++-3.8,device=cuda,base_compiledir=/tmp/tmp.rBwHFxs3tI

=============================
CONFIG FILE

RNN CONFIG
{'data_multiplier': None,
 'gradient_clip_value': 0.5,
 'layer_configs': [{'layer_type': 'input'},
                   {'bc': {'init_m': 'xavier',
                           'init_v': -4.5,
                           'prior_m': 0.0,
                           'prior_v': 0.0,
                           'type': 'continuous'},
                    'bf': {'init_m': 'xavier',
                           'init_v': -4.5,
                           'prior_m': 0.0,
                           'prior_v': 0.0,
                           'type': 'continuous'},
                    'bi': {'init_m': 'xavier',
                           'init_v': -4.5,
                           'prior_m': 0.0,
                           'prior_v': 0.0,
                           'type': 'continuous'},
                    'bo': {'init_m': 'xavier',
                           'init_v': -4.5,
                           'prior_m': 0.0,
                           'prior_v': 0.0,
                           'type': 'continuous'},
                    'discrete_act': True,
                    'init_config': {'c': {'b': 'all_zero', 'w': 'xavier'},
                                    'f': {'b': 'all_one', 'w': 'all_zero'},
                                    'i': {'b': 'all_zero', 'w': 'xavier'},
                                    'o': {'b': 'all_zero', 'w': 'xavier'}},
                    'is_output': False,
                    'is_recurrent': True,
                    'layer_type': 'lstm',
                    'normalize_mean': False,
                    'tau': 0.8,
                    'var_scope': 'lstm_0',
                    'wc': {'p0max': 0.95,
                           'p0min': 0.05,
                           'pmax': 0.99,
                           'pmin': 0.01,
                           'priors': [0.1, 0.8, 0.1],
                           'type': 'ternary'},
                    'wf': {'p0max': 0.95,
                           'p0min': 0.05,
                           'pmax': 0.99,
                           'pmin': 0.01,
                           'priors': [0.1, 0.8, 0.1],
                           'type': 'ternary'},
                    'wi': {'p0max': 0.95,
                           'p0min': 0.05,
                           'pmax': 0.99,
                           'pmin': 0.01,
                           'priors': [0.1, 0.8, 0.1],
                           'type': 'ternary'},
                    'wo': {'p0max': 0.95,
                           'p0min': 0.05,
                           'pmax': 0.99,
                           'pmin': 0.01,
                           'priors': [0.1, 0.8, 0.1],
                           'type': 'ternary'}},
                   {'bc': {'init_m': 'xavier',
                           'init_v': -4.5,
                           'prior_m': 0.0,
                           'prior_v': 0.0,
                           'type': 'continuous'},
                    'bf': {'init_m': 'xavier',
                           'init_v': -4.5,
                           'prior_m': 0.0,
                           'prior_v': 0.0,
                           'type': 'continuous'},
                    'bi': {'init_m': 'xavier',
                           'init_v': -4.5,
                           'prior_m': 0.0,
                           'prior_v': 0.0,
                           'type': 'continuous'},
                    'bo': {'init_m': 'xavier',
                           'init_v': -4.5,
                           'prior_m': 0.0,
                           'prior_v': 0.0,
                           'type': 'continuous'},
                    'discrete_act': True,
                    'init_config': {'c': {'b': 'all_zero', 'w': 'xavier'},
                                    'f': {'b': 'all_one', 'w': 'all_zero'},
                                    'i': {'b': 'all_zero', 'w': 'xavier'},
                                    'o': {'b': 'all_zero', 'w': 'xavier'}},
                    'is_output': False,
                    'is_recurrent': True,
                    'layer_type': 'lstm',
                    'normalize_mean': False,
                    'tau': 0.8,
                    'var_scope': 'lstm_1',
                    'wc': {'p0max': 0.95,
                           'p0min': 0.05,
                           'pmax': 0.99,
                           'pmin': 0.01,
                           'priors': [0.1, 0.8, 0.1],
                           'type': 'ternary'},
                    'wf': {'p0max': 0.95,
                           'p0min': 0.05,
                           'pmax': 0.99,
                           'pmin': 0.01,
                           'priors': [0.1, 0.8, 0.1],
                           'type': 'ternary'},
                    'wi': {'p0max': 0.95,
                           'p0min': 0.05,
                           'pmax': 0.99,
                           'pmin': 0.01,
                           'priors': [0.1, 0.8, 0.1],
                           'type': 'ternary'},
                    'wo': {'p0max': 0.95,
                           'p0min': 0.05,
                           'pmax': 0.99,
                           'pmin': 0.01,
                           'priors': [0.1, 0.8, 0.1],
                           'type': 'ternary'}},
                   {'b': {'init_m': 'xavier',
                          'init_v': -4.5,
                          'prior_m': 0.0,
                          'prior_v': 0.0,
                          'type': 'continuous'},
                    'is_output': True,
                    'is_recurrent': False,
                    'layer_type': 'fc',
                    'normalize_mean': False,
                    'regularization': {'mode': None, 'strength': 0.02},
                    'tau': 0.8,
                    'var_scope': 'output_layer',
                    'w': {'p0max': 0.95,
                          'p0min': 0.05,
                          'pmax': 0.99,
                          'pmin': 0.01,
                          'priors': [0.1, 0.8, 0.1],
                          'type': 'ternary'}}],
 'layout': [4, 60, 60, 10],
 'output_type': 'classification'}

DATA CONFIG
{'dataset': 'red_penstroke',
 'tr': {'extract_seqs': False,
        'in_seq_len': 50,
        'minibatch_enabled': True,
        'minibatch_size': 200,
        'out_seq_len': 1,
        'zero_padding': 20},
 'va': {'extract_seqs': False,
        'in_seq_len': 50,
        'minibatch_enabled': True,
        'minibatch_size': 200,
        'out_seq_len': 1,
        'zero_padding': 20}}

TRAINING CONFIG
{'beta_reg': 0.1,
 'ent_reg': 0.1,
 'is_pretrain': False,
 'learning_rate': 0.001,
 'mode': {'max_epochs': 3, 'min_error': 0.0, 'name': 'classic'},
 'task_id': 1,
 'type': 'l_sampling',
 'var_reg': 0.1}
==============================


[	  Pretraining  	] 0.00000 seconds
(4231, 4, 50)
(887, 4, 50)
[	Graph creation 	] 95.48491 seconds
[	 Intialization 	] 11.50154 seconds
[	 Loading data  	] 4.91199 seconds
  0,  0 | TrAcc: 0.0945, TrLoss:  2.67631, VaAcc: 0.1040, VaLoss:  2.69064	 20 sampled NNs | VaAcc: 0.1127 +- 0.0239 | VaLoss: 3.7844 +- 0.2563
[	    Metrics    	] 25.98796 seconds
[	  Tensorboard  	] 18.70510 seconds
[	   Training    	] 77.21831 seconds
  1,  0 | TrAcc: 0.1043, TrLoss:  2.63872, VaAcc: 0.0940, VaLoss:  2.63151	 20 sampled NNs | VaAcc: 0.1113 +- 0.0294 | VaLoss: 3.6750 +- 0.2373
[	    Metrics    	] 8.77860 seconds
[	  Tensorboard  	] 0.00000 seconds
[	   Training    	] 48.62732 seconds
  2,  0 | TrAcc: 0.1080, TrLoss:  2.64662, VaAcc: 0.1210, VaLoss:  2.63582	 20 sampled NNs | VaAcc: 0.0974 +- 0.0220 | VaLoss: 3.6902 +- 0.2011
[	    Metrics    	] 8.83121 seconds
[	  Tensorboard  	] 0.00000 seconds
[	   Training    	] 50.71992 seconds
----------------------------
