

config:

HOME=/clusterFS/home/student/kopp13
PATH=/clusterFS/home/student/kopp13/miniconda3/envs/tensorflow/bin:/clusterFS/home/student/kopp13/miniconda3/condabin:/clusterFS/home/student/kopp13/VarRNN/src/bin:/clusterFS/home/student/kopp13/miniconda3/bin:/clusterFS/home/student/kopp13/bin:/usr/local/bin:/usr/bin:/bin:/usr/local/games:/usr/games
LD_LIBRARY_PATH=:/usr/local/cuda-9.0/lib64
THEANO_FLAGS=floatX=float32,gpuarray.preallocate=0.9,dnn.library_path=/usr/lib/x86_64-linux-gnu,cxx=clang++-3.8,device=cuda,base_compiledir=/tmp/tmp.sG2IciR4oS

what

=============================
CONFIG FILE

TRAINING CONFIG
{'algorithm': 'c_ar',
 'batchnorm': {'modes': [], 'momentum': 0.98, 'tau': 1, 'type': 'none'},
 'carm_iterations': 100,
 'dir_reg': 0.0,
 'ent_reg': 0.0,
 'learning_rate': 0.002,
 'learning_rate_tau': inf,
 'mode': {'max_epochs': 500, 'min_error': 0.0, 'name': 'classic'},
 'pretraining': {'enabled': True, 'path': 'm_model'},
 'task_id': 3,
 'tau': 1.0,
 'var_reg': 0.0}

DATA CONFIG
{'dataset': 'penstroke',
 'remove_bias': True,
 'te': {'in_seq_len': 40,
        'max_truncation': 5,
        'minibatch_enabled': True,
        'minibatch_size': 500},
 'tr': {'in_seq_len': 40,
        'max_truncation': 5,
        'minibatch_enabled': True,
        'minibatch_size': 1000},
 'va': {'in_seq_len': 40,
        'max_truncation': 5,
        'minibatch_enabled': True,
        'minibatch_size': 500}}

RNN CONFIG
{'act_disc': [],
 'data_multiplier': None,
 'gradient_clip_value': 0.5,
 'layer_configs': [{'layer_type': 'input'},
                   {'bc': {'init_m': 'zeros',
                           'init_v': -4.5,
                           'prior_m': 0.0,
                           'prior_v': 0.0,
                           'type': 'continuous'},
                    'bf': {'init_m': 'ones',
                           'init_v': -4.5,
                           'prior_m': 1.0,
                           'prior_v': 0.0,
                           'type': 'continuous'},
                    'bi': {'init_m': 'zeros',
                           'init_v': -4.5,
                           'prior_m': 0.0,
                           'prior_v': 0.0,
                           'type': 'continuous'},
                    'bo': {'init_m': 'zeros',
                           'init_v': -4.5,
                           'prior_m': 0.0,
                           'prior_v': 0.0,
                           'type': 'continuous'},
                    'discrete_act': [],
                    'layer_type': 'lstm',
                    'lr_adapt': False,
                    'parametrization': 'sigmoid',
                    'tau': 1.0,
                    'var_scope': 'lstm_0',
                    'wc': {'p0max': 0.95,
                           'p0min': 0.05,
                           'parametrization': 'sigmoid',
                           'pmax': 0.99,
                           'pmin': 0.01,
                           'priors': [0.1, 0.8, 0.1],
                           'type': 'binary'},
                    'wf': {'p0max': 0.95,
                           'p0min': 0.05,
                           'parametrization': 'sigmoid',
                           'pmax': 0.99,
                           'pmin': 0.01,
                           'priors': [0.1, 0.8, 0.1],
                           'type': 'binary'},
                    'wi': {'p0max': 0.95,
                           'p0min': 0.05,
                           'parametrization': 'sigmoid',
                           'pmax': 0.99,
                           'pmin': 0.01,
                           'priors': [0.1, 0.8, 0.1],
                           'type': 'binary'},
                    'wo': {'p0max': 0.95,
                           'p0min': 0.05,
                           'parametrization': 'sigmoid',
                           'pmax': 0.99,
                           'pmin': 0.01,
                           'priors': [0.1, 0.8, 0.1],
                           'type': 'binary'}},
                   {'bc': {'init_m': 'zeros',
                           'init_v': -4.5,
                           'prior_m': 0.0,
                           'prior_v': 0.0,
                           'type': 'continuous'},
                    'bf': {'init_m': 'ones',
                           'init_v': -4.5,
                           'prior_m': 1.0,
                           'prior_v': 0.0,
                           'type': 'continuous'},
                    'bi': {'init_m': 'zeros',
                           'init_v': -4.5,
                           'prior_m': 0.0,
                           'prior_v': 0.0,
                           'type': 'continuous'},
                    'bo': {'init_m': 'zeros',
                           'init_v': -4.5,
                           'prior_m': 0.0,
                           'prior_v': 0.0,
                           'type': 'continuous'},
                    'discrete_act': [],
                    'layer_type': 'lstm',
                    'lr_adapt': False,
                    'parametrization': 'sigmoid',
                    'tau': 1.0,
                    'var_scope': 'lstm_1',
                    'wc': {'p0max': 0.95,
                           'p0min': 0.05,
                           'parametrization': 'sigmoid',
                           'pmax': 0.99,
                           'pmin': 0.01,
                           'priors': [0.1, 0.8, 0.1],
                           'type': 'binary'},
                    'wf': {'p0max': 0.95,
                           'p0min': 0.05,
                           'parametrization': 'sigmoid',
                           'pmax': 0.99,
                           'pmin': 0.01,
                           'priors': [0.1, 0.8, 0.1],
                           'type': 'binary'},
                    'wi': {'p0max': 0.95,
                           'p0min': 0.05,
                           'parametrization': 'sigmoid',
                           'pmax': 0.99,
                           'pmin': 0.01,
                           'priors': [0.1, 0.8, 0.1],
                           'type': 'binary'},
                    'wo': {'p0max': 0.95,
                           'p0min': 0.05,
                           'parametrization': 'sigmoid',
                           'pmax': 0.99,
                           'pmin': 0.01,
                           'priors': [0.1, 0.8, 0.1],
                           'type': 'binary'}},
                   {'b': {'init_m': 'zeros',
                          'init_v': -4.5,
                          'prior_m': 0.0,
                          'prior_v': 0.0,
                          'type': 'continuous'},
                    'layer_type': 'fc',
                    'lr_adapt': False,
                    'parametrization': 'sigmoid',
                    'regularization': {'mode': None, 'strength': 0.02},
                    'tau': 1.0,
                    'var_scope': 'output_layer',
                    'w': {'p0max': 0.95,
                          'p0min': 0.05,
                          'parametrization': 'sigmoid',
                          'pmax': 0.99,
                          'pmin': 0.01,
                          'priors': [0.1, 0.8, 0.1],
                          'type': 'binary'}}],
 'layout': [4, 40, 40, 10],
 'output_type': 'classification'}
==============================


tr
(9940, 4, 40)
va
(2120, 4, 40)
te
(1780, 4, 40)
  0,  0 | VaAcc: 0.1044, VaLoss:  5.12394	 MAP NN | Acc: 0.1360 | Loss: 5.3621
  1,  0 | VaAcc: 0.1132, VaLoss:  4.89005	 MAP NN | Acc: 0.1380 | Loss: 5.1429
  2,  0 | VaAcc: 0.1212, VaLoss:  4.75447	 MAP NN | Acc: 0.1140 | Loss: 5.3982
  3,  0 | VaAcc: 0.1212, VaLoss:  4.95466	 MAP NN | Acc: 0.1220 | Loss: 5.4105
  4,  0 | VaAcc: 0.1072, VaLoss:  4.78729	 MAP NN | Acc: 0.1140 | Loss: 5.3531
  5,  0 | VaAcc: 0.1000, VaLoss:  4.94373	 MAP NN | Acc: 0.1120 | Loss: 5.2110
  6,  0 | VaAcc: 0.1108, VaLoss:  4.97571	 MAP NN | Acc: 0.0940 | Loss: 5.4172
  7,  0 | VaAcc: 0.1020, VaLoss:  5.04412	 MAP NN | Acc: 0.1260 | Loss: 5.2205
  8,  0 | VaAcc: 0.1032, VaLoss:  5.19408	 MAP NN | Acc: 0.1120 | Loss: 5.3075
  9,  0 | VaAcc: 0.1104, VaLoss:  4.77586	 MAP NN | Acc: 0.1288 | Loss: 5.4545
 10,  0 | VaAcc: 0.1012, VaLoss:  5.04519	 MAP NN | Acc: 0.1388 | Loss: 5.5059
 11,  0 | VaAcc: 0.1072, VaLoss:  4.71305	 MAP NN | Acc: 0.1280 | Loss: 5.3095
 12,  0 | VaAcc: 0.1244, VaLoss:  4.67725	 MAP NN | Acc: 0.1140 | Loss: 5.2398
 13,  0 | VaAcc: 0.1200, VaLoss:  4.70725	 MAP NN | Acc: 0.1160 | Loss: 4.9821
 14,  0 | VaAcc: 0.1080, VaLoss:  4.89309	 MAP NN | Acc: 0.0992 | Loss: 5.2420
 15,  0 | VaAcc: 0.1136, VaLoss:  4.88259	 MAP NN | Acc: 0.1204 | Loss: 5.5288
 16,  0 | VaAcc: 0.1172, VaLoss:  4.79374	 MAP NN | Acc: 0.1320 | Loss: 5.1991
 17,  0 | VaAcc: 0.1232, VaLoss:  4.67359	 MAP NN | Acc: 0.1052 | Loss: 5.2337
 18,  0 | VaAcc: 0.1020, VaLoss:  5.14008	 MAP NN | Acc: 0.0784 | Loss: 5.3377
 19,  0 | VaAcc: 0.1076, VaLoss:  4.81060	 MAP NN | Acc: 0.1036 | Loss: 5.3454
 20,  0 | VaAcc: 0.1184, VaLoss:  4.83733	 MAP NN | Acc: 0.1060 | Loss: 5.2018
 21,  0 | VaAcc: 0.1016, VaLoss:  4.90930	 MAP NN | Acc: 0.1280 | Loss: 5.1179
 22,  0 | VaAcc: 0.1024, VaLoss:  4.83301	 MAP NN | Acc: 0.1060 | Loss: 5.0990
 23,  0 | VaAcc: 0.1064, VaLoss:  4.93155	 MAP NN | Acc: 0.0960 | Loss: 5.4518
 24,  0 | VaAcc: 0.1056, VaLoss:  5.20576	 MAP NN | Acc: 0.0880 | Loss: 5.3920
 25,  0 | VaAcc: 0.1036, VaLoss:  4.82549	 MAP NN | Acc: 0.1100 | Loss: 5.7037
 26,  0 | VaAcc: 0.1008, VaLoss:  4.97663	 MAP NN | Acc: 0.0900 | Loss: 5.6360
 27,  0 | VaAcc: 0.0996, VaLoss:  4.75490	 MAP NN | Acc: 0.0880 | Loss: 5.7005
 28,  0 | VaAcc: 0.0988, VaLoss:  5.09180	 MAP NN | Acc: 0.0916 | Loss: 5.5719
 29,  0 | VaAcc: 0.1140, VaLoss:  4.94334	 MAP NN | Acc: 0.1060 | Loss: 5.3596
 30,  0 | VaAcc: 0.1216, VaLoss:  5.15723	 MAP NN | Acc: 0.1136 | Loss: 5.2266
 31,  0 | VaAcc: 0.0988, VaLoss:  5.04458	 MAP NN | Acc: 0.0976 | Loss: 5.2991
 32,  0 | VaAcc: 0.1316, VaLoss:  4.70231	 MAP NN | Acc: 0.1060 | Loss: 5.4233
 33,  0 | VaAcc: 0.1160, VaLoss:  4.80523	 MAP NN | Acc: 0.1100 | Loss: 5.4424
 34,  0 | VaAcc: 0.1120, VaLoss:  4.80551	 MAP NN | Acc: 0.1136 | Loss: 5.4896
 35,  0 | VaAcc: 0.0984, VaLoss:  4.79730	 MAP NN | Acc: 0.1200 | Loss: 5.5094
 36,  0 | VaAcc: 0.1224, VaLoss:  4.63103	 MAP NN | Acc: 0.1260 | Loss: 5.2969
 37,  0 | VaAcc: 0.0968, VaLoss:  4.94577	 MAP NN | Acc: 0.0920 | Loss: 5.5878
 38,  0 | VaAcc: 0.1200, VaLoss:  4.69832	 MAP NN | Acc: 0.1068 | Loss: 5.3471
 39,  0 | VaAcc: 0.0964, VaLoss:  5.00450	 MAP NN | Acc: 0.0812 | Loss: 5.3605
 40,  0 | VaAcc: 0.1312, VaLoss:  4.74190	 MAP NN | Acc: 0.0932 | Loss: 5.3220
 41,  0 | VaAcc: 0.1180, VaLoss:  5.08071	 MAP NN | Acc: 0.1012 | Loss: 5.3581
 42,  0 | VaAcc: 0.1020, VaLoss:  5.25482	 MAP NN | Acc: 0.0980 | Loss: 5.4493
 43,  0 | VaAcc: 0.1220, VaLoss:  4.58722	 MAP NN | Acc: 0.1168 | Loss: 5.1803
 44,  0 | VaAcc: 0.1164, VaLoss:  4.78763	 MAP NN | Acc: 0.0988 | Loss: 5.3853
 45,  0 | VaAcc: 0.1120, VaLoss:  5.02636	 MAP NN | Acc: 0.0972 | Loss: 5.2815
 46,  0 | VaAcc: 0.1116, VaLoss:  5.01932	 MAP NN | Acc: 0.0960 | Loss: 5.3981
 47,  0 | VaAcc: 0.1020, VaLoss:  4.95678	 MAP NN | Acc: 0.1120 | Loss: 5.1993
 48,  0 | VaAcc: 0.1048, VaLoss:  5.00060	 MAP NN | Acc: 0.0980 | Loss: 5.2858
 49,  0 | VaAcc: 0.1004, VaLoss:  4.78673	 MAP NN | Acc: 0.0700 | Loss: 5.3383
 50,  0 | VaAcc: 0.1112, VaLoss:  4.75175	 MAP NN | Acc: 0.1036 | Loss: 5.3250
 51,  0 | VaAcc: 0.1072, VaLoss:  5.02415	 MAP NN | Acc: 0.1020 | Loss: 5.3668
 52,  0 | VaAcc: 0.1028, VaLoss:  5.07305	 MAP NN | Acc: 0.1204 | Loss: 5.1080
 53,  0 | VaAcc: 0.1000, VaLoss:  4.91979	 MAP NN | Acc: 0.1140 | Loss: 5.2337
 54,  0 | VaAcc: 0.1156, VaLoss:  4.79181	 MAP NN | Acc: 0.1028 | Loss: 5.2763
 55,  0 | VaAcc: 0.1064, VaLoss:  4.81317	 MAP NN | Acc: 0.1220 | Loss: 5.0427
 56,  0 | VaAcc: 0.1268, VaLoss:  4.87659	 MAP NN | Acc: 0.1384 | Loss: 5.0829
 57,  0 | VaAcc: 0.1144, VaLoss:  4.65948	 MAP NN | Acc: 0.1220 | Loss: 5.1929
 58,  0 | VaAcc: 0.1352, VaLoss:  4.68296	 MAP NN | Acc: 0.1440 | Loss: 4.9748
 59,  0 | VaAcc: 0.0920, VaLoss:  5.07425	 MAP NN | Acc: 0.1200 | Loss: 4.9758
 60,  0 | VaAcc: 0.1032, VaLoss:  4.77825	 MAP NN | Acc: 0.1220 | Loss: 5.0534
 61,  0 | VaAcc: 0.0940, VaLoss:  4.87888	 MAP NN | Acc: 0.1260 | Loss: 4.9503
 62,  0 | VaAcc: 0.1076, VaLoss:  4.88229	 MAP NN | Acc: 0.1400 | Loss: 4.8619
 63,  0 | VaAcc: 0.1168, VaLoss:  4.72959	 MAP NN | Acc: 0.1420 | Loss: 4.8941
 64,  0 | VaAcc: 0.1264, VaLoss:  4.71032	 MAP NN | Acc: 0.1320 | Loss: 5.0315
 65,  0 | VaAcc: 0.1176, VaLoss:  4.75598	 MAP NN | Acc: 0.0896 | Loss: 5.2902
 66,  0 | VaAcc: 0.0988, VaLoss:  4.71687	 MAP NN | Acc: 0.1100 | Loss: 5.2606
 67,  0 | VaAcc: 0.1260, VaLoss:  4.65774	 MAP NN | Acc: 0.1020 | Loss: 5.2752
 68,  0 | VaAcc: 0.1036, VaLoss:  5.30361	 MAP NN | Acc: 0.1048 | Loss: 5.2605
 69,  0 | VaAcc: 0.1164, VaLoss:  4.79740	 MAP NN | Acc: 0.1120 | Loss: 5.3752
 70,  0 | VaAcc: 0.1132, VaLoss:  4.93679	 MAP NN | Acc: 0.1096 | Loss: 5.4021
 71,  0 | VaAcc: 0.1188, VaLoss:  4.78945	 MAP NN | Acc: 0.0888 | Loss: 5.6409
 72,  0 | VaAcc: 0.1036, VaLoss:  4.96226	 MAP NN | Acc: 0.0836 | Loss: 5.4718
 73,  0 | VaAcc: 0.1316, VaLoss:  4.65317	 MAP NN | Acc: 0.1124 | Loss: 5.4176
 74,  0 | VaAcc: 0.0972, VaLoss:  4.94734	 MAP NN | Acc: 0.0920 | Loss: 5.4649
 75,  0 | VaAcc: 0.1056, VaLoss:  5.00299	 MAP NN | Acc: 0.0984 | Loss: 5.4732
 76,  0 | VaAcc: 0.1008, VaLoss:  5.01870	 MAP NN | Acc: 0.1164 | Loss: 5.4313
 77,  0 | VaAcc: 0.1104, VaLoss:  5.03451	 MAP NN | Acc: 0.0900 | Loss: 5.5816
 78,  0 | VaAcc: 0.1004, VaLoss:  5.14368	 MAP NN | Acc: 0.1200 | Loss: 5.5963
 79,  0 | VaAcc: 0.1184, VaLoss:  4.83891	 MAP NN | Acc: 0.0940 | Loss: 5.6200
 80,  0 | VaAcc: 0.1204, VaLoss:  4.87030	 MAP NN | Acc: 0.1132 | Loss: 5.5965
 81,  0 | VaAcc: 0.1204, VaLoss:  4.55773	 MAP NN | Acc: 0.0908 | Loss: 5.7221
 82,  0 | VaAcc: 0.1044, VaLoss:  5.13760	 MAP NN | Acc: 0.1136 | Loss: 5.6319
 83,  0 | VaAcc: 0.1232, VaLoss:  4.74566	 MAP NN | Acc: 0.0940 | Loss: 5.5128
 84,  0 | VaAcc: 0.1028, VaLoss:  4.99649	 MAP NN | Acc: 0.0816 | Loss: 5.6166
 85,  0 | VaAcc: 0.0908, VaLoss:  5.27140	 MAP NN | Acc: 0.0880 | Loss: 5.4899
 86,  0 | VaAcc: 0.1276, VaLoss:  4.76024	 MAP NN | Acc: 0.0976 | Loss: 5.5869
 87,  0 | VaAcc: 0.1080, VaLoss:  5.05657	 MAP NN | Acc: 0.0940 | Loss: 5.4862
 88,  0 | VaAcc: 0.1236, VaLoss:  4.59108	 MAP NN | Acc: 0.0960 | Loss: 5.5626
 89,  0 | VaAcc: 0.1132, VaLoss:  4.62214	 MAP NN | Acc: 0.1064 | Loss: 5.4353
 90,  0 | VaAcc: 0.1076, VaLoss:  4.80492	 MAP NN | Acc: 0.0924 | Loss: 5.6189
 91,  0 | VaAcc: 0.1192, VaLoss:  4.71242	 MAP NN | Acc: 0.0884 | Loss: 5.4945
 92,  0 | VaAcc: 0.1064, VaLoss:  4.67590	 MAP NN | Acc: 0.0744 | Loss: 5.6999
 93,  0 | VaAcc: 0.1084, VaLoss:  4.77766	 MAP NN | Acc: 0.1168 | Loss: 5.4174
 94,  0 | VaAcc: 0.1044, VaLoss:  5.03608	 MAP NN | Acc: 0.1020 | Loss: 5.4599
 95,  0 | VaAcc: 0.1320, VaLoss:  4.78727	 MAP NN | Acc: 0.1000 | Loss: 5.2894
 96,  0 | VaAcc: 0.1112, VaLoss:  4.99137	 MAP NN | Acc: 0.1176 | Loss: 5.1217
 97,  0 | VaAcc: 0.1280, VaLoss:  4.54084	 MAP NN | Acc: 0.1048 | Loss: 5.1772
 98,  0 | VaAcc: 0.1100, VaLoss:  4.75770	 MAP NN | Acc: 0.1200 | Loss: 5.0521
 99,  0 | VaAcc: 0.1136, VaLoss:  4.73046	 MAP NN | Acc: 0.0908 | Loss: 5.5453
100,  0 | VaAcc: 0.1200, VaLoss:  4.93567	 MAP NN | Acc: 0.0980 | Loss: 5.4390
101,  0 | VaAcc: 0.1348, VaLoss:  4.53516	 MAP NN | Acc: 0.0940 | Loss: 5.4777
102,  0 | VaAcc: 0.1028, VaLoss:  4.89292	 MAP NN | Acc: 0.1000 | Loss: 5.5231
103,  0 | VaAcc: 0.1208, VaLoss:  4.83917	 MAP NN | Acc: 0.0852 | Loss: 5.6369
104,  0 | VaAcc: 0.1048, VaLoss:  4.98008	 MAP NN | Acc: 0.0860 | Loss: 5.6765
105,  0 | VaAcc: 0.1048, VaLoss:  4.94307	 MAP NN | Acc: 0.0960 | Loss: 5.6511
106,  0 | VaAcc: 0.1016, VaLoss:  5.05146	 MAP NN | Acc: 0.0968 | Loss: 5.6852
107,  0 | VaAcc: 0.1040, VaLoss:  4.87342	 MAP NN | Acc: 0.0928 | Loss: 5.6128
108,  0 | VaAcc: 0.1248, VaLoss:  4.79827	 MAP NN | Acc: 0.0960 | Loss: 5.4512
109,  0 | VaAcc: 0.1076, VaLoss:  4.73340	 MAP NN | Acc: 0.1068 | Loss: 5.2697
110,  0 | VaAcc: 0.1080, VaLoss:  4.94840	 MAP NN | Acc: 0.0840 | Loss: 5.1721
111,  0 | VaAcc: 0.1164, VaLoss:  4.63336	 MAP NN | Acc: 0.1032 | Loss: 5.0548
112,  0 | VaAcc: 0.0948, VaLoss:  5.06393	 MAP NN | Acc: 0.1192 | Loss: 5.0981
113,  0 | VaAcc: 0.1020, VaLoss:  5.14175	 MAP NN | Acc: 0.1120 | Loss: 5.0381
114,  0 | VaAcc: 0.1096, VaLoss:  5.01159	 MAP NN | Acc: 0.1288 | Loss: 5.2767
115,  0 | VaAcc: 0.1004, VaLoss:  4.79512	 MAP NN | Acc: 0.1300 | Loss: 5.1126
116,  0 | VaAcc: 0.1244, VaLoss:  4.75442	 MAP NN | Acc: 0.1100 | Loss: 5.3665
117,  0 | VaAcc: 0.1060, VaLoss:  4.91780	 MAP NN | Acc: 0.1080 | Loss: 5.4585
118,  0 | VaAcc: 0.1184, VaLoss:  4.95476	 MAP NN | Acc: 0.1340 | Loss: 5.3089
119,  0 | VaAcc: 0.1152, VaLoss:  4.70251	 MAP NN | Acc: 0.1280 | Loss: 5.3753
120,  0 | VaAcc: 0.1064, VaLoss:  4.84884	 MAP NN | Acc: 0.1140 | Loss: 5.1795
121,  0 | VaAcc: 0.1232, VaLoss:  4.68106	 MAP NN | Acc: 0.1460 | Loss: 4.9380
122,  0 | VaAcc: 0.0964, VaLoss:  4.83689	 MAP NN | Acc: 0.1240 | Loss: 5.0347
123,  0 | VaAcc: 0.1168, VaLoss:  4.83348	 MAP NN | Acc: 0.1372 | Loss: 4.9816
124,  0 | VaAcc: 0.1268, VaLoss:  4.66181	 MAP NN | Acc: 0.1320 | Loss: 5.4265
125,  0 | VaAcc: 0.1132, VaLoss:  4.89367	 MAP NN | Acc: 0.1088 | Loss: 5.1431
126,  0 | VaAcc: 0.0936, VaLoss:  5.02981	 MAP NN | Acc: 0.1460 | Loss: 5.2494
127,  0 | VaAcc: 0.1244, VaLoss:  4.62780	 MAP NN | Acc: 0.1236 | Loss: 5.2107
128,  0 | VaAcc: 0.1184, VaLoss:  4.84734	 MAP NN | Acc: 0.1080 | Loss: 5.3421
129,  0 | VaAcc: 0.1340, VaLoss:  4.77194	 MAP NN | Acc: 0.1180 | Loss: 5.4172
130,  0 | VaAcc: 0.1276, VaLoss:  4.58924	 MAP NN | Acc: 0.1008 | Loss: 5.5173
131,  0 | VaAcc: 0.1084, VaLoss:  5.10691	 MAP NN | Acc: 0.1064 | Loss: 5.4865
132,  0 | VaAcc: 0.0792, VaLoss:  5.53077	 MAP NN | Acc: 0.1036 | Loss: 5.2544
133,  0 | VaAcc: 0.1216, VaLoss:  4.92278	 MAP NN | Acc: 0.1080 | Loss: 5.3840
134,  0 | VaAcc: 0.1076, VaLoss:  4.95949	 MAP NN | Acc: 0.1056 | Loss: 5.2041
135,  0 | VaAcc: 0.1220, VaLoss:  5.03666	 MAP NN | Acc: 0.1288 | Loss: 5.0649
136,  0 | VaAcc: 0.1264, VaLoss:  4.54751	 MAP NN | Acc: 0.1188 | Loss: 4.9470
137,  0 | VaAcc: 0.1308, VaLoss:  4.46263	 MAP NN | Acc: 0.1108 | Loss: 5.1443
138,  0 | VaAcc: 0.1304, VaLoss:  4.72241	 MAP NN | Acc: 0.1220 | Loss: 4.9760
139,  0 | VaAcc: 0.1092, VaLoss:  4.87053	 MAP NN | Acc: 0.1508 | Loss: 5.0844
140,  0 | VaAcc: 0.1192, VaLoss:  4.70070	 MAP NN | Acc: 0.1268 | Loss: 5.1817
141,  0 | VaAcc: 0.1016, VaLoss:  4.86243	 MAP NN | Acc: 0.1304 | Loss: 5.1983
142,  0 | VaAcc: 0.1204, VaLoss:  4.96201	 MAP NN | Acc: 0.1240 | Loss: 5.0849
143,  0 | VaAcc: 0.1160, VaLoss:  4.76449	 MAP NN | Acc: 0.1000 | Loss: 5.4527
144,  0 | VaAcc: 0.0912, VaLoss:  5.01671	 MAP NN | Acc: 0.1120 | Loss: 5.5783
145,  0 | VaAcc: 0.0924, VaLoss:  5.03617	 MAP NN | Acc: 0.0948 | Loss: 5.7361
146,  0 | VaAcc: 0.1156, VaLoss:  4.80038	 MAP NN | Acc: 0.1000 | Loss: 5.6459
147,  0 | VaAcc: 0.1056, VaLoss:  4.91279	 MAP NN | Acc: 0.1140 | Loss: 5.3810
148,  0 | VaAcc: 0.0916, VaLoss:  4.88877	 MAP NN | Acc: 0.0980 | Loss: 5.2854
149,  0 | VaAcc: 0.1068, VaLoss:  4.86125	 MAP NN | Acc: 0.1356 | Loss: 5.3425
150,  0 | VaAcc: 0.0988, VaLoss:  4.67118	 MAP NN | Acc: 0.1040 | Loss: 5.5873
151,  0 | VaAcc: 0.1092, VaLoss:  4.78004	 MAP NN | Acc: 0.1060 | Loss: 5.6127
152,  0 | VaAcc: 0.1040, VaLoss:  4.78230	 MAP NN | Acc: 0.1140 | Loss: 5.4999
153,  0 | VaAcc: 0.1140, VaLoss:  4.93492	 MAP NN | Acc: 0.1332 | Loss: 5.1804
154,  0 | VaAcc: 0.1064, VaLoss:  4.86141	 MAP NN | Acc: 0.1092 | Loss: 5.3579
155,  0 | VaAcc: 0.1228, VaLoss:  4.73938	 MAP NN | Acc: 0.1032 | Loss: 5.4142
156,  0 | VaAcc: 0.1176, VaLoss:  5.01931	 MAP NN | Acc: 0.1080 | Loss: 5.3323
157,  0 | VaAcc: 0.1100, VaLoss:  5.07773	 MAP NN | Acc: 0.0920 | Loss: 5.3685
158,  0 | VaAcc: 0.1108, VaLoss:  5.20374	 MAP NN | Acc: 0.0952 | Loss: 5.4149
159,  0 | VaAcc: 0.1132, VaLoss:  4.80562	 MAP NN | Acc: 0.0952 | Loss: 5.3905
160,  0 | VaAcc: 0.1052, VaLoss:  4.83020	 MAP NN | Acc: 0.0940 | Loss: 5.4147
161,  0 | VaAcc: 0.1068, VaLoss:  4.85351	 MAP NN | Acc: 0.0980 | Loss: 5.7218
162,  0 | VaAcc: 0.1124, VaLoss:  4.86277	 MAP NN | Acc: 0.1036 | Loss: 5.5829
163,  0 | VaAcc: 0.1300, VaLoss:  4.83307	 MAP NN | Acc: 0.0736 | Loss: 5.5586
164,  0 | VaAcc: 0.1168, VaLoss:  4.81575	 MAP NN | Acc: 0.0940 | Loss: 5.5216
165,  0 | VaAcc: 0.1076, VaLoss:  4.88915	 MAP NN | Acc: 0.0928 | Loss: 5.6228
166,  0 | VaAcc: 0.0964, VaLoss:  4.98922	 MAP NN | Acc: 0.1176 | Loss: 5.3600
167,  0 | VaAcc: 0.1020, VaLoss:  5.16895	 MAP NN | Acc: 0.0908 | Loss: 5.3650
168,  0 | VaAcc: 0.1084, VaLoss:  4.76458	 MAP NN | Acc: 0.1016 | Loss: 5.4506
169,  0 | VaAcc: 0.1112, VaLoss:  4.86554	 MAP NN | Acc: 0.1100 | Loss: 5.3988
170,  0 | VaAcc: 0.1176, VaLoss:  4.80001	 MAP NN | Acc: 0.1012 | Loss: 5.5574
171,  0 | VaAcc: 0.1044, VaLoss:  5.05548	 MAP NN | Acc: 0.1024 | Loss: 5.2656
172,  0 | VaAcc: 0.1240, VaLoss:  4.77959	 MAP NN | Acc: 0.1248 | Loss: 5.2560
173,  0 | VaAcc: 0.1240, VaLoss:  4.74812	 MAP NN | Acc: 0.1132 | Loss: 5.3917
174,  0 | VaAcc: 0.1052, VaLoss:  4.87969	 MAP NN | Acc: 0.1112 | Loss: 5.3553
175,  0 | VaAcc: 0.1128, VaLoss:  4.97307	 MAP NN | Acc: 0.1240 | Loss: 5.2313
176,  0 | VaAcc: 0.0980, VaLoss:  4.94789	 MAP NN | Acc: 0.1060 | Loss: 5.2554
177,  0 | VaAcc: 0.1196, VaLoss:  4.75934	 MAP NN | Acc: 0.1068 | Loss: 5.3820
178,  0 | VaAcc: 0.1304, VaLoss:  4.76113	 MAP NN | Acc: 0.1216 | Loss: 5.3834
179,  0 | VaAcc: 0.1048, VaLoss:  4.86101	 MAP NN | Acc: 0.1252 | Loss: 5.2977
180,  0 | VaAcc: 0.1068, VaLoss:  4.97864	 MAP NN | Acc: 0.1340 | Loss: 5.4290
181,  0 | VaAcc: 0.0972, VaLoss:  4.91843	 MAP NN | Acc: 0.1080 | Loss: 5.5886
182,  0 | VaAcc: 0.1072, VaLoss:  4.84836	 MAP NN | Acc: 0.1128 | Loss: 5.4622
183,  0 | VaAcc: 0.0984, VaLoss:  4.98606	 MAP NN | Acc: 0.1188 | Loss: 5.1074
184,  0 | VaAcc: 0.0984, VaLoss:  4.98477	 MAP NN | Acc: 0.1372 | Loss: 5.0602
185,  0 | VaAcc: 0.1028, VaLoss:  4.98675	 MAP NN | Acc: 0.1460 | Loss: 4.8231
186,  0 | VaAcc: 0.1220, VaLoss:  4.60888	 MAP NN | Acc: 0.1276 | Loss: 5.0336
187,  0 | VaAcc: 0.1352, VaLoss:  4.39048	 MAP NN | Acc: 0.1216 | Loss: 4.8450
188,  0 | VaAcc: 0.1020, VaLoss:  4.86757	 MAP NN | Acc: 0.1080 | Loss: 5.6214
189,  0 | VaAcc: 0.1252, VaLoss:  4.33428	 MAP NN | Acc: 0.1280 | Loss: 4.9878
190,  0 | VaAcc: 0.1092, VaLoss:  4.89772	 MAP NN | Acc: 0.1260 | Loss: 5.1886
191,  0 | VaAcc: 0.0968, VaLoss:  4.61263	 MAP NN | Acc: 0.1428 | Loss: 5.1834
192,  0 | VaAcc: 0.1232, VaLoss:  4.99000	 MAP NN | Acc: 0.1320 | Loss: 5.1980
193,  0 | VaAcc: 0.1024, VaLoss:  4.60794	 MAP NN | Acc: 0.1040 | Loss: 5.3267
194,  0 | VaAcc: 0.1256, VaLoss:  4.69013	 MAP NN | Acc: 0.0840 | Loss: 5.7371
195,  0 | VaAcc: 0.1196, VaLoss:  5.03430	 MAP NN | Acc: 0.1344 | Loss: 5.0116
196,  0 | VaAcc: 0.1056, VaLoss:  4.81004	 MAP NN | Acc: 0.1340 | Loss: 5.1152
197,  0 | VaAcc: 0.1136, VaLoss:  4.79293	 MAP NN | Acc: 0.1360 | Loss: 5.3489
198,  0 | VaAcc: 0.1120, VaLoss:  4.92417	 MAP NN | Acc: 0.1128 | Loss: 5.4476
199,  0 | VaAcc: 0.1252, VaLoss:  4.68856	 MAP NN | Acc: 0.1320 | Loss: 5.2645
200,  0 | VaAcc: 0.1032, VaLoss:  4.92467	 MAP NN | Acc: 0.1292 | Loss: 5.1637
201,  0 | VaAcc: 0.0892, VaLoss:  5.20375	 MAP NN | Acc: 0.1388 | Loss: 4.9799
202,  0 | VaAcc: 0.0940, VaLoss:  5.11606	 MAP NN | Acc: 0.1164 | Loss: 5.3629
203,  0 | VaAcc: 0.1096, VaLoss:  4.83201	 MAP NN | Acc: 0.1320 | Loss: 5.4677
204,  0 | VaAcc: 0.1336, VaLoss:  4.84590	 MAP NN | Acc: 0.1116 | Loss: 5.4404
205,  0 | VaAcc: 0.1196, VaLoss:  5.03200	 MAP NN | Acc: 0.1156 | Loss: 5.4283
206,  0 | VaAcc: 0.1052, VaLoss:  4.91482	 MAP NN | Acc: 0.1280 | Loss: 5.5096
207,  0 | VaAcc: 0.1136, VaLoss:  4.78689	 MAP NN | Acc: 0.1320 | Loss: 5.4299
208,  0 | VaAcc: 0.1044, VaLoss:  4.76376	 MAP NN | Acc: 0.1020 | Loss: 5.7677
209,  0 | VaAcc: 0.1060, VaLoss:  4.87569	 MAP NN | Acc: 0.1188 | Loss: 5.5322
210,  0 | VaAcc: 0.1260, VaLoss:  4.80091	 MAP NN | Acc: 0.1268 | Loss: 5.2929
211,  0 | VaAcc: 0.1172, VaLoss:  4.83277	 MAP NN | Acc: 0.1188 | Loss: 5.2883
212,  0 | VaAcc: 0.1096, VaLoss:  5.02018	 MAP NN | Acc: 0.1360 | Loss: 5.1538
213,  0 | VaAcc: 0.1168, VaLoss:  4.86372	 MAP NN | Acc: 0.1300 | Loss: 5.4570
214,  0 | VaAcc: 0.0892, VaLoss:  4.96179	 MAP NN | Acc: 0.1132 | Loss: 5.1749
215,  0 | VaAcc: 0.0996, VaLoss:  4.83339	 MAP NN | Acc: 0.1152 | Loss: 5.2229
216,  0 | VaAcc: 0.1160, VaLoss:  4.83603	 MAP NN | Acc: 0.1456 | Loss: 5.1339
217,  0 | VaAcc: 0.1228, VaLoss:  4.51525	 MAP NN | Acc: 0.1480 | Loss: 5.1182
218,  0 | VaAcc: 0.0976, VaLoss:  4.80763	 MAP NN | Acc: 0.1440 | Loss: 5.0813
219,  0 | VaAcc: 0.1228, VaLoss:  4.83082	 MAP NN | Acc: 0.1280 | Loss: 5.3091
220,  0 | VaAcc: 0.1024, VaLoss:  4.85324	 MAP NN | Acc: 0.1320 | Loss: 5.2580
221,  0 | VaAcc: 0.1160, VaLoss:  4.84919	 MAP NN | Acc: 0.1172 | Loss: 5.3677
222,  0 | VaAcc: 0.1176, VaLoss:  4.71602	 MAP NN | Acc: 0.1280 | Loss: 5.1594
223,  0 | VaAcc: 0.1088, VaLoss:  4.78340	 MAP NN | Acc: 0.1268 | Loss: 5.2204
224,  0 | VaAcc: 0.1140, VaLoss:  5.00669	 MAP NN | Acc: 0.0920 | Loss: 5.7041
225,  0 | VaAcc: 0.1124, VaLoss:  4.79610	 MAP NN | Acc: 0.1180 | Loss: 5.7930
226,  0 | VaAcc: 0.0984, VaLoss:  5.17425	 MAP NN | Acc: 0.0948 | Loss: 5.6185
227,  0 | VaAcc: 0.1284, VaLoss:  4.59833	 MAP NN | Acc: 0.1108 | Loss: 5.5985
228,  0 | VaAcc: 0.1184, VaLoss:  4.66520	 MAP NN | Acc: 0.1120 | Loss: 5.4841
229,  0 | VaAcc: 0.1056, VaLoss:  4.91864	 MAP NN | Acc: 0.1016 | Loss: 5.4091
230,  0 | VaAcc: 0.1052, VaLoss:  4.73249	 MAP NN | Acc: 0.1160 | Loss: 5.3088
231,  0 | VaAcc: 0.0936, VaLoss:  4.84869	 MAP NN | Acc: 0.1212 | Loss: 5.2664
232,  0 | VaAcc: 0.0964, VaLoss:  4.78754	 MAP NN | Acc: 0.1196 | Loss: 5.3719
233,  0 | VaAcc: 0.0976, VaLoss:  4.78798	 MAP NN | Acc: 0.1208 | Loss: 5.6791
234,  0 | VaAcc: 0.1160, VaLoss:  4.83440	 MAP NN | Acc: 0.1080 | Loss: 5.6244
235,  0 | VaAcc: 0.1164, VaLoss:  4.65430	 MAP NN | Acc: 0.1200 | Loss: 5.5735
236,  0 | VaAcc: 0.1276, VaLoss:  4.68116	 MAP NN | Acc: 0.1328 | Loss: 5.6010
237,  0 | VaAcc: 0.0964, VaLoss:  4.96793	 MAP NN | Acc: 0.1236 | Loss: 5.3609
238,  0 | VaAcc: 0.1140, VaLoss:  4.77634	 MAP NN | Acc: 0.1236 | Loss: 5.4073
239,  0 | VaAcc: 0.1024, VaLoss:  5.05095	 MAP NN | Acc: 0.0940 | Loss: 5.4121
240,  0 | VaAcc: 0.1108, VaLoss:  4.85632	 MAP NN | Acc: 0.1104 | Loss: 5.1900
241,  0 | VaAcc: 0.1192, VaLoss:  4.67749	 MAP NN | Acc: 0.1000 | Loss: 4.9674
242,  0 | VaAcc: 0.1100, VaLoss:  4.82026	 MAP NN | Acc: 0.0988 | Loss: 4.9108
243,  0 | VaAcc: 0.1236, VaLoss:  4.90475	 MAP NN | Acc: 0.1020 | Loss: 4.9822
244,  0 | VaAcc: 0.1280, VaLoss:  4.60216	 MAP NN | Acc: 0.0940 | Loss: 5.0898
245,  0 | VaAcc: 0.1404, VaLoss:  4.50587	 MAP NN | Acc: 0.1060 | Loss: 5.0788
246,  0 | VaAcc: 0.1488, VaLoss:  4.48011	 MAP NN | Acc: 0.1320 | Loss: 5.0093
247,  0 | VaAcc: 0.1148, VaLoss:  4.68152	 MAP NN | Acc: 0.1000 | Loss: 4.8676
248,  0 | VaAcc: 0.1148, VaLoss:  4.86508	 MAP NN | Acc: 0.1224 | Loss: 4.7905
249,  0 | VaAcc: 0.0976, VaLoss:  4.88528	 MAP NN | Acc: 0.1080 | Loss: 4.9230
250,  0 | VaAcc: 0.1028, VaLoss:  4.80670	 MAP NN | Acc: 0.1260 | Loss: 4.8672
251,  0 | VaAcc: 0.1236, VaLoss:  4.70199	 MAP NN | Acc: 0.1200 | Loss: 4.9764
252,  0 | VaAcc: 0.1208, VaLoss:  4.71552	 MAP NN | Acc: 0.1100 | Loss: 4.9895
253,  0 | VaAcc: 0.1156, VaLoss:  4.84380	 MAP NN | Acc: 0.1260 | Loss: 4.7533
254,  0 | VaAcc: 0.1092, VaLoss:  4.87699	 MAP NN | Acc: 0.1100 | Loss: 4.7438
255,  0 | VaAcc: 0.1108, VaLoss:  4.79775	 MAP NN | Acc: 0.1456 | Loss: 4.5679
256,  0 | VaAcc: 0.1228, VaLoss:  4.93646	 MAP NN | Acc: 0.1484 | Loss: 4.6780
257,  0 | VaAcc: 0.0988, VaLoss:  4.84537	 MAP NN | Acc: 0.1320 | Loss: 4.7287
258,  0 | VaAcc: 0.1120, VaLoss:  4.84783	 MAP NN | Acc: 0.1288 | Loss: 4.8899
259,  0 | VaAcc: 0.1016, VaLoss:  4.95114	 MAP NN | Acc: 0.1268 | Loss: 4.8385
260,  0 | VaAcc: 0.1160, VaLoss:  4.82249	 MAP NN | Acc: 0.1296 | Loss: 4.7343
261,  0 | VaAcc: 0.1116, VaLoss:  5.05717	 MAP NN | Acc: 0.0960 | Loss: 4.9686
262,  0 | VaAcc: 0.1072, VaLoss:  4.81136	 MAP NN | Acc: 0.1284 | Loss: 4.7914
263,  0 | VaAcc: 0.1164, VaLoss:  4.70430	 MAP NN | Acc: 0.1144 | Loss: 5.0694
264,  0 | VaAcc: 0.0944, VaLoss:  4.98766	 MAP NN | Acc: 0.1220 | Loss: 4.9820
265,  0 | VaAcc: 0.1032, VaLoss:  4.79412	 MAP NN | Acc: 0.1220 | Loss: 5.0133
266,  0 | VaAcc: 0.1108, VaLoss:  4.78052	 MAP NN | Acc: 0.1064 | Loss: 5.3365
267,  0 | VaAcc: 0.1096, VaLoss:  4.84651	 MAP NN | Acc: 0.1156 | Loss: 4.9614
268,  0 | VaAcc: 0.1152, VaLoss:  4.64715	 MAP NN | Acc: 0.1224 | Loss: 4.9733
269,  0 | VaAcc: 0.1188, VaLoss:  4.83412	 MAP NN | Acc: 0.1168 | Loss: 5.1815
270,  0 | VaAcc: 0.1164, VaLoss:  4.71721	 MAP NN | Acc: 0.1100 | Loss: 5.1068
271,  0 | VaAcc: 0.1236, VaLoss:  4.77812	 MAP NN | Acc: 0.1200 | Loss: 5.0435
272,  0 | VaAcc: 0.0996, VaLoss:  4.81326	 MAP NN | Acc: 0.1152 | Loss: 5.1675
273,  0 | VaAcc: 0.1184, VaLoss:  4.62405	 MAP NN | Acc: 0.0952 | Loss: 5.1974
274,  0 | VaAcc: 0.0952, VaLoss:  5.06575	 MAP NN | Acc: 0.1164 | Loss: 5.2366
275,  0 | VaAcc: 0.1072, VaLoss:  4.86249	 MAP NN | Acc: 0.0988 | Loss: 5.3358
276,  0 | VaAcc: 0.1256, VaLoss:  4.60263	 MAP NN | Acc: 0.1004 | Loss: 5.3865
277,  0 | VaAcc: 0.0940, VaLoss:  4.90439	 MAP NN | Acc: 0.1096 | Loss: 5.4038
278,  0 | VaAcc: 0.1176, VaLoss:  4.55174	 MAP NN | Acc: 0.0988 | Loss: 5.1788
279,  0 | VaAcc: 0.1136, VaLoss:  4.94286	 MAP NN | Acc: 0.1280 | Loss: 5.2730
280,  0 | VaAcc: 0.1272, VaLoss:  4.67799	 MAP NN | Acc: 0.1380 | Loss: 4.5036
281,  0 | VaAcc: 0.1084, VaLoss:  4.72207	 MAP NN | Acc: 0.1440 | Loss: 4.6543
282,  0 | VaAcc: 0.1028, VaLoss:  5.35112	 MAP NN | Acc: 0.1640 | Loss: 4.5472
283,  0 | VaAcc: 0.1136, VaLoss:  4.90291	 MAP NN | Acc: 0.1048 | Loss: 5.1525
284,  0 | VaAcc: 0.1080, VaLoss:  4.92638	 MAP NN | Acc: 0.1108 | Loss: 5.2773
285,  0 | VaAcc: 0.1140, VaLoss:  4.79127	 MAP NN | Acc: 0.1052 | Loss: 5.2360
286,  0 | VaAcc: 0.1020, VaLoss:  4.83585	 MAP NN | Acc: 0.0912 | Loss: 5.1665
287,  0 | VaAcc: 0.1164, VaLoss:  4.78048	 MAP NN | Acc: 0.1200 | Loss: 4.9847
288,  0 | VaAcc: 0.1060, VaLoss:  5.02825	 MAP NN | Acc: 0.1088 | Loss: 5.2213
289,  0 | VaAcc: 0.1116, VaLoss:  4.90331	 MAP NN | Acc: 0.1068 | Loss: 5.0695
290,  0 | VaAcc: 0.1132, VaLoss:  4.95362	 MAP NN | Acc: 0.1200 | Loss: 5.0248
291,  0 | VaAcc: 0.1320, VaLoss:  4.77878	 MAP NN | Acc: 0.0944 | Loss: 5.2816
292,  0 | VaAcc: 0.1112, VaLoss:  4.69404	 MAP NN | Acc: 0.0944 | Loss: 5.3388
293,  0 | VaAcc: 0.1248, VaLoss:  4.81737	 MAP NN | Acc: 0.0924 | Loss: 5.2695
294,  0 | VaAcc: 0.1012, VaLoss:  4.67447	 MAP NN | Acc: 0.1164 | Loss: 5.2281
295,  0 | VaAcc: 0.1096, VaLoss:  4.72411	 MAP NN | Acc: 0.1100 | Loss: 5.2591
296,  0 | VaAcc: 0.1288, VaLoss:  4.52773	 MAP NN | Acc: 0.1480 | Loss: 4.5801
297,  0 | VaAcc: 0.1064, VaLoss:  4.81859	 MAP NN | Acc: 0.1444 | Loss: 4.6352
298,  0 | VaAcc: 0.0988, VaLoss:  5.03097	 MAP NN | Acc: 0.1500 | Loss: 4.4615
299,  0 | VaAcc: 0.1244, VaLoss:  4.69097	 MAP NN | Acc: 0.1180 | Loss: 4.7652
300,  0 | VaAcc: 0.1004, VaLoss:  4.77723	 MAP NN | Acc: 0.1328 | Loss: 4.5499
301,  0 | VaAcc: 0.1088, VaLoss:  4.70077	 MAP NN | Acc: 0.1460 | Loss: 4.5446
302,  0 | VaAcc: 0.1240, VaLoss:  4.76844	 MAP NN | Acc: 0.1620 | Loss: 4.5685
303,  0 | VaAcc: 0.1200, VaLoss:  4.81776	 MAP NN | Acc: 0.1348 | Loss: 4.7598
304,  0 | VaAcc: 0.1212, VaLoss:  4.73771	 MAP NN | Acc: 0.1560 | Loss: 4.5971
305,  0 | VaAcc: 0.1264, VaLoss:  4.49261	 MAP NN | Acc: 0.1740 | Loss: 4.4966
306,  0 | VaAcc: 0.1316, VaLoss:  4.46551	 MAP NN | Acc: 0.1624 | Loss: 4.5652
307,  0 | VaAcc: 0.1156, VaLoss:  4.90423	 MAP NN | Acc: 0.1668 | Loss: 4.4105
308,  0 | VaAcc: 0.1156, VaLoss:  4.82702	 MAP NN | Acc: 0.1680 | Loss: 4.4926
309,  0 | VaAcc: 0.1320, VaLoss:  4.59944	 MAP NN | Acc: 0.1772 | Loss: 4.3303
310,  0 | VaAcc: 0.1188, VaLoss:  4.63190	 MAP NN | Acc: 0.1672 | Loss: 4.4169
311,  0 | VaAcc: 0.1156, VaLoss:  4.76910	 MAP NN | Acc: 0.1612 | Loss: 4.5083
312,  0 | VaAcc: 0.1012, VaLoss:  4.72237	 MAP NN | Acc: 0.1644 | Loss: 4.3015
313,  0 | VaAcc: 0.0976, VaLoss:  4.80106	 MAP NN | Acc: 0.1456 | Loss: 4.4811
314,  0 | VaAcc: 0.1172, VaLoss:  4.97945	 MAP NN | Acc: 0.1652 | Loss: 4.4266
315,  0 | VaAcc: 0.0944, VaLoss:  5.03642	 MAP NN | Acc: 0.1384 | Loss: 4.5821
316,  0 | VaAcc: 0.1216, VaLoss:  4.82292	 MAP NN | Acc: 0.1532 | Loss: 4.4362
317,  0 | VaAcc: 0.1140, VaLoss:  4.89045	 MAP NN | Acc: 0.1700 | Loss: 4.3099
318,  0 | VaAcc: 0.1164, VaLoss:  4.94303	 MAP NN | Acc: 0.1596 | Loss: 4.5836
319,  0 | VaAcc: 0.0980, VaLoss:  4.91357	 MAP NN | Acc: 0.1556 | Loss: 4.6229
320,  0 | VaAcc: 0.1100, VaLoss:  4.78150	 MAP NN | Acc: 0.1508 | Loss: 4.5265
321,  0 | VaAcc: 0.1212, VaLoss:  4.97593	 MAP NN | Acc: 0.1496 | Loss: 4.5347
322,  0 | VaAcc: 0.1096, VaLoss:  4.84247	 MAP NN | Acc: 0.1268 | Loss: 4.6195
323,  0 | VaAcc: 0.1012, VaLoss:  4.99954	 MAP NN | Acc: 0.1424 | Loss: 4.8082
324,  0 | VaAcc: 0.1152, VaLoss:  4.87454	 MAP NN | Acc: 0.1560 | Loss: 4.5499
325,  0 | VaAcc: 0.1156, VaLoss:  4.77802	 MAP NN | Acc: 0.1580 | Loss: 4.5759
326,  0 | VaAcc: 0.1252, VaLoss:  4.65833	 MAP NN | Acc: 0.1544 | Loss: 4.6523
327,  0 | VaAcc: 0.1136, VaLoss:  4.82375	 MAP NN | Acc: 0.1640 | Loss: 4.5456
328,  0 | VaAcc: 0.1100, VaLoss:  4.77090	 MAP NN | Acc: 0.1460 | Loss: 4.5681
329,  0 | VaAcc: 0.1204, VaLoss:  4.76145	 MAP NN | Acc: 0.1424 | Loss: 4.6099
330,  0 | VaAcc: 0.1148, VaLoss:  4.55442	 MAP NN | Acc: 0.1632 | Loss: 4.4821
331,  0 | VaAcc: 0.1180, VaLoss:  4.72469	 MAP NN | Acc: 0.1292 | Loss: 4.7348
332,  0 | VaAcc: 0.0956, VaLoss:  4.96943	 MAP NN | Acc: 0.1436 | Loss: 4.5737
333,  0 | VaAcc: 0.1216, VaLoss:  4.92083	 MAP NN | Acc: 0.1416 | Loss: 4.6610
334,  0 | VaAcc: 0.1144, VaLoss:  4.95628	 MAP NN | Acc: 0.1364 | Loss: 4.4784
335,  0 | VaAcc: 0.1264, VaLoss:  4.53433	 MAP NN | Acc: 0.1296 | Loss: 4.5774
336,  0 | VaAcc: 0.1336, VaLoss:  4.69482	 MAP NN | Acc: 0.1832 | Loss: 3.8906
337,  0 | VaAcc: 0.1008, VaLoss:  4.90197	 MAP NN | Acc: 0.1912 | Loss: 4.0154
338,  0 | VaAcc: 0.1128, VaLoss:  4.88278	 MAP NN | Acc: 0.1784 | Loss: 4.1087
339,  0 | VaAcc: 0.1168, VaLoss:  4.64033	 MAP NN | Acc: 0.1760 | Loss: 4.4521
340,  0 | VaAcc: 0.0968, VaLoss:  4.70523	 MAP NN | Acc: 0.1628 | Loss: 4.4265
341,  0 | VaAcc: 0.1312, VaLoss:  4.65875	 MAP NN | Acc: 0.1688 | Loss: 4.4551
342,  0 | VaAcc: 0.1180, VaLoss:  4.96551	 MAP NN | Acc: 0.1020 | Loss: 4.7773
343,  0 | VaAcc: 0.1268, VaLoss:  4.59383	 MAP NN | Acc: 0.1180 | Loss: 4.7568
344,  0 | VaAcc: 0.1244, VaLoss:  4.60238	 MAP NN | Acc: 0.1144 | Loss: 4.9406
345,  0 | VaAcc: 0.1264, VaLoss:  4.69910	 MAP NN | Acc: 0.1608 | Loss: 4.7280
346,  0 | VaAcc: 0.1024, VaLoss:  4.87067	 MAP NN | Acc: 0.1420 | Loss: 4.5457
347,  0 | VaAcc: 0.1268, VaLoss:  4.63961	 MAP NN | Acc: 0.1480 | Loss: 4.6235
348,  0 | VaAcc: 0.0932, VaLoss:  4.76820	 MAP NN | Acc: 0.1672 | Loss: 4.2823
349,  0 | VaAcc: 0.1212, VaLoss:  4.75830	 MAP NN | Acc: 0.1440 | Loss: 4.3384
350,  0 | VaAcc: 0.1280, VaLoss:  4.56299	 MAP NN | Acc: 0.1440 | Loss: 4.3822
351,  0 | VaAcc: 0.1040, VaLoss:  4.86433	 MAP NN | Acc: 0.1644 | Loss: 4.4194
352,  0 | VaAcc: 0.0992, VaLoss:  4.82697	 MAP NN | Acc: 0.1404 | Loss: 4.4794
353,  0 | VaAcc: 0.1260, VaLoss:  4.70643	 MAP NN | Acc: 0.1552 | Loss: 4.3679
354,  0 | VaAcc: 0.1132, VaLoss:  4.76817	 MAP NN | Acc: 0.1280 | Loss: 4.5291
355,  0 | VaAcc: 0.1068, VaLoss:  5.03114	 MAP NN | Acc: 0.1560 | Loss: 4.5287
356,  0 | VaAcc: 0.1304, VaLoss:  4.75164	 MAP NN | Acc: 0.1692 | Loss: 4.1560
357,  0 | VaAcc: 0.1048, VaLoss:  4.72498	 MAP NN | Acc: 0.1468 | Loss: 4.5748
358,  0 | VaAcc: 0.1168, VaLoss:  4.54905	 MAP NN | Acc: 0.1632 | Loss: 4.5436
359,  0 | VaAcc: 0.1192, VaLoss:  4.51186	 MAP NN | Acc: 0.1540 | Loss: 4.3928
360,  0 | VaAcc: 0.1068, VaLoss:  4.87201	 MAP NN | Acc: 0.1500 | Loss: 4.5398
361,  0 | VaAcc: 0.1136, VaLoss:  4.81530	 MAP NN | Acc: 0.1724 | Loss: 4.4169
362,  0 | VaAcc: 0.1000, VaLoss:  4.83376	 MAP NN | Acc: 0.1848 | Loss: 4.3976
363,  0 | VaAcc: 0.1268, VaLoss:  4.93588	 MAP NN | Acc: 0.1580 | Loss: 4.3653
364,  0 | VaAcc: 0.1264, VaLoss:  4.75684	 MAP NN | Acc: 0.1900 | Loss: 4.2791
365,  0 | VaAcc: 0.1120, VaLoss:  4.90956	 MAP NN | Acc: 0.1788 | Loss: 4.3241
366,  0 | VaAcc: 0.1376, VaLoss:  4.53028	 MAP NN | Acc: 0.1552 | Loss: 4.2952
367,  0 | VaAcc: 0.1116, VaLoss:  4.81165	 MAP NN | Acc: 0.1568 | Loss: 4.4649
368,  0 | VaAcc: 0.1192, VaLoss:  4.65120	 MAP NN | Acc: 0.1548 | Loss: 4.4690
369,  0 | VaAcc: 0.1128, VaLoss:  4.90733	 MAP NN | Acc: 0.1664 | Loss: 4.5289
370,  0 | VaAcc: 0.1244, VaLoss:  4.57945	 MAP NN | Acc: 0.1740 | Loss: 4.3297
371,  0 | VaAcc: 0.1260, VaLoss:  4.82378	 MAP NN | Acc: 0.1652 | Loss: 4.3941
372,  0 | VaAcc: 0.1064, VaLoss:  4.98094	 MAP NN | Acc: 0.1652 | Loss: 4.3977
373,  0 | VaAcc: 0.1144, VaLoss:  4.80868	 MAP NN | Acc: 0.1600 | Loss: 4.1499
374,  0 | VaAcc: 0.1240, VaLoss:  4.83527	 MAP NN | Acc: 0.1704 | Loss: 4.2769
375,  0 | VaAcc: 0.1324, VaLoss:  4.75021	 MAP NN | Acc: 0.1760 | Loss: 4.2508
376,  0 | VaAcc: 0.1248, VaLoss:  4.51802	 MAP NN | Acc: 0.1732 | Loss: 4.1638
377,  0 | VaAcc: 0.1056, VaLoss:  5.05910	 MAP NN | Acc: 0.1580 | Loss: 4.4059
378,  0 | VaAcc: 0.1232, VaLoss:  4.62332	 MAP NN | Acc: 0.1772 | Loss: 4.0420
379,  0 | VaAcc: 0.1232, VaLoss:  5.08161	 MAP NN | Acc: 0.1728 | Loss: 4.2797
380,  0 | VaAcc: 0.1120, VaLoss:  4.92679	 MAP NN | Acc: 0.1812 | Loss: 4.2955
381,  0 | VaAcc: 0.1276, VaLoss:  4.68676	 MAP NN | Acc: 0.1716 | Loss: 4.3607
382,  0 | VaAcc: 0.1300, VaLoss:  4.84291	 MAP NN | Acc: 0.1528 | Loss: 4.4231
383,  0 | VaAcc: 0.1160, VaLoss:  4.84814	 MAP NN | Acc: 0.1508 | Loss: 4.3968
384,  0 | VaAcc: 0.1112, VaLoss:  4.89491	 MAP NN | Acc: 0.1308 | Loss: 4.7778
385,  0 | VaAcc: 0.1220, VaLoss:  4.66119	 MAP NN | Acc: 0.1660 | Loss: 4.4238
386,  0 | VaAcc: 0.1148, VaLoss:  4.78516	 MAP NN | Acc: 0.1624 | Loss: 4.2894
387,  0 | VaAcc: 0.1400, VaLoss:  4.65206	 MAP NN | Acc: 0.1500 | Loss: 4.3734
388,  0 | VaAcc: 0.1024, VaLoss:  5.11635	 MAP NN | Acc: 0.1568 | Loss: 4.3327
389,  0 | VaAcc: 0.0868, VaLoss:  5.00057	 MAP NN | Acc: 0.1304 | Loss: 4.5378
390,  0 | VaAcc: 0.1172, VaLoss:  4.79128	 MAP NN | Acc: 0.1360 | Loss: 4.4253
391,  0 | VaAcc: 0.1212, VaLoss:  4.74993	 MAP NN | Acc: 0.1460 | Loss: 4.5252
392,  0 | VaAcc: 0.1192, VaLoss:  4.75436	 MAP NN | Acc: 0.1216 | Loss: 4.6531
393,  0 | VaAcc: 0.1184, VaLoss:  4.73725	 MAP NN | Acc: 0.1560 | Loss: 4.2344
394,  0 | VaAcc: 0.0932, VaLoss:  4.97355	 MAP NN | Acc: 0.1732 | Loss: 4.4128
395,  0 | VaAcc: 0.1168, VaLoss:  4.74361	 MAP NN | Acc: 0.1612 | Loss: 4.2354
396,  0 | VaAcc: 0.1052, VaLoss:  5.07442	 MAP NN | Acc: 0.1704 | Loss: 4.3551
397,  0 | VaAcc: 0.0932, VaLoss:  4.94638	 MAP NN | Acc: 0.1672 | Loss: 4.2968
398,  0 | VaAcc: 0.1296, VaLoss:  4.77818	 MAP NN | Acc: 0.1452 | Loss: 4.4485
399,  0 | VaAcc: 0.1096, VaLoss:  4.74031	 MAP NN | Acc: 0.1440 | Loss: 4.4763
400,  0 | VaAcc: 0.1132, VaLoss:  4.77011	 MAP NN | Acc: 0.1572 | Loss: 4.5967
401,  0 | VaAcc: 0.1212, VaLoss:  4.79874	 MAP NN | Acc: 0.1484 | Loss: 4.6992
402,  0 | VaAcc: 0.1136, VaLoss:  4.77731	 MAP NN | Acc: 0.1628 | Loss: 4.3161
403,  0 | VaAcc: 0.1232, VaLoss:  4.78495	 MAP NN | Acc: 0.1624 | Loss: 4.3268
404,  0 | VaAcc: 0.1324, VaLoss:  4.62753	 MAP NN | Acc: 0.1832 | Loss: 4.4351
405,  0 | VaAcc: 0.0936, VaLoss:  4.81775	 MAP NN | Acc: 0.1892 | Loss: 4.3968
406,  0 | VaAcc: 0.1280, VaLoss:  4.57334	 MAP NN | Acc: 0.1660 | Loss: 4.5873
407,  0 | VaAcc: 0.1004, VaLoss:  4.94489	 MAP NN | Acc: 0.1740 | Loss: 4.3933
408,  0 | VaAcc: 0.1100, VaLoss:  4.64678	 MAP NN | Acc: 0.1364 | Loss: 4.5510
409,  0 | VaAcc: 0.1048, VaLoss:  4.79490	 MAP NN | Acc: 0.1456 | Loss: 4.5260
410,  0 | VaAcc: 0.1124, VaLoss:  4.62383	 MAP NN | Acc: 0.1412 | Loss: 4.5774
411,  0 | VaAcc: 0.1180, VaLoss:  4.77366	 MAP NN | Acc: 0.1416 | Loss: 4.8203
412,  0 | VaAcc: 0.1048, VaLoss:  4.60851	 MAP NN | Acc: 0.1588 | Loss: 4.7574
413,  0 | VaAcc: 0.1184, VaLoss:  4.84803	 MAP NN | Acc: 0.1192 | Loss: 4.6007
414,  0 | VaAcc: 0.1312, VaLoss:  4.55554	 MAP NN | Acc: 0.1492 | Loss: 4.6250
415,  0 | VaAcc: 0.1148, VaLoss:  4.74917	 MAP NN | Acc: 0.1764 | Loss: 4.4899
416,  0 | VaAcc: 0.1156, VaLoss:  4.79563	 MAP NN | Acc: 0.1624 | Loss: 4.3540
417,  0 | VaAcc: 0.1404, VaLoss:  4.63093	 MAP NN | Acc: 0.2028 | Loss: 4.5252
418,  0 | VaAcc: 0.1212, VaLoss:  4.60182	 MAP NN | Acc: 0.2080 | Loss: 4.4907
419,  0 | VaAcc: 0.1128, VaLoss:  4.70426	 MAP NN | Acc: 0.1916 | Loss: 4.3549
420,  0 | VaAcc: 0.1468, VaLoss:  4.75353	 MAP NN | Acc: 0.1316 | Loss: 4.7310
421,  0 | VaAcc: 0.1040, VaLoss:  4.61865	 MAP NN | Acc: 0.1492 | Loss: 4.5928
422,  0 | VaAcc: 0.1300, VaLoss:  4.48717	 MAP NN | Acc: 0.1408 | Loss: 4.2929
423,  0 | VaAcc: 0.1108, VaLoss:  4.77762	 MAP NN | Acc: 0.1484 | Loss: 4.3696
424,  0 | VaAcc: 0.0964, VaLoss:  5.24762	 MAP NN | Acc: 0.1632 | Loss: 4.5029
425,  0 | VaAcc: 0.1156, VaLoss:  4.60751	 MAP NN | Acc: 0.1404 | Loss: 4.4846
426,  0 | VaAcc: 0.1300, VaLoss:  4.80863	 MAP NN | Acc: 0.1556 | Loss: 4.4389
427,  0 | VaAcc: 0.1260, VaLoss:  4.64769	 MAP NN | Acc: 0.1540 | Loss: 4.3988
428,  0 | VaAcc: 0.1200, VaLoss:  4.68399	 MAP NN | Acc: 0.1888 | Loss: 4.3175
429,  0 | VaAcc: 0.1056, VaLoss:  4.75798	 MAP NN | Acc: 0.1864 | Loss: 4.1925
430,  0 | VaAcc: 0.1200, VaLoss:  4.72103	 MAP NN | Acc: 0.1828 | Loss: 4.3873
431,  0 | VaAcc: 0.1184, VaLoss:  4.65024	 MAP NN | Acc: 0.1808 | Loss: 4.2831
432,  0 | VaAcc: 0.1276, VaLoss:  4.74093	 MAP NN | Acc: 0.2088 | Loss: 4.1517
433,  0 | VaAcc: 0.1072, VaLoss:  4.90531	 MAP NN | Acc: 0.2168 | Loss: 4.0667
434,  0 | VaAcc: 0.1080, VaLoss:  4.88005	 MAP NN | Acc: 0.2300 | Loss: 4.0882
435,  0 | VaAcc: 0.1020, VaLoss:  4.87601	 MAP NN | Acc: 0.2116 | Loss: 4.1515
436,  0 | VaAcc: 0.1068, VaLoss:  4.88876	 MAP NN | Acc: 0.1992 | Loss: 4.3309
437,  0 | VaAcc: 0.1164, VaLoss:  4.76653	 MAP NN | Acc: 0.1948 | Loss: 4.2099
438,  0 | VaAcc: 0.1220, VaLoss:  4.70447	 MAP NN | Acc: 0.1960 | Loss: 4.3211
439,  0 | VaAcc: 0.1112, VaLoss:  4.66649	 MAP NN | Acc: 0.2180 | Loss: 4.2377
440,  0 | VaAcc: 0.0940, VaLoss:  4.82992	 MAP NN | Acc: 0.1872 | Loss: 4.5601
441,  0 | VaAcc: 0.1100, VaLoss:  4.81101	 MAP NN | Acc: 0.1960 | Loss: 4.5125
442,  0 | VaAcc: 0.1220, VaLoss:  4.80042	 MAP NN | Acc: 0.1784 | Loss: 4.4639
443,  0 | VaAcc: 0.0908, VaLoss:  5.16639	 MAP NN | Acc: 0.1840 | Loss: 4.6697
444,  0 | VaAcc: 0.1012, VaLoss:  4.81670	 MAP NN | Acc: 0.1548 | Loss: 4.6823
445,  0 | VaAcc: 0.1192, VaLoss:  4.84519	 MAP NN | Acc: 0.1652 | Loss: 4.6850
446,  0 | VaAcc: 0.0976, VaLoss:  4.88470	 MAP NN | Acc: 0.1540 | Loss: 4.5134
447,  0 | VaAcc: 0.1260, VaLoss:  4.63470	 MAP NN | Acc: 0.1432 | Loss: 4.6359
448,  0 | VaAcc: 0.1276, VaLoss:  4.73657	 MAP NN | Acc: 0.1328 | Loss: 4.6779
449,  0 | VaAcc: 0.1052, VaLoss:  5.04626	 MAP NN | Acc: 0.1664 | Loss: 4.7874
450,  0 | VaAcc: 0.1136, VaLoss:  4.76440	 MAP NN | Acc: 0.1784 | Loss: 4.6746
451,  0 | VaAcc: 0.0928, VaLoss:  4.78346	 MAP NN | Acc: 0.1692 | Loss: 4.7211
452,  0 | VaAcc: 0.1136, VaLoss:  4.76439	 MAP NN | Acc: 0.1872 | Loss: 4.5178
453,  0 | VaAcc: 0.0880, VaLoss:  5.10291	 MAP NN | Acc: 0.1932 | Loss: 4.6237
454,  0 | VaAcc: 0.1236, VaLoss:  4.59891	 MAP NN | Acc: 0.1792 | Loss: 4.6324
455,  0 | VaAcc: 0.1200, VaLoss:  4.81895	 MAP NN | Acc: 0.1856 | Loss: 4.5148
456,  0 | VaAcc: 0.1196, VaLoss:  4.54084	 MAP NN | Acc: 0.1588 | Loss: 4.7619
457,  0 | VaAcc: 0.1208, VaLoss:  4.72023	 MAP NN | Acc: 0.2092 | Loss: 4.3593
458,  0 | VaAcc: 0.1244, VaLoss:  4.55931	 MAP NN | Acc: 0.1672 | Loss: 4.4897
459,  0 | VaAcc: 0.1184, VaLoss:  4.59340	 MAP NN | Acc: 0.1704 | Loss: 4.6698
460,  0 | VaAcc: 0.1176, VaLoss:  4.61942	 MAP NN | Acc: 0.1688 | Loss: 4.4944
461,  0 | VaAcc: 0.0940, VaLoss:  4.88472	 MAP NN | Acc: 0.2300 | Loss: 4.3026
462,  0 | VaAcc: 0.1168, VaLoss:  4.58087	 MAP NN | Acc: 0.1844 | Loss: 4.3842
463,  0 | VaAcc: 0.1092, VaLoss:  4.74818	 MAP NN | Acc: 0.1840 | Loss: 4.3723
464,  0 | VaAcc: 0.1004, VaLoss:  4.75362	 MAP NN | Acc: 0.1812 | Loss: 4.3354
465,  0 | VaAcc: 0.1356, VaLoss:  4.58901	 MAP NN | Acc: 0.1820 | Loss: 4.3897
466,  0 | VaAcc: 0.1092, VaLoss:  4.59406	 MAP NN | Acc: 0.1780 | Loss: 4.3444
467,  0 | VaAcc: 0.1228, VaLoss:  4.66465	 MAP NN | Acc: 0.1872 | Loss: 4.5150
468,  0 | VaAcc: 0.1084, VaLoss:  4.88042	 MAP NN | Acc: 0.1624 | Loss: 4.4777
469,  0 | VaAcc: 0.1092, VaLoss:  4.89509	 MAP NN | Acc: 0.1564 | Loss: 4.5755
470,  0 | VaAcc: 0.1092, VaLoss:  4.65987	 MAP NN | Acc: 0.1596 | Loss: 4.6498
471,  0 | VaAcc: 0.1096, VaLoss:  4.56740	 MAP NN | Acc: 0.1404 | Loss: 4.4965
472,  0 | VaAcc: 0.1244, VaLoss:  4.67767	 MAP NN | Acc: 0.1256 | Loss: 4.7556
473,  0 | VaAcc: 0.1076, VaLoss:  4.77038	 MAP NN | Acc: 0.1552 | Loss: 4.6409
474,  0 | VaAcc: 0.1124, VaLoss:  4.88696	 MAP NN | Acc: 0.1620 | Loss: 4.5339
475,  0 | VaAcc: 0.1132, VaLoss:  4.77405	 MAP NN | Acc: 0.1652 | Loss: 4.3675
476,  0 | VaAcc: 0.0912, VaLoss:  5.08431	 MAP NN | Acc: 0.1840 | Loss: 4.3654
477,  0 | VaAcc: 0.1316, VaLoss:  4.59720	 MAP NN | Acc: 0.1552 | Loss: 4.4820
478,  0 | VaAcc: 0.1052, VaLoss:  4.85311	 MAP NN | Acc: 0.1616 | Loss: 4.3492
479,  0 | VaAcc: 0.1056, VaLoss:  4.96272	 MAP NN | Acc: 0.1424 | Loss: 4.6171
480,  0 | VaAcc: 0.1160, VaLoss:  4.56709	 MAP NN | Acc: 0.1728 | Loss: 4.5044
481,  0 | VaAcc: 0.1208, VaLoss:  4.63809	 MAP NN | Acc: 0.1588 | Loss: 4.6857
482,  0 | VaAcc: 0.1096, VaLoss:  4.86214	 MAP NN | Acc: 0.2044 | Loss: 4.6271
483,  0 | VaAcc: 0.0984, VaLoss:  4.98260	 MAP NN | Acc: 0.1608 | Loss: 4.6147
484,  0 | VaAcc: 0.1380, VaLoss:  4.66535	 MAP NN | Acc: 0.1608 | Loss: 4.4995
485,  0 | VaAcc: 0.0968, VaLoss:  5.11554	 MAP NN | Acc: 0.1892 | Loss: 4.5347
486,  0 | VaAcc: 0.1284, VaLoss:  4.68118	 MAP NN | Acc: 0.1388 | Loss: 4.4779
487,  0 | VaAcc: 0.0980, VaLoss:  4.66143	 MAP NN | Acc: 0.1524 | Loss: 4.6742
488,  0 | VaAcc: 0.1032, VaLoss:  5.12913	 MAP NN | Acc: 0.1272 | Loss: 4.8879
489,  0 | VaAcc: 0.1048, VaLoss:  4.70570	 MAP NN | Acc: 0.1344 | Loss: 4.8545
490,  0 | VaAcc: 0.1136, VaLoss:  4.83186	 MAP NN | Acc: 0.1424 | Loss: 4.7499
491,  0 | VaAcc: 0.1096, VaLoss:  4.96960	 MAP NN | Acc: 0.1684 | Loss: 4.5646
492,  0 | VaAcc: 0.1044, VaLoss:  4.99100	 MAP NN | Acc: 0.1736 | Loss: 4.5105
493,  0 | VaAcc: 0.1140, VaLoss:  4.80859	 MAP NN | Acc: 0.1528 | Loss: 4.7614
494,  0 | VaAcc: 0.1044, VaLoss:  4.63728	 MAP NN | Acc: 0.1504 | Loss: 4.8007
495,  0 | VaAcc: 0.1188, VaLoss:  4.64431	 MAP NN | Acc: 0.1664 | Loss: 4.5115
496,  0 | VaAcc: 0.1108, VaLoss:  4.92364	 MAP NN | Acc: 0.1656 | Loss: 4.5679
497,  0 | VaAcc: 0.1064, VaLoss:  4.91746	 MAP NN | Acc: 0.1472 | Loss: 4.7376
498,  0 | VaAcc: 0.1076, VaLoss:  4.81074	 MAP NN | Acc: 0.1260 | Loss: 4.5294
499,  0 | VaAcc: 0.1196, VaLoss:  4.62205	 MAP NN | Acc: 0.1460 | Loss: 4.5304
----------------------------
Results for va_s
Metric: acc   
 23.00 % in iteration  434
Metric: loss  
Results for va_b
Metric: elogl 
 7.536 in iteration  167
Metric: acc   
 14.88 % in iteration  246
EARLY STOP FOR te_s
 27.00 % in iteration  434
