

config:

HOME=/clusterFS/home/student/kopp13
PATH=/clusterFS/home/student/kopp13/miniconda3/envs/tensorflow/bin:/clusterFS/home/student/kopp13/miniconda3/condabin:/clusterFS/home/student/kopp13/VarRNN/src/bin:/clusterFS/home/student/kopp13/miniconda3/bin:/clusterFS/home/student/kopp13/bin:/usr/local/bin:/usr/bin:/bin:/usr/local/games:/usr/games
LD_LIBRARY_PATH=:/usr/local/cuda-9.0/lib64
THEANO_FLAGS=floatX=float32,gpuarray.preallocate=0.9,dnn.library_path=/usr/lib/x86_64-linux-gnu,cxx=clang++-3.8,device=cuda,base_compiledir=/tmp/tmp.yf9Op5cM1q

what

=============================
CONFIG FILE

TRAINING CONFIG
{'algorithm': 'c_arm',
 'batchnorm': {'modes': [], 'momentum': 0.98, 'tau': 1, 'type': 'none'},
 'carm_iterations': 100,
 'dir_reg': 0.0,
 'ent_reg': 0.0,
 'learning_rate': 0.002,
 'learning_rate_tau': inf,
 'mode': {'max_epochs': 500, 'min_error': 0.0, 'name': 'classic'},
 'pretraining': {'enabled': True, 'path': 'm_model'},
 'task_id': 8,
 'tau': 1.0,
 'var_reg': 0.0}

DATA CONFIG
{'dataset': 'penstroke',
 'remove_bias': True,
 'te': {'in_seq_len': 40,
        'max_truncation': 5,
        'minibatch_enabled': True,
        'minibatch_size': 500},
 'tr': {'in_seq_len': 40,
        'max_truncation': 5,
        'minibatch_enabled': True,
        'minibatch_size': 1000},
 'va': {'in_seq_len': 40,
        'max_truncation': 5,
        'minibatch_enabled': True,
        'minibatch_size': 500}}

RNN CONFIG
{'act_disc': [],
 'data_multiplier': None,
 'gradient_clip_value': 0.5,
 'layer_configs': [{'layer_type': 'input'},
                   {'bc': {'init_m': 'zeros',
                           'init_v': -4.5,
                           'prior_m': 0.0,
                           'prior_v': 0.0,
                           'type': 'continuous'},
                    'bf': {'init_m': 'ones',
                           'init_v': -4.5,
                           'prior_m': 1.0,
                           'prior_v': 0.0,
                           'type': 'continuous'},
                    'bi': {'init_m': 'zeros',
                           'init_v': -4.5,
                           'prior_m': 0.0,
                           'prior_v': 0.0,
                           'type': 'continuous'},
                    'bo': {'init_m': 'zeros',
                           'init_v': -4.5,
                           'prior_m': 0.0,
                           'prior_v': 0.0,
                           'type': 'continuous'},
                    'discrete_act': [],
                    'layer_type': 'lstm',
                    'lr_adapt': False,
                    'parametrization': 'sigmoid',
                    'tau': 1.0,
                    'var_scope': 'lstm_0',
                    'wc': {'p0max': 0.95,
                           'p0min': 0.05,
                           'parametrization': 'sigmoid',
                           'pmax': 0.99,
                           'pmin': 0.01,
                           'priors': [0.1, 0.8, 0.1],
                           'type': 'binary'},
                    'wf': {'p0max': 0.95,
                           'p0min': 0.05,
                           'parametrization': 'sigmoid',
                           'pmax': 0.99,
                           'pmin': 0.01,
                           'priors': [0.1, 0.8, 0.1],
                           'type': 'binary'},
                    'wi': {'p0max': 0.95,
                           'p0min': 0.05,
                           'parametrization': 'sigmoid',
                           'pmax': 0.99,
                           'pmin': 0.01,
                           'priors': [0.1, 0.8, 0.1],
                           'type': 'binary'},
                    'wo': {'p0max': 0.95,
                           'p0min': 0.05,
                           'parametrization': 'sigmoid',
                           'pmax': 0.99,
                           'pmin': 0.01,
                           'priors': [0.1, 0.8, 0.1],
                           'type': 'binary'}},
                   {'bc': {'init_m': 'zeros',
                           'init_v': -4.5,
                           'prior_m': 0.0,
                           'prior_v': 0.0,
                           'type': 'continuous'},
                    'bf': {'init_m': 'ones',
                           'init_v': -4.5,
                           'prior_m': 1.0,
                           'prior_v': 0.0,
                           'type': 'continuous'},
                    'bi': {'init_m': 'zeros',
                           'init_v': -4.5,
                           'prior_m': 0.0,
                           'prior_v': 0.0,
                           'type': 'continuous'},
                    'bo': {'init_m': 'zeros',
                           'init_v': -4.5,
                           'prior_m': 0.0,
                           'prior_v': 0.0,
                           'type': 'continuous'},
                    'discrete_act': [],
                    'layer_type': 'lstm',
                    'lr_adapt': False,
                    'parametrization': 'sigmoid',
                    'tau': 1.0,
                    'var_scope': 'lstm_1',
                    'wc': {'p0max': 0.95,
                           'p0min': 0.05,
                           'parametrization': 'sigmoid',
                           'pmax': 0.99,
                           'pmin': 0.01,
                           'priors': [0.1, 0.8, 0.1],
                           'type': 'binary'},
                    'wf': {'p0max': 0.95,
                           'p0min': 0.05,
                           'parametrization': 'sigmoid',
                           'pmax': 0.99,
                           'pmin': 0.01,
                           'priors': [0.1, 0.8, 0.1],
                           'type': 'binary'},
                    'wi': {'p0max': 0.95,
                           'p0min': 0.05,
                           'parametrization': 'sigmoid',
                           'pmax': 0.99,
                           'pmin': 0.01,
                           'priors': [0.1, 0.8, 0.1],
                           'type': 'binary'},
                    'wo': {'p0max': 0.95,
                           'p0min': 0.05,
                           'parametrization': 'sigmoid',
                           'pmax': 0.99,
                           'pmin': 0.01,
                           'priors': [0.1, 0.8, 0.1],
                           'type': 'binary'}},
                   {'b': {'init_m': 'zeros',
                          'init_v': -4.5,
                          'prior_m': 0.0,
                          'prior_v': 0.0,
                          'type': 'continuous'},
                    'layer_type': 'fc',
                    'lr_adapt': False,
                    'parametrization': 'sigmoid',
                    'regularization': {'mode': None, 'strength': 0.02},
                    'tau': 1.0,
                    'var_scope': 'output_layer',
                    'w': {'p0max': 0.95,
                          'p0min': 0.05,
                          'parametrization': 'sigmoid',
                          'pmax': 0.99,
                          'pmin': 0.01,
                          'priors': [0.1, 0.8, 0.1],
                          'type': 'binary'}}],
 'layout': [4, 40, 40, 10],
 'output_type': 'classification'}
==============================


tr
(9940, 4, 40)
va
(2120, 4, 40)
te
(1780, 4, 40)
  0,  0 | VaAcc: 0.0936, VaLoss:  5.10598	 MAP NN | Acc: 0.1508 | Loss: 5.0918
  1,  0 | VaAcc: 0.1008, VaLoss:  4.79622	 MAP NN | Acc: 0.1440 | Loss: 5.0625
  2,  0 | VaAcc: 0.1000, VaLoss:  4.68341	 MAP NN | Acc: 0.1352 | Loss: 5.1239
  3,  0 | VaAcc: 0.0980, VaLoss:  4.87710	 MAP NN | Acc: 0.1472 | Loss: 4.9803
  4,  0 | VaAcc: 0.1076, VaLoss:  4.93023	 MAP NN | Acc: 0.1652 | Loss: 4.9166
  5,  0 | VaAcc: 0.1148, VaLoss:  4.76828	 MAP NN | Acc: 0.1492 | Loss: 5.0073
  6,  0 | VaAcc: 0.1008, VaLoss:  4.92978	 MAP NN | Acc: 0.1572 | Loss: 4.9189
  7,  0 | VaAcc: 0.1272, VaLoss:  4.83309	 MAP NN | Acc: 0.1508 | Loss: 4.6527
  8,  0 | VaAcc: 0.1148, VaLoss:  4.70868	 MAP NN | Acc: 0.1500 | Loss: 4.4552
  9,  0 | VaAcc: 0.0948, VaLoss:  5.11261	 MAP NN | Acc: 0.1632 | Loss: 4.6194
 10,  0 | VaAcc: 0.1056, VaLoss:  4.85745	 MAP NN | Acc: 0.1852 | Loss: 4.6637
 11,  0 | VaAcc: 0.1028, VaLoss:  4.77849	 MAP NN | Acc: 0.1496 | Loss: 4.8655
 12,  0 | VaAcc: 0.1260, VaLoss:  4.74187	 MAP NN | Acc: 0.1420 | Loss: 4.8748
 13,  0 | VaAcc: 0.1132, VaLoss:  4.77920	 MAP NN | Acc: 0.1984 | Loss: 4.5564
 14,  0 | VaAcc: 0.1116, VaLoss:  4.80530	 MAP NN | Acc: 0.1648 | Loss: 4.5261
 15,  0 | VaAcc: 0.1144, VaLoss:  4.72258	 MAP NN | Acc: 0.2196 | Loss: 4.0544
 16,  0 | VaAcc: 0.1148, VaLoss:  4.55539	 MAP NN | Acc: 0.1724 | Loss: 4.2149
 17,  0 | VaAcc: 0.1096, VaLoss:  4.96137	 MAP NN | Acc: 0.1884 | Loss: 4.1953
 18,  0 | VaAcc: 0.1376, VaLoss:  4.52987	 MAP NN | Acc: 0.1872 | Loss: 4.0583
 19,  0 | VaAcc: 0.1168, VaLoss:  4.65484	 MAP NN | Acc: 0.1724 | Loss: 4.2136
 20,  0 | VaAcc: 0.0888, VaLoss:  4.94443	 MAP NN | Acc: 0.2084 | Loss: 4.0606
 21,  0 | VaAcc: 0.1056, VaLoss:  5.03599	 MAP NN | Acc: 0.1916 | Loss: 4.2873
 22,  0 | VaAcc: 0.1160, VaLoss:  4.55166	 MAP NN | Acc: 0.2096 | Loss: 4.0395
 23,  0 | VaAcc: 0.1044, VaLoss:  4.90104	 MAP NN | Acc: 0.1900 | Loss: 4.1838
 24,  0 | VaAcc: 0.1072, VaLoss:  4.89962	 MAP NN | Acc: 0.1864 | Loss: 4.1705
 25,  0 | VaAcc: 0.1144, VaLoss:  4.56444	 MAP NN | Acc: 0.2060 | Loss: 4.2676
 26,  0 | VaAcc: 0.1196, VaLoss:  4.63830	 MAP NN | Acc: 0.1776 | Loss: 4.3607
 27,  0 | VaAcc: 0.1172, VaLoss:  4.80030	 MAP NN | Acc: 0.1840 | Loss: 4.4309
 28,  0 | VaAcc: 0.1008, VaLoss:  5.06541	 MAP NN | Acc: 0.1632 | Loss: 4.4236
 29,  0 | VaAcc: 0.1188, VaLoss:  4.48608	 MAP NN | Acc: 0.1552 | Loss: 4.2860
 30,  0 | VaAcc: 0.1124, VaLoss:  4.85518	 MAP NN | Acc: 0.1640 | Loss: 4.3583
 31,  0 | VaAcc: 0.1152, VaLoss:  4.77299	 MAP NN | Acc: 0.1812 | Loss: 4.0764
 32,  0 | VaAcc: 0.1240, VaLoss:  4.69379	 MAP NN | Acc: 0.1432 | Loss: 4.4901
 33,  0 | VaAcc: 0.1232, VaLoss:  4.89368	 MAP NN | Acc: 0.1880 | Loss: 4.2802
 34,  0 | VaAcc: 0.1116, VaLoss:  4.90477	 MAP NN | Acc: 0.1456 | Loss: 4.3319
 35,  0 | VaAcc: 0.1148, VaLoss:  4.80904	 MAP NN | Acc: 0.1780 | Loss: 4.2342
 36,  0 | VaAcc: 0.1200, VaLoss:  4.67252	 MAP NN | Acc: 0.1520 | Loss: 4.3244
 37,  0 | VaAcc: 0.1008, VaLoss:  4.85816	 MAP NN | Acc: 0.1220 | Loss: 4.4319
 38,  0 | VaAcc: 0.1372, VaLoss:  4.65964	 MAP NN | Acc: 0.1376 | Loss: 4.3860
 39,  0 | VaAcc: 0.1092, VaLoss:  4.92292	 MAP NN | Acc: 0.1800 | Loss: 4.0775
 40,  0 | VaAcc: 0.1140, VaLoss:  4.74037	 MAP NN | Acc: 0.1500 | Loss: 4.2476
 41,  0 | VaAcc: 0.1044, VaLoss:  5.02284	 MAP NN | Acc: 0.1620 | Loss: 4.3381
 42,  0 | VaAcc: 0.1152, VaLoss:  4.74478	 MAP NN | Acc: 0.1988 | Loss: 3.7982
 43,  0 | VaAcc: 0.1248, VaLoss:  4.90865	 MAP NN | Acc: 0.1892 | Loss: 3.7876
 44,  0 | VaAcc: 0.1280, VaLoss:  4.62243	 MAP NN | Acc: 0.2000 | Loss: 3.7444
 45,  0 | VaAcc: 0.1092, VaLoss:  4.90281	 MAP NN | Acc: 0.2132 | Loss: 3.6853
 46,  0 | VaAcc: 0.1112, VaLoss:  4.71263	 MAP NN | Acc: 0.1832 | Loss: 3.6199
 47,  0 | VaAcc: 0.1072, VaLoss:  4.73638	 MAP NN | Acc: 0.1828 | Loss: 3.9194
 48,  0 | VaAcc: 0.1144, VaLoss:  4.71031	 MAP NN | Acc: 0.1920 | Loss: 3.8187
 49,  0 | VaAcc: 0.1048, VaLoss:  4.78017	 MAP NN | Acc: 0.1876 | Loss: 3.9354
 50,  0 | VaAcc: 0.1028, VaLoss:  4.64384	 MAP NN | Acc: 0.1692 | Loss: 4.0229
 51,  0 | VaAcc: 0.1024, VaLoss:  4.97232	 MAP NN | Acc: 0.1540 | Loss: 4.1589
 52,  0 | VaAcc: 0.1200, VaLoss:  4.70213	 MAP NN | Acc: 0.1720 | Loss: 3.9087
 53,  0 | VaAcc: 0.1256, VaLoss:  4.63711	 MAP NN | Acc: 0.1884 | Loss: 3.9259
 54,  0 | VaAcc: 0.1480, VaLoss:  4.43918	 MAP NN | Acc: 0.1360 | Loss: 4.1847
 55,  0 | VaAcc: 0.1068, VaLoss:  4.64310	 MAP NN | Acc: 0.1344 | Loss: 4.2642
 56,  0 | VaAcc: 0.1196, VaLoss:  4.61982	 MAP NN | Acc: 0.1360 | Loss: 4.2075
 57,  0 | VaAcc: 0.1400, VaLoss:  4.55751	 MAP NN | Acc: 0.1560 | Loss: 4.2694
 58,  0 | VaAcc: 0.1268, VaLoss:  4.60310	 MAP NN | Acc: 0.1380 | Loss: 4.1755
 59,  0 | VaAcc: 0.1344, VaLoss:  4.53970	 MAP NN | Acc: 0.1660 | Loss: 4.0769
 60,  0 | VaAcc: 0.1152, VaLoss:  4.67579	 MAP NN | Acc: 0.1616 | Loss: 4.1071
 61,  0 | VaAcc: 0.1392, VaLoss:  4.32679	 MAP NN | Acc: 0.1440 | Loss: 4.0673
 62,  0 | VaAcc: 0.1148, VaLoss:  4.68382	 MAP NN | Acc: 0.1644 | Loss: 3.9908
 63,  0 | VaAcc: 0.1056, VaLoss:  4.65638	 MAP NN | Acc: 0.1724 | Loss: 3.8335
 64,  0 | VaAcc: 0.1220, VaLoss:  4.68890	 MAP NN | Acc: 0.1876 | Loss: 3.8400
 65,  0 | VaAcc: 0.1232, VaLoss:  4.89200	 MAP NN | Acc: 0.1956 | Loss: 3.8593
 66,  0 | VaAcc: 0.1324, VaLoss:  4.45707	 MAP NN | Acc: 0.1976 | Loss: 3.6881
 67,  0 | VaAcc: 0.1388, VaLoss:  4.39716	 MAP NN | Acc: 0.1960 | Loss: 3.8730
 68,  0 | VaAcc: 0.1224, VaLoss:  4.52374	 MAP NN | Acc: 0.1656 | Loss: 3.9892
 69,  0 | VaAcc: 0.1156, VaLoss:  4.65304	 MAP NN | Acc: 0.2020 | Loss: 3.8921
 70,  0 | VaAcc: 0.1316, VaLoss:  4.48746	 MAP NN | Acc: 0.2020 | Loss: 3.8265
 71,  0 | VaAcc: 0.1276, VaLoss:  4.57396	 MAP NN | Acc: 0.2100 | Loss: 3.6681
 72,  0 | VaAcc: 0.1112, VaLoss:  4.72441	 MAP NN | Acc: 0.2084 | Loss: 3.7097
 73,  0 | VaAcc: 0.1260, VaLoss:  4.57992	 MAP NN | Acc: 0.2072 | Loss: 3.8673
 74,  0 | VaAcc: 0.1548, VaLoss:  4.63923	 MAP NN | Acc: 0.2080 | Loss: 3.7360
 75,  0 | VaAcc: 0.1112, VaLoss:  4.87098	 MAP NN | Acc: 0.2132 | Loss: 3.7111
 76,  0 | VaAcc: 0.1256, VaLoss:  4.48898	 MAP NN | Acc: 0.2000 | Loss: 3.6398
 77,  0 | VaAcc: 0.1124, VaLoss:  4.67138	 MAP NN | Acc: 0.1616 | Loss: 3.8611
 78,  0 | VaAcc: 0.1088, VaLoss:  4.65463	 MAP NN | Acc: 0.2540 | Loss: 3.4860
 79,  0 | VaAcc: 0.1192, VaLoss:  4.58091	 MAP NN | Acc: 0.2020 | Loss: 3.6664
 80,  0 | VaAcc: 0.1244, VaLoss:  4.54482	 MAP NN | Acc: 0.1812 | Loss: 3.8632
 81,  0 | VaAcc: 0.1136, VaLoss:  4.35902	 MAP NN | Acc: 0.1920 | Loss: 3.6446
 82,  0 | VaAcc: 0.1292, VaLoss:  4.43905	 MAP NN | Acc: 0.2000 | Loss: 3.6120
 83,  0 | VaAcc: 0.1212, VaLoss:  4.52092	 MAP NN | Acc: 0.1820 | Loss: 3.8357
 84,  0 | VaAcc: 0.1224, VaLoss:  4.54496	 MAP NN | Acc: 0.1700 | Loss: 4.0230
 85,  0 | VaAcc: 0.1212, VaLoss:  4.35989	 MAP NN | Acc: 0.1544 | Loss: 4.0116
 86,  0 | VaAcc: 0.1272, VaLoss:  4.65410	 MAP NN | Acc: 0.1656 | Loss: 3.8114
 87,  0 | VaAcc: 0.1244, VaLoss:  4.46695	 MAP NN | Acc: 0.1600 | Loss: 3.8852
 88,  0 | VaAcc: 0.1084, VaLoss:  4.63204	 MAP NN | Acc: 0.1832 | Loss: 3.8900
 89,  0 | VaAcc: 0.1136, VaLoss:  4.53090	 MAP NN | Acc: 0.1660 | Loss: 3.7419
 90,  0 | VaAcc: 0.1132, VaLoss:  4.60121	 MAP NN | Acc: 0.1768 | Loss: 3.9112
 91,  0 | VaAcc: 0.1308, VaLoss:  4.64122	 MAP NN | Acc: 0.2028 | Loss: 3.8655
 92,  0 | VaAcc: 0.1372, VaLoss:  4.56086	 MAP NN | Acc: 0.2160 | Loss: 3.5868
 93,  0 | VaAcc: 0.1340, VaLoss:  4.54854	 MAP NN | Acc: 0.1844 | Loss: 3.7050
 94,  0 | VaAcc: 0.1416, VaLoss:  4.53439	 MAP NN | Acc: 0.2208 | Loss: 3.7870
 95,  0 | VaAcc: 0.1160, VaLoss:  4.61261	 MAP NN | Acc: 0.2000 | Loss: 3.5443
 96,  0 | VaAcc: 0.1220, VaLoss:  4.51451	 MAP NN | Acc: 0.2180 | Loss: 3.6449
 97,  0 | VaAcc: 0.1224, VaLoss:  4.72082	 MAP NN | Acc: 0.2160 | Loss: 3.6672
 98,  0 | VaAcc: 0.1376, VaLoss:  4.34983	 MAP NN | Acc: 0.1828 | Loss: 3.7548
 99,  0 | VaAcc: 0.1288, VaLoss:  4.53811	 MAP NN | Acc: 0.2012 | Loss: 3.7678
100,  0 | VaAcc: 0.1220, VaLoss:  4.49797	 MAP NN | Acc: 0.1756 | Loss: 3.8071
101,  0 | VaAcc: 0.1396, VaLoss:  4.48956	 MAP NN | Acc: 0.1808 | Loss: 3.7922
102,  0 | VaAcc: 0.1412, VaLoss:  4.51110	 MAP NN | Acc: 0.1784 | Loss: 3.9070
103,  0 | VaAcc: 0.1220, VaLoss:  4.58993	 MAP NN | Acc: 0.1976 | Loss: 3.7170
104,  0 | VaAcc: 0.1156, VaLoss:  4.73858	 MAP NN | Acc: 0.1860 | Loss: 3.8757
105,  0 | VaAcc: 0.1280, VaLoss:  4.29222	 MAP NN | Acc: 0.1880 | Loss: 3.9170
106,  0 | VaAcc: 0.1304, VaLoss:  4.45167	 MAP NN | Acc: 0.2052 | Loss: 3.8955
107,  0 | VaAcc: 0.1284, VaLoss:  4.43652	 MAP NN | Acc: 0.2160 | Loss: 3.8351
108,  0 | VaAcc: 0.1516, VaLoss:  4.04397	 MAP NN | Acc: 0.1960 | Loss: 3.8601
109,  0 | VaAcc: 0.1152, VaLoss:  4.32106	 MAP NN | Acc: 0.1940 | Loss: 3.8416
110,  0 | VaAcc: 0.1344, VaLoss:  4.67193	 MAP NN | Acc: 0.2124 | Loss: 3.9320
111,  0 | VaAcc: 0.1252, VaLoss:  4.48769	 MAP NN | Acc: 0.2072 | Loss: 3.7821
112,  0 | VaAcc: 0.1204, VaLoss:  4.31863	 MAP NN | Acc: 0.2104 | Loss: 3.7079
113,  0 | VaAcc: 0.1252, VaLoss:  4.40463	 MAP NN | Acc: 0.2132 | Loss: 3.7602
114,  0 | VaAcc: 0.1132, VaLoss:  4.55645	 MAP NN | Acc: 0.2056 | Loss: 3.8407
115,  0 | VaAcc: 0.1376, VaLoss:  4.50457	 MAP NN | Acc: 0.2008 | Loss: 3.8670
116,  0 | VaAcc: 0.1220, VaLoss:  4.36737	 MAP NN | Acc: 0.1700 | Loss: 3.8107
117,  0 | VaAcc: 0.1364, VaLoss:  4.42839	 MAP NN | Acc: 0.2008 | Loss: 3.7599
118,  0 | VaAcc: 0.1292, VaLoss:  4.33752	 MAP NN | Acc: 0.2200 | Loss: 3.7296
119,  0 | VaAcc: 0.1188, VaLoss:  4.51165	 MAP NN | Acc: 0.2100 | Loss: 3.6970
120,  0 | VaAcc: 0.1488, VaLoss:  4.25818	 MAP NN | Acc: 0.2328 | Loss: 3.6536
121,  0 | VaAcc: 0.1404, VaLoss:  4.37586	 MAP NN | Acc: 0.2040 | Loss: 3.6938
122,  0 | VaAcc: 0.1308, VaLoss:  4.31402	 MAP NN | Acc: 0.2140 | Loss: 3.5591
123,  0 | VaAcc: 0.1304, VaLoss:  4.43153	 MAP NN | Acc: 0.2236 | Loss: 3.5854
124,  0 | VaAcc: 0.1180, VaLoss:  4.40485	 MAP NN | Acc: 0.2392 | Loss: 3.7751
125,  0 | VaAcc: 0.1280, VaLoss:  4.42664	 MAP NN | Acc: 0.2148 | Loss: 3.7449
126,  0 | VaAcc: 0.1384, VaLoss:  4.63106	 MAP NN | Acc: 0.2256 | Loss: 3.5437
127,  0 | VaAcc: 0.1152, VaLoss:  4.74255	 MAP NN | Acc: 0.2308 | Loss: 3.6259
128,  0 | VaAcc: 0.1344, VaLoss:  4.55422	 MAP NN | Acc: 0.2088 | Loss: 3.7012
129,  0 | VaAcc: 0.1572, VaLoss:  4.13156	 MAP NN | Acc: 0.2336 | Loss: 3.5747
130,  0 | VaAcc: 0.1324, VaLoss:  4.46585	 MAP NN | Acc: 0.2208 | Loss: 3.5306
131,  0 | VaAcc: 0.1444, VaLoss:  4.31580	 MAP NN | Acc: 0.2208 | Loss: 3.5193
132,  0 | VaAcc: 0.1336, VaLoss:  4.46232	 MAP NN | Acc: 0.2292 | Loss: 3.4933
133,  0 | VaAcc: 0.1140, VaLoss:  4.40032	 MAP NN | Acc: 0.2208 | Loss: 3.5328
134,  0 | VaAcc: 0.1200, VaLoss:  4.55325	 MAP NN | Acc: 0.2352 | Loss: 3.5856
135,  0 | VaAcc: 0.1508, VaLoss:  4.25062	 MAP NN | Acc: 0.2244 | Loss: 3.5866
136,  0 | VaAcc: 0.1468, VaLoss:  4.33794	 MAP NN | Acc: 0.2392 | Loss: 3.4889
137,  0 | VaAcc: 0.1192, VaLoss:  4.54731	 MAP NN | Acc: 0.2572 | Loss: 3.4051
138,  0 | VaAcc: 0.1392, VaLoss:  4.46615	 MAP NN | Acc: 0.2684 | Loss: 3.3202
139,  0 | VaAcc: 0.1276, VaLoss:  4.48062	 MAP NN | Acc: 0.2664 | Loss: 3.3000
140,  0 | VaAcc: 0.1348, VaLoss:  4.31991	 MAP NN | Acc: 0.2772 | Loss: 3.3109
141,  0 | VaAcc: 0.1480, VaLoss:  4.22415	 MAP NN | Acc: 0.2832 | Loss: 3.4087
142,  0 | VaAcc: 0.1304, VaLoss:  4.42305	 MAP NN | Acc: 0.2652 | Loss: 3.4209
143,  0 | VaAcc: 0.1216, VaLoss:  4.37627	 MAP NN | Acc: 0.2708 | Loss: 3.4483
144,  0 | VaAcc: 0.1612, VaLoss:  4.24115	 MAP NN | Acc: 0.2268 | Loss: 3.4551
145,  0 | VaAcc: 0.1296, VaLoss:  4.40256	 MAP NN | Acc: 0.2444 | Loss: 3.3432
146,  0 | VaAcc: 0.1396, VaLoss:  4.43282	 MAP NN | Acc: 0.2292 | Loss: 3.5249
147,  0 | VaAcc: 0.1296, VaLoss:  4.34584	 MAP NN | Acc: 0.2448 | Loss: 3.5199
148,  0 | VaAcc: 0.1288, VaLoss:  4.37871	 MAP NN | Acc: 0.2304 | Loss: 3.5501
149,  0 | VaAcc: 0.1260, VaLoss:  4.49102	 MAP NN | Acc: 0.2320 | Loss: 3.3729
150,  0 | VaAcc: 0.1096, VaLoss:  4.46719	 MAP NN | Acc: 0.2532 | Loss: 3.4358
151,  0 | VaAcc: 0.1356, VaLoss:  4.37926	 MAP NN | Acc: 0.2724 | Loss: 3.4135
152,  0 | VaAcc: 0.1304, VaLoss:  4.53693	 MAP NN | Acc: 0.2540 | Loss: 3.3725
153,  0 | VaAcc: 0.1428, VaLoss:  4.41579	 MAP NN | Acc: 0.2596 | Loss: 3.3744
154,  0 | VaAcc: 0.1576, VaLoss:  4.19149	 MAP NN | Acc: 0.2576 | Loss: 3.3607
155,  0 | VaAcc: 0.1524, VaLoss:  4.36508	 MAP NN | Acc: 0.2288 | Loss: 3.5879
156,  0 | VaAcc: 0.1408, VaLoss:  4.42542	 MAP NN | Acc: 0.2808 | Loss: 3.2110
157,  0 | VaAcc: 0.1220, VaLoss:  4.47255	 MAP NN | Acc: 0.2712 | Loss: 3.2189
158,  0 | VaAcc: 0.0984, VaLoss:  4.69080	 MAP NN | Acc: 0.2132 | Loss: 3.5174
159,  0 | VaAcc: 0.1576, VaLoss:  4.26256	 MAP NN | Acc: 0.2628 | Loss: 3.3596
160,  0 | VaAcc: 0.1220, VaLoss:  4.37374	 MAP NN | Acc: 0.2616 | Loss: 3.4762
161,  0 | VaAcc: 0.1352, VaLoss:  4.31872	 MAP NN | Acc: 0.2244 | Loss: 3.4041
162,  0 | VaAcc: 0.1524, VaLoss:  4.23402	 MAP NN | Acc: 0.2272 | Loss: 3.4496
163,  0 | VaAcc: 0.1376, VaLoss:  4.38798	 MAP NN | Acc: 0.2192 | Loss: 3.4971
164,  0 | VaAcc: 0.1468, VaLoss:  4.25736	 MAP NN | Acc: 0.2352 | Loss: 3.4863
165,  0 | VaAcc: 0.1620, VaLoss:  4.38439	 MAP NN | Acc: 0.2476 | Loss: 3.4036
166,  0 | VaAcc: 0.1580, VaLoss:  4.25847	 MAP NN | Acc: 0.2228 | Loss: 3.4754
167,  0 | VaAcc: 0.1396, VaLoss:  4.49446	 MAP NN | Acc: 0.2368 | Loss: 3.4793
168,  0 | VaAcc: 0.1548, VaLoss:  4.18632	 MAP NN | Acc: 0.2348 | Loss: 3.3831
169,  0 | VaAcc: 0.1244, VaLoss:  4.24288	 MAP NN | Acc: 0.2324 | Loss: 3.4758
170,  0 | VaAcc: 0.1404, VaLoss:  4.32453	 MAP NN | Acc: 0.2260 | Loss: 3.4868
171,  0 | VaAcc: 0.1360, VaLoss:  4.23624	 MAP NN | Acc: 0.2424 | Loss: 3.4054
172,  0 | VaAcc: 0.1604, VaLoss:  4.37400	 MAP NN | Acc: 0.2284 | Loss: 3.5373
173,  0 | VaAcc: 0.1528, VaLoss:  4.14937	 MAP NN | Acc: 0.2280 | Loss: 3.3220
174,  0 | VaAcc: 0.1292, VaLoss:  4.63247	 MAP NN | Acc: 0.2296 | Loss: 3.5028
175,  0 | VaAcc: 0.1420, VaLoss:  4.32330	 MAP NN | Acc: 0.2264 | Loss: 3.3180
176,  0 | VaAcc: 0.1364, VaLoss:  4.47983	 MAP NN | Acc: 0.2272 | Loss: 3.2809
177,  0 | VaAcc: 0.1120, VaLoss:  4.44379	 MAP NN | Acc: 0.2252 | Loss: 3.3574
178,  0 | VaAcc: 0.1396, VaLoss:  4.26324	 MAP NN | Acc: 0.2512 | Loss: 3.3140
179,  0 | VaAcc: 0.1332, VaLoss:  4.46140	 MAP NN | Acc: 0.2412 | Loss: 3.3089
180,  0 | VaAcc: 0.1404, VaLoss:  4.27676	 MAP NN | Acc: 0.2212 | Loss: 3.5392
181,  0 | VaAcc: 0.1748, VaLoss:  4.22995	 MAP NN | Acc: 0.2260 | Loss: 3.3603
182,  0 | VaAcc: 0.1484, VaLoss:  4.05179	 MAP NN | Acc: 0.2164 | Loss: 3.4441
183,  0 | VaAcc: 0.1268, VaLoss:  4.32562	 MAP NN | Acc: 0.2164 | Loss: 3.4274
184,  0 | VaAcc: 0.1532, VaLoss:  4.18359	 MAP NN | Acc: 0.2416 | Loss: 3.5045
185,  0 | VaAcc: 0.1424, VaLoss:  4.17632	 MAP NN | Acc: 0.2276 | Loss: 3.5398
186,  0 | VaAcc: 0.1556, VaLoss:  4.12917	 MAP NN | Acc: 0.2308 | Loss: 3.5669
187,  0 | VaAcc: 0.1196, VaLoss:  4.46547	 MAP NN | Acc: 0.2352 | Loss: 3.4047
188,  0 | VaAcc: 0.1164, VaLoss:  4.37645	 MAP NN | Acc: 0.2068 | Loss: 3.6225
189,  0 | VaAcc: 0.1380, VaLoss:  4.38646	 MAP NN | Acc: 0.2292 | Loss: 3.5632
190,  0 | VaAcc: 0.1284, VaLoss:  4.30862	 MAP NN | Acc: 0.2192 | Loss: 3.6392
191,  0 | VaAcc: 0.1352, VaLoss:  4.30044	 MAP NN | Acc: 0.2432 | Loss: 3.5074
192,  0 | VaAcc: 0.1612, VaLoss:  4.04623	 MAP NN | Acc: 0.2088 | Loss: 3.5197
193,  0 | VaAcc: 0.1196, VaLoss:  4.51803	 MAP NN | Acc: 0.2208 | Loss: 3.5118
194,  0 | VaAcc: 0.1396, VaLoss:  4.09492	 MAP NN | Acc: 0.2368 | Loss: 3.5559
195,  0 | VaAcc: 0.1528, VaLoss:  4.05175	 MAP NN | Acc: 0.2128 | Loss: 3.8565
196,  0 | VaAcc: 0.1384, VaLoss:  4.45375	 MAP NN | Acc: 0.2268 | Loss: 3.6639
197,  0 | VaAcc: 0.1580, VaLoss:  3.98777	 MAP NN | Acc: 0.2256 | Loss: 3.6703
198,  0 | VaAcc: 0.1236, VaLoss:  4.60685	 MAP NN | Acc: 0.1928 | Loss: 3.6679
199,  0 | VaAcc: 0.1288, VaLoss:  4.29942	 MAP NN | Acc: 0.2068 | Loss: 3.5465
200,  0 | VaAcc: 0.1492, VaLoss:  4.04603	 MAP NN | Acc: 0.2300 | Loss: 3.4812
201,  0 | VaAcc: 0.1384, VaLoss:  4.33375	 MAP NN | Acc: 0.2008 | Loss: 3.7410
202,  0 | VaAcc: 0.1340, VaLoss:  4.32237	 MAP NN | Acc: 0.2280 | Loss: 3.5139
203,  0 | VaAcc: 0.1720, VaLoss:  4.15580	 MAP NN | Acc: 0.2368 | Loss: 3.4776
204,  0 | VaAcc: 0.1320, VaLoss:  4.23517	 MAP NN | Acc: 0.2376 | Loss: 3.4530
205,  0 | VaAcc: 0.1460, VaLoss:  4.05462	 MAP NN | Acc: 0.1968 | Loss: 3.5846
206,  0 | VaAcc: 0.1436, VaLoss:  4.11181	 MAP NN | Acc: 0.2244 | Loss: 3.6154
207,  0 | VaAcc: 0.1460, VaLoss:  4.21101	 MAP NN | Acc: 0.2284 | Loss: 3.6710
208,  0 | VaAcc: 0.1400, VaLoss:  4.10010	 MAP NN | Acc: 0.2288 | Loss: 3.6776
209,  0 | VaAcc: 0.1572, VaLoss:  4.04536	 MAP NN | Acc: 0.2168 | Loss: 3.5567
210,  0 | VaAcc: 0.1596, VaLoss:  4.14584	 MAP NN | Acc: 0.2188 | Loss: 3.4830
211,  0 | VaAcc: 0.1368, VaLoss:  4.21548	 MAP NN | Acc: 0.2068 | Loss: 3.5549
212,  0 | VaAcc: 0.1508, VaLoss:  4.03927	 MAP NN | Acc: 0.2232 | Loss: 3.5461
213,  0 | VaAcc: 0.1400, VaLoss:  4.35232	 MAP NN | Acc: 0.2148 | Loss: 3.5400
214,  0 | VaAcc: 0.1468, VaLoss:  4.13578	 MAP NN | Acc: 0.2432 | Loss: 3.5909
215,  0 | VaAcc: 0.1408, VaLoss:  4.17666	 MAP NN | Acc: 0.2248 | Loss: 3.8023
216,  0 | VaAcc: 0.1412, VaLoss:  4.29443	 MAP NN | Acc: 0.2288 | Loss: 3.8083
217,  0 | VaAcc: 0.1672, VaLoss:  3.96360	 MAP NN | Acc: 0.2288 | Loss: 3.6933
218,  0 | VaAcc: 0.1320, VaLoss:  4.29821	 MAP NN | Acc: 0.2424 | Loss: 3.7295
219,  0 | VaAcc: 0.1472, VaLoss:  4.24057	 MAP NN | Acc: 0.2344 | Loss: 3.7458
220,  0 | VaAcc: 0.1212, VaLoss:  4.30223	 MAP NN | Acc: 0.2128 | Loss: 3.7335
221,  0 | VaAcc: 0.1600, VaLoss:  4.24781	 MAP NN | Acc: 0.2328 | Loss: 3.6315
222,  0 | VaAcc: 0.1588, VaLoss:  3.91549	 MAP NN | Acc: 0.2260 | Loss: 3.6223
223,  0 | VaAcc: 0.1604, VaLoss:  3.99472	 MAP NN | Acc: 0.2168 | Loss: 3.6741
224,  0 | VaAcc: 0.1768, VaLoss:  3.96914	 MAP NN | Acc: 0.2168 | Loss: 3.6331
225,  0 | VaAcc: 0.1284, VaLoss:  4.25925	 MAP NN | Acc: 0.2148 | Loss: 3.6968
226,  0 | VaAcc: 0.1568, VaLoss:  4.06655	 MAP NN | Acc: 0.2188 | Loss: 3.5417
227,  0 | VaAcc: 0.1404, VaLoss:  4.03233	 MAP NN | Acc: 0.2248 | Loss: 3.4993
228,  0 | VaAcc: 0.1388, VaLoss:  4.04807	 MAP NN | Acc: 0.2188 | Loss: 3.5814
229,  0 | VaAcc: 0.1536, VaLoss:  4.26628	 MAP NN | Acc: 0.2532 | Loss: 3.3401
230,  0 | VaAcc: 0.1572, VaLoss:  3.94199	 MAP NN | Acc: 0.2320 | Loss: 3.5045
231,  0 | VaAcc: 0.1424, VaLoss:  4.19344	 MAP NN | Acc: 0.2300 | Loss: 3.5146
232,  0 | VaAcc: 0.1304, VaLoss:  4.35752	 MAP NN | Acc: 0.2452 | Loss: 3.4397
233,  0 | VaAcc: 0.1244, VaLoss:  4.27659	 MAP NN | Acc: 0.2152 | Loss: 3.4620
234,  0 | VaAcc: 0.1360, VaLoss:  4.09613	 MAP NN | Acc: 0.2540 | Loss: 3.2811
235,  0 | VaAcc: 0.1576, VaLoss:  3.99927	 MAP NN | Acc: 0.2508 | Loss: 3.3514
236,  0 | VaAcc: 0.1612, VaLoss:  4.07612	 MAP NN | Acc: 0.2460 | Loss: 3.2961
237,  0 | VaAcc: 0.1380, VaLoss:  4.23125	 MAP NN | Acc: 0.2460 | Loss: 3.4092
238,  0 | VaAcc: 0.1840, VaLoss:  3.95627	 MAP NN | Acc: 0.2268 | Loss: 3.4461
239,  0 | VaAcc: 0.1512, VaLoss:  4.25170	 MAP NN | Acc: 0.2528 | Loss: 3.2708
240,  0 | VaAcc: 0.1656, VaLoss:  4.17710	 MAP NN | Acc: 0.2588 | Loss: 3.2562
241,  0 | VaAcc: 0.1728, VaLoss:  4.05604	 MAP NN | Acc: 0.2648 | Loss: 3.3427
242,  0 | VaAcc: 0.1492, VaLoss:  4.15611	 MAP NN | Acc: 0.2388 | Loss: 3.3649
243,  0 | VaAcc: 0.1492, VaLoss:  4.18506	 MAP NN | Acc: 0.2340 | Loss: 3.4101
244,  0 | VaAcc: 0.1952, VaLoss:  3.96275	 MAP NN | Acc: 0.2288 | Loss: 3.3893
245,  0 | VaAcc: 0.1368, VaLoss:  4.17801	 MAP NN | Acc: 0.1928 | Loss: 3.3681
246,  0 | VaAcc: 0.1764, VaLoss:  3.99863	 MAP NN | Acc: 0.2288 | Loss: 3.3411
247,  0 | VaAcc: 0.1660, VaLoss:  4.31580	 MAP NN | Acc: 0.2176 | Loss: 3.3351
248,  0 | VaAcc: 0.1228, VaLoss:  4.11654	 MAP NN | Acc: 0.2268 | Loss: 3.3074
249,  0 | VaAcc: 0.1536, VaLoss:  3.93383	 MAP NN | Acc: 0.2200 | Loss: 3.2886
250,  0 | VaAcc: 0.1568, VaLoss:  4.07462	 MAP NN | Acc: 0.2320 | Loss: 3.4106
251,  0 | VaAcc: 0.1432, VaLoss:  4.14247	 MAP NN | Acc: 0.2176 | Loss: 3.3837
252,  0 | VaAcc: 0.1684, VaLoss:  4.15885	 MAP NN | Acc: 0.2256 | Loss: 3.3233
253,  0 | VaAcc: 0.1536, VaLoss:  4.00707	 MAP NN | Acc: 0.2216 | Loss: 3.3808
254,  0 | VaAcc: 0.1532, VaLoss:  3.95566	 MAP NN | Acc: 0.2428 | Loss: 3.3160
255,  0 | VaAcc: 0.1484, VaLoss:  4.17953	 MAP NN | Acc: 0.2316 | Loss: 3.3319
256,  0 | VaAcc: 0.1544, VaLoss:  4.21326	 MAP NN | Acc: 0.2412 | Loss: 3.2521
257,  0 | VaAcc: 0.1996, VaLoss:  4.01174	 MAP NN | Acc: 0.2488 | Loss: 3.2612
258,  0 | VaAcc: 0.1424, VaLoss:  4.09527	 MAP NN | Acc: 0.2500 | Loss: 3.3487
259,  0 | VaAcc: 0.1284, VaLoss:  4.22892	 MAP NN | Acc: 0.2420 | Loss: 3.2740
260,  0 | VaAcc: 0.1420, VaLoss:  4.15518	 MAP NN | Acc: 0.2472 | Loss: 3.2744
261,  0 | VaAcc: 0.1688, VaLoss:  3.97131	 MAP NN | Acc: 0.2132 | Loss: 3.3283
262,  0 | VaAcc: 0.1704, VaLoss:  4.01239	 MAP NN | Acc: 0.2108 | Loss: 3.2992
263,  0 | VaAcc: 0.1484, VaLoss:  3.95350	 MAP NN | Acc: 0.2048 | Loss: 3.2748
264,  0 | VaAcc: 0.1464, VaLoss:  4.10590	 MAP NN | Acc: 0.2068 | Loss: 3.2093
265,  0 | VaAcc: 0.1728, VaLoss:  3.88526	 MAP NN | Acc: 0.2164 | Loss: 3.3625
266,  0 | VaAcc: 0.1708, VaLoss:  3.95403	 MAP NN | Acc: 0.2188 | Loss: 3.3145
267,  0 | VaAcc: 0.1756, VaLoss:  4.02182	 MAP NN | Acc: 0.1980 | Loss: 3.2279
268,  0 | VaAcc: 0.1448, VaLoss:  4.05480	 MAP NN | Acc: 0.2368 | Loss: 3.0214
269,  0 | VaAcc: 0.1440, VaLoss:  4.15006	 MAP NN | Acc: 0.2096 | Loss: 3.1320
270,  0 | VaAcc: 0.1652, VaLoss:  4.12390	 MAP NN | Acc: 0.2236 | Loss: 3.1641
271,  0 | VaAcc: 0.1636, VaLoss:  3.89694	 MAP NN | Acc: 0.2308 | Loss: 3.1869
272,  0 | VaAcc: 0.1528, VaLoss:  4.19707	 MAP NN | Acc: 0.2288 | Loss: 3.1716
273,  0 | VaAcc: 0.1504, VaLoss:  3.98400	 MAP NN | Acc: 0.2508 | Loss: 3.1447
274,  0 | VaAcc: 0.1496, VaLoss:  4.01397	 MAP NN | Acc: 0.2288 | Loss: 3.2724
275,  0 | VaAcc: 0.1684, VaLoss:  3.92994	 MAP NN | Acc: 0.2336 | Loss: 3.0805
276,  0 | VaAcc: 0.1420, VaLoss:  4.20346	 MAP NN | Acc: 0.2300 | Loss: 3.0682
277,  0 | VaAcc: 0.1612, VaLoss:  4.03973	 MAP NN | Acc: 0.2328 | Loss: 3.1633
278,  0 | VaAcc: 0.1536, VaLoss:  4.01628	 MAP NN | Acc: 0.2228 | Loss: 3.1095
279,  0 | VaAcc: 0.1420, VaLoss:  4.03405	 MAP NN | Acc: 0.1860 | Loss: 3.2577
280,  0 | VaAcc: 0.1880, VaLoss:  3.93631	 MAP NN | Acc: 0.1612 | Loss: 3.2084
281,  0 | VaAcc: 0.1976, VaLoss:  3.79697	 MAP NN | Acc: 0.2088 | Loss: 3.2434
282,  0 | VaAcc: 0.1636, VaLoss:  4.01435	 MAP NN | Acc: 0.2348 | Loss: 3.1472
283,  0 | VaAcc: 0.1544, VaLoss:  3.82710	 MAP NN | Acc: 0.2468 | Loss: 3.0893
284,  0 | VaAcc: 0.1340, VaLoss:  3.91232	 MAP NN | Acc: 0.2696 | Loss: 3.0592
285,  0 | VaAcc: 0.1432, VaLoss:  3.99478	 MAP NN | Acc: 0.2848 | Loss: 3.0662
286,  0 | VaAcc: 0.1560, VaLoss:  3.88062	 MAP NN | Acc: 0.2748 | Loss: 3.0867
287,  0 | VaAcc: 0.1656, VaLoss:  4.04738	 MAP NN | Acc: 0.2988 | Loss: 2.9946
288,  0 | VaAcc: 0.1780, VaLoss:  4.06631	 MAP NN | Acc: 0.3128 | Loss: 2.8731
289,  0 | VaAcc: 0.1824, VaLoss:  3.82356	 MAP NN | Acc: 0.3108 | Loss: 2.9257
290,  0 | VaAcc: 0.1956, VaLoss:  3.77838	 MAP NN | Acc: 0.2924 | Loss: 2.9773
291,  0 | VaAcc: 0.1452, VaLoss:  4.05369	 MAP NN | Acc: 0.2708 | Loss: 2.9210
292,  0 | VaAcc: 0.1944, VaLoss:  3.82098	 MAP NN | Acc: 0.2888 | Loss: 2.9934
293,  0 | VaAcc: 0.1496, VaLoss:  3.94212	 MAP NN | Acc: 0.2828 | Loss: 3.0645
294,  0 | VaAcc: 0.1832, VaLoss:  3.92909	 MAP NN | Acc: 0.2888 | Loss: 3.0089
295,  0 | VaAcc: 0.1712, VaLoss:  3.85311	 MAP NN | Acc: 0.2748 | Loss: 2.9554
296,  0 | VaAcc: 0.1900, VaLoss:  3.77837	 MAP NN | Acc: 0.2888 | Loss: 2.8974
297,  0 | VaAcc: 0.1748, VaLoss:  3.76846	 MAP NN | Acc: 0.3068 | Loss: 2.8944
298,  0 | VaAcc: 0.1784, VaLoss:  3.98339	 MAP NN | Acc: 0.2928 | Loss: 2.9465
299,  0 | VaAcc: 0.1308, VaLoss:  4.17319	 MAP NN | Acc: 0.2568 | Loss: 3.0561
300,  0 | VaAcc: 0.1804, VaLoss:  3.69739	 MAP NN | Acc: 0.2708 | Loss: 3.0386
301,  0 | VaAcc: 0.1536, VaLoss:  3.95170	 MAP NN | Acc: 0.2588 | Loss: 3.0219
302,  0 | VaAcc: 0.1456, VaLoss:  4.15354	 MAP NN | Acc: 0.2548 | Loss: 3.0057
303,  0 | VaAcc: 0.1476, VaLoss:  4.12993	 MAP NN | Acc: 0.2484 | Loss: 2.8800
304,  0 | VaAcc: 0.1788, VaLoss:  4.02303	 MAP NN | Acc: 0.2540 | Loss: 2.8407
305,  0 | VaAcc: 0.1504, VaLoss:  3.94248	 MAP NN | Acc: 0.2708 | Loss: 2.8784
306,  0 | VaAcc: 0.1540, VaLoss:  3.97549	 MAP NN | Acc: 0.2728 | Loss: 2.8545
307,  0 | VaAcc: 0.1416, VaLoss:  3.91312	 MAP NN | Acc: 0.2736 | Loss: 2.8773
308,  0 | VaAcc: 0.1604, VaLoss:  4.08269	 MAP NN | Acc: 0.2588 | Loss: 2.8883
309,  0 | VaAcc: 0.1976, VaLoss:  3.86903	 MAP NN | Acc: 0.2568 | Loss: 2.8873
310,  0 | VaAcc: 0.1780, VaLoss:  3.76655	 MAP NN | Acc: 0.2408 | Loss: 2.9104
311,  0 | VaAcc: 0.1492, VaLoss:  3.98102	 MAP NN | Acc: 0.2328 | Loss: 2.9196
312,  0 | VaAcc: 0.1704, VaLoss:  3.99417	 MAP NN | Acc: 0.2328 | Loss: 3.0289
313,  0 | VaAcc: 0.1764, VaLoss:  3.91911	 MAP NN | Acc: 0.2388 | Loss: 3.0028
314,  0 | VaAcc: 0.1468, VaLoss:  4.02502	 MAP NN | Acc: 0.2488 | Loss: 2.8694
315,  0 | VaAcc: 0.1516, VaLoss:  3.97387	 MAP NN | Acc: 0.2508 | Loss: 2.9465
316,  0 | VaAcc: 0.1496, VaLoss:  4.00906	 MAP NN | Acc: 0.2408 | Loss: 2.8506
317,  0 | VaAcc: 0.1680, VaLoss:  3.81961	 MAP NN | Acc: 0.2608 | Loss: 2.7973
318,  0 | VaAcc: 0.1824, VaLoss:  3.92001	 MAP NN | Acc: 0.2508 | Loss: 2.8699
319,  0 | VaAcc: 0.1664, VaLoss:  3.88202	 MAP NN | Acc: 0.2336 | Loss: 2.8557
320,  0 | VaAcc: 0.1648, VaLoss:  3.89489	 MAP NN | Acc: 0.2412 | Loss: 2.8940
321,  0 | VaAcc: 0.1572, VaLoss:  3.98678	 MAP NN | Acc: 0.2544 | Loss: 2.8673
322,  0 | VaAcc: 0.1564, VaLoss:  3.97050	 MAP NN | Acc: 0.2556 | Loss: 2.8177
323,  0 | VaAcc: 0.1600, VaLoss:  3.97487	 MAP NN | Acc: 0.2368 | Loss: 2.8407
324,  0 | VaAcc: 0.1788, VaLoss:  3.93514	 MAP NN | Acc: 0.2288 | Loss: 3.0347
325,  0 | VaAcc: 0.1844, VaLoss:  3.85393	 MAP NN | Acc: 0.2348 | Loss: 2.9946
326,  0 | VaAcc: 0.1496, VaLoss:  3.88358	 MAP NN | Acc: 0.2544 | Loss: 2.7790
327,  0 | VaAcc: 0.1776, VaLoss:  3.74292	 MAP NN | Acc: 0.2344 | Loss: 2.6390
328,  0 | VaAcc: 0.1704, VaLoss:  3.85833	 MAP NN | Acc: 0.2388 | Loss: 2.7645
329,  0 | VaAcc: 0.1876, VaLoss:  4.02672	 MAP NN | Acc: 0.2404 | Loss: 2.8001
330,  0 | VaAcc: 0.1836, VaLoss:  3.79324	 MAP NN | Acc: 0.2404 | Loss: 2.7545
331,  0 | VaAcc: 0.1624, VaLoss:  3.88739	 MAP NN | Acc: 0.2444 | Loss: 2.7351
332,  0 | VaAcc: 0.1776, VaLoss:  3.90118	 MAP NN | Acc: 0.2444 | Loss: 2.7068
333,  0 | VaAcc: 0.1820, VaLoss:  3.76748	 MAP NN | Acc: 0.2384 | Loss: 2.8189
334,  0 | VaAcc: 0.1832, VaLoss:  3.83906	 MAP NN | Acc: 0.2280 | Loss: 2.7617
335,  0 | VaAcc: 0.1880, VaLoss:  3.81366	 MAP NN | Acc: 0.2668 | Loss: 2.6939
336,  0 | VaAcc: 0.1428, VaLoss:  4.00151	 MAP NN | Acc: 0.2328 | Loss: 2.7683
337,  0 | VaAcc: 0.1776, VaLoss:  3.92479	 MAP NN | Acc: 0.2488 | Loss: 2.6884
338,  0 | VaAcc: 0.2000, VaLoss:  3.56739	 MAP NN | Acc: 0.2748 | Loss: 2.7135
339,  0 | VaAcc: 0.1912, VaLoss:  3.66714	 MAP NN | Acc: 0.2780 | Loss: 2.7180
340,  0 | VaAcc: 0.1960, VaLoss:  3.67435	 MAP NN | Acc: 0.2588 | Loss: 2.6939
341,  0 | VaAcc: 0.2016, VaLoss:  3.79520	 MAP NN | Acc: 0.2808 | Loss: 2.6069
342,  0 | VaAcc: 0.1732, VaLoss:  3.86389	 MAP NN | Acc: 0.2728 | Loss: 2.5946
343,  0 | VaAcc: 0.1932, VaLoss:  3.76684	 MAP NN | Acc: 0.2748 | Loss: 2.5792
344,  0 | VaAcc: 0.1896, VaLoss:  3.70154	 MAP NN | Acc: 0.2628 | Loss: 2.5939
345,  0 | VaAcc: 0.2068, VaLoss:  3.83708	 MAP NN | Acc: 0.2448 | Loss: 2.6461
346,  0 | VaAcc: 0.1740, VaLoss:  3.61314	 MAP NN | Acc: 0.2788 | Loss: 2.6735
347,  0 | VaAcc: 0.1772, VaLoss:  3.89804	 MAP NN | Acc: 0.2548 | Loss: 2.7025
348,  0 | VaAcc: 0.2096, VaLoss:  3.72616	 MAP NN | Acc: 0.2720 | Loss: 2.6866
349,  0 | VaAcc: 0.1468, VaLoss:  4.06806	 MAP NN | Acc: 0.2520 | Loss: 2.7036
350,  0 | VaAcc: 0.1648, VaLoss:  3.88526	 MAP NN | Acc: 0.2520 | Loss: 2.6839
351,  0 | VaAcc: 0.1808, VaLoss:  3.75941	 MAP NN | Acc: 0.2620 | Loss: 2.6547
352,  0 | VaAcc: 0.1964, VaLoss:  3.61757	 MAP NN | Acc: 0.2520 | Loss: 2.7258
353,  0 | VaAcc: 0.1412, VaLoss:  3.87301	 MAP NN | Acc: 0.2700 | Loss: 2.6324
354,  0 | VaAcc: 0.1584, VaLoss:  3.81633	 MAP NN | Acc: 0.2820 | Loss: 2.6175
355,  0 | VaAcc: 0.1744, VaLoss:  3.85602	 MAP NN | Acc: 0.2848 | Loss: 2.6542
356,  0 | VaAcc: 0.1880, VaLoss:  3.66534	 MAP NN | Acc: 0.2548 | Loss: 2.5979
357,  0 | VaAcc: 0.1748, VaLoss:  3.70608	 MAP NN | Acc: 0.2728 | Loss: 2.5581
358,  0 | VaAcc: 0.2116, VaLoss:  3.66450	 MAP NN | Acc: 0.2428 | Loss: 2.5791
359,  0 | VaAcc: 0.1956, VaLoss:  3.66255	 MAP NN | Acc: 0.2888 | Loss: 2.4495
360,  0 | VaAcc: 0.1776, VaLoss:  4.08514	 MAP NN | Acc: 0.2700 | Loss: 2.6623
361,  0 | VaAcc: 0.1788, VaLoss:  4.04767	 MAP NN | Acc: 0.2636 | Loss: 2.6539
362,  0 | VaAcc: 0.1900, VaLoss:  3.76896	 MAP NN | Acc: 0.2788 | Loss: 2.5756
363,  0 | VaAcc: 0.2212, VaLoss:  3.58550	 MAP NN | Acc: 0.2608 | Loss: 2.6593
364,  0 | VaAcc: 0.1372, VaLoss:  3.89092	 MAP NN | Acc: 0.2408 | Loss: 2.7312
365,  0 | VaAcc: 0.1564, VaLoss:  3.95438	 MAP NN | Acc: 0.2648 | Loss: 2.6916
366,  0 | VaAcc: 0.1780, VaLoss:  3.74304	 MAP NN | Acc: 0.2828 | Loss: 2.6331
367,  0 | VaAcc: 0.1760, VaLoss:  3.75341	 MAP NN | Acc: 0.2376 | Loss: 2.6860
368,  0 | VaAcc: 0.1696, VaLoss:  3.79042	 MAP NN | Acc: 0.2536 | Loss: 2.6889
369,  0 | VaAcc: 0.1552, VaLoss:  3.80198	 MAP NN | Acc: 0.2628 | Loss: 2.6671
370,  0 | VaAcc: 0.1456, VaLoss:  3.86190	 MAP NN | Acc: 0.2568 | Loss: 2.6933
371,  0 | VaAcc: 0.1828, VaLoss:  3.89693	 MAP NN | Acc: 0.2628 | Loss: 2.6641
372,  0 | VaAcc: 0.1804, VaLoss:  3.60082	 MAP NN | Acc: 0.2508 | Loss: 2.6662
373,  0 | VaAcc: 0.2100, VaLoss:  3.51318	 MAP NN | Acc: 0.2692 | Loss: 2.6634
374,  0 | VaAcc: 0.1644, VaLoss:  3.76188	 MAP NN | Acc: 0.2328 | Loss: 2.8103
375,  0 | VaAcc: 0.1832, VaLoss:  3.53139	 MAP NN | Acc: 0.2648 | Loss: 2.7323
376,  0 | VaAcc: 0.1828, VaLoss:  3.79909	 MAP NN | Acc: 0.2764 | Loss: 2.7293
377,  0 | VaAcc: 0.1772, VaLoss:  3.75300	 MAP NN | Acc: 0.2644 | Loss: 2.6612
378,  0 | VaAcc: 0.1800, VaLoss:  3.70346	 MAP NN | Acc: 0.2564 | Loss: 2.7183
379,  0 | VaAcc: 0.1588, VaLoss:  3.89974	 MAP NN | Acc: 0.2808 | Loss: 2.5883
380,  0 | VaAcc: 0.1768, VaLoss:  3.76981	 MAP NN | Acc: 0.2956 | Loss: 2.6160
381,  0 | VaAcc: 0.2172, VaLoss:  3.56422	 MAP NN | Acc: 0.2772 | Loss: 2.7039
382,  0 | VaAcc: 0.1968, VaLoss:  3.69756	 MAP NN | Acc: 0.2960 | Loss: 2.6655
383,  0 | VaAcc: 0.1812, VaLoss:  3.61300	 MAP NN | Acc: 0.2860 | Loss: 2.7093
384,  0 | VaAcc: 0.1708, VaLoss:  3.76172	 MAP NN | Acc: 0.2888 | Loss: 2.7384
385,  0 | VaAcc: 0.1868, VaLoss:  3.84835	 MAP NN | Acc: 0.2988 | Loss: 2.6249
386,  0 | VaAcc: 0.1504, VaLoss:  3.90582	 MAP NN | Acc: 0.2928 | Loss: 2.5677
387,  0 | VaAcc: 0.1752, VaLoss:  3.60918	 MAP NN | Acc: 0.2828 | Loss: 2.5744
388,  0 | VaAcc: 0.1640, VaLoss:  3.78002	 MAP NN | Acc: 0.3144 | Loss: 2.5982
389,  0 | VaAcc: 0.1752, VaLoss:  3.68212	 MAP NN | Acc: 0.3028 | Loss: 2.6047
390,  0 | VaAcc: 0.1776, VaLoss:  3.63859	 MAP NN | Acc: 0.3040 | Loss: 2.5099
391,  0 | VaAcc: 0.1720, VaLoss:  3.88324	 MAP NN | Acc: 0.3160 | Loss: 2.4713
392,  0 | VaAcc: 0.1916, VaLoss:  3.67034	 MAP NN | Acc: 0.2768 | Loss: 2.7588
393,  0 | VaAcc: 0.1840, VaLoss:  3.61091	 MAP NN | Acc: 0.2868 | Loss: 2.6321
394,  0 | VaAcc: 0.1836, VaLoss:  3.64790	 MAP NN | Acc: 0.2936 | Loss: 2.6114
395,  0 | VaAcc: 0.1952, VaLoss:  3.60742	 MAP NN | Acc: 0.2768 | Loss: 2.6573
396,  0 | VaAcc: 0.2088, VaLoss:  3.68192	 MAP NN | Acc: 0.2908 | Loss: 2.5992
397,  0 | VaAcc: 0.1828, VaLoss:  3.60430	 MAP NN | Acc: 0.2848 | Loss: 2.6455
398,  0 | VaAcc: 0.1884, VaLoss:  3.76485	 MAP NN | Acc: 0.2936 | Loss: 2.6054
399,  0 | VaAcc: 0.1660, VaLoss:  3.72277	 MAP NN | Acc: 0.2988 | Loss: 2.7035
400,  0 | VaAcc: 0.1964, VaLoss:  3.68904	 MAP NN | Acc: 0.2788 | Loss: 2.8202
401,  0 | VaAcc: 0.2204, VaLoss:  3.56026	 MAP NN | Acc: 0.2776 | Loss: 2.7754
402,  0 | VaAcc: 0.1788, VaLoss:  3.79779	 MAP NN | Acc: 0.2768 | Loss: 2.8286
403,  0 | VaAcc: 0.1888, VaLoss:  3.62120	 MAP NN | Acc: 0.2928 | Loss: 2.7802
404,  0 | VaAcc: 0.1732, VaLoss:  3.77593	 MAP NN | Acc: 0.2748 | Loss: 2.6499
405,  0 | VaAcc: 0.1968, VaLoss:  3.97494	 MAP NN | Acc: 0.2808 | Loss: 2.7790
406,  0 | VaAcc: 0.2088, VaLoss:  3.55913	 MAP NN | Acc: 0.3168 | Loss: 2.6609
407,  0 | VaAcc: 0.1628, VaLoss:  3.92773	 MAP NN | Acc: 0.2884 | Loss: 2.7344
408,  0 | VaAcc: 0.1856, VaLoss:  3.63393	 MAP NN | Acc: 0.2836 | Loss: 2.7282
409,  0 | VaAcc: 0.1688, VaLoss:  3.63775	 MAP NN | Acc: 0.2916 | Loss: 2.7261
410,  0 | VaAcc: 0.1984, VaLoss:  3.53936	 MAP NN | Acc: 0.2988 | Loss: 2.6922
411,  0 | VaAcc: 0.1796, VaLoss:  3.73089	 MAP NN | Acc: 0.3192 | Loss: 2.5483
412,  0 | VaAcc: 0.1960, VaLoss:  3.63668	 MAP NN | Acc: 0.3344 | Loss: 2.5623
413,  0 | VaAcc: 0.2284, VaLoss:  3.45745	 MAP NN | Acc: 0.3284 | Loss: 2.5711
414,  0 | VaAcc: 0.1992, VaLoss:  3.71468	 MAP NN | Acc: 0.3324 | Loss: 2.6071
415,  0 | VaAcc: 0.1840, VaLoss:  3.70294	 MAP NN | Acc: 0.2848 | Loss: 2.6764
416,  0 | VaAcc: 0.1672, VaLoss:  3.73182	 MAP NN | Acc: 0.2728 | Loss: 2.7877
417,  0 | VaAcc: 0.1920, VaLoss:  3.45092	 MAP NN | Acc: 0.2748 | Loss: 2.7802
418,  0 | VaAcc: 0.1996, VaLoss:  3.62959	 MAP NN | Acc: 0.2972 | Loss: 2.7599
419,  0 | VaAcc: 0.1504, VaLoss:  3.86267	 MAP NN | Acc: 0.2672 | Loss: 2.8074
420,  0 | VaAcc: 0.2144, VaLoss:  3.45403	 MAP NN | Acc: 0.3048 | Loss: 2.6802
421,  0 | VaAcc: 0.1976, VaLoss:  3.59895	 MAP NN | Acc: 0.3068 | Loss: 2.6596
422,  0 | VaAcc: 0.1784, VaLoss:  3.57136	 MAP NN | Acc: 0.2868 | Loss: 2.5787
423,  0 | VaAcc: 0.1972, VaLoss:  3.56865	 MAP NN | Acc: 0.3208 | Loss: 2.5361
424,  0 | VaAcc: 0.1808, VaLoss:  3.65992	 MAP NN | Acc: 0.2988 | Loss: 2.5645
425,  0 | VaAcc: 0.1808, VaLoss:  3.55550	 MAP NN | Acc: 0.2780 | Loss: 2.5439
426,  0 | VaAcc: 0.2028, VaLoss:  3.45854	 MAP NN | Acc: 0.2988 | Loss: 2.6594
427,  0 | VaAcc: 0.1608, VaLoss:  3.71494	 MAP NN | Acc: 0.3008 | Loss: 2.5330
428,  0 | VaAcc: 0.2044, VaLoss:  3.45263	 MAP NN | Acc: 0.3388 | Loss: 2.3797
429,  0 | VaAcc: 0.2144, VaLoss:  3.40776	 MAP NN | Acc: 0.3188 | Loss: 2.5204
430,  0 | VaAcc: 0.2024, VaLoss:  3.62374	 MAP NN | Acc: 0.3368 | Loss: 2.4644
431,  0 | VaAcc: 0.2072, VaLoss:  3.60633	 MAP NN | Acc: 0.3424 | Loss: 2.3951
432,  0 | VaAcc: 0.1940, VaLoss:  3.61723	 MAP NN | Acc: 0.3304 | Loss: 2.5309
433,  0 | VaAcc: 0.1860, VaLoss:  3.77361	 MAP NN | Acc: 0.3148 | Loss: 2.5855
434,  0 | VaAcc: 0.1936, VaLoss:  3.44136	 MAP NN | Acc: 0.3128 | Loss: 2.5813
435,  0 | VaAcc: 0.1832, VaLoss:  3.69394	 MAP NN | Acc: 0.3108 | Loss: 2.5307
436,  0 | VaAcc: 0.2100, VaLoss:  3.60531	 MAP NN | Acc: 0.3228 | Loss: 2.4454
437,  0 | VaAcc: 0.1980, VaLoss:  3.47028	 MAP NN | Acc: 0.3168 | Loss: 2.4768
438,  0 | VaAcc: 0.1976, VaLoss:  3.67477	 MAP NN | Acc: 0.2988 | Loss: 2.5391
439,  0 | VaAcc: 0.1896, VaLoss:  3.75149	 MAP NN | Acc: 0.3148 | Loss: 2.4988
440,  0 | VaAcc: 0.1908, VaLoss:  3.65975	 MAP NN | Acc: 0.2888 | Loss: 2.5630
441,  0 | VaAcc: 0.1828, VaLoss:  3.62671	 MAP NN | Acc: 0.2984 | Loss: 2.5879
442,  0 | VaAcc: 0.1784, VaLoss:  3.71751	 MAP NN | Acc: 0.3004 | Loss: 2.6265
443,  0 | VaAcc: 0.1952, VaLoss:  3.48431	 MAP NN | Acc: 0.2968 | Loss: 2.6265
444,  0 | VaAcc: 0.1876, VaLoss:  3.75586	 MAP NN | Acc: 0.3048 | Loss: 2.4904
445,  0 | VaAcc: 0.2108, VaLoss:  3.60448	 MAP NN | Acc: 0.3088 | Loss: 2.5173
446,  0 | VaAcc: 0.1968, VaLoss:  3.65580	 MAP NN | Acc: 0.2968 | Loss: 2.5172
447,  0 | VaAcc: 0.1844, VaLoss:  3.81918	 MAP NN | Acc: 0.3184 | Loss: 2.5076
448,  0 | VaAcc: 0.2220, VaLoss:  3.46320	 MAP NN | Acc: 0.3064 | Loss: 2.4081
449,  0 | VaAcc: 0.2080, VaLoss:  3.54909	 MAP NN | Acc: 0.3168 | Loss: 2.5029
450,  0 | VaAcc: 0.1856, VaLoss:  3.68816	 MAP NN | Acc: 0.3208 | Loss: 2.4551
451,  0 | VaAcc: 0.1996, VaLoss:  3.62250	 MAP NN | Acc: 0.2848 | Loss: 2.4210
452,  0 | VaAcc: 0.1828, VaLoss:  3.49808	 MAP NN | Acc: 0.2828 | Loss: 2.4823
453,  0 | VaAcc: 0.1716, VaLoss:  3.63242	 MAP NN | Acc: 0.2928 | Loss: 2.4912
454,  0 | VaAcc: 0.2268, VaLoss:  3.46278	 MAP NN | Acc: 0.3068 | Loss: 2.3640
455,  0 | VaAcc: 0.2008, VaLoss:  3.54983	 MAP NN | Acc: 0.3188 | Loss: 2.3927
456,  0 | VaAcc: 0.2060, VaLoss:  3.42724	 MAP NN | Acc: 0.3080 | Loss: 2.4495
457,  0 | VaAcc: 0.2000, VaLoss:  3.56488	 MAP NN | Acc: 0.3328 | Loss: 2.5077
458,  0 | VaAcc: 0.2316, VaLoss:  3.42795	 MAP NN | Acc: 0.3268 | Loss: 2.4812
459,  0 | VaAcc: 0.1948, VaLoss:  3.50033	 MAP NN | Acc: 0.3348 | Loss: 2.5144
460,  0 | VaAcc: 0.1904, VaLoss:  3.56529	 MAP NN | Acc: 0.3268 | Loss: 2.4298
461,  0 | VaAcc: 0.1932, VaLoss:  3.54847	 MAP NN | Acc: 0.2988 | Loss: 2.5735
462,  0 | VaAcc: 0.2368, VaLoss:  3.46803	 MAP NN | Acc: 0.3008 | Loss: 2.5513
463,  0 | VaAcc: 0.1936, VaLoss:  3.55015	 MAP NN | Acc: 0.3068 | Loss: 2.5494
464,  0 | VaAcc: 0.1792, VaLoss:  3.52802	 MAP NN | Acc: 0.3048 | Loss: 2.5409
465,  0 | VaAcc: 0.1796, VaLoss:  3.71488	 MAP NN | Acc: 0.3028 | Loss: 2.5569
466,  0 | VaAcc: 0.2080, VaLoss:  3.59128	 MAP NN | Acc: 0.3048 | Loss: 2.6003
467,  0 | VaAcc: 0.2180, VaLoss:  3.51904	 MAP NN | Acc: 0.3080 | Loss: 2.4465
468,  0 | VaAcc: 0.1944, VaLoss:  3.58298	 MAP NN | Acc: 0.3040 | Loss: 2.4471
469,  0 | VaAcc: 0.2020, VaLoss:  3.59452	 MAP NN | Acc: 0.3080 | Loss: 2.5071
470,  0 | VaAcc: 0.1964, VaLoss:  3.47393	 MAP NN | Acc: 0.3080 | Loss: 2.5184
471,  0 | VaAcc: 0.2092, VaLoss:  3.46273	 MAP NN | Acc: 0.2908 | Loss: 2.6298
472,  0 | VaAcc: 0.1992, VaLoss:  3.58751	 MAP NN | Acc: 0.3028 | Loss: 2.5346
473,  0 | VaAcc: 0.1748, VaLoss:  3.56226	 MAP NN | Acc: 0.3228 | Loss: 2.5452
474,  0 | VaAcc: 0.1964, VaLoss:  3.40027	 MAP NN | Acc: 0.3088 | Loss: 2.6146
475,  0 | VaAcc: 0.2176, VaLoss:  3.56342	 MAP NN | Acc: 0.3228 | Loss: 2.5256
476,  0 | VaAcc: 0.2144, VaLoss:  3.60170	 MAP NN | Acc: 0.3268 | Loss: 2.5890
477,  0 | VaAcc: 0.2044, VaLoss:  3.50507	 MAP NN | Acc: 0.3248 | Loss: 2.5000
478,  0 | VaAcc: 0.1984, VaLoss:  3.56634	 MAP NN | Acc: 0.3128 | Loss: 2.5414
479,  0 | VaAcc: 0.1832, VaLoss:  3.55405	 MAP NN | Acc: 0.2848 | Loss: 2.5789
480,  0 | VaAcc: 0.1852, VaLoss:  3.37622	 MAP NN | Acc: 0.2924 | Loss: 2.6502
481,  0 | VaAcc: 0.2088, VaLoss:  3.51150	 MAP NN | Acc: 0.3000 | Loss: 2.6139
482,  0 | VaAcc: 0.1724, VaLoss:  3.57990	 MAP NN | Acc: 0.2940 | Loss: 2.6409
483,  0 | VaAcc: 0.2204, VaLoss:  3.38233	 MAP NN | Acc: 0.3020 | Loss: 2.6348
484,  0 | VaAcc: 0.2068, VaLoss:  3.48495	 MAP NN | Acc: 0.3180 | Loss: 2.6425
485,  0 | VaAcc: 0.2128, VaLoss:  3.54367	 MAP NN | Acc: 0.3168 | Loss: 2.6178
486,  0 | VaAcc: 0.1864, VaLoss:  3.54515	 MAP NN | Acc: 0.3408 | Loss: 2.5559
487,  0 | VaAcc: 0.1776, VaLoss:  3.52575	 MAP NN | Acc: 0.3348 | Loss: 2.5503
488,  0 | VaAcc: 0.1872, VaLoss:  3.52945	 MAP NN | Acc: 0.3228 | Loss: 2.7261
489,  0 | VaAcc: 0.1936, VaLoss:  3.37727	 MAP NN | Acc: 0.3248 | Loss: 2.6544
490,  0 | VaAcc: 0.2164, VaLoss:  3.43367	 MAP NN | Acc: 0.3108 | Loss: 2.6352
491,  0 | VaAcc: 0.2400, VaLoss:  3.15319	 MAP NN | Acc: 0.3220 | Loss: 2.6615
492,  0 | VaAcc: 0.2308, VaLoss:  3.35584	 MAP NN | Acc: 0.3200 | Loss: 2.6823
493,  0 | VaAcc: 0.2096, VaLoss:  3.40586	 MAP NN | Acc: 0.3208 | Loss: 2.7707
494,  0 | VaAcc: 0.2072, VaLoss:  3.42903	 MAP NN | Acc: 0.3168 | Loss: 2.7562
495,  0 | VaAcc: 0.2160, VaLoss:  3.34986	 MAP NN | Acc: 0.3208 | Loss: 2.6396
496,  0 | VaAcc: 0.1960, VaLoss:  3.45561	 MAP NN | Acc: 0.3308 | Loss: 2.5289
497,  0 | VaAcc: 0.2252, VaLoss:  3.31267	 MAP NN | Acc: 0.3300 | Loss: 2.6085
498,  0 | VaAcc: 0.1816, VaLoss:  3.62451	 MAP NN | Acc: 0.3320 | Loss: 2.5408
499,  0 | VaAcc: 0.2088, VaLoss:  3.52150	 MAP NN | Acc: 0.3440 | Loss: 2.5076
----------------------------
Results for va_b
Metric: elogl 
 5.807 in iteration   43
Metric: acc   
 24.00 % in iteration  491
Results for va_s
Metric: acc   
 34.40 % in iteration  499
Metric: loss  
EARLY STOP FOR te_s
 32.90 % in iteration  499
