2020-03-13 17:21:28.045750: I tensorflow/core/platform/cpu_feature_guard.cc:141] Your CPU supports instructions that this TensorFlow binary was not compiled to use: SSE4.1 SSE4.2 AVX FMA
2020-03-13 17:21:28.220168: I tensorflow/core/common_runtime/gpu/gpu_device.cc:1405] Found device 0 with properties: 
name: GeForce GTX 1060 6GB major: 6 minor: 1 memoryClockRate(GHz): 1.7845
pciBusID: 0000:06:00.0
totalMemory: 5.94GiB freeMemory: 5.86GiB
2020-03-13 17:21:28.220349: I tensorflow/core/common_runtime/gpu/gpu_device.cc:1484] Adding visible gpu devices: 0
2020-03-13 17:21:31.431192: I tensorflow/core/common_runtime/gpu/gpu_device.cc:965] Device interconnect StreamExecutor with strength 1 edge matrix:
2020-03-13 17:21:31.431372: I tensorflow/core/common_runtime/gpu/gpu_device.cc:971]      0 
2020-03-13 17:21:31.431426: I tensorflow/core/common_runtime/gpu/gpu_device.cc:984] 0:   N 
2020-03-13 17:21:31.432529: I tensorflow/core/common_runtime/gpu/gpu_device.cc:1097] Created TensorFlow device (/job:localhost/replica:0/task:0/device:GPU:0 with 5641 MB memory) -> physical GPU (device: 0, name: GeForce GTX 1060 6GB, pci bus id: 0000:06:00.0, compute capability: 6.1)
2020-03-13 18:26:53.000213: I tensorflow/core/common_runtime/gpu/gpu_device.cc:1484] Adding visible gpu devices: 0
2020-03-13 18:26:53.000595: I tensorflow/core/common_runtime/gpu/gpu_device.cc:965] Device interconnect StreamExecutor with strength 1 edge matrix:
2020-03-13 18:26:53.000664: I tensorflow/core/common_runtime/gpu/gpu_device.cc:971]      0 
2020-03-13 18:26:53.000736: I tensorflow/core/common_runtime/gpu/gpu_device.cc:984] 0:   N 
2020-03-13 18:26:53.000962: I tensorflow/core/common_runtime/gpu/gpu_device.cc:1097] Created TensorFlow device (/job:localhost/replica:0/task:0/device:GPU:0 with 5641 MB memory) -> physical GPU (device: 0, name: GeForce GTX 1060 6GB, pci bus id: 0000:06:00.0, compute capability: 6.1)
2020-03-13 19:34:42.554080: I tensorflow/core/common_runtime/gpu/gpu_device.cc:1484] Adding visible gpu devices: 0
2020-03-13 19:34:42.636551: I tensorflow/core/common_runtime/gpu/gpu_device.cc:965] Device interconnect StreamExecutor with strength 1 edge matrix:
2020-03-13 19:34:42.636672: I tensorflow/core/common_runtime/gpu/gpu_device.cc:971]      0 
2020-03-13 19:34:42.636736: I tensorflow/core/common_runtime/gpu/gpu_device.cc:984] 0:   N 
2020-03-13 19:34:42.636884: I tensorflow/core/common_runtime/gpu/gpu_device.cc:1097] Created TensorFlow device (/job:localhost/replica:0/task:0/device:GPU:0 with 5641 MB memory) -> physical GPU (device: 0, name: GeForce GTX 1060 6GB, pci bus id: 0000:06:00.0, compute capability: 6.1)
2020-03-13 20:41:37.938527: I tensorflow/core/common_runtime/gpu/gpu_device.cc:1484] Adding visible gpu devices: 0
2020-03-13 20:41:37.942446: I tensorflow/core/common_runtime/gpu/gpu_device.cc:965] Device interconnect StreamExecutor with strength 1 edge matrix:
2020-03-13 20:41:37.942516: I tensorflow/core/common_runtime/gpu/gpu_device.cc:971]      0 
2020-03-13 20:41:37.942567: I tensorflow/core/common_runtime/gpu/gpu_device.cc:984] 0:   N 
2020-03-13 20:41:37.942674: I tensorflow/core/common_runtime/gpu/gpu_device.cc:1097] Created TensorFlow device (/job:localhost/replica:0/task:0/device:GPU:0 with 5641 MB memory) -> physical GPU (device: 0, name: GeForce GTX 1060 6GB, pci bus id: 0000:06:00.0, compute capability: 6.1)
2020-03-13 21:46:12.492684: I tensorflow/core/common_runtime/gpu/gpu_device.cc:1484] Adding visible gpu devices: 0
2020-03-13 21:46:12.493082: I tensorflow/core/common_runtime/gpu/gpu_device.cc:965] Device interconnect StreamExecutor with strength 1 edge matrix:
2020-03-13 21:46:12.493148: I tensorflow/core/common_runtime/gpu/gpu_device.cc:971]      0 
2020-03-13 21:46:12.493198: I tensorflow/core/common_runtime/gpu/gpu_device.cc:984] 0:   N 
2020-03-13 21:46:12.493330: I tensorflow/core/common_runtime/gpu/gpu_device.cc:1097] Created TensorFlow device (/job:localhost/replica:0/task:0/device:GPU:0 with 5641 MB memory) -> physical GPU (device: 0, name: GeForce GTX 1060 6GB, pci bus id: 0000:06:00.0, compute capability: 6.1)
2020-03-13 22:53:29.483115: I tensorflow/core/common_runtime/gpu/gpu_device.cc:1484] Adding visible gpu devices: 0
2020-03-13 22:53:29.527229: I tensorflow/core/common_runtime/gpu/gpu_device.cc:965] Device interconnect StreamExecutor with strength 1 edge matrix:
2020-03-13 22:53:29.527379: I tensorflow/core/common_runtime/gpu/gpu_device.cc:971]      0 
2020-03-13 22:53:29.527449: I tensorflow/core/common_runtime/gpu/gpu_device.cc:984] 0:   N 
2020-03-13 22:53:29.530067: I tensorflow/core/common_runtime/gpu/gpu_device.cc:1097] Created TensorFlow device (/job:localhost/replica:0/task:0/device:GPU:0 with 5641 MB memory) -> physical GPU (device: 0, name: GeForce GTX 1060 6GB, pci bus id: 0000:06:00.0, compute capability: 6.1)
