2020-03-13 17:12:55.393440: I tensorflow/core/platform/cpu_feature_guard.cc:141] Your CPU supports instructions that this TensorFlow binary was not compiled to use: SSE4.1 SSE4.2 AVX AVX2 AVX512F FMA
2020-03-13 17:12:55.757935: I tensorflow/core/common_runtime/gpu/gpu_device.cc:1405] Found device 0 with properties: 
name: GeForce RTX 2080 Ti major: 7 minor: 5 memoryClockRate(GHz): 1.545
pciBusID: 0000:d8:00.0
totalMemory: 10.73GiB freeMemory: 10.53GiB
2020-03-13 17:12:55.758073: I tensorflow/core/common_runtime/gpu/gpu_device.cc:1484] Adding visible gpu devices: 0
2020-03-13 17:13:14.029009: I tensorflow/core/common_runtime/gpu/gpu_device.cc:965] Device interconnect StreamExecutor with strength 1 edge matrix:
2020-03-13 17:13:14.029100: I tensorflow/core/common_runtime/gpu/gpu_device.cc:971]      0 
2020-03-13 17:13:14.029149: I tensorflow/core/common_runtime/gpu/gpu_device.cc:984] 0:   N 
2020-03-13 17:13:14.030710: I tensorflow/core/common_runtime/gpu/gpu_device.cc:1097] Created TensorFlow device (/job:localhost/replica:0/task:0/device:GPU:0 with 10166 MB memory) -> physical GPU (device: 0, name: GeForce RTX 2080 Ti, pci bus id: 0000:d8:00.0, compute capability: 7.5)
2020-03-13 17:42:53.457527: I tensorflow/core/common_runtime/gpu/gpu_device.cc:1484] Adding visible gpu devices: 0
2020-03-13 17:42:53.458025: I tensorflow/core/common_runtime/gpu/gpu_device.cc:965] Device interconnect StreamExecutor with strength 1 edge matrix:
2020-03-13 17:42:53.458112: I tensorflow/core/common_runtime/gpu/gpu_device.cc:971]      0 
2020-03-13 17:42:53.458166: I tensorflow/core/common_runtime/gpu/gpu_device.cc:984] 0:   N 
2020-03-13 17:42:53.458386: I tensorflow/core/common_runtime/gpu/gpu_device.cc:1097] Created TensorFlow device (/job:localhost/replica:0/task:0/device:GPU:0 with 10166 MB memory) -> physical GPU (device: 0, name: GeForce RTX 2080 Ti, pci bus id: 0000:d8:00.0, compute capability: 7.5)
2020-03-13 18:12:07.716943: I tensorflow/core/common_runtime/gpu/gpu_device.cc:1484] Adding visible gpu devices: 0
2020-03-13 18:12:07.717378: I tensorflow/core/common_runtime/gpu/gpu_device.cc:965] Device interconnect StreamExecutor with strength 1 edge matrix:
2020-03-13 18:12:07.717434: I tensorflow/core/common_runtime/gpu/gpu_device.cc:971]      0 
2020-03-13 18:12:07.717502: I tensorflow/core/common_runtime/gpu/gpu_device.cc:984] 0:   N 
2020-03-13 18:12:07.717717: I tensorflow/core/common_runtime/gpu/gpu_device.cc:1097] Created TensorFlow device (/job:localhost/replica:0/task:0/device:GPU:0 with 10166 MB memory) -> physical GPU (device: 0, name: GeForce RTX 2080 Ti, pci bus id: 0000:d8:00.0, compute capability: 7.5)
2020-03-13 18:41:30.220862: I tensorflow/core/common_runtime/gpu/gpu_device.cc:1484] Adding visible gpu devices: 0
2020-03-13 18:41:30.223187: I tensorflow/core/common_runtime/gpu/gpu_device.cc:965] Device interconnect StreamExecutor with strength 1 edge matrix:
2020-03-13 18:41:30.223297: I tensorflow/core/common_runtime/gpu/gpu_device.cc:971]      0 
2020-03-13 18:41:30.223397: I tensorflow/core/common_runtime/gpu/gpu_device.cc:984] 0:   N 
2020-03-13 18:41:30.223771: I tensorflow/core/common_runtime/gpu/gpu_device.cc:1097] Created TensorFlow device (/job:localhost/replica:0/task:0/device:GPU:0 with 10166 MB memory) -> physical GPU (device: 0, name: GeForce RTX 2080 Ti, pci bus id: 0000:d8:00.0, compute capability: 7.5)
2020-03-13 19:11:07.555153: I tensorflow/core/common_runtime/gpu/gpu_device.cc:1484] Adding visible gpu devices: 0
2020-03-13 19:11:07.555532: I tensorflow/core/common_runtime/gpu/gpu_device.cc:965] Device interconnect StreamExecutor with strength 1 edge matrix:
2020-03-13 19:11:07.555576: I tensorflow/core/common_runtime/gpu/gpu_device.cc:971]      0 
2020-03-13 19:11:07.555657: I tensorflow/core/common_runtime/gpu/gpu_device.cc:984] 0:   N 
2020-03-13 19:11:07.555870: I tensorflow/core/common_runtime/gpu/gpu_device.cc:1097] Created TensorFlow device (/job:localhost/replica:0/task:0/device:GPU:0 with 10166 MB memory) -> physical GPU (device: 0, name: GeForce RTX 2080 Ti, pci bus id: 0000:d8:00.0, compute capability: 7.5)
2020-03-13 19:41:54.637385: I tensorflow/core/common_runtime/gpu/gpu_device.cc:1484] Adding visible gpu devices: 0
2020-03-13 19:41:54.715989: I tensorflow/core/common_runtime/gpu/gpu_device.cc:965] Device interconnect StreamExecutor with strength 1 edge matrix:
2020-03-13 19:41:54.716148: I tensorflow/core/common_runtime/gpu/gpu_device.cc:971]      0 
2020-03-13 19:41:54.716241: I tensorflow/core/common_runtime/gpu/gpu_device.cc:984] 0:   N 
2020-03-13 19:41:54.716617: I tensorflow/core/common_runtime/gpu/gpu_device.cc:1097] Created TensorFlow device (/job:localhost/replica:0/task:0/device:GPU:0 with 10166 MB memory) -> physical GPU (device: 0, name: GeForce RTX 2080 Ti, pci bus id: 0000:d8:00.0, compute capability: 7.5)
