2020-10-06 03:07:53.356258: I tensorflow/core/platform/cpu_feature_guard.cc:141] Your CPU supports instructions that this TensorFlow binary was not compiled to use: SSE4.1 SSE4.2 AVX AVX2 FMA
2020-10-06 03:07:53.516373: I tensorflow/core/common_runtime/gpu/gpu_device.cc:1405] Found device 0 with properties: 
name: GeForce RTX 2080 Ti major: 7 minor: 5 memoryClockRate(GHz): 1.545
pciBusID: 0000:0b:00.0
totalMemory: 10.76GiB freeMemory: 10.60GiB
2020-10-06 03:07:53.516723: I tensorflow/core/common_runtime/gpu/gpu_device.cc:1484] Adding visible gpu devices: 0
2020-10-06 03:08:03.225543: I tensorflow/core/common_runtime/gpu/gpu_device.cc:965] Device interconnect StreamExecutor with strength 1 edge matrix:
2020-10-06 03:08:03.225858: I tensorflow/core/common_runtime/gpu/gpu_device.cc:971]      0 
2020-10-06 03:08:03.226320: I tensorflow/core/common_runtime/gpu/gpu_device.cc:984] 0:   N 
2020-10-06 03:08:03.227855: I tensorflow/core/common_runtime/gpu/gpu_device.cc:1097] Created TensorFlow device (/job:localhost/replica:0/task:0/device:GPU:0 with 10229 MB memory) -> physical GPU (device: 0, name: GeForce RTX 2080 Ti, pci bus id: 0000:0b:00.0, compute capability: 7.5)
2020-10-06 06:35:16.704931: I tensorflow/core/common_runtime/gpu/gpu_device.cc:1484] Adding visible gpu devices: 0
2020-10-06 06:35:16.705457: I tensorflow/core/common_runtime/gpu/gpu_device.cc:965] Device interconnect StreamExecutor with strength 1 edge matrix:
2020-10-06 06:35:16.705659: I tensorflow/core/common_runtime/gpu/gpu_device.cc:971]      0 
2020-10-06 06:35:16.705893: I tensorflow/core/common_runtime/gpu/gpu_device.cc:984] 0:   N 
2020-10-06 06:35:16.706145: I tensorflow/core/common_runtime/gpu/gpu_device.cc:1097] Created TensorFlow device (/job:localhost/replica:0/task:0/device:GPU:0 with 10229 MB memory) -> physical GPU (device: 0, name: GeForce RTX 2080 Ti, pci bus id: 0000:0b:00.0, compute capability: 7.5)
2020-10-06 10:02:36.742960: I tensorflow/core/common_runtime/gpu/gpu_device.cc:1484] Adding visible gpu devices: 0
2020-10-06 10:02:36.745223: I tensorflow/core/common_runtime/gpu/gpu_device.cc:965] Device interconnect StreamExecutor with strength 1 edge matrix:
2020-10-06 10:02:36.745487: I tensorflow/core/common_runtime/gpu/gpu_device.cc:971]      0 
2020-10-06 10:02:36.745681: I tensorflow/core/common_runtime/gpu/gpu_device.cc:984] 0:   N 
2020-10-06 10:02:36.745946: I tensorflow/core/common_runtime/gpu/gpu_device.cc:1097] Created TensorFlow device (/job:localhost/replica:0/task:0/device:GPU:0 with 10229 MB memory) -> physical GPU (device: 0, name: GeForce RTX 2080 Ti, pci bus id: 0000:0b:00.0, compute capability: 7.5)
2020-10-06 13:41:39.824453: I tensorflow/core/common_runtime/gpu/gpu_device.cc:1484] Adding visible gpu devices: 0
2020-10-06 13:41:39.824819: I tensorflow/core/common_runtime/gpu/gpu_device.cc:965] Device interconnect StreamExecutor with strength 1 edge matrix:
2020-10-06 13:41:39.825229: I tensorflow/core/common_runtime/gpu/gpu_device.cc:971]      0 
2020-10-06 13:41:39.825526: I tensorflow/core/common_runtime/gpu/gpu_device.cc:984] 0:   N 
2020-10-06 13:41:39.825970: I tensorflow/core/common_runtime/gpu/gpu_device.cc:1097] Created TensorFlow device (/job:localhost/replica:0/task:0/device:GPU:0 with 10229 MB memory) -> physical GPU (device: 0, name: GeForce RTX 2080 Ti, pci bus id: 0000:0b:00.0, compute capability: 7.5)
