2020-06-11 08:28:31.732869: I tensorflow/core/platform/cpu_feature_guard.cc:141] Your CPU supports instructions that this TensorFlow binary was not compiled to use: SSE4.1 SSE4.2 AVX
2020-06-11 08:28:31.859281: I tensorflow/core/common_runtime/gpu/gpu_device.cc:1405] Found device 0 with properties: 
name: GeForce GTX 960 major: 5 minor: 2 memoryClockRate(GHz): 1.2405
pciBusID: 0000:07:00.0
totalMemory: 3.95GiB freeMemory: 3.90GiB
2020-06-11 08:28:31.859542: I tensorflow/core/common_runtime/gpu/gpu_device.cc:1484] Adding visible gpu devices: 0
2020-06-11 08:28:36.194918: I tensorflow/core/common_runtime/gpu/gpu_device.cc:965] Device interconnect StreamExecutor with strength 1 edge matrix:
2020-06-11 08:28:36.195259: I tensorflow/core/common_runtime/gpu/gpu_device.cc:971]      0 
2020-06-11 08:28:36.195526: I tensorflow/core/common_runtime/gpu/gpu_device.cc:984] 0:   N 
2020-06-11 08:28:36.196942: I tensorflow/core/common_runtime/gpu/gpu_device.cc:1097] Created TensorFlow device (/job:localhost/replica:0/task:0/device:GPU:0 with 3628 MB memory) -> physical GPU (device: 0, name: GeForce GTX 960, pci bus id: 0000:07:00.0, compute capability: 5.2)
2020-06-11 09:04:44.726446: I tensorflow/core/common_runtime/gpu/gpu_device.cc:1484] Adding visible gpu devices: 0
2020-06-11 09:04:44.727138: I tensorflow/core/common_runtime/gpu/gpu_device.cc:965] Device interconnect StreamExecutor with strength 1 edge matrix:
2020-06-11 09:04:44.727243: I tensorflow/core/common_runtime/gpu/gpu_device.cc:971]      0 
2020-06-11 09:04:44.727366: I tensorflow/core/common_runtime/gpu/gpu_device.cc:984] 0:   N 
2020-06-11 09:04:44.727554: I tensorflow/core/common_runtime/gpu/gpu_device.cc:1097] Created TensorFlow device (/job:localhost/replica:0/task:0/device:GPU:0 with 3628 MB memory) -> physical GPU (device: 0, name: GeForce GTX 960, pci bus id: 0000:07:00.0, compute capability: 5.2)
2020-06-11 09:40:49.281401: I tensorflow/core/common_runtime/gpu/gpu_device.cc:1484] Adding visible gpu devices: 0
2020-06-11 09:40:49.282020: I tensorflow/core/common_runtime/gpu/gpu_device.cc:965] Device interconnect StreamExecutor with strength 1 edge matrix:
2020-06-11 09:40:49.282234: I tensorflow/core/common_runtime/gpu/gpu_device.cc:971]      0 
2020-06-11 09:40:49.282335: I tensorflow/core/common_runtime/gpu/gpu_device.cc:984] 0:   N 
2020-06-11 09:40:49.282495: I tensorflow/core/common_runtime/gpu/gpu_device.cc:1097] Created TensorFlow device (/job:localhost/replica:0/task:0/device:GPU:0 with 3628 MB memory) -> physical GPU (device: 0, name: GeForce GTX 960, pci bus id: 0000:07:00.0, compute capability: 5.2)
2020-06-11 10:16:53.149542: I tensorflow/core/common_runtime/gpu/gpu_device.cc:1484] Adding visible gpu devices: 0
2020-06-11 10:16:53.150139: I tensorflow/core/common_runtime/gpu/gpu_device.cc:965] Device interconnect StreamExecutor with strength 1 edge matrix:
2020-06-11 10:16:53.150227: I tensorflow/core/common_runtime/gpu/gpu_device.cc:971]      0 
2020-06-11 10:16:53.150305: I tensorflow/core/common_runtime/gpu/gpu_device.cc:984] 0:   N 
2020-06-11 10:16:53.150451: I tensorflow/core/common_runtime/gpu/gpu_device.cc:1097] Created TensorFlow device (/job:localhost/replica:0/task:0/device:GPU:0 with 3628 MB memory) -> physical GPU (device: 0, name: GeForce GTX 960, pci bus id: 0000:07:00.0, compute capability: 5.2)
2020-06-11 10:52:54.800045: I tensorflow/core/common_runtime/gpu/gpu_device.cc:1484] Adding visible gpu devices: 0
2020-06-11 10:52:54.800742: I tensorflow/core/common_runtime/gpu/gpu_device.cc:965] Device interconnect StreamExecutor with strength 1 edge matrix:
2020-06-11 10:52:54.800832: I tensorflow/core/common_runtime/gpu/gpu_device.cc:971]      0 
2020-06-11 10:52:54.800921: I tensorflow/core/common_runtime/gpu/gpu_device.cc:984] 0:   N 
2020-06-11 10:52:54.801079: I tensorflow/core/common_runtime/gpu/gpu_device.cc:1097] Created TensorFlow device (/job:localhost/replica:0/task:0/device:GPU:0 with 3628 MB memory) -> physical GPU (device: 0, name: GeForce GTX 960, pci bus id: 0000:07:00.0, compute capability: 5.2)
