2020-03-02 13:56:22.981002: I tensorflow/core/platform/cpu_feature_guard.cc:141] Your CPU supports instructions that this TensorFlow binary was not compiled to use: SSE4.1 SSE4.2 AVX FMA
2020-03-02 13:56:23.155797: I tensorflow/core/common_runtime/gpu/gpu_device.cc:1405] Found device 0 with properties: 
name: GeForce GTX 1060 6GB major: 6 minor: 1 memoryClockRate(GHz): 1.7845
pciBusID: 0000:06:00.0
totalMemory: 5.94GiB freeMemory: 5.86GiB
2020-03-02 13:56:23.155900: I tensorflow/core/common_runtime/gpu/gpu_device.cc:1484] Adding visible gpu devices: 0
2020-03-02 13:56:26.346971: I tensorflow/core/common_runtime/gpu/gpu_device.cc:965] Device interconnect StreamExecutor with strength 1 edge matrix:
2020-03-02 13:56:26.347090: I tensorflow/core/common_runtime/gpu/gpu_device.cc:971]      0 
2020-03-02 13:56:26.347148: I tensorflow/core/common_runtime/gpu/gpu_device.cc:984] 0:   N 
2020-03-02 13:56:26.348098: I tensorflow/core/common_runtime/gpu/gpu_device.cc:1097] Created TensorFlow device (/job:localhost/replica:0/task:0/device:GPU:0 with 5641 MB memory) -> physical GPU (device: 0, name: GeForce GTX 1060 6GB, pci bus id: 0000:06:00.0, compute capability: 6.1)
2020-03-02 17:46:40.428067: I tensorflow/core/common_runtime/gpu/gpu_device.cc:1484] Adding visible gpu devices: 0
2020-03-02 17:46:40.428563: I tensorflow/core/common_runtime/gpu/gpu_device.cc:965] Device interconnect StreamExecutor with strength 1 edge matrix:
2020-03-02 17:46:40.428629: I tensorflow/core/common_runtime/gpu/gpu_device.cc:971]      0 
2020-03-02 17:46:40.428681: I tensorflow/core/common_runtime/gpu/gpu_device.cc:984] 0:   N 
2020-03-02 17:46:40.428870: I tensorflow/core/common_runtime/gpu/gpu_device.cc:1097] Created TensorFlow device (/job:localhost/replica:0/task:0/device:GPU:0 with 5641 MB memory) -> physical GPU (device: 0, name: GeForce GTX 1060 6GB, pci bus id: 0000:06:00.0, compute capability: 6.1)
2020-03-02 21:36:32.626684: I tensorflow/core/common_runtime/gpu/gpu_device.cc:1484] Adding visible gpu devices: 0
2020-03-02 21:36:32.627701: I tensorflow/core/common_runtime/gpu/gpu_device.cc:965] Device interconnect StreamExecutor with strength 1 edge matrix:
2020-03-02 21:36:32.627769: I tensorflow/core/common_runtime/gpu/gpu_device.cc:971]      0 
2020-03-02 21:36:32.627815: I tensorflow/core/common_runtime/gpu/gpu_device.cc:984] 0:   N 
2020-03-02 21:36:32.627941: I tensorflow/core/common_runtime/gpu/gpu_device.cc:1097] Created TensorFlow device (/job:localhost/replica:0/task:0/device:GPU:0 with 5641 MB memory) -> physical GPU (device: 0, name: GeForce GTX 1060 6GB, pci bus id: 0000:06:00.0, compute capability: 6.1)
2020-03-03 01:26:40.490124: I tensorflow/core/common_runtime/gpu/gpu_device.cc:1484] Adding visible gpu devices: 0
2020-03-03 01:26:40.490469: I tensorflow/core/common_runtime/gpu/gpu_device.cc:965] Device interconnect StreamExecutor with strength 1 edge matrix:
2020-03-03 01:26:40.490547: I tensorflow/core/common_runtime/gpu/gpu_device.cc:971]      0 
2020-03-03 01:26:40.490610: I tensorflow/core/common_runtime/gpu/gpu_device.cc:984] 0:   N 
2020-03-03 01:26:40.490730: I tensorflow/core/common_runtime/gpu/gpu_device.cc:1097] Created TensorFlow device (/job:localhost/replica:0/task:0/device:GPU:0 with 5641 MB memory) -> physical GPU (device: 0, name: GeForce GTX 1060 6GB, pci bus id: 0000:06:00.0, compute capability: 6.1)
2020-03-03 05:16:33.796623: I tensorflow/core/common_runtime/gpu/gpu_device.cc:1484] Adding visible gpu devices: 0
2020-03-03 05:16:33.797024: I tensorflow/core/common_runtime/gpu/gpu_device.cc:965] Device interconnect StreamExecutor with strength 1 edge matrix:
2020-03-03 05:16:33.797094: I tensorflow/core/common_runtime/gpu/gpu_device.cc:971]      0 
2020-03-03 05:16:33.797145: I tensorflow/core/common_runtime/gpu/gpu_device.cc:984] 0:   N 
2020-03-03 05:16:33.797269: I tensorflow/core/common_runtime/gpu/gpu_device.cc:1097] Created TensorFlow device (/job:localhost/replica:0/task:0/device:GPU:0 with 5641 MB memory) -> physical GPU (device: 0, name: GeForce GTX 1060 6GB, pci bus id: 0000:06:00.0, compute capability: 6.1)
2020-03-03 09:06:27.525821: I tensorflow/core/common_runtime/gpu/gpu_device.cc:1484] Adding visible gpu devices: 0
2020-03-03 09:06:27.526528: I tensorflow/core/common_runtime/gpu/gpu_device.cc:965] Device interconnect StreamExecutor with strength 1 edge matrix:
2020-03-03 09:06:27.526599: I tensorflow/core/common_runtime/gpu/gpu_device.cc:971]      0 
2020-03-03 09:06:27.526648: I tensorflow/core/common_runtime/gpu/gpu_device.cc:984] 0:   N 
2020-03-03 09:06:27.526770: I tensorflow/core/common_runtime/gpu/gpu_device.cc:1097] Created TensorFlow device (/job:localhost/replica:0/task:0/device:GPU:0 with 5641 MB memory) -> physical GPU (device: 0, name: GeForce GTX 1060 6GB, pci bus id: 0000:06:00.0, compute capability: 6.1)
