2020-03-02 13:56:04.458214: I tensorflow/core/platform/cpu_feature_guard.cc:141] Your CPU supports instructions that this TensorFlow binary was not compiled to use: SSE4.1 SSE4.2 AVX AVX2 AVX512F FMA
2020-03-02 13:56:04.813295: I tensorflow/core/common_runtime/gpu/gpu_device.cc:1405] Found device 0 with properties: 
name: GeForce RTX 2080 Ti major: 7 minor: 5 memoryClockRate(GHz): 1.545
pciBusID: 0000:d8:00.0
totalMemory: 10.73GiB freeMemory: 10.53GiB
2020-03-02 13:56:04.813573: I tensorflow/core/common_runtime/gpu/gpu_device.cc:1484] Adding visible gpu devices: 0
2020-03-02 13:56:20.738625: I tensorflow/core/common_runtime/gpu/gpu_device.cc:965] Device interconnect StreamExecutor with strength 1 edge matrix:
2020-03-02 13:56:20.738768: I tensorflow/core/common_runtime/gpu/gpu_device.cc:971]      0 
2020-03-02 13:56:20.738871: I tensorflow/core/common_runtime/gpu/gpu_device.cc:984] 0:   N 
2020-03-02 13:56:20.873394: I tensorflow/core/common_runtime/gpu/gpu_device.cc:1097] Created TensorFlow device (/job:localhost/replica:0/task:0/device:GPU:0 with 10166 MB memory) -> physical GPU (device: 0, name: GeForce RTX 2080 Ti, pci bus id: 0000:d8:00.0, compute capability: 7.5)
2020-03-02 14:56:28.838955: I tensorflow/core/common_runtime/gpu/gpu_device.cc:1484] Adding visible gpu devices: 0
2020-03-02 14:56:35.651060: I tensorflow/core/common_runtime/gpu/gpu_device.cc:965] Device interconnect StreamExecutor with strength 1 edge matrix:
2020-03-02 14:56:35.651302: I tensorflow/core/common_runtime/gpu/gpu_device.cc:971]      0 
2020-03-02 14:56:35.651435: I tensorflow/core/common_runtime/gpu/gpu_device.cc:984] 0:   N 
2020-03-02 14:56:35.651910: I tensorflow/core/common_runtime/gpu/gpu_device.cc:1097] Created TensorFlow device (/job:localhost/replica:0/task:0/device:GPU:0 with 10166 MB memory) -> physical GPU (device: 0, name: GeForce RTX 2080 Ti, pci bus id: 0000:d8:00.0, compute capability: 7.5)
2020-03-02 15:54:55.705106: I tensorflow/core/common_runtime/gpu/gpu_device.cc:1484] Adding visible gpu devices: 0
2020-03-02 15:55:04.560885: I tensorflow/core/common_runtime/gpu/gpu_device.cc:965] Device interconnect StreamExecutor with strength 1 edge matrix:
2020-03-02 15:55:04.561070: I tensorflow/core/common_runtime/gpu/gpu_device.cc:971]      0 
2020-03-02 15:55:04.561160: I tensorflow/core/common_runtime/gpu/gpu_device.cc:984] 0:   N 
2020-03-02 15:55:04.561529: I tensorflow/core/common_runtime/gpu/gpu_device.cc:1097] Created TensorFlow device (/job:localhost/replica:0/task:0/device:GPU:0 with 10166 MB memory) -> physical GPU (device: 0, name: GeForce RTX 2080 Ti, pci bus id: 0000:d8:00.0, compute capability: 7.5)
2020-03-02 16:52:21.682713: I tensorflow/core/common_runtime/gpu/gpu_device.cc:1484] Adding visible gpu devices: 0
2020-03-02 16:52:21.683423: I tensorflow/core/common_runtime/gpu/gpu_device.cc:965] Device interconnect StreamExecutor with strength 1 edge matrix:
2020-03-02 16:52:21.683490: I tensorflow/core/common_runtime/gpu/gpu_device.cc:971]      0 
2020-03-02 16:52:21.683546: I tensorflow/core/common_runtime/gpu/gpu_device.cc:984] 0:   N 
2020-03-02 16:52:21.683726: I tensorflow/core/common_runtime/gpu/gpu_device.cc:1097] Created TensorFlow device (/job:localhost/replica:0/task:0/device:GPU:0 with 10166 MB memory) -> physical GPU (device: 0, name: GeForce RTX 2080 Ti, pci bus id: 0000:d8:00.0, compute capability: 7.5)
2020-03-02 17:53:46.087654: I tensorflow/core/common_runtime/gpu/gpu_device.cc:1484] Adding visible gpu devices: 0
2020-03-02 17:53:46.088045: I tensorflow/core/common_runtime/gpu/gpu_device.cc:965] Device interconnect StreamExecutor with strength 1 edge matrix:
2020-03-02 17:53:46.088148: I tensorflow/core/common_runtime/gpu/gpu_device.cc:971]      0 
2020-03-02 17:53:46.088229: I tensorflow/core/common_runtime/gpu/gpu_device.cc:984] 0:   N 
2020-03-02 17:53:46.088435: I tensorflow/core/common_runtime/gpu/gpu_device.cc:1097] Created TensorFlow device (/job:localhost/replica:0/task:0/device:GPU:0 with 10166 MB memory) -> physical GPU (device: 0, name: GeForce RTX 2080 Ti, pci bus id: 0000:d8:00.0, compute capability: 7.5)
2020-03-02 18:52:44.922807: I tensorflow/core/common_runtime/gpu/gpu_device.cc:1484] Adding visible gpu devices: 0
2020-03-02 18:52:51.794335: I tensorflow/core/common_runtime/gpu/gpu_device.cc:965] Device interconnect StreamExecutor with strength 1 edge matrix:
2020-03-02 18:52:51.794565: I tensorflow/core/common_runtime/gpu/gpu_device.cc:971]      0 
2020-03-02 18:52:51.794704: I tensorflow/core/common_runtime/gpu/gpu_device.cc:984] 0:   N 
2020-03-02 18:52:51.795150: I tensorflow/core/common_runtime/gpu/gpu_device.cc:1097] Created TensorFlow device (/job:localhost/replica:0/task:0/device:GPU:0 with 10166 MB memory) -> physical GPU (device: 0, name: GeForce RTX 2080 Ti, pci bus id: 0000:d8:00.0, compute capability: 7.5)
