

config:

HOME=/clusterFS/home/student/kopp13
PATH=/clusterFS/home/student/kopp13/miniconda3/envs/tensorflow/bin:/clusterFS/home/student/kopp13/miniconda3/condabin:/clusterFS/home/student/kopp13/VarRNN/src/bin:/clusterFS/home/student/kopp13/miniconda3/bin:/clusterFS/home/student/kopp13/bin:/usr/local/bin:/usr/bin:/bin:/usr/local/games:/usr/games
LD_LIBRARY_PATH=:/usr/local/cuda-9.0/lib64
THEANO_FLAGS=floatX=float32,gpuarray.preallocate=0.9,dnn.library_path=/usr/lib/x86_64-linux-gnu,cxx=clang++-3.8,device=cuda,base_compiledir=/tmp/tmp.56BMQEGciR


=============================
CONFIG FILE

RNN CONFIG
{'data_multiplier': None,
 'gradient_clip_value': 0.5,
 'layer_configs': [{'layer_type': 'input'},
                   {'bc': {'init_m': 'xavier',
                           'init_v': -4.5,
                           'prior_m': 0.0,
                           'prior_v': 0.0,
                           'type': 'continuous'},
                    'bf': {'init_m': 'xavier',
                           'init_v': -4.5,
                           'prior_m': 0.0,
                           'prior_v': 0.0,
                           'type': 'continuous'},
                    'bi': {'init_m': 'xavier',
                           'init_v': -4.5,
                           'prior_m': 0.0,
                           'prior_v': 0.0,
                           'type': 'continuous'},
                    'bo': {'init_m': 'xavier',
                           'init_v': -4.5,
                           'prior_m': 0.0,
                           'prior_v': 0.0,
                           'type': 'continuous'},
                    'discrete_act': True,
                    'init_config': {'c': {'b': 'all_zero', 'w': 'xavier'},
                                    'f': {'b': 'all_one', 'w': 'all_zero'},
                                    'i': {'b': 'all_zero', 'w': 'xavier'},
                                    'o': {'b': 'all_zero', 'w': 'xavier'}},
                    'is_output': False,
                    'is_recurrent': True,
                    'layer_type': 'lstm',
                    'parametrization': 'sigmoid',
                    'tau': 0.8,
                    'var_scope': 'lstm_0',
                    'wc': {'p0max': 0.95,
                           'p0min': 0.05,
                           'parametrization': 'sigmoid',
                           'pmax': 0.99,
                           'pmin': 0.01,
                           'priors': [0.1, 0.8, 0.1],
                           'type': 'ternary'},
                    'wf': {'p0max': 0.95,
                           'p0min': 0.05,
                           'parametrization': 'sigmoid',
                           'pmax': 0.99,
                           'pmin': 0.01,
                           'priors': [0.1, 0.8, 0.1],
                           'type': 'ternary'},
                    'wi': {'p0max': 0.95,
                           'p0min': 0.05,
                           'parametrization': 'sigmoid',
                           'pmax': 0.99,
                           'pmin': 0.01,
                           'priors': [0.1, 0.8, 0.1],
                           'type': 'ternary'},
                    'wo': {'p0max': 0.95,
                           'p0min': 0.05,
                           'parametrization': 'sigmoid',
                           'pmax': 0.99,
                           'pmin': 0.01,
                           'priors': [0.1, 0.8, 0.1],
                           'type': 'ternary'}},
                   {'bc': {'init_m': 'xavier',
                           'init_v': -4.5,
                           'prior_m': 0.0,
                           'prior_v': 0.0,
                           'type': 'continuous'},
                    'bf': {'init_m': 'xavier',
                           'init_v': -4.5,
                           'prior_m': 0.0,
                           'prior_v': 0.0,
                           'type': 'continuous'},
                    'bi': {'init_m': 'xavier',
                           'init_v': -4.5,
                           'prior_m': 0.0,
                           'prior_v': 0.0,
                           'type': 'continuous'},
                    'bo': {'init_m': 'xavier',
                           'init_v': -4.5,
                           'prior_m': 0.0,
                           'prior_v': 0.0,
                           'type': 'continuous'},
                    'discrete_act': True,
                    'init_config': {'c': {'b': 'all_zero', 'w': 'xavier'},
                                    'f': {'b': 'all_one', 'w': 'all_zero'},
                                    'i': {'b': 'all_zero', 'w': 'xavier'},
                                    'o': {'b': 'all_zero', 'w': 'xavier'}},
                    'is_output': False,
                    'is_recurrent': True,
                    'layer_type': 'lstm',
                    'parametrization': 'sigmoid',
                    'tau': 0.8,
                    'var_scope': 'lstm_1',
                    'wc': {'p0max': 0.95,
                           'p0min': 0.05,
                           'parametrization': 'sigmoid',
                           'pmax': 0.99,
                           'pmin': 0.01,
                           'priors': [0.1, 0.8, 0.1],
                           'type': 'ternary'},
                    'wf': {'p0max': 0.95,
                           'p0min': 0.05,
                           'parametrization': 'sigmoid',
                           'pmax': 0.99,
                           'pmin': 0.01,
                           'priors': [0.1, 0.8, 0.1],
                           'type': 'ternary'},
                    'wi': {'p0max': 0.95,
                           'p0min': 0.05,
                           'parametrization': 'sigmoid',
                           'pmax': 0.99,
                           'pmin': 0.01,
                           'priors': [0.1, 0.8, 0.1],
                           'type': 'ternary'},
                    'wo': {'p0max': 0.95,
                           'p0min': 0.05,
                           'parametrization': 'sigmoid',
                           'pmax': 0.99,
                           'pmin': 0.01,
                           'priors': [0.1, 0.8, 0.1],
                           'type': 'ternary'}},
                   {'b': {'init_m': 'xavier',
                          'init_v': -4.5,
                          'prior_m': 0.0,
                          'prior_v': 0.0,
                          'type': 'continuous'},
                    'is_output': True,
                    'is_recurrent': False,
                    'layer_type': 'fc',
                    'parametrization': 'sigmoid',
                    'regularization': {'mode': None, 'strength': 0.02},
                    'tau': 0.8,
                    'var_scope': 'output_layer',
                    'w': {'p0max': 0.95,
                          'p0min': 0.05,
                          'parametrization': 'sigmoid',
                          'pmax': 0.99,
                          'pmin': 0.01,
                          'priors': [0.1, 0.8, 0.1],
                          'type': 'ternary'}}],
 'layout': [4, 60, 60, 10],
 'output_type': 'classification'}

DATA CONFIG
{'dataset': 'penstroke',
 'tr': {'extract_seqs': False,
        'in_seq_len': 25,
        'minibatch_enabled': False,
        'minibatch_size': 200,
        'out_seq_len': 1,
        'zero_padding': 0},
 'va': {'extract_seqs': False,
        'in_seq_len': 25,
        'minibatch_enabled': False,
        'minibatch_size': 200,
        'out_seq_len': 1,
        'zero_padding': 0}}

TRAINING CONFIG
{'batchnorm': True,
 'dir_reg': 0.0,
 'ent_reg': 0.0001,
 'is_pretrain': False,
 'learning_rate': 0.02,
 'mode': {'max_epochs': 15000, 'min_error': 0.0, 'name': 'classic'},
 'task_id': 4,
 'type': 'l_sampling',
 'var_reg': 0.0}
==============================


tr
(6264, 4, 25)
va
(1266, 4, 25)
  0,  0 | TrAcc: 0.7178, TrLoss:  1.81361, VaAcc: 0.6975, VaLoss:  1.93034	 100 sampled NNs | MaxAcc: 0.7646 | MinLoss: 1.4500
  1,  0 | TrAcc: 0.7141, TrLoss:  1.79226, VaAcc: 0.7085, VaLoss:  2.00844	 100 sampled NNs | MaxAcc: 0.7662 | MinLoss: 1.3888
  2,  0 | TrAcc: 0.7178, TrLoss:  1.77655, VaAcc: 0.7235, VaLoss:  1.85605	 100 sampled NNs | MaxAcc: 0.7733 | MinLoss: 1.4385
  3,  0 | TrAcc: 0.7259, TrLoss:  1.75292, VaAcc: 0.7014, VaLoss:  1.99546	 100 sampled NNs | MaxAcc: 0.7717 | MinLoss: 1.4684
  4,  0 | TrAcc: 0.7350, TrLoss:  1.76437, VaAcc: 0.7267, VaLoss:  1.79917	 100 sampled NNs | MaxAcc: 0.7812 | MinLoss: 1.4377
  5,  0 | TrAcc: 0.7419, TrLoss:  1.65537, VaAcc: 0.7283, VaLoss:  1.83822	 100 sampled NNs | MaxAcc: 0.7820 | MinLoss: 1.2480
  6,  0 | TrAcc: 0.7460, TrLoss:  1.63225, VaAcc: 0.7156, VaLoss:  1.94068	 100 sampled NNs | MaxAcc: 0.7875 | MinLoss: 1.3248
  7,  0 | TrAcc: 0.7471, TrLoss:  1.68904, VaAcc: 0.7378, VaLoss:  1.81835	 100 sampled NNs | MaxAcc: 0.7915 | MinLoss: 1.3841
  8,  0 | TrAcc: 0.7575, TrLoss:  1.62188, VaAcc: 0.7488, VaLoss:  1.77128	 100 sampled NNs | MaxAcc: 0.7923 | MinLoss: 1.3883
  9,  0 | TrAcc: 0.7505, TrLoss:  1.64228, VaAcc: 0.7464, VaLoss:  1.71918	 100 sampled NNs | MaxAcc: 0.7938 | MinLoss: 1.4014
 10,  0 | TrAcc: 0.7554, TrLoss:  1.61255, VaAcc: 0.7464, VaLoss:  1.73380	 100 sampled NNs | MaxAcc: 0.7938 | MinLoss: 1.2997
 11,  0 | TrAcc: 0.7605, TrLoss:  1.57563, VaAcc: 0.7433, VaLoss:  1.73076	 100 sampled NNs | MaxAcc: 0.7930 | MinLoss: 1.3652
 12,  0 | TrAcc: 0.7618, TrLoss:  1.52661, VaAcc: 0.7354, VaLoss:  1.82279	 100 sampled NNs | MaxAcc: 0.8017 | MinLoss: 1.3770
 13,  0 | TrAcc: 0.7645, TrLoss:  1.55865, VaAcc: 0.7559, VaLoss:  1.67145	 100 sampled NNs | MaxAcc: 0.8002 | MinLoss: 1.2206
 14,  0 | TrAcc: 0.7645, TrLoss:  1.57842, VaAcc: 0.7528, VaLoss:  1.61274	 100 sampled NNs | MaxAcc: 0.8017 | MinLoss: 1.3760
 15,  0 | TrAcc: 0.7735, TrLoss:  1.54071, VaAcc: 0.7543, VaLoss:  1.76953	 100 sampled NNs | MaxAcc: 0.8017 | MinLoss: 1.2978
 16,  0 | TrAcc: 0.7682, TrLoss:  1.54442, VaAcc: 0.7401, VaLoss:  1.86926	 100 sampled NNs | MaxAcc: 0.8073 | MinLoss: 1.3096
 17,  0 | TrAcc: 0.7791, TrLoss:  1.49593, VaAcc: 0.7654, VaLoss:  1.56763	 100 sampled NNs | MaxAcc: 0.8041 | MinLoss: 1.3161
 18,  0 | TrAcc: 0.7791, TrLoss:  1.46376, VaAcc: 0.7646, VaLoss:  1.56394	 100 sampled NNs | MaxAcc: 0.8120 | MinLoss: 1.2966
 19,  0 | TrAcc: 0.7894, TrLoss:  1.44254, VaAcc: 0.7765, VaLoss:  1.57194	 100 sampled NNs | MaxAcc: 0.8096 | MinLoss: 1.3127
 20,  0 | TrAcc: 0.7850, TrLoss:  1.46775, VaAcc: 0.7520, VaLoss:  1.65473	 100 sampled NNs | MaxAcc: 0.8160 | MinLoss: 1.2497
 21,  0 | TrAcc: 0.7890, TrLoss:  1.43382, VaAcc: 0.7836, VaLoss:  1.50879	 100 sampled NNs | MaxAcc: 0.8175 | MinLoss: 1.3333
 22,  0 | TrAcc: 0.7910, TrLoss:  1.41324, VaAcc: 0.7757, VaLoss:  1.69959	 100 sampled NNs | MaxAcc: 0.8254 | MinLoss: 1.2453
 23,  0 | TrAcc: 0.7920, TrLoss:  1.43679, VaAcc: 0.7757, VaLoss:  1.58704	 100 sampled NNs | MaxAcc: 0.8167 | MinLoss: 1.2686
 24,  0 | TrAcc: 0.7899, TrLoss:  1.42703, VaAcc: 0.7709, VaLoss:  1.60650	 100 sampled NNs | MaxAcc: 0.8160 | MinLoss: 1.2097
 25,  0 | TrAcc: 0.7989, TrLoss:  1.40774, VaAcc: 0.7836, VaLoss:  1.52355	 100 sampled NNs | MaxAcc: 0.8231 | MinLoss: 1.2585
 26,  0 | TrAcc: 0.7955, TrLoss:  1.40982, VaAcc: 0.7875, VaLoss:  1.50502	 100 sampled NNs | MaxAcc: 0.8207 | MinLoss: 1.2502
 27,  0 | TrAcc: 0.7987, TrLoss:  1.40762, VaAcc: 0.7836, VaLoss:  1.49021	 100 sampled NNs | MaxAcc: 0.8183 | MinLoss: 1.2985
 28,  0 | TrAcc: 0.8004, TrLoss:  1.37744, VaAcc: 0.7670, VaLoss:  1.67346	 100 sampled NNs | MaxAcc: 0.8278 | MinLoss: 1.1638
 29,  0 | TrAcc: 0.7974, TrLoss:  1.36690, VaAcc: 0.7930, VaLoss:  1.40659	 100 sampled NNs | MaxAcc: 0.8215 | MinLoss: 1.2402
 30,  0 | TrAcc: 0.8028, TrLoss:  1.38111, VaAcc: 0.7891, VaLoss:  1.45355	 100 sampled NNs | MaxAcc: 0.8246 | MinLoss: 1.2350
 31,  0 | TrAcc: 0.7990, TrLoss:  1.38232, VaAcc: 0.7828, VaLoss:  1.55149	 100 sampled NNs | MaxAcc: 0.8254 | MinLoss: 1.2024
 32,  0 | TrAcc: 0.8032, TrLoss:  1.35365, VaAcc: 0.7930, VaLoss:  1.45677	 100 sampled NNs | MaxAcc: 0.8333 | MinLoss: 1.2282
 33,  0 | TrAcc: 0.8022, TrLoss:  1.33358, VaAcc: 0.7867, VaLoss:  1.56341	 100 sampled NNs | MaxAcc: 0.8270 | MinLoss: 1.2372
 34,  0 | TrAcc: 0.8095, TrLoss:  1.30850, VaAcc: 0.7946, VaLoss:  1.48152	 100 sampled NNs | MaxAcc: 0.8254 | MinLoss: 1.2652
 35,  0 | TrAcc: 0.8009, TrLoss:  1.32206, VaAcc: 0.7915, VaLoss:  1.48706	 100 sampled NNs | MaxAcc: 0.8310 | MinLoss: 1.1233
 36,  0 | TrAcc: 0.8103, TrLoss:  1.33676, VaAcc: 0.7970, VaLoss:  1.45522	 100 sampled NNs | MaxAcc: 0.8262 | MinLoss: 1.0869
 37,  0 | TrAcc: 0.8118, TrLoss:  1.26950, VaAcc: 0.7915, VaLoss:  1.36722	 100 sampled NNs | MaxAcc: 0.8310 | MinLoss: 1.1320
 38,  0 | TrAcc: 0.8080, TrLoss:  1.29687, VaAcc: 0.8002, VaLoss:  1.34132	 100 sampled NNs | MaxAcc: 0.8349 | MinLoss: 1.2116
 39,  0 | TrAcc: 0.8126, TrLoss:  1.25165, VaAcc: 0.8009, VaLoss:  1.39619	 100 sampled NNs | MaxAcc: 0.8325 | MinLoss: 1.2132
 40,  0 | TrAcc: 0.8126, TrLoss:  1.28472, VaAcc: 0.7986, VaLoss:  1.40185	 100 sampled NNs | MaxAcc: 0.8318 | MinLoss: 1.1683
 41,  0 | TrAcc: 0.8142, TrLoss:  1.26088, VaAcc: 0.7923, VaLoss:  1.40868	 100 sampled NNs | MaxAcc: 0.8294 | MinLoss: 1.1819
 42,  0 | TrAcc: 0.8174, TrLoss:  1.25443, VaAcc: 0.7899, VaLoss:  1.48603	 100 sampled NNs | MaxAcc: 0.8302 | MinLoss: 1.0999
 43,  0 | TrAcc: 0.8180, TrLoss:  1.25150, VaAcc: 0.8041, VaLoss:  1.40077	 100 sampled NNs | MaxAcc: 0.8278 | MinLoss: 1.2067
 44,  0 | TrAcc: 0.8158, TrLoss:  1.25029, VaAcc: 0.7907, VaLoss:  1.35296	 100 sampled NNs | MaxAcc: 0.8278 | MinLoss: 1.2140
 45,  0 | TrAcc: 0.8153, TrLoss:  1.24045, VaAcc: 0.8009, VaLoss:  1.40142	 100 sampled NNs | MaxAcc: 0.8310 | MinLoss: 1.1201
 46,  0 | TrAcc: 0.8150, TrLoss:  1.23243, VaAcc: 0.7907, VaLoss:  1.43196	 100 sampled NNs | MaxAcc: 0.8318 | MinLoss: 1.1084
 47,  0 | TrAcc: 0.8177, TrLoss:  1.22914, VaAcc: 0.8009, VaLoss:  1.32970	 100 sampled NNs | MaxAcc: 0.8341 | MinLoss: 1.1213
 48,  0 | TrAcc: 0.8163, TrLoss:  1.22479, VaAcc: 0.8025, VaLoss:  1.34015	 100 sampled NNs | MaxAcc: 0.8325 | MinLoss: 1.1756
 49,  0 | TrAcc: 0.8188, TrLoss:  1.21407, VaAcc: 0.8049, VaLoss:  1.29626	 100 sampled NNs | MaxAcc: 0.8325 | MinLoss: 1.1570
 50,  0 | TrAcc: 0.8212, TrLoss:  1.21172, VaAcc: 0.8002, VaLoss:  1.35832	 100 sampled NNs | MaxAcc: 0.8341 | MinLoss: 1.1386
 51,  0 | TrAcc: 0.8199, TrLoss:  1.15688, VaAcc: 0.8128, VaLoss:  1.29645	 100 sampled NNs | MaxAcc: 0.8444 | MinLoss: 1.0967
 52,  0 | TrAcc: 0.8236, TrLoss:  1.17053, VaAcc: 0.8009, VaLoss:  1.36806	 100 sampled NNs | MaxAcc: 0.8310 | MinLoss: 1.1203
 53,  0 | TrAcc: 0.8174, TrLoss:  1.16565, VaAcc: 0.7994, VaLoss:  1.33004	 100 sampled NNs | MaxAcc: 0.8341 | MinLoss: 1.1099
 54,  0 | TrAcc: 0.8174, TrLoss:  1.19127, VaAcc: 0.8025, VaLoss:  1.30644	 100 sampled NNs | MaxAcc: 0.8318 | MinLoss: 1.1137
 55,  0 | TrAcc: 0.8218, TrLoss:  1.16241, VaAcc: 0.7978, VaLoss:  1.26787	 100 sampled NNs | MaxAcc: 0.8341 | MinLoss: 1.1381
 56,  0 | TrAcc: 0.8212, TrLoss:  1.15092, VaAcc: 0.8088, VaLoss:  1.30093	 100 sampled NNs | MaxAcc: 0.8373 | MinLoss: 1.1098
 57,  0 | TrAcc: 0.8212, TrLoss:  1.12839, VaAcc: 0.8081, VaLoss:  1.29026	 100 sampled NNs | MaxAcc: 0.8333 | MinLoss: 1.0765
 58,  0 | TrAcc: 0.8247, TrLoss:  1.11305, VaAcc: 0.8017, VaLoss:  1.33405	 100 sampled NNs | MaxAcc: 0.8318 | MinLoss: 1.0722
 59,  0 | TrAcc: 0.8188, TrLoss:  1.14082, VaAcc: 0.8017, VaLoss:  1.22817	 100 sampled NNs | MaxAcc: 0.8349 | MinLoss: 1.0682
 60,  0 | TrAcc: 0.8239, TrLoss:  1.11101, VaAcc: 0.8049, VaLoss:  1.29689	 100 sampled NNs | MaxAcc: 0.8318 | MinLoss: 1.0732
 61,  0 | TrAcc: 0.8188, TrLoss:  1.16689, VaAcc: 0.8017, VaLoss:  1.25234	 100 sampled NNs | MaxAcc: 0.8357 | MinLoss: 1.0854
 62,  0 | TrAcc: 0.8242, TrLoss:  1.13257, VaAcc: 0.8120, VaLoss:  1.19386	 100 sampled NNs | MaxAcc: 0.8373 | MinLoss: 1.0806
 63,  0 | TrAcc: 0.8214, TrLoss:  1.09823, VaAcc: 0.7970, VaLoss:  1.30081	 100 sampled NNs | MaxAcc: 0.8349 | MinLoss: 1.0590
 64,  0 | TrAcc: 0.8246, TrLoss:  1.06865, VaAcc: 0.8128, VaLoss:  1.21948	 100 sampled NNs | MaxAcc: 0.8428 | MinLoss: 1.0735
 65,  0 | TrAcc: 0.8285, TrLoss:  1.06897, VaAcc: 0.8049, VaLoss:  1.21788	 100 sampled NNs | MaxAcc: 0.8341 | MinLoss: 1.0363
 66,  0 | TrAcc: 0.8241, TrLoss:  1.06968, VaAcc: 0.8120, VaLoss:  1.16274	 100 sampled NNs | MaxAcc: 0.8357 | MinLoss: 1.0632
 67,  0 | TrAcc: 0.8217, TrLoss:  1.10543, VaAcc: 0.8049, VaLoss:  1.12808	 100 sampled NNs | MaxAcc: 0.8325 | MinLoss: 1.0784
 68,  0 | TrAcc: 0.8279, TrLoss:  1.06311, VaAcc: 0.8223, VaLoss:  1.27007	 100 sampled NNs | MaxAcc: 0.8357 | MinLoss: 1.0003
 69,  0 | TrAcc: 0.8271, TrLoss:  1.04091, VaAcc: 0.8049, VaLoss:  1.23948	 100 sampled NNs | MaxAcc: 0.8357 | MinLoss: 1.0415
 70,  0 | TrAcc: 0.8246, TrLoss:  1.05374, VaAcc: 0.8096, VaLoss:  1.20590	 100 sampled NNs | MaxAcc: 0.8341 | MinLoss: 1.0569
 71,  0 | TrAcc: 0.8250, TrLoss:  1.04956, VaAcc: 0.7978, VaLoss:  1.17327	 100 sampled NNs | MaxAcc: 0.8357 | MinLoss: 0.9997
 72,  0 | TrAcc: 0.8258, TrLoss:  1.04760, VaAcc: 0.8025, VaLoss:  1.22159	 100 sampled NNs | MaxAcc: 0.8357 | MinLoss: 1.0627
 73,  0 | TrAcc: 0.8249, TrLoss:  1.04009, VaAcc: 0.8065, VaLoss:  1.16111	 100 sampled NNs | MaxAcc: 0.8333 | MinLoss: 1.0069
 74,  0 | TrAcc: 0.8246, TrLoss:  1.05707, VaAcc: 0.8025, VaLoss:  1.24705	 100 sampled NNs | MaxAcc: 0.8404 | MinLoss: 0.9153
