2020-03-11 21:28:51.733523: I tensorflow/core/platform/cpu_feature_guard.cc:141] Your CPU supports instructions that this TensorFlow binary was not compiled to use: SSE4.1 SSE4.2 AVX AVX2 FMA
2020-03-11 21:28:51.864977: I tensorflow/core/common_runtime/gpu/gpu_device.cc:1405] Found device 0 with properties: 
name: GeForce GTX 1060 6GB major: 6 minor: 1 memoryClockRate(GHz): 1.7085
pciBusID: 0000:04:00.0
totalMemory: 5.94GiB freeMemory: 5.86GiB
2020-03-11 21:28:51.865101: I tensorflow/core/common_runtime/gpu/gpu_device.cc:1484] Adding visible gpu devices: 0
2020-03-11 21:28:57.059393: I tensorflow/core/common_runtime/gpu/gpu_device.cc:965] Device interconnect StreamExecutor with strength 1 edge matrix:
2020-03-11 21:28:57.059491: I tensorflow/core/common_runtime/gpu/gpu_device.cc:971]      0 
2020-03-11 21:28:57.059543: I tensorflow/core/common_runtime/gpu/gpu_device.cc:984] 0:   N 
2020-03-11 21:28:57.060816: I tensorflow/core/common_runtime/gpu/gpu_device.cc:1097] Created TensorFlow device (/job:localhost/replica:0/task:0/device:GPU:0 with 5641 MB memory) -> physical GPU (device: 0, name: GeForce GTX 1060 6GB, pci bus id: 0000:04:00.0, compute capability: 6.1)
2020-03-11 23:27:43.080747: I tensorflow/core/common_runtime/gpu/gpu_device.cc:1484] Adding visible gpu devices: 0
2020-03-11 23:27:43.083717: I tensorflow/core/common_runtime/gpu/gpu_device.cc:965] Device interconnect StreamExecutor with strength 1 edge matrix:
2020-03-11 23:27:43.083800: I tensorflow/core/common_runtime/gpu/gpu_device.cc:971]      0 
2020-03-11 23:27:43.083858: I tensorflow/core/common_runtime/gpu/gpu_device.cc:984] 0:   N 
2020-03-11 23:27:43.083970: I tensorflow/core/common_runtime/gpu/gpu_device.cc:1097] Created TensorFlow device (/job:localhost/replica:0/task:0/device:GPU:0 with 5641 MB memory) -> physical GPU (device: 0, name: GeForce GTX 1060 6GB, pci bus id: 0000:04:00.0, compute capability: 6.1)
2020-03-12 01:25:51.046377: I tensorflow/core/common_runtime/gpu/gpu_device.cc:1484] Adding visible gpu devices: 0
2020-03-12 01:25:51.046722: I tensorflow/core/common_runtime/gpu/gpu_device.cc:965] Device interconnect StreamExecutor with strength 1 edge matrix:
2020-03-12 01:25:51.046771: I tensorflow/core/common_runtime/gpu/gpu_device.cc:971]      0 
2020-03-12 01:25:51.046821: I tensorflow/core/common_runtime/gpu/gpu_device.cc:984] 0:   N 
2020-03-12 01:25:51.046929: I tensorflow/core/common_runtime/gpu/gpu_device.cc:1097] Created TensorFlow device (/job:localhost/replica:0/task:0/device:GPU:0 with 5641 MB memory) -> physical GPU (device: 0, name: GeForce GTX 1060 6GB, pci bus id: 0000:04:00.0, compute capability: 6.1)
2020-03-12 03:24:03.172109: I tensorflow/core/common_runtime/gpu/gpu_device.cc:1484] Adding visible gpu devices: 0
2020-03-12 03:24:03.172514: I tensorflow/core/common_runtime/gpu/gpu_device.cc:965] Device interconnect StreamExecutor with strength 1 edge matrix:
2020-03-12 03:24:03.172579: I tensorflow/core/common_runtime/gpu/gpu_device.cc:971]      0 
2020-03-12 03:24:03.172631: I tensorflow/core/common_runtime/gpu/gpu_device.cc:984] 0:   N 
2020-03-12 03:24:03.172740: I tensorflow/core/common_runtime/gpu/gpu_device.cc:1097] Created TensorFlow device (/job:localhost/replica:0/task:0/device:GPU:0 with 5641 MB memory) -> physical GPU (device: 0, name: GeForce GTX 1060 6GB, pci bus id: 0000:04:00.0, compute capability: 6.1)
2020-03-12 05:22:25.137293: I tensorflow/core/common_runtime/gpu/gpu_device.cc:1484] Adding visible gpu devices: 0
2020-03-12 05:22:25.137702: I tensorflow/core/common_runtime/gpu/gpu_device.cc:965] Device interconnect StreamExecutor with strength 1 edge matrix:
2020-03-12 05:22:25.137754: I tensorflow/core/common_runtime/gpu/gpu_device.cc:971]      0 
2020-03-12 05:22:25.137818: I tensorflow/core/common_runtime/gpu/gpu_device.cc:984] 0:   N 
2020-03-12 05:22:25.137918: I tensorflow/core/common_runtime/gpu/gpu_device.cc:1097] Created TensorFlow device (/job:localhost/replica:0/task:0/device:GPU:0 with 5641 MB memory) -> physical GPU (device: 0, name: GeForce GTX 1060 6GB, pci bus id: 0000:04:00.0, compute capability: 6.1)
2020-03-12 07:20:48.420948: I tensorflow/core/common_runtime/gpu/gpu_device.cc:1484] Adding visible gpu devices: 0
2020-03-12 07:20:48.423647: I tensorflow/core/common_runtime/gpu/gpu_device.cc:965] Device interconnect StreamExecutor with strength 1 edge matrix:
2020-03-12 07:20:48.423721: I tensorflow/core/common_runtime/gpu/gpu_device.cc:971]      0 
2020-03-12 07:20:48.423829: I tensorflow/core/common_runtime/gpu/gpu_device.cc:984] 0:   N 
2020-03-12 07:20:48.423981: I tensorflow/core/common_runtime/gpu/gpu_device.cc:1097] Created TensorFlow device (/job:localhost/replica:0/task:0/device:GPU:0 with 5641 MB memory) -> physical GPU (device: 0, name: GeForce GTX 1060 6GB, pci bus id: 0000:04:00.0, compute capability: 6.1)
