2020-03-14 05:33:45.614604: I tensorflow/core/platform/cpu_feature_guard.cc:141] Your CPU supports instructions that this TensorFlow binary was not compiled to use: SSE4.1 SSE4.2 AVX AVX2 FMA
2020-03-14 05:33:45.794046: I tensorflow/core/common_runtime/gpu/gpu_device.cc:1405] Found device 0 with properties: 
name: GeForce RTX 2080 Ti major: 7 minor: 5 memoryClockRate(GHz): 1.545
pciBusID: 0000:0b:00.0
totalMemory: 10.76GiB freeMemory: 10.60GiB
2020-03-14 05:33:45.794204: I tensorflow/core/common_runtime/gpu/gpu_device.cc:1484] Adding visible gpu devices: 0
2020-03-14 05:33:49.326199: I tensorflow/core/common_runtime/gpu/gpu_device.cc:965] Device interconnect StreamExecutor with strength 1 edge matrix:
2020-03-14 05:33:49.326369: I tensorflow/core/common_runtime/gpu/gpu_device.cc:971]      0 
2020-03-14 05:33:49.326494: I tensorflow/core/common_runtime/gpu/gpu_device.cc:984] 0:   N 
2020-03-14 05:33:49.328078: I tensorflow/core/common_runtime/gpu/gpu_device.cc:1097] Created TensorFlow device (/job:localhost/replica:0/task:0/device:GPU:0 with 10230 MB memory) -> physical GPU (device: 0, name: GeForce RTX 2080 Ti, pci bus id: 0000:0b:00.0, compute capability: 7.5)
2020-03-14 06:08:12.354247: I tensorflow/core/common_runtime/gpu/gpu_device.cc:1484] Adding visible gpu devices: 0
2020-03-14 06:08:12.354621: I tensorflow/core/common_runtime/gpu/gpu_device.cc:965] Device interconnect StreamExecutor with strength 1 edge matrix:
2020-03-14 06:08:12.354717: I tensorflow/core/common_runtime/gpu/gpu_device.cc:971]      0 
2020-03-14 06:08:12.354779: I tensorflow/core/common_runtime/gpu/gpu_device.cc:984] 0:   N 
2020-03-14 06:08:12.354914: I tensorflow/core/common_runtime/gpu/gpu_device.cc:1097] Created TensorFlow device (/job:localhost/replica:0/task:0/device:GPU:0 with 10230 MB memory) -> physical GPU (device: 0, name: GeForce RTX 2080 Ti, pci bus id: 0000:0b:00.0, compute capability: 7.5)
2020-03-14 06:42:28.776118: I tensorflow/core/common_runtime/gpu/gpu_device.cc:1484] Adding visible gpu devices: 0
2020-03-14 06:42:28.776567: I tensorflow/core/common_runtime/gpu/gpu_device.cc:965] Device interconnect StreamExecutor with strength 1 edge matrix:
2020-03-14 06:42:28.776644: I tensorflow/core/common_runtime/gpu/gpu_device.cc:971]      0 
2020-03-14 06:42:28.776714: I tensorflow/core/common_runtime/gpu/gpu_device.cc:984] 0:   N 
2020-03-14 06:42:28.776879: I tensorflow/core/common_runtime/gpu/gpu_device.cc:1097] Created TensorFlow device (/job:localhost/replica:0/task:0/device:GPU:0 with 10230 MB memory) -> physical GPU (device: 0, name: GeForce RTX 2080 Ti, pci bus id: 0000:0b:00.0, compute capability: 7.5)
2020-03-14 07:17:01.462128: I tensorflow/core/common_runtime/gpu/gpu_device.cc:1484] Adding visible gpu devices: 0
2020-03-14 07:17:01.462692: I tensorflow/core/common_runtime/gpu/gpu_device.cc:965] Device interconnect StreamExecutor with strength 1 edge matrix:
2020-03-14 07:17:01.462744: I tensorflow/core/common_runtime/gpu/gpu_device.cc:971]      0 
2020-03-14 07:17:01.462788: I tensorflow/core/common_runtime/gpu/gpu_device.cc:984] 0:   N 
2020-03-14 07:17:01.481523: I tensorflow/core/common_runtime/gpu/gpu_device.cc:1097] Created TensorFlow device (/job:localhost/replica:0/task:0/device:GPU:0 with 10230 MB memory) -> physical GPU (device: 0, name: GeForce RTX 2080 Ti, pci bus id: 0000:0b:00.0, compute capability: 7.5)
2020-03-14 07:51:35.041273: I tensorflow/core/common_runtime/gpu/gpu_device.cc:1484] Adding visible gpu devices: 0
2020-03-14 07:51:35.042489: I tensorflow/core/common_runtime/gpu/gpu_device.cc:965] Device interconnect StreamExecutor with strength 1 edge matrix:
2020-03-14 07:51:35.042616: I tensorflow/core/common_runtime/gpu/gpu_device.cc:971]      0 
2020-03-14 07:51:35.042683: I tensorflow/core/common_runtime/gpu/gpu_device.cc:984] 0:   N 
2020-03-14 07:51:35.042862: I tensorflow/core/common_runtime/gpu/gpu_device.cc:1097] Created TensorFlow device (/job:localhost/replica:0/task:0/device:GPU:0 with 10230 MB memory) -> physical GPU (device: 0, name: GeForce RTX 2080 Ti, pci bus id: 0000:0b:00.0, compute capability: 7.5)
2020-03-14 08:26:10.665925: I tensorflow/core/common_runtime/gpu/gpu_device.cc:1484] Adding visible gpu devices: 0
2020-03-14 08:26:10.666332: I tensorflow/core/common_runtime/gpu/gpu_device.cc:965] Device interconnect StreamExecutor with strength 1 edge matrix:
2020-03-14 08:26:10.666393: I tensorflow/core/common_runtime/gpu/gpu_device.cc:971]      0 
2020-03-14 08:26:10.666458: I tensorflow/core/common_runtime/gpu/gpu_device.cc:984] 0:   N 
2020-03-14 08:26:10.666614: I tensorflow/core/common_runtime/gpu/gpu_device.cc:1097] Created TensorFlow device (/job:localhost/replica:0/task:0/device:GPU:0 with 10230 MB memory) -> physical GPU (device: 0, name: GeForce RTX 2080 Ti, pci bus id: 0000:0b:00.0, compute capability: 7.5)
