2020-03-02 13:56:11.089578: I tensorflow/core/platform/cpu_feature_guard.cc:141] Your CPU supports instructions that this TensorFlow binary was not compiled to use: SSE4.1 SSE4.2 AVX AVX2 FMA
2020-03-02 13:56:11.244222: I tensorflow/core/common_runtime/gpu/gpu_device.cc:1405] Found device 0 with properties: 
name: GeForce GTX 1060 6GB major: 6 minor: 1 memoryClockRate(GHz): 1.7085
pciBusID: 0000:04:00.0
totalMemory: 5.94GiB freeMemory: 5.86GiB
2020-03-02 13:56:11.244453: I tensorflow/core/common_runtime/gpu/gpu_device.cc:1484] Adding visible gpu devices: 0
2020-03-02 13:56:15.466107: I tensorflow/core/common_runtime/gpu/gpu_device.cc:965] Device interconnect StreamExecutor with strength 1 edge matrix:
2020-03-02 13:56:15.466256: I tensorflow/core/common_runtime/gpu/gpu_device.cc:971]      0 
2020-03-02 13:56:15.466311: I tensorflow/core/common_runtime/gpu/gpu_device.cc:984] 0:   N 
2020-03-02 13:56:15.467615: I tensorflow/core/common_runtime/gpu/gpu_device.cc:1097] Created TensorFlow device (/job:localhost/replica:0/task:0/device:GPU:0 with 5641 MB memory) -> physical GPU (device: 0, name: GeForce GTX 1060 6GB, pci bus id: 0000:04:00.0, compute capability: 6.1)
2020-03-02 16:51:57.531248: I tensorflow/core/common_runtime/gpu/gpu_device.cc:1484] Adding visible gpu devices: 0
2020-03-02 16:51:57.531689: I tensorflow/core/common_runtime/gpu/gpu_device.cc:965] Device interconnect StreamExecutor with strength 1 edge matrix:
2020-03-02 16:51:57.531765: I tensorflow/core/common_runtime/gpu/gpu_device.cc:971]      0 
2020-03-02 16:51:57.531810: I tensorflow/core/common_runtime/gpu/gpu_device.cc:984] 0:   N 
2020-03-02 16:51:57.531967: I tensorflow/core/common_runtime/gpu/gpu_device.cc:1097] Created TensorFlow device (/job:localhost/replica:0/task:0/device:GPU:0 with 5641 MB memory) -> physical GPU (device: 0, name: GeForce GTX 1060 6GB, pci bus id: 0000:04:00.0, compute capability: 6.1)
2020-03-02 19:46:48.293674: I tensorflow/core/common_runtime/gpu/gpu_device.cc:1484] Adding visible gpu devices: 0
2020-03-02 19:46:48.294084: I tensorflow/core/common_runtime/gpu/gpu_device.cc:965] Device interconnect StreamExecutor with strength 1 edge matrix:
2020-03-02 19:46:48.294126: I tensorflow/core/common_runtime/gpu/gpu_device.cc:971]      0 
2020-03-02 19:46:48.294158: I tensorflow/core/common_runtime/gpu/gpu_device.cc:984] 0:   N 
2020-03-02 19:46:48.294239: I tensorflow/core/common_runtime/gpu/gpu_device.cc:1097] Created TensorFlow device (/job:localhost/replica:0/task:0/device:GPU:0 with 5641 MB memory) -> physical GPU (device: 0, name: GeForce GTX 1060 6GB, pci bus id: 0000:04:00.0, compute capability: 6.1)
2020-03-02 22:41:45.443865: I tensorflow/core/common_runtime/gpu/gpu_device.cc:1484] Adding visible gpu devices: 0
2020-03-02 22:41:45.444310: I tensorflow/core/common_runtime/gpu/gpu_device.cc:965] Device interconnect StreamExecutor with strength 1 edge matrix:
2020-03-02 22:41:45.444363: I tensorflow/core/common_runtime/gpu/gpu_device.cc:971]      0 
2020-03-02 22:41:45.444415: I tensorflow/core/common_runtime/gpu/gpu_device.cc:984] 0:   N 
2020-03-02 22:41:45.444526: I tensorflow/core/common_runtime/gpu/gpu_device.cc:1097] Created TensorFlow device (/job:localhost/replica:0/task:0/device:GPU:0 with 5641 MB memory) -> physical GPU (device: 0, name: GeForce GTX 1060 6GB, pci bus id: 0000:04:00.0, compute capability: 6.1)
2020-03-03 01:36:41.989324: I tensorflow/core/common_runtime/gpu/gpu_device.cc:1484] Adding visible gpu devices: 0
2020-03-03 01:36:41.989703: I tensorflow/core/common_runtime/gpu/gpu_device.cc:965] Device interconnect StreamExecutor with strength 1 edge matrix:
2020-03-03 01:36:41.989770: I tensorflow/core/common_runtime/gpu/gpu_device.cc:971]      0 
2020-03-03 01:36:41.989817: I tensorflow/core/common_runtime/gpu/gpu_device.cc:984] 0:   N 
2020-03-03 01:36:41.989939: I tensorflow/core/common_runtime/gpu/gpu_device.cc:1097] Created TensorFlow device (/job:localhost/replica:0/task:0/device:GPU:0 with 5641 MB memory) -> physical GPU (device: 0, name: GeForce GTX 1060 6GB, pci bus id: 0000:04:00.0, compute capability: 6.1)
2020-03-03 04:31:36.709906: I tensorflow/core/common_runtime/gpu/gpu_device.cc:1484] Adding visible gpu devices: 0
2020-03-03 04:31:36.710230: I tensorflow/core/common_runtime/gpu/gpu_device.cc:965] Device interconnect StreamExecutor with strength 1 edge matrix:
2020-03-03 04:31:36.710270: I tensorflow/core/common_runtime/gpu/gpu_device.cc:971]      0 
2020-03-03 04:31:36.710336: I tensorflow/core/common_runtime/gpu/gpu_device.cc:984] 0:   N 
2020-03-03 04:31:36.710459: I tensorflow/core/common_runtime/gpu/gpu_device.cc:1097] Created TensorFlow device (/job:localhost/replica:0/task:0/device:GPU:0 with 5641 MB memory) -> physical GPU (device: 0, name: GeForce GTX 1060 6GB, pci bus id: 0000:04:00.0, compute capability: 6.1)
