2020-03-13 23:16:21.135890: I tensorflow/core/platform/cpu_feature_guard.cc:141] Your CPU supports instructions that this TensorFlow binary was not compiled to use: SSE4.1 SSE4.2 AVX AVX2 FMA
2020-03-13 23:16:21.261648: I tensorflow/core/common_runtime/gpu/gpu_device.cc:1405] Found device 0 with properties: 
name: GeForce GTX 1060 6GB major: 6 minor: 1 memoryClockRate(GHz): 1.7085
pciBusID: 0000:04:00.0
totalMemory: 5.94GiB freeMemory: 5.86GiB
2020-03-13 23:16:21.261819: I tensorflow/core/common_runtime/gpu/gpu_device.cc:1484] Adding visible gpu devices: 0
2020-03-13 23:16:26.720816: I tensorflow/core/common_runtime/gpu/gpu_device.cc:965] Device interconnect StreamExecutor with strength 1 edge matrix:
2020-03-13 23:16:26.720962: I tensorflow/core/common_runtime/gpu/gpu_device.cc:971]      0 
2020-03-13 23:16:26.721040: I tensorflow/core/common_runtime/gpu/gpu_device.cc:984] 0:   N 
2020-03-13 23:16:26.722396: I tensorflow/core/common_runtime/gpu/gpu_device.cc:1097] Created TensorFlow device (/job:localhost/replica:0/task:0/device:GPU:0 with 5641 MB memory) -> physical GPU (device: 0, name: GeForce GTX 1060 6GB, pci bus id: 0000:04:00.0, compute capability: 6.1)
2020-03-14 00:10:59.818822: I tensorflow/core/common_runtime/gpu/gpu_device.cc:1484] Adding visible gpu devices: 0
2020-03-14 00:10:59.819270: I tensorflow/core/common_runtime/gpu/gpu_device.cc:965] Device interconnect StreamExecutor with strength 1 edge matrix:
2020-03-14 00:10:59.819328: I tensorflow/core/common_runtime/gpu/gpu_device.cc:971]      0 
2020-03-14 00:10:59.819383: I tensorflow/core/common_runtime/gpu/gpu_device.cc:984] 0:   N 
2020-03-14 00:10:59.819498: I tensorflow/core/common_runtime/gpu/gpu_device.cc:1097] Created TensorFlow device (/job:localhost/replica:0/task:0/device:GPU:0 with 5641 MB memory) -> physical GPU (device: 0, name: GeForce GTX 1060 6GB, pci bus id: 0000:04:00.0, compute capability: 6.1)
2020-03-14 01:05:30.340497: I tensorflow/core/common_runtime/gpu/gpu_device.cc:1484] Adding visible gpu devices: 0
2020-03-14 01:05:30.343498: I tensorflow/core/common_runtime/gpu/gpu_device.cc:965] Device interconnect StreamExecutor with strength 1 edge matrix:
2020-03-14 01:05:30.343574: I tensorflow/core/common_runtime/gpu/gpu_device.cc:971]      0 
2020-03-14 01:05:30.343635: I tensorflow/core/common_runtime/gpu/gpu_device.cc:984] 0:   N 
2020-03-14 01:05:30.343765: I tensorflow/core/common_runtime/gpu/gpu_device.cc:1097] Created TensorFlow device (/job:localhost/replica:0/task:0/device:GPU:0 with 5641 MB memory) -> physical GPU (device: 0, name: GeForce GTX 1060 6GB, pci bus id: 0000:04:00.0, compute capability: 6.1)
2020-03-14 01:59:46.445602: I tensorflow/core/common_runtime/gpu/gpu_device.cc:1484] Adding visible gpu devices: 0
2020-03-14 01:59:46.446888: I tensorflow/core/common_runtime/gpu/gpu_device.cc:965] Device interconnect StreamExecutor with strength 1 edge matrix:
2020-03-14 01:59:46.446945: I tensorflow/core/common_runtime/gpu/gpu_device.cc:971]      0 
2020-03-14 01:59:46.447001: I tensorflow/core/common_runtime/gpu/gpu_device.cc:984] 0:   N 
2020-03-14 01:59:46.447113: I tensorflow/core/common_runtime/gpu/gpu_device.cc:1097] Created TensorFlow device (/job:localhost/replica:0/task:0/device:GPU:0 with 5641 MB memory) -> physical GPU (device: 0, name: GeForce GTX 1060 6GB, pci bus id: 0000:04:00.0, compute capability: 6.1)
2020-03-14 02:53:59.852317: I tensorflow/core/common_runtime/gpu/gpu_device.cc:1484] Adding visible gpu devices: 0
2020-03-14 02:53:59.852801: I tensorflow/core/common_runtime/gpu/gpu_device.cc:965] Device interconnect StreamExecutor with strength 1 edge matrix:
2020-03-14 02:53:59.852863: I tensorflow/core/common_runtime/gpu/gpu_device.cc:971]      0 
2020-03-14 02:53:59.852926: I tensorflow/core/common_runtime/gpu/gpu_device.cc:984] 0:   N 
2020-03-14 02:53:59.853023: I tensorflow/core/common_runtime/gpu/gpu_device.cc:1097] Created TensorFlow device (/job:localhost/replica:0/task:0/device:GPU:0 with 5641 MB memory) -> physical GPU (device: 0, name: GeForce GTX 1060 6GB, pci bus id: 0000:04:00.0, compute capability: 6.1)
2020-03-14 03:48:16.014038: I tensorflow/core/common_runtime/gpu/gpu_device.cc:1484] Adding visible gpu devices: 0
2020-03-14 03:48:16.014388: I tensorflow/core/common_runtime/gpu/gpu_device.cc:965] Device interconnect StreamExecutor with strength 1 edge matrix:
2020-03-14 03:48:16.014488: I tensorflow/core/common_runtime/gpu/gpu_device.cc:971]      0 
2020-03-14 03:48:16.014527: I tensorflow/core/common_runtime/gpu/gpu_device.cc:984] 0:   N 
2020-03-14 03:48:16.014658: I tensorflow/core/common_runtime/gpu/gpu_device.cc:1097] Created TensorFlow device (/job:localhost/replica:0/task:0/device:GPU:0 with 5641 MB memory) -> physical GPU (device: 0, name: GeForce GTX 1060 6GB, pci bus id: 0000:04:00.0, compute capability: 6.1)
