

config:

HOME=/clusterFS/home/student/kopp13
PATH=/clusterFS/home/student/kopp13/miniconda3/envs/tensorflow/bin:/clusterFS/home/student/kopp13/miniconda3/condabin:/clusterFS/home/student/kopp13/VarRNN/src/bin:/clusterFS/home/student/kopp13/miniconda3/bin:/clusterFS/home/student/kopp13/bin:/usr/local/bin:/usr/bin:/bin:/usr/local/games:/usr/games
LD_LIBRARY_PATH=:/usr/local/cuda-9.0/lib64
THEANO_FLAGS=floatX=float32,gpuarray.preallocate=0.9,dnn.library_path=/usr/lib/x86_64-linux-gnu,cxx=clang++-3.8,device=cuda,base_compiledir=/tmp/tmp.C4DM78kIBO


=============================
CONFIG FILE

TRAINING CONFIG
{'algorithm': ['c_reparam', 'ste'],
 'batchnorm': {'modes': [], 'momentum': 0.98, 'tau': 1, 'type': 'none'},
 'carm_iterations': 10,
 'dir_reg': 0.0,
 'ent_reg': 0.0,
 'learning_rate': 0.2,
 'learning_rate_tau': 15000,
 'mode': {'max_epochs': 25000, 'min_error': 0.0, 'name': 'classic'},
 'pretraining': {'enabled': True, 'path': 'm_model', 'sec_path': 'm_ter'},
 'task_id': 19,
 'tau': 1.5,
 'var_reg': 0.0}

DATA CONFIG
{'dataset': 'penstroke',
 'remove_bias': True,
 'te': {'in_seq_len': 40,
        'max_truncation': 5,
        'minibatch_enabled': False,
        'minibatch_size': 1000},
 'tr': {'in_seq_len': 40,
        'max_truncation': 5,
        'minibatch_enabled': False,
        'minibatch_size': 1000},
 'va': {'in_seq_len': 40,
        'max_truncation': 5,
        'minibatch_enabled': False,
        'minibatch_size': 1000}}

RNN CONFIG
{'act_bins': 4.0,
 'act_disc': ['o'],
 'architecture': 'casual',
 'data_multiplier': None,
 'gradient_clip_value': 0.5,
 'layer_configs': [{'layer_type': 'input'},
                   {'bc': {'init_m': 'zeros',
                           'init_v': -4.5,
                           'prior_m': 0.0,
                           'prior_v': 0.0,
                           'type': 'continuous'},
                    'bf': {'init_m': 'ones',
                           'init_v': -4.5,
                           'prior_m': 1.0,
                           'prior_v': 0.0,
                           'type': 'continuous'},
                    'bi': {'init_m': 'zeros',
                           'init_v': -4.5,
                           'prior_m': 0.0,
                           'prior_v': 0.0,
                           'type': 'continuous'},
                    'bias_enabled': True,
                    'bo': {'init_m': 'zeros',
                           'init_v': -4.5,
                           'prior_m': 0.0,
                           'prior_v': 0.0,
                           'type': 'continuous'},
                    'discrete_act': ['o'],
                    'layer_type': 'lstm',
                    'lr_adapt': False,
                    'parametrization': 'sigmoid',
                    'tau': 1.5,
                    'var_scope': 'lstm_0',
                    'wc': {'p0max': 0.95,
                           'p0min': 0.05,
                           'parametrization': 'sigmoid',
                           'pmax': 0.95,
                           'pmin': 0.05,
                           'priors': [0.1, 0.8, 0.1],
                           'type': 'ternary'},
                    'wf': {'p0max': 0.95,
                           'p0min': 0.05,
                           'parametrization': 'sigmoid',
                           'pmax': 0.95,
                           'pmin': 0.05,
                           'priors': [0.1, 0.8, 0.1],
                           'type': 'ternary'},
                    'wi': {'p0max': 0.95,
                           'p0min': 0.05,
                           'parametrization': 'sigmoid',
                           'pmax': 0.95,
                           'pmin': 0.05,
                           'priors': [0.1, 0.8, 0.1],
                           'type': 'ternary'},
                    'wo': {'p0max': 0.95,
                           'p0min': 0.05,
                           'parametrization': 'sigmoid',
                           'pmax': 0.95,
                           'pmin': 0.05,
                           'priors': [0.1, 0.8, 0.1],
                           'type': 'ternary'}},
                   {'bc': {'init_m': 'zeros',
                           'init_v': -4.5,
                           'prior_m': 0.0,
                           'prior_v': 0.0,
                           'type': 'continuous'},
                    'bf': {'init_m': 'ones',
                           'init_v': -4.5,
                           'prior_m': 1.0,
                           'prior_v': 0.0,
                           'type': 'continuous'},
                    'bi': {'init_m': 'zeros',
                           'init_v': -4.5,
                           'prior_m': 0.0,
                           'prior_v': 0.0,
                           'type': 'continuous'},
                    'bias_enabled': True,
                    'bo': {'init_m': 'zeros',
                           'init_v': -4.5,
                           'prior_m': 0.0,
                           'prior_v': 0.0,
                           'type': 'continuous'},
                    'discrete_act': ['o'],
                    'layer_type': 'lstm',
                    'lr_adapt': False,
                    'parametrization': 'sigmoid',
                    'tau': 1.5,
                    'var_scope': 'lstm_1',
                    'wc': {'p0max': 0.95,
                           'p0min': 0.05,
                           'parametrization': 'sigmoid',
                           'pmax': 0.95,
                           'pmin': 0.05,
                           'priors': [0.1, 0.8, 0.1],
                           'type': 'ternary'},
                    'wf': {'p0max': 0.95,
                           'p0min': 0.05,
                           'parametrization': 'sigmoid',
                           'pmax': 0.95,
                           'pmin': 0.05,
                           'priors': [0.1, 0.8, 0.1],
                           'type': 'ternary'},
                    'wi': {'p0max': 0.95,
                           'p0min': 0.05,
                           'parametrization': 'sigmoid',
                           'pmax': 0.95,
                           'pmin': 0.05,
                           'priors': [0.1, 0.8, 0.1],
                           'type': 'ternary'},
                    'wo': {'p0max': 0.95,
                           'p0min': 0.05,
                           'parametrization': 'sigmoid',
                           'pmax': 0.95,
                           'pmin': 0.05,
                           'priors': [0.1, 0.8, 0.1],
                           'type': 'ternary'}},
                   {'b': {'init_m': 'zeros',
                          'init_v': -4.5,
                          'prior_m': 0.0,
                          'prior_v': 0.0,
                          'type': 'continuous'},
                    'bias_enabled': True,
                    'layer_type': 'fc',
                    'lr_adapt': False,
                    'parametrization': 'sigmoid',
                    'regularization': {'mode': None, 'strength': 0.0},
                    'tau': 1.5,
                    'var_scope': 'output_layer',
                    'w': {'p0max': 0.95,
                          'p0min': 0.05,
                          'parametrization': 'sigmoid',
                          'pmax': 0.95,
                          'pmin': 0.05,
                          'priors': [0.1, 0.8, 0.1],
                          'type': 'ternary'}}],
 'layout': [4, 40, 60, 10],
 'output_type': 'classification'}
==============================


tr
(9940, 4, 40)
va
(2120, 4, 40)
te
(1780, 4, 40)
0
1
2
3
4
5
6
7
8
9
10
11
12
13
14
15
16
17
18
19
20
21
22
23
24
25
26
27
28
29
30
31
32
33
34
35
36
37
38
39
0
1
2
3
4
5
6
7
8
9
10
11
12
13
14
15
16
17
18
19
20
21
22
23
24
25
26
27
28
29
30
31
32
33
34
35
36
37
38
39
0
1
2
3
4
5
6
7
8
9
10
11
12
13
14
15
16
17
18
19
20
21
22
23
24
25
26
27
28
29
30
31
32
33
34
35
36
37
38
39
0
1
2
3
4
5
6
7
8
9
10
11
12
13
14
15
16
17
18
19
20
21
22
23
24
25
26
27
28
29
30
31
32
33
34
35
36
37
38
39
0
1
2
3
4
5
6
7
8
9
10
11
12
13
14
15
16
17
18
19
20
21
22
23
24
25
26
27
28
29
30
31
32
33
34
35
36
37
38
39
0
1
2
3
4
5
6
7
8
9
10
11
12
13
14
15
16
17
18
19
20
21
22
23
24
25
26
27
28
29
30
31
32
33
34
35
36
37
38
39
0
1
2
3
4
5
6
7
8
9
10
11
12
13
14
15
16
17
18
19
20
21
22
23
24
25
26
27
28
29
30
31
32
33
34
35
36
37
38
39
0
1
2
3
4
5
6
7
8
9
10
11
12
13
14
15
16
17
18
19
20
21
22
23
24
25
26
27
28
29
30
31
32
33
34
35
36
37
38
39
0
1
2
3
4
5
6
7
8
9
10
11
12
13
14
15
16
17
18
19
20
21
22
23
24
25
26
27
28
29
30
31
32
33
34
35
36
37
38
39
0
1
2
3
4
5
6
7
8
9
10
11
12
13
14
15
16
17
18
19
20
21
22
23
24
25
26
27
28
29
30
31
32
33
34
35
36
37
38
39
0
1
2
3
4
5
6
7
8
9
10
11
12
13
14
15
16
17
18
19
20
21
22
23
24
25
26
27
28
29
30
31
32
33
34
35
36
37
38
39
0
1
2
3
4
5
6
7
8
9
10
11
12
13
14
15
16
17
18
19
20
21
22
23
24
25
26
27
28
29
30
31
32
33
34
35
36
37
38
39
0
1
2
3
4
5
6
7
8
9
10
11
12
13
14
15
16
17
18
19
20
21
22
23
24
25
26
27
28
29
30
31
32
33
34
35
36
37
38
39
0
1
2
3
4
5
6
7
8
9
10
11
12
13
14
15
16
17
18
19
20
21
22
23
24
25
26
27
28
29
30
31
32
33
34
35
36
37
38
39
0
1
2
3
4
5
6
7
8
9
10
11
12
13
14
15
16
17
18
19
20
21
22
23
24
25
26
27
28
29
30
31
32
33
34
35
36
37
38
39
  0,  0 | TrAcc: 0.1024, TrLoss:  2.73105, VaAcc: 0.1882, VaLoss:  2.76637	 MAP NN | Acc: 0.2222 | Loss: 3.5961
