2020-03-14 00:33:45.488776: I tensorflow/core/platform/cpu_feature_guard.cc:141] Your CPU supports instructions that this TensorFlow binary was not compiled to use: SSE4.1 SSE4.2 AVX FMA
2020-03-14 00:33:45.712687: I tensorflow/core/common_runtime/gpu/gpu_device.cc:1405] Found device 0 with properties: 
name: GeForce GTX 1060 6GB major: 6 minor: 1 memoryClockRate(GHz): 1.759
pciBusID: 0000:07:00.0
totalMemory: 5.94GiB freeMemory: 5.86GiB
2020-03-14 00:33:45.713035: I tensorflow/core/common_runtime/gpu/gpu_device.cc:1484] Adding visible gpu devices: 0
2020-03-14 00:33:50.179137: I tensorflow/core/common_runtime/gpu/gpu_device.cc:965] Device interconnect StreamExecutor with strength 1 edge matrix:
2020-03-14 00:33:50.179407: I tensorflow/core/common_runtime/gpu/gpu_device.cc:971]      0 
2020-03-14 00:33:50.179503: I tensorflow/core/common_runtime/gpu/gpu_device.cc:984] 0:   N 
2020-03-14 00:33:50.180963: I tensorflow/core/common_runtime/gpu/gpu_device.cc:1097] Created TensorFlow device (/job:localhost/replica:0/task:0/device:GPU:0 with 5641 MB memory) -> physical GPU (device: 0, name: GeForce GTX 1060 6GB, pci bus id: 0000:07:00.0, compute capability: 6.1)
2020-03-14 01:52:28.313444: I tensorflow/core/common_runtime/gpu/gpu_device.cc:1484] Adding visible gpu devices: 0
2020-03-14 01:52:28.314124: I tensorflow/core/common_runtime/gpu/gpu_device.cc:965] Device interconnect StreamExecutor with strength 1 edge matrix:
2020-03-14 01:52:28.314249: I tensorflow/core/common_runtime/gpu/gpu_device.cc:971]      0 
2020-03-14 01:52:28.314316: I tensorflow/core/common_runtime/gpu/gpu_device.cc:984] 0:   N 
2020-03-14 01:52:28.314445: I tensorflow/core/common_runtime/gpu/gpu_device.cc:1097] Created TensorFlow device (/job:localhost/replica:0/task:0/device:GPU:0 with 5641 MB memory) -> physical GPU (device: 0, name: GeForce GTX 1060 6GB, pci bus id: 0000:07:00.0, compute capability: 6.1)
2020-03-14 03:10:38.086659: I tensorflow/core/common_runtime/gpu/gpu_device.cc:1484] Adding visible gpu devices: 0
2020-03-14 03:10:38.087206: I tensorflow/core/common_runtime/gpu/gpu_device.cc:965] Device interconnect StreamExecutor with strength 1 edge matrix:
2020-03-14 03:10:38.087254: I tensorflow/core/common_runtime/gpu/gpu_device.cc:971]      0 
2020-03-14 03:10:38.087351: I tensorflow/core/common_runtime/gpu/gpu_device.cc:984] 0:   N 
2020-03-14 03:10:38.087521: I tensorflow/core/common_runtime/gpu/gpu_device.cc:1097] Created TensorFlow device (/job:localhost/replica:0/task:0/device:GPU:0 with 5641 MB memory) -> physical GPU (device: 0, name: GeForce GTX 1060 6GB, pci bus id: 0000:07:00.0, compute capability: 6.1)
2020-03-14 04:28:49.488848: I tensorflow/core/common_runtime/gpu/gpu_device.cc:1484] Adding visible gpu devices: 0
2020-03-14 04:28:49.489383: I tensorflow/core/common_runtime/gpu/gpu_device.cc:965] Device interconnect StreamExecutor with strength 1 edge matrix:
2020-03-14 04:28:49.489479: I tensorflow/core/common_runtime/gpu/gpu_device.cc:971]      0 
2020-03-14 04:28:49.489595: I tensorflow/core/common_runtime/gpu/gpu_device.cc:984] 0:   N 
2020-03-14 04:28:49.489747: I tensorflow/core/common_runtime/gpu/gpu_device.cc:1097] Created TensorFlow device (/job:localhost/replica:0/task:0/device:GPU:0 with 5641 MB memory) -> physical GPU (device: 0, name: GeForce GTX 1060 6GB, pci bus id: 0000:07:00.0, compute capability: 6.1)
2020-03-14 05:46:59.453533: I tensorflow/core/common_runtime/gpu/gpu_device.cc:1484] Adding visible gpu devices: 0
2020-03-14 05:46:59.454344: I tensorflow/core/common_runtime/gpu/gpu_device.cc:965] Device interconnect StreamExecutor with strength 1 edge matrix:
2020-03-14 05:46:59.454454: I tensorflow/core/common_runtime/gpu/gpu_device.cc:971]      0 
2020-03-14 05:46:59.454547: I tensorflow/core/common_runtime/gpu/gpu_device.cc:984] 0:   N 
2020-03-14 05:46:59.454744: I tensorflow/core/common_runtime/gpu/gpu_device.cc:1097] Created TensorFlow device (/job:localhost/replica:0/task:0/device:GPU:0 with 5641 MB memory) -> physical GPU (device: 0, name: GeForce GTX 1060 6GB, pci bus id: 0000:07:00.0, compute capability: 6.1)
2020-03-14 07:05:09.997514: I tensorflow/core/common_runtime/gpu/gpu_device.cc:1484] Adding visible gpu devices: 0
2020-03-14 07:05:09.998088: I tensorflow/core/common_runtime/gpu/gpu_device.cc:965] Device interconnect StreamExecutor with strength 1 edge matrix:
2020-03-14 07:05:09.998204: I tensorflow/core/common_runtime/gpu/gpu_device.cc:971]      0 
2020-03-14 07:05:09.998270: I tensorflow/core/common_runtime/gpu/gpu_device.cc:984] 0:   N 
2020-03-14 07:05:09.998412: I tensorflow/core/common_runtime/gpu/gpu_device.cc:1097] Created TensorFlow device (/job:localhost/replica:0/task:0/device:GPU:0 with 5641 MB memory) -> physical GPU (device: 0, name: GeForce GTX 1060 6GB, pci bus id: 0000:07:00.0, compute capability: 6.1)
