2020-02-11 04:52:32.922308: I tensorflow/core/platform/cpu_feature_guard.cc:141] Your CPU supports instructions that this TensorFlow binary was not compiled to use: SSE4.1 SSE4.2 AVX AVX2 FMA
2020-02-11 04:52:33.067364: I tensorflow/core/common_runtime/gpu/gpu_device.cc:1405] Found device 0 with properties: 
name: GeForce RTX 2080 Ti major: 7 minor: 5 memoryClockRate(GHz): 1.545
pciBusID: 0000:0b:00.0
totalMemory: 10.76GiB freeMemory: 10.60GiB
2020-02-11 04:52:33.067490: I tensorflow/core/common_runtime/gpu/gpu_device.cc:1484] Adding visible gpu devices: 0
2020-02-11 04:52:38.344323: I tensorflow/core/common_runtime/gpu/gpu_device.cc:965] Device interconnect StreamExecutor with strength 1 edge matrix:
2020-02-11 04:52:38.344434: I tensorflow/core/common_runtime/gpu/gpu_device.cc:971]      0 
2020-02-11 04:52:38.344484: I tensorflow/core/common_runtime/gpu/gpu_device.cc:984] 0:   N 
2020-02-11 04:52:38.345861: I tensorflow/core/common_runtime/gpu/gpu_device.cc:1097] Created TensorFlow device (/job:localhost/replica:0/task:0/device:GPU:0 with 10230 MB memory) -> physical GPU (device: 0, name: GeForce RTX 2080 Ti, pci bus id: 0000:0b:00.0, compute capability: 7.5)
2020-02-11 07:22:55.064294: I tensorflow/core/common_runtime/gpu/gpu_device.cc:1484] Adding visible gpu devices: 0
2020-02-11 07:22:55.064656: I tensorflow/core/common_runtime/gpu/gpu_device.cc:965] Device interconnect StreamExecutor with strength 1 edge matrix:
2020-02-11 07:22:55.064736: I tensorflow/core/common_runtime/gpu/gpu_device.cc:971]      0 
2020-02-11 07:22:55.064808: I tensorflow/core/common_runtime/gpu/gpu_device.cc:984] 0:   N 
2020-02-11 07:22:55.064917: I tensorflow/core/common_runtime/gpu/gpu_device.cc:1097] Created TensorFlow device (/job:localhost/replica:0/task:0/device:GPU:0 with 10230 MB memory) -> physical GPU (device: 0, name: GeForce RTX 2080 Ti, pci bus id: 0000:0b:00.0, compute capability: 7.5)
2020-02-11 10:02:09.699889: I tensorflow/core/common_runtime/gpu/gpu_device.cc:1484] Adding visible gpu devices: 0
2020-02-11 10:02:09.702457: I tensorflow/core/common_runtime/gpu/gpu_device.cc:965] Device interconnect StreamExecutor with strength 1 edge matrix:
2020-02-11 10:02:09.702539: I tensorflow/core/common_runtime/gpu/gpu_device.cc:971]      0 
2020-02-11 10:02:09.702602: I tensorflow/core/common_runtime/gpu/gpu_device.cc:984] 0:   N 
2020-02-11 10:02:09.702703: I tensorflow/core/common_runtime/gpu/gpu_device.cc:1097] Created TensorFlow device (/job:localhost/replica:0/task:0/device:GPU:0 with 10230 MB memory) -> physical GPU (device: 0, name: GeForce RTX 2080 Ti, pci bus id: 0000:0b:00.0, compute capability: 7.5)
