2020-03-14 04:43:15.242847: I tensorflow/core/platform/cpu_feature_guard.cc:141] Your CPU supports instructions that this TensorFlow binary was not compiled to use: SSE4.1 SSE4.2 AVX AVX2 FMA
2020-03-14 04:43:15.371136: I tensorflow/core/common_runtime/gpu/gpu_device.cc:1405] Found device 0 with properties: 
name: GeForce GTX 1060 6GB major: 6 minor: 1 memoryClockRate(GHz): 1.7085
pciBusID: 0000:04:00.0
totalMemory: 5.94GiB freeMemory: 5.86GiB
2020-03-14 04:43:15.371316: I tensorflow/core/common_runtime/gpu/gpu_device.cc:1484] Adding visible gpu devices: 0
2020-03-14 04:43:20.586114: I tensorflow/core/common_runtime/gpu/gpu_device.cc:965] Device interconnect StreamExecutor with strength 1 edge matrix:
2020-03-14 04:43:20.586247: I tensorflow/core/common_runtime/gpu/gpu_device.cc:971]      0 
2020-03-14 04:43:20.586333: I tensorflow/core/common_runtime/gpu/gpu_device.cc:984] 0:   N 
2020-03-14 04:43:20.587699: I tensorflow/core/common_runtime/gpu/gpu_device.cc:1097] Created TensorFlow device (/job:localhost/replica:0/task:0/device:GPU:0 with 5641 MB memory) -> physical GPU (device: 0, name: GeForce GTX 1060 6GB, pci bus id: 0000:04:00.0, compute capability: 6.1)
2020-03-14 05:51:07.142106: I tensorflow/core/common_runtime/gpu/gpu_device.cc:1484] Adding visible gpu devices: 0
2020-03-14 05:51:07.143497: I tensorflow/core/common_runtime/gpu/gpu_device.cc:965] Device interconnect StreamExecutor with strength 1 edge matrix:
2020-03-14 05:51:07.143558: I tensorflow/core/common_runtime/gpu/gpu_device.cc:971]      0 
2020-03-14 05:51:07.143610: I tensorflow/core/common_runtime/gpu/gpu_device.cc:984] 0:   N 
2020-03-14 05:51:07.143719: I tensorflow/core/common_runtime/gpu/gpu_device.cc:1097] Created TensorFlow device (/job:localhost/replica:0/task:0/device:GPU:0 with 5641 MB memory) -> physical GPU (device: 0, name: GeForce GTX 1060 6GB, pci bus id: 0000:04:00.0, compute capability: 6.1)
2020-03-14 06:58:39.456164: I tensorflow/core/common_runtime/gpu/gpu_device.cc:1484] Adding visible gpu devices: 0
2020-03-14 06:58:39.456542: I tensorflow/core/common_runtime/gpu/gpu_device.cc:965] Device interconnect StreamExecutor with strength 1 edge matrix:
2020-03-14 06:58:39.456607: I tensorflow/core/common_runtime/gpu/gpu_device.cc:971]      0 
2020-03-14 06:58:39.456654: I tensorflow/core/common_runtime/gpu/gpu_device.cc:984] 0:   N 
2020-03-14 06:58:39.456770: I tensorflow/core/common_runtime/gpu/gpu_device.cc:1097] Created TensorFlow device (/job:localhost/replica:0/task:0/device:GPU:0 with 5641 MB memory) -> physical GPU (device: 0, name: GeForce GTX 1060 6GB, pci bus id: 0000:04:00.0, compute capability: 6.1)
2020-03-14 08:06:06.998105: I tensorflow/core/common_runtime/gpu/gpu_device.cc:1484] Adding visible gpu devices: 0
2020-03-14 08:06:06.998524: I tensorflow/core/common_runtime/gpu/gpu_device.cc:965] Device interconnect StreamExecutor with strength 1 edge matrix:
2020-03-14 08:06:06.998582: I tensorflow/core/common_runtime/gpu/gpu_device.cc:971]      0 
2020-03-14 08:06:06.998632: I tensorflow/core/common_runtime/gpu/gpu_device.cc:984] 0:   N 
2020-03-14 08:06:06.998742: I tensorflow/core/common_runtime/gpu/gpu_device.cc:1097] Created TensorFlow device (/job:localhost/replica:0/task:0/device:GPU:0 with 5641 MB memory) -> physical GPU (device: 0, name: GeForce GTX 1060 6GB, pci bus id: 0000:04:00.0, compute capability: 6.1)
2020-03-14 09:13:40.327940: I tensorflow/core/common_runtime/gpu/gpu_device.cc:1484] Adding visible gpu devices: 0
2020-03-14 09:13:40.328335: I tensorflow/core/common_runtime/gpu/gpu_device.cc:965] Device interconnect StreamExecutor with strength 1 edge matrix:
2020-03-14 09:13:40.328385: I tensorflow/core/common_runtime/gpu/gpu_device.cc:971]      0 
2020-03-14 09:13:40.328432: I tensorflow/core/common_runtime/gpu/gpu_device.cc:984] 0:   N 
2020-03-14 09:13:40.328528: I tensorflow/core/common_runtime/gpu/gpu_device.cc:1097] Created TensorFlow device (/job:localhost/replica:0/task:0/device:GPU:0 with 5641 MB memory) -> physical GPU (device: 0, name: GeForce GTX 1060 6GB, pci bus id: 0000:04:00.0, compute capability: 6.1)
2020-03-14 10:21:15.184724: I tensorflow/core/common_runtime/gpu/gpu_device.cc:1484] Adding visible gpu devices: 0
2020-03-14 10:21:15.185170: I tensorflow/core/common_runtime/gpu/gpu_device.cc:965] Device interconnect StreamExecutor with strength 1 edge matrix:
2020-03-14 10:21:15.185226: I tensorflow/core/common_runtime/gpu/gpu_device.cc:971]      0 
2020-03-14 10:21:15.185292: I tensorflow/core/common_runtime/gpu/gpu_device.cc:984] 0:   N 
2020-03-14 10:21:15.185410: I tensorflow/core/common_runtime/gpu/gpu_device.cc:1097] Created TensorFlow device (/job:localhost/replica:0/task:0/device:GPU:0 with 5641 MB memory) -> physical GPU (device: 0, name: GeForce GTX 1060 6GB, pci bus id: 0000:04:00.0, compute capability: 6.1)
