2020-03-14 00:05:06.441174: I tensorflow/core/platform/cpu_feature_guard.cc:141] Your CPU supports instructions that this TensorFlow binary was not compiled to use: SSE4.1 SSE4.2 AVX FMA
2020-03-14 00:05:06.632260: I tensorflow/core/common_runtime/gpu/gpu_device.cc:1405] Found device 0 with properties: 
name: GeForce GTX 1060 6GB major: 6 minor: 1 memoryClockRate(GHz): 1.7845
pciBusID: 0000:06:00.0
totalMemory: 5.94GiB freeMemory: 5.86GiB
2020-03-14 00:05:06.632469: I tensorflow/core/common_runtime/gpu/gpu_device.cc:1484] Adding visible gpu devices: 0
2020-03-14 00:05:10.183815: I tensorflow/core/common_runtime/gpu/gpu_device.cc:965] Device interconnect StreamExecutor with strength 1 edge matrix:
2020-03-14 00:05:10.183966: I tensorflow/core/common_runtime/gpu/gpu_device.cc:971]      0 
2020-03-14 00:05:10.184030: I tensorflow/core/common_runtime/gpu/gpu_device.cc:984] 0:   N 
2020-03-14 00:05:10.185130: I tensorflow/core/common_runtime/gpu/gpu_device.cc:1097] Created TensorFlow device (/job:localhost/replica:0/task:0/device:GPU:0 with 5641 MB memory) -> physical GPU (device: 0, name: GeForce GTX 1060 6GB, pci bus id: 0000:06:00.0, compute capability: 6.1)
2020-03-14 01:15:19.712300: I tensorflow/core/common_runtime/gpu/gpu_device.cc:1484] Adding visible gpu devices: 0
2020-03-14 01:15:19.712798: I tensorflow/core/common_runtime/gpu/gpu_device.cc:965] Device interconnect StreamExecutor with strength 1 edge matrix:
2020-03-14 01:15:19.712846: I tensorflow/core/common_runtime/gpu/gpu_device.cc:971]      0 
2020-03-14 01:15:19.712899: I tensorflow/core/common_runtime/gpu/gpu_device.cc:984] 0:   N 
2020-03-14 01:15:19.713018: I tensorflow/core/common_runtime/gpu/gpu_device.cc:1097] Created TensorFlow device (/job:localhost/replica:0/task:0/device:GPU:0 with 5641 MB memory) -> physical GPU (device: 0, name: GeForce GTX 1060 6GB, pci bus id: 0000:06:00.0, compute capability: 6.1)
2020-03-14 02:24:48.652487: I tensorflow/core/common_runtime/gpu/gpu_device.cc:1484] Adding visible gpu devices: 0
2020-03-14 02:24:48.653955: I tensorflow/core/common_runtime/gpu/gpu_device.cc:965] Device interconnect StreamExecutor with strength 1 edge matrix:
2020-03-14 02:24:48.654071: I tensorflow/core/common_runtime/gpu/gpu_device.cc:971]      0 
2020-03-14 02:24:48.654165: I tensorflow/core/common_runtime/gpu/gpu_device.cc:984] 0:   N 
2020-03-14 02:24:48.654431: I tensorflow/core/common_runtime/gpu/gpu_device.cc:1097] Created TensorFlow device (/job:localhost/replica:0/task:0/device:GPU:0 with 5641 MB memory) -> physical GPU (device: 0, name: GeForce GTX 1060 6GB, pci bus id: 0000:06:00.0, compute capability: 6.1)
2020-03-14 03:34:18.026233: I tensorflow/core/common_runtime/gpu/gpu_device.cc:1484] Adding visible gpu devices: 0
2020-03-14 03:34:18.026611: I tensorflow/core/common_runtime/gpu/gpu_device.cc:965] Device interconnect StreamExecutor with strength 1 edge matrix:
2020-03-14 03:34:18.026674: I tensorflow/core/common_runtime/gpu/gpu_device.cc:971]      0 
2020-03-14 03:34:18.026723: I tensorflow/core/common_runtime/gpu/gpu_device.cc:984] 0:   N 
2020-03-14 03:34:18.026871: I tensorflow/core/common_runtime/gpu/gpu_device.cc:1097] Created TensorFlow device (/job:localhost/replica:0/task:0/device:GPU:0 with 5641 MB memory) -> physical GPU (device: 0, name: GeForce GTX 1060 6GB, pci bus id: 0000:06:00.0, compute capability: 6.1)
2020-03-14 04:43:46.049116: I tensorflow/core/common_runtime/gpu/gpu_device.cc:1484] Adding visible gpu devices: 0
2020-03-14 04:43:46.049526: I tensorflow/core/common_runtime/gpu/gpu_device.cc:965] Device interconnect StreamExecutor with strength 1 edge matrix:
2020-03-14 04:43:46.049581: I tensorflow/core/common_runtime/gpu/gpu_device.cc:971]      0 
2020-03-14 04:43:46.049634: I tensorflow/core/common_runtime/gpu/gpu_device.cc:984] 0:   N 
2020-03-14 04:43:46.049788: I tensorflow/core/common_runtime/gpu/gpu_device.cc:1097] Created TensorFlow device (/job:localhost/replica:0/task:0/device:GPU:0 with 5641 MB memory) -> physical GPU (device: 0, name: GeForce GTX 1060 6GB, pci bus id: 0000:06:00.0, compute capability: 6.1)
2020-03-14 05:53:13.453006: I tensorflow/core/common_runtime/gpu/gpu_device.cc:1484] Adding visible gpu devices: 0
2020-03-14 05:53:13.453447: I tensorflow/core/common_runtime/gpu/gpu_device.cc:965] Device interconnect StreamExecutor with strength 1 edge matrix:
2020-03-14 05:53:13.453509: I tensorflow/core/common_runtime/gpu/gpu_device.cc:971]      0 
2020-03-14 05:53:13.453558: I tensorflow/core/common_runtime/gpu/gpu_device.cc:984] 0:   N 
2020-03-14 05:53:13.453686: I tensorflow/core/common_runtime/gpu/gpu_device.cc:1097] Created TensorFlow device (/job:localhost/replica:0/task:0/device:GPU:0 with 5641 MB memory) -> physical GPU (device: 0, name: GeForce GTX 1060 6GB, pci bus id: 0000:06:00.0, compute capability: 6.1)
