

config:

HOME=/clusterFS/home/student/kopp13
PATH=/clusterFS/home/student/kopp13/miniconda3/envs/tensorflow/bin:/clusterFS/home/student/kopp13/miniconda3/condabin:/clusterFS/home/student/kopp13/VarRNN/src/bin:/clusterFS/home/student/kopp13/miniconda3/bin:/clusterFS/home/student/kopp13/bin:/usr/local/bin:/usr/bin:/bin:/usr/local/games:/usr/games
LD_LIBRARY_PATH=:/usr/local/cuda-9.0/lib64
THEANO_FLAGS=floatX=float32,gpuarray.preallocate=0.9,dnn.library_path=/usr/lib/x86_64-linux-gnu,cxx=clang++-3.8,device=cuda,base_compiledir=/tmp/tmp.u99F8HveJ5


=============================
CONFIG FILE

TRAINING CONFIG
{'batchnorm': True,
 'batchnorm_momentum': 0.0,
 'dir_reg': 0.0,
 'ent_reg': 0.0,
 'is_pretrain': False,
 'learning_rate': 0.0075,
 'mode': {'max_epochs': 25000, 'min_error': 0.0, 'name': 'classic'},
 'task_id': 6,
 'type': 'g_sampling',
 'var_reg': 0.0}

DATA CONFIG
{'dataset': 'penstroke',
 'te': {'in_seq_len': 40,
        'max_truncation': 5,
        'minibatch_enabled': False,
        'minibatch_size': 200},
 'tr': {'in_seq_len': 40,
        'max_truncation': 5,
        'minibatch_enabled': False,
        'minibatch_size': 200},
 'va': {'in_seq_len': 40,
        'max_truncation': 5,
        'minibatch_enabled': False,
        'minibatch_size': 200}}

RNN CONFIG
{'data_multiplier': 15000,
 'gradient_clip_value': 0.5,
 'layer_configs': [{'layer_type': 'input'},
                   {'bc': {'init_m': 'zeros',
                           'init_v': -4.5,
                           'prior_m': 0.0,
                           'prior_v': 0.0,
                           'type': 'continuous'},
                    'bf': {'init_m': 'ones',
                           'init_v': -4.5,
                           'prior_m': 1.0,
                           'prior_v': 0.0,
                           'type': 'continuous'},
                    'bi': {'init_m': 'zeros',
                           'init_v': -4.5,
                           'prior_m': 0.0,
                           'prior_v': 0.0,
                           'type': 'continuous'},
                    'bo': {'init_m': 'zeros',
                           'init_v': -4.5,
                           'prior_m': 0.0,
                           'prior_v': 0.0,
                           'type': 'continuous'},
                    'discrete_act': False,
                    'layer_type': 'lstm',
                    'lr_adapt': False,
                    'parametrization': 'sigmoid',
                    'tau': 0.8,
                    'var_scope': 'lstm_0',
                    'wc': {'p0max': 0.95,
                           'p0min': 0.05,
                           'parametrization': 'sigmoid',
                           'pmax': 0.99,
                           'pmin': 0.01,
                           'priors': [0.1, 0.8, 0.1],
                           'type': 'ternary'},
                    'wf': {'p0max': 0.95,
                           'p0min': 0.05,
                           'parametrization': 'sigmoid',
                           'pmax': 0.99,
                           'pmin': 0.01,
                           'priors': [0.1, 0.8, 0.1],
                           'type': 'ternary'},
                    'wi': {'p0max': 0.95,
                           'p0min': 0.05,
                           'parametrization': 'sigmoid',
                           'pmax': 0.99,
                           'pmin': 0.01,
                           'priors': [0.1, 0.8, 0.1],
                           'type': 'ternary'},
                    'wo': {'p0max': 0.95,
                           'p0min': 0.05,
                           'parametrization': 'sigmoid',
                           'pmax': 0.99,
                           'pmin': 0.01,
                           'priors': [0.1, 0.8, 0.1],
                           'type': 'ternary'}},
                   {'bc': {'init_m': 'zeros',
                           'init_v': -4.5,
                           'prior_m': 0.0,
                           'prior_v': 0.0,
                           'type': 'continuous'},
                    'bf': {'init_m': 'ones',
                           'init_v': -4.5,
                           'prior_m': 1.0,
                           'prior_v': 0.0,
                           'type': 'continuous'},
                    'bi': {'init_m': 'zeros',
                           'init_v': -4.5,
                           'prior_m': 0.0,
                           'prior_v': 0.0,
                           'type': 'continuous'},
                    'bo': {'init_m': 'zeros',
                           'init_v': -4.5,
                           'prior_m': 0.0,
                           'prior_v': 0.0,
                           'type': 'continuous'},
                    'discrete_act': False,
                    'layer_type': 'lstm',
                    'lr_adapt': False,
                    'parametrization': 'sigmoid',
                    'tau': 0.8,
                    'var_scope': 'lstm_1',
                    'wc': {'p0max': 0.95,
                           'p0min': 0.05,
                           'parametrization': 'sigmoid',
                           'pmax': 0.99,
                           'pmin': 0.01,
                           'priors': [0.1, 0.8, 0.1],
                           'type': 'ternary'},
                    'wf': {'p0max': 0.95,
                           'p0min': 0.05,
                           'parametrization': 'sigmoid',
                           'pmax': 0.99,
                           'pmin': 0.01,
                           'priors': [0.1, 0.8, 0.1],
                           'type': 'ternary'},
                    'wi': {'p0max': 0.95,
                           'p0min': 0.05,
                           'parametrization': 'sigmoid',
                           'pmax': 0.99,
                           'pmin': 0.01,
                           'priors': [0.1, 0.8, 0.1],
                           'type': 'ternary'},
                    'wo': {'p0max': 0.95,
                           'p0min': 0.05,
                           'parametrization': 'sigmoid',
                           'pmax': 0.99,
                           'pmin': 0.01,
                           'priors': [0.1, 0.8, 0.1],
                           'type': 'ternary'}},
                   {'b': {'init_m': 'zeros',
                          'init_v': -4.5,
                          'prior_m': 0.0,
                          'prior_v': 0.0,
                          'type': 'continuous'},
                    'layer_type': 'fc',
                    'lr_adapt': False,
                    'parametrization': 'sigmoid',
                    'regularization': {'mode': None, 'strength': 0.02},
                    'tau': 0.8,
                    'var_scope': 'output_layer',
                    'w': {'p0max': 0.95,
                          'p0min': 0.05,
                          'parametrization': 'sigmoid',
                          'pmax': 0.99,
                          'pmin': 0.01,
                          'priors': [0.1, 0.8, 0.1],
                          'type': 'ternary'}}],
 'layout': [4, 60, 60, 10],
 'output_type': 'classification'}
==============================


14022
tr
(9940, 4, 40)
2801
va
(2120, 4, 40)
2565
te
(1780, 4, 40)
