2020-02-11 06:44:15.421784: I tensorflow/core/platform/cpu_feature_guard.cc:141] Your CPU supports instructions that this TensorFlow binary was not compiled to use: SSE4.1 SSE4.2 AVX AVX2 FMA
2020-02-11 06:44:15.544473: I tensorflow/core/common_runtime/gpu/gpu_device.cc:1405] Found device 0 with properties: 
name: GeForce GTX 1060 6GB major: 6 minor: 1 memoryClockRate(GHz): 1.759
pciBusID: 0000:03:00.0
totalMemory: 5.94GiB freeMemory: 5.86GiB
2020-02-11 06:44:15.544655: I tensorflow/core/common_runtime/gpu/gpu_device.cc:1484] Adding visible gpu devices: 0
2020-02-11 06:44:22.128082: I tensorflow/core/common_runtime/gpu/gpu_device.cc:965] Device interconnect StreamExecutor with strength 1 edge matrix:
2020-02-11 06:44:22.128278: I tensorflow/core/common_runtime/gpu/gpu_device.cc:971]      0 
2020-02-11 06:44:22.128356: I tensorflow/core/common_runtime/gpu/gpu_device.cc:984] 0:   N 
2020-02-11 06:44:22.129763: I tensorflow/core/common_runtime/gpu/gpu_device.cc:1097] Created TensorFlow device (/job:localhost/replica:0/task:0/device:GPU:0 with 5641 MB memory) -> physical GPU (device: 0, name: GeForce GTX 1060 6GB, pci bus id: 0000:03:00.0, compute capability: 6.1)
2020-02-11 09:39:00.685313: I tensorflow/core/common_runtime/gpu/gpu_device.cc:1484] Adding visible gpu devices: 0
2020-02-11 09:39:00.685767: I tensorflow/core/common_runtime/gpu/gpu_device.cc:965] Device interconnect StreamExecutor with strength 1 edge matrix:
2020-02-11 09:39:00.685830: I tensorflow/core/common_runtime/gpu/gpu_device.cc:971]      0 
2020-02-11 09:39:00.685895: I tensorflow/core/common_runtime/gpu/gpu_device.cc:984] 0:   N 
2020-02-11 09:39:00.686018: I tensorflow/core/common_runtime/gpu/gpu_device.cc:1097] Created TensorFlow device (/job:localhost/replica:0/task:0/device:GPU:0 with 5641 MB memory) -> physical GPU (device: 0, name: GeForce GTX 1060 6GB, pci bus id: 0000:03:00.0, compute capability: 6.1)
2020-02-11 12:37:25.639522: I tensorflow/core/common_runtime/gpu/gpu_device.cc:1484] Adding visible gpu devices: 0
2020-02-11 12:37:25.639987: I tensorflow/core/common_runtime/gpu/gpu_device.cc:965] Device interconnect StreamExecutor with strength 1 edge matrix:
2020-02-11 12:37:25.640052: I tensorflow/core/common_runtime/gpu/gpu_device.cc:971]      0 
2020-02-11 12:37:25.640092: I tensorflow/core/common_runtime/gpu/gpu_device.cc:984] 0:   N 
2020-02-11 12:37:25.640232: I tensorflow/core/common_runtime/gpu/gpu_device.cc:1097] Created TensorFlow device (/job:localhost/replica:0/task:0/device:GPU:0 with 5641 MB memory) -> physical GPU (device: 0, name: GeForce GTX 1060 6GB, pci bus id: 0000:03:00.0, compute capability: 6.1)
