2020-06-11 09:19:23.729560: I tensorflow/core/platform/cpu_feature_guard.cc:141] Your CPU supports instructions that this TensorFlow binary was not compiled to use: SSE4.1 SSE4.2 AVX AVX2 AVX512F FMA
2020-06-11 09:19:23.899715: I tensorflow/core/common_runtime/gpu/gpu_device.cc:1405] Found device 0 with properties: 
name: GeForce RTX 2080 Ti major: 7 minor: 5 memoryClockRate(GHz): 1.545
pciBusID: 0000:d8:00.0
totalMemory: 10.76GiB freeMemory: 10.60GiB
2020-06-11 09:19:23.899869: I tensorflow/core/common_runtime/gpu/gpu_device.cc:1484] Adding visible gpu devices: 0
2020-06-11 09:19:27.598764: I tensorflow/core/common_runtime/gpu/gpu_device.cc:965] Device interconnect StreamExecutor with strength 1 edge matrix:
2020-06-11 09:19:27.599005: I tensorflow/core/common_runtime/gpu/gpu_device.cc:971]      0 
2020-06-11 09:19:27.599092: I tensorflow/core/common_runtime/gpu/gpu_device.cc:984] 0:   N 
2020-06-11 09:19:27.600479: I tensorflow/core/common_runtime/gpu/gpu_device.cc:1097] Created TensorFlow device (/job:localhost/replica:0/task:0/device:GPU:0 with 10229 MB memory) -> physical GPU (device: 0, name: GeForce RTX 2080 Ti, pci bus id: 0000:d8:00.0, compute capability: 7.5)
2020-06-11 09:29:36.404273: I tensorflow/core/common_runtime/gpu/gpu_device.cc:1484] Adding visible gpu devices: 0
2020-06-11 09:29:36.404940: I tensorflow/core/common_runtime/gpu/gpu_device.cc:965] Device interconnect StreamExecutor with strength 1 edge matrix:
2020-06-11 09:29:36.405088: I tensorflow/core/common_runtime/gpu/gpu_device.cc:971]      0 
2020-06-11 09:29:36.405220: I tensorflow/core/common_runtime/gpu/gpu_device.cc:984] 0:   N 
2020-06-11 09:29:36.405401: I tensorflow/core/common_runtime/gpu/gpu_device.cc:1097] Created TensorFlow device (/job:localhost/replica:0/task:0/device:GPU:0 with 10229 MB memory) -> physical GPU (device: 0, name: GeForce RTX 2080 Ti, pci bus id: 0000:d8:00.0, compute capability: 7.5)
2020-06-11 09:39:42.616111: I tensorflow/core/common_runtime/gpu/gpu_device.cc:1484] Adding visible gpu devices: 0
2020-06-11 09:39:42.616769: I tensorflow/core/common_runtime/gpu/gpu_device.cc:965] Device interconnect StreamExecutor with strength 1 edge matrix:
2020-06-11 09:39:42.616910: I tensorflow/core/common_runtime/gpu/gpu_device.cc:971]      0 
2020-06-11 09:39:42.616964: I tensorflow/core/common_runtime/gpu/gpu_device.cc:984] 0:   N 
2020-06-11 09:39:42.617187: I tensorflow/core/common_runtime/gpu/gpu_device.cc:1097] Created TensorFlow device (/job:localhost/replica:0/task:0/device:GPU:0 with 10229 MB memory) -> physical GPU (device: 0, name: GeForce RTX 2080 Ti, pci bus id: 0000:d8:00.0, compute capability: 7.5)
2020-06-11 09:49:49.151150: I tensorflow/core/common_runtime/gpu/gpu_device.cc:1484] Adding visible gpu devices: 0
2020-06-11 09:49:49.151666: I tensorflow/core/common_runtime/gpu/gpu_device.cc:965] Device interconnect StreamExecutor with strength 1 edge matrix:
2020-06-11 09:49:49.151765: I tensorflow/core/common_runtime/gpu/gpu_device.cc:971]      0 
2020-06-11 09:49:49.151820: I tensorflow/core/common_runtime/gpu/gpu_device.cc:984] 0:   N 
2020-06-11 09:49:49.152003: I tensorflow/core/common_runtime/gpu/gpu_device.cc:1097] Created TensorFlow device (/job:localhost/replica:0/task:0/device:GPU:0 with 10229 MB memory) -> physical GPU (device: 0, name: GeForce RTX 2080 Ti, pci bus id: 0000:d8:00.0, compute capability: 7.5)
2020-06-11 09:59:55.091273: I tensorflow/core/common_runtime/gpu/gpu_device.cc:1484] Adding visible gpu devices: 0
2020-06-11 09:59:55.091889: I tensorflow/core/common_runtime/gpu/gpu_device.cc:965] Device interconnect StreamExecutor with strength 1 edge matrix:
2020-06-11 09:59:55.091977: I tensorflow/core/common_runtime/gpu/gpu_device.cc:971]      0 
2020-06-11 09:59:55.092042: I tensorflow/core/common_runtime/gpu/gpu_device.cc:984] 0:   N 
2020-06-11 09:59:55.092193: I tensorflow/core/common_runtime/gpu/gpu_device.cc:1097] Created TensorFlow device (/job:localhost/replica:0/task:0/device:GPU:0 with 10229 MB memory) -> physical GPU (device: 0, name: GeForce RTX 2080 Ti, pci bus id: 0000:d8:00.0, compute capability: 7.5)
