2020-10-05 01:12:46.976848: I tensorflow/core/platform/cpu_feature_guard.cc:141] Your CPU supports instructions that this TensorFlow binary was not compiled to use: SSE4.1 SSE4.2 AVX AVX2 FMA
2020-10-05 01:12:47.101369: I tensorflow/core/common_runtime/gpu/gpu_device.cc:1405] Found device 0 with properties: 
name: GeForce GTX 1060 6GB major: 6 minor: 1 memoryClockRate(GHz): 1.7085
pciBusID: 0000:04:00.0
totalMemory: 5.94GiB freeMemory: 5.86GiB
2020-10-05 01:12:47.101993: I tensorflow/core/common_runtime/gpu/gpu_device.cc:1484] Adding visible gpu devices: 0
2020-10-05 01:12:56.036544: I tensorflow/core/common_runtime/gpu/gpu_device.cc:965] Device interconnect StreamExecutor with strength 1 edge matrix:
2020-10-05 01:12:56.037111: I tensorflow/core/common_runtime/gpu/gpu_device.cc:971]      0 
2020-10-05 01:12:56.037515: I tensorflow/core/common_runtime/gpu/gpu_device.cc:984] 0:   N 
2020-10-05 01:12:56.039123: I tensorflow/core/common_runtime/gpu/gpu_device.cc:1097] Created TensorFlow device (/job:localhost/replica:0/task:0/device:GPU:0 with 5640 MB memory) -> physical GPU (device: 0, name: GeForce GTX 1060 6GB, pci bus id: 0000:04:00.0, compute capability: 6.1)
2020-10-05 07:05:44.499750: I tensorflow/core/common_runtime/gpu/gpu_device.cc:1484] Adding visible gpu devices: 0
2020-10-05 07:05:44.500170: I tensorflow/core/common_runtime/gpu/gpu_device.cc:965] Device interconnect StreamExecutor with strength 1 edge matrix:
2020-10-05 07:05:44.504993: I tensorflow/core/common_runtime/gpu/gpu_device.cc:971]      0 
2020-10-05 07:05:44.505306: I tensorflow/core/common_runtime/gpu/gpu_device.cc:984] 0:   N 
2020-10-05 07:05:44.505653: I tensorflow/core/common_runtime/gpu/gpu_device.cc:1097] Created TensorFlow device (/job:localhost/replica:0/task:0/device:GPU:0 with 5640 MB memory) -> physical GPU (device: 0, name: GeForce GTX 1060 6GB, pci bus id: 0000:04:00.0, compute capability: 6.1)
2020-10-05 12:58:20.931174: I tensorflow/core/common_runtime/gpu/gpu_device.cc:1484] Adding visible gpu devices: 0
2020-10-05 12:58:20.931747: I tensorflow/core/common_runtime/gpu/gpu_device.cc:965] Device interconnect StreamExecutor with strength 1 edge matrix:
2020-10-05 12:58:20.932100: I tensorflow/core/common_runtime/gpu/gpu_device.cc:971]      0 
2020-10-05 12:58:20.932415: I tensorflow/core/common_runtime/gpu/gpu_device.cc:984] 0:   N 
2020-10-05 12:58:20.932801: I tensorflow/core/common_runtime/gpu/gpu_device.cc:1097] Created TensorFlow device (/job:localhost/replica:0/task:0/device:GPU:0 with 5640 MB memory) -> physical GPU (device: 0, name: GeForce GTX 1060 6GB, pci bus id: 0000:04:00.0, compute capability: 6.1)
2020-10-05 18:51:47.831484: I tensorflow/core/common_runtime/gpu/gpu_device.cc:1484] Adding visible gpu devices: 0
2020-10-05 18:51:47.834660: I tensorflow/core/common_runtime/gpu/gpu_device.cc:965] Device interconnect StreamExecutor with strength 1 edge matrix:
2020-10-05 18:51:47.839530: I tensorflow/core/common_runtime/gpu/gpu_device.cc:971]      0 
2020-10-05 18:51:47.839810: I tensorflow/core/common_runtime/gpu/gpu_device.cc:984] 0:   N 
2020-10-05 18:51:47.840146: I tensorflow/core/common_runtime/gpu/gpu_device.cc:1097] Created TensorFlow device (/job:localhost/replica:0/task:0/device:GPU:0 with 5640 MB memory) -> physical GPU (device: 0, name: GeForce GTX 1060 6GB, pci bus id: 0000:04:00.0, compute capability: 6.1)
