2020-03-14 01:10:25.195381: I tensorflow/core/platform/cpu_feature_guard.cc:141] Your CPU supports instructions that this TensorFlow binary was not compiled to use: SSE4.1 SSE4.2 AVX AVX2 FMA
2020-03-14 01:10:25.322899: I tensorflow/core/common_runtime/gpu/gpu_device.cc:1405] Found device 0 with properties: 
name: Tesla K40c major: 3 minor: 5 memoryClockRate(GHz): 0.745
pciBusID: 0000:06:00.0
totalMemory: 11.92GiB freeMemory: 11.85GiB
2020-03-14 01:10:25.323037: I tensorflow/core/common_runtime/gpu/gpu_device.cc:1484] Adding visible gpu devices: 0
2020-03-14 01:10:29.638341: I tensorflow/core/common_runtime/gpu/gpu_device.cc:965] Device interconnect StreamExecutor with strength 1 edge matrix:
2020-03-14 01:10:29.638541: I tensorflow/core/common_runtime/gpu/gpu_device.cc:971]      0 
2020-03-14 01:10:29.638636: I tensorflow/core/common_runtime/gpu/gpu_device.cc:984] 0:   N 
2020-03-14 01:10:29.639724: I tensorflow/core/common_runtime/gpu/gpu_device.cc:1097] Created TensorFlow device (/job:localhost/replica:0/task:0/device:GPU:0 with 11481 MB memory) -> physical GPU (device: 0, name: Tesla K40c, pci bus id: 0000:06:00.0, compute capability: 3.5)
2020-03-14 02:24:36.332696: I tensorflow/core/common_runtime/gpu/gpu_device.cc:1484] Adding visible gpu devices: 0
2020-03-14 02:24:36.333100: I tensorflow/core/common_runtime/gpu/gpu_device.cc:965] Device interconnect StreamExecutor with strength 1 edge matrix:
2020-03-14 02:24:36.333187: I tensorflow/core/common_runtime/gpu/gpu_device.cc:971]      0 
2020-03-14 02:24:36.333264: I tensorflow/core/common_runtime/gpu/gpu_device.cc:984] 0:   N 
2020-03-14 02:24:36.333408: I tensorflow/core/common_runtime/gpu/gpu_device.cc:1097] Created TensorFlow device (/job:localhost/replica:0/task:0/device:GPU:0 with 11481 MB memory) -> physical GPU (device: 0, name: Tesla K40c, pci bus id: 0000:06:00.0, compute capability: 3.5)
2020-03-14 03:38:45.689360: I tensorflow/core/common_runtime/gpu/gpu_device.cc:1484] Adding visible gpu devices: 0
2020-03-14 03:38:45.689837: I tensorflow/core/common_runtime/gpu/gpu_device.cc:965] Device interconnect StreamExecutor with strength 1 edge matrix:
2020-03-14 03:38:45.689933: I tensorflow/core/common_runtime/gpu/gpu_device.cc:971]      0 
2020-03-14 03:38:45.690025: I tensorflow/core/common_runtime/gpu/gpu_device.cc:984] 0:   N 
2020-03-14 03:38:45.690204: I tensorflow/core/common_runtime/gpu/gpu_device.cc:1097] Created TensorFlow device (/job:localhost/replica:0/task:0/device:GPU:0 with 11481 MB memory) -> physical GPU (device: 0, name: Tesla K40c, pci bus id: 0000:06:00.0, compute capability: 3.5)
2020-03-14 04:52:52.960277: I tensorflow/core/common_runtime/gpu/gpu_device.cc:1484] Adding visible gpu devices: 0
2020-03-14 04:52:52.963376: I tensorflow/core/common_runtime/gpu/gpu_device.cc:965] Device interconnect StreamExecutor with strength 1 edge matrix:
2020-03-14 04:52:52.963469: I tensorflow/core/common_runtime/gpu/gpu_device.cc:971]      0 
2020-03-14 04:52:52.963574: I tensorflow/core/common_runtime/gpu/gpu_device.cc:984] 0:   N 
2020-03-14 04:52:52.963768: I tensorflow/core/common_runtime/gpu/gpu_device.cc:1097] Created TensorFlow device (/job:localhost/replica:0/task:0/device:GPU:0 with 11481 MB memory) -> physical GPU (device: 0, name: Tesla K40c, pci bus id: 0000:06:00.0, compute capability: 3.5)
2020-03-14 06:07:06.560589: I tensorflow/core/common_runtime/gpu/gpu_device.cc:1484] Adding visible gpu devices: 0
2020-03-14 06:07:06.563518: I tensorflow/core/common_runtime/gpu/gpu_device.cc:965] Device interconnect StreamExecutor with strength 1 edge matrix:
2020-03-14 06:07:06.563626: I tensorflow/core/common_runtime/gpu/gpu_device.cc:971]      0 
2020-03-14 06:07:06.563780: I tensorflow/core/common_runtime/gpu/gpu_device.cc:984] 0:   N 
2020-03-14 06:07:06.563986: I tensorflow/core/common_runtime/gpu/gpu_device.cc:1097] Created TensorFlow device (/job:localhost/replica:0/task:0/device:GPU:0 with 11481 MB memory) -> physical GPU (device: 0, name: Tesla K40c, pci bus id: 0000:06:00.0, compute capability: 3.5)
2020-03-14 07:21:16.108152: I tensorflow/core/common_runtime/gpu/gpu_device.cc:1484] Adding visible gpu devices: 0
2020-03-14 07:21:16.108744: I tensorflow/core/common_runtime/gpu/gpu_device.cc:965] Device interconnect StreamExecutor with strength 1 edge matrix:
2020-03-14 07:21:16.108857: I tensorflow/core/common_runtime/gpu/gpu_device.cc:971]      0 
2020-03-14 07:21:16.108950: I tensorflow/core/common_runtime/gpu/gpu_device.cc:984] 0:   N 
2020-03-14 07:21:16.109193: I tensorflow/core/common_runtime/gpu/gpu_device.cc:1097] Created TensorFlow device (/job:localhost/replica:0/task:0/device:GPU:0 with 11481 MB memory) -> physical GPU (device: 0, name: Tesla K40c, pci bus id: 0000:06:00.0, compute capability: 3.5)
