

config:

HOME=/clusterFS/home/student/kopp13
PATH=/clusterFS/home/student/kopp13/miniconda3/envs/tensorflow/bin:/clusterFS/home/student/kopp13/miniconda3/condabin:/clusterFS/home/student/kopp13/VarRNN/src/bin:/clusterFS/home/student/kopp13/miniconda3/bin:/clusterFS/home/student/kopp13/bin:/usr/local/bin:/usr/bin:/bin:/usr/local/games:/usr/games
LD_LIBRARY_PATH=:/usr/local/cuda-9.0/lib64
THEANO_FLAGS=floatX=float32,gpuarray.preallocate=0.9,dnn.library_path=/usr/lib/x86_64-linux-gnu,cxx=clang++-3.8,device=cuda,base_compiledir=/tmp/tmp.KtHaAIuVRj


=============================
CONFIG FILE

RNN CONFIG
{'data_multiplier': None,
 'gradient_clip_value': 0.5,
 'layer_configs': [{'layer_type': 'input'},
                   {'bc': {'init_m': 'xavier',
                           'init_v': -4.5,
                           'prior_m': 0.0,
                           'prior_v': 0.0,
                           'type': 'continuous'},
                    'bf': {'init_m': 'xavier',
                           'init_v': -4.5,
                           'prior_m': 0.0,
                           'prior_v': 0.0,
                           'type': 'continuous'},
                    'bi': {'init_m': 'xavier',
                           'init_v': -4.5,
                           'prior_m': 0.0,
                           'prior_v': 0.0,
                           'type': 'continuous'},
                    'bo': {'init_m': 'xavier',
                           'init_v': -4.5,
                           'prior_m': 0.0,
                           'prior_v': 0.0,
                           'type': 'continuous'},
                    'discrete_act': False,
                    'init_config': {'c': {'b': 'all_zero', 'w': 'xavier'},
                                    'f': {'b': 'all_one', 'w': 'all_zero'},
                                    'i': {'b': 'all_zero', 'w': 'xavier'},
                                    'o': {'b': 'all_zero', 'w': 'xavier'}},
                    'is_output': False,
                    'is_recurrent': True,
                    'layer_type': 'lstm',
                    'lr_adapt': False,
                    'parametrization': 'sigmoid',
                    'tau': 0.4,
                    'var_scope': 'lstm_0',
                    'wc': {'p0max': 0.95,
                           'p0min': 0.05,
                           'parametrization': 'sigmoid',
                           'pmax': 0.99,
                           'pmin': 0.01,
                           'priors': [0.1, 0.8, 0.1],
                           'type': 'ternary'},
                    'wf': {'p0max': 0.95,
                           'p0min': 0.05,
                           'parametrization': 'sigmoid',
                           'pmax': 0.99,
                           'pmin': 0.01,
                           'priors': [0.1, 0.8, 0.1],
                           'type': 'ternary'},
                    'wi': {'p0max': 0.95,
                           'p0min': 0.05,
                           'parametrization': 'sigmoid',
                           'pmax': 0.99,
                           'pmin': 0.01,
                           'priors': [0.1, 0.8, 0.1],
                           'type': 'ternary'},
                    'wo': {'p0max': 0.95,
                           'p0min': 0.05,
                           'parametrization': 'sigmoid',
                           'pmax': 0.99,
                           'pmin': 0.01,
                           'priors': [0.1, 0.8, 0.1],
                           'type': 'ternary'}},
                   {'bc': {'init_m': 'xavier',
                           'init_v': -4.5,
                           'prior_m': 0.0,
                           'prior_v': 0.0,
                           'type': 'continuous'},
                    'bf': {'init_m': 'xavier',
                           'init_v': -4.5,
                           'prior_m': 0.0,
                           'prior_v': 0.0,
                           'type': 'continuous'},
                    'bi': {'init_m': 'xavier',
                           'init_v': -4.5,
                           'prior_m': 0.0,
                           'prior_v': 0.0,
                           'type': 'continuous'},
                    'bo': {'init_m': 'xavier',
                           'init_v': -4.5,
                           'prior_m': 0.0,
                           'prior_v': 0.0,
                           'type': 'continuous'},
                    'discrete_act': False,
                    'init_config': {'c': {'b': 'all_zero', 'w': 'xavier'},
                                    'f': {'b': 'all_one', 'w': 'all_zero'},
                                    'i': {'b': 'all_zero', 'w': 'xavier'},
                                    'o': {'b': 'all_zero', 'w': 'xavier'}},
                    'is_output': False,
                    'is_recurrent': True,
                    'layer_type': 'lstm',
                    'lr_adapt': False,
                    'parametrization': 'sigmoid',
                    'tau': 0.4,
                    'var_scope': 'lstm_1',
                    'wc': {'p0max': 0.95,
                           'p0min': 0.05,
                           'parametrization': 'sigmoid',
                           'pmax': 0.99,
                           'pmin': 0.01,
                           'priors': [0.1, 0.8, 0.1],
                           'type': 'ternary'},
                    'wf': {'p0max': 0.95,
                           'p0min': 0.05,
                           'parametrization': 'sigmoid',
                           'pmax': 0.99,
                           'pmin': 0.01,
                           'priors': [0.1, 0.8, 0.1],
                           'type': 'ternary'},
                    'wi': {'p0max': 0.95,
                           'p0min': 0.05,
                           'parametrization': 'sigmoid',
                           'pmax': 0.99,
                           'pmin': 0.01,
                           'priors': [0.1, 0.8, 0.1],
                           'type': 'ternary'},
                    'wo': {'p0max': 0.95,
                           'p0min': 0.05,
                           'parametrization': 'sigmoid',
                           'pmax': 0.99,
                           'pmin': 0.01,
                           'priors': [0.1, 0.8, 0.1],
                           'type': 'ternary'}},
                   {'b': {'init_m': 'xavier',
                          'init_v': -4.5,
                          'prior_m': 0.0,
                          'prior_v': 0.0,
                          'type': 'continuous'},
                    'is_output': True,
                    'is_recurrent': False,
                    'layer_type': 'fc',
                    'lr_adapt': False,
                    'parametrization': 'sigmoid',
                    'regularization': {'mode': None, 'strength': 0.02},
                    'tau': 0.4,
                    'var_scope': 'output_layer',
                    'w': {'p0max': 0.95,
                          'p0min': 0.05,
                          'parametrization': 'sigmoid',
                          'pmax': 0.99,
                          'pmin': 0.01,
                          'priors': [0.1, 0.8, 0.1],
                          'type': 'ternary'}}],
 'layout': [4, 60, 60, 10],
 'output_type': 'classification'}

DATA CONFIG
{'dataset': 'penstroke',
 'tr': {'extract_seqs': False,
        'in_seq_len': 25,
        'minibatch_enabled': False,
        'minibatch_size': 200,
        'out_seq_len': 1,
        'zero_padding': 0},
 'va': {'extract_seqs': False,
        'in_seq_len': 25,
        'minibatch_enabled': False,
        'minibatch_size': 200,
        'out_seq_len': 1,
        'zero_padding': 0}}

TRAINING CONFIG
{'batchnorm': True,
 'dir_reg': 0.0,
 'ent_reg': 0.0,
 'is_pretrain': False,
 'learning_rate': 0.2,
 'mode': {'max_epochs': 8000, 'min_error': 0.0, 'name': 'classic'},
 'task_id': 3,
 'type': 'g_sampling',
 'var_reg': 0.0}
==============================


tr
(6264, 4, 25)
va
(1266, 4, 25)
