

config:

HOME=/clusterFS/home/student/kopp13
PATH=/clusterFS/home/student/kopp13/miniconda3/envs/tensorflow/bin:/clusterFS/home/student/kopp13/miniconda3/condabin:/clusterFS/home/student/kopp13/VarRNN/src/bin:/clusterFS/home/student/kopp13/miniconda3/bin:/clusterFS/home/student/kopp13/bin:/usr/local/bin:/usr/bin:/bin:/usr/local/games:/usr/games
LD_LIBRARY_PATH=:/usr/local/cuda-9.0/lib64
THEANO_FLAGS=floatX=float32,gpuarray.preallocate=0.9,dnn.library_path=/usr/lib/x86_64-linux-gnu,cxx=clang++-3.8,device=cuda,base_compiledir=/tmp/tmp.B8NLTI21Ps


=============================
CONFIG FILE

TRAINING CONFIG
{'algorithm': ['c_reparam', 'gste'],
 'batchnorm': {'modes': [], 'momentum': 0.98, 'tau': 1, 'type': 'none'},
 'dir_reg': 0.0,
 'ent_reg': 0.0,
 'learning_rate': 0.005,
 'learning_rate_tau': 1000,
 'mode': {'max_epochs': 1500, 'min_error': 0.0, 'name': 'classic'},
 'pretraining': {'enabled': True, 'path': 'm_model'},
 'task_id': 1,
 'tau': 0.31622776601683794,
 'var_reg': 0.0}

DATA CONFIG
{'dataset': 'penstroke',
 'remove_bias': True,
 'te': {'in_seq_len': 40,
        'max_truncation': 5,
        'minibatch_enabled': True,
        'minibatch_size': 500},
 'tr': {'in_seq_len': 40,
        'max_truncation': 5,
        'minibatch_enabled': True,
        'minibatch_size': 1000},
 'va': {'in_seq_len': 40,
        'max_truncation': 5,
        'minibatch_enabled': True,
        'minibatch_size': 500}}

RNN CONFIG
{'act_disc': [],
 'data_multiplier': None,
 'gradient_clip_value': 0.5,
 'layer_configs': [{'layer_type': 'input'},
                   {'bc': {'init_m': 'zeros',
                           'init_v': -4.5,
                           'prior_m': 0.0,
                           'prior_v': 0.0,
                           'type': 'continuous'},
                    'bf': {'init_m': 'ones',
                           'init_v': -4.5,
                           'prior_m': 1.0,
                           'prior_v': 0.0,
                           'type': 'continuous'},
                    'bi': {'init_m': 'zeros',
                           'init_v': -4.5,
                           'prior_m': 0.0,
                           'prior_v': 0.0,
                           'type': 'continuous'},
                    'bo': {'init_m': 'zeros',
                           'init_v': -4.5,
                           'prior_m': 0.0,
                           'prior_v': 0.0,
                           'type': 'continuous'},
                    'discrete_act': [],
                    'layer_type': 'lstm',
                    'lr_adapt': False,
                    'parametrization': 'logits',
                    'tau': 0.31622776601683794,
                    'var_scope': 'lstm_0',
                    'wc': {'p0max': 0.95,
                           'p0min': 0.05,
                           'parametrization': 'sigmoid',
                           'pmax': 0.99,
                           'pmin': 0.01,
                           'priors': [0.1, 0.8, 0.1],
                           'type': 'ternary'},
                    'wf': {'p0max': 0.95,
                           'p0min': 0.05,
                           'parametrization': 'sigmoid',
                           'pmax': 0.99,
                           'pmin': 0.01,
                           'priors': [0.1, 0.8, 0.1],
                           'type': 'ternary'},
                    'wi': {'p0max': 0.95,
                           'p0min': 0.05,
                           'parametrization': 'sigmoid',
                           'pmax': 0.99,
                           'pmin': 0.01,
                           'priors': [0.1, 0.8, 0.1],
                           'type': 'ternary'},
                    'wo': {'p0max': 0.95,
                           'p0min': 0.05,
                           'parametrization': 'sigmoid',
                           'pmax': 0.99,
                           'pmin': 0.01,
                           'priors': [0.1, 0.8, 0.1],
                           'type': 'ternary'}},
                   {'bc': {'init_m': 'zeros',
                           'init_v': -4.5,
                           'prior_m': 0.0,
                           'prior_v': 0.0,
                           'type': 'continuous'},
                    'bf': {'init_m': 'ones',
                           'init_v': -4.5,
                           'prior_m': 1.0,
                           'prior_v': 0.0,
                           'type': 'continuous'},
                    'bi': {'init_m': 'zeros',
                           'init_v': -4.5,
                           'prior_m': 0.0,
                           'prior_v': 0.0,
                           'type': 'continuous'},
                    'bo': {'init_m': 'zeros',
                           'init_v': -4.5,
                           'prior_m': 0.0,
                           'prior_v': 0.0,
                           'type': 'continuous'},
                    'discrete_act': [],
                    'layer_type': 'lstm',
                    'lr_adapt': False,
                    'parametrization': 'logits',
                    'tau': 0.31622776601683794,
                    'var_scope': 'lstm_1',
                    'wc': {'p0max': 0.95,
                           'p0min': 0.05,
                           'parametrization': 'sigmoid',
                           'pmax': 0.99,
                           'pmin': 0.01,
                           'priors': [0.1, 0.8, 0.1],
                           'type': 'ternary'},
                    'wf': {'p0max': 0.95,
                           'p0min': 0.05,
                           'parametrization': 'sigmoid',
                           'pmax': 0.99,
                           'pmin': 0.01,
                           'priors': [0.1, 0.8, 0.1],
                           'type': 'ternary'},
                    'wi': {'p0max': 0.95,
                           'p0min': 0.05,
                           'parametrization': 'sigmoid',
                           'pmax': 0.99,
                           'pmin': 0.01,
                           'priors': [0.1, 0.8, 0.1],
                           'type': 'ternary'},
                    'wo': {'p0max': 0.95,
                           'p0min': 0.05,
                           'parametrization': 'sigmoid',
                           'pmax': 0.99,
                           'pmin': 0.01,
                           'priors': [0.1, 0.8, 0.1],
                           'type': 'ternary'}},
                   {'b': {'init_m': 'zeros',
                          'init_v': -4.5,
                          'prior_m': 0.0,
                          'prior_v': 0.0,
                          'type': 'continuous'},
                    'layer_type': 'fc',
                    'lr_adapt': False,
                    'parametrization': 'logits',
                    'regularization': {'mode': None, 'strength': 0.02},
                    'tau': 0.31622776601683794,
                    'var_scope': 'output_layer',
                    'w': {'p0max': 0.95,
                          'p0min': 0.05,
                          'parametrization': 'sigmoid',
                          'pmax': 0.99,
                          'pmin': 0.01,
                          'priors': [0.1, 0.8, 0.1],
                          'type': 'ternary'}}],
 'layout': [4, 40, 40, 10],
 'output_type': 'classification'}
==============================


tr
(9940, 4, 40)
va
(2120, 4, 40)
te
(1780, 4, 40)
  0,  0 | TrAcc: 0.1643, TrLoss:  2.31660, VaAcc: 0.2084, VaLoss:  2.29385	 MAP NN | Acc: 0.1560 | Loss: 2.5054
  1,  0 | TrAcc: 0.1942, TrLoss:  2.21786, VaAcc: 0.2352, VaLoss:  2.10425	 MAP NN | Acc: 0.2280 | Loss: 2.1590
  2,  0 | TrAcc: 0.2412, TrLoss:  2.13144, VaAcc: 0.2512, VaLoss:  2.14835	 MAP NN | Acc: 0.2672 | Loss: 2.0109
  3,  0 | TrAcc: 0.2626, TrLoss:  2.07194, VaAcc: 0.3172, VaLoss:  2.01320	 MAP NN | Acc: 0.3224 | Loss: 1.8262
  4,  0 | TrAcc: 0.2851, TrLoss:  2.01629, VaAcc: 0.2908, VaLoss:  2.00700	 MAP NN | Acc: 0.3744 | Loss: 1.6728
  5,  0 | TrAcc: 0.3019, TrLoss:  1.97667, VaAcc: 0.2972, VaLoss:  1.97395	 MAP NN | Acc: 0.4372 | Loss: 1.5576
  6,  0 | TrAcc: 0.3149, TrLoss:  1.95365, VaAcc: 0.3288, VaLoss:  1.92283	 MAP NN | Acc: 0.4604 | Loss: 1.5344
  7,  0 | TrAcc: 0.3469, TrLoss:  1.91616, VaAcc: 0.3884, VaLoss:  1.87512	 MAP NN | Acc: 0.4820 | Loss: 1.4634
  8,  0 | TrAcc: 0.3811, TrLoss:  1.84948, VaAcc: 0.3880, VaLoss:  1.83899	 MAP NN | Acc: 0.5720 | Loss: 1.3222
  9,  0 | TrAcc: 0.3863, TrLoss:  1.79226, VaAcc: 0.4332, VaLoss:  1.75899	 MAP NN | Acc: 0.5780 | Loss: 1.3198
 10,  0 | TrAcc: 0.4329, TrLoss:  1.72249, VaAcc: 0.4368, VaLoss:  1.72897	 MAP NN | Acc: 0.6160 | Loss: 1.2033
 11,  0 | TrAcc: 0.4233, TrLoss:  1.74864, VaAcc: 0.4692, VaLoss:  1.62958	 MAP NN | Acc: 0.6384 | Loss: 1.1550
 12,  0 | TrAcc: 0.4588, TrLoss:  1.64818, VaAcc: 0.4644, VaLoss:  1.67054	 MAP NN | Acc: 0.6428 | Loss: 1.0870
 13,  0 | TrAcc: 0.4726, TrLoss:  1.60967, VaAcc: 0.4220, VaLoss:  1.71602	 MAP NN | Acc: 0.6400 | Loss: 1.0697
 14,  0 | TrAcc: 0.5213, TrLoss:  1.50606, VaAcc: 0.4952, VaLoss:  1.55615	 MAP NN | Acc: 0.6540 | Loss: 1.0680
 15,  0 | TrAcc: 0.5057, TrLoss:  1.55431, VaAcc: 0.5572, VaLoss:  1.43904	 MAP NN | Acc: 0.6556 | Loss: 1.0295
 16,  0 | TrAcc: 0.5478, TrLoss:  1.43719, VaAcc: 0.5688, VaLoss:  1.44963	 MAP NN | Acc: 0.6832 | Loss: 0.9595
 17,  0 | TrAcc: 0.5480, TrLoss:  1.41504, VaAcc: 0.5404, VaLoss:  1.44242	 MAP NN | Acc: 0.7360 | Loss: 0.9048
 18,  0 | TrAcc: 0.5644, TrLoss:  1.41907, VaAcc: 0.6260, VaLoss:  1.26429	 MAP NN | Acc: 0.7760 | Loss: 0.8146
 19,  0 | TrAcc: 0.5918, TrLoss:  1.29909, VaAcc: 0.6064, VaLoss:  1.30256	 MAP NN | Acc: 0.7996 | Loss: 0.7721
 20,  0 | TrAcc: 0.6000, TrLoss:  1.33089, VaAcc: 0.5968, VaLoss:  1.31268	 MAP NN | Acc: 0.7556 | Loss: 0.7994
 21,  0 | TrAcc: 0.6045, TrLoss:  1.26243, VaAcc: 0.5676, VaLoss:  1.33619	 MAP NN | Acc: 0.7904 | Loss: 0.7632
 22,  0 | TrAcc: 0.6044, TrLoss:  1.26699, VaAcc: 0.6352, VaLoss:  1.22694	 MAP NN | Acc: 0.7916 | Loss: 0.7831
 23,  0 | TrAcc: 0.6382, TrLoss:  1.19553, VaAcc: 0.6156, VaLoss:  1.26834	 MAP NN | Acc: 0.7964 | Loss: 0.7748
 24,  0 | TrAcc: 0.6350, TrLoss:  1.17776, VaAcc: 0.6376, VaLoss:  1.21079	 MAP NN | Acc: 0.8000 | Loss: 0.7090
 25,  0 | TrAcc: 0.6667, TrLoss:  1.15170, VaAcc: 0.6560, VaLoss:  1.13566	 MAP NN | Acc: 0.8060 | Loss: 0.6662
 26,  0 | TrAcc: 0.6585, TrLoss:  1.12842, VaAcc: 0.6812, VaLoss:  1.08197	 MAP NN | Acc: 0.8148 | Loss: 0.6710
 27,  0 | TrAcc: 0.6780, TrLoss:  1.06224, VaAcc: 0.6440, VaLoss:  1.13962	 MAP NN | Acc: 0.8084 | Loss: 0.7144
 28,  0 | TrAcc: 0.6485, TrLoss:  1.15783, VaAcc: 0.6568, VaLoss:  1.12158	 MAP NN | Acc: 0.8108 | Loss: 0.7120
 29,  0 | TrAcc: 0.6647, TrLoss:  1.12318, VaAcc: 0.6716, VaLoss:  1.06791	 MAP NN | Acc: 0.8120 | Loss: 0.6876
 30,  0 | TrAcc: 0.6859, TrLoss:  1.04383, VaAcc: 0.6760, VaLoss:  1.07124	 MAP NN | Acc: 0.8260 | Loss: 0.6702
 31,  0 | TrAcc: 0.6228, TrLoss:  1.21723, VaAcc: 0.6920, VaLoss:  1.02593	 MAP NN | Acc: 0.8308 | Loss: 0.6627
 32,  0 | TrAcc: 0.6876, TrLoss:  1.05783, VaAcc: 0.7116, VaLoss:  0.97289	 MAP NN | Acc: 0.8140 | Loss: 0.6873
 33,  0 | TrAcc: 0.6741, TrLoss:  1.07916, VaAcc: 0.7268, VaLoss:  0.92706	 MAP NN | Acc: 0.8160 | Loss: 0.7123
 34,  0 | TrAcc: 0.7039, TrLoss:  1.01671, VaAcc: 0.6784, VaLoss:  1.04260	 MAP NN | Acc: 0.8220 | Loss: 0.6908
 35,  0 | TrAcc: 0.7015, TrLoss:  1.02386, VaAcc: 0.7416, VaLoss:  0.91835	 MAP NN | Acc: 0.8240 | Loss: 0.7096
 36,  0 | TrAcc: 0.7009, TrLoss:  0.97380, VaAcc: 0.6792, VaLoss:  1.04956	 MAP NN | Acc: 0.8116 | Loss: 0.7487
 37,  0 | TrAcc: 0.7146, TrLoss:  0.97923, VaAcc: 0.7264, VaLoss:  0.94517	 MAP NN | Acc: 0.8244 | Loss: 0.7000
 38,  0 | TrAcc: 0.6817, TrLoss:  1.01876, VaAcc: 0.7092, VaLoss:  0.98102	 MAP NN | Acc: 0.8248 | Loss: 0.6815
 39,  0 | TrAcc: 0.7294, TrLoss:  0.90710, VaAcc: 0.7372, VaLoss:  0.91525	 MAP NN | Acc: 0.8188 | Loss: 0.6724
 40,  0 | TrAcc: 0.7306, TrLoss:  0.88820, VaAcc: 0.7200, VaLoss:  0.96366	 MAP NN | Acc: 0.8168 | Loss: 0.6793
 41,  0 | TrAcc: 0.7313, TrLoss:  0.89441, VaAcc: 0.7320, VaLoss:  0.89776	 MAP NN | Acc: 0.8188 | Loss: 0.6828
 42,  0 | TrAcc: 0.7541, TrLoss:  0.84626, VaAcc: 0.7152, VaLoss:  0.92854	 MAP NN | Acc: 0.8248 | Loss: 0.6888
 43,  0 | TrAcc: 0.7485, TrLoss:  0.88621, VaAcc: 0.7660, VaLoss:  0.82646	 MAP NN | Acc: 0.8328 | Loss: 0.6562
 44,  0 | TrAcc: 0.7456, TrLoss:  0.87288, VaAcc: 0.7360, VaLoss:  0.88571	 MAP NN | Acc: 0.8088 | Loss: 0.7048
 45,  0 | TrAcc: 0.7633, TrLoss:  0.81907, VaAcc: 0.7396, VaLoss:  0.87053	 MAP NN | Acc: 0.7988 | Loss: 0.7818
 46,  0 | TrAcc: 0.7540, TrLoss:  0.86063, VaAcc: 0.7900, VaLoss:  0.77480	 MAP NN | Acc: 0.8288 | Loss: 0.6649
 47,  0 | TrAcc: 0.7306, TrLoss:  0.91049, VaAcc: 0.7484, VaLoss:  0.87038	 MAP NN | Acc: 0.8300 | Loss: 0.6647
 48,  0 | TrAcc: 0.7571, TrLoss:  0.82196, VaAcc: 0.7516, VaLoss:  0.88809	 MAP NN | Acc: 0.8100 | Loss: 0.7016
 49,  0 | TrAcc: 0.7539, TrLoss:  0.86292, VaAcc: 0.7920, VaLoss:  0.73814	 MAP NN | Acc: 0.8108 | Loss: 0.6940
 50,  0 | TrAcc: 0.7462, TrLoss:  0.87130, VaAcc: 0.7724, VaLoss:  0.78134	 MAP NN | Acc: 0.7948 | Loss: 0.6961
 51,  0 | TrAcc: 0.7423, TrLoss:  0.87032, VaAcc: 0.7924, VaLoss:  0.73240	 MAP NN | Acc: 0.7828 | Loss: 0.7338
 52,  0 | TrAcc: 0.7637, TrLoss:  0.83968, VaAcc: 0.7588, VaLoss:  0.81175	 MAP NN | Acc: 0.7948 | Loss: 0.7418
 53,  0 | TrAcc: 0.7574, TrLoss:  0.85235, VaAcc: 0.7512, VaLoss:  0.89170	 MAP NN | Acc: 0.8008 | Loss: 0.7290
 54,  0 | TrAcc: 0.7732, TrLoss:  0.79086, VaAcc: 0.7760, VaLoss:  0.77238	 MAP NN | Acc: 0.7968 | Loss: 0.7279
 55,  0 | TrAcc: 0.7788, TrLoss:  0.75268, VaAcc: 0.7828, VaLoss:  0.74009	 MAP NN | Acc: 0.8068 | Loss: 0.7032
 56,  0 | TrAcc: 0.7778, TrLoss:  0.77072, VaAcc: 0.7688, VaLoss:  0.78434	 MAP NN | Acc: 0.8040 | Loss: 0.7169
 57,  0 | TrAcc: 0.7746, TrLoss:  0.78617, VaAcc: 0.7888, VaLoss:  0.74989	 MAP NN | Acc: 0.8128 | Loss: 0.7113
 58,  0 | TrAcc: 0.7914, TrLoss:  0.71680, VaAcc: 0.8000, VaLoss:  0.67572	 MAP NN | Acc: 0.8120 | Loss: 0.6769
 59,  0 | TrAcc: 0.7957, TrLoss:  0.71574, VaAcc: 0.7848, VaLoss:  0.73689	 MAP NN | Acc: 0.8220 | Loss: 0.6403
 60,  0 | TrAcc: 0.7895, TrLoss:  0.74705, VaAcc: 0.7744, VaLoss:  0.76956	 MAP NN | Acc: 0.8280 | Loss: 0.6142
 61,  0 | TrAcc: 0.7862, TrLoss:  0.74151, VaAcc: 0.7888, VaLoss:  0.72118	 MAP NN | Acc: 0.8260 | Loss: 0.5818
 62,  0 | TrAcc: 0.7965, TrLoss:  0.72559, VaAcc: 0.7868, VaLoss:  0.72228	 MAP NN | Acc: 0.8360 | Loss: 0.5767
 63,  0 | TrAcc: 0.7626, TrLoss:  0.82271, VaAcc: 0.8152, VaLoss:  0.67901	 MAP NN | Acc: 0.8440 | Loss: 0.5869
 64,  0 | TrAcc: 0.8002, TrLoss:  0.69559, VaAcc: 0.7860, VaLoss:  0.75282	 MAP NN | Acc: 0.8300 | Loss: 0.5963
 65,  0 | TrAcc: 0.7978, TrLoss:  0.72863, VaAcc: 0.8248, VaLoss:  0.64587	 MAP NN | Acc: 0.8400 | Loss: 0.5777
 66,  0 | TrAcc: 0.7685, TrLoss:  0.75575, VaAcc: 0.7868, VaLoss:  0.73271	 MAP NN | Acc: 0.8580 | Loss: 0.5554
 67,  0 | TrAcc: 0.8072, TrLoss:  0.65907, VaAcc: 0.7840, VaLoss:  0.74290	 MAP NN | Acc: 0.8600 | Loss: 0.5485
 68,  0 | TrAcc: 0.8154, TrLoss:  0.65333, VaAcc: 0.8112, VaLoss:  0.66637	 MAP NN | Acc: 0.8540 | Loss: 0.5569
 69,  0 | TrAcc: 0.7839, TrLoss:  0.74058, VaAcc: 0.8060, VaLoss:  0.70518	 MAP NN | Acc: 0.8380 | Loss: 0.5879
 70,  0 | TrAcc: 0.8090, TrLoss:  0.68583, VaAcc: 0.8288, VaLoss:  0.61570	 MAP NN | Acc: 0.8540 | Loss: 0.5702
 71,  0 | TrAcc: 0.8098, TrLoss:  0.67549, VaAcc: 0.7980, VaLoss:  0.71163	 MAP NN | Acc: 0.8400 | Loss: 0.5640
 72,  0 | TrAcc: 0.8288, TrLoss:  0.59492, VaAcc: 0.7900, VaLoss:  0.70013	 MAP NN | Acc: 0.8500 | Loss: 0.5536
 73,  0 | TrAcc: 0.8323, TrLoss:  0.61466, VaAcc: 0.8232, VaLoss:  0.64045	 MAP NN | Acc: 0.8420 | Loss: 0.5571
 74,  0 | TrAcc: 0.8296, TrLoss:  0.62221, VaAcc: 0.8212, VaLoss:  0.63340	 MAP NN | Acc: 0.8420 | Loss: 0.5700
 75,  0 | TrAcc: 0.8100, TrLoss:  0.66388, VaAcc: 0.7848, VaLoss:  0.71811	 MAP NN | Acc: 0.8440 | Loss: 0.5661
 76,  0 | TrAcc: 0.8010, TrLoss:  0.69333, VaAcc: 0.8168, VaLoss:  0.64456	 MAP NN | Acc: 0.8400 | Loss: 0.5641
 77,  0 | TrAcc: 0.8023, TrLoss:  0.69350, VaAcc: 0.7940, VaLoss:  0.70959	 MAP NN | Acc: 0.8460 | Loss: 0.5553
 78,  0 | TrAcc: 0.8083, TrLoss:  0.64967, VaAcc: 0.8364, VaLoss:  0.59235	 MAP NN | Acc: 0.8520 | Loss: 0.5402
 79,  0 | TrAcc: 0.8309, TrLoss:  0.62046, VaAcc: 0.8332, VaLoss:  0.58737	 MAP NN | Acc: 0.8580 | Loss: 0.5328
 80,  0 | TrAcc: 0.8372, TrLoss:  0.58895, VaAcc: 0.8188, VaLoss:  0.65568	 MAP NN | Acc: 0.8600 | Loss: 0.5234
 81,  0 | TrAcc: 0.8390, TrLoss:  0.56806, VaAcc: 0.8228, VaLoss:  0.59788	 MAP NN | Acc: 0.8660 | Loss: 0.5075
 82,  0 | TrAcc: 0.8326, TrLoss:  0.60623, VaAcc: 0.8200, VaLoss:  0.61175	 MAP NN | Acc: 0.8680 | Loss: 0.5024
 83,  0 | TrAcc: 0.8238, TrLoss:  0.61641, VaAcc: 0.8264, VaLoss:  0.61270	 MAP NN | Acc: 0.8560 | Loss: 0.5088
 84,  0 | TrAcc: 0.8303, TrLoss:  0.60986, VaAcc: 0.8336, VaLoss:  0.58448	 MAP NN | Acc: 0.8600 | Loss: 0.5029
 85,  0 | TrAcc: 0.8202, TrLoss:  0.60675, VaAcc: 0.8324, VaLoss:  0.61759	 MAP NN | Acc: 0.8660 | Loss: 0.5189
 86,  0 | TrAcc: 0.8366, TrLoss:  0.57383, VaAcc: 0.8108, VaLoss:  0.63671	 MAP NN | Acc: 0.8720 | Loss: 0.5225
 87,  0 | TrAcc: 0.8271, TrLoss:  0.61074, VaAcc: 0.8164, VaLoss:  0.65402	 MAP NN | Acc: 0.8620 | Loss: 0.5375
 88,  0 | TrAcc: 0.8375, TrLoss:  0.57124, VaAcc: 0.8072, VaLoss:  0.65169	 MAP NN | Acc: 0.8520 | Loss: 0.5619
 89,  0 | TrAcc: 0.8296, TrLoss:  0.60693, VaAcc: 0.8088, VaLoss:  0.65683	 MAP NN | Acc: 0.8600 | Loss: 0.5331
 90,  0 | TrAcc: 0.8215, TrLoss:  0.61025, VaAcc: 0.8220, VaLoss:  0.61481	 MAP NN | Acc: 0.8620 | Loss: 0.5173
 91,  0 | TrAcc: 0.8191, TrLoss:  0.63403, VaAcc: 0.8368, VaLoss:  0.56950	 MAP NN | Acc: 0.8640 | Loss: 0.4927
 92,  0 | TrAcc: 0.8216, TrLoss:  0.61199, VaAcc: 0.8460, VaLoss:  0.55841	 MAP NN | Acc: 0.8660 | Loss: 0.4772
 93,  0 | TrAcc: 0.8337, TrLoss:  0.58978, VaAcc: 0.7896, VaLoss:  0.66659	 MAP NN | Acc: 0.8700 | Loss: 0.4732
 94,  0 | TrAcc: 0.8319, TrLoss:  0.60833, VaAcc: 0.8172, VaLoss:  0.59099	 MAP NN | Acc: 0.8720 | Loss: 0.4644
 95,  0 | TrAcc: 0.8445, TrLoss:  0.58031, VaAcc: 0.8452, VaLoss:  0.55156	 MAP NN | Acc: 0.8780 | Loss: 0.4598
 96,  0 | TrAcc: 0.8384, TrLoss:  0.56824, VaAcc: 0.8376, VaLoss:  0.58959	 MAP NN | Acc: 0.8760 | Loss: 0.4730
 97,  0 | TrAcc: 0.8260, TrLoss:  0.60350, VaAcc: 0.8212, VaLoss:  0.61402	 MAP NN | Acc: 0.8680 | Loss: 0.4708
 98,  0 | TrAcc: 0.8291, TrLoss:  0.58528, VaAcc: 0.8420, VaLoss:  0.55116	 MAP NN | Acc: 0.8760 | Loss: 0.4681
 99,  0 | TrAcc: 0.8432, TrLoss:  0.55390, VaAcc: 0.8420, VaLoss:  0.55216	 MAP NN | Acc: 0.8740 | Loss: 0.4715
100,  0 | TrAcc: 0.8438, TrLoss:  0.54758, VaAcc: 0.8308, VaLoss:  0.57410	 MAP NN | Acc: 0.8800 | Loss: 0.4490
101,  0 | TrAcc: 0.8280, TrLoss:  0.59382, VaAcc: 0.8528, VaLoss:  0.53289	 MAP NN | Acc: 0.8840 | Loss: 0.4340
102,  0 | TrAcc: 0.8412, TrLoss:  0.53881, VaAcc: 0.8388, VaLoss:  0.57107	 MAP NN | Acc: 0.8880 | Loss: 0.4313
103,  0 | TrAcc: 0.8545, TrLoss:  0.51848, VaAcc: 0.8316, VaLoss:  0.58810	 MAP NN | Acc: 0.8820 | Loss: 0.4355
104,  0 | TrAcc: 0.8469, TrLoss:  0.53791, VaAcc: 0.8380, VaLoss:  0.53942	 MAP NN | Acc: 0.8800 | Loss: 0.4442
105,  0 | TrAcc: 0.8484, TrLoss:  0.55493, VaAcc: 0.8588, VaLoss:  0.50118	 MAP NN | Acc: 0.8900 | Loss: 0.4259
106,  0 | TrAcc: 0.8514, TrLoss:  0.53996, VaAcc: 0.8500, VaLoss:  0.54381	 MAP NN | Acc: 0.8900 | Loss: 0.4447
107,  0 | TrAcc: 0.8483, TrLoss:  0.52332, VaAcc: 0.8360, VaLoss:  0.56656	 MAP NN | Acc: 0.8780 | Loss: 0.4716
108,  0 | TrAcc: 0.8461, TrLoss:  0.53680, VaAcc: 0.8380, VaLoss:  0.56018	 MAP NN | Acc: 0.8800 | Loss: 0.4702
109,  0 | TrAcc: 0.8516, TrLoss:  0.53375, VaAcc: 0.8348, VaLoss:  0.60952	 MAP NN | Acc: 0.8840 | Loss: 0.4637
110,  0 | TrAcc: 0.8422, TrLoss:  0.54655, VaAcc: 0.8496, VaLoss:  0.52931	 MAP NN | Acc: 0.8800 | Loss: 0.4596
111,  0 | TrAcc: 0.8460, TrLoss:  0.52315, VaAcc: 0.8712, VaLoss:  0.47980	 MAP NN | Acc: 0.8820 | Loss: 0.4435
112,  0 | TrAcc: 0.8534, TrLoss:  0.50365, VaAcc: 0.8604, VaLoss:  0.51592	 MAP NN | Acc: 0.8840 | Loss: 0.4336
113,  0 | TrAcc: 0.8392, TrLoss:  0.57209, VaAcc: 0.8552, VaLoss:  0.50614	 MAP NN | Acc: 0.8840 | Loss: 0.4317
114,  0 | TrAcc: 0.8399, TrLoss:  0.53299, VaAcc: 0.8532, VaLoss:  0.52648	 MAP NN | Acc: 0.8780 | Loss: 0.4412
115,  0 | TrAcc: 0.8639, TrLoss:  0.48696, VaAcc: 0.8504, VaLoss:  0.51735	 MAP NN | Acc: 0.8800 | Loss: 0.4506
116,  0 | TrAcc: 0.8596, TrLoss:  0.48762, VaAcc: 0.8588, VaLoss:  0.48932	 MAP NN | Acc: 0.8800 | Loss: 0.4641
117,  0 | TrAcc: 0.8489, TrLoss:  0.51485, VaAcc: 0.8636, VaLoss:  0.49224	 MAP NN | Acc: 0.8720 | Loss: 0.4574
118,  0 | TrAcc: 0.8619, TrLoss:  0.49165, VaAcc: 0.8596, VaLoss:  0.50014	 MAP NN | Acc: 0.8820 | Loss: 0.4326
119,  0 | TrAcc: 0.8662, TrLoss:  0.46701, VaAcc: 0.8580, VaLoss:  0.50517	 MAP NN | Acc: 0.8820 | Loss: 0.4217
120,  0 | TrAcc: 0.8497, TrLoss:  0.51956, VaAcc: 0.8484, VaLoss:  0.50951	 MAP NN | Acc: 0.8900 | Loss: 0.3994
121,  0 | TrAcc: 0.8620, TrLoss:  0.50226, VaAcc: 0.8508, VaLoss:  0.53555	 MAP NN | Acc: 0.8940 | Loss: 0.3874
122,  0 | TrAcc: 0.8539, TrLoss:  0.50496, VaAcc: 0.8600, VaLoss:  0.49164	 MAP NN | Acc: 0.8980 | Loss: 0.3745
123,  0 | TrAcc: 0.8598, TrLoss:  0.47811, VaAcc: 0.8760, VaLoss:  0.46648	 MAP NN | Acc: 0.8940 | Loss: 0.3904
124,  0 | TrAcc: 0.8607, TrLoss:  0.48743, VaAcc: 0.8608, VaLoss:  0.49248	 MAP NN | Acc: 0.8960 | Loss: 0.3807
125,  0 | TrAcc: 0.8488, TrLoss:  0.51838, VaAcc: 0.8620, VaLoss:  0.48867	 MAP NN | Acc: 0.8940 | Loss: 0.3888
126,  0 | TrAcc: 0.8587, TrLoss:  0.49347, VaAcc: 0.8632, VaLoss:  0.50220	 MAP NN | Acc: 0.8860 | Loss: 0.3920
127,  0 | TrAcc: 0.8625, TrLoss:  0.48470, VaAcc: 0.8604, VaLoss:  0.48476	 MAP NN | Acc: 0.8920 | Loss: 0.3873
128,  0 | TrAcc: 0.8500, TrLoss:  0.52742, VaAcc: 0.8684, VaLoss:  0.46965	 MAP NN | Acc: 0.9020 | Loss: 0.3865
129,  0 | TrAcc: 0.8761, TrLoss:  0.43403, VaAcc: 0.8564, VaLoss:  0.51151	 MAP NN | Acc: 0.8960 | Loss: 0.4066
130,  0 | TrAcc: 0.8524, TrLoss:  0.53779, VaAcc: 0.8584, VaLoss:  0.50639	 MAP NN | Acc: 0.8960 | Loss: 0.4095
131,  0 | TrAcc: 0.8494, TrLoss:  0.52032, VaAcc: 0.8576, VaLoss:  0.49684	 MAP NN | Acc: 0.8880 | Loss: 0.4074
132,  0 | TrAcc: 0.8815, TrLoss:  0.42933, VaAcc: 0.8576, VaLoss:  0.48723	 MAP NN | Acc: 0.8920 | Loss: 0.3983
133,  0 | TrAcc: 0.8773, TrLoss:  0.41632, VaAcc: 0.8696, VaLoss:  0.46742	 MAP NN | Acc: 0.8900 | Loss: 0.3884
134,  0 | TrAcc: 0.8510, TrLoss:  0.51657, VaAcc: 0.8696, VaLoss:  0.45375	 MAP NN | Acc: 0.8900 | Loss: 0.3879
135,  0 | TrAcc: 0.8655, TrLoss:  0.50210, VaAcc: 0.8724, VaLoss:  0.44420	 MAP NN | Acc: 0.8960 | Loss: 0.3929
136,  0 | TrAcc: 0.8444, TrLoss:  0.52534, VaAcc: 0.8520, VaLoss:  0.50041	 MAP NN | Acc: 0.8960 | Loss: 0.3967
137,  0 | TrAcc: 0.8632, TrLoss:  0.48573, VaAcc: 0.8832, VaLoss:  0.43222	 MAP NN | Acc: 0.9000 | Loss: 0.3809
138,  0 | TrAcc: 0.8522, TrLoss:  0.52193, VaAcc: 0.8704, VaLoss:  0.45017	 MAP NN | Acc: 0.8980 | Loss: 0.3784
139,  0 | TrAcc: 0.8666, TrLoss:  0.47380, VaAcc: 0.8812, VaLoss:  0.43380	 MAP NN | Acc: 0.8968 | Loss: 0.3761
140,  0 | TrAcc: 0.8852, TrLoss:  0.41462, VaAcc: 0.8816, VaLoss:  0.42797	 MAP NN | Acc: 0.9020 | Loss: 0.3715
141,  0 | TrAcc: 0.8750, TrLoss:  0.44419, VaAcc: 0.8696, VaLoss:  0.44599	 MAP NN | Acc: 0.9020 | Loss: 0.3761
142,  0 | TrAcc: 0.8716, TrLoss:  0.45134, VaAcc: 0.8612, VaLoss:  0.47493	 MAP NN | Acc: 0.9040 | Loss: 0.3628
143,  0 | TrAcc: 0.8713, TrLoss:  0.45561, VaAcc: 0.8752, VaLoss:  0.44279	 MAP NN | Acc: 0.9060 | Loss: 0.3540
144,  0 | TrAcc: 0.8626, TrLoss:  0.47800, VaAcc: 0.8636, VaLoss:  0.48601	 MAP NN | Acc: 0.9060 | Loss: 0.3487
145,  0 | TrAcc: 0.8639, TrLoss:  0.46795, VaAcc: 0.8544, VaLoss:  0.51427	 MAP NN | Acc: 0.9040 | Loss: 0.3523
146,  0 | TrAcc: 0.8805, TrLoss:  0.41695, VaAcc: 0.8732, VaLoss:  0.44793	 MAP NN | Acc: 0.8980 | Loss: 0.3608
147,  0 | TrAcc: 0.8781, TrLoss:  0.43987, VaAcc: 0.8716, VaLoss:  0.47025	 MAP NN | Acc: 0.9000 | Loss: 0.3644
148,  0 | TrAcc: 0.8858, TrLoss:  0.41152, VaAcc: 0.8716, VaLoss:  0.45760	 MAP NN | Acc: 0.9040 | Loss: 0.3656
149,  0 | TrAcc: 0.8800, TrLoss:  0.41797, VaAcc: 0.8716, VaLoss:  0.43755	 MAP NN | Acc: 0.9020 | Loss: 0.3587
150,  0 | TrAcc: 0.8878, TrLoss:  0.40383, VaAcc: 0.8528, VaLoss:  0.50054	 MAP NN | Acc: 0.9060 | Loss: 0.3504
151,  0 | TrAcc: 0.8546, TrLoss:  0.50762, VaAcc: 0.8640, VaLoss:  0.46468	 MAP NN | Acc: 0.9020 | Loss: 0.3494
152,  0 | TrAcc: 0.8914, TrLoss:  0.39259, VaAcc: 0.8804, VaLoss:  0.43957	 MAP NN | Acc: 0.9060 | Loss: 0.3374
153,  0 | TrAcc: 0.8843, TrLoss:  0.40607, VaAcc: 0.8624, VaLoss:  0.45453	 MAP NN | Acc: 0.9060 | Loss: 0.3402
154,  0 | TrAcc: 0.8882, TrLoss:  0.37579, VaAcc: 0.8608, VaLoss:  0.49105	 MAP NN | Acc: 0.9020 | Loss: 0.3442
155,  0 | TrAcc: 0.8708, TrLoss:  0.43550, VaAcc: 0.8804, VaLoss:  0.43351	 MAP NN | Acc: 0.9040 | Loss: 0.3353
156,  0 | TrAcc: 0.8862, TrLoss:  0.39698, VaAcc: 0.8660, VaLoss:  0.44968	 MAP NN | Acc: 0.9020 | Loss: 0.3399
157,  0 | TrAcc: 0.8874, TrLoss:  0.39389, VaAcc: 0.8640, VaLoss:  0.46065	 MAP NN | Acc: 0.9020 | Loss: 0.3318
158,  0 | TrAcc: 0.8696, TrLoss:  0.44343, VaAcc: 0.8688, VaLoss:  0.45516	 MAP NN | Acc: 0.9040 | Loss: 0.3397
159,  0 | TrAcc: 0.8755, TrLoss:  0.43442, VaAcc: 0.8684, VaLoss:  0.45078	 MAP NN | Acc: 0.9020 | Loss: 0.3443
160,  0 | TrAcc: 0.8812, TrLoss:  0.41085, VaAcc: 0.8800, VaLoss:  0.41016	 MAP NN | Acc: 0.8980 | Loss: 0.3472
161,  0 | TrAcc: 0.8684, TrLoss:  0.44801, VaAcc: 0.8776, VaLoss:  0.41670	 MAP NN | Acc: 0.9020 | Loss: 0.3508
162,  0 | TrAcc: 0.8892, TrLoss:  0.39723, VaAcc: 0.8652, VaLoss:  0.47235	 MAP NN | Acc: 0.9000 | Loss: 0.3446
163,  0 | TrAcc: 0.8658, TrLoss:  0.44663, VaAcc: 0.8708, VaLoss:  0.45037	 MAP NN | Acc: 0.9020 | Loss: 0.3446
164,  0 | TrAcc: 0.8737, TrLoss:  0.44361, VaAcc: 0.8780, VaLoss:  0.43260	 MAP NN | Acc: 0.9080 | Loss: 0.3383
165,  0 | TrAcc: 0.8798, TrLoss:  0.42333, VaAcc: 0.8852, VaLoss:  0.41259	 MAP NN | Acc: 0.9100 | Loss: 0.3398
166,  0 | TrAcc: 0.8844, TrLoss:  0.40985, VaAcc: 0.8848, VaLoss:  0.41001	 MAP NN | Acc: 0.9100 | Loss: 0.3394
167,  0 | TrAcc: 0.8914, TrLoss:  0.37683, VaAcc: 0.8676, VaLoss:  0.45574	 MAP NN | Acc: 0.9040 | Loss: 0.3433
168,  0 | TrAcc: 0.8875, TrLoss:  0.37497, VaAcc: 0.8804, VaLoss:  0.41810	 MAP NN | Acc: 0.9060 | Loss: 0.3419
169,  0 | TrAcc: 0.8788, TrLoss:  0.43603, VaAcc: 0.8888, VaLoss:  0.38341	 MAP NN | Acc: 0.9060 | Loss: 0.3362
170,  0 | TrAcc: 0.8819, TrLoss:  0.42251, VaAcc: 0.8896, VaLoss:  0.37245	 MAP NN | Acc: 0.9100 | Loss: 0.3367
171,  0 | TrAcc: 0.8915, TrLoss:  0.38261, VaAcc: 0.8652, VaLoss:  0.44436	 MAP NN | Acc: 0.9140 | Loss: 0.3279
172,  0 | TrAcc: 0.8821, TrLoss:  0.41016, VaAcc: 0.8788, VaLoss:  0.39536	 MAP NN | Acc: 0.9100 | Loss: 0.3298
173,  0 | TrAcc: 0.8711, TrLoss:  0.44225, VaAcc: 0.8760, VaLoss:  0.41942	 MAP NN | Acc: 0.9080 | Loss: 0.3360
174,  0 | TrAcc: 0.8670, TrLoss:  0.45096, VaAcc: 0.8760, VaLoss:  0.43125	 MAP NN | Acc: 0.9060 | Loss: 0.3463
175,  0 | TrAcc: 0.8816, TrLoss:  0.40476, VaAcc: 0.8876, VaLoss:  0.41706	 MAP NN | Acc: 0.9080 | Loss: 0.3371
176,  0 | TrAcc: 0.8927, TrLoss:  0.38051, VaAcc: 0.8956, VaLoss:  0.36928	 MAP NN | Acc: 0.9060 | Loss: 0.3413
177,  0 | TrAcc: 0.8978, TrLoss:  0.37274, VaAcc: 0.8744, VaLoss:  0.42616	 MAP NN | Acc: 0.9060 | Loss: 0.3362
178,  0 | TrAcc: 0.8817, TrLoss:  0.39757, VaAcc: 0.8836, VaLoss:  0.42268	 MAP NN | Acc: 0.9080 | Loss: 0.3370
179,  0 | TrAcc: 0.8875, TrLoss:  0.38845, VaAcc: 0.8868, VaLoss:  0.39418	 MAP NN | Acc: 0.9080 | Loss: 0.3252
180,  0 | TrAcc: 0.8804, TrLoss:  0.42614, VaAcc: 0.8680, VaLoss:  0.44326	 MAP NN | Acc: 0.9080 | Loss: 0.3236
181,  0 | TrAcc: 0.8842, TrLoss:  0.41095, VaAcc: 0.8908, VaLoss:  0.38155	 MAP NN | Acc: 0.9080 | Loss: 0.3239
182,  0 | TrAcc: 0.8793, TrLoss:  0.41898, VaAcc: 0.8856, VaLoss:  0.38848	 MAP NN | Acc: 0.9080 | Loss: 0.3270
183,  0 | TrAcc: 0.8749, TrLoss:  0.42231, VaAcc: 0.8816, VaLoss:  0.41140	 MAP NN | Acc: 0.9060 | Loss: 0.3205
184,  0 | TrAcc: 0.8759, TrLoss:  0.42689, VaAcc: 0.8768, VaLoss:  0.41107	 MAP NN | Acc: 0.9100 | Loss: 0.3252
185,  0 | TrAcc: 0.8967, TrLoss:  0.36227, VaAcc: 0.8860, VaLoss:  0.40164	 MAP NN | Acc: 0.9140 | Loss: 0.3301
186,  0 | TrAcc: 0.8914, TrLoss:  0.39340, VaAcc: 0.8896, VaLoss:  0.39661	 MAP NN | Acc: 0.9140 | Loss: 0.3333
187,  0 | TrAcc: 0.8966, TrLoss:  0.36683, VaAcc: 0.8900, VaLoss:  0.38194	 MAP NN | Acc: 0.9100 | Loss: 0.3313
188,  0 | TrAcc: 0.8840, TrLoss:  0.39280, VaAcc: 0.8836, VaLoss:  0.39922	 MAP NN | Acc: 0.9060 | Loss: 0.3235
189,  0 | TrAcc: 0.8860, TrLoss:  0.39208, VaAcc: 0.8656, VaLoss:  0.45213	 MAP NN | Acc: 0.9100 | Loss: 0.3205
190,  0 | TrAcc: 0.8921, TrLoss:  0.36596, VaAcc: 0.8944, VaLoss:  0.37530	 MAP NN | Acc: 0.9080 | Loss: 0.3195
191,  0 | TrAcc: 0.8960, TrLoss:  0.35584, VaAcc: 0.8816, VaLoss:  0.40351	 MAP NN | Acc: 0.9060 | Loss: 0.3234
192,  0 | TrAcc: 0.8805, TrLoss:  0.40138, VaAcc: 0.8872, VaLoss:  0.37606	 MAP NN | Acc: 0.9060 | Loss: 0.3298
193,  0 | TrAcc: 0.8840, TrLoss:  0.40366, VaAcc: 0.8964, VaLoss:  0.38414	 MAP NN | Acc: 0.9100 | Loss: 0.3141
194,  0 | TrAcc: 0.8974, TrLoss:  0.36435, VaAcc: 0.8816, VaLoss:  0.41927	 MAP NN | Acc: 0.9100 | Loss: 0.3080
195,  0 | TrAcc: 0.8920, TrLoss:  0.36347, VaAcc: 0.8876, VaLoss:  0.39744	 MAP NN | Acc: 0.9080 | Loss: 0.3075
196,  0 | TrAcc: 0.8876, TrLoss:  0.39014, VaAcc: 0.8888, VaLoss:  0.38287	 MAP NN | Acc: 0.9100 | Loss: 0.3040
197,  0 | TrAcc: 0.8799, TrLoss:  0.41456, VaAcc: 0.8944, VaLoss:  0.37147	 MAP NN | Acc: 0.9120 | Loss: 0.3005
198,  0 | TrAcc: 0.8928, TrLoss:  0.37776, VaAcc: 0.8824, VaLoss:  0.39885	 MAP NN | Acc: 0.9120 | Loss: 0.2915
199,  0 | TrAcc: 0.8949, TrLoss:  0.35786, VaAcc: 0.8932, VaLoss:  0.38129	 MAP NN | Acc: 0.9100 | Loss: 0.2894
200,  0 | TrAcc: 0.9077, TrLoss:  0.32553, VaAcc: 0.8864, VaLoss:  0.37452	 MAP NN | Acc: 0.9100 | Loss: 0.2961
201,  0 | TrAcc: 0.9009, TrLoss:  0.33297, VaAcc: 0.9032, VaLoss:  0.34169	 MAP NN | Acc: 0.9100 | Loss: 0.2945
202,  0 | TrAcc: 0.8778, TrLoss:  0.41387, VaAcc: 0.8916, VaLoss:  0.37081	 MAP NN | Acc: 0.9100 | Loss: 0.3004
203,  0 | TrAcc: 0.9069, TrLoss:  0.31698, VaAcc: 0.8772, VaLoss:  0.43439	 MAP NN | Acc: 0.9080 | Loss: 0.3047
204,  0 | TrAcc: 0.8978, TrLoss:  0.36841, VaAcc: 0.9004, VaLoss:  0.35753	 MAP NN | Acc: 0.9080 | Loss: 0.3175
205,  0 | TrAcc: 0.8912, TrLoss:  0.36848, VaAcc: 0.8700, VaLoss:  0.44031	 MAP NN | Acc: 0.9000 | Loss: 0.3317
206,  0 | TrAcc: 0.8927, TrLoss:  0.35924, VaAcc: 0.8884, VaLoss:  0.38158	 MAP NN | Acc: 0.9080 | Loss: 0.3201
207,  0 | TrAcc: 0.8827, TrLoss:  0.40012, VaAcc: 0.8984, VaLoss:  0.35845	 MAP NN | Acc: 0.9080 | Loss: 0.3087
208,  0 | TrAcc: 0.8882, TrLoss:  0.36468, VaAcc: 0.8992, VaLoss:  0.34785	 MAP NN | Acc: 0.9100 | Loss: 0.3046
209,  0 | TrAcc: 0.9104, TrLoss:  0.31680, VaAcc: 0.8980, VaLoss:  0.35744	 MAP NN | Acc: 0.9120 | Loss: 0.2966
210,  0 | TrAcc: 0.8914, TrLoss:  0.36996, VaAcc: 0.8884, VaLoss:  0.38787	 MAP NN | Acc: 0.9140 | Loss: 0.2921
211,  0 | TrAcc: 0.9106, TrLoss:  0.30700, VaAcc: 0.8956, VaLoss:  0.36121	 MAP NN | Acc: 0.9160 | Loss: 0.2973
212,  0 | TrAcc: 0.8848, TrLoss:  0.40142, VaAcc: 0.9004, VaLoss:  0.34298	 MAP NN | Acc: 0.9220 | Loss: 0.2885
213,  0 | TrAcc: 0.8915, TrLoss:  0.37144, VaAcc: 0.8900, VaLoss:  0.38177	 MAP NN | Acc: 0.9180 | Loss: 0.2870
214,  0 | TrAcc: 0.8865, TrLoss:  0.39250, VaAcc: 0.8940, VaLoss:  0.35703	 MAP NN | Acc: 0.9140 | Loss: 0.2994
215,  0 | TrAcc: 0.9005, TrLoss:  0.34668, VaAcc: 0.9104, VaLoss:  0.32136	 MAP NN | Acc: 0.9140 | Loss: 0.2997
216,  0 | TrAcc: 0.8860, TrLoss:  0.38678, VaAcc: 0.8900, VaLoss:  0.39428	 MAP NN | Acc: 0.9080 | Loss: 0.3086
217,  0 | TrAcc: 0.8963, TrLoss:  0.35226, VaAcc: 0.8948, VaLoss:  0.34457	 MAP NN | Acc: 0.9100 | Loss: 0.3097
218,  0 | TrAcc: 0.9076, TrLoss:  0.32090, VaAcc: 0.8944, VaLoss:  0.37367	 MAP NN | Acc: 0.9100 | Loss: 0.3148
219,  0 | TrAcc: 0.8950, TrLoss:  0.34869, VaAcc: 0.8984, VaLoss:  0.36095	 MAP NN | Acc: 0.9180 | Loss: 0.2975
220,  0 | TrAcc: 0.9093, TrLoss:  0.31214, VaAcc: 0.8872, VaLoss:  0.37185	 MAP NN | Acc: 0.9160 | Loss: 0.2971
221,  0 | TrAcc: 0.8799, TrLoss:  0.40675, VaAcc: 0.8952, VaLoss:  0.37053	 MAP NN | Acc: 0.9160 | Loss: 0.3016
222,  0 | TrAcc: 0.8993, TrLoss:  0.34348, VaAcc: 0.9060, VaLoss:  0.32961	 MAP NN | Acc: 0.9160 | Loss: 0.3056
223,  0 | TrAcc: 0.9054, TrLoss:  0.32456, VaAcc: 0.9052, VaLoss:  0.32794	 MAP NN | Acc: 0.9160 | Loss: 0.2957
224,  0 | TrAcc: 0.8802, TrLoss:  0.39680, VaAcc: 0.8960, VaLoss:  0.37118	 MAP NN | Acc: 0.9180 | Loss: 0.2969
225,  0 | TrAcc: 0.8826, TrLoss:  0.40747, VaAcc: 0.8972, VaLoss:  0.34392	 MAP NN | Acc: 0.9180 | Loss: 0.3019
226,  0 | TrAcc: 0.8961, TrLoss:  0.35017, VaAcc: 0.8896, VaLoss:  0.38969	 MAP NN | Acc: 0.9140 | Loss: 0.2974
227,  0 | TrAcc: 0.9025, TrLoss:  0.33060, VaAcc: 0.8984, VaLoss:  0.35574	 MAP NN | Acc: 0.9080 | Loss: 0.3030
228,  0 | TrAcc: 0.8956, TrLoss:  0.35079, VaAcc: 0.8944, VaLoss:  0.36467	 MAP NN | Acc: 0.9080 | Loss: 0.3026
229,  0 | TrAcc: 0.9099, TrLoss:  0.30586, VaAcc: 0.9056, VaLoss:  0.34182	 MAP NN | Acc: 0.9160 | Loss: 0.2871
230,  0 | TrAcc: 0.9054, TrLoss:  0.32926, VaAcc: 0.9096, VaLoss:  0.32515	 MAP NN | Acc: 0.9100 | Loss: 0.2968
231,  0 | TrAcc: 0.9020, TrLoss:  0.32309, VaAcc: 0.9040, VaLoss:  0.34044	 MAP NN | Acc: 0.9140 | Loss: 0.3045
232,  0 | TrAcc: 0.9065, TrLoss:  0.30644, VaAcc: 0.9012, VaLoss:  0.33448	 MAP NN | Acc: 0.9100 | Loss: 0.3135
233,  0 | TrAcc: 0.8927, TrLoss:  0.36408, VaAcc: 0.8916, VaLoss:  0.35684	 MAP NN | Acc: 0.9120 | Loss: 0.3118
234,  0 | TrAcc: 0.9016, TrLoss:  0.32555, VaAcc: 0.8824, VaLoss:  0.36901	 MAP NN | Acc: 0.9160 | Loss: 0.2885
235,  0 | TrAcc: 0.8874, TrLoss:  0.37001, VaAcc: 0.8980, VaLoss:  0.35952	 MAP NN | Acc: 0.9160 | Loss: 0.2845
236,  0 | TrAcc: 0.8918, TrLoss:  0.35524, VaAcc: 0.8920, VaLoss:  0.34126	 MAP NN | Acc: 0.9200 | Loss: 0.2674
237,  0 | TrAcc: 0.8948, TrLoss:  0.34466, VaAcc: 0.8992, VaLoss:  0.34050	 MAP NN | Acc: 0.9220 | Loss: 0.2816
238,  0 | TrAcc: 0.8882, TrLoss:  0.37242, VaAcc: 0.8956, VaLoss:  0.35001	 MAP NN | Acc: 0.9180 | Loss: 0.2969
239,  0 | TrAcc: 0.8974, TrLoss:  0.35299, VaAcc: 0.9068, VaLoss:  0.32237	 MAP NN | Acc: 0.9220 | Loss: 0.2935
240,  0 | TrAcc: 0.8989, TrLoss:  0.33256, VaAcc: 0.8936, VaLoss:  0.35965	 MAP NN | Acc: 0.9120 | Loss: 0.3002
241,  0 | TrAcc: 0.9113, TrLoss:  0.30899, VaAcc: 0.9000, VaLoss:  0.34864	 MAP NN | Acc: 0.9040 | Loss: 0.3167
242,  0 | TrAcc: 0.8944, TrLoss:  0.34902, VaAcc: 0.8984, VaLoss:  0.34891	 MAP NN | Acc: 0.8960 | Loss: 0.3271
243,  0 | TrAcc: 0.9161, TrLoss:  0.28639, VaAcc: 0.8936, VaLoss:  0.35272	 MAP NN | Acc: 0.8980 | Loss: 0.3144
244,  0 | TrAcc: 0.8979, TrLoss:  0.34688, VaAcc: 0.8952, VaLoss:  0.37691	 MAP NN | Acc: 0.9140 | Loss: 0.2953
245,  0 | TrAcc: 0.9042, TrLoss:  0.32898, VaAcc: 0.9052, VaLoss:  0.32318	 MAP NN | Acc: 0.9180 | Loss: 0.2807
246,  0 | TrAcc: 0.9098, TrLoss:  0.31039, VaAcc: 0.9076, VaLoss:  0.33080	 MAP NN | Acc: 0.9180 | Loss: 0.2769
247,  0 | TrAcc: 0.9006, TrLoss:  0.32491, VaAcc: 0.8932, VaLoss:  0.36887	 MAP NN | Acc: 0.9160 | Loss: 0.2804
248,  0 | TrAcc: 0.9074, TrLoss:  0.32658, VaAcc: 0.9072, VaLoss:  0.32227	 MAP NN | Acc: 0.9160 | Loss: 0.2891
249,  0 | TrAcc: 0.9031, TrLoss:  0.32221, VaAcc: 0.8924, VaLoss:  0.36815	 MAP NN | Acc: 0.9140 | Loss: 0.2900
250,  0 | TrAcc: 0.9112, TrLoss:  0.30566, VaAcc: 0.8964, VaLoss:  0.36585	 MAP NN | Acc: 0.9140 | Loss: 0.2887
251,  0 | TrAcc: 0.9067, TrLoss:  0.32090, VaAcc: 0.8944, VaLoss:  0.34558	 MAP NN | Acc: 0.9140 | Loss: 0.2794
252,  0 | TrAcc: 0.9046, TrLoss:  0.33926, VaAcc: 0.9024, VaLoss:  0.32956	 MAP NN | Acc: 0.9140 | Loss: 0.2818
253,  0 | TrAcc: 0.9068, TrLoss:  0.30302, VaAcc: 0.9004, VaLoss:  0.32833	 MAP NN | Acc: 0.9140 | Loss: 0.2765
254,  0 | TrAcc: 0.9140, TrLoss:  0.27924, VaAcc: 0.8964, VaLoss:  0.35390	 MAP NN | Acc: 0.9200 | Loss: 0.2757
255,  0 | TrAcc: 0.9025, TrLoss:  0.33065, VaAcc: 0.9068, VaLoss:  0.31805	 MAP NN | Acc: 0.9200 | Loss: 0.2739
256,  0 | TrAcc: 0.9033, TrLoss:  0.32336, VaAcc: 0.9020, VaLoss:  0.32897	 MAP NN | Acc: 0.9260 | Loss: 0.2754
257,  0 | TrAcc: 0.9077, TrLoss:  0.31212, VaAcc: 0.9008, VaLoss:  0.33580	 MAP NN | Acc: 0.9200 | Loss: 0.2749
258,  0 | TrAcc: 0.9137, TrLoss:  0.29473, VaAcc: 0.9068, VaLoss:  0.33221	 MAP NN | Acc: 0.9140 | Loss: 0.2813
259,  0 | TrAcc: 0.9062, TrLoss:  0.31595, VaAcc: 0.9020, VaLoss:  0.33924	 MAP NN | Acc: 0.9260 | Loss: 0.2778
260,  0 | TrAcc: 0.9187, TrLoss:  0.28140, VaAcc: 0.9112, VaLoss:  0.31443	 MAP NN | Acc: 0.9240 | Loss: 0.2731
261,  0 | TrAcc: 0.8971, TrLoss:  0.33455, VaAcc: 0.9004, VaLoss:  0.34072	 MAP NN | Acc: 0.9240 | Loss: 0.2676
262,  0 | TrAcc: 0.9012, TrLoss:  0.33896, VaAcc: 0.9104, VaLoss:  0.30383	 MAP NN | Acc: 0.9240 | Loss: 0.2676
263,  0 | TrAcc: 0.9036, TrLoss:  0.32840, VaAcc: 0.9096, VaLoss:  0.31572	 MAP NN | Acc: 0.9220 | Loss: 0.2840
264,  0 | TrAcc: 0.9095, TrLoss:  0.29890, VaAcc: 0.9084, VaLoss:  0.31016	 MAP NN | Acc: 0.9220 | Loss: 0.2737
265,  0 | TrAcc: 0.9014, TrLoss:  0.33579, VaAcc: 0.9092, VaLoss:  0.31407	 MAP NN | Acc: 0.9220 | Loss: 0.2699
266,  0 | TrAcc: 0.9129, TrLoss:  0.30095, VaAcc: 0.9036, VaLoss:  0.31772	 MAP NN | Acc: 0.9260 | Loss: 0.2649
267,  0 | TrAcc: 0.8973, TrLoss:  0.34979, VaAcc: 0.9108, VaLoss:  0.30879	 MAP NN | Acc: 0.9260 | Loss: 0.2563
268,  0 | TrAcc: 0.9089, TrLoss:  0.31408, VaAcc: 0.9024, VaLoss:  0.34018	 MAP NN | Acc: 0.9280 | Loss: 0.2609
269,  0 | TrAcc: 0.9168, TrLoss:  0.28616, VaAcc: 0.9020, VaLoss:  0.35025	 MAP NN | Acc: 0.9260 | Loss: 0.2756
270,  0 | TrAcc: 0.9090, TrLoss:  0.31702, VaAcc: 0.9028, VaLoss:  0.32446	 MAP NN | Acc: 0.9180 | Loss: 0.2799
271,  0 | TrAcc: 0.9169, TrLoss:  0.28847, VaAcc: 0.9064, VaLoss:  0.32944	 MAP NN | Acc: 0.9240 | Loss: 0.2741
272,  0 | TrAcc: 0.9027, TrLoss:  0.33285, VaAcc: 0.9096, VaLoss:  0.31188	 MAP NN | Acc: 0.9260 | Loss: 0.2743
273,  0 | TrAcc: 0.9212, TrLoss:  0.26343, VaAcc: 0.9064, VaLoss:  0.30874	 MAP NN | Acc: 0.9280 | Loss: 0.2646
274,  0 | TrAcc: 0.9012, TrLoss:  0.33200, VaAcc: 0.9136, VaLoss:  0.29804	 MAP NN | Acc: 0.9240 | Loss: 0.2685
275,  0 | TrAcc: 0.9062, TrLoss:  0.31667, VaAcc: 0.9092, VaLoss:  0.30840	 MAP NN | Acc: 0.9240 | Loss: 0.2748
276,  0 | TrAcc: 0.9078, TrLoss:  0.30158, VaAcc: 0.9052, VaLoss:  0.31376	 MAP NN | Acc: 0.9240 | Loss: 0.2750
277,  0 | TrAcc: 0.9156, TrLoss:  0.27631, VaAcc: 0.9156, VaLoss:  0.30997	 MAP NN | Acc: 0.9220 | Loss: 0.2759
278,  0 | TrAcc: 0.9195, TrLoss:  0.29031, VaAcc: 0.9132, VaLoss:  0.29333	 MAP NN | Acc: 0.9180 | Loss: 0.2812
279,  0 | TrAcc: 0.9239, TrLoss:  0.25918, VaAcc: 0.9008, VaLoss:  0.33185	 MAP NN | Acc: 0.9300 | Loss: 0.2524
280,  0 | TrAcc: 0.9195, TrLoss:  0.28858, VaAcc: 0.9096, VaLoss:  0.30983	 MAP NN | Acc: 0.9300 | Loss: 0.2420
281,  0 | TrAcc: 0.9040, TrLoss:  0.32600, VaAcc: 0.8992, VaLoss:  0.31599	 MAP NN | Acc: 0.9300 | Loss: 0.2423
282,  0 | TrAcc: 0.9003, TrLoss:  0.33357, VaAcc: 0.9160, VaLoss:  0.28180	 MAP NN | Acc: 0.9300 | Loss: 0.2405
283,  0 | TrAcc: 0.9085, TrLoss:  0.30638, VaAcc: 0.9024, VaLoss:  0.31304	 MAP NN | Acc: 0.9280 | Loss: 0.2479
284,  0 | TrAcc: 0.9203, TrLoss:  0.26866, VaAcc: 0.9048, VaLoss:  0.32558	 MAP NN | Acc: 0.9280 | Loss: 0.2507
285,  0 | TrAcc: 0.9137, TrLoss:  0.29031, VaAcc: 0.9128, VaLoss:  0.30092	 MAP NN | Acc: 0.9260 | Loss: 0.2511
286,  0 | TrAcc: 0.9132, TrLoss:  0.29068, VaAcc: 0.9048, VaLoss:  0.31642	 MAP NN | Acc: 0.9240 | Loss: 0.2607
287,  0 | TrAcc: 0.9121, TrLoss:  0.29008, VaAcc: 0.9104, VaLoss:  0.31715	 MAP NN | Acc: 0.9220 | Loss: 0.2690
288,  0 | TrAcc: 0.9145, TrLoss:  0.28917, VaAcc: 0.9048, VaLoss:  0.32804	 MAP NN | Acc: 0.9240 | Loss: 0.2684
289,  0 | TrAcc: 0.9081, TrLoss:  0.30922, VaAcc: 0.9044, VaLoss:  0.30805	 MAP NN | Acc: 0.9220 | Loss: 0.2716
290,  0 | TrAcc: 0.9149, TrLoss:  0.29694, VaAcc: 0.9060, VaLoss:  0.32423	 MAP NN | Acc: 0.9280 | Loss: 0.2575
291,  0 | TrAcc: 0.9198, TrLoss:  0.27802, VaAcc: 0.9144, VaLoss:  0.28621	 MAP NN | Acc: 0.9280 | Loss: 0.2455
292,  0 | TrAcc: 0.9227, TrLoss:  0.26614, VaAcc: 0.9140, VaLoss:  0.29072	 MAP NN | Acc: 0.9280 | Loss: 0.2450
293,  0 | TrAcc: 0.9174, TrLoss:  0.28545, VaAcc: 0.9104, VaLoss:  0.31480	 MAP NN | Acc: 0.9280 | Loss: 0.2425
294,  0 | TrAcc: 0.9011, TrLoss:  0.33400, VaAcc: 0.9088, VaLoss:  0.31546	 MAP NN | Acc: 0.9260 | Loss: 0.2467
295,  0 | TrAcc: 0.9191, TrLoss:  0.26816, VaAcc: 0.9160, VaLoss:  0.30830	 MAP NN | Acc: 0.9300 | Loss: 0.2481
296,  0 | TrAcc: 0.9099, TrLoss:  0.30387, VaAcc: 0.9128, VaLoss:  0.30740	 MAP NN | Acc: 0.9300 | Loss: 0.2431
297,  0 | TrAcc: 0.9106, TrLoss:  0.30495, VaAcc: 0.9064, VaLoss:  0.31507	 MAP NN | Acc: 0.9300 | Loss: 0.2397
298,  0 | TrAcc: 0.9113, TrLoss:  0.30503, VaAcc: 0.9180, VaLoss:  0.27706	 MAP NN | Acc: 0.9300 | Loss: 0.2357
299,  0 | TrAcc: 0.9078, TrLoss:  0.30430, VaAcc: 0.9172, VaLoss:  0.29175	 MAP NN | Acc: 0.9300 | Loss: 0.2329
300,  0 | TrAcc: 0.9193, TrLoss:  0.28556, VaAcc: 0.8928, VaLoss:  0.35011	 MAP NN | Acc: 0.9320 | Loss: 0.2314
301,  0 | TrAcc: 0.9250, TrLoss:  0.26987, VaAcc: 0.9080, VaLoss:  0.31774	 MAP NN | Acc: 0.9320 | Loss: 0.2337
302,  0 | TrAcc: 0.9110, TrLoss:  0.30254, VaAcc: 0.9112, VaLoss:  0.28516	 MAP NN | Acc: 0.9300 | Loss: 0.2311
303,  0 | TrAcc: 0.9278, TrLoss:  0.25134, VaAcc: 0.9216, VaLoss:  0.26425	 MAP NN | Acc: 0.9280 | Loss: 0.2294
304,  0 | TrAcc: 0.9076, TrLoss:  0.30511, VaAcc: 0.9108, VaLoss:  0.30539	 MAP NN | Acc: 0.9220 | Loss: 0.2364
305,  0 | TrAcc: 0.9136, TrLoss:  0.28752, VaAcc: 0.9208, VaLoss:  0.26609	 MAP NN | Acc: 0.9220 | Loss: 0.2418
306,  0 | TrAcc: 0.9139, TrLoss:  0.27580, VaAcc: 0.8988, VaLoss:  0.33191	 MAP NN | Acc: 0.9240 | Loss: 0.2373
307,  0 | TrAcc: 0.9142, TrLoss:  0.27305, VaAcc: 0.9204, VaLoss:  0.29596	 MAP NN | Acc: 0.9300 | Loss: 0.2411
308,  0 | TrAcc: 0.9167, TrLoss:  0.27235, VaAcc: 0.9072, VaLoss:  0.30094	 MAP NN | Acc: 0.9280 | Loss: 0.2366
309,  0 | TrAcc: 0.9050, TrLoss:  0.31565, VaAcc: 0.9128, VaLoss:  0.26953	 MAP NN | Acc: 0.9280 | Loss: 0.2339
310,  0 | TrAcc: 0.9140, TrLoss:  0.28083, VaAcc: 0.9192, VaLoss:  0.28239	 MAP NN | Acc: 0.9280 | Loss: 0.2329
311,  0 | TrAcc: 0.9243, TrLoss:  0.27017, VaAcc: 0.9132, VaLoss:  0.27895	 MAP NN | Acc: 0.9340 | Loss: 0.2251
312,  0 | TrAcc: 0.9201, TrLoss:  0.26246, VaAcc: 0.9200, VaLoss:  0.27344	 MAP NN | Acc: 0.9360 | Loss: 0.2304
313,  0 | TrAcc: 0.9104, TrLoss:  0.30487, VaAcc: 0.9128, VaLoss:  0.30121	 MAP NN | Acc: 0.9340 | Loss: 0.2321
314,  0 | TrAcc: 0.9184, TrLoss:  0.26988, VaAcc: 0.9192, VaLoss:  0.27015	 MAP NN | Acc: 0.9360 | Loss: 0.2322
315,  0 | TrAcc: 0.9199, TrLoss:  0.27948, VaAcc: 0.9136, VaLoss:  0.28991	 MAP NN | Acc: 0.9380 | Loss: 0.2294
316,  0 | TrAcc: 0.9274, TrLoss:  0.26290, VaAcc: 0.9104, VaLoss:  0.29261	 MAP NN | Acc: 0.9340 | Loss: 0.2214
317,  0 | TrAcc: 0.9244, TrLoss:  0.24786, VaAcc: 0.9148, VaLoss:  0.28982	 MAP NN | Acc: 0.9360 | Loss: 0.2259
318,  0 | TrAcc: 0.9116, TrLoss:  0.29861, VaAcc: 0.9204, VaLoss:  0.27561	 MAP NN | Acc: 0.9360 | Loss: 0.2248
319,  0 | TrAcc: 0.9286, TrLoss:  0.24390, VaAcc: 0.9124, VaLoss:  0.28811	 MAP NN | Acc: 0.9400 | Loss: 0.2164
320,  0 | TrAcc: 0.9226, TrLoss:  0.26697, VaAcc: 0.9156, VaLoss:  0.28797	 MAP NN | Acc: 0.9400 | Loss: 0.2153
321,  0 | TrAcc: 0.9258, TrLoss:  0.24869, VaAcc: 0.9044, VaLoss:  0.32303	 MAP NN | Acc: 0.9340 | Loss: 0.2159
322,  0 | TrAcc: 0.9295, TrLoss:  0.25810, VaAcc: 0.9236, VaLoss:  0.25708	 MAP NN | Acc: 0.9320 | Loss: 0.2157
323,  0 | TrAcc: 0.9106, TrLoss:  0.28747, VaAcc: 0.9200, VaLoss:  0.28545	 MAP NN | Acc: 0.9340 | Loss: 0.2092
324,  0 | TrAcc: 0.9256, TrLoss:  0.25130, VaAcc: 0.9192, VaLoss:  0.26416	 MAP NN | Acc: 0.9340 | Loss: 0.2157
325,  0 | TrAcc: 0.9212, TrLoss:  0.27284, VaAcc: 0.9116, VaLoss:  0.29750	 MAP NN | Acc: 0.9360 | Loss: 0.2154
326,  0 | TrAcc: 0.9298, TrLoss:  0.23903, VaAcc: 0.9208, VaLoss:  0.26548	 MAP NN | Acc: 0.9340 | Loss: 0.2118
327,  0 | TrAcc: 0.9248, TrLoss:  0.26014, VaAcc: 0.9204, VaLoss:  0.27694	 MAP NN | Acc: 0.9280 | Loss: 0.2121
328,  0 | TrAcc: 0.9298, TrLoss:  0.24732, VaAcc: 0.9132, VaLoss:  0.28518	 MAP NN | Acc: 0.9320 | Loss: 0.2166
329,  0 | TrAcc: 0.9190, TrLoss:  0.27262, VaAcc: 0.9176, VaLoss:  0.28529	 MAP NN | Acc: 0.9300 | Loss: 0.2117
330,  0 | TrAcc: 0.9249, TrLoss:  0.25350, VaAcc: 0.9160, VaLoss:  0.26976	 MAP NN | Acc: 0.9320 | Loss: 0.2113
331,  0 | TrAcc: 0.9207, TrLoss:  0.26508, VaAcc: 0.9136, VaLoss:  0.31156	 MAP NN | Acc: 0.9340 | Loss: 0.2142
332,  0 | TrAcc: 0.9189, TrLoss:  0.26648, VaAcc: 0.9216, VaLoss:  0.27965	 MAP NN | Acc: 0.9320 | Loss: 0.2131
333,  0 | TrAcc: 0.9253, TrLoss:  0.25828, VaAcc: 0.9136, VaLoss:  0.28185	 MAP NN | Acc: 0.9280 | Loss: 0.2211
334,  0 | TrAcc: 0.9260, TrLoss:  0.25366, VaAcc: 0.9244, VaLoss:  0.24900	 MAP NN | Acc: 0.9280 | Loss: 0.2246
335,  0 | TrAcc: 0.9170, TrLoss:  0.27700, VaAcc: 0.9216, VaLoss:  0.26035	 MAP NN | Acc: 0.9260 | Loss: 0.2341
336,  0 | TrAcc: 0.9136, TrLoss:  0.28591, VaAcc: 0.9168, VaLoss:  0.30055	 MAP NN | Acc: 0.9240 | Loss: 0.2299
337,  0 | TrAcc: 0.9217, TrLoss:  0.26126, VaAcc: 0.9296, VaLoss:  0.25098	 MAP NN | Acc: 0.9300 | Loss: 0.2159
338,  0 | TrAcc: 0.9222, TrLoss:  0.25356, VaAcc: 0.9064, VaLoss:  0.31480	 MAP NN | Acc: 0.9240 | Loss: 0.2120
339,  0 | TrAcc: 0.9342, TrLoss:  0.23263, VaAcc: 0.9132, VaLoss:  0.28201	 MAP NN | Acc: 0.9260 | Loss: 0.2129
340,  0 | TrAcc: 0.9243, TrLoss:  0.25970, VaAcc: 0.9204, VaLoss:  0.25741	 MAP NN | Acc: 0.9260 | Loss: 0.2122
341,  0 | TrAcc: 0.9158, TrLoss:  0.28406, VaAcc: 0.9116, VaLoss:  0.29339	 MAP NN | Acc: 0.9280 | Loss: 0.2133
342,  0 | TrAcc: 0.9167, TrLoss:  0.28148, VaAcc: 0.9292, VaLoss:  0.24311	 MAP NN | Acc: 0.9280 | Loss: 0.2202
343,  0 | TrAcc: 0.9275, TrLoss:  0.25024, VaAcc: 0.9116, VaLoss:  0.30935	 MAP NN | Acc: 0.9320 | Loss: 0.2220
344,  0 | TrAcc: 0.9276, TrLoss:  0.24850, VaAcc: 0.9260, VaLoss:  0.24520	 MAP NN | Acc: 0.9280 | Loss: 0.2234
345,  0 | TrAcc: 0.9260, TrLoss:  0.24207, VaAcc: 0.9232, VaLoss:  0.26561	 MAP NN | Acc: 0.9220 | Loss: 0.2199
346,  0 | TrAcc: 0.9246, TrLoss:  0.25764, VaAcc: 0.9244, VaLoss:  0.25531	 MAP NN | Acc: 0.9260 | Loss: 0.2190
347,  0 | TrAcc: 0.9276, TrLoss:  0.24594, VaAcc: 0.9172, VaLoss:  0.28528	 MAP NN | Acc: 0.9300 | Loss: 0.2136
348,  0 | TrAcc: 0.9209, TrLoss:  0.26925, VaAcc: 0.9212, VaLoss:  0.27404	 MAP NN | Acc: 0.9300 | Loss: 0.2183
349,  0 | TrAcc: 0.9404, TrLoss:  0.20727, VaAcc: 0.9080, VaLoss:  0.29428	 MAP NN | Acc: 0.9320 | Loss: 0.2204
350,  0 | TrAcc: 0.9324, TrLoss:  0.23585, VaAcc: 0.9156, VaLoss:  0.27996	 MAP NN | Acc: 0.9360 | Loss: 0.2269
351,  0 | TrAcc: 0.9295, TrLoss:  0.25661, VaAcc: 0.9252, VaLoss:  0.24756	 MAP NN | Acc: 0.9340 | Loss: 0.2215
352,  0 | TrAcc: 0.9297, TrLoss:  0.23880, VaAcc: 0.9252, VaLoss:  0.24807	 MAP NN | Acc: 0.9340 | Loss: 0.2079
353,  0 | TrAcc: 0.9300, TrLoss:  0.24193, VaAcc: 0.9196, VaLoss:  0.27092	 MAP NN | Acc: 0.9340 | Loss: 0.2015
354,  0 | TrAcc: 0.9230, TrLoss:  0.25676, VaAcc: 0.9296, VaLoss:  0.22850	 MAP NN | Acc: 0.9380 | Loss: 0.1935
355,  0 | TrAcc: 0.9288, TrLoss:  0.25121, VaAcc: 0.9224, VaLoss:  0.26347	 MAP NN | Acc: 0.9380 | Loss: 0.1944
356,  0 | TrAcc: 0.9363, TrLoss:  0.22641, VaAcc: 0.9076, VaLoss:  0.29470	 MAP NN | Acc: 0.9360 | Loss: 0.1922
357,  0 | TrAcc: 0.9299, TrLoss:  0.24024, VaAcc: 0.9248, VaLoss:  0.24345	 MAP NN | Acc: 0.9380 | Loss: 0.1954
358,  0 | TrAcc: 0.9254, TrLoss:  0.24600, VaAcc: 0.9184, VaLoss:  0.27731	 MAP NN | Acc: 0.9400 | Loss: 0.1915
359,  0 | TrAcc: 0.9239, TrLoss:  0.25034, VaAcc: 0.9224, VaLoss:  0.26293	 MAP NN | Acc: 0.9360 | Loss: 0.1959
360,  0 | TrAcc: 0.9343, TrLoss:  0.22536, VaAcc: 0.9140, VaLoss:  0.27174	 MAP NN | Acc: 0.9340 | Loss: 0.1970
361,  0 | TrAcc: 0.9340, TrLoss:  0.22332, VaAcc: 0.9196, VaLoss:  0.26745	 MAP NN | Acc: 0.9360 | Loss: 0.1958
362,  0 | TrAcc: 0.9285, TrLoss:  0.24941, VaAcc: 0.9204, VaLoss:  0.25736	 MAP NN | Acc: 0.9340 | Loss: 0.1968
363,  0 | TrAcc: 0.9177, TrLoss:  0.27319, VaAcc: 0.9208, VaLoss:  0.27934	 MAP NN | Acc: 0.9340 | Loss: 0.2015
364,  0 | TrAcc: 0.9361, TrLoss:  0.22159, VaAcc: 0.9204, VaLoss:  0.26704	 MAP NN | Acc: 0.9340 | Loss: 0.2052
365,  0 | TrAcc: 0.9254, TrLoss:  0.25581, VaAcc: 0.9260, VaLoss:  0.25348	 MAP NN | Acc: 0.9340 | Loss: 0.2029
366,  0 | TrAcc: 0.9329, TrLoss:  0.21882, VaAcc: 0.9188, VaLoss:  0.26771	 MAP NN | Acc: 0.9320 | Loss: 0.1967
367,  0 | TrAcc: 0.9283, TrLoss:  0.24121, VaAcc: 0.9232, VaLoss:  0.25003	 MAP NN | Acc: 0.9360 | Loss: 0.1905
368,  0 | TrAcc: 0.9383, TrLoss:  0.21064, VaAcc: 0.9120, VaLoss:  0.29280	 MAP NN | Acc: 0.9360 | Loss: 0.1933
369,  0 | TrAcc: 0.9225, TrLoss:  0.25121, VaAcc: 0.9188, VaLoss:  0.26515	 MAP NN | Acc: 0.9420 | Loss: 0.1915
370,  0 | TrAcc: 0.9315, TrLoss:  0.23247, VaAcc: 0.9204, VaLoss:  0.27297	 MAP NN | Acc: 0.9400 | Loss: 0.1903
371,  0 | TrAcc: 0.9296, TrLoss:  0.24846, VaAcc: 0.9176, VaLoss:  0.28205	 MAP NN | Acc: 0.9420 | Loss: 0.1899
372,  0 | TrAcc: 0.9213, TrLoss:  0.27172, VaAcc: 0.9208, VaLoss:  0.26494	 MAP NN | Acc: 0.9400 | Loss: 0.1896
373,  0 | TrAcc: 0.9387, TrLoss:  0.20555, VaAcc: 0.9312, VaLoss:  0.24123	 MAP NN | Acc: 0.9420 | Loss: 0.1886
374,  0 | TrAcc: 0.9366, TrLoss:  0.21561, VaAcc: 0.9216, VaLoss:  0.24927	 MAP NN | Acc: 0.9420 | Loss: 0.1861
375,  0 | TrAcc: 0.9252, TrLoss:  0.24728, VaAcc: 0.9268, VaLoss:  0.24905	 MAP NN | Acc: 0.9420 | Loss: 0.1834
376,  0 | TrAcc: 0.9273, TrLoss:  0.25745, VaAcc: 0.9156, VaLoss:  0.26307	 MAP NN | Acc: 0.9400 | Loss: 0.1876
377,  0 | TrAcc: 0.9370, TrLoss:  0.21687, VaAcc: 0.9164, VaLoss:  0.27229	 MAP NN | Acc: 0.9440 | Loss: 0.1904
378,  0 | TrAcc: 0.9253, TrLoss:  0.24956, VaAcc: 0.9204, VaLoss:  0.25504	 MAP NN | Acc: 0.9420 | Loss: 0.1946
379,  0 | TrAcc: 0.9281, TrLoss:  0.23175, VaAcc: 0.9316, VaLoss:  0.23617	 MAP NN | Acc: 0.9400 | Loss: 0.1944
380,  0 | TrAcc: 0.9243, TrLoss:  0.25382, VaAcc: 0.9204, VaLoss:  0.26391	 MAP NN | Acc: 0.9400 | Loss: 0.1929
381,  0 | TrAcc: 0.9389, TrLoss:  0.20486, VaAcc: 0.9228, VaLoss:  0.25412	 MAP NN | Acc: 0.9380 | Loss: 0.1947
382,  0 | TrAcc: 0.9211, TrLoss:  0.25577, VaAcc: 0.9240, VaLoss:  0.26489	 MAP NN | Acc: 0.9440 | Loss: 0.1902
383,  0 | TrAcc: 0.9305, TrLoss:  0.21875, VaAcc: 0.9280, VaLoss:  0.24336	 MAP NN | Acc: 0.9420 | Loss: 0.1862
384,  0 | TrAcc: 0.9271, TrLoss:  0.25531, VaAcc: 0.9212, VaLoss:  0.25181	 MAP NN | Acc: 0.9420 | Loss: 0.1903
385,  0 | TrAcc: 0.9358, TrLoss:  0.20842, VaAcc: 0.9280, VaLoss:  0.24100	 MAP NN | Acc: 0.9400 | Loss: 0.1954
386,  0 | TrAcc: 0.9333, TrLoss:  0.22764, VaAcc: 0.9324, VaLoss:  0.23078	 MAP NN | Acc: 0.9420 | Loss: 0.1928
387,  0 | TrAcc: 0.9436, TrLoss:  0.21056, VaAcc: 0.9276, VaLoss:  0.23821	 MAP NN | Acc: 0.9420 | Loss: 0.1885
388,  0 | TrAcc: 0.9257, TrLoss:  0.24382, VaAcc: 0.9312, VaLoss:  0.24606	 MAP NN | Acc: 0.9400 | Loss: 0.1892
389,  0 | TrAcc: 0.9287, TrLoss:  0.24786, VaAcc: 0.9288, VaLoss:  0.24071	 MAP NN | Acc: 0.9400 | Loss: 0.1841
390,  0 | TrAcc: 0.9266, TrLoss:  0.23738, VaAcc: 0.9140, VaLoss:  0.28413	 MAP NN | Acc: 0.9440 | Loss: 0.1825
391,  0 | TrAcc: 0.9331, TrLoss:  0.23319, VaAcc: 0.9332, VaLoss:  0.23900	 MAP NN | Acc: 0.9400 | Loss: 0.1792
392,  0 | TrAcc: 0.9318, TrLoss:  0.23328, VaAcc: 0.9312, VaLoss:  0.22930	 MAP NN | Acc: 0.9360 | Loss: 0.1880
393,  0 | TrAcc: 0.9431, TrLoss:  0.20140, VaAcc: 0.9232, VaLoss:  0.25118	 MAP NN | Acc: 0.9360 | Loss: 0.1950
394,  0 | TrAcc: 0.9345, TrLoss:  0.21463, VaAcc: 0.9220, VaLoss:  0.24938	 MAP NN | Acc: 0.9440 | Loss: 0.1950
395,  0 | TrAcc: 0.9240, TrLoss:  0.25948, VaAcc: 0.9188, VaLoss:  0.25979	 MAP NN | Acc: 0.9420 | Loss: 0.1887
396,  0 | TrAcc: 0.9314, TrLoss:  0.23032, VaAcc: 0.9260, VaLoss:  0.23791	 MAP NN | Acc: 0.9440 | Loss: 0.1842
397,  0 | TrAcc: 0.9267, TrLoss:  0.24315, VaAcc: 0.9360, VaLoss:  0.22143	 MAP NN | Acc: 0.9480 | Loss: 0.1766
398,  0 | TrAcc: 0.9381, TrLoss:  0.19652, VaAcc: 0.9280, VaLoss:  0.23563	 MAP NN | Acc: 0.9480 | Loss: 0.1759
399,  0 | TrAcc: 0.9330, TrLoss:  0.23651, VaAcc: 0.9328, VaLoss:  0.23171	 MAP NN | Acc: 0.9500 | Loss: 0.1747
400,  0 | TrAcc: 0.9451, TrLoss:  0.18416, VaAcc: 0.9248, VaLoss:  0.24748	 MAP NN | Acc: 0.9460 | Loss: 0.1804
401,  0 | TrAcc: 0.9384, TrLoss:  0.21672, VaAcc: 0.9232, VaLoss:  0.26027	 MAP NN | Acc: 0.9420 | Loss: 0.1775
402,  0 | TrAcc: 0.9372, TrLoss:  0.21330, VaAcc: 0.9332, VaLoss:  0.22912	 MAP NN | Acc: 0.9440 | Loss: 0.1776
403,  0 | TrAcc: 0.9265, TrLoss:  0.25203, VaAcc: 0.9312, VaLoss:  0.21956	 MAP NN | Acc: 0.9440 | Loss: 0.1766
404,  0 | TrAcc: 0.9398, TrLoss:  0.21106, VaAcc: 0.9384, VaLoss:  0.21153	 MAP NN | Acc: 0.9460 | Loss: 0.1749
405,  0 | TrAcc: 0.9353, TrLoss:  0.21245, VaAcc: 0.9228, VaLoss:  0.25201	 MAP NN | Acc: 0.9480 | Loss: 0.1744
406,  0 | TrAcc: 0.9349, TrLoss:  0.21869, VaAcc: 0.9236, VaLoss:  0.24501	 MAP NN | Acc: 0.9440 | Loss: 0.1819
407,  0 | TrAcc: 0.9365, TrLoss:  0.21703, VaAcc: 0.9268, VaLoss:  0.24496	 MAP NN | Acc: 0.9440 | Loss: 0.1826
408,  0 | TrAcc: 0.9351, TrLoss:  0.23050, VaAcc: 0.9312, VaLoss:  0.23999	 MAP NN | Acc: 0.9420 | Loss: 0.1911
409,  0 | TrAcc: 0.9307, TrLoss:  0.23422, VaAcc: 0.9188, VaLoss:  0.25152	 MAP NN | Acc: 0.9400 | Loss: 0.1915
410,  0 | TrAcc: 0.9314, TrLoss:  0.23060, VaAcc: 0.9196, VaLoss:  0.26988	 MAP NN | Acc: 0.9380 | Loss: 0.1981
411,  0 | TrAcc: 0.9328, TrLoss:  0.21999, VaAcc: 0.9308, VaLoss:  0.23283	 MAP NN | Acc: 0.9400 | Loss: 0.1895
412,  0 | TrAcc: 0.9267, TrLoss:  0.24860, VaAcc: 0.9268, VaLoss:  0.24095	 MAP NN | Acc: 0.9420 | Loss: 0.1815
413,  0 | TrAcc: 0.9405, TrLoss:  0.20628, VaAcc: 0.9284, VaLoss:  0.23670	 MAP NN | Acc: 0.9440 | Loss: 0.1828
414,  0 | TrAcc: 0.9333, TrLoss:  0.22316, VaAcc: 0.9412, VaLoss:  0.21246	 MAP NN | Acc: 0.9400 | Loss: 0.1900
415,  0 | TrAcc: 0.9369, TrLoss:  0.21382, VaAcc: 0.9220, VaLoss:  0.24534	 MAP NN | Acc: 0.9380 | Loss: 0.1897
416,  0 | TrAcc: 0.9437, TrLoss:  0.19213, VaAcc: 0.9236, VaLoss:  0.24718	 MAP NN | Acc: 0.9400 | Loss: 0.1920
417,  0 | TrAcc: 0.9381, TrLoss:  0.21684, VaAcc: 0.9336, VaLoss:  0.22108	 MAP NN | Acc: 0.9480 | Loss: 0.1876
418,  0 | TrAcc: 0.9375, TrLoss:  0.20891, VaAcc: 0.9272, VaLoss:  0.23817	 MAP NN | Acc: 0.9480 | Loss: 0.1870
419,  0 | TrAcc: 0.9403, TrLoss:  0.19820, VaAcc: 0.9268, VaLoss:  0.24215	 MAP NN | Acc: 0.9460 | Loss: 0.1863
420,  0 | TrAcc: 0.9367, TrLoss:  0.22203, VaAcc: 0.9340, VaLoss:  0.22822	 MAP NN | Acc: 0.9480 | Loss: 0.1823
421,  0 | TrAcc: 0.9296, TrLoss:  0.23062, VaAcc: 0.9340, VaLoss:  0.22572	 MAP NN | Acc: 0.9480 | Loss: 0.1809
422,  0 | TrAcc: 0.9241, TrLoss:  0.25942, VaAcc: 0.9316, VaLoss:  0.22698	 MAP NN | Acc: 0.9460 | Loss: 0.1815
423,  0 | TrAcc: 0.9345, TrLoss:  0.21768, VaAcc: 0.9324, VaLoss:  0.23251	 MAP NN | Acc: 0.9540 | Loss: 0.1768
424,  0 | TrAcc: 0.9415, TrLoss:  0.19000, VaAcc: 0.9264, VaLoss:  0.23803	 MAP NN | Acc: 0.9520 | Loss: 0.1715
425,  0 | TrAcc: 0.9350, TrLoss:  0.21185, VaAcc: 0.9300, VaLoss:  0.22892	 MAP NN | Acc: 0.9480 | Loss: 0.1760
426,  0 | TrAcc: 0.9397, TrLoss:  0.20874, VaAcc: 0.9292, VaLoss:  0.22869	 MAP NN | Acc: 0.9520 | Loss: 0.1650
427,  0 | TrAcc: 0.9473, TrLoss:  0.18708, VaAcc: 0.9300, VaLoss:  0.22304	 MAP NN | Acc: 0.9500 | Loss: 0.1677
428,  0 | TrAcc: 0.9379, TrLoss:  0.21753, VaAcc: 0.9256, VaLoss:  0.23252	 MAP NN | Acc: 0.9500 | Loss: 0.1684
429,  0 | TrAcc: 0.9407, TrLoss:  0.19941, VaAcc: 0.9328, VaLoss:  0.21430	 MAP NN | Acc: 0.9500 | Loss: 0.1685
430,  0 | TrAcc: 0.9401, TrLoss:  0.20348, VaAcc: 0.9348, VaLoss:  0.22695	 MAP NN | Acc: 0.9480 | Loss: 0.1702
431,  0 | TrAcc: 0.9411, TrLoss:  0.21090, VaAcc: 0.9292, VaLoss:  0.22816	 MAP NN | Acc: 0.9480 | Loss: 0.1719
432,  0 | TrAcc: 0.9375, TrLoss:  0.21653, VaAcc: 0.9308, VaLoss:  0.22146	 MAP NN | Acc: 0.9460 | Loss: 0.1702
433,  0 | TrAcc: 0.9440, TrLoss:  0.19440, VaAcc: 0.9316, VaLoss:  0.24179	 MAP NN | Acc: 0.9380 | Loss: 0.1711
434,  0 | TrAcc: 0.9388, TrLoss:  0.20148, VaAcc: 0.9184, VaLoss:  0.24687	 MAP NN | Acc: 0.9400 | Loss: 0.1724
435,  0 | TrAcc: 0.9416, TrLoss:  0.20452, VaAcc: 0.9280, VaLoss:  0.23715	 MAP NN | Acc: 0.9380 | Loss: 0.1769
436,  0 | TrAcc: 0.9395, TrLoss:  0.19964, VaAcc: 0.9300, VaLoss:  0.22045	 MAP NN | Acc: 0.9380 | Loss: 0.1782
437,  0 | TrAcc: 0.9415, TrLoss:  0.20480, VaAcc: 0.9372, VaLoss:  0.21306	 MAP NN | Acc: 0.9420 | Loss: 0.1753
438,  0 | TrAcc: 0.9279, TrLoss:  0.23172, VaAcc: 0.9260, VaLoss:  0.22767	 MAP NN | Acc: 0.9400 | Loss: 0.1738
439,  0 | TrAcc: 0.9426, TrLoss:  0.19175, VaAcc: 0.9376, VaLoss:  0.21533	 MAP NN | Acc: 0.9460 | Loss: 0.1690
440,  0 | TrAcc: 0.9305, TrLoss:  0.23403, VaAcc: 0.9320, VaLoss:  0.22266	 MAP NN | Acc: 0.9480 | Loss: 0.1632
441,  0 | TrAcc: 0.9356, TrLoss:  0.20748, VaAcc: 0.9388, VaLoss:  0.20876	 MAP NN | Acc: 0.9440 | Loss: 0.1659
442,  0 | TrAcc: 0.9509, TrLoss:  0.17693, VaAcc: 0.9356, VaLoss:  0.21904	 MAP NN | Acc: 0.9480 | Loss: 0.1684
443,  0 | TrAcc: 0.9425, TrLoss:  0.19984, VaAcc: 0.9292, VaLoss:  0.22730	 MAP NN | Acc: 0.9460 | Loss: 0.1681
444,  0 | TrAcc: 0.9390, TrLoss:  0.20217, VaAcc: 0.9336, VaLoss:  0.21991	 MAP NN | Acc: 0.9440 | Loss: 0.1717
445,  0 | TrAcc: 0.9401, TrLoss:  0.19640, VaAcc: 0.9256, VaLoss:  0.25464	 MAP NN | Acc: 0.9400 | Loss: 0.1816
446,  0 | TrAcc: 0.9481, TrLoss:  0.17445, VaAcc: 0.9344, VaLoss:  0.21210	 MAP NN | Acc: 0.9420 | Loss: 0.1746
447,  0 | TrAcc: 0.9480, TrLoss:  0.17439, VaAcc: 0.9232, VaLoss:  0.24110	 MAP NN | Acc: 0.9460 | Loss: 0.1742
448,  0 | TrAcc: 0.9430, TrLoss:  0.18848, VaAcc: 0.9292, VaLoss:  0.22701	 MAP NN | Acc: 0.9500 | Loss: 0.1705
449,  0 | TrAcc: 0.9370, TrLoss:  0.20997, VaAcc: 0.9340, VaLoss:  0.21832	 MAP NN | Acc: 0.9440 | Loss: 0.1706
450,  0 | TrAcc: 0.9249, TrLoss:  0.25686, VaAcc: 0.9320, VaLoss:  0.22303	 MAP NN | Acc: 0.9460 | Loss: 0.1734
451,  0 | TrAcc: 0.9431, TrLoss:  0.19442, VaAcc: 0.9284, VaLoss:  0.23718	 MAP NN | Acc: 0.9500 | Loss: 0.1712
452,  0 | TrAcc: 0.9463, TrLoss:  0.18481, VaAcc: 0.9280, VaLoss:  0.22559	 MAP NN | Acc: 0.9480 | Loss: 0.1704
453,  0 | TrAcc: 0.9543, TrLoss:  0.16281, VaAcc: 0.9316, VaLoss:  0.21852	 MAP NN | Acc: 0.9520 | Loss: 0.1773
454,  0 | TrAcc: 0.9412, TrLoss:  0.19989, VaAcc: 0.9308, VaLoss:  0.22690	 MAP NN | Acc: 0.9500 | Loss: 0.1798
455,  0 | TrAcc: 0.9463, TrLoss:  0.18094, VaAcc: 0.9356, VaLoss:  0.21504	 MAP NN | Acc: 0.9440 | Loss: 0.1819
456,  0 | TrAcc: 0.9331, TrLoss:  0.22980, VaAcc: 0.9232, VaLoss:  0.23698	 MAP NN | Acc: 0.9460 | Loss: 0.1833
457,  0 | TrAcc: 0.9370, TrLoss:  0.20952, VaAcc: 0.9356, VaLoss:  0.22111	 MAP NN | Acc: 0.9480 | Loss: 0.1767
458,  0 | TrAcc: 0.9442, TrLoss:  0.18987, VaAcc: 0.9348, VaLoss:  0.20572	 MAP NN | Acc: 0.9460 | Loss: 0.1722
459,  0 | TrAcc: 0.9385, TrLoss:  0.20847, VaAcc: 0.9392, VaLoss:  0.20555	 MAP NN | Acc: 0.9460 | Loss: 0.1701
460,  0 | TrAcc: 0.9436, TrLoss:  0.19302, VaAcc: 0.9264, VaLoss:  0.22503	 MAP NN | Acc: 0.9480 | Loss: 0.1657
461,  0 | TrAcc: 0.9390, TrLoss:  0.19694, VaAcc: 0.9388, VaLoss:  0.21451	 MAP NN | Acc: 0.9500 | Loss: 0.1646
462,  0 | TrAcc: 0.9400, TrLoss:  0.20312, VaAcc: 0.9348, VaLoss:  0.21569	 MAP NN | Acc: 0.9480 | Loss: 0.1674
463,  0 | TrAcc: 0.9335, TrLoss:  0.21736, VaAcc: 0.9336, VaLoss:  0.21304	 MAP NN | Acc: 0.9460 | Loss: 0.1713
464,  0 | TrAcc: 0.9329, TrLoss:  0.21781, VaAcc: 0.9328, VaLoss:  0.22357	 MAP NN | Acc: 0.9460 | Loss: 0.1722
465,  0 | TrAcc: 0.9321, TrLoss:  0.22881, VaAcc: 0.9264, VaLoss:  0.22767	 MAP NN | Acc: 0.9480 | Loss: 0.1677
466,  0 | TrAcc: 0.9408, TrLoss:  0.19094, VaAcc: 0.9304, VaLoss:  0.23058	 MAP NN | Acc: 0.9480 | Loss: 0.1695
467,  0 | TrAcc: 0.9425, TrLoss:  0.20226, VaAcc: 0.9264, VaLoss:  0.23562	 MAP NN | Acc: 0.9480 | Loss: 0.1673
468,  0 | TrAcc: 0.9387, TrLoss:  0.21153, VaAcc: 0.9300, VaLoss:  0.22594	 MAP NN | Acc: 0.9540 | Loss: 0.1649
469,  0 | TrAcc: 0.9382, TrLoss:  0.20944, VaAcc: 0.9332, VaLoss:  0.21901	 MAP NN | Acc: 0.9480 | Loss: 0.1653
470,  0 | TrAcc: 0.9407, TrLoss:  0.19924, VaAcc: 0.9352, VaLoss:  0.21255	 MAP NN | Acc: 0.9480 | Loss: 0.1702
471,  0 | TrAcc: 0.9340, TrLoss:  0.22342, VaAcc: 0.9372, VaLoss:  0.20232	 MAP NN | Acc: 0.9500 | Loss: 0.1673
472,  0 | TrAcc: 0.9482, TrLoss:  0.17051, VaAcc: 0.9356, VaLoss:  0.20902	 MAP NN | Acc: 0.9520 | Loss: 0.1654
473,  0 | TrAcc: 0.9465, TrLoss:  0.18413, VaAcc: 0.9276, VaLoss:  0.23557	 MAP NN | Acc: 0.9540 | Loss: 0.1685
474,  0 | TrAcc: 0.9440, TrLoss:  0.18333, VaAcc: 0.9324, VaLoss:  0.21033	 MAP NN | Acc: 0.9460 | Loss: 0.1666
475,  0 | TrAcc: 0.9391, TrLoss:  0.20646, VaAcc: 0.9360, VaLoss:  0.22017	 MAP NN | Acc: 0.9480 | Loss: 0.1683
476,  0 | TrAcc: 0.9412, TrLoss:  0.20289, VaAcc: 0.9272, VaLoss:  0.23090	 MAP NN | Acc: 0.9480 | Loss: 0.1659
477,  0 | TrAcc: 0.9418, TrLoss:  0.18781, VaAcc: 0.9364, VaLoss:  0.19304	 MAP NN | Acc: 0.9500 | Loss: 0.1626
478,  0 | TrAcc: 0.9362, TrLoss:  0.21820, VaAcc: 0.9368, VaLoss:  0.21228	 MAP NN | Acc: 0.9500 | Loss: 0.1643
479,  0 | TrAcc: 0.9507, TrLoss:  0.16668, VaAcc: 0.9328, VaLoss:  0.22957	 MAP NN | Acc: 0.9540 | Loss: 0.1633
480,  0 | TrAcc: 0.9405, TrLoss:  0.19256, VaAcc: 0.9304, VaLoss:  0.22561	 MAP NN | Acc: 0.9560 | Loss: 0.1618
481,  0 | TrAcc: 0.9422, TrLoss:  0.20612, VaAcc: 0.9324, VaLoss:  0.21806	 MAP NN | Acc: 0.9500 | Loss: 0.1634
482,  0 | TrAcc: 0.9393, TrLoss:  0.20495, VaAcc: 0.9336, VaLoss:  0.22616	 MAP NN | Acc: 0.9520 | Loss: 0.1655
483,  0 | TrAcc: 0.9372, TrLoss:  0.21533, VaAcc: 0.9288, VaLoss:  0.22215	 MAP NN | Acc: 0.9500 | Loss: 0.1629
484,  0 | TrAcc: 0.9446, TrLoss:  0.18631, VaAcc: 0.9400, VaLoss:  0.20434	 MAP NN | Acc: 0.9480 | Loss: 0.1629
485,  0 | TrAcc: 0.9449, TrLoss:  0.19415, VaAcc: 0.9288, VaLoss:  0.22638	 MAP NN | Acc: 0.9500 | Loss: 0.1666
486,  0 | TrAcc: 0.9454, TrLoss:  0.19179, VaAcc: 0.9344, VaLoss:  0.22370	 MAP NN | Acc: 0.9460 | Loss: 0.1688
487,  0 | TrAcc: 0.9422, TrLoss:  0.20655, VaAcc: 0.9328, VaLoss:  0.21866	 MAP NN | Acc: 0.9460 | Loss: 0.1687
488,  0 | TrAcc: 0.9463, TrLoss:  0.18078, VaAcc: 0.9352, VaLoss:  0.21674	 MAP NN | Acc: 0.9500 | Loss: 0.1691
489,  0 | TrAcc: 0.9426, TrLoss:  0.18606, VaAcc: 0.9348, VaLoss:  0.20815	 MAP NN | Acc: 0.9480 | Loss: 0.1669
490,  0 | TrAcc: 0.9384, TrLoss:  0.21044, VaAcc: 0.9372, VaLoss:  0.20191	 MAP NN | Acc: 0.9420 | Loss: 0.1744
491,  0 | TrAcc: 0.9496, TrLoss:  0.16791, VaAcc: 0.9308, VaLoss:  0.22792	 MAP NN | Acc: 0.9440 | Loss: 0.1725
492,  0 | TrAcc: 0.9492, TrLoss:  0.17347, VaAcc: 0.9424, VaLoss:  0.20282	 MAP NN | Acc: 0.9440 | Loss: 0.1707
493,  0 | TrAcc: 0.9466, TrLoss:  0.19120, VaAcc: 0.9312, VaLoss:  0.21672	 MAP NN | Acc: 0.9480 | Loss: 0.1673
494,  0 | TrAcc: 0.9407, TrLoss:  0.20880, VaAcc: 0.9312, VaLoss:  0.22266	 MAP NN | Acc: 0.9500 | Loss: 0.1627
495,  0 | TrAcc: 0.9491, TrLoss:  0.17726, VaAcc: 0.9384, VaLoss:  0.20526	 MAP NN | Acc: 0.9500 | Loss: 0.1603
496,  0 | TrAcc: 0.9525, TrLoss:  0.15915, VaAcc: 0.9376, VaLoss:  0.20228	 MAP NN | Acc: 0.9480 | Loss: 0.1624
497,  0 | TrAcc: 0.9527, TrLoss:  0.16829, VaAcc: 0.9328, VaLoss:  0.22054	 MAP NN | Acc: 0.9480 | Loss: 0.1581
498,  0 | TrAcc: 0.9495, TrLoss:  0.17675, VaAcc: 0.9356, VaLoss:  0.21108	 MAP NN | Acc: 0.9480 | Loss: 0.1576
499,  0 | TrAcc: 0.9424, TrLoss:  0.18280, VaAcc: 0.9316, VaLoss:  0.20737	 MAP NN | Acc: 0.9460 | Loss: 0.1621
