

config:

HOME=/clusterFS/home/student/kopp13
PATH=/clusterFS/home/student/kopp13/miniconda3/envs/tensorflow/bin:/clusterFS/home/student/kopp13/miniconda3/condabin:/clusterFS/home/student/kopp13/VarRNN/src/bin:/clusterFS/home/student/kopp13/miniconda3/bin:/clusterFS/home/student/kopp13/bin:/usr/local/bin:/usr/bin:/bin:/usr/local/games:/usr/games
LD_LIBRARY_PATH=:/usr/local/cuda-9.0/lib64
THEANO_FLAGS=floatX=float32,gpuarray.preallocate=0.9,dnn.library_path=/usr/lib/x86_64-linux-gnu,cxx=clang++-3.8,device=cuda,base_compiledir=/tmp/tmp.9VJiXE7wif


=============================
CONFIG FILE

TRAINING CONFIG
{'algorithm': ['c_reparam', 'gste'],
 'batchnorm': {'modes': [], 'momentum': 0.98, 'tau': 1, 'type': 'none'},
 'dir_reg': 0.0,
 'ent_reg': 0.0,
 'learning_rate': 0.005,
 'learning_rate_tau': 1000,
 'mode': {'max_epochs': 1500, 'min_error': 0.0, 'name': 'classic'},
 'pretraining': {'enabled': True, 'path': 'm_model'},
 'task_id': 8,
 'tau': 1000.0,
 'var_reg': 0.0}

DATA CONFIG
{'dataset': 'penstroke',
 'remove_bias': True,
 'te': {'in_seq_len': 40,
        'max_truncation': 5,
        'minibatch_enabled': True,
        'minibatch_size': 500},
 'tr': {'in_seq_len': 40,
        'max_truncation': 5,
        'minibatch_enabled': True,
        'minibatch_size': 1000},
 'va': {'in_seq_len': 40,
        'max_truncation': 5,
        'minibatch_enabled': True,
        'minibatch_size': 500}}

RNN CONFIG
{'act_disc': [],
 'data_multiplier': None,
 'gradient_clip_value': 0.5,
 'layer_configs': [{'layer_type': 'input'},
                   {'bc': {'init_m': 'zeros',
                           'init_v': -4.5,
                           'prior_m': 0.0,
                           'prior_v': 0.0,
                           'type': 'continuous'},
                    'bf': {'init_m': 'ones',
                           'init_v': -4.5,
                           'prior_m': 1.0,
                           'prior_v': 0.0,
                           'type': 'continuous'},
                    'bi': {'init_m': 'zeros',
                           'init_v': -4.5,
                           'prior_m': 0.0,
                           'prior_v': 0.0,
                           'type': 'continuous'},
                    'bo': {'init_m': 'zeros',
                           'init_v': -4.5,
                           'prior_m': 0.0,
                           'prior_v': 0.0,
                           'type': 'continuous'},
                    'discrete_act': [],
                    'layer_type': 'lstm',
                    'lr_adapt': False,
                    'parametrization': 'logits',
                    'tau': 1000.0,
                    'var_scope': 'lstm_0',
                    'wc': {'p0max': 0.95,
                           'p0min': 0.05,
                           'parametrization': 'sigmoid',
                           'pmax': 0.99,
                           'pmin': 0.01,
                           'priors': [0.1, 0.8, 0.1],
                           'type': 'ternary'},
                    'wf': {'p0max': 0.95,
                           'p0min': 0.05,
                           'parametrization': 'sigmoid',
                           'pmax': 0.99,
                           'pmin': 0.01,
                           'priors': [0.1, 0.8, 0.1],
                           'type': 'ternary'},
                    'wi': {'p0max': 0.95,
                           'p0min': 0.05,
                           'parametrization': 'sigmoid',
                           'pmax': 0.99,
                           'pmin': 0.01,
                           'priors': [0.1, 0.8, 0.1],
                           'type': 'ternary'},
                    'wo': {'p0max': 0.95,
                           'p0min': 0.05,
                           'parametrization': 'sigmoid',
                           'pmax': 0.99,
                           'pmin': 0.01,
                           'priors': [0.1, 0.8, 0.1],
                           'type': 'ternary'}},
                   {'bc': {'init_m': 'zeros',
                           'init_v': -4.5,
                           'prior_m': 0.0,
                           'prior_v': 0.0,
                           'type': 'continuous'},
                    'bf': {'init_m': 'ones',
                           'init_v': -4.5,
                           'prior_m': 1.0,
                           'prior_v': 0.0,
                           'type': 'continuous'},
                    'bi': {'init_m': 'zeros',
                           'init_v': -4.5,
                           'prior_m': 0.0,
                           'prior_v': 0.0,
                           'type': 'continuous'},
                    'bo': {'init_m': 'zeros',
                           'init_v': -4.5,
                           'prior_m': 0.0,
                           'prior_v': 0.0,
                           'type': 'continuous'},
                    'discrete_act': [],
                    'layer_type': 'lstm',
                    'lr_adapt': False,
                    'parametrization': 'logits',
                    'tau': 1000.0,
                    'var_scope': 'lstm_1',
                    'wc': {'p0max': 0.95,
                           'p0min': 0.05,
                           'parametrization': 'sigmoid',
                           'pmax': 0.99,
                           'pmin': 0.01,
                           'priors': [0.1, 0.8, 0.1],
                           'type': 'ternary'},
                    'wf': {'p0max': 0.95,
                           'p0min': 0.05,
                           'parametrization': 'sigmoid',
                           'pmax': 0.99,
                           'pmin': 0.01,
                           'priors': [0.1, 0.8, 0.1],
                           'type': 'ternary'},
                    'wi': {'p0max': 0.95,
                           'p0min': 0.05,
                           'parametrization': 'sigmoid',
                           'pmax': 0.99,
                           'pmin': 0.01,
                           'priors': [0.1, 0.8, 0.1],
                           'type': 'ternary'},
                    'wo': {'p0max': 0.95,
                           'p0min': 0.05,
                           'parametrization': 'sigmoid',
                           'pmax': 0.99,
                           'pmin': 0.01,
                           'priors': [0.1, 0.8, 0.1],
                           'type': 'ternary'}},
                   {'b': {'init_m': 'zeros',
                          'init_v': -4.5,
                          'prior_m': 0.0,
                          'prior_v': 0.0,
                          'type': 'continuous'},
                    'layer_type': 'fc',
                    'lr_adapt': False,
                    'parametrization': 'logits',
                    'regularization': {'mode': None, 'strength': 0.02},
                    'tau': 1000.0,
                    'var_scope': 'output_layer',
                    'w': {'p0max': 0.95,
                          'p0min': 0.05,
                          'parametrization': 'sigmoid',
                          'pmax': 0.99,
                          'pmin': 0.01,
                          'priors': [0.1, 0.8, 0.1],
                          'type': 'ternary'}}],
 'layout': [4, 40, 40, 10],
 'output_type': 'classification'}
==============================


tr
(9940, 4, 40)
va
(2120, 4, 40)
te
(1780, 4, 40)
  0,  0 | TrAcc: 0.1742, TrLoss:  2.32910, VaAcc: 0.1836, VaLoss:  2.21404	 MAP NN | Acc: 0.1704 | Loss: 2.5266
  1,  0 | TrAcc: 0.2137, TrLoss:  2.26919, VaAcc: 0.2392, VaLoss:  2.16344	 MAP NN | Acc: 0.2284 | Loss: 2.2326
  2,  0 | TrAcc: 0.2222, TrLoss:  2.13801, VaAcc: 0.2272, VaLoss:  2.15603	 MAP NN | Acc: 0.2660 | Loss: 2.0646
  3,  0 | TrAcc: 0.2449, TrLoss:  2.10540, VaAcc: 0.3352, VaLoss:  1.96361	 MAP NN | Acc: 0.3160 | Loss: 1.8801
  4,  0 | TrAcc: 0.2840, TrLoss:  2.01719, VaAcc: 0.3040, VaLoss:  1.97382	 MAP NN | Acc: 0.3508 | Loss: 1.7326
  5,  0 | TrAcc: 0.2915, TrLoss:  2.01544, VaAcc: 0.3020, VaLoss:  2.01474	 MAP NN | Acc: 0.3912 | Loss: 1.6199
  6,  0 | TrAcc: 0.3337, TrLoss:  1.94404, VaAcc: 0.3384, VaLoss:  1.95656	 MAP NN | Acc: 0.4268 | Loss: 1.5451
  7,  0 | TrAcc: 0.3836, TrLoss:  1.87472, VaAcc: 0.4112, VaLoss:  1.78218	 MAP NN | Acc: 0.4508 | Loss: 1.5222
  8,  0 | TrAcc: 0.3615, TrLoss:  1.92115, VaAcc: 0.4120, VaLoss:  1.80112	 MAP NN | Acc: 0.4948 | Loss: 1.4204
  9,  0 | TrAcc: 0.4034, TrLoss:  1.79141, VaAcc: 0.3648, VaLoss:  1.92944	 MAP NN | Acc: 0.5288 | Loss: 1.3481
 10,  0 | TrAcc: 0.3831, TrLoss:  1.80679, VaAcc: 0.3760, VaLoss:  1.83154	 MAP NN | Acc: 0.5608 | Loss: 1.2668
 11,  0 | TrAcc: 0.4569, TrLoss:  1.71026, VaAcc: 0.4544, VaLoss:  1.66553	 MAP NN | Acc: 0.5728 | Loss: 1.2394
 12,  0 | TrAcc: 0.4467, TrLoss:  1.72537, VaAcc: 0.4312, VaLoss:  1.71858	 MAP NN | Acc: 0.5664 | Loss: 1.2619
 13,  0 | TrAcc: 0.4777, TrLoss:  1.65708, VaAcc: 0.4744, VaLoss:  1.58538	 MAP NN | Acc: 0.5828 | Loss: 1.2389
 14,  0 | TrAcc: 0.4845, TrLoss:  1.57733, VaAcc: 0.5008, VaLoss:  1.54830	 MAP NN | Acc: 0.5808 | Loss: 1.1760
 15,  0 | TrAcc: 0.5017, TrLoss:  1.56391, VaAcc: 0.4976, VaLoss:  1.55148	 MAP NN | Acc: 0.6088 | Loss: 1.1168
 16,  0 | TrAcc: 0.5472, TrLoss:  1.45329, VaAcc: 0.5440, VaLoss:  1.48031	 MAP NN | Acc: 0.6368 | Loss: 1.0107
 17,  0 | TrAcc: 0.5290, TrLoss:  1.46435, VaAcc: 0.5140, VaLoss:  1.46055	 MAP NN | Acc: 0.6408 | Loss: 0.9938
 18,  0 | TrAcc: 0.5542, TrLoss:  1.41859, VaAcc: 0.5576, VaLoss:  1.41196	 MAP NN | Acc: 0.6908 | Loss: 0.8945
 19,  0 | TrAcc: 0.5638, TrLoss:  1.41365, VaAcc: 0.6300, VaLoss:  1.25799	 MAP NN | Acc: 0.7088 | Loss: 0.8571
 20,  0 | TrAcc: 0.5616, TrLoss:  1.39376, VaAcc: 0.5688, VaLoss:  1.39140	 MAP NN | Acc: 0.7428 | Loss: 0.8026
 21,  0 | TrAcc: 0.5777, TrLoss:  1.34065, VaAcc: 0.5584, VaLoss:  1.37450	 MAP NN | Acc: 0.7548 | Loss: 0.7999
 22,  0 | TrAcc: 0.6137, TrLoss:  1.29790, VaAcc: 0.5916, VaLoss:  1.26478	 MAP NN | Acc: 0.7368 | Loss: 0.8609
 23,  0 | TrAcc: 0.5905, TrLoss:  1.33608, VaAcc: 0.5940, VaLoss:  1.31264	 MAP NN | Acc: 0.7584 | Loss: 0.8081
 24,  0 | TrAcc: 0.5968, TrLoss:  1.30741, VaAcc: 0.6152, VaLoss:  1.25478	 MAP NN | Acc: 0.7724 | Loss: 0.7575
 25,  0 | TrAcc: 0.5855, TrLoss:  1.32240, VaAcc: 0.5996, VaLoss:  1.25552	 MAP NN | Acc: 0.7804 | Loss: 0.7178
 26,  0 | TrAcc: 0.6350, TrLoss:  1.19817, VaAcc: 0.6524, VaLoss:  1.16087	 MAP NN | Acc: 0.8036 | Loss: 0.6880
 27,  0 | TrAcc: 0.6137, TrLoss:  1.23035, VaAcc: 0.5976, VaLoss:  1.20845	 MAP NN | Acc: 0.7996 | Loss: 0.6737
 28,  0 | TrAcc: 0.6544, TrLoss:  1.12702, VaAcc: 0.6388, VaLoss:  1.16047	 MAP NN | Acc: 0.8056 | Loss: 0.6686
 29,  0 | TrAcc: 0.6414, TrLoss:  1.17693, VaAcc: 0.6444, VaLoss:  1.14495	 MAP NN | Acc: 0.8076 | Loss: 0.6512
 30,  0 | TrAcc: 0.6819, TrLoss:  1.09919, VaAcc: 0.6512, VaLoss:  1.11043	 MAP NN | Acc: 0.8056 | Loss: 0.6603
 31,  0 | TrAcc: 0.6202, TrLoss:  1.23251, VaAcc: 0.6404, VaLoss:  1.17865	 MAP NN | Acc: 0.7976 | Loss: 0.6887
 32,  0 | TrAcc: 0.6670, TrLoss:  1.11216, VaAcc: 0.6776, VaLoss:  1.03695	 MAP NN | Acc: 0.7876 | Loss: 0.6799
 33,  0 | TrAcc: 0.6770, TrLoss:  1.07911, VaAcc: 0.6512, VaLoss:  1.19068	 MAP NN | Acc: 0.7996 | Loss: 0.6621
 34,  0 | TrAcc: 0.6977, TrLoss:  1.04309, VaAcc: 0.6424, VaLoss:  1.12063	 MAP NN | Acc: 0.7956 | Loss: 0.6708
 35,  0 | TrAcc: 0.6866, TrLoss:  1.04117, VaAcc: 0.6700, VaLoss:  1.03813	 MAP NN | Acc: 0.7816 | Loss: 0.6902
 36,  0 | TrAcc: 0.6696, TrLoss:  1.08353, VaAcc: 0.7232, VaLoss:  0.96283	 MAP NN | Acc: 0.7656 | Loss: 0.6927
 37,  0 | TrAcc: 0.6959, TrLoss:  1.02424, VaAcc: 0.6772, VaLoss:  1.02855	 MAP NN | Acc: 0.7676 | Loss: 0.6965
 38,  0 | TrAcc: 0.6770, TrLoss:  1.05048, VaAcc: 0.6424, VaLoss:  1.07698	 MAP NN | Acc: 0.7656 | Loss: 0.7147
 39,  0 | TrAcc: 0.7140, TrLoss:  0.99713, VaAcc: 0.6852, VaLoss:  1.00754	 MAP NN | Acc: 0.7616 | Loss: 0.7250
 40,  0 | TrAcc: 0.6631, TrLoss:  1.08786, VaAcc: 0.7268, VaLoss:  0.88629	 MAP NN | Acc: 0.7696 | Loss: 0.7286
 41,  0 | TrAcc: 0.7224, TrLoss:  0.94450, VaAcc: 0.7368, VaLoss:  0.93364	 MAP NN | Acc: 0.7836 | Loss: 0.7167
 42,  0 | TrAcc: 0.7145, TrLoss:  0.96352, VaAcc: 0.7460, VaLoss:  0.87636	 MAP NN | Acc: 0.7796 | Loss: 0.7056
 43,  0 | TrAcc: 0.7153, TrLoss:  0.94040, VaAcc: 0.7604, VaLoss:  0.81414	 MAP NN | Acc: 0.7836 | Loss: 0.6798
 44,  0 | TrAcc: 0.7220, TrLoss:  0.95358, VaAcc: 0.7012, VaLoss:  0.98446	 MAP NN | Acc: 0.7996 | Loss: 0.6577
 45,  0 | TrAcc: 0.7058, TrLoss:  0.94469, VaAcc: 0.7468, VaLoss:  0.90136	 MAP NN | Acc: 0.8096 | Loss: 0.6368
 46,  0 | TrAcc: 0.7125, TrLoss:  0.93100, VaAcc: 0.7424, VaLoss:  0.86769	 MAP NN | Acc: 0.8256 | Loss: 0.6164
 47,  0 | TrAcc: 0.7416, TrLoss:  0.87814, VaAcc: 0.7564, VaLoss:  0.83942	 MAP NN | Acc: 0.8016 | Loss: 0.6339
 48,  0 | TrAcc: 0.7160, TrLoss:  0.93418, VaAcc: 0.7696, VaLoss:  0.81640	 MAP NN | Acc: 0.8156 | Loss: 0.6181
 49,  0 | TrAcc: 0.7690, TrLoss:  0.79880, VaAcc: 0.7688, VaLoss:  0.80704	 MAP NN | Acc: 0.8336 | Loss: 0.5980
 50,  0 | TrAcc: 0.7692, TrLoss:  0.79656, VaAcc: 0.7288, VaLoss:  0.87540	 MAP NN | Acc: 0.8148 | Loss: 0.6159
 51,  0 | TrAcc: 0.7786, TrLoss:  0.77613, VaAcc: 0.7632, VaLoss:  0.83384	 MAP NN | Acc: 0.8328 | Loss: 0.5915
 52,  0 | TrAcc: 0.7353, TrLoss:  0.87817, VaAcc: 0.7560, VaLoss:  0.80467	 MAP NN | Acc: 0.8336 | Loss: 0.5833
 53,  0 | TrAcc: 0.7510, TrLoss:  0.85293, VaAcc: 0.7684, VaLoss:  0.80349	 MAP NN | Acc: 0.8308 | Loss: 0.6029
 54,  0 | TrAcc: 0.7717, TrLoss:  0.79875, VaAcc: 0.7244, VaLoss:  0.86527	 MAP NN | Acc: 0.8368 | Loss: 0.6028
 55,  0 | TrAcc: 0.7408, TrLoss:  0.85600, VaAcc: 0.7816, VaLoss:  0.76144	 MAP NN | Acc: 0.8508 | Loss: 0.5768
 56,  0 | TrAcc: 0.7376, TrLoss:  0.86462, VaAcc: 0.7680, VaLoss:  0.78219	 MAP NN | Acc: 0.8396 | Loss: 0.5686
 57,  0 | TrAcc: 0.7636, TrLoss:  0.80419, VaAcc: 0.7708, VaLoss:  0.81128	 MAP NN | Acc: 0.8508 | Loss: 0.5604
 58,  0 | TrAcc: 0.7692, TrLoss:  0.80717, VaAcc: 0.7708, VaLoss:  0.77886	 MAP NN | Acc: 0.8568 | Loss: 0.5521
 59,  0 | TrAcc: 0.7505, TrLoss:  0.84449, VaAcc: 0.7884, VaLoss:  0.74567	 MAP NN | Acc: 0.8528 | Loss: 0.5509
 60,  0 | TrAcc: 0.7304, TrLoss:  0.89411, VaAcc: 0.7780, VaLoss:  0.74385	 MAP NN | Acc: 0.8448 | Loss: 0.5564
 61,  0 | TrAcc: 0.7801, TrLoss:  0.75397, VaAcc: 0.7788, VaLoss:  0.75475	 MAP NN | Acc: 0.8448 | Loss: 0.5590
 62,  0 | TrAcc: 0.7555, TrLoss:  0.81315, VaAcc: 0.8112, VaLoss:  0.67296	 MAP NN | Acc: 0.8616 | Loss: 0.5263
 63,  0 | TrAcc: 0.7507, TrLoss:  0.83136, VaAcc: 0.8056, VaLoss:  0.67165	 MAP NN | Acc: 0.8616 | Loss: 0.5255
 64,  0 | TrAcc: 0.7846, TrLoss:  0.71026, VaAcc: 0.7884, VaLoss:  0.70702	 MAP NN | Acc: 0.8596 | Loss: 0.5336
 65,  0 | TrAcc: 0.8001, TrLoss:  0.70479, VaAcc: 0.7764, VaLoss:  0.72429	 MAP NN | Acc: 0.8536 | Loss: 0.5346
 66,  0 | TrAcc: 0.7654, TrLoss:  0.80730, VaAcc: 0.7788, VaLoss:  0.74562	 MAP NN | Acc: 0.8596 | Loss: 0.5307
 67,  0 | TrAcc: 0.7929, TrLoss:  0.70239, VaAcc: 0.8068, VaLoss:  0.66084	 MAP NN | Acc: 0.8616 | Loss: 0.5339
 68,  0 | TrAcc: 0.7877, TrLoss:  0.75454, VaAcc: 0.7716, VaLoss:  0.74155	 MAP NN | Acc: 0.8516 | Loss: 0.5745
 69,  0 | TrAcc: 0.7921, TrLoss:  0.71388, VaAcc: 0.8020, VaLoss:  0.65492	 MAP NN | Acc: 0.8516 | Loss: 0.5767
 70,  0 | TrAcc: 0.7722, TrLoss:  0.77459, VaAcc: 0.7844, VaLoss:  0.74922	 MAP NN | Acc: 0.8456 | Loss: 0.5650
 71,  0 | TrAcc: 0.7726, TrLoss:  0.75548, VaAcc: 0.8236, VaLoss:  0.64657	 MAP NN | Acc: 0.8528 | Loss: 0.5777
 72,  0 | TrAcc: 0.7933, TrLoss:  0.72384, VaAcc: 0.8132, VaLoss:  0.66023	 MAP NN | Acc: 0.8536 | Loss: 0.5653
 73,  0 | TrAcc: 0.8152, TrLoss:  0.63568, VaAcc: 0.8012, VaLoss:  0.67875	 MAP NN | Acc: 0.8556 | Loss: 0.5704
 74,  0 | TrAcc: 0.8148, TrLoss:  0.66084, VaAcc: 0.8256, VaLoss:  0.63852	 MAP NN | Acc: 0.8616 | Loss: 0.5680
 75,  0 | TrAcc: 0.7998, TrLoss:  0.68381, VaAcc: 0.8096, VaLoss:  0.68292	 MAP NN | Acc: 0.8656 | Loss: 0.5507
 76,  0 | TrAcc: 0.8064, TrLoss:  0.68743, VaAcc: 0.8388, VaLoss:  0.61421	 MAP NN | Acc: 0.8636 | Loss: 0.5262
 77,  0 | TrAcc: 0.8039, TrLoss:  0.67221, VaAcc: 0.8052, VaLoss:  0.67586	 MAP NN | Acc: 0.8636 | Loss: 0.5210
 78,  0 | TrAcc: 0.8098, TrLoss:  0.65062, VaAcc: 0.8416, VaLoss:  0.57395	 MAP NN | Acc: 0.8676 | Loss: 0.5246
 79,  0 | TrAcc: 0.7970, TrLoss:  0.73959, VaAcc: 0.8244, VaLoss:  0.60572	 MAP NN | Acc: 0.8636 | Loss: 0.5327
 80,  0 | TrAcc: 0.7974, TrLoss:  0.72028, VaAcc: 0.7880, VaLoss:  0.73394	 MAP NN | Acc: 0.8656 | Loss: 0.5127
 81,  0 | TrAcc: 0.8203, TrLoss:  0.60499, VaAcc: 0.7868, VaLoss:  0.72556	 MAP NN | Acc: 0.8636 | Loss: 0.5096
 82,  0 | TrAcc: 0.8052, TrLoss:  0.65894, VaAcc: 0.8036, VaLoss:  0.69052	 MAP NN | Acc: 0.8776 | Loss: 0.5070
 83,  0 | TrAcc: 0.8148, TrLoss:  0.66531, VaAcc: 0.8140, VaLoss:  0.63872	 MAP NN | Acc: 0.8696 | Loss: 0.5071
 84,  0 | TrAcc: 0.8010, TrLoss:  0.67297, VaAcc: 0.8296, VaLoss:  0.60824	 MAP NN | Acc: 0.8636 | Loss: 0.5125
 85,  0 | TrAcc: 0.8076, TrLoss:  0.69208, VaAcc: 0.8468, VaLoss:  0.59983	 MAP NN | Acc: 0.8656 | Loss: 0.4918
 86,  0 | TrAcc: 0.8198, TrLoss:  0.63204, VaAcc: 0.8160, VaLoss:  0.63276	 MAP NN | Acc: 0.8636 | Loss: 0.4891
 87,  0 | TrAcc: 0.8281, TrLoss:  0.62733, VaAcc: 0.8348, VaLoss:  0.58130	 MAP NN | Acc: 0.8616 | Loss: 0.4971
 88,  0 | TrAcc: 0.8165, TrLoss:  0.65907, VaAcc: 0.8216, VaLoss:  0.64397	 MAP NN | Acc: 0.8716 | Loss: 0.4867
 89,  0 | TrAcc: 0.8127, TrLoss:  0.67051, VaAcc: 0.8284, VaLoss:  0.58869	 MAP NN | Acc: 0.8716 | Loss: 0.4928
 90,  0 | TrAcc: 0.8346, TrLoss:  0.61826, VaAcc: 0.8312, VaLoss:  0.60211	 MAP NN | Acc: 0.8756 | Loss: 0.5060
 91,  0 | TrAcc: 0.8229, TrLoss:  0.61848, VaAcc: 0.8416, VaLoss:  0.57676	 MAP NN | Acc: 0.8676 | Loss: 0.5132
 92,  0 | TrAcc: 0.8221, TrLoss:  0.65769, VaAcc: 0.8536, VaLoss:  0.54635	 MAP NN | Acc: 0.8676 | Loss: 0.5073
 93,  0 | TrAcc: 0.8370, TrLoss:  0.56557, VaAcc: 0.8520, VaLoss:  0.54511	 MAP NN | Acc: 0.8716 | Loss: 0.4861
 94,  0 | TrAcc: 0.8220, TrLoss:  0.60254, VaAcc: 0.8424, VaLoss:  0.57429	 MAP NN | Acc: 0.8676 | Loss: 0.4873
 95,  0 | TrAcc: 0.8296, TrLoss:  0.57732, VaAcc: 0.8308, VaLoss:  0.57782	 MAP NN | Acc: 0.8756 | Loss: 0.4699
 96,  0 | TrAcc: 0.8316, TrLoss:  0.59107, VaAcc: 0.8244, VaLoss:  0.61591	 MAP NN | Acc: 0.8696 | Loss: 0.4838
 97,  0 | TrAcc: 0.7959, TrLoss:  0.66974, VaAcc: 0.8172, VaLoss:  0.60744	 MAP NN | Acc: 0.8596 | Loss: 0.5156
 98,  0 | TrAcc: 0.8352, TrLoss:  0.56048, VaAcc: 0.8264, VaLoss:  0.58399	 MAP NN | Acc: 0.8656 | Loss: 0.5019
 99,  0 | TrAcc: 0.8246, TrLoss:  0.59388, VaAcc: 0.8204, VaLoss:  0.61126	 MAP NN | Acc: 0.8676 | Loss: 0.4901
100,  0 | TrAcc: 0.8341, TrLoss:  0.57106, VaAcc: 0.8420, VaLoss:  0.55281	 MAP NN | Acc: 0.8676 | Loss: 0.4778
101,  0 | TrAcc: 0.8525, TrLoss:  0.54836, VaAcc: 0.8224, VaLoss:  0.60923	 MAP NN | Acc: 0.8656 | Loss: 0.4867
102,  0 | TrAcc: 0.8074, TrLoss:  0.65548, VaAcc: 0.8224, VaLoss:  0.59424	 MAP NN | Acc: 0.8716 | Loss: 0.4792
103,  0 | TrAcc: 0.8421, TrLoss:  0.55675, VaAcc: 0.8592, VaLoss:  0.51051	 MAP NN | Acc: 0.8736 | Loss: 0.4641
104,  0 | TrAcc: 0.8548, TrLoss:  0.51201, VaAcc: 0.8484, VaLoss:  0.53687	 MAP NN | Acc: 0.8716 | Loss: 0.4579
105,  0 | TrAcc: 0.8611, TrLoss:  0.50532, VaAcc: 0.8236, VaLoss:  0.59782	 MAP NN | Acc: 0.8776 | Loss: 0.4581
106,  0 | TrAcc: 0.8500, TrLoss:  0.52680, VaAcc: 0.8456, VaLoss:  0.54842	 MAP NN | Acc: 0.8756 | Loss: 0.4657
107,  0 | TrAcc: 0.8180, TrLoss:  0.63420, VaAcc: 0.8568, VaLoss:  0.51605	 MAP NN | Acc: 0.8696 | Loss: 0.4767
108,  0 | TrAcc: 0.8450, TrLoss:  0.55938, VaAcc: 0.8424, VaLoss:  0.58963	 MAP NN | Acc: 0.8676 | Loss: 0.5010
109,  0 | TrAcc: 0.8366, TrLoss:  0.57413, VaAcc: 0.8416, VaLoss:  0.55410	 MAP NN | Acc: 0.8736 | Loss: 0.4816
110,  0 | TrAcc: 0.8444, TrLoss:  0.53961, VaAcc: 0.8524, VaLoss:  0.51710	 MAP NN | Acc: 0.8756 | Loss: 0.4703
111,  0 | TrAcc: 0.8482, TrLoss:  0.53335, VaAcc: 0.8540, VaLoss:  0.53530	 MAP NN | Acc: 0.8776 | Loss: 0.4683
112,  0 | TrAcc: 0.8418, TrLoss:  0.55468, VaAcc: 0.8564, VaLoss:  0.50730	 MAP NN | Acc: 0.8796 | Loss: 0.4589
113,  0 | TrAcc: 0.8143, TrLoss:  0.61982, VaAcc: 0.8492, VaLoss:  0.53728	 MAP NN | Acc: 0.8816 | Loss: 0.4669
114,  0 | TrAcc: 0.8166, TrLoss:  0.62005, VaAcc: 0.8564, VaLoss:  0.48451	 MAP NN | Acc: 0.8736 | Loss: 0.4653
115,  0 | TrAcc: 0.8546, TrLoss:  0.50495, VaAcc: 0.8604, VaLoss:  0.48984	 MAP NN | Acc: 0.8696 | Loss: 0.4842
116,  0 | TrAcc: 0.8550, TrLoss:  0.50805, VaAcc: 0.8560, VaLoss:  0.51468	 MAP NN | Acc: 0.8736 | Loss: 0.4507
117,  0 | TrAcc: 0.8480, TrLoss:  0.54523, VaAcc: 0.8516, VaLoss:  0.54514	 MAP NN | Acc: 0.8776 | Loss: 0.4475
118,  0 | TrAcc: 0.8432, TrLoss:  0.53816, VaAcc: 0.8476, VaLoss:  0.53265	 MAP NN | Acc: 0.8796 | Loss: 0.4464
119,  0 | TrAcc: 0.8532, TrLoss:  0.51790, VaAcc: 0.8452, VaLoss:  0.52220	 MAP NN | Acc: 0.8756 | Loss: 0.4394
120,  0 | TrAcc: 0.8478, TrLoss:  0.52539, VaAcc: 0.8328, VaLoss:  0.57872	 MAP NN | Acc: 0.8756 | Loss: 0.4302
121,  0 | TrAcc: 0.8421, TrLoss:  0.56435, VaAcc: 0.8360, VaLoss:  0.56369	 MAP NN | Acc: 0.8856 | Loss: 0.4213
122,  0 | TrAcc: 0.8405, TrLoss:  0.53969, VaAcc: 0.8584, VaLoss:  0.49683	 MAP NN | Acc: 0.8956 | Loss: 0.4277
123,  0 | TrAcc: 0.8468, TrLoss:  0.51172, VaAcc: 0.8600, VaLoss:  0.49165	 MAP NN | Acc: 0.8936 | Loss: 0.4226
124,  0 | TrAcc: 0.8362, TrLoss:  0.55126, VaAcc: 0.8536, VaLoss:  0.52450	 MAP NN | Acc: 0.8856 | Loss: 0.4170
125,  0 | TrAcc: 0.8403, TrLoss:  0.57248, VaAcc: 0.8504, VaLoss:  0.51064	 MAP NN | Acc: 0.8856 | Loss: 0.4214
126,  0 | TrAcc: 0.8512, TrLoss:  0.50113, VaAcc: 0.8540, VaLoss:  0.49709	 MAP NN | Acc: 0.8856 | Loss: 0.4168
127,  0 | TrAcc: 0.8527, TrLoss:  0.51259, VaAcc: 0.8688, VaLoss:  0.45974	 MAP NN | Acc: 0.8876 | Loss: 0.4012
128,  0 | TrAcc: 0.8736, TrLoss:  0.44825, VaAcc: 0.8552, VaLoss:  0.50159	 MAP NN | Acc: 0.8996 | Loss: 0.3912
129,  0 | TrAcc: 0.8570, TrLoss:  0.49503, VaAcc: 0.8636, VaLoss:  0.50625	 MAP NN | Acc: 0.8976 | Loss: 0.3848
130,  0 | TrAcc: 0.8353, TrLoss:  0.57374, VaAcc: 0.8692, VaLoss:  0.46894	 MAP NN | Acc: 0.8956 | Loss: 0.3881
131,  0 | TrAcc: 0.8568, TrLoss:  0.51068, VaAcc: 0.8516, VaLoss:  0.51170	 MAP NN | Acc: 0.8976 | Loss: 0.3854
132,  0 | TrAcc: 0.8606, TrLoss:  0.50479, VaAcc: 0.8832, VaLoss:  0.44222	 MAP NN | Acc: 0.9016 | Loss: 0.3845
133,  0 | TrAcc: 0.8479, TrLoss:  0.52649, VaAcc: 0.8788, VaLoss:  0.45759	 MAP NN | Acc: 0.8876 | Loss: 0.3829
134,  0 | TrAcc: 0.8371, TrLoss:  0.55078, VaAcc: 0.8716, VaLoss:  0.44938	 MAP NN | Acc: 0.8876 | Loss: 0.4151
135,  0 | TrAcc: 0.8517, TrLoss:  0.50502, VaAcc: 0.8632, VaLoss:  0.47818	 MAP NN | Acc: 0.8816 | Loss: 0.4132
136,  0 | TrAcc: 0.8490, TrLoss:  0.51659, VaAcc: 0.8676, VaLoss:  0.47737	 MAP NN | Acc: 0.8916 | Loss: 0.4099
137,  0 | TrAcc: 0.8639, TrLoss:  0.46456, VaAcc: 0.8588, VaLoss:  0.52990	 MAP NN | Acc: 0.8996 | Loss: 0.4099
138,  0 | TrAcc: 0.8586, TrLoss:  0.50442, VaAcc: 0.8624, VaLoss:  0.49429	 MAP NN | Acc: 0.9036 | Loss: 0.3947
139,  0 | TrAcc: 0.8383, TrLoss:  0.54006, VaAcc: 0.8724, VaLoss:  0.45373	 MAP NN | Acc: 0.9036 | Loss: 0.3874
140,  0 | TrAcc: 0.8624, TrLoss:  0.46513, VaAcc: 0.8900, VaLoss:  0.42148	 MAP NN | Acc: 0.8996 | Loss: 0.3704
141,  0 | TrAcc: 0.8671, TrLoss:  0.46620, VaAcc: 0.8680, VaLoss:  0.47794	 MAP NN | Acc: 0.9016 | Loss: 0.3681
142,  0 | TrAcc: 0.8544, TrLoss:  0.49646, VaAcc: 0.8820, VaLoss:  0.43760	 MAP NN | Acc: 0.8976 | Loss: 0.3803
143,  0 | TrAcc: 0.8780, TrLoss:  0.42721, VaAcc: 0.8592, VaLoss:  0.48341	 MAP NN | Acc: 0.9036 | Loss: 0.3703
144,  0 | TrAcc: 0.8491, TrLoss:  0.51307, VaAcc: 0.8576, VaLoss:  0.47847	 MAP NN | Acc: 0.8956 | Loss: 0.3737
145,  0 | TrAcc: 0.8605, TrLoss:  0.48530, VaAcc: 0.8484, VaLoss:  0.50055	 MAP NN | Acc: 0.8996 | Loss: 0.3594
146,  0 | TrAcc: 0.8674, TrLoss:  0.47957, VaAcc: 0.8516, VaLoss:  0.49453	 MAP NN | Acc: 0.9036 | Loss: 0.3592
147,  0 | TrAcc: 0.8686, TrLoss:  0.47050, VaAcc: 0.8740, VaLoss:  0.46758	 MAP NN | Acc: 0.9036 | Loss: 0.3557
148,  0 | TrAcc: 0.8389, TrLoss:  0.54190, VaAcc: 0.8796, VaLoss:  0.43115	 MAP NN | Acc: 0.8976 | Loss: 0.3571
149,  0 | TrAcc: 0.8609, TrLoss:  0.50166, VaAcc: 0.8556, VaLoss:  0.49628	 MAP NN | Acc: 0.9016 | Loss: 0.3662
150,  0 | TrAcc: 0.8558, TrLoss:  0.48503, VaAcc: 0.8848, VaLoss:  0.43996	 MAP NN | Acc: 0.8956 | Loss: 0.3680
151,  0 | TrAcc: 0.8604, TrLoss:  0.47547, VaAcc: 0.8708, VaLoss:  0.44893	 MAP NN | Acc: 0.9056 | Loss: 0.3554
152,  0 | TrAcc: 0.8559, TrLoss:  0.51367, VaAcc: 0.8832, VaLoss:  0.43195	 MAP NN | Acc: 0.9076 | Loss: 0.3551
153,  0 | TrAcc: 0.8627, TrLoss:  0.46982, VaAcc: 0.8768, VaLoss:  0.43657	 MAP NN | Acc: 0.9096 | Loss: 0.3535
154,  0 | TrAcc: 0.8688, TrLoss:  0.43590, VaAcc: 0.8668, VaLoss:  0.46388	 MAP NN | Acc: 0.9076 | Loss: 0.3533
155,  0 | TrAcc: 0.8749, TrLoss:  0.44022, VaAcc: 0.8548, VaLoss:  0.48592	 MAP NN | Acc: 0.9036 | Loss: 0.3396
156,  0 | TrAcc: 0.8780, TrLoss:  0.43759, VaAcc: 0.8628, VaLoss:  0.45862	 MAP NN | Acc: 0.9076 | Loss: 0.3354
157,  0 | TrAcc: 0.8680, TrLoss:  0.44323, VaAcc: 0.8588, VaLoss:  0.47700	 MAP NN | Acc: 0.9056 | Loss: 0.3309
158,  0 | TrAcc: 0.8748, TrLoss:  0.43938, VaAcc: 0.8680, VaLoss:  0.45813	 MAP NN | Acc: 0.9116 | Loss: 0.3257
159,  0 | TrAcc: 0.8553, TrLoss:  0.48481, VaAcc: 0.8536, VaLoss:  0.49083	 MAP NN | Acc: 0.9056 | Loss: 0.3416
160,  0 | TrAcc: 0.8506, TrLoss:  0.51169, VaAcc: 0.8808, VaLoss:  0.41653	 MAP NN | Acc: 0.9036 | Loss: 0.3559
161,  0 | TrAcc: 0.8615, TrLoss:  0.47204, VaAcc: 0.8800, VaLoss:  0.42054	 MAP NN | Acc: 0.9056 | Loss: 0.3511
162,  0 | TrAcc: 0.8486, TrLoss:  0.52083, VaAcc: 0.8680, VaLoss:  0.46776	 MAP NN | Acc: 0.9116 | Loss: 0.3500
163,  0 | TrAcc: 0.8571, TrLoss:  0.49934, VaAcc: 0.8544, VaLoss:  0.50672	 MAP NN | Acc: 0.9096 | Loss: 0.3456
164,  0 | TrAcc: 0.8584, TrLoss:  0.50059, VaAcc: 0.8680, VaLoss:  0.46667	 MAP NN | Acc: 0.9116 | Loss: 0.3472
165,  0 | TrAcc: 0.8651, TrLoss:  0.45151, VaAcc: 0.8788, VaLoss:  0.43623	 MAP NN | Acc: 0.9056 | Loss: 0.3544
166,  0 | TrAcc: 0.8708, TrLoss:  0.44220, VaAcc: 0.8696, VaLoss:  0.46360	 MAP NN | Acc: 0.9076 | Loss: 0.3523
167,  0 | TrAcc: 0.8654, TrLoss:  0.45283, VaAcc: 0.8880, VaLoss:  0.39896	 MAP NN | Acc: 0.9036 | Loss: 0.3456
168,  0 | TrAcc: 0.8588, TrLoss:  0.47932, VaAcc: 0.8564, VaLoss:  0.48388	 MAP NN | Acc: 0.8996 | Loss: 0.3377
169,  0 | TrAcc: 0.8550, TrLoss:  0.49116, VaAcc: 0.8936, VaLoss:  0.39443	 MAP NN | Acc: 0.9056 | Loss: 0.3300
170,  0 | TrAcc: 0.8884, TrLoss:  0.38312, VaAcc: 0.8800, VaLoss:  0.42378	 MAP NN | Acc: 0.9056 | Loss: 0.3289
171,  0 | TrAcc: 0.8738, TrLoss:  0.43190, VaAcc: 0.8756, VaLoss:  0.44573	 MAP NN | Acc: 0.8956 | Loss: 0.3382
172,  0 | TrAcc: 0.8907, TrLoss:  0.38558, VaAcc: 0.8704, VaLoss:  0.45425	 MAP NN | Acc: 0.8976 | Loss: 0.3384
173,  0 | TrAcc: 0.8656, TrLoss:  0.46365, VaAcc: 0.8672, VaLoss:  0.46529	 MAP NN | Acc: 0.8956 | Loss: 0.3379
174,  0 | TrAcc: 0.8612, TrLoss:  0.47086, VaAcc: 0.8684, VaLoss:  0.43481	 MAP NN | Acc: 0.8876 | Loss: 0.3580
175,  0 | TrAcc: 0.8735, TrLoss:  0.43814, VaAcc: 0.8852, VaLoss:  0.40130	 MAP NN | Acc: 0.8916 | Loss: 0.3597
176,  0 | TrAcc: 0.8830, TrLoss:  0.41698, VaAcc: 0.8868, VaLoss:  0.38830	 MAP NN | Acc: 0.8856 | Loss: 0.3720
177,  0 | TrAcc: 0.8621, TrLoss:  0.46446, VaAcc: 0.8776, VaLoss:  0.45139	 MAP NN | Acc: 0.8856 | Loss: 0.3728
178,  0 | TrAcc: 0.8853, TrLoss:  0.40862, VaAcc: 0.8860, VaLoss:  0.39638	 MAP NN | Acc: 0.8916 | Loss: 0.3540
179,  0 | TrAcc: 0.8688, TrLoss:  0.46099, VaAcc: 0.8832, VaLoss:  0.41531	 MAP NN | Acc: 0.9076 | Loss: 0.3344
180,  0 | TrAcc: 0.8697, TrLoss:  0.43158, VaAcc: 0.8924, VaLoss:  0.38830	 MAP NN | Acc: 0.9036 | Loss: 0.3308
181,  0 | TrAcc: 0.8718, TrLoss:  0.43384, VaAcc: 0.8884, VaLoss:  0.42029	 MAP NN | Acc: 0.9036 | Loss: 0.3324
182,  0 | TrAcc: 0.8733, TrLoss:  0.42628, VaAcc: 0.8936, VaLoss:  0.38092	 MAP NN | Acc: 0.8976 | Loss: 0.3434
183,  0 | TrAcc: 0.8716, TrLoss:  0.44301, VaAcc: 0.8756, VaLoss:  0.42115	 MAP NN | Acc: 0.8976 | Loss: 0.3263
184,  0 | TrAcc: 0.8735, TrLoss:  0.41106, VaAcc: 0.8772, VaLoss:  0.42767	 MAP NN | Acc: 0.8996 | Loss: 0.3260
185,  0 | TrAcc: 0.8764, TrLoss:  0.42852, VaAcc: 0.8788, VaLoss:  0.42505	 MAP NN | Acc: 0.9016 | Loss: 0.3258
186,  0 | TrAcc: 0.8901, TrLoss:  0.38826, VaAcc: 0.8816, VaLoss:  0.44046	 MAP NN | Acc: 0.9036 | Loss: 0.3213
187,  0 | TrAcc: 0.8744, TrLoss:  0.43217, VaAcc: 0.8920, VaLoss:  0.40641	 MAP NN | Acc: 0.9076 | Loss: 0.3150
188,  0 | TrAcc: 0.8965, TrLoss:  0.35802, VaAcc: 0.8772, VaLoss:  0.42944	 MAP NN | Acc: 0.9116 | Loss: 0.3115
189,  0 | TrAcc: 0.8689, TrLoss:  0.45080, VaAcc: 0.8852, VaLoss:  0.39792	 MAP NN | Acc: 0.9056 | Loss: 0.3208
190,  0 | TrAcc: 0.8832, TrLoss:  0.41450, VaAcc: 0.8840, VaLoss:  0.42509	 MAP NN | Acc: 0.9116 | Loss: 0.3163
191,  0 | TrAcc: 0.8738, TrLoss:  0.42718, VaAcc: 0.8732, VaLoss:  0.44523	 MAP NN | Acc: 0.9116 | Loss: 0.3153
192,  0 | TrAcc: 0.8747, TrLoss:  0.42368, VaAcc: 0.8840, VaLoss:  0.41139	 MAP NN | Acc: 0.9056 | Loss: 0.3201
193,  0 | TrAcc: 0.8496, TrLoss:  0.50520, VaAcc: 0.8788, VaLoss:  0.42166	 MAP NN | Acc: 0.9096 | Loss: 0.3102
194,  0 | TrAcc: 0.8757, TrLoss:  0.43166, VaAcc: 0.8872, VaLoss:  0.40771	 MAP NN | Acc: 0.9156 | Loss: 0.3047
195,  0 | TrAcc: 0.8784, TrLoss:  0.40761, VaAcc: 0.8828, VaLoss:  0.40034	 MAP NN | Acc: 0.9156 | Loss: 0.3049
196,  0 | TrAcc: 0.8792, TrLoss:  0.41274, VaAcc: 0.8888, VaLoss:  0.38916	 MAP NN | Acc: 0.9156 | Loss: 0.3033
197,  0 | TrAcc: 0.8719, TrLoss:  0.43458, VaAcc: 0.8744, VaLoss:  0.42411	 MAP NN | Acc: 0.9136 | Loss: 0.2990
198,  0 | TrAcc: 0.8753, TrLoss:  0.42817, VaAcc: 0.8872, VaLoss:  0.39854	 MAP NN | Acc: 0.9096 | Loss: 0.3012
199,  0 | TrAcc: 0.8631, TrLoss:  0.44938, VaAcc: 0.8984, VaLoss:  0.36088	 MAP NN | Acc: 0.9056 | Loss: 0.2951
200,  0 | TrAcc: 0.8878, TrLoss:  0.39757, VaAcc: 0.8872, VaLoss:  0.39540	 MAP NN | Acc: 0.9156 | Loss: 0.2880
201,  0 | TrAcc: 0.8721, TrLoss:  0.43555, VaAcc: 0.8936, VaLoss:  0.38137	 MAP NN | Acc: 0.9136 | Loss: 0.2935
202,  0 | TrAcc: 0.8680, TrLoss:  0.44158, VaAcc: 0.8856, VaLoss:  0.39155	 MAP NN | Acc: 0.9136 | Loss: 0.2937
203,  0 | TrAcc: 0.8650, TrLoss:  0.47441, VaAcc: 0.8744, VaLoss:  0.42619	 MAP NN | Acc: 0.9116 | Loss: 0.2901
204,  0 | TrAcc: 0.8924, TrLoss:  0.37228, VaAcc: 0.8836, VaLoss:  0.38906	 MAP NN | Acc: 0.9096 | Loss: 0.2884
205,  0 | TrAcc: 0.8837, TrLoss:  0.41343, VaAcc: 0.8852, VaLoss:  0.41225	 MAP NN | Acc: 0.9116 | Loss: 0.2862
206,  0 | TrAcc: 0.8884, TrLoss:  0.38365, VaAcc: 0.8916, VaLoss:  0.37987	 MAP NN | Acc: 0.9136 | Loss: 0.2767
207,  0 | TrAcc: 0.8756, TrLoss:  0.43254, VaAcc: 0.8896, VaLoss:  0.38001	 MAP NN | Acc: 0.9176 | Loss: 0.2712
208,  0 | TrAcc: 0.8859, TrLoss:  0.39524, VaAcc: 0.8816, VaLoss:  0.41887	 MAP NN | Acc: 0.9116 | Loss: 0.2799
209,  0 | TrAcc: 0.8855, TrLoss:  0.39773, VaAcc: 0.8732, VaLoss:  0.42930	 MAP NN | Acc: 0.9116 | Loss: 0.2815
210,  0 | TrAcc: 0.8799, TrLoss:  0.40787, VaAcc: 0.8968, VaLoss:  0.37153	 MAP NN | Acc: 0.9056 | Loss: 0.2884
211,  0 | TrAcc: 0.8919, TrLoss:  0.36522, VaAcc: 0.8980, VaLoss:  0.37490	 MAP NN | Acc: 0.9136 | Loss: 0.2907
212,  0 | TrAcc: 0.8978, TrLoss:  0.35619, VaAcc: 0.8872, VaLoss:  0.38813	 MAP NN | Acc: 0.9096 | Loss: 0.2929
213,  0 | TrAcc: 0.8903, TrLoss:  0.38113, VaAcc: 0.8892, VaLoss:  0.39651	 MAP NN | Acc: 0.9136 | Loss: 0.2928
214,  0 | TrAcc: 0.8682, TrLoss:  0.43604, VaAcc: 0.8896, VaLoss:  0.37920	 MAP NN | Acc: 0.9036 | Loss: 0.3033
215,  0 | TrAcc: 0.8973, TrLoss:  0.35062, VaAcc: 0.8992, VaLoss:  0.37525	 MAP NN | Acc: 0.9056 | Loss: 0.3025
216,  0 | TrAcc: 0.8740, TrLoss:  0.42331, VaAcc: 0.8884, VaLoss:  0.38462	 MAP NN | Acc: 0.9056 | Loss: 0.2939
217,  0 | TrAcc: 0.8936, TrLoss:  0.36122, VaAcc: 0.8888, VaLoss:  0.38709	 MAP NN | Acc: 0.9056 | Loss: 0.2891
218,  0 | TrAcc: 0.8864, TrLoss:  0.39518, VaAcc: 0.8896, VaLoss:  0.39179	 MAP NN | Acc: 0.9096 | Loss: 0.2898
219,  0 | TrAcc: 0.8914, TrLoss:  0.36973, VaAcc: 0.8948, VaLoss:  0.37471	 MAP NN | Acc: 0.9096 | Loss: 0.2861
220,  0 | TrAcc: 0.8866, TrLoss:  0.39692, VaAcc: 0.8904, VaLoss:  0.37436	 MAP NN | Acc: 0.9156 | Loss: 0.2796
221,  0 | TrAcc: 0.8814, TrLoss:  0.42095, VaAcc: 0.8984, VaLoss:  0.35569	 MAP NN | Acc: 0.9176 | Loss: 0.2836
222,  0 | TrAcc: 0.8827, TrLoss:  0.37379, VaAcc: 0.8840, VaLoss:  0.40194	 MAP NN | Acc: 0.9116 | Loss: 0.2799
223,  0 | TrAcc: 0.8900, TrLoss:  0.36425, VaAcc: 0.8952, VaLoss:  0.36844	 MAP NN | Acc: 0.9176 | Loss: 0.2781
224,  0 | TrAcc: 0.8692, TrLoss:  0.42210, VaAcc: 0.9092, VaLoss:  0.33458	 MAP NN | Acc: 0.9156 | Loss: 0.2736
225,  0 | TrAcc: 0.9021, TrLoss:  0.33854, VaAcc: 0.8996, VaLoss:  0.36576	 MAP NN | Acc: 0.9156 | Loss: 0.2806
226,  0 | TrAcc: 0.8974, TrLoss:  0.37784, VaAcc: 0.8968, VaLoss:  0.36809	 MAP NN | Acc: 0.9136 | Loss: 0.2821
227,  0 | TrAcc: 0.8907, TrLoss:  0.35824, VaAcc: 0.8948, VaLoss:  0.37482	 MAP NN | Acc: 0.9136 | Loss: 0.2783
228,  0 | TrAcc: 0.8835, TrLoss:  0.41115, VaAcc: 0.8952, VaLoss:  0.36293	 MAP NN | Acc: 0.9116 | Loss: 0.2737
229,  0 | TrAcc: 0.8830, TrLoss:  0.38938, VaAcc: 0.8920, VaLoss:  0.38475	 MAP NN | Acc: 0.9136 | Loss: 0.2689
230,  0 | TrAcc: 0.8688, TrLoss:  0.42714, VaAcc: 0.8904, VaLoss:  0.37797	 MAP NN | Acc: 0.9156 | Loss: 0.2749
231,  0 | TrAcc: 0.8913, TrLoss:  0.37904, VaAcc: 0.8992, VaLoss:  0.37026	 MAP NN | Acc: 0.9176 | Loss: 0.2720
232,  0 | TrAcc: 0.8717, TrLoss:  0.43825, VaAcc: 0.8996, VaLoss:  0.35752	 MAP NN | Acc: 0.9176 | Loss: 0.2803
233,  0 | TrAcc: 0.8788, TrLoss:  0.40006, VaAcc: 0.8800, VaLoss:  0.39602	 MAP NN | Acc: 0.9156 | Loss: 0.2867
234,  0 | TrAcc: 0.8926, TrLoss:  0.37139, VaAcc: 0.8984, VaLoss:  0.36797	 MAP NN | Acc: 0.9116 | Loss: 0.2897
235,  0 | TrAcc: 0.8882, TrLoss:  0.36205, VaAcc: 0.8804, VaLoss:  0.41697	 MAP NN | Acc: 0.9096 | Loss: 0.2914
236,  0 | TrAcc: 0.8661, TrLoss:  0.43307, VaAcc: 0.8896, VaLoss:  0.37994	 MAP NN | Acc: 0.9096 | Loss: 0.2969
237,  0 | TrAcc: 0.8805, TrLoss:  0.42116, VaAcc: 0.8908, VaLoss:  0.39127	 MAP NN | Acc: 0.9076 | Loss: 0.2876
238,  0 | TrAcc: 0.8992, TrLoss:  0.35652, VaAcc: 0.8896, VaLoss:  0.37718	 MAP NN | Acc: 0.9116 | Loss: 0.2767
239,  0 | TrAcc: 0.8959, TrLoss:  0.35492, VaAcc: 0.8788, VaLoss:  0.40447	 MAP NN | Acc: 0.9116 | Loss: 0.2784
240,  0 | TrAcc: 0.8868, TrLoss:  0.38525, VaAcc: 0.8996, VaLoss:  0.35969	 MAP NN | Acc: 0.9136 | Loss: 0.2815
241,  0 | TrAcc: 0.9079, TrLoss:  0.32356, VaAcc: 0.8896, VaLoss:  0.37709	 MAP NN | Acc: 0.9156 | Loss: 0.2789
242,  0 | TrAcc: 0.8859, TrLoss:  0.38241, VaAcc: 0.8976, VaLoss:  0.35116	 MAP NN | Acc: 0.9156 | Loss: 0.2717
243,  0 | TrAcc: 0.8979, TrLoss:  0.34515, VaAcc: 0.8948, VaLoss:  0.35634	 MAP NN | Acc: 0.9196 | Loss: 0.2707
244,  0 | TrAcc: 0.8884, TrLoss:  0.38514, VaAcc: 0.9008, VaLoss:  0.33712	 MAP NN | Acc: 0.9196 | Loss: 0.2727
245,  0 | TrAcc: 0.8850, TrLoss:  0.38970, VaAcc: 0.8880, VaLoss:  0.39030	 MAP NN | Acc: 0.9196 | Loss: 0.2720
246,  0 | TrAcc: 0.8902, TrLoss:  0.37509, VaAcc: 0.8936, VaLoss:  0.36925	 MAP NN | Acc: 0.9136 | Loss: 0.2747
247,  0 | TrAcc: 0.8949, TrLoss:  0.36075, VaAcc: 0.8996, VaLoss:  0.36179	 MAP NN | Acc: 0.9196 | Loss: 0.2741
248,  0 | TrAcc: 0.8984, TrLoss:  0.34437, VaAcc: 0.8700, VaLoss:  0.44331	 MAP NN | Acc: 0.9136 | Loss: 0.2756
249,  0 | TrAcc: 0.8848, TrLoss:  0.39439, VaAcc: 0.8912, VaLoss:  0.37405	 MAP NN | Acc: 0.9196 | Loss: 0.2754
250,  0 | TrAcc: 0.9005, TrLoss:  0.34042, VaAcc: 0.8836, VaLoss:  0.41347	 MAP NN | Acc: 0.9176 | Loss: 0.2828
251,  0 | TrAcc: 0.8971, TrLoss:  0.34023, VaAcc: 0.8876, VaLoss:  0.37838	 MAP NN | Acc: 0.9116 | Loss: 0.2867
252,  0 | TrAcc: 0.8929, TrLoss:  0.37217, VaAcc: 0.8900, VaLoss:  0.37338	 MAP NN | Acc: 0.9216 | Loss: 0.2769
253,  0 | TrAcc: 0.8900, TrLoss:  0.36970, VaAcc: 0.8996, VaLoss:  0.34513	 MAP NN | Acc: 0.9216 | Loss: 0.2706
254,  0 | TrAcc: 0.8933, TrLoss:  0.36524, VaAcc: 0.8876, VaLoss:  0.38586	 MAP NN | Acc: 0.9196 | Loss: 0.2652
255,  0 | TrAcc: 0.9014, TrLoss:  0.35858, VaAcc: 0.8952, VaLoss:  0.37907	 MAP NN | Acc: 0.9236 | Loss: 0.2662
256,  0 | TrAcc: 0.8875, TrLoss:  0.36007, VaAcc: 0.8952, VaLoss:  0.38949	 MAP NN | Acc: 0.9156 | Loss: 0.2715
257,  0 | TrAcc: 0.9014, TrLoss:  0.34404, VaAcc: 0.8956, VaLoss:  0.36150	 MAP NN | Acc: 0.9256 | Loss: 0.2742
258,  0 | TrAcc: 0.8896, TrLoss:  0.37940, VaAcc: 0.8904, VaLoss:  0.39011	 MAP NN | Acc: 0.9276 | Loss: 0.2702
259,  0 | TrAcc: 0.8867, TrLoss:  0.37298, VaAcc: 0.8952, VaLoss:  0.35640	 MAP NN | Acc: 0.9276 | Loss: 0.2666
260,  0 | TrAcc: 0.8974, TrLoss:  0.35043, VaAcc: 0.8920, VaLoss:  0.37721	 MAP NN | Acc: 0.9256 | Loss: 0.2550
261,  0 | TrAcc: 0.9042, TrLoss:  0.33390, VaAcc: 0.8988, VaLoss:  0.37136	 MAP NN | Acc: 0.9236 | Loss: 0.2595
262,  0 | TrAcc: 0.8835, TrLoss:  0.41058, VaAcc: 0.8844, VaLoss:  0.39188	 MAP NN | Acc: 0.9256 | Loss: 0.2574
263,  0 | TrAcc: 0.8915, TrLoss:  0.37478, VaAcc: 0.8996, VaLoss:  0.33754	 MAP NN | Acc: 0.9356 | Loss: 0.2613
264,  0 | TrAcc: 0.9018, TrLoss:  0.33998, VaAcc: 0.8960, VaLoss:  0.36151	 MAP NN | Acc: 0.9236 | Loss: 0.2721
265,  0 | TrAcc: 0.9044, TrLoss:  0.32739, VaAcc: 0.8948, VaLoss:  0.36392	 MAP NN | Acc: 0.9256 | Loss: 0.2712
266,  0 | TrAcc: 0.8881, TrLoss:  0.37316, VaAcc: 0.8912, VaLoss:  0.35468	 MAP NN | Acc: 0.9276 | Loss: 0.2654
267,  0 | TrAcc: 0.8878, TrLoss:  0.36449, VaAcc: 0.8912, VaLoss:  0.37408	 MAP NN | Acc: 0.9296 | Loss: 0.2599
268,  0 | TrAcc: 0.8921, TrLoss:  0.35835, VaAcc: 0.9024, VaLoss:  0.34524	 MAP NN | Acc: 0.9256 | Loss: 0.2703
269,  0 | TrAcc: 0.9029, TrLoss:  0.32382, VaAcc: 0.9088, VaLoss:  0.33369	 MAP NN | Acc: 0.9296 | Loss: 0.2690
270,  0 | TrAcc: 0.8941, TrLoss:  0.35433, VaAcc: 0.8980, VaLoss:  0.34270	 MAP NN | Acc: 0.9236 | Loss: 0.2721
271,  0 | TrAcc: 0.8991, TrLoss:  0.34646, VaAcc: 0.9032, VaLoss:  0.35312	 MAP NN | Acc: 0.9236 | Loss: 0.2733
272,  0 | TrAcc: 0.9076, TrLoss:  0.31864, VaAcc: 0.8908, VaLoss:  0.37972	 MAP NN | Acc: 0.9256 | Loss: 0.2688
273,  0 | TrAcc: 0.8999, TrLoss:  0.32888, VaAcc: 0.9024, VaLoss:  0.35632	 MAP NN | Acc: 0.9316 | Loss: 0.2563
274,  0 | TrAcc: 0.9000, TrLoss:  0.35167, VaAcc: 0.9044, VaLoss:  0.36484	 MAP NN | Acc: 0.9296 | Loss: 0.2567
275,  0 | TrAcc: 0.8984, TrLoss:  0.35045, VaAcc: 0.8912, VaLoss:  0.35912	 MAP NN | Acc: 0.9236 | Loss: 0.2648
276,  0 | TrAcc: 0.8867, TrLoss:  0.38379, VaAcc: 0.8972, VaLoss:  0.35029	 MAP NN | Acc: 0.9236 | Loss: 0.2639
277,  0 | TrAcc: 0.9075, TrLoss:  0.32477, VaAcc: 0.8940, VaLoss:  0.36035	 MAP NN | Acc: 0.9216 | Loss: 0.2638
278,  0 | TrAcc: 0.9096, TrLoss:  0.31486, VaAcc: 0.9016, VaLoss:  0.35042	 MAP NN | Acc: 0.9236 | Loss: 0.2608
279,  0 | TrAcc: 0.8976, TrLoss:  0.33019, VaAcc: 0.8976, VaLoss:  0.35625	 MAP NN | Acc: 0.9236 | Loss: 0.2632
280,  0 | TrAcc: 0.8913, TrLoss:  0.36624, VaAcc: 0.8916, VaLoss:  0.37970	 MAP NN | Acc: 0.9296 | Loss: 0.2603
281,  0 | TrAcc: 0.8902, TrLoss:  0.36019, VaAcc: 0.8928, VaLoss:  0.34958	 MAP NN | Acc: 0.9256 | Loss: 0.2562
282,  0 | TrAcc: 0.8967, TrLoss:  0.35007, VaAcc: 0.8928, VaLoss:  0.36455	 MAP NN | Acc: 0.9236 | Loss: 0.2562
283,  0 | TrAcc: 0.8919, TrLoss:  0.37337, VaAcc: 0.8972, VaLoss:  0.35274	 MAP NN | Acc: 0.9276 | Loss: 0.2596
284,  0 | TrAcc: 0.8945, TrLoss:  0.34754, VaAcc: 0.9080, VaLoss:  0.32895	 MAP NN | Acc: 0.9236 | Loss: 0.2638
285,  0 | TrAcc: 0.9030, TrLoss:  0.32729, VaAcc: 0.8880, VaLoss:  0.38732	 MAP NN | Acc: 0.9196 | Loss: 0.2670
286,  0 | TrAcc: 0.8991, TrLoss:  0.34876, VaAcc: 0.9052, VaLoss:  0.33192	 MAP NN | Acc: 0.9196 | Loss: 0.2713
287,  0 | TrAcc: 0.9051, TrLoss:  0.34799, VaAcc: 0.8884, VaLoss:  0.40046	 MAP NN | Acc: 0.9236 | Loss: 0.2748
288,  0 | TrAcc: 0.8944, TrLoss:  0.36163, VaAcc: 0.9048, VaLoss:  0.32448	 MAP NN | Acc: 0.9256 | Loss: 0.2689
289,  0 | TrAcc: 0.9032, TrLoss:  0.32333, VaAcc: 0.9068, VaLoss:  0.33640	 MAP NN | Acc: 0.9236 | Loss: 0.2666
290,  0 | TrAcc: 0.8918, TrLoss:  0.36294, VaAcc: 0.8980, VaLoss:  0.36332	 MAP NN | Acc: 0.9236 | Loss: 0.2540
291,  0 | TrAcc: 0.9069, TrLoss:  0.32061, VaAcc: 0.9132, VaLoss:  0.30850	 MAP NN | Acc: 0.9236 | Loss: 0.2696
292,  0 | TrAcc: 0.9001, TrLoss:  0.34063, VaAcc: 0.9068, VaLoss:  0.33473	 MAP NN | Acc: 0.9236 | Loss: 0.2620
293,  0 | TrAcc: 0.9105, TrLoss:  0.29126, VaAcc: 0.9052, VaLoss:  0.33737	 MAP NN | Acc: 0.9216 | Loss: 0.2647
294,  0 | TrAcc: 0.9022, TrLoss:  0.33320, VaAcc: 0.8920, VaLoss:  0.38310	 MAP NN | Acc: 0.9276 | Loss: 0.2584
295,  0 | TrAcc: 0.8939, TrLoss:  0.35473, VaAcc: 0.9048, VaLoss:  0.30217	 MAP NN | Acc: 0.9316 | Loss: 0.2500
296,  0 | TrAcc: 0.9071, TrLoss:  0.30569, VaAcc: 0.9028, VaLoss:  0.34762	 MAP NN | Acc: 0.9296 | Loss: 0.2484
297,  0 | TrAcc: 0.9072, TrLoss:  0.33564, VaAcc: 0.9076, VaLoss:  0.32106	 MAP NN | Acc: 0.9236 | Loss: 0.2580
298,  0 | TrAcc: 0.8994, TrLoss:  0.33276, VaAcc: 0.9040, VaLoss:  0.34772	 MAP NN | Acc: 0.9216 | Loss: 0.2676
299,  0 | TrAcc: 0.9076, TrLoss:  0.30905, VaAcc: 0.9060, VaLoss:  0.32864	 MAP NN | Acc: 0.9256 | Loss: 0.2635
300,  0 | TrAcc: 0.9008, TrLoss:  0.33758, VaAcc: 0.9040, VaLoss:  0.33797	 MAP NN | Acc: 0.9296 | Loss: 0.2550
301,  0 | TrAcc: 0.9118, TrLoss:  0.29420, VaAcc: 0.8992, VaLoss:  0.33513	 MAP NN | Acc: 0.9256 | Loss: 0.2575
302,  0 | TrAcc: 0.8935, TrLoss:  0.36078, VaAcc: 0.9088, VaLoss:  0.32661	 MAP NN | Acc: 0.9256 | Loss: 0.2607
303,  0 | TrAcc: 0.9102, TrLoss:  0.29850, VaAcc: 0.9024, VaLoss:  0.32291	 MAP NN | Acc: 0.9224 | Loss: 0.2672
304,  0 | TrAcc: 0.9121, TrLoss:  0.27640, VaAcc: 0.8956, VaLoss:  0.34405	 MAP NN | Acc: 0.9244 | Loss: 0.2602
305,  0 | TrAcc: 0.9118, TrLoss:  0.28800, VaAcc: 0.9052, VaLoss:  0.31859	 MAP NN | Acc: 0.9336 | Loss: 0.2514
306,  0 | TrAcc: 0.9111, TrLoss:  0.30678, VaAcc: 0.9104, VaLoss:  0.32567	 MAP NN | Acc: 0.9336 | Loss: 0.2469
307,  0 | TrAcc: 0.9036, TrLoss:  0.31691, VaAcc: 0.9104, VaLoss:  0.32543	 MAP NN | Acc: 0.9264 | Loss: 0.2477
308,  0 | TrAcc: 0.8925, TrLoss:  0.35406, VaAcc: 0.8900, VaLoss:  0.37337	 MAP NN | Acc: 0.9184 | Loss: 0.2550
309,  0 | TrAcc: 0.9086, TrLoss:  0.31241, VaAcc: 0.8912, VaLoss:  0.36575	 MAP NN | Acc: 0.9224 | Loss: 0.2561
310,  0 | TrAcc: 0.9049, TrLoss:  0.32705, VaAcc: 0.8948, VaLoss:  0.37832	 MAP NN | Acc: 0.9224 | Loss: 0.2532
311,  0 | TrAcc: 0.9163, TrLoss:  0.27645, VaAcc: 0.9128, VaLoss:  0.30799	 MAP NN | Acc: 0.9264 | Loss: 0.2506
312,  0 | TrAcc: 0.9023, TrLoss:  0.32521, VaAcc: 0.9044, VaLoss:  0.34294	 MAP NN | Acc: 0.9316 | Loss: 0.2426
313,  0 | TrAcc: 0.9079, TrLoss:  0.30720, VaAcc: 0.9084, VaLoss:  0.32407	 MAP NN | Acc: 0.9296 | Loss: 0.2378
314,  0 | TrAcc: 0.9047, TrLoss:  0.31627, VaAcc: 0.8976, VaLoss:  0.34320	 MAP NN | Acc: 0.9336 | Loss: 0.2416
315,  0 | TrAcc: 0.9024, TrLoss:  0.33448, VaAcc: 0.9040, VaLoss:  0.33555	 MAP NN | Acc: 0.9284 | Loss: 0.2424
316,  0 | TrAcc: 0.9024, TrLoss:  0.32218, VaAcc: 0.9020, VaLoss:  0.35459	 MAP NN | Acc: 0.9284 | Loss: 0.2377
317,  0 | TrAcc: 0.8929, TrLoss:  0.36747, VaAcc: 0.9144, VaLoss:  0.31091	 MAP NN | Acc: 0.9276 | Loss: 0.2399
318,  0 | TrAcc: 0.9085, TrLoss:  0.31524, VaAcc: 0.9004, VaLoss:  0.34499	 MAP NN | Acc: 0.9236 | Loss: 0.2440
319,  0 | TrAcc: 0.9107, TrLoss:  0.29210, VaAcc: 0.9096, VaLoss:  0.31119	 MAP NN | Acc: 0.9236 | Loss: 0.2547
320,  0 | TrAcc: 0.9196, TrLoss:  0.28244, VaAcc: 0.9068, VaLoss:  0.31766	 MAP NN | Acc: 0.9236 | Loss: 0.2559
321,  0 | TrAcc: 0.9081, TrLoss:  0.30833, VaAcc: 0.9088, VaLoss:  0.32061	 MAP NN | Acc: 0.9236 | Loss: 0.2528
322,  0 | TrAcc: 0.9178, TrLoss:  0.27284, VaAcc: 0.9156, VaLoss:  0.29611	 MAP NN | Acc: 0.9296 | Loss: 0.2372
323,  0 | TrAcc: 0.9092, TrLoss:  0.29081, VaAcc: 0.9056, VaLoss:  0.32654	 MAP NN | Acc: 0.9296 | Loss: 0.2320
324,  0 | TrAcc: 0.9029, TrLoss:  0.31861, VaAcc: 0.9128, VaLoss:  0.30883	 MAP NN | Acc: 0.9316 | Loss: 0.2357
325,  0 | TrAcc: 0.9181, TrLoss:  0.27942, VaAcc: 0.9064, VaLoss:  0.31677	 MAP NN | Acc: 0.9316 | Loss: 0.2404
326,  0 | TrAcc: 0.8993, TrLoss:  0.34009, VaAcc: 0.8960, VaLoss:  0.32722	 MAP NN | Acc: 0.9296 | Loss: 0.2408
327,  0 | TrAcc: 0.9114, TrLoss:  0.30486, VaAcc: 0.9072, VaLoss:  0.32035	 MAP NN | Acc: 0.9316 | Loss: 0.2386
328,  0 | TrAcc: 0.8973, TrLoss:  0.33496, VaAcc: 0.9100, VaLoss:  0.31197	 MAP NN | Acc: 0.9336 | Loss: 0.2453
329,  0 | TrAcc: 0.9219, TrLoss:  0.28461, VaAcc: 0.9148, VaLoss:  0.30675	 MAP NN | Acc: 0.9276 | Loss: 0.2433
330,  0 | TrAcc: 0.9074, TrLoss:  0.31143, VaAcc: 0.9068, VaLoss:  0.33067	 MAP NN | Acc: 0.9336 | Loss: 0.2420
331,  0 | TrAcc: 0.9093, TrLoss:  0.29897, VaAcc: 0.9060, VaLoss:  0.32862	 MAP NN | Acc: 0.9376 | Loss: 0.2324
332,  0 | TrAcc: 0.9179, TrLoss:  0.26946, VaAcc: 0.9124, VaLoss:  0.29988	 MAP NN | Acc: 0.9336 | Loss: 0.2321
333,  0 | TrAcc: 0.9037, TrLoss:  0.31840, VaAcc: 0.9032, VaLoss:  0.33378	 MAP NN | Acc: 0.9376 | Loss: 0.2341
334,  0 | TrAcc: 0.9235, TrLoss:  0.24952, VaAcc: 0.9120, VaLoss:  0.29353	 MAP NN | Acc: 0.9336 | Loss: 0.2332
335,  0 | TrAcc: 0.9036, TrLoss:  0.32081, VaAcc: 0.9120, VaLoss:  0.31632	 MAP NN | Acc: 0.9376 | Loss: 0.2304
336,  0 | TrAcc: 0.9010, TrLoss:  0.34144, VaAcc: 0.9192, VaLoss:  0.30145	 MAP NN | Acc: 0.9356 | Loss: 0.2358
337,  0 | TrAcc: 0.8942, TrLoss:  0.35022, VaAcc: 0.9024, VaLoss:  0.33932	 MAP NN | Acc: 0.9356 | Loss: 0.2371
338,  0 | TrAcc: 0.9100, TrLoss:  0.30955, VaAcc: 0.9088, VaLoss:  0.30862	 MAP NN | Acc: 0.9316 | Loss: 0.2354
339,  0 | TrAcc: 0.8990, TrLoss:  0.33484, VaAcc: 0.9120, VaLoss:  0.30400	 MAP NN | Acc: 0.9336 | Loss: 0.2333
340,  0 | TrAcc: 0.9017, TrLoss:  0.30471, VaAcc: 0.9016, VaLoss:  0.32641	 MAP NN | Acc: 0.9336 | Loss: 0.2334
341,  0 | TrAcc: 0.9192, TrLoss:  0.28140, VaAcc: 0.9044, VaLoss:  0.33708	 MAP NN | Acc: 0.9356 | Loss: 0.2323
342,  0 | TrAcc: 0.9082, TrLoss:  0.30439, VaAcc: 0.9132, VaLoss:  0.30332	 MAP NN | Acc: 0.9356 | Loss: 0.2314
343,  0 | TrAcc: 0.9019, TrLoss:  0.32062, VaAcc: 0.9032, VaLoss:  0.33795	 MAP NN | Acc: 0.9356 | Loss: 0.2426
344,  0 | TrAcc: 0.9052, TrLoss:  0.31311, VaAcc: 0.9132, VaLoss:  0.31015	 MAP NN | Acc: 0.9336 | Loss: 0.2478
345,  0 | TrAcc: 0.9059, TrLoss:  0.32812, VaAcc: 0.8964, VaLoss:  0.34676	 MAP NN | Acc: 0.9316 | Loss: 0.2475
346,  0 | TrAcc: 0.9123, TrLoss:  0.30886, VaAcc: 0.9072, VaLoss:  0.30914	 MAP NN | Acc: 0.9336 | Loss: 0.2499
347,  0 | TrAcc: 0.9061, TrLoss:  0.33114, VaAcc: 0.8984, VaLoss:  0.34094	 MAP NN | Acc: 0.9336 | Loss: 0.2469
348,  0 | TrAcc: 0.9130, TrLoss:  0.29940, VaAcc: 0.9072, VaLoss:  0.30838	 MAP NN | Acc: 0.9356 | Loss: 0.2476
349,  0 | TrAcc: 0.9003, TrLoss:  0.32284, VaAcc: 0.9064, VaLoss:  0.32608	 MAP NN | Acc: 0.9316 | Loss: 0.2403
350,  0 | TrAcc: 0.9143, TrLoss:  0.29907, VaAcc: 0.9052, VaLoss:  0.33033	 MAP NN | Acc: 0.9316 | Loss: 0.2430
351,  0 | TrAcc: 0.9086, TrLoss:  0.29631, VaAcc: 0.9148, VaLoss:  0.29648	 MAP NN | Acc: 0.9276 | Loss: 0.2455
352,  0 | TrAcc: 0.9088, TrLoss:  0.30215, VaAcc: 0.9052, VaLoss:  0.32714	 MAP NN | Acc: 0.9276 | Loss: 0.2430
353,  0 | TrAcc: 0.9107, TrLoss:  0.29500, VaAcc: 0.9164, VaLoss:  0.30539	 MAP NN | Acc: 0.9276 | Loss: 0.2371
354,  0 | TrAcc: 0.9141, TrLoss:  0.29791, VaAcc: 0.9140, VaLoss:  0.29974	 MAP NN | Acc: 0.9296 | Loss: 0.2365
355,  0 | TrAcc: 0.9031, TrLoss:  0.32862, VaAcc: 0.9072, VaLoss:  0.31930	 MAP NN | Acc: 0.9276 | Loss: 0.2413
356,  0 | TrAcc: 0.8996, TrLoss:  0.32303, VaAcc: 0.9088, VaLoss:  0.29957	 MAP NN | Acc: 0.9316 | Loss: 0.2417
357,  0 | TrAcc: 0.9220, TrLoss:  0.27333, VaAcc: 0.9160, VaLoss:  0.28869	 MAP NN | Acc: 0.9316 | Loss: 0.2441
358,  0 | TrAcc: 0.9206, TrLoss:  0.27283, VaAcc: 0.9156, VaLoss:  0.30105	 MAP NN | Acc: 0.9296 | Loss: 0.2438
359,  0 | TrAcc: 0.9167, TrLoss:  0.26902, VaAcc: 0.9032, VaLoss:  0.32657	 MAP NN | Acc: 0.9316 | Loss: 0.2437
360,  0 | TrAcc: 0.9136, TrLoss:  0.28999, VaAcc: 0.9028, VaLoss:  0.34163	 MAP NN | Acc: 0.9296 | Loss: 0.2409
361,  0 | TrAcc: 0.9043, TrLoss:  0.32092, VaAcc: 0.9108, VaLoss:  0.31187	 MAP NN | Acc: 0.9316 | Loss: 0.2365
362,  0 | TrAcc: 0.9148, TrLoss:  0.28591, VaAcc: 0.9120, VaLoss:  0.30152	 MAP NN | Acc: 0.9296 | Loss: 0.2371
363,  0 | TrAcc: 0.9081, TrLoss:  0.29596, VaAcc: 0.9096, VaLoss:  0.31052	 MAP NN | Acc: 0.9296 | Loss: 0.2390
364,  0 | TrAcc: 0.9241, TrLoss:  0.27032, VaAcc: 0.9180, VaLoss:  0.29242	 MAP NN | Acc: 0.9296 | Loss: 0.2400
365,  0 | TrAcc: 0.9016, TrLoss:  0.31805, VaAcc: 0.9152, VaLoss:  0.27695	 MAP NN | Acc: 0.9296 | Loss: 0.2293
366,  0 | TrAcc: 0.9265, TrLoss:  0.26019, VaAcc: 0.9084, VaLoss:  0.31498	 MAP NN | Acc: 0.9296 | Loss: 0.2279
367,  0 | TrAcc: 0.9251, TrLoss:  0.25680, VaAcc: 0.9084, VaLoss:  0.31447	 MAP NN | Acc: 0.9316 | Loss: 0.2252
368,  0 | TrAcc: 0.9022, TrLoss:  0.33477, VaAcc: 0.9084, VaLoss:  0.31273	 MAP NN | Acc: 0.9296 | Loss: 0.2314
369,  0 | TrAcc: 0.9150, TrLoss:  0.28918, VaAcc: 0.9096, VaLoss:  0.32245	 MAP NN | Acc: 0.9276 | Loss: 0.2357
370,  0 | TrAcc: 0.9161, TrLoss:  0.27516, VaAcc: 0.9032, VaLoss:  0.32531	 MAP NN | Acc: 0.9276 | Loss: 0.2345
371,  0 | TrAcc: 0.9067, TrLoss:  0.31496, VaAcc: 0.9180, VaLoss:  0.28948	 MAP NN | Acc: 0.9316 | Loss: 0.2310
372,  0 | TrAcc: 0.9028, TrLoss:  0.32398, VaAcc: 0.9092, VaLoss:  0.30993	 MAP NN | Acc: 0.9316 | Loss: 0.2280
373,  0 | TrAcc: 0.8993, TrLoss:  0.32966, VaAcc: 0.9156, VaLoss:  0.29743	 MAP NN | Acc: 0.9316 | Loss: 0.2295
374,  0 | TrAcc: 0.9125, TrLoss:  0.29612, VaAcc: 0.9108, VaLoss:  0.29254	 MAP NN | Acc: 0.9336 | Loss: 0.2338
375,  0 | TrAcc: 0.9200, TrLoss:  0.26974, VaAcc: 0.9148, VaLoss:  0.27447	 MAP NN | Acc: 0.9316 | Loss: 0.2381
376,  0 | TrAcc: 0.9280, TrLoss:  0.23949, VaAcc: 0.9128, VaLoss:  0.28703	 MAP NN | Acc: 0.9256 | Loss: 0.2474
377,  0 | TrAcc: 0.9138, TrLoss:  0.29326, VaAcc: 0.9160, VaLoss:  0.28609	 MAP NN | Acc: 0.9296 | Loss: 0.2436
378,  0 | TrAcc: 0.9237, TrLoss:  0.25702, VaAcc: 0.9164, VaLoss:  0.29381	 MAP NN | Acc: 0.9276 | Loss: 0.2441
379,  0 | TrAcc: 0.9170, TrLoss:  0.27896, VaAcc: 0.9212, VaLoss:  0.27155	 MAP NN | Acc: 0.9296 | Loss: 0.2396
380,  0 | TrAcc: 0.9097, TrLoss:  0.31921, VaAcc: 0.9176, VaLoss:  0.28563	 MAP NN | Acc: 0.9276 | Loss: 0.2382
381,  0 | TrAcc: 0.9030, TrLoss:  0.31234, VaAcc: 0.9144, VaLoss:  0.29480	 MAP NN | Acc: 0.9256 | Loss: 0.2344
382,  0 | TrAcc: 0.9202, TrLoss:  0.26859, VaAcc: 0.9128, VaLoss:  0.31247	 MAP NN | Acc: 0.9296 | Loss: 0.2359
383,  0 | TrAcc: 0.8994, TrLoss:  0.32931, VaAcc: 0.9200, VaLoss:  0.28674	 MAP NN | Acc: 0.9276 | Loss: 0.2356
384,  0 | TrAcc: 0.9166, TrLoss:  0.28423, VaAcc: 0.9116, VaLoss:  0.29461	 MAP NN | Acc: 0.9276 | Loss: 0.2348
385,  0 | TrAcc: 0.9165, TrLoss:  0.30142, VaAcc: 0.9084, VaLoss:  0.31730	 MAP NN | Acc: 0.9296 | Loss: 0.2405
386,  0 | TrAcc: 0.9127, TrLoss:  0.28953, VaAcc: 0.9120, VaLoss:  0.31677	 MAP NN | Acc: 0.9296 | Loss: 0.2454
387,  0 | TrAcc: 0.9182, TrLoss:  0.28732, VaAcc: 0.9112, VaLoss:  0.30781	 MAP NN | Acc: 0.9296 | Loss: 0.2409
388,  0 | TrAcc: 0.9115, TrLoss:  0.30598, VaAcc: 0.9052, VaLoss:  0.30852	 MAP NN | Acc: 0.9276 | Loss: 0.2289
389,  0 | TrAcc: 0.9075, TrLoss:  0.31487, VaAcc: 0.9116, VaLoss:  0.29230	 MAP NN | Acc: 0.9436 | Loss: 0.2178
390,  0 | TrAcc: 0.9192, TrLoss:  0.26779, VaAcc: 0.9208, VaLoss:  0.28028	 MAP NN | Acc: 0.9416 | Loss: 0.2177
391,  0 | TrAcc: 0.9103, TrLoss:  0.30988, VaAcc: 0.9072, VaLoss:  0.32378	 MAP NN | Acc: 0.9436 | Loss: 0.2195
392,  0 | TrAcc: 0.9199, TrLoss:  0.25710, VaAcc: 0.8976, VaLoss:  0.34250	 MAP NN | Acc: 0.9376 | Loss: 0.2225
393,  0 | TrAcc: 0.9091, TrLoss:  0.30010, VaAcc: 0.9216, VaLoss:  0.29119	 MAP NN | Acc: 0.9336 | Loss: 0.2289
394,  0 | TrAcc: 0.9098, TrLoss:  0.29628, VaAcc: 0.9136, VaLoss:  0.30487	 MAP NN | Acc: 0.9276 | Loss: 0.2455
395,  0 | TrAcc: 0.9273, TrLoss:  0.24639, VaAcc: 0.9024, VaLoss:  0.32912	 MAP NN | Acc: 0.9236 | Loss: 0.2490
396,  0 | TrAcc: 0.9203, TrLoss:  0.26005, VaAcc: 0.9132, VaLoss:  0.28742	 MAP NN | Acc: 0.9196 | Loss: 0.2547
397,  0 | TrAcc: 0.9146, TrLoss:  0.29946, VaAcc: 0.9068, VaLoss:  0.31945	 MAP NN | Acc: 0.9296 | Loss: 0.2383
398,  0 | TrAcc: 0.9096, TrLoss:  0.29516, VaAcc: 0.9080, VaLoss:  0.31995	 MAP NN | Acc: 0.9296 | Loss: 0.2311
399,  0 | TrAcc: 0.9107, TrLoss:  0.29949, VaAcc: 0.9148, VaLoss:  0.27359	 MAP NN | Acc: 0.9276 | Loss: 0.2316
400,  0 | TrAcc: 0.9188, TrLoss:  0.27291, VaAcc: 0.9140, VaLoss:  0.29139	 MAP NN | Acc: 0.9296 | Loss: 0.2218
401,  0 | TrAcc: 0.9158, TrLoss:  0.27324, VaAcc: 0.9128, VaLoss:  0.29631	 MAP NN | Acc: 0.9336 | Loss: 0.2146
402,  0 | TrAcc: 0.9161, TrLoss:  0.26806, VaAcc: 0.9172, VaLoss:  0.28432	 MAP NN | Acc: 0.9336 | Loss: 0.2200
403,  0 | TrAcc: 0.9180, TrLoss:  0.25915, VaAcc: 0.9164, VaLoss:  0.28246	 MAP NN | Acc: 0.9376 | Loss: 0.2258
404,  0 | TrAcc: 0.9073, TrLoss:  0.31701, VaAcc: 0.9188, VaLoss:  0.28243	 MAP NN | Acc: 0.9316 | Loss: 0.2316
405,  0 | TrAcc: 0.9195, TrLoss:  0.28443, VaAcc: 0.9176, VaLoss:  0.29404	 MAP NN | Acc: 0.9236 | Loss: 0.2319
406,  0 | TrAcc: 0.9288, TrLoss:  0.23730, VaAcc: 0.9184, VaLoss:  0.29379	 MAP NN | Acc: 0.9276 | Loss: 0.2234
407,  0 | TrAcc: 0.9203, TrLoss:  0.26797, VaAcc: 0.9188, VaLoss:  0.29504	 MAP NN | Acc: 0.9396 | Loss: 0.2158
408,  0 | TrAcc: 0.9158, TrLoss:  0.28907, VaAcc: 0.9136, VaLoss:  0.30276	 MAP NN | Acc: 0.9396 | Loss: 0.2127
409,  0 | TrAcc: 0.9177, TrLoss:  0.27582, VaAcc: 0.9212, VaLoss:  0.28685	 MAP NN | Acc: 0.9416 | Loss: 0.2117
410,  0 | TrAcc: 0.9048, TrLoss:  0.30793, VaAcc: 0.9244, VaLoss:  0.28046	 MAP NN | Acc: 0.9396 | Loss: 0.2138
411,  0 | TrAcc: 0.9177, TrLoss:  0.26649, VaAcc: 0.9156, VaLoss:  0.28812	 MAP NN | Acc: 0.9396 | Loss: 0.2117
412,  0 | TrAcc: 0.9235, TrLoss:  0.26358, VaAcc: 0.9108, VaLoss:  0.29692	 MAP NN | Acc: 0.9376 | Loss: 0.2143
413,  0 | TrAcc: 0.9196, TrLoss:  0.26595, VaAcc: 0.9096, VaLoss:  0.30192	 MAP NN | Acc: 0.9336 | Loss: 0.2162
414,  0 | TrAcc: 0.9271, TrLoss:  0.25712, VaAcc: 0.9136, VaLoss:  0.29344	 MAP NN | Acc: 0.9316 | Loss: 0.2181
415,  0 | TrAcc: 0.9148, TrLoss:  0.28280, VaAcc: 0.9168, VaLoss:  0.28412	 MAP NN | Acc: 0.9316 | Loss: 0.2217
416,  0 | TrAcc: 0.9127, TrLoss:  0.28485, VaAcc: 0.9112, VaLoss:  0.30310	 MAP NN | Acc: 0.9276 | Loss: 0.2193
417,  0 | TrAcc: 0.9140, TrLoss:  0.28058, VaAcc: 0.9156, VaLoss:  0.28756	 MAP NN | Acc: 0.9316 | Loss: 0.2245
418,  0 | TrAcc: 0.9234, TrLoss:  0.24833, VaAcc: 0.9148, VaLoss:  0.30539	 MAP NN | Acc: 0.9276 | Loss: 0.2194
419,  0 | TrAcc: 0.9293, TrLoss:  0.25402, VaAcc: 0.9180, VaLoss:  0.27732	 MAP NN | Acc: 0.9336 | Loss: 0.2121
420,  0 | TrAcc: 0.9203, TrLoss:  0.28004, VaAcc: 0.9156, VaLoss:  0.28376	 MAP NN | Acc: 0.9276 | Loss: 0.2135
421,  0 | TrAcc: 0.9214, TrLoss:  0.27386, VaAcc: 0.9252, VaLoss:  0.25857	 MAP NN | Acc: 0.9276 | Loss: 0.2064
422,  0 | TrAcc: 0.9266, TrLoss:  0.25584, VaAcc: 0.9044, VaLoss:  0.32762	 MAP NN | Acc: 0.9356 | Loss: 0.2081
423,  0 | TrAcc: 0.9174, TrLoss:  0.27815, VaAcc: 0.9176, VaLoss:  0.27177	 MAP NN | Acc: 0.9356 | Loss: 0.2083
424,  0 | TrAcc: 0.9247, TrLoss:  0.25639, VaAcc: 0.9128, VaLoss:  0.28217	 MAP NN | Acc: 0.9336 | Loss: 0.2120
425,  0 | TrAcc: 0.9226, TrLoss:  0.26338, VaAcc: 0.9068, VaLoss:  0.33298	 MAP NN | Acc: 0.9296 | Loss: 0.2212
426,  0 | TrAcc: 0.9186, TrLoss:  0.27437, VaAcc: 0.9148, VaLoss:  0.30042	 MAP NN | Acc: 0.9256 | Loss: 0.2249
427,  0 | TrAcc: 0.9197, TrLoss:  0.25985, VaAcc: 0.9116, VaLoss:  0.28984	 MAP NN | Acc: 0.9276 | Loss: 0.2154
428,  0 | TrAcc: 0.9282, TrLoss:  0.24238, VaAcc: 0.9140, VaLoss:  0.29933	 MAP NN | Acc: 0.9336 | Loss: 0.2132
429,  0 | TrAcc: 0.9177, TrLoss:  0.27788, VaAcc: 0.9160, VaLoss:  0.29292	 MAP NN | Acc: 0.9316 | Loss: 0.2167
430,  0 | TrAcc: 0.9299, TrLoss:  0.22488, VaAcc: 0.9100, VaLoss:  0.30637	 MAP NN | Acc: 0.9336 | Loss: 0.2187
431,  0 | TrAcc: 0.9165, TrLoss:  0.28261, VaAcc: 0.9180, VaLoss:  0.28435	 MAP NN | Acc: 0.9356 | Loss: 0.2199
432,  0 | TrAcc: 0.9159, TrLoss:  0.29145, VaAcc: 0.9016, VaLoss:  0.33286	 MAP NN | Acc: 0.9356 | Loss: 0.2182
433,  0 | TrAcc: 0.9182, TrLoss:  0.29346, VaAcc: 0.9144, VaLoss:  0.29014	 MAP NN | Acc: 0.9396 | Loss: 0.2154
434,  0 | TrAcc: 0.9127, TrLoss:  0.29803, VaAcc: 0.9164, VaLoss:  0.26701	 MAP NN | Acc: 0.9396 | Loss: 0.2178
435,  0 | TrAcc: 0.9133, TrLoss:  0.28678, VaAcc: 0.9132, VaLoss:  0.31452	 MAP NN | Acc: 0.9376 | Loss: 0.2168
436,  0 | TrAcc: 0.9164, TrLoss:  0.26887, VaAcc: 0.9260, VaLoss:  0.28146	 MAP NN | Acc: 0.9396 | Loss: 0.2183
437,  0 | TrAcc: 0.9283, TrLoss:  0.24424, VaAcc: 0.9104, VaLoss:  0.30566	 MAP NN | Acc: 0.9396 | Loss: 0.2222
438,  0 | TrAcc: 0.9299, TrLoss:  0.24071, VaAcc: 0.9272, VaLoss:  0.25729	 MAP NN | Acc: 0.9396 | Loss: 0.2207
439,  0 | TrAcc: 0.9251, TrLoss:  0.26429, VaAcc: 0.9112, VaLoss:  0.29769	 MAP NN | Acc: 0.9416 | Loss: 0.2205
440,  0 | TrAcc: 0.9169, TrLoss:  0.28013, VaAcc: 0.9176, VaLoss:  0.28011	 MAP NN | Acc: 0.9376 | Loss: 0.2302
441,  0 | TrAcc: 0.9202, TrLoss:  0.27373, VaAcc: 0.9096, VaLoss:  0.30679	 MAP NN | Acc: 0.9376 | Loss: 0.2391
442,  0 | TrAcc: 0.9304, TrLoss:  0.24070, VaAcc: 0.9136, VaLoss:  0.29136	 MAP NN | Acc: 0.9416 | Loss: 0.2311
443,  0 | TrAcc: 0.9170, TrLoss:  0.28112, VaAcc: 0.9068, VaLoss:  0.30139	 MAP NN | Acc: 0.9356 | Loss: 0.2307
444,  0 | TrAcc: 0.9275, TrLoss:  0.24780, VaAcc: 0.9168, VaLoss:  0.29632	 MAP NN | Acc: 0.9356 | Loss: 0.2292
445,  0 | TrAcc: 0.9193, TrLoss:  0.27668, VaAcc: 0.9236, VaLoss:  0.26919	 MAP NN | Acc: 0.9416 | Loss: 0.2246
446,  0 | TrAcc: 0.9245, TrLoss:  0.25193, VaAcc: 0.9212, VaLoss:  0.27520	 MAP NN | Acc: 0.9376 | Loss: 0.2238
447,  0 | TrAcc: 0.9176, TrLoss:  0.27158, VaAcc: 0.9176, VaLoss:  0.28558	 MAP NN | Acc: 0.9396 | Loss: 0.2128
448,  0 | TrAcc: 0.9301, TrLoss:  0.24277, VaAcc: 0.9132, VaLoss:  0.30934	 MAP NN | Acc: 0.9336 | Loss: 0.2156
449,  0 | TrAcc: 0.9146, TrLoss:  0.28986, VaAcc: 0.9196, VaLoss:  0.28819	 MAP NN | Acc: 0.9316 | Loss: 0.2197
450,  0 | TrAcc: 0.9207, TrLoss:  0.26459, VaAcc: 0.9152, VaLoss:  0.29479	 MAP NN | Acc: 0.9336 | Loss: 0.2141
451,  0 | TrAcc: 0.9178, TrLoss:  0.27518, VaAcc: 0.9228, VaLoss:  0.26606	 MAP NN | Acc: 0.9416 | Loss: 0.2042
452,  0 | TrAcc: 0.9260, TrLoss:  0.25297, VaAcc: 0.9108, VaLoss:  0.29449	 MAP NN | Acc: 0.9436 | Loss: 0.2021
453,  0 | TrAcc: 0.9291, TrLoss:  0.24160, VaAcc: 0.9072, VaLoss:  0.30188	 MAP NN | Acc: 0.9456 | Loss: 0.1951
454,  0 | TrAcc: 0.9226, TrLoss:  0.26157, VaAcc: 0.9184, VaLoss:  0.28901	 MAP NN | Acc: 0.9436 | Loss: 0.1998
455,  0 | TrAcc: 0.9258, TrLoss:  0.25165, VaAcc: 0.9192, VaLoss:  0.26734	 MAP NN | Acc: 0.9436 | Loss: 0.2058
456,  0 | TrAcc: 0.9156, TrLoss:  0.28557, VaAcc: 0.9212, VaLoss:  0.28152	 MAP NN | Acc: 0.9456 | Loss: 0.2088
457,  0 | TrAcc: 0.9314, TrLoss:  0.24177, VaAcc: 0.9192, VaLoss:  0.26759	 MAP NN | Acc: 0.9436 | Loss: 0.2098
458,  0 | TrAcc: 0.9298, TrLoss:  0.23622, VaAcc: 0.9164, VaLoss:  0.28852	 MAP NN | Acc: 0.9436 | Loss: 0.2020
459,  0 | TrAcc: 0.9249, TrLoss:  0.24998, VaAcc: 0.9260, VaLoss:  0.25100	 MAP NN | Acc: 0.9436 | Loss: 0.1977
460,  0 | TrAcc: 0.9130, TrLoss:  0.28509, VaAcc: 0.9128, VaLoss:  0.29390	 MAP NN | Acc: 0.9436 | Loss: 0.2096
461,  0 | TrAcc: 0.9163, TrLoss:  0.27753, VaAcc: 0.9144, VaLoss:  0.27110	 MAP NN | Acc: 0.9416 | Loss: 0.2093
462,  0 | TrAcc: 0.9371, TrLoss:  0.21463, VaAcc: 0.9192, VaLoss:  0.26992	 MAP NN | Acc: 0.9436 | Loss: 0.2062
463,  0 | TrAcc: 0.9203, TrLoss:  0.26186, VaAcc: 0.9224, VaLoss:  0.26223	 MAP NN | Acc: 0.9436 | Loss: 0.2077
464,  0 | TrAcc: 0.9194, TrLoss:  0.26898, VaAcc: 0.9220, VaLoss:  0.26033	 MAP NN | Acc: 0.9436 | Loss: 0.2068
465,  0 | TrAcc: 0.9280, TrLoss:  0.23818, VaAcc: 0.9240, VaLoss:  0.24730	 MAP NN | Acc: 0.9456 | Loss: 0.2138
466,  0 | TrAcc: 0.9356, TrLoss:  0.20862, VaAcc: 0.9252, VaLoss:  0.26518	 MAP NN | Acc: 0.9456 | Loss: 0.2134
467,  0 | TrAcc: 0.9179, TrLoss:  0.27855, VaAcc: 0.9164, VaLoss:  0.28417	 MAP NN | Acc: 0.9456 | Loss: 0.2045
468,  0 | TrAcc: 0.9151, TrLoss:  0.28204, VaAcc: 0.9196, VaLoss:  0.26150	 MAP NN | Acc: 0.9456 | Loss: 0.2004
469,  0 | TrAcc: 0.9219, TrLoss:  0.26387, VaAcc: 0.9220, VaLoss:  0.26516	 MAP NN | Acc: 0.9456 | Loss: 0.2054
470,  0 | TrAcc: 0.9237, TrLoss:  0.26448, VaAcc: 0.9200, VaLoss:  0.26926	 MAP NN | Acc: 0.9476 | Loss: 0.2031
471,  0 | TrAcc: 0.9278, TrLoss:  0.25399, VaAcc: 0.9244, VaLoss:  0.24517	 MAP NN | Acc: 0.9476 | Loss: 0.2137
472,  0 | TrAcc: 0.9221, TrLoss:  0.26196, VaAcc: 0.9212, VaLoss:  0.26138	 MAP NN | Acc: 0.9456 | Loss: 0.2090
473,  0 | TrAcc: 0.9223, TrLoss:  0.24896, VaAcc: 0.9176, VaLoss:  0.28836	 MAP NN | Acc: 0.9436 | Loss: 0.2128
474,  0 | TrAcc: 0.9266, TrLoss:  0.26198, VaAcc: 0.9252, VaLoss:  0.27128	 MAP NN | Acc: 0.9436 | Loss: 0.2120
475,  0 | TrAcc: 0.9194, TrLoss:  0.26971, VaAcc: 0.9180, VaLoss:  0.26224	 MAP NN | Acc: 0.9396 | Loss: 0.2151
476,  0 | TrAcc: 0.9265, TrLoss:  0.24929, VaAcc: 0.9216, VaLoss:  0.28221	 MAP NN | Acc: 0.9376 | Loss: 0.2146
477,  0 | TrAcc: 0.9218, TrLoss:  0.26360, VaAcc: 0.9168, VaLoss:  0.28280	 MAP NN | Acc: 0.9396 | Loss: 0.2134
478,  0 | TrAcc: 0.9247, TrLoss:  0.24372, VaAcc: 0.9224, VaLoss:  0.27819	 MAP NN | Acc: 0.9396 | Loss: 0.2045
479,  0 | TrAcc: 0.9205, TrLoss:  0.25864, VaAcc: 0.9128, VaLoss:  0.28923	 MAP NN | Acc: 0.9376 | Loss: 0.1965
480,  0 | TrAcc: 0.9293, TrLoss:  0.23693, VaAcc: 0.9120, VaLoss:  0.29473	 MAP NN | Acc: 0.9416 | Loss: 0.1946
481,  0 | TrAcc: 0.9357, TrLoss:  0.22578, VaAcc: 0.9176, VaLoss:  0.27857	 MAP NN | Acc: 0.9396 | Loss: 0.2050
482,  0 | TrAcc: 0.9205, TrLoss:  0.27752, VaAcc: 0.9140, VaLoss:  0.29719	 MAP NN | Acc: 0.9396 | Loss: 0.2099
483,  0 | TrAcc: 0.9300, TrLoss:  0.23599, VaAcc: 0.9148, VaLoss:  0.28363	 MAP NN | Acc: 0.9356 | Loss: 0.2179
484,  0 | TrAcc: 0.9332, TrLoss:  0.22786, VaAcc: 0.9232, VaLoss:  0.25799	 MAP NN | Acc: 0.9396 | Loss: 0.2187
485,  0 | TrAcc: 0.9301, TrLoss:  0.23566, VaAcc: 0.9340, VaLoss:  0.24691	 MAP NN | Acc: 0.9396 | Loss: 0.2170
486,  0 | TrAcc: 0.9188, TrLoss:  0.27507, VaAcc: 0.9236, VaLoss:  0.26416	 MAP NN | Acc: 0.9416 | Loss: 0.2059
487,  0 | TrAcc: 0.9348, TrLoss:  0.22645, VaAcc: 0.9260, VaLoss:  0.26501	 MAP NN | Acc: 0.9436 | Loss: 0.1999
488,  0 | TrAcc: 0.9300, TrLoss:  0.23914, VaAcc: 0.9200, VaLoss:  0.25939	 MAP NN | Acc: 0.9416 | Loss: 0.1914
489,  0 | TrAcc: 0.9253, TrLoss:  0.25523, VaAcc: 0.9048, VaLoss:  0.31043	 MAP NN | Acc: 0.9436 | Loss: 0.1967
490,  0 | TrAcc: 0.9225, TrLoss:  0.26050, VaAcc: 0.9172, VaLoss:  0.28821	 MAP NN | Acc: 0.9396 | Loss: 0.2033
491,  0 | TrAcc: 0.9250, TrLoss:  0.24390, VaAcc: 0.9208, VaLoss:  0.26701	 MAP NN | Acc: 0.9396 | Loss: 0.2160
492,  0 | TrAcc: 0.9242, TrLoss:  0.24934, VaAcc: 0.9180, VaLoss:  0.26417	 MAP NN | Acc: 0.9356 | Loss: 0.2198
493,  0 | TrAcc: 0.9211, TrLoss:  0.25904, VaAcc: 0.9156, VaLoss:  0.28201	 MAP NN | Acc: 0.9436 | Loss: 0.2062
494,  0 | TrAcc: 0.9236, TrLoss:  0.26006, VaAcc: 0.9188, VaLoss:  0.27972	 MAP NN | Acc: 0.9416 | Loss: 0.1989
495,  0 | TrAcc: 0.9329, TrLoss:  0.22651, VaAcc: 0.9120, VaLoss:  0.28597	 MAP NN | Acc: 0.9436 | Loss: 0.1987
496,  0 | TrAcc: 0.9249, TrLoss:  0.25801, VaAcc: 0.9212, VaLoss:  0.27352	 MAP NN | Acc: 0.9396 | Loss: 0.2048
497,  0 | TrAcc: 0.9235, TrLoss:  0.25120, VaAcc: 0.9232, VaLoss:  0.27712	 MAP NN | Acc: 0.9396 | Loss: 0.2069
498,  0 | TrAcc: 0.9253, TrLoss:  0.24180, VaAcc: 0.9256, VaLoss:  0.24979	 MAP NN | Acc: 0.9396 | Loss: 0.2094
499,  0 | TrAcc: 0.9315, TrLoss:  0.23955, VaAcc: 0.9200, VaLoss:  0.28482	 MAP NN | Acc: 0.9396 | Loss: 0.2206
