

config:

HOME=/clusterFS/home/student/kopp13
PATH=/clusterFS/home/student/kopp13/miniconda3/envs/tensorflow/bin:/clusterFS/home/student/kopp13/miniconda3/condabin:/clusterFS/home/student/kopp13/VarRNN/src/bin:/clusterFS/home/student/kopp13/miniconda3/bin:/clusterFS/home/student/kopp13/bin:/usr/local/bin:/usr/bin:/bin:/usr/local/games:/usr/games
LD_LIBRARY_PATH=:/usr/local/cuda-9.0/lib64
THEANO_FLAGS=floatX=float32,gpuarray.preallocate=0.9,dnn.library_path=/usr/lib/x86_64-linux-gnu,cxx=clang++-3.8,device=cuda,base_compiledir=/tmp/tmp.dBgVMXjfqd


=============================
CONFIG FILE

TRAINING CONFIG
{'algorithm': ['c_reparam', 'gste'],
 'batchnorm': {'modes': [], 'momentum': 0.98, 'tau': 1, 'type': 'none'},
 'dir_reg': 0.0,
 'ent_reg': 0.0,
 'learning_rate': 0.005,
 'learning_rate_tau': 1000,
 'mode': {'max_epochs': 1500, 'min_error': 0.0, 'name': 'classic'},
 'pretraining': {'enabled': True, 'path': 'm_model'},
 'task_id': 3,
 'tau': 3.1622776601683795,
 'var_reg': 0.0}

DATA CONFIG
{'dataset': 'penstroke',
 'remove_bias': True,
 'te': {'in_seq_len': 40,
        'max_truncation': 5,
        'minibatch_enabled': True,
        'minibatch_size': 500},
 'tr': {'in_seq_len': 40,
        'max_truncation': 5,
        'minibatch_enabled': True,
        'minibatch_size': 1000},
 'va': {'in_seq_len': 40,
        'max_truncation': 5,
        'minibatch_enabled': True,
        'minibatch_size': 500}}

RNN CONFIG
{'act_disc': [],
 'data_multiplier': None,
 'gradient_clip_value': 0.5,
 'layer_configs': [{'layer_type': 'input'},
                   {'bc': {'init_m': 'zeros',
                           'init_v': -4.5,
                           'prior_m': 0.0,
                           'prior_v': 0.0,
                           'type': 'continuous'},
                    'bf': {'init_m': 'ones',
                           'init_v': -4.5,
                           'prior_m': 1.0,
                           'prior_v': 0.0,
                           'type': 'continuous'},
                    'bi': {'init_m': 'zeros',
                           'init_v': -4.5,
                           'prior_m': 0.0,
                           'prior_v': 0.0,
                           'type': 'continuous'},
                    'bo': {'init_m': 'zeros',
                           'init_v': -4.5,
                           'prior_m': 0.0,
                           'prior_v': 0.0,
                           'type': 'continuous'},
                    'discrete_act': [],
                    'layer_type': 'lstm',
                    'lr_adapt': False,
                    'parametrization': 'logits',
                    'tau': 3.1622776601683795,
                    'var_scope': 'lstm_0',
                    'wc': {'p0max': 0.95,
                           'p0min': 0.05,
                           'parametrization': 'sigmoid',
                           'pmax': 0.99,
                           'pmin': 0.01,
                           'priors': [0.1, 0.8, 0.1],
                           'type': 'ternary'},
                    'wf': {'p0max': 0.95,
                           'p0min': 0.05,
                           'parametrization': 'sigmoid',
                           'pmax': 0.99,
                           'pmin': 0.01,
                           'priors': [0.1, 0.8, 0.1],
                           'type': 'ternary'},
                    'wi': {'p0max': 0.95,
                           'p0min': 0.05,
                           'parametrization': 'sigmoid',
                           'pmax': 0.99,
                           'pmin': 0.01,
                           'priors': [0.1, 0.8, 0.1],
                           'type': 'ternary'},
                    'wo': {'p0max': 0.95,
                           'p0min': 0.05,
                           'parametrization': 'sigmoid',
                           'pmax': 0.99,
                           'pmin': 0.01,
                           'priors': [0.1, 0.8, 0.1],
                           'type': 'ternary'}},
                   {'bc': {'init_m': 'zeros',
                           'init_v': -4.5,
                           'prior_m': 0.0,
                           'prior_v': 0.0,
                           'type': 'continuous'},
                    'bf': {'init_m': 'ones',
                           'init_v': -4.5,
                           'prior_m': 1.0,
                           'prior_v': 0.0,
                           'type': 'continuous'},
                    'bi': {'init_m': 'zeros',
                           'init_v': -4.5,
                           'prior_m': 0.0,
                           'prior_v': 0.0,
                           'type': 'continuous'},
                    'bo': {'init_m': 'zeros',
                           'init_v': -4.5,
                           'prior_m': 0.0,
                           'prior_v': 0.0,
                           'type': 'continuous'},
                    'discrete_act': [],
                    'layer_type': 'lstm',
                    'lr_adapt': False,
                    'parametrization': 'logits',
                    'tau': 3.1622776601683795,
                    'var_scope': 'lstm_1',
                    'wc': {'p0max': 0.95,
                           'p0min': 0.05,
                           'parametrization': 'sigmoid',
                           'pmax': 0.99,
                           'pmin': 0.01,
                           'priors': [0.1, 0.8, 0.1],
                           'type': 'ternary'},
                    'wf': {'p0max': 0.95,
                           'p0min': 0.05,
                           'parametrization': 'sigmoid',
                           'pmax': 0.99,
                           'pmin': 0.01,
                           'priors': [0.1, 0.8, 0.1],
                           'type': 'ternary'},
                    'wi': {'p0max': 0.95,
                           'p0min': 0.05,
                           'parametrization': 'sigmoid',
                           'pmax': 0.99,
                           'pmin': 0.01,
                           'priors': [0.1, 0.8, 0.1],
                           'type': 'ternary'},
                    'wo': {'p0max': 0.95,
                           'p0min': 0.05,
                           'parametrization': 'sigmoid',
                           'pmax': 0.99,
                           'pmin': 0.01,
                           'priors': [0.1, 0.8, 0.1],
                           'type': 'ternary'}},
                   {'b': {'init_m': 'zeros',
                          'init_v': -4.5,
                          'prior_m': 0.0,
                          'prior_v': 0.0,
                          'type': 'continuous'},
                    'layer_type': 'fc',
                    'lr_adapt': False,
                    'parametrization': 'logits',
                    'regularization': {'mode': None, 'strength': 0.02},
                    'tau': 3.1622776601683795,
                    'var_scope': 'output_layer',
                    'w': {'p0max': 0.95,
                          'p0min': 0.05,
                          'parametrization': 'sigmoid',
                          'pmax': 0.99,
                          'pmin': 0.01,
                          'priors': [0.1, 0.8, 0.1],
                          'type': 'ternary'}}],
 'layout': [4, 40, 40, 10],
 'output_type': 'classification'}
==============================


tr
(9940, 4, 40)
va
(2120, 4, 40)
te
(1780, 4, 40)
  0,  0 | TrAcc: 0.1976, TrLoss:  2.23906, VaAcc: 0.2036, VaLoss:  2.18699	 MAP NN | Acc: 0.1420 | Loss: 2.6117
  1,  0 | TrAcc: 0.1909, TrLoss:  2.21271, VaAcc: 0.2504, VaLoss:  2.17345	 MAP NN | Acc: 0.1960 | Loss: 2.2384
  2,  0 | TrAcc: 0.2438, TrLoss:  2.08049, VaAcc: 0.2884, VaLoss:  2.03660	 MAP NN | Acc: 0.3236 | Loss: 1.8242
  3,  0 | TrAcc: 0.2918, TrLoss:  2.01646, VaAcc: 0.2828, VaLoss:  2.04763	 MAP NN | Acc: 0.3992 | Loss: 1.6272
  4,  0 | TrAcc: 0.3744, TrLoss:  1.89569, VaAcc: 0.3412, VaLoss:  1.92075	 MAP NN | Acc: 0.4964 | Loss: 1.4801
  5,  0 | TrAcc: 0.3609, TrLoss:  1.93168, VaAcc: 0.4068, VaLoss:  1.84880	 MAP NN | Acc: 0.5052 | Loss: 1.4376
  6,  0 | TrAcc: 0.3534, TrLoss:  1.89206, VaAcc: 0.3448, VaLoss:  1.82808	 MAP NN | Acc: 0.5188 | Loss: 1.3599
  7,  0 | TrAcc: 0.4090, TrLoss:  1.77207, VaAcc: 0.4116, VaLoss:  1.78285	 MAP NN | Acc: 0.5852 | Loss: 1.2501
  8,  0 | TrAcc: 0.4556, TrLoss:  1.68242, VaAcc: 0.4344, VaLoss:  1.70098	 MAP NN | Acc: 0.5424 | Loss: 1.3578
  9,  0 | TrAcc: 0.4538, TrLoss:  1.66775, VaAcc: 0.4660, VaLoss:  1.63997	 MAP NN | Acc: 0.5928 | Loss: 1.3019
 10,  0 | TrAcc: 0.5230, TrLoss:  1.55650, VaAcc: 0.5188, VaLoss:  1.52225	 MAP NN | Acc: 0.6388 | Loss: 1.1692
 11,  0 | TrAcc: 0.5077, TrLoss:  1.54189, VaAcc: 0.4932, VaLoss:  1.56382	 MAP NN | Acc: 0.6500 | Loss: 1.0639
 12,  0 | TrAcc: 0.5494, TrLoss:  1.43419, VaAcc: 0.5188, VaLoss:  1.49726	 MAP NN | Acc: 0.6748 | Loss: 1.0236
 13,  0 | TrAcc: 0.5615, TrLoss:  1.40377, VaAcc: 0.5444, VaLoss:  1.50962	 MAP NN | Acc: 0.6936 | Loss: 0.9592
 14,  0 | TrAcc: 0.6047, TrLoss:  1.31968, VaAcc: 0.5876, VaLoss:  1.30887	 MAP NN | Acc: 0.7496 | Loss: 0.8196
 15,  0 | TrAcc: 0.5914, TrLoss:  1.35727, VaAcc: 0.5928, VaLoss:  1.30673	 MAP NN | Acc: 0.7740 | Loss: 0.7530
 16,  0 | TrAcc: 0.5989, TrLoss:  1.29608, VaAcc: 0.6200, VaLoss:  1.21563	 MAP NN | Acc: 0.7556 | Loss: 0.7946
 17,  0 | TrAcc: 0.6387, TrLoss:  1.19114, VaAcc: 0.6196, VaLoss:  1.25260	 MAP NN | Acc: 0.7536 | Loss: 0.7809
 18,  0 | TrAcc: 0.6695, TrLoss:  1.08645, VaAcc: 0.6564, VaLoss:  1.14156	 MAP NN | Acc: 0.7716 | Loss: 0.7622
 19,  0 | TrAcc: 0.6682, TrLoss:  1.10768, VaAcc: 0.6664, VaLoss:  1.10256	 MAP NN | Acc: 0.7756 | Loss: 0.7080
 20,  0 | TrAcc: 0.6364, TrLoss:  1.17731, VaAcc: 0.6632, VaLoss:  1.12259	 MAP NN | Acc: 0.7936 | Loss: 0.6777
 21,  0 | TrAcc: 0.6807, TrLoss:  1.05895, VaAcc: 0.6916, VaLoss:  1.02359	 MAP NN | Acc: 0.8076 | Loss: 0.6703
 22,  0 | TrAcc: 0.6795, TrLoss:  1.08097, VaAcc: 0.7216, VaLoss:  0.95681	 MAP NN | Acc: 0.7620 | Loss: 0.7398
 23,  0 | TrAcc: 0.6994, TrLoss:  1.04892, VaAcc: 0.7184, VaLoss:  0.94702	 MAP NN | Acc: 0.7956 | Loss: 0.6851
 24,  0 | TrAcc: 0.7004, TrLoss:  1.01703, VaAcc: 0.6672, VaLoss:  1.02463	 MAP NN | Acc: 0.7896 | Loss: 0.6906
 25,  0 | TrAcc: 0.7087, TrLoss:  0.97495, VaAcc: 0.7060, VaLoss:  0.96616	 MAP NN | Acc: 0.8036 | Loss: 0.6671
 26,  0 | TrAcc: 0.7473, TrLoss:  0.86958, VaAcc: 0.6836, VaLoss:  1.01000	 MAP NN | Acc: 0.8176 | Loss: 0.6362
 27,  0 | TrAcc: 0.7160, TrLoss:  0.94167, VaAcc: 0.7112, VaLoss:  0.95766	 MAP NN | Acc: 0.8036 | Loss: 0.6378
 28,  0 | TrAcc: 0.7318, TrLoss:  0.89470, VaAcc: 0.7260, VaLoss:  0.92101	 MAP NN | Acc: 0.7936 | Loss: 0.6542
 29,  0 | TrAcc: 0.7591, TrLoss:  0.84732, VaAcc: 0.7372, VaLoss:  0.89788	 MAP NN | Acc: 0.7976 | Loss: 0.6611
 30,  0 | TrAcc: 0.7632, TrLoss:  0.82475, VaAcc: 0.7480, VaLoss:  0.83480	 MAP NN | Acc: 0.8036 | Loss: 0.6607
 31,  0 | TrAcc: 0.7477, TrLoss:  0.91035, VaAcc: 0.7680, VaLoss:  0.78529	 MAP NN | Acc: 0.8076 | Loss: 0.6394
 32,  0 | TrAcc: 0.7691, TrLoss:  0.81649, VaAcc: 0.7740, VaLoss:  0.78238	 MAP NN | Acc: 0.8216 | Loss: 0.6191
 33,  0 | TrAcc: 0.7462, TrLoss:  0.86456, VaAcc: 0.7712, VaLoss:  0.79512	 MAP NN | Acc: 0.7956 | Loss: 0.6413
 34,  0 | TrAcc: 0.7890, TrLoss:  0.76668, VaAcc: 0.7556, VaLoss:  0.81153	 MAP NN | Acc: 0.8256 | Loss: 0.5754
 35,  0 | TrAcc: 0.7660, TrLoss:  0.79835, VaAcc: 0.7348, VaLoss:  0.84406	 MAP NN | Acc: 0.8336 | Loss: 0.5481
 36,  0 | TrAcc: 0.7721, TrLoss:  0.79183, VaAcc: 0.7784, VaLoss:  0.77764	 MAP NN | Acc: 0.8576 | Loss: 0.5243
 37,  0 | TrAcc: 0.7881, TrLoss:  0.74059, VaAcc: 0.7952, VaLoss:  0.70655	 MAP NN | Acc: 0.8536 | Loss: 0.5347
 38,  0 | TrAcc: 0.7820, TrLoss:  0.74565, VaAcc: 0.7904, VaLoss:  0.71346	 MAP NN | Acc: 0.8556 | Loss: 0.5450
 39,  0 | TrAcc: 0.7364, TrLoss:  0.88773, VaAcc: 0.7580, VaLoss:  0.81730	 MAP NN | Acc: 0.8556 | Loss: 0.5344
 40,  0 | TrAcc: 0.7616, TrLoss:  0.81160, VaAcc: 0.7652, VaLoss:  0.80864	 MAP NN | Acc: 0.8556 | Loss: 0.5174
 41,  0 | TrAcc: 0.8079, TrLoss:  0.68919, VaAcc: 0.7868, VaLoss:  0.71711	 MAP NN | Acc: 0.8656 | Loss: 0.5162
 42,  0 | TrAcc: 0.7803, TrLoss:  0.71729, VaAcc: 0.7948, VaLoss:  0.72842	 MAP NN | Acc: 0.8656 | Loss: 0.5108
 43,  0 | TrAcc: 0.7728, TrLoss:  0.77751, VaAcc: 0.7724, VaLoss:  0.74552	 MAP NN | Acc: 0.8640 | Loss: 0.5117
 44,  0 | TrAcc: 0.7878, TrLoss:  0.74059, VaAcc: 0.8164, VaLoss:  0.64540	 MAP NN | Acc: 0.8700 | Loss: 0.4928
 45,  0 | TrAcc: 0.7880, TrLoss:  0.74092, VaAcc: 0.8028, VaLoss:  0.65642	 MAP NN | Acc: 0.8616 | Loss: 0.5055
 46,  0 | TrAcc: 0.7929, TrLoss:  0.72903, VaAcc: 0.8040, VaLoss:  0.62658	 MAP NN | Acc: 0.8676 | Loss: 0.4958
 47,  0 | TrAcc: 0.7955, TrLoss:  0.68998, VaAcc: 0.7940, VaLoss:  0.71602	 MAP NN | Acc: 0.8660 | Loss: 0.4940
 48,  0 | TrAcc: 0.7833, TrLoss:  0.74073, VaAcc: 0.8336, VaLoss:  0.60066	 MAP NN | Acc: 0.8700 | Loss: 0.4922
 49,  0 | TrAcc: 0.8086, TrLoss:  0.68047, VaAcc: 0.8236, VaLoss:  0.64711	 MAP NN | Acc: 0.8780 | Loss: 0.4918
 50,  0 | TrAcc: 0.8153, TrLoss:  0.64673, VaAcc: 0.8080, VaLoss:  0.64421	 MAP NN | Acc: 0.8740 | Loss: 0.5097
 51,  0 | TrAcc: 0.8123, TrLoss:  0.65552, VaAcc: 0.7996, VaLoss:  0.68469	 MAP NN | Acc: 0.8520 | Loss: 0.5441
 52,  0 | TrAcc: 0.8121, TrLoss:  0.63555, VaAcc: 0.8064, VaLoss:  0.66274	 MAP NN | Acc: 0.8600 | Loss: 0.5427
 53,  0 | TrAcc: 0.8093, TrLoss:  0.66338, VaAcc: 0.8112, VaLoss:  0.65017	 MAP NN | Acc: 0.8680 | Loss: 0.5267
 54,  0 | TrAcc: 0.8068, TrLoss:  0.65373, VaAcc: 0.8228, VaLoss:  0.61921	 MAP NN | Acc: 0.8680 | Loss: 0.5324
 55,  0 | TrAcc: 0.8371, TrLoss:  0.57681, VaAcc: 0.8256, VaLoss:  0.64241	 MAP NN | Acc: 0.8720 | Loss: 0.5081
 56,  0 | TrAcc: 0.8150, TrLoss:  0.61993, VaAcc: 0.8048, VaLoss:  0.67593	 MAP NN | Acc: 0.8740 | Loss: 0.5130
 57,  0 | TrAcc: 0.8052, TrLoss:  0.68298, VaAcc: 0.8152, VaLoss:  0.65070	 MAP NN | Acc: 0.8720 | Loss: 0.5246
 58,  0 | TrAcc: 0.8303, TrLoss:  0.59772, VaAcc: 0.8324, VaLoss:  0.60891	 MAP NN | Acc: 0.8620 | Loss: 0.5308
 59,  0 | TrAcc: 0.8349, TrLoss:  0.58829, VaAcc: 0.8236, VaLoss:  0.61012	 MAP NN | Acc: 0.8520 | Loss: 0.5359
 60,  0 | TrAcc: 0.8248, TrLoss:  0.60088, VaAcc: 0.8260, VaLoss:  0.59098	 MAP NN | Acc: 0.8580 | Loss: 0.5452
 61,  0 | TrAcc: 0.8415, TrLoss:  0.58441, VaAcc: 0.8332, VaLoss:  0.56374	 MAP NN | Acc: 0.8520 | Loss: 0.5292
 62,  0 | TrAcc: 0.8344, TrLoss:  0.55718, VaAcc: 0.8264, VaLoss:  0.59304	 MAP NN | Acc: 0.8480 | Loss: 0.5346
 63,  0 | TrAcc: 0.8258, TrLoss:  0.62667, VaAcc: 0.8156, VaLoss:  0.62036	 MAP NN | Acc: 0.8320 | Loss: 0.5700
 64,  0 | TrAcc: 0.8354, TrLoss:  0.57674, VaAcc: 0.8284, VaLoss:  0.58369	 MAP NN | Acc: 0.8340 | Loss: 0.5650
 65,  0 | TrAcc: 0.8398, TrLoss:  0.56113, VaAcc: 0.8208, VaLoss:  0.58865	 MAP NN | Acc: 0.8580 | Loss: 0.5089
 66,  0 | TrAcc: 0.8254, TrLoss:  0.60860, VaAcc: 0.8040, VaLoss:  0.65038	 MAP NN | Acc: 0.8360 | Loss: 0.5454
 67,  0 | TrAcc: 0.8250, TrLoss:  0.59395, VaAcc: 0.8356, VaLoss:  0.57469	 MAP NN | Acc: 0.8400 | Loss: 0.5335
 68,  0 | TrAcc: 0.8233, TrLoss:  0.59575, VaAcc: 0.8284, VaLoss:  0.61242	 MAP NN | Acc: 0.8520 | Loss: 0.5112
 69,  0 | TrAcc: 0.8682, TrLoss:  0.47538, VaAcc: 0.8276, VaLoss:  0.62668	 MAP NN | Acc: 0.8580 | Loss: 0.4872
 70,  0 | TrAcc: 0.8541, TrLoss:  0.51398, VaAcc: 0.8432, VaLoss:  0.53775	 MAP NN | Acc: 0.8460 | Loss: 0.5146
 71,  0 | TrAcc: 0.8421, TrLoss:  0.56692, VaAcc: 0.8232, VaLoss:  0.58871	 MAP NN | Acc: 0.8360 | Loss: 0.5273
 72,  0 | TrAcc: 0.8414, TrLoss:  0.55170, VaAcc: 0.8416, VaLoss:  0.56428	 MAP NN | Acc: 0.8360 | Loss: 0.5169
 73,  0 | TrAcc: 0.8427, TrLoss:  0.55282, VaAcc: 0.8500, VaLoss:  0.55332	 MAP NN | Acc: 0.8480 | Loss: 0.4861
 74,  0 | TrAcc: 0.8667, TrLoss:  0.49049, VaAcc: 0.8560, VaLoss:  0.53392	 MAP NN | Acc: 0.8660 | Loss: 0.4716
 75,  0 | TrAcc: 0.8627, TrLoss:  0.48802, VaAcc: 0.8548, VaLoss:  0.50026	 MAP NN | Acc: 0.8740 | Loss: 0.4491
 76,  0 | TrAcc: 0.8240, TrLoss:  0.59056, VaAcc: 0.8024, VaLoss:  0.63897	 MAP NN | Acc: 0.8656 | Loss: 0.4645
 77,  0 | TrAcc: 0.8538, TrLoss:  0.50500, VaAcc: 0.8172, VaLoss:  0.62059	 MAP NN | Acc: 0.8436 | Loss: 0.4939
 78,  0 | TrAcc: 0.8420, TrLoss:  0.54375, VaAcc: 0.8008, VaLoss:  0.65494	 MAP NN | Acc: 0.8500 | Loss: 0.4854
 79,  0 | TrAcc: 0.8569, TrLoss:  0.52003, VaAcc: 0.8352, VaLoss:  0.56205	 MAP NN | Acc: 0.8536 | Loss: 0.4943
 80,  0 | TrAcc: 0.8505, TrLoss:  0.52545, VaAcc: 0.8380, VaLoss:  0.55524	 MAP NN | Acc: 0.8536 | Loss: 0.4602
 81,  0 | TrAcc: 0.8651, TrLoss:  0.45958, VaAcc: 0.8436, VaLoss:  0.55021	 MAP NN | Acc: 0.8636 | Loss: 0.4554
 82,  0 | TrAcc: 0.8439, TrLoss:  0.53613, VaAcc: 0.8484, VaLoss:  0.53267	 MAP NN | Acc: 0.8820 | Loss: 0.4298
 83,  0 | TrAcc: 0.8453, TrLoss:  0.54719, VaAcc: 0.8408, VaLoss:  0.56456	 MAP NN | Acc: 0.8780 | Loss: 0.4272
 84,  0 | TrAcc: 0.8450, TrLoss:  0.52818, VaAcc: 0.8452, VaLoss:  0.52912	 MAP NN | Acc: 0.8680 | Loss: 0.4399
 85,  0 | TrAcc: 0.8537, TrLoss:  0.50527, VaAcc: 0.8532, VaLoss:  0.51149	 MAP NN | Acc: 0.8736 | Loss: 0.4447
 86,  0 | TrAcc: 0.8674, TrLoss:  0.45745, VaAcc: 0.8572, VaLoss:  0.49138	 MAP NN | Acc: 0.8660 | Loss: 0.4798
 87,  0 | TrAcc: 0.8418, TrLoss:  0.54553, VaAcc: 0.8468, VaLoss:  0.51470	 MAP NN | Acc: 0.8640 | Loss: 0.5018
 88,  0 | TrAcc: 0.8536, TrLoss:  0.50536, VaAcc: 0.8552, VaLoss:  0.49565	 MAP NN | Acc: 0.8440 | Loss: 0.5265
 89,  0 | TrAcc: 0.8517, TrLoss:  0.51791, VaAcc: 0.8656, VaLoss:  0.46454	 MAP NN | Acc: 0.8520 | Loss: 0.5165
 90,  0 | TrAcc: 0.8615, TrLoss:  0.46966, VaAcc: 0.8400, VaLoss:  0.53434	 MAP NN | Acc: 0.8660 | Loss: 0.4588
 91,  0 | TrAcc: 0.8741, TrLoss:  0.44861, VaAcc: 0.8560, VaLoss:  0.50422	 MAP NN | Acc: 0.8536 | Loss: 0.4658
 92,  0 | TrAcc: 0.8584, TrLoss:  0.50268, VaAcc: 0.8472, VaLoss:  0.52813	 MAP NN | Acc: 0.8760 | Loss: 0.4296
 93,  0 | TrAcc: 0.8505, TrLoss:  0.50978, VaAcc: 0.8484, VaLoss:  0.51707	 MAP NN | Acc: 0.8820 | Loss: 0.4084
 94,  0 | TrAcc: 0.8724, TrLoss:  0.44097, VaAcc: 0.8256, VaLoss:  0.57749	 MAP NN | Acc: 0.8800 | Loss: 0.4083
 95,  0 | TrAcc: 0.8712, TrLoss:  0.46298, VaAcc: 0.8552, VaLoss:  0.50240	 MAP NN | Acc: 0.8840 | Loss: 0.4139
 96,  0 | TrAcc: 0.8453, TrLoss:  0.52582, VaAcc: 0.8708, VaLoss:  0.44551	 MAP NN | Acc: 0.8880 | Loss: 0.4038
 97,  0 | TrAcc: 0.8755, TrLoss:  0.44692, VaAcc: 0.8556, VaLoss:  0.50588	 MAP NN | Acc: 0.8900 | Loss: 0.4110
 98,  0 | TrAcc: 0.8813, TrLoss:  0.43134, VaAcc: 0.8652, VaLoss:  0.46041	 MAP NN | Acc: 0.8920 | Loss: 0.3902
 99,  0 | TrAcc: 0.8626, TrLoss:  0.47560, VaAcc: 0.8504, VaLoss:  0.53326	 MAP NN | Acc: 0.8960 | Loss: 0.3760
100,  0 | TrAcc: 0.8760, TrLoss:  0.44037, VaAcc: 0.8640, VaLoss:  0.48166	 MAP NN | Acc: 0.8840 | Loss: 0.3944
101,  0 | TrAcc: 0.8666, TrLoss:  0.44794, VaAcc: 0.8408, VaLoss:  0.53390	 MAP NN | Acc: 0.8920 | Loss: 0.3617
102,  0 | TrAcc: 0.8636, TrLoss:  0.48119, VaAcc: 0.8624, VaLoss:  0.47516	 MAP NN | Acc: 0.8860 | Loss: 0.3798
103,  0 | TrAcc: 0.8672, TrLoss:  0.45408, VaAcc: 0.8720, VaLoss:  0.45133	 MAP NN | Acc: 0.8776 | Loss: 0.4261
104,  0 | TrAcc: 0.8548, TrLoss:  0.48800, VaAcc: 0.8592, VaLoss:  0.46746	 MAP NN | Acc: 0.8716 | Loss: 0.4332
105,  0 | TrAcc: 0.8740, TrLoss:  0.43449, VaAcc: 0.8472, VaLoss:  0.49938	 MAP NN | Acc: 0.8820 | Loss: 0.4176
106,  0 | TrAcc: 0.8386, TrLoss:  0.55666, VaAcc: 0.8648, VaLoss:  0.48127	 MAP NN | Acc: 0.8880 | Loss: 0.3940
107,  0 | TrAcc: 0.8616, TrLoss:  0.47928, VaAcc: 0.8680, VaLoss:  0.46615	 MAP NN | Acc: 0.9000 | Loss: 0.3733
108,  0 | TrAcc: 0.8821, TrLoss:  0.40005, VaAcc: 0.8696, VaLoss:  0.45449	 MAP NN | Acc: 0.8960 | Loss: 0.3629
109,  0 | TrAcc: 0.8765, TrLoss:  0.40696, VaAcc: 0.8712, VaLoss:  0.45874	 MAP NN | Acc: 0.8900 | Loss: 0.3678
110,  0 | TrAcc: 0.8676, TrLoss:  0.43513, VaAcc: 0.8640, VaLoss:  0.45481	 MAP NN | Acc: 0.8920 | Loss: 0.3761
111,  0 | TrAcc: 0.8646, TrLoss:  0.46713, VaAcc: 0.8588, VaLoss:  0.48092	 MAP NN | Acc: 0.8940 | Loss: 0.3810
112,  0 | TrAcc: 0.8708, TrLoss:  0.43750, VaAcc: 0.8664, VaLoss:  0.44284	 MAP NN | Acc: 0.8880 | Loss: 0.3838
113,  0 | TrAcc: 0.8750, TrLoss:  0.42849, VaAcc: 0.8732, VaLoss:  0.43871	 MAP NN | Acc: 0.8920 | Loss: 0.4015
114,  0 | TrAcc: 0.8769, TrLoss:  0.43416, VaAcc: 0.8656, VaLoss:  0.44955	 MAP NN | Acc: 0.8940 | Loss: 0.3965
115,  0 | TrAcc: 0.8732, TrLoss:  0.43090, VaAcc: 0.8492, VaLoss:  0.49777	 MAP NN | Acc: 0.8900 | Loss: 0.3968
116,  0 | TrAcc: 0.8889, TrLoss:  0.38509, VaAcc: 0.8632, VaLoss:  0.47873	 MAP NN | Acc: 0.8920 | Loss: 0.3502
117,  0 | TrAcc: 0.8600, TrLoss:  0.47772, VaAcc: 0.8708, VaLoss:  0.43214	 MAP NN | Acc: 0.8980 | Loss: 0.3436
118,  0 | TrAcc: 0.8788, TrLoss:  0.42508, VaAcc: 0.8788, VaLoss:  0.42126	 MAP NN | Acc: 0.8980 | Loss: 0.3676
119,  0 | TrAcc: 0.8721, TrLoss:  0.44424, VaAcc: 0.8744, VaLoss:  0.43033	 MAP NN | Acc: 0.9020 | Loss: 0.3587
120,  0 | TrAcc: 0.8815, TrLoss:  0.40510, VaAcc: 0.8840, VaLoss:  0.39923	 MAP NN | Acc: 0.9080 | Loss: 0.3373
121,  0 | TrAcc: 0.8856, TrLoss:  0.40040, VaAcc: 0.8664, VaLoss:  0.46114	 MAP NN | Acc: 0.9120 | Loss: 0.3372
122,  0 | TrAcc: 0.8743, TrLoss:  0.43534, VaAcc: 0.8668, VaLoss:  0.45777	 MAP NN | Acc: 0.9020 | Loss: 0.3399
123,  0 | TrAcc: 0.8701, TrLoss:  0.44357, VaAcc: 0.8632, VaLoss:  0.44197	 MAP NN | Acc: 0.9080 | Loss: 0.3405
124,  0 | TrAcc: 0.8802, TrLoss:  0.42334, VaAcc: 0.8708, VaLoss:  0.45197	 MAP NN | Acc: 0.9060 | Loss: 0.3341
125,  0 | TrAcc: 0.8810, TrLoss:  0.41328, VaAcc: 0.8720, VaLoss:  0.44197	 MAP NN | Acc: 0.9040 | Loss: 0.3399
126,  0 | TrAcc: 0.8714, TrLoss:  0.43843, VaAcc: 0.8608, VaLoss:  0.44545	 MAP NN | Acc: 0.9040 | Loss: 0.3429
127,  0 | TrAcc: 0.8801, TrLoss:  0.41122, VaAcc: 0.8664, VaLoss:  0.43216	 MAP NN | Acc: 0.9020 | Loss: 0.3360
128,  0 | TrAcc: 0.8821, TrLoss:  0.39466, VaAcc: 0.8780, VaLoss:  0.41461	 MAP NN | Acc: 0.9060 | Loss: 0.3306
129,  0 | TrAcc: 0.8725, TrLoss:  0.43898, VaAcc: 0.8628, VaLoss:  0.46333	 MAP NN | Acc: 0.9040 | Loss: 0.3270
130,  0 | TrAcc: 0.8840, TrLoss:  0.39692, VaAcc: 0.8724, VaLoss:  0.43256	 MAP NN | Acc: 0.9100 | Loss: 0.3161
131,  0 | TrAcc: 0.8652, TrLoss:  0.46188, VaAcc: 0.8724, VaLoss:  0.42964	 MAP NN | Acc: 0.9080 | Loss: 0.3222
132,  0 | TrAcc: 0.8692, TrLoss:  0.44773, VaAcc: 0.8716, VaLoss:  0.43844	 MAP NN | Acc: 0.9080 | Loss: 0.3199
133,  0 | TrAcc: 0.8788, TrLoss:  0.39895, VaAcc: 0.8736, VaLoss:  0.44216	 MAP NN | Acc: 0.9100 | Loss: 0.3242
134,  0 | TrAcc: 0.8661, TrLoss:  0.44757, VaAcc: 0.8728, VaLoss:  0.41102	 MAP NN | Acc: 0.9120 | Loss: 0.3279
135,  0 | TrAcc: 0.8890, TrLoss:  0.38767, VaAcc: 0.8792, VaLoss:  0.39670	 MAP NN | Acc: 0.9100 | Loss: 0.3246
136,  0 | TrAcc: 0.8931, TrLoss:  0.35631, VaAcc: 0.8808, VaLoss:  0.41207	 MAP NN | Acc: 0.9160 | Loss: 0.3186
137,  0 | TrAcc: 0.8815, TrLoss:  0.41239, VaAcc: 0.8684, VaLoss:  0.43778	 MAP NN | Acc: 0.9020 | Loss: 0.3500
138,  0 | TrAcc: 0.8932, TrLoss:  0.36042, VaAcc: 0.8644, VaLoss:  0.43073	 MAP NN | Acc: 0.9020 | Loss: 0.3514
139,  0 | TrAcc: 0.8889, TrLoss:  0.37750, VaAcc: 0.8824, VaLoss:  0.39744	 MAP NN | Acc: 0.8980 | Loss: 0.3411
140,  0 | TrAcc: 0.8918, TrLoss:  0.37476, VaAcc: 0.8672, VaLoss:  0.43821	 MAP NN | Acc: 0.9000 | Loss: 0.3306
141,  0 | TrAcc: 0.8748, TrLoss:  0.41094, VaAcc: 0.8816, VaLoss:  0.41297	 MAP NN | Acc: 0.9120 | Loss: 0.3339
142,  0 | TrAcc: 0.8859, TrLoss:  0.37867, VaAcc: 0.8784, VaLoss:  0.42549	 MAP NN | Acc: 0.9180 | Loss: 0.3207
143,  0 | TrAcc: 0.8961, TrLoss:  0.35607, VaAcc: 0.8716, VaLoss:  0.44167	 MAP NN | Acc: 0.9120 | Loss: 0.3181
144,  0 | TrAcc: 0.8889, TrLoss:  0.37492, VaAcc: 0.8760, VaLoss:  0.39912	 MAP NN | Acc: 0.9140 | Loss: 0.3094
145,  0 | TrAcc: 0.8633, TrLoss:  0.46039, VaAcc: 0.8680, VaLoss:  0.44226	 MAP NN | Acc: 0.9160 | Loss: 0.3017
146,  0 | TrAcc: 0.8807, TrLoss:  0.40280, VaAcc: 0.8648, VaLoss:  0.43997	 MAP NN | Acc: 0.9200 | Loss: 0.2977
147,  0 | TrAcc: 0.8889, TrLoss:  0.40033, VaAcc: 0.8852, VaLoss:  0.39405	 MAP NN | Acc: 0.9160 | Loss: 0.3006
148,  0 | TrAcc: 0.8919, TrLoss:  0.37847, VaAcc: 0.8748, VaLoss:  0.42029	 MAP NN | Acc: 0.9140 | Loss: 0.2982
149,  0 | TrAcc: 0.9026, TrLoss:  0.33988, VaAcc: 0.8752, VaLoss:  0.42897	 MAP NN | Acc: 0.9140 | Loss: 0.2994
150,  0 | TrAcc: 0.8909, TrLoss:  0.37610, VaAcc: 0.8820, VaLoss:  0.38556	 MAP NN | Acc: 0.9160 | Loss: 0.3021
151,  0 | TrAcc: 0.8907, TrLoss:  0.35707, VaAcc: 0.8844, VaLoss:  0.37131	 MAP NN | Acc: 0.9140 | Loss: 0.3091
152,  0 | TrAcc: 0.8831, TrLoss:  0.38817, VaAcc: 0.8752, VaLoss:  0.42085	 MAP NN | Acc: 0.9100 | Loss: 0.3063
153,  0 | TrAcc: 0.8981, TrLoss:  0.36286, VaAcc: 0.8796, VaLoss:  0.39056	 MAP NN | Acc: 0.9120 | Loss: 0.3073
154,  0 | TrAcc: 0.8968, TrLoss:  0.38125, VaAcc: 0.8740, VaLoss:  0.41902	 MAP NN | Acc: 0.9020 | Loss: 0.3311
155,  0 | TrAcc: 0.8963, TrLoss:  0.34846, VaAcc: 0.8880, VaLoss:  0.38047	 MAP NN | Acc: 0.8940 | Loss: 0.3578
156,  0 | TrAcc: 0.8925, TrLoss:  0.36122, VaAcc: 0.8788, VaLoss:  0.41683	 MAP NN | Acc: 0.8920 | Loss: 0.3440
157,  0 | TrAcc: 0.8972, TrLoss:  0.34809, VaAcc: 0.8892, VaLoss:  0.38327	 MAP NN | Acc: 0.9060 | Loss: 0.3025
158,  0 | TrAcc: 0.8866, TrLoss:  0.36962, VaAcc: 0.8932, VaLoss:  0.38036	 MAP NN | Acc: 0.9120 | Loss: 0.2920
159,  0 | TrAcc: 0.8971, TrLoss:  0.35187, VaAcc: 0.8668, VaLoss:  0.42102	 MAP NN | Acc: 0.9160 | Loss: 0.2872
160,  0 | TrAcc: 0.8877, TrLoss:  0.37158, VaAcc: 0.8868, VaLoss:  0.38563	 MAP NN | Acc: 0.9140 | Loss: 0.2849
161,  0 | TrAcc: 0.9032, TrLoss:  0.32295, VaAcc: 0.8948, VaLoss:  0.35986	 MAP NN | Acc: 0.9060 | Loss: 0.2916
162,  0 | TrAcc: 0.9039, TrLoss:  0.33562, VaAcc: 0.8892, VaLoss:  0.39994	 MAP NN | Acc: 0.9100 | Loss: 0.2959
163,  0 | TrAcc: 0.8981, TrLoss:  0.35799, VaAcc: 0.8980, VaLoss:  0.35219	 MAP NN | Acc: 0.9120 | Loss: 0.2865
164,  0 | TrAcc: 0.8830, TrLoss:  0.39156, VaAcc: 0.8892, VaLoss:  0.36175	 MAP NN | Acc: 0.9160 | Loss: 0.2894
165,  0 | TrAcc: 0.8947, TrLoss:  0.36300, VaAcc: 0.8796, VaLoss:  0.36457	 MAP NN | Acc: 0.9140 | Loss: 0.2864
166,  0 | TrAcc: 0.8860, TrLoss:  0.37441, VaAcc: 0.8904, VaLoss:  0.36758	 MAP NN | Acc: 0.9200 | Loss: 0.2811
167,  0 | TrAcc: 0.8831, TrLoss:  0.37342, VaAcc: 0.8908, VaLoss:  0.37997	 MAP NN | Acc: 0.9140 | Loss: 0.2857
168,  0 | TrAcc: 0.9069, TrLoss:  0.31312, VaAcc: 0.8800, VaLoss:  0.40488	 MAP NN | Acc: 0.9180 | Loss: 0.2888
169,  0 | TrAcc: 0.9053, TrLoss:  0.31648, VaAcc: 0.8856, VaLoss:  0.38526	 MAP NN | Acc: 0.9240 | Loss: 0.2740
170,  0 | TrAcc: 0.8981, TrLoss:  0.34828, VaAcc: 0.8860, VaLoss:  0.36676	 MAP NN | Acc: 0.9280 | Loss: 0.2666
171,  0 | TrAcc: 0.8879, TrLoss:  0.38089, VaAcc: 0.8904, VaLoss:  0.35782	 MAP NN | Acc: 0.9240 | Loss: 0.2687
172,  0 | TrAcc: 0.8945, TrLoss:  0.35248, VaAcc: 0.8904, VaLoss:  0.36012	 MAP NN | Acc: 0.9280 | Loss: 0.2636
173,  0 | TrAcc: 0.9037, TrLoss:  0.32623, VaAcc: 0.8804, VaLoss:  0.43741	 MAP NN | Acc: 0.9240 | Loss: 0.2703
174,  0 | TrAcc: 0.8891, TrLoss:  0.37427, VaAcc: 0.8904, VaLoss:  0.37985	 MAP NN | Acc: 0.9240 | Loss: 0.2726
175,  0 | TrAcc: 0.9013, TrLoss:  0.33136, VaAcc: 0.8940, VaLoss:  0.36566	 MAP NN | Acc: 0.9280 | Loss: 0.2668
176,  0 | TrAcc: 0.8891, TrLoss:  0.36709, VaAcc: 0.8824, VaLoss:  0.38418	 MAP NN | Acc: 0.9220 | Loss: 0.2689
177,  0 | TrAcc: 0.8943, TrLoss:  0.36224, VaAcc: 0.8944, VaLoss:  0.35204	 MAP NN | Acc: 0.9240 | Loss: 0.2661
178,  0 | TrAcc: 0.8938, TrLoss:  0.35477, VaAcc: 0.8872, VaLoss:  0.37331	 MAP NN | Acc: 0.9280 | Loss: 0.2658
179,  0 | TrAcc: 0.8992, TrLoss:  0.34418, VaAcc: 0.8972, VaLoss:  0.35594	 MAP NN | Acc: 0.9260 | Loss: 0.2752
180,  0 | TrAcc: 0.8984, TrLoss:  0.35489, VaAcc: 0.8892, VaLoss:  0.36802	 MAP NN | Acc: 0.9280 | Loss: 0.2713
181,  0 | TrAcc: 0.8998, TrLoss:  0.33128, VaAcc: 0.8920, VaLoss:  0.35715	 MAP NN | Acc: 0.9280 | Loss: 0.2698
182,  0 | TrAcc: 0.9081, TrLoss:  0.31565, VaAcc: 0.8840, VaLoss:  0.37350	 MAP NN | Acc: 0.9300 | Loss: 0.2756
183,  0 | TrAcc: 0.8874, TrLoss:  0.36406, VaAcc: 0.8940, VaLoss:  0.35323	 MAP NN | Acc: 0.9260 | Loss: 0.2742
184,  0 | TrAcc: 0.9091, TrLoss:  0.32838, VaAcc: 0.8836, VaLoss:  0.37074	 MAP NN | Acc: 0.9320 | Loss: 0.2739
185,  0 | TrAcc: 0.9104, TrLoss:  0.29723, VaAcc: 0.8960, VaLoss:  0.36926	 MAP NN | Acc: 0.9280 | Loss: 0.2771
186,  0 | TrAcc: 0.8962, TrLoss:  0.35661, VaAcc: 0.9052, VaLoss:  0.32403	 MAP NN | Acc: 0.9300 | Loss: 0.2758
187,  0 | TrAcc: 0.8934, TrLoss:  0.35560, VaAcc: 0.8812, VaLoss:  0.40039	 MAP NN | Acc: 0.9240 | Loss: 0.2731
188,  0 | TrAcc: 0.9053, TrLoss:  0.32469, VaAcc: 0.8980, VaLoss:  0.34140	 MAP NN | Acc: 0.9260 | Loss: 0.2672
189,  0 | TrAcc: 0.8963, TrLoss:  0.34573, VaAcc: 0.9016, VaLoss:  0.33016	 MAP NN | Acc: 0.9240 | Loss: 0.2695
190,  0 | TrAcc: 0.8983, TrLoss:  0.33628, VaAcc: 0.9044, VaLoss:  0.33095	 MAP NN | Acc: 0.9220 | Loss: 0.2659
191,  0 | TrAcc: 0.8995, TrLoss:  0.34441, VaAcc: 0.8908, VaLoss:  0.35978	 MAP NN | Acc: 0.9320 | Loss: 0.2509
192,  0 | TrAcc: 0.9138, TrLoss:  0.29090, VaAcc: 0.8928, VaLoss:  0.37350	 MAP NN | Acc: 0.9240 | Loss: 0.2501
193,  0 | TrAcc: 0.9074, TrLoss:  0.31193, VaAcc: 0.9088, VaLoss:  0.31329	 MAP NN | Acc: 0.9280 | Loss: 0.2474
194,  0 | TrAcc: 0.9171, TrLoss:  0.28671, VaAcc: 0.9080, VaLoss:  0.32244	 MAP NN | Acc: 0.9280 | Loss: 0.2510
195,  0 | TrAcc: 0.9101, TrLoss:  0.30645, VaAcc: 0.8936, VaLoss:  0.35778	 MAP NN | Acc: 0.9220 | Loss: 0.2513
196,  0 | TrAcc: 0.9030, TrLoss:  0.32641, VaAcc: 0.9020, VaLoss:  0.32802	 MAP NN | Acc: 0.9260 | Loss: 0.2414
197,  0 | TrAcc: 0.8991, TrLoss:  0.31141, VaAcc: 0.9056, VaLoss:  0.32249	 MAP NN | Acc: 0.9280 | Loss: 0.2368
198,  0 | TrAcc: 0.9211, TrLoss:  0.27733, VaAcc: 0.8920, VaLoss:  0.35513	 MAP NN | Acc: 0.9320 | Loss: 0.2343
199,  0 | TrAcc: 0.9078, TrLoss:  0.31567, VaAcc: 0.9024, VaLoss:  0.32286	 MAP NN | Acc: 0.9260 | Loss: 0.2380
200,  0 | TrAcc: 0.9007, TrLoss:  0.34208, VaAcc: 0.9112, VaLoss:  0.29477	 MAP NN | Acc: 0.9240 | Loss: 0.2462
201,  0 | TrAcc: 0.9089, TrLoss:  0.31343, VaAcc: 0.9044, VaLoss:  0.32408	 MAP NN | Acc: 0.9260 | Loss: 0.2437
202,  0 | TrAcc: 0.8947, TrLoss:  0.34804, VaAcc: 0.8920, VaLoss:  0.35019	 MAP NN | Acc: 0.9300 | Loss: 0.2364
203,  0 | TrAcc: 0.9087, TrLoss:  0.30861, VaAcc: 0.9076, VaLoss:  0.31650	 MAP NN | Acc: 0.9300 | Loss: 0.2307
204,  0 | TrAcc: 0.9089, TrLoss:  0.31932, VaAcc: 0.8908, VaLoss:  0.34872	 MAP NN | Acc: 0.9300 | Loss: 0.2320
205,  0 | TrAcc: 0.9130, TrLoss:  0.29041, VaAcc: 0.8980, VaLoss:  0.33750	 MAP NN | Acc: 0.9280 | Loss: 0.2312
206,  0 | TrAcc: 0.8983, TrLoss:  0.34672, VaAcc: 0.8972, VaLoss:  0.32602	 MAP NN | Acc: 0.9300 | Loss: 0.2321
207,  0 | TrAcc: 0.9061, TrLoss:  0.30906, VaAcc: 0.8952, VaLoss:  0.33697	 MAP NN | Acc: 0.9300 | Loss: 0.2350
208,  0 | TrAcc: 0.9060, TrLoss:  0.32171, VaAcc: 0.8988, VaLoss:  0.33186	 MAP NN | Acc: 0.9280 | Loss: 0.2306
209,  0 | TrAcc: 0.9180, TrLoss:  0.26945, VaAcc: 0.9064, VaLoss:  0.31344	 MAP NN | Acc: 0.9260 | Loss: 0.2275
210,  0 | TrAcc: 0.9116, TrLoss:  0.28163, VaAcc: 0.8952, VaLoss:  0.34347	 MAP NN | Acc: 0.9180 | Loss: 0.2393
211,  0 | TrAcc: 0.9160, TrLoss:  0.28616, VaAcc: 0.9084, VaLoss:  0.32065	 MAP NN | Acc: 0.9280 | Loss: 0.2319
212,  0 | TrAcc: 0.9173, TrLoss:  0.28188, VaAcc: 0.8928, VaLoss:  0.34191	 MAP NN | Acc: 0.9240 | Loss: 0.2297
213,  0 | TrAcc: 0.9180, TrLoss:  0.27802, VaAcc: 0.9096, VaLoss:  0.32937	 MAP NN | Acc: 0.9340 | Loss: 0.2201
214,  0 | TrAcc: 0.9107, TrLoss:  0.31266, VaAcc: 0.9124, VaLoss:  0.29888	 MAP NN | Acc: 0.9320 | Loss: 0.2232
215,  0 | TrAcc: 0.9070, TrLoss:  0.29736, VaAcc: 0.9008, VaLoss:  0.32806	 MAP NN | Acc: 0.9260 | Loss: 0.2269
216,  0 | TrAcc: 0.9208, TrLoss:  0.27387, VaAcc: 0.9016, VaLoss:  0.33300	 MAP NN | Acc: 0.9280 | Loss: 0.2271
217,  0 | TrAcc: 0.9165, TrLoss:  0.28573, VaAcc: 0.8932, VaLoss:  0.32286	 MAP NN | Acc: 0.9320 | Loss: 0.2209
218,  0 | TrAcc: 0.9071, TrLoss:  0.31551, VaAcc: 0.9084, VaLoss:  0.31523	 MAP NN | Acc: 0.9360 | Loss: 0.2119
219,  0 | TrAcc: 0.9096, TrLoss:  0.30768, VaAcc: 0.8984, VaLoss:  0.34643	 MAP NN | Acc: 0.9320 | Loss: 0.2018
220,  0 | TrAcc: 0.9002, TrLoss:  0.31796, VaAcc: 0.9068, VaLoss:  0.31485	 MAP NN | Acc: 0.9320 | Loss: 0.2098
221,  0 | TrAcc: 0.9262, TrLoss:  0.24983, VaAcc: 0.9128, VaLoss:  0.29912	 MAP NN | Acc: 0.9280 | Loss: 0.2171
222,  0 | TrAcc: 0.8989, TrLoss:  0.33183, VaAcc: 0.8904, VaLoss:  0.35355	 MAP NN | Acc: 0.9280 | Loss: 0.2182
223,  0 | TrAcc: 0.9037, TrLoss:  0.32460, VaAcc: 0.9116, VaLoss:  0.31223	 MAP NN | Acc: 0.9380 | Loss: 0.2027
224,  0 | TrAcc: 0.9029, TrLoss:  0.32445, VaAcc: 0.8968, VaLoss:  0.33120	 MAP NN | Acc: 0.9360 | Loss: 0.1994
225,  0 | TrAcc: 0.9245, TrLoss:  0.26287, VaAcc: 0.9056, VaLoss:  0.30803	 MAP NN | Acc: 0.9360 | Loss: 0.1896
226,  0 | TrAcc: 0.9089, TrLoss:  0.29722, VaAcc: 0.9052, VaLoss:  0.30971	 MAP NN | Acc: 0.9360 | Loss: 0.1916
227,  0 | TrAcc: 0.9141, TrLoss:  0.28328, VaAcc: 0.8904, VaLoss:  0.33919	 MAP NN | Acc: 0.9300 | Loss: 0.2038
228,  0 | TrAcc: 0.9153, TrLoss:  0.28350, VaAcc: 0.9140, VaLoss:  0.29503	 MAP NN | Acc: 0.9380 | Loss: 0.2006
229,  0 | TrAcc: 0.9254, TrLoss:  0.25904, VaAcc: 0.9076, VaLoss:  0.30881	 MAP NN | Acc: 0.9320 | Loss: 0.2066
230,  0 | TrAcc: 0.9202, TrLoss:  0.27125, VaAcc: 0.9104, VaLoss:  0.27659	 MAP NN | Acc: 0.9280 | Loss: 0.2145
231,  0 | TrAcc: 0.9130, TrLoss:  0.28780, VaAcc: 0.8980, VaLoss:  0.33961	 MAP NN | Acc: 0.9300 | Loss: 0.2119
232,  0 | TrAcc: 0.9157, TrLoss:  0.27091, VaAcc: 0.9060, VaLoss:  0.30380	 MAP NN | Acc: 0.9280 | Loss: 0.2226
233,  0 | TrAcc: 0.9114, TrLoss:  0.29627, VaAcc: 0.8972, VaLoss:  0.35699	 MAP NN | Acc: 0.9300 | Loss: 0.2198
234,  0 | TrAcc: 0.9136, TrLoss:  0.29179, VaAcc: 0.8996, VaLoss:  0.33338	 MAP NN | Acc: 0.9360 | Loss: 0.2045
235,  0 | TrAcc: 0.8979, TrLoss:  0.35195, VaAcc: 0.9172, VaLoss:  0.28525	 MAP NN | Acc: 0.9360 | Loss: 0.2074
236,  0 | TrAcc: 0.9089, TrLoss:  0.31257, VaAcc: 0.9088, VaLoss:  0.28836	 MAP NN | Acc: 0.9400 | Loss: 0.2024
237,  0 | TrAcc: 0.9124, TrLoss:  0.28822, VaAcc: 0.9092, VaLoss:  0.30265	 MAP NN | Acc: 0.9400 | Loss: 0.1884
238,  0 | TrAcc: 0.9274, TrLoss:  0.25185, VaAcc: 0.9120, VaLoss:  0.30535	 MAP NN | Acc: 0.9360 | Loss: 0.1935
239,  0 | TrAcc: 0.9228, TrLoss:  0.26005, VaAcc: 0.9124, VaLoss:  0.30042	 MAP NN | Acc: 0.9340 | Loss: 0.1977
240,  0 | TrAcc: 0.9131, TrLoss:  0.29595, VaAcc: 0.9032, VaLoss:  0.31083	 MAP NN | Acc: 0.9360 | Loss: 0.1968
241,  0 | TrAcc: 0.9222, TrLoss:  0.26474, VaAcc: 0.9088, VaLoss:  0.30225	 MAP NN | Acc: 0.9440 | Loss: 0.1863
242,  0 | TrAcc: 0.9144, TrLoss:  0.31004, VaAcc: 0.9040, VaLoss:  0.31216	 MAP NN | Acc: 0.9360 | Loss: 0.1984
243,  0 | TrAcc: 0.9141, TrLoss:  0.27722, VaAcc: 0.8884, VaLoss:  0.33271	 MAP NN | Acc: 0.9380 | Loss: 0.1962
244,  0 | TrAcc: 0.9184, TrLoss:  0.27612, VaAcc: 0.9096, VaLoss:  0.29598	 MAP NN | Acc: 0.9380 | Loss: 0.1941
245,  0 | TrAcc: 0.9025, TrLoss:  0.32369, VaAcc: 0.9048, VaLoss:  0.31324	 MAP NN | Acc: 0.9360 | Loss: 0.1921
246,  0 | TrAcc: 0.9090, TrLoss:  0.31152, VaAcc: 0.9100, VaLoss:  0.29358	 MAP NN | Acc: 0.9380 | Loss: 0.1884
247,  0 | TrAcc: 0.9178, TrLoss:  0.27120, VaAcc: 0.9120, VaLoss:  0.30315	 MAP NN | Acc: 0.9360 | Loss: 0.1836
248,  0 | TrAcc: 0.9248, TrLoss:  0.25571, VaAcc: 0.9224, VaLoss:  0.26441	 MAP NN | Acc: 0.9380 | Loss: 0.1806
249,  0 | TrAcc: 0.9118, TrLoss:  0.30088, VaAcc: 0.9100, VaLoss:  0.28946	 MAP NN | Acc: 0.9400 | Loss: 0.1740
250,  0 | TrAcc: 0.9032, TrLoss:  0.32218, VaAcc: 0.9112, VaLoss:  0.30766	 MAP NN | Acc: 0.9460 | Loss: 0.1682
251,  0 | TrAcc: 0.9256, TrLoss:  0.25454, VaAcc: 0.9152, VaLoss:  0.28492	 MAP NN | Acc: 0.9460 | Loss: 0.1688
252,  0 | TrAcc: 0.9291, TrLoss:  0.24859, VaAcc: 0.9124, VaLoss:  0.28743	 MAP NN | Acc: 0.9420 | Loss: 0.1730
253,  0 | TrAcc: 0.9146, TrLoss:  0.29102, VaAcc: 0.9088, VaLoss:  0.29948	 MAP NN | Acc: 0.9460 | Loss: 0.1837
254,  0 | TrAcc: 0.9173, TrLoss:  0.27591, VaAcc: 0.9068, VaLoss:  0.30634	 MAP NN | Acc: 0.9440 | Loss: 0.1833
255,  0 | TrAcc: 0.9128, TrLoss:  0.30000, VaAcc: 0.9072, VaLoss:  0.30633	 MAP NN | Acc: 0.9400 | Loss: 0.1860
256,  0 | TrAcc: 0.9199, TrLoss:  0.26096, VaAcc: 0.9172, VaLoss:  0.27343	 MAP NN | Acc: 0.9400 | Loss: 0.1839
257,  0 | TrAcc: 0.9252, TrLoss:  0.24850, VaAcc: 0.9096, VaLoss:  0.30188	 MAP NN | Acc: 0.9500 | Loss: 0.1781
258,  0 | TrAcc: 0.9181, TrLoss:  0.28912, VaAcc: 0.9052, VaLoss:  0.30896	 MAP NN | Acc: 0.9440 | Loss: 0.1789
259,  0 | TrAcc: 0.9250, TrLoss:  0.25593, VaAcc: 0.9204, VaLoss:  0.28206	 MAP NN | Acc: 0.9420 | Loss: 0.1852
260,  0 | TrAcc: 0.9120, TrLoss:  0.29277, VaAcc: 0.9128, VaLoss:  0.28443	 MAP NN | Acc: 0.9400 | Loss: 0.1836
261,  0 | TrAcc: 0.9159, TrLoss:  0.27349, VaAcc: 0.9012, VaLoss:  0.33431	 MAP NN | Acc: 0.9460 | Loss: 0.1750
262,  0 | TrAcc: 0.9122, TrLoss:  0.28895, VaAcc: 0.9160, VaLoss:  0.26642	 MAP NN | Acc: 0.9460 | Loss: 0.1811
263,  0 | TrAcc: 0.9103, TrLoss:  0.28320, VaAcc: 0.9092, VaLoss:  0.29094	 MAP NN | Acc: 0.9460 | Loss: 0.1768
264,  0 | TrAcc: 0.9250, TrLoss:  0.25641, VaAcc: 0.9220, VaLoss:  0.25850	 MAP NN | Acc: 0.9520 | Loss: 0.1687
265,  0 | TrAcc: 0.9304, TrLoss:  0.24006, VaAcc: 0.9128, VaLoss:  0.29507	 MAP NN | Acc: 0.9520 | Loss: 0.1717
266,  0 | TrAcc: 0.9178, TrLoss:  0.27470, VaAcc: 0.9132, VaLoss:  0.29331	 MAP NN | Acc: 0.9480 | Loss: 0.1736
267,  0 | TrAcc: 0.9366, TrLoss:  0.22442, VaAcc: 0.9168, VaLoss:  0.29034	 MAP NN | Acc: 0.9460 | Loss: 0.1697
268,  0 | TrAcc: 0.9129, TrLoss:  0.29715, VaAcc: 0.9060, VaLoss:  0.29926	 MAP NN | Acc: 0.9500 | Loss: 0.1699
269,  0 | TrAcc: 0.9338, TrLoss:  0.22686, VaAcc: 0.9216, VaLoss:  0.24865	 MAP NN | Acc: 0.9460 | Loss: 0.1882
270,  0 | TrAcc: 0.9180, TrLoss:  0.27793, VaAcc: 0.9128, VaLoss:  0.28155	 MAP NN | Acc: 0.9480 | Loss: 0.1863
271,  0 | TrAcc: 0.9260, TrLoss:  0.24338, VaAcc: 0.9188, VaLoss:  0.26865	 MAP NN | Acc: 0.9520 | Loss: 0.1856
272,  0 | TrAcc: 0.9194, TrLoss:  0.26014, VaAcc: 0.9148, VaLoss:  0.27334	 MAP NN | Acc: 0.9500 | Loss: 0.1891
273,  0 | TrAcc: 0.9272, TrLoss:  0.25765, VaAcc: 0.9108, VaLoss:  0.28879	 MAP NN | Acc: 0.9460 | Loss: 0.1976
274,  0 | TrAcc: 0.9157, TrLoss:  0.26969, VaAcc: 0.9100, VaLoss:  0.29464	 MAP NN | Acc: 0.9360 | Loss: 0.1957
275,  0 | TrAcc: 0.9177, TrLoss:  0.27681, VaAcc: 0.9076, VaLoss:  0.29835	 MAP NN | Acc: 0.9420 | Loss: 0.1847
276,  0 | TrAcc: 0.9299, TrLoss:  0.24171, VaAcc: 0.9168, VaLoss:  0.27064	 MAP NN | Acc: 0.9480 | Loss: 0.1800
277,  0 | TrAcc: 0.9113, TrLoss:  0.28108, VaAcc: 0.9240, VaLoss:  0.25833	 MAP NN | Acc: 0.9500 | Loss: 0.1806
278,  0 | TrAcc: 0.9138, TrLoss:  0.27717, VaAcc: 0.9132, VaLoss:  0.29540	 MAP NN | Acc: 0.9480 | Loss: 0.1810
279,  0 | TrAcc: 0.9240, TrLoss:  0.25062, VaAcc: 0.9132, VaLoss:  0.28058	 MAP NN | Acc: 0.9480 | Loss: 0.1813
280,  0 | TrAcc: 0.9255, TrLoss:  0.25803, VaAcc: 0.9148, VaLoss:  0.27008	 MAP NN | Acc: 0.9460 | Loss: 0.1843
281,  0 | TrAcc: 0.9286, TrLoss:  0.23093, VaAcc: 0.9072, VaLoss:  0.30218	 MAP NN | Acc: 0.9460 | Loss: 0.1828
282,  0 | TrAcc: 0.9255, TrLoss:  0.26326, VaAcc: 0.9208, VaLoss:  0.26559	 MAP NN | Acc: 0.9460 | Loss: 0.1844
283,  0 | TrAcc: 0.9257, TrLoss:  0.24992, VaAcc: 0.9148, VaLoss:  0.27811	 MAP NN | Acc: 0.9460 | Loss: 0.1906
284,  0 | TrAcc: 0.9229, TrLoss:  0.26563, VaAcc: 0.9124, VaLoss:  0.27330	 MAP NN | Acc: 0.9440 | Loss: 0.1879
285,  0 | TrAcc: 0.9291, TrLoss:  0.24365, VaAcc: 0.9204, VaLoss:  0.26509	 MAP NN | Acc: 0.9420 | Loss: 0.1888
286,  0 | TrAcc: 0.9208, TrLoss:  0.27197, VaAcc: 0.9200, VaLoss:  0.27453	 MAP NN | Acc: 0.9460 | Loss: 0.1849
287,  0 | TrAcc: 0.9153, TrLoss:  0.27315, VaAcc: 0.9132, VaLoss:  0.28959	 MAP NN | Acc: 0.9500 | Loss: 0.1717
288,  0 | TrAcc: 0.9184, TrLoss:  0.26598, VaAcc: 0.9196, VaLoss:  0.27776	 MAP NN | Acc: 0.9480 | Loss: 0.1764
289,  0 | TrAcc: 0.9255, TrLoss:  0.23948, VaAcc: 0.9068, VaLoss:  0.31097	 MAP NN | Acc: 0.9480 | Loss: 0.1693
290,  0 | TrAcc: 0.9325, TrLoss:  0.23467, VaAcc: 0.9136, VaLoss:  0.29643	 MAP NN | Acc: 0.9480 | Loss: 0.1655
291,  0 | TrAcc: 0.9208, TrLoss:  0.26001, VaAcc: 0.9200, VaLoss:  0.27225	 MAP NN | Acc: 0.9440 | Loss: 0.1707
292,  0 | TrAcc: 0.9112, TrLoss:  0.29641, VaAcc: 0.9232, VaLoss:  0.26476	 MAP NN | Acc: 0.9420 | Loss: 0.1787
293,  0 | TrAcc: 0.9268, TrLoss:  0.24684, VaAcc: 0.9196, VaLoss:  0.26972	 MAP NN | Acc: 0.9440 | Loss: 0.1753
294,  0 | TrAcc: 0.9233, TrLoss:  0.24630, VaAcc: 0.8956, VaLoss:  0.34236	 MAP NN | Acc: 0.9480 | Loss: 0.1723
295,  0 | TrAcc: 0.9246, TrLoss:  0.25123, VaAcc: 0.9144, VaLoss:  0.27950	 MAP NN | Acc: 0.9420 | Loss: 0.1748
296,  0 | TrAcc: 0.9241, TrLoss:  0.24618, VaAcc: 0.9280, VaLoss:  0.24867	 MAP NN | Acc: 0.9440 | Loss: 0.1756
297,  0 | TrAcc: 0.9217, TrLoss:  0.26518, VaAcc: 0.9256, VaLoss:  0.25246	 MAP NN | Acc: 0.9480 | Loss: 0.1673
298,  0 | TrAcc: 0.9238, TrLoss:  0.25924, VaAcc: 0.9176, VaLoss:  0.28491	 MAP NN | Acc: 0.9440 | Loss: 0.1644
299,  0 | TrAcc: 0.9303, TrLoss:  0.23154, VaAcc: 0.9112, VaLoss:  0.28054	 MAP NN | Acc: 0.9440 | Loss: 0.1653
300,  0 | TrAcc: 0.9229, TrLoss:  0.24978, VaAcc: 0.9052, VaLoss:  0.30861	 MAP NN | Acc: 0.9520 | Loss: 0.1634
301,  0 | TrAcc: 0.9034, TrLoss:  0.31023, VaAcc: 0.9048, VaLoss:  0.29053	 MAP NN | Acc: 0.9520 | Loss: 0.1648
302,  0 | TrAcc: 0.9381, TrLoss:  0.20441, VaAcc: 0.9244, VaLoss:  0.26182	 MAP NN | Acc: 0.9500 | Loss: 0.1706
303,  0 | TrAcc: 0.9208, TrLoss:  0.24897, VaAcc: 0.9108, VaLoss:  0.28881	 MAP NN | Acc: 0.9500 | Loss: 0.1742
304,  0 | TrAcc: 0.9208, TrLoss:  0.27884, VaAcc: 0.9168, VaLoss:  0.26974	 MAP NN | Acc: 0.9500 | Loss: 0.1719
305,  0 | TrAcc: 0.9292, TrLoss:  0.23739, VaAcc: 0.9276, VaLoss:  0.24228	 MAP NN | Acc: 0.9460 | Loss: 0.1758
306,  0 | TrAcc: 0.9289, TrLoss:  0.22182, VaAcc: 0.9160, VaLoss:  0.27840	 MAP NN | Acc: 0.9480 | Loss: 0.1756
307,  0 | TrAcc: 0.9253, TrLoss:  0.24310, VaAcc: 0.9148, VaLoss:  0.28342	 MAP NN | Acc: 0.9480 | Loss: 0.1729
308,  0 | TrAcc: 0.9298, TrLoss:  0.24636, VaAcc: 0.9164, VaLoss:  0.26587	 MAP NN | Acc: 0.9480 | Loss: 0.1745
309,  0 | TrAcc: 0.9280, TrLoss:  0.25000, VaAcc: 0.9304, VaLoss:  0.23101	 MAP NN | Acc: 0.9460 | Loss: 0.1714
310,  0 | TrAcc: 0.9245, TrLoss:  0.25441, VaAcc: 0.9204, VaLoss:  0.25531	 MAP NN | Acc: 0.9460 | Loss: 0.1696
311,  0 | TrAcc: 0.9262, TrLoss:  0.24123, VaAcc: 0.9236, VaLoss:  0.27396	 MAP NN | Acc: 0.9460 | Loss: 0.1694
312,  0 | TrAcc: 0.9246, TrLoss:  0.24815, VaAcc: 0.9288, VaLoss:  0.24492	 MAP NN | Acc: 0.9500 | Loss: 0.1708
313,  0 | TrAcc: 0.9281, TrLoss:  0.23184, VaAcc: 0.9304, VaLoss:  0.24669	 MAP NN | Acc: 0.9520 | Loss: 0.1717
314,  0 | TrAcc: 0.9237, TrLoss:  0.26997, VaAcc: 0.9236, VaLoss:  0.25515	 MAP NN | Acc: 0.9520 | Loss: 0.1702
315,  0 | TrAcc: 0.9334, TrLoss:  0.22487, VaAcc: 0.9216, VaLoss:  0.26851	 MAP NN | Acc: 0.9480 | Loss: 0.1680
316,  0 | TrAcc: 0.9345, TrLoss:  0.22791, VaAcc: 0.9312, VaLoss:  0.23704	 MAP NN | Acc: 0.9460 | Loss: 0.1686
317,  0 | TrAcc: 0.9250, TrLoss:  0.25498, VaAcc: 0.9276, VaLoss:  0.25187	 MAP NN | Acc: 0.9460 | Loss: 0.1680
318,  0 | TrAcc: 0.9262, TrLoss:  0.27342, VaAcc: 0.9268, VaLoss:  0.24617	 MAP NN | Acc: 0.9440 | Loss: 0.1796
319,  0 | TrAcc: 0.9410, TrLoss:  0.19076, VaAcc: 0.9160, VaLoss:  0.27007	 MAP NN | Acc: 0.9520 | Loss: 0.1737
320,  0 | TrAcc: 0.9292, TrLoss:  0.23622, VaAcc: 0.9216, VaLoss:  0.27642	 MAP NN | Acc: 0.9480 | Loss: 0.1748
321,  0 | TrAcc: 0.9308, TrLoss:  0.23498, VaAcc: 0.9232, VaLoss:  0.25462	 MAP NN | Acc: 0.9480 | Loss: 0.1723
322,  0 | TrAcc: 0.9252, TrLoss:  0.24118, VaAcc: 0.9196, VaLoss:  0.26056	 MAP NN | Acc: 0.9460 | Loss: 0.1714
323,  0 | TrAcc: 0.9276, TrLoss:  0.24638, VaAcc: 0.9280, VaLoss:  0.23579	 MAP NN | Acc: 0.9420 | Loss: 0.1693
324,  0 | TrAcc: 0.9361, TrLoss:  0.22488, VaAcc: 0.9216, VaLoss:  0.26438	 MAP NN | Acc: 0.9440 | Loss: 0.1681
325,  0 | TrAcc: 0.9285, TrLoss:  0.24580, VaAcc: 0.9212, VaLoss:  0.26788	 MAP NN | Acc: 0.9440 | Loss: 0.1692
326,  0 | TrAcc: 0.9341, TrLoss:  0.22217, VaAcc: 0.9216, VaLoss:  0.27682	 MAP NN | Acc: 0.9440 | Loss: 0.1735
327,  0 | TrAcc: 0.9336, TrLoss:  0.22052, VaAcc: 0.9312, VaLoss:  0.23331	 MAP NN | Acc: 0.9420 | Loss: 0.1804
328,  0 | TrAcc: 0.9223, TrLoss:  0.26397, VaAcc: 0.9272, VaLoss:  0.25331	 MAP NN | Acc: 0.9420 | Loss: 0.1719
329,  0 | TrAcc: 0.9315, TrLoss:  0.22738, VaAcc: 0.9284, VaLoss:  0.23374	 MAP NN | Acc: 0.9480 | Loss: 0.1654
330,  0 | TrAcc: 0.9278, TrLoss:  0.24666, VaAcc: 0.9204, VaLoss:  0.27188	 MAP NN | Acc: 0.9420 | Loss: 0.1683
331,  0 | TrAcc: 0.9268, TrLoss:  0.24382, VaAcc: 0.9176, VaLoss:  0.27637	 MAP NN | Acc: 0.9460 | Loss: 0.1564
332,  0 | TrAcc: 0.9185, TrLoss:  0.26157, VaAcc: 0.9248, VaLoss:  0.25609	 MAP NN | Acc: 0.9460 | Loss: 0.1553
333,  0 | TrAcc: 0.9368, TrLoss:  0.20325, VaAcc: 0.9292, VaLoss:  0.22623	 MAP NN | Acc: 0.9500 | Loss: 0.1524
334,  0 | TrAcc: 0.9297, TrLoss:  0.22779, VaAcc: 0.9216, VaLoss:  0.25647	 MAP NN | Acc: 0.9520 | Loss: 0.1518
335,  0 | TrAcc: 0.9380, TrLoss:  0.20272, VaAcc: 0.9276, VaLoss:  0.24399	 MAP NN | Acc: 0.9540 | Loss: 0.1545
336,  0 | TrAcc: 0.9277, TrLoss:  0.22665, VaAcc: 0.9164, VaLoss:  0.26501	 MAP NN | Acc: 0.9500 | Loss: 0.1598
337,  0 | TrAcc: 0.9269, TrLoss:  0.24523, VaAcc: 0.9208, VaLoss:  0.25350	 MAP NN | Acc: 0.9520 | Loss: 0.1588
338,  0 | TrAcc: 0.9465, TrLoss:  0.16942, VaAcc: 0.9304, VaLoss:  0.24228	 MAP NN | Acc: 0.9540 | Loss: 0.1578
339,  0 | TrAcc: 0.9206, TrLoss:  0.26444, VaAcc: 0.9236, VaLoss:  0.23202	 MAP NN | Acc: 0.9520 | Loss: 0.1582
340,  0 | TrAcc: 0.9345, TrLoss:  0.22449, VaAcc: 0.9252, VaLoss:  0.25047	 MAP NN | Acc: 0.9580 | Loss: 0.1581
341,  0 | TrAcc: 0.9274, TrLoss:  0.24380, VaAcc: 0.9268, VaLoss:  0.25107	 MAP NN | Acc: 0.9520 | Loss: 0.1611
342,  0 | TrAcc: 0.9319, TrLoss:  0.23040, VaAcc: 0.9120, VaLoss:  0.27658	 MAP NN | Acc: 0.9520 | Loss: 0.1638
343,  0 | TrAcc: 0.9326, TrLoss:  0.23327, VaAcc: 0.9200, VaLoss:  0.25951	 MAP NN | Acc: 0.9500 | Loss: 0.1698
344,  0 | TrAcc: 0.9456, TrLoss:  0.18624, VaAcc: 0.9268, VaLoss:  0.24201	 MAP NN | Acc: 0.9520 | Loss: 0.1640
345,  0 | TrAcc: 0.9296, TrLoss:  0.23976, VaAcc: 0.9256, VaLoss:  0.24993	 MAP NN | Acc: 0.9520 | Loss: 0.1652
346,  0 | TrAcc: 0.9420, TrLoss:  0.19368, VaAcc: 0.9204, VaLoss:  0.26850	 MAP NN | Acc: 0.9540 | Loss: 0.1662
347,  0 | TrAcc: 0.9441, TrLoss:  0.18692, VaAcc: 0.9104, VaLoss:  0.28877	 MAP NN | Acc: 0.9520 | Loss: 0.1676
348,  0 | TrAcc: 0.9368, TrLoss:  0.21545, VaAcc: 0.9200, VaLoss:  0.26205	 MAP NN | Acc: 0.9500 | Loss: 0.1667
349,  0 | TrAcc: 0.9321, TrLoss:  0.22385, VaAcc: 0.9308, VaLoss:  0.24282	 MAP NN | Acc: 0.9480 | Loss: 0.1718
350,  0 | TrAcc: 0.9381, TrLoss:  0.21233, VaAcc: 0.9336, VaLoss:  0.22332	 MAP NN | Acc: 0.9480 | Loss: 0.1739
351,  0 | TrAcc: 0.9351, TrLoss:  0.22321, VaAcc: 0.9356, VaLoss:  0.21525	 MAP NN | Acc: 0.9460 | Loss: 0.1754
352,  0 | TrAcc: 0.9363, TrLoss:  0.20695, VaAcc: 0.9276, VaLoss:  0.22582	 MAP NN | Acc: 0.9480 | Loss: 0.1728
353,  0 | TrAcc: 0.9280, TrLoss:  0.24314, VaAcc: 0.9308, VaLoss:  0.23416	 MAP NN | Acc: 0.9440 | Loss: 0.1685
354,  0 | TrAcc: 0.9369, TrLoss:  0.19880, VaAcc: 0.9264, VaLoss:  0.23625	 MAP NN | Acc: 0.9460 | Loss: 0.1686
355,  0 | TrAcc: 0.9221, TrLoss:  0.24907, VaAcc: 0.9160, VaLoss:  0.26595	 MAP NN | Acc: 0.9500 | Loss: 0.1637
356,  0 | TrAcc: 0.9331, TrLoss:  0.22730, VaAcc: 0.9236, VaLoss:  0.24037	 MAP NN | Acc: 0.9480 | Loss: 0.1632
357,  0 | TrAcc: 0.9368, TrLoss:  0.21598, VaAcc: 0.9288, VaLoss:  0.23526	 MAP NN | Acc: 0.9500 | Loss: 0.1619
358,  0 | TrAcc: 0.9369, TrLoss:  0.21104, VaAcc: 0.9264, VaLoss:  0.22523	 MAP NN | Acc: 0.9460 | Loss: 0.1662
359,  0 | TrAcc: 0.9378, TrLoss:  0.21892, VaAcc: 0.9236, VaLoss:  0.25639	 MAP NN | Acc: 0.9460 | Loss: 0.1702
360,  0 | TrAcc: 0.9309, TrLoss:  0.22434, VaAcc: 0.9260, VaLoss:  0.25397	 MAP NN | Acc: 0.9440 | Loss: 0.1738
361,  0 | TrAcc: 0.9334, TrLoss:  0.22607, VaAcc: 0.9204, VaLoss:  0.26221	 MAP NN | Acc: 0.9460 | Loss: 0.1713
362,  0 | TrAcc: 0.9358, TrLoss:  0.21618, VaAcc: 0.9292, VaLoss:  0.24261	 MAP NN | Acc: 0.9460 | Loss: 0.1748
363,  0 | TrAcc: 0.9271, TrLoss:  0.25252, VaAcc: 0.9328, VaLoss:  0.22921	 MAP NN | Acc: 0.9420 | Loss: 0.1761
364,  0 | TrAcc: 0.9391, TrLoss:  0.20726, VaAcc: 0.9236, VaLoss:  0.23302	 MAP NN | Acc: 0.9440 | Loss: 0.1812
365,  0 | TrAcc: 0.9317, TrLoss:  0.22584, VaAcc: 0.9192, VaLoss:  0.28245	 MAP NN | Acc: 0.9420 | Loss: 0.1923
366,  0 | TrAcc: 0.9336, TrLoss:  0.22054, VaAcc: 0.9368, VaLoss:  0.22034	 MAP NN | Acc: 0.9440 | Loss: 0.1987
367,  0 | TrAcc: 0.9230, TrLoss:  0.25532, VaAcc: 0.9260, VaLoss:  0.24088	 MAP NN | Acc: 0.9400 | Loss: 0.1959
368,  0 | TrAcc: 0.9300, TrLoss:  0.22678, VaAcc: 0.9268, VaLoss:  0.23283	 MAP NN | Acc: 0.9400 | Loss: 0.1922
369,  0 | TrAcc: 0.9372, TrLoss:  0.21363, VaAcc: 0.9312, VaLoss:  0.22768	 MAP NN | Acc: 0.9400 | Loss: 0.1835
370,  0 | TrAcc: 0.9395, TrLoss:  0.20739, VaAcc: 0.9276, VaLoss:  0.22955	 MAP NN | Acc: 0.9420 | Loss: 0.1794
371,  0 | TrAcc: 0.9391, TrLoss:  0.19954, VaAcc: 0.9304, VaLoss:  0.21984	 MAP NN | Acc: 0.9420 | Loss: 0.1785
372,  0 | TrAcc: 0.9308, TrLoss:  0.23608, VaAcc: 0.9272, VaLoss:  0.23246	 MAP NN | Acc: 0.9380 | Loss: 0.1949
373,  0 | TrAcc: 0.9315, TrLoss:  0.21948, VaAcc: 0.9220, VaLoss:  0.25490	 MAP NN | Acc: 0.9380 | Loss: 0.1913
374,  0 | TrAcc: 0.9336, TrLoss:  0.21783, VaAcc: 0.9320, VaLoss:  0.23467	 MAP NN | Acc: 0.9440 | Loss: 0.1825
375,  0 | TrAcc: 0.9325, TrLoss:  0.22681, VaAcc: 0.9252, VaLoss:  0.24826	 MAP NN | Acc: 0.9480 | Loss: 0.1638
376,  0 | TrAcc: 0.9380, TrLoss:  0.20992, VaAcc: 0.9324, VaLoss:  0.22984	 MAP NN | Acc: 0.9480 | Loss: 0.1737
377,  0 | TrAcc: 0.9389, TrLoss:  0.20170, VaAcc: 0.9320, VaLoss:  0.24691	 MAP NN | Acc: 0.9440 | Loss: 0.1814
378,  0 | TrAcc: 0.9332, TrLoss:  0.22755, VaAcc: 0.9324, VaLoss:  0.22507	 MAP NN | Acc: 0.9400 | Loss: 0.1835
379,  0 | TrAcc: 0.9433, TrLoss:  0.19792, VaAcc: 0.9376, VaLoss:  0.21875	 MAP NN | Acc: 0.9480 | Loss: 0.1737
380,  0 | TrAcc: 0.9403, TrLoss:  0.20878, VaAcc: 0.9268, VaLoss:  0.26071	 MAP NN | Acc: 0.9440 | Loss: 0.1776
381,  0 | TrAcc: 0.9315, TrLoss:  0.23280, VaAcc: 0.9288, VaLoss:  0.23943	 MAP NN | Acc: 0.9480 | Loss: 0.1585
382,  0 | TrAcc: 0.9304, TrLoss:  0.22434, VaAcc: 0.9308, VaLoss:  0.21926	 MAP NN | Acc: 0.9440 | Loss: 0.1570
383,  0 | TrAcc: 0.9274, TrLoss:  0.24071, VaAcc: 0.9344, VaLoss:  0.21437	 MAP NN | Acc: 0.9420 | Loss: 0.1624
384,  0 | TrAcc: 0.9377, TrLoss:  0.20670, VaAcc: 0.9304, VaLoss:  0.22841	 MAP NN | Acc: 0.9400 | Loss: 0.1647
385,  0 | TrAcc: 0.9375, TrLoss:  0.20675, VaAcc: 0.9376, VaLoss:  0.21018	 MAP NN | Acc: 0.9420 | Loss: 0.1705
386,  0 | TrAcc: 0.9382, TrLoss:  0.20336, VaAcc: 0.9392, VaLoss:  0.21395	 MAP NN | Acc: 0.9420 | Loss: 0.1654
387,  0 | TrAcc: 0.9183, TrLoss:  0.27011, VaAcc: 0.9392, VaLoss:  0.20798	 MAP NN | Acc: 0.9460 | Loss: 0.1529
388,  0 | TrAcc: 0.9349, TrLoss:  0.22024, VaAcc: 0.9308, VaLoss:  0.21733	 MAP NN | Acc: 0.9440 | Loss: 0.1614
389,  0 | TrAcc: 0.9314, TrLoss:  0.21785, VaAcc: 0.9336, VaLoss:  0.23189	 MAP NN | Acc: 0.9440 | Loss: 0.1591
390,  0 | TrAcc: 0.9349, TrLoss:  0.21397, VaAcc: 0.9260, VaLoss:  0.24179	 MAP NN | Acc: 0.9420 | Loss: 0.1535
391,  0 | TrAcc: 0.9398, TrLoss:  0.20155, VaAcc: 0.9368, VaLoss:  0.21893	 MAP NN | Acc: 0.9500 | Loss: 0.1474
392,  0 | TrAcc: 0.9375, TrLoss:  0.19902, VaAcc: 0.9340, VaLoss:  0.22473	 MAP NN | Acc: 0.9500 | Loss: 0.1472
393,  0 | TrAcc: 0.9373, TrLoss:  0.20268, VaAcc: 0.9252, VaLoss:  0.24736	 MAP NN | Acc: 0.9560 | Loss: 0.1452
394,  0 | TrAcc: 0.9372, TrLoss:  0.20916, VaAcc: 0.9284, VaLoss:  0.24088	 MAP NN | Acc: 0.9580 | Loss: 0.1453
395,  0 | TrAcc: 0.9236, TrLoss:  0.24342, VaAcc: 0.9296, VaLoss:  0.23041	 MAP NN | Acc: 0.9540 | Loss: 0.1499
396,  0 | TrAcc: 0.9352, TrLoss:  0.22039, VaAcc: 0.9236, VaLoss:  0.24204	 MAP NN | Acc: 0.9480 | Loss: 0.1512
397,  0 | TrAcc: 0.9311, TrLoss:  0.22502, VaAcc: 0.9360, VaLoss:  0.20642	 MAP NN | Acc: 0.9500 | Loss: 0.1506
398,  0 | TrAcc: 0.9441, TrLoss:  0.18914, VaAcc: 0.9336, VaLoss:  0.21478	 MAP NN | Acc: 0.9500 | Loss: 0.1575
399,  0 | TrAcc: 0.9417, TrLoss:  0.20532, VaAcc: 0.9352, VaLoss:  0.21162	 MAP NN | Acc: 0.9460 | Loss: 0.1494
400,  0 | TrAcc: 0.9342, TrLoss:  0.22349, VaAcc: 0.9276, VaLoss:  0.23101	 MAP NN | Acc: 0.9440 | Loss: 0.1438
401,  0 | TrAcc: 0.9454, TrLoss:  0.19280, VaAcc: 0.9316, VaLoss:  0.21403	 MAP NN | Acc: 0.9500 | Loss: 0.1408
402,  0 | TrAcc: 0.9378, TrLoss:  0.20231, VaAcc: 0.9328, VaLoss:  0.22559	 MAP NN | Acc: 0.9540 | Loss: 0.1362
403,  0 | TrAcc: 0.9419, TrLoss:  0.19567, VaAcc: 0.9364, VaLoss:  0.21580	 MAP NN | Acc: 0.9520 | Loss: 0.1396
404,  0 | TrAcc: 0.9405, TrLoss:  0.20626, VaAcc: 0.9420, VaLoss:  0.20234	 MAP NN | Acc: 0.9500 | Loss: 0.1426
405,  0 | TrAcc: 0.9459, TrLoss:  0.17805, VaAcc: 0.9344, VaLoss:  0.21823	 MAP NN | Acc: 0.9480 | Loss: 0.1429
406,  0 | TrAcc: 0.9362, TrLoss:  0.21202, VaAcc: 0.9344, VaLoss:  0.22108	 MAP NN | Acc: 0.9480 | Loss: 0.1622
407,  0 | TrAcc: 0.9386, TrLoss:  0.20322, VaAcc: 0.9332, VaLoss:  0.22507	 MAP NN | Acc: 0.9480 | Loss: 0.1601
408,  0 | TrAcc: 0.9401, TrLoss:  0.19860, VaAcc: 0.9364, VaLoss:  0.20733	 MAP NN | Acc: 0.9480 | Loss: 0.1631
409,  0 | TrAcc: 0.9381, TrLoss:  0.20572, VaAcc: 0.9288, VaLoss:  0.22782	 MAP NN | Acc: 0.9460 | Loss: 0.1658
410,  0 | TrAcc: 0.9436, TrLoss:  0.18764, VaAcc: 0.9372, VaLoss:  0.21772	 MAP NN | Acc: 0.9480 | Loss: 0.1593
411,  0 | TrAcc: 0.9503, TrLoss:  0.16360, VaAcc: 0.9308, VaLoss:  0.23060	 MAP NN | Acc: 0.9440 | Loss: 0.1653
412,  0 | TrAcc: 0.9438, TrLoss:  0.19306, VaAcc: 0.9300, VaLoss:  0.23587	 MAP NN | Acc: 0.9420 | Loss: 0.1709
413,  0 | TrAcc: 0.9333, TrLoss:  0.23595, VaAcc: 0.9292, VaLoss:  0.22469	 MAP NN | Acc: 0.9420 | Loss: 0.1710
414,  0 | TrAcc: 0.9434, TrLoss:  0.18903, VaAcc: 0.9392, VaLoss:  0.21315	 MAP NN | Acc: 0.9400 | Loss: 0.1694
415,  0 | TrAcc: 0.9405, TrLoss:  0.20158, VaAcc: 0.9300, VaLoss:  0.24177	 MAP NN | Acc: 0.9440 | Loss: 0.1557
416,  0 | TrAcc: 0.9434, TrLoss:  0.18780, VaAcc: 0.9348, VaLoss:  0.21105	 MAP NN | Acc: 0.9420 | Loss: 0.1566
417,  0 | TrAcc: 0.9310, TrLoss:  0.22891, VaAcc: 0.9388, VaLoss:  0.19401	 MAP NN | Acc: 0.9500 | Loss: 0.1472
418,  0 | TrAcc: 0.9329, TrLoss:  0.22617, VaAcc: 0.9344, VaLoss:  0.21747	 MAP NN | Acc: 0.9540 | Loss: 0.1419
419,  0 | TrAcc: 0.9366, TrLoss:  0.21258, VaAcc: 0.9352, VaLoss:  0.21082	 MAP NN | Acc: 0.9580 | Loss: 0.1400
420,  0 | TrAcc: 0.9350, TrLoss:  0.19665, VaAcc: 0.9376, VaLoss:  0.20094	 MAP NN | Acc: 0.9540 | Loss: 0.1454
421,  0 | TrAcc: 0.9328, TrLoss:  0.21874, VaAcc: 0.9320, VaLoss:  0.22912	 MAP NN | Acc: 0.9520 | Loss: 0.1446
422,  0 | TrAcc: 0.9449, TrLoss:  0.19209, VaAcc: 0.9424, VaLoss:  0.20634	 MAP NN | Acc: 0.9540 | Loss: 0.1433
423,  0 | TrAcc: 0.9469, TrLoss:  0.18483, VaAcc: 0.9276, VaLoss:  0.23792	 MAP NN | Acc: 0.9540 | Loss: 0.1377
424,  0 | TrAcc: 0.9398, TrLoss:  0.19735, VaAcc: 0.9292, VaLoss:  0.23389	 MAP NN | Acc: 0.9540 | Loss: 0.1331
425,  0 | TrAcc: 0.9389, TrLoss:  0.20052, VaAcc: 0.9416, VaLoss:  0.18792	 MAP NN | Acc: 0.9520 | Loss: 0.1325
426,  0 | TrAcc: 0.9435, TrLoss:  0.19250, VaAcc: 0.9332, VaLoss:  0.22124	 MAP NN | Acc: 0.9540 | Loss: 0.1365
427,  0 | TrAcc: 0.9361, TrLoss:  0.20413, VaAcc: 0.9252, VaLoss:  0.24637	 MAP NN | Acc: 0.9460 | Loss: 0.1431
428,  0 | TrAcc: 0.9508, TrLoss:  0.16552, VaAcc: 0.9404, VaLoss:  0.20749	 MAP NN | Acc: 0.9460 | Loss: 0.1464
429,  0 | TrAcc: 0.9346, TrLoss:  0.22274, VaAcc: 0.9292, VaLoss:  0.22519	 MAP NN | Acc: 0.9480 | Loss: 0.1515
430,  0 | TrAcc: 0.9422, TrLoss:  0.20185, VaAcc: 0.9364, VaLoss:  0.20402	 MAP NN | Acc: 0.9500 | Loss: 0.1495
431,  0 | TrAcc: 0.9388, TrLoss:  0.20778, VaAcc: 0.9384, VaLoss:  0.21325	 MAP NN | Acc: 0.9500 | Loss: 0.1499
432,  0 | TrAcc: 0.9418, TrLoss:  0.20622, VaAcc: 0.9236, VaLoss:  0.24260	 MAP NN | Acc: 0.9540 | Loss: 0.1441
433,  0 | TrAcc: 0.9490, TrLoss:  0.17513, VaAcc: 0.9248, VaLoss:  0.24940	 MAP NN | Acc: 0.9560 | Loss: 0.1394
434,  0 | TrAcc: 0.9403, TrLoss:  0.20306, VaAcc: 0.9420, VaLoss:  0.19917	 MAP NN | Acc: 0.9500 | Loss: 0.1398
435,  0 | TrAcc: 0.9443, TrLoss:  0.18430, VaAcc: 0.9388, VaLoss:  0.22121	 MAP NN | Acc: 0.9520 | Loss: 0.1408
436,  0 | TrAcc: 0.9473, TrLoss:  0.17639, VaAcc: 0.9336, VaLoss:  0.21603	 MAP NN | Acc: 0.9480 | Loss: 0.1439
437,  0 | TrAcc: 0.9445, TrLoss:  0.19114, VaAcc: 0.9400, VaLoss:  0.20198	 MAP NN | Acc: 0.9500 | Loss: 0.1451
438,  0 | TrAcc: 0.9446, TrLoss:  0.18415, VaAcc: 0.9264, VaLoss:  0.23634	 MAP NN | Acc: 0.9460 | Loss: 0.1507
439,  0 | TrAcc: 0.9395, TrLoss:  0.20550, VaAcc: 0.9428, VaLoss:  0.18870	 MAP NN | Acc: 0.9480 | Loss: 0.1523
440,  0 | TrAcc: 0.9442, TrLoss:  0.18536, VaAcc: 0.9352, VaLoss:  0.21218	 MAP NN | Acc: 0.9520 | Loss: 0.1586
441,  0 | TrAcc: 0.9391, TrLoss:  0.20469, VaAcc: 0.9388, VaLoss:  0.20643	 MAP NN | Acc: 0.9480 | Loss: 0.1496
442,  0 | TrAcc: 0.9381, TrLoss:  0.20633, VaAcc: 0.9364, VaLoss:  0.20293	 MAP NN | Acc: 0.9480 | Loss: 0.1646
443,  0 | TrAcc: 0.9318, TrLoss:  0.21947, VaAcc: 0.9360, VaLoss:  0.20881	 MAP NN | Acc: 0.9480 | Loss: 0.1659
444,  0 | TrAcc: 0.9464, TrLoss:  0.17701, VaAcc: 0.9336, VaLoss:  0.20616	 MAP NN | Acc: 0.9440 | Loss: 0.1669
445,  0 | TrAcc: 0.9466, TrLoss:  0.17429, VaAcc: 0.9432, VaLoss:  0.19563	 MAP NN | Acc: 0.9480 | Loss: 0.1636
446,  0 | TrAcc: 0.9257, TrLoss:  0.24685, VaAcc: 0.9412, VaLoss:  0.20552	 MAP NN | Acc: 0.9460 | Loss: 0.1673
447,  0 | TrAcc: 0.9459, TrLoss:  0.18096, VaAcc: 0.9328, VaLoss:  0.23448	 MAP NN | Acc: 0.9500 | Loss: 0.1553
448,  0 | TrAcc: 0.9476, TrLoss:  0.17705, VaAcc: 0.9364, VaLoss:  0.21691	 MAP NN | Acc: 0.9480 | Loss: 0.1571
449,  0 | TrAcc: 0.9391, TrLoss:  0.19853, VaAcc: 0.9424, VaLoss:  0.20810	 MAP NN | Acc: 0.9500 | Loss: 0.1582
450,  0 | TrAcc: 0.9481, TrLoss:  0.18447, VaAcc: 0.9392, VaLoss:  0.20074	 MAP NN | Acc: 0.9500 | Loss: 0.1593
451,  0 | TrAcc: 0.9466, TrLoss:  0.17432, VaAcc: 0.9368, VaLoss:  0.20832	 MAP NN | Acc: 0.9540 | Loss: 0.1515
452,  0 | TrAcc: 0.9477, TrLoss:  0.18020, VaAcc: 0.9372, VaLoss:  0.20424	 MAP NN | Acc: 0.9500 | Loss: 0.1493
453,  0 | TrAcc: 0.9456, TrLoss:  0.18703, VaAcc: 0.9316, VaLoss:  0.22322	 MAP NN | Acc: 0.9500 | Loss: 0.1511
454,  0 | TrAcc: 0.9413, TrLoss:  0.19069, VaAcc: 0.9388, VaLoss:  0.20481	 MAP NN | Acc: 0.9560 | Loss: 0.1463
455,  0 | TrAcc: 0.9443, TrLoss:  0.18759, VaAcc: 0.9340, VaLoss:  0.23369	 MAP NN | Acc: 0.9480 | Loss: 0.1512
456,  0 | TrAcc: 0.9435, TrLoss:  0.17941, VaAcc: 0.9424, VaLoss:  0.19875	 MAP NN | Acc: 0.9480 | Loss: 0.1583
457,  0 | TrAcc: 0.9409, TrLoss:  0.20042, VaAcc: 0.9364, VaLoss:  0.20012	 MAP NN | Acc: 0.9500 | Loss: 0.1606
458,  0 | TrAcc: 0.9408, TrLoss:  0.19699, VaAcc: 0.9336, VaLoss:  0.22703	 MAP NN | Acc: 0.9460 | Loss: 0.1651
459,  0 | TrAcc: 0.9431, TrLoss:  0.19970, VaAcc: 0.9336, VaLoss:  0.22108	 MAP NN | Acc: 0.9440 | Loss: 0.1723
460,  0 | TrAcc: 0.9425, TrLoss:  0.19309, VaAcc: 0.9420, VaLoss:  0.20157	 MAP NN | Acc: 0.9540 | Loss: 0.1494
461,  0 | TrAcc: 0.9391, TrLoss:  0.19607, VaAcc: 0.9408, VaLoss:  0.20415	 MAP NN | Acc: 0.9540 | Loss: 0.1520
462,  0 | TrAcc: 0.9472, TrLoss:  0.18208, VaAcc: 0.9396, VaLoss:  0.21016	 MAP NN | Acc: 0.9540 | Loss: 0.1550
463,  0 | TrAcc: 0.9412, TrLoss:  0.19847, VaAcc: 0.9368, VaLoss:  0.21237	 MAP NN | Acc: 0.9540 | Loss: 0.1517
464,  0 | TrAcc: 0.9353, TrLoss:  0.22059, VaAcc: 0.9312, VaLoss:  0.22311	 MAP NN | Acc: 0.9560 | Loss: 0.1456
465,  0 | TrAcc: 0.9460, TrLoss:  0.17814, VaAcc: 0.9424, VaLoss:  0.18438	 MAP NN | Acc: 0.9560 | Loss: 0.1452
466,  0 | TrAcc: 0.9474, TrLoss:  0.17571, VaAcc: 0.9336, VaLoss:  0.22735	 MAP NN | Acc: 0.9580 | Loss: 0.1429
467,  0 | TrAcc: 0.9395, TrLoss:  0.18580, VaAcc: 0.9404, VaLoss:  0.19976	 MAP NN | Acc: 0.9580 | Loss: 0.1438
468,  0 | TrAcc: 0.9446, TrLoss:  0.18443, VaAcc: 0.9460, VaLoss:  0.18735	 MAP NN | Acc: 0.9540 | Loss: 0.1445
469,  0 | TrAcc: 0.9471, TrLoss:  0.17387, VaAcc: 0.9344, VaLoss:  0.21515	 MAP NN | Acc: 0.9600 | Loss: 0.1432
470,  0 | TrAcc: 0.9477, TrLoss:  0.17507, VaAcc: 0.9308, VaLoss:  0.22248	 MAP NN | Acc: 0.9600 | Loss: 0.1373
471,  0 | TrAcc: 0.9412, TrLoss:  0.19603, VaAcc: 0.9488, VaLoss:  0.17413	 MAP NN | Acc: 0.9600 | Loss: 0.1399
472,  0 | TrAcc: 0.9399, TrLoss:  0.20456, VaAcc: 0.9460, VaLoss:  0.18148	 MAP NN | Acc: 0.9580 | Loss: 0.1438
473,  0 | TrAcc: 0.9521, TrLoss:  0.17105, VaAcc: 0.9408, VaLoss:  0.18046	 MAP NN | Acc: 0.9540 | Loss: 0.1518
474,  0 | TrAcc: 0.9503, TrLoss:  0.16149, VaAcc: 0.9436, VaLoss:  0.18686	 MAP NN | Acc: 0.9460 | Loss: 0.1563
475,  0 | TrAcc: 0.9534, TrLoss:  0.16795, VaAcc: 0.9408, VaLoss:  0.20539	 MAP NN | Acc: 0.9460 | Loss: 0.1540
476,  0 | TrAcc: 0.9459, TrLoss:  0.18332, VaAcc: 0.9384, VaLoss:  0.21641	 MAP NN | Acc: 0.9540 | Loss: 0.1511
477,  0 | TrAcc: 0.9404, TrLoss:  0.20220, VaAcc: 0.9392, VaLoss:  0.20173	 MAP NN | Acc: 0.9520 | Loss: 0.1469
478,  0 | TrAcc: 0.9489, TrLoss:  0.17706, VaAcc: 0.9384, VaLoss:  0.19869	 MAP NN | Acc: 0.9520 | Loss: 0.1451
479,  0 | TrAcc: 0.9399, TrLoss:  0.19001, VaAcc: 0.9372, VaLoss:  0.20568	 MAP NN | Acc: 0.9600 | Loss: 0.1301
480,  0 | TrAcc: 0.9468, TrLoss:  0.19128, VaAcc: 0.9460, VaLoss:  0.19775	 MAP NN | Acc: 0.9580 | Loss: 0.1392
481,  0 | TrAcc: 0.9432, TrLoss:  0.19616, VaAcc: 0.9420, VaLoss:  0.18907	 MAP NN | Acc: 0.9560 | Loss: 0.1439
482,  0 | TrAcc: 0.9517, TrLoss:  0.16679, VaAcc: 0.9328, VaLoss:  0.22386	 MAP NN | Acc: 0.9560 | Loss: 0.1512
483,  0 | TrAcc: 0.9549, TrLoss:  0.14112, VaAcc: 0.9420, VaLoss:  0.18796	 MAP NN | Acc: 0.9560 | Loss: 0.1465
484,  0 | TrAcc: 0.9394, TrLoss:  0.19379, VaAcc: 0.9404, VaLoss:  0.20367	 MAP NN | Acc: 0.9540 | Loss: 0.1507
485,  0 | TrAcc: 0.9469, TrLoss:  0.16900, VaAcc: 0.9364, VaLoss:  0.20959	 MAP NN | Acc: 0.9540 | Loss: 0.1510
486,  0 | TrAcc: 0.9486, TrLoss:  0.17196, VaAcc: 0.9432, VaLoss:  0.19215	 MAP NN | Acc: 0.9560 | Loss: 0.1430
487,  0 | TrAcc: 0.9400, TrLoss:  0.19507, VaAcc: 0.9480, VaLoss:  0.18008	 MAP NN | Acc: 0.9560 | Loss: 0.1402
488,  0 | TrAcc: 0.9425, TrLoss:  0.18241, VaAcc: 0.9440, VaLoss:  0.19603	 MAP NN | Acc: 0.9520 | Loss: 0.1432
489,  0 | TrAcc: 0.9471, TrLoss:  0.18609, VaAcc: 0.9392, VaLoss:  0.20239	 MAP NN | Acc: 0.9500 | Loss: 0.1452
490,  0 | TrAcc: 0.9486, TrLoss:  0.17793, VaAcc: 0.9440, VaLoss:  0.19450	 MAP NN | Acc: 0.9520 | Loss: 0.1451
491,  0 | TrAcc: 0.9357, TrLoss:  0.21411, VaAcc: 0.9396, VaLoss:  0.20889	 MAP NN | Acc: 0.9540 | Loss: 0.1472
492,  0 | TrAcc: 0.9483, TrLoss:  0.18215, VaAcc: 0.9312, VaLoss:  0.23267	 MAP NN | Acc: 0.9480 | Loss: 0.1461
493,  0 | TrAcc: 0.9432, TrLoss:  0.17725, VaAcc: 0.9332, VaLoss:  0.20414	 MAP NN | Acc: 0.9520 | Loss: 0.1536
494,  0 | TrAcc: 0.9517, TrLoss:  0.15383, VaAcc: 0.9376, VaLoss:  0.20343	 MAP NN | Acc: 0.9500 | Loss: 0.1532
495,  0 | TrAcc: 0.9426, TrLoss:  0.18200, VaAcc: 0.9308, VaLoss:  0.22908	 MAP NN | Acc: 0.9520 | Loss: 0.1486
496,  0 | TrAcc: 0.9474, TrLoss:  0.19102, VaAcc: 0.9440, VaLoss:  0.18305	 MAP NN | Acc: 0.9500 | Loss: 0.1453
497,  0 | TrAcc: 0.9485, TrLoss:  0.17925, VaAcc: 0.9352, VaLoss:  0.21736	 MAP NN | Acc: 0.9520 | Loss: 0.1439
498,  0 | TrAcc: 0.9412, TrLoss:  0.19504, VaAcc: 0.9376, VaLoss:  0.20698	 MAP NN | Acc: 0.9540 | Loss: 0.1481
499,  0 | TrAcc: 0.9414, TrLoss:  0.18606, VaAcc: 0.9368, VaLoss:  0.20176	 MAP NN | Acc: 0.9540 | Loss: 0.1462
