

config:

HOME=/clusterFS/home/student/kopp13
PATH=/clusterFS/home/student/kopp13/miniconda3/envs/tensorflow/bin:/clusterFS/home/student/kopp13/miniconda3/condabin:/clusterFS/home/student/kopp13/VarRNN/src/bin:/clusterFS/home/student/kopp13/miniconda3/bin:/clusterFS/home/student/kopp13/bin:/usr/local/bin:/usr/bin:/bin:/usr/local/games:/usr/games
LD_LIBRARY_PATH=:/usr/local/cuda-9.0/lib64
THEANO_FLAGS=floatX=float32,gpuarray.preallocate=0.9,dnn.library_path=/usr/lib/x86_64-linux-gnu,cxx=clang++-3.8,device=cuda,base_compiledir=/tmp/tmp.6dnXgJGyP5


=============================
CONFIG FILE

TRAINING CONFIG
{'algorithm': ['c_reparam', 'gste'],
 'batchnorm': {'modes': [], 'momentum': 0.98, 'tau': 1, 'type': 'none'},
 'dir_reg': 0.0,
 'ent_reg': 0.0,
 'learning_rate': 0.005,
 'learning_rate_tau': 1000,
 'mode': {'max_epochs': 1500, 'min_error': 0.0, 'name': 'classic'},
 'pretraining': {'enabled': True, 'path': 'm_model'},
 'task_id': 6,
 'tau': 100.0,
 'var_reg': 0.0}

DATA CONFIG
{'dataset': 'penstroke',
 'remove_bias': True,
 'te': {'in_seq_len': 40,
        'max_truncation': 5,
        'minibatch_enabled': True,
        'minibatch_size': 500},
 'tr': {'in_seq_len': 40,
        'max_truncation': 5,
        'minibatch_enabled': True,
        'minibatch_size': 1000},
 'va': {'in_seq_len': 40,
        'max_truncation': 5,
        'minibatch_enabled': True,
        'minibatch_size': 500}}

RNN CONFIG
{'act_disc': [],
 'data_multiplier': None,
 'gradient_clip_value': 0.5,
 'layer_configs': [{'layer_type': 'input'},
                   {'bc': {'init_m': 'zeros',
                           'init_v': -4.5,
                           'prior_m': 0.0,
                           'prior_v': 0.0,
                           'type': 'continuous'},
                    'bf': {'init_m': 'ones',
                           'init_v': -4.5,
                           'prior_m': 1.0,
                           'prior_v': 0.0,
                           'type': 'continuous'},
                    'bi': {'init_m': 'zeros',
                           'init_v': -4.5,
                           'prior_m': 0.0,
                           'prior_v': 0.0,
                           'type': 'continuous'},
                    'bo': {'init_m': 'zeros',
                           'init_v': -4.5,
                           'prior_m': 0.0,
                           'prior_v': 0.0,
                           'type': 'continuous'},
                    'discrete_act': [],
                    'layer_type': 'lstm',
                    'lr_adapt': False,
                    'parametrization': 'logits',
                    'tau': 100.0,
                    'var_scope': 'lstm_0',
                    'wc': {'p0max': 0.95,
                           'p0min': 0.05,
                           'parametrization': 'sigmoid',
                           'pmax': 0.99,
                           'pmin': 0.01,
                           'priors': [0.1, 0.8, 0.1],
                           'type': 'ternary'},
                    'wf': {'p0max': 0.95,
                           'p0min': 0.05,
                           'parametrization': 'sigmoid',
                           'pmax': 0.99,
                           'pmin': 0.01,
                           'priors': [0.1, 0.8, 0.1],
                           'type': 'ternary'},
                    'wi': {'p0max': 0.95,
                           'p0min': 0.05,
                           'parametrization': 'sigmoid',
                           'pmax': 0.99,
                           'pmin': 0.01,
                           'priors': [0.1, 0.8, 0.1],
                           'type': 'ternary'},
                    'wo': {'p0max': 0.95,
                           'p0min': 0.05,
                           'parametrization': 'sigmoid',
                           'pmax': 0.99,
                           'pmin': 0.01,
                           'priors': [0.1, 0.8, 0.1],
                           'type': 'ternary'}},
                   {'bc': {'init_m': 'zeros',
                           'init_v': -4.5,
                           'prior_m': 0.0,
                           'prior_v': 0.0,
                           'type': 'continuous'},
                    'bf': {'init_m': 'ones',
                           'init_v': -4.5,
                           'prior_m': 1.0,
                           'prior_v': 0.0,
                           'type': 'continuous'},
                    'bi': {'init_m': 'zeros',
                           'init_v': -4.5,
                           'prior_m': 0.0,
                           'prior_v': 0.0,
                           'type': 'continuous'},
                    'bo': {'init_m': 'zeros',
                           'init_v': -4.5,
                           'prior_m': 0.0,
                           'prior_v': 0.0,
                           'type': 'continuous'},
                    'discrete_act': [],
                    'layer_type': 'lstm',
                    'lr_adapt': False,
                    'parametrization': 'logits',
                    'tau': 100.0,
                    'var_scope': 'lstm_1',
                    'wc': {'p0max': 0.95,
                           'p0min': 0.05,
                           'parametrization': 'sigmoid',
                           'pmax': 0.99,
                           'pmin': 0.01,
                           'priors': [0.1, 0.8, 0.1],
                           'type': 'ternary'},
                    'wf': {'p0max': 0.95,
                           'p0min': 0.05,
                           'parametrization': 'sigmoid',
                           'pmax': 0.99,
                           'pmin': 0.01,
                           'priors': [0.1, 0.8, 0.1],
                           'type': 'ternary'},
                    'wi': {'p0max': 0.95,
                           'p0min': 0.05,
                           'parametrization': 'sigmoid',
                           'pmax': 0.99,
                           'pmin': 0.01,
                           'priors': [0.1, 0.8, 0.1],
                           'type': 'ternary'},
                    'wo': {'p0max': 0.95,
                           'p0min': 0.05,
                           'parametrization': 'sigmoid',
                           'pmax': 0.99,
                           'pmin': 0.01,
                           'priors': [0.1, 0.8, 0.1],
                           'type': 'ternary'}},
                   {'b': {'init_m': 'zeros',
                          'init_v': -4.5,
                          'prior_m': 0.0,
                          'prior_v': 0.0,
                          'type': 'continuous'},
                    'layer_type': 'fc',
                    'lr_adapt': False,
                    'parametrization': 'logits',
                    'regularization': {'mode': None, 'strength': 0.02},
                    'tau': 100.0,
                    'var_scope': 'output_layer',
                    'w': {'p0max': 0.95,
                          'p0min': 0.05,
                          'parametrization': 'sigmoid',
                          'pmax': 0.99,
                          'pmin': 0.01,
                          'priors': [0.1, 0.8, 0.1],
                          'type': 'ternary'}}],
 'layout': [4, 40, 40, 10],
 'output_type': 'classification'}
==============================


tr
(9940, 4, 40)
va
(2120, 4, 40)
te
(1780, 4, 40)
  0,  0 | TrAcc: 0.1436, TrLoss:  2.41032, VaAcc: 0.1752, VaLoss:  2.30991	 MAP NN | Acc: 0.1684 | Loss: 2.5117
  1,  0 | TrAcc: 0.1767, TrLoss:  2.32660, VaAcc: 0.1844, VaLoss:  2.20664	 MAP NN | Acc: 0.2104 | Loss: 2.2005
  2,  0 | TrAcc: 0.2437, TrLoss:  2.09453, VaAcc: 0.2724, VaLoss:  2.07041	 MAP NN | Acc: 0.2544 | Loss: 2.0996
  3,  0 | TrAcc: 0.2747, TrLoss:  2.05494, VaAcc: 0.2640, VaLoss:  2.01487	 MAP NN | Acc: 0.3156 | Loss: 1.8980
  4,  0 | TrAcc: 0.2867, TrLoss:  2.02274, VaAcc: 0.2772, VaLoss:  1.97697	 MAP NN | Acc: 0.3924 | Loss: 1.6890
  5,  0 | TrAcc: 0.3504, TrLoss:  1.95257, VaAcc: 0.3024, VaLoss:  1.97875	 MAP NN | Acc: 0.4672 | Loss: 1.4969
  6,  0 | TrAcc: 0.3674, TrLoss:  1.87262, VaAcc: 0.3584, VaLoss:  1.92400	 MAP NN | Acc: 0.5052 | Loss: 1.4235
  7,  0 | TrAcc: 0.4030, TrLoss:  1.79577, VaAcc: 0.3428, VaLoss:  1.87814	 MAP NN | Acc: 0.5212 | Loss: 1.3302
  8,  0 | TrAcc: 0.4155, TrLoss:  1.79695, VaAcc: 0.4192, VaLoss:  1.74195	 MAP NN | Acc: 0.5220 | Loss: 1.3391
  9,  0 | TrAcc: 0.4644, TrLoss:  1.67186, VaAcc: 0.4840, VaLoss:  1.57806	 MAP NN | Acc: 0.6148 | Loss: 1.1576
 10,  0 | TrAcc: 0.4987, TrLoss:  1.59281, VaAcc: 0.5080, VaLoss:  1.57669	 MAP NN | Acc: 0.6500 | Loss: 1.0490
 11,  0 | TrAcc: 0.5079, TrLoss:  1.60120, VaAcc: 0.4676, VaLoss:  1.65408	 MAP NN | Acc: 0.6740 | Loss: 0.9942
 12,  0 | TrAcc: 0.4995, TrLoss:  1.50737, VaAcc: 0.5136, VaLoss:  1.54758	 MAP NN | Acc: 0.6680 | Loss: 0.9608
 13,  0 | TrAcc: 0.5628, TrLoss:  1.43951, VaAcc: 0.5488, VaLoss:  1.43249	 MAP NN | Acc: 0.7220 | Loss: 0.8740
 14,  0 | TrAcc: 0.5931, TrLoss:  1.34815, VaAcc: 0.6004, VaLoss:  1.33388	 MAP NN | Acc: 0.6880 | Loss: 0.8941
 15,  0 | TrAcc: 0.6141, TrLoss:  1.33573, VaAcc: 0.5744, VaLoss:  1.42230	 MAP NN | Acc: 0.7440 | Loss: 0.8289
 16,  0 | TrAcc: 0.6051, TrLoss:  1.29464, VaAcc: 0.6020, VaLoss:  1.29559	 MAP NN | Acc: 0.7740 | Loss: 0.7586
 17,  0 | TrAcc: 0.6250, TrLoss:  1.21198, VaAcc: 0.5840, VaLoss:  1.30293	 MAP NN | Acc: 0.7900 | Loss: 0.7384
 18,  0 | TrAcc: 0.6274, TrLoss:  1.22970, VaAcc: 0.6176, VaLoss:  1.27138	 MAP NN | Acc: 0.7640 | Loss: 0.7516
 19,  0 | TrAcc: 0.6356, TrLoss:  1.17331, VaAcc: 0.6492, VaLoss:  1.12554	 MAP NN | Acc: 0.7700 | Loss: 0.7488
 20,  0 | TrAcc: 0.6339, TrLoss:  1.19913, VaAcc: 0.6724, VaLoss:  1.12441	 MAP NN | Acc: 0.7640 | Loss: 0.7757
 21,  0 | TrAcc: 0.6429, TrLoss:  1.18692, VaAcc: 0.6808, VaLoss:  1.10294	 MAP NN | Acc: 0.7880 | Loss: 0.7147
 22,  0 | TrAcc: 0.6691, TrLoss:  1.10461, VaAcc: 0.7048, VaLoss:  0.98810	 MAP NN | Acc: 0.8100 | Loss: 0.6359
 23,  0 | TrAcc: 0.6746, TrLoss:  1.08238, VaAcc: 0.6896, VaLoss:  1.09582	 MAP NN | Acc: 0.8160 | Loss: 0.6285
 24,  0 | TrAcc: 0.6984, TrLoss:  1.02093, VaAcc: 0.6684, VaLoss:  1.11080	 MAP NN | Acc: 0.8060 | Loss: 0.6544
 25,  0 | TrAcc: 0.6859, TrLoss:  1.06930, VaAcc: 0.7104, VaLoss:  0.96307	 MAP NN | Acc: 0.8140 | Loss: 0.6548
 26,  0 | TrAcc: 0.7091, TrLoss:  1.01029, VaAcc: 0.7216, VaLoss:  0.94921	 MAP NN | Acc: 0.8100 | Loss: 0.6537
 27,  0 | TrAcc: 0.6844, TrLoss:  0.99461, VaAcc: 0.7176, VaLoss:  0.92498	 MAP NN | Acc: 0.8100 | Loss: 0.6303
 28,  0 | TrAcc: 0.7227, TrLoss:  0.92076, VaAcc: 0.6932, VaLoss:  1.02893	 MAP NN | Acc: 0.8140 | Loss: 0.6477
 29,  0 | TrAcc: 0.7175, TrLoss:  0.94791, VaAcc: 0.7440, VaLoss:  0.89257	 MAP NN | Acc: 0.8060 | Loss: 0.6641
 30,  0 | TrAcc: 0.7429, TrLoss:  0.88782, VaAcc: 0.7320, VaLoss:  0.88670	 MAP NN | Acc: 0.8120 | Loss: 0.6170
 31,  0 | TrAcc: 0.7382, TrLoss:  0.86736, VaAcc: 0.7164, VaLoss:  0.92025	 MAP NN | Acc: 0.8260 | Loss: 0.5686
 32,  0 | TrAcc: 0.7121, TrLoss:  0.95027, VaAcc: 0.6924, VaLoss:  1.01881	 MAP NN | Acc: 0.8340 | Loss: 0.5514
 33,  0 | TrAcc: 0.7535, TrLoss:  0.83776, VaAcc: 0.7408, VaLoss:  0.86764	 MAP NN | Acc: 0.8332 | Loss: 0.5579
 34,  0 | TrAcc: 0.7453, TrLoss:  0.87370, VaAcc: 0.7432, VaLoss:  0.88080	 MAP NN | Acc: 0.8380 | Loss: 0.5339
 35,  0 | TrAcc: 0.7359, TrLoss:  0.90124, VaAcc: 0.7444, VaLoss:  0.86384	 MAP NN | Acc: 0.8280 | Loss: 0.5610
 36,  0 | TrAcc: 0.7488, TrLoss:  0.86322, VaAcc: 0.7628, VaLoss:  0.84621	 MAP NN | Acc: 0.8440 | Loss: 0.5421
 37,  0 | TrAcc: 0.7399, TrLoss:  0.87997, VaAcc: 0.8012, VaLoss:  0.73902	 MAP NN | Acc: 0.8480 | Loss: 0.5488
 38,  0 | TrAcc: 0.7932, TrLoss:  0.76768, VaAcc: 0.7548, VaLoss:  0.87595	 MAP NN | Acc: 0.8440 | Loss: 0.5418
 39,  0 | TrAcc: 0.7561, TrLoss:  0.85117, VaAcc: 0.7420, VaLoss:  0.84290	 MAP NN | Acc: 0.8480 | Loss: 0.5192
 40,  0 | TrAcc: 0.7542, TrLoss:  0.83043, VaAcc: 0.7884, VaLoss:  0.75573	 MAP NN | Acc: 0.8540 | Loss: 0.4844
 41,  0 | TrAcc: 0.7731, TrLoss:  0.78401, VaAcc: 0.7448, VaLoss:  0.92102	 MAP NN | Acc: 0.8640 | Loss: 0.4719
 42,  0 | TrAcc: 0.7795, TrLoss:  0.73916, VaAcc: 0.7752, VaLoss:  0.78462	 MAP NN | Acc: 0.8560 | Loss: 0.5062
 43,  0 | TrAcc: 0.8001, TrLoss:  0.71521, VaAcc: 0.7724, VaLoss:  0.77279	 MAP NN | Acc: 0.8580 | Loss: 0.4873
 44,  0 | TrAcc: 0.7866, TrLoss:  0.72980, VaAcc: 0.7764, VaLoss:  0.78093	 MAP NN | Acc: 0.8620 | Loss: 0.4733
 45,  0 | TrAcc: 0.7644, TrLoss:  0.80528, VaAcc: 0.7736, VaLoss:  0.75682	 MAP NN | Acc: 0.8680 | Loss: 0.4649
 46,  0 | TrAcc: 0.7991, TrLoss:  0.71868, VaAcc: 0.8072, VaLoss:  0.69621	 MAP NN | Acc: 0.8660 | Loss: 0.4785
 47,  0 | TrAcc: 0.7803, TrLoss:  0.72574, VaAcc: 0.8072, VaLoss:  0.66251	 MAP NN | Acc: 0.8660 | Loss: 0.4534
 48,  0 | TrAcc: 0.7642, TrLoss:  0.78797, VaAcc: 0.7900, VaLoss:  0.71878	 MAP NN | Acc: 0.8660 | Loss: 0.4553
 49,  0 | TrAcc: 0.7999, TrLoss:  0.72494, VaAcc: 0.8284, VaLoss:  0.61790	 MAP NN | Acc: 0.8740 | Loss: 0.4477
 50,  0 | TrAcc: 0.8070, TrLoss:  0.68267, VaAcc: 0.7888, VaLoss:  0.71735	 MAP NN | Acc: 0.8780 | Loss: 0.4471
 51,  0 | TrAcc: 0.7837, TrLoss:  0.76013, VaAcc: 0.8148, VaLoss:  0.65860	 MAP NN | Acc: 0.8860 | Loss: 0.4306
 52,  0 | TrAcc: 0.8208, TrLoss:  0.64410, VaAcc: 0.7992, VaLoss:  0.71662	 MAP NN | Acc: 0.8860 | Loss: 0.4257
 53,  0 | TrAcc: 0.8081, TrLoss:  0.67955, VaAcc: 0.8132, VaLoss:  0.63597	 MAP NN | Acc: 0.8980 | Loss: 0.4129
 54,  0 | TrAcc: 0.8183, TrLoss:  0.64182, VaAcc: 0.7784, VaLoss:  0.73578	 MAP NN | Acc: 0.8980 | Loss: 0.4160
 55,  0 | TrAcc: 0.7981, TrLoss:  0.69740, VaAcc: 0.7884, VaLoss:  0.71455	 MAP NN | Acc: 0.8820 | Loss: 0.4401
 56,  0 | TrAcc: 0.8144, TrLoss:  0.63067, VaAcc: 0.8352, VaLoss:  0.60587	 MAP NN | Acc: 0.8780 | Loss: 0.4488
 57,  0 | TrAcc: 0.8032, TrLoss:  0.68230, VaAcc: 0.8008, VaLoss:  0.65248	 MAP NN | Acc: 0.8800 | Loss: 0.4374
 58,  0 | TrAcc: 0.8368, TrLoss:  0.56917, VaAcc: 0.8232, VaLoss:  0.62624	 MAP NN | Acc: 0.8740 | Loss: 0.4455
 59,  0 | TrAcc: 0.8192, TrLoss:  0.62685, VaAcc: 0.8064, VaLoss:  0.66735	 MAP NN | Acc: 0.8740 | Loss: 0.4658
 60,  0 | TrAcc: 0.8318, TrLoss:  0.59081, VaAcc: 0.8292, VaLoss:  0.60472	 MAP NN | Acc: 0.8720 | Loss: 0.4493
 61,  0 | TrAcc: 0.8179, TrLoss:  0.63301, VaAcc: 0.8164, VaLoss:  0.65126	 MAP NN | Acc: 0.8820 | Loss: 0.4323
 62,  0 | TrAcc: 0.8400, TrLoss:  0.56962, VaAcc: 0.8252, VaLoss:  0.60559	 MAP NN | Acc: 0.8840 | Loss: 0.4181
 63,  0 | TrAcc: 0.8180, TrLoss:  0.62968, VaAcc: 0.8224, VaLoss:  0.63363	 MAP NN | Acc: 0.8780 | Loss: 0.4151
 64,  0 | TrAcc: 0.8330, TrLoss:  0.59986, VaAcc: 0.8272, VaLoss:  0.60192	 MAP NN | Acc: 0.8800 | Loss: 0.4103
 65,  0 | TrAcc: 0.8198, TrLoss:  0.61874, VaAcc: 0.8156, VaLoss:  0.64755	 MAP NN | Acc: 0.8940 | Loss: 0.4048
 66,  0 | TrAcc: 0.8312, TrLoss:  0.58138, VaAcc: 0.8204, VaLoss:  0.63112	 MAP NN | Acc: 0.8900 | Loss: 0.3727
 67,  0 | TrAcc: 0.8254, TrLoss:  0.60164, VaAcc: 0.8124, VaLoss:  0.63961	 MAP NN | Acc: 0.8800 | Loss: 0.3761
 68,  0 | TrAcc: 0.8445, TrLoss:  0.55934, VaAcc: 0.8336, VaLoss:  0.57056	 MAP NN | Acc: 0.8960 | Loss: 0.3705
 69,  0 | TrAcc: 0.8476, TrLoss:  0.54781, VaAcc: 0.8336, VaLoss:  0.59704	 MAP NN | Acc: 0.8920 | Loss: 0.3750
 70,  0 | TrAcc: 0.8451, TrLoss:  0.55466, VaAcc: 0.8220, VaLoss:  0.60578	 MAP NN | Acc: 0.8900 | Loss: 0.3830
 71,  0 | TrAcc: 0.8326, TrLoss:  0.57174, VaAcc: 0.8412, VaLoss:  0.55063	 MAP NN | Acc: 0.8960 | Loss: 0.3777
 72,  0 | TrAcc: 0.8330, TrLoss:  0.58339, VaAcc: 0.8252, VaLoss:  0.60535	 MAP NN | Acc: 0.9000 | Loss: 0.3836
 73,  0 | TrAcc: 0.8444, TrLoss:  0.56270, VaAcc: 0.8328, VaLoss:  0.57576	 MAP NN | Acc: 0.8840 | Loss: 0.4026
 74,  0 | TrAcc: 0.8420, TrLoss:  0.55231, VaAcc: 0.8256, VaLoss:  0.58863	 MAP NN | Acc: 0.8840 | Loss: 0.4035
 75,  0 | TrAcc: 0.8505, TrLoss:  0.52366, VaAcc: 0.8364, VaLoss:  0.56953	 MAP NN | Acc: 0.8820 | Loss: 0.3958
 76,  0 | TrAcc: 0.8324, TrLoss:  0.56473, VaAcc: 0.8348, VaLoss:  0.57321	 MAP NN | Acc: 0.8840 | Loss: 0.3893
 77,  0 | TrAcc: 0.8326, TrLoss:  0.58916, VaAcc: 0.8348, VaLoss:  0.59020	 MAP NN | Acc: 0.8920 | Loss: 0.3718
 78,  0 | TrAcc: 0.8496, TrLoss:  0.52032, VaAcc: 0.8500, VaLoss:  0.51905	 MAP NN | Acc: 0.8980 | Loss: 0.3780
 79,  0 | TrAcc: 0.8224, TrLoss:  0.62316, VaAcc: 0.8376, VaLoss:  0.59179	 MAP NN | Acc: 0.8840 | Loss: 0.3964
 80,  0 | TrAcc: 0.8486, TrLoss:  0.52392, VaAcc: 0.8512, VaLoss:  0.55075	 MAP NN | Acc: 0.8880 | Loss: 0.4094
 81,  0 | TrAcc: 0.8479, TrLoss:  0.53861, VaAcc: 0.8504, VaLoss:  0.52635	 MAP NN | Acc: 0.8920 | Loss: 0.4018
 82,  0 | TrAcc: 0.8389, TrLoss:  0.54615, VaAcc: 0.8472, VaLoss:  0.54018	 MAP NN | Acc: 0.8920 | Loss: 0.3933
 83,  0 | TrAcc: 0.8465, TrLoss:  0.53853, VaAcc: 0.8300, VaLoss:  0.57880	 MAP NN | Acc: 0.8980 | Loss: 0.3756
 84,  0 | TrAcc: 0.8504, TrLoss:  0.51204, VaAcc: 0.8596, VaLoss:  0.49738	 MAP NN | Acc: 0.8980 | Loss: 0.3691
 85,  0 | TrAcc: 0.8542, TrLoss:  0.50892, VaAcc: 0.8672, VaLoss:  0.47655	 MAP NN | Acc: 0.9060 | Loss: 0.3581
 86,  0 | TrAcc: 0.8589, TrLoss:  0.48973, VaAcc: 0.8564, VaLoss:  0.49303	 MAP NN | Acc: 0.9040 | Loss: 0.3639
 87,  0 | TrAcc: 0.8625, TrLoss:  0.50534, VaAcc: 0.8404, VaLoss:  0.54657	 MAP NN | Acc: 0.9060 | Loss: 0.3631
 88,  0 | TrAcc: 0.8512, TrLoss:  0.49615, VaAcc: 0.8552, VaLoss:  0.49753	 MAP NN | Acc: 0.9000 | Loss: 0.3645
 89,  0 | TrAcc: 0.8364, TrLoss:  0.53018, VaAcc: 0.8388, VaLoss:  0.52639	 MAP NN | Acc: 0.9080 | Loss: 0.3593
 90,  0 | TrAcc: 0.8702, TrLoss:  0.46047, VaAcc: 0.8668, VaLoss:  0.49063	 MAP NN | Acc: 0.9080 | Loss: 0.3607
 91,  0 | TrAcc: 0.8569, TrLoss:  0.49322, VaAcc: 0.8444, VaLoss:  0.54573	 MAP NN | Acc: 0.9020 | Loss: 0.3575
 92,  0 | TrAcc: 0.8596, TrLoss:  0.49317, VaAcc: 0.8304, VaLoss:  0.56992	 MAP NN | Acc: 0.9060 | Loss: 0.3603
 93,  0 | TrAcc: 0.8532, TrLoss:  0.49132, VaAcc: 0.8360, VaLoss:  0.54935	 MAP NN | Acc: 0.9100 | Loss: 0.3585
 94,  0 | TrAcc: 0.8597, TrLoss:  0.49446, VaAcc: 0.8716, VaLoss:  0.48257	 MAP NN | Acc: 0.9000 | Loss: 0.3573
 95,  0 | TrAcc: 0.8400, TrLoss:  0.53860, VaAcc: 0.8536, VaLoss:  0.51579	 MAP NN | Acc: 0.9020 | Loss: 0.3630
 96,  0 | TrAcc: 0.8605, TrLoss:  0.49650, VaAcc: 0.8608, VaLoss:  0.47311	 MAP NN | Acc: 0.9080 | Loss: 0.3565
 97,  0 | TrAcc: 0.8621, TrLoss:  0.47390, VaAcc: 0.8520, VaLoss:  0.50302	 MAP NN | Acc: 0.9060 | Loss: 0.3695
 98,  0 | TrAcc: 0.8565, TrLoss:  0.49677, VaAcc: 0.8468, VaLoss:  0.53749	 MAP NN | Acc: 0.9040 | Loss: 0.3786
 99,  0 | TrAcc: 0.8482, TrLoss:  0.51772, VaAcc: 0.8600, VaLoss:  0.47628	 MAP NN | Acc: 0.9080 | Loss: 0.3727
100,  0 | TrAcc: 0.8650, TrLoss:  0.46102, VaAcc: 0.8556, VaLoss:  0.50944	 MAP NN | Acc: 0.9000 | Loss: 0.3753
101,  0 | TrAcc: 0.8810, TrLoss:  0.42367, VaAcc: 0.8376, VaLoss:  0.55815	 MAP NN | Acc: 0.9040 | Loss: 0.3740
102,  0 | TrAcc: 0.8755, TrLoss:  0.43947, VaAcc: 0.8488, VaLoss:  0.52271	 MAP NN | Acc: 0.9020 | Loss: 0.3720
103,  0 | TrAcc: 0.8563, TrLoss:  0.48585, VaAcc: 0.8724, VaLoss:  0.46606	 MAP NN | Acc: 0.9120 | Loss: 0.3592
104,  0 | TrAcc: 0.8749, TrLoss:  0.42663, VaAcc: 0.8532, VaLoss:  0.48253	 MAP NN | Acc: 0.9100 | Loss: 0.3607
105,  0 | TrAcc: 0.8735, TrLoss:  0.43495, VaAcc: 0.8480, VaLoss:  0.52082	 MAP NN | Acc: 0.9100 | Loss: 0.3633
106,  0 | TrAcc: 0.8746, TrLoss:  0.44032, VaAcc: 0.8628, VaLoss:  0.49902	 MAP NN | Acc: 0.9120 | Loss: 0.3577
107,  0 | TrAcc: 0.8530, TrLoss:  0.49718, VaAcc: 0.8528, VaLoss:  0.50848	 MAP NN | Acc: 0.9120 | Loss: 0.3529
108,  0 | TrAcc: 0.8709, TrLoss:  0.45652, VaAcc: 0.8484, VaLoss:  0.50459	 MAP NN | Acc: 0.9080 | Loss: 0.3486
109,  0 | TrAcc: 0.8770, TrLoss:  0.45256, VaAcc: 0.8664, VaLoss:  0.47811	 MAP NN | Acc: 0.9060 | Loss: 0.3429
110,  0 | TrAcc: 0.8609, TrLoss:  0.46870, VaAcc: 0.8592, VaLoss:  0.49743	 MAP NN | Acc: 0.9020 | Loss: 0.3458
111,  0 | TrAcc: 0.8807, TrLoss:  0.40768, VaAcc: 0.8836, VaLoss:  0.42113	 MAP NN | Acc: 0.8980 | Loss: 0.3506
112,  0 | TrAcc: 0.8667, TrLoss:  0.46955, VaAcc: 0.8584, VaLoss:  0.49700	 MAP NN | Acc: 0.9060 | Loss: 0.3479
113,  0 | TrAcc: 0.8557, TrLoss:  0.48440, VaAcc: 0.8724, VaLoss:  0.44319	 MAP NN | Acc: 0.8980 | Loss: 0.3511
114,  0 | TrAcc: 0.8765, TrLoss:  0.42056, VaAcc: 0.8596, VaLoss:  0.48182	 MAP NN | Acc: 0.9000 | Loss: 0.3571
115,  0 | TrAcc: 0.8791, TrLoss:  0.43043, VaAcc: 0.8628, VaLoss:  0.48166	 MAP NN | Acc: 0.9020 | Loss: 0.3599
116,  0 | TrAcc: 0.8740, TrLoss:  0.43270, VaAcc: 0.8548, VaLoss:  0.49810	 MAP NN | Acc: 0.9060 | Loss: 0.3534
117,  0 | TrAcc: 0.8821, TrLoss:  0.40751, VaAcc: 0.8572, VaLoss:  0.52106	 MAP NN | Acc: 0.9060 | Loss: 0.3430
118,  0 | TrAcc: 0.8771, TrLoss:  0.40718, VaAcc: 0.8616, VaLoss:  0.50333	 MAP NN | Acc: 0.9080 | Loss: 0.3385
119,  0 | TrAcc: 0.8845, TrLoss:  0.41018, VaAcc: 0.8732, VaLoss:  0.47315	 MAP NN | Acc: 0.9140 | Loss: 0.3360
120,  0 | TrAcc: 0.8691, TrLoss:  0.45493, VaAcc: 0.8732, VaLoss:  0.44525	 MAP NN | Acc: 0.9100 | Loss: 0.3417
121,  0 | TrAcc: 0.8721, TrLoss:  0.43294, VaAcc: 0.8640, VaLoss:  0.46559	 MAP NN | Acc: 0.9160 | Loss: 0.3295
122,  0 | TrAcc: 0.8703, TrLoss:  0.44199, VaAcc: 0.8756, VaLoss:  0.42874	 MAP NN | Acc: 0.9120 | Loss: 0.3365
123,  0 | TrAcc: 0.8734, TrLoss:  0.44942, VaAcc: 0.8648, VaLoss:  0.47938	 MAP NN | Acc: 0.9100 | Loss: 0.3322
124,  0 | TrAcc: 0.8796, TrLoss:  0.41754, VaAcc: 0.8572, VaLoss:  0.48752	 MAP NN | Acc: 0.9080 | Loss: 0.3263
125,  0 | TrAcc: 0.8826, TrLoss:  0.42155, VaAcc: 0.8748, VaLoss:  0.43519	 MAP NN | Acc: 0.9140 | Loss: 0.3183
126,  0 | TrAcc: 0.8726, TrLoss:  0.42137, VaAcc: 0.8708, VaLoss:  0.43870	 MAP NN | Acc: 0.9080 | Loss: 0.3273
127,  0 | TrAcc: 0.8773, TrLoss:  0.41382, VaAcc: 0.8776, VaLoss:  0.42764	 MAP NN | Acc: 0.9080 | Loss: 0.3193
128,  0 | TrAcc: 0.8766, TrLoss:  0.42302, VaAcc: 0.8780, VaLoss:  0.43113	 MAP NN | Acc: 0.9080 | Loss: 0.3148
129,  0 | TrAcc: 0.8816, TrLoss:  0.42053, VaAcc: 0.8752, VaLoss:  0.42707	 MAP NN | Acc: 0.9120 | Loss: 0.3023
130,  0 | TrAcc: 0.8842, TrLoss:  0.38965, VaAcc: 0.8764, VaLoss:  0.44901	 MAP NN | Acc: 0.9120 | Loss: 0.2949
131,  0 | TrAcc: 0.8878, TrLoss:  0.38222, VaAcc: 0.8752, VaLoss:  0.40993	 MAP NN | Acc: 0.9160 | Loss: 0.2939
132,  0 | TrAcc: 0.8916, TrLoss:  0.37903, VaAcc: 0.8716, VaLoss:  0.45629	 MAP NN | Acc: 0.9140 | Loss: 0.3107
133,  0 | TrAcc: 0.8960, TrLoss:  0.36160, VaAcc: 0.8720, VaLoss:  0.43058	 MAP NN | Acc: 0.9140 | Loss: 0.3149
134,  0 | TrAcc: 0.8729, TrLoss:  0.43036, VaAcc: 0.8740, VaLoss:  0.43597	 MAP NN | Acc: 0.9140 | Loss: 0.3054
135,  0 | TrAcc: 0.8861, TrLoss:  0.39144, VaAcc: 0.8760, VaLoss:  0.41299	 MAP NN | Acc: 0.9160 | Loss: 0.2957
136,  0 | TrAcc: 0.8807, TrLoss:  0.41647, VaAcc: 0.8620, VaLoss:  0.45119	 MAP NN | Acc: 0.9180 | Loss: 0.2889
137,  0 | TrAcc: 0.8830, TrLoss:  0.41941, VaAcc: 0.8704, VaLoss:  0.41827	 MAP NN | Acc: 0.9180 | Loss: 0.2903
138,  0 | TrAcc: 0.8679, TrLoss:  0.44737, VaAcc: 0.8752, VaLoss:  0.41918	 MAP NN | Acc: 0.9200 | Loss: 0.2904
139,  0 | TrAcc: 0.8886, TrLoss:  0.38229, VaAcc: 0.8768, VaLoss:  0.43540	 MAP NN | Acc: 0.9180 | Loss: 0.2881
140,  0 | TrAcc: 0.8820, TrLoss:  0.40231, VaAcc: 0.8876, VaLoss:  0.40337	 MAP NN | Acc: 0.9160 | Loss: 0.2873
141,  0 | TrAcc: 0.8891, TrLoss:  0.39284, VaAcc: 0.8864, VaLoss:  0.42856	 MAP NN | Acc: 0.9140 | Loss: 0.2797
142,  0 | TrAcc: 0.8982, TrLoss:  0.35890, VaAcc: 0.8852, VaLoss:  0.41840	 MAP NN | Acc: 0.9180 | Loss: 0.2776
143,  0 | TrAcc: 0.8768, TrLoss:  0.41556, VaAcc: 0.8804, VaLoss:  0.41710	 MAP NN | Acc: 0.9160 | Loss: 0.2790
144,  0 | TrAcc: 0.8946, TrLoss:  0.37807, VaAcc: 0.8872, VaLoss:  0.40485	 MAP NN | Acc: 0.9200 | Loss: 0.2931
145,  0 | TrAcc: 0.8860, TrLoss:  0.38393, VaAcc: 0.8716, VaLoss:  0.43040	 MAP NN | Acc: 0.9260 | Loss: 0.2895
146,  0 | TrAcc: 0.8953, TrLoss:  0.36982, VaAcc: 0.8852, VaLoss:  0.39690	 MAP NN | Acc: 0.9240 | Loss: 0.2809
147,  0 | TrAcc: 0.8977, TrLoss:  0.35754, VaAcc: 0.8704, VaLoss:  0.44280	 MAP NN | Acc: 0.9240 | Loss: 0.2771
148,  0 | TrAcc: 0.8743, TrLoss:  0.41175, VaAcc: 0.8680, VaLoss:  0.44271	 MAP NN | Acc: 0.9280 | Loss: 0.2764
149,  0 | TrAcc: 0.8856, TrLoss:  0.40615, VaAcc: 0.8748, VaLoss:  0.43140	 MAP NN | Acc: 0.9280 | Loss: 0.2879
150,  0 | TrAcc: 0.8936, TrLoss:  0.34991, VaAcc: 0.8684, VaLoss:  0.44452	 MAP NN | Acc: 0.9240 | Loss: 0.2867
151,  0 | TrAcc: 0.8732, TrLoss:  0.42374, VaAcc: 0.8820, VaLoss:  0.40329	 MAP NN | Acc: 0.9260 | Loss: 0.2769
152,  0 | TrAcc: 0.8903, TrLoss:  0.36437, VaAcc: 0.8784, VaLoss:  0.43923	 MAP NN | Acc: 0.9260 | Loss: 0.2704
153,  0 | TrAcc: 0.8884, TrLoss:  0.38764, VaAcc: 0.8848, VaLoss:  0.39825	 MAP NN | Acc: 0.9280 | Loss: 0.2694
154,  0 | TrAcc: 0.8993, TrLoss:  0.35907, VaAcc: 0.8636, VaLoss:  0.47480	 MAP NN | Acc: 0.9220 | Loss: 0.2702
155,  0 | TrAcc: 0.8864, TrLoss:  0.38469, VaAcc: 0.8800, VaLoss:  0.41474	 MAP NN | Acc: 0.9260 | Loss: 0.2699
156,  0 | TrAcc: 0.9025, TrLoss:  0.33977, VaAcc: 0.8816, VaLoss:  0.43348	 MAP NN | Acc: 0.9260 | Loss: 0.2685
157,  0 | TrAcc: 0.8872, TrLoss:  0.37475, VaAcc: 0.8644, VaLoss:  0.45378	 MAP NN | Acc: 0.9240 | Loss: 0.2682
158,  0 | TrAcc: 0.8872, TrLoss:  0.38740, VaAcc: 0.8696, VaLoss:  0.42522	 MAP NN | Acc: 0.9240 | Loss: 0.2735
159,  0 | TrAcc: 0.8904, TrLoss:  0.36827, VaAcc: 0.8852, VaLoss:  0.39250	 MAP NN | Acc: 0.9320 | Loss: 0.2708
160,  0 | TrAcc: 0.9032, TrLoss:  0.33376, VaAcc: 0.8784, VaLoss:  0.40982	 MAP NN | Acc: 0.9320 | Loss: 0.2718
161,  0 | TrAcc: 0.8890, TrLoss:  0.38814, VaAcc: 0.8896, VaLoss:  0.39026	 MAP NN | Acc: 0.9300 | Loss: 0.2755
162,  0 | TrAcc: 0.8847, TrLoss:  0.38861, VaAcc: 0.8900, VaLoss:  0.37387	 MAP NN | Acc: 0.9300 | Loss: 0.2721
163,  0 | TrAcc: 0.9020, TrLoss:  0.34129, VaAcc: 0.8936, VaLoss:  0.39007	 MAP NN | Acc: 0.9220 | Loss: 0.2769
164,  0 | TrAcc: 0.8905, TrLoss:  0.37687, VaAcc: 0.8812, VaLoss:  0.40237	 MAP NN | Acc: 0.9180 | Loss: 0.2820
165,  0 | TrAcc: 0.8949, TrLoss:  0.35942, VaAcc: 0.8880, VaLoss:  0.39292	 MAP NN | Acc: 0.9220 | Loss: 0.2897
166,  0 | TrAcc: 0.8954, TrLoss:  0.35040, VaAcc: 0.8744, VaLoss:  0.41239	 MAP NN | Acc: 0.9260 | Loss: 0.2731
167,  0 | TrAcc: 0.8815, TrLoss:  0.40303, VaAcc: 0.8880, VaLoss:  0.37134	 MAP NN | Acc: 0.9300 | Loss: 0.2625
168,  0 | TrAcc: 0.8865, TrLoss:  0.39226, VaAcc: 0.8808, VaLoss:  0.39836	 MAP NN | Acc: 0.9300 | Loss: 0.2608
169,  0 | TrAcc: 0.8941, TrLoss:  0.37215, VaAcc: 0.8848, VaLoss:  0.38232	 MAP NN | Acc: 0.9260 | Loss: 0.2615
170,  0 | TrAcc: 0.8720, TrLoss:  0.42772, VaAcc: 0.8736, VaLoss:  0.41765	 MAP NN | Acc: 0.9300 | Loss: 0.2548
171,  0 | TrAcc: 0.8947, TrLoss:  0.35155, VaAcc: 0.8908, VaLoss:  0.36746	 MAP NN | Acc: 0.9240 | Loss: 0.2507
172,  0 | TrAcc: 0.8896, TrLoss:  0.36691, VaAcc: 0.8792, VaLoss:  0.40607	 MAP NN | Acc: 0.9280 | Loss: 0.2522
173,  0 | TrAcc: 0.8892, TrLoss:  0.36785, VaAcc: 0.8900, VaLoss:  0.37499	 MAP NN | Acc: 0.9300 | Loss: 0.2543
174,  0 | TrAcc: 0.9007, TrLoss:  0.34281, VaAcc: 0.8788, VaLoss:  0.40029	 MAP NN | Acc: 0.9260 | Loss: 0.2538
175,  0 | TrAcc: 0.8889, TrLoss:  0.35698, VaAcc: 0.8804, VaLoss:  0.39505	 MAP NN | Acc: 0.9240 | Loss: 0.2488
176,  0 | TrAcc: 0.9020, TrLoss:  0.33276, VaAcc: 0.8836, VaLoss:  0.39106	 MAP NN | Acc: 0.9220 | Loss: 0.2534
177,  0 | TrAcc: 0.8949, TrLoss:  0.35216, VaAcc: 0.8912, VaLoss:  0.37375	 MAP NN | Acc: 0.9220 | Loss: 0.2594
178,  0 | TrAcc: 0.8899, TrLoss:  0.36998, VaAcc: 0.8892, VaLoss:  0.36772	 MAP NN | Acc: 0.9240 | Loss: 0.2581
179,  0 | TrAcc: 0.8960, TrLoss:  0.34498, VaAcc: 0.8724, VaLoss:  0.42118	 MAP NN | Acc: 0.9220 | Loss: 0.2612
180,  0 | TrAcc: 0.8966, TrLoss:  0.35813, VaAcc: 0.8876, VaLoss:  0.38559	 MAP NN | Acc: 0.9260 | Loss: 0.2592
181,  0 | TrAcc: 0.8967, TrLoss:  0.35392, VaAcc: 0.8892, VaLoss:  0.38184	 MAP NN | Acc: 0.9280 | Loss: 0.2619
182,  0 | TrAcc: 0.9035, TrLoss:  0.31689, VaAcc: 0.8960, VaLoss:  0.34459	 MAP NN | Acc: 0.9300 | Loss: 0.2495
183,  0 | TrAcc: 0.8951, TrLoss:  0.36466, VaAcc: 0.8708, VaLoss:  0.41583	 MAP NN | Acc: 0.9320 | Loss: 0.2502
184,  0 | TrAcc: 0.9025, TrLoss:  0.32992, VaAcc: 0.8936, VaLoss:  0.37899	 MAP NN | Acc: 0.9320 | Loss: 0.2445
185,  0 | TrAcc: 0.9048, TrLoss:  0.33701, VaAcc: 0.8900, VaLoss:  0.38053	 MAP NN | Acc: 0.9300 | Loss: 0.2460
186,  0 | TrAcc: 0.9092, TrLoss:  0.31666, VaAcc: 0.8808, VaLoss:  0.39851	 MAP NN | Acc: 0.9300 | Loss: 0.2421
187,  0 | TrAcc: 0.8966, TrLoss:  0.35536, VaAcc: 0.8940, VaLoss:  0.36422	 MAP NN | Acc: 0.9300 | Loss: 0.2406
188,  0 | TrAcc: 0.8987, TrLoss:  0.34406, VaAcc: 0.8956, VaLoss:  0.35637	 MAP NN | Acc: 0.9320 | Loss: 0.2429
189,  0 | TrAcc: 0.9014, TrLoss:  0.34165, VaAcc: 0.8868, VaLoss:  0.39194	 MAP NN | Acc: 0.9340 | Loss: 0.2419
190,  0 | TrAcc: 0.9076, TrLoss:  0.33127, VaAcc: 0.8836, VaLoss:  0.38761	 MAP NN | Acc: 0.9340 | Loss: 0.2440
191,  0 | TrAcc: 0.9033, TrLoss:  0.32817, VaAcc: 0.8864, VaLoss:  0.38347	 MAP NN | Acc: 0.9360 | Loss: 0.2413
192,  0 | TrAcc: 0.8853, TrLoss:  0.38641, VaAcc: 0.8900, VaLoss:  0.37198	 MAP NN | Acc: 0.9300 | Loss: 0.2395
193,  0 | TrAcc: 0.9102, TrLoss:  0.31167, VaAcc: 0.8980, VaLoss:  0.35216	 MAP NN | Acc: 0.9300 | Loss: 0.2480
194,  0 | TrAcc: 0.9063, TrLoss:  0.31843, VaAcc: 0.8848, VaLoss:  0.37430	 MAP NN | Acc: 0.9280 | Loss: 0.2425
195,  0 | TrAcc: 0.8943, TrLoss:  0.35011, VaAcc: 0.8916, VaLoss:  0.36551	 MAP NN | Acc: 0.9320 | Loss: 0.2379
196,  0 | TrAcc: 0.9142, TrLoss:  0.29285, VaAcc: 0.8924, VaLoss:  0.34957	 MAP NN | Acc: 0.9300 | Loss: 0.2433
197,  0 | TrAcc: 0.8950, TrLoss:  0.35746, VaAcc: 0.8924, VaLoss:  0.37413	 MAP NN | Acc: 0.9320 | Loss: 0.2398
198,  0 | TrAcc: 0.9006, TrLoss:  0.33686, VaAcc: 0.9060, VaLoss:  0.31808	 MAP NN | Acc: 0.9300 | Loss: 0.2449
199,  0 | TrAcc: 0.9134, TrLoss:  0.30421, VaAcc: 0.8928, VaLoss:  0.36006	 MAP NN | Acc: 0.9280 | Loss: 0.2411
200,  0 | TrAcc: 0.9025, TrLoss:  0.32533, VaAcc: 0.8940, VaLoss:  0.34601	 MAP NN | Acc: 0.9320 | Loss: 0.2355
201,  0 | TrAcc: 0.8997, TrLoss:  0.33411, VaAcc: 0.8872, VaLoss:  0.36549	 MAP NN | Acc: 0.9340 | Loss: 0.2332
202,  0 | TrAcc: 0.9097, TrLoss:  0.30810, VaAcc: 0.8956, VaLoss:  0.36595	 MAP NN | Acc: 0.9360 | Loss: 0.2275
203,  0 | TrAcc: 0.8965, TrLoss:  0.37104, VaAcc: 0.8852, VaLoss:  0.38951	 MAP NN | Acc: 0.9360 | Loss: 0.2279
204,  0 | TrAcc: 0.9093, TrLoss:  0.31412, VaAcc: 0.9032, VaLoss:  0.32121	 MAP NN | Acc: 0.9340 | Loss: 0.2256
205,  0 | TrAcc: 0.9117, TrLoss:  0.29047, VaAcc: 0.8892, VaLoss:  0.37086	 MAP NN | Acc: 0.9380 | Loss: 0.2256
206,  0 | TrAcc: 0.9064, TrLoss:  0.31301, VaAcc: 0.8900, VaLoss:  0.36236	 MAP NN | Acc: 0.9360 | Loss: 0.2270
207,  0 | TrAcc: 0.9124, TrLoss:  0.30175, VaAcc: 0.8796, VaLoss:  0.38925	 MAP NN | Acc: 0.9320 | Loss: 0.2241
208,  0 | TrAcc: 0.8982, TrLoss:  0.35378, VaAcc: 0.8920, VaLoss:  0.36340	 MAP NN | Acc: 0.9340 | Loss: 0.2393
209,  0 | TrAcc: 0.9094, TrLoss:  0.31280, VaAcc: 0.8948, VaLoss:  0.35107	 MAP NN | Acc: 0.9420 | Loss: 0.2279
210,  0 | TrAcc: 0.9008, TrLoss:  0.33261, VaAcc: 0.8872, VaLoss:  0.38114	 MAP NN | Acc: 0.9320 | Loss: 0.2284
211,  0 | TrAcc: 0.9063, TrLoss:  0.30846, VaAcc: 0.9056, VaLoss:  0.31195	 MAP NN | Acc: 0.9360 | Loss: 0.2254
212,  0 | TrAcc: 0.9147, TrLoss:  0.29223, VaAcc: 0.8888, VaLoss:  0.35299	 MAP NN | Acc: 0.9380 | Loss: 0.2159
213,  0 | TrAcc: 0.9011, TrLoss:  0.33194, VaAcc: 0.8940, VaLoss:  0.35592	 MAP NN | Acc: 0.9300 | Loss: 0.2169
214,  0 | TrAcc: 0.9003, TrLoss:  0.32224, VaAcc: 0.8832, VaLoss:  0.38319	 MAP NN | Acc: 0.9380 | Loss: 0.2185
215,  0 | TrAcc: 0.8893, TrLoss:  0.36532, VaAcc: 0.8880, VaLoss:  0.36518	 MAP NN | Acc: 0.9420 | Loss: 0.2103
216,  0 | TrAcc: 0.9107, TrLoss:  0.29893, VaAcc: 0.9004, VaLoss:  0.33386	 MAP NN | Acc: 0.9400 | Loss: 0.2068
217,  0 | TrAcc: 0.9018, TrLoss:  0.33246, VaAcc: 0.8908, VaLoss:  0.35482	 MAP NN | Acc: 0.9440 | Loss: 0.2040
218,  0 | TrAcc: 0.8940, TrLoss:  0.34979, VaAcc: 0.8948, VaLoss:  0.35391	 MAP NN | Acc: 0.9400 | Loss: 0.2133
219,  0 | TrAcc: 0.9135, TrLoss:  0.28212, VaAcc: 0.8944, VaLoss:  0.35215	 MAP NN | Acc: 0.9400 | Loss: 0.2153
220,  0 | TrAcc: 0.9049, TrLoss:  0.32748, VaAcc: 0.9076, VaLoss:  0.33649	 MAP NN | Acc: 0.9420 | Loss: 0.2126
221,  0 | TrAcc: 0.9082, TrLoss:  0.31675, VaAcc: 0.8976, VaLoss:  0.34134	 MAP NN | Acc: 0.9420 | Loss: 0.2141
222,  0 | TrAcc: 0.8944, TrLoss:  0.36204, VaAcc: 0.8956, VaLoss:  0.34569	 MAP NN | Acc: 0.9420 | Loss: 0.2136
223,  0 | TrAcc: 0.8986, TrLoss:  0.31905, VaAcc: 0.9108, VaLoss:  0.30770	 MAP NN | Acc: 0.9420 | Loss: 0.2160
224,  0 | TrAcc: 0.9042, TrLoss:  0.32851, VaAcc: 0.8904, VaLoss:  0.35949	 MAP NN | Acc: 0.9400 | Loss: 0.2162
225,  0 | TrAcc: 0.9041, TrLoss:  0.31839, VaAcc: 0.8972, VaLoss:  0.33473	 MAP NN | Acc: 0.9420 | Loss: 0.2132
226,  0 | TrAcc: 0.9109, TrLoss:  0.29729, VaAcc: 0.9008, VaLoss:  0.33503	 MAP NN | Acc: 0.9440 | Loss: 0.2156
227,  0 | TrAcc: 0.9215, TrLoss:  0.27073, VaAcc: 0.9004, VaLoss:  0.33112	 MAP NN | Acc: 0.9420 | Loss: 0.2184
228,  0 | TrAcc: 0.9069, TrLoss:  0.32281, VaAcc: 0.9024, VaLoss:  0.33354	 MAP NN | Acc: 0.9440 | Loss: 0.2121
229,  0 | TrAcc: 0.9166, TrLoss:  0.30530, VaAcc: 0.9080, VaLoss:  0.31495	 MAP NN | Acc: 0.9400 | Loss: 0.2134
230,  0 | TrAcc: 0.8990, TrLoss:  0.32704, VaAcc: 0.8888, VaLoss:  0.34246	 MAP NN | Acc: 0.9380 | Loss: 0.2143
231,  0 | TrAcc: 0.9055, TrLoss:  0.31479, VaAcc: 0.9000, VaLoss:  0.33013	 MAP NN | Acc: 0.9360 | Loss: 0.2163
232,  0 | TrAcc: 0.9009, TrLoss:  0.33021, VaAcc: 0.8936, VaLoss:  0.34364	 MAP NN | Acc: 0.9380 | Loss: 0.2152
233,  0 | TrAcc: 0.9041, TrLoss:  0.31368, VaAcc: 0.9012, VaLoss:  0.33440	 MAP NN | Acc: 0.9380 | Loss: 0.2128
234,  0 | TrAcc: 0.9025, TrLoss:  0.33464, VaAcc: 0.9012, VaLoss:  0.33639	 MAP NN | Acc: 0.9400 | Loss: 0.2167
235,  0 | TrAcc: 0.9146, TrLoss:  0.29919, VaAcc: 0.8984, VaLoss:  0.33750	 MAP NN | Acc: 0.9300 | Loss: 0.2211
236,  0 | TrAcc: 0.9037, TrLoss:  0.30322, VaAcc: 0.9024, VaLoss:  0.32786	 MAP NN | Acc: 0.9340 | Loss: 0.2211
237,  0 | TrAcc: 0.8996, TrLoss:  0.33610, VaAcc: 0.8900, VaLoss:  0.35041	 MAP NN | Acc: 0.9340 | Loss: 0.2197
238,  0 | TrAcc: 0.9161, TrLoss:  0.29838, VaAcc: 0.8988, VaLoss:  0.34145	 MAP NN | Acc: 0.9380 | Loss: 0.2222
239,  0 | TrAcc: 0.9134, TrLoss:  0.28009, VaAcc: 0.9096, VaLoss:  0.31562	 MAP NN | Acc: 0.9360 | Loss: 0.2194
240,  0 | TrAcc: 0.9164, TrLoss:  0.28000, VaAcc: 0.8940, VaLoss:  0.35642	 MAP NN | Acc: 0.9340 | Loss: 0.2162
241,  0 | TrAcc: 0.9199, TrLoss:  0.27817, VaAcc: 0.9088, VaLoss:  0.31349	 MAP NN | Acc: 0.9360 | Loss: 0.2155
242,  0 | TrAcc: 0.9209, TrLoss:  0.27619, VaAcc: 0.8816, VaLoss:  0.38666	 MAP NN | Acc: 0.9400 | Loss: 0.2212
243,  0 | TrAcc: 0.9110, TrLoss:  0.30432, VaAcc: 0.9108, VaLoss:  0.32740	 MAP NN | Acc: 0.9380 | Loss: 0.2175
244,  0 | TrAcc: 0.9127, TrLoss:  0.28635, VaAcc: 0.8956, VaLoss:  0.35427	 MAP NN | Acc: 0.9400 | Loss: 0.2096
245,  0 | TrAcc: 0.9220, TrLoss:  0.27673, VaAcc: 0.9148, VaLoss:  0.31726	 MAP NN | Acc: 0.9380 | Loss: 0.2067
246,  0 | TrAcc: 0.9052, TrLoss:  0.30680, VaAcc: 0.9012, VaLoss:  0.31882	 MAP NN | Acc: 0.9400 | Loss: 0.2083
247,  0 | TrAcc: 0.9196, TrLoss:  0.27456, VaAcc: 0.8924, VaLoss:  0.35348	 MAP NN | Acc: 0.9420 | Loss: 0.2092
248,  0 | TrAcc: 0.9123, TrLoss:  0.30365, VaAcc: 0.9068, VaLoss:  0.30431	 MAP NN | Acc: 0.9460 | Loss: 0.2011
249,  0 | TrAcc: 0.9078, TrLoss:  0.31533, VaAcc: 0.9048, VaLoss:  0.30577	 MAP NN | Acc: 0.9400 | Loss: 0.2049
250,  0 | TrAcc: 0.9172, TrLoss:  0.28372, VaAcc: 0.8852, VaLoss:  0.37149	 MAP NN | Acc: 0.9380 | Loss: 0.2093
251,  0 | TrAcc: 0.9179, TrLoss:  0.28243, VaAcc: 0.9008, VaLoss:  0.33260	 MAP NN | Acc: 0.9400 | Loss: 0.2063
252,  0 | TrAcc: 0.9187, TrLoss:  0.28682, VaAcc: 0.9092, VaLoss:  0.30653	 MAP NN | Acc: 0.9460 | Loss: 0.2016
253,  0 | TrAcc: 0.9219, TrLoss:  0.26243, VaAcc: 0.9056, VaLoss:  0.31639	 MAP NN | Acc: 0.9420 | Loss: 0.2077
254,  0 | TrAcc: 0.9231, TrLoss:  0.25716, VaAcc: 0.8956, VaLoss:  0.33205	 MAP NN | Acc: 0.9400 | Loss: 0.2048
255,  0 | TrAcc: 0.9126, TrLoss:  0.29094, VaAcc: 0.9164, VaLoss:  0.28889	 MAP NN | Acc: 0.9400 | Loss: 0.2059
256,  0 | TrAcc: 0.9130, TrLoss:  0.28027, VaAcc: 0.9076, VaLoss:  0.30333	 MAP NN | Acc: 0.9380 | Loss: 0.2030
257,  0 | TrAcc: 0.9177, TrLoss:  0.29051, VaAcc: 0.9084, VaLoss:  0.31083	 MAP NN | Acc: 0.9400 | Loss: 0.2032
258,  0 | TrAcc: 0.9046, TrLoss:  0.32242, VaAcc: 0.9032, VaLoss:  0.33270	 MAP NN | Acc: 0.9380 | Loss: 0.2026
259,  0 | TrAcc: 0.9170, TrLoss:  0.26542, VaAcc: 0.9000, VaLoss:  0.33107	 MAP NN | Acc: 0.9380 | Loss: 0.2072
260,  0 | TrAcc: 0.9180, TrLoss:  0.27070, VaAcc: 0.9092, VaLoss:  0.31659	 MAP NN | Acc: 0.9400 | Loss: 0.2082
261,  0 | TrAcc: 0.9170, TrLoss:  0.28257, VaAcc: 0.9120, VaLoss:  0.30536	 MAP NN | Acc: 0.9360 | Loss: 0.2140
262,  0 | TrAcc: 0.9037, TrLoss:  0.31595, VaAcc: 0.9048, VaLoss:  0.29669	 MAP NN | Acc: 0.9380 | Loss: 0.2115
263,  0 | TrAcc: 0.9150, TrLoss:  0.28147, VaAcc: 0.9024, VaLoss:  0.33087	 MAP NN | Acc: 0.9360 | Loss: 0.2090
264,  0 | TrAcc: 0.9211, TrLoss:  0.27274, VaAcc: 0.8992, VaLoss:  0.31145	 MAP NN | Acc: 0.9380 | Loss: 0.2085
265,  0 | TrAcc: 0.9034, TrLoss:  0.31553, VaAcc: 0.9104, VaLoss:  0.29741	 MAP NN | Acc: 0.9360 | Loss: 0.2107
266,  0 | TrAcc: 0.9173, TrLoss:  0.27081, VaAcc: 0.9188, VaLoss:  0.27889	 MAP NN | Acc: 0.9380 | Loss: 0.2170
267,  0 | TrAcc: 0.9192, TrLoss:  0.27229, VaAcc: 0.9092, VaLoss:  0.29623	 MAP NN | Acc: 0.9380 | Loss: 0.2118
268,  0 | TrAcc: 0.9092, TrLoss:  0.29381, VaAcc: 0.9024, VaLoss:  0.33397	 MAP NN | Acc: 0.9360 | Loss: 0.2075
269,  0 | TrAcc: 0.8972, TrLoss:  0.34334, VaAcc: 0.9076, VaLoss:  0.32295	 MAP NN | Acc: 0.9360 | Loss: 0.2090
270,  0 | TrAcc: 0.9124, TrLoss:  0.27939, VaAcc: 0.9156, VaLoss:  0.29718	 MAP NN | Acc: 0.9340 | Loss: 0.2049
271,  0 | TrAcc: 0.9184, TrLoss:  0.27366, VaAcc: 0.9068, VaLoss:  0.32346	 MAP NN | Acc: 0.9420 | Loss: 0.2021
272,  0 | TrAcc: 0.9038, TrLoss:  0.31016, VaAcc: 0.9116, VaLoss:  0.30247	 MAP NN | Acc: 0.9440 | Loss: 0.2041
273,  0 | TrAcc: 0.9187, TrLoss:  0.26550, VaAcc: 0.9184, VaLoss:  0.27606	 MAP NN | Acc: 0.9340 | Loss: 0.2098
274,  0 | TrAcc: 0.9251, TrLoss:  0.26519, VaAcc: 0.8972, VaLoss:  0.36782	 MAP NN | Acc: 0.9380 | Loss: 0.2076
275,  0 | TrAcc: 0.9103, TrLoss:  0.30193, VaAcc: 0.9068, VaLoss:  0.29607	 MAP NN | Acc: 0.9340 | Loss: 0.2107
276,  0 | TrAcc: 0.9199, TrLoss:  0.27476, VaAcc: 0.8976, VaLoss:  0.35342	 MAP NN | Acc: 0.9420 | Loss: 0.2049
277,  0 | TrAcc: 0.9079, TrLoss:  0.32087, VaAcc: 0.9028, VaLoss:  0.31256	 MAP NN | Acc: 0.9380 | Loss: 0.2084
278,  0 | TrAcc: 0.9216, TrLoss:  0.25585, VaAcc: 0.9088, VaLoss:  0.31247	 MAP NN | Acc: 0.9400 | Loss: 0.2101
279,  0 | TrAcc: 0.9250, TrLoss:  0.25484, VaAcc: 0.8996, VaLoss:  0.31454	 MAP NN | Acc: 0.9400 | Loss: 0.2062
280,  0 | TrAcc: 0.9128, TrLoss:  0.30305, VaAcc: 0.8956, VaLoss:  0.32407	 MAP NN | Acc: 0.9380 | Loss: 0.2016
281,  0 | TrAcc: 0.9313, TrLoss:  0.22777, VaAcc: 0.9008, VaLoss:  0.30950	 MAP NN | Acc: 0.9400 | Loss: 0.2092
282,  0 | TrAcc: 0.9260, TrLoss:  0.25993, VaAcc: 0.9136, VaLoss:  0.29052	 MAP NN | Acc: 0.9400 | Loss: 0.2077
283,  0 | TrAcc: 0.9224, TrLoss:  0.26712, VaAcc: 0.9072, VaLoss:  0.30534	 MAP NN | Acc: 0.9380 | Loss: 0.2038
284,  0 | TrAcc: 0.9150, TrLoss:  0.28022, VaAcc: 0.9148, VaLoss:  0.29991	 MAP NN | Acc: 0.9440 | Loss: 0.1942
285,  0 | TrAcc: 0.9092, TrLoss:  0.28252, VaAcc: 0.9104, VaLoss:  0.30948	 MAP NN | Acc: 0.9380 | Loss: 0.1970
286,  0 | TrAcc: 0.9114, TrLoss:  0.28955, VaAcc: 0.9060, VaLoss:  0.31158	 MAP NN | Acc: 0.9480 | Loss: 0.1926
287,  0 | TrAcc: 0.9176, TrLoss:  0.27798, VaAcc: 0.9168, VaLoss:  0.27931	 MAP NN | Acc: 0.9460 | Loss: 0.1936
288,  0 | TrAcc: 0.9259, TrLoss:  0.25683, VaAcc: 0.9028, VaLoss:  0.31207	 MAP NN | Acc: 0.9340 | Loss: 0.2007
289,  0 | TrAcc: 0.9194, TrLoss:  0.27260, VaAcc: 0.9144, VaLoss:  0.30005	 MAP NN | Acc: 0.9380 | Loss: 0.2080
290,  0 | TrAcc: 0.9255, TrLoss:  0.25418, VaAcc: 0.9048, VaLoss:  0.29495	 MAP NN | Acc: 0.9380 | Loss: 0.2132
291,  0 | TrAcc: 0.9255, TrLoss:  0.25244, VaAcc: 0.9056, VaLoss:  0.30934	 MAP NN | Acc: 0.9360 | Loss: 0.1997
292,  0 | TrAcc: 0.9118, TrLoss:  0.30059, VaAcc: 0.9172, VaLoss:  0.28224	 MAP NN | Acc: 0.9380 | Loss: 0.1967
293,  0 | TrAcc: 0.9270, TrLoss:  0.24782, VaAcc: 0.9020, VaLoss:  0.32152	 MAP NN | Acc: 0.9400 | Loss: 0.1947
294,  0 | TrAcc: 0.9071, TrLoss:  0.30291, VaAcc: 0.9088, VaLoss:  0.30044	 MAP NN | Acc: 0.9380 | Loss: 0.1946
295,  0 | TrAcc: 0.9129, TrLoss:  0.29756, VaAcc: 0.9048, VaLoss:  0.31330	 MAP NN | Acc: 0.9380 | Loss: 0.1966
296,  0 | TrAcc: 0.9267, TrLoss:  0.25170, VaAcc: 0.9164, VaLoss:  0.28945	 MAP NN | Acc: 0.9380 | Loss: 0.2006
297,  0 | TrAcc: 0.9184, TrLoss:  0.27186, VaAcc: 0.9136, VaLoss:  0.28193	 MAP NN | Acc: 0.9400 | Loss: 0.1986
298,  0 | TrAcc: 0.9256, TrLoss:  0.25671, VaAcc: 0.9120, VaLoss:  0.28638	 MAP NN | Acc: 0.9440 | Loss: 0.1921
299,  0 | TrAcc: 0.9212, TrLoss:  0.27375, VaAcc: 0.9120, VaLoss:  0.30296	 MAP NN | Acc: 0.9440 | Loss: 0.1896
300,  0 | TrAcc: 0.9237, TrLoss:  0.24730, VaAcc: 0.9128, VaLoss:  0.29710	 MAP NN | Acc: 0.9420 | Loss: 0.1910
301,  0 | TrAcc: 0.9349, TrLoss:  0.21523, VaAcc: 0.9096, VaLoss:  0.30017	 MAP NN | Acc: 0.9380 | Loss: 0.1937
302,  0 | TrAcc: 0.9218, TrLoss:  0.26310, VaAcc: 0.9188, VaLoss:  0.28354	 MAP NN | Acc: 0.9420 | Loss: 0.1948
303,  0 | TrAcc: 0.9163, TrLoss:  0.27791, VaAcc: 0.9140, VaLoss:  0.27894	 MAP NN | Acc: 0.9420 | Loss: 0.1984
304,  0 | TrAcc: 0.9295, TrLoss:  0.24129, VaAcc: 0.9132, VaLoss:  0.29106	 MAP NN | Acc: 0.9420 | Loss: 0.1897
305,  0 | TrAcc: 0.9286, TrLoss:  0.24953, VaAcc: 0.9104, VaLoss:  0.28810	 MAP NN | Acc: 0.9380 | Loss: 0.1960
306,  0 | TrAcc: 0.9263, TrLoss:  0.25254, VaAcc: 0.9092, VaLoss:  0.29621	 MAP NN | Acc: 0.9380 | Loss: 0.1967
307,  0 | TrAcc: 0.9231, TrLoss:  0.25603, VaAcc: 0.9128, VaLoss:  0.29293	 MAP NN | Acc: 0.9380 | Loss: 0.1936
308,  0 | TrAcc: 0.9113, TrLoss:  0.29872, VaAcc: 0.9052, VaLoss:  0.31418	 MAP NN | Acc: 0.9360 | Loss: 0.1920
309,  0 | TrAcc: 0.9224, TrLoss:  0.26337, VaAcc: 0.9136, VaLoss:  0.28058	 MAP NN | Acc: 0.9400 | Loss: 0.1956
310,  0 | TrAcc: 0.9116, TrLoss:  0.29233, VaAcc: 0.9032, VaLoss:  0.30925	 MAP NN | Acc: 0.9360 | Loss: 0.1932
311,  0 | TrAcc: 0.9235, TrLoss:  0.26198, VaAcc: 0.9076, VaLoss:  0.29455	 MAP NN | Acc: 0.9360 | Loss: 0.1983
312,  0 | TrAcc: 0.9345, TrLoss:  0.22215, VaAcc: 0.9184, VaLoss:  0.27108	 MAP NN | Acc: 0.9380 | Loss: 0.1946
313,  0 | TrAcc: 0.9206, TrLoss:  0.26908, VaAcc: 0.9172, VaLoss:  0.29404	 MAP NN | Acc: 0.9400 | Loss: 0.1888
314,  0 | TrAcc: 0.9230, TrLoss:  0.26799, VaAcc: 0.9196, VaLoss:  0.27183	 MAP NN | Acc: 0.9460 | Loss: 0.1864
315,  0 | TrAcc: 0.9171, TrLoss:  0.27289, VaAcc: 0.9192, VaLoss:  0.27612	 MAP NN | Acc: 0.9440 | Loss: 0.1866
316,  0 | TrAcc: 0.9234, TrLoss:  0.25970, VaAcc: 0.9140, VaLoss:  0.27896	 MAP NN | Acc: 0.9440 | Loss: 0.1817
317,  0 | TrAcc: 0.9307, TrLoss:  0.23732, VaAcc: 0.9124, VaLoss:  0.28325	 MAP NN | Acc: 0.9460 | Loss: 0.1761
318,  0 | TrAcc: 0.9236, TrLoss:  0.25226, VaAcc: 0.9044, VaLoss:  0.29731	 MAP NN | Acc: 0.9460 | Loss: 0.1781
319,  0 | TrAcc: 0.9188, TrLoss:  0.27345, VaAcc: 0.9184, VaLoss:  0.27650	 MAP NN | Acc: 0.9460 | Loss: 0.1738
320,  0 | TrAcc: 0.9307, TrLoss:  0.23672, VaAcc: 0.9180, VaLoss:  0.27211	 MAP NN | Acc: 0.9460 | Loss: 0.1757
321,  0 | TrAcc: 0.9277, TrLoss:  0.24478, VaAcc: 0.9148, VaLoss:  0.28721	 MAP NN | Acc: 0.9480 | Loss: 0.1763
322,  0 | TrAcc: 0.9354, TrLoss:  0.22986, VaAcc: 0.9116, VaLoss:  0.28488	 MAP NN | Acc: 0.9440 | Loss: 0.1783
323,  0 | TrAcc: 0.9313, TrLoss:  0.23665, VaAcc: 0.9196, VaLoss:  0.27528	 MAP NN | Acc: 0.9440 | Loss: 0.1772
324,  0 | TrAcc: 0.9285, TrLoss:  0.24566, VaAcc: 0.9260, VaLoss:  0.26458	 MAP NN | Acc: 0.9460 | Loss: 0.1793
325,  0 | TrAcc: 0.9343, TrLoss:  0.23069, VaAcc: 0.9140, VaLoss:  0.28654	 MAP NN | Acc: 0.9440 | Loss: 0.1809
326,  0 | TrAcc: 0.9124, TrLoss:  0.30950, VaAcc: 0.9120, VaLoss:  0.27882	 MAP NN | Acc: 0.9460 | Loss: 0.1795
327,  0 | TrAcc: 0.9232, TrLoss:  0.24404, VaAcc: 0.8992, VaLoss:  0.31282	 MAP NN | Acc: 0.9440 | Loss: 0.1853
328,  0 | TrAcc: 0.9399, TrLoss:  0.20199, VaAcc: 0.9196, VaLoss:  0.27976	 MAP NN | Acc: 0.9420 | Loss: 0.1859
329,  0 | TrAcc: 0.9201, TrLoss:  0.25839, VaAcc: 0.9228, VaLoss:  0.26556	 MAP NN | Acc: 0.9400 | Loss: 0.1874
330,  0 | TrAcc: 0.9270, TrLoss:  0.24113, VaAcc: 0.9208, VaLoss:  0.26861	 MAP NN | Acc: 0.9420 | Loss: 0.1894
331,  0 | TrAcc: 0.9227, TrLoss:  0.24885, VaAcc: 0.9036, VaLoss:  0.33366	 MAP NN | Acc: 0.9460 | Loss: 0.1930
332,  0 | TrAcc: 0.9233, TrLoss:  0.25154, VaAcc: 0.9160, VaLoss:  0.28191	 MAP NN | Acc: 0.9460 | Loss: 0.1892
333,  0 | TrAcc: 0.9336, TrLoss:  0.22978, VaAcc: 0.9172, VaLoss:  0.27637	 MAP NN | Acc: 0.9460 | Loss: 0.1861
334,  0 | TrAcc: 0.9345, TrLoss:  0.21440, VaAcc: 0.9248, VaLoss:  0.24428	 MAP NN | Acc: 0.9480 | Loss: 0.1783
335,  0 | TrAcc: 0.9302, TrLoss:  0.25681, VaAcc: 0.9180, VaLoss:  0.27640	 MAP NN | Acc: 0.9500 | Loss: 0.1797
336,  0 | TrAcc: 0.9256, TrLoss:  0.25166, VaAcc: 0.9172, VaLoss:  0.27437	 MAP NN | Acc: 0.9480 | Loss: 0.1778
337,  0 | TrAcc: 0.9160, TrLoss:  0.28258, VaAcc: 0.9260, VaLoss:  0.26643	 MAP NN | Acc: 0.9500 | Loss: 0.1801
338,  0 | TrAcc: 0.9317, TrLoss:  0.22611, VaAcc: 0.9104, VaLoss:  0.27514	 MAP NN | Acc: 0.9480 | Loss: 0.1855
339,  0 | TrAcc: 0.9231, TrLoss:  0.26100, VaAcc: 0.9184, VaLoss:  0.27283	 MAP NN | Acc: 0.9500 | Loss: 0.1772
340,  0 | TrAcc: 0.9317, TrLoss:  0.22623, VaAcc: 0.9240, VaLoss:  0.26863	 MAP NN | Acc: 0.9520 | Loss: 0.1741
341,  0 | TrAcc: 0.9252, TrLoss:  0.25144, VaAcc: 0.9244, VaLoss:  0.25698	 MAP NN | Acc: 0.9520 | Loss: 0.1800
342,  0 | TrAcc: 0.9274, TrLoss:  0.24383, VaAcc: 0.9124, VaLoss:  0.29775	 MAP NN | Acc: 0.9480 | Loss: 0.1808
343,  0 | TrAcc: 0.9297, TrLoss:  0.23546, VaAcc: 0.9196, VaLoss:  0.26585	 MAP NN | Acc: 0.9460 | Loss: 0.1786
344,  0 | TrAcc: 0.9347, TrLoss:  0.22459, VaAcc: 0.9200, VaLoss:  0.26577	 MAP NN | Acc: 0.9480 | Loss: 0.1773
345,  0 | TrAcc: 0.9383, TrLoss:  0.21634, VaAcc: 0.9144, VaLoss:  0.28364	 MAP NN | Acc: 0.9460 | Loss: 0.1760
346,  0 | TrAcc: 0.9336, TrLoss:  0.22629, VaAcc: 0.9248, VaLoss:  0.25891	 MAP NN | Acc: 0.9440 | Loss: 0.1794
347,  0 | TrAcc: 0.9209, TrLoss:  0.25847, VaAcc: 0.9220, VaLoss:  0.25545	 MAP NN | Acc: 0.9480 | Loss: 0.1776
348,  0 | TrAcc: 0.9238, TrLoss:  0.26073, VaAcc: 0.9328, VaLoss:  0.23387	 MAP NN | Acc: 0.9520 | Loss: 0.1721
349,  0 | TrAcc: 0.9383, TrLoss:  0.21801, VaAcc: 0.9156, VaLoss:  0.26711	 MAP NN | Acc: 0.9540 | Loss: 0.1728
350,  0 | TrAcc: 0.9322, TrLoss:  0.21765, VaAcc: 0.9172, VaLoss:  0.27899	 MAP NN | Acc: 0.9540 | Loss: 0.1732
351,  0 | TrAcc: 0.9341, TrLoss:  0.21125, VaAcc: 0.9208, VaLoss:  0.25352	 MAP NN | Acc: 0.9500 | Loss: 0.1712
352,  0 | TrAcc: 0.9282, TrLoss:  0.23420, VaAcc: 0.9204, VaLoss:  0.28072	 MAP NN | Acc: 0.9500 | Loss: 0.1685
353,  0 | TrAcc: 0.9300, TrLoss:  0.23438, VaAcc: 0.9104, VaLoss:  0.28240	 MAP NN | Acc: 0.9540 | Loss: 0.1701
354,  0 | TrAcc: 0.9349, TrLoss:  0.23084, VaAcc: 0.9212, VaLoss:  0.26523	 MAP NN | Acc: 0.9520 | Loss: 0.1722
355,  0 | TrAcc: 0.9362, TrLoss:  0.21014, VaAcc: 0.9048, VaLoss:  0.30820	 MAP NN | Acc: 0.9480 | Loss: 0.1663
356,  0 | TrAcc: 0.9325, TrLoss:  0.23243, VaAcc: 0.9304, VaLoss:  0.24190	 MAP NN | Acc: 0.9500 | Loss: 0.1689
357,  0 | TrAcc: 0.9222, TrLoss:  0.26367, VaAcc: 0.9212, VaLoss:  0.27191	 MAP NN | Acc: 0.9480 | Loss: 0.1671
358,  0 | TrAcc: 0.9190, TrLoss:  0.26322, VaAcc: 0.9200, VaLoss:  0.26317	 MAP NN | Acc: 0.9520 | Loss: 0.1685
359,  0 | TrAcc: 0.9281, TrLoss:  0.24949, VaAcc: 0.9116, VaLoss:  0.29486	 MAP NN | Acc: 0.9520 | Loss: 0.1704
360,  0 | TrAcc: 0.9303, TrLoss:  0.23646, VaAcc: 0.9232, VaLoss:  0.24891	 MAP NN | Acc: 0.9540 | Loss: 0.1672
361,  0 | TrAcc: 0.9227, TrLoss:  0.25678, VaAcc: 0.9220, VaLoss:  0.26206	 MAP NN | Acc: 0.9560 | Loss: 0.1637
362,  0 | TrAcc: 0.9272, TrLoss:  0.25759, VaAcc: 0.9204, VaLoss:  0.26644	 MAP NN | Acc: 0.9500 | Loss: 0.1678
363,  0 | TrAcc: 0.9285, TrLoss:  0.24284, VaAcc: 0.9220, VaLoss:  0.25719	 MAP NN | Acc: 0.9480 | Loss: 0.1771
364,  0 | TrAcc: 0.9313, TrLoss:  0.22788, VaAcc: 0.9208, VaLoss:  0.25231	 MAP NN | Acc: 0.9500 | Loss: 0.1700
365,  0 | TrAcc: 0.9308, TrLoss:  0.22850, VaAcc: 0.9244, VaLoss:  0.25892	 MAP NN | Acc: 0.9500 | Loss: 0.1682
366,  0 | TrAcc: 0.9283, TrLoss:  0.24419, VaAcc: 0.9176, VaLoss:  0.27979	 MAP NN | Acc: 0.9480 | Loss: 0.1654
367,  0 | TrAcc: 0.9371, TrLoss:  0.21527, VaAcc: 0.9264, VaLoss:  0.25177	 MAP NN | Acc: 0.9460 | Loss: 0.1639
368,  0 | TrAcc: 0.9428, TrLoss:  0.19147, VaAcc: 0.9284, VaLoss:  0.24609	 MAP NN | Acc: 0.9480 | Loss: 0.1633
369,  0 | TrAcc: 0.9290, TrLoss:  0.24115, VaAcc: 0.9232, VaLoss:  0.26656	 MAP NN | Acc: 0.9460 | Loss: 0.1612
370,  0 | TrAcc: 0.9333, TrLoss:  0.23505, VaAcc: 0.9252, VaLoss:  0.24918	 MAP NN | Acc: 0.9480 | Loss: 0.1638
371,  0 | TrAcc: 0.9342, TrLoss:  0.22502, VaAcc: 0.9168, VaLoss:  0.26905	 MAP NN | Acc: 0.9460 | Loss: 0.1712
372,  0 | TrAcc: 0.9270, TrLoss:  0.25988, VaAcc: 0.9248, VaLoss:  0.25487	 MAP NN | Acc: 0.9460 | Loss: 0.1776
373,  0 | TrAcc: 0.9263, TrLoss:  0.25035, VaAcc: 0.9192, VaLoss:  0.27624	 MAP NN | Acc: 0.9440 | Loss: 0.1696
374,  0 | TrAcc: 0.9241, TrLoss:  0.24565, VaAcc: 0.9160, VaLoss:  0.26697	 MAP NN | Acc: 0.9500 | Loss: 0.1665
375,  0 | TrAcc: 0.9203, TrLoss:  0.25335, VaAcc: 0.9216, VaLoss:  0.25224	 MAP NN | Acc: 0.9500 | Loss: 0.1650
376,  0 | TrAcc: 0.9382, TrLoss:  0.21302, VaAcc: 0.9268, VaLoss:  0.24665	 MAP NN | Acc: 0.9460 | Loss: 0.1649
377,  0 | TrAcc: 0.9408, TrLoss:  0.20660, VaAcc: 0.9192, VaLoss:  0.28083	 MAP NN | Acc: 0.9460 | Loss: 0.1701
378,  0 | TrAcc: 0.9235, TrLoss:  0.25051, VaAcc: 0.9168, VaLoss:  0.26918	 MAP NN | Acc: 0.9460 | Loss: 0.1714
379,  0 | TrAcc: 0.9243, TrLoss:  0.25408, VaAcc: 0.9292, VaLoss:  0.23348	 MAP NN | Acc: 0.9460 | Loss: 0.1716
380,  0 | TrAcc: 0.9298, TrLoss:  0.23607, VaAcc: 0.9256, VaLoss:  0.25456	 MAP NN | Acc: 0.9500 | Loss: 0.1724
381,  0 | TrAcc: 0.9264, TrLoss:  0.24576, VaAcc: 0.9172, VaLoss:  0.26200	 MAP NN | Acc: 0.9480 | Loss: 0.1693
382,  0 | TrAcc: 0.9350, TrLoss:  0.22893, VaAcc: 0.9232, VaLoss:  0.26413	 MAP NN | Acc: 0.9520 | Loss: 0.1692
383,  0 | TrAcc: 0.9330, TrLoss:  0.20700, VaAcc: 0.9212, VaLoss:  0.26007	 MAP NN | Acc: 0.9480 | Loss: 0.1700
384,  0 | TrAcc: 0.9310, TrLoss:  0.21681, VaAcc: 0.9136, VaLoss:  0.28512	 MAP NN | Acc: 0.9520 | Loss: 0.1719
385,  0 | TrAcc: 0.9266, TrLoss:  0.25140, VaAcc: 0.9276, VaLoss:  0.25605	 MAP NN | Acc: 0.9480 | Loss: 0.1701
386,  0 | TrAcc: 0.9349, TrLoss:  0.21460, VaAcc: 0.9228, VaLoss:  0.26232	 MAP NN | Acc: 0.9480 | Loss: 0.1752
387,  0 | TrAcc: 0.9369, TrLoss:  0.21396, VaAcc: 0.9208, VaLoss:  0.28006	 MAP NN | Acc: 0.9440 | Loss: 0.1730
388,  0 | TrAcc: 0.9263, TrLoss:  0.25495, VaAcc: 0.9340, VaLoss:  0.22433	 MAP NN | Acc: 0.9460 | Loss: 0.1771
389,  0 | TrAcc: 0.9394, TrLoss:  0.20770, VaAcc: 0.9176, VaLoss:  0.27641	 MAP NN | Acc: 0.9460 | Loss: 0.1773
390,  0 | TrAcc: 0.9376, TrLoss:  0.20880, VaAcc: 0.9228, VaLoss:  0.25656	 MAP NN | Acc: 0.9440 | Loss: 0.1748
391,  0 | TrAcc: 0.9332, TrLoss:  0.22814, VaAcc: 0.9324, VaLoss:  0.23672	 MAP NN | Acc: 0.9440 | Loss: 0.1736
392,  0 | TrAcc: 0.9374, TrLoss:  0.21369, VaAcc: 0.9256, VaLoss:  0.24470	 MAP NN | Acc: 0.9440 | Loss: 0.1728
393,  0 | TrAcc: 0.9434, TrLoss:  0.19364, VaAcc: 0.9320, VaLoss:  0.24481	 MAP NN | Acc: 0.9540 | Loss: 0.1684
394,  0 | TrAcc: 0.9395, TrLoss:  0.20968, VaAcc: 0.9308, VaLoss:  0.23734	 MAP NN | Acc: 0.9560 | Loss: 0.1622
395,  0 | TrAcc: 0.9346, TrLoss:  0.21947, VaAcc: 0.9412, VaLoss:  0.21654	 MAP NN | Acc: 0.9540 | Loss: 0.1646
396,  0 | TrAcc: 0.9316, TrLoss:  0.23548, VaAcc: 0.9144, VaLoss:  0.27487	 MAP NN | Acc: 0.9540 | Loss: 0.1645
397,  0 | TrAcc: 0.9347, TrLoss:  0.21754, VaAcc: 0.9188, VaLoss:  0.27025	 MAP NN | Acc: 0.9560 | Loss: 0.1641
398,  0 | TrAcc: 0.9356, TrLoss:  0.21443, VaAcc: 0.9180, VaLoss:  0.27396	 MAP NN | Acc: 0.9560 | Loss: 0.1641
399,  0 | TrAcc: 0.9383, TrLoss:  0.20379, VaAcc: 0.9244, VaLoss:  0.25446	 MAP NN | Acc: 0.9440 | Loss: 0.1669
400,  0 | TrAcc: 0.9367, TrLoss:  0.22139, VaAcc: 0.9160, VaLoss:  0.28634	 MAP NN | Acc: 0.9520 | Loss: 0.1708
401,  0 | TrAcc: 0.9336, TrLoss:  0.22832, VaAcc: 0.9280, VaLoss:  0.25562	 MAP NN | Acc: 0.9480 | Loss: 0.1687
402,  0 | TrAcc: 0.9286, TrLoss:  0.23043, VaAcc: 0.9396, VaLoss:  0.20815	 MAP NN | Acc: 0.9580 | Loss: 0.1664
403,  0 | TrAcc: 0.9338, TrLoss:  0.22402, VaAcc: 0.9176, VaLoss:  0.25846	 MAP NN | Acc: 0.9600 | Loss: 0.1632
404,  0 | TrAcc: 0.9325, TrLoss:  0.22620, VaAcc: 0.9204, VaLoss:  0.26434	 MAP NN | Acc: 0.9600 | Loss: 0.1607
405,  0 | TrAcc: 0.9306, TrLoss:  0.23310, VaAcc: 0.9288, VaLoss:  0.25458	 MAP NN | Acc: 0.9600 | Loss: 0.1590
406,  0 | TrAcc: 0.9330, TrLoss:  0.23162, VaAcc: 0.9284, VaLoss:  0.24663	 MAP NN | Acc: 0.9620 | Loss: 0.1569
407,  0 | TrAcc: 0.9330, TrLoss:  0.22456, VaAcc: 0.9336, VaLoss:  0.24007	 MAP NN | Acc: 0.9600 | Loss: 0.1513
408,  0 | TrAcc: 0.9395, TrLoss:  0.20732, VaAcc: 0.9212, VaLoss:  0.25476	 MAP NN | Acc: 0.9580 | Loss: 0.1503
409,  0 | TrAcc: 0.9458, TrLoss:  0.18876, VaAcc: 0.9288, VaLoss:  0.23493	 MAP NN | Acc: 0.9600 | Loss: 0.1533
410,  0 | TrAcc: 0.9353, TrLoss:  0.21716, VaAcc: 0.9232, VaLoss:  0.25501	 MAP NN | Acc: 0.9580 | Loss: 0.1511
411,  0 | TrAcc: 0.9392, TrLoss:  0.21322, VaAcc: 0.9284, VaLoss:  0.23157	 MAP NN | Acc: 0.9620 | Loss: 0.1487
412,  0 | TrAcc: 0.9289, TrLoss:  0.23761, VaAcc: 0.9204, VaLoss:  0.26762	 MAP NN | Acc: 0.9600 | Loss: 0.1531
413,  0 | TrAcc: 0.9303, TrLoss:  0.23129, VaAcc: 0.9200, VaLoss:  0.25983	 MAP NN | Acc: 0.9600 | Loss: 0.1540
414,  0 | TrAcc: 0.9386, TrLoss:  0.21865, VaAcc: 0.9252, VaLoss:  0.25343	 MAP NN | Acc: 0.9560 | Loss: 0.1560
415,  0 | TrAcc: 0.9333, TrLoss:  0.22281, VaAcc: 0.9248, VaLoss:  0.23663	 MAP NN | Acc: 0.9580 | Loss: 0.1525
416,  0 | TrAcc: 0.9297, TrLoss:  0.22425, VaAcc: 0.9264, VaLoss:  0.24909	 MAP NN | Acc: 0.9640 | Loss: 0.1438
417,  0 | TrAcc: 0.9424, TrLoss:  0.20686, VaAcc: 0.9252, VaLoss:  0.25579	 MAP NN | Acc: 0.9600 | Loss: 0.1455
418,  0 | TrAcc: 0.9332, TrLoss:  0.21843, VaAcc: 0.9268, VaLoss:  0.24505	 MAP NN | Acc: 0.9560 | Loss: 0.1407
419,  0 | TrAcc: 0.9398, TrLoss:  0.20975, VaAcc: 0.9204, VaLoss:  0.27132	 MAP NN | Acc: 0.9660 | Loss: 0.1346
420,  0 | TrAcc: 0.9426, TrLoss:  0.20217, VaAcc: 0.9332, VaLoss:  0.22743	 MAP NN | Acc: 0.9660 | Loss: 0.1353
421,  0 | TrAcc: 0.9404, TrLoss:  0.20316, VaAcc: 0.9348, VaLoss:  0.20632	 MAP NN | Acc: 0.9640 | Loss: 0.1394
422,  0 | TrAcc: 0.9259, TrLoss:  0.24497, VaAcc: 0.9268, VaLoss:  0.24900	 MAP NN | Acc: 0.9580 | Loss: 0.1422
423,  0 | TrAcc: 0.9320, TrLoss:  0.23132, VaAcc: 0.9380, VaLoss:  0.22048	 MAP NN | Acc: 0.9620 | Loss: 0.1430
424,  0 | TrAcc: 0.9338, TrLoss:  0.21785, VaAcc: 0.9264, VaLoss:  0.23747	 MAP NN | Acc: 0.9620 | Loss: 0.1425
425,  0 | TrAcc: 0.9402, TrLoss:  0.20298, VaAcc: 0.9316, VaLoss:  0.23773	 MAP NN | Acc: 0.9620 | Loss: 0.1470
426,  0 | TrAcc: 0.9425, TrLoss:  0.18985, VaAcc: 0.9376, VaLoss:  0.21905	 MAP NN | Acc: 0.9620 | Loss: 0.1438
427,  0 | TrAcc: 0.9380, TrLoss:  0.20239, VaAcc: 0.9268, VaLoss:  0.23487	 MAP NN | Acc: 0.9600 | Loss: 0.1542
428,  0 | TrAcc: 0.9386, TrLoss:  0.19770, VaAcc: 0.9280, VaLoss:  0.23875	 MAP NN | Acc: 0.9620 | Loss: 0.1516
429,  0 | TrAcc: 0.9370, TrLoss:  0.21439, VaAcc: 0.9296, VaLoss:  0.23847	 MAP NN | Acc: 0.9540 | Loss: 0.1485
430,  0 | TrAcc: 0.9412, TrLoss:  0.20258, VaAcc: 0.9336, VaLoss:  0.22853	 MAP NN | Acc: 0.9560 | Loss: 0.1546
431,  0 | TrAcc: 0.9437, TrLoss:  0.19657, VaAcc: 0.9252, VaLoss:  0.22883	 MAP NN | Acc: 0.9600 | Loss: 0.1543
432,  0 | TrAcc: 0.9430, TrLoss:  0.19367, VaAcc: 0.9288, VaLoss:  0.23172	 MAP NN | Acc: 0.9600 | Loss: 0.1423
433,  0 | TrAcc: 0.9407, TrLoss:  0.19637, VaAcc: 0.9268, VaLoss:  0.24285	 MAP NN | Acc: 0.9540 | Loss: 0.1468
434,  0 | TrAcc: 0.9465, TrLoss:  0.18104, VaAcc: 0.9248, VaLoss:  0.24779	 MAP NN | Acc: 0.9580 | Loss: 0.1463
435,  0 | TrAcc: 0.9377, TrLoss:  0.21446, VaAcc: 0.9304, VaLoss:  0.23515	 MAP NN | Acc: 0.9560 | Loss: 0.1425
436,  0 | TrAcc: 0.9431, TrLoss:  0.19598, VaAcc: 0.9268, VaLoss:  0.23931	 MAP NN | Acc: 0.9560 | Loss: 0.1462
437,  0 | TrAcc: 0.9361, TrLoss:  0.20839, VaAcc: 0.9268, VaLoss:  0.23997	 MAP NN | Acc: 0.9580 | Loss: 0.1440
438,  0 | TrAcc: 0.9377, TrLoss:  0.20924, VaAcc: 0.9296, VaLoss:  0.22358	 MAP NN | Acc: 0.9560 | Loss: 0.1443
439,  0 | TrAcc: 0.9387, TrLoss:  0.21482, VaAcc: 0.9296, VaLoss:  0.23541	 MAP NN | Acc: 0.9600 | Loss: 0.1386
440,  0 | TrAcc: 0.9409, TrLoss:  0.21241, VaAcc: 0.9264, VaLoss:  0.23237	 MAP NN | Acc: 0.9620 | Loss: 0.1361
441,  0 | TrAcc: 0.9289, TrLoss:  0.23332, VaAcc: 0.9364, VaLoss:  0.21844	 MAP NN | Acc: 0.9620 | Loss: 0.1370
442,  0 | TrAcc: 0.9243, TrLoss:  0.25973, VaAcc: 0.9280, VaLoss:  0.24157	 MAP NN | Acc: 0.9620 | Loss: 0.1365
443,  0 | TrAcc: 0.9361, TrLoss:  0.20117, VaAcc: 0.9292, VaLoss:  0.23853	 MAP NN | Acc: 0.9620 | Loss: 0.1341
444,  0 | TrAcc: 0.9325, TrLoss:  0.22594, VaAcc: 0.9288, VaLoss:  0.23800	 MAP NN | Acc: 0.9580 | Loss: 0.1333
445,  0 | TrAcc: 0.9304, TrLoss:  0.23009, VaAcc: 0.9388, VaLoss:  0.20668	 MAP NN | Acc: 0.9640 | Loss: 0.1320
446,  0 | TrAcc: 0.9445, TrLoss:  0.18065, VaAcc: 0.9348, VaLoss:  0.22620	 MAP NN | Acc: 0.9620 | Loss: 0.1343
447,  0 | TrAcc: 0.9432, TrLoss:  0.18979, VaAcc: 0.9240, VaLoss:  0.25700	 MAP NN | Acc: 0.9620 | Loss: 0.1368
448,  0 | TrAcc: 0.9427, TrLoss:  0.19331, VaAcc: 0.9352, VaLoss:  0.20991	 MAP NN | Acc: 0.9600 | Loss: 0.1362
449,  0 | TrAcc: 0.9399, TrLoss:  0.20164, VaAcc: 0.9244, VaLoss:  0.25323	 MAP NN | Acc: 0.9580 | Loss: 0.1406
450,  0 | TrAcc: 0.9315, TrLoss:  0.22562, VaAcc: 0.9320, VaLoss:  0.22006	 MAP NN | Acc: 0.9600 | Loss: 0.1448
451,  0 | TrAcc: 0.9294, TrLoss:  0.23170, VaAcc: 0.9280, VaLoss:  0.23631	 MAP NN | Acc: 0.9620 | Loss: 0.1417
452,  0 | TrAcc: 0.9317, TrLoss:  0.21583, VaAcc: 0.9192, VaLoss:  0.25387	 MAP NN | Acc: 0.9640 | Loss: 0.1434
453,  0 | TrAcc: 0.9410, TrLoss:  0.18877, VaAcc: 0.9304, VaLoss:  0.23629	 MAP NN | Acc: 0.9600 | Loss: 0.1420
454,  0 | TrAcc: 0.9389, TrLoss:  0.20308, VaAcc: 0.9364, VaLoss:  0.21432	 MAP NN | Acc: 0.9620 | Loss: 0.1392
455,  0 | TrAcc: 0.9354, TrLoss:  0.20964, VaAcc: 0.9332, VaLoss:  0.22434	 MAP NN | Acc: 0.9600 | Loss: 0.1471
456,  0 | TrAcc: 0.9503, TrLoss:  0.18218, VaAcc: 0.9360, VaLoss:  0.22096	 MAP NN | Acc: 0.9580 | Loss: 0.1461
457,  0 | TrAcc: 0.9281, TrLoss:  0.24366, VaAcc: 0.9324, VaLoss:  0.24093	 MAP NN | Acc: 0.9600 | Loss: 0.1446
458,  0 | TrAcc: 0.9378, TrLoss:  0.19271, VaAcc: 0.9324, VaLoss:  0.22985	 MAP NN | Acc: 0.9600 | Loss: 0.1447
459,  0 | TrAcc: 0.9409, TrLoss:  0.18996, VaAcc: 0.9372, VaLoss:  0.21955	 MAP NN | Acc: 0.9580 | Loss: 0.1474
460,  0 | TrAcc: 0.9398, TrLoss:  0.20805, VaAcc: 0.9320, VaLoss:  0.23191	 MAP NN | Acc: 0.9620 | Loss: 0.1435
461,  0 | TrAcc: 0.9460, TrLoss:  0.18292, VaAcc: 0.9356, VaLoss:  0.22475	 MAP NN | Acc: 0.9600 | Loss: 0.1448
462,  0 | TrAcc: 0.9395, TrLoss:  0.18333, VaAcc: 0.9336, VaLoss:  0.21386	 MAP NN | Acc: 0.9580 | Loss: 0.1460
463,  0 | TrAcc: 0.9450, TrLoss:  0.19660, VaAcc: 0.9260, VaLoss:  0.23572	 MAP NN | Acc: 0.9600 | Loss: 0.1494
464,  0 | TrAcc: 0.9376, TrLoss:  0.20674, VaAcc: 0.9336, VaLoss:  0.23076	 MAP NN | Acc: 0.9580 | Loss: 0.1459
465,  0 | TrAcc: 0.9388, TrLoss:  0.20493, VaAcc: 0.9344, VaLoss:  0.22537	 MAP NN | Acc: 0.9560 | Loss: 0.1477
466,  0 | TrAcc: 0.9342, TrLoss:  0.20909, VaAcc: 0.9368, VaLoss:  0.22676	 MAP NN | Acc: 0.9580 | Loss: 0.1539
467,  0 | TrAcc: 0.9389, TrLoss:  0.19984, VaAcc: 0.9316, VaLoss:  0.23372	 MAP NN | Acc: 0.9580 | Loss: 0.1595
468,  0 | TrAcc: 0.9450, TrLoss:  0.18382, VaAcc: 0.9304, VaLoss:  0.22206	 MAP NN | Acc: 0.9580 | Loss: 0.1557
469,  0 | TrAcc: 0.9436, TrLoss:  0.18478, VaAcc: 0.9316, VaLoss:  0.22651	 MAP NN | Acc: 0.9560 | Loss: 0.1542
470,  0 | TrAcc: 0.9362, TrLoss:  0.20946, VaAcc: 0.9292, VaLoss:  0.22295	 MAP NN | Acc: 0.9600 | Loss: 0.1535
471,  0 | TrAcc: 0.9431, TrLoss:  0.18849, VaAcc: 0.9340, VaLoss:  0.22334	 MAP NN | Acc: 0.9560 | Loss: 0.1540
472,  0 | TrAcc: 0.9351, TrLoss:  0.21523, VaAcc: 0.9380, VaLoss:  0.20983	 MAP NN | Acc: 0.9580 | Loss: 0.1459
473,  0 | TrAcc: 0.9406, TrLoss:  0.21527, VaAcc: 0.9320, VaLoss:  0.23397	 MAP NN | Acc: 0.9580 | Loss: 0.1459
474,  0 | TrAcc: 0.9437, TrLoss:  0.20346, VaAcc: 0.9268, VaLoss:  0.24778	 MAP NN | Acc: 0.9560 | Loss: 0.1439
475,  0 | TrAcc: 0.9450, TrLoss:  0.19026, VaAcc: 0.9300, VaLoss:  0.22909	 MAP NN | Acc: 0.9600 | Loss: 0.1442
476,  0 | TrAcc: 0.9344, TrLoss:  0.21457, VaAcc: 0.9352, VaLoss:  0.21452	 MAP NN | Acc: 0.9560 | Loss: 0.1454
477,  0 | TrAcc: 0.9330, TrLoss:  0.22478, VaAcc: 0.9284, VaLoss:  0.23076	 MAP NN | Acc: 0.9580 | Loss: 0.1421
478,  0 | TrAcc: 0.9385, TrLoss:  0.20155, VaAcc: 0.9356, VaLoss:  0.21922	 MAP NN | Acc: 0.9580 | Loss: 0.1396
479,  0 | TrAcc: 0.9362, TrLoss:  0.21407, VaAcc: 0.9380, VaLoss:  0.20469	 MAP NN | Acc: 0.9640 | Loss: 0.1423
480,  0 | TrAcc: 0.9396, TrLoss:  0.19744, VaAcc: 0.9348, VaLoss:  0.22423	 MAP NN | Acc: 0.9640 | Loss: 0.1414
481,  0 | TrAcc: 0.9387, TrLoss:  0.20220, VaAcc: 0.9296, VaLoss:  0.23069	 MAP NN | Acc: 0.9560 | Loss: 0.1465
482,  0 | TrAcc: 0.9312, TrLoss:  0.22695, VaAcc: 0.9412, VaLoss:  0.21181	 MAP NN | Acc: 0.9580 | Loss: 0.1425
483,  0 | TrAcc: 0.9507, TrLoss:  0.16396, VaAcc: 0.9228, VaLoss:  0.25733	 MAP NN | Acc: 0.9600 | Loss: 0.1449
484,  0 | TrAcc: 0.9372, TrLoss:  0.20214, VaAcc: 0.9348, VaLoss:  0.21370	 MAP NN | Acc: 0.9580 | Loss: 0.1483
485,  0 | TrAcc: 0.9453, TrLoss:  0.17437, VaAcc: 0.9304, VaLoss:  0.22705	 MAP NN | Acc: 0.9580 | Loss: 0.1485
486,  0 | TrAcc: 0.9316, TrLoss:  0.23538, VaAcc: 0.9360, VaLoss:  0.21020	 MAP NN | Acc: 0.9540 | Loss: 0.1491
487,  0 | TrAcc: 0.9408, TrLoss:  0.19678, VaAcc: 0.9352, VaLoss:  0.21596	 MAP NN | Acc: 0.9560 | Loss: 0.1467
488,  0 | TrAcc: 0.9387, TrLoss:  0.19626, VaAcc: 0.9332, VaLoss:  0.22373	 MAP NN | Acc: 0.9600 | Loss: 0.1460
489,  0 | TrAcc: 0.9446, TrLoss:  0.16876, VaAcc: 0.9348, VaLoss:  0.22685	 MAP NN | Acc: 0.9540 | Loss: 0.1451
490,  0 | TrAcc: 0.9482, TrLoss:  0.17283, VaAcc: 0.9376, VaLoss:  0.21631	 MAP NN | Acc: 0.9600 | Loss: 0.1425
491,  0 | TrAcc: 0.9506, TrLoss:  0.17538, VaAcc: 0.9388, VaLoss:  0.21480	 MAP NN | Acc: 0.9580 | Loss: 0.1463
492,  0 | TrAcc: 0.9469, TrLoss:  0.18224, VaAcc: 0.9292, VaLoss:  0.23500	 MAP NN | Acc: 0.9580 | Loss: 0.1476
493,  0 | TrAcc: 0.9468, TrLoss:  0.18078, VaAcc: 0.9304, VaLoss:  0.22647	 MAP NN | Acc: 0.9620 | Loss: 0.1469
494,  0 | TrAcc: 0.9468, TrLoss:  0.19186, VaAcc: 0.9384, VaLoss:  0.21677	 MAP NN | Acc: 0.9600 | Loss: 0.1537
495,  0 | TrAcc: 0.9415, TrLoss:  0.18999, VaAcc: 0.9348, VaLoss:  0.21491	 MAP NN | Acc: 0.9580 | Loss: 0.1539
496,  0 | TrAcc: 0.9417, TrLoss:  0.20229, VaAcc: 0.9412, VaLoss:  0.19282	 MAP NN | Acc: 0.9580 | Loss: 0.1480
497,  0 | TrAcc: 0.9413, TrLoss:  0.21055, VaAcc: 0.9376, VaLoss:  0.22763	 MAP NN | Acc: 0.9540 | Loss: 0.1542
498,  0 | TrAcc: 0.9471, TrLoss:  0.17830, VaAcc: 0.9368, VaLoss:  0.21516	 MAP NN | Acc: 0.9560 | Loss: 0.1539
499,  0 | TrAcc: 0.9361, TrLoss:  0.20743, VaAcc: 0.9376, VaLoss:  0.21000	 MAP NN | Acc: 0.9560 | Loss: 0.1533
