

config:

HOME=/clusterFS/home/student/kopp13
PATH=/clusterFS/home/student/kopp13/miniconda3/envs/tensorflow/bin:/clusterFS/home/student/kopp13/miniconda3/condabin:/clusterFS/home/student/kopp13/VarRNN/src/bin:/clusterFS/home/student/kopp13/miniconda3/bin:/clusterFS/home/student/kopp13/bin:/usr/local/bin:/usr/bin:/bin:/usr/local/games:/usr/games
LD_LIBRARY_PATH=:/usr/local/cuda-9.0/lib64
THEANO_FLAGS=floatX=float32,gpuarray.preallocate=0.9,dnn.library_path=/usr/lib/x86_64-linux-gnu,cxx=clang++-3.8,device=cuda,base_compiledir=/tmp/tmp.cnF0roi3Vx


=============================
CONFIG FILE

TRAINING CONFIG
{'algorithm': ['c_reparam', 'gste'],
 'batchnorm': {'modes': [], 'momentum': 0.98, 'tau': 1, 'type': 'none'},
 'dir_reg': 0.0,
 'ent_reg': 0.0,
 'learning_rate': 0.005,
 'learning_rate_tau': 1000,
 'mode': {'max_epochs': 1500, 'min_error': 0.0, 'name': 'classic'},
 'pretraining': {'enabled': True, 'path': 'm_model'},
 'task_id': 4,
 'tau': 10.0,
 'var_reg': 0.0}

DATA CONFIG
{'dataset': 'penstroke',
 'remove_bias': True,
 'te': {'in_seq_len': 40,
        'max_truncation': 5,
        'minibatch_enabled': True,
        'minibatch_size': 500},
 'tr': {'in_seq_len': 40,
        'max_truncation': 5,
        'minibatch_enabled': True,
        'minibatch_size': 1000},
 'va': {'in_seq_len': 40,
        'max_truncation': 5,
        'minibatch_enabled': True,
        'minibatch_size': 500}}

RNN CONFIG
{'act_disc': [],
 'data_multiplier': None,
 'gradient_clip_value': 0.5,
 'layer_configs': [{'layer_type': 'input'},
                   {'bc': {'init_m': 'zeros',
                           'init_v': -4.5,
                           'prior_m': 0.0,
                           'prior_v': 0.0,
                           'type': 'continuous'},
                    'bf': {'init_m': 'ones',
                           'init_v': -4.5,
                           'prior_m': 1.0,
                           'prior_v': 0.0,
                           'type': 'continuous'},
                    'bi': {'init_m': 'zeros',
                           'init_v': -4.5,
                           'prior_m': 0.0,
                           'prior_v': 0.0,
                           'type': 'continuous'},
                    'bo': {'init_m': 'zeros',
                           'init_v': -4.5,
                           'prior_m': 0.0,
                           'prior_v': 0.0,
                           'type': 'continuous'},
                    'discrete_act': [],
                    'layer_type': 'lstm',
                    'lr_adapt': False,
                    'parametrization': 'logits',
                    'tau': 10.0,
                    'var_scope': 'lstm_0',
                    'wc': {'p0max': 0.95,
                           'p0min': 0.05,
                           'parametrization': 'sigmoid',
                           'pmax': 0.99,
                           'pmin': 0.01,
                           'priors': [0.1, 0.8, 0.1],
                           'type': 'ternary'},
                    'wf': {'p0max': 0.95,
                           'p0min': 0.05,
                           'parametrization': 'sigmoid',
                           'pmax': 0.99,
                           'pmin': 0.01,
                           'priors': [0.1, 0.8, 0.1],
                           'type': 'ternary'},
                    'wi': {'p0max': 0.95,
                           'p0min': 0.05,
                           'parametrization': 'sigmoid',
                           'pmax': 0.99,
                           'pmin': 0.01,
                           'priors': [0.1, 0.8, 0.1],
                           'type': 'ternary'},
                    'wo': {'p0max': 0.95,
                           'p0min': 0.05,
                           'parametrization': 'sigmoid',
                           'pmax': 0.99,
                           'pmin': 0.01,
                           'priors': [0.1, 0.8, 0.1],
                           'type': 'ternary'}},
                   {'bc': {'init_m': 'zeros',
                           'init_v': -4.5,
                           'prior_m': 0.0,
                           'prior_v': 0.0,
                           'type': 'continuous'},
                    'bf': {'init_m': 'ones',
                           'init_v': -4.5,
                           'prior_m': 1.0,
                           'prior_v': 0.0,
                           'type': 'continuous'},
                    'bi': {'init_m': 'zeros',
                           'init_v': -4.5,
                           'prior_m': 0.0,
                           'prior_v': 0.0,
                           'type': 'continuous'},
                    'bo': {'init_m': 'zeros',
                           'init_v': -4.5,
                           'prior_m': 0.0,
                           'prior_v': 0.0,
                           'type': 'continuous'},
                    'discrete_act': [],
                    'layer_type': 'lstm',
                    'lr_adapt': False,
                    'parametrization': 'logits',
                    'tau': 10.0,
                    'var_scope': 'lstm_1',
                    'wc': {'p0max': 0.95,
                           'p0min': 0.05,
                           'parametrization': 'sigmoid',
                           'pmax': 0.99,
                           'pmin': 0.01,
                           'priors': [0.1, 0.8, 0.1],
                           'type': 'ternary'},
                    'wf': {'p0max': 0.95,
                           'p0min': 0.05,
                           'parametrization': 'sigmoid',
                           'pmax': 0.99,
                           'pmin': 0.01,
                           'priors': [0.1, 0.8, 0.1],
                           'type': 'ternary'},
                    'wi': {'p0max': 0.95,
                           'p0min': 0.05,
                           'parametrization': 'sigmoid',
                           'pmax': 0.99,
                           'pmin': 0.01,
                           'priors': [0.1, 0.8, 0.1],
                           'type': 'ternary'},
                    'wo': {'p0max': 0.95,
                           'p0min': 0.05,
                           'parametrization': 'sigmoid',
                           'pmax': 0.99,
                           'pmin': 0.01,
                           'priors': [0.1, 0.8, 0.1],
                           'type': 'ternary'}},
                   {'b': {'init_m': 'zeros',
                          'init_v': -4.5,
                          'prior_m': 0.0,
                          'prior_v': 0.0,
                          'type': 'continuous'},
                    'layer_type': 'fc',
                    'lr_adapt': False,
                    'parametrization': 'logits',
                    'regularization': {'mode': None, 'strength': 0.02},
                    'tau': 10.0,
                    'var_scope': 'output_layer',
                    'w': {'p0max': 0.95,
                          'p0min': 0.05,
                          'parametrization': 'sigmoid',
                          'pmax': 0.99,
                          'pmin': 0.01,
                          'priors': [0.1, 0.8, 0.1],
                          'type': 'ternary'}}],
 'layout': [4, 40, 40, 10],
 'output_type': 'classification'}
==============================


tr
(9940, 4, 40)
va
(2120, 4, 40)
te
(1780, 4, 40)
  0,  0 | TrAcc: 0.1760, TrLoss:  2.26761, VaAcc: 0.1628, VaLoss:  2.32387	 MAP NN | Acc: 0.1680 | Loss: 2.5493
  1,  0 | TrAcc: 0.2061, TrLoss:  2.20194, VaAcc: 0.1844, VaLoss:  2.20768	 MAP NN | Acc: 0.2068 | Loss: 2.2602
  2,  0 | TrAcc: 0.2527, TrLoss:  2.13365, VaAcc: 0.2148, VaLoss:  2.17384	 MAP NN | Acc: 0.2848 | Loss: 1.9140
  3,  0 | TrAcc: 0.2578, TrLoss:  2.08750, VaAcc: 0.2812, VaLoss:  2.02327	 MAP NN | Acc: 0.3824 | Loss: 1.7012
  4,  0 | TrAcc: 0.3106, TrLoss:  1.98547, VaAcc: 0.3200, VaLoss:  1.94447	 MAP NN | Acc: 0.4276 | Loss: 1.6013
  5,  0 | TrAcc: 0.3684, TrLoss:  1.87421, VaAcc: 0.3600, VaLoss:  1.86402	 MAP NN | Acc: 0.4584 | Loss: 1.5173
  6,  0 | TrAcc: 0.3523, TrLoss:  1.88297, VaAcc: 0.3984, VaLoss:  1.82604	 MAP NN | Acc: 0.4964 | Loss: 1.4930
  7,  0 | TrAcc: 0.3768, TrLoss:  1.86419, VaAcc: 0.3952, VaLoss:  1.80917	 MAP NN | Acc: 0.5144 | Loss: 1.4188
  8,  0 | TrAcc: 0.4468, TrLoss:  1.67040, VaAcc: 0.4156, VaLoss:  1.71138	 MAP NN | Acc: 0.5528 | Loss: 1.3588
  9,  0 | TrAcc: 0.4211, TrLoss:  1.67734, VaAcc: 0.4748, VaLoss:  1.62358	 MAP NN | Acc: 0.6104 | Loss: 1.2468
 10,  0 | TrAcc: 0.4554, TrLoss:  1.65652, VaAcc: 0.4924, VaLoss:  1.59853	 MAP NN | Acc: 0.6044 | Loss: 1.2142
 11,  0 | TrAcc: 0.4875, TrLoss:  1.57960, VaAcc: 0.5436, VaLoss:  1.53648	 MAP NN | Acc: 0.6728 | Loss: 1.1086
 12,  0 | TrAcc: 0.5220, TrLoss:  1.45556, VaAcc: 0.5456, VaLoss:  1.42135	 MAP NN | Acc: 0.6312 | Loss: 1.0605
 13,  0 | TrAcc: 0.5528, TrLoss:  1.42521, VaAcc: 0.5420, VaLoss:  1.45027	 MAP NN | Acc: 0.6712 | Loss: 1.0200
 14,  0 | TrAcc: 0.5985, TrLoss:  1.30709, VaAcc: 0.5628, VaLoss:  1.37546	 MAP NN | Acc: 0.7332 | Loss: 0.9180
 15,  0 | TrAcc: 0.5803, TrLoss:  1.33855, VaAcc: 0.5720, VaLoss:  1.36231	 MAP NN | Acc: 0.7712 | Loss: 0.8763
 16,  0 | TrAcc: 0.6112, TrLoss:  1.28979, VaAcc: 0.5652, VaLoss:  1.30125	 MAP NN | Acc: 0.7652 | Loss: 0.8258
 17,  0 | TrAcc: 0.6245, TrLoss:  1.20389, VaAcc: 0.5796, VaLoss:  1.29584	 MAP NN | Acc: 0.7552 | Loss: 0.9147
 18,  0 | TrAcc: 0.6560, TrLoss:  1.17585, VaAcc: 0.6380, VaLoss:  1.17312	 MAP NN | Acc: 0.7512 | Loss: 0.9456
 19,  0 | TrAcc: 0.6384, TrLoss:  1.15953, VaAcc: 0.6324, VaLoss:  1.19238	 MAP NN | Acc: 0.7592 | Loss: 0.8695
 20,  0 | TrAcc: 0.6708, TrLoss:  1.11048, VaAcc: 0.6664, VaLoss:  1.13433	 MAP NN | Acc: 0.7672 | Loss: 0.8827
 21,  0 | TrAcc: 0.6892, TrLoss:  1.03182, VaAcc: 0.6580, VaLoss:  1.18203	 MAP NN | Acc: 0.7532 | Loss: 0.8785
 22,  0 | TrAcc: 0.6910, TrLoss:  1.02134, VaAcc: 0.6340, VaLoss:  1.19146	 MAP NN | Acc: 0.7572 | Loss: 0.8587
 23,  0 | TrAcc: 0.6893, TrLoss:  1.04933, VaAcc: 0.6992, VaLoss:  1.03094	 MAP NN | Acc: 0.7772 | Loss: 0.8079
 24,  0 | TrAcc: 0.7053, TrLoss:  0.97545, VaAcc: 0.7092, VaLoss:  0.98293	 MAP NN | Acc: 0.7912 | Loss: 0.7937
 25,  0 | TrAcc: 0.7130, TrLoss:  0.99281, VaAcc: 0.7016, VaLoss:  1.02163	 MAP NN | Acc: 0.7772 | Loss: 0.8210
 26,  0 | TrAcc: 0.6909, TrLoss:  1.04069, VaAcc: 0.7108, VaLoss:  0.96561	 MAP NN | Acc: 0.7792 | Loss: 0.7786
 27,  0 | TrAcc: 0.7242, TrLoss:  0.94065, VaAcc: 0.7320, VaLoss:  0.92645	 MAP NN | Acc: 0.7932 | Loss: 0.7497
 28,  0 | TrAcc: 0.7050, TrLoss:  0.95484, VaAcc: 0.7208, VaLoss:  0.92640	 MAP NN | Acc: 0.7992 | Loss: 0.6999
 29,  0 | TrAcc: 0.6949, TrLoss:  0.97705, VaAcc: 0.7492, VaLoss:  0.89278	 MAP NN | Acc: 0.8132 | Loss: 0.6702
 30,  0 | TrAcc: 0.7301, TrLoss:  0.90771, VaAcc: 0.7452, VaLoss:  0.86777	 MAP NN | Acc: 0.7996 | Loss: 0.7039
 31,  0 | TrAcc: 0.7247, TrLoss:  0.92631, VaAcc: 0.7440, VaLoss:  0.88411	 MAP NN | Acc: 0.8032 | Loss: 0.6971
 32,  0 | TrAcc: 0.7548, TrLoss:  0.83066, VaAcc: 0.7188, VaLoss:  0.92694	 MAP NN | Acc: 0.8280 | Loss: 0.6534
 33,  0 | TrAcc: 0.7297, TrLoss:  0.92734, VaAcc: 0.7608, VaLoss:  0.82039	 MAP NN | Acc: 0.8452 | Loss: 0.6234
 34,  0 | TrAcc: 0.7808, TrLoss:  0.77526, VaAcc: 0.7276, VaLoss:  0.93085	 MAP NN | Acc: 0.8292 | Loss: 0.6313
 35,  0 | TrAcc: 0.7715, TrLoss:  0.77467, VaAcc: 0.7656, VaLoss:  0.84345	 MAP NN | Acc: 0.8192 | Loss: 0.6431
 36,  0 | TrAcc: 0.7412, TrLoss:  0.88410, VaAcc: 0.7676, VaLoss:  0.81057	 MAP NN | Acc: 0.8172 | Loss: 0.6263
 37,  0 | TrAcc: 0.7787, TrLoss:  0.75963, VaAcc: 0.7452, VaLoss:  0.87887	 MAP NN | Acc: 0.8260 | Loss: 0.6596
 38,  0 | TrAcc: 0.7866, TrLoss:  0.74754, VaAcc: 0.7848, VaLoss:  0.76905	 MAP NN | Acc: 0.8252 | Loss: 0.6890
 39,  0 | TrAcc: 0.7631, TrLoss:  0.81852, VaAcc: 0.7768, VaLoss:  0.78058	 MAP NN | Acc: 0.8232 | Loss: 0.6393
 40,  0 | TrAcc: 0.7822, TrLoss:  0.77431, VaAcc: 0.7864, VaLoss:  0.79169	 MAP NN | Acc: 0.8340 | Loss: 0.5982
 41,  0 | TrAcc: 0.7988, TrLoss:  0.71879, VaAcc: 0.7876, VaLoss:  0.76724	 MAP NN | Acc: 0.8292 | Loss: 0.5726
 42,  0 | TrAcc: 0.7779, TrLoss:  0.76914, VaAcc: 0.7832, VaLoss:  0.75803	 MAP NN | Acc: 0.8540 | Loss: 0.5545
 43,  0 | TrAcc: 0.7797, TrLoss:  0.73638, VaAcc: 0.7912, VaLoss:  0.74050	 MAP NN | Acc: 0.8480 | Loss: 0.5652
 44,  0 | TrAcc: 0.7924, TrLoss:  0.72232, VaAcc: 0.7660, VaLoss:  0.83032	 MAP NN | Acc: 0.8492 | Loss: 0.5660
 45,  0 | TrAcc: 0.7875, TrLoss:  0.70728, VaAcc: 0.8000, VaLoss:  0.72577	 MAP NN | Acc: 0.8620 | Loss: 0.5054
 46,  0 | TrAcc: 0.8138, TrLoss:  0.64733, VaAcc: 0.7796, VaLoss:  0.74846	 MAP NN | Acc: 0.8660 | Loss: 0.4900
 47,  0 | TrAcc: 0.8105, TrLoss:  0.66788, VaAcc: 0.7624, VaLoss:  0.82612	 MAP NN | Acc: 0.8620 | Loss: 0.5193
 48,  0 | TrAcc: 0.7843, TrLoss:  0.73245, VaAcc: 0.8020, VaLoss:  0.68637	 MAP NN | Acc: 0.8580 | Loss: 0.5424
 49,  0 | TrAcc: 0.7947, TrLoss:  0.69499, VaAcc: 0.7968, VaLoss:  0.69605	 MAP NN | Acc: 0.8540 | Loss: 0.5637
 50,  0 | TrAcc: 0.8108, TrLoss:  0.68416, VaAcc: 0.8004, VaLoss:  0.72160	 MAP NN | Acc: 0.8560 | Loss: 0.5256
 51,  0 | TrAcc: 0.8054, TrLoss:  0.67312, VaAcc: 0.7772, VaLoss:  0.77602	 MAP NN | Acc: 0.8620 | Loss: 0.5239
 52,  0 | TrAcc: 0.7955, TrLoss:  0.71057, VaAcc: 0.8032, VaLoss:  0.68457	 MAP NN | Acc: 0.8540 | Loss: 0.5284
 53,  0 | TrAcc: 0.7975, TrLoss:  0.69655, VaAcc: 0.8180, VaLoss:  0.65219	 MAP NN | Acc: 0.8620 | Loss: 0.5145
 54,  0 | TrAcc: 0.8054, TrLoss:  0.67784, VaAcc: 0.8108, VaLoss:  0.65630	 MAP NN | Acc: 0.8660 | Loss: 0.5136
 55,  0 | TrAcc: 0.8014, TrLoss:  0.68800, VaAcc: 0.7852, VaLoss:  0.71661	 MAP NN | Acc: 0.8520 | Loss: 0.5393
 56,  0 | TrAcc: 0.8359, TrLoss:  0.60411, VaAcc: 0.7844, VaLoss:  0.72738	 MAP NN | Acc: 0.8640 | Loss: 0.5209
 57,  0 | TrAcc: 0.8112, TrLoss:  0.65172, VaAcc: 0.8108, VaLoss:  0.66084	 MAP NN | Acc: 0.8520 | Loss: 0.5255
 58,  0 | TrAcc: 0.8148, TrLoss:  0.65883, VaAcc: 0.7860, VaLoss:  0.73558	 MAP NN | Acc: 0.8640 | Loss: 0.5165
 59,  0 | TrAcc: 0.8451, TrLoss:  0.55568, VaAcc: 0.8216, VaLoss:  0.64007	 MAP NN | Acc: 0.8600 | Loss: 0.5247
 60,  0 | TrAcc: 0.8177, TrLoss:  0.63011, VaAcc: 0.7864, VaLoss:  0.71976	 MAP NN | Acc: 0.8640 | Loss: 0.5098
 61,  0 | TrAcc: 0.8224, TrLoss:  0.63938, VaAcc: 0.7776, VaLoss:  0.73046	 MAP NN | Acc: 0.8680 | Loss: 0.5013
 62,  0 | TrAcc: 0.8088, TrLoss:  0.65671, VaAcc: 0.8108, VaLoss:  0.64667	 MAP NN | Acc: 0.8780 | Loss: 0.4949
 63,  0 | TrAcc: 0.8306, TrLoss:  0.60434, VaAcc: 0.8140, VaLoss:  0.65672	 MAP NN | Acc: 0.8660 | Loss: 0.4903
 64,  0 | TrAcc: 0.8317, TrLoss:  0.57891, VaAcc: 0.8120, VaLoss:  0.65620	 MAP NN | Acc: 0.8580 | Loss: 0.5093
 65,  0 | TrAcc: 0.8471, TrLoss:  0.56684, VaAcc: 0.8376, VaLoss:  0.60226	 MAP NN | Acc: 0.8760 | Loss: 0.5056
 66,  0 | TrAcc: 0.8358, TrLoss:  0.57128, VaAcc: 0.8412, VaLoss:  0.58562	 MAP NN | Acc: 0.8640 | Loss: 0.5115
 67,  0 | TrAcc: 0.8325, TrLoss:  0.57783, VaAcc: 0.8028, VaLoss:  0.63648	 MAP NN | Acc: 0.8600 | Loss: 0.4929
 68,  0 | TrAcc: 0.8346, TrLoss:  0.57926, VaAcc: 0.8252, VaLoss:  0.61199	 MAP NN | Acc: 0.8720 | Loss: 0.4831
 69,  0 | TrAcc: 0.8211, TrLoss:  0.61407, VaAcc: 0.8300, VaLoss:  0.62903	 MAP NN | Acc: 0.8720 | Loss: 0.4700
 70,  0 | TrAcc: 0.8467, TrLoss:  0.53572, VaAcc: 0.8180, VaLoss:  0.63194	 MAP NN | Acc: 0.8720 | Loss: 0.4638
 71,  0 | TrAcc: 0.8587, TrLoss:  0.50654, VaAcc: 0.8444, VaLoss:  0.56885	 MAP NN | Acc: 0.8700 | Loss: 0.4511
 72,  0 | TrAcc: 0.8595, TrLoss:  0.51378, VaAcc: 0.8344, VaLoss:  0.58627	 MAP NN | Acc: 0.8740 | Loss: 0.4413
 73,  0 | TrAcc: 0.8399, TrLoss:  0.57212, VaAcc: 0.8312, VaLoss:  0.60170	 MAP NN | Acc: 0.8800 | Loss: 0.4520
 74,  0 | TrAcc: 0.8444, TrLoss:  0.54764, VaAcc: 0.8344, VaLoss:  0.60184	 MAP NN | Acc: 0.8780 | Loss: 0.4540
 75,  0 | TrAcc: 0.8549, TrLoss:  0.51752, VaAcc: 0.8432, VaLoss:  0.55274	 MAP NN | Acc: 0.8740 | Loss: 0.4651
 76,  0 | TrAcc: 0.8540, TrLoss:  0.50923, VaAcc: 0.8212, VaLoss:  0.60032	 MAP NN | Acc: 0.8720 | Loss: 0.4740
 77,  0 | TrAcc: 0.8423, TrLoss:  0.53090, VaAcc: 0.8480, VaLoss:  0.55146	 MAP NN | Acc: 0.8800 | Loss: 0.4467
 78,  0 | TrAcc: 0.8417, TrLoss:  0.54757, VaAcc: 0.8340, VaLoss:  0.56415	 MAP NN | Acc: 0.8840 | Loss: 0.4393
 79,  0 | TrAcc: 0.8502, TrLoss:  0.50648, VaAcc: 0.8448, VaLoss:  0.57301	 MAP NN | Acc: 0.8780 | Loss: 0.4367
 80,  0 | TrAcc: 0.8418, TrLoss:  0.55699, VaAcc: 0.8336, VaLoss:  0.58365	 MAP NN | Acc: 0.8800 | Loss: 0.4430
 81,  0 | TrAcc: 0.8499, TrLoss:  0.51279, VaAcc: 0.8376, VaLoss:  0.56727	 MAP NN | Acc: 0.8880 | Loss: 0.4315
 82,  0 | TrAcc: 0.8424, TrLoss:  0.55500, VaAcc: 0.8300, VaLoss:  0.58923	 MAP NN | Acc: 0.8860 | Loss: 0.4312
 83,  0 | TrAcc: 0.8510, TrLoss:  0.51901, VaAcc: 0.8472, VaLoss:  0.53276	 MAP NN | Acc: 0.8820 | Loss: 0.4331
 84,  0 | TrAcc: 0.8614, TrLoss:  0.48210, VaAcc: 0.8444, VaLoss:  0.53775	 MAP NN | Acc: 0.8860 | Loss: 0.4344
 85,  0 | TrAcc: 0.8619, TrLoss:  0.49042, VaAcc: 0.8400, VaLoss:  0.55558	 MAP NN | Acc: 0.8780 | Loss: 0.4414
 86,  0 | TrAcc: 0.8578, TrLoss:  0.48293, VaAcc: 0.8504, VaLoss:  0.51967	 MAP NN | Acc: 0.8860 | Loss: 0.4320
 87,  0 | TrAcc: 0.8509, TrLoss:  0.51877, VaAcc: 0.8348, VaLoss:  0.57858	 MAP NN | Acc: 0.8960 | Loss: 0.4234
 88,  0 | TrAcc: 0.8481, TrLoss:  0.52263, VaAcc: 0.8524, VaLoss:  0.53128	 MAP NN | Acc: 0.8900 | Loss: 0.4319
 89,  0 | TrAcc: 0.8418, TrLoss:  0.55286, VaAcc: 0.8480, VaLoss:  0.52539	 MAP NN | Acc: 0.8860 | Loss: 0.4368
 90,  0 | TrAcc: 0.8585, TrLoss:  0.48911, VaAcc: 0.8420, VaLoss:  0.55558	 MAP NN | Acc: 0.8800 | Loss: 0.4286
 91,  0 | TrAcc: 0.8495, TrLoss:  0.51057, VaAcc: 0.8512, VaLoss:  0.52092	 MAP NN | Acc: 0.8860 | Loss: 0.4174
 92,  0 | TrAcc: 0.8440, TrLoss:  0.53716, VaAcc: 0.8260, VaLoss:  0.57858	 MAP NN | Acc: 0.8840 | Loss: 0.4331
 93,  0 | TrAcc: 0.8736, TrLoss:  0.46975, VaAcc: 0.8416, VaLoss:  0.53545	 MAP NN | Acc: 0.8840 | Loss: 0.4359
 94,  0 | TrAcc: 0.8673, TrLoss:  0.46957, VaAcc: 0.8500, VaLoss:  0.51489	 MAP NN | Acc: 0.8840 | Loss: 0.4185
 95,  0 | TrAcc: 0.8639, TrLoss:  0.47638, VaAcc: 0.8532, VaLoss:  0.51486	 MAP NN | Acc: 0.8820 | Loss: 0.4013
 96,  0 | TrAcc: 0.8454, TrLoss:  0.54239, VaAcc: 0.8464, VaLoss:  0.53934	 MAP NN | Acc: 0.8880 | Loss: 0.4035
 97,  0 | TrAcc: 0.8706, TrLoss:  0.44865, VaAcc: 0.8564, VaLoss:  0.50218	 MAP NN | Acc: 0.8920 | Loss: 0.3953
 98,  0 | TrAcc: 0.8669, TrLoss:  0.45735, VaAcc: 0.8556, VaLoss:  0.49537	 MAP NN | Acc: 0.8920 | Loss: 0.4029
 99,  0 | TrAcc: 0.8611, TrLoss:  0.48650, VaAcc: 0.8572, VaLoss:  0.49971	 MAP NN | Acc: 0.9040 | Loss: 0.3826
100,  0 | TrAcc: 0.8842, TrLoss:  0.41833, VaAcc: 0.8616, VaLoss:  0.48126	 MAP NN | Acc: 0.9040 | Loss: 0.3700
101,  0 | TrAcc: 0.8681, TrLoss:  0.47715, VaAcc: 0.8632, VaLoss:  0.46519	 MAP NN | Acc: 0.8920 | Loss: 0.3801
102,  0 | TrAcc: 0.8616, TrLoss:  0.46531, VaAcc: 0.8688, VaLoss:  0.47574	 MAP NN | Acc: 0.8860 | Loss: 0.3861
103,  0 | TrAcc: 0.8733, TrLoss:  0.43077, VaAcc: 0.8432, VaLoss:  0.50799	 MAP NN | Acc: 0.8880 | Loss: 0.3917
104,  0 | TrAcc: 0.8682, TrLoss:  0.45669, VaAcc: 0.8668, VaLoss:  0.46895	 MAP NN | Acc: 0.8880 | Loss: 0.3808
105,  0 | TrAcc: 0.8685, TrLoss:  0.45698, VaAcc: 0.8484, VaLoss:  0.52521	 MAP NN | Acc: 0.8940 | Loss: 0.3726
106,  0 | TrAcc: 0.8712, TrLoss:  0.46004, VaAcc: 0.8492, VaLoss:  0.53084	 MAP NN | Acc: 0.8880 | Loss: 0.3859
107,  0 | TrAcc: 0.8693, TrLoss:  0.46132, VaAcc: 0.8428, VaLoss:  0.52667	 MAP NN | Acc: 0.8900 | Loss: 0.3747
108,  0 | TrAcc: 0.8827, TrLoss:  0.41435, VaAcc: 0.8612, VaLoss:  0.49805	 MAP NN | Acc: 0.8900 | Loss: 0.3736
109,  0 | TrAcc: 0.8508, TrLoss:  0.50248, VaAcc: 0.8628, VaLoss:  0.49093	 MAP NN | Acc: 0.8900 | Loss: 0.3729
110,  0 | TrAcc: 0.8671, TrLoss:  0.47760, VaAcc: 0.8636, VaLoss:  0.47528	 MAP NN | Acc: 0.8920 | Loss: 0.3738
111,  0 | TrAcc: 0.8782, TrLoss:  0.41360, VaAcc: 0.8684, VaLoss:  0.46086	 MAP NN | Acc: 0.9020 | Loss: 0.3734
112,  0 | TrAcc: 0.8737, TrLoss:  0.44368, VaAcc: 0.8608, VaLoss:  0.48047	 MAP NN | Acc: 0.8980 | Loss: 0.3834
113,  0 | TrAcc: 0.8814, TrLoss:  0.40843, VaAcc: 0.8552, VaLoss:  0.49579	 MAP NN | Acc: 0.9040 | Loss: 0.3692
114,  0 | TrAcc: 0.8746, TrLoss:  0.45001, VaAcc: 0.8660, VaLoss:  0.48671	 MAP NN | Acc: 0.9020 | Loss: 0.3750
115,  0 | TrAcc: 0.8649, TrLoss:  0.46562, VaAcc: 0.8580, VaLoss:  0.47482	 MAP NN | Acc: 0.9060 | Loss: 0.3713
116,  0 | TrAcc: 0.8863, TrLoss:  0.41554, VaAcc: 0.8588, VaLoss:  0.47734	 MAP NN | Acc: 0.9120 | Loss: 0.3566
117,  0 | TrAcc: 0.8670, TrLoss:  0.45793, VaAcc: 0.8456, VaLoss:  0.51951	 MAP NN | Acc: 0.9100 | Loss: 0.3546
118,  0 | TrAcc: 0.8827, TrLoss:  0.40542, VaAcc: 0.8620, VaLoss:  0.47689	 MAP NN | Acc: 0.9040 | Loss: 0.3709
119,  0 | TrAcc: 0.8740, TrLoss:  0.42010, VaAcc: 0.8480, VaLoss:  0.49764	 MAP NN | Acc: 0.9040 | Loss: 0.3546
120,  0 | TrAcc: 0.8883, TrLoss:  0.40182, VaAcc: 0.8652, VaLoss:  0.45856	 MAP NN | Acc: 0.9100 | Loss: 0.3517
121,  0 | TrAcc: 0.8652, TrLoss:  0.45959, VaAcc: 0.8588, VaLoss:  0.47927	 MAP NN | Acc: 0.9120 | Loss: 0.3561
122,  0 | TrAcc: 0.8808, TrLoss:  0.40451, VaAcc: 0.8620, VaLoss:  0.46236	 MAP NN | Acc: 0.9140 | Loss: 0.3545
123,  0 | TrAcc: 0.8924, TrLoss:  0.37857, VaAcc: 0.8616, VaLoss:  0.47269	 MAP NN | Acc: 0.9140 | Loss: 0.3563
124,  0 | TrAcc: 0.8848, TrLoss:  0.40321, VaAcc: 0.8436, VaLoss:  0.52067	 MAP NN | Acc: 0.9160 | Loss: 0.3344
125,  0 | TrAcc: 0.8845, TrLoss:  0.39676, VaAcc: 0.8520, VaLoss:  0.50244	 MAP NN | Acc: 0.9140 | Loss: 0.3307
126,  0 | TrAcc: 0.8625, TrLoss:  0.45133, VaAcc: 0.8720, VaLoss:  0.44084	 MAP NN | Acc: 0.9180 | Loss: 0.3243
127,  0 | TrAcc: 0.8759, TrLoss:  0.42074, VaAcc: 0.8556, VaLoss:  0.48019	 MAP NN | Acc: 0.9080 | Loss: 0.3400
128,  0 | TrAcc: 0.8823, TrLoss:  0.41545, VaAcc: 0.8636, VaLoss:  0.45887	 MAP NN | Acc: 0.9160 | Loss: 0.3522
129,  0 | TrAcc: 0.8756, TrLoss:  0.43663, VaAcc: 0.8676, VaLoss:  0.46743	 MAP NN | Acc: 0.9000 | Loss: 0.3575
130,  0 | TrAcc: 0.8893, TrLoss:  0.38102, VaAcc: 0.8736, VaLoss:  0.43949	 MAP NN | Acc: 0.9020 | Loss: 0.3461
131,  0 | TrAcc: 0.8927, TrLoss:  0.36390, VaAcc: 0.8752, VaLoss:  0.41407	 MAP NN | Acc: 0.9080 | Loss: 0.3453
132,  0 | TrAcc: 0.8836, TrLoss:  0.39005, VaAcc: 0.8696, VaLoss:  0.45668	 MAP NN | Acc: 0.9140 | Loss: 0.3284
133,  0 | TrAcc: 0.8652, TrLoss:  0.44642, VaAcc: 0.8724, VaLoss:  0.44039	 MAP NN | Acc: 0.9080 | Loss: 0.3274
134,  0 | TrAcc: 0.8834, TrLoss:  0.38628, VaAcc: 0.8652, VaLoss:  0.44979	 MAP NN | Acc: 0.9100 | Loss: 0.3206
135,  0 | TrAcc: 0.8786, TrLoss:  0.40791, VaAcc: 0.8692, VaLoss:  0.46135	 MAP NN | Acc: 0.9100 | Loss: 0.3171
136,  0 | TrAcc: 0.8838, TrLoss:  0.40676, VaAcc: 0.8812, VaLoss:  0.42697	 MAP NN | Acc: 0.9160 | Loss: 0.3109
137,  0 | TrAcc: 0.8714, TrLoss:  0.41132, VaAcc: 0.8768, VaLoss:  0.44832	 MAP NN | Acc: 0.9160 | Loss: 0.3197
138,  0 | TrAcc: 0.8856, TrLoss:  0.37387, VaAcc: 0.8820, VaLoss:  0.42644	 MAP NN | Acc: 0.9140 | Loss: 0.3179
139,  0 | TrAcc: 0.8809, TrLoss:  0.40997, VaAcc: 0.8796, VaLoss:  0.40480	 MAP NN | Acc: 0.9180 | Loss: 0.3091
140,  0 | TrAcc: 0.8919, TrLoss:  0.38107, VaAcc: 0.8544, VaLoss:  0.48516	 MAP NN | Acc: 0.9160 | Loss: 0.3072
141,  0 | TrAcc: 0.8717, TrLoss:  0.42848, VaAcc: 0.8740, VaLoss:  0.44046	 MAP NN | Acc: 0.9140 | Loss: 0.3236
142,  0 | TrAcc: 0.8870, TrLoss:  0.38811, VaAcc: 0.8688, VaLoss:  0.44982	 MAP NN | Acc: 0.9160 | Loss: 0.3136
143,  0 | TrAcc: 0.8832, TrLoss:  0.40166, VaAcc: 0.8856, VaLoss:  0.40081	 MAP NN | Acc: 0.9180 | Loss: 0.2957
144,  0 | TrAcc: 0.8779, TrLoss:  0.41740, VaAcc: 0.8760, VaLoss:  0.42755	 MAP NN | Acc: 0.9200 | Loss: 0.2976
145,  0 | TrAcc: 0.8824, TrLoss:  0.38959, VaAcc: 0.8648, VaLoss:  0.45611	 MAP NN | Acc: 0.9180 | Loss: 0.2997
146,  0 | TrAcc: 0.8926, TrLoss:  0.36785, VaAcc: 0.8792, VaLoss:  0.40718	 MAP NN | Acc: 0.9220 | Loss: 0.3051
147,  0 | TrAcc: 0.8906, TrLoss:  0.36366, VaAcc: 0.8728, VaLoss:  0.43341	 MAP NN | Acc: 0.9200 | Loss: 0.3029
148,  0 | TrAcc: 0.8860, TrLoss:  0.39831, VaAcc: 0.8772, VaLoss:  0.42817	 MAP NN | Acc: 0.9140 | Loss: 0.3081
149,  0 | TrAcc: 0.8793, TrLoss:  0.42129, VaAcc: 0.8608, VaLoss:  0.49510	 MAP NN | Acc: 0.9100 | Loss: 0.3271
150,  0 | TrAcc: 0.8681, TrLoss:  0.42947, VaAcc: 0.8828, VaLoss:  0.39978	 MAP NN | Acc: 0.9080 | Loss: 0.3366
151,  0 | TrAcc: 0.8862, TrLoss:  0.38881, VaAcc: 0.8696, VaLoss:  0.44468	 MAP NN | Acc: 0.9120 | Loss: 0.3439
152,  0 | TrAcc: 0.8736, TrLoss:  0.42432, VaAcc: 0.8868, VaLoss:  0.39071	 MAP NN | Acc: 0.9120 | Loss: 0.3386
153,  0 | TrAcc: 0.8753, TrLoss:  0.42086, VaAcc: 0.8704, VaLoss:  0.44477	 MAP NN | Acc: 0.9140 | Loss: 0.3336
154,  0 | TrAcc: 0.8914, TrLoss:  0.37106, VaAcc: 0.8804, VaLoss:  0.42056	 MAP NN | Acc: 0.9160 | Loss: 0.3324
155,  0 | TrAcc: 0.8793, TrLoss:  0.38702, VaAcc: 0.8796, VaLoss:  0.42210	 MAP NN | Acc: 0.9160 | Loss: 0.3234
156,  0 | TrAcc: 0.8994, TrLoss:  0.34754, VaAcc: 0.8796, VaLoss:  0.40417	 MAP NN | Acc: 0.9140 | Loss: 0.3273
157,  0 | TrAcc: 0.8900, TrLoss:  0.36128, VaAcc: 0.8808, VaLoss:  0.39974	 MAP NN | Acc: 0.9160 | Loss: 0.3263
158,  0 | TrAcc: 0.8878, TrLoss:  0.37199, VaAcc: 0.8780, VaLoss:  0.40307	 MAP NN | Acc: 0.9080 | Loss: 0.3279
159,  0 | TrAcc: 0.8724, TrLoss:  0.42856, VaAcc: 0.8844, VaLoss:  0.41827	 MAP NN | Acc: 0.9120 | Loss: 0.3149
160,  0 | TrAcc: 0.8985, TrLoss:  0.35778, VaAcc: 0.8808, VaLoss:  0.39758	 MAP NN | Acc: 0.9160 | Loss: 0.3087
161,  0 | TrAcc: 0.8985, TrLoss:  0.34190, VaAcc: 0.8840, VaLoss:  0.39739	 MAP NN | Acc: 0.9160 | Loss: 0.2999
162,  0 | TrAcc: 0.9106, TrLoss:  0.31655, VaAcc: 0.8836, VaLoss:  0.38565	 MAP NN | Acc: 0.9160 | Loss: 0.3053
163,  0 | TrAcc: 0.8786, TrLoss:  0.40809, VaAcc: 0.8844, VaLoss:  0.39672	 MAP NN | Acc: 0.9160 | Loss: 0.2996
164,  0 | TrAcc: 0.8863, TrLoss:  0.37506, VaAcc: 0.8832, VaLoss:  0.41038	 MAP NN | Acc: 0.9200 | Loss: 0.2876
165,  0 | TrAcc: 0.8995, TrLoss:  0.33443, VaAcc: 0.8864, VaLoss:  0.39229	 MAP NN | Acc: 0.9140 | Loss: 0.2979
166,  0 | TrAcc: 0.8954, TrLoss:  0.33859, VaAcc: 0.8796, VaLoss:  0.39292	 MAP NN | Acc: 0.9120 | Loss: 0.3078
167,  0 | TrAcc: 0.8838, TrLoss:  0.38350, VaAcc: 0.8756, VaLoss:  0.43277	 MAP NN | Acc: 0.9120 | Loss: 0.3180
168,  0 | TrAcc: 0.8963, TrLoss:  0.34740, VaAcc: 0.8748, VaLoss:  0.42215	 MAP NN | Acc: 0.9100 | Loss: 0.3289
169,  0 | TrAcc: 0.8909, TrLoss:  0.36282, VaAcc: 0.8896, VaLoss:  0.38121	 MAP NN | Acc: 0.9140 | Loss: 0.3334
170,  0 | TrAcc: 0.8921, TrLoss:  0.36382, VaAcc: 0.8828, VaLoss:  0.40786	 MAP NN | Acc: 0.9200 | Loss: 0.3183
171,  0 | TrAcc: 0.8996, TrLoss:  0.33776, VaAcc: 0.8912, VaLoss:  0.36825	 MAP NN | Acc: 0.9220 | Loss: 0.3166
172,  0 | TrAcc: 0.8933, TrLoss:  0.34903, VaAcc: 0.8900, VaLoss:  0.36090	 MAP NN | Acc: 0.9220 | Loss: 0.2992
173,  0 | TrAcc: 0.9007, TrLoss:  0.33412, VaAcc: 0.8988, VaLoss:  0.34978	 MAP NN | Acc: 0.9200 | Loss: 0.2888
174,  0 | TrAcc: 0.9076, TrLoss:  0.32279, VaAcc: 0.8980, VaLoss:  0.36257	 MAP NN | Acc: 0.9200 | Loss: 0.2886
175,  0 | TrAcc: 0.8924, TrLoss:  0.34543, VaAcc: 0.8896, VaLoss:  0.37320	 MAP NN | Acc: 0.9160 | Loss: 0.2941
176,  0 | TrAcc: 0.9011, TrLoss:  0.33153, VaAcc: 0.8756, VaLoss:  0.40516	 MAP NN | Acc: 0.9120 | Loss: 0.3075
177,  0 | TrAcc: 0.9039, TrLoss:  0.31087, VaAcc: 0.8844, VaLoss:  0.41688	 MAP NN | Acc: 0.9220 | Loss: 0.2930
178,  0 | TrAcc: 0.9048, TrLoss:  0.33091, VaAcc: 0.8872, VaLoss:  0.38996	 MAP NN | Acc: 0.9180 | Loss: 0.2830
179,  0 | TrAcc: 0.9018, TrLoss:  0.33519, VaAcc: 0.8804, VaLoss:  0.38231	 MAP NN | Acc: 0.9180 | Loss: 0.3018
180,  0 | TrAcc: 0.8944, TrLoss:  0.35415, VaAcc: 0.8816, VaLoss:  0.40146	 MAP NN | Acc: 0.9160 | Loss: 0.3017
181,  0 | TrAcc: 0.8939, TrLoss:  0.36630, VaAcc: 0.8880, VaLoss:  0.38019	 MAP NN | Acc: 0.9140 | Loss: 0.3087
182,  0 | TrAcc: 0.9024, TrLoss:  0.33917, VaAcc: 0.8900, VaLoss:  0.39723	 MAP NN | Acc: 0.9160 | Loss: 0.3132
183,  0 | TrAcc: 0.8944, TrLoss:  0.34531, VaAcc: 0.8924, VaLoss:  0.38664	 MAP NN | Acc: 0.9160 | Loss: 0.3065
184,  0 | TrAcc: 0.9019, TrLoss:  0.34872, VaAcc: 0.8924, VaLoss:  0.37834	 MAP NN | Acc: 0.9100 | Loss: 0.3092
185,  0 | TrAcc: 0.9015, TrLoss:  0.34125, VaAcc: 0.8912, VaLoss:  0.36881	 MAP NN | Acc: 0.9160 | Loss: 0.2965
186,  0 | TrAcc: 0.9088, TrLoss:  0.31882, VaAcc: 0.8712, VaLoss:  0.43696	 MAP NN | Acc: 0.9200 | Loss: 0.2890
187,  0 | TrAcc: 0.8900, TrLoss:  0.38435, VaAcc: 0.8848, VaLoss:  0.39832	 MAP NN | Acc: 0.9220 | Loss: 0.2876
188,  0 | TrAcc: 0.9019, TrLoss:  0.32670, VaAcc: 0.8976, VaLoss:  0.36620	 MAP NN | Acc: 0.9240 | Loss: 0.2838
189,  0 | TrAcc: 0.8907, TrLoss:  0.35662, VaAcc: 0.8984, VaLoss:  0.36347	 MAP NN | Acc: 0.9200 | Loss: 0.2779
190,  0 | TrAcc: 0.9062, TrLoss:  0.32108, VaAcc: 0.8936, VaLoss:  0.36097	 MAP NN | Acc: 0.9200 | Loss: 0.2840
191,  0 | TrAcc: 0.9038, TrLoss:  0.32497, VaAcc: 0.8904, VaLoss:  0.35420	 MAP NN | Acc: 0.9200 | Loss: 0.2848
192,  0 | TrAcc: 0.9009, TrLoss:  0.35236, VaAcc: 0.8952, VaLoss:  0.37732	 MAP NN | Acc: 0.9300 | Loss: 0.2837
193,  0 | TrAcc: 0.9067, TrLoss:  0.31011, VaAcc: 0.8912, VaLoss:  0.38411	 MAP NN | Acc: 0.9280 | Loss: 0.2781
194,  0 | TrAcc: 0.9079, TrLoss:  0.31671, VaAcc: 0.8808, VaLoss:  0.39221	 MAP NN | Acc: 0.9260 | Loss: 0.2786
195,  0 | TrAcc: 0.9128, TrLoss:  0.28854, VaAcc: 0.8528, VaLoss:  0.48087	 MAP NN | Acc: 0.9220 | Loss: 0.2821
196,  0 | TrAcc: 0.8962, TrLoss:  0.34595, VaAcc: 0.8908, VaLoss:  0.37691	 MAP NN | Acc: 0.9220 | Loss: 0.2830
197,  0 | TrAcc: 0.9098, TrLoss:  0.31486, VaAcc: 0.8904, VaLoss:  0.37610	 MAP NN | Acc: 0.9200 | Loss: 0.2887
198,  0 | TrAcc: 0.8982, TrLoss:  0.33583, VaAcc: 0.8836, VaLoss:  0.37461	 MAP NN | Acc: 0.9200 | Loss: 0.2853
199,  0 | TrAcc: 0.8960, TrLoss:  0.34555, VaAcc: 0.8880, VaLoss:  0.37643	 MAP NN | Acc: 0.9220 | Loss: 0.2914
200,  0 | TrAcc: 0.8948, TrLoss:  0.34586, VaAcc: 0.8896, VaLoss:  0.36873	 MAP NN | Acc: 0.9160 | Loss: 0.2965
201,  0 | TrAcc: 0.9098, TrLoss:  0.29502, VaAcc: 0.8936, VaLoss:  0.36299	 MAP NN | Acc: 0.9200 | Loss: 0.2943
202,  0 | TrAcc: 0.9108, TrLoss:  0.30276, VaAcc: 0.8784, VaLoss:  0.40029	 MAP NN | Acc: 0.9220 | Loss: 0.2828
203,  0 | TrAcc: 0.9172, TrLoss:  0.28005, VaAcc: 0.8880, VaLoss:  0.37786	 MAP NN | Acc: 0.9320 | Loss: 0.2730
204,  0 | TrAcc: 0.9027, TrLoss:  0.31685, VaAcc: 0.8940, VaLoss:  0.36854	 MAP NN | Acc: 0.9240 | Loss: 0.2722
205,  0 | TrAcc: 0.9044, TrLoss:  0.30020, VaAcc: 0.8980, VaLoss:  0.35237	 MAP NN | Acc: 0.9340 | Loss: 0.2645
206,  0 | TrAcc: 0.9090, TrLoss:  0.29794, VaAcc: 0.8936, VaLoss:  0.36391	 MAP NN | Acc: 0.9340 | Loss: 0.2653
207,  0 | TrAcc: 0.8930, TrLoss:  0.35981, VaAcc: 0.8908, VaLoss:  0.36971	 MAP NN | Acc: 0.9320 | Loss: 0.2642
208,  0 | TrAcc: 0.9029, TrLoss:  0.31809, VaAcc: 0.9004, VaLoss:  0.34419	 MAP NN | Acc: 0.9400 | Loss: 0.2608
209,  0 | TrAcc: 0.8955, TrLoss:  0.34802, VaAcc: 0.8888, VaLoss:  0.39408	 MAP NN | Acc: 0.9340 | Loss: 0.2619
210,  0 | TrAcc: 0.9078, TrLoss:  0.31450, VaAcc: 0.8928, VaLoss:  0.35485	 MAP NN | Acc: 0.9300 | Loss: 0.2664
211,  0 | TrAcc: 0.8994, TrLoss:  0.31574, VaAcc: 0.8836, VaLoss:  0.39841	 MAP NN | Acc: 0.9320 | Loss: 0.2660
212,  0 | TrAcc: 0.9184, TrLoss:  0.28142, VaAcc: 0.8796, VaLoss:  0.38963	 MAP NN | Acc: 0.9300 | Loss: 0.2694
213,  0 | TrAcc: 0.8996, TrLoss:  0.33252, VaAcc: 0.8860, VaLoss:  0.38599	 MAP NN | Acc: 0.9300 | Loss: 0.2633
214,  0 | TrAcc: 0.9039, TrLoss:  0.30939, VaAcc: 0.8896, VaLoss:  0.37195	 MAP NN | Acc: 0.9280 | Loss: 0.2617
215,  0 | TrAcc: 0.9049, TrLoss:  0.31812, VaAcc: 0.8920, VaLoss:  0.37295	 MAP NN | Acc: 0.9320 | Loss: 0.2549
216,  0 | TrAcc: 0.8948, TrLoss:  0.35714, VaAcc: 0.8916, VaLoss:  0.36787	 MAP NN | Acc: 0.9360 | Loss: 0.2496
217,  0 | TrAcc: 0.9070, TrLoss:  0.31316, VaAcc: 0.8984, VaLoss:  0.34535	 MAP NN | Acc: 0.9420 | Loss: 0.2448
218,  0 | TrAcc: 0.9051, TrLoss:  0.30948, VaAcc: 0.8952, VaLoss:  0.36658	 MAP NN | Acc: 0.9360 | Loss: 0.2469
219,  0 | TrAcc: 0.9032, TrLoss:  0.31845, VaAcc: 0.8972, VaLoss:  0.34922	 MAP NN | Acc: 0.9340 | Loss: 0.2618
220,  0 | TrAcc: 0.9030, TrLoss:  0.31999, VaAcc: 0.8968, VaLoss:  0.34564	 MAP NN | Acc: 0.9300 | Loss: 0.2586
221,  0 | TrAcc: 0.9029, TrLoss:  0.33237, VaAcc: 0.8912, VaLoss:  0.36687	 MAP NN | Acc: 0.9300 | Loss: 0.2543
222,  0 | TrAcc: 0.8958, TrLoss:  0.33099, VaAcc: 0.8940, VaLoss:  0.35612	 MAP NN | Acc: 0.9360 | Loss: 0.2435
223,  0 | TrAcc: 0.9217, TrLoss:  0.25703, VaAcc: 0.8932, VaLoss:  0.34951	 MAP NN | Acc: 0.9360 | Loss: 0.2399
224,  0 | TrAcc: 0.9108, TrLoss:  0.29950, VaAcc: 0.9012, VaLoss:  0.34765	 MAP NN | Acc: 0.9280 | Loss: 0.2579
225,  0 | TrAcc: 0.9064, TrLoss:  0.32294, VaAcc: 0.8848, VaLoss:  0.38457	 MAP NN | Acc: 0.9340 | Loss: 0.2527
226,  0 | TrAcc: 0.9170, TrLoss:  0.27893, VaAcc: 0.8864, VaLoss:  0.37090	 MAP NN | Acc: 0.9320 | Loss: 0.2557
227,  0 | TrAcc: 0.9041, TrLoss:  0.32479, VaAcc: 0.9024, VaLoss:  0.33785	 MAP NN | Acc: 0.9340 | Loss: 0.2533
228,  0 | TrAcc: 0.9134, TrLoss:  0.29428, VaAcc: 0.8988, VaLoss:  0.33633	 MAP NN | Acc: 0.9360 | Loss: 0.2479
229,  0 | TrAcc: 0.9076, TrLoss:  0.31399, VaAcc: 0.8988, VaLoss:  0.34140	 MAP NN | Acc: 0.9380 | Loss: 0.2503
230,  0 | TrAcc: 0.9062, TrLoss:  0.31693, VaAcc: 0.9032, VaLoss:  0.32988	 MAP NN | Acc: 0.9380 | Loss: 0.2569
231,  0 | TrAcc: 0.9043, TrLoss:  0.30656, VaAcc: 0.8860, VaLoss:  0.37375	 MAP NN | Acc: 0.9320 | Loss: 0.2544
232,  0 | TrAcc: 0.8972, TrLoss:  0.32353, VaAcc: 0.8920, VaLoss:  0.35625	 MAP NN | Acc: 0.9340 | Loss: 0.2685
233,  0 | TrAcc: 0.9128, TrLoss:  0.30217, VaAcc: 0.8832, VaLoss:  0.36648	 MAP NN | Acc: 0.9280 | Loss: 0.2726
234,  0 | TrAcc: 0.9058, TrLoss:  0.31346, VaAcc: 0.8948, VaLoss:  0.35971	 MAP NN | Acc: 0.9220 | Loss: 0.2815
235,  0 | TrAcc: 0.9020, TrLoss:  0.32609, VaAcc: 0.9092, VaLoss:  0.31581	 MAP NN | Acc: 0.9360 | Loss: 0.2716
236,  0 | TrAcc: 0.9224, TrLoss:  0.25868, VaAcc: 0.8896, VaLoss:  0.36328	 MAP NN | Acc: 0.9280 | Loss: 0.2856
237,  0 | TrAcc: 0.9218, TrLoss:  0.26992, VaAcc: 0.8976, VaLoss:  0.32287	 MAP NN | Acc: 0.9320 | Loss: 0.2849
238,  0 | TrAcc: 0.9071, TrLoss:  0.30266, VaAcc: 0.8848, VaLoss:  0.39595	 MAP NN | Acc: 0.9360 | Loss: 0.2761
239,  0 | TrAcc: 0.9089, TrLoss:  0.31751, VaAcc: 0.8976, VaLoss:  0.33993	 MAP NN | Acc: 0.9280 | Loss: 0.2851
240,  0 | TrAcc: 0.9140, TrLoss:  0.27897, VaAcc: 0.9020, VaLoss:  0.34058	 MAP NN | Acc: 0.9300 | Loss: 0.2851
241,  0 | TrAcc: 0.9256, TrLoss:  0.26669, VaAcc: 0.9040, VaLoss:  0.31526	 MAP NN | Acc: 0.9220 | Loss: 0.2978
242,  0 | TrAcc: 0.9123, TrLoss:  0.30869, VaAcc: 0.8952, VaLoss:  0.35797	 MAP NN | Acc: 0.9320 | Loss: 0.2873
243,  0 | TrAcc: 0.9081, TrLoss:  0.30757, VaAcc: 0.8976, VaLoss:  0.34549	 MAP NN | Acc: 0.9300 | Loss: 0.2898
244,  0 | TrAcc: 0.9099, TrLoss:  0.29393, VaAcc: 0.9032, VaLoss:  0.32231	 MAP NN | Acc: 0.9340 | Loss: 0.2770
245,  0 | TrAcc: 0.9114, TrLoss:  0.30507, VaAcc: 0.9044, VaLoss:  0.33681	 MAP NN | Acc: 0.9360 | Loss: 0.2605
246,  0 | TrAcc: 0.9118, TrLoss:  0.29306, VaAcc: 0.9008, VaLoss:  0.32779	 MAP NN | Acc: 0.9300 | Loss: 0.2685
247,  0 | TrAcc: 0.9036, TrLoss:  0.31371, VaAcc: 0.9060, VaLoss:  0.31867	 MAP NN | Acc: 0.9320 | Loss: 0.2716
248,  0 | TrAcc: 0.9216, TrLoss:  0.26222, VaAcc: 0.9048, VaLoss:  0.32384	 MAP NN | Acc: 0.9320 | Loss: 0.2797
249,  0 | TrAcc: 0.9148, TrLoss:  0.29571, VaAcc: 0.8852, VaLoss:  0.37056	 MAP NN | Acc: 0.9360 | Loss: 0.2725
250,  0 | TrAcc: 0.9032, TrLoss:  0.31538, VaAcc: 0.8964, VaLoss:  0.36066	 MAP NN | Acc: 0.9340 | Loss: 0.2737
251,  0 | TrAcc: 0.9264, TrLoss:  0.25062, VaAcc: 0.8876, VaLoss:  0.39003	 MAP NN | Acc: 0.9340 | Loss: 0.2710
252,  0 | TrAcc: 0.9187, TrLoss:  0.27712, VaAcc: 0.8992, VaLoss:  0.34295	 MAP NN | Acc: 0.9300 | Loss: 0.2728
253,  0 | TrAcc: 0.9120, TrLoss:  0.29997, VaAcc: 0.9080, VaLoss:  0.31362	 MAP NN | Acc: 0.9320 | Loss: 0.2680
254,  0 | TrAcc: 0.9163, TrLoss:  0.26846, VaAcc: 0.9064, VaLoss:  0.32197	 MAP NN | Acc: 0.9280 | Loss: 0.2709
255,  0 | TrAcc: 0.9167, TrLoss:  0.28854, VaAcc: 0.8984, VaLoss:  0.33987	 MAP NN | Acc: 0.9340 | Loss: 0.2563
256,  0 | TrAcc: 0.9248, TrLoss:  0.25348, VaAcc: 0.9100, VaLoss:  0.30074	 MAP NN | Acc: 0.9380 | Loss: 0.2519
257,  0 | TrAcc: 0.9040, TrLoss:  0.30833, VaAcc: 0.9100, VaLoss:  0.31939	 MAP NN | Acc: 0.9380 | Loss: 0.2549
258,  0 | TrAcc: 0.9147, TrLoss:  0.28986, VaAcc: 0.9096, VaLoss:  0.32913	 MAP NN | Acc: 0.9340 | Loss: 0.2589
259,  0 | TrAcc: 0.9173, TrLoss:  0.27960, VaAcc: 0.9160, VaLoss:  0.28438	 MAP NN | Acc: 0.9340 | Loss: 0.2561
260,  0 | TrAcc: 0.9177, TrLoss:  0.28732, VaAcc: 0.9036, VaLoss:  0.34115	 MAP NN | Acc: 0.9380 | Loss: 0.2522
261,  0 | TrAcc: 0.9192, TrLoss:  0.27404, VaAcc: 0.9020, VaLoss:  0.33838	 MAP NN | Acc: 0.9400 | Loss: 0.2540
262,  0 | TrAcc: 0.9325, TrLoss:  0.22988, VaAcc: 0.9108, VaLoss:  0.29933	 MAP NN | Acc: 0.9380 | Loss: 0.2506
263,  0 | TrAcc: 0.9181, TrLoss:  0.26588, VaAcc: 0.9036, VaLoss:  0.33275	 MAP NN | Acc: 0.9400 | Loss: 0.2458
264,  0 | TrAcc: 0.9171, TrLoss:  0.26661, VaAcc: 0.9064, VaLoss:  0.31005	 MAP NN | Acc: 0.9420 | Loss: 0.2457
265,  0 | TrAcc: 0.9175, TrLoss:  0.27229, VaAcc: 0.9044, VaLoss:  0.33282	 MAP NN | Acc: 0.9400 | Loss: 0.2484
266,  0 | TrAcc: 0.9239, TrLoss:  0.25256, VaAcc: 0.9104, VaLoss:  0.29910	 MAP NN | Acc: 0.9380 | Loss: 0.2553
267,  0 | TrAcc: 0.9240, TrLoss:  0.24674, VaAcc: 0.9076, VaLoss:  0.31693	 MAP NN | Acc: 0.9400 | Loss: 0.2534
268,  0 | TrAcc: 0.9249, TrLoss:  0.24613, VaAcc: 0.8984, VaLoss:  0.31793	 MAP NN | Acc: 0.9320 | Loss: 0.2608
269,  0 | TrAcc: 0.9173, TrLoss:  0.28891, VaAcc: 0.9016, VaLoss:  0.31204	 MAP NN | Acc: 0.9400 | Loss: 0.2639
270,  0 | TrAcc: 0.9200, TrLoss:  0.25018, VaAcc: 0.8992, VaLoss:  0.33844	 MAP NN | Acc: 0.9400 | Loss: 0.2690
271,  0 | TrAcc: 0.9194, TrLoss:  0.26622, VaAcc: 0.9056, VaLoss:  0.33029	 MAP NN | Acc: 0.9380 | Loss: 0.2655
272,  0 | TrAcc: 0.9195, TrLoss:  0.26710, VaAcc: 0.8984, VaLoss:  0.34277	 MAP NN | Acc: 0.9360 | Loss: 0.2551
273,  0 | TrAcc: 0.9174, TrLoss:  0.26545, VaAcc: 0.8992, VaLoss:  0.33350	 MAP NN | Acc: 0.9440 | Loss: 0.2515
274,  0 | TrAcc: 0.9187, TrLoss:  0.26940, VaAcc: 0.9136, VaLoss:  0.30778	 MAP NN | Acc: 0.9400 | Loss: 0.2450
275,  0 | TrAcc: 0.9155, TrLoss:  0.27913, VaAcc: 0.8976, VaLoss:  0.34747	 MAP NN | Acc: 0.9340 | Loss: 0.2519
276,  0 | TrAcc: 0.9199, TrLoss:  0.27245, VaAcc: 0.8972, VaLoss:  0.34833	 MAP NN | Acc: 0.9320 | Loss: 0.2468
277,  0 | TrAcc: 0.9300, TrLoss:  0.24221, VaAcc: 0.9108, VaLoss:  0.32081	 MAP NN | Acc: 0.9300 | Loss: 0.2500
278,  0 | TrAcc: 0.9166, TrLoss:  0.27255, VaAcc: 0.8952, VaLoss:  0.34020	 MAP NN | Acc: 0.9340 | Loss: 0.2519
279,  0 | TrAcc: 0.9161, TrLoss:  0.27868, VaAcc: 0.8948, VaLoss:  0.33534	 MAP NN | Acc: 0.9360 | Loss: 0.2534
280,  0 | TrAcc: 0.9086, TrLoss:  0.29484, VaAcc: 0.9060, VaLoss:  0.29870	 MAP NN | Acc: 0.9300 | Loss: 0.2504
281,  0 | TrAcc: 0.9242, TrLoss:  0.24783, VaAcc: 0.9108, VaLoss:  0.31124	 MAP NN | Acc: 0.9360 | Loss: 0.2501
282,  0 | TrAcc: 0.9369, TrLoss:  0.21761, VaAcc: 0.9000, VaLoss:  0.32921	 MAP NN | Acc: 0.9380 | Loss: 0.2427
283,  0 | TrAcc: 0.9179, TrLoss:  0.25927, VaAcc: 0.9104, VaLoss:  0.29741	 MAP NN | Acc: 0.9340 | Loss: 0.2537
284,  0 | TrAcc: 0.9266, TrLoss:  0.24807, VaAcc: 0.9092, VaLoss:  0.30785	 MAP NN | Acc: 0.9300 | Loss: 0.2503
285,  0 | TrAcc: 0.9211, TrLoss:  0.25653, VaAcc: 0.9172, VaLoss:  0.28799	 MAP NN | Acc: 0.9320 | Loss: 0.2557
286,  0 | TrAcc: 0.9220, TrLoss:  0.26745, VaAcc: 0.9068, VaLoss:  0.32426	 MAP NN | Acc: 0.9320 | Loss: 0.2416
287,  0 | TrAcc: 0.9197, TrLoss:  0.27405, VaAcc: 0.9064, VaLoss:  0.30228	 MAP NN | Acc: 0.9320 | Loss: 0.2317
288,  0 | TrAcc: 0.9207, TrLoss:  0.25629, VaAcc: 0.9064, VaLoss:  0.32402	 MAP NN | Acc: 0.9340 | Loss: 0.2308
289,  0 | TrAcc: 0.9396, TrLoss:  0.20943, VaAcc: 0.9176, VaLoss:  0.30402	 MAP NN | Acc: 0.9340 | Loss: 0.2315
290,  0 | TrAcc: 0.9207, TrLoss:  0.27085, VaAcc: 0.9152, VaLoss:  0.29770	 MAP NN | Acc: 0.9340 | Loss: 0.2384
291,  0 | TrAcc: 0.9144, TrLoss:  0.28780, VaAcc: 0.9008, VaLoss:  0.33112	 MAP NN | Acc: 0.9300 | Loss: 0.2371
292,  0 | TrAcc: 0.9164, TrLoss:  0.27861, VaAcc: 0.9148, VaLoss:  0.29360	 MAP NN | Acc: 0.9320 | Loss: 0.2432
293,  0 | TrAcc: 0.9230, TrLoss:  0.26412, VaAcc: 0.9056, VaLoss:  0.31852	 MAP NN | Acc: 0.9260 | Loss: 0.2450
294,  0 | TrAcc: 0.9371, TrLoss:  0.21550, VaAcc: 0.9016, VaLoss:  0.32504	 MAP NN | Acc: 0.9260 | Loss: 0.2491
295,  0 | TrAcc: 0.9303, TrLoss:  0.23279, VaAcc: 0.9092, VaLoss:  0.30624	 MAP NN | Acc: 0.9240 | Loss: 0.2514
296,  0 | TrAcc: 0.9343, TrLoss:  0.22686, VaAcc: 0.9004, VaLoss:  0.33611	 MAP NN | Acc: 0.9240 | Loss: 0.2539
297,  0 | TrAcc: 0.9245, TrLoss:  0.25053, VaAcc: 0.9072, VaLoss:  0.33012	 MAP NN | Acc: 0.9240 | Loss: 0.2555
298,  0 | TrAcc: 0.9290, TrLoss:  0.23207, VaAcc: 0.9124, VaLoss:  0.29818	 MAP NN | Acc: 0.9280 | Loss: 0.2489
299,  0 | TrAcc: 0.9316, TrLoss:  0.23045, VaAcc: 0.9184, VaLoss:  0.28242	 MAP NN | Acc: 0.9300 | Loss: 0.2431
300,  0 | TrAcc: 0.9213, TrLoss:  0.24321, VaAcc: 0.9200, VaLoss:  0.27703	 MAP NN | Acc: 0.9320 | Loss: 0.2410
301,  0 | TrAcc: 0.9290, TrLoss:  0.24713, VaAcc: 0.9156, VaLoss:  0.29499	 MAP NN | Acc: 0.9340 | Loss: 0.2423
302,  0 | TrAcc: 0.9197, TrLoss:  0.26204, VaAcc: 0.9108, VaLoss:  0.31640	 MAP NN | Acc: 0.9320 | Loss: 0.2387
303,  0 | TrAcc: 0.9230, TrLoss:  0.25794, VaAcc: 0.9104, VaLoss:  0.30073	 MAP NN | Acc: 0.9320 | Loss: 0.2365
304,  0 | TrAcc: 0.9149, TrLoss:  0.28675, VaAcc: 0.9172, VaLoss:  0.28130	 MAP NN | Acc: 0.9320 | Loss: 0.2380
305,  0 | TrAcc: 0.9248, TrLoss:  0.24723, VaAcc: 0.9028, VaLoss:  0.31770	 MAP NN | Acc: 0.9340 | Loss: 0.2317
306,  0 | TrAcc: 0.9261, TrLoss:  0.24722, VaAcc: 0.9128, VaLoss:  0.30500	 MAP NN | Acc: 0.9360 | Loss: 0.2325
307,  0 | TrAcc: 0.9076, TrLoss:  0.29948, VaAcc: 0.9140, VaLoss:  0.30117	 MAP NN | Acc: 0.9340 | Loss: 0.2320
308,  0 | TrAcc: 0.9347, TrLoss:  0.20516, VaAcc: 0.8960, VaLoss:  0.33194	 MAP NN | Acc: 0.9320 | Loss: 0.2366
309,  0 | TrAcc: 0.9300, TrLoss:  0.23609, VaAcc: 0.9028, VaLoss:  0.31382	 MAP NN | Acc: 0.9360 | Loss: 0.2427
310,  0 | TrAcc: 0.9311, TrLoss:  0.23964, VaAcc: 0.9060, VaLoss:  0.31319	 MAP NN | Acc: 0.9340 | Loss: 0.2478
311,  0 | TrAcc: 0.9224, TrLoss:  0.26414, VaAcc: 0.9076, VaLoss:  0.30965	 MAP NN | Acc: 0.9380 | Loss: 0.2483
312,  0 | TrAcc: 0.9362, TrLoss:  0.22177, VaAcc: 0.9140, VaLoss:  0.29612	 MAP NN | Acc: 0.9360 | Loss: 0.2393
313,  0 | TrAcc: 0.9242, TrLoss:  0.27491, VaAcc: 0.9016, VaLoss:  0.35338	 MAP NN | Acc: 0.9260 | Loss: 0.2442
314,  0 | TrAcc: 0.9341, TrLoss:  0.24283, VaAcc: 0.9112, VaLoss:  0.29733	 MAP NN | Acc: 0.9300 | Loss: 0.2363
315,  0 | TrAcc: 0.9134, TrLoss:  0.30157, VaAcc: 0.9128, VaLoss:  0.28239	 MAP NN | Acc: 0.9360 | Loss: 0.2315
316,  0 | TrAcc: 0.9243, TrLoss:  0.25334, VaAcc: 0.9084, VaLoss:  0.30963	 MAP NN | Acc: 0.9420 | Loss: 0.2284
317,  0 | TrAcc: 0.9204, TrLoss:  0.27485, VaAcc: 0.9148, VaLoss:  0.28905	 MAP NN | Acc: 0.9380 | Loss: 0.2388
318,  0 | TrAcc: 0.9231, TrLoss:  0.25289, VaAcc: 0.9088, VaLoss:  0.29824	 MAP NN | Acc: 0.9260 | Loss: 0.2434
319,  0 | TrAcc: 0.9334, TrLoss:  0.23266, VaAcc: 0.9184, VaLoss:  0.26951	 MAP NN | Acc: 0.9320 | Loss: 0.2350
320,  0 | TrAcc: 0.9175, TrLoss:  0.27994, VaAcc: 0.9112, VaLoss:  0.29388	 MAP NN | Acc: 0.9300 | Loss: 0.2313
321,  0 | TrAcc: 0.9155, TrLoss:  0.28748, VaAcc: 0.9136, VaLoss:  0.28314	 MAP NN | Acc: 0.9380 | Loss: 0.2155
322,  0 | TrAcc: 0.9258, TrLoss:  0.24248, VaAcc: 0.9032, VaLoss:  0.31910	 MAP NN | Acc: 0.9380 | Loss: 0.2153
323,  0 | TrAcc: 0.9327, TrLoss:  0.22737, VaAcc: 0.9036, VaLoss:  0.31476	 MAP NN | Acc: 0.9400 | Loss: 0.2125
324,  0 | TrAcc: 0.9248, TrLoss:  0.25596, VaAcc: 0.9132, VaLoss:  0.27940	 MAP NN | Acc: 0.9380 | Loss: 0.2267
325,  0 | TrAcc: 0.9194, TrLoss:  0.27833, VaAcc: 0.9160, VaLoss:  0.27851	 MAP NN | Acc: 0.9400 | Loss: 0.2265
326,  0 | TrAcc: 0.9359, TrLoss:  0.23101, VaAcc: 0.9072, VaLoss:  0.30219	 MAP NN | Acc: 0.9360 | Loss: 0.2186
327,  0 | TrAcc: 0.9309, TrLoss:  0.22593, VaAcc: 0.9108, VaLoss:  0.28773	 MAP NN | Acc: 0.9320 | Loss: 0.2180
328,  0 | TrAcc: 0.9263, TrLoss:  0.24764, VaAcc: 0.9128, VaLoss:  0.28431	 MAP NN | Acc: 0.9360 | Loss: 0.2196
329,  0 | TrAcc: 0.9216, TrLoss:  0.26329, VaAcc: 0.9120, VaLoss:  0.28746	 MAP NN | Acc: 0.9340 | Loss: 0.2162
330,  0 | TrAcc: 0.9299, TrLoss:  0.23243, VaAcc: 0.9072, VaLoss:  0.31833	 MAP NN | Acc: 0.9320 | Loss: 0.2174
331,  0 | TrAcc: 0.9235, TrLoss:  0.25523, VaAcc: 0.9164, VaLoss:  0.30307	 MAP NN | Acc: 0.9360 | Loss: 0.2150
332,  0 | TrAcc: 0.9319, TrLoss:  0.24151, VaAcc: 0.9160, VaLoss:  0.28840	 MAP NN | Acc: 0.9380 | Loss: 0.2108
333,  0 | TrAcc: 0.9239, TrLoss:  0.27386, VaAcc: 0.9188, VaLoss:  0.28324	 MAP NN | Acc: 0.9340 | Loss: 0.2064
334,  0 | TrAcc: 0.9193, TrLoss:  0.28842, VaAcc: 0.9184, VaLoss:  0.29299	 MAP NN | Acc: 0.9360 | Loss: 0.2073
335,  0 | TrAcc: 0.9343, TrLoss:  0.22282, VaAcc: 0.9140, VaLoss:  0.29895	 MAP NN | Acc: 0.9400 | Loss: 0.2084
336,  0 | TrAcc: 0.9309, TrLoss:  0.22673, VaAcc: 0.9172, VaLoss:  0.28619	 MAP NN | Acc: 0.9380 | Loss: 0.2074
337,  0 | TrAcc: 0.9345, TrLoss:  0.22033, VaAcc: 0.9168, VaLoss:  0.27789	 MAP NN | Acc: 0.9380 | Loss: 0.2046
338,  0 | TrAcc: 0.9329, TrLoss:  0.22906, VaAcc: 0.9104, VaLoss:  0.29942	 MAP NN | Acc: 0.9380 | Loss: 0.2027
339,  0 | TrAcc: 0.9225, TrLoss:  0.24908, VaAcc: 0.9208, VaLoss:  0.29029	 MAP NN | Acc: 0.9360 | Loss: 0.2180
340,  0 | TrAcc: 0.9269, TrLoss:  0.23590, VaAcc: 0.9080, VaLoss:  0.33961	 MAP NN | Acc: 0.9340 | Loss: 0.2127
341,  0 | TrAcc: 0.9341, TrLoss:  0.22329, VaAcc: 0.9068, VaLoss:  0.29535	 MAP NN | Acc: 0.9340 | Loss: 0.2061
342,  0 | TrAcc: 0.9406, TrLoss:  0.20381, VaAcc: 0.9152, VaLoss:  0.29301	 MAP NN | Acc: 0.9380 | Loss: 0.2116
343,  0 | TrAcc: 0.9372, TrLoss:  0.20845, VaAcc: 0.9144, VaLoss:  0.29168	 MAP NN | Acc: 0.9340 | Loss: 0.2227
344,  0 | TrAcc: 0.9311, TrLoss:  0.22658, VaAcc: 0.9204, VaLoss:  0.26882	 MAP NN | Acc: 0.9360 | Loss: 0.2223
345,  0 | TrAcc: 0.9383, TrLoss:  0.20027, VaAcc: 0.9132, VaLoss:  0.28990	 MAP NN | Acc: 0.9340 | Loss: 0.2277
346,  0 | TrAcc: 0.9324, TrLoss:  0.22896, VaAcc: 0.9040, VaLoss:  0.34463	 MAP NN | Acc: 0.9320 | Loss: 0.2309
347,  0 | TrAcc: 0.9257, TrLoss:  0.24471, VaAcc: 0.9044, VaLoss:  0.34005	 MAP NN | Acc: 0.9320 | Loss: 0.2343
348,  0 | TrAcc: 0.9382, TrLoss:  0.20507, VaAcc: 0.9120, VaLoss:  0.30191	 MAP NN | Acc: 0.9340 | Loss: 0.2318
349,  0 | TrAcc: 0.9310, TrLoss:  0.23376, VaAcc: 0.9140, VaLoss:  0.29495	 MAP NN | Acc: 0.9260 | Loss: 0.2369
350,  0 | TrAcc: 0.9306, TrLoss:  0.23663, VaAcc: 0.9176, VaLoss:  0.28506	 MAP NN | Acc: 0.9280 | Loss: 0.2421
351,  0 | TrAcc: 0.9286, TrLoss:  0.24711, VaAcc: 0.9248, VaLoss:  0.28374	 MAP NN | Acc: 0.9360 | Loss: 0.2297
352,  0 | TrAcc: 0.9304, TrLoss:  0.23455, VaAcc: 0.9204, VaLoss:  0.28094	 MAP NN | Acc: 0.9400 | Loss: 0.2169
353,  0 | TrAcc: 0.9332, TrLoss:  0.21956, VaAcc: 0.9188, VaLoss:  0.27289	 MAP NN | Acc: 0.9440 | Loss: 0.2053
354,  0 | TrAcc: 0.9292, TrLoss:  0.23869, VaAcc: 0.9116, VaLoss:  0.30671	 MAP NN | Acc: 0.9400 | Loss: 0.2059
355,  0 | TrAcc: 0.9292, TrLoss:  0.25395, VaAcc: 0.9200, VaLoss:  0.27526	 MAP NN | Acc: 0.9380 | Loss: 0.1990
356,  0 | TrAcc: 0.9345, TrLoss:  0.21041, VaAcc: 0.9132, VaLoss:  0.29171	 MAP NN | Acc: 0.9400 | Loss: 0.1942
357,  0 | TrAcc: 0.9305, TrLoss:  0.23009, VaAcc: 0.9208, VaLoss:  0.29003	 MAP NN | Acc: 0.9400 | Loss: 0.1921
358,  0 | TrAcc: 0.9201, TrLoss:  0.27042, VaAcc: 0.9036, VaLoss:  0.32455	 MAP NN | Acc: 0.9400 | Loss: 0.2012
359,  0 | TrAcc: 0.9274, TrLoss:  0.24184, VaAcc: 0.9064, VaLoss:  0.29823	 MAP NN | Acc: 0.9360 | Loss: 0.2112
360,  0 | TrAcc: 0.9275, TrLoss:  0.23959, VaAcc: 0.9084, VaLoss:  0.29186	 MAP NN | Acc: 0.9280 | Loss: 0.2214
361,  0 | TrAcc: 0.9439, TrLoss:  0.18692, VaAcc: 0.9216, VaLoss:  0.26293	 MAP NN | Acc: 0.9340 | Loss: 0.2134
362,  0 | TrAcc: 0.9364, TrLoss:  0.21448, VaAcc: 0.9128, VaLoss:  0.29749	 MAP NN | Acc: 0.9320 | Loss: 0.2164
363,  0 | TrAcc: 0.9275, TrLoss:  0.24801, VaAcc: 0.9156, VaLoss:  0.28427	 MAP NN | Acc: 0.9420 | Loss: 0.2090
364,  0 | TrAcc: 0.9383, TrLoss:  0.20919, VaAcc: 0.9212, VaLoss:  0.26945	 MAP NN | Acc: 0.9380 | Loss: 0.2139
365,  0 | TrAcc: 0.9432, TrLoss:  0.19298, VaAcc: 0.9196, VaLoss:  0.29562	 MAP NN | Acc: 0.9420 | Loss: 0.2077
366,  0 | TrAcc: 0.9412, TrLoss:  0.20500, VaAcc: 0.9228, VaLoss:  0.26479	 MAP NN | Acc: 0.9340 | Loss: 0.2102
367,  0 | TrAcc: 0.9381, TrLoss:  0.20881, VaAcc: 0.9224, VaLoss:  0.26623	 MAP NN | Acc: 0.9400 | Loss: 0.2054
368,  0 | TrAcc: 0.9309, TrLoss:  0.22361, VaAcc: 0.9180, VaLoss:  0.27296	 MAP NN | Acc: 0.9400 | Loss: 0.2154
369,  0 | TrAcc: 0.9269, TrLoss:  0.24482, VaAcc: 0.9168, VaLoss:  0.28870	 MAP NN | Acc: 0.9360 | Loss: 0.2282
370,  0 | TrAcc: 0.9269, TrLoss:  0.25122, VaAcc: 0.9244, VaLoss:  0.26713	 MAP NN | Acc: 0.9320 | Loss: 0.2423
371,  0 | TrAcc: 0.9359, TrLoss:  0.20259, VaAcc: 0.9244, VaLoss:  0.25414	 MAP NN | Acc: 0.9320 | Loss: 0.2411
372,  0 | TrAcc: 0.9319, TrLoss:  0.22045, VaAcc: 0.9048, VaLoss:  0.32953	 MAP NN | Acc: 0.9340 | Loss: 0.2297
373,  0 | TrAcc: 0.9263, TrLoss:  0.26207, VaAcc: 0.9184, VaLoss:  0.27995	 MAP NN | Acc: 0.9360 | Loss: 0.2114
374,  0 | TrAcc: 0.9241, TrLoss:  0.25345, VaAcc: 0.9224, VaLoss:  0.25588	 MAP NN | Acc: 0.9340 | Loss: 0.2183
375,  0 | TrAcc: 0.9278, TrLoss:  0.22868, VaAcc: 0.9136, VaLoss:  0.29870	 MAP NN | Acc: 0.9300 | Loss: 0.2116
376,  0 | TrAcc: 0.9300, TrLoss:  0.23081, VaAcc: 0.9260, VaLoss:  0.25361	 MAP NN | Acc: 0.9360 | Loss: 0.2117
377,  0 | TrAcc: 0.9314, TrLoss:  0.22922, VaAcc: 0.9212, VaLoss:  0.25988	 MAP NN | Acc: 0.9360 | Loss: 0.2126
378,  0 | TrAcc: 0.9315, TrLoss:  0.22246, VaAcc: 0.9236, VaLoss:  0.26679	 MAP NN | Acc: 0.9400 | Loss: 0.2152
379,  0 | TrAcc: 0.9354, TrLoss:  0.21329, VaAcc: 0.9264, VaLoss:  0.25444	 MAP NN | Acc: 0.9380 | Loss: 0.2144
380,  0 | TrAcc: 0.9185, TrLoss:  0.27692, VaAcc: 0.9260, VaLoss:  0.25266	 MAP NN | Acc: 0.9360 | Loss: 0.2097
381,  0 | TrAcc: 0.9420, TrLoss:  0.19729, VaAcc: 0.9152, VaLoss:  0.28063	 MAP NN | Acc: 0.9420 | Loss: 0.2101
382,  0 | TrAcc: 0.9336, TrLoss:  0.21953, VaAcc: 0.9168, VaLoss:  0.27563	 MAP NN | Acc: 0.9420 | Loss: 0.2065
383,  0 | TrAcc: 0.9268, TrLoss:  0.23135, VaAcc: 0.9228, VaLoss:  0.25818	 MAP NN | Acc: 0.9400 | Loss: 0.2073
384,  0 | TrAcc: 0.9224, TrLoss:  0.25590, VaAcc: 0.9180, VaLoss:  0.27847	 MAP NN | Acc: 0.9400 | Loss: 0.2110
385,  0 | TrAcc: 0.9354, TrLoss:  0.21933, VaAcc: 0.9288, VaLoss:  0.24945	 MAP NN | Acc: 0.9340 | Loss: 0.2210
386,  0 | TrAcc: 0.9253, TrLoss:  0.24599, VaAcc: 0.9092, VaLoss:  0.29449	 MAP NN | Acc: 0.9420 | Loss: 0.2141
387,  0 | TrAcc: 0.9327, TrLoss:  0.22710, VaAcc: 0.9232, VaLoss:  0.27744	 MAP NN | Acc: 0.9360 | Loss: 0.2249
388,  0 | TrAcc: 0.9387, TrLoss:  0.20649, VaAcc: 0.9256, VaLoss:  0.26510	 MAP NN | Acc: 0.9300 | Loss: 0.2248
389,  0 | TrAcc: 0.9339, TrLoss:  0.21357, VaAcc: 0.9020, VaLoss:  0.31578	 MAP NN | Acc: 0.9300 | Loss: 0.2263
390,  0 | TrAcc: 0.9292, TrLoss:  0.23107, VaAcc: 0.9228, VaLoss:  0.25903	 MAP NN | Acc: 0.9340 | Loss: 0.2206
391,  0 | TrAcc: 0.9367, TrLoss:  0.21421, VaAcc: 0.9184, VaLoss:  0.27537	 MAP NN | Acc: 0.9420 | Loss: 0.2102
392,  0 | TrAcc: 0.9339, TrLoss:  0.22222, VaAcc: 0.9180, VaLoss:  0.26908	 MAP NN | Acc: 0.9420 | Loss: 0.2091
393,  0 | TrAcc: 0.9546, TrLoss:  0.15850, VaAcc: 0.9132, VaLoss:  0.28231	 MAP NN | Acc: 0.9420 | Loss: 0.2066
394,  0 | TrAcc: 0.9396, TrLoss:  0.20772, VaAcc: 0.9188, VaLoss:  0.28873	 MAP NN | Acc: 0.9400 | Loss: 0.2092
395,  0 | TrAcc: 0.9398, TrLoss:  0.20414, VaAcc: 0.9280, VaLoss:  0.26166	 MAP NN | Acc: 0.9360 | Loss: 0.2179
396,  0 | TrAcc: 0.9495, TrLoss:  0.18172, VaAcc: 0.9148, VaLoss:  0.28651	 MAP NN | Acc: 0.9380 | Loss: 0.2206
397,  0 | TrAcc: 0.9333, TrLoss:  0.22884, VaAcc: 0.9200, VaLoss:  0.25814	 MAP NN | Acc: 0.9420 | Loss: 0.2139
398,  0 | TrAcc: 0.9248, TrLoss:  0.24208, VaAcc: 0.9240, VaLoss:  0.26503	 MAP NN | Acc: 0.9320 | Loss: 0.2150
399,  0 | TrAcc: 0.9361, TrLoss:  0.21549, VaAcc: 0.9116, VaLoss:  0.28914	 MAP NN | Acc: 0.9380 | Loss: 0.2179
400,  0 | TrAcc: 0.9508, TrLoss:  0.16901, VaAcc: 0.9200, VaLoss:  0.26135	 MAP NN | Acc: 0.9340 | Loss: 0.2223
401,  0 | TrAcc: 0.9371, TrLoss:  0.21161, VaAcc: 0.9216, VaLoss:  0.27812	 MAP NN | Acc: 0.9320 | Loss: 0.2228
402,  0 | TrAcc: 0.9344, TrLoss:  0.20981, VaAcc: 0.9144, VaLoss:  0.27430	 MAP NN | Acc: 0.9320 | Loss: 0.2123
403,  0 | TrAcc: 0.9396, TrLoss:  0.20678, VaAcc: 0.9200, VaLoss:  0.26746	 MAP NN | Acc: 0.9400 | Loss: 0.2080
404,  0 | TrAcc: 0.9336, TrLoss:  0.21670, VaAcc: 0.9260, VaLoss:  0.26004	 MAP NN | Acc: 0.9440 | Loss: 0.2156
405,  0 | TrAcc: 0.9355, TrLoss:  0.21327, VaAcc: 0.9212, VaLoss:  0.26233	 MAP NN | Acc: 0.9360 | Loss: 0.2190
406,  0 | TrAcc: 0.9422, TrLoss:  0.19357, VaAcc: 0.9212, VaLoss:  0.26357	 MAP NN | Acc: 0.9360 | Loss: 0.2159
407,  0 | TrAcc: 0.9351, TrLoss:  0.21874, VaAcc: 0.9160, VaLoss:  0.26127	 MAP NN | Acc: 0.9460 | Loss: 0.2092
408,  0 | TrAcc: 0.9407, TrLoss:  0.20090, VaAcc: 0.9272, VaLoss:  0.25953	 MAP NN | Acc: 0.9380 | Loss: 0.2067
409,  0 | TrAcc: 0.9412, TrLoss:  0.20060, VaAcc: 0.9244, VaLoss:  0.25820	 MAP NN | Acc: 0.9420 | Loss: 0.2002
410,  0 | TrAcc: 0.9351, TrLoss:  0.22219, VaAcc: 0.9196, VaLoss:  0.26322	 MAP NN | Acc: 0.9440 | Loss: 0.1994
411,  0 | TrAcc: 0.9424, TrLoss:  0.20295, VaAcc: 0.9208, VaLoss:  0.28669	 MAP NN | Acc: 0.9460 | Loss: 0.2030
412,  0 | TrAcc: 0.9426, TrLoss:  0.18879, VaAcc: 0.9132, VaLoss:  0.27718	 MAP NN | Acc: 0.9460 | Loss: 0.1994
413,  0 | TrAcc: 0.9260, TrLoss:  0.24364, VaAcc: 0.9192, VaLoss:  0.27540	 MAP NN | Acc: 0.9460 | Loss: 0.1942
414,  0 | TrAcc: 0.9347, TrLoss:  0.22540, VaAcc: 0.9260, VaLoss:  0.24606	 MAP NN | Acc: 0.9420 | Loss: 0.1928
415,  0 | TrAcc: 0.9388, TrLoss:  0.21205, VaAcc: 0.9268, VaLoss:  0.25088	 MAP NN | Acc: 0.9420 | Loss: 0.1951
416,  0 | TrAcc: 0.9512, TrLoss:  0.16830, VaAcc: 0.9168, VaLoss:  0.27354	 MAP NN | Acc: 0.9440 | Loss: 0.1984
417,  0 | TrAcc: 0.9421, TrLoss:  0.18993, VaAcc: 0.9148, VaLoss:  0.28108	 MAP NN | Acc: 0.9440 | Loss: 0.2026
418,  0 | TrAcc: 0.9335, TrLoss:  0.21997, VaAcc: 0.9168, VaLoss:  0.25800	 MAP NN | Acc: 0.9400 | Loss: 0.2007
419,  0 | TrAcc: 0.9359, TrLoss:  0.21322, VaAcc: 0.9280, VaLoss:  0.25319	 MAP NN | Acc: 0.9400 | Loss: 0.1989
420,  0 | TrAcc: 0.9290, TrLoss:  0.23362, VaAcc: 0.9280, VaLoss:  0.24797	 MAP NN | Acc: 0.9420 | Loss: 0.1990
421,  0 | TrAcc: 0.9387, TrLoss:  0.21095, VaAcc: 0.9228, VaLoss:  0.26527	 MAP NN | Acc: 0.9360 | Loss: 0.2008
422,  0 | TrAcc: 0.9345, TrLoss:  0.22566, VaAcc: 0.9268, VaLoss:  0.25410	 MAP NN | Acc: 0.9380 | Loss: 0.1943
423,  0 | TrAcc: 0.9422, TrLoss:  0.18607, VaAcc: 0.9240, VaLoss:  0.25092	 MAP NN | Acc: 0.9360 | Loss: 0.1985
424,  0 | TrAcc: 0.9361, TrLoss:  0.22719, VaAcc: 0.9188, VaLoss:  0.28246	 MAP NN | Acc: 0.9360 | Loss: 0.2011
425,  0 | TrAcc: 0.9351, TrLoss:  0.21549, VaAcc: 0.9116, VaLoss:  0.28832	 MAP NN | Acc: 0.9340 | Loss: 0.2030
426,  0 | TrAcc: 0.9388, TrLoss:  0.21669, VaAcc: 0.9224, VaLoss:  0.25794	 MAP NN | Acc: 0.9400 | Loss: 0.1999
427,  0 | TrAcc: 0.9495, TrLoss:  0.17629, VaAcc: 0.9248, VaLoss:  0.24725	 MAP NN | Acc: 0.9400 | Loss: 0.1950
428,  0 | TrAcc: 0.9389, TrLoss:  0.20689, VaAcc: 0.9276, VaLoss:  0.23649	 MAP NN | Acc: 0.9360 | Loss: 0.1986
429,  0 | TrAcc: 0.9397, TrLoss:  0.19441, VaAcc: 0.9264, VaLoss:  0.25191	 MAP NN | Acc: 0.9360 | Loss: 0.2128
430,  0 | TrAcc: 0.9412, TrLoss:  0.19579, VaAcc: 0.9204, VaLoss:  0.26468	 MAP NN | Acc: 0.9340 | Loss: 0.2146
431,  0 | TrAcc: 0.9268, TrLoss:  0.23554, VaAcc: 0.9296, VaLoss:  0.24850	 MAP NN | Acc: 0.9400 | Loss: 0.1999
432,  0 | TrAcc: 0.9485, TrLoss:  0.17330, VaAcc: 0.9264, VaLoss:  0.24746	 MAP NN | Acc: 0.9380 | Loss: 0.2115
433,  0 | TrAcc: 0.9399, TrLoss:  0.20185, VaAcc: 0.9252, VaLoss:  0.23796	 MAP NN | Acc: 0.9480 | Loss: 0.2022
434,  0 | TrAcc: 0.9306, TrLoss:  0.24049, VaAcc: 0.9304, VaLoss:  0.23195	 MAP NN | Acc: 0.9440 | Loss: 0.2007
435,  0 | TrAcc: 0.9310, TrLoss:  0.23206, VaAcc: 0.9300, VaLoss:  0.24306	 MAP NN | Acc: 0.9400 | Loss: 0.2019
436,  0 | TrAcc: 0.9437, TrLoss:  0.18525, VaAcc: 0.9268, VaLoss:  0.24964	 MAP NN | Acc: 0.9360 | Loss: 0.2002
437,  0 | TrAcc: 0.9338, TrLoss:  0.21906, VaAcc: 0.9104, VaLoss:  0.27914	 MAP NN | Acc: 0.9440 | Loss: 0.2055
438,  0 | TrAcc: 0.9382, TrLoss:  0.21270, VaAcc: 0.9292, VaLoss:  0.24215	 MAP NN | Acc: 0.9380 | Loss: 0.2079
439,  0 | TrAcc: 0.9435, TrLoss:  0.20084, VaAcc: 0.9264, VaLoss:  0.25452	 MAP NN | Acc: 0.9280 | Loss: 0.2188
440,  0 | TrAcc: 0.9331, TrLoss:  0.22362, VaAcc: 0.9176, VaLoss:  0.26828	 MAP NN | Acc: 0.9320 | Loss: 0.2191
441,  0 | TrAcc: 0.9374, TrLoss:  0.20622, VaAcc: 0.9236, VaLoss:  0.26523	 MAP NN | Acc: 0.9360 | Loss: 0.2175
442,  0 | TrAcc: 0.9411, TrLoss:  0.19600, VaAcc: 0.9192, VaLoss:  0.26976	 MAP NN | Acc: 0.9400 | Loss: 0.2110
443,  0 | TrAcc: 0.9422, TrLoss:  0.20401, VaAcc: 0.9200, VaLoss:  0.26334	 MAP NN | Acc: 0.9420 | Loss: 0.2060
444,  0 | TrAcc: 0.9359, TrLoss:  0.21560, VaAcc: 0.9268, VaLoss:  0.24348	 MAP NN | Acc: 0.9400 | Loss: 0.2052
445,  0 | TrAcc: 0.9383, TrLoss:  0.20633, VaAcc: 0.9204, VaLoss:  0.25816	 MAP NN | Acc: 0.9420 | Loss: 0.2052
446,  0 | TrAcc: 0.9473, TrLoss:  0.17265, VaAcc: 0.9200, VaLoss:  0.26832	 MAP NN | Acc: 0.9420 | Loss: 0.2070
447,  0 | TrAcc: 0.9268, TrLoss:  0.24599, VaAcc: 0.9292, VaLoss:  0.23641	 MAP NN | Acc: 0.9440 | Loss: 0.2050
448,  0 | TrAcc: 0.9466, TrLoss:  0.19043, VaAcc: 0.9256, VaLoss:  0.25882	 MAP NN | Acc: 0.9420 | Loss: 0.2033
449,  0 | TrAcc: 0.9446, TrLoss:  0.18922, VaAcc: 0.9264, VaLoss:  0.25095	 MAP NN | Acc: 0.9380 | Loss: 0.2027
450,  0 | TrAcc: 0.9474, TrLoss:  0.18110, VaAcc: 0.9264, VaLoss:  0.24152	 MAP NN | Acc: 0.9380 | Loss: 0.2043
451,  0 | TrAcc: 0.9444, TrLoss:  0.19112, VaAcc: 0.9236, VaLoss:  0.26331	 MAP NN | Acc: 0.9440 | Loss: 0.2019
452,  0 | TrAcc: 0.9484, TrLoss:  0.17269, VaAcc: 0.9312, VaLoss:  0.24889	 MAP NN | Acc: 0.9420 | Loss: 0.2015
453,  0 | TrAcc: 0.9367, TrLoss:  0.19762, VaAcc: 0.9188, VaLoss:  0.27053	 MAP NN | Acc: 0.9380 | Loss: 0.2022
454,  0 | TrAcc: 0.9337, TrLoss:  0.20844, VaAcc: 0.9088, VaLoss:  0.31113	 MAP NN | Acc: 0.9420 | Loss: 0.2009
455,  0 | TrAcc: 0.9391, TrLoss:  0.18791, VaAcc: 0.9280, VaLoss:  0.26105	 MAP NN | Acc: 0.9380 | Loss: 0.2003
456,  0 | TrAcc: 0.9327, TrLoss:  0.21354, VaAcc: 0.9220, VaLoss:  0.25791	 MAP NN | Acc: 0.9360 | Loss: 0.1981
457,  0 | TrAcc: 0.9388, TrLoss:  0.20706, VaAcc: 0.9292, VaLoss:  0.24210	 MAP NN | Acc: 0.9400 | Loss: 0.2023
458,  0 | TrAcc: 0.9406, TrLoss:  0.18858, VaAcc: 0.9248, VaLoss:  0.25506	 MAP NN | Acc: 0.9420 | Loss: 0.2007
459,  0 | TrAcc: 0.9439, TrLoss:  0.20158, VaAcc: 0.9284, VaLoss:  0.25121	 MAP NN | Acc: 0.9400 | Loss: 0.1934
460,  0 | TrAcc: 0.9326, TrLoss:  0.23271, VaAcc: 0.9276, VaLoss:  0.24877	 MAP NN | Acc: 0.9400 | Loss: 0.1998
461,  0 | TrAcc: 0.9470, TrLoss:  0.18261, VaAcc: 0.9212, VaLoss:  0.26850	 MAP NN | Acc: 0.9360 | Loss: 0.2036
462,  0 | TrAcc: 0.9353, TrLoss:  0.20640, VaAcc: 0.9264, VaLoss:  0.24489	 MAP NN | Acc: 0.9440 | Loss: 0.1983
463,  0 | TrAcc: 0.9505, TrLoss:  0.17506, VaAcc: 0.9276, VaLoss:  0.25045	 MAP NN | Acc: 0.9480 | Loss: 0.1936
464,  0 | TrAcc: 0.9455, TrLoss:  0.18286, VaAcc: 0.9244, VaLoss:  0.25134	 MAP NN | Acc: 0.9380 | Loss: 0.1993
465,  0 | TrAcc: 0.9409, TrLoss:  0.19822, VaAcc: 0.9196, VaLoss:  0.26197	 MAP NN | Acc: 0.9380 | Loss: 0.1957
466,  0 | TrAcc: 0.9394, TrLoss:  0.19993, VaAcc: 0.9304, VaLoss:  0.23927	 MAP NN | Acc: 0.9380 | Loss: 0.1940
467,  0 | TrAcc: 0.9529, TrLoss:  0.16303, VaAcc: 0.9236, VaLoss:  0.25190	 MAP NN | Acc: 0.9400 | Loss: 0.1927
468,  0 | TrAcc: 0.9427, TrLoss:  0.19925, VaAcc: 0.9248, VaLoss:  0.26106	 MAP NN | Acc: 0.9520 | Loss: 0.1898
469,  0 | TrAcc: 0.9436, TrLoss:  0.19579, VaAcc: 0.9232, VaLoss:  0.25763	 MAP NN | Acc: 0.9520 | Loss: 0.1946
470,  0 | TrAcc: 0.9483, TrLoss:  0.17961, VaAcc: 0.9172, VaLoss:  0.28391	 MAP NN | Acc: 0.9440 | Loss: 0.2063
471,  0 | TrAcc: 0.9392, TrLoss:  0.20112, VaAcc: 0.9256, VaLoss:  0.25343	 MAP NN | Acc: 0.9400 | Loss: 0.1984
472,  0 | TrAcc: 0.9452, TrLoss:  0.17350, VaAcc: 0.9336, VaLoss:  0.23559	 MAP NN | Acc: 0.9380 | Loss: 0.2027
473,  0 | TrAcc: 0.9437, TrLoss:  0.18881, VaAcc: 0.9232, VaLoss:  0.24185	 MAP NN | Acc: 0.9380 | Loss: 0.2056
474,  0 | TrAcc: 0.9403, TrLoss:  0.20665, VaAcc: 0.9200, VaLoss:  0.28195	 MAP NN | Acc: 0.9400 | Loss: 0.1986
475,  0 | TrAcc: 0.9442, TrLoss:  0.19259, VaAcc: 0.9140, VaLoss:  0.27076	 MAP NN | Acc: 0.9340 | Loss: 0.2027
476,  0 | TrAcc: 0.9433, TrLoss:  0.19421, VaAcc: 0.9180, VaLoss:  0.27880	 MAP NN | Acc: 0.9400 | Loss: 0.2093
477,  0 | TrAcc: 0.9389, TrLoss:  0.19586, VaAcc: 0.9184, VaLoss:  0.25992	 MAP NN | Acc: 0.9320 | Loss: 0.2030
478,  0 | TrAcc: 0.9511, TrLoss:  0.15978, VaAcc: 0.9184, VaLoss:  0.27321	 MAP NN | Acc: 0.9400 | Loss: 0.2068
479,  0 | TrAcc: 0.9408, TrLoss:  0.19085, VaAcc: 0.9252, VaLoss:  0.26847	 MAP NN | Acc: 0.9440 | Loss: 0.2115
480,  0 | TrAcc: 0.9378, TrLoss:  0.20822, VaAcc: 0.9296, VaLoss:  0.24789	 MAP NN | Acc: 0.9460 | Loss: 0.2029
481,  0 | TrAcc: 0.9430, TrLoss:  0.18463, VaAcc: 0.9260, VaLoss:  0.23859	 MAP NN | Acc: 0.9420 | Loss: 0.1946
482,  0 | TrAcc: 0.9300, TrLoss:  0.23128, VaAcc: 0.9272, VaLoss:  0.25033	 MAP NN | Acc: 0.9400 | Loss: 0.1964
483,  0 | TrAcc: 0.9357, TrLoss:  0.20319, VaAcc: 0.9356, VaLoss:  0.23852	 MAP NN | Acc: 0.9420 | Loss: 0.1953
484,  0 | TrAcc: 0.9496, TrLoss:  0.16448, VaAcc: 0.9260, VaLoss:  0.25438	 MAP NN | Acc: 0.9420 | Loss: 0.2006
485,  0 | TrAcc: 0.9436, TrLoss:  0.19413, VaAcc: 0.9300, VaLoss:  0.25170	 MAP NN | Acc: 0.9400 | Loss: 0.2042
486,  0 | TrAcc: 0.9473, TrLoss:  0.17698, VaAcc: 0.9272, VaLoss:  0.23959	 MAP NN | Acc: 0.9480 | Loss: 0.1921
487,  0 | TrAcc: 0.9452, TrLoss:  0.18785, VaAcc: 0.9316, VaLoss:  0.23553	 MAP NN | Acc: 0.9500 | Loss: 0.1937
488,  0 | TrAcc: 0.9458, TrLoss:  0.18571, VaAcc: 0.9344, VaLoss:  0.23270	 MAP NN | Acc: 0.9460 | Loss: 0.1913
489,  0 | TrAcc: 0.9495, TrLoss:  0.16186, VaAcc: 0.9248, VaLoss:  0.25926	 MAP NN | Acc: 0.9420 | Loss: 0.1921
490,  0 | TrAcc: 0.9450, TrLoss:  0.18567, VaAcc: 0.9212, VaLoss:  0.26050	 MAP NN | Acc: 0.9500 | Loss: 0.2011
491,  0 | TrAcc: 0.9430, TrLoss:  0.19097, VaAcc: 0.9256, VaLoss:  0.26732	 MAP NN | Acc: 0.9400 | Loss: 0.1995
492,  0 | TrAcc: 0.9522, TrLoss:  0.16883, VaAcc: 0.9204, VaLoss:  0.23807	 MAP NN | Acc: 0.9380 | Loss: 0.2000
493,  0 | TrAcc: 0.9460, TrLoss:  0.18002, VaAcc: 0.9332, VaLoss:  0.23708	 MAP NN | Acc: 0.9400 | Loss: 0.1897
494,  0 | TrAcc: 0.9458, TrLoss:  0.18442, VaAcc: 0.9256, VaLoss:  0.24189	 MAP NN | Acc: 0.9420 | Loss: 0.1965
495,  0 | TrAcc: 0.9456, TrLoss:  0.17941, VaAcc: 0.9280, VaLoss:  0.26293	 MAP NN | Acc: 0.9420 | Loss: 0.1992
496,  0 | TrAcc: 0.9527, TrLoss:  0.16814, VaAcc: 0.9268, VaLoss:  0.24365	 MAP NN | Acc: 0.9440 | Loss: 0.1945
497,  0 | TrAcc: 0.9354, TrLoss:  0.21090, VaAcc: 0.9316, VaLoss:  0.23299	 MAP NN | Acc: 0.9440 | Loss: 0.1937
498,  0 | TrAcc: 0.9443, TrLoss:  0.17972, VaAcc: 0.9276, VaLoss:  0.23003	 MAP NN | Acc: 0.9440 | Loss: 0.1983
499,  0 | TrAcc: 0.9444, TrLoss:  0.18008, VaAcc: 0.9300, VaLoss:  0.23329	 MAP NN | Acc: 0.9400 | Loss: 0.1984
