

config:

HOME=/clusterFS/home/student/kopp13
PATH=/clusterFS/home/student/kopp13/miniconda3/envs/tensorflow/bin:/clusterFS/home/student/kopp13/miniconda3/condabin:/clusterFS/home/student/kopp13/VarRNN/src/bin:/clusterFS/home/student/kopp13/miniconda3/bin:/clusterFS/home/student/kopp13/bin:/usr/local/bin:/usr/bin:/bin:/usr/local/games:/usr/games
LD_LIBRARY_PATH=:/usr/local/cuda-9.0/lib64
THEANO_FLAGS=floatX=float32,gpuarray.preallocate=0.9,dnn.library_path=/usr/lib/x86_64-linux-gnu,cxx=clang++-3.8,device=cuda,base_compiledir=/tmp/tmp.8VnycIsPRD


=============================
CONFIG FILE

TRAINING CONFIG
{'algorithm': ['c_reparam', 'gste'],
 'batchnorm': {'modes': [], 'momentum': 0.98, 'tau': 1, 'type': 'none'},
 'dir_reg': 0.0,
 'ent_reg': 0.0,
 'learning_rate': 0.005,
 'learning_rate_tau': 1000,
 'mode': {'max_epochs': 1500, 'min_error': 0.0, 'name': 'classic'},
 'pretraining': {'enabled': True, 'path': 'm_model'},
 'task_id': 2,
 'tau': 1.0,
 'var_reg': 0.0}

DATA CONFIG
{'dataset': 'penstroke',
 'remove_bias': True,
 'te': {'in_seq_len': 40,
        'max_truncation': 5,
        'minibatch_enabled': True,
        'minibatch_size': 500},
 'tr': {'in_seq_len': 40,
        'max_truncation': 5,
        'minibatch_enabled': True,
        'minibatch_size': 1000},
 'va': {'in_seq_len': 40,
        'max_truncation': 5,
        'minibatch_enabled': True,
        'minibatch_size': 500}}

RNN CONFIG
{'act_disc': [],
 'data_multiplier': None,
 'gradient_clip_value': 0.5,
 'layer_configs': [{'layer_type': 'input'},
                   {'bc': {'init_m': 'zeros',
                           'init_v': -4.5,
                           'prior_m': 0.0,
                           'prior_v': 0.0,
                           'type': 'continuous'},
                    'bf': {'init_m': 'ones',
                           'init_v': -4.5,
                           'prior_m': 1.0,
                           'prior_v': 0.0,
                           'type': 'continuous'},
                    'bi': {'init_m': 'zeros',
                           'init_v': -4.5,
                           'prior_m': 0.0,
                           'prior_v': 0.0,
                           'type': 'continuous'},
                    'bo': {'init_m': 'zeros',
                           'init_v': -4.5,
                           'prior_m': 0.0,
                           'prior_v': 0.0,
                           'type': 'continuous'},
                    'discrete_act': [],
                    'layer_type': 'lstm',
                    'lr_adapt': False,
                    'parametrization': 'logits',
                    'tau': 1.0,
                    'var_scope': 'lstm_0',
                    'wc': {'p0max': 0.95,
                           'p0min': 0.05,
                           'parametrization': 'sigmoid',
                           'pmax': 0.99,
                           'pmin': 0.01,
                           'priors': [0.1, 0.8, 0.1],
                           'type': 'ternary'},
                    'wf': {'p0max': 0.95,
                           'p0min': 0.05,
                           'parametrization': 'sigmoid',
                           'pmax': 0.99,
                           'pmin': 0.01,
                           'priors': [0.1, 0.8, 0.1],
                           'type': 'ternary'},
                    'wi': {'p0max': 0.95,
                           'p0min': 0.05,
                           'parametrization': 'sigmoid',
                           'pmax': 0.99,
                           'pmin': 0.01,
                           'priors': [0.1, 0.8, 0.1],
                           'type': 'ternary'},
                    'wo': {'p0max': 0.95,
                           'p0min': 0.05,
                           'parametrization': 'sigmoid',
                           'pmax': 0.99,
                           'pmin': 0.01,
                           'priors': [0.1, 0.8, 0.1],
                           'type': 'ternary'}},
                   {'bc': {'init_m': 'zeros',
                           'init_v': -4.5,
                           'prior_m': 0.0,
                           'prior_v': 0.0,
                           'type': 'continuous'},
                    'bf': {'init_m': 'ones',
                           'init_v': -4.5,
                           'prior_m': 1.0,
                           'prior_v': 0.0,
                           'type': 'continuous'},
                    'bi': {'init_m': 'zeros',
                           'init_v': -4.5,
                           'prior_m': 0.0,
                           'prior_v': 0.0,
                           'type': 'continuous'},
                    'bo': {'init_m': 'zeros',
                           'init_v': -4.5,
                           'prior_m': 0.0,
                           'prior_v': 0.0,
                           'type': 'continuous'},
                    'discrete_act': [],
                    'layer_type': 'lstm',
                    'lr_adapt': False,
                    'parametrization': 'logits',
                    'tau': 1.0,
                    'var_scope': 'lstm_1',
                    'wc': {'p0max': 0.95,
                           'p0min': 0.05,
                           'parametrization': 'sigmoid',
                           'pmax': 0.99,
                           'pmin': 0.01,
                           'priors': [0.1, 0.8, 0.1],
                           'type': 'ternary'},
                    'wf': {'p0max': 0.95,
                           'p0min': 0.05,
                           'parametrization': 'sigmoid',
                           'pmax': 0.99,
                           'pmin': 0.01,
                           'priors': [0.1, 0.8, 0.1],
                           'type': 'ternary'},
                    'wi': {'p0max': 0.95,
                           'p0min': 0.05,
                           'parametrization': 'sigmoid',
                           'pmax': 0.99,
                           'pmin': 0.01,
                           'priors': [0.1, 0.8, 0.1],
                           'type': 'ternary'},
                    'wo': {'p0max': 0.95,
                           'p0min': 0.05,
                           'parametrization': 'sigmoid',
                           'pmax': 0.99,
                           'pmin': 0.01,
                           'priors': [0.1, 0.8, 0.1],
                           'type': 'ternary'}},
                   {'b': {'init_m': 'zeros',
                          'init_v': -4.5,
                          'prior_m': 0.0,
                          'prior_v': 0.0,
                          'type': 'continuous'},
                    'layer_type': 'fc',
                    'lr_adapt': False,
                    'parametrization': 'logits',
                    'regularization': {'mode': None, 'strength': 0.02},
                    'tau': 1.0,
                    'var_scope': 'output_layer',
                    'w': {'p0max': 0.95,
                          'p0min': 0.05,
                          'parametrization': 'sigmoid',
                          'pmax': 0.99,
                          'pmin': 0.01,
                          'priors': [0.1, 0.8, 0.1],
                          'type': 'ternary'}}],
 'layout': [4, 40, 40, 10],
 'output_type': 'classification'}
==============================


tr
(9940, 4, 40)
va
(2120, 4, 40)
te
(1780, 4, 40)
  0,  0 | TrAcc: 0.1821, TrLoss:  2.34279, VaAcc: 0.1372, VaLoss:  2.39978	 MAP NN | Acc: 0.1512 | Loss: 2.5560
  1,  0 | TrAcc: 0.2122, TrLoss:  2.19483, VaAcc: 0.2168, VaLoss:  2.14565	 MAP NN | Acc: 0.1852 | Loss: 2.2367
  2,  0 | TrAcc: 0.2790, TrLoss:  2.03617, VaAcc: 0.2304, VaLoss:  2.14370	 MAP NN | Acc: 0.2716 | Loss: 2.0049
  3,  0 | TrAcc: 0.2857, TrLoss:  2.02047, VaAcc: 0.2712, VaLoss:  2.04082	 MAP NN | Acc: 0.3136 | Loss: 1.7954
  4,  0 | TrAcc: 0.3123, TrLoss:  1.95953, VaAcc: 0.3068, VaLoss:  1.98258	 MAP NN | Acc: 0.4508 | Loss: 1.5593
  5,  0 | TrAcc: 0.3475, TrLoss:  1.87927, VaAcc: 0.3612, VaLoss:  1.98039	 MAP NN | Acc: 0.4868 | Loss: 1.4904
  6,  0 | TrAcc: 0.3684, TrLoss:  1.86713, VaAcc: 0.3780, VaLoss:  1.86871	 MAP NN | Acc: 0.5056 | Loss: 1.4054
  7,  0 | TrAcc: 0.4271, TrLoss:  1.72336, VaAcc: 0.4540, VaLoss:  1.73636	 MAP NN | Acc: 0.5256 | Loss: 1.4083
  8,  0 | TrAcc: 0.4601, TrLoss:  1.66001, VaAcc: 0.4672, VaLoss:  1.67644	 MAP NN | Acc: 0.5456 | Loss: 1.3292
  9,  0 | TrAcc: 0.4686, TrLoss:  1.67081, VaAcc: 0.4900, VaLoss:  1.59060	 MAP NN | Acc: 0.5912 | Loss: 1.2677
 10,  0 | TrAcc: 0.4783, TrLoss:  1.65990, VaAcc: 0.4600, VaLoss:  1.63762	 MAP NN | Acc: 0.6272 | Loss: 1.1735
 11,  0 | TrAcc: 0.5410, TrLoss:  1.49768, VaAcc: 0.5132, VaLoss:  1.55043	 MAP NN | Acc: 0.6840 | Loss: 1.0772
 12,  0 | TrAcc: 0.5292, TrLoss:  1.48736, VaAcc: 0.4324, VaLoss:  1.63821	 MAP NN | Acc: 0.7080 | Loss: 0.9798
 13,  0 | TrAcc: 0.5143, TrLoss:  1.50782, VaAcc: 0.5664, VaLoss:  1.42204	 MAP NN | Acc: 0.7236 | Loss: 0.8994
 14,  0 | TrAcc: 0.5596, TrLoss:  1.38974, VaAcc: 0.6104, VaLoss:  1.28571	 MAP NN | Acc: 0.7576 | Loss: 0.8369
 15,  0 | TrAcc: 0.5762, TrLoss:  1.33212, VaAcc: 0.5900, VaLoss:  1.30647	 MAP NN | Acc: 0.7700 | Loss: 0.8023
 16,  0 | TrAcc: 0.6040, TrLoss:  1.28932, VaAcc: 0.6060, VaLoss:  1.27505	 MAP NN | Acc: 0.7700 | Loss: 0.8059
 17,  0 | TrAcc: 0.6035, TrLoss:  1.27417, VaAcc: 0.5564, VaLoss:  1.44263	 MAP NN | Acc: 0.7760 | Loss: 0.7833
 18,  0 | TrAcc: 0.6146, TrLoss:  1.30081, VaAcc: 0.6052, VaLoss:  1.25339	 MAP NN | Acc: 0.7640 | Loss: 0.7633
 19,  0 | TrAcc: 0.6321, TrLoss:  1.21827, VaAcc: 0.6540, VaLoss:  1.15448	 MAP NN | Acc: 0.7920 | Loss: 0.7236
 20,  0 | TrAcc: 0.6724, TrLoss:  1.10073, VaAcc: 0.6364, VaLoss:  1.15969	 MAP NN | Acc: 0.7840 | Loss: 0.7471
 21,  0 | TrAcc: 0.6964, TrLoss:  1.02935, VaAcc: 0.6256, VaLoss:  1.20400	 MAP NN | Acc: 0.7804 | Loss: 0.7764
 22,  0 | TrAcc: 0.6577, TrLoss:  1.13185, VaAcc: 0.6648, VaLoss:  1.11635	 MAP NN | Acc: 0.7964 | Loss: 0.7049
 23,  0 | TrAcc: 0.7190, TrLoss:  0.97421, VaAcc: 0.6448, VaLoss:  1.14269	 MAP NN | Acc: 0.8072 | Loss: 0.7025
 24,  0 | TrAcc: 0.6796, TrLoss:  1.05397, VaAcc: 0.6704, VaLoss:  1.06939	 MAP NN | Acc: 0.8104 | Loss: 0.6903
 25,  0 | TrAcc: 0.7196, TrLoss:  0.96536, VaAcc: 0.6936, VaLoss:  1.04496	 MAP NN | Acc: 0.7844 | Loss: 0.7253
 26,  0 | TrAcc: 0.7000, TrLoss:  1.00819, VaAcc: 0.6980, VaLoss:  1.03575	 MAP NN | Acc: 0.7864 | Loss: 0.7583
 27,  0 | TrAcc: 0.6912, TrLoss:  1.01475, VaAcc: 0.6980, VaLoss:  0.99394	 MAP NN | Acc: 0.8084 | Loss: 0.7202
 28,  0 | TrAcc: 0.7028, TrLoss:  0.98658, VaAcc: 0.7348, VaLoss:  0.93733	 MAP NN | Acc: 0.8024 | Loss: 0.6805
 29,  0 | TrAcc: 0.6890, TrLoss:  1.02706, VaAcc: 0.7216, VaLoss:  0.93961	 MAP NN | Acc: 0.7944 | Loss: 0.7031
 30,  0 | TrAcc: 0.7563, TrLoss:  0.83917, VaAcc: 0.7196, VaLoss:  0.95890	 MAP NN | Acc: 0.8124 | Loss: 0.6783
 31,  0 | TrAcc: 0.7516, TrLoss:  0.87872, VaAcc: 0.7084, VaLoss:  0.99590	 MAP NN | Acc: 0.8244 | Loss: 0.6337
 32,  0 | TrAcc: 0.7605, TrLoss:  0.83028, VaAcc: 0.7336, VaLoss:  0.93044	 MAP NN | Acc: 0.8244 | Loss: 0.6418
 33,  0 | TrAcc: 0.7478, TrLoss:  0.89164, VaAcc: 0.7504, VaLoss:  0.83525	 MAP NN | Acc: 0.8204 | Loss: 0.6452
 34,  0 | TrAcc: 0.7293, TrLoss:  0.89734, VaAcc: 0.7288, VaLoss:  0.91444	 MAP NN | Acc: 0.8224 | Loss: 0.6372
 35,  0 | TrAcc: 0.7664, TrLoss:  0.81909, VaAcc: 0.7260, VaLoss:  0.92964	 MAP NN | Acc: 0.8264 | Loss: 0.6356
 36,  0 | TrAcc: 0.7489, TrLoss:  0.83260, VaAcc: 0.7576, VaLoss:  0.83750	 MAP NN | Acc: 0.8224 | Loss: 0.6380
 37,  0 | TrAcc: 0.7278, TrLoss:  0.92138, VaAcc: 0.7640, VaLoss:  0.81953	 MAP NN | Acc: 0.8124 | Loss: 0.6819
 38,  0 | TrAcc: 0.7673, TrLoss:  0.81276, VaAcc: 0.7544, VaLoss:  0.84288	 MAP NN | Acc: 0.7884 | Loss: 0.7097
 39,  0 | TrAcc: 0.7733, TrLoss:  0.79756, VaAcc: 0.7512, VaLoss:  0.84346	 MAP NN | Acc: 0.7964 | Loss: 0.6721
 40,  0 | TrAcc: 0.7811, TrLoss:  0.73835, VaAcc: 0.7756, VaLoss:  0.77626	 MAP NN | Acc: 0.8384 | Loss: 0.5824
 41,  0 | TrAcc: 0.7850, TrLoss:  0.75963, VaAcc: 0.7604, VaLoss:  0.80511	 MAP NN | Acc: 0.8424 | Loss: 0.5586
 42,  0 | TrAcc: 0.7997, TrLoss:  0.71663, VaAcc: 0.7708, VaLoss:  0.78784	 MAP NN | Acc: 0.8624 | Loss: 0.5308
 43,  0 | TrAcc: 0.7851, TrLoss:  0.75918, VaAcc: 0.7440, VaLoss:  0.84589	 MAP NN | Acc: 0.8684 | Loss: 0.5252
 44,  0 | TrAcc: 0.7789, TrLoss:  0.75132, VaAcc: 0.7776, VaLoss:  0.74929	 MAP NN | Acc: 0.8564 | Loss: 0.5371
 45,  0 | TrAcc: 0.7716, TrLoss:  0.76677, VaAcc: 0.7776, VaLoss:  0.76274	 MAP NN | Acc: 0.8584 | Loss: 0.5379
 46,  0 | TrAcc: 0.8041, TrLoss:  0.67901, VaAcc: 0.7724, VaLoss:  0.74108	 MAP NN | Acc: 0.8704 | Loss: 0.5426
 47,  0 | TrAcc: 0.8039, TrLoss:  0.70579, VaAcc: 0.7736, VaLoss:  0.78660	 MAP NN | Acc: 0.8624 | Loss: 0.5345
 48,  0 | TrAcc: 0.8178, TrLoss:  0.64553, VaAcc: 0.7884, VaLoss:  0.70539	 MAP NN | Acc: 0.8744 | Loss: 0.5110
 49,  0 | TrAcc: 0.7966, TrLoss:  0.72951, VaAcc: 0.8036, VaLoss:  0.70359	 MAP NN | Acc: 0.8764 | Loss: 0.5248
 50,  0 | TrAcc: 0.8244, TrLoss:  0.62504, VaAcc: 0.7948, VaLoss:  0.70266	 MAP NN | Acc: 0.8724 | Loss: 0.5276
 51,  0 | TrAcc: 0.8154, TrLoss:  0.65148, VaAcc: 0.7948, VaLoss:  0.71662	 MAP NN | Acc: 0.8724 | Loss: 0.5387
 52,  0 | TrAcc: 0.7995, TrLoss:  0.70349, VaAcc: 0.7912, VaLoss:  0.70898	 MAP NN | Acc: 0.8804 | Loss: 0.5325
 53,  0 | TrAcc: 0.8106, TrLoss:  0.66858, VaAcc: 0.8016, VaLoss:  0.70318	 MAP NN | Acc: 0.8484 | Loss: 0.5854
 54,  0 | TrAcc: 0.8265, TrLoss:  0.61255, VaAcc: 0.7972, VaLoss:  0.68104	 MAP NN | Acc: 0.8484 | Loss: 0.5904
 55,  0 | TrAcc: 0.8061, TrLoss:  0.65802, VaAcc: 0.7984, VaLoss:  0.70034	 MAP NN | Acc: 0.8564 | Loss: 0.5766
 56,  0 | TrAcc: 0.8120, TrLoss:  0.66210, VaAcc: 0.8064, VaLoss:  0.66247	 MAP NN | Acc: 0.8524 | Loss: 0.5715
 57,  0 | TrAcc: 0.7893, TrLoss:  0.69616, VaAcc: 0.8160, VaLoss:  0.64912	 MAP NN | Acc: 0.8464 | Loss: 0.5869
 58,  0 | TrAcc: 0.8220, TrLoss:  0.62044, VaAcc: 0.7760, VaLoss:  0.74496	 MAP NN | Acc: 0.8564 | Loss: 0.5355
 59,  0 | TrAcc: 0.8308, TrLoss:  0.58824, VaAcc: 0.7880, VaLoss:  0.72184	 MAP NN | Acc: 0.8604 | Loss: 0.5356
 60,  0 | TrAcc: 0.8369, TrLoss:  0.58857, VaAcc: 0.8172, VaLoss:  0.63365	 MAP NN | Acc: 0.8544 | Loss: 0.5283
 61,  0 | TrAcc: 0.8450, TrLoss:  0.53945, VaAcc: 0.8088, VaLoss:  0.64708	 MAP NN | Acc: 0.8784 | Loss: 0.5078
 62,  0 | TrAcc: 0.8093, TrLoss:  0.64935, VaAcc: 0.8176, VaLoss:  0.63072	 MAP NN | Acc: 0.8764 | Loss: 0.5002
 63,  0 | TrAcc: 0.8416, TrLoss:  0.55016, VaAcc: 0.8004, VaLoss:  0.69478	 MAP NN | Acc: 0.8724 | Loss: 0.4830
 64,  0 | TrAcc: 0.8427, TrLoss:  0.56152, VaAcc: 0.8300, VaLoss:  0.60886	 MAP NN | Acc: 0.8664 | Loss: 0.4865
 65,  0 | TrAcc: 0.8400, TrLoss:  0.55987, VaAcc: 0.8168, VaLoss:  0.63578	 MAP NN | Acc: 0.8624 | Loss: 0.5042
 66,  0 | TrAcc: 0.8529, TrLoss:  0.53808, VaAcc: 0.8080, VaLoss:  0.68442	 MAP NN | Acc: 0.8624 | Loss: 0.5087
 67,  0 | TrAcc: 0.8360, TrLoss:  0.56447, VaAcc: 0.8124, VaLoss:  0.63931	 MAP NN | Acc: 0.8584 | Loss: 0.4949
 68,  0 | TrAcc: 0.8352, TrLoss:  0.57466, VaAcc: 0.8180, VaLoss:  0.66246	 MAP NN | Acc: 0.8584 | Loss: 0.4818
 69,  0 | TrAcc: 0.8265, TrLoss:  0.61426, VaAcc: 0.7824, VaLoss:  0.71791	 MAP NN | Acc: 0.8644 | Loss: 0.4714
 70,  0 | TrAcc: 0.8205, TrLoss:  0.60623, VaAcc: 0.8124, VaLoss:  0.62878	 MAP NN | Acc: 0.8684 | Loss: 0.4739
 71,  0 | TrAcc: 0.8514, TrLoss:  0.53993, VaAcc: 0.8276, VaLoss:  0.58821	 MAP NN | Acc: 0.8604 | Loss: 0.4906
 72,  0 | TrAcc: 0.8440, TrLoss:  0.55057, VaAcc: 0.8424, VaLoss:  0.54300	 MAP NN | Acc: 0.8664 | Loss: 0.4740
 73,  0 | TrAcc: 0.8432, TrLoss:  0.53553, VaAcc: 0.8156, VaLoss:  0.62380	 MAP NN | Acc: 0.8684 | Loss: 0.4731
 74,  0 | TrAcc: 0.8529, TrLoss:  0.53621, VaAcc: 0.8236, VaLoss:  0.62150	 MAP NN | Acc: 0.8764 | Loss: 0.4580
 75,  0 | TrAcc: 0.8544, TrLoss:  0.52048, VaAcc: 0.8352, VaLoss:  0.56281	 MAP NN | Acc: 0.8744 | Loss: 0.4554
 76,  0 | TrAcc: 0.8586, TrLoss:  0.50932, VaAcc: 0.8480, VaLoss:  0.53884	 MAP NN | Acc: 0.8724 | Loss: 0.4615
 77,  0 | TrAcc: 0.8517, TrLoss:  0.51436, VaAcc: 0.8360, VaLoss:  0.58641	 MAP NN | Acc: 0.8644 | Loss: 0.4683
 78,  0 | TrAcc: 0.8366, TrLoss:  0.56559, VaAcc: 0.8284, VaLoss:  0.58686	 MAP NN | Acc: 0.8604 | Loss: 0.4718
 79,  0 | TrAcc: 0.8472, TrLoss:  0.53426, VaAcc: 0.8344, VaLoss:  0.57881	 MAP NN | Acc: 0.8664 | Loss: 0.4773
 80,  0 | TrAcc: 0.8452, TrLoss:  0.54594, VaAcc: 0.8612, VaLoss:  0.50079	 MAP NN | Acc: 0.8744 | Loss: 0.4761
 81,  0 | TrAcc: 0.8551, TrLoss:  0.50413, VaAcc: 0.8300, VaLoss:  0.57207	 MAP NN | Acc: 0.8684 | Loss: 0.4786
 82,  0 | TrAcc: 0.8440, TrLoss:  0.54659, VaAcc: 0.8452, VaLoss:  0.53534	 MAP NN | Acc: 0.8724 | Loss: 0.4676
 83,  0 | TrAcc: 0.8345, TrLoss:  0.55868, VaAcc: 0.8416, VaLoss:  0.56298	 MAP NN | Acc: 0.8744 | Loss: 0.4524
 84,  0 | TrAcc: 0.8636, TrLoss:  0.49204, VaAcc: 0.8496, VaLoss:  0.52128	 MAP NN | Acc: 0.8804 | Loss: 0.4454
 85,  0 | TrAcc: 0.8597, TrLoss:  0.49765, VaAcc: 0.8580, VaLoss:  0.50851	 MAP NN | Acc: 0.8824 | Loss: 0.4300
 86,  0 | TrAcc: 0.8612, TrLoss:  0.51563, VaAcc: 0.8400, VaLoss:  0.56007	 MAP NN | Acc: 0.8844 | Loss: 0.4252
 87,  0 | TrAcc: 0.8503, TrLoss:  0.51408, VaAcc: 0.8056, VaLoss:  0.64025	 MAP NN | Acc: 0.8844 | Loss: 0.4304
 88,  0 | TrAcc: 0.8554, TrLoss:  0.52106, VaAcc: 0.8556, VaLoss:  0.51151	 MAP NN | Acc: 0.8744 | Loss: 0.4310
 89,  0 | TrAcc: 0.8593, TrLoss:  0.48265, VaAcc: 0.8384, VaLoss:  0.58538	 MAP NN | Acc: 0.8704 | Loss: 0.4261
 90,  0 | TrAcc: 0.8682, TrLoss:  0.46710, VaAcc: 0.8428, VaLoss:  0.54184	 MAP NN | Acc: 0.8764 | Loss: 0.4407
 91,  0 | TrAcc: 0.8799, TrLoss:  0.42273, VaAcc: 0.8476, VaLoss:  0.52051	 MAP NN | Acc: 0.8724 | Loss: 0.4592
 92,  0 | TrAcc: 0.8385, TrLoss:  0.53910, VaAcc: 0.8492, VaLoss:  0.54067	 MAP NN | Acc: 0.8764 | Loss: 0.4419
 93,  0 | TrAcc: 0.8489, TrLoss:  0.50590, VaAcc: 0.8364, VaLoss:  0.57160	 MAP NN | Acc: 0.8824 | Loss: 0.4341
 94,  0 | TrAcc: 0.8502, TrLoss:  0.51373, VaAcc: 0.8424, VaLoss:  0.55363	 MAP NN | Acc: 0.8804 | Loss: 0.4338
 95,  0 | TrAcc: 0.8642, TrLoss:  0.46266, VaAcc: 0.8432, VaLoss:  0.55222	 MAP NN | Acc: 0.8804 | Loss: 0.4233
 96,  0 | TrAcc: 0.8702, TrLoss:  0.45612, VaAcc: 0.8512, VaLoss:  0.54280	 MAP NN | Acc: 0.8744 | Loss: 0.4264
 97,  0 | TrAcc: 0.8810, TrLoss:  0.42926, VaAcc: 0.8508, VaLoss:  0.51849	 MAP NN | Acc: 0.8884 | Loss: 0.4117
 98,  0 | TrAcc: 0.8562, TrLoss:  0.50181, VaAcc: 0.8536, VaLoss:  0.50193	 MAP NN | Acc: 0.8904 | Loss: 0.4016
 99,  0 | TrAcc: 0.8651, TrLoss:  0.46641, VaAcc: 0.8516, VaLoss:  0.53395	 MAP NN | Acc: 0.8924 | Loss: 0.4011
100,  0 | TrAcc: 0.8637, TrLoss:  0.46696, VaAcc: 0.8544, VaLoss:  0.49320	 MAP NN | Acc: 0.8884 | Loss: 0.4072
101,  0 | TrAcc: 0.8761, TrLoss:  0.45296, VaAcc: 0.8520, VaLoss:  0.49568	 MAP NN | Acc: 0.8784 | Loss: 0.4178
102,  0 | TrAcc: 0.8577, TrLoss:  0.48728, VaAcc: 0.8468, VaLoss:  0.51865	 MAP NN | Acc: 0.8784 | Loss: 0.4234
103,  0 | TrAcc: 0.8670, TrLoss:  0.47034, VaAcc: 0.8448, VaLoss:  0.53078	 MAP NN | Acc: 0.8824 | Loss: 0.4212
104,  0 | TrAcc: 0.8818, TrLoss:  0.41214, VaAcc: 0.8540, VaLoss:  0.50194	 MAP NN | Acc: 0.8804 | Loss: 0.4220
105,  0 | TrAcc: 0.8613, TrLoss:  0.49625, VaAcc: 0.8660, VaLoss:  0.46818	 MAP NN | Acc: 0.8824 | Loss: 0.4173
106,  0 | TrAcc: 0.8630, TrLoss:  0.46545, VaAcc: 0.8568, VaLoss:  0.49483	 MAP NN | Acc: 0.8884 | Loss: 0.4101
107,  0 | TrAcc: 0.8888, TrLoss:  0.39787, VaAcc: 0.8552, VaLoss:  0.50537	 MAP NN | Acc: 0.9024 | Loss: 0.3965
108,  0 | TrAcc: 0.8629, TrLoss:  0.46872, VaAcc: 0.8548, VaLoss:  0.49733	 MAP NN | Acc: 0.8944 | Loss: 0.3915
109,  0 | TrAcc: 0.8740, TrLoss:  0.42931, VaAcc: 0.8540, VaLoss:  0.51289	 MAP NN | Acc: 0.8924 | Loss: 0.3927
110,  0 | TrAcc: 0.8814, TrLoss:  0.42120, VaAcc: 0.8588, VaLoss:  0.46857	 MAP NN | Acc: 0.8824 | Loss: 0.3950
111,  0 | TrAcc: 0.8710, TrLoss:  0.46275, VaAcc: 0.8544, VaLoss:  0.46395	 MAP NN | Acc: 0.8884 | Loss: 0.3836
112,  0 | TrAcc: 0.8769, TrLoss:  0.44481, VaAcc: 0.8620, VaLoss:  0.50626	 MAP NN | Acc: 0.8944 | Loss: 0.3699
113,  0 | TrAcc: 0.8661, TrLoss:  0.44263, VaAcc: 0.8460, VaLoss:  0.53832	 MAP NN | Acc: 0.9004 | Loss: 0.3592
114,  0 | TrAcc: 0.8720, TrLoss:  0.43463, VaAcc: 0.8580, VaLoss:  0.47240	 MAP NN | Acc: 0.8864 | Loss: 0.3634
115,  0 | TrAcc: 0.8815, TrLoss:  0.41360, VaAcc: 0.8544, VaLoss:  0.45519	 MAP NN | Acc: 0.8864 | Loss: 0.3720
116,  0 | TrAcc: 0.8584, TrLoss:  0.47675, VaAcc: 0.8588, VaLoss:  0.49436	 MAP NN | Acc: 0.8844 | Loss: 0.3798
117,  0 | TrAcc: 0.8837, TrLoss:  0.40048, VaAcc: 0.8428, VaLoss:  0.50624	 MAP NN | Acc: 0.8884 | Loss: 0.3614
118,  0 | TrAcc: 0.8648, TrLoss:  0.45772, VaAcc: 0.8524, VaLoss:  0.49658	 MAP NN | Acc: 0.8924 | Loss: 0.3482
119,  0 | TrAcc: 0.8799, TrLoss:  0.42533, VaAcc: 0.8516, VaLoss:  0.48835	 MAP NN | Acc: 0.8924 | Loss: 0.3427
120,  0 | TrAcc: 0.8858, TrLoss:  0.38980, VaAcc: 0.8568, VaLoss:  0.45788	 MAP NN | Acc: 0.8964 | Loss: 0.3459
121,  0 | TrAcc: 0.8728, TrLoss:  0.43635, VaAcc: 0.8696, VaLoss:  0.45208	 MAP NN | Acc: 0.8944 | Loss: 0.3587
122,  0 | TrAcc: 0.8630, TrLoss:  0.46662, VaAcc: 0.8568, VaLoss:  0.50157	 MAP NN | Acc: 0.8984 | Loss: 0.3583
123,  0 | TrAcc: 0.8934, TrLoss:  0.36486, VaAcc: 0.8636, VaLoss:  0.47135	 MAP NN | Acc: 0.8924 | Loss: 0.3635
124,  0 | TrAcc: 0.8756, TrLoss:  0.43865, VaAcc: 0.8684, VaLoss:  0.45681	 MAP NN | Acc: 0.8924 | Loss: 0.3620
125,  0 | TrAcc: 0.8856, TrLoss:  0.40426, VaAcc: 0.8540, VaLoss:  0.48822	 MAP NN | Acc: 0.8904 | Loss: 0.3806
126,  0 | TrAcc: 0.8853, TrLoss:  0.41287, VaAcc: 0.8588, VaLoss:  0.48725	 MAP NN | Acc: 0.8864 | Loss: 0.3718
127,  0 | TrAcc: 0.8847, TrLoss:  0.39613, VaAcc: 0.8632, VaLoss:  0.45337	 MAP NN | Acc: 0.8924 | Loss: 0.3493
128,  0 | TrAcc: 0.8682, TrLoss:  0.44938, VaAcc: 0.8664, VaLoss:  0.43976	 MAP NN | Acc: 0.8924 | Loss: 0.3446
129,  0 | TrAcc: 0.8698, TrLoss:  0.42448, VaAcc: 0.8608, VaLoss:  0.46710	 MAP NN | Acc: 0.8924 | Loss: 0.3386
130,  0 | TrAcc: 0.8851, TrLoss:  0.39150, VaAcc: 0.8688, VaLoss:  0.44722	 MAP NN | Acc: 0.8864 | Loss: 0.3499
131,  0 | TrAcc: 0.8816, TrLoss:  0.40623, VaAcc: 0.8708, VaLoss:  0.44584	 MAP NN | Acc: 0.8964 | Loss: 0.3312
132,  0 | TrAcc: 0.8904, TrLoss:  0.38709, VaAcc: 0.8632, VaLoss:  0.46736	 MAP NN | Acc: 0.9024 | Loss: 0.3265
133,  0 | TrAcc: 0.8822, TrLoss:  0.39502, VaAcc: 0.8756, VaLoss:  0.43743	 MAP NN | Acc: 0.8924 | Loss: 0.3583
134,  0 | TrAcc: 0.8743, TrLoss:  0.42413, VaAcc: 0.8536, VaLoss:  0.47063	 MAP NN | Acc: 0.8964 | Loss: 0.3531
135,  0 | TrAcc: 0.8813, TrLoss:  0.41151, VaAcc: 0.8604, VaLoss:  0.47561	 MAP NN | Acc: 0.8964 | Loss: 0.3545
136,  0 | TrAcc: 0.8737, TrLoss:  0.42875, VaAcc: 0.8724, VaLoss:  0.44467	 MAP NN | Acc: 0.8944 | Loss: 0.3494
137,  0 | TrAcc: 0.9008, TrLoss:  0.35113, VaAcc: 0.8760, VaLoss:  0.42601	 MAP NN | Acc: 0.9004 | Loss: 0.3451
138,  0 | TrAcc: 0.8765, TrLoss:  0.41992, VaAcc: 0.8696, VaLoss:  0.42956	 MAP NN | Acc: 0.9024 | Loss: 0.3371
139,  0 | TrAcc: 0.8940, TrLoss:  0.36341, VaAcc: 0.8652, VaLoss:  0.44727	 MAP NN | Acc: 0.9004 | Loss: 0.3359
140,  0 | TrAcc: 0.8779, TrLoss:  0.42756, VaAcc: 0.8740, VaLoss:  0.42778	 MAP NN | Acc: 0.9004 | Loss: 0.3467
141,  0 | TrAcc: 0.8902, TrLoss:  0.38641, VaAcc: 0.8764, VaLoss:  0.41440	 MAP NN | Acc: 0.9004 | Loss: 0.3365
142,  0 | TrAcc: 0.8845, TrLoss:  0.39677, VaAcc: 0.8648, VaLoss:  0.43709	 MAP NN | Acc: 0.9020 | Loss: 0.3332
143,  0 | TrAcc: 0.8787, TrLoss:  0.40869, VaAcc: 0.8580, VaLoss:  0.45879	 MAP NN | Acc: 0.8924 | Loss: 0.3469
144,  0 | TrAcc: 0.8972, TrLoss:  0.35237, VaAcc: 0.8684, VaLoss:  0.42847	 MAP NN | Acc: 0.8984 | Loss: 0.3434
145,  0 | TrAcc: 0.8901, TrLoss:  0.38915, VaAcc: 0.8592, VaLoss:  0.45155	 MAP NN | Acc: 0.9004 | Loss: 0.3244
146,  0 | TrAcc: 0.9057, TrLoss:  0.32255, VaAcc: 0.8648, VaLoss:  0.47325	 MAP NN | Acc: 0.9004 | Loss: 0.3221
147,  0 | TrAcc: 0.8979, TrLoss:  0.35405, VaAcc: 0.8688, VaLoss:  0.44357	 MAP NN | Acc: 0.8940 | Loss: 0.3337
148,  0 | TrAcc: 0.8992, TrLoss:  0.35861, VaAcc: 0.8712, VaLoss:  0.43884	 MAP NN | Acc: 0.8964 | Loss: 0.3321
149,  0 | TrAcc: 0.9047, TrLoss:  0.33018, VaAcc: 0.8676, VaLoss:  0.44980	 MAP NN | Acc: 0.9004 | Loss: 0.3248
150,  0 | TrAcc: 0.8831, TrLoss:  0.38548, VaAcc: 0.8812, VaLoss:  0.40538	 MAP NN | Acc: 0.8964 | Loss: 0.3262
151,  0 | TrAcc: 0.8935, TrLoss:  0.36101, VaAcc: 0.8672, VaLoss:  0.43091	 MAP NN | Acc: 0.9004 | Loss: 0.3189
152,  0 | TrAcc: 0.8863, TrLoss:  0.38241, VaAcc: 0.8760, VaLoss:  0.42454	 MAP NN | Acc: 0.8964 | Loss: 0.3164
153,  0 | TrAcc: 0.8881, TrLoss:  0.38354, VaAcc: 0.8536, VaLoss:  0.47450	 MAP NN | Acc: 0.9044 | Loss: 0.3140
154,  0 | TrAcc: 0.8792, TrLoss:  0.38517, VaAcc: 0.8780, VaLoss:  0.41632	 MAP NN | Acc: 0.9064 | Loss: 0.3160
155,  0 | TrAcc: 0.8889, TrLoss:  0.37854, VaAcc: 0.8792, VaLoss:  0.42782	 MAP NN | Acc: 0.9104 | Loss: 0.3049
156,  0 | TrAcc: 0.8818, TrLoss:  0.39705, VaAcc: 0.8696, VaLoss:  0.44047	 MAP NN | Acc: 0.9064 | Loss: 0.3046
157,  0 | TrAcc: 0.8900, TrLoss:  0.35660, VaAcc: 0.8776, VaLoss:  0.44430	 MAP NN | Acc: 0.9044 | Loss: 0.3116
158,  0 | TrAcc: 0.8885, TrLoss:  0.37478, VaAcc: 0.8784, VaLoss:  0.39998	 MAP NN | Acc: 0.9004 | Loss: 0.3225
159,  0 | TrAcc: 0.9113, TrLoss:  0.30462, VaAcc: 0.8708, VaLoss:  0.41694	 MAP NN | Acc: 0.8984 | Loss: 0.3296
160,  0 | TrAcc: 0.8880, TrLoss:  0.38222, VaAcc: 0.8816, VaLoss:  0.39989	 MAP NN | Acc: 0.9024 | Loss: 0.3221
161,  0 | TrAcc: 0.8785, TrLoss:  0.41456, VaAcc: 0.8764, VaLoss:  0.40311	 MAP NN | Acc: 0.8944 | Loss: 0.3263
162,  0 | TrAcc: 0.8917, TrLoss:  0.36988, VaAcc: 0.8556, VaLoss:  0.48615	 MAP NN | Acc: 0.8944 | Loss: 0.3196
163,  0 | TrAcc: 0.8981, TrLoss:  0.35265, VaAcc: 0.8728, VaLoss:  0.42647	 MAP NN | Acc: 0.9044 | Loss: 0.2987
164,  0 | TrAcc: 0.8849, TrLoss:  0.36971, VaAcc: 0.8800, VaLoss:  0.41391	 MAP NN | Acc: 0.9104 | Loss: 0.2869
165,  0 | TrAcc: 0.8903, TrLoss:  0.36336, VaAcc: 0.8712, VaLoss:  0.43217	 MAP NN | Acc: 0.9184 | Loss: 0.2705
166,  0 | TrAcc: 0.8931, TrLoss:  0.35247, VaAcc: 0.8744, VaLoss:  0.39913	 MAP NN | Acc: 0.9224 | Loss: 0.2676
167,  0 | TrAcc: 0.8919, TrLoss:  0.36335, VaAcc: 0.8892, VaLoss:  0.38275	 MAP NN | Acc: 0.9144 | Loss: 0.2879
168,  0 | TrAcc: 0.8821, TrLoss:  0.38552, VaAcc: 0.8848, VaLoss:  0.39175	 MAP NN | Acc: 0.9164 | Loss: 0.3011
169,  0 | TrAcc: 0.8898, TrLoss:  0.38618, VaAcc: 0.8748, VaLoss:  0.40361	 MAP NN | Acc: 0.9204 | Loss: 0.2895
170,  0 | TrAcc: 0.9122, TrLoss:  0.31276, VaAcc: 0.8916, VaLoss:  0.37976	 MAP NN | Acc: 0.9224 | Loss: 0.2878
171,  0 | TrAcc: 0.9072, TrLoss:  0.32320, VaAcc: 0.8712, VaLoss:  0.42024	 MAP NN | Acc: 0.9204 | Loss: 0.2882
172,  0 | TrAcc: 0.8981, TrLoss:  0.34421, VaAcc: 0.8720, VaLoss:  0.42758	 MAP NN | Acc: 0.9264 | Loss: 0.2912
173,  0 | TrAcc: 0.8973, TrLoss:  0.34686, VaAcc: 0.8784, VaLoss:  0.40955	 MAP NN | Acc: 0.9244 | Loss: 0.2893
174,  0 | TrAcc: 0.9127, TrLoss:  0.31321, VaAcc: 0.8860, VaLoss:  0.39634	 MAP NN | Acc: 0.9244 | Loss: 0.2788
175,  0 | TrAcc: 0.9143, TrLoss:  0.31464, VaAcc: 0.8848, VaLoss:  0.40711	 MAP NN | Acc: 0.9360 | Loss: 0.2691
176,  0 | TrAcc: 0.9013, TrLoss:  0.35303, VaAcc: 0.8848, VaLoss:  0.41404	 MAP NN | Acc: 0.9360 | Loss: 0.2637
177,  0 | TrAcc: 0.9081, TrLoss:  0.31442, VaAcc: 0.8728, VaLoss:  0.42182	 MAP NN | Acc: 0.9220 | Loss: 0.2812
178,  0 | TrAcc: 0.8925, TrLoss:  0.36247, VaAcc: 0.8772, VaLoss:  0.41115	 MAP NN | Acc: 0.9240 | Loss: 0.2886
179,  0 | TrAcc: 0.9000, TrLoss:  0.34625, VaAcc: 0.8908, VaLoss:  0.36475	 MAP NN | Acc: 0.9280 | Loss: 0.2672
180,  0 | TrAcc: 0.9072, TrLoss:  0.31696, VaAcc: 0.8748, VaLoss:  0.40628	 MAP NN | Acc: 0.9240 | Loss: 0.2753
181,  0 | TrAcc: 0.8970, TrLoss:  0.33630, VaAcc: 0.8840, VaLoss:  0.39917	 MAP NN | Acc: 0.9280 | Loss: 0.2780
182,  0 | TrAcc: 0.8929, TrLoss:  0.36555, VaAcc: 0.8892, VaLoss:  0.37826	 MAP NN | Acc: 0.9320 | Loss: 0.2709
183,  0 | TrAcc: 0.9124, TrLoss:  0.28166, VaAcc: 0.8836, VaLoss:  0.38347	 MAP NN | Acc: 0.9320 | Loss: 0.2765
184,  0 | TrAcc: 0.9023, TrLoss:  0.33096, VaAcc: 0.8692, VaLoss:  0.43513	 MAP NN | Acc: 0.9200 | Loss: 0.2852
185,  0 | TrAcc: 0.8966, TrLoss:  0.35607, VaAcc: 0.8936, VaLoss:  0.37183	 MAP NN | Acc: 0.9180 | Loss: 0.2706
186,  0 | TrAcc: 0.9098, TrLoss:  0.31581, VaAcc: 0.8884, VaLoss:  0.36692	 MAP NN | Acc: 0.9240 | Loss: 0.2678
187,  0 | TrAcc: 0.9079, TrLoss:  0.30759, VaAcc: 0.8956, VaLoss:  0.36188	 MAP NN | Acc: 0.9240 | Loss: 0.2681
188,  0 | TrAcc: 0.8964, TrLoss:  0.34617, VaAcc: 0.8880, VaLoss:  0.37715	 MAP NN | Acc: 0.9260 | Loss: 0.2615
189,  0 | TrAcc: 0.9046, TrLoss:  0.31661, VaAcc: 0.8776, VaLoss:  0.39881	 MAP NN | Acc: 0.9260 | Loss: 0.2631
190,  0 | TrAcc: 0.8980, TrLoss:  0.33900, VaAcc: 0.8876, VaLoss:  0.37506	 MAP NN | Acc: 0.9360 | Loss: 0.2449
191,  0 | TrAcc: 0.8982, TrLoss:  0.33631, VaAcc: 0.8888, VaLoss:  0.37692	 MAP NN | Acc: 0.9380 | Loss: 0.2385
192,  0 | TrAcc: 0.9051, TrLoss:  0.31831, VaAcc: 0.8900, VaLoss:  0.37013	 MAP NN | Acc: 0.9200 | Loss: 0.2639
193,  0 | TrAcc: 0.9060, TrLoss:  0.31671, VaAcc: 0.8884, VaLoss:  0.38836	 MAP NN | Acc: 0.9300 | Loss: 0.2568
194,  0 | TrAcc: 0.9096, TrLoss:  0.30883, VaAcc: 0.8712, VaLoss:  0.42046	 MAP NN | Acc: 0.9320 | Loss: 0.2395
195,  0 | TrAcc: 0.8979, TrLoss:  0.34772, VaAcc: 0.8916, VaLoss:  0.37705	 MAP NN | Acc: 0.9300 | Loss: 0.2442
196,  0 | TrAcc: 0.9039, TrLoss:  0.32879, VaAcc: 0.8760, VaLoss:  0.38481	 MAP NN | Acc: 0.9300 | Loss: 0.2461
197,  0 | TrAcc: 0.9087, TrLoss:  0.31026, VaAcc: 0.8936, VaLoss:  0.35015	 MAP NN | Acc: 0.9280 | Loss: 0.2596
198,  0 | TrAcc: 0.9040, TrLoss:  0.31778, VaAcc: 0.8876, VaLoss:  0.38748	 MAP NN | Acc: 0.9260 | Loss: 0.2721
199,  0 | TrAcc: 0.9107, TrLoss:  0.29859, VaAcc: 0.8948, VaLoss:  0.34790	 MAP NN | Acc: 0.9280 | Loss: 0.2702
200,  0 | TrAcc: 0.9146, TrLoss:  0.29024, VaAcc: 0.8844, VaLoss:  0.38037	 MAP NN | Acc: 0.9220 | Loss: 0.2608
201,  0 | TrAcc: 0.9130, TrLoss:  0.30754, VaAcc: 0.8908, VaLoss:  0.36362	 MAP NN | Acc: 0.9280 | Loss: 0.2498
202,  0 | TrAcc: 0.9044, TrLoss:  0.33070, VaAcc: 0.8920, VaLoss:  0.36607	 MAP NN | Acc: 0.9280 | Loss: 0.2505
203,  0 | TrAcc: 0.9037, TrLoss:  0.32285, VaAcc: 0.8888, VaLoss:  0.35271	 MAP NN | Acc: 0.9200 | Loss: 0.2795
204,  0 | TrAcc: 0.9128, TrLoss:  0.29913, VaAcc: 0.8852, VaLoss:  0.37920	 MAP NN | Acc: 0.9200 | Loss: 0.2780
205,  0 | TrAcc: 0.9006, TrLoss:  0.33864, VaAcc: 0.8792, VaLoss:  0.39487	 MAP NN | Acc: 0.9280 | Loss: 0.2577
206,  0 | TrAcc: 0.9206, TrLoss:  0.27539, VaAcc: 0.8880, VaLoss:  0.37788	 MAP NN | Acc: 0.9300 | Loss: 0.2496
207,  0 | TrAcc: 0.9103, TrLoss:  0.31210, VaAcc: 0.8788, VaLoss:  0.39579	 MAP NN | Acc: 0.9300 | Loss: 0.2661
208,  0 | TrAcc: 0.9052, TrLoss:  0.31463, VaAcc: 0.8968, VaLoss:  0.33891	 MAP NN | Acc: 0.9240 | Loss: 0.2763
209,  0 | TrAcc: 0.9083, TrLoss:  0.31449, VaAcc: 0.8920, VaLoss:  0.36146	 MAP NN | Acc: 0.9260 | Loss: 0.2731
210,  0 | TrAcc: 0.9100, TrLoss:  0.30209, VaAcc: 0.9052, VaLoss:  0.34267	 MAP NN | Acc: 0.9240 | Loss: 0.2755
211,  0 | TrAcc: 0.9104, TrLoss:  0.29790, VaAcc: 0.8912, VaLoss:  0.34947	 MAP NN | Acc: 0.9320 | Loss: 0.2544
212,  0 | TrAcc: 0.9199, TrLoss:  0.27935, VaAcc: 0.8912, VaLoss:  0.36547	 MAP NN | Acc: 0.9340 | Loss: 0.2477
213,  0 | TrAcc: 0.9135, TrLoss:  0.28544, VaAcc: 0.9052, VaLoss:  0.33067	 MAP NN | Acc: 0.9340 | Loss: 0.2450
214,  0 | TrAcc: 0.9165, TrLoss:  0.27461, VaAcc: 0.8956, VaLoss:  0.35650	 MAP NN | Acc: 0.9380 | Loss: 0.2452
215,  0 | TrAcc: 0.8994, TrLoss:  0.34342, VaAcc: 0.8840, VaLoss:  0.37230	 MAP NN | Acc: 0.9360 | Loss: 0.2407
216,  0 | TrAcc: 0.9117, TrLoss:  0.29047, VaAcc: 0.8912, VaLoss:  0.36076	 MAP NN | Acc: 0.9380 | Loss: 0.2412
217,  0 | TrAcc: 0.9185, TrLoss:  0.27690, VaAcc: 0.8964, VaLoss:  0.33909	 MAP NN | Acc: 0.9320 | Loss: 0.2559
218,  0 | TrAcc: 0.9089, TrLoss:  0.30253, VaAcc: 0.8880, VaLoss:  0.36392	 MAP NN | Acc: 0.9300 | Loss: 0.2593
219,  0 | TrAcc: 0.9142, TrLoss:  0.27575, VaAcc: 0.8980, VaLoss:  0.34453	 MAP NN | Acc: 0.9320 | Loss: 0.2524
220,  0 | TrAcc: 0.9027, TrLoss:  0.32220, VaAcc: 0.8972, VaLoss:  0.36617	 MAP NN | Acc: 0.9300 | Loss: 0.2513
221,  0 | TrAcc: 0.9124, TrLoss:  0.28990, VaAcc: 0.8964, VaLoss:  0.34504	 MAP NN | Acc: 0.9360 | Loss: 0.2465
222,  0 | TrAcc: 0.9140, TrLoss:  0.29375, VaAcc: 0.8836, VaLoss:  0.37850	 MAP NN | Acc: 0.9340 | Loss: 0.2444
223,  0 | TrAcc: 0.9139, TrLoss:  0.29271, VaAcc: 0.8884, VaLoss:  0.36196	 MAP NN | Acc: 0.9340 | Loss: 0.2463
224,  0 | TrAcc: 0.9140, TrLoss:  0.28798, VaAcc: 0.8860, VaLoss:  0.37436	 MAP NN | Acc: 0.9340 | Loss: 0.2405
225,  0 | TrAcc: 0.9172, TrLoss:  0.27299, VaAcc: 0.9016, VaLoss:  0.34671	 MAP NN | Acc: 0.9280 | Loss: 0.2507
226,  0 | TrAcc: 0.9236, TrLoss:  0.26936, VaAcc: 0.8968, VaLoss:  0.36078	 MAP NN | Acc: 0.9380 | Loss: 0.2465
227,  0 | TrAcc: 0.9144, TrLoss:  0.28410, VaAcc: 0.8984, VaLoss:  0.34880	 MAP NN | Acc: 0.9360 | Loss: 0.2442
228,  0 | TrAcc: 0.9068, TrLoss:  0.30539, VaAcc: 0.8924, VaLoss:  0.37285	 MAP NN | Acc: 0.9400 | Loss: 0.2375
229,  0 | TrAcc: 0.9095, TrLoss:  0.31840, VaAcc: 0.9060, VaLoss:  0.31769	 MAP NN | Acc: 0.9360 | Loss: 0.2496
230,  0 | TrAcc: 0.9038, TrLoss:  0.31124, VaAcc: 0.8988, VaLoss:  0.34275	 MAP NN | Acc: 0.9360 | Loss: 0.2443
231,  0 | TrAcc: 0.9223, TrLoss:  0.27057, VaAcc: 0.8956, VaLoss:  0.33211	 MAP NN | Acc: 0.9400 | Loss: 0.2464
232,  0 | TrAcc: 0.9219, TrLoss:  0.25827, VaAcc: 0.8988, VaLoss:  0.35595	 MAP NN | Acc: 0.9340 | Loss: 0.2607
233,  0 | TrAcc: 0.9336, TrLoss:  0.24753, VaAcc: 0.8952, VaLoss:  0.34627	 MAP NN | Acc: 0.9300 | Loss: 0.2572
234,  0 | TrAcc: 0.9112, TrLoss:  0.28706, VaAcc: 0.8932, VaLoss:  0.34740	 MAP NN | Acc: 0.9240 | Loss: 0.2742
235,  0 | TrAcc: 0.9216, TrLoss:  0.27899, VaAcc: 0.9092, VaLoss:  0.32137	 MAP NN | Acc: 0.9300 | Loss: 0.2456
236,  0 | TrAcc: 0.9260, TrLoss:  0.27976, VaAcc: 0.8956, VaLoss:  0.33981	 MAP NN | Acc: 0.9340 | Loss: 0.2342
237,  0 | TrAcc: 0.9298, TrLoss:  0.24449, VaAcc: 0.8904, VaLoss:  0.34544	 MAP NN | Acc: 0.9360 | Loss: 0.2336
238,  0 | TrAcc: 0.9349, TrLoss:  0.22478, VaAcc: 0.8992, VaLoss:  0.33993	 MAP NN | Acc: 0.9320 | Loss: 0.2477
239,  0 | TrAcc: 0.9174, TrLoss:  0.26254, VaAcc: 0.8980, VaLoss:  0.36301	 MAP NN | Acc: 0.9280 | Loss: 0.2556
240,  0 | TrAcc: 0.9184, TrLoss:  0.26804, VaAcc: 0.8988, VaLoss:  0.33308	 MAP NN | Acc: 0.9240 | Loss: 0.2559
241,  0 | TrAcc: 0.9135, TrLoss:  0.29681, VaAcc: 0.9076, VaLoss:  0.31694	 MAP NN | Acc: 0.9220 | Loss: 0.2571
242,  0 | TrAcc: 0.9126, TrLoss:  0.28054, VaAcc: 0.9072, VaLoss:  0.32757	 MAP NN | Acc: 0.9240 | Loss: 0.2548
243,  0 | TrAcc: 0.9221, TrLoss:  0.25695, VaAcc: 0.9048, VaLoss:  0.32901	 MAP NN | Acc: 0.9240 | Loss: 0.2497
244,  0 | TrAcc: 0.9346, TrLoss:  0.23445, VaAcc: 0.9020, VaLoss:  0.33749	 MAP NN | Acc: 0.9300 | Loss: 0.2455
245,  0 | TrAcc: 0.9252, TrLoss:  0.26484, VaAcc: 0.9028, VaLoss:  0.33828	 MAP NN | Acc: 0.9320 | Loss: 0.2395
246,  0 | TrAcc: 0.9207, TrLoss:  0.26599, VaAcc: 0.9076, VaLoss:  0.32424	 MAP NN | Acc: 0.9340 | Loss: 0.2303
247,  0 | TrAcc: 0.9165, TrLoss:  0.29125, VaAcc: 0.9084, VaLoss:  0.31611	 MAP NN | Acc: 0.9400 | Loss: 0.2235
248,  0 | TrAcc: 0.9261, TrLoss:  0.24623, VaAcc: 0.9084, VaLoss:  0.30909	 MAP NN | Acc: 0.9380 | Loss: 0.2221
249,  0 | TrAcc: 0.9067, TrLoss:  0.28528, VaAcc: 0.9080, VaLoss:  0.32251	 MAP NN | Acc: 0.9340 | Loss: 0.2294
250,  0 | TrAcc: 0.9245, TrLoss:  0.25158, VaAcc: 0.9012, VaLoss:  0.34321	 MAP NN | Acc: 0.9320 | Loss: 0.2335
251,  0 | TrAcc: 0.9197, TrLoss:  0.27722, VaAcc: 0.8980, VaLoss:  0.34205	 MAP NN | Acc: 0.9280 | Loss: 0.2332
252,  0 | TrAcc: 0.9201, TrLoss:  0.25858, VaAcc: 0.9068, VaLoss:  0.31711	 MAP NN | Acc: 0.9340 | Loss: 0.2290
253,  0 | TrAcc: 0.9141, TrLoss:  0.28553, VaAcc: 0.8928, VaLoss:  0.34796	 MAP NN | Acc: 0.9360 | Loss: 0.2220
254,  0 | TrAcc: 0.9209, TrLoss:  0.26656, VaAcc: 0.9108, VaLoss:  0.31332	 MAP NN | Acc: 0.9360 | Loss: 0.2245
255,  0 | TrAcc: 0.9132, TrLoss:  0.28134, VaAcc: 0.8992, VaLoss:  0.34440	 MAP NN | Acc: 0.9320 | Loss: 0.2167
256,  0 | TrAcc: 0.9305, TrLoss:  0.23545, VaAcc: 0.9004, VaLoss:  0.34503	 MAP NN | Acc: 0.9360 | Loss: 0.2189
257,  0 | TrAcc: 0.9231, TrLoss:  0.25147, VaAcc: 0.8936, VaLoss:  0.34962	 MAP NN | Acc: 0.9400 | Loss: 0.2182
258,  0 | TrAcc: 0.9243, TrLoss:  0.26040, VaAcc: 0.8968, VaLoss:  0.34252	 MAP NN | Acc: 0.9400 | Loss: 0.2108
259,  0 | TrAcc: 0.9206, TrLoss:  0.26174, VaAcc: 0.8984, VaLoss:  0.32949	 MAP NN | Acc: 0.9420 | Loss: 0.2103
260,  0 | TrAcc: 0.9298, TrLoss:  0.25512, VaAcc: 0.9020, VaLoss:  0.32464	 MAP NN | Acc: 0.9380 | Loss: 0.2144
261,  0 | TrAcc: 0.9231, TrLoss:  0.25903, VaAcc: 0.8972, VaLoss:  0.32849	 MAP NN | Acc: 0.9280 | Loss: 0.2192
262,  0 | TrAcc: 0.9232, TrLoss:  0.25118, VaAcc: 0.8936, VaLoss:  0.35124	 MAP NN | Acc: 0.9300 | Loss: 0.2201
263,  0 | TrAcc: 0.9217, TrLoss:  0.26008, VaAcc: 0.8980, VaLoss:  0.32584	 MAP NN | Acc: 0.9400 | Loss: 0.2092
264,  0 | TrAcc: 0.9214, TrLoss:  0.25214, VaAcc: 0.8924, VaLoss:  0.35079	 MAP NN | Acc: 0.9320 | Loss: 0.2190
265,  0 | TrAcc: 0.9198, TrLoss:  0.26003, VaAcc: 0.8988, VaLoss:  0.33996	 MAP NN | Acc: 0.9300 | Loss: 0.2251
266,  0 | TrAcc: 0.9249, TrLoss:  0.25684, VaAcc: 0.9160, VaLoss:  0.30420	 MAP NN | Acc: 0.9380 | Loss: 0.2125
267,  0 | TrAcc: 0.9268, TrLoss:  0.24760, VaAcc: 0.9024, VaLoss:  0.32235	 MAP NN | Acc: 0.9380 | Loss: 0.2078
268,  0 | TrAcc: 0.9259, TrLoss:  0.24248, VaAcc: 0.8988, VaLoss:  0.32986	 MAP NN | Acc: 0.9360 | Loss: 0.2124
269,  0 | TrAcc: 0.9219, TrLoss:  0.24590, VaAcc: 0.9048, VaLoss:  0.31756	 MAP NN | Acc: 0.9320 | Loss: 0.2237
270,  0 | TrAcc: 0.9272, TrLoss:  0.23973, VaAcc: 0.9016, VaLoss:  0.34479	 MAP NN | Acc: 0.9300 | Loss: 0.2327
271,  0 | TrAcc: 0.9239, TrLoss:  0.25259, VaAcc: 0.9020, VaLoss:  0.33994	 MAP NN | Acc: 0.9380 | Loss: 0.2232
272,  0 | TrAcc: 0.9196, TrLoss:  0.27024, VaAcc: 0.9112, VaLoss:  0.30496	 MAP NN | Acc: 0.9340 | Loss: 0.2315
273,  0 | TrAcc: 0.9334, TrLoss:  0.23123, VaAcc: 0.9120, VaLoss:  0.29439	 MAP NN | Acc: 0.9300 | Loss: 0.2364
274,  0 | TrAcc: 0.9373, TrLoss:  0.21878, VaAcc: 0.9056, VaLoss:  0.30730	 MAP NN | Acc: 0.9260 | Loss: 0.2360
275,  0 | TrAcc: 0.9211, TrLoss:  0.26847, VaAcc: 0.9068, VaLoss:  0.30685	 MAP NN | Acc: 0.9320 | Loss: 0.2246
276,  0 | TrAcc: 0.9217, TrLoss:  0.27030, VaAcc: 0.9064, VaLoss:  0.31445	 MAP NN | Acc: 0.9340 | Loss: 0.2190
277,  0 | TrAcc: 0.9233, TrLoss:  0.25840, VaAcc: 0.9084, VaLoss:  0.30469	 MAP NN | Acc: 0.9340 | Loss: 0.2176
278,  0 | TrAcc: 0.9309, TrLoss:  0.22937, VaAcc: 0.9104, VaLoss:  0.29623	 MAP NN | Acc: 0.9380 | Loss: 0.2225
279,  0 | TrAcc: 0.9338, TrLoss:  0.21430, VaAcc: 0.9128, VaLoss:  0.29994	 MAP NN | Acc: 0.9420 | Loss: 0.2170
280,  0 | TrAcc: 0.9183, TrLoss:  0.27882, VaAcc: 0.9140, VaLoss:  0.28173	 MAP NN | Acc: 0.9400 | Loss: 0.2135
281,  0 | TrAcc: 0.9232, TrLoss:  0.25634, VaAcc: 0.9036, VaLoss:  0.32386	 MAP NN | Acc: 0.9400 | Loss: 0.2169
282,  0 | TrAcc: 0.9293, TrLoss:  0.23711, VaAcc: 0.9096, VaLoss:  0.30719	 MAP NN | Acc: 0.9380 | Loss: 0.2142
283,  0 | TrAcc: 0.9130, TrLoss:  0.28166, VaAcc: 0.9052, VaLoss:  0.31416	 MAP NN | Acc: 0.9360 | Loss: 0.2198
284,  0 | TrAcc: 0.9416, TrLoss:  0.21723, VaAcc: 0.9120, VaLoss:  0.29952	 MAP NN | Acc: 0.9360 | Loss: 0.2176
285,  0 | TrAcc: 0.9182, TrLoss:  0.29319, VaAcc: 0.9112, VaLoss:  0.30579	 MAP NN | Acc: 0.9340 | Loss: 0.2217
286,  0 | TrAcc: 0.9293, TrLoss:  0.22549, VaAcc: 0.9104, VaLoss:  0.29148	 MAP NN | Acc: 0.9340 | Loss: 0.2219
287,  0 | TrAcc: 0.9312, TrLoss:  0.22515, VaAcc: 0.9144, VaLoss:  0.29976	 MAP NN | Acc: 0.9340 | Loss: 0.2243
288,  0 | TrAcc: 0.9262, TrLoss:  0.23437, VaAcc: 0.9104, VaLoss:  0.29610	 MAP NN | Acc: 0.9360 | Loss: 0.2120
289,  0 | TrAcc: 0.9218, TrLoss:  0.25926, VaAcc: 0.9084, VaLoss:  0.30930	 MAP NN | Acc: 0.9340 | Loss: 0.2094
290,  0 | TrAcc: 0.9316, TrLoss:  0.23715, VaAcc: 0.9224, VaLoss:  0.27431	 MAP NN | Acc: 0.9380 | Loss: 0.2083
291,  0 | TrAcc: 0.9302, TrLoss:  0.23870, VaAcc: 0.9148, VaLoss:  0.29548	 MAP NN | Acc: 0.9340 | Loss: 0.2113
292,  0 | TrAcc: 0.9298, TrLoss:  0.23667, VaAcc: 0.9148, VaLoss:  0.27950	 MAP NN | Acc: 0.9360 | Loss: 0.2080
293,  0 | TrAcc: 0.9366, TrLoss:  0.21942, VaAcc: 0.9148, VaLoss:  0.29269	 MAP NN | Acc: 0.9380 | Loss: 0.2051
294,  0 | TrAcc: 0.9242, TrLoss:  0.24418, VaAcc: 0.9060, VaLoss:  0.31175	 MAP NN | Acc: 0.9400 | Loss: 0.2041
295,  0 | TrAcc: 0.9236, TrLoss:  0.24109, VaAcc: 0.9080, VaLoss:  0.31240	 MAP NN | Acc: 0.9340 | Loss: 0.2076
296,  0 | TrAcc: 0.9375, TrLoss:  0.20635, VaAcc: 0.9012, VaLoss:  0.31715	 MAP NN | Acc: 0.9340 | Loss: 0.2080
297,  0 | TrAcc: 0.9351, TrLoss:  0.22664, VaAcc: 0.9000, VaLoss:  0.32581	 MAP NN | Acc: 0.9300 | Loss: 0.2113
298,  0 | TrAcc: 0.9262, TrLoss:  0.24744, VaAcc: 0.8916, VaLoss:  0.34432	 MAP NN | Acc: 0.9380 | Loss: 0.2094
299,  0 | TrAcc: 0.9282, TrLoss:  0.23638, VaAcc: 0.9108, VaLoss:  0.30277	 MAP NN | Acc: 0.9380 | Loss: 0.2089
300,  0 | TrAcc: 0.9297, TrLoss:  0.24248, VaAcc: 0.9144, VaLoss:  0.30617	 MAP NN | Acc: 0.9360 | Loss: 0.2100
301,  0 | TrAcc: 0.9259, TrLoss:  0.24636, VaAcc: 0.9144, VaLoss:  0.29715	 MAP NN | Acc: 0.9360 | Loss: 0.2103
302,  0 | TrAcc: 0.9289, TrLoss:  0.23284, VaAcc: 0.9052, VaLoss:  0.31059	 MAP NN | Acc: 0.9380 | Loss: 0.2050
303,  0 | TrAcc: 0.9375, TrLoss:  0.21165, VaAcc: 0.9068, VaLoss:  0.30155	 MAP NN | Acc: 0.9340 | Loss: 0.2011
304,  0 | TrAcc: 0.9336, TrLoss:  0.22758, VaAcc: 0.9188, VaLoss:  0.27295	 MAP NN | Acc: 0.9380 | Loss: 0.2044
305,  0 | TrAcc: 0.9283, TrLoss:  0.24937, VaAcc: 0.9196, VaLoss:  0.28624	 MAP NN | Acc: 0.9400 | Loss: 0.2026
306,  0 | TrAcc: 0.9273, TrLoss:  0.24364, VaAcc: 0.9064, VaLoss:  0.29683	 MAP NN | Acc: 0.9420 | Loss: 0.1959
307,  0 | TrAcc: 0.9283, TrLoss:  0.23157, VaAcc: 0.9076, VaLoss:  0.30355	 MAP NN | Acc: 0.9400 | Loss: 0.1998
308,  0 | TrAcc: 0.9364, TrLoss:  0.20891, VaAcc: 0.9116, VaLoss:  0.31947	 MAP NN | Acc: 0.9400 | Loss: 0.2006
309,  0 | TrAcc: 0.9289, TrLoss:  0.23521, VaAcc: 0.9092, VaLoss:  0.29819	 MAP NN | Acc: 0.9420 | Loss: 0.1993
310,  0 | TrAcc: 0.9361, TrLoss:  0.22959, VaAcc: 0.9140, VaLoss:  0.27447	 MAP NN | Acc: 0.9420 | Loss: 0.1962
311,  0 | TrAcc: 0.9308, TrLoss:  0.23034, VaAcc: 0.9100, VaLoss:  0.29432	 MAP NN | Acc: 0.9380 | Loss: 0.1997
312,  0 | TrAcc: 0.9301, TrLoss:  0.24164, VaAcc: 0.9156, VaLoss:  0.28015	 MAP NN | Acc: 0.9320 | Loss: 0.2045
313,  0 | TrAcc: 0.9291, TrLoss:  0.24165, VaAcc: 0.9080, VaLoss:  0.31364	 MAP NN | Acc: 0.9320 | Loss: 0.2107
314,  0 | TrAcc: 0.9314, TrLoss:  0.23052, VaAcc: 0.9168, VaLoss:  0.28803	 MAP NN | Acc: 0.9340 | Loss: 0.2096
315,  0 | TrAcc: 0.9276, TrLoss:  0.22985, VaAcc: 0.9160, VaLoss:  0.27431	 MAP NN | Acc: 0.9340 | Loss: 0.2116
316,  0 | TrAcc: 0.9313, TrLoss:  0.23534, VaAcc: 0.9024, VaLoss:  0.32302	 MAP NN | Acc: 0.9320 | Loss: 0.2123
317,  0 | TrAcc: 0.9338, TrLoss:  0.21602, VaAcc: 0.9196, VaLoss:  0.26637	 MAP NN | Acc: 0.9340 | Loss: 0.2076
318,  0 | TrAcc: 0.9352, TrLoss:  0.22939, VaAcc: 0.9140, VaLoss:  0.28094	 MAP NN | Acc: 0.9440 | Loss: 0.2028
319,  0 | TrAcc: 0.9359, TrLoss:  0.21426, VaAcc: 0.9136, VaLoss:  0.27521	 MAP NN | Acc: 0.9440 | Loss: 0.1966
320,  0 | TrAcc: 0.9305, TrLoss:  0.23609, VaAcc: 0.9100, VaLoss:  0.30417	 MAP NN | Acc: 0.9380 | Loss: 0.1911
321,  0 | TrAcc: 0.9310, TrLoss:  0.22908, VaAcc: 0.9200, VaLoss:  0.28141	 MAP NN | Acc: 0.9340 | Loss: 0.2035
322,  0 | TrAcc: 0.9263, TrLoss:  0.25176, VaAcc: 0.9156, VaLoss:  0.29638	 MAP NN | Acc: 0.9400 | Loss: 0.2096
323,  0 | TrAcc: 0.9137, TrLoss:  0.29243, VaAcc: 0.9000, VaLoss:  0.33199	 MAP NN | Acc: 0.9360 | Loss: 0.2126
324,  0 | TrAcc: 0.9285, TrLoss:  0.24661, VaAcc: 0.9188, VaLoss:  0.26735	 MAP NN | Acc: 0.9360 | Loss: 0.2085
325,  0 | TrAcc: 0.9335, TrLoss:  0.21387, VaAcc: 0.9100, VaLoss:  0.30200	 MAP NN | Acc: 0.9400 | Loss: 0.2045
326,  0 | TrAcc: 0.9294, TrLoss:  0.23792, VaAcc: 0.9120, VaLoss:  0.30290	 MAP NN | Acc: 0.9360 | Loss: 0.2053
327,  0 | TrAcc: 0.9371, TrLoss:  0.22814, VaAcc: 0.9080, VaLoss:  0.31033	 MAP NN | Acc: 0.9380 | Loss: 0.2016
328,  0 | TrAcc: 0.9360, TrLoss:  0.21067, VaAcc: 0.9112, VaLoss:  0.29700	 MAP NN | Acc: 0.9400 | Loss: 0.1995
329,  0 | TrAcc: 0.9350, TrLoss:  0.21773, VaAcc: 0.9164, VaLoss:  0.27665	 MAP NN | Acc: 0.9400 | Loss: 0.1946
330,  0 | TrAcc: 0.9250, TrLoss:  0.25852, VaAcc: 0.9080, VaLoss:  0.29209	 MAP NN | Acc: 0.9340 | Loss: 0.1980
331,  0 | TrAcc: 0.9277, TrLoss:  0.22719, VaAcc: 0.9284, VaLoss:  0.26827	 MAP NN | Acc: 0.9360 | Loss: 0.1983
332,  0 | TrAcc: 0.9383, TrLoss:  0.21852, VaAcc: 0.9076, VaLoss:  0.31089	 MAP NN | Acc: 0.9400 | Loss: 0.2013
333,  0 | TrAcc: 0.9336, TrLoss:  0.22106, VaAcc: 0.9180, VaLoss:  0.27088	 MAP NN | Acc: 0.9380 | Loss: 0.1999
334,  0 | TrAcc: 0.9375, TrLoss:  0.22157, VaAcc: 0.9060, VaLoss:  0.29973	 MAP NN | Acc: 0.9440 | Loss: 0.1921
335,  0 | TrAcc: 0.9325, TrLoss:  0.22607, VaAcc: 0.9156, VaLoss:  0.28040	 MAP NN | Acc: 0.9440 | Loss: 0.1895
336,  0 | TrAcc: 0.9378, TrLoss:  0.19371, VaAcc: 0.9096, VaLoss:  0.28833	 MAP NN | Acc: 0.9440 | Loss: 0.1917
337,  0 | TrAcc: 0.9347, TrLoss:  0.21836, VaAcc: 0.9096, VaLoss:  0.29364	 MAP NN | Acc: 0.9480 | Loss: 0.1940
338,  0 | TrAcc: 0.9359, TrLoss:  0.22019, VaAcc: 0.9036, VaLoss:  0.31214	 MAP NN | Acc: 0.9440 | Loss: 0.1930
339,  0 | TrAcc: 0.9312, TrLoss:  0.23120, VaAcc: 0.9160, VaLoss:  0.27268	 MAP NN | Acc: 0.9440 | Loss: 0.1982
340,  0 | TrAcc: 0.9421, TrLoss:  0.20717, VaAcc: 0.9168, VaLoss:  0.29885	 MAP NN | Acc: 0.9440 | Loss: 0.2058
341,  0 | TrAcc: 0.9174, TrLoss:  0.27569, VaAcc: 0.9204, VaLoss:  0.26977	 MAP NN | Acc: 0.9480 | Loss: 0.2038
342,  0 | TrAcc: 0.9483, TrLoss:  0.18861, VaAcc: 0.9232, VaLoss:  0.26608	 MAP NN | Acc: 0.9440 | Loss: 0.2031
343,  0 | TrAcc: 0.9377, TrLoss:  0.22269, VaAcc: 0.9164, VaLoss:  0.27882	 MAP NN | Acc: 0.9420 | Loss: 0.2054
344,  0 | TrAcc: 0.9246, TrLoss:  0.24698, VaAcc: 0.9156, VaLoss:  0.28992	 MAP NN | Acc: 0.9420 | Loss: 0.2012
345,  0 | TrAcc: 0.9206, TrLoss:  0.24969, VaAcc: 0.9184, VaLoss:  0.27988	 MAP NN | Acc: 0.9460 | Loss: 0.2027
346,  0 | TrAcc: 0.9393, TrLoss:  0.21108, VaAcc: 0.9076, VaLoss:  0.31074	 MAP NN | Acc: 0.9440 | Loss: 0.2000
347,  0 | TrAcc: 0.9412, TrLoss:  0.21202, VaAcc: 0.9144, VaLoss:  0.29385	 MAP NN | Acc: 0.9460 | Loss: 0.1987
348,  0 | TrAcc: 0.9447, TrLoss:  0.18836, VaAcc: 0.9116, VaLoss:  0.28219	 MAP NN | Acc: 0.9460 | Loss: 0.1951
349,  0 | TrAcc: 0.9296, TrLoss:  0.23583, VaAcc: 0.9284, VaLoss:  0.25089	 MAP NN | Acc: 0.9440 | Loss: 0.1940
350,  0 | TrAcc: 0.9451, TrLoss:  0.18955, VaAcc: 0.9224, VaLoss:  0.26846	 MAP NN | Acc: 0.9500 | Loss: 0.1904
351,  0 | TrAcc: 0.9393, TrLoss:  0.21247, VaAcc: 0.9156, VaLoss:  0.30128	 MAP NN | Acc: 0.9460 | Loss: 0.2005
352,  0 | TrAcc: 0.9409, TrLoss:  0.19947, VaAcc: 0.9176, VaLoss:  0.26991	 MAP NN | Acc: 0.9440 | Loss: 0.1994
353,  0 | TrAcc: 0.9330, TrLoss:  0.23497, VaAcc: 0.9152, VaLoss:  0.28562	 MAP NN | Acc: 0.9420 | Loss: 0.1964
354,  0 | TrAcc: 0.9266, TrLoss:  0.22252, VaAcc: 0.9140, VaLoss:  0.27336	 MAP NN | Acc: 0.9440 | Loss: 0.1947
355,  0 | TrAcc: 0.9428, TrLoss:  0.18881, VaAcc: 0.9184, VaLoss:  0.26425	 MAP NN | Acc: 0.9480 | Loss: 0.1828
356,  0 | TrAcc: 0.9373, TrLoss:  0.21632, VaAcc: 0.9064, VaLoss:  0.29395	 MAP NN | Acc: 0.9500 | Loss: 0.1825
357,  0 | TrAcc: 0.9436, TrLoss:  0.18373, VaAcc: 0.9248, VaLoss:  0.26566	 MAP NN | Acc: 0.9500 | Loss: 0.1835
358,  0 | TrAcc: 0.9325, TrLoss:  0.23566, VaAcc: 0.9148, VaLoss:  0.29734	 MAP NN | Acc: 0.9440 | Loss: 0.1858
359,  0 | TrAcc: 0.9234, TrLoss:  0.25049, VaAcc: 0.9296, VaLoss:  0.24338	 MAP NN | Acc: 0.9420 | Loss: 0.1876
360,  0 | TrAcc: 0.9346, TrLoss:  0.21150, VaAcc: 0.9224, VaLoss:  0.26109	 MAP NN | Acc: 0.9420 | Loss: 0.1927
361,  0 | TrAcc: 0.9413, TrLoss:  0.20861, VaAcc: 0.9164, VaLoss:  0.26783	 MAP NN | Acc: 0.9420 | Loss: 0.1917
362,  0 | TrAcc: 0.9370, TrLoss:  0.20568, VaAcc: 0.9168, VaLoss:  0.27037	 MAP NN | Acc: 0.9440 | Loss: 0.1889
363,  0 | TrAcc: 0.9389, TrLoss:  0.19681, VaAcc: 0.9160, VaLoss:  0.26895	 MAP NN | Acc: 0.9480 | Loss: 0.1912
364,  0 | TrAcc: 0.9350, TrLoss:  0.21052, VaAcc: 0.9128, VaLoss:  0.27435	 MAP NN | Acc: 0.9480 | Loss: 0.1928
365,  0 | TrAcc: 0.9394, TrLoss:  0.19838, VaAcc: 0.9184, VaLoss:  0.27282	 MAP NN | Acc: 0.9480 | Loss: 0.1955
366,  0 | TrAcc: 0.9372, TrLoss:  0.20433, VaAcc: 0.9224, VaLoss:  0.26346	 MAP NN | Acc: 0.9480 | Loss: 0.1943
367,  0 | TrAcc: 0.9328, TrLoss:  0.21445, VaAcc: 0.9168, VaLoss:  0.28687	 MAP NN | Acc: 0.9380 | Loss: 0.2049
368,  0 | TrAcc: 0.9449, TrLoss:  0.19404, VaAcc: 0.9148, VaLoss:  0.28104	 MAP NN | Acc: 0.9380 | Loss: 0.2080
369,  0 | TrAcc: 0.9319, TrLoss:  0.22044, VaAcc: 0.9140, VaLoss:  0.28888	 MAP NN | Acc: 0.9380 | Loss: 0.2086
370,  0 | TrAcc: 0.9305, TrLoss:  0.23066, VaAcc: 0.9160, VaLoss:  0.27867	 MAP NN | Acc: 0.9460 | Loss: 0.2037
371,  0 | TrAcc: 0.9417, TrLoss:  0.19335, VaAcc: 0.9208, VaLoss:  0.26700	 MAP NN | Acc: 0.9460 | Loss: 0.1973
372,  0 | TrAcc: 0.9515, TrLoss:  0.16407, VaAcc: 0.9200, VaLoss:  0.26817	 MAP NN | Acc: 0.9460 | Loss: 0.1974
373,  0 | TrAcc: 0.9408, TrLoss:  0.19821, VaAcc: 0.9168, VaLoss:  0.28211	 MAP NN | Acc: 0.9440 | Loss: 0.2050
374,  0 | TrAcc: 0.9419, TrLoss:  0.19518, VaAcc: 0.9188, VaLoss:  0.28395	 MAP NN | Acc: 0.9420 | Loss: 0.2060
375,  0 | TrAcc: 0.9398, TrLoss:  0.20098, VaAcc: 0.9152, VaLoss:  0.29522	 MAP NN | Acc: 0.9440 | Loss: 0.1995
376,  0 | TrAcc: 0.9475, TrLoss:  0.16939, VaAcc: 0.9176, VaLoss:  0.28534	 MAP NN | Acc: 0.9480 | Loss: 0.1949
377,  0 | TrAcc: 0.9362, TrLoss:  0.20984, VaAcc: 0.9192, VaLoss:  0.26918	 MAP NN | Acc: 0.9500 | Loss: 0.1881
378,  0 | TrAcc: 0.9453, TrLoss:  0.18262, VaAcc: 0.9224, VaLoss:  0.26724	 MAP NN | Acc: 0.9440 | Loss: 0.1924
379,  0 | TrAcc: 0.9366, TrLoss:  0.21994, VaAcc: 0.9204, VaLoss:  0.26885	 MAP NN | Acc: 0.9480 | Loss: 0.1931
380,  0 | TrAcc: 0.9363, TrLoss:  0.21544, VaAcc: 0.9224, VaLoss:  0.27350	 MAP NN | Acc: 0.9440 | Loss: 0.2007
381,  0 | TrAcc: 0.9402, TrLoss:  0.20066, VaAcc: 0.9132, VaLoss:  0.27648	 MAP NN | Acc: 0.9380 | Loss: 0.2017
382,  0 | TrAcc: 0.9393, TrLoss:  0.20491, VaAcc: 0.9216, VaLoss:  0.25771	 MAP NN | Acc: 0.9500 | Loss: 0.1924
383,  0 | TrAcc: 0.9416, TrLoss:  0.18991, VaAcc: 0.9116, VaLoss:  0.28695	 MAP NN | Acc: 0.9480 | Loss: 0.1942
384,  0 | TrAcc: 0.9513, TrLoss:  0.16149, VaAcc: 0.9268, VaLoss:  0.25775	 MAP NN | Acc: 0.9440 | Loss: 0.2002
385,  0 | TrAcc: 0.9400, TrLoss:  0.21337, VaAcc: 0.9236, VaLoss:  0.25666	 MAP NN | Acc: 0.9460 | Loss: 0.2005
386,  0 | TrAcc: 0.9424, TrLoss:  0.18908, VaAcc: 0.9204, VaLoss:  0.25965	 MAP NN | Acc: 0.9360 | Loss: 0.2010
387,  0 | TrAcc: 0.9378, TrLoss:  0.20110, VaAcc: 0.9220, VaLoss:  0.26426	 MAP NN | Acc: 0.9420 | Loss: 0.2031
388,  0 | TrAcc: 0.9329, TrLoss:  0.22167, VaAcc: 0.9188, VaLoss:  0.28325	 MAP NN | Acc: 0.9400 | Loss: 0.2131
389,  0 | TrAcc: 0.9350, TrLoss:  0.22091, VaAcc: 0.9244, VaLoss:  0.26262	 MAP NN | Acc: 0.9380 | Loss: 0.2200
390,  0 | TrAcc: 0.9366, TrLoss:  0.21653, VaAcc: 0.9272, VaLoss:  0.25215	 MAP NN | Acc: 0.9360 | Loss: 0.2220
391,  0 | TrAcc: 0.9446, TrLoss:  0.19181, VaAcc: 0.9284, VaLoss:  0.25539	 MAP NN | Acc: 0.9360 | Loss: 0.2133
392,  0 | TrAcc: 0.9430, TrLoss:  0.20175, VaAcc: 0.9176, VaLoss:  0.28979	 MAP NN | Acc: 0.9400 | Loss: 0.2152
393,  0 | TrAcc: 0.9370, TrLoss:  0.20313, VaAcc: 0.9188, VaLoss:  0.26731	 MAP NN | Acc: 0.9420 | Loss: 0.2151
394,  0 | TrAcc: 0.9358, TrLoss:  0.20719, VaAcc: 0.9204, VaLoss:  0.25052	 MAP NN | Acc: 0.9360 | Loss: 0.2160
395,  0 | TrAcc: 0.9430, TrLoss:  0.19425, VaAcc: 0.9200, VaLoss:  0.25687	 MAP NN | Acc: 0.9360 | Loss: 0.2066
396,  0 | TrAcc: 0.9487, TrLoss:  0.17247, VaAcc: 0.9212, VaLoss:  0.26151	 MAP NN | Acc: 0.9400 | Loss: 0.2052
397,  0 | TrAcc: 0.9422, TrLoss:  0.19131, VaAcc: 0.9232, VaLoss:  0.25657	 MAP NN | Acc: 0.9420 | Loss: 0.1972
398,  0 | TrAcc: 0.9408, TrLoss:  0.18454, VaAcc: 0.9184, VaLoss:  0.27120	 MAP NN | Acc: 0.9460 | Loss: 0.1989
399,  0 | TrAcc: 0.9340, TrLoss:  0.22889, VaAcc: 0.9220, VaLoss:  0.26250	 MAP NN | Acc: 0.9380 | Loss: 0.1945
400,  0 | TrAcc: 0.9231, TrLoss:  0.24598, VaAcc: 0.9252, VaLoss:  0.25265	 MAP NN | Acc: 0.9420 | Loss: 0.2002
401,  0 | TrAcc: 0.9427, TrLoss:  0.19262, VaAcc: 0.9244, VaLoss:  0.24664	 MAP NN | Acc: 0.9360 | Loss: 0.1962
402,  0 | TrAcc: 0.9551, TrLoss:  0.15352, VaAcc: 0.9288, VaLoss:  0.24212	 MAP NN | Acc: 0.9380 | Loss: 0.1990
403,  0 | TrAcc: 0.9511, TrLoss:  0.16701, VaAcc: 0.9188, VaLoss:  0.26558	 MAP NN | Acc: 0.9440 | Loss: 0.1941
404,  0 | TrAcc: 0.9378, TrLoss:  0.20589, VaAcc: 0.9220, VaLoss:  0.26829	 MAP NN | Acc: 0.9460 | Loss: 0.1923
405,  0 | TrAcc: 0.9377, TrLoss:  0.20905, VaAcc: 0.9256, VaLoss:  0.25196	 MAP NN | Acc: 0.9440 | Loss: 0.1967
406,  0 | TrAcc: 0.9274, TrLoss:  0.24098, VaAcc: 0.9248, VaLoss:  0.24867	 MAP NN | Acc: 0.9440 | Loss: 0.2067
407,  0 | TrAcc: 0.9404, TrLoss:  0.19448, VaAcc: 0.9140, VaLoss:  0.27260	 MAP NN | Acc: 0.9440 | Loss: 0.2036
408,  0 | TrAcc: 0.9461, TrLoss:  0.18438, VaAcc: 0.9176, VaLoss:  0.27390	 MAP NN | Acc: 0.9520 | Loss: 0.2003
409,  0 | TrAcc: 0.9412, TrLoss:  0.21281, VaAcc: 0.9164, VaLoss:  0.28126	 MAP NN | Acc: 0.9420 | Loss: 0.1966
410,  0 | TrAcc: 0.9394, TrLoss:  0.20016, VaAcc: 0.9248, VaLoss:  0.25528	 MAP NN | Acc: 0.9440 | Loss: 0.1944
411,  0 | TrAcc: 0.9393, TrLoss:  0.19874, VaAcc: 0.9268, VaLoss:  0.25000	 MAP NN | Acc: 0.9540 | Loss: 0.1955
412,  0 | TrAcc: 0.9415, TrLoss:  0.19389, VaAcc: 0.9300, VaLoss:  0.23826	 MAP NN | Acc: 0.9520 | Loss: 0.1967
413,  0 | TrAcc: 0.9460, TrLoss:  0.20337, VaAcc: 0.9188, VaLoss:  0.26535	 MAP NN | Acc: 0.9480 | Loss: 0.2000
414,  0 | TrAcc: 0.9485, TrLoss:  0.18098, VaAcc: 0.9224, VaLoss:  0.26743	 MAP NN | Acc: 0.9420 | Loss: 0.2100
415,  0 | TrAcc: 0.9470, TrLoss:  0.17420, VaAcc: 0.9252, VaLoss:  0.25807	 MAP NN | Acc: 0.9440 | Loss: 0.2141
416,  0 | TrAcc: 0.9268, TrLoss:  0.24136, VaAcc: 0.9244, VaLoss:  0.26589	 MAP NN | Acc: 0.9440 | Loss: 0.2154
417,  0 | TrAcc: 0.9450, TrLoss:  0.18607, VaAcc: 0.9232, VaLoss:  0.25267	 MAP NN | Acc: 0.9380 | Loss: 0.2080
418,  0 | TrAcc: 0.9563, TrLoss:  0.15298, VaAcc: 0.9228, VaLoss:  0.26149	 MAP NN | Acc: 0.9460 | Loss: 0.2008
419,  0 | TrAcc: 0.9472, TrLoss:  0.17167, VaAcc: 0.9128, VaLoss:  0.27583	 MAP NN | Acc: 0.9420 | Loss: 0.1965
420,  0 | TrAcc: 0.9422, TrLoss:  0.19545, VaAcc: 0.9224, VaLoss:  0.25279	 MAP NN | Acc: 0.9440 | Loss: 0.1934
421,  0 | TrAcc: 0.9550, TrLoss:  0.15392, VaAcc: 0.9228, VaLoss:  0.24924	 MAP NN | Acc: 0.9420 | Loss: 0.1970
422,  0 | TrAcc: 0.9434, TrLoss:  0.17916, VaAcc: 0.9236, VaLoss:  0.24846	 MAP NN | Acc: 0.9460 | Loss: 0.1976
423,  0 | TrAcc: 0.9550, TrLoss:  0.14246, VaAcc: 0.9240, VaLoss:  0.26366	 MAP NN | Acc: 0.9440 | Loss: 0.1981
424,  0 | TrAcc: 0.9368, TrLoss:  0.19545, VaAcc: 0.9244, VaLoss:  0.23965	 MAP NN | Acc: 0.9440 | Loss: 0.1944
425,  0 | TrAcc: 0.9387, TrLoss:  0.20702, VaAcc: 0.9288, VaLoss:  0.23644	 MAP NN | Acc: 0.9460 | Loss: 0.1911
426,  0 | TrAcc: 0.9456, TrLoss:  0.17532, VaAcc: 0.9236, VaLoss:  0.25104	 MAP NN | Acc: 0.9360 | Loss: 0.2015
427,  0 | TrAcc: 0.9433, TrLoss:  0.18921, VaAcc: 0.9256, VaLoss:  0.25358	 MAP NN | Acc: 0.9420 | Loss: 0.2074
428,  0 | TrAcc: 0.9351, TrLoss:  0.21401, VaAcc: 0.9248, VaLoss:  0.25038	 MAP NN | Acc: 0.9420 | Loss: 0.2063
429,  0 | TrAcc: 0.9409, TrLoss:  0.19237, VaAcc: 0.9324, VaLoss:  0.23960	 MAP NN | Acc: 0.9440 | Loss: 0.2055
430,  0 | TrAcc: 0.9520, TrLoss:  0.16430, VaAcc: 0.9176, VaLoss:  0.26213	 MAP NN | Acc: 0.9460 | Loss: 0.1984
431,  0 | TrAcc: 0.9485, TrLoss:  0.17547, VaAcc: 0.9240, VaLoss:  0.26542	 MAP NN | Acc: 0.9460 | Loss: 0.1992
432,  0 | TrAcc: 0.9434, TrLoss:  0.18629, VaAcc: 0.9220, VaLoss:  0.24799	 MAP NN | Acc: 0.9440 | Loss: 0.2016
433,  0 | TrAcc: 0.9348, TrLoss:  0.21771, VaAcc: 0.9224, VaLoss:  0.25105	 MAP NN | Acc: 0.9420 | Loss: 0.2108
434,  0 | TrAcc: 0.9470, TrLoss:  0.17809, VaAcc: 0.9172, VaLoss:  0.25794	 MAP NN | Acc: 0.9480 | Loss: 0.2016
435,  0 | TrAcc: 0.9491, TrLoss:  0.17829, VaAcc: 0.9224, VaLoss:  0.26744	 MAP NN | Acc: 0.9500 | Loss: 0.1971
436,  0 | TrAcc: 0.9333, TrLoss:  0.21650, VaAcc: 0.9268, VaLoss:  0.25985	 MAP NN | Acc: 0.9460 | Loss: 0.2036
437,  0 | TrAcc: 0.9429, TrLoss:  0.19147, VaAcc: 0.9216, VaLoss:  0.26254	 MAP NN | Acc: 0.9400 | Loss: 0.2046
438,  0 | TrAcc: 0.9438, TrLoss:  0.17711, VaAcc: 0.9208, VaLoss:  0.26697	 MAP NN | Acc: 0.9400 | Loss: 0.2030
439,  0 | TrAcc: 0.9488, TrLoss:  0.17408, VaAcc: 0.9220, VaLoss:  0.28277	 MAP NN | Acc: 0.9420 | Loss: 0.2006
440,  0 | TrAcc: 0.9445, TrLoss:  0.19086, VaAcc: 0.9248, VaLoss:  0.25163	 MAP NN | Acc: 0.9460 | Loss: 0.2003
441,  0 | TrAcc: 0.9473, TrLoss:  0.18222, VaAcc: 0.9212, VaLoss:  0.26850	 MAP NN | Acc: 0.9420 | Loss: 0.2008
442,  0 | TrAcc: 0.9483, TrLoss:  0.17786, VaAcc: 0.9168, VaLoss:  0.26694	 MAP NN | Acc: 0.9440 | Loss: 0.1927
443,  0 | TrAcc: 0.9398, TrLoss:  0.19523, VaAcc: 0.9232, VaLoss:  0.26306	 MAP NN | Acc: 0.9480 | Loss: 0.1940
444,  0 | TrAcc: 0.9476, TrLoss:  0.17436, VaAcc: 0.9288, VaLoss:  0.23300	 MAP NN | Acc: 0.9460 | Loss: 0.1944
445,  0 | TrAcc: 0.9484, TrLoss:  0.17515, VaAcc: 0.9344, VaLoss:  0.22907	 MAP NN | Acc: 0.9460 | Loss: 0.1984
446,  0 | TrAcc: 0.9518, TrLoss:  0.16909, VaAcc: 0.9232, VaLoss:  0.23861	 MAP NN | Acc: 0.9440 | Loss: 0.1984
447,  0 | TrAcc: 0.9505, TrLoss:  0.18081, VaAcc: 0.9304, VaLoss:  0.23805	 MAP NN | Acc: 0.9440 | Loss: 0.1945
448,  0 | TrAcc: 0.9531, TrLoss:  0.16411, VaAcc: 0.9280, VaLoss:  0.24538	 MAP NN | Acc: 0.9440 | Loss: 0.1935
449,  0 | TrAcc: 0.9451, TrLoss:  0.17660, VaAcc: 0.9248, VaLoss:  0.23985	 MAP NN | Acc: 0.9460 | Loss: 0.1970
450,  0 | TrAcc: 0.9413, TrLoss:  0.18165, VaAcc: 0.9324, VaLoss:  0.23759	 MAP NN | Acc: 0.9480 | Loss: 0.1962
451,  0 | TrAcc: 0.9474, TrLoss:  0.18302, VaAcc: 0.9260, VaLoss:  0.24062	 MAP NN | Acc: 0.9480 | Loss: 0.1906
452,  0 | TrAcc: 0.9490, TrLoss:  0.17765, VaAcc: 0.9236, VaLoss:  0.26353	 MAP NN | Acc: 0.9480 | Loss: 0.1972
453,  0 | TrAcc: 0.9540, TrLoss:  0.15562, VaAcc: 0.9268, VaLoss:  0.23483	 MAP NN | Acc: 0.9480 | Loss: 0.2004
454,  0 | TrAcc: 0.9472, TrLoss:  0.18373, VaAcc: 0.9276, VaLoss:  0.23186	 MAP NN | Acc: 0.9460 | Loss: 0.2017
455,  0 | TrAcc: 0.9445, TrLoss:  0.17660, VaAcc: 0.9228, VaLoss:  0.25708	 MAP NN | Acc: 0.9460 | Loss: 0.2006
456,  0 | TrAcc: 0.9477, TrLoss:  0.18002, VaAcc: 0.9276, VaLoss:  0.24284	 MAP NN | Acc: 0.9460 | Loss: 0.1953
457,  0 | TrAcc: 0.9369, TrLoss:  0.20797, VaAcc: 0.9324, VaLoss:  0.22734	 MAP NN | Acc: 0.9440 | Loss: 0.1956
458,  0 | TrAcc: 0.9509, TrLoss:  0.16351, VaAcc: 0.9328, VaLoss:  0.23885	 MAP NN | Acc: 0.9440 | Loss: 0.1912
459,  0 | TrAcc: 0.9484, TrLoss:  0.18604, VaAcc: 0.9312, VaLoss:  0.22698	 MAP NN | Acc: 0.9500 | Loss: 0.1916
460,  0 | TrAcc: 0.9419, TrLoss:  0.18499, VaAcc: 0.9216, VaLoss:  0.24962	 MAP NN | Acc: 0.9500 | Loss: 0.1926
461,  0 | TrAcc: 0.9428, TrLoss:  0.18077, VaAcc: 0.9308, VaLoss:  0.23392	 MAP NN | Acc: 0.9400 | Loss: 0.1891
462,  0 | TrAcc: 0.9562, TrLoss:  0.14906, VaAcc: 0.9244, VaLoss:  0.24197	 MAP NN | Acc: 0.9420 | Loss: 0.1992
463,  0 | TrAcc: 0.9533, TrLoss:  0.14833, VaAcc: 0.9324, VaLoss:  0.23836	 MAP NN | Acc: 0.9420 | Loss: 0.1987
464,  0 | TrAcc: 0.9525, TrLoss:  0.15993, VaAcc: 0.9260, VaLoss:  0.23814	 MAP NN | Acc: 0.9480 | Loss: 0.2012
465,  0 | TrAcc: 0.9515, TrLoss:  0.15970, VaAcc: 0.9300, VaLoss:  0.23695	 MAP NN | Acc: 0.9500 | Loss: 0.2122
466,  0 | TrAcc: 0.9455, TrLoss:  0.18340, VaAcc: 0.9336, VaLoss:  0.23145	 MAP NN | Acc: 0.9480 | Loss: 0.2122
467,  0 | TrAcc: 0.9456, TrLoss:  0.18763, VaAcc: 0.9304, VaLoss:  0.24370	 MAP NN | Acc: 0.9440 | Loss: 0.2044
468,  0 | TrAcc: 0.9433, TrLoss:  0.19094, VaAcc: 0.9272, VaLoss:  0.24296	 MAP NN | Acc: 0.9420 | Loss: 0.2057
469,  0 | TrAcc: 0.9458, TrLoss:  0.17814, VaAcc: 0.9176, VaLoss:  0.27927	 MAP NN | Acc: 0.9440 | Loss: 0.2066
470,  0 | TrAcc: 0.9535, TrLoss:  0.15529, VaAcc: 0.9280, VaLoss:  0.23187	 MAP NN | Acc: 0.9440 | Loss: 0.2141
471,  0 | TrAcc: 0.9487, TrLoss:  0.17116, VaAcc: 0.9184, VaLoss:  0.26705	 MAP NN | Acc: 0.9380 | Loss: 0.2154
472,  0 | TrAcc: 0.9468, TrLoss:  0.17439, VaAcc: 0.9328, VaLoss:  0.24423	 MAP NN | Acc: 0.9460 | Loss: 0.2010
473,  0 | TrAcc: 0.9457, TrLoss:  0.16780, VaAcc: 0.9260, VaLoss:  0.23865	 MAP NN | Acc: 0.9460 | Loss: 0.1951
474,  0 | TrAcc: 0.9500, TrLoss:  0.16941, VaAcc: 0.9288, VaLoss:  0.23551	 MAP NN | Acc: 0.9440 | Loss: 0.1951
475,  0 | TrAcc: 0.9559, TrLoss:  0.15638, VaAcc: 0.9304, VaLoss:  0.23285	 MAP NN | Acc: 0.9440 | Loss: 0.1903
476,  0 | TrAcc: 0.9486, TrLoss:  0.17384, VaAcc: 0.9228, VaLoss:  0.24360	 MAP NN | Acc: 0.9440 | Loss: 0.1964
477,  0 | TrAcc: 0.9502, TrLoss:  0.16709, VaAcc: 0.9272, VaLoss:  0.24972	 MAP NN | Acc: 0.9440 | Loss: 0.2002
478,  0 | TrAcc: 0.9550, TrLoss:  0.15191, VaAcc: 0.9292, VaLoss:  0.24472	 MAP NN | Acc: 0.9420 | Loss: 0.2018
479,  0 | TrAcc: 0.9575, TrLoss:  0.15385, VaAcc: 0.9316, VaLoss:  0.23794	 MAP NN | Acc: 0.9460 | Loss: 0.2036
480,  0 | TrAcc: 0.9479, TrLoss:  0.16886, VaAcc: 0.9340, VaLoss:  0.22005	 MAP NN | Acc: 0.9460 | Loss: 0.1940
481,  0 | TrAcc: 0.9415, TrLoss:  0.19668, VaAcc: 0.9268, VaLoss:  0.23742	 MAP NN | Acc: 0.9500 | Loss: 0.1923
482,  0 | TrAcc: 0.9445, TrLoss:  0.19078, VaAcc: 0.9192, VaLoss:  0.26981	 MAP NN | Acc: 0.9520 | Loss: 0.1846
483,  0 | TrAcc: 0.9535, TrLoss:  0.15973, VaAcc: 0.9244, VaLoss:  0.24643	 MAP NN | Acc: 0.9520 | Loss: 0.1831
484,  0 | TrAcc: 0.9450, TrLoss:  0.17284, VaAcc: 0.9276, VaLoss:  0.22960	 MAP NN | Acc: 0.9460 | Loss: 0.1854
485,  0 | TrAcc: 0.9544, TrLoss:  0.15581, VaAcc: 0.9300, VaLoss:  0.23452	 MAP NN | Acc: 0.9420 | Loss: 0.1874
486,  0 | TrAcc: 0.9522, TrLoss:  0.16661, VaAcc: 0.9264, VaLoss:  0.24401	 MAP NN | Acc: 0.9420 | Loss: 0.1916
487,  0 | TrAcc: 0.9467, TrLoss:  0.17983, VaAcc: 0.9312, VaLoss:  0.23694	 MAP NN | Acc: 0.9440 | Loss: 0.1878
488,  0 | TrAcc: 0.9507, TrLoss:  0.16961, VaAcc: 0.9344, VaLoss:  0.22631	 MAP NN | Acc: 0.9460 | Loss: 0.1902
489,  0 | TrAcc: 0.9503, TrLoss:  0.17066, VaAcc: 0.9312, VaLoss:  0.23292	 MAP NN | Acc: 0.9460 | Loss: 0.1939
490,  0 | TrAcc: 0.9497, TrLoss:  0.16946, VaAcc: 0.9328, VaLoss:  0.23490	 MAP NN | Acc: 0.9420 | Loss: 0.1977
491,  0 | TrAcc: 0.9489, TrLoss:  0.17411, VaAcc: 0.9252, VaLoss:  0.24740	 MAP NN | Acc: 0.9440 | Loss: 0.2020
492,  0 | TrAcc: 0.9580, TrLoss:  0.15030, VaAcc: 0.9328, VaLoss:  0.22677	 MAP NN | Acc: 0.9400 | Loss: 0.2005
493,  0 | TrAcc: 0.9539, TrLoss:  0.15745, VaAcc: 0.9240, VaLoss:  0.25967	 MAP NN | Acc: 0.9440 | Loss: 0.2006
494,  0 | TrAcc: 0.9533, TrLoss:  0.16038, VaAcc: 0.9308, VaLoss:  0.24649	 MAP NN | Acc: 0.9440 | Loss: 0.2016
495,  0 | TrAcc: 0.9510, TrLoss:  0.17255, VaAcc: 0.9336, VaLoss:  0.22562	 MAP NN | Acc: 0.9440 | Loss: 0.1998
496,  0 | TrAcc: 0.9524, TrLoss:  0.16327, VaAcc: 0.9264, VaLoss:  0.24352	 MAP NN | Acc: 0.9420 | Loss: 0.2003
497,  0 | TrAcc: 0.9520, TrLoss:  0.16640, VaAcc: 0.9292, VaLoss:  0.24861	 MAP NN | Acc: 0.9440 | Loss: 0.1956
498,  0 | TrAcc: 0.9446, TrLoss:  0.18795, VaAcc: 0.9352, VaLoss:  0.23011	 MAP NN | Acc: 0.9420 | Loss: 0.1999
499,  0 | TrAcc: 0.9530, TrLoss:  0.17083, VaAcc: 0.9292, VaLoss:  0.22831	 MAP NN | Acc: 0.9480 | Loss: 0.1997
