2019-09-14 00:02:15.162557: I tensorflow/core/platform/cpu_feature_guard.cc:141] Your CPU supports instructions that this TensorFlow binary was not compiled to use: SSE4.1 SSE4.2 AVX AVX2 FMA
2019-09-14 00:02:15.245208: I tensorflow/core/common_runtime/gpu/gpu_device.cc:1405] Found device 0 with properties: 
name: GeForce GTX 1060 6GB major: 6 minor: 1 memoryClockRate(GHz): 1.7085
pciBusID: 0000:04:00.0
totalMemory: 5.94GiB freeMemory: 5.80GiB
2019-09-14 00:02:15.245275: I tensorflow/core/common_runtime/gpu/gpu_device.cc:1484] Adding visible gpu devices: 0
2019-09-14 00:02:20.806371: I tensorflow/core/common_runtime/gpu/gpu_device.cc:965] Device interconnect StreamExecutor with strength 1 edge matrix:
2019-09-14 00:02:20.806447: I tensorflow/core/common_runtime/gpu/gpu_device.cc:971]      0 
2019-09-14 00:02:20.806483: I tensorflow/core/common_runtime/gpu/gpu_device.cc:984] 0:   N 
2019-09-14 00:02:20.807648: I tensorflow/core/common_runtime/gpu/gpu_device.cc:1097] Created TensorFlow device (/job:localhost/replica:0/task:0/device:GPU:0 with 122 MB memory) -> physical GPU (device: 0, name: GeForce GTX 1060 6GB, pci bus id: 0000:04:00.0, compute capability: 6.1)
2019-09-14 00:02:20.811180: E tensorflow/stream_executor/cuda/cuda_driver.cc:903] failed to allocate 122.31M (128253952 bytes) from device: CUDA_ERROR_OUT_OF_MEMORY
2019-09-14 00:02:32.538222: E tensorflow/stream_executor/cuda/cuda_blas.cc:459] failed to create cublas handle: CUBLAS_STATUS_NOT_INITIALIZED
2019-09-14 00:02:32.539214: E tensorflow/stream_executor/cuda/cuda_blas.cc:459] failed to create cublas handle: CUBLAS_STATUS_NOT_INITIALIZED
2019-09-14 00:02:32.540117: E tensorflow/stream_executor/cuda/cuda_blas.cc:459] failed to create cublas handle: CUBLAS_STATUS_NOT_INITIALIZED
2019-09-14 00:02:32.543111: E tensorflow/stream_executor/cuda/cuda_blas.cc:459] failed to create cublas handle: CUBLAS_STATUS_NOT_INITIALIZED
2019-09-14 00:02:32.544021: E tensorflow/stream_executor/cuda/cuda_blas.cc:459] failed to create cublas handle: CUBLAS_STATUS_NOT_INITIALIZED
2019-09-14 00:02:32.544939: E tensorflow/stream_executor/cuda/cuda_blas.cc:459] failed to create cublas handle: CUBLAS_STATUS_NOT_INITIALIZED
2019-09-14 00:02:32.545994: E tensorflow/stream_executor/cuda/cuda_blas.cc:459] failed to create cublas handle: CUBLAS_STATUS_NOT_INITIALIZED
2019-09-14 00:02:32.546882: E tensorflow/stream_executor/cuda/cuda_blas.cc:459] failed to create cublas handle: CUBLAS_STATUS_NOT_INITIALIZED
2019-09-14 00:02:32.547766: E tensorflow/stream_executor/cuda/cuda_blas.cc:459] failed to create cublas handle: CUBLAS_STATUS_NOT_INITIALIZED
2019-09-14 00:02:32.548808: E tensorflow/stream_executor/cuda/cuda_blas.cc:459] failed to create cublas handle: CUBLAS_STATUS_NOT_INITIALIZED
2019-09-14 00:02:32.549728: E tensorflow/stream_executor/cuda/cuda_blas.cc:459] failed to create cublas handle: CUBLAS_STATUS_NOT_INITIALIZED
2019-09-14 00:02:32.550692: E tensorflow/stream_executor/cuda/cuda_blas.cc:459] failed to create cublas handle: CUBLAS_STATUS_NOT_INITIALIZED
2019-09-14 00:02:32.551696: E tensorflow/stream_executor/cuda/cuda_blas.cc:459] failed to create cublas handle: CUBLAS_STATUS_NOT_INITIALIZED
2019-09-14 00:02:32.552615: E tensorflow/stream_executor/cuda/cuda_blas.cc:459] failed to create cublas handle: CUBLAS_STATUS_NOT_INITIALIZED
2019-09-14 00:02:32.553527: E tensorflow/stream_executor/cuda/cuda_blas.cc:459] failed to create cublas handle: CUBLAS_STATUS_NOT_INITIALIZED
2019-09-14 00:02:32.554427: E tensorflow/stream_executor/cuda/cuda_blas.cc:459] failed to create cublas handle: CUBLAS_STATUS_NOT_INITIALIZED
2019-09-14 00:02:32.555469: E tensorflow/stream_executor/cuda/cuda_blas.cc:459] failed to create cublas handle: CUBLAS_STATUS_NOT_INITIALIZED
2019-09-14 00:02:32.556360: E tensorflow/stream_executor/cuda/cuda_blas.cc:459] failed to create cublas handle: CUBLAS_STATUS_NOT_INITIALIZED
2019-09-14 00:02:32.557334: E tensorflow/stream_executor/cuda/cuda_blas.cc:459] failed to create cublas handle: CUBLAS_STATUS_NOT_INITIALIZED
2019-09-14 00:02:32.558360: E tensorflow/stream_executor/cuda/cuda_blas.cc:459] failed to create cublas handle: CUBLAS_STATUS_NOT_INITIALIZED
2019-09-14 00:02:32.559329: E tensorflow/stream_executor/cuda/cuda_blas.cc:459] failed to create cublas handle: CUBLAS_STATUS_NOT_INITIALIZED
2019-09-14 00:02:32.560297: E tensorflow/stream_executor/cuda/cuda_blas.cc:459] failed to create cublas handle: CUBLAS_STATUS_NOT_INITIALIZED
2019-09-14 00:02:32.561345: E tensorflow/stream_executor/cuda/cuda_blas.cc:459] failed to create cublas handle: CUBLAS_STATUS_NOT_INITIALIZED
2019-09-14 00:02:32.562557: E tensorflow/stream_executor/cuda/cuda_blas.cc:459] failed to create cublas handle: CUBLAS_STATUS_NOT_INITIALIZED
2019-09-14 00:02:32.563629: E tensorflow/stream_executor/cuda/cuda_blas.cc:459] failed to create cublas handle: CUBLAS_STATUS_NOT_INITIALIZED
2019-09-14 00:02:32.564594: E tensorflow/stream_executor/cuda/cuda_blas.cc:459] failed to create cublas handle: CUBLAS_STATUS_NOT_INITIALIZED
2019-09-14 00:02:32.565710: E tensorflow/stream_executor/cuda/cuda_blas.cc:459] failed to create cublas handle: CUBLAS_STATUS_NOT_INITIALIZED
2019-09-14 00:02:32.566690: E tensorflow/stream_executor/cuda/cuda_blas.cc:459] failed to create cublas handle: CUBLAS_STATUS_NOT_INITIALIZED
2019-09-14 00:02:32.567645: E tensorflow/stream_executor/cuda/cuda_blas.cc:459] failed to create cublas handle: CUBLAS_STATUS_NOT_INITIALIZED
2019-09-14 00:02:32.568985: E tensorflow/stream_executor/cuda/cuda_blas.cc:459] failed to create cublas handle: CUBLAS_STATUS_NOT_INITIALIZED
2019-09-14 00:02:32.570426: E tensorflow/stream_executor/cuda/cuda_blas.cc:459] failed to create cublas handle: CUBLAS_STATUS_NOT_INITIALIZED
2019-09-14 00:02:32.571430: E tensorflow/stream_executor/cuda/cuda_blas.cc:459] failed to create cublas handle: CUBLAS_STATUS_NOT_INITIALIZED
2019-09-14 00:02:32.572325: E tensorflow/stream_executor/cuda/cuda_blas.cc:459] failed to create cublas handle: CUBLAS_STATUS_NOT_INITIALIZED
2019-09-14 00:02:32.573333: E tensorflow/stream_executor/cuda/cuda_blas.cc:459] failed to create cublas handle: CUBLAS_STATUS_NOT_INITIALIZED
2019-09-14 00:02:32.574360: E tensorflow/stream_executor/cuda/cuda_blas.cc:459] failed to create cublas handle: CUBLAS_STATUS_NOT_INITIALIZED
2019-09-14 00:02:32.575437: E tensorflow/stream_executor/cuda/cuda_blas.cc:459] failed to create cublas handle: CUBLAS_STATUS_NOT_INITIALIZED
2019-09-14 00:02:32.576646: E tensorflow/stream_executor/cuda/cuda_blas.cc:459] failed to create cublas handle: CUBLAS_STATUS_NOT_INITIALIZED
2019-09-14 00:02:32.578327: E tensorflow/stream_executor/cuda/cuda_blas.cc:459] failed to create cublas handle: CUBLAS_STATUS_NOT_INITIALIZED
2019-09-14 00:02:32.579569: E tensorflow/stream_executor/cuda/cuda_blas.cc:459] failed to create cublas handle: CUBLAS_STATUS_NOT_INITIALIZED
2019-09-14 00:02:32.580745: E tensorflow/stream_executor/cuda/cuda_blas.cc:459] failed to create cublas handle: CUBLAS_STATUS_NOT_INITIALIZED
2019-09-14 00:02:32.582299: E tensorflow/stream_executor/cuda/cuda_blas.cc:459] failed to create cublas handle: CUBLAS_STATUS_NOT_INITIALIZED
2019-09-14 00:02:32.583474: E tensorflow/stream_executor/cuda/cuda_blas.cc:459] failed to create cublas handle: CUBLAS_STATUS_NOT_INITIALIZED
2019-09-14 00:02:32.584640: E tensorflow/stream_executor/cuda/cuda_blas.cc:459] failed to create cublas handle: CUBLAS_STATUS_NOT_INITIALIZED
2019-09-14 00:02:32.585818: E tensorflow/stream_executor/cuda/cuda_blas.cc:459] failed to create cublas handle: CUBLAS_STATUS_NOT_INITIALIZED
2019-09-14 00:02:32.587095: E tensorflow/stream_executor/cuda/cuda_blas.cc:459] failed to create cublas handle: CUBLAS_STATUS_NOT_INITIALIZED
2019-09-14 00:02:32.588121: E tensorflow/stream_executor/cuda/cuda_blas.cc:459] failed to create cublas handle: CUBLAS_STATUS_NOT_INITIALIZED
2019-09-14 00:02:32.589276: E tensorflow/stream_executor/cuda/cuda_blas.cc:459] failed to create cublas handle: CUBLAS_STATUS_NOT_INITIALIZED
2019-09-14 00:02:32.590404: E tensorflow/stream_executor/cuda/cuda_blas.cc:459] failed to create cublas handle: CUBLAS_STATUS_NOT_INITIALIZED
2019-09-14 00:02:32.591565: E tensorflow/stream_executor/cuda/cuda_blas.cc:459] failed to create cublas handle: CUBLAS_STATUS_NOT_INITIALIZED
2019-09-14 00:02:32.592717: E tensorflow/stream_executor/cuda/cuda_blas.cc:459] failed to create cublas handle: CUBLAS_STATUS_NOT_INITIALIZED
2019-09-14 00:02:32.594029: E tensorflow/stream_executor/cuda/cuda_blas.cc:459] failed to create cublas handle: CUBLAS_STATUS_NOT_INITIALIZED
2019-09-14 00:02:32.595530: E tensorflow/stream_executor/cuda/cuda_blas.cc:459] failed to create cublas handle: CUBLAS_STATUS_NOT_INITIALIZED
2019-09-14 00:02:32.596495: E tensorflow/stream_executor/cuda/cuda_blas.cc:459] failed to create cublas handle: CUBLAS_STATUS_NOT_INITIALIZED
2019-09-14 00:02:32.597874: E tensorflow/stream_executor/cuda/cuda_blas.cc:459] failed to create cublas handle: CUBLAS_STATUS_NOT_INITIALIZED
2019-09-14 00:02:32.599068: E tensorflow/stream_executor/cuda/cuda_blas.cc:459] failed to create cublas handle: CUBLAS_STATUS_NOT_INITIALIZED
2019-09-14 00:02:32.600383: E tensorflow/stream_executor/cuda/cuda_blas.cc:459] failed to create cublas handle: CUBLAS_STATUS_NOT_INITIALIZED
2019-09-14 00:02:32.601561: E tensorflow/stream_executor/cuda/cuda_blas.cc:459] failed to create cublas handle: CUBLAS_STATUS_NOT_INITIALIZED
2019-09-14 00:02:32.602790: E tensorflow/stream_executor/cuda/cuda_blas.cc:459] failed to create cublas handle: CUBLAS_STATUS_NOT_INITIALIZED
2019-09-14 00:02:32.604237: E tensorflow/stream_executor/cuda/cuda_blas.cc:459] failed to create cublas handle: CUBLAS_STATUS_NOT_INITIALIZED
2019-09-14 00:02:32.605357: E tensorflow/stream_executor/cuda/cuda_blas.cc:459] failed to create cublas handle: CUBLAS_STATUS_NOT_INITIALIZED
2019-09-14 00:02:32.606547: E tensorflow/stream_executor/cuda/cuda_blas.cc:459] failed to create cublas handle: CUBLAS_STATUS_NOT_INITIALIZED
2019-09-14 00:02:32.607704: E tensorflow/stream_executor/cuda/cuda_blas.cc:459] failed to create cublas handle: CUBLAS_STATUS_NOT_INITIALIZED
2019-09-14 00:02:32.608675: E tensorflow/stream_executor/cuda/cuda_blas.cc:459] failed to create cublas handle: CUBLAS_STATUS_NOT_INITIALIZED
2019-09-14 00:02:32.609797: E tensorflow/stream_executor/cuda/cuda_blas.cc:459] failed to create cublas handle: CUBLAS_STATUS_NOT_INITIALIZED
2019-09-14 00:02:32.610843: E tensorflow/stream_executor/cuda/cuda_blas.cc:459] failed to create cublas handle: CUBLAS_STATUS_NOT_INITIALIZED
2019-09-14 00:02:32.612029: E tensorflow/stream_executor/cuda/cuda_blas.cc:459] failed to create cublas handle: CUBLAS_STATUS_NOT_INITIALIZED
2019-09-14 00:02:32.613173: E tensorflow/stream_executor/cuda/cuda_blas.cc:459] failed to create cublas handle: CUBLAS_STATUS_NOT_INITIALIZED
2019-09-14 00:02:32.614209: E tensorflow/stream_executor/cuda/cuda_blas.cc:459] failed to create cublas handle: CUBLAS_STATUS_NOT_INITIALIZED
2019-09-14 00:02:32.615430: E tensorflow/stream_executor/cuda/cuda_blas.cc:459] failed to create cublas handle: CUBLAS_STATUS_NOT_INITIALIZED
2019-09-14 00:02:32.616484: E tensorflow/stream_executor/cuda/cuda_blas.cc:459] failed to create cublas handle: CUBLAS_STATUS_NOT_INITIALIZED
2019-09-14 00:02:32.617626: E tensorflow/stream_executor/cuda/cuda_blas.cc:459] failed to create cublas handle: CUBLAS_STATUS_NOT_INITIALIZED
2019-09-14 00:02:32.618530: E tensorflow/stream_executor/cuda/cuda_blas.cc:459] failed to create cublas handle: CUBLAS_STATUS_NOT_INITIALIZED
2019-09-14 00:02:32.620061: E tensorflow/stream_executor/cuda/cuda_blas.cc:459] failed to create cublas handle: CUBLAS_STATUS_NOT_INITIALIZED
2019-09-14 00:02:32.621450: E tensorflow/stream_executor/cuda/cuda_blas.cc:459] failed to create cublas handle: CUBLAS_STATUS_NOT_INITIALIZED
2019-09-14 00:02:32.622579: E tensorflow/stream_executor/cuda/cuda_blas.cc:459] failed to create cublas handle: CUBLAS_STATUS_NOT_INITIALIZED
2019-09-14 00:02:32.623767: E tensorflow/stream_executor/cuda/cuda_blas.cc:459] failed to create cublas handle: CUBLAS_STATUS_NOT_INITIALIZED
2019-09-14 00:02:32.625108: E tensorflow/stream_executor/cuda/cuda_blas.cc:459] failed to create cublas handle: CUBLAS_STATUS_NOT_INITIALIZED
2019-09-14 00:02:32.626472: E tensorflow/stream_executor/cuda/cuda_blas.cc:459] failed to create cublas handle: CUBLAS_STATUS_NOT_INITIALIZED
2019-09-14 00:02:32.627527: E tensorflow/stream_executor/cuda/cuda_blas.cc:459] failed to create cublas handle: CUBLAS_STATUS_NOT_INITIALIZED
2019-09-14 00:02:32.628763: E tensorflow/stream_executor/cuda/cuda_blas.cc:459] failed to create cublas handle: CUBLAS_STATUS_NOT_INITIALIZED
2019-09-14 00:02:32.629677: E tensorflow/stream_executor/cuda/cuda_blas.cc:459] failed to create cublas handle: CUBLAS_STATUS_NOT_INITIALIZED
2019-09-14 00:02:32.630817: E tensorflow/stream_executor/cuda/cuda_blas.cc:459] failed to create cublas handle: CUBLAS_STATUS_NOT_INITIALIZED
2019-09-14 00:02:32.632145: E tensorflow/stream_executor/cuda/cuda_blas.cc:459] failed to create cublas handle: CUBLAS_STATUS_NOT_INITIALIZED
2019-09-14 00:02:32.633375: E tensorflow/stream_executor/cuda/cuda_blas.cc:459] failed to create cublas handle: CUBLAS_STATUS_NOT_INITIALIZED
2019-09-14 00:02:32.634476: E tensorflow/stream_executor/cuda/cuda_blas.cc:459] failed to create cublas handle: CUBLAS_STATUS_NOT_INITIALIZED
2019-09-14 00:02:32.635512: E tensorflow/stream_executor/cuda/cuda_blas.cc:459] failed to create cublas handle: CUBLAS_STATUS_NOT_INITIALIZED
2019-09-14 00:02:32.636790: E tensorflow/stream_executor/cuda/cuda_blas.cc:459] failed to create cublas handle: CUBLAS_STATUS_NOT_INITIALIZED
2019-09-14 00:02:32.637822: E tensorflow/stream_executor/cuda/cuda_blas.cc:459] failed to create cublas handle: CUBLAS_STATUS_NOT_INITIALIZED
2019-09-14 00:02:32.639006: E tensorflow/stream_executor/cuda/cuda_blas.cc:459] failed to create cublas handle: CUBLAS_STATUS_NOT_INITIALIZED
2019-09-14 00:02:32.640451: E tensorflow/stream_executor/cuda/cuda_blas.cc:459] failed to create cublas handle: CUBLAS_STATUS_NOT_INITIALIZED
2019-09-14 00:02:32.641846: E tensorflow/stream_executor/cuda/cuda_blas.cc:459] failed to create cublas handle: CUBLAS_STATUS_NOT_INITIALIZED
2019-09-14 00:02:32.643203: E tensorflow/stream_executor/cuda/cuda_blas.cc:459] failed to create cublas handle: CUBLAS_STATUS_NOT_INITIALIZED
2019-09-14 00:02:32.644501: E tensorflow/stream_executor/cuda/cuda_blas.cc:459] failed to create cublas handle: CUBLAS_STATUS_NOT_INITIALIZED
2019-09-14 00:02:32.646034: E tensorflow/stream_executor/cuda/cuda_blas.cc:459] failed to create cublas handle: CUBLAS_STATUS_NOT_INITIALIZED
2019-09-14 00:02:32.647193: E tensorflow/stream_executor/cuda/cuda_blas.cc:459] failed to create cublas handle: CUBLAS_STATUS_NOT_INITIALIZED
2019-09-14 00:02:32.648203: E tensorflow/stream_executor/cuda/cuda_blas.cc:459] failed to create cublas handle: CUBLAS_STATUS_NOT_INITIALIZED
2019-09-14 00:02:32.649380: E tensorflow/stream_executor/cuda/cuda_blas.cc:459] failed to create cublas handle: CUBLAS_STATUS_NOT_INITIALIZED
2019-09-14 00:02:32.650382: E tensorflow/stream_executor/cuda/cuda_blas.cc:459] failed to create cublas handle: CUBLAS_STATUS_NOT_INITIALIZED
2019-09-14 00:02:32.651388: E tensorflow/stream_executor/cuda/cuda_blas.cc:459] failed to create cublas handle: CUBLAS_STATUS_NOT_INITIALIZED
2019-09-14 00:02:32.652733: E tensorflow/stream_executor/cuda/cuda_blas.cc:459] failed to create cublas handle: CUBLAS_STATUS_NOT_INITIALIZED
2019-09-14 00:02:32.653972: E tensorflow/stream_executor/cuda/cuda_blas.cc:459] failed to create cublas handle: CUBLAS_STATUS_NOT_INITIALIZED
2019-09-14 00:02:32.655094: E tensorflow/stream_executor/cuda/cuda_blas.cc:459] failed to create cublas handle: CUBLAS_STATUS_NOT_INITIALIZED
2019-09-14 00:02:32.656139: E tensorflow/stream_executor/cuda/cuda_blas.cc:459] failed to create cublas handle: CUBLAS_STATUS_NOT_INITIALIZED
2019-09-14 00:02:32.657203: E tensorflow/stream_executor/cuda/cuda_blas.cc:459] failed to create cublas handle: CUBLAS_STATUS_NOT_INITIALIZED
2019-09-14 00:02:32.658189: E tensorflow/stream_executor/cuda/cuda_blas.cc:459] failed to create cublas handle: CUBLAS_STATUS_NOT_INITIALIZED
2019-09-14 00:02:32.659130: E tensorflow/stream_executor/cuda/cuda_blas.cc:459] failed to create cublas handle: CUBLAS_STATUS_NOT_INITIALIZED
2019-09-14 00:02:32.660073: E tensorflow/stream_executor/cuda/cuda_blas.cc:459] failed to create cublas handle: CUBLAS_STATUS_NOT_INITIALIZED
2019-09-14 00:02:32.661763: E tensorflow/stream_executor/cuda/cuda_blas.cc:459] failed to create cublas handle: CUBLAS_STATUS_NOT_INITIALIZED
2019-09-14 00:02:32.663215: E tensorflow/stream_executor/cuda/cuda_blas.cc:459] failed to create cublas handle: CUBLAS_STATUS_NOT_INITIALIZED
2019-09-14 00:02:32.664656: E tensorflow/stream_executor/cuda/cuda_blas.cc:459] failed to create cublas handle: CUBLAS_STATUS_NOT_INITIALIZED
2019-09-14 00:02:32.666289: E tensorflow/stream_executor/cuda/cuda_blas.cc:459] failed to create cublas handle: CUBLAS_STATUS_NOT_INITIALIZED
2019-09-14 00:02:32.667773: E tensorflow/stream_executor/cuda/cuda_blas.cc:459] failed to create cublas handle: CUBLAS_STATUS_NOT_INITIALIZED
2019-09-14 00:02:32.669220: E tensorflow/stream_executor/cuda/cuda_blas.cc:459] failed to create cublas handle: CUBLAS_STATUS_NOT_INITIALIZED
2019-09-14 00:02:32.670648: E tensorflow/stream_executor/cuda/cuda_blas.cc:459] failed to create cublas handle: CUBLAS_STATUS_NOT_INITIALIZED
2019-09-14 00:02:32.672320: E tensorflow/stream_executor/cuda/cuda_blas.cc:459] failed to create cublas handle: CUBLAS_STATUS_NOT_INITIALIZED
2019-09-14 00:02:32.673772: E tensorflow/stream_executor/cuda/cuda_blas.cc:459] failed to create cublas handle: CUBLAS_STATUS_NOT_INITIALIZED
2019-09-14 00:02:32.675201: E tensorflow/stream_executor/cuda/cuda_blas.cc:459] failed to create cublas handle: CUBLAS_STATUS_NOT_INITIALIZED
2019-09-14 00:02:32.676846: E tensorflow/stream_executor/cuda/cuda_blas.cc:459] failed to create cublas handle: CUBLAS_STATUS_NOT_INITIALIZED
2019-09-14 00:02:32.678386: E tensorflow/stream_executor/cuda/cuda_blas.cc:459] failed to create cublas handle: CUBLAS_STATUS_NOT_INITIALIZED
2019-09-14 00:02:32.679868: E tensorflow/stream_executor/cuda/cuda_blas.cc:459] failed to create cublas handle: CUBLAS_STATUS_NOT_INITIALIZED
2019-09-14 00:02:32.681362: E tensorflow/stream_executor/cuda/cuda_blas.cc:459] failed to create cublas handle: CUBLAS_STATUS_NOT_INITIALIZED
2019-09-14 00:02:32.683099: E tensorflow/stream_executor/cuda/cuda_blas.cc:459] failed to create cublas handle: CUBLAS_STATUS_NOT_INITIALIZED
2019-09-14 00:02:32.684583: E tensorflow/stream_executor/cuda/cuda_blas.cc:459] failed to create cublas handle: CUBLAS_STATUS_NOT_INITIALIZED
2019-09-14 00:02:32.686076: E tensorflow/stream_executor/cuda/cuda_blas.cc:459] failed to create cublas handle: CUBLAS_STATUS_NOT_INITIALIZED
2019-09-14 00:02:32.687753: E tensorflow/stream_executor/cuda/cuda_blas.cc:459] failed to create cublas handle: CUBLAS_STATUS_NOT_INITIALIZED
2019-09-14 00:02:32.689298: E tensorflow/stream_executor/cuda/cuda_blas.cc:459] failed to create cublas handle: CUBLAS_STATUS_NOT_INITIALIZED
2019-09-14 00:02:32.690525: E tensorflow/stream_executor/cuda/cuda_blas.cc:459] failed to create cublas handle: CUBLAS_STATUS_NOT_INITIALIZED
2019-09-14 00:02:32.691698: E tensorflow/stream_executor/cuda/cuda_blas.cc:459] failed to create cublas handle: CUBLAS_STATUS_NOT_INITIALIZED
2019-09-14 00:02:32.693362: E tensorflow/stream_executor/cuda/cuda_blas.cc:459] failed to create cublas handle: CUBLAS_STATUS_NOT_INITIALIZED
2019-09-14 00:02:32.694983: E tensorflow/stream_executor/cuda/cuda_blas.cc:459] failed to create cublas handle: CUBLAS_STATUS_NOT_INITIALIZED
2019-09-14 00:02:32.696151: E tensorflow/stream_executor/cuda/cuda_blas.cc:459] failed to create cublas handle: CUBLAS_STATUS_NOT_INITIALIZED
2019-09-14 00:02:32.697224: E tensorflow/stream_executor/cuda/cuda_blas.cc:459] failed to create cublas handle: CUBLAS_STATUS_NOT_INITIALIZED
2019-09-14 00:02:32.698218: E tensorflow/stream_executor/cuda/cuda_blas.cc:459] failed to create cublas handle: CUBLAS_STATUS_NOT_INITIALIZED
2019-09-14 00:02:32.699284: E tensorflow/stream_executor/cuda/cuda_blas.cc:459] failed to create cublas handle: CUBLAS_STATUS_NOT_INITIALIZED
2019-09-14 00:02:32.701366: E tensorflow/stream_executor/cuda/cuda_blas.cc:459] failed to create cublas handle: CUBLAS_STATUS_NOT_INITIALIZED
2019-09-14 00:02:32.705478: E tensorflow/stream_executor/cuda/cuda_blas.cc:459] failed to create cublas handle: CUBLAS_STATUS_NOT_INITIALIZED
2019-09-14 00:02:32.710424: E tensorflow/stream_executor/cuda/cuda_blas.cc:459] failed to create cublas handle: CUBLAS_STATUS_NOT_INITIALIZED
2019-09-14 00:02:32.711919: E tensorflow/stream_executor/cuda/cuda_blas.cc:459] failed to create cublas handle: CUBLAS_STATUS_NOT_INITIALIZED
2019-09-14 00:02:32.713574: E tensorflow/stream_executor/cuda/cuda_blas.cc:459] failed to create cublas handle: CUBLAS_STATUS_NOT_INITIALIZED
2019-09-14 00:02:32.715110: E tensorflow/stream_executor/cuda/cuda_blas.cc:459] failed to create cublas handle: CUBLAS_STATUS_NOT_INITIALIZED
2019-09-14 00:02:32.716608: E tensorflow/stream_executor/cuda/cuda_blas.cc:459] failed to create cublas handle: CUBLAS_STATUS_NOT_INITIALIZED
2019-09-14 00:02:32.717932: E tensorflow/stream_executor/cuda/cuda_blas.cc:459] failed to create cublas handle: CUBLAS_STATUS_NOT_INITIALIZED
2019-09-14 00:02:32.719559: E tensorflow/stream_executor/cuda/cuda_blas.cc:459] failed to create cublas handle: CUBLAS_STATUS_NOT_INITIALIZED
2019-09-14 00:02:32.720828: E tensorflow/stream_executor/cuda/cuda_blas.cc:459] failed to create cublas handle: CUBLAS_STATUS_NOT_INITIALIZED
2019-09-14 00:02:32.722967: E tensorflow/stream_executor/cuda/cuda_blas.cc:459] failed to create cublas handle: CUBLAS_STATUS_NOT_INITIALIZED
2019-09-14 00:02:32.724972: E tensorflow/stream_executor/cuda/cuda_blas.cc:459] failed to create cublas handle: CUBLAS_STATUS_NOT_INITIALIZED
2019-09-14 00:02:32.726726: E tensorflow/stream_executor/cuda/cuda_blas.cc:459] failed to create cublas handle: CUBLAS_STATUS_NOT_INITIALIZED
2019-09-14 00:02:32.728706: E tensorflow/stream_executor/cuda/cuda_blas.cc:459] failed to create cublas handle: CUBLAS_STATUS_NOT_INITIALIZED
2019-09-14 00:02:32.731189: E tensorflow/stream_executor/cuda/cuda_blas.cc:459] failed to create cublas handle: CUBLAS_STATUS_NOT_INITIALIZED
2019-09-14 00:02:32.733620: E tensorflow/stream_executor/cuda/cuda_blas.cc:459] failed to create cublas handle: CUBLAS_STATUS_NOT_INITIALIZED
2019-09-14 00:02:32.735045: E tensorflow/stream_executor/cuda/cuda_blas.cc:459] failed to create cublas handle: CUBLAS_STATUS_NOT_INITIALIZED
2019-09-14 00:02:32.736513: E tensorflow/stream_executor/cuda/cuda_blas.cc:459] failed to create cublas handle: CUBLAS_STATUS_NOT_INITIALIZED
2019-09-14 00:02:32.738231: E tensorflow/stream_executor/cuda/cuda_blas.cc:459] failed to create cublas handle: CUBLAS_STATUS_NOT_INITIALIZED
2019-09-14 00:02:32.739569: E tensorflow/stream_executor/cuda/cuda_blas.cc:459] failed to create cublas handle: CUBLAS_STATUS_NOT_INITIALIZED
2019-09-14 00:02:32.741312: E tensorflow/stream_executor/cuda/cuda_blas.cc:459] failed to create cublas handle: CUBLAS_STATUS_NOT_INITIALIZED
2019-09-14 00:02:32.742989: E tensorflow/stream_executor/cuda/cuda_blas.cc:459] failed to create cublas handle: CUBLAS_STATUS_NOT_INITIALIZED
2019-09-14 00:02:32.744145: E tensorflow/stream_executor/cuda/cuda_blas.cc:459] failed to create cublas handle: CUBLAS_STATUS_NOT_INITIALIZED
2019-09-14 00:02:32.745572: E tensorflow/stream_executor/cuda/cuda_blas.cc:459] failed to create cublas handle: CUBLAS_STATUS_NOT_INITIALIZED
2019-09-14 00:02:32.747061: E tensorflow/stream_executor/cuda/cuda_blas.cc:459] failed to create cublas handle: CUBLAS_STATUS_NOT_INITIALIZED
2019-09-14 00:02:32.748674: E tensorflow/stream_executor/cuda/cuda_blas.cc:459] failed to create cublas handle: CUBLAS_STATUS_NOT_INITIALIZED
2019-09-14 00:02:32.750194: E tensorflow/stream_executor/cuda/cuda_blas.cc:459] failed to create cublas handle: CUBLAS_STATUS_NOT_INITIALIZED
2019-09-14 00:02:32.751645: E tensorflow/stream_executor/cuda/cuda_blas.cc:459] failed to create cublas handle: CUBLAS_STATUS_NOT_INITIALIZED
2019-09-14 00:02:32.753108: E tensorflow/stream_executor/cuda/cuda_blas.cc:459] failed to create cublas handle: CUBLAS_STATUS_NOT_INITIALIZED
2019-09-14 00:02:32.754813: E tensorflow/stream_executor/cuda/cuda_blas.cc:459] failed to create cublas handle: CUBLAS_STATUS_NOT_INITIALIZED
2019-09-14 00:02:32.756276: E tensorflow/stream_executor/cuda/cuda_blas.cc:459] failed to create cublas handle: CUBLAS_STATUS_NOT_INITIALIZED
2019-09-14 00:02:32.757732: E tensorflow/stream_executor/cuda/cuda_blas.cc:459] failed to create cublas handle: CUBLAS_STATUS_NOT_INITIALIZED
2019-09-14 00:02:32.759365: E tensorflow/stream_executor/cuda/cuda_blas.cc:459] failed to create cublas handle: CUBLAS_STATUS_NOT_INITIALIZED
2019-09-14 00:02:32.760861: E tensorflow/stream_executor/cuda/cuda_blas.cc:459] failed to create cublas handle: CUBLAS_STATUS_NOT_INITIALIZED
2019-09-14 00:02:32.762320: E tensorflow/stream_executor/cuda/cuda_blas.cc:459] failed to create cublas handle: CUBLAS_STATUS_NOT_INITIALIZED
2019-09-14 00:02:32.763789: E tensorflow/stream_executor/cuda/cuda_blas.cc:459] failed to create cublas handle: CUBLAS_STATUS_NOT_INITIALIZED
2019-09-14 00:02:32.765523: E tensorflow/stream_executor/cuda/cuda_blas.cc:459] failed to create cublas handle: CUBLAS_STATUS_NOT_INITIALIZED
2019-09-14 00:02:32.766973: E tensorflow/stream_executor/cuda/cuda_blas.cc:459] failed to create cublas handle: CUBLAS_STATUS_NOT_INITIALIZED
2019-09-14 00:02:32.768425: E tensorflow/stream_executor/cuda/cuda_blas.cc:459] failed to create cublas handle: CUBLAS_STATUS_NOT_INITIALIZED
2019-09-14 00:02:32.770089: E tensorflow/stream_executor/cuda/cuda_blas.cc:459] failed to create cublas handle: CUBLAS_STATUS_NOT_INITIALIZED
2019-09-14 00:02:32.771593: E tensorflow/stream_executor/cuda/cuda_blas.cc:459] failed to create cublas handle: CUBLAS_STATUS_NOT_INITIALIZED
2019-09-14 00:02:32.773056: E tensorflow/stream_executor/cuda/cuda_blas.cc:459] failed to create cublas handle: CUBLAS_STATUS_NOT_INITIALIZED
2019-09-14 00:02:32.774507: E tensorflow/stream_executor/cuda/cuda_blas.cc:459] failed to create cublas handle: CUBLAS_STATUS_NOT_INITIALIZED
2019-09-14 00:02:32.776220: E tensorflow/stream_executor/cuda/cuda_blas.cc:459] failed to create cublas handle: CUBLAS_STATUS_NOT_INITIALIZED
2019-09-14 00:02:32.777686: E tensorflow/stream_executor/cuda/cuda_blas.cc:459] failed to create cublas handle: CUBLAS_STATUS_NOT_INITIALIZED
2019-09-14 00:02:32.779168: E tensorflow/stream_executor/cuda/cuda_blas.cc:459] failed to create cublas handle: CUBLAS_STATUS_NOT_INITIALIZED
2019-09-14 00:02:32.780842: E tensorflow/stream_executor/cuda/cuda_blas.cc:459] failed to create cublas handle: CUBLAS_STATUS_NOT_INITIALIZED
2019-09-14 00:02:32.782360: E tensorflow/stream_executor/cuda/cuda_blas.cc:459] failed to create cublas handle: CUBLAS_STATUS_NOT_INITIALIZED
2019-09-14 00:02:32.783827: E tensorflow/stream_executor/cuda/cuda_blas.cc:459] failed to create cublas handle: CUBLAS_STATUS_NOT_INITIALIZED
2019-09-14 00:02:32.785292: E tensorflow/stream_executor/cuda/cuda_blas.cc:459] failed to create cublas handle: CUBLAS_STATUS_NOT_INITIALIZED
2019-09-14 00:02:32.786990: E tensorflow/stream_executor/cuda/cuda_blas.cc:459] failed to create cublas handle: CUBLAS_STATUS_NOT_INITIALIZED
2019-09-14 00:02:32.788469: E tensorflow/stream_executor/cuda/cuda_blas.cc:459] failed to create cublas handle: CUBLAS_STATUS_NOT_INITIALIZED
2019-09-14 00:02:32.789961: E tensorflow/stream_executor/cuda/cuda_blas.cc:459] failed to create cublas handle: CUBLAS_STATUS_NOT_INITIALIZED
2019-09-14 00:02:32.791610: E tensorflow/stream_executor/cuda/cuda_blas.cc:459] failed to create cublas handle: CUBLAS_STATUS_NOT_INITIALIZED
2019-09-14 00:02:32.793130: E tensorflow/stream_executor/cuda/cuda_blas.cc:459] failed to create cublas handle: CUBLAS_STATUS_NOT_INITIALIZED
2019-09-14 00:02:32.794588: E tensorflow/stream_executor/cuda/cuda_blas.cc:459] failed to create cublas handle: CUBLAS_STATUS_NOT_INITIALIZED
2019-09-14 00:02:32.796067: E tensorflow/stream_executor/cuda/cuda_blas.cc:459] failed to create cublas handle: CUBLAS_STATUS_NOT_INITIALIZED
2019-09-14 00:02:32.797777: E tensorflow/stream_executor/cuda/cuda_blas.cc:459] failed to create cublas handle: CUBLAS_STATUS_NOT_INITIALIZED
2019-09-14 00:02:32.799231: E tensorflow/stream_executor/cuda/cuda_blas.cc:459] failed to create cublas handle: CUBLAS_STATUS_NOT_INITIALIZED
2019-09-14 00:02:32.800708: E tensorflow/stream_executor/cuda/cuda_blas.cc:459] failed to create cublas handle: CUBLAS_STATUS_NOT_INITIALIZED
2019-09-14 00:02:32.802352: E tensorflow/stream_executor/cuda/cuda_blas.cc:459] failed to create cublas handle: CUBLAS_STATUS_NOT_INITIALIZED
2019-09-14 00:02:32.803851: E tensorflow/stream_executor/cuda/cuda_blas.cc:459] failed to create cublas handle: CUBLAS_STATUS_NOT_INITIALIZED
2019-09-14 00:02:32.805324: E tensorflow/stream_executor/cuda/cuda_blas.cc:459] failed to create cublas handle: CUBLAS_STATUS_NOT_INITIALIZED
2019-09-14 00:02:32.806775: E tensorflow/stream_executor/cuda/cuda_blas.cc:459] failed to create cublas handle: CUBLAS_STATUS_NOT_INITIALIZED
2019-09-14 00:02:32.808486: E tensorflow/stream_executor/cuda/cuda_blas.cc:459] failed to create cublas handle: CUBLAS_STATUS_NOT_INITIALIZED
2019-09-14 00:02:32.809984: E tensorflow/stream_executor/cuda/cuda_blas.cc:459] failed to create cublas handle: CUBLAS_STATUS_NOT_INITIALIZED
2019-09-14 00:02:32.811439: E tensorflow/stream_executor/cuda/cuda_blas.cc:459] failed to create cublas handle: CUBLAS_STATUS_NOT_INITIALIZED
2019-09-14 00:02:32.813093: E tensorflow/stream_executor/cuda/cuda_blas.cc:459] failed to create cublas handle: CUBLAS_STATUS_NOT_INITIALIZED
2019-09-14 00:02:32.814589: E tensorflow/stream_executor/cuda/cuda_blas.cc:459] failed to create cublas handle: CUBLAS_STATUS_NOT_INITIALIZED
2019-09-14 00:02:32.816062: E tensorflow/stream_executor/cuda/cuda_blas.cc:459] failed to create cublas handle: CUBLAS_STATUS_NOT_INITIALIZED
2019-09-14 00:02:32.817544: E tensorflow/stream_executor/cuda/cuda_blas.cc:459] failed to create cublas handle: CUBLAS_STATUS_NOT_INITIALIZED
2019-09-14 00:02:32.819256: E tensorflow/stream_executor/cuda/cuda_blas.cc:459] failed to create cublas handle: CUBLAS_STATUS_NOT_INITIALIZED
2019-09-14 00:02:32.820723: E tensorflow/stream_executor/cuda/cuda_blas.cc:459] failed to create cublas handle: CUBLAS_STATUS_NOT_INITIALIZED
2019-09-14 00:02:32.822207: E tensorflow/stream_executor/cuda/cuda_blas.cc:459] failed to create cublas handle: CUBLAS_STATUS_NOT_INITIALIZED
2019-09-14 00:02:32.823874: E tensorflow/stream_executor/cuda/cuda_blas.cc:459] failed to create cublas handle: CUBLAS_STATUS_NOT_INITIALIZED
2019-09-14 00:02:32.825424: E tensorflow/stream_executor/cuda/cuda_blas.cc:459] failed to create cublas handle: CUBLAS_STATUS_NOT_INITIALIZED
2019-09-14 00:02:32.826904: E tensorflow/stream_executor/cuda/cuda_blas.cc:459] failed to create cublas handle: CUBLAS_STATUS_NOT_INITIALIZED
2019-09-14 00:02:32.828362: E tensorflow/stream_executor/cuda/cuda_blas.cc:459] failed to create cublas handle: CUBLAS_STATUS_NOT_INITIALIZED
2019-09-14 00:02:32.830099: E tensorflow/stream_executor/cuda/cuda_blas.cc:459] failed to create cublas handle: CUBLAS_STATUS_NOT_INITIALIZED
2019-09-14 00:02:32.831555: E tensorflow/stream_executor/cuda/cuda_blas.cc:459] failed to create cublas handle: CUBLAS_STATUS_NOT_INITIALIZED
2019-09-14 00:02:32.833028: E tensorflow/stream_executor/cuda/cuda_blas.cc:459] failed to create cublas handle: CUBLAS_STATUS_NOT_INITIALIZED
2019-09-14 00:02:32.834683: E tensorflow/stream_executor/cuda/cuda_blas.cc:459] failed to create cublas handle: CUBLAS_STATUS_NOT_INITIALIZED
2019-09-14 00:02:32.836212: E tensorflow/stream_executor/cuda/cuda_blas.cc:459] failed to create cublas handle: CUBLAS_STATUS_NOT_INITIALIZED
2019-09-14 00:02:32.837686: E tensorflow/stream_executor/cuda/cuda_blas.cc:459] failed to create cublas handle: CUBLAS_STATUS_NOT_INITIALIZED
2019-09-14 00:02:32.839154: E tensorflow/stream_executor/cuda/cuda_blas.cc:459] failed to create cublas handle: CUBLAS_STATUS_NOT_INITIALIZED
2019-09-14 00:02:32.840890: E tensorflow/stream_executor/cuda/cuda_blas.cc:459] failed to create cublas handle: CUBLAS_STATUS_NOT_INITIALIZED
2019-09-14 00:02:32.842360: E tensorflow/stream_executor/cuda/cuda_blas.cc:459] failed to create cublas handle: CUBLAS_STATUS_NOT_INITIALIZED
2019-09-14 00:02:32.843820: E tensorflow/stream_executor/cuda/cuda_blas.cc:459] failed to create cublas handle: CUBLAS_STATUS_NOT_INITIALIZED
2019-09-14 00:02:32.845477: E tensorflow/stream_executor/cuda/cuda_blas.cc:459] failed to create cublas handle: CUBLAS_STATUS_NOT_INITIALIZED
2019-09-14 00:02:32.847015: E tensorflow/stream_executor/cuda/cuda_blas.cc:459] failed to create cublas handle: CUBLAS_STATUS_NOT_INITIALIZED
2019-09-14 00:02:32.848481: E tensorflow/stream_executor/cuda/cuda_blas.cc:459] failed to create cublas handle: CUBLAS_STATUS_NOT_INITIALIZED
2019-09-14 00:02:32.849975: E tensorflow/stream_executor/cuda/cuda_blas.cc:459] failed to create cublas handle: CUBLAS_STATUS_NOT_INITIALIZED
2019-09-14 00:02:32.851702: E tensorflow/stream_executor/cuda/cuda_blas.cc:459] failed to create cublas handle: CUBLAS_STATUS_NOT_INITIALIZED
2019-09-14 00:02:32.853199: E tensorflow/stream_executor/cuda/cuda_blas.cc:459] failed to create cublas handle: CUBLAS_STATUS_NOT_INITIALIZED
2019-09-14 00:02:32.854680: E tensorflow/stream_executor/cuda/cuda_blas.cc:459] failed to create cublas handle: CUBLAS_STATUS_NOT_INITIALIZED
2019-09-14 00:02:32.856351: E tensorflow/stream_executor/cuda/cuda_blas.cc:459] failed to create cublas handle: CUBLAS_STATUS_NOT_INITIALIZED
2019-09-14 00:02:32.857887: E tensorflow/stream_executor/cuda/cuda_blas.cc:459] failed to create cublas handle: CUBLAS_STATUS_NOT_INITIALIZED
2019-09-14 00:02:32.859359: E tensorflow/stream_executor/cuda/cuda_blas.cc:459] failed to create cublas handle: CUBLAS_STATUS_NOT_INITIALIZED
2019-09-14 00:02:32.860817: E tensorflow/stream_executor/cuda/cuda_blas.cc:459] failed to create cublas handle: CUBLAS_STATUS_NOT_INITIALIZED
2019-09-14 00:02:32.862551: E tensorflow/stream_executor/cuda/cuda_blas.cc:459] failed to create cublas handle: CUBLAS_STATUS_NOT_INITIALIZED
2019-09-14 00:02:32.864016: E tensorflow/stream_executor/cuda/cuda_blas.cc:459] failed to create cublas handle: CUBLAS_STATUS_NOT_INITIALIZED
2019-09-14 00:02:32.865482: E tensorflow/stream_executor/cuda/cuda_blas.cc:459] failed to create cublas handle: CUBLAS_STATUS_NOT_INITIALIZED
2019-09-14 00:02:32.867145: E tensorflow/stream_executor/cuda/cuda_blas.cc:459] failed to create cublas handle: CUBLAS_STATUS_NOT_INITIALIZED
2019-09-14 00:02:32.868679: E tensorflow/stream_executor/cuda/cuda_blas.cc:459] failed to create cublas handle: CUBLAS_STATUS_NOT_INITIALIZED
2019-09-14 00:02:32.870154: E tensorflow/stream_executor/cuda/cuda_blas.cc:459] failed to create cublas handle: CUBLAS_STATUS_NOT_INITIALIZED
2019-09-14 00:02:32.871618: E tensorflow/stream_executor/cuda/cuda_blas.cc:459] failed to create cublas handle: CUBLAS_STATUS_NOT_INITIALIZED
2019-09-14 00:02:32.873351: E tensorflow/stream_executor/cuda/cuda_blas.cc:459] failed to create cublas handle: CUBLAS_STATUS_NOT_INITIALIZED
2019-09-14 00:02:32.874839: E tensorflow/stream_executor/cuda/cuda_blas.cc:459] failed to create cublas handle: CUBLAS_STATUS_NOT_INITIALIZED
2019-09-14 00:02:32.876315: E tensorflow/stream_executor/cuda/cuda_blas.cc:459] failed to create cublas handle: CUBLAS_STATUS_NOT_INITIALIZED
2019-09-14 00:02:32.877974: E tensorflow/stream_executor/cuda/cuda_blas.cc:459] failed to create cublas handle: CUBLAS_STATUS_NOT_INITIALIZED
2019-09-14 00:02:32.879506: E tensorflow/stream_executor/cuda/cuda_blas.cc:459] failed to create cublas handle: CUBLAS_STATUS_NOT_INITIALIZED
2019-09-14 00:02:32.880994: E tensorflow/stream_executor/cuda/cuda_blas.cc:459] failed to create cublas handle: CUBLAS_STATUS_NOT_INITIALIZED
2019-09-14 00:02:32.882454: E tensorflow/stream_executor/cuda/cuda_blas.cc:459] failed to create cublas handle: CUBLAS_STATUS_NOT_INITIALIZED
2019-09-14 00:02:32.884184: E tensorflow/stream_executor/cuda/cuda_blas.cc:459] failed to create cublas handle: CUBLAS_STATUS_NOT_INITIALIZED
2019-09-14 00:02:32.885713: E tensorflow/stream_executor/cuda/cuda_blas.cc:459] failed to create cublas handle: CUBLAS_STATUS_NOT_INITIALIZED
2019-09-14 00:02:32.887293: E tensorflow/stream_executor/cuda/cuda_blas.cc:459] failed to create cublas handle: CUBLAS_STATUS_NOT_INITIALIZED
2019-09-14 00:02:32.889007: E tensorflow/stream_executor/cuda/cuda_blas.cc:459] failed to create cublas handle: CUBLAS_STATUS_NOT_INITIALIZED
2019-09-14 00:02:32.890569: E tensorflow/stream_executor/cuda/cuda_blas.cc:459] failed to create cublas handle: CUBLAS_STATUS_NOT_INITIALIZED
2019-09-14 00:02:32.892090: E tensorflow/stream_executor/cuda/cuda_blas.cc:459] failed to create cublas handle: CUBLAS_STATUS_NOT_INITIALIZED
2019-09-14 00:02:32.893622: E tensorflow/stream_executor/cuda/cuda_blas.cc:459] failed to create cublas handle: CUBLAS_STATUS_NOT_INITIALIZED
2019-09-14 00:02:32.895422: E tensorflow/stream_executor/cuda/cuda_blas.cc:459] failed to create cublas handle: CUBLAS_STATUS_NOT_INITIALIZED
2019-09-14 00:02:32.896963: E tensorflow/stream_executor/cuda/cuda_blas.cc:459] failed to create cublas handle: CUBLAS_STATUS_NOT_INITIALIZED
2019-09-14 00:02:32.898484: E tensorflow/stream_executor/cuda/cuda_blas.cc:459] failed to create cublas handle: CUBLAS_STATUS_NOT_INITIALIZED
2019-09-14 00:02:32.900181: E tensorflow/stream_executor/cuda/cuda_blas.cc:459] failed to create cublas handle: CUBLAS_STATUS_NOT_INITIALIZED
2019-09-14 00:02:32.901752: E tensorflow/stream_executor/cuda/cuda_blas.cc:459] failed to create cublas handle: CUBLAS_STATUS_NOT_INITIALIZED
2019-09-14 00:02:32.903282: E tensorflow/stream_executor/cuda/cuda_blas.cc:459] failed to create cublas handle: CUBLAS_STATUS_NOT_INITIALIZED
2019-09-14 00:02:32.904808: E tensorflow/stream_executor/cuda/cuda_blas.cc:459] failed to create cublas handle: CUBLAS_STATUS_NOT_INITIALIZED
2019-09-14 00:02:32.906744: E tensorflow/stream_executor/cuda/cuda_blas.cc:459] failed to create cublas handle: CUBLAS_STATUS_NOT_INITIALIZED
2019-09-14 00:02:32.908269: E tensorflow/stream_executor/cuda/cuda_blas.cc:459] failed to create cublas handle: CUBLAS_STATUS_NOT_INITIALIZED
2019-09-14 00:02:32.909816: E tensorflow/stream_executor/cuda/cuda_blas.cc:459] failed to create cublas handle: CUBLAS_STATUS_NOT_INITIALIZED
2019-09-14 00:02:32.911516: E tensorflow/stream_executor/cuda/cuda_blas.cc:459] failed to create cublas handle: CUBLAS_STATUS_NOT_INITIALIZED
2019-09-14 00:02:32.913106: E tensorflow/stream_executor/cuda/cuda_blas.cc:459] failed to create cublas handle: CUBLAS_STATUS_NOT_INITIALIZED
2019-09-14 00:02:32.914613: E tensorflow/stream_executor/cuda/cuda_blas.cc:459] failed to create cublas handle: CUBLAS_STATUS_NOT_INITIALIZED
2019-09-14 00:02:32.916165: E tensorflow/stream_executor/cuda/cuda_blas.cc:459] failed to create cublas handle: CUBLAS_STATUS_NOT_INITIALIZED
2019-09-14 00:02:32.917994: E tensorflow/stream_executor/cuda/cuda_blas.cc:459] failed to create cublas handle: CUBLAS_STATUS_NOT_INITIALIZED
2019-09-14 00:02:32.919524: E tensorflow/stream_executor/cuda/cuda_blas.cc:459] failed to create cublas handle: CUBLAS_STATUS_NOT_INITIALIZED
2019-09-14 00:02:32.921075: E tensorflow/stream_executor/cuda/cuda_blas.cc:459] failed to create cublas handle: CUBLAS_STATUS_NOT_INITIALIZED
2019-09-14 00:02:32.922822: E tensorflow/stream_executor/cuda/cuda_blas.cc:459] failed to create cublas handle: CUBLAS_STATUS_NOT_INITIALIZED
2019-09-14 00:02:32.924404: E tensorflow/stream_executor/cuda/cuda_blas.cc:459] failed to create cublas handle: CUBLAS_STATUS_NOT_INITIALIZED
2019-09-14 00:02:32.925947: E tensorflow/stream_executor/cuda/cuda_blas.cc:459] failed to create cublas handle: CUBLAS_STATUS_NOT_INITIALIZED
2019-09-14 00:02:32.927481: E tensorflow/stream_executor/cuda/cuda_blas.cc:459] failed to create cublas handle: CUBLAS_STATUS_NOT_INITIALIZED
2019-09-14 00:02:32.929265: E tensorflow/stream_executor/cuda/cuda_blas.cc:459] failed to create cublas handle: CUBLAS_STATUS_NOT_INITIALIZED
2019-09-14 00:02:32.930798: E tensorflow/stream_executor/cuda/cuda_blas.cc:459] failed to create cublas handle: CUBLAS_STATUS_NOT_INITIALIZED
2019-09-14 00:02:32.932278: E tensorflow/stream_executor/cuda/cuda_blas.cc:459] failed to create cublas handle: CUBLAS_STATUS_NOT_INITIALIZED
2019-09-14 00:02:32.933746: E tensorflow/stream_executor/cuda/cuda_blas.cc:459] failed to create cublas handle: CUBLAS_STATUS_NOT_INITIALIZED
2019-09-14 00:02:32.935431: E tensorflow/stream_executor/cuda/cuda_blas.cc:459] failed to create cublas handle: CUBLAS_STATUS_NOT_INITIALIZED
2019-09-14 00:02:32.957192: E tensorflow/stream_executor/cuda/cuda_blas.cc:459] failed to create cublas handle: CUBLAS_STATUS_NOT_INITIALIZED
2019-09-14 00:02:32.957280: W tensorflow/stream_executor/stream.cc:2010] attempting to perform BLAS operation using StreamExecutor without BLAS support
Traceback (most recent call last):
  File "/clusterFS/home/student/kopp13/miniconda3/envs/tensorflow/lib/python3.5/site-packages/tensorflow/python/client/session.py", line 1278, in _do_call
    return fn(*args)
  File "/clusterFS/home/student/kopp13/miniconda3/envs/tensorflow/lib/python3.5/site-packages/tensorflow/python/client/session.py", line 1263, in _run_fn
    options, feed_dict, fetch_list, target_list, run_metadata)
  File "/clusterFS/home/student/kopp13/miniconda3/envs/tensorflow/lib/python3.5/site-packages/tensorflow/python/client/session.py", line 1350, in _call_tf_sessionrun
    run_metadata)
tensorflow.python.framework.errors_impl.InternalError: Blas GEMM launch failed : a.shape=(2000, 59), b.shape=(59, 55), m=2000, n=55, k=59
	 [[Node: tr_s/MatMul_2 = MatMul[T=DT_FLOAT, transpose_a=false, transpose_b=false, _device="/job:localhost/replica:0/task:0/device:GPU:0"](tr_s/concat, lstm_0/wo/read)]]

During handling of the above exception, another exception occurred:

Traceback (most recent call last):
  File "../exps/mter_test.py", line 157, in <module>
    result_dicts.append(experiment.train(rnn_config, labelled_data_config, training_config, pretrain_config, info_config))
  File "../src/experiment.py", line 126, in train
    self.rnn.t_metrics.retrieve_results(sess, current_epoch, tau)
  File "../src/data/t_metrics.py", line 99, in retrieve_results
    self.retrieve_s_results(sess, 'tr_s', is_pretrain, True)
  File "../src/data/t_metrics.py", line 139, in retrieve_s_results
    feed_dict={self.l_data.batch_idx: minibatch_idx, self.is_training: is_training})
  File "/clusterFS/home/student/kopp13/miniconda3/envs/tensorflow/lib/python3.5/site-packages/tensorflow/python/client/session.py", line 877, in run
    run_metadata_ptr)
  File "/clusterFS/home/student/kopp13/miniconda3/envs/tensorflow/lib/python3.5/site-packages/tensorflow/python/client/session.py", line 1100, in _run
    feed_dict_tensor, options, run_metadata)
  File "/clusterFS/home/student/kopp13/miniconda3/envs/tensorflow/lib/python3.5/site-packages/tensorflow/python/client/session.py", line 1272, in _do_run
    run_metadata)
  File "/clusterFS/home/student/kopp13/miniconda3/envs/tensorflow/lib/python3.5/site-packages/tensorflow/python/client/session.py", line 1291, in _do_call
    raise type(e)(node_def, op, message)
tensorflow.python.framework.errors_impl.InternalError: Blas GEMM launch failed : a.shape=(2000, 59), b.shape=(59, 55), m=2000, n=55, k=59
	 [[Node: tr_s/MatMul_2 = MatMul[T=DT_FLOAT, transpose_a=false, transpose_b=false, _device="/job:localhost/replica:0/task:0/device:GPU:0"](tr_s/concat, lstm_0/wo/read)]]

Caused by op 'tr_s/MatMul_2', defined at:
  File "../exps/mter_test.py", line 157, in <module>
    result_dicts.append(experiment.train(rnn_config, labelled_data_config, training_config, pretrain_config, info_config))
  File "../src/experiment.py", line 83, in train
    self.create_rnn(l_data, l_data_config)
  File "../src/experiment.py", line 27, in create_rnn
    self.rnn = RNN(l_data)
  File "../src/rnn.py", line 63, in __init__
    self.create_s_evaluation_graph(data_key)
  File "../src/rnn.py", line 300, in create_s_evaluation_graph
    self.create_rnn_graph(data_key, None, bayesian=False)
  File "../src/rnn.py", line 105, in create_rnn_graph
    m = layer.create_var_fp(m, time_idx)
  File "../src/lstm_layer.py", line 179, in create_var_fp
    o_act = tf.matmul(x, self.weights.var_dict['wo']) + self.weights.var_dict['bo']
  File "/clusterFS/home/student/kopp13/miniconda3/envs/tensorflow/lib/python3.5/site-packages/tensorflow/python/ops/math_ops.py", line 2018, in matmul
    a, b, transpose_a=transpose_a, transpose_b=transpose_b, name=name)
  File "/clusterFS/home/student/kopp13/miniconda3/envs/tensorflow/lib/python3.5/site-packages/tensorflow/python/ops/gen_math_ops.py", line 4456, in mat_mul
    name=name)
  File "/clusterFS/home/student/kopp13/miniconda3/envs/tensorflow/lib/python3.5/site-packages/tensorflow/python/framework/op_def_library.py", line 787, in _apply_op_helper
    op_def=op_def)
  File "/clusterFS/home/student/kopp13/miniconda3/envs/tensorflow/lib/python3.5/site-packages/tensorflow/python/util/deprecation.py", line 454, in new_func
    return func(*args, **kwargs)
  File "/clusterFS/home/student/kopp13/miniconda3/envs/tensorflow/lib/python3.5/site-packages/tensorflow/python/framework/ops.py", line 3155, in create_op
    op_def=op_def)
  File "/clusterFS/home/student/kopp13/miniconda3/envs/tensorflow/lib/python3.5/site-packages/tensorflow/python/framework/ops.py", line 1717, in __init__
    self._traceback = tf_stack.extract_stack()

InternalError (see above for traceback): Blas GEMM launch failed : a.shape=(2000, 59), b.shape=(59, 55), m=2000, n=55, k=59
	 [[Node: tr_s/MatMul_2 = MatMul[T=DT_FLOAT, transpose_a=false, transpose_b=false, _device="/job:localhost/replica:0/task:0/device:GPU:0"](tr_s/concat, lstm_0/wo/read)]]

