2024-01-27 15:54:21.450504: I tensorflow/core/platform/cpu_feature_guard.cc:141] Your CPU supports instructions that this TensorFlow binary was not compiled to use: SSE4.1 SSE4.2 AVX AVX2 FMA
2024-01-27 15:54:21.596540: I tensorflow/core/common_runtime/gpu/gpu_device.cc:1405] Found device 0 with properties: 
name: GeForce RTX 2080 Ti major: 7 minor: 5 memoryClockRate(GHz): 1.545
pciBusID: 0000:03:00.0
totalMemory: 10.76GiB freeMemory: 10.61GiB
2024-01-27 15:54:21.597067: I tensorflow/core/common_runtime/gpu/gpu_device.cc:1484] Adding visible gpu devices: 0
2024-01-27 15:54:25.015343: I tensorflow/core/common_runtime/gpu/gpu_device.cc:965] Device interconnect StreamExecutor with strength 1 edge matrix:
2024-01-27 15:54:25.015772: I tensorflow/core/common_runtime/gpu/gpu_device.cc:971]      0 
2024-01-27 15:54:25.016027: I tensorflow/core/common_runtime/gpu/gpu_device.cc:984] 0:   N 
2024-01-27 15:54:25.016362: I tensorflow/core/common_runtime/gpu/gpu_device.cc:1097] Created TensorFlow device (/job:localhost/replica:0/task:0/device:GPU:0 with 10237 MB memory) -> physical GPU (device: 0, name: GeForce RTX 2080 Ti, pci bus id: 0000:03:00.0, compute capability: 7.5)
2024-01-27 16:00:20.652376: I tensorflow/core/common_runtime/gpu/gpu_device.cc:1484] Adding visible gpu devices: 0
2024-01-27 16:00:20.652710: I tensorflow/core/common_runtime/gpu/gpu_device.cc:965] Device interconnect StreamExecutor with strength 1 edge matrix:
2024-01-27 16:00:20.652927: I tensorflow/core/common_runtime/gpu/gpu_device.cc:971]      0 
2024-01-27 16:00:20.653092: I tensorflow/core/common_runtime/gpu/gpu_device.cc:984] 0:   N 
2024-01-27 16:00:20.653389: I tensorflow/core/common_runtime/gpu/gpu_device.cc:1097] Created TensorFlow device (/job:localhost/replica:0/task:0/device:GPU:0 with 10237 MB memory) -> physical GPU (device: 0, name: GeForce RTX 2080 Ti, pci bus id: 0000:03:00.0, compute capability: 7.5)
2024-01-27 16:05:56.755821: I tensorflow/core/common_runtime/gpu/gpu_device.cc:1484] Adding visible gpu devices: 0
2024-01-27 16:05:56.756118: I tensorflow/core/common_runtime/gpu/gpu_device.cc:965] Device interconnect StreamExecutor with strength 1 edge matrix:
2024-01-27 16:05:56.756367: I tensorflow/core/common_runtime/gpu/gpu_device.cc:971]      0 
2024-01-27 16:05:56.756563: I tensorflow/core/common_runtime/gpu/gpu_device.cc:984] 0:   N 
2024-01-27 16:05:56.757201: I tensorflow/core/common_runtime/gpu/gpu_device.cc:1097] Created TensorFlow device (/job:localhost/replica:0/task:0/device:GPU:0 with 10237 MB memory) -> physical GPU (device: 0, name: GeForce RTX 2080 Ti, pci bus id: 0000:03:00.0, compute capability: 7.5)
