2024-01-27 16:47:10.513572: I tensorflow/core/platform/cpu_feature_guard.cc:141] Your CPU supports instructions that this TensorFlow binary was not compiled to use: SSE4.1 SSE4.2 AVX AVX2 FMA
2024-01-27 16:47:10.674391: I tensorflow/core/common_runtime/gpu/gpu_device.cc:1405] Found device 0 with properties: 
name: GeForce RTX 2080 Ti major: 7 minor: 5 memoryClockRate(GHz): 1.545
pciBusID: 0000:03:00.0
totalMemory: 10.76GiB freeMemory: 10.61GiB
2024-01-27 16:47:10.674818: I tensorflow/core/common_runtime/gpu/gpu_device.cc:1484] Adding visible gpu devices: 0
2024-01-27 16:47:14.233852: I tensorflow/core/common_runtime/gpu/gpu_device.cc:965] Device interconnect StreamExecutor with strength 1 edge matrix:
2024-01-27 16:47:14.234337: I tensorflow/core/common_runtime/gpu/gpu_device.cc:971]      0 
2024-01-27 16:47:14.234620: I tensorflow/core/common_runtime/gpu/gpu_device.cc:984] 0:   N 
2024-01-27 16:47:14.235167: I tensorflow/core/common_runtime/gpu/gpu_device.cc:1097] Created TensorFlow device (/job:localhost/replica:0/task:0/device:GPU:0 with 10237 MB memory) -> physical GPU (device: 0, name: GeForce RTX 2080 Ti, pci bus id: 0000:03:00.0, compute capability: 7.5)
2024-01-27 17:48:54.689389: I tensorflow/core/common_runtime/gpu/gpu_device.cc:1484] Adding visible gpu devices: 0
2024-01-27 17:48:54.689854: I tensorflow/core/common_runtime/gpu/gpu_device.cc:965] Device interconnect StreamExecutor with strength 1 edge matrix:
2024-01-27 17:48:54.690111: I tensorflow/core/common_runtime/gpu/gpu_device.cc:971]      0 
2024-01-27 17:48:54.690350: I tensorflow/core/common_runtime/gpu/gpu_device.cc:984] 0:   N 
2024-01-27 17:48:54.690615: I tensorflow/core/common_runtime/gpu/gpu_device.cc:1097] Created TensorFlow device (/job:localhost/replica:0/task:0/device:GPU:0 with 10237 MB memory) -> physical GPU (device: 0, name: GeForce RTX 2080 Ti, pci bus id: 0000:03:00.0, compute capability: 7.5)
2024-01-27 18:49:32.015490: I tensorflow/core/common_runtime/gpu/gpu_device.cc:1484] Adding visible gpu devices: 0
2024-01-27 18:49:32.015749: I tensorflow/core/common_runtime/gpu/gpu_device.cc:965] Device interconnect StreamExecutor with strength 1 edge matrix:
2024-01-27 18:49:32.015986: I tensorflow/core/common_runtime/gpu/gpu_device.cc:971]      0 
2024-01-27 18:49:32.016207: I tensorflow/core/common_runtime/gpu/gpu_device.cc:984] 0:   N 
2024-01-27 18:49:32.016592: I tensorflow/core/common_runtime/gpu/gpu_device.cc:1097] Created TensorFlow device (/job:localhost/replica:0/task:0/device:GPU:0 with 10237 MB memory) -> physical GPU (device: 0, name: GeForce RTX 2080 Ti, pci bus id: 0000:03:00.0, compute capability: 7.5)
