2024-01-27 15:33:54.757472: I tensorflow/core/platform/cpu_feature_guard.cc:141] Your CPU supports instructions that this TensorFlow binary was not compiled to use: SSE4.1 SSE4.2 AVX AVX2 FMA
2024-01-27 15:33:54.920694: I tensorflow/core/common_runtime/gpu/gpu_device.cc:1405] Found device 0 with properties: 
name: GeForce RTX 2080 Ti major: 7 minor: 5 memoryClockRate(GHz): 1.545
pciBusID: 0000:02:00.0
totalMemory: 10.76GiB freeMemory: 10.61GiB
2024-01-27 15:33:54.921138: I tensorflow/core/common_runtime/gpu/gpu_device.cc:1484] Adding visible gpu devices: 0
2024-01-27 15:33:55.160923: I tensorflow/core/common_runtime/gpu/gpu_device.cc:965] Device interconnect StreamExecutor with strength 1 edge matrix:
2024-01-27 15:33:55.161475: I tensorflow/core/common_runtime/gpu/gpu_device.cc:971]      0 
2024-01-27 15:33:55.161810: I tensorflow/core/common_runtime/gpu/gpu_device.cc:984] 0:   N 
2024-01-27 15:33:55.162127: I tensorflow/core/common_runtime/gpu/gpu_device.cc:1097] Created TensorFlow device (/job:localhost/replica:0/task:0/device:GPU:0 with 10237 MB memory) -> physical GPU (device: 0, name: GeForce RTX 2080 Ti, pci bus id: 0000:02:00.0, compute capability: 7.5)
2024-01-27 15:42:40.490630: I tensorflow/core/common_runtime/gpu/gpu_device.cc:1484] Adding visible gpu devices: 0
2024-01-27 15:42:40.490919: I tensorflow/core/common_runtime/gpu/gpu_device.cc:965] Device interconnect StreamExecutor with strength 1 edge matrix:
2024-01-27 15:42:40.491222: I tensorflow/core/common_runtime/gpu/gpu_device.cc:971]      0 
2024-01-27 15:42:40.491466: I tensorflow/core/common_runtime/gpu/gpu_device.cc:984] 0:   N 
2024-01-27 15:42:40.493158: I tensorflow/core/common_runtime/gpu/gpu_device.cc:1097] Created TensorFlow device (/job:localhost/replica:0/task:0/device:GPU:0 with 10237 MB memory) -> physical GPU (device: 0, name: GeForce RTX 2080 Ti, pci bus id: 0000:02:00.0, compute capability: 7.5)
2024-01-27 15:51:04.716197: I tensorflow/core/common_runtime/gpu/gpu_device.cc:1484] Adding visible gpu devices: 0
2024-01-27 15:51:04.716709: I tensorflow/core/common_runtime/gpu/gpu_device.cc:965] Device interconnect StreamExecutor with strength 1 edge matrix:
2024-01-27 15:51:04.716959: I tensorflow/core/common_runtime/gpu/gpu_device.cc:971]      0 
2024-01-27 15:51:04.717208: I tensorflow/core/common_runtime/gpu/gpu_device.cc:984] 0:   N 
2024-01-27 15:51:04.717693: I tensorflow/core/common_runtime/gpu/gpu_device.cc:1097] Created TensorFlow device (/job:localhost/replica:0/task:0/device:GPU:0 with 10237 MB memory) -> physical GPU (device: 0, name: GeForce RTX 2080 Ti, pci bus id: 0000:02:00.0, compute capability: 7.5)
