2024-01-27 16:18:44.245952: I tensorflow/core/platform/cpu_feature_guard.cc:141] Your CPU supports instructions that this TensorFlow binary was not compiled to use: SSE4.1 SSE4.2 AVX AVX2 FMA
2024-01-27 16:18:44.387218: I tensorflow/core/common_runtime/gpu/gpu_device.cc:1405] Found device 0 with properties: 
name: GeForce RTX 2080 Ti major: 7 minor: 5 memoryClockRate(GHz): 1.545
pciBusID: 0000:02:00.0
totalMemory: 10.76GiB freeMemory: 10.61GiB
2024-01-27 16:18:44.387729: I tensorflow/core/common_runtime/gpu/gpu_device.cc:1484] Adding visible gpu devices: 0
2024-01-27 16:18:44.626602: I tensorflow/core/common_runtime/gpu/gpu_device.cc:965] Device interconnect StreamExecutor with strength 1 edge matrix:
2024-01-27 16:18:44.628328: I tensorflow/core/common_runtime/gpu/gpu_device.cc:971]      0 
2024-01-27 16:18:44.628657: I tensorflow/core/common_runtime/gpu/gpu_device.cc:984] 0:   N 
2024-01-27 16:18:44.628946: I tensorflow/core/common_runtime/gpu/gpu_device.cc:1097] Created TensorFlow device (/job:localhost/replica:0/task:0/device:GPU:0 with 10237 MB memory) -> physical GPU (device: 0, name: GeForce RTX 2080 Ti, pci bus id: 0000:02:00.0, compute capability: 7.5)
2024-01-27 16:27:52.530419: I tensorflow/core/common_runtime/gpu/gpu_device.cc:1484] Adding visible gpu devices: 0
2024-01-27 16:27:52.530817: I tensorflow/core/common_runtime/gpu/gpu_device.cc:965] Device interconnect StreamExecutor with strength 1 edge matrix:
2024-01-27 16:27:52.531097: I tensorflow/core/common_runtime/gpu/gpu_device.cc:971]      0 
2024-01-27 16:27:52.531366: I tensorflow/core/common_runtime/gpu/gpu_device.cc:984] 0:   N 
2024-01-27 16:27:52.531700: I tensorflow/core/common_runtime/gpu/gpu_device.cc:1097] Created TensorFlow device (/job:localhost/replica:0/task:0/device:GPU:0 with 10237 MB memory) -> physical GPU (device: 0, name: GeForce RTX 2080 Ti, pci bus id: 0000:02:00.0, compute capability: 7.5)
2024-01-27 16:36:26.860278: I tensorflow/core/common_runtime/gpu/gpu_device.cc:1484] Adding visible gpu devices: 0
2024-01-27 16:36:26.860660: I tensorflow/core/common_runtime/gpu/gpu_device.cc:965] Device interconnect StreamExecutor with strength 1 edge matrix:
2024-01-27 16:36:26.860927: I tensorflow/core/common_runtime/gpu/gpu_device.cc:971]      0 
2024-01-27 16:36:26.861182: I tensorflow/core/common_runtime/gpu/gpu_device.cc:984] 0:   N 
2024-01-27 16:36:26.861485: I tensorflow/core/common_runtime/gpu/gpu_device.cc:1097] Created TensorFlow device (/job:localhost/replica:0/task:0/device:GPU:0 with 10237 MB memory) -> physical GPU (device: 0, name: GeForce RTX 2080 Ti, pci bus id: 0000:02:00.0, compute capability: 7.5)
