2024-01-27 19:11:36.033395: I tensorflow/core/platform/cpu_feature_guard.cc:141] Your CPU supports instructions that this TensorFlow binary was not compiled to use: SSE4.1 SSE4.2 AVX AVX2 FMA
2024-01-27 19:11:36.179745: I tensorflow/core/common_runtime/gpu/gpu_device.cc:1405] Found device 0 with properties: 
name: GeForce RTX 2080 Ti major: 7 minor: 5 memoryClockRate(GHz): 1.545
pciBusID: 0000:02:00.0
totalMemory: 10.76GiB freeMemory: 10.61GiB
2024-01-27 19:11:36.180177: I tensorflow/core/common_runtime/gpu/gpu_device.cc:1484] Adding visible gpu devices: 0
2024-01-27 19:11:36.400599: I tensorflow/core/common_runtime/gpu/gpu_device.cc:965] Device interconnect StreamExecutor with strength 1 edge matrix:
2024-01-27 19:11:36.403712: I tensorflow/core/common_runtime/gpu/gpu_device.cc:971]      0 
2024-01-27 19:11:36.404020: I tensorflow/core/common_runtime/gpu/gpu_device.cc:984] 0:   N 
2024-01-27 19:11:36.404341: I tensorflow/core/common_runtime/gpu/gpu_device.cc:1097] Created TensorFlow device (/job:localhost/replica:0/task:0/device:GPU:0 with 10237 MB memory) -> physical GPU (device: 0, name: GeForce RTX 2080 Ti, pci bus id: 0000:02:00.0, compute capability: 7.5)
2024-01-27 19:55:19.441559: I tensorflow/core/common_runtime/gpu/gpu_device.cc:1484] Adding visible gpu devices: 0
2024-01-27 19:55:19.442270: I tensorflow/core/common_runtime/gpu/gpu_device.cc:965] Device interconnect StreamExecutor with strength 1 edge matrix:
2024-01-27 19:55:19.443784: I tensorflow/core/common_runtime/gpu/gpu_device.cc:971]      0 
2024-01-27 19:55:19.444199: I tensorflow/core/common_runtime/gpu/gpu_device.cc:984] 0:   N 
2024-01-27 19:55:19.449689: I tensorflow/core/common_runtime/gpu/gpu_device.cc:1097] Created TensorFlow device (/job:localhost/replica:0/task:0/device:GPU:0 with 10237 MB memory) -> physical GPU (device: 0, name: GeForce RTX 2080 Ti, pci bus id: 0000:02:00.0, compute capability: 7.5)
2024-01-27 20:39:29.933826: I tensorflow/core/common_runtime/gpu/gpu_device.cc:1484] Adding visible gpu devices: 0
2024-01-27 20:39:29.934179: I tensorflow/core/common_runtime/gpu/gpu_device.cc:965] Device interconnect StreamExecutor with strength 1 edge matrix:
2024-01-27 20:39:29.934480: I tensorflow/core/common_runtime/gpu/gpu_device.cc:971]      0 
2024-01-27 20:39:29.934673: I tensorflow/core/common_runtime/gpu/gpu_device.cc:984] 0:   N 
2024-01-27 20:39:29.934970: I tensorflow/core/common_runtime/gpu/gpu_device.cc:1097] Created TensorFlow device (/job:localhost/replica:0/task:0/device:GPU:0 with 10237 MB memory) -> physical GPU (device: 0, name: GeForce RTX 2080 Ti, pci bus id: 0000:02:00.0, compute capability: 7.5)
