tr
(8080, 4, 45)
va
(1730, 4, 45)
te
(1450, 4, 45)

=============================
CONFIG FILE
====================================
Training configuration

Learning rate: 0.2, 	Learning rate anneal: inf, 	Tau:  1.0
Algorithm: reparametrization, 	STE: disabled, 	n forward passes: 1
Var reg: 0.0, 	Dir reg: 0.0, 	Ent reg: 0.0
Data multiplier: None
Gradient clipping: False, 	Gradient clip value: 1.0

Layer #0
output_layer
Layer norm: False, 	LR Adapt: 
Dropout: False, 	p_dropout: 0.95

Layer #1
lstm_0
Layer norm: False, 	LR Adapt: 
Dropout: False, 	p_dropout: 0.95

Layer #2
lstm_1
Layer norm: False, 	LR Adapt: 
Dropout: False, 	p_dropout: 0.95
====================================
RNN configuration

Layer #0, 	Type: input_layer, 	Scope: 
Units: 4, 	N activation bins: None

Layer #1, 	Type: lstm layer, 	Scope: lstm_0
Units: 50, 	N activation bins: None
Bias: True, 	N activation bins: 2, 	Discrete activation: False
Type: ternary, 	Parametetrization: logit, 	Priors: [0.3333333333333333, 0.3333333333333333, 0.3333333333333333]
p_init_min: 0.05, 	p_init_max: 0.95
Neg init: ('xavier', None), 	Zer init: ('xavier', None), 	Pos init: ('xavier', None)
Type: gaussian, 	M init: ('xavier', None), 	Log V init: ('xavier', None)
M prior: 0.0, 	 Log V prior: 0.0
None
Bias: True, 	N activation bins: 2, 	Discrete activation: False
Type: ternary, 	Parametetrization: logit, 	Priors: [0.3333333333333333, 0.3333333333333333, 0.3333333333333333]
p_init_min: 0.05, 	p_init_max: 0.95
Neg init: ('xavier', None), 	Zer init: ('xavier', None), 	Pos init: ('xavier', None)
Type: gaussian, 	M init: -1.5, 	Log V init: ('xavier', None)
M prior: 0.0, 	 Log V prior: 0.0
None
Bias: True, 	N activation bins: 2, 	Discrete activation: False
Type: ternary, 	Parametetrization: logit, 	Priors: [0.3333333333333333, 0.3333333333333333, 0.3333333333333333]
p_init_min: 0.05, 	p_init_max: 0.95
Neg init: ('xavier', None), 	Zer init: ('xavier', None), 	Pos init: ('xavier', None)
Type: gaussian, 	M init: ('xavier', None), 	Log V init: ('xavier', None)
M prior: 0.0, 	 Log V prior: 0.0
None

Layer #2, 	Type: lstm layer, 	Scope: lstm_1
Units: 30, 	N activation bins: None
Bias: True, 	N activation bins: 2, 	Discrete activation: False
Type: ternary, 	Parametetrization: logit, 	Priors: [0.3333333333333333, 0.3333333333333333, 0.3333333333333333]
p_init_min: 0.05, 	p_init_max: 0.95
Neg init: ('xavier', None), 	Zer init: ('xavier', None), 	Pos init: ('xavier', None)
Type: gaussian, 	M init: ('xavier', None), 	Log V init: ('xavier', None)
M prior: 0.0, 	 Log V prior: 0.0
None
Bias: True, 	N activation bins: 2, 	Discrete activation: False
Type: ternary, 	Parametetrization: logit, 	Priors: [0.3333333333333333, 0.3333333333333333, 0.3333333333333333]
p_init_min: 0.05, 	p_init_max: 0.95
Neg init: ('xavier', None), 	Zer init: ('xavier', None), 	Pos init: ('xavier', None)
Type: gaussian, 	M init: -1.5, 	Log V init: ('xavier', None)
M prior: 0.0, 	 Log V prior: 0.0
None
Bias: True, 	N activation bins: 2, 	Discrete activation: False
Type: ternary, 	Parametetrization: logit, 	Priors: [0.3333333333333333, 0.3333333333333333, 0.3333333333333333]
p_init_min: 0.05, 	p_init_max: 0.95
Neg init: ('xavier', None), 	Zer init: ('xavier', None), 	Pos init: ('xavier', None)
Type: gaussian, 	M init: ('xavier', None), 	Log V init: ('xavier', None)
M prior: 0.0, 	 Log V prior: 0.0
None

Layer #3, 	Type: ff layer, 	Scope: output_layer
Units: 10, 	N activation bins: None
====================================
Dataset configuration

Filename: /clusterFS/home/student/kopp13/datasets/mnist_pen_strokes/mps_all_tr.mat
Key: tr, 	In seq len: 45
Minibatch:  True, 	Size: 1024
Target bias removed: True, 	Shuffle: True

Filename: /clusterFS/home/student/kopp13/datasets/mnist_pen_strokes/mps_all_va.mat
Key: va, 	In seq len: 45
Minibatch:  True, 	Size: 1024
Target bias removed: True, 	Shuffle: False

Filename: /clusterFS/home/student/kopp13/datasets/mnist_pen_strokes/mps_all_te.mat
Key: te, 	In seq len: 45
Minibatch:  True, 	Size: 1024
Target bias removed: True, 	Shuffle: False
====================================
Info configuration

Filename:  test
Timer: False, 	Profiling: False, 	Profiling path: None
Save training metrics: True, 	Path: ../nr_spsc/
Save weights: False, 	Every: 1, 	Save best weights: False
Compute T Metrics every: 1

Load model from m_model5, 	 Force it: True
No model saving

starting
[('lstm_0/bc:0', 'lstm_0/bc'), ('lstm_0/bi:0', 'lstm_0/bi'), ('lstm_0/bo:0', 'lstm_0/bo'), ('lstm_0/wc:0', 'lstm_0/wc'), ('lstm_0/wi:0', 'lstm_0/wi'), ('lstm_0/wo:0', 'lstm_0/wo'), ('lstm_1/bc:0', 'lstm_1/bc'), ('lstm_1/bi:0', 'lstm_1/bi'), ('lstm_1/bo:0', 'lstm_1/bo'), ('lstm_1/wc:0', 'lstm_1/wc'), ('lstm_1/wi:0', 'lstm_1/wi'), ('lstm_1/wo:0', 'lstm_1/wo'), ('output_layer/b:0', 'output_layer/b'), ('output_layer/w:0', 'output_layer/w')]
output_layer/w
output_layer/b
=====
New variable
lstm_0/bc:0
lstm_0/bc
=====
New variable
lstm_0/bi:0
lstm_0/bi
=====
New variable
lstm_0/bo:0
lstm_0/bo
=====
New variable
lstm_0/wc:0
lstm_0/wc
=====
New variable
lstm_0/wi:0
lstm_0/wi
=====
New variable
lstm_0/wo:0
lstm_0/wo
=====
New variable
lstm_1/bc:0
lstm_1/bc
=====
New variable
lstm_1/bi:0
lstm_1/bi
=====
New variable
lstm_1/bo:0
lstm_1/bo
=====
New variable
lstm_1/wc:0
lstm_1/wc
=====
New variable
lstm_1/wi:0
lstm_1/wi
=====
New variable
lstm_1/wo:0
lstm_1/wo
=====
New variable
output_layer/b:0
output_layer/b
=====
New variable
output_layer/w:0
output_layer/w
=====
loaded
  0,  0 | TrAcc: 0.1077, TrLoss:  3.21394, VaAcc: 0.1948, VaLoss:  2.61840
 MAP NN | TrAcc: 0.1785 | VaAcc: 0.1392 | TeAcc: 0.4165
 S NN | TrAcc: 0.0804 | VaAcc: 0.0952 | TeAcc: 0.0479

  1,  0 | TrAcc: 0.1071, TrLoss:  2.88684, VaAcc: 0.2637, VaLoss:  3.05222
 MAP NN | TrAcc: 0.1477 | VaAcc: 0.1255 | TeAcc: 0.1108
 S NN | TrAcc: 0.0673 | VaAcc: 0.0669 | TeAcc: 0.0664

  2,  0 | TrAcc: 0.0988, TrLoss:  2.61120, VaAcc: 0.3174, VaLoss:  2.37244
 MAP NN | TrAcc: 0.1202 | VaAcc: 0.1094 | TeAcc: 0.0898
 S NN | TrAcc: 0.1072 | VaAcc: 0.1172 | TeAcc: 0.0771

  3,  0 | TrAcc: 0.0989, TrLoss:  2.59850, VaAcc: 0.1177, VaLoss:  2.43039
 MAP NN | TrAcc: 0.1490 | VaAcc: 0.1187 | TeAcc: 0.1035
 S NN | TrAcc: 0.1024 | VaAcc: 0.0845 | TeAcc: 0.0991

  4,  0 | TrAcc: 0.1069, TrLoss:  2.46515, VaAcc: 0.0151, VaLoss:  2.71577
 MAP NN | TrAcc: 0.1746 | VaAcc: 0.1460 | TeAcc: 0.1240
 S NN | TrAcc: 0.1189 | VaAcc: 0.0991 | TeAcc: 0.0869

  5,  0 | TrAcc: 0.1116, TrLoss:  2.41381, VaAcc: 0.2910, VaLoss:  2.17915
 MAP NN | TrAcc: 0.1644 | VaAcc: 0.1377 | TeAcc: 0.1152
 S NN | TrAcc: 0.1730 | VaAcc: 0.0996 | TeAcc: 0.3755

  6,  0 | TrAcc: 0.1331, TrLoss:  2.33912, VaAcc: 0.0923, VaLoss:  2.42663
 MAP NN | TrAcc: 0.1011 | VaAcc: 0.0908 | TeAcc: 0.0625
 S NN | TrAcc: 0.1293 | VaAcc: 0.2544 | TeAcc: 0.0972

  7,  0 | TrAcc: 0.1691, TrLoss:  2.33300, VaAcc: 0.1338, VaLoss:  2.31037
 MAP NN | TrAcc: 0.2157 | VaAcc: 0.1924 | TeAcc: 0.1533
 S NN | TrAcc: 0.1742 | VaAcc: 0.1670 | TeAcc: 0.0664

  8,  0 | TrAcc: 0.1255, TrLoss:  2.31920, VaAcc: 0.3950, VaLoss:  2.20739
 MAP NN | TrAcc: 0.2566 | VaAcc: 0.2085 | TeAcc: 0.1855
 S NN | TrAcc: 0.0905 | VaAcc: 0.2803 | TeAcc: 0.0815

  9,  0 | TrAcc: 0.1530, TrLoss:  2.25242, VaAcc: 0.1069, VaLoss:  2.34172
 MAP NN | TrAcc: 0.2196 | VaAcc: 0.1860 | TeAcc: 0.1680
 S NN | TrAcc: 0.1069 | VaAcc: 0.0903 | TeAcc: 0.1318

 10,  0 | TrAcc: 0.1969, TrLoss:  2.20343, VaAcc: 0.0903, VaLoss:  2.30210
 MAP NN | TrAcc: 0.1787 | VaAcc: 0.1519 | TeAcc: 0.1274
 S NN | TrAcc: 0.1605 | VaAcc: 0.1094 | TeAcc: 0.0723

 11,  0 | TrAcc: 0.2025, TrLoss:  2.17681, VaAcc: 0.2871, VaLoss:  2.20845
 MAP NN | TrAcc: 0.3132 | VaAcc: 0.4263 | TeAcc: 0.2256
 S NN | TrAcc: 0.1472 | VaAcc: 0.1270 | TeAcc: 0.1362

 12,  0 | TrAcc: 0.2175, TrLoss:  2.09153, VaAcc: 0.1934, VaLoss:  2.16775
 MAP NN | TrAcc: 0.4094 | VaAcc: 0.3423 | TeAcc: 0.2939
 S NN | TrAcc: 0.2560 | VaAcc: 0.2549 | TeAcc: 0.1187

 13,  0 | TrAcc: 0.2902, TrLoss:  2.05064, VaAcc: 0.3081, VaLoss:  1.93510
 MAP NN | TrAcc: 0.3771 | VaAcc: 0.3169 | TeAcc: 0.2686
 S NN | TrAcc: 0.2471 | VaAcc: 0.4136 | TeAcc: 0.1895

 14,  0 | TrAcc: 0.2334, TrLoss:  2.03621, VaAcc: 0.1997, VaLoss:  2.07208
 MAP NN | TrAcc: 0.3542 | VaAcc: 0.4570 | TeAcc: 0.2480
 S NN | TrAcc: 0.2582 | VaAcc: 0.2559 | TeAcc: 0.4639

 15,  0 | TrAcc: 0.2979, TrLoss:  1.99449, VaAcc: 0.3652, VaLoss:  1.78903
 MAP NN | TrAcc: 0.4497 | VaAcc: 0.5352 | TeAcc: 0.3467
 S NN | TrAcc: 0.1548 | VaAcc: 0.3203 | TeAcc: 0.1021

 16,  0 | TrAcc: 0.3080, TrLoss:  1.91044, VaAcc: 0.3374, VaLoss:  1.76695
 MAP NN | TrAcc: 0.4309 | VaAcc: 0.5181 | TeAcc: 0.3022
 S NN | TrAcc: 0.4537 | VaAcc: 0.2197 | TeAcc: 0.2031

 17,  0 | TrAcc: 0.3911, TrLoss:  1.70882, VaAcc: 0.4512, VaLoss:  1.80517
 MAP NN | TrAcc: 0.3325 | VaAcc: 0.4438 | TeAcc: 0.5503
 S NN | TrAcc: 0.2931 | VaAcc: 0.4639 | TeAcc: 0.2441

 18,  0 | TrAcc: 0.3864, TrLoss:  1.72661, VaAcc: 0.5220, VaLoss:  1.60892
 MAP NN | TrAcc: 0.3549 | VaAcc: 0.4575 | TeAcc: 0.2686
 S NN | TrAcc: 0.1079 | VaAcc: 0.4092 | TeAcc: 0.1206

 19,  0 | TrAcc: 0.3600, TrLoss:  1.75319, VaAcc: 0.3486, VaLoss:  1.70571
 MAP NN | TrAcc: 0.4052 | VaAcc: 0.3394 | TeAcc: 0.2891
 S NN | TrAcc: 0.3914 | VaAcc: 0.2788 | TeAcc: 0.2710

 20,  0 | TrAcc: 0.3549, TrLoss:  1.81244, VaAcc: 0.3120, VaLoss:  1.76649
 MAP NN | TrAcc: 0.3712 | VaAcc: 0.3105 | TeAcc: 0.2690
 S NN | TrAcc: 0.4021 | VaAcc: 0.2427 | TeAcc: 0.2935

 21,  0 | TrAcc: 0.3898, TrLoss:  1.63942, VaAcc: 0.3364, VaLoss:  1.61556
 MAP NN | TrAcc: 0.3409 | VaAcc: 0.2905 | TeAcc: 0.2471
 S NN | TrAcc: 0.3871 | VaAcc: 0.1855 | TeAcc: 0.2114

 22,  0 | TrAcc: 0.4462, TrLoss:  1.58287, VaAcc: 0.3838, VaLoss:  1.58107
 MAP NN | TrAcc: 0.4213 | VaAcc: 0.3623 | TeAcc: 0.3066
 S NN | TrAcc: 0.3030 | VaAcc: 0.3857 | TeAcc: 0.2720

 23,  0 | TrAcc: 0.4509, TrLoss:  1.54380, VaAcc: 0.3252, VaLoss:  1.84044
 MAP NN | TrAcc: 0.4342 | VaAcc: 0.3613 | TeAcc: 0.3291
 S NN | TrAcc: 0.4417 | VaAcc: 0.4053 | TeAcc: 0.3511

 24,  0 | TrAcc: 0.4580, TrLoss:  1.49685, VaAcc: 0.3301, VaLoss:  1.51666
 MAP NN | TrAcc: 0.4792 | VaAcc: 0.3989 | TeAcc: 0.3354
 S NN | TrAcc: 0.3380 | VaAcc: 0.3799 | TeAcc: 0.2993

 25,  0 | TrAcc: 0.4668, TrLoss:  1.46916, VaAcc: 0.3384, VaLoss:  1.63186
 MAP NN | TrAcc: 0.4894 | VaAcc: 0.4126 | TeAcc: 0.3535
 S NN | TrAcc: 0.4202 | VaAcc: 0.5674 | TeAcc: 0.5366

 26,  0 | TrAcc: 0.4601, TrLoss:  1.46334, VaAcc: 0.3789, VaLoss:  1.72253
 MAP NN | TrAcc: 0.4871 | VaAcc: 0.4224 | TeAcc: 0.3506
 S NN | TrAcc: 0.4518 | VaAcc: 0.5791 | TeAcc: 0.5234

 27,  0 | TrAcc: 0.4062, TrLoss:  1.65993, VaAcc: 0.4956, VaLoss:  1.46087
 MAP NN | TrAcc: 0.4492 | VaAcc: 0.3779 | TeAcc: 0.6025
 S NN | TrAcc: 0.5090 | VaAcc: 0.5586 | TeAcc: 0.2993

 28,  0 | TrAcc: 0.4601, TrLoss:  1.48769, VaAcc: 0.4692, VaLoss:  1.45102
 MAP NN | TrAcc: 0.4182 | VaAcc: 0.5137 | TeAcc: 0.5840
 S NN | TrAcc: 0.4357 | VaAcc: 0.2207 | TeAcc: 0.2769

 29,  0 | TrAcc: 0.5054, TrLoss:  1.42821, VaAcc: 0.5605, VaLoss:  1.26714
 MAP NN | TrAcc: 0.5265 | VaAcc: 0.5962 | TeAcc: 0.6597
 S NN | TrAcc: 0.5259 | VaAcc: 0.5693 | TeAcc: 0.6357

 30,  0 | TrAcc: 0.4928, TrLoss:  1.42275, VaAcc: 0.5288, VaLoss:  1.42833
 MAP NN | TrAcc: 0.4231 | VaAcc: 0.3589 | TeAcc: 0.3086
 S NN | TrAcc: 0.4600 | VaAcc: 0.6235 | TeAcc: 0.5786

 31,  0 | TrAcc: 0.5249, TrLoss:  1.35708, VaAcc: 0.5566, VaLoss:  1.29851
 MAP NN | TrAcc: 0.5576 | VaAcc: 0.6367 | TeAcc: 0.6738
 S NN | TrAcc: 0.4589 | VaAcc: 0.5967 | TeAcc: 0.6499

 32,  0 | TrAcc: 0.5499, TrLoss:  1.27834, VaAcc: 0.6123, VaLoss:  1.40180
 MAP NN | TrAcc: 0.6584 | VaAcc: 0.7192 | TeAcc: 0.7749
 S NN | TrAcc: 0.6301 | VaAcc: 0.6602 | TeAcc: 0.5659

 33,  0 | TrAcc: 0.5687, TrLoss:  1.22768, VaAcc: 0.6055, VaLoss:  1.20582
 MAP NN | TrAcc: 0.5864 | VaAcc: 0.6489 | TeAcc: 0.7017
 S NN | TrAcc: 0.5652 | VaAcc: 0.5664 | TeAcc: 0.7100

 34,  0 | TrAcc: 0.5891, TrLoss:  1.19472, VaAcc: 0.7217, VaLoss:  1.01977
 MAP NN | TrAcc: 0.6509 | VaAcc: 0.7031 | TeAcc: 0.7559
 S NN | TrAcc: 0.4774 | VaAcc: 0.6846 | TeAcc: 0.7280

 35,  0 | TrAcc: 0.6378, TrLoss:  1.14215, VaAcc: 0.6670, VaLoss:  1.06357
 MAP NN | TrAcc: 0.6368 | VaAcc: 0.6958 | TeAcc: 0.7393
 S NN | TrAcc: 0.4683 | VaAcc: 0.6357 | TeAcc: 0.7075

 36,  0 | TrAcc: 0.6648, TrLoss:  1.09655, VaAcc: 0.7554, VaLoss:  0.99982
 MAP NN | TrAcc: 0.6627 | VaAcc: 0.7256 | TeAcc: 0.7690
 S NN | TrAcc: 0.5505 | VaAcc: 0.6460 | TeAcc: 0.3965

 37,  0 | TrAcc: 0.6759, TrLoss:  1.09097, VaAcc: 0.7920, VaLoss:  1.00531
 MAP NN | TrAcc: 0.7112 | VaAcc: 0.7632 | TeAcc: 0.8003
 S NN | TrAcc: 0.5776 | VaAcc: 0.7607 | TeAcc: 0.7666

 38,  0 | TrAcc: 0.7113, TrLoss:  1.01596, VaAcc: 0.7905, VaLoss:  0.85505
 MAP NN | TrAcc: 0.7252 | VaAcc: 0.7759 | TeAcc: 0.8247
 S NN | TrAcc: 0.6404 | VaAcc: 0.5996 | TeAcc: 0.7964

 39,  0 | TrAcc: 0.7400, TrLoss:  0.97035, VaAcc: 0.7935, VaLoss:  0.93860
 MAP NN | TrAcc: 0.7496 | VaAcc: 0.7974 | TeAcc: 0.8354
 S NN | TrAcc: 0.7061 | VaAcc: 0.8027 | TeAcc: 0.7500

 40,  0 | TrAcc: 0.6741, TrLoss:  1.00175, VaAcc: 0.7358, VaLoss:  0.85935
 MAP NN | TrAcc: 0.6583 | VaAcc: 0.7124 | TeAcc: 0.7856
 S NN | TrAcc: 0.6584 | VaAcc: 0.6646 | TeAcc: 0.7749

 41,  0 | TrAcc: 0.7327, TrLoss:  0.93568, VaAcc: 0.7690, VaLoss:  0.98145
 MAP NN | TrAcc: 0.7439 | VaAcc: 0.7808 | TeAcc: 0.8271
 S NN | TrAcc: 0.7615 | VaAcc: 0.7925 | TeAcc: 0.7798

 42,  0 | TrAcc: 0.7749, TrLoss:  0.87855, VaAcc: 0.8130, VaLoss:  0.79931
 MAP NN | TrAcc: 0.7581 | VaAcc: 0.8042 | TeAcc: 0.8462
 S NN | TrAcc: 0.6744 | VaAcc: 0.5981 | TeAcc: 0.7998

 43,  0 | TrAcc: 0.7676, TrLoss:  0.87020, VaAcc: 0.7891, VaLoss:  0.82697
 MAP NN | TrAcc: 0.7640 | VaAcc: 0.8062 | TeAcc: 0.8315
 S NN | TrAcc: 0.7129 | VaAcc: 0.8198 | TeAcc: 0.7529

 44,  0 | TrAcc: 0.7611, TrLoss:  0.85759, VaAcc: 0.7759, VaLoss:  0.80218
 MAP NN | TrAcc: 0.7894 | VaAcc: 0.8354 | TeAcc: 0.8628
 S NN | TrAcc: 0.6274 | VaAcc: 0.7754 | TeAcc: 0.8081

 45,  0 | TrAcc: 0.7748, TrLoss:  0.82829, VaAcc: 0.8066, VaLoss:  0.76371
 MAP NN | TrAcc: 0.7655 | VaAcc: 0.8110 | TeAcc: 0.8408
 S NN | TrAcc: 0.7899 | VaAcc: 0.7627 | TeAcc: 0.8354

 46,  0 | TrAcc: 0.7714, TrLoss:  0.80322, VaAcc: 0.8174, VaLoss:  0.71925
 MAP NN | TrAcc: 0.8090 | VaAcc: 0.8447 | TeAcc: 0.8784
 S NN | TrAcc: 0.7433 | VaAcc: 0.8330 | TeAcc: 0.8237

 47,  0 | TrAcc: 0.8037, TrLoss:  0.73015, VaAcc: 0.8472, VaLoss:  0.68980
 MAP NN | TrAcc: 0.8196 | VaAcc: 0.8511 | TeAcc: 0.8892
 S NN | TrAcc: 0.7427 | VaAcc: 0.7310 | TeAcc: 0.7485

 48,  0 | TrAcc: 0.7987, TrLoss:  0.72458, VaAcc: 0.8281, VaLoss:  0.66183
 MAP NN | TrAcc: 0.8016 | VaAcc: 0.8306 | TeAcc: 0.8701
 S NN | TrAcc: 0.6985 | VaAcc: 0.7969 | TeAcc: 0.8071

 49,  0 | TrAcc: 0.8063, TrLoss:  0.68531, VaAcc: 0.8394, VaLoss:  0.62409
 MAP NN | TrAcc: 0.8169 | VaAcc: 0.8521 | TeAcc: 0.8857
 S NN | TrAcc: 0.7672 | VaAcc: 0.8555 | TeAcc: 0.8477

 50,  0 | TrAcc: 0.8269, TrLoss:  0.64942, VaAcc: 0.8306, VaLoss:  0.63901
 MAP NN | TrAcc: 0.8361 | VaAcc: 0.8584 | TeAcc: 0.8960
 S NN | TrAcc: 0.7871 | VaAcc: 0.8364 | TeAcc: 0.8857

 51,  0 | TrAcc: 0.7866, TrLoss:  0.70094, VaAcc: 0.8413, VaLoss:  0.59548
 MAP NN | TrAcc: 0.8162 | VaAcc: 0.8481 | TeAcc: 0.8862
 S NN | TrAcc: 0.7081 | VaAcc: 0.8364 | TeAcc: 0.8433

 52,  0 | TrAcc: 0.8201, TrLoss:  0.62289, VaAcc: 0.8428, VaLoss:  0.59170
 MAP NN | TrAcc: 0.8226 | VaAcc: 0.8442 | TeAcc: 0.8936
 S NN | TrAcc: 0.7800 | VaAcc: 0.7671 | TeAcc: 0.5571

 53,  0 | TrAcc: 0.8224, TrLoss:  0.63835, VaAcc: 0.8516, VaLoss:  0.56956
 MAP NN | TrAcc: 0.8379 | VaAcc: 0.8638 | TeAcc: 0.8833
 S NN | TrAcc: 0.8329 | VaAcc: 0.8511 | TeAcc: 0.5718

 54,  0 | TrAcc: 0.8334, TrLoss:  0.61066, VaAcc: 0.8584, VaLoss:  0.56867
 MAP NN | TrAcc: 0.8414 | VaAcc: 0.8618 | TeAcc: 0.8979
 S NN | TrAcc: 0.8218 | VaAcc: 0.8262 | TeAcc: 0.8843

 55,  0 | TrAcc: 0.8306, TrLoss:  0.59050, VaAcc: 0.8672, VaLoss:  0.54082
 MAP NN | TrAcc: 0.8511 | VaAcc: 0.8682 | TeAcc: 0.9072
 S NN | TrAcc: 0.8245 | VaAcc: 0.7651 | TeAcc: 0.8379

 56,  0 | TrAcc: 0.8445, TrLoss:  0.55301, VaAcc: 0.8687, VaLoss:  0.49933
 MAP NN | TrAcc: 0.8486 | VaAcc: 0.8623 | TeAcc: 0.8984
 S NN | TrAcc: 0.8132 | VaAcc: 0.8638 | TeAcc: 0.8867

 57,  0 | TrAcc: 0.8451, TrLoss:  0.53613, VaAcc: 0.8657, VaLoss:  0.50633
 MAP NN | TrAcc: 0.8427 | VaAcc: 0.8638 | TeAcc: 0.8911
 S NN | TrAcc: 0.8141 | VaAcc: 0.8545 | TeAcc: 0.8745

 58,  0 | TrAcc: 0.8463, TrLoss:  0.53754, VaAcc: 0.8760, VaLoss:  0.47335
 MAP NN | TrAcc: 0.8512 | VaAcc: 0.8701 | TeAcc: 0.9048
 S NN | TrAcc: 0.8402 | VaAcc: 0.8638 | TeAcc: 0.8799

 59,  0 | TrAcc: 0.8496, TrLoss:  0.51778, VaAcc: 0.8760, VaLoss:  0.47448
 MAP NN | TrAcc: 0.8525 | VaAcc: 0.8760 | TeAcc: 0.9014
 S NN | TrAcc: 0.8492 | VaAcc: 0.8574 | TeAcc: 0.8965

 60,  0 | TrAcc: 0.8533, TrLoss:  0.50442, VaAcc: 0.8809, VaLoss:  0.44404
 MAP NN | TrAcc: 0.8651 | VaAcc: 0.8833 | TeAcc: 0.9077
 S NN | TrAcc: 0.8477 | VaAcc: 0.8726 | TeAcc: 0.8926

 61,  0 | TrAcc: 0.8521, TrLoss:  0.49255, VaAcc: 0.8848, VaLoss:  0.44584
 MAP NN | TrAcc: 0.8573 | VaAcc: 0.8750 | TeAcc: 0.9082
 S NN | TrAcc: 0.8617 | VaAcc: 0.8550 | TeAcc: 0.5972

 62,  0 | TrAcc: 0.8721, TrLoss:  0.46320, VaAcc: 0.8857, VaLoss:  0.42533
 MAP NN | TrAcc: 0.8740 | VaAcc: 0.8901 | TeAcc: 0.9155
 S NN | TrAcc: 0.8652 | VaAcc: 0.8447 | TeAcc: 0.9043

 63,  0 | TrAcc: 0.8729, TrLoss:  0.44976, VaAcc: 0.8779, VaLoss:  0.46387
 MAP NN | TrAcc: 0.8730 | VaAcc: 0.8862 | TeAcc: 0.9092
 S NN | TrAcc: 0.8586 | VaAcc: 0.8706 | TeAcc: 0.8979

 64,  0 | TrAcc: 0.8739, TrLoss:  0.43802, VaAcc: 0.8921, VaLoss:  0.40086
 MAP NN | TrAcc: 0.8779 | VaAcc: 0.8906 | TeAcc: 0.9185
 S NN | TrAcc: 0.8536 | VaAcc: 0.8765 | TeAcc: 0.9106

 65,  0 | TrAcc: 0.8816, TrLoss:  0.42426, VaAcc: 0.8828, VaLoss:  0.45143
 MAP NN | TrAcc: 0.8813 | VaAcc: 0.8979 | TeAcc: 0.9224
 S NN | TrAcc: 0.8706 | VaAcc: 0.8926 | TeAcc: 0.9111

 66,  0 | TrAcc: 0.8827, TrLoss:  0.42212, VaAcc: 0.8916, VaLoss:  0.42354
 MAP NN | TrAcc: 0.8868 | VaAcc: 0.8965 | TeAcc: 0.9224
 S NN | TrAcc: 0.8732 | VaAcc: 0.8896 | TeAcc: 0.9048

 67,  0 | TrAcc: 0.8853, TrLoss:  0.41646, VaAcc: 0.8926, VaLoss:  0.40718
 MAP NN | TrAcc: 0.8849 | VaAcc: 0.8994 | TeAcc: 0.9243
 S NN | TrAcc: 0.8696 | VaAcc: 0.8564 | TeAcc: 0.9126

 68,  0 | TrAcc: 0.8792, TrLoss:  0.42124, VaAcc: 0.8857, VaLoss:  0.44023
 MAP NN | TrAcc: 0.8806 | VaAcc: 0.8921 | TeAcc: 0.9150
 S NN | TrAcc: 0.8679 | VaAcc: 0.8887 | TeAcc: 0.9170

 69,  0 | TrAcc: 0.8856, TrLoss:  0.40122, VaAcc: 0.9014, VaLoss:  0.38446
 MAP NN | TrAcc: 0.8864 | VaAcc: 0.8955 | TeAcc: 0.9268
 S NN | TrAcc: 0.8752 | VaAcc: 0.8828 | TeAcc: 0.9111

 70,  0 | TrAcc: 0.8887, TrLoss:  0.38300, VaAcc: 0.8906, VaLoss:  0.37914
 MAP NN | TrAcc: 0.8872 | VaAcc: 0.8979 | TeAcc: 0.9219
 S NN | TrAcc: 0.8790 | VaAcc: 0.9028 | TeAcc: 0.9185

 71,  0 | TrAcc: 0.8878, TrLoss:  0.38482, VaAcc: 0.9014, VaLoss:  0.36546
 MAP NN | TrAcc: 0.8866 | VaAcc: 0.8975 | TeAcc: 0.9268
 S NN | TrAcc: 0.8777 | VaAcc: 0.8862 | TeAcc: 0.9160

 72,  0 | TrAcc: 0.8884, TrLoss:  0.39051, VaAcc: 0.8955, VaLoss:  0.37442
 MAP NN | TrAcc: 0.8987 | VaAcc: 0.9116 | TeAcc: 0.9277
 S NN | TrAcc: 0.8704 | VaAcc: 0.8950 | TeAcc: 0.9116

 73,  0 | TrAcc: 0.8875, TrLoss:  0.37343, VaAcc: 0.9033, VaLoss:  0.34880
 MAP NN | TrAcc: 0.8844 | VaAcc: 0.9014 | TeAcc: 0.9185
 S NN | TrAcc: 0.8702 | VaAcc: 0.8916 | TeAcc: 0.6348

 74,  0 | TrAcc: 0.9008, TrLoss:  0.35359, VaAcc: 0.9072, VaLoss:  0.34690
 MAP NN | TrAcc: 0.9017 | VaAcc: 0.9136 | TeAcc: 0.9316
 S NN | TrAcc: 0.8755 | VaAcc: 0.8984 | TeAcc: 0.9131

 75,  0 | TrAcc: 0.9004, TrLoss:  0.35201, VaAcc: 0.9160, VaLoss:  0.34020
 MAP NN | TrAcc: 0.9019 | VaAcc: 0.9087 | TeAcc: 0.9326
 S NN | TrAcc: 0.8867 | VaAcc: 0.8979 | TeAcc: 0.9219

 76,  0 | TrAcc: 0.9042, TrLoss:  0.33463, VaAcc: 0.9102, VaLoss:  0.31911
 MAP NN | TrAcc: 0.9025 | VaAcc: 0.9082 | TeAcc: 0.9307
 S NN | TrAcc: 0.8958 | VaAcc: 0.9067 | TeAcc: 0.9297

 77,  0 | TrAcc: 0.9010, TrLoss:  0.34248, VaAcc: 0.9072, VaLoss:  0.34261
 MAP NN | TrAcc: 0.9045 | VaAcc: 0.9092 | TeAcc: 0.9331
 S NN | TrAcc: 0.8820 | VaAcc: 0.9014 | TeAcc: 0.9292

 78,  0 | TrAcc: 0.9038, TrLoss:  0.33727, VaAcc: 0.9150, VaLoss:  0.31392
 MAP NN | TrAcc: 0.9043 | VaAcc: 0.9077 | TeAcc: 0.9360
 S NN | TrAcc: 0.8977 | VaAcc: 0.9062 | TeAcc: 0.9136

 79,  0 | TrAcc: 0.9081, TrLoss:  0.32486, VaAcc: 0.9136, VaLoss:  0.31004
 MAP NN | TrAcc: 0.9059 | VaAcc: 0.9126 | TeAcc: 0.9336
 S NN | TrAcc: 0.8970 | VaAcc: 0.9058 | TeAcc: 0.9258

 80,  0 | TrAcc: 0.9093, TrLoss:  0.32137, VaAcc: 0.9224, VaLoss:  0.29302
 MAP NN | TrAcc: 0.9075 | VaAcc: 0.9136 | TeAcc: 0.9380
 S NN | TrAcc: 0.8975 | VaAcc: 0.9004 | TeAcc: 0.9380

 81,  0 | TrAcc: 0.9072, TrLoss:  0.32236, VaAcc: 0.9165, VaLoss:  0.30599
 MAP NN | TrAcc: 0.9125 | VaAcc: 0.9189 | TeAcc: 0.9390
 S NN | TrAcc: 0.8927 | VaAcc: 0.8999 | TeAcc: 0.9351

 82,  0 | TrAcc: 0.9015, TrLoss:  0.32542, VaAcc: 0.9111, VaLoss:  0.31078
 MAP NN | TrAcc: 0.8988 | VaAcc: 0.9116 | TeAcc: 0.9336
 S NN | TrAcc: 0.8890 | VaAcc: 0.8955 | TeAcc: 0.9321

 83,  0 | TrAcc: 0.9095, TrLoss:  0.31006, VaAcc: 0.9219, VaLoss:  0.27991
 MAP NN | TrAcc: 0.9111 | VaAcc: 0.9185 | TeAcc: 0.9370
 S NN | TrAcc: 0.8813 | VaAcc: 0.9014 | TeAcc: 0.9253

 84,  0 | TrAcc: 0.9084, TrLoss:  0.30758, VaAcc: 0.9204, VaLoss:  0.30926
 MAP NN | TrAcc: 0.9165 | VaAcc: 0.9165 | TeAcc: 0.9424
 S NN | TrAcc: 0.8967 | VaAcc: 0.9175 | TeAcc: 0.9360

 85,  0 | TrAcc: 0.9132, TrLoss:  0.29777, VaAcc: 0.9243, VaLoss:  0.27641
 MAP NN | TrAcc: 0.9170 | VaAcc: 0.9214 | TeAcc: 0.9419
 S NN | TrAcc: 0.9048 | VaAcc: 0.9077 | TeAcc: 0.9360

 86,  0 | TrAcc: 0.9141, TrLoss:  0.28813, VaAcc: 0.9204, VaLoss:  0.32284
 MAP NN | TrAcc: 0.9155 | VaAcc: 0.9150 | TeAcc: 0.9409
 S NN | TrAcc: 0.9132 | VaAcc: 0.9150 | TeAcc: 0.9360

 87,  0 | TrAcc: 0.9121, TrLoss:  0.30239, VaAcc: 0.9214, VaLoss:  0.29080
 MAP NN | TrAcc: 0.9183 | VaAcc: 0.9204 | TeAcc: 0.9429
 S NN | TrAcc: 0.9070 | VaAcc: 0.9136 | TeAcc: 0.9385

 88,  0 | TrAcc: 0.9147, TrLoss:  0.28450, VaAcc: 0.9141, VaLoss:  0.30704
 MAP NN | TrAcc: 0.9124 | VaAcc: 0.9126 | TeAcc: 0.9404
 S NN | TrAcc: 0.9054 | VaAcc: 0.9106 | TeAcc: 0.9263

 89,  0 | TrAcc: 0.9147, TrLoss:  0.28804, VaAcc: 0.9175, VaLoss:  0.28872
 MAP NN | TrAcc: 0.9226 | VaAcc: 0.9268 | TeAcc: 0.9414
 S NN | TrAcc: 0.9099 | VaAcc: 0.9214 | TeAcc: 0.9351

 90,  0 | TrAcc: 0.9174, TrLoss:  0.28465, VaAcc: 0.9229, VaLoss:  0.28472
 MAP NN | TrAcc: 0.9216 | VaAcc: 0.9268 | TeAcc: 0.9409
 S NN | TrAcc: 0.9025 | VaAcc: 0.9224 | TeAcc: 0.9385

 91,  0 | TrAcc: 0.9197, TrLoss:  0.27293, VaAcc: 0.9292, VaLoss:  0.31054
 MAP NN | TrAcc: 0.9210 | VaAcc: 0.9282 | TeAcc: 0.9438
 S NN | TrAcc: 0.9104 | VaAcc: 0.9180 | TeAcc: 0.9248

 92,  0 | TrAcc: 0.9240, TrLoss:  0.26983, VaAcc: 0.9312, VaLoss:  0.26679
 MAP NN | TrAcc: 0.9233 | VaAcc: 0.9268 | TeAcc: 0.9390
 S NN | TrAcc: 0.9165 | VaAcc: 0.9209 | TeAcc: 0.9390

 93,  0 | TrAcc: 0.9258, TrLoss:  0.26067, VaAcc: 0.9263, VaLoss:  0.27885
 MAP NN | TrAcc: 0.9296 | VaAcc: 0.9297 | TeAcc: 0.9424
 S NN | TrAcc: 0.9238 | VaAcc: 0.9155 | TeAcc: 0.9438

 94,  0 | TrAcc: 0.9269, TrLoss:  0.25908, VaAcc: 0.9263, VaLoss:  0.27310
 MAP NN | TrAcc: 0.9270 | VaAcc: 0.9282 | TeAcc: 0.9458
 S NN | TrAcc: 0.9124 | VaAcc: 0.9282 | TeAcc: 0.9414

 95,  0 | TrAcc: 0.9255, TrLoss:  0.25860, VaAcc: 0.9214, VaLoss:  0.30200
 MAP NN | TrAcc: 0.9250 | VaAcc: 0.9282 | TeAcc: 0.9453
 S NN | TrAcc: 0.9121 | VaAcc: 0.9199 | TeAcc: 0.9360

 96,  0 | TrAcc: 0.9282, TrLoss:  0.24665, VaAcc: 0.9297, VaLoss:  0.26483
 MAP NN | TrAcc: 0.9280 | VaAcc: 0.9287 | TeAcc: 0.9448
 S NN | TrAcc: 0.9154 | VaAcc: 0.9209 | TeAcc: 0.9448

 97,  0 | TrAcc: 0.9282, TrLoss:  0.24960, VaAcc: 0.9253, VaLoss:  0.26698
 MAP NN | TrAcc: 0.9308 | VaAcc: 0.9272 | TeAcc: 0.9482
 S NN | TrAcc: 0.9213 | VaAcc: 0.9248 | TeAcc: 0.9395

 98,  0 | TrAcc: 0.9281, TrLoss:  0.25357, VaAcc: 0.9370, VaLoss:  0.25035
 MAP NN | TrAcc: 0.9305 | VaAcc: 0.9316 | TeAcc: 0.9473
 S NN | TrAcc: 0.9218 | VaAcc: 0.9253 | TeAcc: 0.9487

 99,  0 | TrAcc: 0.9315, TrLoss:  0.24281, VaAcc: 0.9365, VaLoss:  0.24536
 MAP NN | TrAcc: 0.9352 | VaAcc: 0.9341 | TeAcc: 0.9487
 S NN | TrAcc: 0.9177 | VaAcc: 0.9155 | TeAcc: 0.9399

100,  0 | TrAcc: 0.9291, TrLoss:  0.24483, VaAcc: 0.9287, VaLoss:  0.23884
 MAP NN | TrAcc: 0.9297 | VaAcc: 0.9307 | TeAcc: 0.9473
 S NN | TrAcc: 0.9279 | VaAcc: 0.9287 | TeAcc: 0.9473

101,  0 | TrAcc: 0.9255, TrLoss:  0.25485, VaAcc: 0.9219, VaLoss:  0.28725
 MAP NN | TrAcc: 0.9318 | VaAcc: 0.9316 | TeAcc: 0.9473
 S NN | TrAcc: 0.9246 | VaAcc: 0.9194 | TeAcc: 0.9390

102,  0 | TrAcc: 0.9308, TrLoss:  0.23933, VaAcc: 0.9360, VaLoss:  0.24442
 MAP NN | TrAcc: 0.9335 | VaAcc: 0.9331 | TeAcc: 0.9507
 S NN | TrAcc: 0.9231 | VaAcc: 0.9277 | TeAcc: 0.9404

103,  0 | TrAcc: 0.9335, TrLoss:  0.23196, VaAcc: 0.9302, VaLoss:  0.26154
 MAP NN | TrAcc: 0.9336 | VaAcc: 0.9243 | TeAcc: 0.9531
 S NN | TrAcc: 0.9285 | VaAcc: 0.9272 | TeAcc: 0.9556

104,  0 | TrAcc: 0.9364, TrLoss:  0.22853, VaAcc: 0.9292, VaLoss:  0.24501
 MAP NN | TrAcc: 0.9357 | VaAcc: 0.9307 | TeAcc: 0.9521
 S NN | TrAcc: 0.9250 | VaAcc: 0.9307 | TeAcc: 0.9468

105,  0 | TrAcc: 0.9304, TrLoss:  0.23281, VaAcc: 0.9316, VaLoss:  0.26912
 MAP NN | TrAcc: 0.9385 | VaAcc: 0.9312 | TeAcc: 0.9492
 S NN | TrAcc: 0.9215 | VaAcc: 0.9292 | TeAcc: 0.9512

106,  0 | TrAcc: 0.9325, TrLoss:  0.23166, VaAcc: 0.9297, VaLoss:  0.25796
 MAP NN | TrAcc: 0.9369 | VaAcc: 0.9331 | TeAcc: 0.9482
 S NN | TrAcc: 0.9281 | VaAcc: 0.9287 | TeAcc: 0.9443

107,  0 | TrAcc: 0.9343, TrLoss:  0.22495, VaAcc: 0.9336, VaLoss:  0.24355
 MAP NN | TrAcc: 0.9349 | VaAcc: 0.9326 | TeAcc: 0.9507
 S NN | TrAcc: 0.9293 | VaAcc: 0.9312 | TeAcc: 0.9448

108,  0 | TrAcc: 0.9336, TrLoss:  0.22363, VaAcc: 0.9355, VaLoss:  0.23896
 MAP NN | TrAcc: 0.9362 | VaAcc: 0.9316 | TeAcc: 0.9521
 S NN | TrAcc: 0.9332 | VaAcc: 0.9272 | TeAcc: 0.9541

109,  0 | TrAcc: 0.9342, TrLoss:  0.21990, VaAcc: 0.9385, VaLoss:  0.23921
 MAP NN | TrAcc: 0.9373 | VaAcc: 0.9316 | TeAcc: 0.9492
 S NN | TrAcc: 0.9188 | VaAcc: 0.9282 | TeAcc: 0.9443

110,  0 | TrAcc: 0.9307, TrLoss:  0.23057, VaAcc: 0.9287, VaLoss:  0.26519
 MAP NN | TrAcc: 0.9338 | VaAcc: 0.9321 | TeAcc: 0.9497
 S NN | TrAcc: 0.9264 | VaAcc: 0.9272 | TeAcc: 0.9438

111,  0 | TrAcc: 0.9346, TrLoss:  0.23160, VaAcc: 0.9307, VaLoss:  0.26439
 MAP NN | TrAcc: 0.9318 | VaAcc: 0.9316 | TeAcc: 0.9492
 S NN | TrAcc: 0.9233 | VaAcc: 0.9355 | TeAcc: 0.9448

112,  0 | TrAcc: 0.9348, TrLoss:  0.22272, VaAcc: 0.9287, VaLoss:  0.24806
 MAP NN | TrAcc: 0.9324 | VaAcc: 0.9292 | TeAcc: 0.9502
 S NN | TrAcc: 0.9287 | VaAcc: 0.9268 | TeAcc: 0.9478

113,  0 | TrAcc: 0.9399, TrLoss:  0.20784, VaAcc: 0.9370, VaLoss:  0.23298
 MAP NN | TrAcc: 0.9420 | VaAcc: 0.9380 | TeAcc: 0.9521
 S NN | TrAcc: 0.9324 | VaAcc: 0.9268 | TeAcc: 0.9517

114,  0 | TrAcc: 0.9384, TrLoss:  0.21177, VaAcc: 0.9326, VaLoss:  0.25839
 MAP NN | TrAcc: 0.9347 | VaAcc: 0.9312 | TeAcc: 0.9536
 S NN | TrAcc: 0.9302 | VaAcc: 0.9321 | TeAcc: 0.9502

115,  0 | TrAcc: 0.9403, TrLoss:  0.21309, VaAcc: 0.9375, VaLoss:  0.23594
 MAP NN | TrAcc: 0.9441 | VaAcc: 0.9351 | TeAcc: 0.9556
 S NN | TrAcc: 0.9412 | VaAcc: 0.9312 | TeAcc: 0.9443

116,  0 | TrAcc: 0.9418, TrLoss:  0.19865, VaAcc: 0.9341, VaLoss:  0.23539
 MAP NN | TrAcc: 0.9413 | VaAcc: 0.9365 | TeAcc: 0.9556
 S NN | TrAcc: 0.9401 | VaAcc: 0.9331 | TeAcc: 0.9556

117,  0 | TrAcc: 0.9404, TrLoss:  0.20085, VaAcc: 0.9351, VaLoss:  0.23081
 MAP NN | TrAcc: 0.9415 | VaAcc: 0.9404 | TeAcc: 0.9561
 S NN | TrAcc: 0.9374 | VaAcc: 0.9341 | TeAcc: 0.9482

118,  0 | TrAcc: 0.9413, TrLoss:  0.19957, VaAcc: 0.9390, VaLoss:  0.22309
 MAP NN | TrAcc: 0.9414 | VaAcc: 0.9390 | TeAcc: 0.9521
 S NN | TrAcc: 0.9355 | VaAcc: 0.9248 | TeAcc: 0.9521

119,  0 | TrAcc: 0.9438, TrLoss:  0.19467, VaAcc: 0.9380, VaLoss:  0.22798
 MAP NN | TrAcc: 0.9445 | VaAcc: 0.9385 | TeAcc: 0.9536
 S NN | TrAcc: 0.9347 | VaAcc: 0.9316 | TeAcc: 0.9531

120,  0 | TrAcc: 0.9426, TrLoss:  0.19903, VaAcc: 0.9414, VaLoss:  0.22084
 MAP NN | TrAcc: 0.9456 | VaAcc: 0.9429 | TeAcc: 0.9575
 S NN | TrAcc: 0.9362 | VaAcc: 0.9365 | TeAcc: 0.9507

121,  0 | TrAcc: 0.9406, TrLoss:  0.19787, VaAcc: 0.9385, VaLoss:  0.23197
 MAP NN | TrAcc: 0.9434 | VaAcc: 0.9409 | TeAcc: 0.9541
 S NN | TrAcc: 0.9403 | VaAcc: 0.9351 | TeAcc: 0.9556

122,  0 | TrAcc: 0.9423, TrLoss:  0.20104, VaAcc: 0.9351, VaLoss:  0.24712
 MAP NN | TrAcc: 0.9454 | VaAcc: 0.9375 | TeAcc: 0.9565
 S NN | TrAcc: 0.9375 | VaAcc: 0.9370 | TeAcc: 0.9478

123,  0 | TrAcc: 0.9430, TrLoss:  0.19849, VaAcc: 0.9351, VaLoss:  0.24003
 MAP NN | TrAcc: 0.9486 | VaAcc: 0.9351 | TeAcc: 0.9570
 S NN | TrAcc: 0.9424 | VaAcc: 0.9341 | TeAcc: 0.9434

124,  0 | TrAcc: 0.9454, TrLoss:  0.18792, VaAcc: 0.9316, VaLoss:  0.23936
 MAP NN | TrAcc: 0.9445 | VaAcc: 0.9399 | TeAcc: 0.9565
 S NN | TrAcc: 0.9407 | VaAcc: 0.9331 | TeAcc: 0.9517

125,  0 | TrAcc: 0.9447, TrLoss:  0.19203, VaAcc: 0.9438, VaLoss:  0.21027
 MAP NN | TrAcc: 0.9440 | VaAcc: 0.9380 | TeAcc: 0.9546
 S NN | TrAcc: 0.9355 | VaAcc: 0.9312 | TeAcc: 0.9497

126,  0 | TrAcc: 0.9465, TrLoss:  0.18523, VaAcc: 0.9297, VaLoss:  0.24361
 MAP NN | TrAcc: 0.9491 | VaAcc: 0.9375 | TeAcc: 0.9561
 S NN | TrAcc: 0.9240 | VaAcc: 0.9385 | TeAcc: 0.9556

127,  0 | TrAcc: 0.9459, TrLoss:  0.18326, VaAcc: 0.9443, VaLoss:  0.20310
 MAP NN | TrAcc: 0.9480 | VaAcc: 0.9370 | TeAcc: 0.9517
 S NN | TrAcc: 0.9441 | VaAcc: 0.9395 | TeAcc: 0.9502

128,  0 | TrAcc: 0.9467, TrLoss:  0.18229, VaAcc: 0.9463, VaLoss:  0.22202
 MAP NN | TrAcc: 0.9465 | VaAcc: 0.9375 | TeAcc: 0.9546
 S NN | TrAcc: 0.9420 | VaAcc: 0.9346 | TeAcc: 0.9478

129,  0 | TrAcc: 0.9491, TrLoss:  0.18211, VaAcc: 0.9385, VaLoss:  0.22326
 MAP NN | TrAcc: 0.9485 | VaAcc: 0.9404 | TeAcc: 0.9570
 S NN | TrAcc: 0.9440 | VaAcc: 0.9336 | TeAcc: 0.9546

130,  0 | TrAcc: 0.9491, TrLoss:  0.17664, VaAcc: 0.9424, VaLoss:  0.21994
 MAP NN | TrAcc: 0.9506 | VaAcc: 0.9409 | TeAcc: 0.9561
 S NN | TrAcc: 0.9443 | VaAcc: 0.9385 | TeAcc: 0.9590

131,  0 | TrAcc: 0.9454, TrLoss:  0.18483, VaAcc: 0.9351, VaLoss:  0.24805
 MAP NN | TrAcc: 0.9479 | VaAcc: 0.9380 | TeAcc: 0.9561
 S NN | TrAcc: 0.9445 | VaAcc: 0.9370 | TeAcc: 0.9565

132,  0 | TrAcc: 0.9482, TrLoss:  0.18031, VaAcc: 0.9390, VaLoss:  0.23042
 MAP NN | TrAcc: 0.9484 | VaAcc: 0.9399 | TeAcc: 0.9556
 S NN | TrAcc: 0.9434 | VaAcc: 0.9355 | TeAcc: 0.9536

133,  0 | TrAcc: 0.9479, TrLoss:  0.17881, VaAcc: 0.9404, VaLoss:  0.22264
 MAP NN | TrAcc: 0.9525 | VaAcc: 0.9395 | TeAcc: 0.9590
 S NN | TrAcc: 0.9458 | VaAcc: 0.9272 | TeAcc: 0.9590

134,  0 | TrAcc: 0.9440, TrLoss:  0.18852, VaAcc: 0.9448, VaLoss:  0.22369
 MAP NN | TrAcc: 0.9448 | VaAcc: 0.9360 | TeAcc: 0.9521
 S NN | TrAcc: 0.9408 | VaAcc: 0.9331 | TeAcc: 0.9536

135,  0 | TrAcc: 0.9470, TrLoss:  0.17913, VaAcc: 0.9355, VaLoss:  0.23275
 MAP NN | TrAcc: 0.9462 | VaAcc: 0.9365 | TeAcc: 0.9531
 S NN | TrAcc: 0.9430 | VaAcc: 0.9321 | TeAcc: 0.9512

136,  0 | TrAcc: 0.9498, TrLoss:  0.17612, VaAcc: 0.9341, VaLoss:  0.23431
 MAP NN | TrAcc: 0.9453 | VaAcc: 0.9341 | TeAcc: 0.9526
 S NN | TrAcc: 0.9357 | VaAcc: 0.9395 | TeAcc: 0.9502

137,  0 | TrAcc: 0.9497, TrLoss:  0.17238, VaAcc: 0.9419, VaLoss:  0.21937
 MAP NN | TrAcc: 0.9467 | VaAcc: 0.9419 | TeAcc: 0.9551
 S NN | TrAcc: 0.9463 | VaAcc: 0.9341 | TeAcc: 0.9546

138,  0 | TrAcc: 0.9507, TrLoss:  0.16600, VaAcc: 0.9365, VaLoss:  0.22969
 MAP NN | TrAcc: 0.9520 | VaAcc: 0.9375 | TeAcc: 0.9590
 S NN | TrAcc: 0.9469 | VaAcc: 0.9341 | TeAcc: 0.9463

139,  0 | TrAcc: 0.9484, TrLoss:  0.17292, VaAcc: 0.9351, VaLoss:  0.23127
 MAP NN | TrAcc: 0.9492 | VaAcc: 0.9429 | TeAcc: 0.9556
 S NN | TrAcc: 0.9460 | VaAcc: 0.9351 | TeAcc: 0.9521

140,  0 | TrAcc: 0.9506, TrLoss:  0.16797, VaAcc: 0.9424, VaLoss:  0.21376
 MAP NN | TrAcc: 0.9525 | VaAcc: 0.9404 | TeAcc: 0.9580
 S NN | TrAcc: 0.9447 | VaAcc: 0.9365 | TeAcc: 0.9531

141,  0 | TrAcc: 0.9514, TrLoss:  0.16883, VaAcc: 0.9424, VaLoss:  0.21586
 MAP NN | TrAcc: 0.9518 | VaAcc: 0.9380 | TeAcc: 0.9590
 S NN | TrAcc: 0.9459 | VaAcc: 0.9390 | TeAcc: 0.9561

142,  0 | TrAcc: 0.9514, TrLoss:  0.16230, VaAcc: 0.9409, VaLoss:  0.22785
 MAP NN | TrAcc: 0.9559 | VaAcc: 0.9395 | TeAcc: 0.9565
 S NN | TrAcc: 0.9519 | VaAcc: 0.9395 | TeAcc: 0.9536

143,  0 | TrAcc: 0.9520, TrLoss:  0.15897, VaAcc: 0.9424, VaLoss:  0.21173
 MAP NN | TrAcc: 0.9546 | VaAcc: 0.9395 | TeAcc: 0.9565
 S NN | TrAcc: 0.9480 | VaAcc: 0.9370 | TeAcc: 0.9551

144,  0 | TrAcc: 0.9545, TrLoss:  0.15420, VaAcc: 0.9414, VaLoss:  0.20982
 MAP NN | TrAcc: 0.9536 | VaAcc: 0.9419 | TeAcc: 0.9590
 S NN | TrAcc: 0.9497 | VaAcc: 0.9365 | TeAcc: 0.9580

145,  0 | TrAcc: 0.9541, TrLoss:  0.15708, VaAcc: 0.9395, VaLoss:  0.21827
 MAP NN | TrAcc: 0.9562 | VaAcc: 0.9399 | TeAcc: 0.9556
 S NN | TrAcc: 0.9460 | VaAcc: 0.9370 | TeAcc: 0.9536

146,  0 | TrAcc: 0.9551, TrLoss:  0.15370, VaAcc: 0.9414, VaLoss:  0.21667
 MAP NN | TrAcc: 0.9546 | VaAcc: 0.9434 | TeAcc: 0.9565
 S NN | TrAcc: 0.9498 | VaAcc: 0.9380 | TeAcc: 0.9590

147,  0 | TrAcc: 0.9552, TrLoss:  0.15482, VaAcc: 0.9399, VaLoss:  0.21265
 MAP NN | TrAcc: 0.9558 | VaAcc: 0.9390 | TeAcc: 0.9590
 S NN | TrAcc: 0.9491 | VaAcc: 0.9404 | TeAcc: 0.9575

148,  0 | TrAcc: 0.9543, TrLoss:  0.15451, VaAcc: 0.9424, VaLoss:  0.21495
 MAP NN | TrAcc: 0.9542 | VaAcc: 0.9390 | TeAcc: 0.9595
 S NN | TrAcc: 0.9510 | VaAcc: 0.9424 | TeAcc: 0.9590

149,  0 | TrAcc: 0.9534, TrLoss:  0.15928, VaAcc: 0.9414, VaLoss:  0.21763
 MAP NN | TrAcc: 0.9534 | VaAcc: 0.9395 | TeAcc: 0.9551
 S NN | TrAcc: 0.9436 | VaAcc: 0.9277 | TeAcc: 0.9585

150,  0 | TrAcc: 0.9540, TrLoss:  0.15849, VaAcc: 0.9375, VaLoss:  0.22450
 MAP NN | TrAcc: 0.9546 | VaAcc: 0.9399 | TeAcc: 0.9585
 S NN | TrAcc: 0.9521 | VaAcc: 0.9316 | TeAcc: 0.9565

151,  0 | TrAcc: 0.9558, TrLoss:  0.15405, VaAcc: 0.9390, VaLoss:  0.21866
 MAP NN | TrAcc: 0.9551 | VaAcc: 0.9409 | TeAcc: 0.9604
 S NN | TrAcc: 0.9528 | VaAcc: 0.9370 | TeAcc: 0.9624

152,  0 | TrAcc: 0.9541, TrLoss:  0.15329, VaAcc: 0.9404, VaLoss:  0.21684
 MAP NN | TrAcc: 0.9546 | VaAcc: 0.9395 | TeAcc: 0.9585
 S NN | TrAcc: 0.9492 | VaAcc: 0.9375 | TeAcc: 0.9595

153,  0 | TrAcc: 0.9547, TrLoss:  0.15472, VaAcc: 0.9336, VaLoss:  0.23216
 MAP NN | TrAcc: 0.9517 | VaAcc: 0.9395 | TeAcc: 0.9570
 S NN | TrAcc: 0.9445 | VaAcc: 0.9404 | TeAcc: 0.9517

154,  0 | TrAcc: 0.9563, TrLoss:  0.15781, VaAcc: 0.9443, VaLoss:  0.20976
 MAP NN | TrAcc: 0.9556 | VaAcc: 0.9453 | TeAcc: 0.9575
 S NN | TrAcc: 0.9470 | VaAcc: 0.9409 | TeAcc: 0.9541

155,  0 | TrAcc: 0.9543, TrLoss:  0.15896, VaAcc: 0.9414, VaLoss:  0.21060
 MAP NN | TrAcc: 0.9574 | VaAcc: 0.9438 | TeAcc: 0.9570
 S NN | TrAcc: 0.9535 | VaAcc: 0.9434 | TeAcc: 0.9492

156,  0 | TrAcc: 0.9465, TrLoss:  0.17821, VaAcc: 0.9326, VaLoss:  0.23935
 MAP NN | TrAcc: 0.9470 | VaAcc: 0.9312 | TeAcc: 0.9546
 S NN | TrAcc: 0.9448 | VaAcc: 0.9380 | TeAcc: 0.9556

157,  0 | TrAcc: 0.9519, TrLoss:  0.16179, VaAcc: 0.9365, VaLoss:  0.22278
 MAP NN | TrAcc: 0.9550 | VaAcc: 0.9404 | TeAcc: 0.9531
 S NN | TrAcc: 0.9507 | VaAcc: 0.9355 | TeAcc: 0.9561

158,  0 | TrAcc: 0.9541, TrLoss:  0.15679, VaAcc: 0.9429, VaLoss:  0.20980
 MAP NN | TrAcc: 0.9558 | VaAcc: 0.9414 | TeAcc: 0.9570
 S NN | TrAcc: 0.9458 | VaAcc: 0.9395 | TeAcc: 0.9575

159,  0 | TrAcc: 0.9572, TrLoss:  0.14989, VaAcc: 0.9438, VaLoss:  0.21849
 MAP NN | TrAcc: 0.9552 | VaAcc: 0.9395 | TeAcc: 0.9575
 S NN | TrAcc: 0.9481 | VaAcc: 0.9419 | TeAcc: 0.9590

160,  0 | TrAcc: 0.9594, TrLoss:  0.14457, VaAcc: 0.9419, VaLoss:  0.21882
 MAP NN | TrAcc: 0.9604 | VaAcc: 0.9424 | TeAcc: 0.9624
 S NN | TrAcc: 0.9551 | VaAcc: 0.9380 | TeAcc: 0.9575

161,  0 | TrAcc: 0.9579, TrLoss:  0.15061, VaAcc: 0.9404, VaLoss:  0.21532
 MAP NN | TrAcc: 0.9576 | VaAcc: 0.9434 | TeAcc: 0.9604
 S NN | TrAcc: 0.9568 | VaAcc: 0.9434 | TeAcc: 0.9619

162,  0 | TrAcc: 0.9615, TrLoss:  0.13916, VaAcc: 0.9443, VaLoss:  0.21574
 MAP NN | TrAcc: 0.9565 | VaAcc: 0.9419 | TeAcc: 0.9595
 S NN | TrAcc: 0.9543 | VaAcc: 0.9399 | TeAcc: 0.9561

163,  0 | TrAcc: 0.9585, TrLoss:  0.14572, VaAcc: 0.9429, VaLoss:  0.21365
 MAP NN | TrAcc: 0.9576 | VaAcc: 0.9414 | TeAcc: 0.9619
 S NN | TrAcc: 0.9471 | VaAcc: 0.9380 | TeAcc: 0.9624

164,  0 | TrAcc: 0.9607, TrLoss:  0.14028, VaAcc: 0.9429, VaLoss:  0.21512
 MAP NN | TrAcc: 0.9597 | VaAcc: 0.9463 | TeAcc: 0.9600
 S NN | TrAcc: 0.9594 | VaAcc: 0.9434 | TeAcc: 0.9580

165,  0 | TrAcc: 0.9601, TrLoss:  0.13990, VaAcc: 0.9443, VaLoss:  0.20710
 MAP NN | TrAcc: 0.9609 | VaAcc: 0.9458 | TeAcc: 0.9609
 S NN | TrAcc: 0.9539 | VaAcc: 0.9443 | TeAcc: 0.9575

166,  0 | TrAcc: 0.9578, TrLoss:  0.14258, VaAcc: 0.9399, VaLoss:  0.22012
 MAP NN | TrAcc: 0.9611 | VaAcc: 0.9458 | TeAcc: 0.9629
 S NN | TrAcc: 0.9584 | VaAcc: 0.9434 | TeAcc: 0.9600

167,  0 | TrAcc: 0.9586, TrLoss:  0.13761, VaAcc: 0.9395, VaLoss:  0.21681
 MAP NN | TrAcc: 0.9608 | VaAcc: 0.9438 | TeAcc: 0.9634
 S NN | TrAcc: 0.9584 | VaAcc: 0.9429 | TeAcc: 0.9619

168,  0 | TrAcc: 0.9600, TrLoss:  0.14188, VaAcc: 0.9443, VaLoss:  0.21630
 MAP NN | TrAcc: 0.9622 | VaAcc: 0.9468 | TeAcc: 0.9629
 S NN | TrAcc: 0.9564 | VaAcc: 0.9375 | TeAcc: 0.9604

169,  0 | TrAcc: 0.9600, TrLoss:  0.14397, VaAcc: 0.9419, VaLoss:  0.21852
 MAP NN | TrAcc: 0.9604 | VaAcc: 0.9434 | TeAcc: 0.9614
 S NN | TrAcc: 0.9562 | VaAcc: 0.9404 | TeAcc: 0.9600

170,  0 | TrAcc: 0.9641, TrLoss:  0.13468, VaAcc: 0.9482, VaLoss:  0.20823
 MAP NN | TrAcc: 0.9601 | VaAcc: 0.9434 | TeAcc: 0.9614
 S NN | TrAcc: 0.9561 | VaAcc: 0.9409 | TeAcc: 0.9590

171,  0 | TrAcc: 0.9594, TrLoss:  0.13864, VaAcc: 0.9395, VaLoss:  0.21466
 MAP NN | TrAcc: 0.9623 | VaAcc: 0.9409 | TeAcc: 0.9614
 S NN | TrAcc: 0.9515 | VaAcc: 0.9390 | TeAcc: 0.9609

172,  0 | TrAcc: 0.9609, TrLoss:  0.13590, VaAcc: 0.9482, VaLoss:  0.20498
 MAP NN | TrAcc: 0.9618 | VaAcc: 0.9409 | TeAcc: 0.9570
 S NN | TrAcc: 0.9559 | VaAcc: 0.9380 | TeAcc: 0.9580

173,  0 | TrAcc: 0.9615, TrLoss:  0.13616, VaAcc: 0.9434, VaLoss:  0.20769
 MAP NN | TrAcc: 0.9640 | VaAcc: 0.9438 | TeAcc: 0.9629
 S NN | TrAcc: 0.9476 | VaAcc: 0.9409 | TeAcc: 0.9614

174,  0 | TrAcc: 0.9623, TrLoss:  0.13642, VaAcc: 0.9434, VaLoss:  0.21300
 MAP NN | TrAcc: 0.9634 | VaAcc: 0.9414 | TeAcc: 0.9629
 S NN | TrAcc: 0.9562 | VaAcc: 0.9395 | TeAcc: 0.9639

175,  0 | TrAcc: 0.9618, TrLoss:  0.13268, VaAcc: 0.9458, VaLoss:  0.21709
 MAP NN | TrAcc: 0.9622 | VaAcc: 0.9424 | TeAcc: 0.9600
 S NN | TrAcc: 0.9589 | VaAcc: 0.9385 | TeAcc: 0.9595

176,  0 | TrAcc: 0.9623, TrLoss:  0.13400, VaAcc: 0.9438, VaLoss:  0.20920
 MAP NN | TrAcc: 0.9634 | VaAcc: 0.9443 | TeAcc: 0.9624
 S NN | TrAcc: 0.9586 | VaAcc: 0.9443 | TeAcc: 0.9639

177,  0 | TrAcc: 0.9608, TrLoss:  0.13317, VaAcc: 0.9395, VaLoss:  0.21495
 MAP NN | TrAcc: 0.9619 | VaAcc: 0.9385 | TeAcc: 0.9634
 S NN | TrAcc: 0.9581 | VaAcc: 0.9370 | TeAcc: 0.9600

178,  0 | TrAcc: 0.9624, TrLoss:  0.13023, VaAcc: 0.9429, VaLoss:  0.21728
 MAP NN | TrAcc: 0.9626 | VaAcc: 0.9419 | TeAcc: 0.9575
 S NN | TrAcc: 0.9584 | VaAcc: 0.9434 | TeAcc: 0.9600

179,  0 | TrAcc: 0.9637, TrLoss:  0.13265, VaAcc: 0.9458, VaLoss:  0.21191
 MAP NN | TrAcc: 0.9659 | VaAcc: 0.9438 | TeAcc: 0.9634
 S NN | TrAcc: 0.9581 | VaAcc: 0.9390 | TeAcc: 0.9604

180,  0 | TrAcc: 0.9631, TrLoss:  0.12909, VaAcc: 0.9409, VaLoss:  0.21506
 MAP NN | TrAcc: 0.9642 | VaAcc: 0.9434 | TeAcc: 0.9614
 S NN | TrAcc: 0.9611 | VaAcc: 0.9395 | TeAcc: 0.9634

181,  0 | TrAcc: 0.9634, TrLoss:  0.13185, VaAcc: 0.9492, VaLoss:  0.20233
 MAP NN | TrAcc: 0.9614 | VaAcc: 0.9478 | TeAcc: 0.9619
 S NN | TrAcc: 0.9581 | VaAcc: 0.9409 | TeAcc: 0.9609

182,  0 | TrAcc: 0.9650, TrLoss:  0.12971, VaAcc: 0.9438, VaLoss:  0.20761
 MAP NN | TrAcc: 0.9650 | VaAcc: 0.9395 | TeAcc: 0.9595
 S NN | TrAcc: 0.9607 | VaAcc: 0.9463 | TeAcc: 0.9604

183,  0 | TrAcc: 0.9655, TrLoss:  0.12511, VaAcc: 0.9438, VaLoss:  0.21256
 MAP NN | TrAcc: 0.9646 | VaAcc: 0.9463 | TeAcc: 0.9619
 S NN | TrAcc: 0.9540 | VaAcc: 0.9429 | TeAcc: 0.9580

184,  0 | TrAcc: 0.9635, TrLoss:  0.12754, VaAcc: 0.9458, VaLoss:  0.20627
 MAP NN | TrAcc: 0.9631 | VaAcc: 0.9438 | TeAcc: 0.9570
 S NN | TrAcc: 0.9583 | VaAcc: 0.9448 | TeAcc: 0.9585

185,  0 | TrAcc: 0.9667, TrLoss:  0.12245, VaAcc: 0.9478, VaLoss:  0.20499
 MAP NN | TrAcc: 0.9678 | VaAcc: 0.9463 | TeAcc: 0.9639
 S NN | TrAcc: 0.9644 | VaAcc: 0.9458 | TeAcc: 0.9658

186,  0 | TrAcc: 0.9672, TrLoss:  0.11965, VaAcc: 0.9443, VaLoss:  0.20689
 MAP NN | TrAcc: 0.9677 | VaAcc: 0.9497 | TeAcc: 0.9614
 S NN | TrAcc: 0.9618 | VaAcc: 0.9453 | TeAcc: 0.9604

187,  0 | TrAcc: 0.9672, TrLoss:  0.12173, VaAcc: 0.9448, VaLoss:  0.21196
 MAP NN | TrAcc: 0.9685 | VaAcc: 0.9487 | TeAcc: 0.9614
 S NN | TrAcc: 0.9572 | VaAcc: 0.9429 | TeAcc: 0.9619

188,  0 | TrAcc: 0.9672, TrLoss:  0.12594, VaAcc: 0.9443, VaLoss:  0.21648
 MAP NN | TrAcc: 0.9667 | VaAcc: 0.9443 | TeAcc: 0.9639
 S NN | TrAcc: 0.9622 | VaAcc: 0.9478 | TeAcc: 0.9629

189,  0 | TrAcc: 0.9626, TrLoss:  0.12967, VaAcc: 0.9473, VaLoss:  0.20718
 MAP NN | TrAcc: 0.9668 | VaAcc: 0.9438 | TeAcc: 0.9644
 S NN | TrAcc: 0.9612 | VaAcc: 0.9399 | TeAcc: 0.9634

190,  0 | TrAcc: 0.9639, TrLoss:  0.12693, VaAcc: 0.9448, VaLoss:  0.20668
 MAP NN | TrAcc: 0.9675 | VaAcc: 0.9463 | TeAcc: 0.9634
 S NN | TrAcc: 0.9554 | VaAcc: 0.9409 | TeAcc: 0.9595

191,  0 | TrAcc: 0.9669, TrLoss:  0.12523, VaAcc: 0.9482, VaLoss:  0.19922
 MAP NN | TrAcc: 0.9666 | VaAcc: 0.9409 | TeAcc: 0.9609
 S NN | TrAcc: 0.9644 | VaAcc: 0.9409 | TeAcc: 0.9580

192,  0 | TrAcc: 0.9656, TrLoss:  0.11943, VaAcc: 0.9463, VaLoss:  0.20377
 MAP NN | TrAcc: 0.9669 | VaAcc: 0.9463 | TeAcc: 0.9624
 S NN | TrAcc: 0.9603 | VaAcc: 0.9487 | TeAcc: 0.9614

193,  0 | TrAcc: 0.9675, TrLoss:  0.11934, VaAcc: 0.9468, VaLoss:  0.20924
 MAP NN | TrAcc: 0.9675 | VaAcc: 0.9448 | TeAcc: 0.9653
 S NN | TrAcc: 0.9636 | VaAcc: 0.9487 | TeAcc: 0.9658

194,  0 | TrAcc: 0.9659, TrLoss:  0.11999, VaAcc: 0.9448, VaLoss:  0.20931
 MAP NN | TrAcc: 0.9678 | VaAcc: 0.9448 | TeAcc: 0.9644
 S NN | TrAcc: 0.9631 | VaAcc: 0.9458 | TeAcc: 0.9585

195,  0 | TrAcc: 0.9650, TrLoss:  0.12324, VaAcc: 0.9487, VaLoss:  0.20085
 MAP NN | TrAcc: 0.9685 | VaAcc: 0.9448 | TeAcc: 0.9663
 S NN | TrAcc: 0.9617 | VaAcc: 0.9434 | TeAcc: 0.9614

196,  0 | TrAcc: 0.9684, TrLoss:  0.11709, VaAcc: 0.9429, VaLoss:  0.20899
 MAP NN | TrAcc: 0.9692 | VaAcc: 0.9448 | TeAcc: 0.9629
 S NN | TrAcc: 0.9653 | VaAcc: 0.9414 | TeAcc: 0.9629

197,  0 | TrAcc: 0.9633, TrLoss:  0.12675, VaAcc: 0.9419, VaLoss:  0.22878
 MAP NN | TrAcc: 0.9622 | VaAcc: 0.9414 | TeAcc: 0.9609
 S NN | TrAcc: 0.9618 | VaAcc: 0.9419 | TeAcc: 0.9644

198,  0 | TrAcc: 0.9608, TrLoss:  0.13208, VaAcc: 0.9468, VaLoss:  0.20108
 MAP NN | TrAcc: 0.9659 | VaAcc: 0.9448 | TeAcc: 0.9653
 S NN | TrAcc: 0.9647 | VaAcc: 0.9424 | TeAcc: 0.9590

199,  0 | TrAcc: 0.9637, TrLoss:  0.12413, VaAcc: 0.9478, VaLoss:  0.21803
 MAP NN | TrAcc: 0.9642 | VaAcc: 0.9458 | TeAcc: 0.9653
 S NN | TrAcc: 0.9609 | VaAcc: 0.9438 | TeAcc: 0.9619

200,  0 | TrAcc: 0.9666, TrLoss:  0.12144, VaAcc: 0.9414, VaLoss:  0.21856
 MAP NN | TrAcc: 0.9658 | VaAcc: 0.9419 | TeAcc: 0.9619
 S NN | TrAcc: 0.9622 | VaAcc: 0.9434 | TeAcc: 0.9600

201,  0 | TrAcc: 0.9650, TrLoss:  0.12228, VaAcc: 0.9385, VaLoss:  0.22227
 MAP NN | TrAcc: 0.9663 | VaAcc: 0.9414 | TeAcc: 0.9629
 S NN | TrAcc: 0.9600 | VaAcc: 0.9409 | TeAcc: 0.9600

202,  0 | TrAcc: 0.9661, TrLoss:  0.11906, VaAcc: 0.9478, VaLoss:  0.21366
 MAP NN | TrAcc: 0.9681 | VaAcc: 0.9443 | TeAcc: 0.9653
 S NN | TrAcc: 0.9635 | VaAcc: 0.9453 | TeAcc: 0.9629

203,  0 | TrAcc: 0.9663, TrLoss:  0.11746, VaAcc: 0.9453, VaLoss:  0.21717
 MAP NN | TrAcc: 0.9667 | VaAcc: 0.9463 | TeAcc: 0.9634
 S NN | TrAcc: 0.9618 | VaAcc: 0.9438 | TeAcc: 0.9600

204,  0 | TrAcc: 0.9685, TrLoss:  0.11860, VaAcc: 0.9492, VaLoss:  0.20366
 MAP NN | TrAcc: 0.9672 | VaAcc: 0.9434 | TeAcc: 0.9648
 S NN | TrAcc: 0.9652 | VaAcc: 0.9404 | TeAcc: 0.9609

205,  0 | TrAcc: 0.9628, TrLoss:  0.12814, VaAcc: 0.9404, VaLoss:  0.21810
 MAP NN | TrAcc: 0.9658 | VaAcc: 0.9424 | TeAcc: 0.9639
 S NN | TrAcc: 0.9631 | VaAcc: 0.9424 | TeAcc: 0.9653

206,  0 | TrAcc: 0.9670, TrLoss:  0.12081, VaAcc: 0.9463, VaLoss:  0.20223
 MAP NN | TrAcc: 0.9703 | VaAcc: 0.9458 | TeAcc: 0.9639
 S NN | TrAcc: 0.9670 | VaAcc: 0.9468 | TeAcc: 0.9604

207,  0 | TrAcc: 0.9656, TrLoss:  0.12062, VaAcc: 0.9443, VaLoss:  0.22080
 MAP NN | TrAcc: 0.9652 | VaAcc: 0.9424 | TeAcc: 0.9644
 S NN | TrAcc: 0.9623 | VaAcc: 0.9429 | TeAcc: 0.9600

208,  0 | TrAcc: 0.9700, TrLoss:  0.11150, VaAcc: 0.9438, VaLoss:  0.21252
 MAP NN | TrAcc: 0.9707 | VaAcc: 0.9429 | TeAcc: 0.9634
 S NN | TrAcc: 0.9634 | VaAcc: 0.9434 | TeAcc: 0.9639

209,  0 | TrAcc: 0.9703, TrLoss:  0.10962, VaAcc: 0.9463, VaLoss:  0.21180
 MAP NN | TrAcc: 0.9717 | VaAcc: 0.9448 | TeAcc: 0.9644
 S NN | TrAcc: 0.9657 | VaAcc: 0.9419 | TeAcc: 0.9639

210,  0 | TrAcc: 0.9712, TrLoss:  0.10848, VaAcc: 0.9487, VaLoss:  0.20681
 MAP NN | TrAcc: 0.9719 | VaAcc: 0.9458 | TeAcc: 0.9653
 S NN | TrAcc: 0.9691 | VaAcc: 0.9468 | TeAcc: 0.9634

211,  0 | TrAcc: 0.9688, TrLoss:  0.10828, VaAcc: 0.9482, VaLoss:  0.20904
 MAP NN | TrAcc: 0.9705 | VaAcc: 0.9458 | TeAcc: 0.9619
 S NN | TrAcc: 0.9653 | VaAcc: 0.9419 | TeAcc: 0.9644

212,  0 | TrAcc: 0.9702, TrLoss:  0.10976, VaAcc: 0.9448, VaLoss:  0.21422
 MAP NN | TrAcc: 0.9720 | VaAcc: 0.9487 | TeAcc: 0.9653
 S NN | TrAcc: 0.9657 | VaAcc: 0.9473 | TeAcc: 0.9609

213,  0 | TrAcc: 0.9714, TrLoss:  0.10798, VaAcc: 0.9463, VaLoss:  0.21057
 MAP NN | TrAcc: 0.9740 | VaAcc: 0.9453 | TeAcc: 0.9658
 S NN | TrAcc: 0.9678 | VaAcc: 0.9448 | TeAcc: 0.9658

214,  0 | TrAcc: 0.9727, TrLoss:  0.10661, VaAcc: 0.9517, VaLoss:  0.20539
 MAP NN | TrAcc: 0.9730 | VaAcc: 0.9473 | TeAcc: 0.9678
 S NN | TrAcc: 0.9640 | VaAcc: 0.9434 | TeAcc: 0.9663

215,  0 | TrAcc: 0.9725, TrLoss:  0.10253, VaAcc: 0.9458, VaLoss:  0.20128
 MAP NN | TrAcc: 0.9725 | VaAcc: 0.9438 | TeAcc: 0.9663
 S NN | TrAcc: 0.9705 | VaAcc: 0.9414 | TeAcc: 0.9644

216,  0 | TrAcc: 0.9708, TrLoss:  0.10873, VaAcc: 0.9463, VaLoss:  0.20678
 MAP NN | TrAcc: 0.9719 | VaAcc: 0.9424 | TeAcc: 0.9629
 S NN | TrAcc: 0.9670 | VaAcc: 0.9424 | TeAcc: 0.9629

217,  0 | TrAcc: 0.9712, TrLoss:  0.10635, VaAcc: 0.9487, VaLoss:  0.20645
 MAP NN | TrAcc: 0.9709 | VaAcc: 0.9502 | TeAcc: 0.9653
 S NN | TrAcc: 0.9677 | VaAcc: 0.9453 | TeAcc: 0.9624

218,  0 | TrAcc: 0.9728, TrLoss:  0.10134, VaAcc: 0.9443, VaLoss:  0.21158
 MAP NN | TrAcc: 0.9728 | VaAcc: 0.9463 | TeAcc: 0.9644
 S NN | TrAcc: 0.9695 | VaAcc: 0.9429 | TeAcc: 0.9644

219,  0 | TrAcc: 0.9719, TrLoss:  0.10600, VaAcc: 0.9478, VaLoss:  0.21121
 MAP NN | TrAcc: 0.9722 | VaAcc: 0.9463 | TeAcc: 0.9663
 S NN | TrAcc: 0.9708 | VaAcc: 0.9448 | TeAcc: 0.9653

220,  0 | TrAcc: 0.9711, TrLoss:  0.10588, VaAcc: 0.9468, VaLoss:  0.20579
 MAP NN | TrAcc: 0.9705 | VaAcc: 0.9458 | TeAcc: 0.9624
 S NN | TrAcc: 0.9664 | VaAcc: 0.9458 | TeAcc: 0.9634

221,  0 | TrAcc: 0.9709, TrLoss:  0.10661, VaAcc: 0.9458, VaLoss:  0.21260
 MAP NN | TrAcc: 0.9722 | VaAcc: 0.9429 | TeAcc: 0.9668
 S NN | TrAcc: 0.9690 | VaAcc: 0.9424 | TeAcc: 0.9658

222,  0 | TrAcc: 0.9709, TrLoss:  0.10431, VaAcc: 0.9458, VaLoss:  0.21249
 MAP NN | TrAcc: 0.9718 | VaAcc: 0.9443 | TeAcc: 0.9639
 S NN | TrAcc: 0.9694 | VaAcc: 0.9438 | TeAcc: 0.9619

223,  0 | TrAcc: 0.9730, TrLoss:  0.10038, VaAcc: 0.9468, VaLoss:  0.21706
 MAP NN | TrAcc: 0.9735 | VaAcc: 0.9487 | TeAcc: 0.9653
 S NN | TrAcc: 0.9709 | VaAcc: 0.9443 | TeAcc: 0.9639

224,  0 | TrAcc: 0.9716, TrLoss:  0.10380, VaAcc: 0.9458, VaLoss:  0.20527
 MAP NN | TrAcc: 0.9701 | VaAcc: 0.9434 | TeAcc: 0.9634
 S NN | TrAcc: 0.9659 | VaAcc: 0.9399 | TeAcc: 0.9595

225,  0 | TrAcc: 0.9706, TrLoss:  0.10393, VaAcc: 0.9458, VaLoss:  0.20693
 MAP NN | TrAcc: 0.9739 | VaAcc: 0.9434 | TeAcc: 0.9653
 S NN | TrAcc: 0.9681 | VaAcc: 0.9458 | TeAcc: 0.9629

226,  0 | TrAcc: 0.9727, TrLoss:  0.10321, VaAcc: 0.9468, VaLoss:  0.21409
 MAP NN | TrAcc: 0.9736 | VaAcc: 0.9438 | TeAcc: 0.9663
 S NN | TrAcc: 0.9692 | VaAcc: 0.9473 | TeAcc: 0.9653

227,  0 | TrAcc: 0.9734, TrLoss:  0.10206, VaAcc: 0.9478, VaLoss:  0.20945
 MAP NN | TrAcc: 0.9722 | VaAcc: 0.9478 | TeAcc: 0.9648
 S NN | TrAcc: 0.9702 | VaAcc: 0.9458 | TeAcc: 0.9648

228,  0 | TrAcc: 0.9735, TrLoss:  0.09899, VaAcc: 0.9424, VaLoss:  0.21538
 MAP NN | TrAcc: 0.9749 | VaAcc: 0.9453 | TeAcc: 0.9653
 S NN | TrAcc: 0.9707 | VaAcc: 0.9414 | TeAcc: 0.9653

229,  0 | TrAcc: 0.9711, TrLoss:  0.10177, VaAcc: 0.9478, VaLoss:  0.20665
 MAP NN | TrAcc: 0.9720 | VaAcc: 0.9468 | TeAcc: 0.9653
 S NN | TrAcc: 0.9695 | VaAcc: 0.9453 | TeAcc: 0.9619

230,  0 | TrAcc: 0.9724, TrLoss:  0.10016, VaAcc: 0.9434, VaLoss:  0.21203
 MAP NN | TrAcc: 0.9725 | VaAcc: 0.9429 | TeAcc: 0.9639
 S NN | TrAcc: 0.9702 | VaAcc: 0.9458 | TeAcc: 0.9639

231,  0 | TrAcc: 0.9735, TrLoss:  0.09993, VaAcc: 0.9448, VaLoss:  0.21702
 MAP NN | TrAcc: 0.9735 | VaAcc: 0.9487 | TeAcc: 0.9673
 S NN | TrAcc: 0.9705 | VaAcc: 0.9468 | TeAcc: 0.9624

232,  0 | TrAcc: 0.9741, TrLoss:  0.09826, VaAcc: 0.9458, VaLoss:  0.20351
 MAP NN | TrAcc: 0.9746 | VaAcc: 0.9468 | TeAcc: 0.9673
 S NN | TrAcc: 0.9717 | VaAcc: 0.9434 | TeAcc: 0.9648

233,  0 | TrAcc: 0.9714, TrLoss:  0.10400, VaAcc: 0.9443, VaLoss:  0.21039
 MAP NN | TrAcc: 0.9720 | VaAcc: 0.9463 | TeAcc: 0.9644
 S NN | TrAcc: 0.9700 | VaAcc: 0.9463 | TeAcc: 0.9658

234,  0 | TrAcc: 0.9714, TrLoss:  0.10250, VaAcc: 0.9473, VaLoss:  0.20157
 MAP NN | TrAcc: 0.9719 | VaAcc: 0.9414 | TeAcc: 0.9653
 S NN | TrAcc: 0.9664 | VaAcc: 0.9453 | TeAcc: 0.9673

235,  0 | TrAcc: 0.9727, TrLoss:  0.10047, VaAcc: 0.9458, VaLoss:  0.21429
 MAP NN | TrAcc: 0.9723 | VaAcc: 0.9468 | TeAcc: 0.9697
 S NN | TrAcc: 0.9692 | VaAcc: 0.9463 | TeAcc: 0.9683

236,  0 | TrAcc: 0.9761, TrLoss:  0.09562, VaAcc: 0.9414, VaLoss:  0.21186
 MAP NN | TrAcc: 0.9760 | VaAcc: 0.9487 | TeAcc: 0.9639
 S NN | TrAcc: 0.9718 | VaAcc: 0.9419 | TeAcc: 0.9614

237,  0 | TrAcc: 0.9744, TrLoss:  0.09777, VaAcc: 0.9458, VaLoss:  0.20477
 MAP NN | TrAcc: 0.9739 | VaAcc: 0.9458 | TeAcc: 0.9683
 S NN | TrAcc: 0.9697 | VaAcc: 0.9429 | TeAcc: 0.9658

238,  0 | TrAcc: 0.9717, TrLoss:  0.09920, VaAcc: 0.9448, VaLoss:  0.21161
 MAP NN | TrAcc: 0.9711 | VaAcc: 0.9448 | TeAcc: 0.9663
 S NN | TrAcc: 0.9678 | VaAcc: 0.9453 | TeAcc: 0.9619

239,  0 | TrAcc: 0.9750, TrLoss:  0.09690, VaAcc: 0.9497, VaLoss:  0.20486
 MAP NN | TrAcc: 0.9760 | VaAcc: 0.9453 | TeAcc: 0.9678
 S NN | TrAcc: 0.9696 | VaAcc: 0.9414 | TeAcc: 0.9653

240,  0 | TrAcc: 0.9744, TrLoss:  0.09426, VaAcc: 0.9448, VaLoss:  0.20630
 MAP NN | TrAcc: 0.9747 | VaAcc: 0.9463 | TeAcc: 0.9658
 S NN | TrAcc: 0.9702 | VaAcc: 0.9453 | TeAcc: 0.9668

241,  0 | TrAcc: 0.9756, TrLoss:  0.09192, VaAcc: 0.9429, VaLoss:  0.20377
 MAP NN | TrAcc: 0.9752 | VaAcc: 0.9512 | TeAcc: 0.9702
 S NN | TrAcc: 0.9745 | VaAcc: 0.9458 | TeAcc: 0.9663

242,  0 | TrAcc: 0.9744, TrLoss:  0.09832, VaAcc: 0.9443, VaLoss:  0.21019
 MAP NN | TrAcc: 0.9746 | VaAcc: 0.9448 | TeAcc: 0.9668
 S NN | TrAcc: 0.9728 | VaAcc: 0.9438 | TeAcc: 0.9668

243,  0 | TrAcc: 0.9752, TrLoss:  0.09233, VaAcc: 0.9487, VaLoss:  0.19914
 MAP NN | TrAcc: 0.9718 | VaAcc: 0.9448 | TeAcc: 0.9668
 S NN | TrAcc: 0.9681 | VaAcc: 0.9468 | TeAcc: 0.9683

244,  0 | TrAcc: 0.9751, TrLoss:  0.09773, VaAcc: 0.9448, VaLoss:  0.20968
 MAP NN | TrAcc: 0.9731 | VaAcc: 0.9434 | TeAcc: 0.9639
 S NN | TrAcc: 0.9717 | VaAcc: 0.9404 | TeAcc: 0.9624

245,  0 | TrAcc: 0.9742, TrLoss:  0.09244, VaAcc: 0.9507, VaLoss:  0.19252
 MAP NN | TrAcc: 0.9739 | VaAcc: 0.9482 | TeAcc: 0.9688
 S NN | TrAcc: 0.9731 | VaAcc: 0.9448 | TeAcc: 0.9648

246,  0 | TrAcc: 0.9727, TrLoss:  0.09593, VaAcc: 0.9448, VaLoss:  0.20004
 MAP NN | TrAcc: 0.9744 | VaAcc: 0.9458 | TeAcc: 0.9648
 S NN | TrAcc: 0.9705 | VaAcc: 0.9438 | TeAcc: 0.9639

247,  0 | TrAcc: 0.9753, TrLoss:  0.08984, VaAcc: 0.9521, VaLoss:  0.20176
 MAP NN | TrAcc: 0.9752 | VaAcc: 0.9463 | TeAcc: 0.9653
 S NN | TrAcc: 0.9736 | VaAcc: 0.9443 | TeAcc: 0.9634

248,  0 | TrAcc: 0.9744, TrLoss:  0.09372, VaAcc: 0.9487, VaLoss:  0.20600
 MAP NN | TrAcc: 0.9750 | VaAcc: 0.9497 | TeAcc: 0.9668
 S NN | TrAcc: 0.9753 | VaAcc: 0.9517 | TeAcc: 0.9658

249,  0 | TrAcc: 0.9766, TrLoss:  0.09372, VaAcc: 0.9434, VaLoss:  0.20608
 MAP NN | TrAcc: 0.9756 | VaAcc: 0.9458 | TeAcc: 0.9692
 S NN | TrAcc: 0.9673 | VaAcc: 0.9487 | TeAcc: 0.9673

250,  0 | TrAcc: 0.9728, TrLoss:  0.09986, VaAcc: 0.9507, VaLoss:  0.19636
 MAP NN | TrAcc: 0.9706 | VaAcc: 0.9453 | TeAcc: 0.9653
 S NN | TrAcc: 0.9695 | VaAcc: 0.9463 | TeAcc: 0.9644

251,  0 | TrAcc: 0.9763, TrLoss:  0.09172, VaAcc: 0.9492, VaLoss:  0.20608
 MAP NN | TrAcc: 0.9756 | VaAcc: 0.9448 | TeAcc: 0.9702
 S NN | TrAcc: 0.9711 | VaAcc: 0.9458 | TeAcc: 0.9668

252,  0 | TrAcc: 0.9763, TrLoss:  0.09037, VaAcc: 0.9424, VaLoss:  0.20713
 MAP NN | TrAcc: 0.9750 | VaAcc: 0.9478 | TeAcc: 0.9653
 S NN | TrAcc: 0.9725 | VaAcc: 0.9448 | TeAcc: 0.9668

253,  0 | TrAcc: 0.9751, TrLoss:  0.09610, VaAcc: 0.9478, VaLoss:  0.19834
 MAP NN | TrAcc: 0.9744 | VaAcc: 0.9458 | TeAcc: 0.9692
 S NN | TrAcc: 0.9736 | VaAcc: 0.9463 | TeAcc: 0.9692

254,  0 | TrAcc: 0.9740, TrLoss:  0.09701, VaAcc: 0.9453, VaLoss:  0.20488
 MAP NN | TrAcc: 0.9744 | VaAcc: 0.9458 | TeAcc: 0.9663
 S NN | TrAcc: 0.9749 | VaAcc: 0.9497 | TeAcc: 0.9658

255,  0 | TrAcc: 0.9760, TrLoss:  0.09078, VaAcc: 0.9463, VaLoss:  0.19880
 MAP NN | TrAcc: 0.9757 | VaAcc: 0.9478 | TeAcc: 0.9673
 S NN | TrAcc: 0.9739 | VaAcc: 0.9468 | TeAcc: 0.9683

256,  0 | TrAcc: 0.9751, TrLoss:  0.09083, VaAcc: 0.9434, VaLoss:  0.20596
 MAP NN | TrAcc: 0.9761 | VaAcc: 0.9473 | TeAcc: 0.9683
 S NN | TrAcc: 0.9735 | VaAcc: 0.9478 | TeAcc: 0.9663

257,  0 | TrAcc: 0.9731, TrLoss:  0.09933, VaAcc: 0.9478, VaLoss:  0.18935
 MAP NN | TrAcc: 0.9749 | VaAcc: 0.9463 | TeAcc: 0.9648
 S NN | TrAcc: 0.9689 | VaAcc: 0.9404 | TeAcc: 0.9634

258,  0 | TrAcc: 0.9730, TrLoss:  0.09525, VaAcc: 0.9424, VaLoss:  0.21689
 MAP NN | TrAcc: 0.9744 | VaAcc: 0.9443 | TeAcc: 0.9673
 S NN | TrAcc: 0.9685 | VaAcc: 0.9438 | TeAcc: 0.9658

259,  0 | TrAcc: 0.9750, TrLoss:  0.09185, VaAcc: 0.9517, VaLoss:  0.19437
 MAP NN | TrAcc: 0.9749 | VaAcc: 0.9453 | TeAcc: 0.9702
 S NN | TrAcc: 0.9705 | VaAcc: 0.9458 | TeAcc: 0.9639

260,  0 | TrAcc: 0.9756, TrLoss:  0.09174, VaAcc: 0.9463, VaLoss:  0.19160
 MAP NN | TrAcc: 0.9758 | VaAcc: 0.9482 | TeAcc: 0.9653
 S NN | TrAcc: 0.9731 | VaAcc: 0.9448 | TeAcc: 0.9629

261,  0 | TrAcc: 0.9751, TrLoss:  0.09310, VaAcc: 0.9458, VaLoss:  0.20470
 MAP NN | TrAcc: 0.9755 | VaAcc: 0.9429 | TeAcc: 0.9653
 S NN | TrAcc: 0.9763 | VaAcc: 0.9380 | TeAcc: 0.9644

262,  0 | TrAcc: 0.9717, TrLoss:  0.09664, VaAcc: 0.9409, VaLoss:  0.21269
 MAP NN | TrAcc: 0.9719 | VaAcc: 0.9434 | TeAcc: 0.9683
 S NN | TrAcc: 0.9728 | VaAcc: 0.9443 | TeAcc: 0.9668

263,  0 | TrAcc: 0.9760, TrLoss:  0.09017, VaAcc: 0.9463, VaLoss:  0.20398
 MAP NN | TrAcc: 0.9738 | VaAcc: 0.9487 | TeAcc: 0.9668
 S NN | TrAcc: 0.9731 | VaAcc: 0.9438 | TeAcc: 0.9692

264,  0 | TrAcc: 0.9764, TrLoss:  0.08818, VaAcc: 0.9492, VaLoss:  0.20523
 MAP NN | TrAcc: 0.9771 | VaAcc: 0.9473 | TeAcc: 0.9702
 S NN | TrAcc: 0.9741 | VaAcc: 0.9463 | TeAcc: 0.9644

265,  0 | TrAcc: 0.9779, TrLoss:  0.08744, VaAcc: 0.9458, VaLoss:  0.20801
 MAP NN | TrAcc: 0.9750 | VaAcc: 0.9507 | TeAcc: 0.9692
 S NN | TrAcc: 0.9747 | VaAcc: 0.9482 | TeAcc: 0.9653

266,  0 | TrAcc: 0.9755, TrLoss:  0.08981, VaAcc: 0.9482, VaLoss:  0.19894
 MAP NN | TrAcc: 0.9739 | VaAcc: 0.9497 | TeAcc: 0.9697
 S NN | TrAcc: 0.9736 | VaAcc: 0.9507 | TeAcc: 0.9668

267,  0 | TrAcc: 0.9761, TrLoss:  0.08486, VaAcc: 0.9512, VaLoss:  0.19398
 MAP NN | TrAcc: 0.9766 | VaAcc: 0.9502 | TeAcc: 0.9697
 S NN | TrAcc: 0.9752 | VaAcc: 0.9443 | TeAcc: 0.9697

268,  0 | TrAcc: 0.9771, TrLoss:  0.08616, VaAcc: 0.9463, VaLoss:  0.19505
 MAP NN | TrAcc: 0.9790 | VaAcc: 0.9453 | TeAcc: 0.9673
 S NN | TrAcc: 0.9749 | VaAcc: 0.9404 | TeAcc: 0.9644

269,  0 | TrAcc: 0.9749, TrLoss:  0.08914, VaAcc: 0.9473, VaLoss:  0.19938
 MAP NN | TrAcc: 0.9749 | VaAcc: 0.9458 | TeAcc: 0.9663
 S NN | TrAcc: 0.9742 | VaAcc: 0.9492 | TeAcc: 0.9653

270,  0 | TrAcc: 0.9735, TrLoss:  0.09404, VaAcc: 0.9395, VaLoss:  0.21783
 MAP NN | TrAcc: 0.9738 | VaAcc: 0.9438 | TeAcc: 0.9629
 S NN | TrAcc: 0.9719 | VaAcc: 0.9448 | TeAcc: 0.9653

271,  0 | TrAcc: 0.9772, TrLoss:  0.08481, VaAcc: 0.9473, VaLoss:  0.19253
 MAP NN | TrAcc: 0.9789 | VaAcc: 0.9473 | TeAcc: 0.9673
 S NN | TrAcc: 0.9758 | VaAcc: 0.9473 | TeAcc: 0.9668

272,  0 | TrAcc: 0.9764, TrLoss:  0.08450, VaAcc: 0.9482, VaLoss:  0.20282
 MAP NN | TrAcc: 0.9769 | VaAcc: 0.9492 | TeAcc: 0.9688
 S NN | TrAcc: 0.9777 | VaAcc: 0.9487 | TeAcc: 0.9668

273,  0 | TrAcc: 0.9779, TrLoss:  0.08399, VaAcc: 0.9482, VaLoss:  0.19925
 MAP NN | TrAcc: 0.9773 | VaAcc: 0.9517 | TeAcc: 0.9697
 S NN | TrAcc: 0.9755 | VaAcc: 0.9424 | TeAcc: 0.9717

274,  0 | TrAcc: 0.9758, TrLoss:  0.08669, VaAcc: 0.9497, VaLoss:  0.20420
 MAP NN | TrAcc: 0.9773 | VaAcc: 0.9517 | TeAcc: 0.9678
 S NN | TrAcc: 0.9753 | VaAcc: 0.9468 | TeAcc: 0.9658

275,  0 | TrAcc: 0.9805, TrLoss:  0.08360, VaAcc: 0.9482, VaLoss:  0.20032
 MAP NN | TrAcc: 0.9784 | VaAcc: 0.9448 | TeAcc: 0.9658
 S NN | TrAcc: 0.9762 | VaAcc: 0.9438 | TeAcc: 0.9644

276,  0 | TrAcc: 0.9766, TrLoss:  0.08698, VaAcc: 0.9497, VaLoss:  0.20087
 MAP NN | TrAcc: 0.9769 | VaAcc: 0.9482 | TeAcc: 0.9707
 S NN | TrAcc: 0.9740 | VaAcc: 0.9473 | TeAcc: 0.9678

277,  0 | TrAcc: 0.9769, TrLoss:  0.08416, VaAcc: 0.9448, VaLoss:  0.20193
 MAP NN | TrAcc: 0.9791 | VaAcc: 0.9463 | TeAcc: 0.9663
 S NN | TrAcc: 0.9766 | VaAcc: 0.9468 | TeAcc: 0.9678

278,  0 | TrAcc: 0.9778, TrLoss:  0.08396, VaAcc: 0.9507, VaLoss:  0.20339
 MAP NN | TrAcc: 0.9778 | VaAcc: 0.9473 | TeAcc: 0.9692
 S NN | TrAcc: 0.9788 | VaAcc: 0.9482 | TeAcc: 0.9663

279,  0 | TrAcc: 0.9768, TrLoss:  0.08555, VaAcc: 0.9497, VaLoss:  0.20518
 MAP NN | TrAcc: 0.9768 | VaAcc: 0.9468 | TeAcc: 0.9688
 S NN | TrAcc: 0.9736 | VaAcc: 0.9482 | TeAcc: 0.9653

280,  0 | TrAcc: 0.9761, TrLoss:  0.08895, VaAcc: 0.9487, VaLoss:  0.19678
 MAP NN | TrAcc: 0.9796 | VaAcc: 0.9536 | TeAcc: 0.9697
 S NN | TrAcc: 0.9766 | VaAcc: 0.9453 | TeAcc: 0.9629

281,  0 | TrAcc: 0.9773, TrLoss:  0.08163, VaAcc: 0.9521, VaLoss:  0.19661
 MAP NN | TrAcc: 0.9789 | VaAcc: 0.9463 | TeAcc: 0.9648
 S NN | TrAcc: 0.9783 | VaAcc: 0.9478 | TeAcc: 0.9639

282,  0 | TrAcc: 0.9785, TrLoss:  0.08082, VaAcc: 0.9497, VaLoss:  0.20050
 MAP NN | TrAcc: 0.9771 | VaAcc: 0.9438 | TeAcc: 0.9688
 S NN | TrAcc: 0.9751 | VaAcc: 0.9443 | TeAcc: 0.9697

283,  0 | TrAcc: 0.9794, TrLoss:  0.07811, VaAcc: 0.9468, VaLoss:  0.19631
 MAP NN | TrAcc: 0.9792 | VaAcc: 0.9473 | TeAcc: 0.9688
 S NN | TrAcc: 0.9764 | VaAcc: 0.9443 | TeAcc: 0.9668

284,  0 | TrAcc: 0.9774, TrLoss:  0.08174, VaAcc: 0.9487, VaLoss:  0.20367
 MAP NN | TrAcc: 0.9797 | VaAcc: 0.9517 | TeAcc: 0.9678
 S NN | TrAcc: 0.9781 | VaAcc: 0.9526 | TeAcc: 0.9688

285,  0 | TrAcc: 0.9777, TrLoss:  0.07966, VaAcc: 0.9502, VaLoss:  0.19504
 MAP NN | TrAcc: 0.9794 | VaAcc: 0.9502 | TeAcc: 0.9673
 S NN | TrAcc: 0.9779 | VaAcc: 0.9487 | TeAcc: 0.9634

286,  0 | TrAcc: 0.9724, TrLoss:  0.09362, VaAcc: 0.9473, VaLoss:  0.21494
 MAP NN | TrAcc: 0.9720 | VaAcc: 0.9424 | TeAcc: 0.9648
 S NN | TrAcc: 0.9733 | VaAcc: 0.9395 | TeAcc: 0.9639

287,  0 | TrAcc: 0.9731, TrLoss:  0.09354, VaAcc: 0.9468, VaLoss:  0.20992
 MAP NN | TrAcc: 0.9750 | VaAcc: 0.9453 | TeAcc: 0.9644
 S NN | TrAcc: 0.9697 | VaAcc: 0.9419 | TeAcc: 0.9658

288,  0 | TrAcc: 0.9785, TrLoss:  0.08459, VaAcc: 0.9492, VaLoss:  0.20148
 MAP NN | TrAcc: 0.9775 | VaAcc: 0.9448 | TeAcc: 0.9639
 S NN | TrAcc: 0.9758 | VaAcc: 0.9448 | TeAcc: 0.9624

289,  0 | TrAcc: 0.9788, TrLoss:  0.08126, VaAcc: 0.9458, VaLoss:  0.20821
 MAP NN | TrAcc: 0.9781 | VaAcc: 0.9448 | TeAcc: 0.9678
 S NN | TrAcc: 0.9781 | VaAcc: 0.9385 | TeAcc: 0.9653

290,  0 | TrAcc: 0.9775, TrLoss:  0.08126, VaAcc: 0.9482, VaLoss:  0.19491
 MAP NN | TrAcc: 0.9762 | VaAcc: 0.9458 | TeAcc: 0.9668
 S NN | TrAcc: 0.9741 | VaAcc: 0.9468 | TeAcc: 0.9673

291,  0 | TrAcc: 0.9774, TrLoss:  0.08281, VaAcc: 0.9507, VaLoss:  0.21184
 MAP NN | TrAcc: 0.9767 | VaAcc: 0.9463 | TeAcc: 0.9697
 S NN | TrAcc: 0.9762 | VaAcc: 0.9399 | TeAcc: 0.9683

292,  0 | TrAcc: 0.9760, TrLoss:  0.08603, VaAcc: 0.9448, VaLoss:  0.20714
 MAP NN | TrAcc: 0.9740 | VaAcc: 0.9434 | TeAcc: 0.9663
 S NN | TrAcc: 0.9719 | VaAcc: 0.9438 | TeAcc: 0.9648

293,  0 | TrAcc: 0.9773, TrLoss:  0.08312, VaAcc: 0.9482, VaLoss:  0.19342
 MAP NN | TrAcc: 0.9763 | VaAcc: 0.9482 | TeAcc: 0.9678
 S NN | TrAcc: 0.9736 | VaAcc: 0.9458 | TeAcc: 0.9653

294,  0 | TrAcc: 0.9784, TrLoss:  0.08280, VaAcc: 0.9473, VaLoss:  0.20534
 MAP NN | TrAcc: 0.9779 | VaAcc: 0.9453 | TeAcc: 0.9648
 S NN | TrAcc: 0.9766 | VaAcc: 0.9438 | TeAcc: 0.9648

295,  0 | TrAcc: 0.9768, TrLoss:  0.08539, VaAcc: 0.9468, VaLoss:  0.21436
 MAP NN | TrAcc: 0.9774 | VaAcc: 0.9487 | TeAcc: 0.9678
 S NN | TrAcc: 0.9738 | VaAcc: 0.9487 | TeAcc: 0.9663

296,  0 | TrAcc: 0.9786, TrLoss:  0.08232, VaAcc: 0.9497, VaLoss:  0.20260
 MAP NN | TrAcc: 0.9791 | VaAcc: 0.9517 | TeAcc: 0.9668
 S NN | TrAcc: 0.9757 | VaAcc: 0.9487 | TeAcc: 0.9614

297,  0 | TrAcc: 0.9795, TrLoss:  0.07782, VaAcc: 0.9448, VaLoss:  0.20869
 MAP NN | TrAcc: 0.9785 | VaAcc: 0.9448 | TeAcc: 0.9653
 S NN | TrAcc: 0.9751 | VaAcc: 0.9482 | TeAcc: 0.9619

298,  0 | TrAcc: 0.9810, TrLoss:  0.07621, VaAcc: 0.9473, VaLoss:  0.20248
 MAP NN | TrAcc: 0.9813 | VaAcc: 0.9521 | TeAcc: 0.9688
 S NN | TrAcc: 0.9775 | VaAcc: 0.9536 | TeAcc: 0.9663

299,  0 | TrAcc: 0.9728, TrLoss:  0.09411, VaAcc: 0.9424, VaLoss:  0.22130
 MAP NN | TrAcc: 0.9745 | VaAcc: 0.9473 | TeAcc: 0.9653
 S NN | TrAcc: 0.9728 | VaAcc: 0.9429 | TeAcc: 0.9629

300,  0 | TrAcc: 0.9771, TrLoss:  0.08131, VaAcc: 0.9463, VaLoss:  0.21179
 MAP NN | TrAcc: 0.9789 | VaAcc: 0.9478 | TeAcc: 0.9697
 S NN | TrAcc: 0.9778 | VaAcc: 0.9443 | TeAcc: 0.9683

301,  0 | TrAcc: 0.9808, TrLoss:  0.07281, VaAcc: 0.9497, VaLoss:  0.19918
 MAP NN | TrAcc: 0.9802 | VaAcc: 0.9482 | TeAcc: 0.9707
 S NN | TrAcc: 0.9795 | VaAcc: 0.9478 | TeAcc: 0.9658

302,  0 | TrAcc: 0.9794, TrLoss:  0.08032, VaAcc: 0.9526, VaLoss:  0.19088
 MAP NN | TrAcc: 0.9799 | VaAcc: 0.9502 | TeAcc: 0.9697
 S NN | TrAcc: 0.9771 | VaAcc: 0.9458 | TeAcc: 0.9678

303,  0 | TrAcc: 0.9788, TrLoss:  0.08192, VaAcc: 0.9497, VaLoss:  0.20440
 MAP NN | TrAcc: 0.9788 | VaAcc: 0.9526 | TeAcc: 0.9678
 S NN | TrAcc: 0.9739 | VaAcc: 0.9512 | TeAcc: 0.9673

304,  0 | TrAcc: 0.9749, TrLoss:  0.08762, VaAcc: 0.9453, VaLoss:  0.20736
 MAP NN | TrAcc: 0.9771 | VaAcc: 0.9429 | TeAcc: 0.9648
 S NN | TrAcc: 0.9761 | VaAcc: 0.9414 | TeAcc: 0.9668

305,  0 | TrAcc: 0.9799, TrLoss:  0.07923, VaAcc: 0.9512, VaLoss:  0.20552
 MAP NN | TrAcc: 0.9789 | VaAcc: 0.9463 | TeAcc: 0.9663
 S NN | TrAcc: 0.9741 | VaAcc: 0.9438 | TeAcc: 0.9653

306,  0 | TrAcc: 0.9771, TrLoss:  0.08235, VaAcc: 0.9492, VaLoss:  0.20165
 MAP NN | TrAcc: 0.9753 | VaAcc: 0.9492 | TeAcc: 0.9653
 S NN | TrAcc: 0.9722 | VaAcc: 0.9502 | TeAcc: 0.9629

307,  0 | TrAcc: 0.9805, TrLoss:  0.07566, VaAcc: 0.9468, VaLoss:  0.20641
 MAP NN | TrAcc: 0.9807 | VaAcc: 0.9502 | TeAcc: 0.9668
 S NN | TrAcc: 0.9779 | VaAcc: 0.9482 | TeAcc: 0.9683

308,  0 | TrAcc: 0.9790, TrLoss:  0.07744, VaAcc: 0.9497, VaLoss:  0.19874
 MAP NN | TrAcc: 0.9784 | VaAcc: 0.9507 | TeAcc: 0.9683
 S NN | TrAcc: 0.9758 | VaAcc: 0.9443 | TeAcc: 0.9668

309,  0 | TrAcc: 0.9813, TrLoss:  0.07511, VaAcc: 0.9502, VaLoss:  0.19997
 MAP NN | TrAcc: 0.9800 | VaAcc: 0.9482 | TeAcc: 0.9688
 S NN | TrAcc: 0.9772 | VaAcc: 0.9492 | TeAcc: 0.9644

310,  0 | TrAcc: 0.9763, TrLoss:  0.08619, VaAcc: 0.9487, VaLoss:  0.20183
 MAP NN | TrAcc: 0.9752 | VaAcc: 0.9487 | TeAcc: 0.9658
 S NN | TrAcc: 0.9753 | VaAcc: 0.9487 | TeAcc: 0.9653

311,  0 | TrAcc: 0.9799, TrLoss:  0.07697, VaAcc: 0.9463, VaLoss:  0.20921
 MAP NN | TrAcc: 0.9781 | VaAcc: 0.9463 | TeAcc: 0.9668
 S NN | TrAcc: 0.9767 | VaAcc: 0.9443 | TeAcc: 0.9624

312,  0 | TrAcc: 0.9795, TrLoss:  0.07727, VaAcc: 0.9502, VaLoss:  0.18762
 MAP NN | TrAcc: 0.9784 | VaAcc: 0.9482 | TeAcc: 0.9658
 S NN | TrAcc: 0.9783 | VaAcc: 0.9453 | TeAcc: 0.9678

313,  0 | TrAcc: 0.9763, TrLoss:  0.08657, VaAcc: 0.9458, VaLoss:  0.20649
 MAP NN | TrAcc: 0.9766 | VaAcc: 0.9458 | TeAcc: 0.9619
 S NN | TrAcc: 0.9735 | VaAcc: 0.9453 | TeAcc: 0.9634

314,  0 | TrAcc: 0.9790, TrLoss:  0.08156, VaAcc: 0.9453, VaLoss:  0.20613
 MAP NN | TrAcc: 0.9758 | VaAcc: 0.9458 | TeAcc: 0.9653
 S NN | TrAcc: 0.9764 | VaAcc: 0.9473 | TeAcc: 0.9692

315,  0 | TrAcc: 0.9807, TrLoss:  0.07443, VaAcc: 0.9478, VaLoss:  0.19379
 MAP NN | TrAcc: 0.9825 | VaAcc: 0.9478 | TeAcc: 0.9683
 S NN | TrAcc: 0.9786 | VaAcc: 0.9507 | TeAcc: 0.9692

316,  0 | TrAcc: 0.9812, TrLoss:  0.07435, VaAcc: 0.9473, VaLoss:  0.19895
 MAP NN | TrAcc: 0.9810 | VaAcc: 0.9497 | TeAcc: 0.9668
 S NN | TrAcc: 0.9807 | VaAcc: 0.9487 | TeAcc: 0.9683

317,  0 | TrAcc: 0.9817, TrLoss:  0.07335, VaAcc: 0.9521, VaLoss:  0.19592
 MAP NN | TrAcc: 0.9808 | VaAcc: 0.9512 | TeAcc: 0.9663
 S NN | TrAcc: 0.9769 | VaAcc: 0.9482 | TeAcc: 0.9639

318,  0 | TrAcc: 0.9818, TrLoss:  0.07422, VaAcc: 0.9478, VaLoss:  0.19752
 MAP NN | TrAcc: 0.9785 | VaAcc: 0.9482 | TeAcc: 0.9644
 S NN | TrAcc: 0.9756 | VaAcc: 0.9458 | TeAcc: 0.9644

319,  0 | TrAcc: 0.9813, TrLoss:  0.07093, VaAcc: 0.9478, VaLoss:  0.19524
 MAP NN | TrAcc: 0.9806 | VaAcc: 0.9502 | TeAcc: 0.9673
 S NN | TrAcc: 0.9795 | VaAcc: 0.9507 | TeAcc: 0.9634

320,  0 | TrAcc: 0.9805, TrLoss:  0.07618, VaAcc: 0.9507, VaLoss:  0.19989
 MAP NN | TrAcc: 0.9802 | VaAcc: 0.9473 | TeAcc: 0.9688
 S NN | TrAcc: 0.9784 | VaAcc: 0.9487 | TeAcc: 0.9727

321,  0 | TrAcc: 0.9791, TrLoss:  0.07928, VaAcc: 0.9487, VaLoss:  0.20060
 MAP NN | TrAcc: 0.9821 | VaAcc: 0.9468 | TeAcc: 0.9712
 S NN | TrAcc: 0.9799 | VaAcc: 0.9448 | TeAcc: 0.9692

322,  0 | TrAcc: 0.9808, TrLoss:  0.07157, VaAcc: 0.9492, VaLoss:  0.19934
 MAP NN | TrAcc: 0.9828 | VaAcc: 0.9482 | TeAcc: 0.9702
 S NN | TrAcc: 0.9824 | VaAcc: 0.9502 | TeAcc: 0.9673

323,  0 | TrAcc: 0.9786, TrLoss:  0.07895, VaAcc: 0.9438, VaLoss:  0.21866
 MAP NN | TrAcc: 0.9768 | VaAcc: 0.9438 | TeAcc: 0.9663
 S NN | TrAcc: 0.9762 | VaAcc: 0.9414 | TeAcc: 0.9609

324,  0 | TrAcc: 0.9805, TrLoss:  0.07773, VaAcc: 0.9458, VaLoss:  0.20428
 MAP NN | TrAcc: 0.9799 | VaAcc: 0.9443 | TeAcc: 0.9683
 S NN | TrAcc: 0.9790 | VaAcc: 0.9419 | TeAcc: 0.9663

325,  0 | TrAcc: 0.9812, TrLoss:  0.07199, VaAcc: 0.9487, VaLoss:  0.19439
 MAP NN | TrAcc: 0.9814 | VaAcc: 0.9458 | TeAcc: 0.9658
 S NN | TrAcc: 0.9791 | VaAcc: 0.9502 | TeAcc: 0.9668

326,  0 | TrAcc: 0.9827, TrLoss:  0.06985, VaAcc: 0.9458, VaLoss:  0.20833
 MAP NN | TrAcc: 0.9834 | VaAcc: 0.9463 | TeAcc: 0.9697
 S NN | TrAcc: 0.9811 | VaAcc: 0.9497 | TeAcc: 0.9683

327,  0 | TrAcc: 0.9811, TrLoss:  0.07368, VaAcc: 0.9448, VaLoss:  0.21224
 MAP NN | TrAcc: 0.9791 | VaAcc: 0.9429 | TeAcc: 0.9663
 S NN | TrAcc: 0.9769 | VaAcc: 0.9424 | TeAcc: 0.9663

328,  0 | TrAcc: 0.9792, TrLoss:  0.07545, VaAcc: 0.9473, VaLoss:  0.20185
 MAP NN | TrAcc: 0.9802 | VaAcc: 0.9487 | TeAcc: 0.9644
 S NN | TrAcc: 0.9785 | VaAcc: 0.9482 | TeAcc: 0.9658

329,  0 | TrAcc: 0.9811, TrLoss:  0.07584, VaAcc: 0.9468, VaLoss:  0.19641
 MAP NN | TrAcc: 0.9818 | VaAcc: 0.9502 | TeAcc: 0.9707
 S NN | TrAcc: 0.9785 | VaAcc: 0.9443 | TeAcc: 0.9668

330,  0 | TrAcc: 0.9817, TrLoss:  0.07229, VaAcc: 0.9453, VaLoss:  0.19788
 MAP NN | TrAcc: 0.9813 | VaAcc: 0.9473 | TeAcc: 0.9673
 S NN | TrAcc: 0.9768 | VaAcc: 0.9429 | TeAcc: 0.9658

331,  0 | TrAcc: 0.9805, TrLoss:  0.07461, VaAcc: 0.9487, VaLoss:  0.19987
 MAP NN | TrAcc: 0.9794 | VaAcc: 0.9438 | TeAcc: 0.9668
 S NN | TrAcc: 0.9772 | VaAcc: 0.9468 | TeAcc: 0.9653

332,  0 | TrAcc: 0.9810, TrLoss:  0.07399, VaAcc: 0.9448, VaLoss:  0.20852
 MAP NN | TrAcc: 0.9779 | VaAcc: 0.9438 | TeAcc: 0.9648
 S NN | TrAcc: 0.9780 | VaAcc: 0.9443 | TeAcc: 0.9668

333,  0 | TrAcc: 0.9795, TrLoss:  0.07740, VaAcc: 0.9468, VaLoss:  0.19943
 MAP NN | TrAcc: 0.9818 | VaAcc: 0.9482 | TeAcc: 0.9697
 S NN | TrAcc: 0.9807 | VaAcc: 0.9434 | TeAcc: 0.9697

334,  0 | TrAcc: 0.9785, TrLoss:  0.08005, VaAcc: 0.9478, VaLoss:  0.20297
 MAP NN | TrAcc: 0.9794 | VaAcc: 0.9463 | TeAcc: 0.9683
 S NN | TrAcc: 0.9783 | VaAcc: 0.9478 | TeAcc: 0.9683

335,  0 | TrAcc: 0.9789, TrLoss:  0.07768, VaAcc: 0.9453, VaLoss:  0.21093
 MAP NN | TrAcc: 0.9800 | VaAcc: 0.9443 | TeAcc: 0.9648
 S NN | TrAcc: 0.9784 | VaAcc: 0.9419 | TeAcc: 0.9644

336,  0 | TrAcc: 0.9768, TrLoss:  0.08262, VaAcc: 0.9395, VaLoss:  0.23353
 MAP NN | TrAcc: 0.9756 | VaAcc: 0.9380 | TeAcc: 0.9663
 S NN | TrAcc: 0.9740 | VaAcc: 0.9390 | TeAcc: 0.9639

337,  0 | TrAcc: 0.9797, TrLoss:  0.07828, VaAcc: 0.9473, VaLoss:  0.21071
 MAP NN | TrAcc: 0.9783 | VaAcc: 0.9463 | TeAcc: 0.9673
 S NN | TrAcc: 0.9796 | VaAcc: 0.9434 | TeAcc: 0.9692

338,  0 | TrAcc: 0.9766, TrLoss:  0.07881, VaAcc: 0.9434, VaLoss:  0.20769
 MAP NN | TrAcc: 0.9774 | VaAcc: 0.9458 | TeAcc: 0.9639
 S NN | TrAcc: 0.9727 | VaAcc: 0.9438 | TeAcc: 0.9624

339,  0 | TrAcc: 0.9795, TrLoss:  0.07400, VaAcc: 0.9453, VaLoss:  0.21124
 MAP NN | TrAcc: 0.9795 | VaAcc: 0.9448 | TeAcc: 0.9697
 S NN | TrAcc: 0.9761 | VaAcc: 0.9434 | TeAcc: 0.9653

340,  0 | TrAcc: 0.9760, TrLoss:  0.08645, VaAcc: 0.9468, VaLoss:  0.21538
 MAP NN | TrAcc: 0.9739 | VaAcc: 0.9414 | TeAcc: 0.9648
 S NN | TrAcc: 0.9728 | VaAcc: 0.9404 | TeAcc: 0.9648

341,  0 | TrAcc: 0.9789, TrLoss:  0.07538, VaAcc: 0.9487, VaLoss:  0.19648
 MAP NN | TrAcc: 0.9797 | VaAcc: 0.9448 | TeAcc: 0.9673
 S NN | TrAcc: 0.9767 | VaAcc: 0.9482 | TeAcc: 0.9653

342,  0 | TrAcc: 0.9811, TrLoss:  0.07395, VaAcc: 0.9409, VaLoss:  0.21352
 MAP NN | TrAcc: 0.9805 | VaAcc: 0.9453 | TeAcc: 0.9653
 S NN | TrAcc: 0.9761 | VaAcc: 0.9424 | TeAcc: 0.9629

343,  0 | TrAcc: 0.9813, TrLoss:  0.07321, VaAcc: 0.9463, VaLoss:  0.21255
 MAP NN | TrAcc: 0.9802 | VaAcc: 0.9502 | TeAcc: 0.9648
 S NN | TrAcc: 0.9796 | VaAcc: 0.9487 | TeAcc: 0.9648

344,  0 | TrAcc: 0.9781, TrLoss:  0.07680, VaAcc: 0.9429, VaLoss:  0.20377
 MAP NN | TrAcc: 0.9779 | VaAcc: 0.9468 | TeAcc: 0.9663
 S NN | TrAcc: 0.9780 | VaAcc: 0.9482 | TeAcc: 0.9688

345,  0 | TrAcc: 0.9790, TrLoss:  0.07184, VaAcc: 0.9458, VaLoss:  0.21241
 MAP NN | TrAcc: 0.9796 | VaAcc: 0.9448 | TeAcc: 0.9668
 S NN | TrAcc: 0.9749 | VaAcc: 0.9434 | TeAcc: 0.9673

346,  0 | TrAcc: 0.9799, TrLoss:  0.07342, VaAcc: 0.9512, VaLoss:  0.18893
 MAP NN | TrAcc: 0.9818 | VaAcc: 0.9512 | TeAcc: 0.9658
 S NN | TrAcc: 0.9789 | VaAcc: 0.9487 | TeAcc: 0.9668

347,  0 | TrAcc: 0.9801, TrLoss:  0.07154, VaAcc: 0.9453, VaLoss:  0.21295
 MAP NN | TrAcc: 0.9800 | VaAcc: 0.9443 | TeAcc: 0.9688
 S NN | TrAcc: 0.9784 | VaAcc: 0.9443 | TeAcc: 0.9688

348,  0 | TrAcc: 0.9829, TrLoss:  0.06497, VaAcc: 0.9517, VaLoss:  0.20000
 MAP NN | TrAcc: 0.9823 | VaAcc: 0.9458 | TeAcc: 0.9712
 S NN | TrAcc: 0.9803 | VaAcc: 0.9473 | TeAcc: 0.9673

349,  0 | TrAcc: 0.9823, TrLoss:  0.06699, VaAcc: 0.9502, VaLoss:  0.19488
 MAP NN | TrAcc: 0.9827 | VaAcc: 0.9438 | TeAcc: 0.9697
 S NN | TrAcc: 0.9828 | VaAcc: 0.9438 | TeAcc: 0.9697

350,  0 | TrAcc: 0.9801, TrLoss:  0.07031, VaAcc: 0.9487, VaLoss:  0.20043
 MAP NN | TrAcc: 0.9827 | VaAcc: 0.9512 | TeAcc: 0.9692
 S NN | TrAcc: 0.9817 | VaAcc: 0.9482 | TeAcc: 0.9697

351,  0 | TrAcc: 0.9832, TrLoss:  0.06715, VaAcc: 0.9487, VaLoss:  0.20420
 MAP NN | TrAcc: 0.9840 | VaAcc: 0.9468 | TeAcc: 0.9668
 S NN | TrAcc: 0.9781 | VaAcc: 0.9448 | TeAcc: 0.9663

352,  0 | TrAcc: 0.9828, TrLoss:  0.06826, VaAcc: 0.9482, VaLoss:  0.20301
 MAP NN | TrAcc: 0.9833 | VaAcc: 0.9482 | TeAcc: 0.9707
 S NN | TrAcc: 0.9817 | VaAcc: 0.9448 | TeAcc: 0.9697

353,  0 | TrAcc: 0.9828, TrLoss:  0.06798, VaAcc: 0.9473, VaLoss:  0.19898
 MAP NN | TrAcc: 0.9828 | VaAcc: 0.9443 | TeAcc: 0.9673
 S NN | TrAcc: 0.9799 | VaAcc: 0.9463 | TeAcc: 0.9644

354,  0 | TrAcc: 0.9824, TrLoss:  0.06419, VaAcc: 0.9478, VaLoss:  0.20555
 MAP NN | TrAcc: 0.9834 | VaAcc: 0.9473 | TeAcc: 0.9668
 S NN | TrAcc: 0.9818 | VaAcc: 0.9448 | TeAcc: 0.9668

355,  0 | TrAcc: 0.9849, TrLoss:  0.06268, VaAcc: 0.9468, VaLoss:  0.20147
 MAP NN | TrAcc: 0.9849 | VaAcc: 0.9448 | TeAcc: 0.9697
 S NN | TrAcc: 0.9821 | VaAcc: 0.9473 | TeAcc: 0.9692

356,  0 | TrAcc: 0.9850, TrLoss:  0.06266, VaAcc: 0.9453, VaLoss:  0.20460
 MAP NN | TrAcc: 0.9846 | VaAcc: 0.9487 | TeAcc: 0.9702
 S NN | TrAcc: 0.9819 | VaAcc: 0.9453 | TeAcc: 0.9663

357,  0 | TrAcc: 0.9834, TrLoss:  0.06418, VaAcc: 0.9487, VaLoss:  0.19865
 MAP NN | TrAcc: 0.9830 | VaAcc: 0.9502 | TeAcc: 0.9692
 S NN | TrAcc: 0.9819 | VaAcc: 0.9507 | TeAcc: 0.9688

358,  0 | TrAcc: 0.9844, TrLoss:  0.06255, VaAcc: 0.9497, VaLoss:  0.20540
 MAP NN | TrAcc: 0.9834 | VaAcc: 0.9453 | TeAcc: 0.9712
 S NN | TrAcc: 0.9823 | VaAcc: 0.9438 | TeAcc: 0.9668

359,  0 | TrAcc: 0.9824, TrLoss:  0.06818, VaAcc: 0.9478, VaLoss:  0.19717
 MAP NN | TrAcc: 0.9821 | VaAcc: 0.9458 | TeAcc: 0.9692
 S NN | TrAcc: 0.9803 | VaAcc: 0.9473 | TeAcc: 0.9688

360,  0 | TrAcc: 0.9830, TrLoss:  0.06538, VaAcc: 0.9487, VaLoss:  0.21050
 MAP NN | TrAcc: 0.9819 | VaAcc: 0.9492 | TeAcc: 0.9707
 S NN | TrAcc: 0.9800 | VaAcc: 0.9453 | TeAcc: 0.9712

361,  0 | TrAcc: 0.9828, TrLoss:  0.06612, VaAcc: 0.9497, VaLoss:  0.19784
 MAP NN | TrAcc: 0.9840 | VaAcc: 0.9478 | TeAcc: 0.9663
 S NN | TrAcc: 0.9829 | VaAcc: 0.9463 | TeAcc: 0.9648

362,  0 | TrAcc: 0.9774, TrLoss:  0.07966, VaAcc: 0.9443, VaLoss:  0.22191
 MAP NN | TrAcc: 0.9771 | VaAcc: 0.9463 | TeAcc: 0.9668
 S NN | TrAcc: 0.9768 | VaAcc: 0.9448 | TeAcc: 0.9658

363,  0 | TrAcc: 0.9812, TrLoss:  0.07020, VaAcc: 0.9458, VaLoss:  0.20044
 MAP NN | TrAcc: 0.9828 | VaAcc: 0.9492 | TeAcc: 0.9707
 S NN | TrAcc: 0.9791 | VaAcc: 0.9497 | TeAcc: 0.9692

364,  0 | TrAcc: 0.9839, TrLoss:  0.06829, VaAcc: 0.9492, VaLoss:  0.19134
 MAP NN | TrAcc: 0.9840 | VaAcc: 0.9507 | TeAcc: 0.9692
 S NN | TrAcc: 0.9818 | VaAcc: 0.9487 | TeAcc: 0.9692

365,  0 | TrAcc: 0.9823, TrLoss:  0.06903, VaAcc: 0.9507, VaLoss:  0.19388
 MAP NN | TrAcc: 0.9818 | VaAcc: 0.9463 | TeAcc: 0.9688
 S NN | TrAcc: 0.9791 | VaAcc: 0.9463 | TeAcc: 0.9688

366,  0 | TrAcc: 0.9808, TrLoss:  0.06854, VaAcc: 0.9517, VaLoss:  0.19504
 MAP NN | TrAcc: 0.9822 | VaAcc: 0.9497 | TeAcc: 0.9668
 S NN | TrAcc: 0.9788 | VaAcc: 0.9492 | TeAcc: 0.9653

367,  0 | TrAcc: 0.9854, TrLoss:  0.06130, VaAcc: 0.9512, VaLoss:  0.19440
 MAP NN | TrAcc: 0.9839 | VaAcc: 0.9463 | TeAcc: 0.9668
 S NN | TrAcc: 0.9835 | VaAcc: 0.9487 | TeAcc: 0.9663

368,  0 | TrAcc: 0.9833, TrLoss:  0.06415, VaAcc: 0.9458, VaLoss:  0.20379
 MAP NN | TrAcc: 0.9845 | VaAcc: 0.9463 | TeAcc: 0.9644
 S NN | TrAcc: 0.9803 | VaAcc: 0.9487 | TeAcc: 0.9653

369,  0 | TrAcc: 0.9812, TrLoss:  0.06730, VaAcc: 0.9482, VaLoss:  0.20269
 MAP NN | TrAcc: 0.9816 | VaAcc: 0.9463 | TeAcc: 0.9688
 S NN | TrAcc: 0.9802 | VaAcc: 0.9463 | TeAcc: 0.9673

370,  0 | TrAcc: 0.9835, TrLoss:  0.06675, VaAcc: 0.9463, VaLoss:  0.20787
 MAP NN | TrAcc: 0.9822 | VaAcc: 0.9463 | TeAcc: 0.9644
 S NN | TrAcc: 0.9773 | VaAcc: 0.9473 | TeAcc: 0.9653

371,  0 | TrAcc: 0.9819, TrLoss:  0.06739, VaAcc: 0.9497, VaLoss:  0.20181
 MAP NN | TrAcc: 0.9822 | VaAcc: 0.9487 | TeAcc: 0.9668
 S NN | TrAcc: 0.9799 | VaAcc: 0.9429 | TeAcc: 0.9707

372,  0 | TrAcc: 0.9835, TrLoss:  0.06413, VaAcc: 0.9497, VaLoss:  0.19715
 MAP NN | TrAcc: 0.9811 | VaAcc: 0.9482 | TeAcc: 0.9673
 S NN | TrAcc: 0.9816 | VaAcc: 0.9463 | TeAcc: 0.9678

373,  0 | TrAcc: 0.9851, TrLoss:  0.06140, VaAcc: 0.9458, VaLoss:  0.20203
 MAP NN | TrAcc: 0.9850 | VaAcc: 0.9468 | TeAcc: 0.9673
 S NN | TrAcc: 0.9843 | VaAcc: 0.9473 | TeAcc: 0.9644

374,  0 | TrAcc: 0.9799, TrLoss:  0.07039, VaAcc: 0.9468, VaLoss:  0.20804
 MAP NN | TrAcc: 0.9818 | VaAcc: 0.9487 | TeAcc: 0.9658
 S NN | TrAcc: 0.9784 | VaAcc: 0.9482 | TeAcc: 0.9644

375,  0 | TrAcc: 0.9840, TrLoss:  0.06340, VaAcc: 0.9487, VaLoss:  0.19314
 MAP NN | TrAcc: 0.9823 | VaAcc: 0.9507 | TeAcc: 0.9678
 S NN | TrAcc: 0.9814 | VaAcc: 0.9473 | TeAcc: 0.9678

376,  0 | TrAcc: 0.9832, TrLoss:  0.06519, VaAcc: 0.9531, VaLoss:  0.19081
 MAP NN | TrAcc: 0.9827 | VaAcc: 0.9536 | TeAcc: 0.9678
 S NN | TrAcc: 0.9791 | VaAcc: 0.9482 | TeAcc: 0.9692

377,  0 | TrAcc: 0.9790, TrLoss:  0.07175, VaAcc: 0.9438, VaLoss:  0.20574
 MAP NN | TrAcc: 0.9778 | VaAcc: 0.9448 | TeAcc: 0.9663
 S NN | TrAcc: 0.9779 | VaAcc: 0.9424 | TeAcc: 0.9663

378,  0 | TrAcc: 0.9825, TrLoss:  0.06889, VaAcc: 0.9502, VaLoss:  0.19434
 MAP NN | TrAcc: 0.9822 | VaAcc: 0.9502 | TeAcc: 0.9741
 S NN | TrAcc: 0.9803 | VaAcc: 0.9507 | TeAcc: 0.9707

379,  0 | TrAcc: 0.9814, TrLoss:  0.06891, VaAcc: 0.9468, VaLoss:  0.21680
 MAP NN | TrAcc: 0.9805 | VaAcc: 0.9468 | TeAcc: 0.9658
 S NN | TrAcc: 0.9811 | VaAcc: 0.9448 | TeAcc: 0.9663

380,  0 | TrAcc: 0.9819, TrLoss:  0.06783, VaAcc: 0.9473, VaLoss:  0.21239
 MAP NN | TrAcc: 0.9807 | VaAcc: 0.9473 | TeAcc: 0.9668
 S NN | TrAcc: 0.9791 | VaAcc: 0.9453 | TeAcc: 0.9648

381,  0 | TrAcc: 0.9835, TrLoss:  0.06368, VaAcc: 0.9531, VaLoss:  0.19869
 MAP NN | TrAcc: 0.9844 | VaAcc: 0.9497 | TeAcc: 0.9688
 S NN | TrAcc: 0.9802 | VaAcc: 0.9502 | TeAcc: 0.9707

382,  0 | TrAcc: 0.9854, TrLoss:  0.05925, VaAcc: 0.9482, VaLoss:  0.19371
 MAP NN | TrAcc: 0.9851 | VaAcc: 0.9512 | TeAcc: 0.9702
 S NN | TrAcc: 0.9825 | VaAcc: 0.9526 | TeAcc: 0.9692

383,  0 | TrAcc: 0.9857, TrLoss:  0.05881, VaAcc: 0.9526, VaLoss:  0.19133
 MAP NN | TrAcc: 0.9861 | VaAcc: 0.9502 | TeAcc: 0.9658
 S NN | TrAcc: 0.9844 | VaAcc: 0.9478 | TeAcc: 0.9678

384,  0 | TrAcc: 0.9846, TrLoss:  0.05987, VaAcc: 0.9507, VaLoss:  0.19599
 MAP NN | TrAcc: 0.9846 | VaAcc: 0.9497 | TeAcc: 0.9678
 S NN | TrAcc: 0.9823 | VaAcc: 0.9502 | TeAcc: 0.9688

385,  0 | TrAcc: 0.9846, TrLoss:  0.05983, VaAcc: 0.9517, VaLoss:  0.19646
 MAP NN | TrAcc: 0.9850 | VaAcc: 0.9478 | TeAcc: 0.9663
 S NN | TrAcc: 0.9844 | VaAcc: 0.9531 | TeAcc: 0.9678

386,  0 | TrAcc: 0.9844, TrLoss:  0.06022, VaAcc: 0.9478, VaLoss:  0.20191
 MAP NN | TrAcc: 0.9851 | VaAcc: 0.9482 | TeAcc: 0.9663
 S NN | TrAcc: 0.9824 | VaAcc: 0.9458 | TeAcc: 0.9712

387,  0 | TrAcc: 0.9834, TrLoss:  0.06373, VaAcc: 0.9492, VaLoss:  0.20054
 MAP NN | TrAcc: 0.9825 | VaAcc: 0.9502 | TeAcc: 0.9673
 S NN | TrAcc: 0.9806 | VaAcc: 0.9521 | TeAcc: 0.9663

388,  0 | TrAcc: 0.9827, TrLoss:  0.06240, VaAcc: 0.9463, VaLoss:  0.19538
 MAP NN | TrAcc: 0.9840 | VaAcc: 0.9458 | TeAcc: 0.9663
 S NN | TrAcc: 0.9830 | VaAcc: 0.9414 | TeAcc: 0.9634

389,  0 | TrAcc: 0.9861, TrLoss:  0.05612, VaAcc: 0.9507, VaLoss:  0.19412
 MAP NN | TrAcc: 0.9868 | VaAcc: 0.9492 | TeAcc: 0.9668
 S NN | TrAcc: 0.9863 | VaAcc: 0.9492 | TeAcc: 0.9688

390,  0 | TrAcc: 0.9857, TrLoss:  0.05910, VaAcc: 0.9453, VaLoss:  0.20452
 MAP NN | TrAcc: 0.9844 | VaAcc: 0.9473 | TeAcc: 0.9653
 S NN | TrAcc: 0.9849 | VaAcc: 0.9458 | TeAcc: 0.9663

391,  0 | TrAcc: 0.9852, TrLoss:  0.05693, VaAcc: 0.9502, VaLoss:  0.20367
 MAP NN | TrAcc: 0.9854 | VaAcc: 0.9502 | TeAcc: 0.9688
 S NN | TrAcc: 0.9846 | VaAcc: 0.9497 | TeAcc: 0.9683

392,  0 | TrAcc: 0.9847, TrLoss:  0.06087, VaAcc: 0.9463, VaLoss:  0.19396
 MAP NN | TrAcc: 0.9856 | VaAcc: 0.9463 | TeAcc: 0.9648
 S NN | TrAcc: 0.9856 | VaAcc: 0.9434 | TeAcc: 0.9653

393,  0 | TrAcc: 0.9834, TrLoss:  0.06462, VaAcc: 0.9487, VaLoss:  0.20308
 MAP NN | TrAcc: 0.9823 | VaAcc: 0.9487 | TeAcc: 0.9673
 S NN | TrAcc: 0.9794 | VaAcc: 0.9458 | TeAcc: 0.9683

394,  0 | TrAcc: 0.9850, TrLoss:  0.06000, VaAcc: 0.9507, VaLoss:  0.20054
 MAP NN | TrAcc: 0.9828 | VaAcc: 0.9507 | TeAcc: 0.9648
 S NN | TrAcc: 0.9833 | VaAcc: 0.9473 | TeAcc: 0.9653

395,  0 | TrAcc: 0.9868, TrLoss:  0.05662, VaAcc: 0.9497, VaLoss:  0.19655
 MAP NN | TrAcc: 0.9858 | VaAcc: 0.9473 | TeAcc: 0.9683
 S NN | TrAcc: 0.9844 | VaAcc: 0.9487 | TeAcc: 0.9668

396,  0 | TrAcc: 0.9874, TrLoss:  0.05493, VaAcc: 0.9502, VaLoss:  0.19851
 MAP NN | TrAcc: 0.9861 | VaAcc: 0.9502 | TeAcc: 0.9668
 S NN | TrAcc: 0.9838 | VaAcc: 0.9478 | TeAcc: 0.9658

397,  0 | TrAcc: 0.9833, TrLoss:  0.06324, VaAcc: 0.9502, VaLoss:  0.19685
 MAP NN | TrAcc: 0.9822 | VaAcc: 0.9482 | TeAcc: 0.9658
 S NN | TrAcc: 0.9807 | VaAcc: 0.9458 | TeAcc: 0.9648

398,  0 | TrAcc: 0.9808, TrLoss:  0.06955, VaAcc: 0.9531, VaLoss:  0.19806
 MAP NN | TrAcc: 0.9802 | VaAcc: 0.9497 | TeAcc: 0.9624
 S NN | TrAcc: 0.9788 | VaAcc: 0.9497 | TeAcc: 0.9639

399,  0 | TrAcc: 0.9840, TrLoss:  0.06169, VaAcc: 0.9492, VaLoss:  0.19843
 MAP NN | TrAcc: 0.9841 | VaAcc: 0.9497 | TeAcc: 0.9678
 S NN | TrAcc: 0.9821 | VaAcc: 0.9189 | TeAcc: 0.9673

400,  0 | TrAcc: 0.9839, TrLoss:  0.06037, VaAcc: 0.9473, VaLoss:  0.19686
 MAP NN | TrAcc: 0.9844 | VaAcc: 0.9526 | TeAcc: 0.9668
 S NN | TrAcc: 0.9833 | VaAcc: 0.9487 | TeAcc: 0.9653

401,  0 | TrAcc: 0.9835, TrLoss:  0.06513, VaAcc: 0.9482, VaLoss:  0.19023
 MAP NN | TrAcc: 0.9832 | VaAcc: 0.9473 | TeAcc: 0.9673
 S NN | TrAcc: 0.9812 | VaAcc: 0.9482 | TeAcc: 0.9683

402,  0 | TrAcc: 0.9812, TrLoss:  0.06941, VaAcc: 0.9404, VaLoss:  0.22892
 MAP NN | TrAcc: 0.9814 | VaAcc: 0.9458 | TeAcc: 0.9688
 S NN | TrAcc: 0.9760 | VaAcc: 0.9443 | TeAcc: 0.9678

403,  0 | TrAcc: 0.9827, TrLoss:  0.06539, VaAcc: 0.9453, VaLoss:  0.21249
 MAP NN | TrAcc: 0.9824 | VaAcc: 0.9497 | TeAcc: 0.9648
 S NN | TrAcc: 0.9821 | VaAcc: 0.9487 | TeAcc: 0.9644

404,  0 | TrAcc: 0.9865, TrLoss:  0.05804, VaAcc: 0.9497, VaLoss:  0.19777
 MAP NN | TrAcc: 0.9851 | VaAcc: 0.9521 | TeAcc: 0.9658
 S NN | TrAcc: 0.9845 | VaAcc: 0.9507 | TeAcc: 0.9683

405,  0 | TrAcc: 0.9854, TrLoss:  0.05717, VaAcc: 0.9468, VaLoss:  0.20332
 MAP NN | TrAcc: 0.9850 | VaAcc: 0.9512 | TeAcc: 0.9658
 S NN | TrAcc: 0.9845 | VaAcc: 0.9482 | TeAcc: 0.9648

406,  0 | TrAcc: 0.9839, TrLoss:  0.05805, VaAcc: 0.9482, VaLoss:  0.20764
 MAP NN | TrAcc: 0.9851 | VaAcc: 0.9482 | TeAcc: 0.9683
 S NN | TrAcc: 0.9829 | VaAcc: 0.9478 | TeAcc: 0.9653

407,  0 | TrAcc: 0.9847, TrLoss:  0.06079, VaAcc: 0.9443, VaLoss:  0.20480
 MAP NN | TrAcc: 0.9845 | VaAcc: 0.9492 | TeAcc: 0.9668
 S NN | TrAcc: 0.9801 | VaAcc: 0.9497 | TeAcc: 0.9653

408,  0 | TrAcc: 0.9824, TrLoss:  0.06544, VaAcc: 0.9482, VaLoss:  0.20512
 MAP NN | TrAcc: 0.9838 | VaAcc: 0.9502 | TeAcc: 0.9653
 S NN | TrAcc: 0.9832 | VaAcc: 0.9468 | TeAcc: 0.9658

409,  0 | TrAcc: 0.9860, TrLoss:  0.06065, VaAcc: 0.9482, VaLoss:  0.20859
 MAP NN | TrAcc: 0.9856 | VaAcc: 0.9507 | TeAcc: 0.9658
 S NN | TrAcc: 0.9843 | VaAcc: 0.9478 | TeAcc: 0.9648

410,  0 | TrAcc: 0.9850, TrLoss:  0.05903, VaAcc: 0.9448, VaLoss:  0.20842
 MAP NN | TrAcc: 0.9823 | VaAcc: 0.9438 | TeAcc: 0.9688
 S NN | TrAcc: 0.9816 | VaAcc: 0.9419 | TeAcc: 0.9678

411,  0 | TrAcc: 0.9841, TrLoss:  0.05841, VaAcc: 0.9438, VaLoss:  0.22004
 MAP NN | TrAcc: 0.9846 | VaAcc: 0.9497 | TeAcc: 0.9663
 S NN | TrAcc: 0.9813 | VaAcc: 0.9448 | TeAcc: 0.9688

412,  0 | TrAcc: 0.9814, TrLoss:  0.06585, VaAcc: 0.9473, VaLoss:  0.20822
 MAP NN | TrAcc: 0.9813 | VaAcc: 0.9463 | TeAcc: 0.9668
 S NN | TrAcc: 0.9807 | VaAcc: 0.9487 | TeAcc: 0.9658

413,  0 | TrAcc: 0.9836, TrLoss:  0.06111, VaAcc: 0.9497, VaLoss:  0.19749
 MAP NN | TrAcc: 0.9818 | VaAcc: 0.9458 | TeAcc: 0.9644
 S NN | TrAcc: 0.9794 | VaAcc: 0.9443 | TeAcc: 0.9658

414,  0 | TrAcc: 0.9852, TrLoss:  0.05777, VaAcc: 0.9502, VaLoss:  0.19279
 MAP NN | TrAcc: 0.9858 | VaAcc: 0.9517 | TeAcc: 0.9668
 S NN | TrAcc: 0.9846 | VaAcc: 0.9507 | TeAcc: 0.9648

415,  0 | TrAcc: 0.9852, TrLoss:  0.05747, VaAcc: 0.9482, VaLoss:  0.19538
 MAP NN | TrAcc: 0.9854 | VaAcc: 0.9512 | TeAcc: 0.9688
 S NN | TrAcc: 0.9846 | VaAcc: 0.9482 | TeAcc: 0.9653

416,  0 | TrAcc: 0.9838, TrLoss:  0.06113, VaAcc: 0.9473, VaLoss:  0.19659
 MAP NN | TrAcc: 0.9823 | VaAcc: 0.9473 | TeAcc: 0.9683
 S NN | TrAcc: 0.9796 | VaAcc: 0.9453 | TeAcc: 0.9648

417,  0 | TrAcc: 0.9828, TrLoss:  0.06413, VaAcc: 0.9526, VaLoss:  0.20009
 MAP NN | TrAcc: 0.9840 | VaAcc: 0.9521 | TeAcc: 0.9663
 S NN | TrAcc: 0.9836 | VaAcc: 0.9473 | TeAcc: 0.9639

418,  0 | TrAcc: 0.9850, TrLoss:  0.05914, VaAcc: 0.9473, VaLoss:  0.20574
 MAP NN | TrAcc: 0.9857 | VaAcc: 0.9473 | TeAcc: 0.9653
 S NN | TrAcc: 0.9851 | VaAcc: 0.9502 | TeAcc: 0.9678

419,  0 | TrAcc: 0.9835, TrLoss:  0.06021, VaAcc: 0.9482, VaLoss:  0.20882
 MAP NN | TrAcc: 0.9854 | VaAcc: 0.9453 | TeAcc: 0.9688
 S NN | TrAcc: 0.9824 | VaAcc: 0.9478 | TeAcc: 0.9692

420,  0 | TrAcc: 0.9834, TrLoss:  0.05969, VaAcc: 0.9458, VaLoss:  0.20281
 MAP NN | TrAcc: 0.9862 | VaAcc: 0.9468 | TeAcc: 0.9668
 S NN | TrAcc: 0.9830 | VaAcc: 0.9478 | TeAcc: 0.9658

421,  0 | TrAcc: 0.9877, TrLoss:  0.05271, VaAcc: 0.9502, VaLoss:  0.19565
 MAP NN | TrAcc: 0.9875 | VaAcc: 0.9492 | TeAcc: 0.9688
 S NN | TrAcc: 0.9849 | VaAcc: 0.9478 | TeAcc: 0.9678

422,  0 | TrAcc: 0.9865, TrLoss:  0.05464, VaAcc: 0.9478, VaLoss:  0.20408
 MAP NN | TrAcc: 0.9856 | VaAcc: 0.9487 | TeAcc: 0.9697
 S NN | TrAcc: 0.9850 | VaAcc: 0.9473 | TeAcc: 0.9673

423,  0 | TrAcc: 0.9849, TrLoss:  0.06029, VaAcc: 0.9482, VaLoss:  0.20239
 MAP NN | TrAcc: 0.9825 | VaAcc: 0.9478 | TeAcc: 0.9673
 S NN | TrAcc: 0.9810 | VaAcc: 0.9487 | TeAcc: 0.9668

424,  0 | TrAcc: 0.9868, TrLoss:  0.05753, VaAcc: 0.9482, VaLoss:  0.20727
 MAP NN | TrAcc: 0.9875 | VaAcc: 0.9487 | TeAcc: 0.9668
 S NN | TrAcc: 0.9844 | VaAcc: 0.9463 | TeAcc: 0.9644

425,  0 | TrAcc: 0.9866, TrLoss:  0.05333, VaAcc: 0.9517, VaLoss:  0.19712
 MAP NN | TrAcc: 0.9863 | VaAcc: 0.9492 | TeAcc: 0.9668
 S NN | TrAcc: 0.9863 | VaAcc: 0.9473 | TeAcc: 0.9658

426,  0 | TrAcc: 0.9844, TrLoss:  0.06090, VaAcc: 0.9443, VaLoss:  0.22419
 MAP NN | TrAcc: 0.9816 | VaAcc: 0.9458 | TeAcc: 0.9648
 S NN | TrAcc: 0.9813 | VaAcc: 0.9443 | TeAcc: 0.9673

427,  0 | TrAcc: 0.9830, TrLoss:  0.06210, VaAcc: 0.9468, VaLoss:  0.20788
 MAP NN | TrAcc: 0.9827 | VaAcc: 0.9507 | TeAcc: 0.9668
 S NN | TrAcc: 0.9825 | VaAcc: 0.9521 | TeAcc: 0.9673

428,  0 | TrAcc: 0.9838, TrLoss:  0.06098, VaAcc: 0.9438, VaLoss:  0.22153
 MAP NN | TrAcc: 0.9841 | VaAcc: 0.9429 | TeAcc: 0.9644
 S NN | TrAcc: 0.9824 | VaAcc: 0.9438 | TeAcc: 0.9653

429,  0 | TrAcc: 0.9866, TrLoss:  0.05609, VaAcc: 0.9492, VaLoss:  0.19578
 MAP NN | TrAcc: 0.9860 | VaAcc: 0.9512 | TeAcc: 0.9673
 S NN | TrAcc: 0.9849 | VaAcc: 0.9502 | TeAcc: 0.9683

430,  0 | TrAcc: 0.9857, TrLoss:  0.05561, VaAcc: 0.9468, VaLoss:  0.20906
 MAP NN | TrAcc: 0.9854 | VaAcc: 0.9478 | TeAcc: 0.9644
 S NN | TrAcc: 0.9843 | VaAcc: 0.9468 | TeAcc: 0.9658

431,  0 | TrAcc: 0.9871, TrLoss:  0.05208, VaAcc: 0.9487, VaLoss:  0.20571
 MAP NN | TrAcc: 0.9861 | VaAcc: 0.9482 | TeAcc: 0.9658
 S NN | TrAcc: 0.9867 | VaAcc: 0.9463 | TeAcc: 0.9644

432,  0 | TrAcc: 0.9865, TrLoss:  0.05180, VaAcc: 0.9507, VaLoss:  0.20220
 MAP NN | TrAcc: 0.9854 | VaAcc: 0.9502 | TeAcc: 0.9697
 S NN | TrAcc: 0.9838 | VaAcc: 0.9487 | TeAcc: 0.9712

433,  0 | TrAcc: 0.9872, TrLoss:  0.05217, VaAcc: 0.9478, VaLoss:  0.19585
 MAP NN | TrAcc: 0.9873 | VaAcc: 0.9492 | TeAcc: 0.9678
 S NN | TrAcc: 0.9860 | VaAcc: 0.9487 | TeAcc: 0.9663

434,  0 | TrAcc: 0.9860, TrLoss:  0.05238, VaAcc: 0.9512, VaLoss:  0.20110
 MAP NN | TrAcc: 0.9868 | VaAcc: 0.9473 | TeAcc: 0.9697
 S NN | TrAcc: 0.9858 | VaAcc: 0.9487 | TeAcc: 0.9697

435,  0 | TrAcc: 0.9875, TrLoss:  0.05164, VaAcc: 0.9492, VaLoss:  0.20029
 MAP NN | TrAcc: 0.9865 | VaAcc: 0.9473 | TeAcc: 0.9678
 S NN | TrAcc: 0.9858 | VaAcc: 0.9492 | TeAcc: 0.9658

436,  0 | TrAcc: 0.9861, TrLoss:  0.05390, VaAcc: 0.9492, VaLoss:  0.20518
 MAP NN | TrAcc: 0.9852 | VaAcc: 0.9497 | TeAcc: 0.9688
 S NN | TrAcc: 0.9858 | VaAcc: 0.9497 | TeAcc: 0.9697

437,  0 | TrAcc: 0.9874, TrLoss:  0.05289, VaAcc: 0.9517, VaLoss:  0.19967
 MAP NN | TrAcc: 0.9872 | VaAcc: 0.9507 | TeAcc: 0.9702
 S NN | TrAcc: 0.9854 | VaAcc: 0.9512 | TeAcc: 0.9692

438,  0 | TrAcc: 0.9877, TrLoss:  0.05153, VaAcc: 0.9492, VaLoss:  0.20975
 MAP NN | TrAcc: 0.9884 | VaAcc: 0.9512 | TeAcc: 0.9688
 S NN | TrAcc: 0.9883 | VaAcc: 0.9473 | TeAcc: 0.9678

439,  0 | TrAcc: 0.9880, TrLoss:  0.05403, VaAcc: 0.9463, VaLoss:  0.20866
 MAP NN | TrAcc: 0.9867 | VaAcc: 0.9478 | TeAcc: 0.9697
 S NN | TrAcc: 0.9854 | VaAcc: 0.9482 | TeAcc: 0.9707

440,  0 | TrAcc: 0.9882, TrLoss:  0.04884, VaAcc: 0.9487, VaLoss:  0.19802
 MAP NN | TrAcc: 0.9884 | VaAcc: 0.9507 | TeAcc: 0.9707
 S NN | TrAcc: 0.9884 | VaAcc: 0.9468 | TeAcc: 0.9673

441,  0 | TrAcc: 0.9857, TrLoss:  0.05524, VaAcc: 0.9438, VaLoss:  0.21873
 MAP NN | TrAcc: 0.9850 | VaAcc: 0.9463 | TeAcc: 0.9668
 S NN | TrAcc: 0.9827 | VaAcc: 0.9443 | TeAcc: 0.9644

442,  0 | TrAcc: 0.9850, TrLoss:  0.06116, VaAcc: 0.9463, VaLoss:  0.21042
 MAP NN | TrAcc: 0.9822 | VaAcc: 0.9448 | TeAcc: 0.9673
 S NN | TrAcc: 0.9805 | VaAcc: 0.9434 | TeAcc: 0.9658

443,  0 | TrAcc: 0.9872, TrLoss:  0.05326, VaAcc: 0.9438, VaLoss:  0.21859
 MAP NN | TrAcc: 0.9867 | VaAcc: 0.9478 | TeAcc: 0.9668
 S NN | TrAcc: 0.9850 | VaAcc: 0.9443 | TeAcc: 0.9678

444,  0 | TrAcc: 0.9866, TrLoss:  0.05108, VaAcc: 0.9502, VaLoss:  0.19723
 MAP NN | TrAcc: 0.9867 | VaAcc: 0.9492 | TeAcc: 0.9712
 S NN | TrAcc: 0.9865 | VaAcc: 0.9512 | TeAcc: 0.9688

445,  0 | TrAcc: 0.9867, TrLoss:  0.05433, VaAcc: 0.9463, VaLoss:  0.20205
 MAP NN | TrAcc: 0.9880 | VaAcc: 0.9463 | TeAcc: 0.9697
 S NN | TrAcc: 0.9843 | VaAcc: 0.9482 | TeAcc: 0.9644

446,  0 | TrAcc: 0.9877, TrLoss:  0.05040, VaAcc: 0.9478, VaLoss:  0.20263
 MAP NN | TrAcc: 0.9879 | VaAcc: 0.9487 | TeAcc: 0.9683
 S NN | TrAcc: 0.9875 | VaAcc: 0.9521 | TeAcc: 0.9683

447,  0 | TrAcc: 0.9872, TrLoss:  0.05155, VaAcc: 0.9453, VaLoss:  0.20779
 MAP NN | TrAcc: 0.9862 | VaAcc: 0.9482 | TeAcc: 0.9688
 S NN | TrAcc: 0.9863 | VaAcc: 0.9487 | TeAcc: 0.9702

448,  0 | TrAcc: 0.9889, TrLoss:  0.04878, VaAcc: 0.9473, VaLoss:  0.20577
 MAP NN | TrAcc: 0.9882 | VaAcc: 0.9502 | TeAcc: 0.9688
 S NN | TrAcc: 0.9874 | VaAcc: 0.9443 | TeAcc: 0.9673

449,  0 | TrAcc: 0.9895, TrLoss:  0.04768, VaAcc: 0.9492, VaLoss:  0.20820
 MAP NN | TrAcc: 0.9895 | VaAcc: 0.9463 | TeAcc: 0.9692
 S NN | TrAcc: 0.9883 | VaAcc: 0.9473 | TeAcc: 0.9678

450,  0 | TrAcc: 0.9886, TrLoss:  0.04758, VaAcc: 0.9478, VaLoss:  0.21121
 MAP NN | TrAcc: 0.9895 | VaAcc: 0.9487 | TeAcc: 0.9683
 S NN | TrAcc: 0.9886 | VaAcc: 0.9473 | TeAcc: 0.9668

451,  0 | TrAcc: 0.9907, TrLoss:  0.04547, VaAcc: 0.9517, VaLoss:  0.20155
 MAP NN | TrAcc: 0.9897 | VaAcc: 0.9507 | TeAcc: 0.9678
 S NN | TrAcc: 0.9885 | VaAcc: 0.9473 | TeAcc: 0.9707

452,  0 | TrAcc: 0.9874, TrLoss:  0.05327, VaAcc: 0.9492, VaLoss:  0.20839
 MAP NN | TrAcc: 0.9872 | VaAcc: 0.9512 | TeAcc: 0.9663
 S NN | TrAcc: 0.9854 | VaAcc: 0.9487 | TeAcc: 0.9668

453,  0 | TrAcc: 0.9877, TrLoss:  0.05309, VaAcc: 0.9512, VaLoss:  0.20682
 MAP NN | TrAcc: 0.9877 | VaAcc: 0.9497 | TeAcc: 0.9678
 S NN | TrAcc: 0.9839 | VaAcc: 0.9478 | TeAcc: 0.9653

454,  0 | TrAcc: 0.9874, TrLoss:  0.04989, VaAcc: 0.9453, VaLoss:  0.20773
 MAP NN | TrAcc: 0.9879 | VaAcc: 0.9482 | TeAcc: 0.9712
 S NN | TrAcc: 0.9858 | VaAcc: 0.9478 | TeAcc: 0.9692

455,  0 | TrAcc: 0.9869, TrLoss:  0.05026, VaAcc: 0.9478, VaLoss:  0.20068
 MAP NN | TrAcc: 0.9854 | VaAcc: 0.9468 | TeAcc: 0.9697
 S NN | TrAcc: 0.9852 | VaAcc: 0.9487 | TeAcc: 0.9702

456,  0 | TrAcc: 0.9867, TrLoss:  0.05224, VaAcc: 0.9473, VaLoss:  0.20880
 MAP NN | TrAcc: 0.9860 | VaAcc: 0.9478 | TeAcc: 0.9658
 S NN | TrAcc: 0.9854 | VaAcc: 0.9482 | TeAcc: 0.9644

457,  0 | TrAcc: 0.9867, TrLoss:  0.05095, VaAcc: 0.9521, VaLoss:  0.20267
 MAP NN | TrAcc: 0.9869 | VaAcc: 0.9507 | TeAcc: 0.9683
 S NN | TrAcc: 0.9863 | VaAcc: 0.9521 | TeAcc: 0.9678

458,  0 | TrAcc: 0.9874, TrLoss:  0.05086, VaAcc: 0.9502, VaLoss:  0.20079
 MAP NN | TrAcc: 0.9871 | VaAcc: 0.9468 | TeAcc: 0.9658
 S NN | TrAcc: 0.9851 | VaAcc: 0.9473 | TeAcc: 0.9658

459,  0 | TrAcc: 0.9863, TrLoss:  0.05480, VaAcc: 0.9482, VaLoss:  0.20205
 MAP NN | TrAcc: 0.9879 | VaAcc: 0.9463 | TeAcc: 0.9717
 S NN | TrAcc: 0.9858 | VaAcc: 0.9473 | TeAcc: 0.9702

460,  0 | TrAcc: 0.9854, TrLoss:  0.05618, VaAcc: 0.9453, VaLoss:  0.20876
 MAP NN | TrAcc: 0.9852 | VaAcc: 0.9419 | TeAcc: 0.9688
 S NN | TrAcc: 0.9843 | VaAcc: 0.9448 | TeAcc: 0.9663

461,  0 | TrAcc: 0.9883, TrLoss:  0.04988, VaAcc: 0.9521, VaLoss:  0.19658
 MAP NN | TrAcc: 0.9880 | VaAcc: 0.9517 | TeAcc: 0.9712
 S NN | TrAcc: 0.9866 | VaAcc: 0.9536 | TeAcc: 0.9702

462,  0 | TrAcc: 0.9883, TrLoss:  0.04915, VaAcc: 0.9507, VaLoss:  0.20385
 MAP NN | TrAcc: 0.9883 | VaAcc: 0.9478 | TeAcc: 0.9697
 S NN | TrAcc: 0.9865 | VaAcc: 0.9502 | TeAcc: 0.9697

463,  0 | TrAcc: 0.9879, TrLoss:  0.04786, VaAcc: 0.9482, VaLoss:  0.20423
 MAP NN | TrAcc: 0.9883 | VaAcc: 0.9487 | TeAcc: 0.9722
 S NN | TrAcc: 0.9866 | VaAcc: 0.9482 | TeAcc: 0.9702

464,  0 | TrAcc: 0.9894, TrLoss:  0.04663, VaAcc: 0.9487, VaLoss:  0.20544
 MAP NN | TrAcc: 0.9885 | VaAcc: 0.9507 | TeAcc: 0.9688
 S NN | TrAcc: 0.9873 | VaAcc: 0.9482 | TeAcc: 0.9683

465,  0 | TrAcc: 0.9874, TrLoss:  0.04841, VaAcc: 0.9478, VaLoss:  0.20350
 MAP NN | TrAcc: 0.9869 | VaAcc: 0.9458 | TeAcc: 0.9663
 S NN | TrAcc: 0.9871 | VaAcc: 0.9502 | TeAcc: 0.9697

466,  0 | TrAcc: 0.9867, TrLoss:  0.05374, VaAcc: 0.9453, VaLoss:  0.21674
 MAP NN | TrAcc: 0.9879 | VaAcc: 0.9463 | TeAcc: 0.9683
 S NN | TrAcc: 0.9843 | VaAcc: 0.9478 | TeAcc: 0.9648

467,  0 | TrAcc: 0.9871, TrLoss:  0.05199, VaAcc: 0.9438, VaLoss:  0.20676
 MAP NN | TrAcc: 0.9862 | VaAcc: 0.9468 | TeAcc: 0.9692
 S NN | TrAcc: 0.9844 | VaAcc: 0.9419 | TeAcc: 0.9697

468,  0 | TrAcc: 0.9875, TrLoss:  0.04882, VaAcc: 0.9478, VaLoss:  0.20099
 MAP NN | TrAcc: 0.9877 | VaAcc: 0.9468 | TeAcc: 0.9697
 S NN | TrAcc: 0.9865 | VaAcc: 0.9448 | TeAcc: 0.9644

469,  0 | TrAcc: 0.9888, TrLoss:  0.04637, VaAcc: 0.9482, VaLoss:  0.20461
 MAP NN | TrAcc: 0.9891 | VaAcc: 0.9453 | TeAcc: 0.9673
 S NN | TrAcc: 0.9886 | VaAcc: 0.9453 | TeAcc: 0.9707

470,  0 | TrAcc: 0.9879, TrLoss:  0.04842, VaAcc: 0.9497, VaLoss:  0.20170
 MAP NN | TrAcc: 0.9877 | VaAcc: 0.9497 | TeAcc: 0.9678
 S NN | TrAcc: 0.9871 | VaAcc: 0.9497 | TeAcc: 0.9702

471,  0 | TrAcc: 0.9854, TrLoss:  0.05220, VaAcc: 0.9482, VaLoss:  0.20594
 MAP NN | TrAcc: 0.9865 | VaAcc: 0.9482 | TeAcc: 0.9668
 S NN | TrAcc: 0.9867 | VaAcc: 0.9482 | TeAcc: 0.9658

472,  0 | TrAcc: 0.9858, TrLoss:  0.05514, VaAcc: 0.9434, VaLoss:  0.21557
 MAP NN | TrAcc: 0.9862 | VaAcc: 0.9424 | TeAcc: 0.9668
 S NN | TrAcc: 0.9856 | VaAcc: 0.9453 | TeAcc: 0.9692

473,  0 | TrAcc: 0.9869, TrLoss:  0.05097, VaAcc: 0.9507, VaLoss:  0.20256
 MAP NN | TrAcc: 0.9867 | VaAcc: 0.9507 | TeAcc: 0.9648
 S NN | TrAcc: 0.9866 | VaAcc: 0.9517 | TeAcc: 0.9653

474,  0 | TrAcc: 0.9900, TrLoss:  0.04736, VaAcc: 0.9492, VaLoss:  0.20915
 MAP NN | TrAcc: 0.9899 | VaAcc: 0.9478 | TeAcc: 0.9658
 S NN | TrAcc: 0.9890 | VaAcc: 0.9497 | TeAcc: 0.9653

475,  0 | TrAcc: 0.9873, TrLoss:  0.05062, VaAcc: 0.9512, VaLoss:  0.19905
 MAP NN | TrAcc: 0.9880 | VaAcc: 0.9492 | TeAcc: 0.9688
 S NN | TrAcc: 0.9865 | VaAcc: 0.9478 | TeAcc: 0.9688

476,  0 | TrAcc: 0.9896, TrLoss:  0.04584, VaAcc: 0.9453, VaLoss:  0.20989
 MAP NN | TrAcc: 0.9878 | VaAcc: 0.9448 | TeAcc: 0.9658
 S NN | TrAcc: 0.9875 | VaAcc: 0.9458 | TeAcc: 0.9644

477,  0 | TrAcc: 0.9883, TrLoss:  0.04930, VaAcc: 0.9473, VaLoss:  0.21524
 MAP NN | TrAcc: 0.9878 | VaAcc: 0.9487 | TeAcc: 0.9673
 S NN | TrAcc: 0.9856 | VaAcc: 0.9492 | TeAcc: 0.9639

478,  0 | TrAcc: 0.9899, TrLoss:  0.04469, VaAcc: 0.9492, VaLoss:  0.20617
 MAP NN | TrAcc: 0.9897 | VaAcc: 0.9453 | TeAcc: 0.9673
 S NN | TrAcc: 0.9889 | VaAcc: 0.9492 | TeAcc: 0.9673

479,  0 | TrAcc: 0.9871, TrLoss:  0.05004, VaAcc: 0.9448, VaLoss:  0.22051
 MAP NN | TrAcc: 0.9882 | VaAcc: 0.9453 | TeAcc: 0.9648
 S NN | TrAcc: 0.9872 | VaAcc: 0.9429 | TeAcc: 0.9658

480,  0 | TrAcc: 0.9888, TrLoss:  0.04781, VaAcc: 0.9473, VaLoss:  0.21081
 MAP NN | TrAcc: 0.9869 | VaAcc: 0.9473 | TeAcc: 0.9673
 S NN | TrAcc: 0.9863 | VaAcc: 0.9482 | TeAcc: 0.9644

481,  0 | TrAcc: 0.9869, TrLoss:  0.05500, VaAcc: 0.9463, VaLoss:  0.20972
 MAP NN | TrAcc: 0.9867 | VaAcc: 0.9482 | TeAcc: 0.9644
 S NN | TrAcc: 0.9845 | VaAcc: 0.9468 | TeAcc: 0.9648

482,  0 | TrAcc: 0.9858, TrLoss:  0.05709, VaAcc: 0.9468, VaLoss:  0.21562
 MAP NN | TrAcc: 0.9849 | VaAcc: 0.9473 | TeAcc: 0.9673
 S NN | TrAcc: 0.9832 | VaAcc: 0.9458 | TeAcc: 0.9629

483,  0 | TrAcc: 0.9856, TrLoss:  0.05490, VaAcc: 0.9434, VaLoss:  0.22033
 MAP NN | TrAcc: 0.9854 | VaAcc: 0.9453 | TeAcc: 0.9678
 S NN | TrAcc: 0.9845 | VaAcc: 0.9443 | TeAcc: 0.9653

484,  0 | TrAcc: 0.9880, TrLoss:  0.04920, VaAcc: 0.9468, VaLoss:  0.20322
 MAP NN | TrAcc: 0.9888 | VaAcc: 0.9478 | TeAcc: 0.9658
 S NN | TrAcc: 0.9879 | VaAcc: 0.9448 | TeAcc: 0.9653

485,  0 | TrAcc: 0.9885, TrLoss:  0.04750, VaAcc: 0.9463, VaLoss:  0.21916
 MAP NN | TrAcc: 0.9885 | VaAcc: 0.9468 | TeAcc: 0.9688
 S NN | TrAcc: 0.9878 | VaAcc: 0.9482 | TeAcc: 0.9678

486,  0 | TrAcc: 0.9869, TrLoss:  0.05111, VaAcc: 0.9482, VaLoss:  0.20924
 MAP NN | TrAcc: 0.9875 | VaAcc: 0.9448 | TeAcc: 0.9653
 S NN | TrAcc: 0.9860 | VaAcc: 0.9448 | TeAcc: 0.9634

487,  0 | TrAcc: 0.9868, TrLoss:  0.05032, VaAcc: 0.9434, VaLoss:  0.21165
 MAP NN | TrAcc: 0.9863 | VaAcc: 0.9453 | TeAcc: 0.9678
 S NN | TrAcc: 0.9852 | VaAcc: 0.9497 | TeAcc: 0.9697

488,  0 | TrAcc: 0.9878, TrLoss:  0.05052, VaAcc: 0.9434, VaLoss:  0.21574
 MAP NN | TrAcc: 0.9878 | VaAcc: 0.9453 | TeAcc: 0.9663
 S NN | TrAcc: 0.9877 | VaAcc: 0.9448 | TeAcc: 0.9634

489,  0 | TrAcc: 0.9843, TrLoss:  0.05703, VaAcc: 0.9458, VaLoss:  0.20497
 MAP NN | TrAcc: 0.9840 | VaAcc: 0.9482 | TeAcc: 0.9663
 S NN | TrAcc: 0.9846 | VaAcc: 0.9507 | TeAcc: 0.9658

490,  0 | TrAcc: 0.9879, TrLoss:  0.04972, VaAcc: 0.9497, VaLoss:  0.19743
 MAP NN | TrAcc: 0.9883 | VaAcc: 0.9468 | TeAcc: 0.9673
 S NN | TrAcc: 0.9871 | VaAcc: 0.9482 | TeAcc: 0.9683

491,  0 | TrAcc: 0.9900, TrLoss:  0.04516, VaAcc: 0.9502, VaLoss:  0.21103
 MAP NN | TrAcc: 0.9897 | VaAcc: 0.9478 | TeAcc: 0.9673
 S NN | TrAcc: 0.9868 | VaAcc: 0.9487 | TeAcc: 0.9683

492,  0 | TrAcc: 0.9866, TrLoss:  0.04795, VaAcc: 0.9478, VaLoss:  0.21013
 MAP NN | TrAcc: 0.9872 | VaAcc: 0.9473 | TeAcc: 0.9673
 S NN | TrAcc: 0.9867 | VaAcc: 0.9443 | TeAcc: 0.9673

493,  0 | TrAcc: 0.9882, TrLoss:  0.04576, VaAcc: 0.9487, VaLoss:  0.20730
 MAP NN | TrAcc: 0.9882 | VaAcc: 0.9453 | TeAcc: 0.9683
 S NN | TrAcc: 0.9869 | VaAcc: 0.9468 | TeAcc: 0.9644

494,  0 | TrAcc: 0.9845, TrLoss:  0.05744, VaAcc: 0.9453, VaLoss:  0.21198
 MAP NN | TrAcc: 0.9847 | VaAcc: 0.9453 | TeAcc: 0.9658
 S NN | TrAcc: 0.9825 | VaAcc: 0.9453 | TeAcc: 0.9639

495,  0 | TrAcc: 0.9857, TrLoss:  0.05483, VaAcc: 0.9517, VaLoss:  0.19031
 MAP NN | TrAcc: 0.9835 | VaAcc: 0.9512 | TeAcc: 0.9668
 S NN | TrAcc: 0.9838 | VaAcc: 0.9517 | TeAcc: 0.9673

496,  0 | TrAcc: 0.9877, TrLoss:  0.04860, VaAcc: 0.9507, VaLoss:  0.20315
 MAP NN | TrAcc: 0.9879 | VaAcc: 0.9487 | TeAcc: 0.9702
 S NN | TrAcc: 0.9866 | VaAcc: 0.9502 | TeAcc: 0.9692

497,  0 | TrAcc: 0.9882, TrLoss:  0.04941, VaAcc: 0.9458, VaLoss:  0.22280
 MAP NN | TrAcc: 0.9880 | VaAcc: 0.9492 | TeAcc: 0.9658
 S NN | TrAcc: 0.9862 | VaAcc: 0.9443 | TeAcc: 0.9688

498,  0 | TrAcc: 0.9884, TrLoss:  0.04987, VaAcc: 0.9507, VaLoss:  0.20535
 MAP NN | TrAcc: 0.9872 | VaAcc: 0.9487 | TeAcc: 0.9658
 S NN | TrAcc: 0.9869 | VaAcc: 0.9526 | TeAcc: 0.9634

499,  0 | TrAcc: 0.9891, TrLoss:  0.04822, VaAcc: 0.9463, VaLoss:  0.21369
 MAP NN | TrAcc: 0.9891 | VaAcc: 0.9473 | TeAcc: 0.9624
 S NN | TrAcc: 0.9883 | VaAcc: 0.9463 | TeAcc: 0.9668

Results for va_b
Metric: elogl 
 0.356 in iteration    4
Metric: acc   
 95.31 % in iteration  376
Results for va_s
Metric: acc   
 95.36 % in iteration  298
Metric: loss  
EARLY STOP FOR te_s
 96.63 % in iteration  298
