tr
(8080, 4, 45)
va
(1730, 4, 45)
te
(1450, 4, 45)

=============================
CONFIG FILE
====================================
Training configuration

Learning rate: 0.2, 	Learning rate anneal: inf, 	Tau:  1.0
Algorithm: reparametrization, 	STE: disabled, 	n forward passes: 1
Var reg: 0.0, 	Dir reg: 0.0, 	Ent reg: 0.0
Data multiplier: None
Gradient clipping: False, 	Gradient clip value: 1.0

Layer #0
lstm_0
Layer norm: False, 	LR Adapt: 
Dropout: False, 	p_dropout: 0.95

Layer #1
output_layer
Layer norm: False, 	LR Adapt: 
Dropout: False, 	p_dropout: 0.95

Layer #2
lstm_1
Layer norm: False, 	LR Adapt: 
Dropout: False, 	p_dropout: 0.95
====================================
RNN configuration

Layer #0, 	Type: input_layer, 	Scope: 
Units: 4, 	N activation bins: None

Layer #1, 	Type: lstm layer, 	Scope: lstm_0
Units: 50, 	N activation bins: None
Bias: True, 	N activation bins: 2, 	Discrete activation: False
Type: ternary, 	Parametetrization: sigmoid, 	Priors: [0.3333333333333333, 0.3333333333333333, 0.3333333333333333]
p_init_min: 0.05, 	p_init_max: 0.95
SB init: ('xavier', None), 	SA init: ('dirichlet', [0.3, 0.3, 0.3])
Type: gaussian, 	M init: ('xavier', None), 	Log V init: ('xavier', None)
M prior: 0.0, 	 Log V prior: 0.0
None
Bias: True, 	N activation bins: 2, 	Discrete activation: False
Type: ternary, 	Parametetrization: sigmoid, 	Priors: [0.3333333333333333, 0.3333333333333333, 0.3333333333333333]
p_init_min: 0.05, 	p_init_max: 0.95
SB init: ('xavier', None), 	SA init: ('dirichlet', [0.3, 0.3, 0.3])
Type: gaussian, 	M init: -1.5, 	Log V init: ('xavier', None)
M prior: 0.0, 	 Log V prior: 0.0
None
Bias: True, 	N activation bins: 2, 	Discrete activation: False
Type: ternary, 	Parametetrization: sigmoid, 	Priors: [0.3333333333333333, 0.3333333333333333, 0.3333333333333333]
p_init_min: 0.05, 	p_init_max: 0.95
SB init: ('xavier', None), 	SA init: ('dirichlet', [0.3, 0.3, 0.3])
Type: gaussian, 	M init: ('xavier', None), 	Log V init: ('xavier', None)
M prior: 0.0, 	 Log V prior: 0.0
None

Layer #2, 	Type: lstm layer, 	Scope: lstm_1
Units: 30, 	N activation bins: None
Bias: True, 	N activation bins: 2, 	Discrete activation: False
Type: ternary, 	Parametetrization: sigmoid, 	Priors: [0.3333333333333333, 0.3333333333333333, 0.3333333333333333]
p_init_min: 0.05, 	p_init_max: 0.95
SB init: ('xavier', None), 	SA init: ('dirichlet', [0.3, 0.3, 0.3])
Type: gaussian, 	M init: ('xavier', None), 	Log V init: ('xavier', None)
M prior: 0.0, 	 Log V prior: 0.0
None
Bias: True, 	N activation bins: 2, 	Discrete activation: False
Type: ternary, 	Parametetrization: sigmoid, 	Priors: [0.3333333333333333, 0.3333333333333333, 0.3333333333333333]
p_init_min: 0.05, 	p_init_max: 0.95
SB init: ('xavier', None), 	SA init: ('dirichlet', [0.3, 0.3, 0.3])
Type: gaussian, 	M init: -1.5, 	Log V init: ('xavier', None)
M prior: 0.0, 	 Log V prior: 0.0
None
Bias: True, 	N activation bins: 2, 	Discrete activation: False
Type: ternary, 	Parametetrization: sigmoid, 	Priors: [0.3333333333333333, 0.3333333333333333, 0.3333333333333333]
p_init_min: 0.05, 	p_init_max: 0.95
SB init: ('xavier', None), 	SA init: ('dirichlet', [0.3, 0.3, 0.3])
Type: gaussian, 	M init: ('xavier', None), 	Log V init: ('xavier', None)
M prior: 0.0, 	 Log V prior: 0.0
None

Layer #3, 	Type: ff layer, 	Scope: output_layer
Units: 10, 	N activation bins: None
====================================
Dataset configuration

Filename: /clusterFS/home/student/kopp13/datasets/mnist_pen_strokes/mps_all_tr.mat
Key: tr, 	In seq len: 45
Minibatch:  True, 	Size: 1024
Target bias removed: True, 	Shuffle: True

Filename: /clusterFS/home/student/kopp13/datasets/mnist_pen_strokes/mps_all_va.mat
Key: va, 	In seq len: 45
Minibatch:  True, 	Size: 1024
Target bias removed: True, 	Shuffle: False

Filename: /clusterFS/home/student/kopp13/datasets/mnist_pen_strokes/mps_all_te.mat
Key: te, 	In seq len: 45
Minibatch:  True, 	Size: 1024
Target bias removed: True, 	Shuffle: False
====================================
Info configuration

Filename:  test
Timer: False, 	Profiling: False, 	Profiling path: None
Save training metrics: True, 	Path: ../nr_spsc/
Save weights: False, 	Every: 1, 	Save best weights: False
Compute T Metrics every: 1

Load model from m_model0, 	 Force it: True
No model saving

starting
[('lstm_0/bc:0', 'lstm_0/bc'), ('lstm_0/bi:0', 'lstm_0/bi'), ('lstm_0/bo:0', 'lstm_0/bo'), ('lstm_0/wc:0', 'lstm_0/wc'), ('lstm_0/wi:0', 'lstm_0/wi'), ('lstm_0/wo:0', 'lstm_0/wo'), ('lstm_1/bc:0', 'lstm_1/bc'), ('lstm_1/bi:0', 'lstm_1/bi'), ('lstm_1/bo:0', 'lstm_1/bo'), ('lstm_1/wc:0', 'lstm_1/wc'), ('lstm_1/wi:0', 'lstm_1/wi'), ('lstm_1/wo:0', 'lstm_1/wo'), ('output_layer/b:0', 'output_layer/b'), ('output_layer/w:0', 'output_layer/w')]
output_layer/b
output_layer/w
=====
New variable
lstm_0/bc:0
lstm_0/bc
=====
New variable
lstm_0/bi:0
lstm_0/bi
=====
New variable
lstm_0/bo:0
lstm_0/bo
=====
New variable
lstm_0/wc:0
lstm_0/wc
=====
New variable
lstm_0/wi:0
lstm_0/wi
=====
New variable
lstm_0/wo:0
lstm_0/wo
=====
New variable
lstm_1/bc:0
lstm_1/bc
=====
New variable
lstm_1/bi:0
lstm_1/bi
=====
New variable
lstm_1/bo:0
lstm_1/bo
=====
New variable
lstm_1/wc:0
lstm_1/wc
=====
New variable
lstm_1/wi:0
lstm_1/wi
=====
New variable
lstm_1/wo:0
lstm_1/wo
=====
New variable
output_layer/b:0
output_layer/b
=====
New variable
output_layer/w:0
output_layer/w
=====
loaded
  0,  0 | TrAcc: 0.1394, TrLoss:  3.05440, VaAcc: 0.0728, VaLoss:  3.45615
 MAP NN | TrAcc: 0.4093 | VaAcc: 0.3291 | TeAcc: 0.2827
 S NN | TrAcc: 0.1544 | VaAcc: 0.0977 | TeAcc: 0.1035

  1,  0 | TrAcc: 0.1276, TrLoss:  2.86042, VaAcc: 0.1880, VaLoss:  2.76858
 MAP NN | TrAcc: 0.2246 | VaAcc: 0.3545 | TeAcc: 0.4458
 S NN | TrAcc: 0.0997 | VaAcc: 0.0918 | TeAcc: 0.1294

  2,  0 | TrAcc: 0.1422, TrLoss:  2.48450, VaAcc: 0.3896, VaLoss:  2.04872
 MAP NN | TrAcc: 0.1775 | VaAcc: 0.1396 | TeAcc: 0.1206
 S NN | TrAcc: 0.1350 | VaAcc: 0.0864 | TeAcc: 0.0776

  3,  0 | TrAcc: 0.1506, TrLoss:  2.36277, VaAcc: 0.0103, VaLoss:  2.62674
 MAP NN | TrAcc: 0.2712 | VaAcc: 0.2285 | TeAcc: 0.1914
 S NN | TrAcc: 0.1879 | VaAcc: 0.1284 | TeAcc: 0.1401

  4,  0 | TrAcc: 0.1316, TrLoss:  2.35215, VaAcc: 0.3379, VaLoss:  2.02424
 MAP NN | TrAcc: 0.1256 | VaAcc: 0.2642 | TeAcc: 0.0796
 S NN | TrAcc: 0.1792 | VaAcc: 0.0713 | TeAcc: 0.1875

  5,  0 | TrAcc: 0.1825, TrLoss:  2.22727, VaAcc: 0.2017, VaLoss:  2.06204
 MAP NN | TrAcc: 0.3497 | VaAcc: 0.2876 | TeAcc: 0.5342
 S NN | TrAcc: 0.1724 | VaAcc: 0.3262 | TeAcc: 0.4092

  6,  0 | TrAcc: 0.2504, TrLoss:  2.18561, VaAcc: 0.2480, VaLoss:  2.01299
 MAP NN | TrAcc: 0.3510 | VaAcc: 0.2866 | TeAcc: 0.2568
 S NN | TrAcc: 0.1827 | VaAcc: 0.1499 | TeAcc: 0.1597

  7,  0 | TrAcc: 0.2908, TrLoss:  1.99281, VaAcc: 0.1582, VaLoss:  1.87438
 MAP NN | TrAcc: 0.4250 | VaAcc: 0.3447 | TeAcc: 0.5898
 S NN | TrAcc: 0.3186 | VaAcc: 0.2295 | TeAcc: 0.1157

  8,  0 | TrAcc: 0.3258, TrLoss:  1.92420, VaAcc: 0.3364, VaLoss:  1.80886
 MAP NN | TrAcc: 0.4546 | VaAcc: 0.5376 | TeAcc: 0.6138
 S NN | TrAcc: 0.2722 | VaAcc: 0.1460 | TeAcc: 0.2544

  9,  0 | TrAcc: 0.3461, TrLoss:  1.83685, VaAcc: 0.2197, VaLoss:  1.75662
 MAP NN | TrAcc: 0.3339 | VaAcc: 0.2798 | TeAcc: 0.2480
 S NN | TrAcc: 0.3768 | VaAcc: 0.2388 | TeAcc: 0.4888

 10,  0 | TrAcc: 0.4574, TrLoss:  1.54105, VaAcc: 0.3970, VaLoss:  1.65837
 MAP NN | TrAcc: 0.4854 | VaAcc: 0.4121 | TeAcc: 0.6421
 S NN | TrAcc: 0.3701 | VaAcc: 0.5586 | TeAcc: 0.2920

 11,  0 | TrAcc: 0.4684, TrLoss:  1.47574, VaAcc: 0.4102, VaLoss:  1.57918
 MAP NN | TrAcc: 0.6344 | VaAcc: 0.6895 | TeAcc: 0.7529
 S NN | TrAcc: 0.3604 | VaAcc: 0.5615 | TeAcc: 0.1733

 12,  0 | TrAcc: 0.5361, TrLoss:  1.37279, VaAcc: 0.5205, VaLoss:  1.43474
 MAP NN | TrAcc: 0.5939 | VaAcc: 0.6597 | TeAcc: 0.4380
 S NN | TrAcc: 0.3774 | VaAcc: 0.3965 | TeAcc: 0.6060

 13,  0 | TrAcc: 0.5411, TrLoss:  1.33994, VaAcc: 0.4863, VaLoss:  1.28948
 MAP NN | TrAcc: 0.5704 | VaAcc: 0.4844 | TeAcc: 0.4033
 S NN | TrAcc: 0.3921 | VaAcc: 0.5244 | TeAcc: 0.6807

 14,  0 | TrAcc: 0.6038, TrLoss:  1.22480, VaAcc: 0.7217, VaLoss:  1.05051
 MAP NN | TrAcc: 0.6589 | VaAcc: 0.7153 | TeAcc: 0.7661
 S NN | TrAcc: 0.5370 | VaAcc: 0.5537 | TeAcc: 0.6431

 15,  0 | TrAcc: 0.6338, TrLoss:  1.10248, VaAcc: 0.7744, VaLoss:  0.97138
 MAP NN | TrAcc: 0.6727 | VaAcc: 0.7314 | TeAcc: 0.7847
 S NN | TrAcc: 0.5707 | VaAcc: 0.6631 | TeAcc: 0.4082

 16,  0 | TrAcc: 0.6520, TrLoss:  1.07412, VaAcc: 0.7363, VaLoss:  0.92884
 MAP NN | TrAcc: 0.7174 | VaAcc: 0.7549 | TeAcc: 0.8232
 S NN | TrAcc: 0.3683 | VaAcc: 0.5376 | TeAcc: 0.7046

 17,  0 | TrAcc: 0.6855, TrLoss:  0.99309, VaAcc: 0.7632, VaLoss:  0.87985
 MAP NN | TrAcc: 0.7271 | VaAcc: 0.7720 | TeAcc: 0.8232
 S NN | TrAcc: 0.6832 | VaAcc: 0.7095 | TeAcc: 0.4258

 18,  0 | TrAcc: 0.7268, TrLoss:  0.90691, VaAcc: 0.8120, VaLoss:  0.78481
 MAP NN | TrAcc: 0.7679 | VaAcc: 0.8110 | TeAcc: 0.5610
 S NN | TrAcc: 0.6752 | VaAcc: 0.5210 | TeAcc: 0.7896

 19,  0 | TrAcc: 0.7579, TrLoss:  0.82701, VaAcc: 0.8384, VaLoss:  0.70792
 MAP NN | TrAcc: 0.7562 | VaAcc: 0.7930 | TeAcc: 0.8564
 S NN | TrAcc: 0.5863 | VaAcc: 0.7412 | TeAcc: 0.7612

 20,  0 | TrAcc: 0.7532, TrLoss:  0.84810, VaAcc: 0.7935, VaLoss:  0.75921
 MAP NN | TrAcc: 0.7538 | VaAcc: 0.7983 | TeAcc: 0.5400
 S NN | TrAcc: 0.7068 | VaAcc: 0.7329 | TeAcc: 0.4863

 21,  0 | TrAcc: 0.7758, TrLoss:  0.79035, VaAcc: 0.8110, VaLoss:  0.68648
 MAP NN | TrAcc: 0.7743 | VaAcc: 0.8115 | TeAcc: 0.8550
 S NN | TrAcc: 0.5496 | VaAcc: 0.6440 | TeAcc: 0.7993

 22,  0 | TrAcc: 0.7812, TrLoss:  0.74967, VaAcc: 0.8066, VaLoss:  0.64743
 MAP NN | TrAcc: 0.7773 | VaAcc: 0.8086 | TeAcc: 0.8623
 S NN | TrAcc: 0.7578 | VaAcc: 0.5732 | TeAcc: 0.8154

 23,  0 | TrAcc: 0.8005, TrLoss:  0.68004, VaAcc: 0.8613, VaLoss:  0.61452
 MAP NN | TrAcc: 0.8153 | VaAcc: 0.8413 | TeAcc: 0.8779
 S NN | TrAcc: 0.7537 | VaAcc: 0.6309 | TeAcc: 0.8555

 24,  0 | TrAcc: 0.8212, TrLoss:  0.63279, VaAcc: 0.7861, VaLoss:  0.67337
 MAP NN | TrAcc: 0.8049 | VaAcc: 0.8335 | TeAcc: 0.8770
 S NN | TrAcc: 0.7120 | VaAcc: 0.8257 | TeAcc: 0.8730

 25,  0 | TrAcc: 0.8358, TrLoss:  0.57702, VaAcc: 0.8701, VaLoss:  0.52771
 MAP NN | TrAcc: 0.8092 | VaAcc: 0.8394 | TeAcc: 0.8779
 S NN | TrAcc: 0.7764 | VaAcc: 0.8101 | TeAcc: 0.8633

 26,  0 | TrAcc: 0.8357, TrLoss:  0.57565, VaAcc: 0.8774, VaLoss:  0.48028
 MAP NN | TrAcc: 0.8472 | VaAcc: 0.8638 | TeAcc: 0.8965
 S NN | TrAcc: 0.7952 | VaAcc: 0.8066 | TeAcc: 0.8662

 27,  0 | TrAcc: 0.8516, TrLoss:  0.51721, VaAcc: 0.8672, VaLoss:  0.50868
 MAP NN | TrAcc: 0.8351 | VaAcc: 0.8496 | TeAcc: 0.8872
 S NN | TrAcc: 0.8110 | VaAcc: 0.8208 | TeAcc: 0.8716

 28,  0 | TrAcc: 0.8433, TrLoss:  0.53697, VaAcc: 0.8716, VaLoss:  0.45724
 MAP NN | TrAcc: 0.8529 | VaAcc: 0.8633 | TeAcc: 0.9019
 S NN | TrAcc: 0.7770 | VaAcc: 0.6816 | TeAcc: 0.8579

 29,  0 | TrAcc: 0.8484, TrLoss:  0.51367, VaAcc: 0.8857, VaLoss:  0.42956
 MAP NN | TrAcc: 0.8533 | VaAcc: 0.8618 | TeAcc: 0.9009
 S NN | TrAcc: 0.7944 | VaAcc: 0.8618 | TeAcc: 0.8853

 30,  0 | TrAcc: 0.8491, TrLoss:  0.51310, VaAcc: 0.8525, VaLoss:  0.50241
 MAP NN | TrAcc: 0.8569 | VaAcc: 0.8735 | TeAcc: 0.9038
 S NN | TrAcc: 0.7830 | VaAcc: 0.8369 | TeAcc: 0.8506

 31,  0 | TrAcc: 0.8533, TrLoss:  0.49970, VaAcc: 0.8750, VaLoss:  0.43527
 MAP NN | TrAcc: 0.8463 | VaAcc: 0.8555 | TeAcc: 0.9009
 S NN | TrAcc: 0.7794 | VaAcc: 0.8569 | TeAcc: 0.5669

 32,  0 | TrAcc: 0.8613, TrLoss:  0.46648, VaAcc: 0.8638, VaLoss:  0.46500
 MAP NN | TrAcc: 0.8333 | VaAcc: 0.8472 | TeAcc: 0.8921
 S NN | TrAcc: 0.7662 | VaAcc: 0.8555 | TeAcc: 0.8613

 33,  0 | TrAcc: 0.8639, TrLoss:  0.47675, VaAcc: 0.8945, VaLoss:  0.40311
 MAP NN | TrAcc: 0.8647 | VaAcc: 0.8779 | TeAcc: 0.9087
 S NN | TrAcc: 0.8470 | VaAcc: 0.8423 | TeAcc: 0.7856

 34,  0 | TrAcc: 0.8740, TrLoss:  0.43478, VaAcc: 0.8804, VaLoss:  0.42518
 MAP NN | TrAcc: 0.8745 | VaAcc: 0.8872 | TeAcc: 0.9170
 S NN | TrAcc: 0.8254 | VaAcc: 0.8457 | TeAcc: 0.9009

 35,  0 | TrAcc: 0.8688, TrLoss:  0.44280, VaAcc: 0.8931, VaLoss:  0.40510
 MAP NN | TrAcc: 0.8823 | VaAcc: 0.8926 | TeAcc: 0.9199
 S NN | TrAcc: 0.8479 | VaAcc: 0.8569 | TeAcc: 0.5688

 36,  0 | TrAcc: 0.8771, TrLoss:  0.41831, VaAcc: 0.8955, VaLoss:  0.38677
 MAP NN | TrAcc: 0.8810 | VaAcc: 0.8960 | TeAcc: 0.9170
 S NN | TrAcc: 0.8435 | VaAcc: 0.8286 | TeAcc: 0.9043

 37,  0 | TrAcc: 0.8881, TrLoss:  0.39559, VaAcc: 0.8989, VaLoss:  0.38007
 MAP NN | TrAcc: 0.8856 | VaAcc: 0.8940 | TeAcc: 0.9180
 S NN | TrAcc: 0.7406 | VaAcc: 0.8794 | TeAcc: 0.9170

 38,  0 | TrAcc: 0.8878, TrLoss:  0.39861, VaAcc: 0.8774, VaLoss:  0.41378
 MAP NN | TrAcc: 0.8895 | VaAcc: 0.9019 | TeAcc: 0.9199
 S NN | TrAcc: 0.8505 | VaAcc: 0.8677 | TeAcc: 0.8926

 39,  0 | TrAcc: 0.8892, TrLoss:  0.38472, VaAcc: 0.8994, VaLoss:  0.36186
 MAP NN | TrAcc: 0.8923 | VaAcc: 0.9048 | TeAcc: 0.9253
 S NN | TrAcc: 0.8516 | VaAcc: 0.8813 | TeAcc: 0.8691

 40,  0 | TrAcc: 0.8917, TrLoss:  0.37696, VaAcc: 0.8887, VaLoss:  0.39865
 MAP NN | TrAcc: 0.8944 | VaAcc: 0.9019 | TeAcc: 0.9277
 S NN | TrAcc: 0.8550 | VaAcc: 0.8726 | TeAcc: 0.9131

 41,  0 | TrAcc: 0.8925, TrLoss:  0.37041, VaAcc: 0.8994, VaLoss:  0.36664
 MAP NN | TrAcc: 0.9017 | VaAcc: 0.9053 | TeAcc: 0.9263
 S NN | TrAcc: 0.8647 | VaAcc: 0.8716 | TeAcc: 0.9180

 42,  0 | TrAcc: 0.8966, TrLoss:  0.36072, VaAcc: 0.8931, VaLoss:  0.36583
 MAP NN | TrAcc: 0.9056 | VaAcc: 0.9102 | TeAcc: 0.9302
 S NN | TrAcc: 0.8534 | VaAcc: 0.8774 | TeAcc: 0.8921

 43,  0 | TrAcc: 0.9020, TrLoss:  0.33387, VaAcc: 0.9219, VaLoss:  0.30429
 MAP NN | TrAcc: 0.8992 | VaAcc: 0.9028 | TeAcc: 0.9307
 S NN | TrAcc: 0.8773 | VaAcc: 0.8936 | TeAcc: 0.9004

 44,  0 | TrAcc: 0.8900, TrLoss:  0.36442, VaAcc: 0.8926, VaLoss:  0.37117
 MAP NN | TrAcc: 0.9060 | VaAcc: 0.9102 | TeAcc: 0.9336
 S NN | TrAcc: 0.8861 | VaAcc: 0.8843 | TeAcc: 0.9229

 45,  0 | TrAcc: 0.9010, TrLoss:  0.33262, VaAcc: 0.9097, VaLoss:  0.30547
 MAP NN | TrAcc: 0.9054 | VaAcc: 0.9067 | TeAcc: 0.9302
 S NN | TrAcc: 0.8553 | VaAcc: 0.8818 | TeAcc: 0.9111

 46,  0 | TrAcc: 0.8992, TrLoss:  0.33054, VaAcc: 0.9102, VaLoss:  0.31316
 MAP NN | TrAcc: 0.9069 | VaAcc: 0.9048 | TeAcc: 0.9316
 S NN | TrAcc: 0.8624 | VaAcc: 0.8906 | TeAcc: 0.9243

 47,  0 | TrAcc: 0.8937, TrLoss:  0.34827, VaAcc: 0.9111, VaLoss:  0.41807
 MAP NN | TrAcc: 0.9014 | VaAcc: 0.9043 | TeAcc: 0.9292
 S NN | TrAcc: 0.8293 | VaAcc: 0.8604 | TeAcc: 0.9170

 48,  0 | TrAcc: 0.8993, TrLoss:  0.33362, VaAcc: 0.9077, VaLoss:  0.34411
 MAP NN | TrAcc: 0.8938 | VaAcc: 0.8906 | TeAcc: 0.9307
 S NN | TrAcc: 0.8752 | VaAcc: 0.9053 | TeAcc: 0.9141

 49,  0 | TrAcc: 0.8862, TrLoss:  0.36149, VaAcc: 0.9038, VaLoss:  0.34656
 MAP NN | TrAcc: 0.9033 | VaAcc: 0.9092 | TeAcc: 0.9409
 S NN | TrAcc: 0.8370 | VaAcc: 0.8901 | TeAcc: 0.9287

 50,  0 | TrAcc: 0.9052, TrLoss:  0.30766, VaAcc: 0.9097, VaLoss:  0.32374
 MAP NN | TrAcc: 0.9033 | VaAcc: 0.8984 | TeAcc: 0.9243
 S NN | TrAcc: 0.8729 | VaAcc: 0.8721 | TeAcc: 0.9116

 51,  0 | TrAcc: 0.9102, TrLoss:  0.28945, VaAcc: 0.8970, VaLoss:  0.36214
 MAP NN | TrAcc: 0.9131 | VaAcc: 0.9131 | TeAcc: 0.9341
 S NN | TrAcc: 0.8925 | VaAcc: 0.8965 | TeAcc: 0.9336

 52,  0 | TrAcc: 0.9130, TrLoss:  0.28353, VaAcc: 0.9131, VaLoss:  0.29172
 MAP NN | TrAcc: 0.9178 | VaAcc: 0.9204 | TeAcc: 0.9399
 S NN | TrAcc: 0.8883 | VaAcc: 0.8921 | TeAcc: 0.9263

 53,  0 | TrAcc: 0.9215, TrLoss:  0.26278, VaAcc: 0.9155, VaLoss:  0.29453
 MAP NN | TrAcc: 0.9242 | VaAcc: 0.9243 | TeAcc: 0.9404
 S NN | TrAcc: 0.8928 | VaAcc: 0.9048 | TeAcc: 0.9282

 54,  0 | TrAcc: 0.9156, TrLoss:  0.27026, VaAcc: 0.9136, VaLoss:  0.30008
 MAP NN | TrAcc: 0.9220 | VaAcc: 0.9233 | TeAcc: 0.9429
 S NN | TrAcc: 0.8611 | VaAcc: 0.9092 | TeAcc: 0.9360

 55,  0 | TrAcc: 0.9167, TrLoss:  0.28227, VaAcc: 0.9219, VaLoss:  0.29229
 MAP NN | TrAcc: 0.9110 | VaAcc: 0.9170 | TeAcc: 0.9351
 S NN | TrAcc: 0.9088 | VaAcc: 0.8237 | TeAcc: 0.9229

 56,  0 | TrAcc: 0.9196, TrLoss:  0.26960, VaAcc: 0.9238, VaLoss:  0.25602
 MAP NN | TrAcc: 0.9246 | VaAcc: 0.9263 | TeAcc: 0.9424
 S NN | TrAcc: 0.8632 | VaAcc: 0.9102 | TeAcc: 0.9370

 57,  0 | TrAcc: 0.9232, TrLoss:  0.25483, VaAcc: 0.9272, VaLoss:  0.26093
 MAP NN | TrAcc: 0.9259 | VaAcc: 0.9233 | TeAcc: 0.9448
 S NN | TrAcc: 0.9058 | VaAcc: 0.8901 | TeAcc: 0.9204

 58,  0 | TrAcc: 0.9232, TrLoss:  0.24478, VaAcc: 0.9263, VaLoss:  0.24506
 MAP NN | TrAcc: 0.9270 | VaAcc: 0.9224 | TeAcc: 0.9438
 S NN | TrAcc: 0.8879 | VaAcc: 0.9136 | TeAcc: 0.9316

 59,  0 | TrAcc: 0.9242, TrLoss:  0.25028, VaAcc: 0.9121, VaLoss:  0.29462
 MAP NN | TrAcc: 0.9280 | VaAcc: 0.9224 | TeAcc: 0.9463
 S NN | TrAcc: 0.9052 | VaAcc: 0.8931 | TeAcc: 0.9399

 60,  0 | TrAcc: 0.9303, TrLoss:  0.23940, VaAcc: 0.9287, VaLoss:  0.23634
 MAP NN | TrAcc: 0.9329 | VaAcc: 0.9341 | TeAcc: 0.9453
 S NN | TrAcc: 0.9006 | VaAcc: 0.9058 | TeAcc: 0.9365

 61,  0 | TrAcc: 0.9286, TrLoss:  0.24076, VaAcc: 0.9316, VaLoss:  0.26435
 MAP NN | TrAcc: 0.9359 | VaAcc: 0.9302 | TeAcc: 0.9487
 S NN | TrAcc: 0.9240 | VaAcc: 0.8931 | TeAcc: 0.9360

 62,  0 | TrAcc: 0.9297, TrLoss:  0.23545, VaAcc: 0.9272, VaLoss:  0.25047
 MAP NN | TrAcc: 0.9344 | VaAcc: 0.9312 | TeAcc: 0.9507
 S NN | TrAcc: 0.8986 | VaAcc: 0.8984 | TeAcc: 0.9419

 63,  0 | TrAcc: 0.9316, TrLoss:  0.22619, VaAcc: 0.9092, VaLoss:  0.28631
 MAP NN | TrAcc: 0.9396 | VaAcc: 0.9341 | TeAcc: 0.9565
 S NN | TrAcc: 0.9263 | VaAcc: 0.9023 | TeAcc: 0.9150

 64,  0 | TrAcc: 0.9343, TrLoss:  0.22054, VaAcc: 0.9277, VaLoss:  0.24736
 MAP NN | TrAcc: 0.9370 | VaAcc: 0.9365 | TeAcc: 0.9502
 S NN | TrAcc: 0.8982 | VaAcc: 0.9077 | TeAcc: 0.9316

 65,  0 | TrAcc: 0.9346, TrLoss:  0.21853, VaAcc: 0.9229, VaLoss:  0.26159
 MAP NN | TrAcc: 0.9348 | VaAcc: 0.9326 | TeAcc: 0.9458
 S NN | TrAcc: 0.9072 | VaAcc: 0.9023 | TeAcc: 0.9390

 66,  0 | TrAcc: 0.9327, TrLoss:  0.22285, VaAcc: 0.9336, VaLoss:  0.24081
 MAP NN | TrAcc: 0.9302 | VaAcc: 0.9229 | TeAcc: 0.9502
 S NN | TrAcc: 0.9177 | VaAcc: 0.9194 | TeAcc: 0.9277

 67,  0 | TrAcc: 0.9359, TrLoss:  0.21929, VaAcc: 0.9360, VaLoss:  0.23264
 MAP NN | TrAcc: 0.9418 | VaAcc: 0.9341 | TeAcc: 0.9609
 S NN | TrAcc: 0.9255 | VaAcc: 0.9189 | TeAcc: 0.9429

 68,  0 | TrAcc: 0.9407, TrLoss:  0.19876, VaAcc: 0.9297, VaLoss:  0.26434
 MAP NN | TrAcc: 0.9424 | VaAcc: 0.9302 | TeAcc: 0.9536
 S NN | TrAcc: 0.9275 | VaAcc: 0.9136 | TeAcc: 0.9390

 69,  0 | TrAcc: 0.9430, TrLoss:  0.19840, VaAcc: 0.9302, VaLoss:  0.23917
 MAP NN | TrAcc: 0.9421 | VaAcc: 0.9370 | TeAcc: 0.9580
 S NN | TrAcc: 0.9044 | VaAcc: 0.9131 | TeAcc: 0.9517

 70,  0 | TrAcc: 0.9402, TrLoss:  0.20509, VaAcc: 0.9360, VaLoss:  0.22940
 MAP NN | TrAcc: 0.9442 | VaAcc: 0.9326 | TeAcc: 0.9570
 S NN | TrAcc: 0.9287 | VaAcc: 0.9175 | TeAcc: 0.9272

 71,  0 | TrAcc: 0.9393, TrLoss:  0.20430, VaAcc: 0.9336, VaLoss:  0.23572
 MAP NN | TrAcc: 0.9357 | VaAcc: 0.9297 | TeAcc: 0.9541
 S NN | TrAcc: 0.9126 | VaAcc: 0.9155 | TeAcc: 0.9287

 72,  0 | TrAcc: 0.9406, TrLoss:  0.19840, VaAcc: 0.9346, VaLoss:  0.22095
 MAP NN | TrAcc: 0.9384 | VaAcc: 0.9341 | TeAcc: 0.9556
 S NN | TrAcc: 0.9218 | VaAcc: 0.9170 | TeAcc: 0.9492

 73,  0 | TrAcc: 0.9412, TrLoss:  0.19917, VaAcc: 0.9399, VaLoss:  0.22481
 MAP NN | TrAcc: 0.9409 | VaAcc: 0.9331 | TeAcc: 0.9570
 S NN | TrAcc: 0.9237 | VaAcc: 0.9146 | TeAcc: 0.9463

 74,  0 | TrAcc: 0.9442, TrLoss:  0.18781, VaAcc: 0.9370, VaLoss:  0.21234
 MAP NN | TrAcc: 0.9475 | VaAcc: 0.9380 | TeAcc: 0.9546
 S NN | TrAcc: 0.9292 | VaAcc: 0.9194 | TeAcc: 0.9517

 75,  0 | TrAcc: 0.9421, TrLoss:  0.19191, VaAcc: 0.9399, VaLoss:  0.22450
 MAP NN | TrAcc: 0.9442 | VaAcc: 0.9321 | TeAcc: 0.9551
 S NN | TrAcc: 0.9174 | VaAcc: 0.9292 | TeAcc: 0.9487

 76,  0 | TrAcc: 0.9393, TrLoss:  0.19842, VaAcc: 0.9346, VaLoss:  0.24061
 MAP NN | TrAcc: 0.9340 | VaAcc: 0.9199 | TeAcc: 0.9453
 S NN | TrAcc: 0.9354 | VaAcc: 0.9331 | TeAcc: 0.9434

 77,  0 | TrAcc: 0.9460, TrLoss:  0.18078, VaAcc: 0.9336, VaLoss:  0.23542
 MAP NN | TrAcc: 0.9446 | VaAcc: 0.9351 | TeAcc: 0.9575
 S NN | TrAcc: 0.9351 | VaAcc: 0.9243 | TeAcc: 0.9502

 78,  0 | TrAcc: 0.9435, TrLoss:  0.18218, VaAcc: 0.9399, VaLoss:  0.22730
 MAP NN | TrAcc: 0.9397 | VaAcc: 0.9287 | TeAcc: 0.9590
 S NN | TrAcc: 0.9276 | VaAcc: 0.9185 | TeAcc: 0.9448

 79,  0 | TrAcc: 0.9474, TrLoss:  0.17747, VaAcc: 0.9365, VaLoss:  0.21726
 MAP NN | TrAcc: 0.9457 | VaAcc: 0.9346 | TeAcc: 0.9565
 S NN | TrAcc: 0.9335 | VaAcc: 0.9224 | TeAcc: 0.9404

 80,  0 | TrAcc: 0.9462, TrLoss:  0.18390, VaAcc: 0.9443, VaLoss:  0.21749
 MAP NN | TrAcc: 0.9393 | VaAcc: 0.9277 | TeAcc: 0.9531
 S NN | TrAcc: 0.9316 | VaAcc: 0.9155 | TeAcc: 0.9487

 81,  0 | TrAcc: 0.9515, TrLoss:  0.17458, VaAcc: 0.9326, VaLoss:  0.22699
 MAP NN | TrAcc: 0.9501 | VaAcc: 0.9385 | TeAcc: 0.9604
 S NN | TrAcc: 0.9390 | VaAcc: 0.9204 | TeAcc: 0.6479

 82,  0 | TrAcc: 0.9497, TrLoss:  0.17199, VaAcc: 0.9414, VaLoss:  0.21032
 MAP NN | TrAcc: 0.9510 | VaAcc: 0.9375 | TeAcc: 0.9619
 S NN | TrAcc: 0.9215 | VaAcc: 0.9229 | TeAcc: 0.9551

 83,  0 | TrAcc: 0.9486, TrLoss:  0.17342, VaAcc: 0.9375, VaLoss:  0.20991
 MAP NN | TrAcc: 0.9463 | VaAcc: 0.9336 | TeAcc: 0.9629
 S NN | TrAcc: 0.9419 | VaAcc: 0.9248 | TeAcc: 0.9512

 84,  0 | TrAcc: 0.9496, TrLoss:  0.16120, VaAcc: 0.9321, VaLoss:  0.22674
 MAP NN | TrAcc: 0.9418 | VaAcc: 0.9326 | TeAcc: 0.9580
 S NN | TrAcc: 0.9320 | VaAcc: 0.7363 | TeAcc: 0.9482

 85,  0 | TrAcc: 0.9509, TrLoss:  0.16307, VaAcc: 0.9365, VaLoss:  0.20641
 MAP NN | TrAcc: 0.9502 | VaAcc: 0.9399 | TeAcc: 0.9609
 S NN | TrAcc: 0.9359 | VaAcc: 0.9277 | TeAcc: 0.9546

 86,  0 | TrAcc: 0.9524, TrLoss:  0.15774, VaAcc: 0.9360, VaLoss:  0.20939
 MAP NN | TrAcc: 0.9526 | VaAcc: 0.9443 | TeAcc: 0.9648
 S NN | TrAcc: 0.9381 | VaAcc: 0.9287 | TeAcc: 0.9536

 87,  0 | TrAcc: 0.9510, TrLoss:  0.16006, VaAcc: 0.9399, VaLoss:  0.21271
 MAP NN | TrAcc: 0.9429 | VaAcc: 0.9341 | TeAcc: 0.9561
 S NN | TrAcc: 0.9006 | VaAcc: 0.9062 | TeAcc: 0.9570

 88,  0 | TrAcc: 0.9493, TrLoss:  0.16902, VaAcc: 0.9360, VaLoss:  0.22291
 MAP NN | TrAcc: 0.9517 | VaAcc: 0.9468 | TeAcc: 0.9590
 S NN | TrAcc: 0.9349 | VaAcc: 0.9312 | TeAcc: 0.9570

 89,  0 | TrAcc: 0.9482, TrLoss:  0.16624, VaAcc: 0.9434, VaLoss:  0.20649
 MAP NN | TrAcc: 0.9438 | VaAcc: 0.9351 | TeAcc: 0.9531
 S NN | TrAcc: 0.9342 | VaAcc: 0.9253 | TeAcc: 0.9473

 90,  0 | TrAcc: 0.9531, TrLoss:  0.15887, VaAcc: 0.9409, VaLoss:  0.21127
 MAP NN | TrAcc: 0.9541 | VaAcc: 0.9409 | TeAcc: 0.9653
 S NN | TrAcc: 0.9385 | VaAcc: 0.9336 | TeAcc: 0.9526

 91,  0 | TrAcc: 0.9564, TrLoss:  0.15219, VaAcc: 0.9365, VaLoss:  0.21742
 MAP NN | TrAcc: 0.9532 | VaAcc: 0.9414 | TeAcc: 0.9634
 S NN | TrAcc: 0.9384 | VaAcc: 0.9282 | TeAcc: 0.9536

 92,  0 | TrAcc: 0.9532, TrLoss:  0.15603, VaAcc: 0.9507, VaLoss:  0.19250
 MAP NN | TrAcc: 0.9532 | VaAcc: 0.9438 | TeAcc: 0.9619
 S NN | TrAcc: 0.9434 | VaAcc: 0.9263 | TeAcc: 0.9429

 93,  0 | TrAcc: 0.9557, TrLoss:  0.14838, VaAcc: 0.9507, VaLoss:  0.18978
 MAP NN | TrAcc: 0.9547 | VaAcc: 0.9468 | TeAcc: 0.9644
 S NN | TrAcc: 0.9464 | VaAcc: 0.9209 | TeAcc: 0.9526

 94,  0 | TrAcc: 0.9531, TrLoss:  0.16084, VaAcc: 0.9365, VaLoss:  0.21906
 MAP NN | TrAcc: 0.9490 | VaAcc: 0.9390 | TeAcc: 0.9570
 S NN | TrAcc: 0.9447 | VaAcc: 0.9336 | TeAcc: 0.9521

 95,  0 | TrAcc: 0.9534, TrLoss:  0.15859, VaAcc: 0.9443, VaLoss:  0.20067
 MAP NN | TrAcc: 0.9565 | VaAcc: 0.9497 | TeAcc: 0.9609
 S NN | TrAcc: 0.9429 | VaAcc: 0.9121 | TeAcc: 0.9541

 96,  0 | TrAcc: 0.9573, TrLoss:  0.14634, VaAcc: 0.9399, VaLoss:  0.22763
 MAP NN | TrAcc: 0.9509 | VaAcc: 0.9414 | TeAcc: 0.9556
 S NN | TrAcc: 0.9382 | VaAcc: 0.9199 | TeAcc: 0.9517

 97,  0 | TrAcc: 0.9583, TrLoss:  0.14089, VaAcc: 0.9355, VaLoss:  0.21608
 MAP NN | TrAcc: 0.9595 | VaAcc: 0.9458 | TeAcc: 0.9634
 S NN | TrAcc: 0.9487 | VaAcc: 0.9307 | TeAcc: 0.9517

 98,  0 | TrAcc: 0.9557, TrLoss:  0.14365, VaAcc: 0.9385, VaLoss:  0.21103
 MAP NN | TrAcc: 0.9587 | VaAcc: 0.9458 | TeAcc: 0.9600
 S NN | TrAcc: 0.9395 | VaAcc: 0.9194 | TeAcc: 0.9575

 99,  0 | TrAcc: 0.9575, TrLoss:  0.14429, VaAcc: 0.9458, VaLoss:  0.19923
 MAP NN | TrAcc: 0.9506 | VaAcc: 0.9414 | TeAcc: 0.9526
 S NN | TrAcc: 0.9401 | VaAcc: 0.9214 | TeAcc: 0.9561

100,  0 | TrAcc: 0.9585, TrLoss:  0.14212, VaAcc: 0.9453, VaLoss:  0.19844
 MAP NN | TrAcc: 0.9579 | VaAcc: 0.9438 | TeAcc: 0.9619
 S NN | TrAcc: 0.9521 | VaAcc: 0.9385 | TeAcc: 0.9526

101,  0 | TrAcc: 0.9576, TrLoss:  0.14175, VaAcc: 0.9346, VaLoss:  0.21738
 MAP NN | TrAcc: 0.9498 | VaAcc: 0.9385 | TeAcc: 0.9600
 S NN | TrAcc: 0.9265 | VaAcc: 0.9326 | TeAcc: 0.9556

102,  0 | TrAcc: 0.9585, TrLoss:  0.13660, VaAcc: 0.9502, VaLoss:  0.18315
 MAP NN | TrAcc: 0.9556 | VaAcc: 0.9424 | TeAcc: 0.9619
 S NN | TrAcc: 0.9460 | VaAcc: 0.9385 | TeAcc: 0.9644

103,  0 | TrAcc: 0.9608, TrLoss:  0.13155, VaAcc: 0.9497, VaLoss:  0.18304
 MAP NN | TrAcc: 0.9497 | VaAcc: 0.9380 | TeAcc: 0.9580
 S NN | TrAcc: 0.9473 | VaAcc: 0.9302 | TeAcc: 0.9585

104,  0 | TrAcc: 0.9608, TrLoss:  0.13462, VaAcc: 0.9531, VaLoss:  0.17765
 MAP NN | TrAcc: 0.9602 | VaAcc: 0.9487 | TeAcc: 0.9629
 S NN | TrAcc: 0.9506 | VaAcc: 0.9282 | TeAcc: 0.9590

105,  0 | TrAcc: 0.9617, TrLoss:  0.12940, VaAcc: 0.9429, VaLoss:  0.19615
 MAP NN | TrAcc: 0.9579 | VaAcc: 0.9409 | TeAcc: 0.9648
 S NN | TrAcc: 0.9512 | VaAcc: 0.9409 | TeAcc: 0.9570

106,  0 | TrAcc: 0.9606, TrLoss:  0.13438, VaAcc: 0.9448, VaLoss:  0.20324
 MAP NN | TrAcc: 0.9507 | VaAcc: 0.9404 | TeAcc: 0.9624
 S NN | TrAcc: 0.9480 | VaAcc: 0.9321 | TeAcc: 0.9580

107,  0 | TrAcc: 0.9596, TrLoss:  0.13094, VaAcc: 0.9448, VaLoss:  0.19801
 MAP NN | TrAcc: 0.9608 | VaAcc: 0.9434 | TeAcc: 0.9619
 S NN | TrAcc: 0.9441 | VaAcc: 0.9380 | TeAcc: 0.9517

108,  0 | TrAcc: 0.9620, TrLoss:  0.12970, VaAcc: 0.9414, VaLoss:  0.20229
 MAP NN | TrAcc: 0.9568 | VaAcc: 0.9473 | TeAcc: 0.9600
 S NN | TrAcc: 0.9458 | VaAcc: 0.9346 | TeAcc: 0.6699

109,  0 | TrAcc: 0.9608, TrLoss:  0.13252, VaAcc: 0.9517, VaLoss:  0.18429
 MAP NN | TrAcc: 0.9594 | VaAcc: 0.9414 | TeAcc: 0.9639
 S NN | TrAcc: 0.9392 | VaAcc: 0.9331 | TeAcc: 0.9546

110,  0 | TrAcc: 0.9633, TrLoss:  0.12761, VaAcc: 0.9478, VaLoss:  0.20200
 MAP NN | TrAcc: 0.9618 | VaAcc: 0.9502 | TeAcc: 0.9619
 S NN | TrAcc: 0.9539 | VaAcc: 0.9468 | TeAcc: 0.9580

111,  0 | TrAcc: 0.9648, TrLoss:  0.12022, VaAcc: 0.9526, VaLoss:  0.17641
 MAP NN | TrAcc: 0.9590 | VaAcc: 0.9453 | TeAcc: 0.9619
 S NN | TrAcc: 0.9425 | VaAcc: 0.9429 | TeAcc: 0.9556

112,  0 | TrAcc: 0.9634, TrLoss:  0.12806, VaAcc: 0.9521, VaLoss:  0.18190
 MAP NN | TrAcc: 0.9636 | VaAcc: 0.9478 | TeAcc: 0.9688
 S NN | TrAcc: 0.9482 | VaAcc: 0.9370 | TeAcc: 0.9575

113,  0 | TrAcc: 0.9607, TrLoss:  0.12309, VaAcc: 0.9463, VaLoss:  0.19073
 MAP NN | TrAcc: 0.9623 | VaAcc: 0.9463 | TeAcc: 0.9639
 S NN | TrAcc: 0.9553 | VaAcc: 0.9209 | TeAcc: 0.9551

114,  0 | TrAcc: 0.9673, TrLoss:  0.11586, VaAcc: 0.9429, VaLoss:  0.18198
 MAP NN | TrAcc: 0.9559 | VaAcc: 0.9424 | TeAcc: 0.9634
 S NN | TrAcc: 0.9530 | VaAcc: 0.9336 | TeAcc: 0.9551

115,  0 | TrAcc: 0.9667, TrLoss:  0.11809, VaAcc: 0.9463, VaLoss:  0.18352
 MAP NN | TrAcc: 0.9658 | VaAcc: 0.9502 | TeAcc: 0.9653
 S NN | TrAcc: 0.9576 | VaAcc: 0.9453 | TeAcc: 0.9644

116,  0 | TrAcc: 0.9630, TrLoss:  0.12232, VaAcc: 0.9478, VaLoss:  0.19423
 MAP NN | TrAcc: 0.9604 | VaAcc: 0.9463 | TeAcc: 0.9673
 S NN | TrAcc: 0.9507 | VaAcc: 0.9434 | TeAcc: 0.9551

117,  0 | TrAcc: 0.9651, TrLoss:  0.11803, VaAcc: 0.9541, VaLoss:  0.17527
 MAP NN | TrAcc: 0.9629 | VaAcc: 0.9458 | TeAcc: 0.9668
 S NN | TrAcc: 0.9568 | VaAcc: 0.9355 | TeAcc: 0.9668

118,  0 | TrAcc: 0.9673, TrLoss:  0.11332, VaAcc: 0.9414, VaLoss:  0.19273
 MAP NN | TrAcc: 0.9668 | VaAcc: 0.9463 | TeAcc: 0.9658
 S NN | TrAcc: 0.9578 | VaAcc: 0.9414 | TeAcc: 0.9653

119,  0 | TrAcc: 0.9637, TrLoss:  0.11845, VaAcc: 0.9478, VaLoss:  0.18601
 MAP NN | TrAcc: 0.9653 | VaAcc: 0.9443 | TeAcc: 0.9658
 S NN | TrAcc: 0.9484 | VaAcc: 0.9380 | TeAcc: 0.9531

120,  0 | TrAcc: 0.9666, TrLoss:  0.11213, VaAcc: 0.9541, VaLoss:  0.18424
 MAP NN | TrAcc: 0.9684 | VaAcc: 0.9487 | TeAcc: 0.9629
 S NN | TrAcc: 0.9591 | VaAcc: 0.9385 | TeAcc: 0.9565

121,  0 | TrAcc: 0.9669, TrLoss:  0.11247, VaAcc: 0.9463, VaLoss:  0.19229
 MAP NN | TrAcc: 0.9653 | VaAcc: 0.9487 | TeAcc: 0.9604
 S NN | TrAcc: 0.9563 | VaAcc: 0.9370 | TeAcc: 0.9600

122,  0 | TrAcc: 0.9677, TrLoss:  0.10744, VaAcc: 0.9507, VaLoss:  0.17570
 MAP NN | TrAcc: 0.9667 | VaAcc: 0.9434 | TeAcc: 0.9658
 S NN | TrAcc: 0.9600 | VaAcc: 0.9458 | TeAcc: 0.9595

123,  0 | TrAcc: 0.9663, TrLoss:  0.10960, VaAcc: 0.9536, VaLoss:  0.17760
 MAP NN | TrAcc: 0.9677 | VaAcc: 0.9512 | TeAcc: 0.9658
 S NN | TrAcc: 0.9634 | VaAcc: 0.9419 | TeAcc: 0.9614

124,  0 | TrAcc: 0.9668, TrLoss:  0.11264, VaAcc: 0.9434, VaLoss:  0.19392
 MAP NN | TrAcc: 0.9631 | VaAcc: 0.9438 | TeAcc: 0.9644
 S NN | TrAcc: 0.9546 | VaAcc: 0.9438 | TeAcc: 0.9565

125,  0 | TrAcc: 0.9650, TrLoss:  0.11723, VaAcc: 0.9453, VaLoss:  0.18199
 MAP NN | TrAcc: 0.9685 | VaAcc: 0.9512 | TeAcc: 0.9604
 S NN | TrAcc: 0.9564 | VaAcc: 0.9409 | TeAcc: 0.9497

126,  0 | TrAcc: 0.9698, TrLoss:  0.10379, VaAcc: 0.9556, VaLoss:  0.17726
 MAP NN | TrAcc: 0.9684 | VaAcc: 0.9478 | TeAcc: 0.9668
 S NN | TrAcc: 0.9608 | VaAcc: 0.9375 | TeAcc: 0.9624

127,  0 | TrAcc: 0.9675, TrLoss:  0.10579, VaAcc: 0.9565, VaLoss:  0.17715
 MAP NN | TrAcc: 0.9686 | VaAcc: 0.9526 | TeAcc: 0.9663
 S NN | TrAcc: 0.9631 | VaAcc: 0.9365 | TeAcc: 0.9570

128,  0 | TrAcc: 0.9672, TrLoss:  0.10983, VaAcc: 0.9473, VaLoss:  0.19282
 MAP NN | TrAcc: 0.9677 | VaAcc: 0.9482 | TeAcc: 0.9673
 S NN | TrAcc: 0.9556 | VaAcc: 0.9321 | TeAcc: 0.9551

129,  0 | TrAcc: 0.9659, TrLoss:  0.11225, VaAcc: 0.9492, VaLoss:  0.17982
 MAP NN | TrAcc: 0.9667 | VaAcc: 0.9453 | TeAcc: 0.9634
 S NN | TrAcc: 0.9613 | VaAcc: 0.9365 | TeAcc: 0.9604

130,  0 | TrAcc: 0.9664, TrLoss:  0.10526, VaAcc: 0.9487, VaLoss:  0.18846
 MAP NN | TrAcc: 0.9691 | VaAcc: 0.9458 | TeAcc: 0.9639
 S NN | TrAcc: 0.9602 | VaAcc: 0.9370 | TeAcc: 0.9604

131,  0 | TrAcc: 0.9678, TrLoss:  0.10782, VaAcc: 0.9497, VaLoss:  0.19002
 MAP NN | TrAcc: 0.9690 | VaAcc: 0.9492 | TeAcc: 0.9668
 S NN | TrAcc: 0.9546 | VaAcc: 0.9473 | TeAcc: 0.9619

132,  0 | TrAcc: 0.9669, TrLoss:  0.10777, VaAcc: 0.9434, VaLoss:  0.19412
 MAP NN | TrAcc: 0.9629 | VaAcc: 0.9399 | TeAcc: 0.9580
 S NN | TrAcc: 0.9629 | VaAcc: 0.9409 | TeAcc: 0.9600

133,  0 | TrAcc: 0.9702, TrLoss:  0.09719, VaAcc: 0.9565, VaLoss:  0.16572
 MAP NN | TrAcc: 0.9698 | VaAcc: 0.9448 | TeAcc: 0.9619
 S NN | TrAcc: 0.9602 | VaAcc: 0.9478 | TeAcc: 0.9624

134,  0 | TrAcc: 0.9700, TrLoss:  0.10232, VaAcc: 0.9497, VaLoss:  0.17704
 MAP NN | TrAcc: 0.9662 | VaAcc: 0.9507 | TeAcc: 0.9658
 S NN | TrAcc: 0.9642 | VaAcc: 0.9478 | TeAcc: 0.9575

135,  0 | TrAcc: 0.9718, TrLoss:  0.09595, VaAcc: 0.9512, VaLoss:  0.17902
 MAP NN | TrAcc: 0.9698 | VaAcc: 0.9458 | TeAcc: 0.9639
 S NN | TrAcc: 0.9634 | VaAcc: 0.9419 | TeAcc: 0.9600

136,  0 | TrAcc: 0.9692, TrLoss:  0.10274, VaAcc: 0.9512, VaLoss:  0.18381
 MAP NN | TrAcc: 0.9652 | VaAcc: 0.9434 | TeAcc: 0.9585
 S NN | TrAcc: 0.9612 | VaAcc: 0.9385 | TeAcc: 0.9644

137,  0 | TrAcc: 0.9659, TrLoss:  0.11050, VaAcc: 0.9502, VaLoss:  0.17791
 MAP NN | TrAcc: 0.9711 | VaAcc: 0.9507 | TeAcc: 0.9653
 S NN | TrAcc: 0.9633 | VaAcc: 0.9409 | TeAcc: 0.9580

138,  0 | TrAcc: 0.9718, TrLoss:  0.09849, VaAcc: 0.9478, VaLoss:  0.17669
 MAP NN | TrAcc: 0.9701 | VaAcc: 0.9468 | TeAcc: 0.9644
 S NN | TrAcc: 0.9567 | VaAcc: 0.9468 | TeAcc: 0.9609

139,  0 | TrAcc: 0.9688, TrLoss:  0.10129, VaAcc: 0.9463, VaLoss:  0.20364
 MAP NN | TrAcc: 0.9688 | VaAcc: 0.9473 | TeAcc: 0.9673
 S NN | TrAcc: 0.9581 | VaAcc: 0.9419 | TeAcc: 0.9639

140,  0 | TrAcc: 0.9708, TrLoss:  0.10100, VaAcc: 0.9497, VaLoss:  0.18281
 MAP NN | TrAcc: 0.9667 | VaAcc: 0.9434 | TeAcc: 0.9624
 S NN | TrAcc: 0.9626 | VaAcc: 0.9365 | TeAcc: 0.9614

141,  0 | TrAcc: 0.9713, TrLoss:  0.09574, VaAcc: 0.9502, VaLoss:  0.17736
 MAP NN | TrAcc: 0.9731 | VaAcc: 0.9507 | TeAcc: 0.9678
 S NN | TrAcc: 0.9640 | VaAcc: 0.9409 | TeAcc: 0.9722

142,  0 | TrAcc: 0.9722, TrLoss:  0.09491, VaAcc: 0.9531, VaLoss:  0.16694
 MAP NN | TrAcc: 0.9723 | VaAcc: 0.9507 | TeAcc: 0.9644
 S NN | TrAcc: 0.9664 | VaAcc: 0.9492 | TeAcc: 0.9639

143,  0 | TrAcc: 0.9746, TrLoss:  0.08801, VaAcc: 0.9590, VaLoss:  0.16294
 MAP NN | TrAcc: 0.9735 | VaAcc: 0.9502 | TeAcc: 0.9663
 S NN | TrAcc: 0.9615 | VaAcc: 0.9507 | TeAcc: 0.9624

144,  0 | TrAcc: 0.9762, TrLoss:  0.08875, VaAcc: 0.9478, VaLoss:  0.18721
 MAP NN | TrAcc: 0.9722 | VaAcc: 0.9502 | TeAcc: 0.9658
 S NN | TrAcc: 0.9625 | VaAcc: 0.9551 | TeAcc: 0.9619

145,  0 | TrAcc: 0.9729, TrLoss:  0.09090, VaAcc: 0.9521, VaLoss:  0.16418
 MAP NN | TrAcc: 0.9751 | VaAcc: 0.9526 | TeAcc: 0.9644
 S NN | TrAcc: 0.9631 | VaAcc: 0.9443 | TeAcc: 0.9570

146,  0 | TrAcc: 0.9758, TrLoss:  0.08513, VaAcc: 0.9551, VaLoss:  0.17094
 MAP NN | TrAcc: 0.9734 | VaAcc: 0.9521 | TeAcc: 0.9668
 S NN | TrAcc: 0.9700 | VaAcc: 0.9438 | TeAcc: 0.9644

147,  0 | TrAcc: 0.9733, TrLoss:  0.08965, VaAcc: 0.9521, VaLoss:  0.16953
 MAP NN | TrAcc: 0.9740 | VaAcc: 0.9526 | TeAcc: 0.9673
 S NN | TrAcc: 0.9600 | VaAcc: 0.9531 | TeAcc: 0.9668

148,  0 | TrAcc: 0.9749, TrLoss:  0.08794, VaAcc: 0.9536, VaLoss:  0.17118
 MAP NN | TrAcc: 0.9747 | VaAcc: 0.9521 | TeAcc: 0.9697
 S NN | TrAcc: 0.9680 | VaAcc: 0.9526 | TeAcc: 0.9692

149,  0 | TrAcc: 0.9729, TrLoss:  0.09593, VaAcc: 0.9482, VaLoss:  0.18492
 MAP NN | TrAcc: 0.9716 | VaAcc: 0.9492 | TeAcc: 0.9624
 S NN | TrAcc: 0.9611 | VaAcc: 0.9473 | TeAcc: 0.9595

150,  0 | TrAcc: 0.9735, TrLoss:  0.08940, VaAcc: 0.9482, VaLoss:  0.18839
 MAP NN | TrAcc: 0.9736 | VaAcc: 0.9512 | TeAcc: 0.9668
 S NN | TrAcc: 0.9659 | VaAcc: 0.9434 | TeAcc: 0.9590

151,  0 | TrAcc: 0.9745, TrLoss:  0.08871, VaAcc: 0.9517, VaLoss:  0.18834
 MAP NN | TrAcc: 0.9723 | VaAcc: 0.9517 | TeAcc: 0.9653
 S NN | TrAcc: 0.9655 | VaAcc: 0.9497 | TeAcc: 0.9570

152,  0 | TrAcc: 0.9749, TrLoss:  0.08511, VaAcc: 0.9546, VaLoss:  0.16591
 MAP NN | TrAcc: 0.9749 | VaAcc: 0.9507 | TeAcc: 0.9688
 S NN | TrAcc: 0.9596 | VaAcc: 0.9507 | TeAcc: 0.9673

153,  0 | TrAcc: 0.9755, TrLoss:  0.08339, VaAcc: 0.9502, VaLoss:  0.18157
 MAP NN | TrAcc: 0.9769 | VaAcc: 0.9536 | TeAcc: 0.9678
 S NN | TrAcc: 0.9520 | VaAcc: 0.9478 | TeAcc: 0.9629

154,  0 | TrAcc: 0.9786, TrLoss:  0.07903, VaAcc: 0.9551, VaLoss:  0.17227
 MAP NN | TrAcc: 0.9738 | VaAcc: 0.9492 | TeAcc: 0.9678
 S NN | TrAcc: 0.9674 | VaAcc: 0.9526 | TeAcc: 0.9624

155,  0 | TrAcc: 0.9761, TrLoss:  0.08341, VaAcc: 0.9585, VaLoss:  0.16428
 MAP NN | TrAcc: 0.9753 | VaAcc: 0.9531 | TeAcc: 0.9653
 S NN | TrAcc: 0.9706 | VaAcc: 0.9512 | TeAcc: 0.9644

156,  0 | TrAcc: 0.9761, TrLoss:  0.08251, VaAcc: 0.9546, VaLoss:  0.16986
 MAP NN | TrAcc: 0.9722 | VaAcc: 0.9487 | TeAcc: 0.9673
 S NN | TrAcc: 0.9646 | VaAcc: 0.9463 | TeAcc: 0.9629

157,  0 | TrAcc: 0.9740, TrLoss:  0.08453, VaAcc: 0.9536, VaLoss:  0.18082
 MAP NN | TrAcc: 0.9738 | VaAcc: 0.9521 | TeAcc: 0.9663
 S NN | TrAcc: 0.9579 | VaAcc: 0.9453 | TeAcc: 0.9727

158,  0 | TrAcc: 0.9751, TrLoss:  0.08242, VaAcc: 0.9541, VaLoss:  0.16991
 MAP NN | TrAcc: 0.9756 | VaAcc: 0.9521 | TeAcc: 0.9639
 S NN | TrAcc: 0.9650 | VaAcc: 0.9468 | TeAcc: 0.9663

159,  0 | TrAcc: 0.9739, TrLoss:  0.08855, VaAcc: 0.9556, VaLoss:  0.17118
 MAP NN | TrAcc: 0.9774 | VaAcc: 0.9570 | TeAcc: 0.9692
 S NN | TrAcc: 0.9659 | VaAcc: 0.9473 | TeAcc: 0.9653

160,  0 | TrAcc: 0.9758, TrLoss:  0.08269, VaAcc: 0.9541, VaLoss:  0.17337
 MAP NN | TrAcc: 0.9772 | VaAcc: 0.9502 | TeAcc: 0.9688
 S NN | TrAcc: 0.9702 | VaAcc: 0.9487 | TeAcc: 0.9658

161,  0 | TrAcc: 0.9766, TrLoss:  0.07862, VaAcc: 0.9546, VaLoss:  0.17193
 MAP NN | TrAcc: 0.9761 | VaAcc: 0.9531 | TeAcc: 0.9658
 S NN | TrAcc: 0.9703 | VaAcc: 0.9492 | TeAcc: 0.9663

162,  0 | TrAcc: 0.9774, TrLoss:  0.07896, VaAcc: 0.9551, VaLoss:  0.16973
 MAP NN | TrAcc: 0.9781 | VaAcc: 0.9561 | TeAcc: 0.9668
 S NN | TrAcc: 0.9696 | VaAcc: 0.9521 | TeAcc: 0.9668

163,  0 | TrAcc: 0.9790, TrLoss:  0.07673, VaAcc: 0.9556, VaLoss:  0.16835
 MAP NN | TrAcc: 0.9780 | VaAcc: 0.9492 | TeAcc: 0.9688
 S NN | TrAcc: 0.9690 | VaAcc: 0.9473 | TeAcc: 0.9619

164,  0 | TrAcc: 0.9772, TrLoss:  0.07837, VaAcc: 0.9521, VaLoss:  0.17343
 MAP NN | TrAcc: 0.9775 | VaAcc: 0.9526 | TeAcc: 0.9717
 S NN | TrAcc: 0.9690 | VaAcc: 0.9492 | TeAcc: 0.9692

165,  0 | TrAcc: 0.9785, TrLoss:  0.07556, VaAcc: 0.9556, VaLoss:  0.17681
 MAP NN | TrAcc: 0.9760 | VaAcc: 0.9531 | TeAcc: 0.9663
 S NN | TrAcc: 0.9695 | VaAcc: 0.9429 | TeAcc: 0.9644

166,  0 | TrAcc: 0.9747, TrLoss:  0.08190, VaAcc: 0.9526, VaLoss:  0.17174
 MAP NN | TrAcc: 0.9780 | VaAcc: 0.9487 | TeAcc: 0.9717
 S NN | TrAcc: 0.9735 | VaAcc: 0.9492 | TeAcc: 0.9653

167,  0 | TrAcc: 0.9779, TrLoss:  0.07876, VaAcc: 0.9517, VaLoss:  0.16950
 MAP NN | TrAcc: 0.9796 | VaAcc: 0.9458 | TeAcc: 0.9702
 S NN | TrAcc: 0.9696 | VaAcc: 0.9497 | TeAcc: 0.9639

168,  0 | TrAcc: 0.9764, TrLoss:  0.08071, VaAcc: 0.9575, VaLoss:  0.17464
 MAP NN | TrAcc: 0.9780 | VaAcc: 0.9492 | TeAcc: 0.9673
 S NN | TrAcc: 0.9725 | VaAcc: 0.9497 | TeAcc: 0.9609

169,  0 | TrAcc: 0.9764, TrLoss:  0.08179, VaAcc: 0.9536, VaLoss:  0.17388
 MAP NN | TrAcc: 0.9785 | VaAcc: 0.9492 | TeAcc: 0.9697
 S NN | TrAcc: 0.9637 | VaAcc: 0.9473 | TeAcc: 0.9585

170,  0 | TrAcc: 0.9772, TrLoss:  0.07560, VaAcc: 0.9531, VaLoss:  0.18186
 MAP NN | TrAcc: 0.9771 | VaAcc: 0.9526 | TeAcc: 0.9688
 S NN | TrAcc: 0.9712 | VaAcc: 0.9536 | TeAcc: 0.9624

171,  0 | TrAcc: 0.9779, TrLoss:  0.07532, VaAcc: 0.9556, VaLoss:  0.16671
 MAP NN | TrAcc: 0.9790 | VaAcc: 0.9531 | TeAcc: 0.9751
 S NN | TrAcc: 0.9756 | VaAcc: 0.9521 | TeAcc: 0.9697

172,  0 | TrAcc: 0.9810, TrLoss:  0.07103, VaAcc: 0.9536, VaLoss:  0.17815
 MAP NN | TrAcc: 0.9794 | VaAcc: 0.9541 | TeAcc: 0.9678
 S NN | TrAcc: 0.9736 | VaAcc: 0.9463 | TeAcc: 0.9624

173,  0 | TrAcc: 0.9761, TrLoss:  0.08133, VaAcc: 0.9526, VaLoss:  0.18338
 MAP NN | TrAcc: 0.9752 | VaAcc: 0.9487 | TeAcc: 0.9692
 S NN | TrAcc: 0.9668 | VaAcc: 0.9468 | TeAcc: 0.9644

174,  0 | TrAcc: 0.9818, TrLoss:  0.06923, VaAcc: 0.9531, VaLoss:  0.18818
 MAP NN | TrAcc: 0.9795 | VaAcc: 0.9546 | TeAcc: 0.9702
 S NN | TrAcc: 0.9686 | VaAcc: 0.9512 | TeAcc: 0.9727

175,  0 | TrAcc: 0.9823, TrLoss:  0.06743, VaAcc: 0.9546, VaLoss:  0.16728
 MAP NN | TrAcc: 0.9800 | VaAcc: 0.9561 | TeAcc: 0.9712
 S NN | TrAcc: 0.9762 | VaAcc: 0.9541 | TeAcc: 0.9634

176,  0 | TrAcc: 0.9813, TrLoss:  0.06910, VaAcc: 0.9497, VaLoss:  0.17962
 MAP NN | TrAcc: 0.9807 | VaAcc: 0.9517 | TeAcc: 0.9712
 S NN | TrAcc: 0.9702 | VaAcc: 0.9487 | TeAcc: 0.9688

177,  0 | TrAcc: 0.9805, TrLoss:  0.07085, VaAcc: 0.9536, VaLoss:  0.17003
 MAP NN | TrAcc: 0.9813 | VaAcc: 0.9521 | TeAcc: 0.9717
 S NN | TrAcc: 0.9642 | VaAcc: 0.9492 | TeAcc: 0.9678

178,  0 | TrAcc: 0.9801, TrLoss:  0.07078, VaAcc: 0.9531, VaLoss:  0.16590
 MAP NN | TrAcc: 0.9813 | VaAcc: 0.9492 | TeAcc: 0.9707
 S NN | TrAcc: 0.9733 | VaAcc: 0.9492 | TeAcc: 0.9702

179,  0 | TrAcc: 0.9785, TrLoss:  0.07119, VaAcc: 0.9551, VaLoss:  0.17112
 MAP NN | TrAcc: 0.9806 | VaAcc: 0.9541 | TeAcc: 0.9707
 S NN | TrAcc: 0.9718 | VaAcc: 0.9526 | TeAcc: 0.9722

180,  0 | TrAcc: 0.9805, TrLoss:  0.06999, VaAcc: 0.9565, VaLoss:  0.16814
 MAP NN | TrAcc: 0.9819 | VaAcc: 0.9546 | TeAcc: 0.9717
 S NN | TrAcc: 0.9755 | VaAcc: 0.9497 | TeAcc: 0.9629

181,  0 | TrAcc: 0.9814, TrLoss:  0.06598, VaAcc: 0.9526, VaLoss:  0.17638
 MAP NN | TrAcc: 0.9813 | VaAcc: 0.9497 | TeAcc: 0.9668
 S NN | TrAcc: 0.9757 | VaAcc: 0.9521 | TeAcc: 0.9619

182,  0 | TrAcc: 0.9828, TrLoss:  0.06384, VaAcc: 0.9502, VaLoss:  0.19018
 MAP NN | TrAcc: 0.9801 | VaAcc: 0.9526 | TeAcc: 0.9702
 S NN | TrAcc: 0.9739 | VaAcc: 0.9443 | TeAcc: 0.9663

183,  0 | TrAcc: 0.9828, TrLoss:  0.06437, VaAcc: 0.9517, VaLoss:  0.17430
 MAP NN | TrAcc: 0.9811 | VaAcc: 0.9541 | TeAcc: 0.9663
 S NN | TrAcc: 0.9719 | VaAcc: 0.9463 | TeAcc: 0.9648

184,  0 | TrAcc: 0.9823, TrLoss:  0.06516, VaAcc: 0.9561, VaLoss:  0.16905
 MAP NN | TrAcc: 0.9808 | VaAcc: 0.9526 | TeAcc: 0.9673
 S NN | TrAcc: 0.9775 | VaAcc: 0.9473 | TeAcc: 0.9668

185,  0 | TrAcc: 0.9822, TrLoss:  0.06842, VaAcc: 0.9536, VaLoss:  0.18048
 MAP NN | TrAcc: 0.9810 | VaAcc: 0.9526 | TeAcc: 0.9697
 S NN | TrAcc: 0.9751 | VaAcc: 0.9512 | TeAcc: 0.9673

186,  0 | TrAcc: 0.9824, TrLoss:  0.06609, VaAcc: 0.9492, VaLoss:  0.19053
 MAP NN | TrAcc: 0.9786 | VaAcc: 0.9521 | TeAcc: 0.9683
 S NN | TrAcc: 0.9755 | VaAcc: 0.9531 | TeAcc: 0.9648

187,  0 | TrAcc: 0.9812, TrLoss:  0.06311, VaAcc: 0.9556, VaLoss:  0.17227
 MAP NN | TrAcc: 0.9817 | VaAcc: 0.9551 | TeAcc: 0.9707
 S NN | TrAcc: 0.9728 | VaAcc: 0.9497 | TeAcc: 0.9673

188,  0 | TrAcc: 0.9836, TrLoss:  0.06015, VaAcc: 0.9565, VaLoss:  0.18490
 MAP NN | TrAcc: 0.9825 | VaAcc: 0.9536 | TeAcc: 0.9697
 S NN | TrAcc: 0.9738 | VaAcc: 0.9507 | TeAcc: 0.9688

189,  0 | TrAcc: 0.9825, TrLoss:  0.06117, VaAcc: 0.9556, VaLoss:  0.17030
 MAP NN | TrAcc: 0.9807 | VaAcc: 0.9512 | TeAcc: 0.9678
 S NN | TrAcc: 0.9745 | VaAcc: 0.9482 | TeAcc: 0.9688

190,  0 | TrAcc: 0.9799, TrLoss:  0.06606, VaAcc: 0.9604, VaLoss:  0.16577
 MAP NN | TrAcc: 0.9845 | VaAcc: 0.9580 | TeAcc: 0.9688
 S NN | TrAcc: 0.9771 | VaAcc: 0.9546 | TeAcc: 0.9692

191,  0 | TrAcc: 0.9813, TrLoss:  0.06605, VaAcc: 0.9478, VaLoss:  0.18866
 MAP NN | TrAcc: 0.9833 | VaAcc: 0.9531 | TeAcc: 0.9688
 S NN | TrAcc: 0.9728 | VaAcc: 0.9551 | TeAcc: 0.9614

192,  0 | TrAcc: 0.9774, TrLoss:  0.07518, VaAcc: 0.9536, VaLoss:  0.17255
 MAP NN | TrAcc: 0.9744 | VaAcc: 0.9487 | TeAcc: 0.9644
 S NN | TrAcc: 0.9719 | VaAcc: 0.9409 | TeAcc: 0.9629

193,  0 | TrAcc: 0.9788, TrLoss:  0.06929, VaAcc: 0.9565, VaLoss:  0.17539
 MAP NN | TrAcc: 0.9813 | VaAcc: 0.9546 | TeAcc: 0.9683
 S NN | TrAcc: 0.9769 | VaAcc: 0.9526 | TeAcc: 0.9683

194,  0 | TrAcc: 0.9829, TrLoss:  0.06177, VaAcc: 0.9556, VaLoss:  0.16314
 MAP NN | TrAcc: 0.9825 | VaAcc: 0.9561 | TeAcc: 0.9707
 S NN | TrAcc: 0.9755 | VaAcc: 0.9531 | TeAcc: 0.9644

195,  0 | TrAcc: 0.9819, TrLoss:  0.06288, VaAcc: 0.9590, VaLoss:  0.15269
 MAP NN | TrAcc: 0.9822 | VaAcc: 0.9517 | TeAcc: 0.9722
 S NN | TrAcc: 0.9755 | VaAcc: 0.9556 | TeAcc: 0.9692

196,  0 | TrAcc: 0.9806, TrLoss:  0.06590, VaAcc: 0.9521, VaLoss:  0.17318
 MAP NN | TrAcc: 0.9818 | VaAcc: 0.9546 | TeAcc: 0.9702
 S NN | TrAcc: 0.9698 | VaAcc: 0.9551 | TeAcc: 0.9688

197,  0 | TrAcc: 0.9816, TrLoss:  0.06676, VaAcc: 0.9536, VaLoss:  0.17974
 MAP NN | TrAcc: 0.9823 | VaAcc: 0.9561 | TeAcc: 0.9692
 S NN | TrAcc: 0.9752 | VaAcc: 0.9551 | TeAcc: 0.9648

198,  0 | TrAcc: 0.9840, TrLoss:  0.06002, VaAcc: 0.9565, VaLoss:  0.16923
 MAP NN | TrAcc: 0.9846 | VaAcc: 0.9570 | TeAcc: 0.9712
 S NN | TrAcc: 0.9794 | VaAcc: 0.9541 | TeAcc: 0.9688

199,  0 | TrAcc: 0.9818, TrLoss:  0.06094, VaAcc: 0.9585, VaLoss:  0.16626
 MAP NN | TrAcc: 0.9828 | VaAcc: 0.9526 | TeAcc: 0.9692
 S NN | TrAcc: 0.9764 | VaAcc: 0.9517 | TeAcc: 0.9673

200,  0 | TrAcc: 0.9844, TrLoss:  0.05867, VaAcc: 0.9565, VaLoss:  0.17080
 MAP NN | TrAcc: 0.9834 | VaAcc: 0.9556 | TeAcc: 0.9707
 S NN | TrAcc: 0.9740 | VaAcc: 0.9536 | TeAcc: 0.9663

201,  0 | TrAcc: 0.9857, TrLoss:  0.05425, VaAcc: 0.9570, VaLoss:  0.17519
 MAP NN | TrAcc: 0.9857 | VaAcc: 0.9536 | TeAcc: 0.9707
 S NN | TrAcc: 0.9767 | VaAcc: 0.9468 | TeAcc: 0.9697

202,  0 | TrAcc: 0.9830, TrLoss:  0.05625, VaAcc: 0.9570, VaLoss:  0.16823
 MAP NN | TrAcc: 0.9839 | VaAcc: 0.9546 | TeAcc: 0.9707
 S NN | TrAcc: 0.9814 | VaAcc: 0.9497 | TeAcc: 0.9673

203,  0 | TrAcc: 0.9849, TrLoss:  0.05643, VaAcc: 0.9561, VaLoss:  0.17488
 MAP NN | TrAcc: 0.9867 | VaAcc: 0.9546 | TeAcc: 0.9683
 S NN | TrAcc: 0.9786 | VaAcc: 0.9482 | TeAcc: 0.9697

204,  0 | TrAcc: 0.9852, TrLoss:  0.05278, VaAcc: 0.9561, VaLoss:  0.17469
 MAP NN | TrAcc: 0.9852 | VaAcc: 0.9526 | TeAcc: 0.9697
 S NN | TrAcc: 0.9828 | VaAcc: 0.9546 | TeAcc: 0.9663

205,  0 | TrAcc: 0.9835, TrLoss:  0.05676, VaAcc: 0.9546, VaLoss:  0.16949
 MAP NN | TrAcc: 0.9843 | VaAcc: 0.9531 | TeAcc: 0.9707
 S NN | TrAcc: 0.9812 | VaAcc: 0.9561 | TeAcc: 0.9688

206,  0 | TrAcc: 0.9846, TrLoss:  0.05580, VaAcc: 0.9546, VaLoss:  0.16825
 MAP NN | TrAcc: 0.9847 | VaAcc: 0.9507 | TeAcc: 0.9722
 S NN | TrAcc: 0.9777 | VaAcc: 0.9546 | TeAcc: 0.9712

207,  0 | TrAcc: 0.9813, TrLoss:  0.06330, VaAcc: 0.9595, VaLoss:  0.17120
 MAP NN | TrAcc: 0.9856 | VaAcc: 0.9580 | TeAcc: 0.9673
 S NN | TrAcc: 0.9792 | VaAcc: 0.9556 | TeAcc: 0.9678

208,  0 | TrAcc: 0.9838, TrLoss:  0.05534, VaAcc: 0.9570, VaLoss:  0.17586
 MAP NN | TrAcc: 0.9836 | VaAcc: 0.9531 | TeAcc: 0.9697
 S NN | TrAcc: 0.9790 | VaAcc: 0.9556 | TeAcc: 0.9697

209,  0 | TrAcc: 0.9847, TrLoss:  0.05700, VaAcc: 0.9580, VaLoss:  0.16552
 MAP NN | TrAcc: 0.9849 | VaAcc: 0.9541 | TeAcc: 0.9702
 S NN | TrAcc: 0.9811 | VaAcc: 0.9526 | TeAcc: 0.9692

210,  0 | TrAcc: 0.9855, TrLoss:  0.05636, VaAcc: 0.9580, VaLoss:  0.16702
 MAP NN | TrAcc: 0.9844 | VaAcc: 0.9551 | TeAcc: 0.9692
 S NN | TrAcc: 0.9773 | VaAcc: 0.9556 | TeAcc: 0.9712

211,  0 | TrAcc: 0.9847, TrLoss:  0.05370, VaAcc: 0.9570, VaLoss:  0.16880
 MAP NN | TrAcc: 0.9866 | VaAcc: 0.9546 | TeAcc: 0.9717
 S NN | TrAcc: 0.9811 | VaAcc: 0.9531 | TeAcc: 0.9673

212,  0 | TrAcc: 0.9808, TrLoss:  0.06322, VaAcc: 0.9536, VaLoss:  0.16820
 MAP NN | TrAcc: 0.9818 | VaAcc: 0.9507 | TeAcc: 0.9644
 S NN | TrAcc: 0.9788 | VaAcc: 0.9541 | TeAcc: 0.9619

213,  0 | TrAcc: 0.9849, TrLoss:  0.05658, VaAcc: 0.9536, VaLoss:  0.17640
 MAP NN | TrAcc: 0.9865 | VaAcc: 0.9570 | TeAcc: 0.9697
 S NN | TrAcc: 0.9777 | VaAcc: 0.9551 | TeAcc: 0.9697

214,  0 | TrAcc: 0.9843, TrLoss:  0.05552, VaAcc: 0.9604, VaLoss:  0.16601
 MAP NN | TrAcc: 0.9840 | VaAcc: 0.9512 | TeAcc: 0.9692
 S NN | TrAcc: 0.9780 | VaAcc: 0.9478 | TeAcc: 0.9712

215,  0 | TrAcc: 0.9850, TrLoss:  0.05397, VaAcc: 0.9575, VaLoss:  0.17844
 MAP NN | TrAcc: 0.9868 | VaAcc: 0.9561 | TeAcc: 0.9688
 S NN | TrAcc: 0.9816 | VaAcc: 0.9561 | TeAcc: 0.9678

216,  0 | TrAcc: 0.9852, TrLoss:  0.05256, VaAcc: 0.9600, VaLoss:  0.16442
 MAP NN | TrAcc: 0.9865 | VaAcc: 0.9600 | TeAcc: 0.9702
 S NN | TrAcc: 0.9807 | VaAcc: 0.9517 | TeAcc: 0.9707

217,  0 | TrAcc: 0.9857, TrLoss:  0.05402, VaAcc: 0.9570, VaLoss:  0.16651
 MAP NN | TrAcc: 0.9852 | VaAcc: 0.9551 | TeAcc: 0.9697
 S NN | TrAcc: 0.9766 | VaAcc: 0.9521 | TeAcc: 0.9629

218,  0 | TrAcc: 0.9860, TrLoss:  0.04990, VaAcc: 0.9517, VaLoss:  0.17172
 MAP NN | TrAcc: 0.9863 | VaAcc: 0.9517 | TeAcc: 0.9707
 S NN | TrAcc: 0.9805 | VaAcc: 0.9487 | TeAcc: 0.9697

219,  0 | TrAcc: 0.9846, TrLoss:  0.05290, VaAcc: 0.9541, VaLoss:  0.17727
 MAP NN | TrAcc: 0.9863 | VaAcc: 0.9565 | TeAcc: 0.9658
 S NN | TrAcc: 0.9807 | VaAcc: 0.9487 | TeAcc: 0.9653

220,  0 | TrAcc: 0.9862, TrLoss:  0.05046, VaAcc: 0.9600, VaLoss:  0.16169
 MAP NN | TrAcc: 0.9866 | VaAcc: 0.9565 | TeAcc: 0.9683
 S NN | TrAcc: 0.9822 | VaAcc: 0.9521 | TeAcc: 0.9678

221,  0 | TrAcc: 0.9861, TrLoss:  0.05265, VaAcc: 0.9526, VaLoss:  0.19190
 MAP NN | TrAcc: 0.9860 | VaAcc: 0.9561 | TeAcc: 0.9717
 S NN | TrAcc: 0.9803 | VaAcc: 0.9570 | TeAcc: 0.9707

222,  0 | TrAcc: 0.9861, TrLoss:  0.05215, VaAcc: 0.9541, VaLoss:  0.17526
 MAP NN | TrAcc: 0.9845 | VaAcc: 0.9517 | TeAcc: 0.9688
 S NN | TrAcc: 0.9811 | VaAcc: 0.9478 | TeAcc: 0.9668

223,  0 | TrAcc: 0.9840, TrLoss:  0.05715, VaAcc: 0.9507, VaLoss:  0.17927
 MAP NN | TrAcc: 0.9838 | VaAcc: 0.9541 | TeAcc: 0.9722
 S NN | TrAcc: 0.9762 | VaAcc: 0.9414 | TeAcc: 0.9688

224,  0 | TrAcc: 0.9835, TrLoss:  0.05450, VaAcc: 0.9551, VaLoss:  0.18087
 MAP NN | TrAcc: 0.9856 | VaAcc: 0.9585 | TeAcc: 0.9697
 S NN | TrAcc: 0.9772 | VaAcc: 0.9580 | TeAcc: 0.9692

225,  0 | TrAcc: 0.9867, TrLoss:  0.05170, VaAcc: 0.9570, VaLoss:  0.17141
 MAP NN | TrAcc: 0.9852 | VaAcc: 0.9565 | TeAcc: 0.9668
 S NN | TrAcc: 0.9812 | VaAcc: 0.9531 | TeAcc: 0.9653

226,  0 | TrAcc: 0.9865, TrLoss:  0.04837, VaAcc: 0.9575, VaLoss:  0.16825
 MAP NN | TrAcc: 0.9875 | VaAcc: 0.9561 | TeAcc: 0.9692
 S NN | TrAcc: 0.9791 | VaAcc: 0.9551 | TeAcc: 0.9688

227,  0 | TrAcc: 0.9882, TrLoss:  0.04607, VaAcc: 0.9585, VaLoss:  0.16358
 MAP NN | TrAcc: 0.9884 | VaAcc: 0.9541 | TeAcc: 0.9688
 S NN | TrAcc: 0.9841 | VaAcc: 0.9531 | TeAcc: 0.9658

228,  0 | TrAcc: 0.9883, TrLoss:  0.04648, VaAcc: 0.9570, VaLoss:  0.16768
 MAP NN | TrAcc: 0.9889 | VaAcc: 0.9600 | TeAcc: 0.9692
 S NN | TrAcc: 0.9832 | VaAcc: 0.9536 | TeAcc: 0.9683

229,  0 | TrAcc: 0.9854, TrLoss:  0.05204, VaAcc: 0.9575, VaLoss:  0.16541
 MAP NN | TrAcc: 0.9869 | VaAcc: 0.9604 | TeAcc: 0.9697
 S NN | TrAcc: 0.9821 | VaAcc: 0.9551 | TeAcc: 0.9697

230,  0 | TrAcc: 0.9868, TrLoss:  0.04927, VaAcc: 0.9517, VaLoss:  0.17095
 MAP NN | TrAcc: 0.9860 | VaAcc: 0.9541 | TeAcc: 0.9702
 S NN | TrAcc: 0.9817 | VaAcc: 0.9468 | TeAcc: 0.9644

231,  0 | TrAcc: 0.9866, TrLoss:  0.04695, VaAcc: 0.9600, VaLoss:  0.16630
 MAP NN | TrAcc: 0.9883 | VaAcc: 0.9585 | TeAcc: 0.9722
 S NN | TrAcc: 0.9811 | VaAcc: 0.9517 | TeAcc: 0.9653

232,  0 | TrAcc: 0.9865, TrLoss:  0.04650, VaAcc: 0.9546, VaLoss:  0.17391
 MAP NN | TrAcc: 0.9878 | VaAcc: 0.9575 | TeAcc: 0.9688
 S NN | TrAcc: 0.9838 | VaAcc: 0.9556 | TeAcc: 0.9692

233,  0 | TrAcc: 0.9860, TrLoss:  0.04981, VaAcc: 0.9556, VaLoss:  0.17734
 MAP NN | TrAcc: 0.9860 | VaAcc: 0.9546 | TeAcc: 0.9712
 S NN | TrAcc: 0.9845 | VaAcc: 0.9526 | TeAcc: 0.9683

234,  0 | TrAcc: 0.9868, TrLoss:  0.04916, VaAcc: 0.9541, VaLoss:  0.17495
 MAP NN | TrAcc: 0.9869 | VaAcc: 0.9556 | TeAcc: 0.9717
 S NN | TrAcc: 0.9810 | VaAcc: 0.9570 | TeAcc: 0.9722

235,  0 | TrAcc: 0.9862, TrLoss:  0.04865, VaAcc: 0.9561, VaLoss:  0.16831
 MAP NN | TrAcc: 0.9845 | VaAcc: 0.9531 | TeAcc: 0.9717
 S NN | TrAcc: 0.9807 | VaAcc: 0.9512 | TeAcc: 0.9673

236,  0 | TrAcc: 0.9854, TrLoss:  0.05035, VaAcc: 0.9551, VaLoss:  0.17630
 MAP NN | TrAcc: 0.9860 | VaAcc: 0.9551 | TeAcc: 0.9688
 S NN | TrAcc: 0.9818 | VaAcc: 0.9541 | TeAcc: 0.9658

237,  0 | TrAcc: 0.9888, TrLoss:  0.04416, VaAcc: 0.9507, VaLoss:  0.16842
 MAP NN | TrAcc: 0.9884 | VaAcc: 0.9546 | TeAcc: 0.9697
 S NN | TrAcc: 0.9824 | VaAcc: 0.9546 | TeAcc: 0.9751

238,  0 | TrAcc: 0.9850, TrLoss:  0.04990, VaAcc: 0.9575, VaLoss:  0.17310
 MAP NN | TrAcc: 0.9869 | VaAcc: 0.9565 | TeAcc: 0.9688
 S NN | TrAcc: 0.9785 | VaAcc: 0.9565 | TeAcc: 0.9668

239,  0 | TrAcc: 0.9872, TrLoss:  0.04841, VaAcc: 0.9521, VaLoss:  0.17163
 MAP NN | TrAcc: 0.9856 | VaAcc: 0.9565 | TeAcc: 0.9702
 S NN | TrAcc: 0.9851 | VaAcc: 0.9570 | TeAcc: 0.9692

240,  0 | TrAcc: 0.9879, TrLoss:  0.04593, VaAcc: 0.9546, VaLoss:  0.16695
 MAP NN | TrAcc: 0.9884 | VaAcc: 0.9565 | TeAcc: 0.9717
 S NN | TrAcc: 0.9836 | VaAcc: 0.9531 | TeAcc: 0.9712

241,  0 | TrAcc: 0.9874, TrLoss:  0.04633, VaAcc: 0.9565, VaLoss:  0.17538
 MAP NN | TrAcc: 0.9873 | VaAcc: 0.9531 | TeAcc: 0.9678
 S NN | TrAcc: 0.9807 | VaAcc: 0.9575 | TeAcc: 0.9683

242,  0 | TrAcc: 0.9877, TrLoss:  0.04447, VaAcc: 0.9556, VaLoss:  0.17015
 MAP NN | TrAcc: 0.9894 | VaAcc: 0.9541 | TeAcc: 0.9688
 S NN | TrAcc: 0.9832 | VaAcc: 0.9512 | TeAcc: 0.9653

243,  0 | TrAcc: 0.9877, TrLoss:  0.04536, VaAcc: 0.9570, VaLoss:  0.16348
 MAP NN | TrAcc: 0.9856 | VaAcc: 0.9565 | TeAcc: 0.9688
 S NN | TrAcc: 0.9840 | VaAcc: 0.9570 | TeAcc: 0.9663

244,  0 | TrAcc: 0.9867, TrLoss:  0.04952, VaAcc: 0.9604, VaLoss:  0.17092
 MAP NN | TrAcc: 0.9878 | VaAcc: 0.9575 | TeAcc: 0.9727
 S NN | TrAcc: 0.9824 | VaAcc: 0.9531 | TeAcc: 0.9663

245,  0 | TrAcc: 0.9883, TrLoss:  0.04507, VaAcc: 0.9536, VaLoss:  0.16301
 MAP NN | TrAcc: 0.9869 | VaAcc: 0.9570 | TeAcc: 0.9707
 S NN | TrAcc: 0.9846 | VaAcc: 0.9517 | TeAcc: 0.9663

246,  0 | TrAcc: 0.9891, TrLoss:  0.04329, VaAcc: 0.9570, VaLoss:  0.16079
 MAP NN | TrAcc: 0.9889 | VaAcc: 0.9565 | TeAcc: 0.9722
 S NN | TrAcc: 0.9813 | VaAcc: 0.9521 | TeAcc: 0.9712

247,  0 | TrAcc: 0.9872, TrLoss:  0.04389, VaAcc: 0.9556, VaLoss:  0.17690
 MAP NN | TrAcc: 0.9868 | VaAcc: 0.9600 | TeAcc: 0.9697
 S NN | TrAcc: 0.9807 | VaAcc: 0.9531 | TeAcc: 0.9692

248,  0 | TrAcc: 0.9871, TrLoss:  0.04441, VaAcc: 0.9521, VaLoss:  0.16937
 MAP NN | TrAcc: 0.9886 | VaAcc: 0.9561 | TeAcc: 0.9697
 S NN | TrAcc: 0.9841 | VaAcc: 0.9497 | TeAcc: 0.9697

249,  0 | TrAcc: 0.9896, TrLoss:  0.03951, VaAcc: 0.9580, VaLoss:  0.16405
 MAP NN | TrAcc: 0.9877 | VaAcc: 0.9536 | TeAcc: 0.9692
 S NN | TrAcc: 0.9861 | VaAcc: 0.9531 | TeAcc: 0.9697

250,  0 | TrAcc: 0.9879, TrLoss:  0.04262, VaAcc: 0.9619, VaLoss:  0.16425
 MAP NN | TrAcc: 0.9882 | VaAcc: 0.9580 | TeAcc: 0.9712
 S NN | TrAcc: 0.9839 | VaAcc: 0.9561 | TeAcc: 0.9722

251,  0 | TrAcc: 0.9896, TrLoss:  0.03926, VaAcc: 0.9600, VaLoss:  0.16135
 MAP NN | TrAcc: 0.9894 | VaAcc: 0.9565 | TeAcc: 0.9712
 S NN | TrAcc: 0.9847 | VaAcc: 0.9546 | TeAcc: 0.9707

252,  0 | TrAcc: 0.9895, TrLoss:  0.04063, VaAcc: 0.9551, VaLoss:  0.16675
 MAP NN | TrAcc: 0.9856 | VaAcc: 0.9536 | TeAcc: 0.9707
 S NN | TrAcc: 0.9854 | VaAcc: 0.9517 | TeAcc: 0.9663

253,  0 | TrAcc: 0.9886, TrLoss:  0.04128, VaAcc: 0.9580, VaLoss:  0.16352
 MAP NN | TrAcc: 0.9890 | VaAcc: 0.9556 | TeAcc: 0.9751
 S NN | TrAcc: 0.9877 | VaAcc: 0.9531 | TeAcc: 0.9722

254,  0 | TrAcc: 0.9865, TrLoss:  0.04900, VaAcc: 0.9561, VaLoss:  0.16691
 MAP NN | TrAcc: 0.9867 | VaAcc: 0.9551 | TeAcc: 0.9678
 S NN | TrAcc: 0.9850 | VaAcc: 0.9531 | TeAcc: 0.9683

255,  0 | TrAcc: 0.9880, TrLoss:  0.04428, VaAcc: 0.9595, VaLoss:  0.16673
 MAP NN | TrAcc: 0.9885 | VaAcc: 0.9565 | TeAcc: 0.9722
 S NN | TrAcc: 0.9861 | VaAcc: 0.9546 | TeAcc: 0.9692

256,  0 | TrAcc: 0.9874, TrLoss:  0.04323, VaAcc: 0.9570, VaLoss:  0.16406
 MAP NN | TrAcc: 0.9896 | VaAcc: 0.9580 | TeAcc: 0.9683
 S NN | TrAcc: 0.9854 | VaAcc: 0.9561 | TeAcc: 0.9683

257,  0 | TrAcc: 0.9888, TrLoss:  0.04199, VaAcc: 0.9546, VaLoss:  0.17100
 MAP NN | TrAcc: 0.9891 | VaAcc: 0.9561 | TeAcc: 0.9673
 S NN | TrAcc: 0.9836 | VaAcc: 0.9482 | TeAcc: 0.9712

258,  0 | TrAcc: 0.9904, TrLoss:  0.04078, VaAcc: 0.9600, VaLoss:  0.16293
 MAP NN | TrAcc: 0.9882 | VaAcc: 0.9536 | TeAcc: 0.9692
 S NN | TrAcc: 0.9850 | VaAcc: 0.9521 | TeAcc: 0.9707

259,  0 | TrAcc: 0.9880, TrLoss:  0.04151, VaAcc: 0.9570, VaLoss:  0.17640
 MAP NN | TrAcc: 0.9893 | VaAcc: 0.9561 | TeAcc: 0.9707
 S NN | TrAcc: 0.9811 | VaAcc: 0.9531 | TeAcc: 0.9712

260,  0 | TrAcc: 0.9896, TrLoss:  0.03913, VaAcc: 0.9561, VaLoss:  0.16583
 MAP NN | TrAcc: 0.9861 | VaAcc: 0.9570 | TeAcc: 0.9688
 S NN | TrAcc: 0.9839 | VaAcc: 0.9546 | TeAcc: 0.9658

261,  0 | TrAcc: 0.9872, TrLoss:  0.04412, VaAcc: 0.9551, VaLoss:  0.17694
 MAP NN | TrAcc: 0.9901 | VaAcc: 0.9575 | TeAcc: 0.9717
 S NN | TrAcc: 0.9863 | VaAcc: 0.9551 | TeAcc: 0.9688

262,  0 | TrAcc: 0.9917, TrLoss:  0.03714, VaAcc: 0.9561, VaLoss:  0.16690
 MAP NN | TrAcc: 0.9895 | VaAcc: 0.9546 | TeAcc: 0.9692
 S NN | TrAcc: 0.9875 | VaAcc: 0.9526 | TeAcc: 0.9712

263,  0 | TrAcc: 0.9885, TrLoss:  0.04210, VaAcc: 0.9624, VaLoss:  0.16677
 MAP NN | TrAcc: 0.9902 | VaAcc: 0.9614 | TeAcc: 0.9697
 S NN | TrAcc: 0.9828 | VaAcc: 0.9570 | TeAcc: 0.9702

264,  0 | TrAcc: 0.9895, TrLoss:  0.04068, VaAcc: 0.9609, VaLoss:  0.16459
 MAP NN | TrAcc: 0.9882 | VaAcc: 0.9585 | TeAcc: 0.9712
 S NN | TrAcc: 0.9877 | VaAcc: 0.9526 | TeAcc: 0.9692

265,  0 | TrAcc: 0.9885, TrLoss:  0.04049, VaAcc: 0.9551, VaLoss:  0.16356
 MAP NN | TrAcc: 0.9893 | VaAcc: 0.9556 | TeAcc: 0.9673
 S NN | TrAcc: 0.9841 | VaAcc: 0.9551 | TeAcc: 0.9668

266,  0 | TrAcc: 0.9904, TrLoss:  0.03869, VaAcc: 0.9595, VaLoss:  0.16232
 MAP NN | TrAcc: 0.9904 | VaAcc: 0.9600 | TeAcc: 0.9692
 S NN | TrAcc: 0.9855 | VaAcc: 0.9590 | TeAcc: 0.9712

267,  0 | TrAcc: 0.9885, TrLoss:  0.04065, VaAcc: 0.9546, VaLoss:  0.18191
 MAP NN | TrAcc: 0.9891 | VaAcc: 0.9585 | TeAcc: 0.9688
 S NN | TrAcc: 0.9845 | VaAcc: 0.9531 | TeAcc: 0.9722

268,  0 | TrAcc: 0.9897, TrLoss:  0.03757, VaAcc: 0.9556, VaLoss:  0.16395
 MAP NN | TrAcc: 0.9894 | VaAcc: 0.9536 | TeAcc: 0.9731
 S NN | TrAcc: 0.9849 | VaAcc: 0.9561 | TeAcc: 0.9697

269,  0 | TrAcc: 0.9897, TrLoss:  0.03998, VaAcc: 0.9556, VaLoss:  0.16954
 MAP NN | TrAcc: 0.9877 | VaAcc: 0.9526 | TeAcc: 0.9731
 S NN | TrAcc: 0.9861 | VaAcc: 0.9517 | TeAcc: 0.9736

270,  0 | TrAcc: 0.9888, TrLoss:  0.04126, VaAcc: 0.9575, VaLoss:  0.17363
 MAP NN | TrAcc: 0.9874 | VaAcc: 0.9541 | TeAcc: 0.9717
 S NN | TrAcc: 0.9821 | VaAcc: 0.9551 | TeAcc: 0.9683

271,  0 | TrAcc: 0.9895, TrLoss:  0.03993, VaAcc: 0.9570, VaLoss:  0.16719
 MAP NN | TrAcc: 0.9891 | VaAcc: 0.9575 | TeAcc: 0.9717
 S NN | TrAcc: 0.9884 | VaAcc: 0.9556 | TeAcc: 0.9722

272,  0 | TrAcc: 0.9872, TrLoss:  0.04374, VaAcc: 0.9600, VaLoss:  0.17823
 MAP NN | TrAcc: 0.9890 | VaAcc: 0.9609 | TeAcc: 0.9688
 S NN | TrAcc: 0.9838 | VaAcc: 0.9561 | TeAcc: 0.9702

273,  0 | TrAcc: 0.9908, TrLoss:  0.03813, VaAcc: 0.9541, VaLoss:  0.17463
 MAP NN | TrAcc: 0.9896 | VaAcc: 0.9595 | TeAcc: 0.9707
 S NN | TrAcc: 0.9850 | VaAcc: 0.9565 | TeAcc: 0.9707

274,  0 | TrAcc: 0.9911, TrLoss:  0.03797, VaAcc: 0.9580, VaLoss:  0.15696
 MAP NN | TrAcc: 0.9899 | VaAcc: 0.9580 | TeAcc: 0.9727
 S NN | TrAcc: 0.9849 | VaAcc: 0.9575 | TeAcc: 0.9697

275,  0 | TrAcc: 0.9907, TrLoss:  0.03697, VaAcc: 0.9561, VaLoss:  0.15630
 MAP NN | TrAcc: 0.9911 | VaAcc: 0.9590 | TeAcc: 0.9722
 S NN | TrAcc: 0.9854 | VaAcc: 0.9556 | TeAcc: 0.9717

276,  0 | TrAcc: 0.9923, TrLoss:  0.03402, VaAcc: 0.9585, VaLoss:  0.16118
 MAP NN | TrAcc: 0.9897 | VaAcc: 0.9556 | TeAcc: 0.9717
 S NN | TrAcc: 0.9889 | VaAcc: 0.9526 | TeAcc: 0.9697

277,  0 | TrAcc: 0.9912, TrLoss:  0.03434, VaAcc: 0.9609, VaLoss:  0.15918
 MAP NN | TrAcc: 0.9913 | VaAcc: 0.9585 | TeAcc: 0.9731
 S NN | TrAcc: 0.9871 | VaAcc: 0.9551 | TeAcc: 0.9712

278,  0 | TrAcc: 0.9900, TrLoss:  0.03723, VaAcc: 0.9580, VaLoss:  0.16528
 MAP NN | TrAcc: 0.9907 | VaAcc: 0.9556 | TeAcc: 0.9707
 S NN | TrAcc: 0.9854 | VaAcc: 0.9521 | TeAcc: 0.9683

279,  0 | TrAcc: 0.9895, TrLoss:  0.03988, VaAcc: 0.9585, VaLoss:  0.16604
 MAP NN | TrAcc: 0.9890 | VaAcc: 0.9580 | TeAcc: 0.9722
 S NN | TrAcc: 0.9861 | VaAcc: 0.9551 | TeAcc: 0.9692

280,  0 | TrAcc: 0.9907, TrLoss:  0.03555, VaAcc: 0.9580, VaLoss:  0.16669
 MAP NN | TrAcc: 0.9916 | VaAcc: 0.9565 | TeAcc: 0.9717
 S NN | TrAcc: 0.9875 | VaAcc: 0.9497 | TeAcc: 0.9697

281,  0 | TrAcc: 0.9907, TrLoss:  0.03739, VaAcc: 0.9556, VaLoss:  0.16576
 MAP NN | TrAcc: 0.9906 | VaAcc: 0.9556 | TeAcc: 0.9727
 S NN | TrAcc: 0.9902 | VaAcc: 0.9531 | TeAcc: 0.9727

282,  0 | TrAcc: 0.9911, TrLoss:  0.03495, VaAcc: 0.9575, VaLoss:  0.16345
 MAP NN | TrAcc: 0.9891 | VaAcc: 0.9565 | TeAcc: 0.9722
 S NN | TrAcc: 0.9872 | VaAcc: 0.9575 | TeAcc: 0.9727

283,  0 | TrAcc: 0.9902, TrLoss:  0.03850, VaAcc: 0.9561, VaLoss:  0.17067
 MAP NN | TrAcc: 0.9902 | VaAcc: 0.9580 | TeAcc: 0.9692
 S NN | TrAcc: 0.9827 | VaAcc: 0.9517 | TeAcc: 0.9741

284,  0 | TrAcc: 0.9897, TrLoss:  0.04112, VaAcc: 0.9590, VaLoss:  0.16552
 MAP NN | TrAcc: 0.9911 | VaAcc: 0.9541 | TeAcc: 0.9722
 S NN | TrAcc: 0.9865 | VaAcc: 0.9521 | TeAcc: 0.9717

285,  0 | TrAcc: 0.9900, TrLoss:  0.03829, VaAcc: 0.9575, VaLoss:  0.17564
 MAP NN | TrAcc: 0.9899 | VaAcc: 0.9531 | TeAcc: 0.9717
 S NN | TrAcc: 0.9858 | VaAcc: 0.9531 | TeAcc: 0.9727

286,  0 | TrAcc: 0.9923, TrLoss:  0.03281, VaAcc: 0.9600, VaLoss:  0.15573
 MAP NN | TrAcc: 0.9923 | VaAcc: 0.9556 | TeAcc: 0.9736
 S NN | TrAcc: 0.9910 | VaAcc: 0.9546 | TeAcc: 0.9727

287,  0 | TrAcc: 0.9922, TrLoss:  0.03451, VaAcc: 0.9585, VaLoss:  0.16335
 MAP NN | TrAcc: 0.9912 | VaAcc: 0.9536 | TeAcc: 0.9722
 S NN | TrAcc: 0.9894 | VaAcc: 0.9526 | TeAcc: 0.9707

288,  0 | TrAcc: 0.9917, TrLoss:  0.03258, VaAcc: 0.9600, VaLoss:  0.16177
 MAP NN | TrAcc: 0.9919 | VaAcc: 0.9546 | TeAcc: 0.9722
 S NN | TrAcc: 0.9855 | VaAcc: 0.9561 | TeAcc: 0.9702

289,  0 | TrAcc: 0.9929, TrLoss:  0.03239, VaAcc: 0.9575, VaLoss:  0.16311
 MAP NN | TrAcc: 0.9902 | VaAcc: 0.9531 | TeAcc: 0.9746
 S NN | TrAcc: 0.9871 | VaAcc: 0.9507 | TeAcc: 0.9717

290,  0 | TrAcc: 0.9916, TrLoss:  0.03325, VaAcc: 0.9575, VaLoss:  0.17305
 MAP NN | TrAcc: 0.9915 | VaAcc: 0.9541 | TeAcc: 0.9736
 S NN | TrAcc: 0.9847 | VaAcc: 0.9590 | TeAcc: 0.9717

291,  0 | TrAcc: 0.9928, TrLoss:  0.03128, VaAcc: 0.9614, VaLoss:  0.15801
 MAP NN | TrAcc: 0.9924 | VaAcc: 0.9551 | TeAcc: 0.9746
 S NN | TrAcc: 0.9896 | VaAcc: 0.9478 | TeAcc: 0.9717

292,  0 | TrAcc: 0.9928, TrLoss:  0.03174, VaAcc: 0.9575, VaLoss:  0.16361
 MAP NN | TrAcc: 0.9918 | VaAcc: 0.9551 | TeAcc: 0.9736
 S NN | TrAcc: 0.9879 | VaAcc: 0.9531 | TeAcc: 0.9712

293,  0 | TrAcc: 0.9930, TrLoss:  0.03119, VaAcc: 0.9536, VaLoss:  0.17444
 MAP NN | TrAcc: 0.9912 | VaAcc: 0.9536 | TeAcc: 0.9751
 S NN | TrAcc: 0.9868 | VaAcc: 0.9546 | TeAcc: 0.9717

294,  0 | TrAcc: 0.9921, TrLoss:  0.03103, VaAcc: 0.9604, VaLoss:  0.15528
 MAP NN | TrAcc: 0.9921 | VaAcc: 0.9565 | TeAcc: 0.9751
 S NN | TrAcc: 0.9915 | VaAcc: 0.9604 | TeAcc: 0.9727

295,  0 | TrAcc: 0.9915, TrLoss:  0.03285, VaAcc: 0.9561, VaLoss:  0.17824
 MAP NN | TrAcc: 0.9921 | VaAcc: 0.9551 | TeAcc: 0.9722
 S NN | TrAcc: 0.9868 | VaAcc: 0.9521 | TeAcc: 0.9731

296,  0 | TrAcc: 0.9907, TrLoss:  0.03791, VaAcc: 0.9468, VaLoss:  0.18994
 MAP NN | TrAcc: 0.9863 | VaAcc: 0.9478 | TeAcc: 0.9727
 S NN | TrAcc: 0.9891 | VaAcc: 0.9502 | TeAcc: 0.9707

297,  0 | TrAcc: 0.9907, TrLoss:  0.03521, VaAcc: 0.9521, VaLoss:  0.18026
 MAP NN | TrAcc: 0.9885 | VaAcc: 0.9507 | TeAcc: 0.9712
 S NN | TrAcc: 0.9880 | VaAcc: 0.9551 | TeAcc: 0.9722

298,  0 | TrAcc: 0.9912, TrLoss:  0.03395, VaAcc: 0.9551, VaLoss:  0.16312
 MAP NN | TrAcc: 0.9923 | VaAcc: 0.9546 | TeAcc: 0.9746
 S NN | TrAcc: 0.9890 | VaAcc: 0.9531 | TeAcc: 0.9722

299,  0 | TrAcc: 0.9896, TrLoss:  0.03803, VaAcc: 0.9556, VaLoss:  0.17846
 MAP NN | TrAcc: 0.9932 | VaAcc: 0.9585 | TeAcc: 0.9751
 S NN | TrAcc: 0.9882 | VaAcc: 0.9517 | TeAcc: 0.9722

300,  0 | TrAcc: 0.9930, TrLoss:  0.03171, VaAcc: 0.9575, VaLoss:  0.16684
 MAP NN | TrAcc: 0.9932 | VaAcc: 0.9570 | TeAcc: 0.9736
 S NN | TrAcc: 0.9916 | VaAcc: 0.9565 | TeAcc: 0.9717

301,  0 | TrAcc: 0.9927, TrLoss:  0.02979, VaAcc: 0.9609, VaLoss:  0.14754
 MAP NN | TrAcc: 0.9927 | VaAcc: 0.9575 | TeAcc: 0.9702
 S NN | TrAcc: 0.9899 | VaAcc: 0.9565 | TeAcc: 0.9697

302,  0 | TrAcc: 0.9889, TrLoss:  0.03962, VaAcc: 0.9546, VaLoss:  0.18311
 MAP NN | TrAcc: 0.9855 | VaAcc: 0.9482 | TeAcc: 0.9692
 S NN | TrAcc: 0.9844 | VaAcc: 0.9468 | TeAcc: 0.9678

303,  0 | TrAcc: 0.9933, TrLoss:  0.02953, VaAcc: 0.9531, VaLoss:  0.16491
 MAP NN | TrAcc: 0.9932 | VaAcc: 0.9556 | TeAcc: 0.9731
 S NN | TrAcc: 0.9899 | VaAcc: 0.9517 | TeAcc: 0.9707

304,  0 | TrAcc: 0.9912, TrLoss:  0.03497, VaAcc: 0.9570, VaLoss:  0.16396
 MAP NN | TrAcc: 0.9922 | VaAcc: 0.9580 | TeAcc: 0.9727
 S NN | TrAcc: 0.9894 | VaAcc: 0.9546 | TeAcc: 0.9697

305,  0 | TrAcc: 0.9857, TrLoss:  0.04954, VaAcc: 0.9614, VaLoss:  0.15773
 MAP NN | TrAcc: 0.9885 | VaAcc: 0.9590 | TeAcc: 0.9702
 S NN | TrAcc: 0.9838 | VaAcc: 0.9536 | TeAcc: 0.9673

306,  0 | TrAcc: 0.9904, TrLoss:  0.03477, VaAcc: 0.9604, VaLoss:  0.17397
 MAP NN | TrAcc: 0.9885 | VaAcc: 0.9556 | TeAcc: 0.9692
 S NN | TrAcc: 0.9858 | VaAcc: 0.9507 | TeAcc: 0.9697

307,  0 | TrAcc: 0.9910, TrLoss:  0.03571, VaAcc: 0.9595, VaLoss:  0.15644
 MAP NN | TrAcc: 0.9911 | VaAcc: 0.9561 | TeAcc: 0.9727
 S NN | TrAcc: 0.9896 | VaAcc: 0.9517 | TeAcc: 0.9688

308,  0 | TrAcc: 0.9902, TrLoss:  0.03522, VaAcc: 0.9546, VaLoss:  0.16773
 MAP NN | TrAcc: 0.9921 | VaAcc: 0.9521 | TeAcc: 0.9731
 S NN | TrAcc: 0.9874 | VaAcc: 0.9521 | TeAcc: 0.9712

309,  0 | TrAcc: 0.9905, TrLoss:  0.03223, VaAcc: 0.9590, VaLoss:  0.15663
 MAP NN | TrAcc: 0.9926 | VaAcc: 0.9546 | TeAcc: 0.9731
 S NN | TrAcc: 0.9905 | VaAcc: 0.9512 | TeAcc: 0.9741

310,  0 | TrAcc: 0.9902, TrLoss:  0.03660, VaAcc: 0.9561, VaLoss:  0.17594
 MAP NN | TrAcc: 0.9912 | VaAcc: 0.9561 | TeAcc: 0.9692
 S NN | TrAcc: 0.9907 | VaAcc: 0.9531 | TeAcc: 0.9668

311,  0 | TrAcc: 0.9916, TrLoss:  0.03379, VaAcc: 0.9570, VaLoss:  0.17040
 MAP NN | TrAcc: 0.9897 | VaAcc: 0.9541 | TeAcc: 0.9702
 S NN | TrAcc: 0.9889 | VaAcc: 0.9497 | TeAcc: 0.9697

312,  0 | TrAcc: 0.9930, TrLoss:  0.03175, VaAcc: 0.9624, VaLoss:  0.15609
 MAP NN | TrAcc: 0.9924 | VaAcc: 0.9546 | TeAcc: 0.9727
 S NN | TrAcc: 0.9888 | VaAcc: 0.9517 | TeAcc: 0.9702

313,  0 | TrAcc: 0.9922, TrLoss:  0.03175, VaAcc: 0.9590, VaLoss:  0.15881
 MAP NN | TrAcc: 0.9927 | VaAcc: 0.9565 | TeAcc: 0.9736
 S NN | TrAcc: 0.9904 | VaAcc: 0.9521 | TeAcc: 0.9688

314,  0 | TrAcc: 0.9907, TrLoss:  0.03313, VaAcc: 0.9590, VaLoss:  0.17249
 MAP NN | TrAcc: 0.9930 | VaAcc: 0.9580 | TeAcc: 0.9736
 S NN | TrAcc: 0.9888 | VaAcc: 0.9531 | TeAcc: 0.9668

315,  0 | TrAcc: 0.9918, TrLoss:  0.03066, VaAcc: 0.9595, VaLoss:  0.15784
 MAP NN | TrAcc: 0.9934 | VaAcc: 0.9595 | TeAcc: 0.9746
 S NN | TrAcc: 0.9862 | VaAcc: 0.9551 | TeAcc: 0.9722

316,  0 | TrAcc: 0.9923, TrLoss:  0.03082, VaAcc: 0.9585, VaLoss:  0.15758
 MAP NN | TrAcc: 0.9924 | VaAcc: 0.9556 | TeAcc: 0.9722
 S NN | TrAcc: 0.9910 | VaAcc: 0.9565 | TeAcc: 0.9688

317,  0 | TrAcc: 0.9921, TrLoss:  0.03362, VaAcc: 0.9526, VaLoss:  0.18256
 MAP NN | TrAcc: 0.9915 | VaAcc: 0.9502 | TeAcc: 0.9702
 S NN | TrAcc: 0.9867 | VaAcc: 0.9482 | TeAcc: 0.9707

318,  0 | TrAcc: 0.9915, TrLoss:  0.03010, VaAcc: 0.9565, VaLoss:  0.16725
 MAP NN | TrAcc: 0.9922 | VaAcc: 0.9551 | TeAcc: 0.9736
 S NN | TrAcc: 0.9896 | VaAcc: 0.9575 | TeAcc: 0.9697

319,  0 | TrAcc: 0.9935, TrLoss:  0.02776, VaAcc: 0.9546, VaLoss:  0.18139
 MAP NN | TrAcc: 0.9939 | VaAcc: 0.9585 | TeAcc: 0.9751
 S NN | TrAcc: 0.9908 | VaAcc: 0.9536 | TeAcc: 0.9727

320,  0 | TrAcc: 0.9929, TrLoss:  0.03196, VaAcc: 0.9546, VaLoss:  0.16488
 MAP NN | TrAcc: 0.9916 | VaAcc: 0.9570 | TeAcc: 0.9722
 S NN | TrAcc: 0.9891 | VaAcc: 0.9546 | TeAcc: 0.9692

321,  0 | TrAcc: 0.9934, TrLoss:  0.02824, VaAcc: 0.9556, VaLoss:  0.16894
 MAP NN | TrAcc: 0.9926 | VaAcc: 0.9541 | TeAcc: 0.9722
 S NN | TrAcc: 0.9875 | VaAcc: 0.9551 | TeAcc: 0.9717

322,  0 | TrAcc: 0.9930, TrLoss:  0.02927, VaAcc: 0.9541, VaLoss:  0.17714
 MAP NN | TrAcc: 0.9930 | VaAcc: 0.9541 | TeAcc: 0.9712
 S NN | TrAcc: 0.9900 | VaAcc: 0.9565 | TeAcc: 0.9707

323,  0 | TrAcc: 0.9927, TrLoss:  0.02893, VaAcc: 0.9531, VaLoss:  0.17737
 MAP NN | TrAcc: 0.9932 | VaAcc: 0.9570 | TeAcc: 0.9736
 S NN | TrAcc: 0.9897 | VaAcc: 0.9561 | TeAcc: 0.9722

324,  0 | TrAcc: 0.9933, TrLoss:  0.02803, VaAcc: 0.9565, VaLoss:  0.17428
 MAP NN | TrAcc: 0.9944 | VaAcc: 0.9556 | TeAcc: 0.9722
 S NN | TrAcc: 0.9912 | VaAcc: 0.9541 | TeAcc: 0.9722

325,  0 | TrAcc: 0.9943, TrLoss:  0.02677, VaAcc: 0.9595, VaLoss:  0.17071
 MAP NN | TrAcc: 0.9935 | VaAcc: 0.9575 | TeAcc: 0.9741
 S NN | TrAcc: 0.9916 | VaAcc: 0.9570 | TeAcc: 0.9731

326,  0 | TrAcc: 0.9941, TrLoss:  0.02621, VaAcc: 0.9575, VaLoss:  0.17328
 MAP NN | TrAcc: 0.9928 | VaAcc: 0.9546 | TeAcc: 0.9727
 S NN | TrAcc: 0.9907 | VaAcc: 0.9531 | TeAcc: 0.9727

327,  0 | TrAcc: 0.9923, TrLoss:  0.02894, VaAcc: 0.9551, VaLoss:  0.16902
 MAP NN | TrAcc: 0.9935 | VaAcc: 0.9575 | TeAcc: 0.9751
 S NN | TrAcc: 0.9915 | VaAcc: 0.9526 | TeAcc: 0.9712

328,  0 | TrAcc: 0.9926, TrLoss:  0.02963, VaAcc: 0.9639, VaLoss:  0.16415
 MAP NN | TrAcc: 0.9927 | VaAcc: 0.9585 | TeAcc: 0.9727
 S NN | TrAcc: 0.9917 | VaAcc: 0.9604 | TeAcc: 0.9663

329,  0 | TrAcc: 0.9930, TrLoss:  0.02952, VaAcc: 0.9512, VaLoss:  0.18794
 MAP NN | TrAcc: 0.9893 | VaAcc: 0.9502 | TeAcc: 0.9702
 S NN | TrAcc: 0.9834 | VaAcc: 0.9487 | TeAcc: 0.9678

330,  0 | TrAcc: 0.9939, TrLoss:  0.02638, VaAcc: 0.9561, VaLoss:  0.17155
 MAP NN | TrAcc: 0.9940 | VaAcc: 0.9556 | TeAcc: 0.9712
 S NN | TrAcc: 0.9915 | VaAcc: 0.9541 | TeAcc: 0.9702

331,  0 | TrAcc: 0.9932, TrLoss:  0.02703, VaAcc: 0.9585, VaLoss:  0.16669
 MAP NN | TrAcc: 0.9935 | VaAcc: 0.9585 | TeAcc: 0.9741
 S NN | TrAcc: 0.9923 | VaAcc: 0.9614 | TeAcc: 0.9717

332,  0 | TrAcc: 0.9938, TrLoss:  0.02699, VaAcc: 0.9595, VaLoss:  0.17129
 MAP NN | TrAcc: 0.9930 | VaAcc: 0.9609 | TeAcc: 0.9731
 S NN | TrAcc: 0.9916 | VaAcc: 0.9595 | TeAcc: 0.9731

333,  0 | TrAcc: 0.9941, TrLoss:  0.02653, VaAcc: 0.9551, VaLoss:  0.17669
 MAP NN | TrAcc: 0.9926 | VaAcc: 0.9565 | TeAcc: 0.9717
 S NN | TrAcc: 0.9897 | VaAcc: 0.9551 | TeAcc: 0.9727

334,  0 | TrAcc: 0.9937, TrLoss:  0.02685, VaAcc: 0.9546, VaLoss:  0.18327
 MAP NN | TrAcc: 0.9937 | VaAcc: 0.9546 | TeAcc: 0.9741
 S NN | TrAcc: 0.9913 | VaAcc: 0.9512 | TeAcc: 0.9707

335,  0 | TrAcc: 0.9939, TrLoss:  0.02510, VaAcc: 0.9585, VaLoss:  0.16759
 MAP NN | TrAcc: 0.9944 | VaAcc: 0.9585 | TeAcc: 0.9727
 S NN | TrAcc: 0.9913 | VaAcc: 0.9512 | TeAcc: 0.9736

336,  0 | TrAcc: 0.9948, TrLoss:  0.02379, VaAcc: 0.9561, VaLoss:  0.17181
 MAP NN | TrAcc: 0.9937 | VaAcc: 0.9604 | TeAcc: 0.9727
 S NN | TrAcc: 0.9916 | VaAcc: 0.9604 | TeAcc: 0.9727

337,  0 | TrAcc: 0.9938, TrLoss:  0.02537, VaAcc: 0.9575, VaLoss:  0.17326
 MAP NN | TrAcc: 0.9940 | VaAcc: 0.9541 | TeAcc: 0.9722
 S NN | TrAcc: 0.9918 | VaAcc: 0.9521 | TeAcc: 0.9712

338,  0 | TrAcc: 0.9948, TrLoss:  0.02367, VaAcc: 0.9526, VaLoss:  0.17924
 MAP NN | TrAcc: 0.9952 | VaAcc: 0.9570 | TeAcc: 0.9736
 S NN | TrAcc: 0.9906 | VaAcc: 0.9512 | TeAcc: 0.9717

339,  0 | TrAcc: 0.9948, TrLoss:  0.02517, VaAcc: 0.9570, VaLoss:  0.17110
 MAP NN | TrAcc: 0.9927 | VaAcc: 0.9531 | TeAcc: 0.9727
 S NN | TrAcc: 0.9913 | VaAcc: 0.9526 | TeAcc: 0.9702

340,  0 | TrAcc: 0.9943, TrLoss:  0.02420, VaAcc: 0.9570, VaLoss:  0.17421
 MAP NN | TrAcc: 0.9946 | VaAcc: 0.9580 | TeAcc: 0.9746
 S NN | TrAcc: 0.9910 | VaAcc: 0.9526 | TeAcc: 0.9741

341,  0 | TrAcc: 0.9940, TrLoss:  0.02476, VaAcc: 0.9595, VaLoss:  0.16758
 MAP NN | TrAcc: 0.9940 | VaAcc: 0.9580 | TeAcc: 0.9741
 S NN | TrAcc: 0.9912 | VaAcc: 0.9541 | TeAcc: 0.9751

342,  0 | TrAcc: 0.9941, TrLoss:  0.02538, VaAcc: 0.9570, VaLoss:  0.17593
 MAP NN | TrAcc: 0.9937 | VaAcc: 0.9556 | TeAcc: 0.9761
 S NN | TrAcc: 0.9926 | VaAcc: 0.9551 | TeAcc: 0.9775

343,  0 | TrAcc: 0.9937, TrLoss:  0.02776, VaAcc: 0.9585, VaLoss:  0.16178
 MAP NN | TrAcc: 0.9943 | VaAcc: 0.9595 | TeAcc: 0.9741
 S NN | TrAcc: 0.9913 | VaAcc: 0.9546 | TeAcc: 0.9673

344,  0 | TrAcc: 0.9940, TrLoss:  0.02741, VaAcc: 0.9595, VaLoss:  0.16163
 MAP NN | TrAcc: 0.9929 | VaAcc: 0.9565 | TeAcc: 0.9741
 S NN | TrAcc: 0.9921 | VaAcc: 0.9590 | TeAcc: 0.9727

345,  0 | TrAcc: 0.9941, TrLoss:  0.02478, VaAcc: 0.9526, VaLoss:  0.17639
 MAP NN | TrAcc: 0.9934 | VaAcc: 0.9536 | TeAcc: 0.9746
 S NN | TrAcc: 0.9926 | VaAcc: 0.9507 | TeAcc: 0.9697

346,  0 | TrAcc: 0.9941, TrLoss:  0.02428, VaAcc: 0.9590, VaLoss:  0.16679
 MAP NN | TrAcc: 0.9944 | VaAcc: 0.9561 | TeAcc: 0.9741
 S NN | TrAcc: 0.9927 | VaAcc: 0.9517 | TeAcc: 0.9707

347,  0 | TrAcc: 0.9943, TrLoss:  0.02437, VaAcc: 0.9575, VaLoss:  0.17592
 MAP NN | TrAcc: 0.9938 | VaAcc: 0.9565 | TeAcc: 0.9795
 S NN | TrAcc: 0.9915 | VaAcc: 0.9517 | TeAcc: 0.9751

348,  0 | TrAcc: 0.9944, TrLoss:  0.02301, VaAcc: 0.9590, VaLoss:  0.16407
 MAP NN | TrAcc: 0.9943 | VaAcc: 0.9561 | TeAcc: 0.9736
 S NN | TrAcc: 0.9932 | VaAcc: 0.9546 | TeAcc: 0.9668

349,  0 | TrAcc: 0.9952, TrLoss:  0.02311, VaAcc: 0.9546, VaLoss:  0.17497
 MAP NN | TrAcc: 0.9954 | VaAcc: 0.9546 | TeAcc: 0.9761
 S NN | TrAcc: 0.9929 | VaAcc: 0.9561 | TeAcc: 0.9736

350,  0 | TrAcc: 0.9951, TrLoss:  0.02311, VaAcc: 0.9570, VaLoss:  0.16677
 MAP NN | TrAcc: 0.9943 | VaAcc: 0.9551 | TeAcc: 0.9751
 S NN | TrAcc: 0.9915 | VaAcc: 0.9531 | TeAcc: 0.9731

351,  0 | TrAcc: 0.9941, TrLoss:  0.02365, VaAcc: 0.9604, VaLoss:  0.16138
 MAP NN | TrAcc: 0.9955 | VaAcc: 0.9565 | TeAcc: 0.9731
 S NN | TrAcc: 0.9933 | VaAcc: 0.9531 | TeAcc: 0.9688

352,  0 | TrAcc: 0.9954, TrLoss:  0.02169, VaAcc: 0.9546, VaLoss:  0.16522
 MAP NN | TrAcc: 0.9950 | VaAcc: 0.9551 | TeAcc: 0.9761
 S NN | TrAcc: 0.9940 | VaAcc: 0.9575 | TeAcc: 0.9683

353,  0 | TrAcc: 0.9943, TrLoss:  0.02463, VaAcc: 0.9575, VaLoss:  0.17534
 MAP NN | TrAcc: 0.9937 | VaAcc: 0.9570 | TeAcc: 0.9736
 S NN | TrAcc: 0.9879 | VaAcc: 0.9551 | TeAcc: 0.9702

354,  0 | TrAcc: 0.9945, TrLoss:  0.02369, VaAcc: 0.9604, VaLoss:  0.16533
 MAP NN | TrAcc: 0.9948 | VaAcc: 0.9575 | TeAcc: 0.9727
 S NN | TrAcc: 0.9932 | VaAcc: 0.9565 | TeAcc: 0.9707

355,  0 | TrAcc: 0.9940, TrLoss:  0.02477, VaAcc: 0.9570, VaLoss:  0.18052
 MAP NN | TrAcc: 0.9946 | VaAcc: 0.9521 | TeAcc: 0.9780
 S NN | TrAcc: 0.9902 | VaAcc: 0.9556 | TeAcc: 0.9731

356,  0 | TrAcc: 0.9944, TrLoss:  0.02545, VaAcc: 0.9546, VaLoss:  0.17788
 MAP NN | TrAcc: 0.9940 | VaAcc: 0.9570 | TeAcc: 0.9731
 S NN | TrAcc: 0.9916 | VaAcc: 0.9526 | TeAcc: 0.9692

357,  0 | TrAcc: 0.9943, TrLoss:  0.02475, VaAcc: 0.9546, VaLoss:  0.16793
 MAP NN | TrAcc: 0.9949 | VaAcc: 0.9551 | TeAcc: 0.9785
 S NN | TrAcc: 0.9924 | VaAcc: 0.9541 | TeAcc: 0.9741

358,  0 | TrAcc: 0.9939, TrLoss:  0.02381, VaAcc: 0.9546, VaLoss:  0.17574
 MAP NN | TrAcc: 0.9943 | VaAcc: 0.9595 | TeAcc: 0.9785
 S NN | TrAcc: 0.9927 | VaAcc: 0.9575 | TeAcc: 0.9756

359,  0 | TrAcc: 0.9955, TrLoss:  0.02290, VaAcc: 0.9570, VaLoss:  0.16948
 MAP NN | TrAcc: 0.9956 | VaAcc: 0.9551 | TeAcc: 0.9736
 S NN | TrAcc: 0.9928 | VaAcc: 0.9526 | TeAcc: 0.9722

360,  0 | TrAcc: 0.9957, TrLoss:  0.02352, VaAcc: 0.9497, VaLoss:  0.17393
 MAP NN | TrAcc: 0.9941 | VaAcc: 0.9512 | TeAcc: 0.9722
 S NN | TrAcc: 0.9948 | VaAcc: 0.9575 | TeAcc: 0.9697

361,  0 | TrAcc: 0.9941, TrLoss:  0.02483, VaAcc: 0.9551, VaLoss:  0.16460
 MAP NN | TrAcc: 0.9944 | VaAcc: 0.9561 | TeAcc: 0.9741
 S NN | TrAcc: 0.9932 | VaAcc: 0.9541 | TeAcc: 0.9678

362,  0 | TrAcc: 0.9915, TrLoss:  0.02965, VaAcc: 0.9492, VaLoss:  0.18452
 MAP NN | TrAcc: 0.9902 | VaAcc: 0.9521 | TeAcc: 0.9722
 S NN | TrAcc: 0.9889 | VaAcc: 0.9487 | TeAcc: 0.9727

363,  0 | TrAcc: 0.9930, TrLoss:  0.02801, VaAcc: 0.9585, VaLoss:  0.16767
 MAP NN | TrAcc: 0.9944 | VaAcc: 0.9556 | TeAcc: 0.9722
 S NN | TrAcc: 0.9879 | VaAcc: 0.9561 | TeAcc: 0.9712

364,  0 | TrAcc: 0.9929, TrLoss:  0.02956, VaAcc: 0.9595, VaLoss:  0.17704
 MAP NN | TrAcc: 0.9927 | VaAcc: 0.9536 | TeAcc: 0.9741
 S NN | TrAcc: 0.9897 | VaAcc: 0.9580 | TeAcc: 0.9717

365,  0 | TrAcc: 0.9929, TrLoss:  0.02683, VaAcc: 0.9600, VaLoss:  0.18086
 MAP NN | TrAcc: 0.9937 | VaAcc: 0.9580 | TeAcc: 0.9751
 S NN | TrAcc: 0.9888 | VaAcc: 0.9541 | TeAcc: 0.9731

366,  0 | TrAcc: 0.9951, TrLoss:  0.02380, VaAcc: 0.9590, VaLoss:  0.16655
 MAP NN | TrAcc: 0.9946 | VaAcc: 0.9541 | TeAcc: 0.9766
 S NN | TrAcc: 0.9923 | VaAcc: 0.9531 | TeAcc: 0.9751

367,  0 | TrAcc: 0.9952, TrLoss:  0.02255, VaAcc: 0.9565, VaLoss:  0.16949
 MAP NN | TrAcc: 0.9949 | VaAcc: 0.9561 | TeAcc: 0.9756
 S NN | TrAcc: 0.9938 | VaAcc: 0.9580 | TeAcc: 0.9736

368,  0 | TrAcc: 0.9943, TrLoss:  0.02190, VaAcc: 0.9580, VaLoss:  0.17225
 MAP NN | TrAcc: 0.9955 | VaAcc: 0.9570 | TeAcc: 0.9761
 S NN | TrAcc: 0.9933 | VaAcc: 0.9565 | TeAcc: 0.9746

369,  0 | TrAcc: 0.9938, TrLoss:  0.02368, VaAcc: 0.9595, VaLoss:  0.16185
 MAP NN | TrAcc: 0.9948 | VaAcc: 0.9585 | TeAcc: 0.9761
 S NN | TrAcc: 0.9916 | VaAcc: 0.9595 | TeAcc: 0.9775

370,  0 | TrAcc: 0.9943, TrLoss:  0.02482, VaAcc: 0.9541, VaLoss:  0.15595
 MAP NN | TrAcc: 0.9946 | VaAcc: 0.9575 | TeAcc: 0.9741
 S NN | TrAcc: 0.9937 | VaAcc: 0.9531 | TeAcc: 0.9761

371,  0 | TrAcc: 0.9957, TrLoss:  0.02373, VaAcc: 0.9561, VaLoss:  0.17490
 MAP NN | TrAcc: 0.9950 | VaAcc: 0.9526 | TeAcc: 0.9746
 S NN | TrAcc: 0.9928 | VaAcc: 0.9521 | TeAcc: 0.9688

372,  0 | TrAcc: 0.9962, TrLoss:  0.02168, VaAcc: 0.9585, VaLoss:  0.16167
 MAP NN | TrAcc: 0.9955 | VaAcc: 0.9556 | TeAcc: 0.9766
 S NN | TrAcc: 0.9940 | VaAcc: 0.9536 | TeAcc: 0.9741

373,  0 | TrAcc: 0.9949, TrLoss:  0.02220, VaAcc: 0.9585, VaLoss:  0.17189
 MAP NN | TrAcc: 0.9955 | VaAcc: 0.9575 | TeAcc: 0.9761
 S NN | TrAcc: 0.9934 | VaAcc: 0.9541 | TeAcc: 0.9736

374,  0 | TrAcc: 0.9960, TrLoss:  0.01962, VaAcc: 0.9531, VaLoss:  0.17610
 MAP NN | TrAcc: 0.9966 | VaAcc: 0.9541 | TeAcc: 0.9746
 S NN | TrAcc: 0.9951 | VaAcc: 0.9556 | TeAcc: 0.9731

375,  0 | TrAcc: 0.9963, TrLoss:  0.02048, VaAcc: 0.9517, VaLoss:  0.18773
 MAP NN | TrAcc: 0.9958 | VaAcc: 0.9531 | TeAcc: 0.9736
 S NN | TrAcc: 0.9939 | VaAcc: 0.9536 | TeAcc: 0.9751

376,  0 | TrAcc: 0.9962, TrLoss:  0.02033, VaAcc: 0.9541, VaLoss:  0.17956
 MAP NN | TrAcc: 0.9963 | VaAcc: 0.9604 | TeAcc: 0.9756
 S NN | TrAcc: 0.9938 | VaAcc: 0.9556 | TeAcc: 0.9766

377,  0 | TrAcc: 0.9952, TrLoss:  0.02138, VaAcc: 0.9551, VaLoss:  0.17788
 MAP NN | TrAcc: 0.9946 | VaAcc: 0.9585 | TeAcc: 0.9775
 S NN | TrAcc: 0.9950 | VaAcc: 0.9526 | TeAcc: 0.9702

378,  0 | TrAcc: 0.9960, TrLoss:  0.02051, VaAcc: 0.9590, VaLoss:  0.16273
 MAP NN | TrAcc: 0.9954 | VaAcc: 0.9570 | TeAcc: 0.9751
 S NN | TrAcc: 0.9939 | VaAcc: 0.9565 | TeAcc: 0.9751

379,  0 | TrAcc: 0.9943, TrLoss:  0.02384, VaAcc: 0.9570, VaLoss:  0.17279
 MAP NN | TrAcc: 0.9943 | VaAcc: 0.9531 | TeAcc: 0.9766
 S NN | TrAcc: 0.9922 | VaAcc: 0.9580 | TeAcc: 0.9746

380,  0 | TrAcc: 0.9957, TrLoss:  0.02021, VaAcc: 0.9590, VaLoss:  0.16506
 MAP NN | TrAcc: 0.9963 | VaAcc: 0.9585 | TeAcc: 0.9741
 S NN | TrAcc: 0.9939 | VaAcc: 0.9531 | TeAcc: 0.9707

381,  0 | TrAcc: 0.9940, TrLoss:  0.02367, VaAcc: 0.9546, VaLoss:  0.17929
 MAP NN | TrAcc: 0.9946 | VaAcc: 0.9541 | TeAcc: 0.9775
 S NN | TrAcc: 0.9916 | VaAcc: 0.9521 | TeAcc: 0.9741

382,  0 | TrAcc: 0.9957, TrLoss:  0.01962, VaAcc: 0.9580, VaLoss:  0.16943
 MAP NN | TrAcc: 0.9961 | VaAcc: 0.9575 | TeAcc: 0.9761
 S NN | TrAcc: 0.9948 | VaAcc: 0.9551 | TeAcc: 0.9756

383,  0 | TrAcc: 0.9951, TrLoss:  0.02046, VaAcc: 0.9580, VaLoss:  0.16488
 MAP NN | TrAcc: 0.9954 | VaAcc: 0.9590 | TeAcc: 0.9736
 S NN | TrAcc: 0.9943 | VaAcc: 0.9565 | TeAcc: 0.9766

384,  0 | TrAcc: 0.9955, TrLoss:  0.02199, VaAcc: 0.9541, VaLoss:  0.16929
 MAP NN | TrAcc: 0.9960 | VaAcc: 0.9551 | TeAcc: 0.9746
 S NN | TrAcc: 0.9938 | VaAcc: 0.9536 | TeAcc: 0.9741

385,  0 | TrAcc: 0.9948, TrLoss:  0.02214, VaAcc: 0.9580, VaLoss:  0.17773
 MAP NN | TrAcc: 0.9948 | VaAcc: 0.9600 | TeAcc: 0.9771
 S NN | TrAcc: 0.9906 | VaAcc: 0.9546 | TeAcc: 0.9761

386,  0 | TrAcc: 0.9928, TrLoss:  0.02605, VaAcc: 0.9570, VaLoss:  0.18743
 MAP NN | TrAcc: 0.9929 | VaAcc: 0.9551 | TeAcc: 0.9756
 S NN | TrAcc: 0.9908 | VaAcc: 0.9556 | TeAcc: 0.9751

387,  0 | TrAcc: 0.9950, TrLoss:  0.02180, VaAcc: 0.9609, VaLoss:  0.16248
 MAP NN | TrAcc: 0.9940 | VaAcc: 0.9590 | TeAcc: 0.9741
 S NN | TrAcc: 0.9943 | VaAcc: 0.9590 | TeAcc: 0.9727

388,  0 | TrAcc: 0.9952, TrLoss:  0.02327, VaAcc: 0.9556, VaLoss:  0.18303
 MAP NN | TrAcc: 0.9940 | VaAcc: 0.9541 | TeAcc: 0.9741
 S NN | TrAcc: 0.9912 | VaAcc: 0.9556 | TeAcc: 0.9727

389,  0 | TrAcc: 0.9956, TrLoss:  0.02216, VaAcc: 0.9556, VaLoss:  0.17458
 MAP NN | TrAcc: 0.9957 | VaAcc: 0.9585 | TeAcc: 0.9741
 S NN | TrAcc: 0.9938 | VaAcc: 0.9580 | TeAcc: 0.9741

390,  0 | TrAcc: 0.9955, TrLoss:  0.02030, VaAcc: 0.9590, VaLoss:  0.17506
 MAP NN | TrAcc: 0.9951 | VaAcc: 0.9561 | TeAcc: 0.9751
 S NN | TrAcc: 0.9928 | VaAcc: 0.9546 | TeAcc: 0.9741

391,  0 | TrAcc: 0.9950, TrLoss:  0.02277, VaAcc: 0.9561, VaLoss:  0.17821
 MAP NN | TrAcc: 0.9946 | VaAcc: 0.9565 | TeAcc: 0.9785
 S NN | TrAcc: 0.9916 | VaAcc: 0.9507 | TeAcc: 0.9761

392,  0 | TrAcc: 0.9963, TrLoss:  0.02035, VaAcc: 0.9570, VaLoss:  0.16749
 MAP NN | TrAcc: 0.9966 | VaAcc: 0.9556 | TeAcc: 0.9766
 S NN | TrAcc: 0.9948 | VaAcc: 0.9482 | TeAcc: 0.9717

393,  0 | TrAcc: 0.9967, TrLoss:  0.01847, VaAcc: 0.9590, VaLoss:  0.16961
 MAP NN | TrAcc: 0.9967 | VaAcc: 0.9565 | TeAcc: 0.9761
 S NN | TrAcc: 0.9951 | VaAcc: 0.9526 | TeAcc: 0.9746

394,  0 | TrAcc: 0.9961, TrLoss:  0.01989, VaAcc: 0.9565, VaLoss:  0.18186
 MAP NN | TrAcc: 0.9960 | VaAcc: 0.9531 | TeAcc: 0.9756
 S NN | TrAcc: 0.9928 | VaAcc: 0.9556 | TeAcc: 0.9736

395,  0 | TrAcc: 0.9938, TrLoss:  0.02447, VaAcc: 0.9575, VaLoss:  0.18233
 MAP NN | TrAcc: 0.9946 | VaAcc: 0.9580 | TeAcc: 0.9771
 S NN | TrAcc: 0.9930 | VaAcc: 0.9551 | TeAcc: 0.9736

396,  0 | TrAcc: 0.9954, TrLoss:  0.02162, VaAcc: 0.9575, VaLoss:  0.17135
 MAP NN | TrAcc: 0.9961 | VaAcc: 0.9536 | TeAcc: 0.9736
 S NN | TrAcc: 0.9928 | VaAcc: 0.9531 | TeAcc: 0.9712

397,  0 | TrAcc: 0.9967, TrLoss:  0.01754, VaAcc: 0.9580, VaLoss:  0.17504
 MAP NN | TrAcc: 0.9963 | VaAcc: 0.9585 | TeAcc: 0.9780
 S NN | TrAcc: 0.9958 | VaAcc: 0.9575 | TeAcc: 0.9771

398,  0 | TrAcc: 0.9966, TrLoss:  0.01832, VaAcc: 0.9575, VaLoss:  0.17466
 MAP NN | TrAcc: 0.9963 | VaAcc: 0.9556 | TeAcc: 0.9775
 S NN | TrAcc: 0.9955 | VaAcc: 0.9546 | TeAcc: 0.9780

399,  0 | TrAcc: 0.9961, TrLoss:  0.01810, VaAcc: 0.9580, VaLoss:  0.17154
 MAP NN | TrAcc: 0.9962 | VaAcc: 0.9551 | TeAcc: 0.9751
 S NN | TrAcc: 0.9949 | VaAcc: 0.9575 | TeAcc: 0.9702

400,  0 | TrAcc: 0.9967, TrLoss:  0.01753, VaAcc: 0.9590, VaLoss:  0.16732
 MAP NN | TrAcc: 0.9962 | VaAcc: 0.9561 | TeAcc: 0.9751
 S NN | TrAcc: 0.9958 | VaAcc: 0.9551 | TeAcc: 0.9751

401,  0 | TrAcc: 0.9962, TrLoss:  0.01977, VaAcc: 0.9600, VaLoss:  0.16342
 MAP NN | TrAcc: 0.9961 | VaAcc: 0.9556 | TeAcc: 0.9736
 S NN | TrAcc: 0.9939 | VaAcc: 0.9536 | TeAcc: 0.9746

402,  0 | TrAcc: 0.9968, TrLoss:  0.01757, VaAcc: 0.9575, VaLoss:  0.17430
 MAP NN | TrAcc: 0.9961 | VaAcc: 0.9565 | TeAcc: 0.9766
 S NN | TrAcc: 0.9949 | VaAcc: 0.9521 | TeAcc: 0.9766

403,  0 | TrAcc: 0.9961, TrLoss:  0.01854, VaAcc: 0.9580, VaLoss:  0.17718
 MAP NN | TrAcc: 0.9958 | VaAcc: 0.9585 | TeAcc: 0.9731
 S NN | TrAcc: 0.9940 | VaAcc: 0.9575 | TeAcc: 0.9741

404,  0 | TrAcc: 0.9974, TrLoss:  0.01612, VaAcc: 0.9561, VaLoss:  0.17356
 MAP NN | TrAcc: 0.9976 | VaAcc: 0.9551 | TeAcc: 0.9766
 S NN | TrAcc: 0.9951 | VaAcc: 0.9570 | TeAcc: 0.9741

405,  0 | TrAcc: 0.9969, TrLoss:  0.01849, VaAcc: 0.9565, VaLoss:  0.17488
 MAP NN | TrAcc: 0.9967 | VaAcc: 0.9565 | TeAcc: 0.9741
 S NN | TrAcc: 0.9945 | VaAcc: 0.9551 | TeAcc: 0.9756

406,  0 | TrAcc: 0.9971, TrLoss:  0.01810, VaAcc: 0.9561, VaLoss:  0.18121
 MAP NN | TrAcc: 0.9976 | VaAcc: 0.9536 | TeAcc: 0.9751
 S NN | TrAcc: 0.9946 | VaAcc: 0.9536 | TeAcc: 0.9727

407,  0 | TrAcc: 0.9966, TrLoss:  0.01814, VaAcc: 0.9585, VaLoss:  0.17635
 MAP NN | TrAcc: 0.9961 | VaAcc: 0.9595 | TeAcc: 0.9751
 S NN | TrAcc: 0.9952 | VaAcc: 0.9565 | TeAcc: 0.9722

408,  0 | TrAcc: 0.9960, TrLoss:  0.01910, VaAcc: 0.9585, VaLoss:  0.17233
 MAP NN | TrAcc: 0.9945 | VaAcc: 0.9565 | TeAcc: 0.9736
 S NN | TrAcc: 0.9933 | VaAcc: 0.9565 | TeAcc: 0.9722

409,  0 | TrAcc: 0.9963, TrLoss:  0.01940, VaAcc: 0.9590, VaLoss:  0.16479
 MAP NN | TrAcc: 0.9960 | VaAcc: 0.9561 | TeAcc: 0.9775
 S NN | TrAcc: 0.9941 | VaAcc: 0.9551 | TeAcc: 0.9731

410,  0 | TrAcc: 0.9967, TrLoss:  0.01843, VaAcc: 0.9536, VaLoss:  0.19907
 MAP NN | TrAcc: 0.9962 | VaAcc: 0.9551 | TeAcc: 0.9751
 S NN | TrAcc: 0.9946 | VaAcc: 0.9551 | TeAcc: 0.9731

411,  0 | TrAcc: 0.9965, TrLoss:  0.01735, VaAcc: 0.9517, VaLoss:  0.17724
 MAP NN | TrAcc: 0.9963 | VaAcc: 0.9541 | TeAcc: 0.9746
 S NN | TrAcc: 0.9948 | VaAcc: 0.9526 | TeAcc: 0.9741

412,  0 | TrAcc: 0.9976, TrLoss:  0.01621, VaAcc: 0.9604, VaLoss:  0.16536
 MAP NN | TrAcc: 0.9974 | VaAcc: 0.9570 | TeAcc: 0.9741
 S NN | TrAcc: 0.9961 | VaAcc: 0.9551 | TeAcc: 0.9692

413,  0 | TrAcc: 0.9963, TrLoss:  0.01941, VaAcc: 0.9541, VaLoss:  0.18970
 MAP NN | TrAcc: 0.9967 | VaAcc: 0.9531 | TeAcc: 0.9756
 S NN | TrAcc: 0.9948 | VaAcc: 0.9521 | TeAcc: 0.9712

414,  0 | TrAcc: 0.9961, TrLoss:  0.01861, VaAcc: 0.9614, VaLoss:  0.16672
 MAP NN | TrAcc: 0.9960 | VaAcc: 0.9614 | TeAcc: 0.9731
 S NN | TrAcc: 0.9934 | VaAcc: 0.9590 | TeAcc: 0.9741

415,  0 | TrAcc: 0.9969, TrLoss:  0.01915, VaAcc: 0.9561, VaLoss:  0.18944
 MAP NN | TrAcc: 0.9966 | VaAcc: 0.9585 | TeAcc: 0.9736
 S NN | TrAcc: 0.9954 | VaAcc: 0.9600 | TeAcc: 0.9722

416,  0 | TrAcc: 0.9954, TrLoss:  0.01958, VaAcc: 0.9565, VaLoss:  0.18083
 MAP NN | TrAcc: 0.9962 | VaAcc: 0.9595 | TeAcc: 0.9722
 S NN | TrAcc: 0.9938 | VaAcc: 0.9585 | TeAcc: 0.9702

417,  0 | TrAcc: 0.9969, TrLoss:  0.01833, VaAcc: 0.9536, VaLoss:  0.19106
 MAP NN | TrAcc: 0.9967 | VaAcc: 0.9536 | TeAcc: 0.9751
 S NN | TrAcc: 0.9967 | VaAcc: 0.9531 | TeAcc: 0.9761

418,  0 | TrAcc: 0.9967, TrLoss:  0.01645, VaAcc: 0.9590, VaLoss:  0.16939
 MAP NN | TrAcc: 0.9969 | VaAcc: 0.9580 | TeAcc: 0.9771
 S NN | TrAcc: 0.9960 | VaAcc: 0.9575 | TeAcc: 0.9751

419,  0 | TrAcc: 0.9962, TrLoss:  0.01913, VaAcc: 0.9561, VaLoss:  0.18275
 MAP NN | TrAcc: 0.9958 | VaAcc: 0.9546 | TeAcc: 0.9771
 S NN | TrAcc: 0.9940 | VaAcc: 0.9541 | TeAcc: 0.9717

420,  0 | TrAcc: 0.9971, TrLoss:  0.01617, VaAcc: 0.9570, VaLoss:  0.17412
 MAP NN | TrAcc: 0.9966 | VaAcc: 0.9551 | TeAcc: 0.9756
 S NN | TrAcc: 0.9952 | VaAcc: 0.9565 | TeAcc: 0.9717

421,  0 | TrAcc: 0.9979, TrLoss:  0.01695, VaAcc: 0.9536, VaLoss:  0.17774
 MAP NN | TrAcc: 0.9978 | VaAcc: 0.9531 | TeAcc: 0.9741
 S NN | TrAcc: 0.9969 | VaAcc: 0.9580 | TeAcc: 0.9727

422,  0 | TrAcc: 0.9976, TrLoss:  0.01558, VaAcc: 0.9604, VaLoss:  0.17430
 MAP NN | TrAcc: 0.9974 | VaAcc: 0.9551 | TeAcc: 0.9736
 S NN | TrAcc: 0.9962 | VaAcc: 0.9541 | TeAcc: 0.9746

423,  0 | TrAcc: 0.9968, TrLoss:  0.01733, VaAcc: 0.9600, VaLoss:  0.16439
 MAP NN | TrAcc: 0.9978 | VaAcc: 0.9561 | TeAcc: 0.9731
 S NN | TrAcc: 0.9955 | VaAcc: 0.9565 | TeAcc: 0.9746

424,  0 | TrAcc: 0.9965, TrLoss:  0.01725, VaAcc: 0.9556, VaLoss:  0.19403
 MAP NN | TrAcc: 0.9954 | VaAcc: 0.9556 | TeAcc: 0.9780
 S NN | TrAcc: 0.9934 | VaAcc: 0.9502 | TeAcc: 0.9775

425,  0 | TrAcc: 0.9969, TrLoss:  0.01643, VaAcc: 0.9556, VaLoss:  0.17971
 MAP NN | TrAcc: 0.9967 | VaAcc: 0.9575 | TeAcc: 0.9736
 S NN | TrAcc: 0.9962 | VaAcc: 0.9585 | TeAcc: 0.9746

426,  0 | TrAcc: 0.9967, TrLoss:  0.01577, VaAcc: 0.9556, VaLoss:  0.18405
 MAP NN | TrAcc: 0.9971 | VaAcc: 0.9561 | TeAcc: 0.9771
 S NN | TrAcc: 0.9955 | VaAcc: 0.9551 | TeAcc: 0.9741

427,  0 | TrAcc: 0.9971, TrLoss:  0.01795, VaAcc: 0.9561, VaLoss:  0.19060
 MAP NN | TrAcc: 0.9958 | VaAcc: 0.9595 | TeAcc: 0.9746
 S NN | TrAcc: 0.9946 | VaAcc: 0.9541 | TeAcc: 0.9736

428,  0 | TrAcc: 0.9979, TrLoss:  0.01499, VaAcc: 0.9575, VaLoss:  0.17934
 MAP NN | TrAcc: 0.9969 | VaAcc: 0.9561 | TeAcc: 0.9756
 S NN | TrAcc: 0.9961 | VaAcc: 0.9585 | TeAcc: 0.9766

429,  0 | TrAcc: 0.9965, TrLoss:  0.01700, VaAcc: 0.9561, VaLoss:  0.18985
 MAP NN | TrAcc: 0.9963 | VaAcc: 0.9551 | TeAcc: 0.9775
 S NN | TrAcc: 0.9958 | VaAcc: 0.9556 | TeAcc: 0.9736

430,  0 | TrAcc: 0.9971, TrLoss:  0.01764, VaAcc: 0.9546, VaLoss:  0.18248
 MAP NN | TrAcc: 0.9973 | VaAcc: 0.9565 | TeAcc: 0.9756
 S NN | TrAcc: 0.9962 | VaAcc: 0.9551 | TeAcc: 0.9736

431,  0 | TrAcc: 0.9958, TrLoss:  0.02019, VaAcc: 0.9551, VaLoss:  0.18907
 MAP NN | TrAcc: 0.9961 | VaAcc: 0.9546 | TeAcc: 0.9746
 S NN | TrAcc: 0.9934 | VaAcc: 0.9585 | TeAcc: 0.9756

432,  0 | TrAcc: 0.9952, TrLoss:  0.02129, VaAcc: 0.9595, VaLoss:  0.17902
 MAP NN | TrAcc: 0.9952 | VaAcc: 0.9595 | TeAcc: 0.9722
 S NN | TrAcc: 0.9951 | VaAcc: 0.9561 | TeAcc: 0.9707

433,  0 | TrAcc: 0.9976, TrLoss:  0.01545, VaAcc: 0.9551, VaLoss:  0.17745
 MAP NN | TrAcc: 0.9973 | VaAcc: 0.9541 | TeAcc: 0.9727
 S NN | TrAcc: 0.9961 | VaAcc: 0.9526 | TeAcc: 0.9731

434,  0 | TrAcc: 0.9956, TrLoss:  0.02117, VaAcc: 0.9473, VaLoss:  0.20169
 MAP NN | TrAcc: 0.9943 | VaAcc: 0.9487 | TeAcc: 0.9697
 S NN | TrAcc: 0.9919 | VaAcc: 0.9502 | TeAcc: 0.9717

435,  0 | TrAcc: 0.9971, TrLoss:  0.01698, VaAcc: 0.9580, VaLoss:  0.17964
 MAP NN | TrAcc: 0.9976 | VaAcc: 0.9570 | TeAcc: 0.9771
 S NN | TrAcc: 0.9955 | VaAcc: 0.9570 | TeAcc: 0.9736

436,  0 | TrAcc: 0.9962, TrLoss:  0.01800, VaAcc: 0.9561, VaLoss:  0.17225
 MAP NN | TrAcc: 0.9967 | VaAcc: 0.9575 | TeAcc: 0.9756
 S NN | TrAcc: 0.9921 | VaAcc: 0.9575 | TeAcc: 0.9717

437,  0 | TrAcc: 0.9983, TrLoss:  0.01446, VaAcc: 0.9575, VaLoss:  0.18658
 MAP NN | TrAcc: 0.9979 | VaAcc: 0.9541 | TeAcc: 0.9756
 S NN | TrAcc: 0.9958 | VaAcc: 0.9561 | TeAcc: 0.9746

438,  0 | TrAcc: 0.9963, TrLoss:  0.01896, VaAcc: 0.9614, VaLoss:  0.17338
 MAP NN | TrAcc: 0.9945 | VaAcc: 0.9546 | TeAcc: 0.9727
 S NN | TrAcc: 0.9957 | VaAcc: 0.9546 | TeAcc: 0.9731

439,  0 | TrAcc: 0.9972, TrLoss:  0.01602, VaAcc: 0.9570, VaLoss:  0.17668
 MAP NN | TrAcc: 0.9969 | VaAcc: 0.9575 | TeAcc: 0.9785
 S NN | TrAcc: 0.9952 | VaAcc: 0.9575 | TeAcc: 0.9727

440,  0 | TrAcc: 0.9960, TrLoss:  0.01900, VaAcc: 0.9604, VaLoss:  0.18468
 MAP NN | TrAcc: 0.9969 | VaAcc: 0.9580 | TeAcc: 0.9780
 S NN | TrAcc: 0.9956 | VaAcc: 0.9580 | TeAcc: 0.9731

441,  0 | TrAcc: 0.9961, TrLoss:  0.02228, VaAcc: 0.9536, VaLoss:  0.17901
 MAP NN | TrAcc: 0.9961 | VaAcc: 0.9570 | TeAcc: 0.9722
 S NN | TrAcc: 0.9951 | VaAcc: 0.9512 | TeAcc: 0.9727

442,  0 | TrAcc: 0.9963, TrLoss:  0.01806, VaAcc: 0.9575, VaLoss:  0.19040
 MAP NN | TrAcc: 0.9955 | VaAcc: 0.9575 | TeAcc: 0.9756
 S NN | TrAcc: 0.9950 | VaAcc: 0.9595 | TeAcc: 0.9751

443,  0 | TrAcc: 0.9974, TrLoss:  0.01632, VaAcc: 0.9561, VaLoss:  0.18361
 MAP NN | TrAcc: 0.9967 | VaAcc: 0.9546 | TeAcc: 0.9746
 S NN | TrAcc: 0.9961 | VaAcc: 0.9541 | TeAcc: 0.9731

444,  0 | TrAcc: 0.9980, TrLoss:  0.01594, VaAcc: 0.9531, VaLoss:  0.18691
 MAP NN | TrAcc: 0.9978 | VaAcc: 0.9585 | TeAcc: 0.9761
 S NN | TrAcc: 0.9969 | VaAcc: 0.9521 | TeAcc: 0.9746

445,  0 | TrAcc: 0.9974, TrLoss:  0.01542, VaAcc: 0.9556, VaLoss:  0.18810
 MAP NN | TrAcc: 0.9965 | VaAcc: 0.9541 | TeAcc: 0.9766
 S NN | TrAcc: 0.9961 | VaAcc: 0.9521 | TeAcc: 0.9751

446,  0 | TrAcc: 0.9971, TrLoss:  0.01575, VaAcc: 0.9595, VaLoss:  0.17691
 MAP NN | TrAcc: 0.9968 | VaAcc: 0.9531 | TeAcc: 0.9766
 S NN | TrAcc: 0.9971 | VaAcc: 0.9546 | TeAcc: 0.9766

447,  0 | TrAcc: 0.9973, TrLoss:  0.01595, VaAcc: 0.9551, VaLoss:  0.18065
 MAP NN | TrAcc: 0.9976 | VaAcc: 0.9541 | TeAcc: 0.9746
 S NN | TrAcc: 0.9966 | VaAcc: 0.9565 | TeAcc: 0.9731

448,  0 | TrAcc: 0.9958, TrLoss:  0.01886, VaAcc: 0.9580, VaLoss:  0.19650
 MAP NN | TrAcc: 0.9960 | VaAcc: 0.9546 | TeAcc: 0.9780
 S NN | TrAcc: 0.9943 | VaAcc: 0.9561 | TeAcc: 0.9741

449,  0 | TrAcc: 0.9976, TrLoss:  0.01638, VaAcc: 0.9570, VaLoss:  0.18707
 MAP NN | TrAcc: 0.9973 | VaAcc: 0.9565 | TeAcc: 0.9766
 S NN | TrAcc: 0.9961 | VaAcc: 0.9536 | TeAcc: 0.9761

450,  0 | TrAcc: 0.9979, TrLoss:  0.01513, VaAcc: 0.9546, VaLoss:  0.18708
 MAP NN | TrAcc: 0.9973 | VaAcc: 0.9556 | TeAcc: 0.9780
 S NN | TrAcc: 0.9966 | VaAcc: 0.9595 | TeAcc: 0.9741

451,  0 | TrAcc: 0.9980, TrLoss:  0.01372, VaAcc: 0.9575, VaLoss:  0.18885
 MAP NN | TrAcc: 0.9976 | VaAcc: 0.9551 | TeAcc: 0.9741
 S NN | TrAcc: 0.9974 | VaAcc: 0.9609 | TeAcc: 0.9771

452,  0 | TrAcc: 0.9976, TrLoss:  0.01537, VaAcc: 0.9580, VaLoss:  0.17628
 MAP NN | TrAcc: 0.9979 | VaAcc: 0.9561 | TeAcc: 0.9751
 S NN | TrAcc: 0.9966 | VaAcc: 0.9546 | TeAcc: 0.9717

453,  0 | TrAcc: 0.9978, TrLoss:  0.01480, VaAcc: 0.9536, VaLoss:  0.19104
 MAP NN | TrAcc: 0.9979 | VaAcc: 0.9561 | TeAcc: 0.9756
 S NN | TrAcc: 0.9966 | VaAcc: 0.9526 | TeAcc: 0.9756

454,  0 | TrAcc: 0.9978, TrLoss:  0.01445, VaAcc: 0.9580, VaLoss:  0.18050
 MAP NN | TrAcc: 0.9966 | VaAcc: 0.9556 | TeAcc: 0.9761
 S NN | TrAcc: 0.9972 | VaAcc: 0.9570 | TeAcc: 0.9746

455,  0 | TrAcc: 0.9974, TrLoss:  0.01438, VaAcc: 0.9629, VaLoss:  0.17876
 MAP NN | TrAcc: 0.9968 | VaAcc: 0.9565 | TeAcc: 0.9761
 S NN | TrAcc: 0.9971 | VaAcc: 0.9570 | TeAcc: 0.9746

456,  0 | TrAcc: 0.9966, TrLoss:  0.01812, VaAcc: 0.9600, VaLoss:  0.17396
 MAP NN | TrAcc: 0.9961 | VaAcc: 0.9521 | TeAcc: 0.9756
 S NN | TrAcc: 0.9957 | VaAcc: 0.9546 | TeAcc: 0.9751

457,  0 | TrAcc: 0.9972, TrLoss:  0.01460, VaAcc: 0.9600, VaLoss:  0.18333
 MAP NN | TrAcc: 0.9972 | VaAcc: 0.9561 | TeAcc: 0.9766
 S NN | TrAcc: 0.9946 | VaAcc: 0.9526 | TeAcc: 0.9741

458,  0 | TrAcc: 0.9961, TrLoss:  0.01621, VaAcc: 0.9585, VaLoss:  0.17847
 MAP NN | TrAcc: 0.9951 | VaAcc: 0.9600 | TeAcc: 0.9766
 S NN | TrAcc: 0.9938 | VaAcc: 0.9565 | TeAcc: 0.9731

459,  0 | TrAcc: 0.9976, TrLoss:  0.01484, VaAcc: 0.9614, VaLoss:  0.17566
 MAP NN | TrAcc: 0.9982 | VaAcc: 0.9604 | TeAcc: 0.9746
 S NN | TrAcc: 0.9972 | VaAcc: 0.9595 | TeAcc: 0.9727

460,  0 | TrAcc: 0.9965, TrLoss:  0.01850, VaAcc: 0.9517, VaLoss:  0.19415
 MAP NN | TrAcc: 0.9961 | VaAcc: 0.9517 | TeAcc: 0.9751
 S NN | TrAcc: 0.9933 | VaAcc: 0.9517 | TeAcc: 0.9736

461,  0 | TrAcc: 0.9967, TrLoss:  0.01733, VaAcc: 0.9561, VaLoss:  0.18041
 MAP NN | TrAcc: 0.9960 | VaAcc: 0.9585 | TeAcc: 0.9746
 S NN | TrAcc: 0.9961 | VaAcc: 0.9536 | TeAcc: 0.9766

462,  0 | TrAcc: 0.9977, TrLoss:  0.01590, VaAcc: 0.9565, VaLoss:  0.18583
 MAP NN | TrAcc: 0.9969 | VaAcc: 0.9556 | TeAcc: 0.9795
 S NN | TrAcc: 0.9951 | VaAcc: 0.9590 | TeAcc: 0.9756

463,  0 | TrAcc: 0.9976, TrLoss:  0.01503, VaAcc: 0.9580, VaLoss:  0.17794
 MAP NN | TrAcc: 0.9977 | VaAcc: 0.9580 | TeAcc: 0.9790
 S NN | TrAcc: 0.9973 | VaAcc: 0.9570 | TeAcc: 0.9771

464,  0 | TrAcc: 0.9921, TrLoss:  0.03124, VaAcc: 0.9565, VaLoss:  0.18332
 MAP NN | TrAcc: 0.9901 | VaAcc: 0.9585 | TeAcc: 0.9697
 S NN | TrAcc: 0.9888 | VaAcc: 0.9570 | TeAcc: 0.9688

465,  0 | TrAcc: 0.9890, TrLoss:  0.03956, VaAcc: 0.9517, VaLoss:  0.20331
 MAP NN | TrAcc: 0.9906 | VaAcc: 0.9517 | TeAcc: 0.9717
 S NN | TrAcc: 0.9877 | VaAcc: 0.9482 | TeAcc: 0.9727

466,  0 | TrAcc: 0.9905, TrLoss:  0.03111, VaAcc: 0.9521, VaLoss:  0.20338
 MAP NN | TrAcc: 0.9905 | VaAcc: 0.9575 | TeAcc: 0.9712
 S NN | TrAcc: 0.9878 | VaAcc: 0.9561 | TeAcc: 0.9727

467,  0 | TrAcc: 0.9930, TrLoss:  0.02706, VaAcc: 0.9517, VaLoss:  0.19169
 MAP NN | TrAcc: 0.9911 | VaAcc: 0.9536 | TeAcc: 0.9722
 S NN | TrAcc: 0.9905 | VaAcc: 0.9551 | TeAcc: 0.9717

468,  0 | TrAcc: 0.9950, TrLoss:  0.02055, VaAcc: 0.9575, VaLoss:  0.17443
 MAP NN | TrAcc: 0.9960 | VaAcc: 0.9561 | TeAcc: 0.9722
 S NN | TrAcc: 0.9934 | VaAcc: 0.9580 | TeAcc: 0.9707

469,  0 | TrAcc: 0.9954, TrLoss:  0.02139, VaAcc: 0.9546, VaLoss:  0.19338
 MAP NN | TrAcc: 0.9937 | VaAcc: 0.9521 | TeAcc: 0.9727
 S NN | TrAcc: 0.9899 | VaAcc: 0.9517 | TeAcc: 0.9731

470,  0 | TrAcc: 0.9956, TrLoss:  0.02011, VaAcc: 0.9526, VaLoss:  0.18927
 MAP NN | TrAcc: 0.9957 | VaAcc: 0.9546 | TeAcc: 0.9731
 S NN | TrAcc: 0.9935 | VaAcc: 0.9546 | TeAcc: 0.9731

471,  0 | TrAcc: 0.9952, TrLoss:  0.01914, VaAcc: 0.9590, VaLoss:  0.18079
 MAP NN | TrAcc: 0.9951 | VaAcc: 0.9565 | TeAcc: 0.9736
 S NN | TrAcc: 0.9949 | VaAcc: 0.9541 | TeAcc: 0.9736

472,  0 | TrAcc: 0.9963, TrLoss:  0.01894, VaAcc: 0.9556, VaLoss:  0.18552
 MAP NN | TrAcc: 0.9951 | VaAcc: 0.9556 | TeAcc: 0.9722
 S NN | TrAcc: 0.9944 | VaAcc: 0.9541 | TeAcc: 0.9727

473,  0 | TrAcc: 0.9969, TrLoss:  0.01546, VaAcc: 0.9561, VaLoss:  0.18794
 MAP NN | TrAcc: 0.9969 | VaAcc: 0.9551 | TeAcc: 0.9751
 S NN | TrAcc: 0.9957 | VaAcc: 0.9580 | TeAcc: 0.9717

474,  0 | TrAcc: 0.9968, TrLoss:  0.01591, VaAcc: 0.9585, VaLoss:  0.18844
 MAP NN | TrAcc: 0.9973 | VaAcc: 0.9575 | TeAcc: 0.9766
 S NN | TrAcc: 0.9961 | VaAcc: 0.9565 | TeAcc: 0.9756

475,  0 | TrAcc: 0.9983, TrLoss:  0.01270, VaAcc: 0.9595, VaLoss:  0.18713
 MAP NN | TrAcc: 0.9984 | VaAcc: 0.9546 | TeAcc: 0.9775
 S NN | TrAcc: 0.9977 | VaAcc: 0.9565 | TeAcc: 0.9766

476,  0 | TrAcc: 0.9977, TrLoss:  0.01507, VaAcc: 0.9526, VaLoss:  0.18482
 MAP NN | TrAcc: 0.9972 | VaAcc: 0.9526 | TeAcc: 0.9731
 S NN | TrAcc: 0.9969 | VaAcc: 0.9570 | TeAcc: 0.9697

477,  0 | TrAcc: 0.9982, TrLoss:  0.01365, VaAcc: 0.9561, VaLoss:  0.19080
 MAP NN | TrAcc: 0.9982 | VaAcc: 0.9541 | TeAcc: 0.9751
 S NN | TrAcc: 0.9976 | VaAcc: 0.9546 | TeAcc: 0.9722

478,  0 | TrAcc: 0.9965, TrLoss:  0.01499, VaAcc: 0.9614, VaLoss:  0.18141
 MAP NN | TrAcc: 0.9966 | VaAcc: 0.9595 | TeAcc: 0.9756
 S NN | TrAcc: 0.9955 | VaAcc: 0.9619 | TeAcc: 0.9761

479,  0 | TrAcc: 0.9985, TrLoss:  0.01330, VaAcc: 0.9565, VaLoss:  0.18035
 MAP NN | TrAcc: 0.9983 | VaAcc: 0.9551 | TeAcc: 0.9766
 S NN | TrAcc: 0.9961 | VaAcc: 0.9546 | TeAcc: 0.9751

480,  0 | TrAcc: 0.9979, TrLoss:  0.01258, VaAcc: 0.9600, VaLoss:  0.17213
 MAP NN | TrAcc: 0.9982 | VaAcc: 0.9585 | TeAcc: 0.9731
 S NN | TrAcc: 0.9974 | VaAcc: 0.9570 | TeAcc: 0.9717

481,  0 | TrAcc: 0.9962, TrLoss:  0.01759, VaAcc: 0.9541, VaLoss:  0.18954
 MAP NN | TrAcc: 0.9971 | VaAcc: 0.9531 | TeAcc: 0.9736
 S NN | TrAcc: 0.9956 | VaAcc: 0.9541 | TeAcc: 0.9697

482,  0 | TrAcc: 0.9954, TrLoss:  0.02081, VaAcc: 0.9565, VaLoss:  0.19376
 MAP NN | TrAcc: 0.9935 | VaAcc: 0.9536 | TeAcc: 0.9727
 S NN | TrAcc: 0.9939 | VaAcc: 0.9517 | TeAcc: 0.9731

483,  0 | TrAcc: 0.9954, TrLoss:  0.02139, VaAcc: 0.9541, VaLoss:  0.19072
 MAP NN | TrAcc: 0.9941 | VaAcc: 0.9521 | TeAcc: 0.9736
 S NN | TrAcc: 0.9922 | VaAcc: 0.9526 | TeAcc: 0.9722

484,  0 | TrAcc: 0.9956, TrLoss:  0.01972, VaAcc: 0.9585, VaLoss:  0.18885
 MAP NN | TrAcc: 0.9963 | VaAcc: 0.9590 | TeAcc: 0.9717
 S NN | TrAcc: 0.9944 | VaAcc: 0.9536 | TeAcc: 0.9736

485,  0 | TrAcc: 0.9972, TrLoss:  0.01576, VaAcc: 0.9590, VaLoss:  0.16654
 MAP NN | TrAcc: 0.9971 | VaAcc: 0.9575 | TeAcc: 0.9736
 S NN | TrAcc: 0.9958 | VaAcc: 0.9561 | TeAcc: 0.9736

486,  0 | TrAcc: 0.9958, TrLoss:  0.01896, VaAcc: 0.9590, VaLoss:  0.19515
 MAP NN | TrAcc: 0.9957 | VaAcc: 0.9585 | TeAcc: 0.9756
 S NN | TrAcc: 0.9949 | VaAcc: 0.9551 | TeAcc: 0.9727

487,  0 | TrAcc: 0.9984, TrLoss:  0.01333, VaAcc: 0.9570, VaLoss:  0.18492
 MAP NN | TrAcc: 0.9982 | VaAcc: 0.9575 | TeAcc: 0.9727
 S NN | TrAcc: 0.9957 | VaAcc: 0.9565 | TeAcc: 0.9722

488,  0 | TrAcc: 0.9974, TrLoss:  0.01421, VaAcc: 0.9580, VaLoss:  0.18035
 MAP NN | TrAcc: 0.9977 | VaAcc: 0.9580 | TeAcc: 0.9722
 S NN | TrAcc: 0.9950 | VaAcc: 0.9580 | TeAcc: 0.9717

489,  0 | TrAcc: 0.9979, TrLoss:  0.01315, VaAcc: 0.9580, VaLoss:  0.18275
 MAP NN | TrAcc: 0.9973 | VaAcc: 0.9585 | TeAcc: 0.9756
 S NN | TrAcc: 0.9972 | VaAcc: 0.9595 | TeAcc: 0.9766

490,  0 | TrAcc: 0.9983, TrLoss:  0.01251, VaAcc: 0.9580, VaLoss:  0.18501
 MAP NN | TrAcc: 0.9980 | VaAcc: 0.9590 | TeAcc: 0.9775
 S NN | TrAcc: 0.9971 | VaAcc: 0.9565 | TeAcc: 0.9741

491,  0 | TrAcc: 0.9990, TrLoss:  0.01247, VaAcc: 0.9556, VaLoss:  0.18705
 MAP NN | TrAcc: 0.9978 | VaAcc: 0.9565 | TeAcc: 0.9741
 S NN | TrAcc: 0.9982 | VaAcc: 0.9561 | TeAcc: 0.9727

492,  0 | TrAcc: 0.9989, TrLoss:  0.01202, VaAcc: 0.9556, VaLoss:  0.18321
 MAP NN | TrAcc: 0.9983 | VaAcc: 0.9565 | TeAcc: 0.9722
 S NN | TrAcc: 0.9980 | VaAcc: 0.9526 | TeAcc: 0.9688

493,  0 | TrAcc: 0.9985, TrLoss:  0.01158, VaAcc: 0.9575, VaLoss:  0.18356
 MAP NN | TrAcc: 0.9979 | VaAcc: 0.9595 | TeAcc: 0.9746
 S NN | TrAcc: 0.9974 | VaAcc: 0.9556 | TeAcc: 0.9736

494,  0 | TrAcc: 0.9987, TrLoss:  0.01204, VaAcc: 0.9546, VaLoss:  0.18970
 MAP NN | TrAcc: 0.9983 | VaAcc: 0.9546 | TeAcc: 0.9761
 S NN | TrAcc: 0.9977 | VaAcc: 0.9551 | TeAcc: 0.9736

495,  0 | TrAcc: 0.9971, TrLoss:  0.01354, VaAcc: 0.9561, VaLoss:  0.18697
 MAP NN | TrAcc: 0.9980 | VaAcc: 0.9595 | TeAcc: 0.9736
 S NN | TrAcc: 0.9969 | VaAcc: 0.9570 | TeAcc: 0.9707

496,  0 | TrAcc: 0.9987, TrLoss:  0.01114, VaAcc: 0.9570, VaLoss:  0.18074
 MAP NN | TrAcc: 0.9978 | VaAcc: 0.9546 | TeAcc: 0.9741
 S NN | TrAcc: 0.9979 | VaAcc: 0.9551 | TeAcc: 0.9717

497,  0 | TrAcc: 0.9982, TrLoss:  0.01258, VaAcc: 0.9590, VaLoss:  0.17835
 MAP NN | TrAcc: 0.9979 | VaAcc: 0.9595 | TeAcc: 0.9727
 S NN | TrAcc: 0.9976 | VaAcc: 0.9570 | TeAcc: 0.9731

498,  0 | TrAcc: 0.9989, TrLoss:  0.01138, VaAcc: 0.9551, VaLoss:  0.19207
 MAP NN | TrAcc: 0.9989 | VaAcc: 0.9531 | TeAcc: 0.9756
 S NN | TrAcc: 0.9984 | VaAcc: 0.9531 | TeAcc: 0.9756

499,  0 | TrAcc: 0.9989, TrLoss:  0.01091, VaAcc: 0.9570, VaLoss:  0.18351
 MAP NN | TrAcc: 0.9984 | VaAcc: 0.9580 | TeAcc: 0.9736
 S NN | TrAcc: 0.9980 | VaAcc: 0.9585 | TeAcc: 0.9727

Results for va_s
Metric: acc   
 96.19 % in iteration  478
Metric: loss  
Results for va_b
Metric: elogl 
 0.310 in iteration    0
Metric: acc   
 96.39 % in iteration  328
EARLY STOP FOR te_s
 97.61 % in iteration  478
