va
(1730, 4, 45)
tr
(8080, 4, 45)
te
(1450, 4, 45)

=============================
CONFIG FILE
====================================
Training configuration

Learning rate: 0.2, 	Learning rate anneal: inf, 	Tau:  1.0
Algorithm: local reparametrization, 	STE: disabled, 	n forward passes: 1
Var reg: 0.0, 	Dir reg: 0.0, 	Ent reg: 0.0
Data multiplier: None
Gradient clipping: False, 	Gradient clip value: 1.0

Layer #0
lstm_1
Layer norm: False, 	LR Adapt: 
Dropout: False, 	p_dropout: 0.95

Layer #1
output_layer
Layer norm: False, 	LR Adapt: 
Dropout: False, 	p_dropout: 0.95

Layer #2
lstm_0
Layer norm: False, 	LR Adapt: 
Dropout: False, 	p_dropout: 0.95
====================================
RNN configuration

Layer #0, 	Type: input_layer, 	Scope: 
Units: 4, 	N activation bins: None

Layer #1, 	Type: lstm layer, 	Scope: lstm_0
Units: 50, 	N activation bins: None
Bias: True, 	N activation bins: 2, 	Discrete activation: False
Type: ternary, 	Parametetrization: sigmoid, 	Priors: [0.3333333333333333, 0.3333333333333333, 0.3333333333333333]
p_init_min: 0.05, 	p_init_max: 0.95
SB init: ('xavier', None), 	SA init: ('dirichlet', [0.3, 0.3, 0.3])
Type: gaussian, 	M init: ('xavier', None), 	Log V init: ('xavier', None)
M prior: 0.0, 	 Log V prior: 0.0
None
Bias: True, 	N activation bins: 2, 	Discrete activation: False
Type: ternary, 	Parametetrization: sigmoid, 	Priors: [0.3333333333333333, 0.3333333333333333, 0.3333333333333333]
p_init_min: 0.05, 	p_init_max: 0.95
SB init: ('xavier', None), 	SA init: ('dirichlet', [0.3, 0.3, 0.3])
Type: gaussian, 	M init: ('xavier', None), 	Log V init: ('xavier', None)
M prior: 0.0, 	 Log V prior: 0.0
None
Bias: True, 	N activation bins: 2, 	Discrete activation: False
Type: ternary, 	Parametetrization: sigmoid, 	Priors: [0.3333333333333333, 0.3333333333333333, 0.3333333333333333]
p_init_min: 0.05, 	p_init_max: 0.95
SB init: ('xavier', None), 	SA init: ('dirichlet', [0.3, 0.3, 0.3])
Type: gaussian, 	M init: -1.5, 	Log V init: ('xavier', None)
M prior: 0.0, 	 Log V prior: 0.0
None

Layer #2, 	Type: lstm layer, 	Scope: lstm_1
Units: 30, 	N activation bins: None
Bias: True, 	N activation bins: 2, 	Discrete activation: False
Type: ternary, 	Parametetrization: sigmoid, 	Priors: [0.3333333333333333, 0.3333333333333333, 0.3333333333333333]
p_init_min: 0.05, 	p_init_max: 0.95
SB init: ('xavier', None), 	SA init: ('dirichlet', [0.3, 0.3, 0.3])
Type: gaussian, 	M init: ('xavier', None), 	Log V init: ('xavier', None)
M prior: 0.0, 	 Log V prior: 0.0
None
Bias: True, 	N activation bins: 2, 	Discrete activation: False
Type: ternary, 	Parametetrization: sigmoid, 	Priors: [0.3333333333333333, 0.3333333333333333, 0.3333333333333333]
p_init_min: 0.05, 	p_init_max: 0.95
SB init: ('xavier', None), 	SA init: ('dirichlet', [0.3, 0.3, 0.3])
Type: gaussian, 	M init: ('xavier', None), 	Log V init: ('xavier', None)
M prior: 0.0, 	 Log V prior: 0.0
None
Bias: True, 	N activation bins: 2, 	Discrete activation: False
Type: ternary, 	Parametetrization: sigmoid, 	Priors: [0.3333333333333333, 0.3333333333333333, 0.3333333333333333]
p_init_min: 0.05, 	p_init_max: 0.95
SB init: ('xavier', None), 	SA init: ('dirichlet', [0.3, 0.3, 0.3])
Type: gaussian, 	M init: -1.5, 	Log V init: ('xavier', None)
M prior: 0.0, 	 Log V prior: 0.0
None

Layer #3, 	Type: ff layer, 	Scope: output_layer
Units: 10, 	N activation bins: None
====================================
Dataset configuration

Filename: /clusterFS/home/student/kopp13/datasets/mnist_pen_strokes/mps_all_va.mat
Key: va, 	In seq len: 45
Minibatch:  True, 	Size: 1024
Target bias removed: True, 	Shuffle: False

Filename: /clusterFS/home/student/kopp13/datasets/mnist_pen_strokes/mps_all_tr.mat
Key: tr, 	In seq len: 45
Minibatch:  True, 	Size: 1024
Target bias removed: True, 	Shuffle: True

Filename: /clusterFS/home/student/kopp13/datasets/mnist_pen_strokes/mps_all_te.mat
Key: te, 	In seq len: 45
Minibatch:  True, 	Size: 1024
Target bias removed: True, 	Shuffle: False
====================================
Info configuration

Filename:  test
Timer: False, 	Profiling: False, 	Profiling path: None
Save training metrics: True, 	Path: ../nr_spsc/
Save weights: False, 	Every: 1, 	Save best weights: False
Compute T Metrics every: 1

Load model from m_model0, 	 Force it: True
No model saving

starting
[('lstm_0/bc:0', 'lstm_0/bc'), ('lstm_0/bi:0', 'lstm_0/bi'), ('lstm_0/bo:0', 'lstm_0/bo'), ('lstm_0/wc:0', 'lstm_0/wc'), ('lstm_0/wi:0', 'lstm_0/wi'), ('lstm_0/wo:0', 'lstm_0/wo'), ('lstm_1/bc:0', 'lstm_1/bc'), ('lstm_1/bi:0', 'lstm_1/bi'), ('lstm_1/bo:0', 'lstm_1/bo'), ('lstm_1/wc:0', 'lstm_1/wc'), ('lstm_1/wi:0', 'lstm_1/wi'), ('lstm_1/wo:0', 'lstm_1/wo'), ('output_layer/b:0', 'output_layer/b'), ('output_layer/w:0', 'output_layer/w')]
output_layer/b
output_layer/w
=====
New variable
lstm_0/bc:0
lstm_0/bc
=====
New variable
lstm_0/bi:0
lstm_0/bi
=====
New variable
lstm_0/bo:0
lstm_0/bo
=====
New variable
lstm_0/wc:0
lstm_0/wc
=====
New variable
lstm_0/wi:0
lstm_0/wi
=====
New variable
lstm_0/wo:0
lstm_0/wo
=====
New variable
lstm_1/bc:0
lstm_1/bc
=====
New variable
lstm_1/bi:0
lstm_1/bi
=====
New variable
lstm_1/bo:0
lstm_1/bo
=====
New variable
lstm_1/wc:0
lstm_1/wc
=====
New variable
lstm_1/wi:0
lstm_1/wi
=====
New variable
lstm_1/wo:0
lstm_1/wo
=====
New variable
output_layer/b:0
output_layer/b
=====
New variable
output_layer/w:0
output_layer/w
=====
loaded
  0,  0 | TrAcc: 0.1536, TrLoss:  3.11248, VaAcc: 0.1421, VaLoss:  3.21264
 MAP NN | TrAcc: 0.4093 | VaAcc: 0.3291 | TeAcc: 0.2827
 S NN | TrAcc: 0.1083 | VaAcc: 0.2852 | TeAcc: 0.3867

  1,  0 | TrAcc: 0.6940, TrLoss:  0.99633, VaAcc: 0.6992, VaLoss:  1.00567
 MAP NN | TrAcc: 0.7629 | VaAcc: 0.7935 | TeAcc: 0.5435
 S NN | TrAcc: 0.4490 | VaAcc: 0.2524 | TeAcc: 0.3525

  2,  0 | TrAcc: 0.8488, TrLoss:  0.53856, VaAcc: 0.8716, VaLoss:  0.47395
 MAP NN | TrAcc: 0.8716 | VaAcc: 0.8804 | TeAcc: 0.9111
 S NN | TrAcc: 0.7349 | VaAcc: 0.7969 | TeAcc: 0.7842

  3,  0 | TrAcc: 0.8907, TrLoss:  0.39181, VaAcc: 0.9009, VaLoss:  0.37715
 MAP NN | TrAcc: 0.8826 | VaAcc: 0.8896 | TeAcc: 0.9116
 S NN | TrAcc: 0.8514 | VaAcc: 0.8354 | TeAcc: 0.8682

  4,  0 | TrAcc: 0.9028, TrLoss:  0.33736, VaAcc: 0.9121, VaLoss:  0.32570
 MAP NN | TrAcc: 0.9109 | VaAcc: 0.9038 | TeAcc: 0.9321
 S NN | TrAcc: 0.7618 | VaAcc: 0.6484 | TeAcc: 0.8853

  5,  0 | TrAcc: 0.9183, TrLoss:  0.28300, VaAcc: 0.9180, VaLoss:  0.29126
 MAP NN | TrAcc: 0.9191 | VaAcc: 0.9160 | TeAcc: 0.9346
 S NN | TrAcc: 0.8708 | VaAcc: 0.8730 | TeAcc: 0.9072

  6,  0 | TrAcc: 0.9213, TrLoss:  0.25755, VaAcc: 0.9263, VaLoss:  0.26296
 MAP NN | TrAcc: 0.9260 | VaAcc: 0.9258 | TeAcc: 0.9448
 S NN | TrAcc: 0.9132 | VaAcc: 0.8936 | TeAcc: 0.9336

  7,  0 | TrAcc: 0.9279, TrLoss:  0.24198, VaAcc: 0.9229, VaLoss:  0.25456
 MAP NN | TrAcc: 0.9279 | VaAcc: 0.9253 | TeAcc: 0.9453
 S NN | TrAcc: 0.8849 | VaAcc: 0.9087 | TeAcc: 0.9346

  8,  0 | TrAcc: 0.9326, TrLoss:  0.22630, VaAcc: 0.9312, VaLoss:  0.25514
 MAP NN | TrAcc: 0.9271 | VaAcc: 0.9243 | TeAcc: 0.9497
 S NN | TrAcc: 0.8384 | VaAcc: 0.9194 | TeAcc: 0.9326

  9,  0 | TrAcc: 0.9376, TrLoss:  0.21361, VaAcc: 0.9355, VaLoss:  0.23933
 MAP NN | TrAcc: 0.9432 | VaAcc: 0.9409 | TeAcc: 0.9531
 S NN | TrAcc: 0.9181 | VaAcc: 0.9165 | TeAcc: 0.9448

 10,  0 | TrAcc: 0.9442, TrLoss:  0.19939, VaAcc: 0.9404, VaLoss:  0.22540
 MAP NN | TrAcc: 0.9431 | VaAcc: 0.9414 | TeAcc: 0.9531
 S NN | TrAcc: 0.9298 | VaAcc: 0.8931 | TeAcc: 0.9497

 11,  0 | TrAcc: 0.9469, TrLoss:  0.18056, VaAcc: 0.9390, VaLoss:  0.21624
 MAP NN | TrAcc: 0.9532 | VaAcc: 0.9463 | TeAcc: 0.9634
 S NN | TrAcc: 0.9235 | VaAcc: 0.9258 | TeAcc: 0.9297

 12,  0 | TrAcc: 0.9473, TrLoss:  0.17814, VaAcc: 0.9424, VaLoss:  0.20330
 MAP NN | TrAcc: 0.9510 | VaAcc: 0.9463 | TeAcc: 0.9595
 S NN | TrAcc: 0.9272 | VaAcc: 0.9189 | TeAcc: 0.9277

 13,  0 | TrAcc: 0.9502, TrLoss:  0.16644, VaAcc: 0.9507, VaLoss:  0.20024
 MAP NN | TrAcc: 0.9558 | VaAcc: 0.9541 | TeAcc: 0.9634
 S NN | TrAcc: 0.9169 | VaAcc: 0.9185 | TeAcc: 0.9502

 14,  0 | TrAcc: 0.9534, TrLoss:  0.16123, VaAcc: 0.9492, VaLoss:  0.19047
 MAP NN | TrAcc: 0.9542 | VaAcc: 0.9526 | TeAcc: 0.9600
 S NN | TrAcc: 0.9275 | VaAcc: 0.9141 | TeAcc: 0.9517

 15,  0 | TrAcc: 0.9536, TrLoss:  0.15506, VaAcc: 0.9502, VaLoss:  0.19298
 MAP NN | TrAcc: 0.9573 | VaAcc: 0.9565 | TeAcc: 0.9575
 S NN | TrAcc: 0.9346 | VaAcc: 0.9209 | TeAcc: 0.6543

 16,  0 | TrAcc: 0.9568, TrLoss:  0.14628, VaAcc: 0.9507, VaLoss:  0.18405
 MAP NN | TrAcc: 0.9608 | VaAcc: 0.9600 | TeAcc: 0.9614
 S NN | TrAcc: 0.9371 | VaAcc: 0.9380 | TeAcc: 0.9370

 17,  0 | TrAcc: 0.9573, TrLoss:  0.14606, VaAcc: 0.9434, VaLoss:  0.19455
 MAP NN | TrAcc: 0.9580 | VaAcc: 0.9536 | TeAcc: 0.9614
 S NN | TrAcc: 0.9318 | VaAcc: 0.9331 | TeAcc: 0.9546

 18,  0 | TrAcc: 0.9547, TrLoss:  0.14876, VaAcc: 0.9531, VaLoss:  0.17565
 MAP NN | TrAcc: 0.9601 | VaAcc: 0.9526 | TeAcc: 0.9639
 S NN | TrAcc: 0.9419 | VaAcc: 0.9292 | TeAcc: 0.9517

 19,  0 | TrAcc: 0.9589, TrLoss:  0.13581, VaAcc: 0.9541, VaLoss:  0.18471
 MAP NN | TrAcc: 0.9629 | VaAcc: 0.9575 | TeAcc: 0.9629
 S NN | TrAcc: 0.9452 | VaAcc: 0.9287 | TeAcc: 0.9541

 20,  0 | TrAcc: 0.9612, TrLoss:  0.13513, VaAcc: 0.9507, VaLoss:  0.17139
 MAP NN | TrAcc: 0.9615 | VaAcc: 0.9526 | TeAcc: 0.9673
 S NN | TrAcc: 0.9534 | VaAcc: 0.9429 | TeAcc: 0.9487

 21,  0 | TrAcc: 0.9618, TrLoss:  0.12709, VaAcc: 0.9561, VaLoss:  0.17518
 MAP NN | TrAcc: 0.9634 | VaAcc: 0.9536 | TeAcc: 0.9644
 S NN | TrAcc: 0.9506 | VaAcc: 0.9487 | TeAcc: 0.9590

 22,  0 | TrAcc: 0.9653, TrLoss:  0.12087, VaAcc: 0.9526, VaLoss:  0.17260
 MAP NN | TrAcc: 0.9675 | VaAcc: 0.9585 | TeAcc: 0.9678
 S NN | TrAcc: 0.9553 | VaAcc: 0.9424 | TeAcc: 0.9580

 23,  0 | TrAcc: 0.9645, TrLoss:  0.12214, VaAcc: 0.9512, VaLoss:  0.16714
 MAP NN | TrAcc: 0.9673 | VaAcc: 0.9580 | TeAcc: 0.9697
 S NN | TrAcc: 0.9563 | VaAcc: 0.9438 | TeAcc: 0.9673

 24,  0 | TrAcc: 0.9679, TrLoss:  0.11204, VaAcc: 0.9541, VaLoss:  0.17865
 MAP NN | TrAcc: 0.9692 | VaAcc: 0.9590 | TeAcc: 0.9683
 S NN | TrAcc: 0.9514 | VaAcc: 0.9438 | TeAcc: 0.9575

 25,  0 | TrAcc: 0.9642, TrLoss:  0.11580, VaAcc: 0.9556, VaLoss:  0.15335
 MAP NN | TrAcc: 0.9655 | VaAcc: 0.9561 | TeAcc: 0.9692
 S NN | TrAcc: 0.9539 | VaAcc: 0.9497 | TeAcc: 0.9580

 26,  0 | TrAcc: 0.9669, TrLoss:  0.10868, VaAcc: 0.9580, VaLoss:  0.16507
 MAP NN | TrAcc: 0.9705 | VaAcc: 0.9556 | TeAcc: 0.9683
 S NN | TrAcc: 0.9513 | VaAcc: 0.9492 | TeAcc: 0.9624

 27,  0 | TrAcc: 0.9691, TrLoss:  0.10465, VaAcc: 0.9575, VaLoss:  0.15052
 MAP NN | TrAcc: 0.9692 | VaAcc: 0.9570 | TeAcc: 0.9683
 S NN | TrAcc: 0.9553 | VaAcc: 0.9536 | TeAcc: 0.9619

 28,  0 | TrAcc: 0.9703, TrLoss:  0.10047, VaAcc: 0.9565, VaLoss:  0.15719
 MAP NN | TrAcc: 0.9684 | VaAcc: 0.9541 | TeAcc: 0.9653
 S NN | TrAcc: 0.9592 | VaAcc: 0.9526 | TeAcc: 0.9624

 29,  0 | TrAcc: 0.9723, TrLoss:  0.09600, VaAcc: 0.9609, VaLoss:  0.15764
 MAP NN | TrAcc: 0.9698 | VaAcc: 0.9551 | TeAcc: 0.9648
 S NN | TrAcc: 0.9619 | VaAcc: 0.9526 | TeAcc: 0.9614

 30,  0 | TrAcc: 0.9708, TrLoss:  0.09662, VaAcc: 0.9551, VaLoss:  0.17282
 MAP NN | TrAcc: 0.9740 | VaAcc: 0.9590 | TeAcc: 0.9722
 S NN | TrAcc: 0.9625 | VaAcc: 0.9512 | TeAcc: 0.9658

 31,  0 | TrAcc: 0.9716, TrLoss:  0.10065, VaAcc: 0.9556, VaLoss:  0.16193
 MAP NN | TrAcc: 0.9706 | VaAcc: 0.9570 | TeAcc: 0.9683
 S NN | TrAcc: 0.9536 | VaAcc: 0.9487 | TeAcc: 0.9692

 32,  0 | TrAcc: 0.9694, TrLoss:  0.10422, VaAcc: 0.9614, VaLoss:  0.16982
 MAP NN | TrAcc: 0.9742 | VaAcc: 0.9556 | TeAcc: 0.9707
 S NN | TrAcc: 0.9656 | VaAcc: 0.9512 | TeAcc: 0.9629

 33,  0 | TrAcc: 0.9731, TrLoss:  0.09179, VaAcc: 0.9629, VaLoss:  0.14496
 MAP NN | TrAcc: 0.9763 | VaAcc: 0.9634 | TeAcc: 0.9741
 S NN | TrAcc: 0.9651 | VaAcc: 0.9585 | TeAcc: 0.9648

 34,  0 | TrAcc: 0.9719, TrLoss:  0.09090, VaAcc: 0.9619, VaLoss:  0.14585
 MAP NN | TrAcc: 0.9774 | VaAcc: 0.9565 | TeAcc: 0.9731
 S NN | TrAcc: 0.9612 | VaAcc: 0.9473 | TeAcc: 0.9678

 35,  0 | TrAcc: 0.9753, TrLoss:  0.08339, VaAcc: 0.9604, VaLoss:  0.14820
 MAP NN | TrAcc: 0.9761 | VaAcc: 0.9609 | TeAcc: 0.9707
 S NN | TrAcc: 0.9657 | VaAcc: 0.9541 | TeAcc: 0.9707

 36,  0 | TrAcc: 0.9749, TrLoss:  0.08550, VaAcc: 0.9609, VaLoss:  0.14675
 MAP NN | TrAcc: 0.9769 | VaAcc: 0.9614 | TeAcc: 0.9727
 S NN | TrAcc: 0.9709 | VaAcc: 0.9521 | TeAcc: 0.9668

 37,  0 | TrAcc: 0.9744, TrLoss:  0.08316, VaAcc: 0.9619, VaLoss:  0.13912
 MAP NN | TrAcc: 0.9763 | VaAcc: 0.9600 | TeAcc: 0.9702
 S NN | TrAcc: 0.9607 | VaAcc: 0.9473 | TeAcc: 0.9673

 38,  0 | TrAcc: 0.9758, TrLoss:  0.07859, VaAcc: 0.9634, VaLoss:  0.14807
 MAP NN | TrAcc: 0.9777 | VaAcc: 0.9614 | TeAcc: 0.9722
 S NN | TrAcc: 0.9716 | VaAcc: 0.9565 | TeAcc: 0.9688

 39,  0 | TrAcc: 0.9788, TrLoss:  0.07600, VaAcc: 0.9600, VaLoss:  0.15275
 MAP NN | TrAcc: 0.9817 | VaAcc: 0.9624 | TeAcc: 0.9751
 S NN | TrAcc: 0.9609 | VaAcc: 0.9487 | TeAcc: 0.9683

 40,  0 | TrAcc: 0.9756, TrLoss:  0.07856, VaAcc: 0.9639, VaLoss:  0.14418
 MAP NN | TrAcc: 0.9822 | VaAcc: 0.9614 | TeAcc: 0.9751
 S NN | TrAcc: 0.9703 | VaAcc: 0.9595 | TeAcc: 0.9761

 41,  0 | TrAcc: 0.9762, TrLoss:  0.07659, VaAcc: 0.9614, VaLoss:  0.15132
 MAP NN | TrAcc: 0.9803 | VaAcc: 0.9614 | TeAcc: 0.9746
 S NN | TrAcc: 0.9725 | VaAcc: 0.9526 | TeAcc: 0.9668

 42,  0 | TrAcc: 0.9789, TrLoss:  0.07242, VaAcc: 0.9644, VaLoss:  0.14326
 MAP NN | TrAcc: 0.9821 | VaAcc: 0.9634 | TeAcc: 0.9751
 S NN | TrAcc: 0.9696 | VaAcc: 0.9561 | TeAcc: 0.9717

 43,  0 | TrAcc: 0.9800, TrLoss:  0.07164, VaAcc: 0.9629, VaLoss:  0.13858
 MAP NN | TrAcc: 0.9814 | VaAcc: 0.9619 | TeAcc: 0.9727
 S NN | TrAcc: 0.9661 | VaAcc: 0.9551 | TeAcc: 0.9595

 44,  0 | TrAcc: 0.9775, TrLoss:  0.07432, VaAcc: 0.9624, VaLoss:  0.14696
 MAP NN | TrAcc: 0.9828 | VaAcc: 0.9639 | TeAcc: 0.9746
 S NN | TrAcc: 0.9683 | VaAcc: 0.9575 | TeAcc: 0.9688

 45,  0 | TrAcc: 0.9764, TrLoss:  0.07837, VaAcc: 0.9619, VaLoss:  0.14479
 MAP NN | TrAcc: 0.9807 | VaAcc: 0.9585 | TeAcc: 0.9717
 S NN | TrAcc: 0.9720 | VaAcc: 0.9565 | TeAcc: 0.9697

 46,  0 | TrAcc: 0.9795, TrLoss:  0.07287, VaAcc: 0.9658, VaLoss:  0.13994
 MAP NN | TrAcc: 0.9840 | VaAcc: 0.9600 | TeAcc: 0.9741
 S NN | TrAcc: 0.9619 | VaAcc: 0.9600 | TeAcc: 0.9736

 47,  0 | TrAcc: 0.9785, TrLoss:  0.07334, VaAcc: 0.9658, VaLoss:  0.13878
 MAP NN | TrAcc: 0.9836 | VaAcc: 0.9678 | TeAcc: 0.9746
 S NN | TrAcc: 0.9742 | VaAcc: 0.9575 | TeAcc: 0.9727

 48,  0 | TrAcc: 0.9788, TrLoss:  0.07168, VaAcc: 0.9639, VaLoss:  0.13831
 MAP NN | TrAcc: 0.9819 | VaAcc: 0.9614 | TeAcc: 0.9731
 S NN | TrAcc: 0.9780 | VaAcc: 0.9580 | TeAcc: 0.9707

 49,  0 | TrAcc: 0.9796, TrLoss:  0.06853, VaAcc: 0.9604, VaLoss:  0.14727
 MAP NN | TrAcc: 0.9812 | VaAcc: 0.9595 | TeAcc: 0.9727
 S NN | TrAcc: 0.9691 | VaAcc: 0.9565 | TeAcc: 0.9639

 50,  0 | TrAcc: 0.9816, TrLoss:  0.06651, VaAcc: 0.9648, VaLoss:  0.14148
 MAP NN | TrAcc: 0.9833 | VaAcc: 0.9658 | TeAcc: 0.9751
 S NN | TrAcc: 0.9763 | VaAcc: 0.9644 | TeAcc: 0.9678

 51,  0 | TrAcc: 0.9811, TrLoss:  0.06624, VaAcc: 0.9648, VaLoss:  0.14065
 MAP NN | TrAcc: 0.9833 | VaAcc: 0.9658 | TeAcc: 0.9761
 S NN | TrAcc: 0.9794 | VaAcc: 0.9604 | TeAcc: 0.9736

 52,  0 | TrAcc: 0.9803, TrLoss:  0.06737, VaAcc: 0.9653, VaLoss:  0.13999
 MAP NN | TrAcc: 0.9843 | VaAcc: 0.9648 | TeAcc: 0.9766
 S NN | TrAcc: 0.9814 | VaAcc: 0.9570 | TeAcc: 0.9746

 53,  0 | TrAcc: 0.9797, TrLoss:  0.06746, VaAcc: 0.9639, VaLoss:  0.14957
 MAP NN | TrAcc: 0.9858 | VaAcc: 0.9634 | TeAcc: 0.9780
 S NN | TrAcc: 0.9802 | VaAcc: 0.9585 | TeAcc: 0.9722

 54,  0 | TrAcc: 0.9799, TrLoss:  0.06847, VaAcc: 0.9619, VaLoss:  0.14717
 MAP NN | TrAcc: 0.9833 | VaAcc: 0.9648 | TeAcc: 0.9756
 S NN | TrAcc: 0.9755 | VaAcc: 0.9634 | TeAcc: 0.9688

 55,  0 | TrAcc: 0.9822, TrLoss:  0.06193, VaAcc: 0.9624, VaLoss:  0.14163
 MAP NN | TrAcc: 0.9857 | VaAcc: 0.9658 | TeAcc: 0.9766
 S NN | TrAcc: 0.9781 | VaAcc: 0.9600 | TeAcc: 0.9678

 56,  0 | TrAcc: 0.9819, TrLoss:  0.06303, VaAcc: 0.9668, VaLoss:  0.13908
 MAP NN | TrAcc: 0.9838 | VaAcc: 0.9683 | TeAcc: 0.9741
 S NN | TrAcc: 0.9799 | VaAcc: 0.9644 | TeAcc: 0.9751

 57,  0 | TrAcc: 0.9838, TrLoss:  0.05934, VaAcc: 0.9658, VaLoss:  0.14539
 MAP NN | TrAcc: 0.9849 | VaAcc: 0.9683 | TeAcc: 0.9731
 S NN | TrAcc: 0.9801 | VaAcc: 0.9604 | TeAcc: 0.9663

 58,  0 | TrAcc: 0.9839, TrLoss:  0.05827, VaAcc: 0.9580, VaLoss:  0.14400
 MAP NN | TrAcc: 0.9869 | VaAcc: 0.9683 | TeAcc: 0.9780
 S NN | TrAcc: 0.9802 | VaAcc: 0.9585 | TeAcc: 0.9741

 59,  0 | TrAcc: 0.9838, TrLoss:  0.05845, VaAcc: 0.9683, VaLoss:  0.13233
 MAP NN | TrAcc: 0.9862 | VaAcc: 0.9658 | TeAcc: 0.9751
 S NN | TrAcc: 0.9790 | VaAcc: 0.9639 | TeAcc: 0.9722

 60,  0 | TrAcc: 0.9835, TrLoss:  0.05776, VaAcc: 0.9614, VaLoss:  0.15043
 MAP NN | TrAcc: 0.9862 | VaAcc: 0.9648 | TeAcc: 0.9780
 S NN | TrAcc: 0.9796 | VaAcc: 0.9648 | TeAcc: 0.9771

 61,  0 | TrAcc: 0.9847, TrLoss:  0.05412, VaAcc: 0.9639, VaLoss:  0.14807
 MAP NN | TrAcc: 0.9874 | VaAcc: 0.9658 | TeAcc: 0.9785
 S NN | TrAcc: 0.9830 | VaAcc: 0.9614 | TeAcc: 0.9741

 62,  0 | TrAcc: 0.9850, TrLoss:  0.05605, VaAcc: 0.9644, VaLoss:  0.13588
 MAP NN | TrAcc: 0.9863 | VaAcc: 0.9653 | TeAcc: 0.9741
 S NN | TrAcc: 0.9789 | VaAcc: 0.9624 | TeAcc: 0.9727

 63,  0 | TrAcc: 0.9836, TrLoss:  0.05559, VaAcc: 0.9668, VaLoss:  0.13467
 MAP NN | TrAcc: 0.9861 | VaAcc: 0.9668 | TeAcc: 0.9746
 S NN | TrAcc: 0.9827 | VaAcc: 0.9609 | TeAcc: 0.9756

 64,  0 | TrAcc: 0.9857, TrLoss:  0.05254, VaAcc: 0.9683, VaLoss:  0.13307
 MAP NN | TrAcc: 0.9877 | VaAcc: 0.9717 | TeAcc: 0.9766
 S NN | TrAcc: 0.9841 | VaAcc: 0.9658 | TeAcc: 0.9741

 65,  0 | TrAcc: 0.9841, TrLoss:  0.05772, VaAcc: 0.9624, VaLoss:  0.14608
 MAP NN | TrAcc: 0.9869 | VaAcc: 0.9663 | TeAcc: 0.9761
 S NN | TrAcc: 0.9832 | VaAcc: 0.9536 | TeAcc: 0.9751

 66,  0 | TrAcc: 0.9850, TrLoss:  0.05226, VaAcc: 0.9619, VaLoss:  0.14654
 MAP NN | TrAcc: 0.9878 | VaAcc: 0.9668 | TeAcc: 0.9756
 S NN | TrAcc: 0.9811 | VaAcc: 0.9639 | TeAcc: 0.9697

 67,  0 | TrAcc: 0.9851, TrLoss:  0.05280, VaAcc: 0.9644, VaLoss:  0.14019
 MAP NN | TrAcc: 0.9884 | VaAcc: 0.9658 | TeAcc: 0.9756
 S NN | TrAcc: 0.9816 | VaAcc: 0.9644 | TeAcc: 0.9771

 68,  0 | TrAcc: 0.9866, TrLoss:  0.04921, VaAcc: 0.9668, VaLoss:  0.13798
 MAP NN | TrAcc: 0.9877 | VaAcc: 0.9697 | TeAcc: 0.9766
 S NN | TrAcc: 0.9839 | VaAcc: 0.9614 | TeAcc: 0.9722

 69,  0 | TrAcc: 0.9832, TrLoss:  0.05359, VaAcc: 0.9619, VaLoss:  0.14044
 MAP NN | TrAcc: 0.9875 | VaAcc: 0.9639 | TeAcc: 0.9766
 S NN | TrAcc: 0.9825 | VaAcc: 0.9531 | TeAcc: 0.9741

 70,  0 | TrAcc: 0.9867, TrLoss:  0.04787, VaAcc: 0.9658, VaLoss:  0.12881
 MAP NN | TrAcc: 0.9884 | VaAcc: 0.9688 | TeAcc: 0.9766
 S NN | TrAcc: 0.9838 | VaAcc: 0.9639 | TeAcc: 0.9727

 71,  0 | TrAcc: 0.9863, TrLoss:  0.04885, VaAcc: 0.9644, VaLoss:  0.14044
 MAP NN | TrAcc: 0.9894 | VaAcc: 0.9648 | TeAcc: 0.9766
 S NN | TrAcc: 0.9849 | VaAcc: 0.9624 | TeAcc: 0.9722

 72,  0 | TrAcc: 0.9865, TrLoss:  0.04983, VaAcc: 0.9624, VaLoss:  0.13406
 MAP NN | TrAcc: 0.9868 | VaAcc: 0.9668 | TeAcc: 0.9756
 S NN | TrAcc: 0.9867 | VaAcc: 0.9629 | TeAcc: 0.9775

 73,  0 | TrAcc: 0.9863, TrLoss:  0.04916, VaAcc: 0.9673, VaLoss:  0.13532
 MAP NN | TrAcc: 0.9885 | VaAcc: 0.9702 | TeAcc: 0.9775
 S NN | TrAcc: 0.9843 | VaAcc: 0.9634 | TeAcc: 0.9722

 74,  0 | TrAcc: 0.9847, TrLoss:  0.05529, VaAcc: 0.9678, VaLoss:  0.13396
 MAP NN | TrAcc: 0.9869 | VaAcc: 0.9653 | TeAcc: 0.9766
 S NN | TrAcc: 0.9791 | VaAcc: 0.9634 | TeAcc: 0.9722

 75,  0 | TrAcc: 0.9861, TrLoss:  0.04921, VaAcc: 0.9648, VaLoss:  0.13238
 MAP NN | TrAcc: 0.9894 | VaAcc: 0.9673 | TeAcc: 0.9775
 S NN | TrAcc: 0.9840 | VaAcc: 0.9683 | TeAcc: 0.9756

 76,  0 | TrAcc: 0.9889, TrLoss:  0.04657, VaAcc: 0.9644, VaLoss:  0.12819
 MAP NN | TrAcc: 0.9884 | VaAcc: 0.9683 | TeAcc: 0.9761
 S NN | TrAcc: 0.9835 | VaAcc: 0.9648 | TeAcc: 0.9717

 77,  0 | TrAcc: 0.9875, TrLoss:  0.04672, VaAcc: 0.9658, VaLoss:  0.13102
 MAP NN | TrAcc: 0.9888 | VaAcc: 0.9658 | TeAcc: 0.9746
 S NN | TrAcc: 0.9851 | VaAcc: 0.9619 | TeAcc: 0.9727

 78,  0 | TrAcc: 0.9894, TrLoss:  0.04299, VaAcc: 0.9629, VaLoss:  0.13516
 MAP NN | TrAcc: 0.9908 | VaAcc: 0.9697 | TeAcc: 0.9780
 S NN | TrAcc: 0.9894 | VaAcc: 0.9658 | TeAcc: 0.9731

 79,  0 | TrAcc: 0.9868, TrLoss:  0.04716, VaAcc: 0.9619, VaLoss:  0.14474
 MAP NN | TrAcc: 0.9885 | VaAcc: 0.9658 | TeAcc: 0.9775
 S NN | TrAcc: 0.9849 | VaAcc: 0.9634 | TeAcc: 0.9751

 80,  0 | TrAcc: 0.9884, TrLoss:  0.04061, VaAcc: 0.9688, VaLoss:  0.13050
 MAP NN | TrAcc: 0.9905 | VaAcc: 0.9668 | TeAcc: 0.9756
 S NN | TrAcc: 0.9873 | VaAcc: 0.9639 | TeAcc: 0.9746

 81,  0 | TrAcc: 0.9884, TrLoss:  0.04418, VaAcc: 0.9648, VaLoss:  0.14347
 MAP NN | TrAcc: 0.9899 | VaAcc: 0.9653 | TeAcc: 0.9751
 S NN | TrAcc: 0.9862 | VaAcc: 0.9639 | TeAcc: 0.9741

 82,  0 | TrAcc: 0.9885, TrLoss:  0.04186, VaAcc: 0.9668, VaLoss:  0.12894
 MAP NN | TrAcc: 0.9902 | VaAcc: 0.9692 | TeAcc: 0.9785
 S NN | TrAcc: 0.9850 | VaAcc: 0.9658 | TeAcc: 0.9766

 83,  0 | TrAcc: 0.9879, TrLoss:  0.04618, VaAcc: 0.9663, VaLoss:  0.14041
 MAP NN | TrAcc: 0.9900 | VaAcc: 0.9702 | TeAcc: 0.9746
 S NN | TrAcc: 0.9821 | VaAcc: 0.9658 | TeAcc: 0.9741

 84,  0 | TrAcc: 0.9886, TrLoss:  0.04264, VaAcc: 0.9648, VaLoss:  0.14560
 MAP NN | TrAcc: 0.9907 | VaAcc: 0.9702 | TeAcc: 0.9800
 S NN | TrAcc: 0.9877 | VaAcc: 0.9604 | TeAcc: 0.9780

 85,  0 | TrAcc: 0.9894, TrLoss:  0.03964, VaAcc: 0.9668, VaLoss:  0.14477
 MAP NN | TrAcc: 0.9913 | VaAcc: 0.9697 | TeAcc: 0.9761
 S NN | TrAcc: 0.9867 | VaAcc: 0.9702 | TeAcc: 0.9746

 86,  0 | TrAcc: 0.9889, TrLoss:  0.04239, VaAcc: 0.9658, VaLoss:  0.13439
 MAP NN | TrAcc: 0.9905 | VaAcc: 0.9697 | TeAcc: 0.9746
 S NN | TrAcc: 0.9851 | VaAcc: 0.9639 | TeAcc: 0.9771

 87,  0 | TrAcc: 0.9893, TrLoss:  0.04057, VaAcc: 0.9688, VaLoss:  0.13905
 MAP NN | TrAcc: 0.9906 | VaAcc: 0.9707 | TeAcc: 0.9766
 S NN | TrAcc: 0.9882 | VaAcc: 0.9692 | TeAcc: 0.9731

 88,  0 | TrAcc: 0.9904, TrLoss:  0.03931, VaAcc: 0.9629, VaLoss:  0.14382
 MAP NN | TrAcc: 0.9923 | VaAcc: 0.9688 | TeAcc: 0.9756
 S NN | TrAcc: 0.9882 | VaAcc: 0.9634 | TeAcc: 0.9722

 89,  0 | TrAcc: 0.9885, TrLoss:  0.03959, VaAcc: 0.9683, VaLoss:  0.12864
 MAP NN | TrAcc: 0.9907 | VaAcc: 0.9673 | TeAcc: 0.9736
 S NN | TrAcc: 0.9863 | VaAcc: 0.9619 | TeAcc: 0.9746

 90,  0 | TrAcc: 0.9907, TrLoss:  0.03524, VaAcc: 0.9692, VaLoss:  0.13143
 MAP NN | TrAcc: 0.9930 | VaAcc: 0.9678 | TeAcc: 0.9775
 S NN | TrAcc: 0.9901 | VaAcc: 0.9634 | TeAcc: 0.9746

 91,  0 | TrAcc: 0.9885, TrLoss:  0.04038, VaAcc: 0.9678, VaLoss:  0.13016
 MAP NN | TrAcc: 0.9907 | VaAcc: 0.9692 | TeAcc: 0.9751
 S NN | TrAcc: 0.9900 | VaAcc: 0.9673 | TeAcc: 0.9751

 92,  0 | TrAcc: 0.9875, TrLoss:  0.04384, VaAcc: 0.9668, VaLoss:  0.13384
 MAP NN | TrAcc: 0.9882 | VaAcc: 0.9653 | TeAcc: 0.9712
 S NN | TrAcc: 0.9818 | VaAcc: 0.9590 | TeAcc: 0.9702

 93,  0 | TrAcc: 0.9897, TrLoss:  0.03883, VaAcc: 0.9658, VaLoss:  0.14035
 MAP NN | TrAcc: 0.9910 | VaAcc: 0.9688 | TeAcc: 0.9741
 S NN | TrAcc: 0.9885 | VaAcc: 0.9653 | TeAcc: 0.9756

 94,  0 | TrAcc: 0.9868, TrLoss:  0.04451, VaAcc: 0.9648, VaLoss:  0.14772
 MAP NN | TrAcc: 0.9895 | VaAcc: 0.9629 | TeAcc: 0.9707
 S NN | TrAcc: 0.9850 | VaAcc: 0.9604 | TeAcc: 0.9702

 95,  0 | TrAcc: 0.9885, TrLoss:  0.03855, VaAcc: 0.9653, VaLoss:  0.14677
 MAP NN | TrAcc: 0.9902 | VaAcc: 0.9634 | TeAcc: 0.9761
 S NN | TrAcc: 0.9884 | VaAcc: 0.9663 | TeAcc: 0.9741

 96,  0 | TrAcc: 0.9878, TrLoss:  0.04451, VaAcc: 0.9648, VaLoss:  0.12976
 MAP NN | TrAcc: 0.9895 | VaAcc: 0.9678 | TeAcc: 0.9707
 S NN | TrAcc: 0.9844 | VaAcc: 0.9644 | TeAcc: 0.9736

 97,  0 | TrAcc: 0.9886, TrLoss:  0.03981, VaAcc: 0.9653, VaLoss:  0.14229
 MAP NN | TrAcc: 0.9912 | VaAcc: 0.9658 | TeAcc: 0.9746
 S NN | TrAcc: 0.9902 | VaAcc: 0.9673 | TeAcc: 0.9727

 98,  0 | TrAcc: 0.9915, TrLoss:  0.03649, VaAcc: 0.9697, VaLoss:  0.12512
 MAP NN | TrAcc: 0.9935 | VaAcc: 0.9702 | TeAcc: 0.9736
 S NN | TrAcc: 0.9882 | VaAcc: 0.9678 | TeAcc: 0.9707

 99,  0 | TrAcc: 0.9905, TrLoss:  0.03596, VaAcc: 0.9683, VaLoss:  0.13472
 MAP NN | TrAcc: 0.9919 | VaAcc: 0.9692 | TeAcc: 0.9741
 S NN | TrAcc: 0.9907 | VaAcc: 0.9658 | TeAcc: 0.9741

100,  0 | TrAcc: 0.9913, TrLoss:  0.03349, VaAcc: 0.9697, VaLoss:  0.13439
 MAP NN | TrAcc: 0.9924 | VaAcc: 0.9678 | TeAcc: 0.9756
 S NN | TrAcc: 0.9902 | VaAcc: 0.9663 | TeAcc: 0.9761

101,  0 | TrAcc: 0.9895, TrLoss:  0.03698, VaAcc: 0.9668, VaLoss:  0.12749
 MAP NN | TrAcc: 0.9916 | VaAcc: 0.9663 | TeAcc: 0.9741
 S NN | TrAcc: 0.9889 | VaAcc: 0.9648 | TeAcc: 0.9746

102,  0 | TrAcc: 0.9901, TrLoss:  0.03681, VaAcc: 0.9673, VaLoss:  0.13478
 MAP NN | TrAcc: 0.9911 | VaAcc: 0.9668 | TeAcc: 0.9731
 S NN | TrAcc: 0.9900 | VaAcc: 0.9648 | TeAcc: 0.9761

103,  0 | TrAcc: 0.9891, TrLoss:  0.03669, VaAcc: 0.9658, VaLoss:  0.13470
 MAP NN | TrAcc: 0.9916 | VaAcc: 0.9683 | TeAcc: 0.9746
 S NN | TrAcc: 0.9888 | VaAcc: 0.9658 | TeAcc: 0.9741

104,  0 | TrAcc: 0.9895, TrLoss:  0.03603, VaAcc: 0.9639, VaLoss:  0.13902
 MAP NN | TrAcc: 0.9917 | VaAcc: 0.9688 | TeAcc: 0.9731
 S NN | TrAcc: 0.9911 | VaAcc: 0.9678 | TeAcc: 0.9722

105,  0 | TrAcc: 0.9823, TrLoss:  0.05759, VaAcc: 0.9585, VaLoss:  0.15296
 MAP NN | TrAcc: 0.9832 | VaAcc: 0.9595 | TeAcc: 0.9746
 S NN | TrAcc: 0.9825 | VaAcc: 0.9590 | TeAcc: 0.9692

106,  0 | TrAcc: 0.9858, TrLoss:  0.04727, VaAcc: 0.9663, VaLoss:  0.13021
 MAP NN | TrAcc: 0.9868 | VaAcc: 0.9614 | TeAcc: 0.9731
 S NN | TrAcc: 0.9868 | VaAcc: 0.9609 | TeAcc: 0.9722

107,  0 | TrAcc: 0.9899, TrLoss:  0.03969, VaAcc: 0.9629, VaLoss:  0.13132
 MAP NN | TrAcc: 0.9913 | VaAcc: 0.9658 | TeAcc: 0.9775
 S NN | TrAcc: 0.9863 | VaAcc: 0.9619 | TeAcc: 0.9751

108,  0 | TrAcc: 0.9905, TrLoss:  0.03801, VaAcc: 0.9663, VaLoss:  0.13516
 MAP NN | TrAcc: 0.9916 | VaAcc: 0.9668 | TeAcc: 0.9741
 S NN | TrAcc: 0.9874 | VaAcc: 0.9688 | TeAcc: 0.9731

109,  0 | TrAcc: 0.9886, TrLoss:  0.04171, VaAcc: 0.9634, VaLoss:  0.14213
 MAP NN | TrAcc: 0.9911 | VaAcc: 0.9639 | TeAcc: 0.9766
 S NN | TrAcc: 0.9882 | VaAcc: 0.9658 | TeAcc: 0.9751

110,  0 | TrAcc: 0.9907, TrLoss:  0.03410, VaAcc: 0.9697, VaLoss:  0.13226
 MAP NN | TrAcc: 0.9923 | VaAcc: 0.9697 | TeAcc: 0.9761
 S NN | TrAcc: 0.9918 | VaAcc: 0.9648 | TeAcc: 0.9727

111,  0 | TrAcc: 0.9908, TrLoss:  0.03278, VaAcc: 0.9683, VaLoss:  0.13565
 MAP NN | TrAcc: 0.9926 | VaAcc: 0.9678 | TeAcc: 0.9761
 S NN | TrAcc: 0.9918 | VaAcc: 0.9663 | TeAcc: 0.9766

112,  0 | TrAcc: 0.9915, TrLoss:  0.03222, VaAcc: 0.9688, VaLoss:  0.12819
 MAP NN | TrAcc: 0.9929 | VaAcc: 0.9683 | TeAcc: 0.9805
 S NN | TrAcc: 0.9902 | VaAcc: 0.9663 | TeAcc: 0.9780

113,  0 | TrAcc: 0.9917, TrLoss:  0.03256, VaAcc: 0.9653, VaLoss:  0.12809
 MAP NN | TrAcc: 0.9928 | VaAcc: 0.9663 | TeAcc: 0.9756
 S NN | TrAcc: 0.9922 | VaAcc: 0.9658 | TeAcc: 0.9751

114,  0 | TrAcc: 0.9908, TrLoss:  0.03539, VaAcc: 0.9692, VaLoss:  0.13212
 MAP NN | TrAcc: 0.9922 | VaAcc: 0.9663 | TeAcc: 0.9756
 S NN | TrAcc: 0.9912 | VaAcc: 0.9648 | TeAcc: 0.9746

115,  0 | TrAcc: 0.9917, TrLoss:  0.03117, VaAcc: 0.9712, VaLoss:  0.12724
 MAP NN | TrAcc: 0.9935 | VaAcc: 0.9717 | TeAcc: 0.9736
 S NN | TrAcc: 0.9919 | VaAcc: 0.9717 | TeAcc: 0.9756

116,  0 | TrAcc: 0.9910, TrLoss:  0.03368, VaAcc: 0.9683, VaLoss:  0.14039
 MAP NN | TrAcc: 0.9923 | VaAcc: 0.9692 | TeAcc: 0.9761
 S NN | TrAcc: 0.9902 | VaAcc: 0.9624 | TeAcc: 0.9771

117,  0 | TrAcc: 0.9926, TrLoss:  0.03058, VaAcc: 0.9644, VaLoss:  0.13408
 MAP NN | TrAcc: 0.9928 | VaAcc: 0.9688 | TeAcc: 0.9761
 S NN | TrAcc: 0.9912 | VaAcc: 0.9702 | TeAcc: 0.9736

118,  0 | TrAcc: 0.9913, TrLoss:  0.03138, VaAcc: 0.9688, VaLoss:  0.13883
 MAP NN | TrAcc: 0.9930 | VaAcc: 0.9673 | TeAcc: 0.9736
 S NN | TrAcc: 0.9926 | VaAcc: 0.9639 | TeAcc: 0.9717

119,  0 | TrAcc: 0.9921, TrLoss:  0.03112, VaAcc: 0.9678, VaLoss:  0.12976
 MAP NN | TrAcc: 0.9929 | VaAcc: 0.9702 | TeAcc: 0.9736
 S NN | TrAcc: 0.9888 | VaAcc: 0.9683 | TeAcc: 0.9722

120,  0 | TrAcc: 0.9927, TrLoss:  0.03146, VaAcc: 0.9697, VaLoss:  0.13941
 MAP NN | TrAcc: 0.9932 | VaAcc: 0.9678 | TeAcc: 0.9771
 S NN | TrAcc: 0.9917 | VaAcc: 0.9683 | TeAcc: 0.9736

121,  0 | TrAcc: 0.9929, TrLoss:  0.02959, VaAcc: 0.9702, VaLoss:  0.12468
 MAP NN | TrAcc: 0.9943 | VaAcc: 0.9697 | TeAcc: 0.9722
 S NN | TrAcc: 0.9930 | VaAcc: 0.9692 | TeAcc: 0.9731

122,  0 | TrAcc: 0.9930, TrLoss:  0.02870, VaAcc: 0.9668, VaLoss:  0.14053
 MAP NN | TrAcc: 0.9943 | VaAcc: 0.9707 | TeAcc: 0.9775
 S NN | TrAcc: 0.9928 | VaAcc: 0.9702 | TeAcc: 0.9761

123,  0 | TrAcc: 0.9932, TrLoss:  0.02744, VaAcc: 0.9673, VaLoss:  0.13920
 MAP NN | TrAcc: 0.9938 | VaAcc: 0.9678 | TeAcc: 0.9736
 S NN | TrAcc: 0.9924 | VaAcc: 0.9648 | TeAcc: 0.9746

124,  0 | TrAcc: 0.9924, TrLoss:  0.03066, VaAcc: 0.9697, VaLoss:  0.12869
 MAP NN | TrAcc: 0.9933 | VaAcc: 0.9692 | TeAcc: 0.9746
 S NN | TrAcc: 0.9907 | VaAcc: 0.9678 | TeAcc: 0.9746

125,  0 | TrAcc: 0.9926, TrLoss:  0.03144, VaAcc: 0.9688, VaLoss:  0.12455
 MAP NN | TrAcc: 0.9933 | VaAcc: 0.9702 | TeAcc: 0.9761
 S NN | TrAcc: 0.9926 | VaAcc: 0.9702 | TeAcc: 0.9756

126,  0 | TrAcc: 0.9857, TrLoss:  0.04777, VaAcc: 0.9570, VaLoss:  0.15800
 MAP NN | TrAcc: 0.9880 | VaAcc: 0.9590 | TeAcc: 0.9692
 S NN | TrAcc: 0.9874 | VaAcc: 0.9575 | TeAcc: 0.9683

127,  0 | TrAcc: 0.9866, TrLoss:  0.04650, VaAcc: 0.9644, VaLoss:  0.15293
 MAP NN | TrAcc: 0.9882 | VaAcc: 0.9653 | TeAcc: 0.9746
 S NN | TrAcc: 0.9857 | VaAcc: 0.9644 | TeAcc: 0.9707

128,  0 | TrAcc: 0.9863, TrLoss:  0.04592, VaAcc: 0.9624, VaLoss:  0.15299
 MAP NN | TrAcc: 0.9878 | VaAcc: 0.9614 | TeAcc: 0.9688
 S NN | TrAcc: 0.9830 | VaAcc: 0.9600 | TeAcc: 0.9663

129,  0 | TrAcc: 0.9878, TrLoss:  0.04142, VaAcc: 0.9673, VaLoss:  0.13958
 MAP NN | TrAcc: 0.9883 | VaAcc: 0.9678 | TeAcc: 0.9736
 S NN | TrAcc: 0.9891 | VaAcc: 0.9678 | TeAcc: 0.9746

130,  0 | TrAcc: 0.9877, TrLoss:  0.04226, VaAcc: 0.9619, VaLoss:  0.15552
 MAP NN | TrAcc: 0.9896 | VaAcc: 0.9609 | TeAcc: 0.9736
 S NN | TrAcc: 0.9877 | VaAcc: 0.9609 | TeAcc: 0.9746

131,  0 | TrAcc: 0.9900, TrLoss:  0.03867, VaAcc: 0.9707, VaLoss:  0.13148
 MAP NN | TrAcc: 0.9917 | VaAcc: 0.9688 | TeAcc: 0.9741
 S NN | TrAcc: 0.9894 | VaAcc: 0.9668 | TeAcc: 0.9736

132,  0 | TrAcc: 0.9883, TrLoss:  0.03854, VaAcc: 0.9644, VaLoss:  0.13921
 MAP NN | TrAcc: 0.9911 | VaAcc: 0.9673 | TeAcc: 0.9731
 S NN | TrAcc: 0.9890 | VaAcc: 0.9653 | TeAcc: 0.9751

133,  0 | TrAcc: 0.9911, TrLoss:  0.03274, VaAcc: 0.9658, VaLoss:  0.13446
 MAP NN | TrAcc: 0.9924 | VaAcc: 0.9683 | TeAcc: 0.9771
 S NN | TrAcc: 0.9904 | VaAcc: 0.9668 | TeAcc: 0.9746

134,  0 | TrAcc: 0.9933, TrLoss:  0.02930, VaAcc: 0.9702, VaLoss:  0.13074
 MAP NN | TrAcc: 0.9943 | VaAcc: 0.9712 | TeAcc: 0.9785
 S NN | TrAcc: 0.9924 | VaAcc: 0.9707 | TeAcc: 0.9746

135,  0 | TrAcc: 0.9935, TrLoss:  0.02666, VaAcc: 0.9697, VaLoss:  0.12863
 MAP NN | TrAcc: 0.9948 | VaAcc: 0.9707 | TeAcc: 0.9775
 S NN | TrAcc: 0.9949 | VaAcc: 0.9678 | TeAcc: 0.9771

136,  0 | TrAcc: 0.9935, TrLoss:  0.02738, VaAcc: 0.9644, VaLoss:  0.13851
 MAP NN | TrAcc: 0.9944 | VaAcc: 0.9673 | TeAcc: 0.9761
 S NN | TrAcc: 0.9935 | VaAcc: 0.9648 | TeAcc: 0.9766

137,  0 | TrAcc: 0.9939, TrLoss:  0.02632, VaAcc: 0.9683, VaLoss:  0.13969
 MAP NN | TrAcc: 0.9950 | VaAcc: 0.9717 | TeAcc: 0.9780
 S NN | TrAcc: 0.9946 | VaAcc: 0.9702 | TeAcc: 0.9780

138,  0 | TrAcc: 0.9933, TrLoss:  0.02742, VaAcc: 0.9702, VaLoss:  0.13064
 MAP NN | TrAcc: 0.9948 | VaAcc: 0.9697 | TeAcc: 0.9766
 S NN | TrAcc: 0.9941 | VaAcc: 0.9639 | TeAcc: 0.9761

139,  0 | TrAcc: 0.9948, TrLoss:  0.02502, VaAcc: 0.9688, VaLoss:  0.13138
 MAP NN | TrAcc: 0.9946 | VaAcc: 0.9707 | TeAcc: 0.9766
 S NN | TrAcc: 0.9933 | VaAcc: 0.9702 | TeAcc: 0.9741

140,  0 | TrAcc: 0.9922, TrLoss:  0.03160, VaAcc: 0.9678, VaLoss:  0.13430
 MAP NN | TrAcc: 0.9940 | VaAcc: 0.9688 | TeAcc: 0.9775
 S NN | TrAcc: 0.9924 | VaAcc: 0.9644 | TeAcc: 0.9780

141,  0 | TrAcc: 0.9932, TrLoss:  0.02815, VaAcc: 0.9678, VaLoss:  0.13370
 MAP NN | TrAcc: 0.9939 | VaAcc: 0.9697 | TeAcc: 0.9756
 S NN | TrAcc: 0.9935 | VaAcc: 0.9688 | TeAcc: 0.9756

142,  0 | TrAcc: 0.9921, TrLoss:  0.03205, VaAcc: 0.9663, VaLoss:  0.13693
 MAP NN | TrAcc: 0.9930 | VaAcc: 0.9683 | TeAcc: 0.9785
 S NN | TrAcc: 0.9904 | VaAcc: 0.9653 | TeAcc: 0.9761

143,  0 | TrAcc: 0.9912, TrLoss:  0.03289, VaAcc: 0.9648, VaLoss:  0.14900
 MAP NN | TrAcc: 0.9929 | VaAcc: 0.9648 | TeAcc: 0.9741
 S NN | TrAcc: 0.9889 | VaAcc: 0.9609 | TeAcc: 0.9756

144,  0 | TrAcc: 0.9891, TrLoss:  0.03633, VaAcc: 0.9624, VaLoss:  0.14256
 MAP NN | TrAcc: 0.9904 | VaAcc: 0.9614 | TeAcc: 0.9712
 S NN | TrAcc: 0.9883 | VaAcc: 0.9604 | TeAcc: 0.9692

145,  0 | TrAcc: 0.9937, TrLoss:  0.02862, VaAcc: 0.9658, VaLoss:  0.13296
 MAP NN | TrAcc: 0.9949 | VaAcc: 0.9673 | TeAcc: 0.9766
 S NN | TrAcc: 0.9941 | VaAcc: 0.9673 | TeAcc: 0.9775

146,  0 | TrAcc: 0.9935, TrLoss:  0.02719, VaAcc: 0.9624, VaLoss:  0.14910
 MAP NN | TrAcc: 0.9944 | VaAcc: 0.9629 | TeAcc: 0.9731
 S NN | TrAcc: 0.9939 | VaAcc: 0.9624 | TeAcc: 0.9746

147,  0 | TrAcc: 0.9938, TrLoss:  0.02589, VaAcc: 0.9702, VaLoss:  0.12989
 MAP NN | TrAcc: 0.9937 | VaAcc: 0.9688 | TeAcc: 0.9771
 S NN | TrAcc: 0.9935 | VaAcc: 0.9692 | TeAcc: 0.9751

148,  0 | TrAcc: 0.9880, TrLoss:  0.04077, VaAcc: 0.9609, VaLoss:  0.14953
 MAP NN | TrAcc: 0.9906 | VaAcc: 0.9580 | TeAcc: 0.9697
 S NN | TrAcc: 0.9893 | VaAcc: 0.9619 | TeAcc: 0.9692

149,  0 | TrAcc: 0.9900, TrLoss:  0.03676, VaAcc: 0.9668, VaLoss:  0.14547
 MAP NN | TrAcc: 0.9910 | VaAcc: 0.9653 | TeAcc: 0.9746
 S NN | TrAcc: 0.9908 | VaAcc: 0.9648 | TeAcc: 0.9741

150,  0 | TrAcc: 0.9917, TrLoss:  0.03134, VaAcc: 0.9658, VaLoss:  0.14129
 MAP NN | TrAcc: 0.9939 | VaAcc: 0.9648 | TeAcc: 0.9780
 S NN | TrAcc: 0.9927 | VaAcc: 0.9639 | TeAcc: 0.9746

151,  0 | TrAcc: 0.9944, TrLoss:  0.02629, VaAcc: 0.9683, VaLoss:  0.13838
 MAP NN | TrAcc: 0.9954 | VaAcc: 0.9688 | TeAcc: 0.9746
 S NN | TrAcc: 0.9952 | VaAcc: 0.9668 | TeAcc: 0.9741

152,  0 | TrAcc: 0.9941, TrLoss:  0.02499, VaAcc: 0.9668, VaLoss:  0.13247
 MAP NN | TrAcc: 0.9955 | VaAcc: 0.9683 | TeAcc: 0.9785
 S NN | TrAcc: 0.9945 | VaAcc: 0.9688 | TeAcc: 0.9766

153,  0 | TrAcc: 0.9929, TrLoss:  0.02742, VaAcc: 0.9678, VaLoss:  0.13067
 MAP NN | TrAcc: 0.9949 | VaAcc: 0.9702 | TeAcc: 0.9800
 S NN | TrAcc: 0.9940 | VaAcc: 0.9702 | TeAcc: 0.9785

154,  0 | TrAcc: 0.9922, TrLoss:  0.03024, VaAcc: 0.9668, VaLoss:  0.13598
 MAP NN | TrAcc: 0.9932 | VaAcc: 0.9644 | TeAcc: 0.9746
 S NN | TrAcc: 0.9922 | VaAcc: 0.9639 | TeAcc: 0.9746

155,  0 | TrAcc: 0.9919, TrLoss:  0.02985, VaAcc: 0.9673, VaLoss:  0.13617
 MAP NN | TrAcc: 0.9935 | VaAcc: 0.9673 | TeAcc: 0.9761
 S NN | TrAcc: 0.9933 | VaAcc: 0.9653 | TeAcc: 0.9751

156,  0 | TrAcc: 0.9922, TrLoss:  0.02981, VaAcc: 0.9644, VaLoss:  0.14278
 MAP NN | TrAcc: 0.9923 | VaAcc: 0.9663 | TeAcc: 0.9722
 S NN | TrAcc: 0.9913 | VaAcc: 0.9658 | TeAcc: 0.9707

157,  0 | TrAcc: 0.9923, TrLoss:  0.03053, VaAcc: 0.9668, VaLoss:  0.13089
 MAP NN | TrAcc: 0.9935 | VaAcc: 0.9688 | TeAcc: 0.9775
 S NN | TrAcc: 0.9939 | VaAcc: 0.9663 | TeAcc: 0.9761

158,  0 | TrAcc: 0.9930, TrLoss:  0.02745, VaAcc: 0.9673, VaLoss:  0.14657
 MAP NN | TrAcc: 0.9944 | VaAcc: 0.9663 | TeAcc: 0.9746
 S NN | TrAcc: 0.9934 | VaAcc: 0.9663 | TeAcc: 0.9761

159,  0 | TrAcc: 0.9927, TrLoss:  0.02823, VaAcc: 0.9644, VaLoss:  0.14136
 MAP NN | TrAcc: 0.9945 | VaAcc: 0.9683 | TeAcc: 0.9741
 S NN | TrAcc: 0.9934 | VaAcc: 0.9663 | TeAcc: 0.9727

160,  0 | TrAcc: 0.9948, TrLoss:  0.02397, VaAcc: 0.9683, VaLoss:  0.13210
 MAP NN | TrAcc: 0.9961 | VaAcc: 0.9702 | TeAcc: 0.9775
 S NN | TrAcc: 0.9949 | VaAcc: 0.9683 | TeAcc: 0.9741

161,  0 | TrAcc: 0.9943, TrLoss:  0.02448, VaAcc: 0.9688, VaLoss:  0.12366
 MAP NN | TrAcc: 0.9948 | VaAcc: 0.9692 | TeAcc: 0.9756
 S NN | TrAcc: 0.9948 | VaAcc: 0.9663 | TeAcc: 0.9756

162,  0 | TrAcc: 0.9951, TrLoss:  0.02340, VaAcc: 0.9692, VaLoss:  0.12836
 MAP NN | TrAcc: 0.9958 | VaAcc: 0.9668 | TeAcc: 0.9780
 S NN | TrAcc: 0.9940 | VaAcc: 0.9692 | TeAcc: 0.9766

163,  0 | TrAcc: 0.9948, TrLoss:  0.02353, VaAcc: 0.9683, VaLoss:  0.13488
 MAP NN | TrAcc: 0.9962 | VaAcc: 0.9673 | TeAcc: 0.9761
 S NN | TrAcc: 0.9951 | VaAcc: 0.9658 | TeAcc: 0.9756

164,  0 | TrAcc: 0.9952, TrLoss:  0.02226, VaAcc: 0.9692, VaLoss:  0.13133
 MAP NN | TrAcc: 0.9962 | VaAcc: 0.9712 | TeAcc: 0.9756
 S NN | TrAcc: 0.9949 | VaAcc: 0.9722 | TeAcc: 0.9761

165,  0 | TrAcc: 0.9948, TrLoss:  0.02376, VaAcc: 0.9678, VaLoss:  0.12700
 MAP NN | TrAcc: 0.9952 | VaAcc: 0.9683 | TeAcc: 0.9751
 S NN | TrAcc: 0.9951 | VaAcc: 0.9648 | TeAcc: 0.9736

166,  0 | TrAcc: 0.9951, TrLoss:  0.02351, VaAcc: 0.9688, VaLoss:  0.12773
 MAP NN | TrAcc: 0.9957 | VaAcc: 0.9678 | TeAcc: 0.9746
 S NN | TrAcc: 0.9945 | VaAcc: 0.9688 | TeAcc: 0.9771

167,  0 | TrAcc: 0.9934, TrLoss:  0.02828, VaAcc: 0.9678, VaLoss:  0.14009
 MAP NN | TrAcc: 0.9941 | VaAcc: 0.9663 | TeAcc: 0.9761
 S NN | TrAcc: 0.9932 | VaAcc: 0.9678 | TeAcc: 0.9741

168,  0 | TrAcc: 0.9946, TrLoss:  0.02465, VaAcc: 0.9668, VaLoss:  0.13994
 MAP NN | TrAcc: 0.9957 | VaAcc: 0.9683 | TeAcc: 0.9731
 S NN | TrAcc: 0.9956 | VaAcc: 0.9653 | TeAcc: 0.9731

169,  0 | TrAcc: 0.9937, TrLoss:  0.02626, VaAcc: 0.9663, VaLoss:  0.14387
 MAP NN | TrAcc: 0.9949 | VaAcc: 0.9673 | TeAcc: 0.9741
 S NN | TrAcc: 0.9949 | VaAcc: 0.9658 | TeAcc: 0.9761

170,  0 | TrAcc: 0.9930, TrLoss:  0.02787, VaAcc: 0.9668, VaLoss:  0.13436
 MAP NN | TrAcc: 0.9937 | VaAcc: 0.9702 | TeAcc: 0.9780
 S NN | TrAcc: 0.9935 | VaAcc: 0.9668 | TeAcc: 0.9790

171,  0 | TrAcc: 0.9949, TrLoss:  0.02280, VaAcc: 0.9678, VaLoss:  0.12979
 MAP NN | TrAcc: 0.9956 | VaAcc: 0.9697 | TeAcc: 0.9746
 S NN | TrAcc: 0.9949 | VaAcc: 0.9692 | TeAcc: 0.9751

172,  0 | TrAcc: 0.9958, TrLoss:  0.02131, VaAcc: 0.9663, VaLoss:  0.12920
 MAP NN | TrAcc: 0.9963 | VaAcc: 0.9673 | TeAcc: 0.9741
 S NN | TrAcc: 0.9962 | VaAcc: 0.9688 | TeAcc: 0.9736

173,  0 | TrAcc: 0.9952, TrLoss:  0.02183, VaAcc: 0.9697, VaLoss:  0.12791
 MAP NN | TrAcc: 0.9954 | VaAcc: 0.9697 | TeAcc: 0.9761
 S NN | TrAcc: 0.9955 | VaAcc: 0.9668 | TeAcc: 0.9780

174,  0 | TrAcc: 0.9955, TrLoss:  0.02109, VaAcc: 0.9683, VaLoss:  0.13211
 MAP NN | TrAcc: 0.9961 | VaAcc: 0.9697 | TeAcc: 0.9785
 S NN | TrAcc: 0.9960 | VaAcc: 0.9678 | TeAcc: 0.9771

175,  0 | TrAcc: 0.9945, TrLoss:  0.02572, VaAcc: 0.9644, VaLoss:  0.13725
 MAP NN | TrAcc: 0.9945 | VaAcc: 0.9668 | TeAcc: 0.9761
 S NN | TrAcc: 0.9944 | VaAcc: 0.9663 | TeAcc: 0.9771

176,  0 | TrAcc: 0.9915, TrLoss:  0.03380, VaAcc: 0.9648, VaLoss:  0.14621
 MAP NN | TrAcc: 0.9919 | VaAcc: 0.9683 | TeAcc: 0.9746
 S NN | TrAcc: 0.9921 | VaAcc: 0.9644 | TeAcc: 0.9707

177,  0 | TrAcc: 0.9938, TrLoss:  0.02623, VaAcc: 0.9653, VaLoss:  0.14198
 MAP NN | TrAcc: 0.9951 | VaAcc: 0.9673 | TeAcc: 0.9731
 S NN | TrAcc: 0.9932 | VaAcc: 0.9663 | TeAcc: 0.9756

178,  0 | TrAcc: 0.9928, TrLoss:  0.02914, VaAcc: 0.9673, VaLoss:  0.13429
 MAP NN | TrAcc: 0.9930 | VaAcc: 0.9673 | TeAcc: 0.9790
 S NN | TrAcc: 0.9911 | VaAcc: 0.9668 | TeAcc: 0.9780

179,  0 | TrAcc: 0.9865, TrLoss:  0.04265, VaAcc: 0.9673, VaLoss:  0.14121
 MAP NN | TrAcc: 0.9880 | VaAcc: 0.9697 | TeAcc: 0.9775
 S NN | TrAcc: 0.9884 | VaAcc: 0.9688 | TeAcc: 0.9780

180,  0 | TrAcc: 0.9872, TrLoss:  0.04607, VaAcc: 0.9673, VaLoss:  0.15469
 MAP NN | TrAcc: 0.9875 | VaAcc: 0.9673 | TeAcc: 0.9741
 S NN | TrAcc: 0.9866 | VaAcc: 0.9653 | TeAcc: 0.9717

181,  0 | TrAcc: 0.9877, TrLoss:  0.04041, VaAcc: 0.9639, VaLoss:  0.13806
 MAP NN | TrAcc: 0.9879 | VaAcc: 0.9648 | TeAcc: 0.9707
 S NN | TrAcc: 0.9862 | VaAcc: 0.9653 | TeAcc: 0.9707

182,  0 | TrAcc: 0.9912, TrLoss:  0.03344, VaAcc: 0.9707, VaLoss:  0.12933
 MAP NN | TrAcc: 0.9927 | VaAcc: 0.9673 | TeAcc: 0.9746
 S NN | TrAcc: 0.9918 | VaAcc: 0.9668 | TeAcc: 0.9736

183,  0 | TrAcc: 0.9908, TrLoss:  0.03399, VaAcc: 0.9683, VaLoss:  0.13530
 MAP NN | TrAcc: 0.9922 | VaAcc: 0.9653 | TeAcc: 0.9741
 S NN | TrAcc: 0.9921 | VaAcc: 0.9653 | TeAcc: 0.9731

184,  0 | TrAcc: 0.9927, TrLoss:  0.02701, VaAcc: 0.9639, VaLoss:  0.14318
 MAP NN | TrAcc: 0.9929 | VaAcc: 0.9619 | TeAcc: 0.9722
 S NN | TrAcc: 0.9927 | VaAcc: 0.9639 | TeAcc: 0.9688

185,  0 | TrAcc: 0.9928, TrLoss:  0.02712, VaAcc: 0.9683, VaLoss:  0.13629
 MAP NN | TrAcc: 0.9939 | VaAcc: 0.9678 | TeAcc: 0.9731
 S NN | TrAcc: 0.9921 | VaAcc: 0.9678 | TeAcc: 0.9736

186,  0 | TrAcc: 0.9911, TrLoss:  0.03117, VaAcc: 0.9673, VaLoss:  0.13736
 MAP NN | TrAcc: 0.9929 | VaAcc: 0.9644 | TeAcc: 0.9775
 S NN | TrAcc: 0.9919 | VaAcc: 0.9658 | TeAcc: 0.9800

187,  0 | TrAcc: 0.9948, TrLoss:  0.02369, VaAcc: 0.9688, VaLoss:  0.13076
 MAP NN | TrAcc: 0.9958 | VaAcc: 0.9668 | TeAcc: 0.9741
 S NN | TrAcc: 0.9949 | VaAcc: 0.9673 | TeAcc: 0.9756

188,  0 | TrAcc: 0.9938, TrLoss:  0.02448, VaAcc: 0.9673, VaLoss:  0.13442
 MAP NN | TrAcc: 0.9943 | VaAcc: 0.9658 | TeAcc: 0.9771
 S NN | TrAcc: 0.9943 | VaAcc: 0.9683 | TeAcc: 0.9780

189,  0 | TrAcc: 0.9955, TrLoss:  0.02248, VaAcc: 0.9658, VaLoss:  0.13123
 MAP NN | TrAcc: 0.9958 | VaAcc: 0.9668 | TeAcc: 0.9790
 S NN | TrAcc: 0.9963 | VaAcc: 0.9683 | TeAcc: 0.9771

190,  0 | TrAcc: 0.9949, TrLoss:  0.02203, VaAcc: 0.9683, VaLoss:  0.12932
 MAP NN | TrAcc: 0.9952 | VaAcc: 0.9683 | TeAcc: 0.9790
 S NN | TrAcc: 0.9955 | VaAcc: 0.9683 | TeAcc: 0.9775

191,  0 | TrAcc: 0.9938, TrLoss:  0.02449, VaAcc: 0.9688, VaLoss:  0.13218
 MAP NN | TrAcc: 0.9952 | VaAcc: 0.9663 | TeAcc: 0.9741
 S NN | TrAcc: 0.9946 | VaAcc: 0.9668 | TeAcc: 0.9736

192,  0 | TrAcc: 0.9952, TrLoss:  0.02207, VaAcc: 0.9663, VaLoss:  0.13606
 MAP NN | TrAcc: 0.9954 | VaAcc: 0.9634 | TeAcc: 0.9751
 S NN | TrAcc: 0.9956 | VaAcc: 0.9639 | TeAcc: 0.9761

193,  0 | TrAcc: 0.9944, TrLoss:  0.02261, VaAcc: 0.9697, VaLoss:  0.12372
 MAP NN | TrAcc: 0.9954 | VaAcc: 0.9688 | TeAcc: 0.9766
 S NN | TrAcc: 0.9951 | VaAcc: 0.9668 | TeAcc: 0.9780

194,  0 | TrAcc: 0.9945, TrLoss:  0.02336, VaAcc: 0.9688, VaLoss:  0.14074
 MAP NN | TrAcc: 0.9951 | VaAcc: 0.9673 | TeAcc: 0.9746
 S NN | TrAcc: 0.9946 | VaAcc: 0.9648 | TeAcc: 0.9736

195,  0 | TrAcc: 0.9949, TrLoss:  0.02199, VaAcc: 0.9688, VaLoss:  0.13047
 MAP NN | TrAcc: 0.9965 | VaAcc: 0.9697 | TeAcc: 0.9736
 S NN | TrAcc: 0.9954 | VaAcc: 0.9697 | TeAcc: 0.9727

196,  0 | TrAcc: 0.9956, TrLoss:  0.01989, VaAcc: 0.9663, VaLoss:  0.12651
 MAP NN | TrAcc: 0.9963 | VaAcc: 0.9683 | TeAcc: 0.9751
 S NN | TrAcc: 0.9960 | VaAcc: 0.9692 | TeAcc: 0.9746

197,  0 | TrAcc: 0.9956, TrLoss:  0.01943, VaAcc: 0.9722, VaLoss:  0.12962
 MAP NN | TrAcc: 0.9963 | VaAcc: 0.9697 | TeAcc: 0.9746
 S NN | TrAcc: 0.9962 | VaAcc: 0.9692 | TeAcc: 0.9756

198,  0 | TrAcc: 0.9954, TrLoss:  0.01971, VaAcc: 0.9683, VaLoss:  0.13520
 MAP NN | TrAcc: 0.9961 | VaAcc: 0.9658 | TeAcc: 0.9761
 S NN | TrAcc: 0.9961 | VaAcc: 0.9663 | TeAcc: 0.9751

199,  0 | TrAcc: 0.9939, TrLoss:  0.02380, VaAcc: 0.9683, VaLoss:  0.12901
 MAP NN | TrAcc: 0.9954 | VaAcc: 0.9678 | TeAcc: 0.9741
 S NN | TrAcc: 0.9952 | VaAcc: 0.9653 | TeAcc: 0.9741

200,  0 | TrAcc: 0.9963, TrLoss:  0.02016, VaAcc: 0.9658, VaLoss:  0.13822
 MAP NN | TrAcc: 0.9965 | VaAcc: 0.9648 | TeAcc: 0.9736
 S NN | TrAcc: 0.9958 | VaAcc: 0.9668 | TeAcc: 0.9756

201,  0 | TrAcc: 0.9968, TrLoss:  0.01848, VaAcc: 0.9688, VaLoss:  0.12363
 MAP NN | TrAcc: 0.9969 | VaAcc: 0.9727 | TeAcc: 0.9775
 S NN | TrAcc: 0.9969 | VaAcc: 0.9692 | TeAcc: 0.9790

202,  0 | TrAcc: 0.9967, TrLoss:  0.01782, VaAcc: 0.9688, VaLoss:  0.12757
 MAP NN | TrAcc: 0.9969 | VaAcc: 0.9692 | TeAcc: 0.9775
 S NN | TrAcc: 0.9969 | VaAcc: 0.9692 | TeAcc: 0.9751

203,  0 | TrAcc: 0.9961, TrLoss:  0.01885, VaAcc: 0.9683, VaLoss:  0.12989
 MAP NN | TrAcc: 0.9967 | VaAcc: 0.9668 | TeAcc: 0.9741
 S NN | TrAcc: 0.9960 | VaAcc: 0.9692 | TeAcc: 0.9756

204,  0 | TrAcc: 0.9962, TrLoss:  0.01862, VaAcc: 0.9692, VaLoss:  0.12515
 MAP NN | TrAcc: 0.9968 | VaAcc: 0.9678 | TeAcc: 0.9766
 S NN | TrAcc: 0.9963 | VaAcc: 0.9697 | TeAcc: 0.9771

205,  0 | TrAcc: 0.9963, TrLoss:  0.01782, VaAcc: 0.9658, VaLoss:  0.13761
 MAP NN | TrAcc: 0.9966 | VaAcc: 0.9668 | TeAcc: 0.9746
 S NN | TrAcc: 0.9967 | VaAcc: 0.9668 | TeAcc: 0.9722

206,  0 | TrAcc: 0.9967, TrLoss:  0.01801, VaAcc: 0.9688, VaLoss:  0.13655
 MAP NN | TrAcc: 0.9971 | VaAcc: 0.9663 | TeAcc: 0.9756
 S NN | TrAcc: 0.9969 | VaAcc: 0.9678 | TeAcc: 0.9731

207,  0 | TrAcc: 0.9974, TrLoss:  0.01714, VaAcc: 0.9663, VaLoss:  0.13621
 MAP NN | TrAcc: 0.9973 | VaAcc: 0.9668 | TeAcc: 0.9756
 S NN | TrAcc: 0.9967 | VaAcc: 0.9692 | TeAcc: 0.9761

208,  0 | TrAcc: 0.9963, TrLoss:  0.01653, VaAcc: 0.9688, VaLoss:  0.13689
 MAP NN | TrAcc: 0.9969 | VaAcc: 0.9683 | TeAcc: 0.9771
 S NN | TrAcc: 0.9968 | VaAcc: 0.9678 | TeAcc: 0.9775

209,  0 | TrAcc: 0.9969, TrLoss:  0.01699, VaAcc: 0.9707, VaLoss:  0.12481
 MAP NN | TrAcc: 0.9972 | VaAcc: 0.9717 | TeAcc: 0.9756
 S NN | TrAcc: 0.9969 | VaAcc: 0.9683 | TeAcc: 0.9746

210,  0 | TrAcc: 0.9966, TrLoss:  0.01733, VaAcc: 0.9683, VaLoss:  0.13622
 MAP NN | TrAcc: 0.9968 | VaAcc: 0.9702 | TeAcc: 0.9751
 S NN | TrAcc: 0.9968 | VaAcc: 0.9692 | TeAcc: 0.9746

211,  0 | TrAcc: 0.9966, TrLoss:  0.01733, VaAcc: 0.9697, VaLoss:  0.12791
 MAP NN | TrAcc: 0.9967 | VaAcc: 0.9663 | TeAcc: 0.9785
 S NN | TrAcc: 0.9967 | VaAcc: 0.9683 | TeAcc: 0.9780

212,  0 | TrAcc: 0.9957, TrLoss:  0.01934, VaAcc: 0.9707, VaLoss:  0.12527
 MAP NN | TrAcc: 0.9967 | VaAcc: 0.9697 | TeAcc: 0.9741
 S NN | TrAcc: 0.9965 | VaAcc: 0.9702 | TeAcc: 0.9731

213,  0 | TrAcc: 0.9961, TrLoss:  0.01856, VaAcc: 0.9683, VaLoss:  0.12835
 MAP NN | TrAcc: 0.9969 | VaAcc: 0.9683 | TeAcc: 0.9766
 S NN | TrAcc: 0.9968 | VaAcc: 0.9697 | TeAcc: 0.9771

214,  0 | TrAcc: 0.9957, TrLoss:  0.02011, VaAcc: 0.9668, VaLoss:  0.13067
 MAP NN | TrAcc: 0.9960 | VaAcc: 0.9697 | TeAcc: 0.9751
 S NN | TrAcc: 0.9956 | VaAcc: 0.9678 | TeAcc: 0.9731

215,  0 | TrAcc: 0.9960, TrLoss:  0.01842, VaAcc: 0.9673, VaLoss:  0.13394
 MAP NN | TrAcc: 0.9967 | VaAcc: 0.9692 | TeAcc: 0.9741
 S NN | TrAcc: 0.9965 | VaAcc: 0.9683 | TeAcc: 0.9751

216,  0 | TrAcc: 0.9948, TrLoss:  0.02163, VaAcc: 0.9668, VaLoss:  0.12940
 MAP NN | TrAcc: 0.9960 | VaAcc: 0.9688 | TeAcc: 0.9746
 S NN | TrAcc: 0.9960 | VaAcc: 0.9678 | TeAcc: 0.9746

217,  0 | TrAcc: 0.9961, TrLoss:  0.01899, VaAcc: 0.9683, VaLoss:  0.12670
 MAP NN | TrAcc: 0.9960 | VaAcc: 0.9727 | TeAcc: 0.9761
 S NN | TrAcc: 0.9961 | VaAcc: 0.9722 | TeAcc: 0.9756

218,  0 | TrAcc: 0.9961, TrLoss:  0.01847, VaAcc: 0.9673, VaLoss:  0.13527
 MAP NN | TrAcc: 0.9963 | VaAcc: 0.9648 | TeAcc: 0.9785
 S NN | TrAcc: 0.9967 | VaAcc: 0.9683 | TeAcc: 0.9761

219,  0 | TrAcc: 0.9962, TrLoss:  0.01893, VaAcc: 0.9683, VaLoss:  0.13775
 MAP NN | TrAcc: 0.9957 | VaAcc: 0.9673 | TeAcc: 0.9751
 S NN | TrAcc: 0.9961 | VaAcc: 0.9673 | TeAcc: 0.9761

220,  0 | TrAcc: 0.9950, TrLoss:  0.02000, VaAcc: 0.9673, VaLoss:  0.13471
 MAP NN | TrAcc: 0.9960 | VaAcc: 0.9673 | TeAcc: 0.9717
 S NN | TrAcc: 0.9958 | VaAcc: 0.9678 | TeAcc: 0.9692

221,  0 | TrAcc: 0.9960, TrLoss:  0.01874, VaAcc: 0.9688, VaLoss:  0.13238
 MAP NN | TrAcc: 0.9963 | VaAcc: 0.9678 | TeAcc: 0.9727
 S NN | TrAcc: 0.9961 | VaAcc: 0.9678 | TeAcc: 0.9727

222,  0 | TrAcc: 0.9962, TrLoss:  0.01902, VaAcc: 0.9702, VaLoss:  0.12913
 MAP NN | TrAcc: 0.9968 | VaAcc: 0.9692 | TeAcc: 0.9746
 S NN | TrAcc: 0.9965 | VaAcc: 0.9717 | TeAcc: 0.9746

223,  0 | TrAcc: 0.9961, TrLoss:  0.01798, VaAcc: 0.9653, VaLoss:  0.13197
 MAP NN | TrAcc: 0.9968 | VaAcc: 0.9688 | TeAcc: 0.9746
 S NN | TrAcc: 0.9971 | VaAcc: 0.9697 | TeAcc: 0.9751

224,  0 | TrAcc: 0.9941, TrLoss:  0.02224, VaAcc: 0.9668, VaLoss:  0.13421
 MAP NN | TrAcc: 0.9948 | VaAcc: 0.9688 | TeAcc: 0.9756
 S NN | TrAcc: 0.9960 | VaAcc: 0.9663 | TeAcc: 0.9741

225,  0 | TrAcc: 0.9955, TrLoss:  0.02074, VaAcc: 0.9707, VaLoss:  0.13081
 MAP NN | TrAcc: 0.9957 | VaAcc: 0.9688 | TeAcc: 0.9780
 S NN | TrAcc: 0.9957 | VaAcc: 0.9653 | TeAcc: 0.9766

226,  0 | TrAcc: 0.9961, TrLoss:  0.01950, VaAcc: 0.9673, VaLoss:  0.12925
 MAP NN | TrAcc: 0.9960 | VaAcc: 0.9678 | TeAcc: 0.9751
 S NN | TrAcc: 0.9957 | VaAcc: 0.9678 | TeAcc: 0.9761

227,  0 | TrAcc: 0.9956, TrLoss:  0.02019, VaAcc: 0.9683, VaLoss:  0.12564
 MAP NN | TrAcc: 0.9962 | VaAcc: 0.9683 | TeAcc: 0.9727
 S NN | TrAcc: 0.9955 | VaAcc: 0.9688 | TeAcc: 0.9741

228,  0 | TrAcc: 0.9956, TrLoss:  0.01866, VaAcc: 0.9658, VaLoss:  0.13139
 MAP NN | TrAcc: 0.9963 | VaAcc: 0.9688 | TeAcc: 0.9722
 S NN | TrAcc: 0.9957 | VaAcc: 0.9692 | TeAcc: 0.9712

229,  0 | TrAcc: 0.9948, TrLoss:  0.02240, VaAcc: 0.9673, VaLoss:  0.12724
 MAP NN | TrAcc: 0.9952 | VaAcc: 0.9692 | TeAcc: 0.9756
 S NN | TrAcc: 0.9949 | VaAcc: 0.9688 | TeAcc: 0.9751

230,  0 | TrAcc: 0.9966, TrLoss:  0.01904, VaAcc: 0.9678, VaLoss:  0.13672
 MAP NN | TrAcc: 0.9966 | VaAcc: 0.9678 | TeAcc: 0.9790
 S NN | TrAcc: 0.9957 | VaAcc: 0.9673 | TeAcc: 0.9771

231,  0 | TrAcc: 0.9939, TrLoss:  0.02619, VaAcc: 0.9653, VaLoss:  0.14270
 MAP NN | TrAcc: 0.9948 | VaAcc: 0.9653 | TeAcc: 0.9731
 S NN | TrAcc: 0.9944 | VaAcc: 0.9648 | TeAcc: 0.9717

232,  0 | TrAcc: 0.9938, TrLoss:  0.02359, VaAcc: 0.9663, VaLoss:  0.12955
 MAP NN | TrAcc: 0.9934 | VaAcc: 0.9688 | TeAcc: 0.9751
 S NN | TrAcc: 0.9937 | VaAcc: 0.9707 | TeAcc: 0.9741

233,  0 | TrAcc: 0.9930, TrLoss:  0.02511, VaAcc: 0.9678, VaLoss:  0.13505
 MAP NN | TrAcc: 0.9944 | VaAcc: 0.9663 | TeAcc: 0.9741
 S NN | TrAcc: 0.9939 | VaAcc: 0.9639 | TeAcc: 0.9736

234,  0 | TrAcc: 0.9934, TrLoss:  0.02418, VaAcc: 0.9644, VaLoss:  0.14827
 MAP NN | TrAcc: 0.9943 | VaAcc: 0.9653 | TeAcc: 0.9731
 S NN | TrAcc: 0.9940 | VaAcc: 0.9644 | TeAcc: 0.9751

235,  0 | TrAcc: 0.9954, TrLoss:  0.02114, VaAcc: 0.9678, VaLoss:  0.13711
 MAP NN | TrAcc: 0.9955 | VaAcc: 0.9678 | TeAcc: 0.9751
 S NN | TrAcc: 0.9949 | VaAcc: 0.9668 | TeAcc: 0.9746

236,  0 | TrAcc: 0.9955, TrLoss:  0.02060, VaAcc: 0.9712, VaLoss:  0.12823
 MAP NN | TrAcc: 0.9957 | VaAcc: 0.9692 | TeAcc: 0.9751
 S NN | TrAcc: 0.9961 | VaAcc: 0.9683 | TeAcc: 0.9746

237,  0 | TrAcc: 0.9952, TrLoss:  0.02088, VaAcc: 0.9668, VaLoss:  0.13526
 MAP NN | TrAcc: 0.9952 | VaAcc: 0.9683 | TeAcc: 0.9736
 S NN | TrAcc: 0.9952 | VaAcc: 0.9673 | TeAcc: 0.9722

238,  0 | TrAcc: 0.9945, TrLoss:  0.02117, VaAcc: 0.9673, VaLoss:  0.13241
 MAP NN | TrAcc: 0.9960 | VaAcc: 0.9678 | TeAcc: 0.9756
 S NN | TrAcc: 0.9951 | VaAcc: 0.9678 | TeAcc: 0.9722

239,  0 | TrAcc: 0.9951, TrLoss:  0.02200, VaAcc: 0.9668, VaLoss:  0.13715
 MAP NN | TrAcc: 0.9955 | VaAcc: 0.9678 | TeAcc: 0.9741
 S NN | TrAcc: 0.9946 | VaAcc: 0.9678 | TeAcc: 0.9736

240,  0 | TrAcc: 0.9957, TrLoss:  0.02042, VaAcc: 0.9663, VaLoss:  0.13839
 MAP NN | TrAcc: 0.9956 | VaAcc: 0.9668 | TeAcc: 0.9731
 S NN | TrAcc: 0.9952 | VaAcc: 0.9688 | TeAcc: 0.9731

241,  0 | TrAcc: 0.9948, TrLoss:  0.02256, VaAcc: 0.9673, VaLoss:  0.12797
 MAP NN | TrAcc: 0.9950 | VaAcc: 0.9712 | TeAcc: 0.9731
 S NN | TrAcc: 0.9950 | VaAcc: 0.9707 | TeAcc: 0.9731

242,  0 | TrAcc: 0.9945, TrLoss:  0.02312, VaAcc: 0.9668, VaLoss:  0.14236
 MAP NN | TrAcc: 0.9938 | VaAcc: 0.9658 | TeAcc: 0.9756
 S NN | TrAcc: 0.9940 | VaAcc: 0.9639 | TeAcc: 0.9746

243,  0 | TrAcc: 0.9944, TrLoss:  0.02323, VaAcc: 0.9688, VaLoss:  0.12745
 MAP NN | TrAcc: 0.9956 | VaAcc: 0.9683 | TeAcc: 0.9731
 S NN | TrAcc: 0.9950 | VaAcc: 0.9692 | TeAcc: 0.9722

244,  0 | TrAcc: 0.9960, TrLoss:  0.01822, VaAcc: 0.9668, VaLoss:  0.13430
 MAP NN | TrAcc: 0.9958 | VaAcc: 0.9653 | TeAcc: 0.9736
 S NN | TrAcc: 0.9961 | VaAcc: 0.9668 | TeAcc: 0.9736

245,  0 | TrAcc: 0.9954, TrLoss:  0.02117, VaAcc: 0.9663, VaLoss:  0.14025
 MAP NN | TrAcc: 0.9963 | VaAcc: 0.9653 | TeAcc: 0.9741
 S NN | TrAcc: 0.9960 | VaAcc: 0.9658 | TeAcc: 0.9761

246,  0 | TrAcc: 0.9930, TrLoss:  0.02745, VaAcc: 0.9668, VaLoss:  0.14680
 MAP NN | TrAcc: 0.9939 | VaAcc: 0.9692 | TeAcc: 0.9751
 S NN | TrAcc: 0.9934 | VaAcc: 0.9688 | TeAcc: 0.9746

247,  0 | TrAcc: 0.9933, TrLoss:  0.02386, VaAcc: 0.9697, VaLoss:  0.12600
 MAP NN | TrAcc: 0.9937 | VaAcc: 0.9702 | TeAcc: 0.9746
 S NN | TrAcc: 0.9932 | VaAcc: 0.9683 | TeAcc: 0.9751

248,  0 | TrAcc: 0.9952, TrLoss:  0.01999, VaAcc: 0.9688, VaLoss:  0.12700
 MAP NN | TrAcc: 0.9958 | VaAcc: 0.9697 | TeAcc: 0.9775
 S NN | TrAcc: 0.9960 | VaAcc: 0.9702 | TeAcc: 0.9766

249,  0 | TrAcc: 0.9956, TrLoss:  0.02036, VaAcc: 0.9663, VaLoss:  0.14461
 MAP NN | TrAcc: 0.9956 | VaAcc: 0.9653 | TeAcc: 0.9717
 S NN | TrAcc: 0.9952 | VaAcc: 0.9648 | TeAcc: 0.9702

250,  0 | TrAcc: 0.9957, TrLoss:  0.01802, VaAcc: 0.9678, VaLoss:  0.12763
 MAP NN | TrAcc: 0.9969 | VaAcc: 0.9668 | TeAcc: 0.9736
 S NN | TrAcc: 0.9962 | VaAcc: 0.9688 | TeAcc: 0.9736

251,  0 | TrAcc: 0.9967, TrLoss:  0.01728, VaAcc: 0.9663, VaLoss:  0.13297
 MAP NN | TrAcc: 0.9961 | VaAcc: 0.9688 | TeAcc: 0.9746
 S NN | TrAcc: 0.9960 | VaAcc: 0.9678 | TeAcc: 0.9766

252,  0 | TrAcc: 0.9966, TrLoss:  0.01754, VaAcc: 0.9673, VaLoss:  0.13421
 MAP NN | TrAcc: 0.9968 | VaAcc: 0.9658 | TeAcc: 0.9736
 S NN | TrAcc: 0.9968 | VaAcc: 0.9663 | TeAcc: 0.9727

253,  0 | TrAcc: 0.9960, TrLoss:  0.01839, VaAcc: 0.9673, VaLoss:  0.13600
 MAP NN | TrAcc: 0.9966 | VaAcc: 0.9678 | TeAcc: 0.9756
 S NN | TrAcc: 0.9967 | VaAcc: 0.9648 | TeAcc: 0.9756

254,  0 | TrAcc: 0.9962, TrLoss:  0.01670, VaAcc: 0.9692, VaLoss:  0.12937
 MAP NN | TrAcc: 0.9967 | VaAcc: 0.9697 | TeAcc: 0.9736
 S NN | TrAcc: 0.9967 | VaAcc: 0.9712 | TeAcc: 0.9746

255,  0 | TrAcc: 0.9960, TrLoss:  0.01705, VaAcc: 0.9683, VaLoss:  0.12925
 MAP NN | TrAcc: 0.9967 | VaAcc: 0.9673 | TeAcc: 0.9761
 S NN | TrAcc: 0.9962 | VaAcc: 0.9668 | TeAcc: 0.9741

256,  0 | TrAcc: 0.9968, TrLoss:  0.01829, VaAcc: 0.9688, VaLoss:  0.13323
 MAP NN | TrAcc: 0.9967 | VaAcc: 0.9683 | TeAcc: 0.9756
 S NN | TrAcc: 0.9968 | VaAcc: 0.9688 | TeAcc: 0.9727

257,  0 | TrAcc: 0.9954, TrLoss:  0.01921, VaAcc: 0.9648, VaLoss:  0.12870
 MAP NN | TrAcc: 0.9965 | VaAcc: 0.9653 | TeAcc: 0.9746
 S NN | TrAcc: 0.9957 | VaAcc: 0.9683 | TeAcc: 0.9727

258,  0 | TrAcc: 0.9962, TrLoss:  0.01643, VaAcc: 0.9673, VaLoss:  0.13742
 MAP NN | TrAcc: 0.9968 | VaAcc: 0.9697 | TeAcc: 0.9746
 S NN | TrAcc: 0.9969 | VaAcc: 0.9697 | TeAcc: 0.9751

259,  0 | TrAcc: 0.9963, TrLoss:  0.01714, VaAcc: 0.9663, VaLoss:  0.13022
 MAP NN | TrAcc: 0.9968 | VaAcc: 0.9663 | TeAcc: 0.9746
 S NN | TrAcc: 0.9974 | VaAcc: 0.9678 | TeAcc: 0.9751

260,  0 | TrAcc: 0.9952, TrLoss:  0.01958, VaAcc: 0.9644, VaLoss:  0.13481
 MAP NN | TrAcc: 0.9960 | VaAcc: 0.9634 | TeAcc: 0.9731
 S NN | TrAcc: 0.9957 | VaAcc: 0.9648 | TeAcc: 0.9731

261,  0 | TrAcc: 0.9823, TrLoss:  0.05890, VaAcc: 0.9541, VaLoss:  0.18430
 MAP NN | TrAcc: 0.9834 | VaAcc: 0.9546 | TeAcc: 0.9619
 S NN | TrAcc: 0.9832 | VaAcc: 0.9536 | TeAcc: 0.9600

262,  0 | TrAcc: 0.9857, TrLoss:  0.04631, VaAcc: 0.9658, VaLoss:  0.14082
 MAP NN | TrAcc: 0.9862 | VaAcc: 0.9648 | TeAcc: 0.9707
 S NN | TrAcc: 0.9850 | VaAcc: 0.9639 | TeAcc: 0.9712

263,  0 | TrAcc: 0.9911, TrLoss:  0.03367, VaAcc: 0.9678, VaLoss:  0.12818
 MAP NN | TrAcc: 0.9918 | VaAcc: 0.9692 | TeAcc: 0.9766
 S NN | TrAcc: 0.9915 | VaAcc: 0.9692 | TeAcc: 0.9756

264,  0 | TrAcc: 0.9917, TrLoss:  0.02866, VaAcc: 0.9653, VaLoss:  0.12804
 MAP NN | TrAcc: 0.9926 | VaAcc: 0.9653 | TeAcc: 0.9766
 S NN | TrAcc: 0.9924 | VaAcc: 0.9653 | TeAcc: 0.9751

265,  0 | TrAcc: 0.9926, TrLoss:  0.02805, VaAcc: 0.9629, VaLoss:  0.14045
 MAP NN | TrAcc: 0.9922 | VaAcc: 0.9644 | TeAcc: 0.9771
 S NN | TrAcc: 0.9915 | VaAcc: 0.9663 | TeAcc: 0.9766

266,  0 | TrAcc: 0.9930, TrLoss:  0.02573, VaAcc: 0.9668, VaLoss:  0.14032
 MAP NN | TrAcc: 0.9939 | VaAcc: 0.9663 | TeAcc: 0.9746
 S NN | TrAcc: 0.9941 | VaAcc: 0.9629 | TeAcc: 0.9727

267,  0 | TrAcc: 0.9911, TrLoss:  0.03253, VaAcc: 0.9678, VaLoss:  0.14186
 MAP NN | TrAcc: 0.9919 | VaAcc: 0.9648 | TeAcc: 0.9736
 S NN | TrAcc: 0.9908 | VaAcc: 0.9653 | TeAcc: 0.9731

268,  0 | TrAcc: 0.9929, TrLoss:  0.02955, VaAcc: 0.9658, VaLoss:  0.14011
 MAP NN | TrAcc: 0.9918 | VaAcc: 0.9673 | TeAcc: 0.9727
 S NN | TrAcc: 0.9917 | VaAcc: 0.9653 | TeAcc: 0.9727

269,  0 | TrAcc: 0.9915, TrLoss:  0.02954, VaAcc: 0.9697, VaLoss:  0.13097
 MAP NN | TrAcc: 0.9918 | VaAcc: 0.9692 | TeAcc: 0.9751
 S NN | TrAcc: 0.9924 | VaAcc: 0.9697 | TeAcc: 0.9756

270,  0 | TrAcc: 0.9921, TrLoss:  0.03173, VaAcc: 0.9648, VaLoss:  0.14589
 MAP NN | TrAcc: 0.9924 | VaAcc: 0.9658 | TeAcc: 0.9731
 S NN | TrAcc: 0.9924 | VaAcc: 0.9639 | TeAcc: 0.9712

271,  0 | TrAcc: 0.9915, TrLoss:  0.03096, VaAcc: 0.9692, VaLoss:  0.12981
 MAP NN | TrAcc: 0.9921 | VaAcc: 0.9692 | TeAcc: 0.9756
 S NN | TrAcc: 0.9923 | VaAcc: 0.9692 | TeAcc: 0.9766

272,  0 | TrAcc: 0.9932, TrLoss:  0.02624, VaAcc: 0.9683, VaLoss:  0.13103
 MAP NN | TrAcc: 0.9933 | VaAcc: 0.9663 | TeAcc: 0.9761
 S NN | TrAcc: 0.9933 | VaAcc: 0.9648 | TeAcc: 0.9751

273,  0 | TrAcc: 0.9935, TrLoss:  0.02549, VaAcc: 0.9624, VaLoss:  0.14538
 MAP NN | TrAcc: 0.9938 | VaAcc: 0.9604 | TeAcc: 0.9766
 S NN | TrAcc: 0.9927 | VaAcc: 0.9604 | TeAcc: 0.9771

274,  0 | TrAcc: 0.9940, TrLoss:  0.02492, VaAcc: 0.9683, VaLoss:  0.12481
 MAP NN | TrAcc: 0.9943 | VaAcc: 0.9697 | TeAcc: 0.9736
 S NN | TrAcc: 0.9935 | VaAcc: 0.9697 | TeAcc: 0.9746

275,  0 | TrAcc: 0.9934, TrLoss:  0.02319, VaAcc: 0.9678, VaLoss:  0.13664
 MAP NN | TrAcc: 0.9946 | VaAcc: 0.9688 | TeAcc: 0.9756
 S NN | TrAcc: 0.9944 | VaAcc: 0.9668 | TeAcc: 0.9741

276,  0 | TrAcc: 0.9949, TrLoss:  0.02226, VaAcc: 0.9673, VaLoss:  0.13324
 MAP NN | TrAcc: 0.9954 | VaAcc: 0.9688 | TeAcc: 0.9766
 S NN | TrAcc: 0.9956 | VaAcc: 0.9688 | TeAcc: 0.9761

277,  0 | TrAcc: 0.9967, TrLoss:  0.01830, VaAcc: 0.9678, VaLoss:  0.13629
 MAP NN | TrAcc: 0.9965 | VaAcc: 0.9678 | TeAcc: 0.9741
 S NN | TrAcc: 0.9958 | VaAcc: 0.9683 | TeAcc: 0.9751

278,  0 | TrAcc: 0.9933, TrLoss:  0.02255, VaAcc: 0.9702, VaLoss:  0.13853
 MAP NN | TrAcc: 0.9951 | VaAcc: 0.9697 | TeAcc: 0.9761
 S NN | TrAcc: 0.9950 | VaAcc: 0.9702 | TeAcc: 0.9766

279,  0 | TrAcc: 0.9958, TrLoss:  0.02028, VaAcc: 0.9692, VaLoss:  0.12466
 MAP NN | TrAcc: 0.9967 | VaAcc: 0.9683 | TeAcc: 0.9746
 S NN | TrAcc: 0.9966 | VaAcc: 0.9692 | TeAcc: 0.9741

280,  0 | TrAcc: 0.9951, TrLoss:  0.01884, VaAcc: 0.9668, VaLoss:  0.13995
 MAP NN | TrAcc: 0.9958 | VaAcc: 0.9658 | TeAcc: 0.9775
 S NN | TrAcc: 0.9957 | VaAcc: 0.9668 | TeAcc: 0.9741

281,  0 | TrAcc: 0.9969, TrLoss:  0.01565, VaAcc: 0.9683, VaLoss:  0.12962
 MAP NN | TrAcc: 0.9972 | VaAcc: 0.9673 | TeAcc: 0.9741
 S NN | TrAcc: 0.9969 | VaAcc: 0.9668 | TeAcc: 0.9756

282,  0 | TrAcc: 0.9969, TrLoss:  0.01618, VaAcc: 0.9658, VaLoss:  0.13431
 MAP NN | TrAcc: 0.9973 | VaAcc: 0.9673 | TeAcc: 0.9736
 S NN | TrAcc: 0.9968 | VaAcc: 0.9668 | TeAcc: 0.9727

283,  0 | TrAcc: 0.9969, TrLoss:  0.01626, VaAcc: 0.9678, VaLoss:  0.12984
 MAP NN | TrAcc: 0.9966 | VaAcc: 0.9673 | TeAcc: 0.9741
 S NN | TrAcc: 0.9971 | VaAcc: 0.9673 | TeAcc: 0.9736

284,  0 | TrAcc: 0.9978, TrLoss:  0.01460, VaAcc: 0.9688, VaLoss:  0.12235
 MAP NN | TrAcc: 0.9977 | VaAcc: 0.9688 | TeAcc: 0.9717
 S NN | TrAcc: 0.9977 | VaAcc: 0.9683 | TeAcc: 0.9731

285,  0 | TrAcc: 0.9968, TrLoss:  0.01447, VaAcc: 0.9692, VaLoss:  0.13433
 MAP NN | TrAcc: 0.9976 | VaAcc: 0.9678 | TeAcc: 0.9761
 S NN | TrAcc: 0.9974 | VaAcc: 0.9668 | TeAcc: 0.9771

286,  0 | TrAcc: 0.9977, TrLoss:  0.01362, VaAcc: 0.9707, VaLoss:  0.11826
 MAP NN | TrAcc: 0.9974 | VaAcc: 0.9741 | TeAcc: 0.9751
 S NN | TrAcc: 0.9977 | VaAcc: 0.9717 | TeAcc: 0.9761

287,  0 | TrAcc: 0.9971, TrLoss:  0.01502, VaAcc: 0.9668, VaLoss:  0.13019
 MAP NN | TrAcc: 0.9976 | VaAcc: 0.9678 | TeAcc: 0.9751
 S NN | TrAcc: 0.9977 | VaAcc: 0.9658 | TeAcc: 0.9741

288,  0 | TrAcc: 0.9967, TrLoss:  0.01600, VaAcc: 0.9683, VaLoss:  0.12950
 MAP NN | TrAcc: 0.9971 | VaAcc: 0.9692 | TeAcc: 0.9756
 S NN | TrAcc: 0.9974 | VaAcc: 0.9717 | TeAcc: 0.9756

289,  0 | TrAcc: 0.9973, TrLoss:  0.01476, VaAcc: 0.9697, VaLoss:  0.13188
 MAP NN | TrAcc: 0.9969 | VaAcc: 0.9692 | TeAcc: 0.9717
 S NN | TrAcc: 0.9971 | VaAcc: 0.9707 | TeAcc: 0.9707

290,  0 | TrAcc: 0.9966, TrLoss:  0.01591, VaAcc: 0.9673, VaLoss:  0.13263
 MAP NN | TrAcc: 0.9969 | VaAcc: 0.9668 | TeAcc: 0.9731
 S NN | TrAcc: 0.9971 | VaAcc: 0.9663 | TeAcc: 0.9736

291,  0 | TrAcc: 0.9965, TrLoss:  0.01674, VaAcc: 0.9697, VaLoss:  0.12941
 MAP NN | TrAcc: 0.9974 | VaAcc: 0.9688 | TeAcc: 0.9736
 S NN | TrAcc: 0.9971 | VaAcc: 0.9678 | TeAcc: 0.9727

292,  0 | TrAcc: 0.9961, TrLoss:  0.01677, VaAcc: 0.9707, VaLoss:  0.13293
 MAP NN | TrAcc: 0.9961 | VaAcc: 0.9683 | TeAcc: 0.9761
 S NN | TrAcc: 0.9960 | VaAcc: 0.9678 | TeAcc: 0.9771

293,  0 | TrAcc: 0.9949, TrLoss:  0.02013, VaAcc: 0.9658, VaLoss:  0.13645
 MAP NN | TrAcc: 0.9954 | VaAcc: 0.9639 | TeAcc: 0.9717
 S NN | TrAcc: 0.9950 | VaAcc: 0.9644 | TeAcc: 0.9722

294,  0 | TrAcc: 0.9951, TrLoss:  0.01913, VaAcc: 0.9678, VaLoss:  0.13432
 MAP NN | TrAcc: 0.9951 | VaAcc: 0.9688 | TeAcc: 0.9746
 S NN | TrAcc: 0.9957 | VaAcc: 0.9673 | TeAcc: 0.9736

295,  0 | TrAcc: 0.9958, TrLoss:  0.01858, VaAcc: 0.9692, VaLoss:  0.13192
 MAP NN | TrAcc: 0.9962 | VaAcc: 0.9697 | TeAcc: 0.9741
 S NN | TrAcc: 0.9963 | VaAcc: 0.9692 | TeAcc: 0.9756

296,  0 | TrAcc: 0.9954, TrLoss:  0.01997, VaAcc: 0.9678, VaLoss:  0.13599
 MAP NN | TrAcc: 0.9952 | VaAcc: 0.9644 | TeAcc: 0.9717
 S NN | TrAcc: 0.9951 | VaAcc: 0.9648 | TeAcc: 0.9727

297,  0 | TrAcc: 0.9955, TrLoss:  0.01996, VaAcc: 0.9644, VaLoss:  0.13325
 MAP NN | TrAcc: 0.9949 | VaAcc: 0.9658 | TeAcc: 0.9731
 S NN | TrAcc: 0.9952 | VaAcc: 0.9629 | TeAcc: 0.9727

298,  0 | TrAcc: 0.9952, TrLoss:  0.01985, VaAcc: 0.9678, VaLoss:  0.13281
 MAP NN | TrAcc: 0.9952 | VaAcc: 0.9688 | TeAcc: 0.9731
 S NN | TrAcc: 0.9958 | VaAcc: 0.9707 | TeAcc: 0.9756

299,  0 | TrAcc: 0.9951, TrLoss:  0.02021, VaAcc: 0.9692, VaLoss:  0.13078
 MAP NN | TrAcc: 0.9958 | VaAcc: 0.9663 | TeAcc: 0.9741
 S NN | TrAcc: 0.9946 | VaAcc: 0.9688 | TeAcc: 0.9761

300,  0 | TrAcc: 0.9951, TrLoss:  0.02001, VaAcc: 0.9668, VaLoss:  0.14735
 MAP NN | TrAcc: 0.9956 | VaAcc: 0.9673 | TeAcc: 0.9775
 S NN | TrAcc: 0.9954 | VaAcc: 0.9653 | TeAcc: 0.9761

301,  0 | TrAcc: 0.9963, TrLoss:  0.01750, VaAcc: 0.9683, VaLoss:  0.12902
 MAP NN | TrAcc: 0.9965 | VaAcc: 0.9702 | TeAcc: 0.9736
 S NN | TrAcc: 0.9973 | VaAcc: 0.9668 | TeAcc: 0.9736

302,  0 | TrAcc: 0.9960, TrLoss:  0.01933, VaAcc: 0.9702, VaLoss:  0.13103
 MAP NN | TrAcc: 0.9963 | VaAcc: 0.9717 | TeAcc: 0.9736
 S NN | TrAcc: 0.9960 | VaAcc: 0.9707 | TeAcc: 0.9731

303,  0 | TrAcc: 0.9967, TrLoss:  0.01819, VaAcc: 0.9673, VaLoss:  0.13339
 MAP NN | TrAcc: 0.9967 | VaAcc: 0.9678 | TeAcc: 0.9746
 S NN | TrAcc: 0.9972 | VaAcc: 0.9673 | TeAcc: 0.9731

304,  0 | TrAcc: 0.9972, TrLoss:  0.01479, VaAcc: 0.9658, VaLoss:  0.13170
 MAP NN | TrAcc: 0.9971 | VaAcc: 0.9707 | TeAcc: 0.9736
 S NN | TrAcc: 0.9971 | VaAcc: 0.9688 | TeAcc: 0.9736

305,  0 | TrAcc: 0.9966, TrLoss:  0.01656, VaAcc: 0.9692, VaLoss:  0.12274
 MAP NN | TrAcc: 0.9967 | VaAcc: 0.9707 | TeAcc: 0.9746
 S NN | TrAcc: 0.9965 | VaAcc: 0.9697 | TeAcc: 0.9756

306,  0 | TrAcc: 0.9968, TrLoss:  0.01622, VaAcc: 0.9663, VaLoss:  0.12856
 MAP NN | TrAcc: 0.9971 | VaAcc: 0.9668 | TeAcc: 0.9727
 S NN | TrAcc: 0.9969 | VaAcc: 0.9663 | TeAcc: 0.9736

307,  0 | TrAcc: 0.9962, TrLoss:  0.01591, VaAcc: 0.9702, VaLoss:  0.12854
 MAP NN | TrAcc: 0.9958 | VaAcc: 0.9697 | TeAcc: 0.9756
 S NN | TrAcc: 0.9961 | VaAcc: 0.9702 | TeAcc: 0.9751

308,  0 | TrAcc: 0.9960, TrLoss:  0.01664, VaAcc: 0.9678, VaLoss:  0.12839
 MAP NN | TrAcc: 0.9966 | VaAcc: 0.9697 | TeAcc: 0.9746
 S NN | TrAcc: 0.9967 | VaAcc: 0.9692 | TeAcc: 0.9741

309,  0 | TrAcc: 0.9968, TrLoss:  0.01468, VaAcc: 0.9678, VaLoss:  0.12971
 MAP NN | TrAcc: 0.9972 | VaAcc: 0.9678 | TeAcc: 0.9727
 S NN | TrAcc: 0.9974 | VaAcc: 0.9692 | TeAcc: 0.9731

310,  0 | TrAcc: 0.9967, TrLoss:  0.01750, VaAcc: 0.9678, VaLoss:  0.13928
 MAP NN | TrAcc: 0.9966 | VaAcc: 0.9688 | TeAcc: 0.9756
 S NN | TrAcc: 0.9969 | VaAcc: 0.9683 | TeAcc: 0.9751

311,  0 | TrAcc: 0.9968, TrLoss:  0.01478, VaAcc: 0.9717, VaLoss:  0.12661
 MAP NN | TrAcc: 0.9968 | VaAcc: 0.9712 | TeAcc: 0.9756
 S NN | TrAcc: 0.9967 | VaAcc: 0.9707 | TeAcc: 0.9756

312,  0 | TrAcc: 0.9969, TrLoss:  0.01433, VaAcc: 0.9697, VaLoss:  0.12533
 MAP NN | TrAcc: 0.9976 | VaAcc: 0.9683 | TeAcc: 0.9751
 S NN | TrAcc: 0.9977 | VaAcc: 0.9678 | TeAcc: 0.9761

313,  0 | TrAcc: 0.9963, TrLoss:  0.01607, VaAcc: 0.9673, VaLoss:  0.13038
 MAP NN | TrAcc: 0.9966 | VaAcc: 0.9668 | TeAcc: 0.9746
 S NN | TrAcc: 0.9965 | VaAcc: 0.9688 | TeAcc: 0.9756

314,  0 | TrAcc: 0.9972, TrLoss:  0.01583, VaAcc: 0.9678, VaLoss:  0.12859
 MAP NN | TrAcc: 0.9968 | VaAcc: 0.9678 | TeAcc: 0.9741
 S NN | TrAcc: 0.9968 | VaAcc: 0.9688 | TeAcc: 0.9727

315,  0 | TrAcc: 0.9979, TrLoss:  0.01390, VaAcc: 0.9683, VaLoss:  0.12951
 MAP NN | TrAcc: 0.9980 | VaAcc: 0.9678 | TeAcc: 0.9756
 S NN | TrAcc: 0.9982 | VaAcc: 0.9683 | TeAcc: 0.9741

316,  0 | TrAcc: 0.9965, TrLoss:  0.01640, VaAcc: 0.9683, VaLoss:  0.13500
 MAP NN | TrAcc: 0.9969 | VaAcc: 0.9683 | TeAcc: 0.9756
 S NN | TrAcc: 0.9973 | VaAcc: 0.9692 | TeAcc: 0.9741

317,  0 | TrAcc: 0.9961, TrLoss:  0.01688, VaAcc: 0.9683, VaLoss:  0.13319
 MAP NN | TrAcc: 0.9967 | VaAcc: 0.9673 | TeAcc: 0.9731
 S NN | TrAcc: 0.9966 | VaAcc: 0.9683 | TeAcc: 0.9722

318,  0 | TrAcc: 0.9950, TrLoss:  0.02156, VaAcc: 0.9648, VaLoss:  0.13720
 MAP NN | TrAcc: 0.9952 | VaAcc: 0.9653 | TeAcc: 0.9707
 S NN | TrAcc: 0.9943 | VaAcc: 0.9639 | TeAcc: 0.9712

319,  0 | TrAcc: 0.9952, TrLoss:  0.01949, VaAcc: 0.9688, VaLoss:  0.12581
 MAP NN | TrAcc: 0.9956 | VaAcc: 0.9653 | TeAcc: 0.9727
 S NN | TrAcc: 0.9951 | VaAcc: 0.9663 | TeAcc: 0.9736

320,  0 | TrAcc: 0.9952, TrLoss:  0.02105, VaAcc: 0.9688, VaLoss:  0.13040
 MAP NN | TrAcc: 0.9955 | VaAcc: 0.9668 | TeAcc: 0.9751
 S NN | TrAcc: 0.9952 | VaAcc: 0.9653 | TeAcc: 0.9746

321,  0 | TrAcc: 0.9941, TrLoss:  0.02037, VaAcc: 0.9634, VaLoss:  0.15402
 MAP NN | TrAcc: 0.9949 | VaAcc: 0.9634 | TeAcc: 0.9746
 S NN | TrAcc: 0.9945 | VaAcc: 0.9624 | TeAcc: 0.9741

322,  0 | TrAcc: 0.9938, TrLoss:  0.02502, VaAcc: 0.9683, VaLoss:  0.12895
 MAP NN | TrAcc: 0.9937 | VaAcc: 0.9658 | TeAcc: 0.9761
 S NN | TrAcc: 0.9929 | VaAcc: 0.9678 | TeAcc: 0.9741

323,  0 | TrAcc: 0.9944, TrLoss:  0.02269, VaAcc: 0.9663, VaLoss:  0.13419
 MAP NN | TrAcc: 0.9945 | VaAcc: 0.9678 | TeAcc: 0.9741
 S NN | TrAcc: 0.9948 | VaAcc: 0.9663 | TeAcc: 0.9756

324,  0 | TrAcc: 0.9939, TrLoss:  0.02535, VaAcc: 0.9604, VaLoss:  0.15308
 MAP NN | TrAcc: 0.9935 | VaAcc: 0.9609 | TeAcc: 0.9702
 S NN | TrAcc: 0.9938 | VaAcc: 0.9600 | TeAcc: 0.9722

325,  0 | TrAcc: 0.9900, TrLoss:  0.03185, VaAcc: 0.9644, VaLoss:  0.14865
 MAP NN | TrAcc: 0.9907 | VaAcc: 0.9639 | TeAcc: 0.9702
 S NN | TrAcc: 0.9912 | VaAcc: 0.9653 | TeAcc: 0.9702

326,  0 | TrAcc: 0.9894, TrLoss:  0.03329, VaAcc: 0.9707, VaLoss:  0.12598
 MAP NN | TrAcc: 0.9907 | VaAcc: 0.9692 | TeAcc: 0.9775
 S NN | TrAcc: 0.9907 | VaAcc: 0.9702 | TeAcc: 0.9771

327,  0 | TrAcc: 0.9939, TrLoss:  0.02361, VaAcc: 0.9678, VaLoss:  0.13535
 MAP NN | TrAcc: 0.9939 | VaAcc: 0.9702 | TeAcc: 0.9761
 S NN | TrAcc: 0.9941 | VaAcc: 0.9688 | TeAcc: 0.9751

328,  0 | TrAcc: 0.9949, TrLoss:  0.02126, VaAcc: 0.9663, VaLoss:  0.14552
 MAP NN | TrAcc: 0.9952 | VaAcc: 0.9673 | TeAcc: 0.9741
 S NN | TrAcc: 0.9958 | VaAcc: 0.9673 | TeAcc: 0.9741

329,  0 | TrAcc: 0.9910, TrLoss:  0.03149, VaAcc: 0.9683, VaLoss:  0.13760
 MAP NN | TrAcc: 0.9912 | VaAcc: 0.9668 | TeAcc: 0.9712
 S NN | TrAcc: 0.9915 | VaAcc: 0.9663 | TeAcc: 0.9702

330,  0 | TrAcc: 0.9879, TrLoss:  0.04208, VaAcc: 0.9639, VaLoss:  0.14807
 MAP NN | TrAcc: 0.9884 | VaAcc: 0.9653 | TeAcc: 0.9692
 S NN | TrAcc: 0.9884 | VaAcc: 0.9648 | TeAcc: 0.9673

331,  0 | TrAcc: 0.9893, TrLoss:  0.03649, VaAcc: 0.9658, VaLoss:  0.15173
 MAP NN | TrAcc: 0.9902 | VaAcc: 0.9658 | TeAcc: 0.9746
 S NN | TrAcc: 0.9900 | VaAcc: 0.9663 | TeAcc: 0.9736

332,  0 | TrAcc: 0.9913, TrLoss:  0.03262, VaAcc: 0.9663, VaLoss:  0.14931
 MAP NN | TrAcc: 0.9911 | VaAcc: 0.9644 | TeAcc: 0.9751
 S NN | TrAcc: 0.9910 | VaAcc: 0.9639 | TeAcc: 0.9771

333,  0 | TrAcc: 0.9821, TrLoss:  0.05789, VaAcc: 0.9570, VaLoss:  0.17437
 MAP NN | TrAcc: 0.9834 | VaAcc: 0.9580 | TeAcc: 0.9702
 S NN | TrAcc: 0.9839 | VaAcc: 0.9575 | TeAcc: 0.9692

334,  0 | TrAcc: 0.9813, TrLoss:  0.06232, VaAcc: 0.9556, VaLoss:  0.17710
 MAP NN | TrAcc: 0.9812 | VaAcc: 0.9556 | TeAcc: 0.9663
 S NN | TrAcc: 0.9817 | VaAcc: 0.9551 | TeAcc: 0.9668

335,  0 | TrAcc: 0.9828, TrLoss:  0.05566, VaAcc: 0.9556, VaLoss:  0.16750
 MAP NN | TrAcc: 0.9832 | VaAcc: 0.9561 | TeAcc: 0.9648
 S NN | TrAcc: 0.9825 | VaAcc: 0.9556 | TeAcc: 0.9653

336,  0 | TrAcc: 0.9856, TrLoss:  0.04666, VaAcc: 0.9629, VaLoss:  0.14674
 MAP NN | TrAcc: 0.9871 | VaAcc: 0.9634 | TeAcc: 0.9673
 S NN | TrAcc: 0.9865 | VaAcc: 0.9619 | TeAcc: 0.9678

337,  0 | TrAcc: 0.9850, TrLoss:  0.04985, VaAcc: 0.9644, VaLoss:  0.14350
 MAP NN | TrAcc: 0.9871 | VaAcc: 0.9614 | TeAcc: 0.9712
 S NN | TrAcc: 0.9868 | VaAcc: 0.9629 | TeAcc: 0.9717

338,  0 | TrAcc: 0.9893, TrLoss:  0.03715, VaAcc: 0.9624, VaLoss:  0.14986
 MAP NN | TrAcc: 0.9889 | VaAcc: 0.9634 | TeAcc: 0.9727
 S NN | TrAcc: 0.9886 | VaAcc: 0.9634 | TeAcc: 0.9722

339,  0 | TrAcc: 0.9889, TrLoss:  0.03698, VaAcc: 0.9614, VaLoss:  0.16563
 MAP NN | TrAcc: 0.9889 | VaAcc: 0.9604 | TeAcc: 0.9648
 S NN | TrAcc: 0.9880 | VaAcc: 0.9595 | TeAcc: 0.9644

340,  0 | TrAcc: 0.9904, TrLoss:  0.03508, VaAcc: 0.9614, VaLoss:  0.14268
 MAP NN | TrAcc: 0.9904 | VaAcc: 0.9619 | TeAcc: 0.9707
 S NN | TrAcc: 0.9900 | VaAcc: 0.9614 | TeAcc: 0.9722

341,  0 | TrAcc: 0.9939, TrLoss:  0.02491, VaAcc: 0.9692, VaLoss:  0.14415
 MAP NN | TrAcc: 0.9943 | VaAcc: 0.9688 | TeAcc: 0.9697
 S NN | TrAcc: 0.9933 | VaAcc: 0.9688 | TeAcc: 0.9707

342,  0 | TrAcc: 0.9961, TrLoss:  0.01980, VaAcc: 0.9644, VaLoss:  0.14011
 MAP NN | TrAcc: 0.9960 | VaAcc: 0.9658 | TeAcc: 0.9746
 S NN | TrAcc: 0.9960 | VaAcc: 0.9648 | TeAcc: 0.9727

343,  0 | TrAcc: 0.9960, TrLoss:  0.02043, VaAcc: 0.9668, VaLoss:  0.12871
 MAP NN | TrAcc: 0.9957 | VaAcc: 0.9688 | TeAcc: 0.9731
 S NN | TrAcc: 0.9955 | VaAcc: 0.9688 | TeAcc: 0.9736

344,  0 | TrAcc: 0.9962, TrLoss:  0.01677, VaAcc: 0.9673, VaLoss:  0.13154
 MAP NN | TrAcc: 0.9968 | VaAcc: 0.9683 | TeAcc: 0.9780
 S NN | TrAcc: 0.9967 | VaAcc: 0.9683 | TeAcc: 0.9780

345,  0 | TrAcc: 0.9968, TrLoss:  0.01577, VaAcc: 0.9697, VaLoss:  0.13638
 MAP NN | TrAcc: 0.9972 | VaAcc: 0.9712 | TeAcc: 0.9771
 S NN | TrAcc: 0.9969 | VaAcc: 0.9702 | TeAcc: 0.9766

346,  0 | TrAcc: 0.9977, TrLoss:  0.01450, VaAcc: 0.9702, VaLoss:  0.12435
 MAP NN | TrAcc: 0.9978 | VaAcc: 0.9707 | TeAcc: 0.9731
 S NN | TrAcc: 0.9977 | VaAcc: 0.9697 | TeAcc: 0.9741

347,  0 | TrAcc: 0.9980, TrLoss:  0.01422, VaAcc: 0.9683, VaLoss:  0.13605
 MAP NN | TrAcc: 0.9977 | VaAcc: 0.9697 | TeAcc: 0.9751
 S NN | TrAcc: 0.9977 | VaAcc: 0.9697 | TeAcc: 0.9741

348,  0 | TrAcc: 0.9980, TrLoss:  0.01378, VaAcc: 0.9683, VaLoss:  0.13498
 MAP NN | TrAcc: 0.9980 | VaAcc: 0.9683 | TeAcc: 0.9761
 S NN | TrAcc: 0.9983 | VaAcc: 0.9692 | TeAcc: 0.9751

349,  0 | TrAcc: 0.9979, TrLoss:  0.01321, VaAcc: 0.9683, VaLoss:  0.12695
 MAP NN | TrAcc: 0.9978 | VaAcc: 0.9702 | TeAcc: 0.9766
 S NN | TrAcc: 0.9978 | VaAcc: 0.9692 | TeAcc: 0.9775

350,  0 | TrAcc: 0.9978, TrLoss:  0.01285, VaAcc: 0.9697, VaLoss:  0.12935
 MAP NN | TrAcc: 0.9979 | VaAcc: 0.9697 | TeAcc: 0.9756
 S NN | TrAcc: 0.9979 | VaAcc: 0.9697 | TeAcc: 0.9751

351,  0 | TrAcc: 0.9980, TrLoss:  0.01231, VaAcc: 0.9663, VaLoss:  0.13165
 MAP NN | TrAcc: 0.9980 | VaAcc: 0.9678 | TeAcc: 0.9771
 S NN | TrAcc: 0.9977 | VaAcc: 0.9673 | TeAcc: 0.9766

352,  0 | TrAcc: 0.9980, TrLoss:  0.01248, VaAcc: 0.9688, VaLoss:  0.13415
 MAP NN | TrAcc: 0.9985 | VaAcc: 0.9692 | TeAcc: 0.9756
 S NN | TrAcc: 0.9983 | VaAcc: 0.9683 | TeAcc: 0.9775

353,  0 | TrAcc: 0.9971, TrLoss:  0.01380, VaAcc: 0.9673, VaLoss:  0.13695
 MAP NN | TrAcc: 0.9969 | VaAcc: 0.9678 | TeAcc: 0.9756
 S NN | TrAcc: 0.9971 | VaAcc: 0.9673 | TeAcc: 0.9761

354,  0 | TrAcc: 0.9978, TrLoss:  0.01370, VaAcc: 0.9668, VaLoss:  0.13303
 MAP NN | TrAcc: 0.9979 | VaAcc: 0.9692 | TeAcc: 0.9741
 S NN | TrAcc: 0.9979 | VaAcc: 0.9692 | TeAcc: 0.9746

355,  0 | TrAcc: 0.9952, TrLoss:  0.01808, VaAcc: 0.9653, VaLoss:  0.13924
 MAP NN | TrAcc: 0.9955 | VaAcc: 0.9634 | TeAcc: 0.9717
 S NN | TrAcc: 0.9956 | VaAcc: 0.9629 | TeAcc: 0.9717

356,  0 | TrAcc: 0.9958, TrLoss:  0.01746, VaAcc: 0.9678, VaLoss:  0.14173
 MAP NN | TrAcc: 0.9963 | VaAcc: 0.9688 | TeAcc: 0.9771
 S NN | TrAcc: 0.9958 | VaAcc: 0.9688 | TeAcc: 0.9775

357,  0 | TrAcc: 0.9963, TrLoss:  0.01550, VaAcc: 0.9727, VaLoss:  0.13636
 MAP NN | TrAcc: 0.9968 | VaAcc: 0.9712 | TeAcc: 0.9756
 S NN | TrAcc: 0.9966 | VaAcc: 0.9717 | TeAcc: 0.9746

358,  0 | TrAcc: 0.9966, TrLoss:  0.01527, VaAcc: 0.9678, VaLoss:  0.13324
 MAP NN | TrAcc: 0.9968 | VaAcc: 0.9692 | TeAcc: 0.9775
 S NN | TrAcc: 0.9966 | VaAcc: 0.9697 | TeAcc: 0.9780

359,  0 | TrAcc: 0.9966, TrLoss:  0.01679, VaAcc: 0.9673, VaLoss:  0.14356
 MAP NN | TrAcc: 0.9965 | VaAcc: 0.9668 | TeAcc: 0.9761
 S NN | TrAcc: 0.9965 | VaAcc: 0.9673 | TeAcc: 0.9771

360,  0 | TrAcc: 0.9973, TrLoss:  0.01442, VaAcc: 0.9688, VaLoss:  0.13543
 MAP NN | TrAcc: 0.9973 | VaAcc: 0.9683 | TeAcc: 0.9771
 S NN | TrAcc: 0.9976 | VaAcc: 0.9692 | TeAcc: 0.9771

361,  0 | TrAcc: 0.9982, TrLoss:  0.01337, VaAcc: 0.9688, VaLoss:  0.13280
 MAP NN | TrAcc: 0.9983 | VaAcc: 0.9688 | TeAcc: 0.9741
 S NN | TrAcc: 0.9979 | VaAcc: 0.9688 | TeAcc: 0.9761

362,  0 | TrAcc: 0.9977, TrLoss:  0.01262, VaAcc: 0.9697, VaLoss:  0.12687
 MAP NN | TrAcc: 0.9978 | VaAcc: 0.9707 | TeAcc: 0.9771
 S NN | TrAcc: 0.9979 | VaAcc: 0.9707 | TeAcc: 0.9766

363,  0 | TrAcc: 0.9983, TrLoss:  0.01216, VaAcc: 0.9683, VaLoss:  0.13511
 MAP NN | TrAcc: 0.9983 | VaAcc: 0.9697 | TeAcc: 0.9751
 S NN | TrAcc: 0.9985 | VaAcc: 0.9697 | TeAcc: 0.9761

364,  0 | TrAcc: 0.9980, TrLoss:  0.01209, VaAcc: 0.9663, VaLoss:  0.13381
 MAP NN | TrAcc: 0.9982 | VaAcc: 0.9688 | TeAcc: 0.9761
 S NN | TrAcc: 0.9983 | VaAcc: 0.9683 | TeAcc: 0.9751

365,  0 | TrAcc: 0.9980, TrLoss:  0.01183, VaAcc: 0.9683, VaLoss:  0.12771
 MAP NN | TrAcc: 0.9979 | VaAcc: 0.9702 | TeAcc: 0.9766
 S NN | TrAcc: 0.9980 | VaAcc: 0.9688 | TeAcc: 0.9756

366,  0 | TrAcc: 0.9978, TrLoss:  0.01175, VaAcc: 0.9688, VaLoss:  0.13042
 MAP NN | TrAcc: 0.9980 | VaAcc: 0.9697 | TeAcc: 0.9746
 S NN | TrAcc: 0.9982 | VaAcc: 0.9678 | TeAcc: 0.9746

367,  0 | TrAcc: 0.9984, TrLoss:  0.01105, VaAcc: 0.9692, VaLoss:  0.12974
 MAP NN | TrAcc: 0.9985 | VaAcc: 0.9688 | TeAcc: 0.9746
 S NN | TrAcc: 0.9985 | VaAcc: 0.9683 | TeAcc: 0.9761

368,  0 | TrAcc: 0.9980, TrLoss:  0.01150, VaAcc: 0.9648, VaLoss:  0.14141
 MAP NN | TrAcc: 0.9982 | VaAcc: 0.9663 | TeAcc: 0.9751
 S NN | TrAcc: 0.9982 | VaAcc: 0.9663 | TeAcc: 0.9746

369,  0 | TrAcc: 0.9978, TrLoss:  0.01276, VaAcc: 0.9692, VaLoss:  0.13195
 MAP NN | TrAcc: 0.9978 | VaAcc: 0.9707 | TeAcc: 0.9751
 S NN | TrAcc: 0.9977 | VaAcc: 0.9683 | TeAcc: 0.9736

370,  0 | TrAcc: 0.9976, TrLoss:  0.01255, VaAcc: 0.9663, VaLoss:  0.13130
 MAP NN | TrAcc: 0.9977 | VaAcc: 0.9683 | TeAcc: 0.9756
 S NN | TrAcc: 0.9977 | VaAcc: 0.9668 | TeAcc: 0.9746

371,  0 | TrAcc: 0.9978, TrLoss:  0.01268, VaAcc: 0.9683, VaLoss:  0.13350
 MAP NN | TrAcc: 0.9978 | VaAcc: 0.9692 | TeAcc: 0.9771
 S NN | TrAcc: 0.9978 | VaAcc: 0.9692 | TeAcc: 0.9761

372,  0 | TrAcc: 0.9980, TrLoss:  0.01195, VaAcc: 0.9678, VaLoss:  0.12978
 MAP NN | TrAcc: 0.9984 | VaAcc: 0.9688 | TeAcc: 0.9756
 S NN | TrAcc: 0.9985 | VaAcc: 0.9683 | TeAcc: 0.9761

373,  0 | TrAcc: 0.9973, TrLoss:  0.01327, VaAcc: 0.9678, VaLoss:  0.13681
 MAP NN | TrAcc: 0.9978 | VaAcc: 0.9683 | TeAcc: 0.9736
 S NN | TrAcc: 0.9979 | VaAcc: 0.9683 | TeAcc: 0.9746

374,  0 | TrAcc: 0.9980, TrLoss:  0.01178, VaAcc: 0.9692, VaLoss:  0.13207
 MAP NN | TrAcc: 0.9977 | VaAcc: 0.9717 | TeAcc: 0.9771
 S NN | TrAcc: 0.9978 | VaAcc: 0.9717 | TeAcc: 0.9780

375,  0 | TrAcc: 0.9982, TrLoss:  0.01135, VaAcc: 0.9707, VaLoss:  0.13494
 MAP NN | TrAcc: 0.9984 | VaAcc: 0.9712 | TeAcc: 0.9775
 S NN | TrAcc: 0.9983 | VaAcc: 0.9707 | TeAcc: 0.9771

376,  0 | TrAcc: 0.9984, TrLoss:  0.01185, VaAcc: 0.9673, VaLoss:  0.13689
 MAP NN | TrAcc: 0.9984 | VaAcc: 0.9683 | TeAcc: 0.9751
 S NN | TrAcc: 0.9983 | VaAcc: 0.9702 | TeAcc: 0.9761

377,  0 | TrAcc: 0.9979, TrLoss:  0.01170, VaAcc: 0.9668, VaLoss:  0.13426
 MAP NN | TrAcc: 0.9985 | VaAcc: 0.9673 | TeAcc: 0.9746
 S NN | TrAcc: 0.9983 | VaAcc: 0.9688 | TeAcc: 0.9746

378,  0 | TrAcc: 0.9982, TrLoss:  0.01199, VaAcc: 0.9663, VaLoss:  0.14191
 MAP NN | TrAcc: 0.9987 | VaAcc: 0.9678 | TeAcc: 0.9746
 S NN | TrAcc: 0.9987 | VaAcc: 0.9707 | TeAcc: 0.9771

379,  0 | TrAcc: 0.9985, TrLoss:  0.01130, VaAcc: 0.9697, VaLoss:  0.12595
 MAP NN | TrAcc: 0.9984 | VaAcc: 0.9697 | TeAcc: 0.9761
 S NN | TrAcc: 0.9982 | VaAcc: 0.9692 | TeAcc: 0.9761

380,  0 | TrAcc: 0.9984, TrLoss:  0.01126, VaAcc: 0.9707, VaLoss:  0.13313
 MAP NN | TrAcc: 0.9984 | VaAcc: 0.9692 | TeAcc: 0.9775
 S NN | TrAcc: 0.9985 | VaAcc: 0.9688 | TeAcc: 0.9780

381,  0 | TrAcc: 0.9987, TrLoss:  0.01119, VaAcc: 0.9668, VaLoss:  0.13462
 MAP NN | TrAcc: 0.9985 | VaAcc: 0.9692 | TeAcc: 0.9751
 S NN | TrAcc: 0.9987 | VaAcc: 0.9678 | TeAcc: 0.9751

382,  0 | TrAcc: 0.9980, TrLoss:  0.01293, VaAcc: 0.9688, VaLoss:  0.13094
 MAP NN | TrAcc: 0.9980 | VaAcc: 0.9692 | TeAcc: 0.9756
 S NN | TrAcc: 0.9978 | VaAcc: 0.9688 | TeAcc: 0.9761

383,  0 | TrAcc: 0.9974, TrLoss:  0.01431, VaAcc: 0.9673, VaLoss:  0.13772
 MAP NN | TrAcc: 0.9977 | VaAcc: 0.9697 | TeAcc: 0.9751
 S NN | TrAcc: 0.9978 | VaAcc: 0.9712 | TeAcc: 0.9727

384,  0 | TrAcc: 0.9965, TrLoss:  0.01542, VaAcc: 0.9702, VaLoss:  0.12673
 MAP NN | TrAcc: 0.9971 | VaAcc: 0.9692 | TeAcc: 0.9761
 S NN | TrAcc: 0.9971 | VaAcc: 0.9678 | TeAcc: 0.9785

385,  0 | TrAcc: 0.9966, TrLoss:  0.01778, VaAcc: 0.9673, VaLoss:  0.14510
 MAP NN | TrAcc: 0.9963 | VaAcc: 0.9663 | TeAcc: 0.9746
 S NN | TrAcc: 0.9963 | VaAcc: 0.9663 | TeAcc: 0.9746

386,  0 | TrAcc: 0.9961, TrLoss:  0.01849, VaAcc: 0.9673, VaLoss:  0.12969
 MAP NN | TrAcc: 0.9957 | VaAcc: 0.9678 | TeAcc: 0.9746
 S NN | TrAcc: 0.9951 | VaAcc: 0.9678 | TeAcc: 0.9736

387,  0 | TrAcc: 0.9923, TrLoss:  0.02809, VaAcc: 0.9634, VaLoss:  0.14213
 MAP NN | TrAcc: 0.9924 | VaAcc: 0.9653 | TeAcc: 0.9727
 S NN | TrAcc: 0.9924 | VaAcc: 0.9648 | TeAcc: 0.9727

388,  0 | TrAcc: 0.9915, TrLoss:  0.02781, VaAcc: 0.9614, VaLoss:  0.14978
 MAP NN | TrAcc: 0.9927 | VaAcc: 0.9629 | TeAcc: 0.9722
 S NN | TrAcc: 0.9921 | VaAcc: 0.9629 | TeAcc: 0.9727

389,  0 | TrAcc: 0.9935, TrLoss:  0.02459, VaAcc: 0.9653, VaLoss:  0.14233
 MAP NN | TrAcc: 0.9937 | VaAcc: 0.9668 | TeAcc: 0.9712
 S NN | TrAcc: 0.9938 | VaAcc: 0.9663 | TeAcc: 0.9688

390,  0 | TrAcc: 0.9884, TrLoss:  0.04112, VaAcc: 0.9600, VaLoss:  0.15209
 MAP NN | TrAcc: 0.9884 | VaAcc: 0.9604 | TeAcc: 0.9707
 S NN | TrAcc: 0.9880 | VaAcc: 0.9614 | TeAcc: 0.9702

391,  0 | TrAcc: 0.9849, TrLoss:  0.05523, VaAcc: 0.9595, VaLoss:  0.17874
 MAP NN | TrAcc: 0.9849 | VaAcc: 0.9604 | TeAcc: 0.9692
 S NN | TrAcc: 0.9846 | VaAcc: 0.9614 | TeAcc: 0.9697

392,  0 | TrAcc: 0.9794, TrLoss:  0.06581, VaAcc: 0.9575, VaLoss:  0.16929
 MAP NN | TrAcc: 0.9808 | VaAcc: 0.9565 | TeAcc: 0.9717
 S NN | TrAcc: 0.9810 | VaAcc: 0.9570 | TeAcc: 0.9702

393,  0 | TrAcc: 0.9838, TrLoss:  0.05231, VaAcc: 0.9570, VaLoss:  0.17063
 MAP NN | TrAcc: 0.9841 | VaAcc: 0.9570 | TeAcc: 0.9722
 S NN | TrAcc: 0.9851 | VaAcc: 0.9561 | TeAcc: 0.9717

394,  0 | TrAcc: 0.9883, TrLoss:  0.04257, VaAcc: 0.9629, VaLoss:  0.15168
 MAP NN | TrAcc: 0.9874 | VaAcc: 0.9639 | TeAcc: 0.9707
 S NN | TrAcc: 0.9880 | VaAcc: 0.9629 | TeAcc: 0.9707

395,  0 | TrAcc: 0.9912, TrLoss:  0.03027, VaAcc: 0.9668, VaLoss:  0.13628
 MAP NN | TrAcc: 0.9918 | VaAcc: 0.9668 | TeAcc: 0.9736
 S NN | TrAcc: 0.9922 | VaAcc: 0.9658 | TeAcc: 0.9727

396,  0 | TrAcc: 0.9940, TrLoss:  0.02181, VaAcc: 0.9644, VaLoss:  0.13965
 MAP NN | TrAcc: 0.9945 | VaAcc: 0.9639 | TeAcc: 0.9771
 S NN | TrAcc: 0.9939 | VaAcc: 0.9653 | TeAcc: 0.9761

397,  0 | TrAcc: 0.9955, TrLoss:  0.01948, VaAcc: 0.9644, VaLoss:  0.14327
 MAP NN | TrAcc: 0.9958 | VaAcc: 0.9634 | TeAcc: 0.9746
 S NN | TrAcc: 0.9957 | VaAcc: 0.9648 | TeAcc: 0.9746

398,  0 | TrAcc: 0.9908, TrLoss:  0.03129, VaAcc: 0.9673, VaLoss:  0.14961
 MAP NN | TrAcc: 0.9907 | VaAcc: 0.9683 | TeAcc: 0.9731
 S NN | TrAcc: 0.9908 | VaAcc: 0.9683 | TeAcc: 0.9727

399,  0 | TrAcc: 0.9916, TrLoss:  0.02860, VaAcc: 0.9624, VaLoss:  0.13821
 MAP NN | TrAcc: 0.9922 | VaAcc: 0.9629 | TeAcc: 0.9746
 S NN | TrAcc: 0.9910 | VaAcc: 0.9634 | TeAcc: 0.9736

400,  0 | TrAcc: 0.9899, TrLoss:  0.03460, VaAcc: 0.9658, VaLoss:  0.14286
 MAP NN | TrAcc: 0.9906 | VaAcc: 0.9658 | TeAcc: 0.9688
 S NN | TrAcc: 0.9911 | VaAcc: 0.9648 | TeAcc: 0.9683

401,  0 | TrAcc: 0.9922, TrLoss:  0.02991, VaAcc: 0.9644, VaLoss:  0.15561
 MAP NN | TrAcc: 0.9924 | VaAcc: 0.9634 | TeAcc: 0.9717
 S NN | TrAcc: 0.9908 | VaAcc: 0.9629 | TeAcc: 0.9722

402,  0 | TrAcc: 0.9928, TrLoss:  0.02806, VaAcc: 0.9619, VaLoss:  0.15003
 MAP NN | TrAcc: 0.9934 | VaAcc: 0.9629 | TeAcc: 0.9741
 S NN | TrAcc: 0.9926 | VaAcc: 0.9624 | TeAcc: 0.9741

403,  0 | TrAcc: 0.9938, TrLoss:  0.02407, VaAcc: 0.9663, VaLoss:  0.14049
 MAP NN | TrAcc: 0.9943 | VaAcc: 0.9668 | TeAcc: 0.9741
 S NN | TrAcc: 0.9933 | VaAcc: 0.9663 | TeAcc: 0.9736

404,  0 | TrAcc: 0.9935, TrLoss:  0.02152, VaAcc: 0.9712, VaLoss:  0.14057
 MAP NN | TrAcc: 0.9941 | VaAcc: 0.9707 | TeAcc: 0.9761
 S NN | TrAcc: 0.9939 | VaAcc: 0.9707 | TeAcc: 0.9751

405,  0 | TrAcc: 0.9922, TrLoss:  0.02687, VaAcc: 0.9629, VaLoss:  0.15716
 MAP NN | TrAcc: 0.9926 | VaAcc: 0.9619 | TeAcc: 0.9722
 S NN | TrAcc: 0.9923 | VaAcc: 0.9619 | TeAcc: 0.9717

406,  0 | TrAcc: 0.9928, TrLoss:  0.02523, VaAcc: 0.9683, VaLoss:  0.13740
 MAP NN | TrAcc: 0.9930 | VaAcc: 0.9688 | TeAcc: 0.9707
 S NN | TrAcc: 0.9928 | VaAcc: 0.9678 | TeAcc: 0.9722

407,  0 | TrAcc: 0.9921, TrLoss:  0.02693, VaAcc: 0.9663, VaLoss:  0.14335
 MAP NN | TrAcc: 0.9918 | VaAcc: 0.9648 | TeAcc: 0.9697
 S NN | TrAcc: 0.9919 | VaAcc: 0.9644 | TeAcc: 0.9702

408,  0 | TrAcc: 0.9951, TrLoss:  0.02089, VaAcc: 0.9663, VaLoss:  0.13947
 MAP NN | TrAcc: 0.9950 | VaAcc: 0.9663 | TeAcc: 0.9741
 S NN | TrAcc: 0.9952 | VaAcc: 0.9663 | TeAcc: 0.9736

409,  0 | TrAcc: 0.9950, TrLoss:  0.02245, VaAcc: 0.9668, VaLoss:  0.13464
 MAP NN | TrAcc: 0.9957 | VaAcc: 0.9658 | TeAcc: 0.9722
 S NN | TrAcc: 0.9952 | VaAcc: 0.9663 | TeAcc: 0.9751

410,  0 | TrAcc: 0.9916, TrLoss:  0.03141, VaAcc: 0.9658, VaLoss:  0.14944
 MAP NN | TrAcc: 0.9917 | VaAcc: 0.9644 | TeAcc: 0.9727
 S NN | TrAcc: 0.9924 | VaAcc: 0.9639 | TeAcc: 0.9712

411,  0 | TrAcc: 0.9926, TrLoss:  0.02661, VaAcc: 0.9644, VaLoss:  0.15760
 MAP NN | TrAcc: 0.9932 | VaAcc: 0.9648 | TeAcc: 0.9736
 S NN | TrAcc: 0.9930 | VaAcc: 0.9644 | TeAcc: 0.9746

412,  0 | TrAcc: 0.9961, TrLoss:  0.02150, VaAcc: 0.9678, VaLoss:  0.13528
 MAP NN | TrAcc: 0.9956 | VaAcc: 0.9673 | TeAcc: 0.9771
 S NN | TrAcc: 0.9956 | VaAcc: 0.9663 | TeAcc: 0.9771

413,  0 | TrAcc: 0.9955, TrLoss:  0.01916, VaAcc: 0.9644, VaLoss:  0.14672
 MAP NN | TrAcc: 0.9949 | VaAcc: 0.9648 | TeAcc: 0.9727
 S NN | TrAcc: 0.9945 | VaAcc: 0.9634 | TeAcc: 0.9741

414,  0 | TrAcc: 0.9963, TrLoss:  0.01721, VaAcc: 0.9702, VaLoss:  0.13278
 MAP NN | TrAcc: 0.9963 | VaAcc: 0.9702 | TeAcc: 0.9756
 S NN | TrAcc: 0.9963 | VaAcc: 0.9702 | TeAcc: 0.9756

415,  0 | TrAcc: 0.9972, TrLoss:  0.01590, VaAcc: 0.9707, VaLoss:  0.13536
 MAP NN | TrAcc: 0.9971 | VaAcc: 0.9697 | TeAcc: 0.9785
 S NN | TrAcc: 0.9968 | VaAcc: 0.9702 | TeAcc: 0.9775

416,  0 | TrAcc: 0.9963, TrLoss:  0.01569, VaAcc: 0.9663, VaLoss:  0.14055
 MAP NN | TrAcc: 0.9969 | VaAcc: 0.9658 | TeAcc: 0.9756
 S NN | TrAcc: 0.9967 | VaAcc: 0.9663 | TeAcc: 0.9761

417,  0 | TrAcc: 0.9954, TrLoss:  0.02049, VaAcc: 0.9683, VaLoss:  0.12828
 MAP NN | TrAcc: 0.9956 | VaAcc: 0.9668 | TeAcc: 0.9741
 S NN | TrAcc: 0.9956 | VaAcc: 0.9663 | TeAcc: 0.9736

418,  0 | TrAcc: 0.9961, TrLoss:  0.01889, VaAcc: 0.9702, VaLoss:  0.13175
 MAP NN | TrAcc: 0.9957 | VaAcc: 0.9702 | TeAcc: 0.9771
 S NN | TrAcc: 0.9962 | VaAcc: 0.9697 | TeAcc: 0.9775

419,  0 | TrAcc: 0.9961, TrLoss:  0.01713, VaAcc: 0.9697, VaLoss:  0.13555
 MAP NN | TrAcc: 0.9967 | VaAcc: 0.9712 | TeAcc: 0.9756
 S NN | TrAcc: 0.9967 | VaAcc: 0.9697 | TeAcc: 0.9756

420,  0 | TrAcc: 0.9966, TrLoss:  0.01555, VaAcc: 0.9692, VaLoss:  0.13549
 MAP NN | TrAcc: 0.9969 | VaAcc: 0.9688 | TeAcc: 0.9746
 S NN | TrAcc: 0.9972 | VaAcc: 0.9683 | TeAcc: 0.9746

421,  0 | TrAcc: 0.9962, TrLoss:  0.01850, VaAcc: 0.9692, VaLoss:  0.12389
 MAP NN | TrAcc: 0.9962 | VaAcc: 0.9678 | TeAcc: 0.9736
 S NN | TrAcc: 0.9961 | VaAcc: 0.9683 | TeAcc: 0.9717

422,  0 | TrAcc: 0.9972, TrLoss:  0.01399, VaAcc: 0.9692, VaLoss:  0.13299
 MAP NN | TrAcc: 0.9974 | VaAcc: 0.9688 | TeAcc: 0.9790
 S NN | TrAcc: 0.9976 | VaAcc: 0.9702 | TeAcc: 0.9785

423,  0 | TrAcc: 0.9979, TrLoss:  0.01286, VaAcc: 0.9673, VaLoss:  0.13487
 MAP NN | TrAcc: 0.9982 | VaAcc: 0.9683 | TeAcc: 0.9766
 S NN | TrAcc: 0.9980 | VaAcc: 0.9692 | TeAcc: 0.9766

424,  0 | TrAcc: 0.9980, TrLoss:  0.01207, VaAcc: 0.9697, VaLoss:  0.12703
 MAP NN | TrAcc: 0.9982 | VaAcc: 0.9668 | TeAcc: 0.9751
 S NN | TrAcc: 0.9982 | VaAcc: 0.9668 | TeAcc: 0.9751

425,  0 | TrAcc: 0.9983, TrLoss:  0.01166, VaAcc: 0.9678, VaLoss:  0.13112
 MAP NN | TrAcc: 0.9984 | VaAcc: 0.9678 | TeAcc: 0.9780
 S NN | TrAcc: 0.9984 | VaAcc: 0.9673 | TeAcc: 0.9790

426,  0 | TrAcc: 0.9979, TrLoss:  0.01258, VaAcc: 0.9692, VaLoss:  0.12670
 MAP NN | TrAcc: 0.9977 | VaAcc: 0.9668 | TeAcc: 0.9780
 S NN | TrAcc: 0.9976 | VaAcc: 0.9663 | TeAcc: 0.9785

427,  0 | TrAcc: 0.9982, TrLoss:  0.01315, VaAcc: 0.9663, VaLoss:  0.13696
 MAP NN | TrAcc: 0.9983 | VaAcc: 0.9668 | TeAcc: 0.9756
 S NN | TrAcc: 0.9982 | VaAcc: 0.9663 | TeAcc: 0.9756

428,  0 | TrAcc: 0.9979, TrLoss:  0.01210, VaAcc: 0.9707, VaLoss:  0.12919
 MAP NN | TrAcc: 0.9978 | VaAcc: 0.9712 | TeAcc: 0.9751
 S NN | TrAcc: 0.9978 | VaAcc: 0.9717 | TeAcc: 0.9756

429,  0 | TrAcc: 0.9984, TrLoss:  0.01149, VaAcc: 0.9683, VaLoss:  0.13175
 MAP NN | TrAcc: 0.9985 | VaAcc: 0.9673 | TeAcc: 0.9746
 S NN | TrAcc: 0.9987 | VaAcc: 0.9678 | TeAcc: 0.9756

430,  0 | TrAcc: 0.9980, TrLoss:  0.01239, VaAcc: 0.9673, VaLoss:  0.13006
 MAP NN | TrAcc: 0.9982 | VaAcc: 0.9688 | TeAcc: 0.9775
 S NN | TrAcc: 0.9979 | VaAcc: 0.9688 | TeAcc: 0.9766

431,  0 | TrAcc: 0.9980, TrLoss:  0.01130, VaAcc: 0.9697, VaLoss:  0.12551
 MAP NN | TrAcc: 0.9984 | VaAcc: 0.9697 | TeAcc: 0.9771
 S NN | TrAcc: 0.9985 | VaAcc: 0.9683 | TeAcc: 0.9761

432,  0 | TrAcc: 0.9978, TrLoss:  0.01200, VaAcc: 0.9688, VaLoss:  0.12801
 MAP NN | TrAcc: 0.9980 | VaAcc: 0.9697 | TeAcc: 0.9751
 S NN | TrAcc: 0.9984 | VaAcc: 0.9697 | TeAcc: 0.9751

433,  0 | TrAcc: 0.9982, TrLoss:  0.01076, VaAcc: 0.9678, VaLoss:  0.12642
 MAP NN | TrAcc: 0.9987 | VaAcc: 0.9697 | TeAcc: 0.9766
 S NN | TrAcc: 0.9987 | VaAcc: 0.9673 | TeAcc: 0.9771

434,  0 | TrAcc: 0.9985, TrLoss:  0.01041, VaAcc: 0.9692, VaLoss:  0.13388
 MAP NN | TrAcc: 0.9987 | VaAcc: 0.9688 | TeAcc: 0.9766
 S NN | TrAcc: 0.9985 | VaAcc: 0.9688 | TeAcc: 0.9756

435,  0 | TrAcc: 0.9983, TrLoss:  0.01083, VaAcc: 0.9678, VaLoss:  0.13153
 MAP NN | TrAcc: 0.9987 | VaAcc: 0.9673 | TeAcc: 0.9761
 S NN | TrAcc: 0.9985 | VaAcc: 0.9688 | TeAcc: 0.9751

436,  0 | TrAcc: 0.9988, TrLoss:  0.01036, VaAcc: 0.9668, VaLoss:  0.13395
 MAP NN | TrAcc: 0.9988 | VaAcc: 0.9688 | TeAcc: 0.9780
 S NN | TrAcc: 0.9987 | VaAcc: 0.9653 | TeAcc: 0.9785

437,  0 | TrAcc: 0.9982, TrLoss:  0.01112, VaAcc: 0.9688, VaLoss:  0.13311
 MAP NN | TrAcc: 0.9984 | VaAcc: 0.9688 | TeAcc: 0.9775
 S NN | TrAcc: 0.9983 | VaAcc: 0.9688 | TeAcc: 0.9766

438,  0 | TrAcc: 0.9976, TrLoss:  0.01252, VaAcc: 0.9678, VaLoss:  0.12937
 MAP NN | TrAcc: 0.9983 | VaAcc: 0.9668 | TeAcc: 0.9741
 S NN | TrAcc: 0.9984 | VaAcc: 0.9673 | TeAcc: 0.9741

439,  0 | TrAcc: 0.9983, TrLoss:  0.01337, VaAcc: 0.9668, VaLoss:  0.13704
 MAP NN | TrAcc: 0.9982 | VaAcc: 0.9668 | TeAcc: 0.9751
 S NN | TrAcc: 0.9976 | VaAcc: 0.9658 | TeAcc: 0.9756

440,  0 | TrAcc: 0.9983, TrLoss:  0.01198, VaAcc: 0.9678, VaLoss:  0.13755
 MAP NN | TrAcc: 0.9984 | VaAcc: 0.9688 | TeAcc: 0.9756
 S NN | TrAcc: 0.9984 | VaAcc: 0.9683 | TeAcc: 0.9751

441,  0 | TrAcc: 0.9974, TrLoss:  0.01342, VaAcc: 0.9678, VaLoss:  0.13592
 MAP NN | TrAcc: 0.9978 | VaAcc: 0.9683 | TeAcc: 0.9756
 S NN | TrAcc: 0.9978 | VaAcc: 0.9678 | TeAcc: 0.9766

442,  0 | TrAcc: 0.9962, TrLoss:  0.01678, VaAcc: 0.9644, VaLoss:  0.14505
 MAP NN | TrAcc: 0.9962 | VaAcc: 0.9644 | TeAcc: 0.9746
 S NN | TrAcc: 0.9963 | VaAcc: 0.9653 | TeAcc: 0.9746

443,  0 | TrAcc: 0.9976, TrLoss:  0.01354, VaAcc: 0.9668, VaLoss:  0.13756
 MAP NN | TrAcc: 0.9979 | VaAcc: 0.9688 | TeAcc: 0.9761
 S NN | TrAcc: 0.9977 | VaAcc: 0.9678 | TeAcc: 0.9761

444,  0 | TrAcc: 0.9978, TrLoss:  0.01277, VaAcc: 0.9658, VaLoss:  0.13882
 MAP NN | TrAcc: 0.9979 | VaAcc: 0.9648 | TeAcc: 0.9766
 S NN | TrAcc: 0.9979 | VaAcc: 0.9653 | TeAcc: 0.9756

445,  0 | TrAcc: 0.9972, TrLoss:  0.01363, VaAcc: 0.9658, VaLoss:  0.13697
 MAP NN | TrAcc: 0.9976 | VaAcc: 0.9658 | TeAcc: 0.9761
 S NN | TrAcc: 0.9973 | VaAcc: 0.9663 | TeAcc: 0.9756

446,  0 | TrAcc: 0.9982, TrLoss:  0.01403, VaAcc: 0.9668, VaLoss:  0.13798
 MAP NN | TrAcc: 0.9976 | VaAcc: 0.9663 | TeAcc: 0.9746
 S NN | TrAcc: 0.9978 | VaAcc: 0.9663 | TeAcc: 0.9756

447,  0 | TrAcc: 0.9983, TrLoss:  0.01213, VaAcc: 0.9697, VaLoss:  0.12868
 MAP NN | TrAcc: 0.9984 | VaAcc: 0.9688 | TeAcc: 0.9751
 S NN | TrAcc: 0.9983 | VaAcc: 0.9683 | TeAcc: 0.9766

448,  0 | TrAcc: 0.9982, TrLoss:  0.01235, VaAcc: 0.9673, VaLoss:  0.14047
 MAP NN | TrAcc: 0.9980 | VaAcc: 0.9663 | TeAcc: 0.9766
 S NN | TrAcc: 0.9982 | VaAcc: 0.9678 | TeAcc: 0.9771

449,  0 | TrAcc: 0.9985, TrLoss:  0.01126, VaAcc: 0.9688, VaLoss:  0.12768
 MAP NN | TrAcc: 0.9987 | VaAcc: 0.9692 | TeAcc: 0.9766
 S NN | TrAcc: 0.9985 | VaAcc: 0.9673 | TeAcc: 0.9771

450,  0 | TrAcc: 0.9984, TrLoss:  0.01118, VaAcc: 0.9673, VaLoss:  0.14107
 MAP NN | TrAcc: 0.9985 | VaAcc: 0.9663 | TeAcc: 0.9741
 S NN | TrAcc: 0.9984 | VaAcc: 0.9658 | TeAcc: 0.9736

451,  0 | TrAcc: 0.9983, TrLoss:  0.01065, VaAcc: 0.9678, VaLoss:  0.13117
 MAP NN | TrAcc: 0.9983 | VaAcc: 0.9673 | TeAcc: 0.9766
 S NN | TrAcc: 0.9983 | VaAcc: 0.9663 | TeAcc: 0.9771

452,  0 | TrAcc: 0.9982, TrLoss:  0.01105, VaAcc: 0.9668, VaLoss:  0.13834
 MAP NN | TrAcc: 0.9985 | VaAcc: 0.9678 | TeAcc: 0.9746
 S NN | TrAcc: 0.9983 | VaAcc: 0.9678 | TeAcc: 0.9736

453,  0 | TrAcc: 0.9978, TrLoss:  0.01193, VaAcc: 0.9678, VaLoss:  0.13182
 MAP NN | TrAcc: 0.9983 | VaAcc: 0.9683 | TeAcc: 0.9766
 S NN | TrAcc: 0.9982 | VaAcc: 0.9683 | TeAcc: 0.9756

454,  0 | TrAcc: 0.9977, TrLoss:  0.01180, VaAcc: 0.9653, VaLoss:  0.14083
 MAP NN | TrAcc: 0.9979 | VaAcc: 0.9668 | TeAcc: 0.9741
 S NN | TrAcc: 0.9979 | VaAcc: 0.9663 | TeAcc: 0.9741

455,  0 | TrAcc: 0.9973, TrLoss:  0.01452, VaAcc: 0.9683, VaLoss:  0.13315
 MAP NN | TrAcc: 0.9976 | VaAcc: 0.9678 | TeAcc: 0.9751
 S NN | TrAcc: 0.9974 | VaAcc: 0.9663 | TeAcc: 0.9746

456,  0 | TrAcc: 0.9968, TrLoss:  0.01647, VaAcc: 0.9624, VaLoss:  0.14292
 MAP NN | TrAcc: 0.9967 | VaAcc: 0.9639 | TeAcc: 0.9761
 S NN | TrAcc: 0.9967 | VaAcc: 0.9644 | TeAcc: 0.9761

457,  0 | TrAcc: 0.9976, TrLoss:  0.01420, VaAcc: 0.9683, VaLoss:  0.13408
 MAP NN | TrAcc: 0.9976 | VaAcc: 0.9688 | TeAcc: 0.9741
 S NN | TrAcc: 0.9974 | VaAcc: 0.9688 | TeAcc: 0.9756

458,  0 | TrAcc: 0.9974, TrLoss:  0.01364, VaAcc: 0.9668, VaLoss:  0.13808
 MAP NN | TrAcc: 0.9976 | VaAcc: 0.9668 | TeAcc: 0.9741
 S NN | TrAcc: 0.9977 | VaAcc: 0.9678 | TeAcc: 0.9746

459,  0 | TrAcc: 0.9976, TrLoss:  0.01313, VaAcc: 0.9683, VaLoss:  0.13459
 MAP NN | TrAcc: 0.9978 | VaAcc: 0.9678 | TeAcc: 0.9761
 S NN | TrAcc: 0.9978 | VaAcc: 0.9668 | TeAcc: 0.9751

460,  0 | TrAcc: 0.9976, TrLoss:  0.01224, VaAcc: 0.9668, VaLoss:  0.13555
 MAP NN | TrAcc: 0.9982 | VaAcc: 0.9673 | TeAcc: 0.9751
 S NN | TrAcc: 0.9979 | VaAcc: 0.9678 | TeAcc: 0.9761

461,  0 | TrAcc: 0.9980, TrLoss:  0.01110, VaAcc: 0.9688, VaLoss:  0.12723
 MAP NN | TrAcc: 0.9982 | VaAcc: 0.9678 | TeAcc: 0.9766
 S NN | TrAcc: 0.9983 | VaAcc: 0.9683 | TeAcc: 0.9771

462,  0 | TrAcc: 0.9983, TrLoss:  0.01085, VaAcc: 0.9673, VaLoss:  0.13103
 MAP NN | TrAcc: 0.9984 | VaAcc: 0.9663 | TeAcc: 0.9736
 S NN | TrAcc: 0.9985 | VaAcc: 0.9678 | TeAcc: 0.9751

463,  0 | TrAcc: 0.9985, TrLoss:  0.01040, VaAcc: 0.9673, VaLoss:  0.13221
 MAP NN | TrAcc: 0.9985 | VaAcc: 0.9673 | TeAcc: 0.9741
 S NN | TrAcc: 0.9987 | VaAcc: 0.9663 | TeAcc: 0.9751

464,  0 | TrAcc: 0.9987, TrLoss:  0.01028, VaAcc: 0.9688, VaLoss:  0.13410
 MAP NN | TrAcc: 0.9988 | VaAcc: 0.9678 | TeAcc: 0.9751
 S NN | TrAcc: 0.9989 | VaAcc: 0.9678 | TeAcc: 0.9741

465,  0 | TrAcc: 0.9982, TrLoss:  0.01116, VaAcc: 0.9683, VaLoss:  0.12891
 MAP NN | TrAcc: 0.9985 | VaAcc: 0.9692 | TeAcc: 0.9756
 S NN | TrAcc: 0.9985 | VaAcc: 0.9697 | TeAcc: 0.9761

466,  0 | TrAcc: 0.9973, TrLoss:  0.01280, VaAcc: 0.9688, VaLoss:  0.13399
 MAP NN | TrAcc: 0.9978 | VaAcc: 0.9683 | TeAcc: 0.9751
 S NN | TrAcc: 0.9972 | VaAcc: 0.9678 | TeAcc: 0.9741

467,  0 | TrAcc: 0.9983, TrLoss:  0.01310, VaAcc: 0.9629, VaLoss:  0.13669
 MAP NN | TrAcc: 0.9985 | VaAcc: 0.9644 | TeAcc: 0.9736
 S NN | TrAcc: 0.9984 | VaAcc: 0.9648 | TeAcc: 0.9736

468,  0 | TrAcc: 0.9978, TrLoss:  0.01237, VaAcc: 0.9668, VaLoss:  0.14387
 MAP NN | TrAcc: 0.9978 | VaAcc: 0.9658 | TeAcc: 0.9751
 S NN | TrAcc: 0.9978 | VaAcc: 0.9668 | TeAcc: 0.9751

469,  0 | TrAcc: 0.9985, TrLoss:  0.01273, VaAcc: 0.9683, VaLoss:  0.13362
 MAP NN | TrAcc: 0.9982 | VaAcc: 0.9683 | TeAcc: 0.9741
 S NN | TrAcc: 0.9982 | VaAcc: 0.9692 | TeAcc: 0.9741

470,  0 | TrAcc: 0.9980, TrLoss:  0.01302, VaAcc: 0.9648, VaLoss:  0.14466
 MAP NN | TrAcc: 0.9978 | VaAcc: 0.9629 | TeAcc: 0.9731
 S NN | TrAcc: 0.9979 | VaAcc: 0.9629 | TeAcc: 0.9722

471,  0 | TrAcc: 0.9980, TrLoss:  0.01184, VaAcc: 0.9673, VaLoss:  0.12921
 MAP NN | TrAcc: 0.9983 | VaAcc: 0.9688 | TeAcc: 0.9751
 S NN | TrAcc: 0.9983 | VaAcc: 0.9683 | TeAcc: 0.9756

472,  0 | TrAcc: 0.9980, TrLoss:  0.01150, VaAcc: 0.9692, VaLoss:  0.13885
 MAP NN | TrAcc: 0.9982 | VaAcc: 0.9678 | TeAcc: 0.9746
 S NN | TrAcc: 0.9978 | VaAcc: 0.9688 | TeAcc: 0.9741

473,  0 | TrAcc: 0.9985, TrLoss:  0.01064, VaAcc: 0.9683, VaLoss:  0.13504
 MAP NN | TrAcc: 0.9985 | VaAcc: 0.9688 | TeAcc: 0.9746
 S NN | TrAcc: 0.9985 | VaAcc: 0.9688 | TeAcc: 0.9736

474,  0 | TrAcc: 0.9985, TrLoss:  0.01121, VaAcc: 0.9683, VaLoss:  0.13150
 MAP NN | TrAcc: 0.9985 | VaAcc: 0.9658 | TeAcc: 0.9766
 S NN | TrAcc: 0.9985 | VaAcc: 0.9663 | TeAcc: 0.9756

475,  0 | TrAcc: 0.9983, TrLoss:  0.01174, VaAcc: 0.9653, VaLoss:  0.13393
 MAP NN | TrAcc: 0.9985 | VaAcc: 0.9653 | TeAcc: 0.9741
 S NN | TrAcc: 0.9987 | VaAcc: 0.9658 | TeAcc: 0.9751

476,  0 | TrAcc: 0.9976, TrLoss:  0.01238, VaAcc: 0.9663, VaLoss:  0.13799
 MAP NN | TrAcc: 0.9980 | VaAcc: 0.9673 | TeAcc: 0.9736
 S NN | TrAcc: 0.9982 | VaAcc: 0.9683 | TeAcc: 0.9731

477,  0 | TrAcc: 0.9951, TrLoss:  0.01806, VaAcc: 0.9629, VaLoss:  0.14263
 MAP NN | TrAcc: 0.9951 | VaAcc: 0.9663 | TeAcc: 0.9780
 S NN | TrAcc: 0.9954 | VaAcc: 0.9658 | TeAcc: 0.9775

478,  0 | TrAcc: 0.9978, TrLoss:  0.01343, VaAcc: 0.9668, VaLoss:  0.14528
 MAP NN | TrAcc: 0.9979 | VaAcc: 0.9658 | TeAcc: 0.9727
 S NN | TrAcc: 0.9977 | VaAcc: 0.9663 | TeAcc: 0.9722

479,  0 | TrAcc: 0.9973, TrLoss:  0.01353, VaAcc: 0.9663, VaLoss:  0.14087
 MAP NN | TrAcc: 0.9972 | VaAcc: 0.9673 | TeAcc: 0.9736
 S NN | TrAcc: 0.9971 | VaAcc: 0.9663 | TeAcc: 0.9746

480,  0 | TrAcc: 0.9958, TrLoss:  0.01613, VaAcc: 0.9697, VaLoss:  0.13672
 MAP NN | TrAcc: 0.9966 | VaAcc: 0.9692 | TeAcc: 0.9746
 S NN | TrAcc: 0.9971 | VaAcc: 0.9702 | TeAcc: 0.9746

481,  0 | TrAcc: 0.9969, TrLoss:  0.01506, VaAcc: 0.9644, VaLoss:  0.15270
 MAP NN | TrAcc: 0.9974 | VaAcc: 0.9648 | TeAcc: 0.9741
 S NN | TrAcc: 0.9972 | VaAcc: 0.9653 | TeAcc: 0.9736

482,  0 | TrAcc: 0.9974, TrLoss:  0.01325, VaAcc: 0.9697, VaLoss:  0.13878
 MAP NN | TrAcc: 0.9978 | VaAcc: 0.9673 | TeAcc: 0.9741
 S NN | TrAcc: 0.9978 | VaAcc: 0.9692 | TeAcc: 0.9741

483,  0 | TrAcc: 0.9985, TrLoss:  0.01154, VaAcc: 0.9663, VaLoss:  0.13832
 MAP NN | TrAcc: 0.9988 | VaAcc: 0.9658 | TeAcc: 0.9790
 S NN | TrAcc: 0.9987 | VaAcc: 0.9668 | TeAcc: 0.9790

484,  0 | TrAcc: 0.9979, TrLoss:  0.01187, VaAcc: 0.9697, VaLoss:  0.13087
 MAP NN | TrAcc: 0.9982 | VaAcc: 0.9707 | TeAcc: 0.9771
 S NN | TrAcc: 0.9983 | VaAcc: 0.9717 | TeAcc: 0.9766

485,  0 | TrAcc: 0.9978, TrLoss:  0.01298, VaAcc: 0.9692, VaLoss:  0.13845
 MAP NN | TrAcc: 0.9977 | VaAcc: 0.9692 | TeAcc: 0.9756
 S NN | TrAcc: 0.9980 | VaAcc: 0.9683 | TeAcc: 0.9756

486,  0 | TrAcc: 0.9967, TrLoss:  0.01560, VaAcc: 0.9673, VaLoss:  0.14378
 MAP NN | TrAcc: 0.9972 | VaAcc: 0.9663 | TeAcc: 0.9756
 S NN | TrAcc: 0.9966 | VaAcc: 0.9668 | TeAcc: 0.9780

487,  0 | TrAcc: 0.9957, TrLoss:  0.02030, VaAcc: 0.9658, VaLoss:  0.14072
 MAP NN | TrAcc: 0.9951 | VaAcc: 0.9678 | TeAcc: 0.9751
 S NN | TrAcc: 0.9958 | VaAcc: 0.9663 | TeAcc: 0.9756

488,  0 | TrAcc: 0.9921, TrLoss:  0.02745, VaAcc: 0.9658, VaLoss:  0.14633
 MAP NN | TrAcc: 0.9929 | VaAcc: 0.9663 | TeAcc: 0.9727
 S NN | TrAcc: 0.9928 | VaAcc: 0.9668 | TeAcc: 0.9727

489,  0 | TrAcc: 0.9846, TrLoss:  0.04671, VaAcc: 0.9551, VaLoss:  0.16889
 MAP NN | TrAcc: 0.9852 | VaAcc: 0.9551 | TeAcc: 0.9678
 S NN | TrAcc: 0.9851 | VaAcc: 0.9541 | TeAcc: 0.9673

490,  0 | TrAcc: 0.9828, TrLoss:  0.05339, VaAcc: 0.9517, VaLoss:  0.17478
 MAP NN | TrAcc: 0.9830 | VaAcc: 0.9512 | TeAcc: 0.9634
 S NN | TrAcc: 0.9825 | VaAcc: 0.9521 | TeAcc: 0.9639

491,  0 | TrAcc: 0.9907, TrLoss:  0.03519, VaAcc: 0.9619, VaLoss:  0.13710
 MAP NN | TrAcc: 0.9906 | VaAcc: 0.9634 | TeAcc: 0.9673
 S NN | TrAcc: 0.9904 | VaAcc: 0.9634 | TeAcc: 0.9688

492,  0 | TrAcc: 0.9879, TrLoss:  0.04052, VaAcc: 0.9673, VaLoss:  0.13280
 MAP NN | TrAcc: 0.9880 | VaAcc: 0.9683 | TeAcc: 0.9648
 S NN | TrAcc: 0.9879 | VaAcc: 0.9673 | TeAcc: 0.9658

493,  0 | TrAcc: 0.9906, TrLoss:  0.03520, VaAcc: 0.9614, VaLoss:  0.15694
 MAP NN | TrAcc: 0.9902 | VaAcc: 0.9609 | TeAcc: 0.9736
 S NN | TrAcc: 0.9896 | VaAcc: 0.9614 | TeAcc: 0.9736

494,  0 | TrAcc: 0.9824, TrLoss:  0.05473, VaAcc: 0.9561, VaLoss:  0.17175
 MAP NN | TrAcc: 0.9827 | VaAcc: 0.9575 | TeAcc: 0.9692
 S NN | TrAcc: 0.9832 | VaAcc: 0.9565 | TeAcc: 0.9688

495,  0 | TrAcc: 0.9832, TrLoss:  0.06124, VaAcc: 0.9629, VaLoss:  0.16160
 MAP NN | TrAcc: 0.9827 | VaAcc: 0.9624 | TeAcc: 0.9702
 S NN | TrAcc: 0.9824 | VaAcc: 0.9609 | TeAcc: 0.9707

496,  0 | TrAcc: 0.9893, TrLoss:  0.04107, VaAcc: 0.9629, VaLoss:  0.15593
 MAP NN | TrAcc: 0.9895 | VaAcc: 0.9634 | TeAcc: 0.9736
 S NN | TrAcc: 0.9891 | VaAcc: 0.9624 | TeAcc: 0.9736

497,  0 | TrAcc: 0.9904, TrLoss:  0.03399, VaAcc: 0.9663, VaLoss:  0.14811
 MAP NN | TrAcc: 0.9908 | VaAcc: 0.9653 | TeAcc: 0.9702
 S NN | TrAcc: 0.9911 | VaAcc: 0.9653 | TeAcc: 0.9707

498,  0 | TrAcc: 0.9897, TrLoss:  0.03681, VaAcc: 0.9629, VaLoss:  0.14397
 MAP NN | TrAcc: 0.9900 | VaAcc: 0.9648 | TeAcc: 0.9712
 S NN | TrAcc: 0.9900 | VaAcc: 0.9614 | TeAcc: 0.9717

499,  0 | TrAcc: 0.9884, TrLoss:  0.03477, VaAcc: 0.9609, VaLoss:  0.15182
 MAP NN | TrAcc: 0.9885 | VaAcc: 0.9624 | TeAcc: 0.9751
 S NN | TrAcc: 0.9883 | VaAcc: 0.9604 | TeAcc: 0.9751

Results for va_s
Metric: acc   
 97.22 % in iteration  164
Metric: loss  
Results for va_b
Metric: elogl 
 0.253 in iteration    0
Metric: acc   
 97.27 % in iteration  357
EARLY STOP FOR te_s
 97.61 % in iteration  164
