va
(1730, 4, 45)
te
(1450, 4, 45)
tr
(8080, 4, 45)

=============================
CONFIG FILE
====================================
Training configuration

Learning rate: 0.2, 	Learning rate anneal: inf, 	Tau:  1.0
Algorithm: reparametrization, 	STE: disabled, 	n forward passes: 1
Var reg: 0.0, 	Dir reg: 0.0, 	Ent reg: 0.0
Data multiplier: None
Gradient clipping: False, 	Gradient clip value: 1.0

Layer #0
output_layer
Layer norm: False, 	LR Adapt: 
Dropout: False, 	p_dropout: 0.95

Layer #1
lstm_0
Layer norm: False, 	LR Adapt: 
Dropout: False, 	p_dropout: 0.95

Layer #2
lstm_1
Layer norm: False, 	LR Adapt: 
Dropout: False, 	p_dropout: 0.95
====================================
RNN configuration

Layer #0, 	Type: input_layer, 	Scope: 
Units: 4, 	N activation bins: None

Layer #1, 	Type: lstm layer, 	Scope: lstm_0
Units: 50, 	N activation bins: None
Bias: True, 	N activation bins: 2, 	Discrete activation: False
Type: ternary, 	Parametetrization: sigmoid, 	Priors: [0.3333333333333333, 0.3333333333333333, 0.3333333333333333]
p_init_min: 0.05, 	p_init_max: 0.95
SB init: ('xavier', None), 	SA init: ('dirichlet', [0.3, 0.3, 0.3])
Type: gaussian, 	M init: ('constant', -1.5), 	Log V init: ('constant', -9.210340371976182)
M prior: 0.0, 	 Log V prior: 0.0
None
Bias: True, 	N activation bins: 2, 	Discrete activation: False
Type: ternary, 	Parametetrization: sigmoid, 	Priors: [0.3333333333333333, 0.3333333333333333, 0.3333333333333333]
p_init_min: 0.05, 	p_init_max: 0.95
SB init: ('xavier', None), 	SA init: ('dirichlet', [0.3, 0.3, 0.3])
Type: gaussian, 	M init: ('xavier', None), 	Log V init: ('constant', -9.210340371976182)
M prior: 0.0, 	 Log V prior: 0.0
None
Bias: True, 	N activation bins: 2, 	Discrete activation: False
Type: ternary, 	Parametetrization: sigmoid, 	Priors: [0.3333333333333333, 0.3333333333333333, 0.3333333333333333]
p_init_min: 0.05, 	p_init_max: 0.95
SB init: ('xavier', None), 	SA init: ('dirichlet', [0.3, 0.3, 0.3])
Type: gaussian, 	M init: ('xavier', None), 	Log V init: ('constant', -9.210340371976182)
M prior: 0.0, 	 Log V prior: 0.0
None

Layer #2, 	Type: lstm layer, 	Scope: lstm_1
Units: 30, 	N activation bins: None
Bias: True, 	N activation bins: 2, 	Discrete activation: False
Type: ternary, 	Parametetrization: sigmoid, 	Priors: [0.3333333333333333, 0.3333333333333333, 0.3333333333333333]
p_init_min: 0.05, 	p_init_max: 0.95
SB init: ('xavier', None), 	SA init: ('dirichlet', [0.3, 0.3, 0.3])
Type: gaussian, 	M init: ('constant', -1.5), 	Log V init: ('constant', -9.210340371976182)
M prior: 0.0, 	 Log V prior: 0.0
None
Bias: True, 	N activation bins: 2, 	Discrete activation: False
Type: ternary, 	Parametetrization: sigmoid, 	Priors: [0.3333333333333333, 0.3333333333333333, 0.3333333333333333]
p_init_min: 0.05, 	p_init_max: 0.95
SB init: ('xavier', None), 	SA init: ('dirichlet', [0.3, 0.3, 0.3])
Type: gaussian, 	M init: ('xavier', None), 	Log V init: ('constant', -9.210340371976182)
M prior: 0.0, 	 Log V prior: 0.0
None
Bias: True, 	N activation bins: 2, 	Discrete activation: False
Type: ternary, 	Parametetrization: sigmoid, 	Priors: [0.3333333333333333, 0.3333333333333333, 0.3333333333333333]
p_init_min: 0.05, 	p_init_max: 0.95
SB init: ('xavier', None), 	SA init: ('dirichlet', [0.3, 0.3, 0.3])
Type: gaussian, 	M init: ('xavier', None), 	Log V init: ('constant', -9.210340371976182)
M prior: 0.0, 	 Log V prior: 0.0
None

Layer #3, 	Type: ff layer, 	Scope: output_layer
Units: 10, 	N activation bins: None
====================================
Dataset configuration

Filename: /clusterFS/home/student/kopp13/datasets/mnist_pen_strokes/mps_all_va.mat
Key: va, 	In seq len: 45
Minibatch:  True, 	Size: 1024
Target bias removed: True, 	Shuffle: False

Filename: /clusterFS/home/student/kopp13/datasets/mnist_pen_strokes/mps_all_te.mat
Key: te, 	In seq len: 45
Minibatch:  True, 	Size: 1024
Target bias removed: True, 	Shuffle: False

Filename: /clusterFS/home/student/kopp13/datasets/mnist_pen_strokes/mps_all_tr.mat
Key: tr, 	In seq len: 45
Minibatch:  True, 	Size: 1024
Target bias removed: True, 	Shuffle: True
====================================
Info configuration

Filename:  test
Timer: False, 	Profiling: False, 	Profiling path: None
Save training metrics: True, 	Path: ../nr_spsc/
Save weights: False, 	Every: 1, 	Save best weights: False
Compute T Metrics every: 1

Load model from m_model0, 	 Force it: True
No model saving

starting
[('lstm_0/bc:0', 'lstm_0/bc'), ('lstm_0/bi:0', 'lstm_0/bi'), ('lstm_0/bo:0', 'lstm_0/bo'), ('lstm_0/wc:0', 'lstm_0/wc'), ('lstm_0/wi:0', 'lstm_0/wi'), ('lstm_0/wo:0', 'lstm_0/wo'), ('lstm_1/bc:0', 'lstm_1/bc'), ('lstm_1/bi:0', 'lstm_1/bi'), ('lstm_1/bo:0', 'lstm_1/bo'), ('lstm_1/wc:0', 'lstm_1/wc'), ('lstm_1/wi:0', 'lstm_1/wi'), ('lstm_1/wo:0', 'lstm_1/wo'), ('output_layer/b:0', 'output_layer/b'), ('output_layer/w:0', 'output_layer/w')]
output_layer/w
output_layer/b
=====
New variable
lstm_0/bc:0
lstm_0/bc
=====
New variable
lstm_0/bi:0
lstm_0/bi
=====
New variable
lstm_0/bo:0
lstm_0/bo
=====
New variable
lstm_0/wc:0
lstm_0/wc
=====
New variable
lstm_0/wi:0
lstm_0/wi
=====
New variable
lstm_0/wo:0
lstm_0/wo
=====
New variable
lstm_1/bc:0
lstm_1/bc
=====
New variable
lstm_1/bi:0
lstm_1/bi
=====
New variable
lstm_1/bo:0
lstm_1/bo
=====
New variable
lstm_1/wc:0
lstm_1/wc
=====
New variable
lstm_1/wi:0
lstm_1/wi
=====
New variable
lstm_1/wo:0
lstm_1/wo
=====
New variable
output_layer/b:0
output_layer/b
=====
New variable
output_layer/w:0
output_layer/w
=====
loaded
  0,  0 | TrAcc: 0.4370, TrLoss:  1.78567, VaAcc: 0.5034, VaLoss:  1.53479
 MAP NN | TrAcc: 0.7800 | VaAcc: 0.6445 | TeAcc: 0.5547
 S NN | TrAcc: 0.2185 | VaAcc: 0.1719 | TeAcc: 0.1167

  1,  0 | TrAcc: 0.4755, TrLoss:  1.52407, VaAcc: 0.3433, VaLoss:  1.74675
 MAP NN | TrAcc: 0.6956 | VaAcc: 0.5757 | TeAcc: 0.8003
 S NN | TrAcc: 0.3857 | VaAcc: 0.3794 | TeAcc: 0.2402

  2,  0 | TrAcc: 0.7014, TrLoss:  0.93600, VaAcc: 0.7549, VaLoss:  0.79205
 MAP NN | TrAcc: 0.7012 | VaAcc: 0.7520 | TeAcc: 0.8018
 S NN | TrAcc: 0.6273 | VaAcc: 0.7148 | TeAcc: 0.2866

  3,  0 | TrAcc: 0.7711, TrLoss:  0.78363, VaAcc: 0.7534, VaLoss:  0.80649
 MAP NN | TrAcc: 0.7773 | VaAcc: 0.8135 | TeAcc: 0.8423
 S NN | TrAcc: 0.6056 | VaAcc: 0.6914 | TeAcc: 0.7124

  4,  0 | TrAcc: 0.8131, TrLoss:  0.64378, VaAcc: 0.8096, VaLoss:  0.62747
 MAP NN | TrAcc: 0.8142 | VaAcc: 0.8384 | TeAcc: 0.8774
 S NN | TrAcc: 0.6487 | VaAcc: 0.6562 | TeAcc: 0.7993

  5,  0 | TrAcc: 0.8573, TrLoss:  0.50693, VaAcc: 0.8560, VaLoss:  0.51002
 MAP NN | TrAcc: 0.8588 | VaAcc: 0.8716 | TeAcc: 0.9053
 S NN | TrAcc: 0.7109 | VaAcc: 0.6226 | TeAcc: 0.8325

  6,  0 | TrAcc: 0.8575, TrLoss:  0.48259, VaAcc: 0.8784, VaLoss:  0.42527
 MAP NN | TrAcc: 0.8419 | VaAcc: 0.8657 | TeAcc: 0.8970
 S NN | TrAcc: 0.8373 | VaAcc: 0.7163 | TeAcc: 0.8765

  7,  0 | TrAcc: 0.8656, TrLoss:  0.46861, VaAcc: 0.8906, VaLoss:  0.38347
 MAP NN | TrAcc: 0.8767 | VaAcc: 0.8789 | TeAcc: 0.9170
 S NN | TrAcc: 0.7607 | VaAcc: 0.8198 | TeAcc: 0.7881

  8,  0 | TrAcc: 0.8727, TrLoss:  0.42149, VaAcc: 0.8955, VaLoss:  0.33652
 MAP NN | TrAcc: 0.8756 | VaAcc: 0.8911 | TeAcc: 0.9180
 S NN | TrAcc: 0.8073 | VaAcc: 0.8247 | TeAcc: 0.8853

  9,  0 | TrAcc: 0.8940, TrLoss:  0.35804, VaAcc: 0.9131, VaLoss:  0.32021
 MAP NN | TrAcc: 0.8879 | VaAcc: 0.8989 | TeAcc: 0.9233
 S NN | TrAcc: 0.8372 | VaAcc: 0.8169 | TeAcc: 0.8633

 10,  0 | TrAcc: 0.8931, TrLoss:  0.34894, VaAcc: 0.9248, VaLoss:  0.27433
 MAP NN | TrAcc: 0.8784 | VaAcc: 0.8916 | TeAcc: 0.9160
 S NN | TrAcc: 0.7742 | VaAcc: 0.8398 | TeAcc: 0.8115

 11,  0 | TrAcc: 0.9053, TrLoss:  0.32155, VaAcc: 0.8838, VaLoss:  0.42129
 MAP NN | TrAcc: 0.8772 | VaAcc: 0.8877 | TeAcc: 0.9067
 S NN | TrAcc: 0.8386 | VaAcc: 0.7764 | TeAcc: 0.4536

 12,  0 | TrAcc: 0.9167, TrLoss:  0.28962, VaAcc: 0.9116, VaLoss:  0.30686
 MAP NN | TrAcc: 0.9121 | VaAcc: 0.9160 | TeAcc: 0.9390
 S NN | TrAcc: 0.8420 | VaAcc: 0.8838 | TeAcc: 0.8770

 13,  0 | TrAcc: 0.8982, TrLoss:  0.33726, VaAcc: 0.8979, VaLoss:  0.34584
 MAP NN | TrAcc: 0.9114 | VaAcc: 0.9087 | TeAcc: 0.9316
 S NN | TrAcc: 0.8010 | VaAcc: 0.8745 | TeAcc: 0.5874

 14,  0 | TrAcc: 0.9128, TrLoss:  0.29496, VaAcc: 0.9102, VaLoss:  0.31564
 MAP NN | TrAcc: 0.9127 | VaAcc: 0.9141 | TeAcc: 0.9380
 S NN | TrAcc: 0.8602 | VaAcc: 0.8193 | TeAcc: 0.8638

 15,  0 | TrAcc: 0.9177, TrLoss:  0.27403, VaAcc: 0.9131, VaLoss:  0.30432
 MAP NN | TrAcc: 0.9220 | VaAcc: 0.9199 | TeAcc: 0.9355
 S NN | TrAcc: 0.8392 | VaAcc: 0.8247 | TeAcc: 0.9126

 16,  0 | TrAcc: 0.9231, TrLoss:  0.25475, VaAcc: 0.9160, VaLoss:  0.32209
 MAP NN | TrAcc: 0.9139 | VaAcc: 0.9136 | TeAcc: 0.9380
 S NN | TrAcc: 0.8843 | VaAcc: 0.8706 | TeAcc: 0.9072

 17,  0 | TrAcc: 0.9242, TrLoss:  0.25441, VaAcc: 0.9194, VaLoss:  0.31279
 MAP NN | TrAcc: 0.9318 | VaAcc: 0.9238 | TeAcc: 0.9409
 S NN | TrAcc: 0.8950 | VaAcc: 0.8901 | TeAcc: 0.9043

 18,  0 | TrAcc: 0.9296, TrLoss:  0.23465, VaAcc: 0.9233, VaLoss:  0.25625
 MAP NN | TrAcc: 0.9224 | VaAcc: 0.9189 | TeAcc: 0.9419
 S NN | TrAcc: 0.8807 | VaAcc: 0.8916 | TeAcc: 0.5977

 19,  0 | TrAcc: 0.9344, TrLoss:  0.22669, VaAcc: 0.9375, VaLoss:  0.23505
 MAP NN | TrAcc: 0.9100 | VaAcc: 0.9077 | TeAcc: 0.6436
 S NN | TrAcc: 0.8578 | VaAcc: 0.8584 | TeAcc: 0.9287

 20,  0 | TrAcc: 0.9375, TrLoss:  0.21373, VaAcc: 0.9292, VaLoss:  0.25841
 MAP NN | TrAcc: 0.9204 | VaAcc: 0.9204 | TeAcc: 0.9453
 S NN | TrAcc: 0.8798 | VaAcc: 0.9092 | TeAcc: 0.9214

 21,  0 | TrAcc: 0.9352, TrLoss:  0.21195, VaAcc: 0.9360, VaLoss:  0.22631
 MAP NN | TrAcc: 0.9250 | VaAcc: 0.9229 | TeAcc: 0.9429
 S NN | TrAcc: 0.8671 | VaAcc: 0.9004 | TeAcc: 0.6196

 22,  0 | TrAcc: 0.9348, TrLoss:  0.22648, VaAcc: 0.9277, VaLoss:  0.27461
 MAP NN | TrAcc: 0.9283 | VaAcc: 0.9272 | TeAcc: 0.9478
 S NN | TrAcc: 0.8591 | VaAcc: 0.8618 | TeAcc: 0.8774

 23,  0 | TrAcc: 0.9268, TrLoss:  0.23165, VaAcc: 0.9419, VaLoss:  0.20855
 MAP NN | TrAcc: 0.9275 | VaAcc: 0.9160 | TeAcc: 0.9438
 S NN | TrAcc: 0.8368 | VaAcc: 0.8418 | TeAcc: 0.9360

 24,  0 | TrAcc: 0.9436, TrLoss:  0.19225, VaAcc: 0.9351, VaLoss:  0.22251
 MAP NN | TrAcc: 0.9156 | VaAcc: 0.9087 | TeAcc: 0.9351
 S NN | TrAcc: 0.8842 | VaAcc: 0.8984 | TeAcc: 0.9355

 25,  0 | TrAcc: 0.9366, TrLoss:  0.20990, VaAcc: 0.9287, VaLoss:  0.26870
 MAP NN | TrAcc: 0.9170 | VaAcc: 0.9116 | TeAcc: 0.9390
 S NN | TrAcc: 0.9181 | VaAcc: 0.9014 | TeAcc: 0.8691

 26,  0 | TrAcc: 0.9399, TrLoss:  0.18920, VaAcc: 0.9385, VaLoss:  0.21348
 MAP NN | TrAcc: 0.9321 | VaAcc: 0.9263 | TeAcc: 0.9409
 S NN | TrAcc: 0.8812 | VaAcc: 0.9146 | TeAcc: 0.8994

 27,  0 | TrAcc: 0.9436, TrLoss:  0.18083, VaAcc: 0.9365, VaLoss:  0.25542
 MAP NN | TrAcc: 0.9407 | VaAcc: 0.9312 | TeAcc: 0.9492
 S NN | TrAcc: 0.8961 | VaAcc: 0.8867 | TeAcc: 0.9438

 28,  0 | TrAcc: 0.9480, TrLoss:  0.17135, VaAcc: 0.9434, VaLoss:  0.20924
 MAP NN | TrAcc: 0.9401 | VaAcc: 0.9346 | TeAcc: 0.9463
 S NN | TrAcc: 0.9149 | VaAcc: 0.8774 | TeAcc: 0.9287

 29,  0 | TrAcc: 0.9479, TrLoss:  0.17505, VaAcc: 0.9370, VaLoss:  0.22635
 MAP NN | TrAcc: 0.9412 | VaAcc: 0.9326 | TeAcc: 0.9517
 S NN | TrAcc: 0.8833 | VaAcc: 0.8682 | TeAcc: 0.9507

 30,  0 | TrAcc: 0.9462, TrLoss:  0.18087, VaAcc: 0.9346, VaLoss:  0.23231
 MAP NN | TrAcc: 0.9445 | VaAcc: 0.9375 | TeAcc: 0.9531
 S NN | TrAcc: 0.8658 | VaAcc: 0.9253 | TeAcc: 0.9404

 31,  0 | TrAcc: 0.9492, TrLoss:  0.17302, VaAcc: 0.9390, VaLoss:  0.24177
 MAP NN | TrAcc: 0.9393 | VaAcc: 0.9375 | TeAcc: 0.9526
 S NN | TrAcc: 0.8804 | VaAcc: 0.9268 | TeAcc: 0.9414

 32,  0 | TrAcc: 0.9485, TrLoss:  0.16868, VaAcc: 0.9380, VaLoss:  0.25592
 MAP NN | TrAcc: 0.9473 | VaAcc: 0.9380 | TeAcc: 0.9541
 S NN | TrAcc: 0.9061 | VaAcc: 0.9067 | TeAcc: 0.9414

 33,  0 | TrAcc: 0.9518, TrLoss:  0.15545, VaAcc: 0.9434, VaLoss:  0.19501
 MAP NN | TrAcc: 0.9387 | VaAcc: 0.9365 | TeAcc: 0.9536
 S NN | TrAcc: 0.9102 | VaAcc: 0.9297 | TeAcc: 0.9370

 34,  0 | TrAcc: 0.9528, TrLoss:  0.15557, VaAcc: 0.9390, VaLoss:  0.22336
 MAP NN | TrAcc: 0.9430 | VaAcc: 0.9414 | TeAcc: 0.9497
 S NN | TrAcc: 0.9218 | VaAcc: 0.9106 | TeAcc: 0.9321

 35,  0 | TrAcc: 0.9521, TrLoss:  0.15335, VaAcc: 0.9424, VaLoss:  0.20099
 MAP NN | TrAcc: 0.9491 | VaAcc: 0.9346 | TeAcc: 0.9531
 S NN | TrAcc: 0.9188 | VaAcc: 0.9175 | TeAcc: 0.9487

 36,  0 | TrAcc: 0.9540, TrLoss:  0.15783, VaAcc: 0.9316, VaLoss:  0.25771
 MAP NN | TrAcc: 0.9484 | VaAcc: 0.9370 | TeAcc: 0.9575
 S NN | TrAcc: 0.9292 | VaAcc: 0.9282 | TeAcc: 0.9160

 37,  0 | TrAcc: 0.9572, TrLoss:  0.14594, VaAcc: 0.9443, VaLoss:  0.20916
 MAP NN | TrAcc: 0.9535 | VaAcc: 0.9443 | TeAcc: 0.9536
 S NN | TrAcc: 0.9092 | VaAcc: 0.9272 | TeAcc: 0.9443

 38,  0 | TrAcc: 0.9578, TrLoss:  0.14390, VaAcc: 0.9390, VaLoss:  0.21051
 MAP NN | TrAcc: 0.9528 | VaAcc: 0.9434 | TeAcc: 0.9561
 S NN | TrAcc: 0.9039 | VaAcc: 0.9248 | TeAcc: 0.9380

 39,  0 | TrAcc: 0.9517, TrLoss:  0.15153, VaAcc: 0.9458, VaLoss:  0.19316
 MAP NN | TrAcc: 0.9451 | VaAcc: 0.9360 | TeAcc: 0.9517
 S NN | TrAcc: 0.9363 | VaAcc: 0.9028 | TeAcc: 0.6494

 40,  0 | TrAcc: 0.9503, TrLoss:  0.15077, VaAcc: 0.9478, VaLoss:  0.18497
 MAP NN | TrAcc: 0.9506 | VaAcc: 0.9463 | TeAcc: 0.9590
 S NN | TrAcc: 0.9156 | VaAcc: 0.9214 | TeAcc: 0.9517

 41,  0 | TrAcc: 0.9523, TrLoss:  0.15326, VaAcc: 0.9473, VaLoss:  0.20472
 MAP NN | TrAcc: 0.9497 | VaAcc: 0.9414 | TeAcc: 0.9629
 S NN | TrAcc: 0.9193 | VaAcc: 0.7471 | TeAcc: 0.9448

 42,  0 | TrAcc: 0.9568, TrLoss:  0.14573, VaAcc: 0.9448, VaLoss:  0.19930
 MAP NN | TrAcc: 0.9554 | VaAcc: 0.9482 | TeAcc: 0.9629
 S NN | TrAcc: 0.9297 | VaAcc: 0.9224 | TeAcc: 0.9487

 43,  0 | TrAcc: 0.9486, TrLoss:  0.16730, VaAcc: 0.9419, VaLoss:  0.20792
 MAP NN | TrAcc: 0.9546 | VaAcc: 0.9424 | TeAcc: 0.9653
 S NN | TrAcc: 0.9296 | VaAcc: 0.9316 | TeAcc: 0.9556

 44,  0 | TrAcc: 0.9612, TrLoss:  0.12655, VaAcc: 0.9453, VaLoss:  0.20348
 MAP NN | TrAcc: 0.9561 | VaAcc: 0.9414 | TeAcc: 0.9614
 S NN | TrAcc: 0.9279 | VaAcc: 0.7627 | TeAcc: 0.9419

 45,  0 | TrAcc: 0.9513, TrLoss:  0.15330, VaAcc: 0.9429, VaLoss:  0.19834
 MAP NN | TrAcc: 0.9570 | VaAcc: 0.9409 | TeAcc: 0.9634
 S NN | TrAcc: 0.9319 | VaAcc: 0.9326 | TeAcc: 0.9561

 46,  0 | TrAcc: 0.9541, TrLoss:  0.14742, VaAcc: 0.9473, VaLoss:  0.18972
 MAP NN | TrAcc: 0.9515 | VaAcc: 0.9434 | TeAcc: 0.9600
 S NN | TrAcc: 0.9070 | VaAcc: 0.9268 | TeAcc: 0.9443

 47,  0 | TrAcc: 0.9631, TrLoss:  0.12610, VaAcc: 0.9468, VaLoss:  0.19437
 MAP NN | TrAcc: 0.9569 | VaAcc: 0.9448 | TeAcc: 0.9634
 S NN | TrAcc: 0.9468 | VaAcc: 0.9258 | TeAcc: 0.9346

 48,  0 | TrAcc: 0.9639, TrLoss:  0.12347, VaAcc: 0.9497, VaLoss:  0.18041
 MAP NN | TrAcc: 0.9580 | VaAcc: 0.9424 | TeAcc: 0.9653
 S NN | TrAcc: 0.9500 | VaAcc: 0.9277 | TeAcc: 0.9487

 49,  0 | TrAcc: 0.9619, TrLoss:  0.12659, VaAcc: 0.9473, VaLoss:  0.19769
 MAP NN | TrAcc: 0.9556 | VaAcc: 0.9448 | TeAcc: 0.9629
 S NN | TrAcc: 0.9436 | VaAcc: 0.9341 | TeAcc: 0.9521

 50,  0 | TrAcc: 0.9606, TrLoss:  0.12249, VaAcc: 0.9546, VaLoss:  0.17483
 MAP NN | TrAcc: 0.9594 | VaAcc: 0.9502 | TeAcc: 0.9683
 S NN | TrAcc: 0.9302 | VaAcc: 0.9307 | TeAcc: 0.9600

 51,  0 | TrAcc: 0.9626, TrLoss:  0.12747, VaAcc: 0.9531, VaLoss:  0.17168
 MAP NN | TrAcc: 0.9628 | VaAcc: 0.9502 | TeAcc: 0.9663
 S NN | TrAcc: 0.9205 | VaAcc: 0.9292 | TeAcc: 0.9404

 52,  0 | TrAcc: 0.9596, TrLoss:  0.13164, VaAcc: 0.9492, VaLoss:  0.19175
 MAP NN | TrAcc: 0.9645 | VaAcc: 0.9502 | TeAcc: 0.9658
 S NN | TrAcc: 0.9485 | VaAcc: 0.9390 | TeAcc: 0.9385

 53,  0 | TrAcc: 0.9639, TrLoss:  0.11573, VaAcc: 0.9438, VaLoss:  0.19123
 MAP NN | TrAcc: 0.9620 | VaAcc: 0.9438 | TeAcc: 0.9673
 S NN | TrAcc: 0.9332 | VaAcc: 0.9355 | TeAcc: 0.9575

 54,  0 | TrAcc: 0.9618, TrLoss:  0.12113, VaAcc: 0.9507, VaLoss:  0.15977
 MAP NN | TrAcc: 0.9586 | VaAcc: 0.9497 | TeAcc: 0.9624
 S NN | TrAcc: 0.9250 | VaAcc: 0.9121 | TeAcc: 0.9590

 55,  0 | TrAcc: 0.9623, TrLoss:  0.12385, VaAcc: 0.9434, VaLoss:  0.20518
 MAP NN | TrAcc: 0.9623 | VaAcc: 0.9414 | TeAcc: 0.9639
 S NN | TrAcc: 0.9427 | VaAcc: 0.9341 | TeAcc: 0.9575

 56,  0 | TrAcc: 0.9623, TrLoss:  0.11880, VaAcc: 0.9565, VaLoss:  0.16113
 MAP NN | TrAcc: 0.9661 | VaAcc: 0.9497 | TeAcc: 0.9639
 S NN | TrAcc: 0.9373 | VaAcc: 0.9355 | TeAcc: 0.9512

 57,  0 | TrAcc: 0.9662, TrLoss:  0.11369, VaAcc: 0.9531, VaLoss:  0.16783
 MAP NN | TrAcc: 0.9677 | VaAcc: 0.9429 | TeAcc: 0.9644
 S NN | TrAcc: 0.9384 | VaAcc: 0.9399 | TeAcc: 0.9551

 58,  0 | TrAcc: 0.9579, TrLoss:  0.13700, VaAcc: 0.9453, VaLoss:  0.20269
 MAP NN | TrAcc: 0.9565 | VaAcc: 0.9443 | TeAcc: 0.9614
 S NN | TrAcc: 0.9353 | VaAcc: 0.9297 | TeAcc: 0.9546

 59,  0 | TrAcc: 0.9698, TrLoss:  0.10670, VaAcc: 0.9492, VaLoss:  0.18260
 MAP NN | TrAcc: 0.9673 | VaAcc: 0.9512 | TeAcc: 0.9648
 S NN | TrAcc: 0.9393 | VaAcc: 0.7695 | TeAcc: 0.9580

 60,  0 | TrAcc: 0.9683, TrLoss:  0.11048, VaAcc: 0.9502, VaLoss:  0.17397
 MAP NN | TrAcc: 0.9601 | VaAcc: 0.9434 | TeAcc: 0.9644
 S NN | TrAcc: 0.9342 | VaAcc: 0.9355 | TeAcc: 0.9507

 61,  0 | TrAcc: 0.9614, TrLoss:  0.11811, VaAcc: 0.9487, VaLoss:  0.18944
 MAP NN | TrAcc: 0.9620 | VaAcc: 0.9468 | TeAcc: 0.9648
 S NN | TrAcc: 0.9454 | VaAcc: 0.9268 | TeAcc: 0.9497

 62,  0 | TrAcc: 0.9689, TrLoss:  0.10446, VaAcc: 0.9478, VaLoss:  0.19606
 MAP NN | TrAcc: 0.9614 | VaAcc: 0.9468 | TeAcc: 0.9653
 S NN | TrAcc: 0.9395 | VaAcc: 0.7725 | TeAcc: 0.9478

 63,  0 | TrAcc: 0.9658, TrLoss:  0.10846, VaAcc: 0.9492, VaLoss:  0.19129
 MAP NN | TrAcc: 0.9661 | VaAcc: 0.9521 | TeAcc: 0.9663
 S NN | TrAcc: 0.9316 | VaAcc: 0.9312 | TeAcc: 0.9263

 64,  0 | TrAcc: 0.9666, TrLoss:  0.10615, VaAcc: 0.9463, VaLoss:  0.19835
 MAP NN | TrAcc: 0.9641 | VaAcc: 0.9531 | TeAcc: 0.9619
 S NN | TrAcc: 0.9491 | VaAcc: 0.9302 | TeAcc: 0.9604

 65,  0 | TrAcc: 0.9672, TrLoss:  0.10271, VaAcc: 0.9478, VaLoss:  0.18164
 MAP NN | TrAcc: 0.9679 | VaAcc: 0.9463 | TeAcc: 0.9663
 S NN | TrAcc: 0.9436 | VaAcc: 0.9443 | TeAcc: 0.9585

 66,  0 | TrAcc: 0.9666, TrLoss:  0.10843, VaAcc: 0.9536, VaLoss:  0.18146
 MAP NN | TrAcc: 0.9619 | VaAcc: 0.9399 | TeAcc: 0.9570
 S NN | TrAcc: 0.9484 | VaAcc: 0.9268 | TeAcc: 0.9600

 67,  0 | TrAcc: 0.9690, TrLoss:  0.10999, VaAcc: 0.9473, VaLoss:  0.18521
 MAP NN | TrAcc: 0.9630 | VaAcc: 0.9438 | TeAcc: 0.9614
 S NN | TrAcc: 0.9397 | VaAcc: 0.9336 | TeAcc: 0.9590

 68,  0 | TrAcc: 0.9675, TrLoss:  0.10213, VaAcc: 0.9526, VaLoss:  0.17141
 MAP NN | TrAcc: 0.9683 | VaAcc: 0.9492 | TeAcc: 0.9678
 S NN | TrAcc: 0.9581 | VaAcc: 0.9277 | TeAcc: 0.9585

 69,  0 | TrAcc: 0.9703, TrLoss:  0.09712, VaAcc: 0.9604, VaLoss:  0.16013
 MAP NN | TrAcc: 0.9701 | VaAcc: 0.9512 | TeAcc: 0.9673
 S NN | TrAcc: 0.9471 | VaAcc: 0.9429 | TeAcc: 0.9692

 70,  0 | TrAcc: 0.9735, TrLoss:  0.08854, VaAcc: 0.9487, VaLoss:  0.18887
 MAP NN | TrAcc: 0.9640 | VaAcc: 0.9443 | TeAcc: 0.9673
 S NN | TrAcc: 0.9460 | VaAcc: 0.9414 | TeAcc: 0.9604

 71,  0 | TrAcc: 0.9712, TrLoss:  0.09715, VaAcc: 0.9443, VaLoss:  0.19880
 MAP NN | TrAcc: 0.9659 | VaAcc: 0.9512 | TeAcc: 0.9668
 S NN | TrAcc: 0.9441 | VaAcc: 0.9355 | TeAcc: 0.9624

 72,  0 | TrAcc: 0.9722, TrLoss:  0.09372, VaAcc: 0.9502, VaLoss:  0.17776
 MAP NN | TrAcc: 0.9705 | VaAcc: 0.9453 | TeAcc: 0.9644
 S NN | TrAcc: 0.9536 | VaAcc: 0.9463 | TeAcc: 0.9585

 73,  0 | TrAcc: 0.9725, TrLoss:  0.08720, VaAcc: 0.9575, VaLoss:  0.16319
 MAP NN | TrAcc: 0.9696 | VaAcc: 0.9497 | TeAcc: 0.9644
 S NN | TrAcc: 0.9464 | VaAcc: 0.9346 | TeAcc: 0.9600

 74,  0 | TrAcc: 0.9712, TrLoss:  0.09390, VaAcc: 0.9438, VaLoss:  0.19061
 MAP NN | TrAcc: 0.9662 | VaAcc: 0.9429 | TeAcc: 0.9634
 S NN | TrAcc: 0.9567 | VaAcc: 0.9453 | TeAcc: 0.9580

 75,  0 | TrAcc: 0.9692, TrLoss:  0.10274, VaAcc: 0.9595, VaLoss:  0.17098
 MAP NN | TrAcc: 0.9657 | VaAcc: 0.9414 | TeAcc: 0.9648
 S NN | TrAcc: 0.9449 | VaAcc: 0.9453 | TeAcc: 0.9595

 76,  0 | TrAcc: 0.9727, TrLoss:  0.08924, VaAcc: 0.9521, VaLoss:  0.18635
 MAP NN | TrAcc: 0.9667 | VaAcc: 0.9443 | TeAcc: 0.9648
 S NN | TrAcc: 0.9457 | VaAcc: 0.9292 | TeAcc: 0.9556

 77,  0 | TrAcc: 0.9741, TrLoss:  0.08540, VaAcc: 0.9521, VaLoss:  0.17329
 MAP NN | TrAcc: 0.9658 | VaAcc: 0.9478 | TeAcc: 0.9648
 S NN | TrAcc: 0.9563 | VaAcc: 0.9458 | TeAcc: 0.9624

 78,  0 | TrAcc: 0.9714, TrLoss:  0.09318, VaAcc: 0.9551, VaLoss:  0.17041
 MAP NN | TrAcc: 0.9697 | VaAcc: 0.9507 | TeAcc: 0.9648
 S NN | TrAcc: 0.9520 | VaAcc: 0.9385 | TeAcc: 0.9468

 79,  0 | TrAcc: 0.9749, TrLoss:  0.08485, VaAcc: 0.9517, VaLoss:  0.17822
 MAP NN | TrAcc: 0.9677 | VaAcc: 0.9487 | TeAcc: 0.9624
 S NN | TrAcc: 0.9524 | VaAcc: 0.9443 | TeAcc: 0.9648

 80,  0 | TrAcc: 0.9760, TrLoss:  0.08545, VaAcc: 0.9565, VaLoss:  0.15557
 MAP NN | TrAcc: 0.9702 | VaAcc: 0.9497 | TeAcc: 0.9658
 S NN | TrAcc: 0.9513 | VaAcc: 0.9458 | TeAcc: 0.9644

 81,  0 | TrAcc: 0.9738, TrLoss:  0.08615, VaAcc: 0.9561, VaLoss:  0.16725
 MAP NN | TrAcc: 0.9675 | VaAcc: 0.9492 | TeAcc: 0.9600
 S NN | TrAcc: 0.9612 | VaAcc: 0.9326 | TeAcc: 0.9590

 82,  0 | TrAcc: 0.9750, TrLoss:  0.08310, VaAcc: 0.9507, VaLoss:  0.18364
 MAP NN | TrAcc: 0.9716 | VaAcc: 0.9546 | TeAcc: 0.9673
 S NN | TrAcc: 0.9633 | VaAcc: 0.9429 | TeAcc: 0.9663

 83,  0 | TrAcc: 0.9739, TrLoss:  0.08541, VaAcc: 0.9521, VaLoss:  0.18862
 MAP NN | TrAcc: 0.9711 | VaAcc: 0.9492 | TeAcc: 0.9673
 S NN | TrAcc: 0.9642 | VaAcc: 0.9390 | TeAcc: 0.9639

 84,  0 | TrAcc: 0.9756, TrLoss:  0.08474, VaAcc: 0.9487, VaLoss:  0.19183
 MAP NN | TrAcc: 0.9735 | VaAcc: 0.9492 | TeAcc: 0.9668
 S NN | TrAcc: 0.9597 | VaAcc: 0.9409 | TeAcc: 0.9565

 85,  0 | TrAcc: 0.9723, TrLoss:  0.09278, VaAcc: 0.9492, VaLoss:  0.17193
 MAP NN | TrAcc: 0.9728 | VaAcc: 0.9473 | TeAcc: 0.9692
 S NN | TrAcc: 0.9554 | VaAcc: 0.9409 | TeAcc: 0.9570

 86,  0 | TrAcc: 0.9744, TrLoss:  0.08653, VaAcc: 0.9512, VaLoss:  0.17281
 MAP NN | TrAcc: 0.9749 | VaAcc: 0.9478 | TeAcc: 0.9688
 S NN | TrAcc: 0.9545 | VaAcc: 0.9404 | TeAcc: 0.9570

 87,  0 | TrAcc: 0.9785, TrLoss:  0.07176, VaAcc: 0.9556, VaLoss:  0.16612
 MAP NN | TrAcc: 0.9741 | VaAcc: 0.9492 | TeAcc: 0.9692
 S NN | TrAcc: 0.9611 | VaAcc: 0.9492 | TeAcc: 0.9575

 88,  0 | TrAcc: 0.9755, TrLoss:  0.08103, VaAcc: 0.9468, VaLoss:  0.20238
 MAP NN | TrAcc: 0.9746 | VaAcc: 0.9502 | TeAcc: 0.9678
 S NN | TrAcc: 0.9585 | VaAcc: 0.9443 | TeAcc: 0.9624

 89,  0 | TrAcc: 0.9789, TrLoss:  0.07820, VaAcc: 0.9512, VaLoss:  0.17134
 MAP NN | TrAcc: 0.9758 | VaAcc: 0.9507 | TeAcc: 0.9712
 S NN | TrAcc: 0.9640 | VaAcc: 0.9409 | TeAcc: 0.9600

 90,  0 | TrAcc: 0.9760, TrLoss:  0.08102, VaAcc: 0.9438, VaLoss:  0.19806
 MAP NN | TrAcc: 0.9734 | VaAcc: 0.9453 | TeAcc: 0.9663
 S NN | TrAcc: 0.9655 | VaAcc: 0.9341 | TeAcc: 0.9551

 91,  0 | TrAcc: 0.9781, TrLoss:  0.07362, VaAcc: 0.9556, VaLoss:  0.17092
 MAP NN | TrAcc: 0.9750 | VaAcc: 0.9521 | TeAcc: 0.9663
 S NN | TrAcc: 0.9684 | VaAcc: 0.9375 | TeAcc: 0.9619

 92,  0 | TrAcc: 0.9769, TrLoss:  0.07572, VaAcc: 0.9531, VaLoss:  0.18168
 MAP NN | TrAcc: 0.9752 | VaAcc: 0.9482 | TeAcc: 0.9653
 S NN | TrAcc: 0.9646 | VaAcc: 0.9438 | TeAcc: 0.9634

 93,  0 | TrAcc: 0.9797, TrLoss:  0.06723, VaAcc: 0.9521, VaLoss:  0.16753
 MAP NN | TrAcc: 0.9727 | VaAcc: 0.9546 | TeAcc: 0.9673
 S NN | TrAcc: 0.9625 | VaAcc: 0.9341 | TeAcc: 0.9629

 94,  0 | TrAcc: 0.9801, TrLoss:  0.06793, VaAcc: 0.9526, VaLoss:  0.17155
 MAP NN | TrAcc: 0.9762 | VaAcc: 0.9463 | TeAcc: 0.9688
 S NN | TrAcc: 0.9620 | VaAcc: 0.9458 | TeAcc: 0.9678

 95,  0 | TrAcc: 0.9792, TrLoss:  0.06948, VaAcc: 0.9497, VaLoss:  0.18401
 MAP NN | TrAcc: 0.9778 | VaAcc: 0.9502 | TeAcc: 0.9722
 S NN | TrAcc: 0.9553 | VaAcc: 0.9424 | TeAcc: 0.9585

 96,  0 | TrAcc: 0.9769, TrLoss:  0.07555, VaAcc: 0.9487, VaLoss:  0.17313
 MAP NN | TrAcc: 0.9756 | VaAcc: 0.9517 | TeAcc: 0.9639
 S NN | TrAcc: 0.9633 | VaAcc: 0.9536 | TeAcc: 0.9502

 97,  0 | TrAcc: 0.9797, TrLoss:  0.06688, VaAcc: 0.9546, VaLoss:  0.17143
 MAP NN | TrAcc: 0.9771 | VaAcc: 0.9517 | TeAcc: 0.9722
 S NN | TrAcc: 0.9631 | VaAcc: 0.9512 | TeAcc: 0.9639

 98,  0 | TrAcc: 0.9808, TrLoss:  0.06668, VaAcc: 0.9619, VaLoss:  0.14898
 MAP NN | TrAcc: 0.9784 | VaAcc: 0.9482 | TeAcc: 0.9673
 S NN | TrAcc: 0.9662 | VaAcc: 0.9438 | TeAcc: 0.9668

 99,  0 | TrAcc: 0.9775, TrLoss:  0.07242, VaAcc: 0.9546, VaLoss:  0.17098
 MAP NN | TrAcc: 0.9760 | VaAcc: 0.9482 | TeAcc: 0.9688
 S NN | TrAcc: 0.9652 | VaAcc: 0.9370 | TeAcc: 0.9590

100,  0 | TrAcc: 0.9800, TrLoss:  0.07297, VaAcc: 0.9541, VaLoss:  0.18841
 MAP NN | TrAcc: 0.9795 | VaAcc: 0.9531 | TeAcc: 0.9741
 S NN | TrAcc: 0.9574 | VaAcc: 0.9438 | TeAcc: 0.9629

101,  0 | TrAcc: 0.9761, TrLoss:  0.07577, VaAcc: 0.9565, VaLoss:  0.16593
 MAP NN | TrAcc: 0.9729 | VaAcc: 0.9468 | TeAcc: 0.9683
 S NN | TrAcc: 0.9668 | VaAcc: 0.9492 | TeAcc: 0.9609

102,  0 | TrAcc: 0.9807, TrLoss:  0.07007, VaAcc: 0.9526, VaLoss:  0.17199
 MAP NN | TrAcc: 0.9788 | VaAcc: 0.9487 | TeAcc: 0.9697
 S NN | TrAcc: 0.9635 | VaAcc: 0.9463 | TeAcc: 0.9604

103,  0 | TrAcc: 0.9785, TrLoss:  0.07154, VaAcc: 0.9570, VaLoss:  0.16637
 MAP NN | TrAcc: 0.9796 | VaAcc: 0.9512 | TeAcc: 0.9688
 S NN | TrAcc: 0.9611 | VaAcc: 0.9478 | TeAcc: 0.9692

104,  0 | TrAcc: 0.9807, TrLoss:  0.06576, VaAcc: 0.9521, VaLoss:  0.16652
 MAP NN | TrAcc: 0.9786 | VaAcc: 0.9507 | TeAcc: 0.9668
 S NN | TrAcc: 0.9625 | VaAcc: 0.9502 | TeAcc: 0.9595

105,  0 | TrAcc: 0.9818, TrLoss:  0.06293, VaAcc: 0.9546, VaLoss:  0.19424
 MAP NN | TrAcc: 0.9803 | VaAcc: 0.9561 | TeAcc: 0.9702
 S NN | TrAcc: 0.9623 | VaAcc: 0.9458 | TeAcc: 0.9658

106,  0 | TrAcc: 0.9805, TrLoss:  0.06751, VaAcc: 0.9561, VaLoss:  0.16675
 MAP NN | TrAcc: 0.9791 | VaAcc: 0.9492 | TeAcc: 0.9712
 S NN | TrAcc: 0.9718 | VaAcc: 0.9473 | TeAcc: 0.9624

107,  0 | TrAcc: 0.9838, TrLoss:  0.06038, VaAcc: 0.9585, VaLoss:  0.15838
 MAP NN | TrAcc: 0.9802 | VaAcc: 0.9536 | TeAcc: 0.9673
 S NN | TrAcc: 0.9663 | VaAcc: 0.9458 | TeAcc: 0.9663

108,  0 | TrAcc: 0.9811, TrLoss:  0.06260, VaAcc: 0.9517, VaLoss:  0.17252
 MAP NN | TrAcc: 0.9812 | VaAcc: 0.9521 | TeAcc: 0.9683
 S NN | TrAcc: 0.9669 | VaAcc: 0.9478 | TeAcc: 0.9600

109,  0 | TrAcc: 0.9824, TrLoss:  0.05972, VaAcc: 0.9502, VaLoss:  0.18525
 MAP NN | TrAcc: 0.9825 | VaAcc: 0.9561 | TeAcc: 0.9678
 S NN | TrAcc: 0.9702 | VaAcc: 0.9458 | TeAcc: 0.9658

110,  0 | TrAcc: 0.9816, TrLoss:  0.05919, VaAcc: 0.9531, VaLoss:  0.17103
 MAP NN | TrAcc: 0.9791 | VaAcc: 0.9575 | TeAcc: 0.9644
 S NN | TrAcc: 0.9720 | VaAcc: 0.9434 | TeAcc: 0.9624

111,  0 | TrAcc: 0.9841, TrLoss:  0.05579, VaAcc: 0.9609, VaLoss:  0.15055
 MAP NN | TrAcc: 0.9839 | VaAcc: 0.9526 | TeAcc: 0.9712
 S NN | TrAcc: 0.9672 | VaAcc: 0.9487 | TeAcc: 0.9624

112,  0 | TrAcc: 0.9840, TrLoss:  0.05742, VaAcc: 0.9541, VaLoss:  0.17485
 MAP NN | TrAcc: 0.9819 | VaAcc: 0.9600 | TeAcc: 0.9722
 S NN | TrAcc: 0.9729 | VaAcc: 0.9512 | TeAcc: 0.9585

113,  0 | TrAcc: 0.9821, TrLoss:  0.05644, VaAcc: 0.9561, VaLoss:  0.17104
 MAP NN | TrAcc: 0.9791 | VaAcc: 0.9546 | TeAcc: 0.9712
 S NN | TrAcc: 0.9719 | VaAcc: 0.9370 | TeAcc: 0.9629

114,  0 | TrAcc: 0.9810, TrLoss:  0.06294, VaAcc: 0.9595, VaLoss:  0.15426
 MAP NN | TrAcc: 0.9786 | VaAcc: 0.9541 | TeAcc: 0.9658
 S NN | TrAcc: 0.9568 | VaAcc: 0.9512 | TeAcc: 0.9580

115,  0 | TrAcc: 0.9817, TrLoss:  0.05928, VaAcc: 0.9531, VaLoss:  0.18087
 MAP NN | TrAcc: 0.9818 | VaAcc: 0.9526 | TeAcc: 0.9697
 S NN | TrAcc: 0.9675 | VaAcc: 0.9458 | TeAcc: 0.9658

116,  0 | TrAcc: 0.9824, TrLoss:  0.05616, VaAcc: 0.9521, VaLoss:  0.17019
 MAP NN | TrAcc: 0.9830 | VaAcc: 0.9546 | TeAcc: 0.9707
 S NN | TrAcc: 0.9645 | VaAcc: 0.9429 | TeAcc: 0.9531

117,  0 | TrAcc: 0.9844, TrLoss:  0.05391, VaAcc: 0.9517, VaLoss:  0.16901
 MAP NN | TrAcc: 0.9813 | VaAcc: 0.9512 | TeAcc: 0.9702
 S NN | TrAcc: 0.9683 | VaAcc: 0.9404 | TeAcc: 0.9624

118,  0 | TrAcc: 0.9839, TrLoss:  0.05520, VaAcc: 0.9473, VaLoss:  0.17684
 MAP NN | TrAcc: 0.9813 | VaAcc: 0.9517 | TeAcc: 0.9727
 S NN | TrAcc: 0.9758 | VaAcc: 0.9521 | TeAcc: 0.9639

119,  0 | TrAcc: 0.9852, TrLoss:  0.05292, VaAcc: 0.9575, VaLoss:  0.16631
 MAP NN | TrAcc: 0.9816 | VaAcc: 0.9526 | TeAcc: 0.9688
 S NN | TrAcc: 0.9714 | VaAcc: 0.9448 | TeAcc: 0.9668

120,  0 | TrAcc: 0.9814, TrLoss:  0.05977, VaAcc: 0.9575, VaLoss:  0.16512
 MAP NN | TrAcc: 0.9807 | VaAcc: 0.9556 | TeAcc: 0.9712
 S NN | TrAcc: 0.9680 | VaAcc: 0.9478 | TeAcc: 0.9663

121,  0 | TrAcc: 0.9856, TrLoss:  0.05113, VaAcc: 0.9536, VaLoss:  0.16784
 MAP NN | TrAcc: 0.9847 | VaAcc: 0.9546 | TeAcc: 0.9741
 S NN | TrAcc: 0.9760 | VaAcc: 0.9551 | TeAcc: 0.9707

122,  0 | TrAcc: 0.9846, TrLoss:  0.05336, VaAcc: 0.9531, VaLoss:  0.17153
 MAP NN | TrAcc: 0.9816 | VaAcc: 0.9497 | TeAcc: 0.9688
 S NN | TrAcc: 0.9706 | VaAcc: 0.9399 | TeAcc: 0.9634

123,  0 | TrAcc: 0.9824, TrLoss:  0.05583, VaAcc: 0.9570, VaLoss:  0.16176
 MAP NN | TrAcc: 0.9840 | VaAcc: 0.9536 | TeAcc: 0.9668
 S NN | TrAcc: 0.9677 | VaAcc: 0.9541 | TeAcc: 0.9624

124,  0 | TrAcc: 0.9850, TrLoss:  0.05126, VaAcc: 0.9595, VaLoss:  0.15394
 MAP NN | TrAcc: 0.9840 | VaAcc: 0.9565 | TeAcc: 0.9688
 S NN | TrAcc: 0.9766 | VaAcc: 0.9468 | TeAcc: 0.9648

125,  0 | TrAcc: 0.9841, TrLoss:  0.05590, VaAcc: 0.9556, VaLoss:  0.17753
 MAP NN | TrAcc: 0.9825 | VaAcc: 0.9526 | TeAcc: 0.9702
 S NN | TrAcc: 0.9688 | VaAcc: 0.9492 | TeAcc: 0.9668

126,  0 | TrAcc: 0.9825, TrLoss:  0.05540, VaAcc: 0.9526, VaLoss:  0.17105
 MAP NN | TrAcc: 0.9803 | VaAcc: 0.9565 | TeAcc: 0.9673
 S NN | TrAcc: 0.9675 | VaAcc: 0.9458 | TeAcc: 0.9648

127,  0 | TrAcc: 0.9833, TrLoss:  0.05977, VaAcc: 0.9526, VaLoss:  0.17329
 MAP NN | TrAcc: 0.9810 | VaAcc: 0.9565 | TeAcc: 0.9692
 S NN | TrAcc: 0.9679 | VaAcc: 0.9424 | TeAcc: 0.9585

128,  0 | TrAcc: 0.9874, TrLoss:  0.04787, VaAcc: 0.9556, VaLoss:  0.16570
 MAP NN | TrAcc: 0.9856 | VaAcc: 0.9551 | TeAcc: 0.9692
 S NN | TrAcc: 0.9717 | VaAcc: 0.9448 | TeAcc: 0.9639

129,  0 | TrAcc: 0.9877, TrLoss:  0.04354, VaAcc: 0.9634, VaLoss:  0.14858
 MAP NN | TrAcc: 0.9854 | VaAcc: 0.9575 | TeAcc: 0.9712
 S NN | TrAcc: 0.9797 | VaAcc: 0.9482 | TeAcc: 0.9697

130,  0 | TrAcc: 0.9854, TrLoss:  0.04981, VaAcc: 0.9585, VaLoss:  0.17151
 MAP NN | TrAcc: 0.9834 | VaAcc: 0.9600 | TeAcc: 0.9702
 S NN | TrAcc: 0.9674 | VaAcc: 0.9429 | TeAcc: 0.9614

131,  0 | TrAcc: 0.9858, TrLoss:  0.05064, VaAcc: 0.9570, VaLoss:  0.16753
 MAP NN | TrAcc: 0.9834 | VaAcc: 0.9531 | TeAcc: 0.9702
 S NN | TrAcc: 0.9742 | VaAcc: 0.9487 | TeAcc: 0.9648

132,  0 | TrAcc: 0.9858, TrLoss:  0.04884, VaAcc: 0.9570, VaLoss:  0.16303
 MAP NN | TrAcc: 0.9865 | VaAcc: 0.9556 | TeAcc: 0.9707
 S NN | TrAcc: 0.9652 | VaAcc: 0.9531 | TeAcc: 0.9663

133,  0 | TrAcc: 0.9830, TrLoss:  0.05330, VaAcc: 0.9512, VaLoss:  0.16524
 MAP NN | TrAcc: 0.9821 | VaAcc: 0.9512 | TeAcc: 0.9692
 S NN | TrAcc: 0.9740 | VaAcc: 0.9526 | TeAcc: 0.9600

134,  0 | TrAcc: 0.9839, TrLoss:  0.05063, VaAcc: 0.9551, VaLoss:  0.17697
 MAP NN | TrAcc: 0.9841 | VaAcc: 0.9575 | TeAcc: 0.9741
 S NN | TrAcc: 0.9685 | VaAcc: 0.9507 | TeAcc: 0.9707

135,  0 | TrAcc: 0.9843, TrLoss:  0.05135, VaAcc: 0.9590, VaLoss:  0.16255
 MAP NN | TrAcc: 0.9847 | VaAcc: 0.9536 | TeAcc: 0.9692
 S NN | TrAcc: 0.9818 | VaAcc: 0.9492 | TeAcc: 0.9604

136,  0 | TrAcc: 0.9863, TrLoss:  0.04955, VaAcc: 0.9570, VaLoss:  0.15374
 MAP NN | TrAcc: 0.9814 | VaAcc: 0.9561 | TeAcc: 0.9668
 S NN | TrAcc: 0.9731 | VaAcc: 0.9468 | TeAcc: 0.9619

137,  0 | TrAcc: 0.9867, TrLoss:  0.04687, VaAcc: 0.9546, VaLoss:  0.16634
 MAP NN | TrAcc: 0.9849 | VaAcc: 0.9551 | TeAcc: 0.9697
 S NN | TrAcc: 0.9690 | VaAcc: 0.9551 | TeAcc: 0.9683

138,  0 | TrAcc: 0.9868, TrLoss:  0.04252, VaAcc: 0.9570, VaLoss:  0.16130
 MAP NN | TrAcc: 0.9834 | VaAcc: 0.9575 | TeAcc: 0.9683
 S NN | TrAcc: 0.9817 | VaAcc: 0.9531 | TeAcc: 0.9644

139,  0 | TrAcc: 0.9872, TrLoss:  0.04429, VaAcc: 0.9497, VaLoss:  0.18363
 MAP NN | TrAcc: 0.9821 | VaAcc: 0.9526 | TeAcc: 0.9653
 S NN | TrAcc: 0.9783 | VaAcc: 0.9473 | TeAcc: 0.9595

140,  0 | TrAcc: 0.9880, TrLoss:  0.04367, VaAcc: 0.9556, VaLoss:  0.17062
 MAP NN | TrAcc: 0.9829 | VaAcc: 0.9531 | TeAcc: 0.9697
 S NN | TrAcc: 0.9711 | VaAcc: 0.9468 | TeAcc: 0.9683

141,  0 | TrAcc: 0.9878, TrLoss:  0.04254, VaAcc: 0.9551, VaLoss:  0.16615
 MAP NN | TrAcc: 0.9865 | VaAcc: 0.9575 | TeAcc: 0.9692
 S NN | TrAcc: 0.9677 | VaAcc: 0.9512 | TeAcc: 0.9624

142,  0 | TrAcc: 0.9872, TrLoss:  0.04547, VaAcc: 0.9575, VaLoss:  0.16228
 MAP NN | TrAcc: 0.9832 | VaAcc: 0.9546 | TeAcc: 0.9717
 S NN | TrAcc: 0.9744 | VaAcc: 0.9448 | TeAcc: 0.9648

143,  0 | TrAcc: 0.9861, TrLoss:  0.04786, VaAcc: 0.9585, VaLoss:  0.15880
 MAP NN | TrAcc: 0.9847 | VaAcc: 0.9575 | TeAcc: 0.9697
 S NN | TrAcc: 0.9823 | VaAcc: 0.9526 | TeAcc: 0.9688

144,  0 | TrAcc: 0.9860, TrLoss:  0.04390, VaAcc: 0.9526, VaLoss:  0.17948
 MAP NN | TrAcc: 0.9823 | VaAcc: 0.9531 | TeAcc: 0.9683
 S NN | TrAcc: 0.9766 | VaAcc: 0.9453 | TeAcc: 0.9673

145,  0 | TrAcc: 0.9880, TrLoss:  0.04348, VaAcc: 0.9561, VaLoss:  0.18027
 MAP NN | TrAcc: 0.9862 | VaAcc: 0.9561 | TeAcc: 0.9707
 S NN | TrAcc: 0.9802 | VaAcc: 0.9507 | TeAcc: 0.9673

146,  0 | TrAcc: 0.9821, TrLoss:  0.05779, VaAcc: 0.9541, VaLoss:  0.16775
 MAP NN | TrAcc: 0.9780 | VaAcc: 0.9551 | TeAcc: 0.9653
 S NN | TrAcc: 0.9672 | VaAcc: 0.9473 | TeAcc: 0.9624

147,  0 | TrAcc: 0.9861, TrLoss:  0.04436, VaAcc: 0.9595, VaLoss:  0.15976
 MAP NN | TrAcc: 0.9844 | VaAcc: 0.9536 | TeAcc: 0.9702
 S NN | TrAcc: 0.9725 | VaAcc: 0.9492 | TeAcc: 0.9678

148,  0 | TrAcc: 0.9896, TrLoss:  0.04036, VaAcc: 0.9590, VaLoss:  0.15382
 MAP NN | TrAcc: 0.9857 | VaAcc: 0.9570 | TeAcc: 0.9712
 S NN | TrAcc: 0.9740 | VaAcc: 0.9482 | TeAcc: 0.9663

149,  0 | TrAcc: 0.9890, TrLoss:  0.03997, VaAcc: 0.9590, VaLoss:  0.15784
 MAP NN | TrAcc: 0.9882 | VaAcc: 0.9551 | TeAcc: 0.9712
 S NN | TrAcc: 0.9749 | VaAcc: 0.9536 | TeAcc: 0.9688

150,  0 | TrAcc: 0.9894, TrLoss:  0.03760, VaAcc: 0.9561, VaLoss:  0.17781
 MAP NN | TrAcc: 0.9886 | VaAcc: 0.9590 | TeAcc: 0.9702
 S NN | TrAcc: 0.9775 | VaAcc: 0.9570 | TeAcc: 0.9702

151,  0 | TrAcc: 0.9900, TrLoss:  0.03789, VaAcc: 0.9629, VaLoss:  0.15548
 MAP NN | TrAcc: 0.9891 | VaAcc: 0.9604 | TeAcc: 0.9712
 S NN | TrAcc: 0.9802 | VaAcc: 0.9492 | TeAcc: 0.9697

152,  0 | TrAcc: 0.9895, TrLoss:  0.03666, VaAcc: 0.9609, VaLoss:  0.16099
 MAP NN | TrAcc: 0.9871 | VaAcc: 0.9585 | TeAcc: 0.9717
 S NN | TrAcc: 0.9812 | VaAcc: 0.9502 | TeAcc: 0.9678

153,  0 | TrAcc: 0.9901, TrLoss:  0.03596, VaAcc: 0.9580, VaLoss:  0.15254
 MAP NN | TrAcc: 0.9868 | VaAcc: 0.9609 | TeAcc: 0.9697
 S NN | TrAcc: 0.9821 | VaAcc: 0.9556 | TeAcc: 0.9648

154,  0 | TrAcc: 0.9893, TrLoss:  0.03751, VaAcc: 0.9585, VaLoss:  0.16969
 MAP NN | TrAcc: 0.9851 | VaAcc: 0.9575 | TeAcc: 0.9692
 S NN | TrAcc: 0.9816 | VaAcc: 0.9556 | TeAcc: 0.9658

155,  0 | TrAcc: 0.9891, TrLoss:  0.03730, VaAcc: 0.9600, VaLoss:  0.16268
 MAP NN | TrAcc: 0.9882 | VaAcc: 0.9614 | TeAcc: 0.9712
 S NN | TrAcc: 0.9822 | VaAcc: 0.9561 | TeAcc: 0.9614

156,  0 | TrAcc: 0.9895, TrLoss:  0.03366, VaAcc: 0.9590, VaLoss:  0.16122
 MAP NN | TrAcc: 0.9885 | VaAcc: 0.9600 | TeAcc: 0.9702
 S NN | TrAcc: 0.9812 | VaAcc: 0.9561 | TeAcc: 0.9707

157,  0 | TrAcc: 0.9902, TrLoss:  0.03361, VaAcc: 0.9580, VaLoss:  0.16269
 MAP NN | TrAcc: 0.9885 | VaAcc: 0.9521 | TeAcc: 0.9692
 S NN | TrAcc: 0.9830 | VaAcc: 0.9531 | TeAcc: 0.9639

158,  0 | TrAcc: 0.9905, TrLoss:  0.03519, VaAcc: 0.9595, VaLoss:  0.15451
 MAP NN | TrAcc: 0.9888 | VaAcc: 0.9624 | TeAcc: 0.9717
 S NN | TrAcc: 0.9803 | VaAcc: 0.9502 | TeAcc: 0.9653

159,  0 | TrAcc: 0.9895, TrLoss:  0.03526, VaAcc: 0.9580, VaLoss:  0.17011
 MAP NN | TrAcc: 0.9879 | VaAcc: 0.9561 | TeAcc: 0.9702
 S NN | TrAcc: 0.9774 | VaAcc: 0.9487 | TeAcc: 0.9644

160,  0 | TrAcc: 0.9871, TrLoss:  0.04250, VaAcc: 0.9546, VaLoss:  0.18354
 MAP NN | TrAcc: 0.9893 | VaAcc: 0.9590 | TeAcc: 0.9712
 S NN | TrAcc: 0.9768 | VaAcc: 0.9463 | TeAcc: 0.9644

161,  0 | TrAcc: 0.9890, TrLoss:  0.03744, VaAcc: 0.9609, VaLoss:  0.17182
 MAP NN | TrAcc: 0.9871 | VaAcc: 0.9600 | TeAcc: 0.9722
 S NN | TrAcc: 0.9816 | VaAcc: 0.9507 | TeAcc: 0.9697

162,  0 | TrAcc: 0.9897, TrLoss:  0.03638, VaAcc: 0.9561, VaLoss:  0.17743
 MAP NN | TrAcc: 0.9877 | VaAcc: 0.9609 | TeAcc: 0.9692
 S NN | TrAcc: 0.9823 | VaAcc: 0.9536 | TeAcc: 0.9678

163,  0 | TrAcc: 0.9890, TrLoss:  0.03722, VaAcc: 0.9556, VaLoss:  0.16506
 MAP NN | TrAcc: 0.9871 | VaAcc: 0.9600 | TeAcc: 0.9731
 S NN | TrAcc: 0.9832 | VaAcc: 0.9575 | TeAcc: 0.9712

164,  0 | TrAcc: 0.9900, TrLoss:  0.03589, VaAcc: 0.9561, VaLoss:  0.17707
 MAP NN | TrAcc: 0.9862 | VaAcc: 0.9595 | TeAcc: 0.9678
 S NN | TrAcc: 0.9829 | VaAcc: 0.9517 | TeAcc: 0.9717

165,  0 | TrAcc: 0.9897, TrLoss:  0.03505, VaAcc: 0.9639, VaLoss:  0.15508
 MAP NN | TrAcc: 0.9884 | VaAcc: 0.9614 | TeAcc: 0.9707
 S NN | TrAcc: 0.9813 | VaAcc: 0.9585 | TeAcc: 0.9653

166,  0 | TrAcc: 0.9893, TrLoss:  0.03765, VaAcc: 0.9595, VaLoss:  0.15441
 MAP NN | TrAcc: 0.9867 | VaAcc: 0.9570 | TeAcc: 0.9658
 S NN | TrAcc: 0.9843 | VaAcc: 0.9526 | TeAcc: 0.9702

167,  0 | TrAcc: 0.9896, TrLoss:  0.03545, VaAcc: 0.9512, VaLoss:  0.17584
 MAP NN | TrAcc: 0.9873 | VaAcc: 0.9546 | TeAcc: 0.9712
 S NN | TrAcc: 0.9810 | VaAcc: 0.9526 | TeAcc: 0.9678

168,  0 | TrAcc: 0.9878, TrLoss:  0.04201, VaAcc: 0.9561, VaLoss:  0.17040
 MAP NN | TrAcc: 0.9883 | VaAcc: 0.9551 | TeAcc: 0.9707
 S NN | TrAcc: 0.9812 | VaAcc: 0.9482 | TeAcc: 0.9629

169,  0 | TrAcc: 0.9893, TrLoss:  0.03717, VaAcc: 0.9556, VaLoss:  0.17771
 MAP NN | TrAcc: 0.9869 | VaAcc: 0.9517 | TeAcc: 0.9688
 S NN | TrAcc: 0.9745 | VaAcc: 0.9521 | TeAcc: 0.9678

170,  0 | TrAcc: 0.9902, TrLoss:  0.03630, VaAcc: 0.9580, VaLoss:  0.17047
 MAP NN | TrAcc: 0.9878 | VaAcc: 0.9595 | TeAcc: 0.9702
 S NN | TrAcc: 0.9845 | VaAcc: 0.9561 | TeAcc: 0.9629

171,  0 | TrAcc: 0.9884, TrLoss:  0.03970, VaAcc: 0.9575, VaLoss:  0.16792
 MAP NN | TrAcc: 0.9889 | VaAcc: 0.9590 | TeAcc: 0.9722
 S NN | TrAcc: 0.9833 | VaAcc: 0.9497 | TeAcc: 0.9688

172,  0 | TrAcc: 0.9874, TrLoss:  0.03962, VaAcc: 0.9600, VaLoss:  0.16787
 MAP NN | TrAcc: 0.9840 | VaAcc: 0.9565 | TeAcc: 0.9683
 S NN | TrAcc: 0.9863 | VaAcc: 0.9541 | TeAcc: 0.9697

173,  0 | TrAcc: 0.9902, TrLoss:  0.03552, VaAcc: 0.9546, VaLoss:  0.18507
 MAP NN | TrAcc: 0.9878 | VaAcc: 0.9580 | TeAcc: 0.9731
 S NN | TrAcc: 0.9806 | VaAcc: 0.9551 | TeAcc: 0.9683

174,  0 | TrAcc: 0.9905, TrLoss:  0.03363, VaAcc: 0.9590, VaLoss:  0.15172
 MAP NN | TrAcc: 0.9893 | VaAcc: 0.9590 | TeAcc: 0.9688
 S NN | TrAcc: 0.9800 | VaAcc: 0.9575 | TeAcc: 0.9639

175,  0 | TrAcc: 0.9900, TrLoss:  0.03345, VaAcc: 0.9565, VaLoss:  0.16467
 MAP NN | TrAcc: 0.9868 | VaAcc: 0.9551 | TeAcc: 0.9702
 S NN | TrAcc: 0.9829 | VaAcc: 0.9517 | TeAcc: 0.9678

176,  0 | TrAcc: 0.9857, TrLoss:  0.04376, VaAcc: 0.9487, VaLoss:  0.19453
 MAP NN | TrAcc: 0.9878 | VaAcc: 0.9580 | TeAcc: 0.9707
 S NN | TrAcc: 0.9766 | VaAcc: 0.9521 | TeAcc: 0.9683

177,  0 | TrAcc: 0.9854, TrLoss:  0.05290, VaAcc: 0.9497, VaLoss:  0.18377
 MAP NN | TrAcc: 0.9762 | VaAcc: 0.9478 | TeAcc: 0.9580
 S NN | TrAcc: 0.9762 | VaAcc: 0.9502 | TeAcc: 0.9585

178,  0 | TrAcc: 0.9893, TrLoss:  0.03655, VaAcc: 0.9585, VaLoss:  0.16895
 MAP NN | TrAcc: 0.9900 | VaAcc: 0.9600 | TeAcc: 0.9712
 S NN | TrAcc: 0.9802 | VaAcc: 0.9521 | TeAcc: 0.9707

179,  0 | TrAcc: 0.9896, TrLoss:  0.03406, VaAcc: 0.9604, VaLoss:  0.17084
 MAP NN | TrAcc: 0.9901 | VaAcc: 0.9580 | TeAcc: 0.9688
 S NN | TrAcc: 0.9838 | VaAcc: 0.9546 | TeAcc: 0.9663

180,  0 | TrAcc: 0.9913, TrLoss:  0.02992, VaAcc: 0.9590, VaLoss:  0.16600
 MAP NN | TrAcc: 0.9886 | VaAcc: 0.9565 | TeAcc: 0.9644
 S NN | TrAcc: 0.9821 | VaAcc: 0.9551 | TeAcc: 0.9619

181,  0 | TrAcc: 0.9917, TrLoss:  0.02901, VaAcc: 0.9590, VaLoss:  0.17018
 MAP NN | TrAcc: 0.9919 | VaAcc: 0.9595 | TeAcc: 0.9697
 S NN | TrAcc: 0.9823 | VaAcc: 0.9556 | TeAcc: 0.9673

182,  0 | TrAcc: 0.9916, TrLoss:  0.02760, VaAcc: 0.9536, VaLoss:  0.16483
 MAP NN | TrAcc: 0.9900 | VaAcc: 0.9556 | TeAcc: 0.9639
 S NN | TrAcc: 0.9797 | VaAcc: 0.9458 | TeAcc: 0.9678

183,  0 | TrAcc: 0.9915, TrLoss:  0.02850, VaAcc: 0.9585, VaLoss:  0.16211
 MAP NN | TrAcc: 0.9917 | VaAcc: 0.9609 | TeAcc: 0.9712
 S NN | TrAcc: 0.9858 | VaAcc: 0.9531 | TeAcc: 0.9692

184,  0 | TrAcc: 0.9911, TrLoss:  0.03205, VaAcc: 0.9629, VaLoss:  0.15627
 MAP NN | TrAcc: 0.9917 | VaAcc: 0.9585 | TeAcc: 0.9707
 S NN | TrAcc: 0.9800 | VaAcc: 0.9604 | TeAcc: 0.9639

185,  0 | TrAcc: 0.9921, TrLoss:  0.02861, VaAcc: 0.9609, VaLoss:  0.16215
 MAP NN | TrAcc: 0.9918 | VaAcc: 0.9590 | TeAcc: 0.9722
 S NN | TrAcc: 0.9889 | VaAcc: 0.9590 | TeAcc: 0.9717

186,  0 | TrAcc: 0.9924, TrLoss:  0.02736, VaAcc: 0.9614, VaLoss:  0.16076
 MAP NN | TrAcc: 0.9912 | VaAcc: 0.9590 | TeAcc: 0.9707
 S NN | TrAcc: 0.9800 | VaAcc: 0.9536 | TeAcc: 0.9678

187,  0 | TrAcc: 0.9919, TrLoss:  0.02858, VaAcc: 0.9590, VaLoss:  0.17052
 MAP NN | TrAcc: 0.9923 | VaAcc: 0.9595 | TeAcc: 0.9712
 S NN | TrAcc: 0.9873 | VaAcc: 0.9561 | TeAcc: 0.9678

188,  0 | TrAcc: 0.9911, TrLoss:  0.03162, VaAcc: 0.9580, VaLoss:  0.18927
 MAP NN | TrAcc: 0.9904 | VaAcc: 0.9595 | TeAcc: 0.9688
 S NN | TrAcc: 0.9828 | VaAcc: 0.9536 | TeAcc: 0.9712

189,  0 | TrAcc: 0.9905, TrLoss:  0.03181, VaAcc: 0.9551, VaLoss:  0.18290
 MAP NN | TrAcc: 0.9891 | VaAcc: 0.9585 | TeAcc: 0.9678
 S NN | TrAcc: 0.9800 | VaAcc: 0.9502 | TeAcc: 0.9731

190,  0 | TrAcc: 0.9927, TrLoss:  0.02762, VaAcc: 0.9600, VaLoss:  0.16312
 MAP NN | TrAcc: 0.9921 | VaAcc: 0.9585 | TeAcc: 0.9663
 S NN | TrAcc: 0.9869 | VaAcc: 0.9561 | TeAcc: 0.9678

191,  0 | TrAcc: 0.9907, TrLoss:  0.03216, VaAcc: 0.9551, VaLoss:  0.17908
 MAP NN | TrAcc: 0.9923 | VaAcc: 0.9619 | TeAcc: 0.9722
 S NN | TrAcc: 0.9851 | VaAcc: 0.9565 | TeAcc: 0.9692

192,  0 | TrAcc: 0.9905, TrLoss:  0.02893, VaAcc: 0.9570, VaLoss:  0.16942
 MAP NN | TrAcc: 0.9910 | VaAcc: 0.9604 | TeAcc: 0.9727
 S NN | TrAcc: 0.9834 | VaAcc: 0.9531 | TeAcc: 0.9692

193,  0 | TrAcc: 0.9910, TrLoss:  0.03098, VaAcc: 0.9565, VaLoss:  0.16911
 MAP NN | TrAcc: 0.9910 | VaAcc: 0.9595 | TeAcc: 0.9673
 S NN | TrAcc: 0.9829 | VaAcc: 0.9517 | TeAcc: 0.9683

194,  0 | TrAcc: 0.9944, TrLoss:  0.02379, VaAcc: 0.9575, VaLoss:  0.17878
 MAP NN | TrAcc: 0.9935 | VaAcc: 0.9604 | TeAcc: 0.9692
 S NN | TrAcc: 0.9873 | VaAcc: 0.9604 | TeAcc: 0.9678

195,  0 | TrAcc: 0.9910, TrLoss:  0.02688, VaAcc: 0.9629, VaLoss:  0.16215
 MAP NN | TrAcc: 0.9918 | VaAcc: 0.9585 | TeAcc: 0.9688
 S NN | TrAcc: 0.9866 | VaAcc: 0.9526 | TeAcc: 0.9712

196,  0 | TrAcc: 0.9923, TrLoss:  0.02719, VaAcc: 0.9556, VaLoss:  0.16818
 MAP NN | TrAcc: 0.9930 | VaAcc: 0.9580 | TeAcc: 0.9688
 S NN | TrAcc: 0.9857 | VaAcc: 0.9561 | TeAcc: 0.9658

197,  0 | TrAcc: 0.9945, TrLoss:  0.02275, VaAcc: 0.9551, VaLoss:  0.17760
 MAP NN | TrAcc: 0.9949 | VaAcc: 0.9580 | TeAcc: 0.9692
 S NN | TrAcc: 0.9891 | VaAcc: 0.9517 | TeAcc: 0.9668

198,  0 | TrAcc: 0.9904, TrLoss:  0.03204, VaAcc: 0.9580, VaLoss:  0.18173
 MAP NN | TrAcc: 0.9907 | VaAcc: 0.9565 | TeAcc: 0.9697
 S NN | TrAcc: 0.9840 | VaAcc: 0.9526 | TeAcc: 0.9702

199,  0 | TrAcc: 0.9932, TrLoss:  0.02637, VaAcc: 0.9585, VaLoss:  0.16223
 MAP NN | TrAcc: 0.9915 | VaAcc: 0.9595 | TeAcc: 0.9678
 S NN | TrAcc: 0.9855 | VaAcc: 0.9604 | TeAcc: 0.9678

Results for va_s
Metric: acc   
 96.04 % in iteration  184
Metric: loss  
Results for va_b
Metric: elogl 
 0.288 in iteration    1
Metric: acc   
 96.39 % in iteration  165
EARLY STOP FOR te_s
 96.39 % in iteration  184
