2024-08-08 20:00:04.205525: I tensorflow/core/platform/cpu_feature_guard.cc:141] Your CPU supports instructions that this TensorFlow binary was not compiled to use: SSE4.1 SSE4.2 AVX AVX2 FMA
2024-08-08 20:00:04.402188: I tensorflow/core/common_runtime/gpu/gpu_device.cc:1405] Found device 0 with properties: 
name: GeForce RTX 2080 Ti major: 7 minor: 5 memoryClockRate(GHz): 1.545
pciBusID: 0000:02:00.0
totalMemory: 10.76GiB freeMemory: 10.61GiB
2024-08-08 20:00:04.405243: I tensorflow/core/common_runtime/gpu/gpu_device.cc:1484] Adding visible gpu devices: 0
2024-08-08 20:00:08.007492: I tensorflow/core/common_runtime/gpu/gpu_device.cc:965] Device interconnect StreamExecutor with strength 1 edge matrix:
2024-08-08 20:00:08.007915: I tensorflow/core/common_runtime/gpu/gpu_device.cc:971]      0 
2024-08-08 20:00:08.008173: I tensorflow/core/common_runtime/gpu/gpu_device.cc:984] 0:   N 
2024-08-08 20:00:08.008592: I tensorflow/core/common_runtime/gpu/gpu_device.cc:1097] Created TensorFlow device (/job:localhost/replica:0/task:0/device:GPU:0 with 10237 MB memory) -> physical GPU (device: 0, name: GeForce RTX 2080 Ti, pci bus id: 0000:02:00.0, compute capability: 7.5)
2024-08-08 20:11:05.037940: I tensorflow/core/common_runtime/gpu/gpu_device.cc:1484] Adding visible gpu devices: 0
2024-08-08 20:11:05.038322: I tensorflow/core/common_runtime/gpu/gpu_device.cc:965] Device interconnect StreamExecutor with strength 1 edge matrix:
2024-08-08 20:11:05.038526: I tensorflow/core/common_runtime/gpu/gpu_device.cc:971]      0 
2024-08-08 20:11:05.038734: I tensorflow/core/common_runtime/gpu/gpu_device.cc:984] 0:   N 
2024-08-08 20:11:05.039201: I tensorflow/core/common_runtime/gpu/gpu_device.cc:1097] Created TensorFlow device (/job:localhost/replica:0/task:0/device:GPU:0 with 10237 MB memory) -> physical GPU (device: 0, name: GeForce RTX 2080 Ti, pci bus id: 0000:02:00.0, compute capability: 7.5)
2024-08-08 20:22:01.489700: I tensorflow/core/common_runtime/gpu/gpu_device.cc:1484] Adding visible gpu devices: 0
2024-08-08 20:22:01.490040: I tensorflow/core/common_runtime/gpu/gpu_device.cc:965] Device interconnect StreamExecutor with strength 1 edge matrix:
2024-08-08 20:22:01.490294: I tensorflow/core/common_runtime/gpu/gpu_device.cc:971]      0 
2024-08-08 20:22:01.490473: I tensorflow/core/common_runtime/gpu/gpu_device.cc:984] 0:   N 
2024-08-08 20:22:01.490745: I tensorflow/core/common_runtime/gpu/gpu_device.cc:1097] Created TensorFlow device (/job:localhost/replica:0/task:0/device:GPU:0 with 10237 MB memory) -> physical GPU (device: 0, name: GeForce RTX 2080 Ti, pci bus id: 0000:02:00.0, compute capability: 7.5)
