te
(1450, 4, 45)
va
(1730, 4, 45)
tr
(8080, 4, 45)

=============================
CONFIG FILE
====================================
Training configuration

Learning rate: 0.2, 	Learning rate anneal: inf, 	Tau:  1.0
Algorithm: local reparametrization, 	STE: disabled, 	n forward passes: 1
Var reg: 0.0, 	Dir reg: 0.0, 	Ent reg: 0.0
Data multiplier: None
Gradient clipping: False, 	Gradient clip value: 1.0

Layer #0
lstm_0
Layer norm: False, 	LR Adapt: 
Dropout: False, 	p_dropout: 0.95

Layer #1
lstm_1
Layer norm: False, 	LR Adapt: 
Dropout: False, 	p_dropout: 0.95

Layer #2
output_layer
Layer norm: False, 	LR Adapt: 
Dropout: False, 	p_dropout: 0.95
====================================
RNN configuration

Layer #0, 	Type: input_layer, 	Scope: 
Units: 4, 	N activation bins: None

Layer #1, 	Type: lstm layer, 	Scope: lstm_0
Units: 50, 	N activation bins: None
Bias: True, 	N activation bins: 2, 	Discrete activation: False
Type: ternary, 	Parametetrization: sigmoid, 	Priors: [0.3333333333333333, 0.3333333333333333, 0.3333333333333333]
p_init_min: 0.05, 	p_init_max: 0.95
SB init: ('xavier', None), 	SA init: ('dirichlet', [0.3, 0.3, 0.3])
Type: gaussian, 	M init: -1.5, 	Log V init: ('xavier', None)
M prior: 0.0, 	 Log V prior: 0.0
None
Bias: True, 	N activation bins: 2, 	Discrete activation: False
Type: ternary, 	Parametetrization: sigmoid, 	Priors: [0.3333333333333333, 0.3333333333333333, 0.3333333333333333]
p_init_min: 0.05, 	p_init_max: 0.95
SB init: ('xavier', None), 	SA init: ('dirichlet', [0.3, 0.3, 0.3])
Type: gaussian, 	M init: ('xavier', None), 	Log V init: ('xavier', None)
M prior: 0.0, 	 Log V prior: 0.0
None
Bias: True, 	N activation bins: 2, 	Discrete activation: False
Type: ternary, 	Parametetrization: sigmoid, 	Priors: [0.3333333333333333, 0.3333333333333333, 0.3333333333333333]
p_init_min: 0.05, 	p_init_max: 0.95
SB init: ('xavier', None), 	SA init: ('dirichlet', [0.3, 0.3, 0.3])
Type: gaussian, 	M init: ('xavier', None), 	Log V init: ('xavier', None)
M prior: 0.0, 	 Log V prior: 0.0
None

Layer #2, 	Type: lstm layer, 	Scope: lstm_1
Units: 30, 	N activation bins: None
Bias: True, 	N activation bins: 2, 	Discrete activation: False
Type: ternary, 	Parametetrization: sigmoid, 	Priors: [0.3333333333333333, 0.3333333333333333, 0.3333333333333333]
p_init_min: 0.05, 	p_init_max: 0.95
SB init: ('xavier', None), 	SA init: ('dirichlet', [0.3, 0.3, 0.3])
Type: gaussian, 	M init: -1.5, 	Log V init: ('xavier', None)
M prior: 0.0, 	 Log V prior: 0.0
None
Bias: True, 	N activation bins: 2, 	Discrete activation: False
Type: ternary, 	Parametetrization: sigmoid, 	Priors: [0.3333333333333333, 0.3333333333333333, 0.3333333333333333]
p_init_min: 0.05, 	p_init_max: 0.95
SB init: ('xavier', None), 	SA init: ('dirichlet', [0.3, 0.3, 0.3])
Type: gaussian, 	M init: ('xavier', None), 	Log V init: ('xavier', None)
M prior: 0.0, 	 Log V prior: 0.0
None
Bias: True, 	N activation bins: 2, 	Discrete activation: False
Type: ternary, 	Parametetrization: sigmoid, 	Priors: [0.3333333333333333, 0.3333333333333333, 0.3333333333333333]
p_init_min: 0.05, 	p_init_max: 0.95
SB init: ('xavier', None), 	SA init: ('dirichlet', [0.3, 0.3, 0.3])
Type: gaussian, 	M init: ('xavier', None), 	Log V init: ('xavier', None)
M prior: 0.0, 	 Log V prior: 0.0
None

Layer #3, 	Type: ff layer, 	Scope: output_layer
Units: 10, 	N activation bins: None
====================================
Dataset configuration

Filename: /clusterFS/home/student/kopp13/datasets/mnist_pen_strokes/mps_all_te.mat
Key: te, 	In seq len: 45
Minibatch:  True, 	Size: 1024
Target bias removed: True, 	Shuffle: False

Filename: /clusterFS/home/student/kopp13/datasets/mnist_pen_strokes/mps_all_va.mat
Key: va, 	In seq len: 45
Minibatch:  True, 	Size: 1024
Target bias removed: True, 	Shuffle: False

Filename: /clusterFS/home/student/kopp13/datasets/mnist_pen_strokes/mps_all_tr.mat
Key: tr, 	In seq len: 45
Minibatch:  True, 	Size: 1024
Target bias removed: True, 	Shuffle: True
====================================
Info configuration

Filename:  test
Timer: False, 	Profiling: False, 	Profiling path: None
Save training metrics: True, 	Path: ../nr_spsc/
Save weights: False, 	Every: 1, 	Save best weights: False
Compute T Metrics every: 1

Load model from m_model2, 	 Force it: True
No model saving

starting
[('lstm_0/bc:0', 'lstm_0/bc'), ('lstm_0/bi:0', 'lstm_0/bi'), ('lstm_0/bo:0', 'lstm_0/bo'), ('lstm_0/wc:0', 'lstm_0/wc'), ('lstm_0/wi:0', 'lstm_0/wi'), ('lstm_0/wo:0', 'lstm_0/wo'), ('lstm_1/bc:0', 'lstm_1/bc'), ('lstm_1/bi:0', 'lstm_1/bi'), ('lstm_1/bo:0', 'lstm_1/bo'), ('lstm_1/wc:0', 'lstm_1/wc'), ('lstm_1/wi:0', 'lstm_1/wi'), ('lstm_1/wo:0', 'lstm_1/wo'), ('output_layer/b:0', 'output_layer/b'), ('output_layer/w:0', 'output_layer/w')]
output_layer/w
output_layer/b
=====
New variable
lstm_0/bc:0
lstm_0/bc
=====
New variable
lstm_0/bi:0
lstm_0/bi
=====
New variable
lstm_0/bo:0
lstm_0/bo
=====
New variable
lstm_0/wc:0
lstm_0/wc
=====
New variable
lstm_0/wi:0
lstm_0/wi
=====
New variable
lstm_0/wo:0
lstm_0/wo
=====
New variable
lstm_1/bc:0
lstm_1/bc
=====
New variable
lstm_1/bi:0
lstm_1/bi
=====
New variable
lstm_1/bo:0
lstm_1/bo
=====
New variable
lstm_1/wc:0
lstm_1/wc
=====
New variable
lstm_1/wi:0
lstm_1/wi
=====
New variable
lstm_1/wo:0
lstm_1/wo
=====
New variable
output_layer/b:0
output_layer/b
=====
New variable
output_layer/w:0
output_layer/w
=====
loaded
  0,  0 | TrAcc: 0.1472, TrLoss:  3.18622, VaAcc: 0.1636, VaLoss:  3.06684
 MAP NN | TrAcc: 0.4645 | VaAcc: 0.3862 | TeAcc: 0.3418
 S NN | TrAcc: 0.1499 | VaAcc: 0.0698 | TeAcc: 0.0688

  1,  0 | TrAcc: 0.6875, TrLoss:  1.05016, VaAcc: 0.7153, VaLoss:  0.97246
 MAP NN | TrAcc: 0.7388 | VaAcc: 0.7808 | TeAcc: 0.5234
 S NN | TrAcc: 0.5417 | VaAcc: 0.6597 | TeAcc: 0.2832

  2,  0 | TrAcc: 0.8290, TrLoss:  0.59096, VaAcc: 0.8428, VaLoss:  0.55108
 MAP NN | TrAcc: 0.7882 | VaAcc: 0.8188 | TeAcc: 0.5615
 S NN | TrAcc: 0.7012 | VaAcc: 0.7788 | TeAcc: 0.8286

  3,  0 | TrAcc: 0.8782, TrLoss:  0.42096, VaAcc: 0.8896, VaLoss:  0.41886
 MAP NN | TrAcc: 0.8541 | VaAcc: 0.8730 | TeAcc: 0.8955
 S NN | TrAcc: 0.7777 | VaAcc: 0.6348 | TeAcc: 0.7915

  4,  0 | TrAcc: 0.8964, TrLoss:  0.34835, VaAcc: 0.9019, VaLoss:  0.36898
 MAP NN | TrAcc: 0.9148 | VaAcc: 0.9146 | TeAcc: 0.9409
 S NN | TrAcc: 0.8053 | VaAcc: 0.8716 | TeAcc: 0.8618

  5,  0 | TrAcc: 0.9163, TrLoss:  0.29180, VaAcc: 0.9165, VaLoss:  0.31029
 MAP NN | TrAcc: 0.8979 | VaAcc: 0.9023 | TeAcc: 0.9199
 S NN | TrAcc: 0.8892 | VaAcc: 0.9009 | TeAcc: 0.9248

  6,  0 | TrAcc: 0.9196, TrLoss:  0.27263, VaAcc: 0.9229, VaLoss:  0.28721
 MAP NN | TrAcc: 0.9120 | VaAcc: 0.9097 | TeAcc: 0.9346
 S NN | TrAcc: 0.8434 | VaAcc: 0.8799 | TeAcc: 0.8867

  7,  0 | TrAcc: 0.9308, TrLoss:  0.24070, VaAcc: 0.9287, VaLoss:  0.25918
 MAP NN | TrAcc: 0.8939 | VaAcc: 0.9023 | TeAcc: 0.9224
 S NN | TrAcc: 0.8926 | VaAcc: 0.8970 | TeAcc: 0.8804

  8,  0 | TrAcc: 0.9359, TrLoss:  0.22073, VaAcc: 0.9346, VaLoss:  0.23860
 MAP NN | TrAcc: 0.9299 | VaAcc: 0.9287 | TeAcc: 0.9429
 S NN | TrAcc: 0.9183 | VaAcc: 0.9111 | TeAcc: 0.9307

  9,  0 | TrAcc: 0.9385, TrLoss:  0.20620, VaAcc: 0.9380, VaLoss:  0.22795
 MAP NN | TrAcc: 0.9189 | VaAcc: 0.9209 | TeAcc: 0.9312
 S NN | TrAcc: 0.9230 | VaAcc: 0.9155 | TeAcc: 0.9209

 10,  0 | TrAcc: 0.9458, TrLoss:  0.18914, VaAcc: 0.9438, VaLoss:  0.22456
 MAP NN | TrAcc: 0.9393 | VaAcc: 0.9341 | TeAcc: 0.9561
 S NN | TrAcc: 0.8889 | VaAcc: 0.9253 | TeAcc: 0.6274

 11,  0 | TrAcc: 0.9431, TrLoss:  0.19160, VaAcc: 0.9438, VaLoss:  0.20695
 MAP NN | TrAcc: 0.9489 | VaAcc: 0.9463 | TeAcc: 0.9551
 S NN | TrAcc: 0.9215 | VaAcc: 0.9155 | TeAcc: 0.9253

 12,  0 | TrAcc: 0.9504, TrLoss:  0.16973, VaAcc: 0.9482, VaLoss:  0.19871
 MAP NN | TrAcc: 0.9496 | VaAcc: 0.9453 | TeAcc: 0.9551
 S NN | TrAcc: 0.9266 | VaAcc: 0.9175 | TeAcc: 0.9526

 13,  0 | TrAcc: 0.9507, TrLoss:  0.17064, VaAcc: 0.9419, VaLoss:  0.21589
 MAP NN | TrAcc: 0.9512 | VaAcc: 0.9448 | TeAcc: 0.9595
 S NN | TrAcc: 0.9169 | VaAcc: 0.9287 | TeAcc: 0.9424

 14,  0 | TrAcc: 0.9526, TrLoss:  0.15677, VaAcc: 0.9502, VaLoss:  0.18508
 MAP NN | TrAcc: 0.9547 | VaAcc: 0.9497 | TeAcc: 0.9585
 S NN | TrAcc: 0.9272 | VaAcc: 0.9395 | TeAcc: 0.9463

 15,  0 | TrAcc: 0.9508, TrLoss:  0.15834, VaAcc: 0.9502, VaLoss:  0.19313
 MAP NN | TrAcc: 0.9470 | VaAcc: 0.9395 | TeAcc: 0.9526
 S NN | TrAcc: 0.9277 | VaAcc: 0.9282 | TeAcc: 0.9536

 16,  0 | TrAcc: 0.9578, TrLoss:  0.15247, VaAcc: 0.9463, VaLoss:  0.18573
 MAP NN | TrAcc: 0.9562 | VaAcc: 0.9497 | TeAcc: 0.9619
 S NN | TrAcc: 0.9402 | VaAcc: 0.9243 | TeAcc: 0.9414

 17,  0 | TrAcc: 0.9600, TrLoss:  0.14430, VaAcc: 0.9482, VaLoss:  0.18950
 MAP NN | TrAcc: 0.9509 | VaAcc: 0.9502 | TeAcc: 0.9595
 S NN | TrAcc: 0.9359 | VaAcc: 0.9224 | TeAcc: 0.9512

 18,  0 | TrAcc: 0.9608, TrLoss:  0.13476, VaAcc: 0.9497, VaLoss:  0.18146
 MAP NN | TrAcc: 0.9606 | VaAcc: 0.9517 | TeAcc: 0.9624
 S NN | TrAcc: 0.8981 | VaAcc: 0.9316 | TeAcc: 0.9590

 19,  0 | TrAcc: 0.9604, TrLoss:  0.13694, VaAcc: 0.9546, VaLoss:  0.16359
 MAP NN | TrAcc: 0.9574 | VaAcc: 0.9551 | TeAcc: 0.9565
 S NN | TrAcc: 0.9528 | VaAcc: 0.9341 | TeAcc: 0.9482

 20,  0 | TrAcc: 0.9590, TrLoss:  0.14125, VaAcc: 0.9512, VaLoss:  0.17451
 MAP NN | TrAcc: 0.9634 | VaAcc: 0.9551 | TeAcc: 0.9653
 S NN | TrAcc: 0.9491 | VaAcc: 0.9458 | TeAcc: 0.9624

 21,  0 | TrAcc: 0.9630, TrLoss:  0.13014, VaAcc: 0.9497, VaLoss:  0.19078
 MAP NN | TrAcc: 0.9648 | VaAcc: 0.9541 | TeAcc: 0.9697
 S NN | TrAcc: 0.9443 | VaAcc: 0.9360 | TeAcc: 0.9619

 22,  0 | TrAcc: 0.9631, TrLoss:  0.12413, VaAcc: 0.9497, VaLoss:  0.17528
 MAP NN | TrAcc: 0.9636 | VaAcc: 0.9536 | TeAcc: 0.9629
 S NN | TrAcc: 0.9508 | VaAcc: 0.9424 | TeAcc: 0.9609

 23,  0 | TrAcc: 0.9624, TrLoss:  0.12706, VaAcc: 0.9561, VaLoss:  0.17655
 MAP NN | TrAcc: 0.9646 | VaAcc: 0.9595 | TeAcc: 0.9644
 S NN | TrAcc: 0.9584 | VaAcc: 0.9438 | TeAcc: 0.9551

 24,  0 | TrAcc: 0.9657, TrLoss:  0.11841, VaAcc: 0.9580, VaLoss:  0.16039
 MAP NN | TrAcc: 0.9631 | VaAcc: 0.9546 | TeAcc: 0.9673
 S NN | TrAcc: 0.9470 | VaAcc: 0.9414 | TeAcc: 0.9619

 25,  0 | TrAcc: 0.9679, TrLoss:  0.11589, VaAcc: 0.9585, VaLoss:  0.17035
 MAP NN | TrAcc: 0.9644 | VaAcc: 0.9604 | TeAcc: 0.9702
 S NN | TrAcc: 0.9554 | VaAcc: 0.9438 | TeAcc: 0.9507

 26,  0 | TrAcc: 0.9664, TrLoss:  0.11516, VaAcc: 0.9609, VaLoss:  0.15510
 MAP NN | TrAcc: 0.9678 | VaAcc: 0.9565 | TeAcc: 0.9653
 S NN | TrAcc: 0.9457 | VaAcc: 0.9502 | TeAcc: 0.9639

 27,  0 | TrAcc: 0.9664, TrLoss:  0.11707, VaAcc: 0.9595, VaLoss:  0.15746
 MAP NN | TrAcc: 0.9679 | VaAcc: 0.9575 | TeAcc: 0.9668
 S NN | TrAcc: 0.9597 | VaAcc: 0.9526 | TeAcc: 0.9619

 28,  0 | TrAcc: 0.9689, TrLoss:  0.10675, VaAcc: 0.9556, VaLoss:  0.16771
 MAP NN | TrAcc: 0.9689 | VaAcc: 0.9565 | TeAcc: 0.9668
 S NN | TrAcc: 0.9583 | VaAcc: 0.9458 | TeAcc: 0.9468

 29,  0 | TrAcc: 0.9691, TrLoss:  0.10792, VaAcc: 0.9609, VaLoss:  0.15473
 MAP NN | TrAcc: 0.9674 | VaAcc: 0.9565 | TeAcc: 0.9644
 S NN | TrAcc: 0.9609 | VaAcc: 0.9487 | TeAcc: 0.9634

 30,  0 | TrAcc: 0.9695, TrLoss:  0.10212, VaAcc: 0.9575, VaLoss:  0.15142
 MAP NN | TrAcc: 0.9697 | VaAcc: 0.9614 | TeAcc: 0.9697
 S NN | TrAcc: 0.9669 | VaAcc: 0.9507 | TeAcc: 0.9658

 31,  0 | TrAcc: 0.9679, TrLoss:  0.10940, VaAcc: 0.9556, VaLoss:  0.14403
 MAP NN | TrAcc: 0.9678 | VaAcc: 0.9521 | TeAcc: 0.9644
 S NN | TrAcc: 0.9646 | VaAcc: 0.9448 | TeAcc: 0.9600

 32,  0 | TrAcc: 0.9740, TrLoss:  0.09487, VaAcc: 0.9614, VaLoss:  0.14780
 MAP NN | TrAcc: 0.9751 | VaAcc: 0.9561 | TeAcc: 0.9712
 S NN | TrAcc: 0.9592 | VaAcc: 0.9434 | TeAcc: 0.9619

 33,  0 | TrAcc: 0.9678, TrLoss:  0.10808, VaAcc: 0.9580, VaLoss:  0.14809
 MAP NN | TrAcc: 0.9688 | VaAcc: 0.9575 | TeAcc: 0.9653
 S NN | TrAcc: 0.9663 | VaAcc: 0.9541 | TeAcc: 0.9683

 34,  0 | TrAcc: 0.9707, TrLoss:  0.09886, VaAcc: 0.9536, VaLoss:  0.15608
 MAP NN | TrAcc: 0.9739 | VaAcc: 0.9575 | TeAcc: 0.9697
 S NN | TrAcc: 0.9529 | VaAcc: 0.9541 | TeAcc: 0.9600

 35,  0 | TrAcc: 0.9707, TrLoss:  0.09838, VaAcc: 0.9580, VaLoss:  0.15404
 MAP NN | TrAcc: 0.9736 | VaAcc: 0.9575 | TeAcc: 0.9692
 S NN | TrAcc: 0.9651 | VaAcc: 0.9468 | TeAcc: 0.9653

 36,  0 | TrAcc: 0.9718, TrLoss:  0.09170, VaAcc: 0.9604, VaLoss:  0.14454
 MAP NN | TrAcc: 0.9773 | VaAcc: 0.9600 | TeAcc: 0.9756
 S NN | TrAcc: 0.9673 | VaAcc: 0.9556 | TeAcc: 0.9722

 37,  0 | TrAcc: 0.9742, TrLoss:  0.09095, VaAcc: 0.9619, VaLoss:  0.15314
 MAP NN | TrAcc: 0.9772 | VaAcc: 0.9648 | TeAcc: 0.9741
 S NN | TrAcc: 0.9720 | VaAcc: 0.9536 | TeAcc: 0.9683

 38,  0 | TrAcc: 0.9724, TrLoss:  0.09400, VaAcc: 0.9634, VaLoss:  0.13947
 MAP NN | TrAcc: 0.9727 | VaAcc: 0.9648 | TeAcc: 0.9731
 S NN | TrAcc: 0.9647 | VaAcc: 0.9526 | TeAcc: 0.9697

 39,  0 | TrAcc: 0.9728, TrLoss:  0.09132, VaAcc: 0.9551, VaLoss:  0.15755
 MAP NN | TrAcc: 0.9746 | VaAcc: 0.9590 | TeAcc: 0.9697
 S NN | TrAcc: 0.9674 | VaAcc: 0.9487 | TeAcc: 0.9570

 40,  0 | TrAcc: 0.9749, TrLoss:  0.08636, VaAcc: 0.9634, VaLoss:  0.13467
 MAP NN | TrAcc: 0.9780 | VaAcc: 0.9624 | TeAcc: 0.9746
 S NN | TrAcc: 0.9661 | VaAcc: 0.9580 | TeAcc: 0.9546

 41,  0 | TrAcc: 0.9750, TrLoss:  0.09231, VaAcc: 0.9580, VaLoss:  0.14659
 MAP NN | TrAcc: 0.9767 | VaAcc: 0.9600 | TeAcc: 0.9717
 S NN | TrAcc: 0.9723 | VaAcc: 0.9473 | TeAcc: 0.9639

 42,  0 | TrAcc: 0.9780, TrLoss:  0.08137, VaAcc: 0.9590, VaLoss:  0.14632
 MAP NN | TrAcc: 0.9795 | VaAcc: 0.9653 | TeAcc: 0.9736
 S NN | TrAcc: 0.9686 | VaAcc: 0.9600 | TeAcc: 0.9668

 43,  0 | TrAcc: 0.9779, TrLoss:  0.08102, VaAcc: 0.9595, VaLoss:  0.14755
 MAP NN | TrAcc: 0.9792 | VaAcc: 0.9634 | TeAcc: 0.9722
 S NN | TrAcc: 0.9714 | VaAcc: 0.9585 | TeAcc: 0.9639

 44,  0 | TrAcc: 0.9758, TrLoss:  0.08278, VaAcc: 0.9600, VaLoss:  0.14904
 MAP NN | TrAcc: 0.9792 | VaAcc: 0.9614 | TeAcc: 0.9707
 S NN | TrAcc: 0.9723 | VaAcc: 0.9575 | TeAcc: 0.9683

 45,  0 | TrAcc: 0.9792, TrLoss:  0.07775, VaAcc: 0.9614, VaLoss:  0.14953
 MAP NN | TrAcc: 0.9802 | VaAcc: 0.9673 | TeAcc: 0.9746
 S NN | TrAcc: 0.9752 | VaAcc: 0.9580 | TeAcc: 0.9683

 46,  0 | TrAcc: 0.9771, TrLoss:  0.07830, VaAcc: 0.9595, VaLoss:  0.14402
 MAP NN | TrAcc: 0.9788 | VaAcc: 0.9634 | TeAcc: 0.9717
 S NN | TrAcc: 0.9734 | VaAcc: 0.9619 | TeAcc: 0.9751

 47,  0 | TrAcc: 0.9795, TrLoss:  0.07398, VaAcc: 0.9614, VaLoss:  0.14110
 MAP NN | TrAcc: 0.9813 | VaAcc: 0.9624 | TeAcc: 0.9756
 S NN | TrAcc: 0.9774 | VaAcc: 0.9575 | TeAcc: 0.9727

 48,  0 | TrAcc: 0.9778, TrLoss:  0.07709, VaAcc: 0.9629, VaLoss:  0.13094
 MAP NN | TrAcc: 0.9806 | VaAcc: 0.9639 | TeAcc: 0.9766
 S NN | TrAcc: 0.9696 | VaAcc: 0.9624 | TeAcc: 0.9746

 49,  0 | TrAcc: 0.9803, TrLoss:  0.07274, VaAcc: 0.9629, VaLoss:  0.13457
 MAP NN | TrAcc: 0.9803 | VaAcc: 0.9644 | TeAcc: 0.9736
 S NN | TrAcc: 0.9724 | VaAcc: 0.9536 | TeAcc: 0.9712

 50,  0 | TrAcc: 0.9794, TrLoss:  0.07515, VaAcc: 0.9614, VaLoss:  0.13276
 MAP NN | TrAcc: 0.9810 | VaAcc: 0.9648 | TeAcc: 0.9751
 S NN | TrAcc: 0.9646 | VaAcc: 0.9590 | TeAcc: 0.9688

 51,  0 | TrAcc: 0.9780, TrLoss:  0.07322, VaAcc: 0.9595, VaLoss:  0.13954
 MAP NN | TrAcc: 0.9800 | VaAcc: 0.9629 | TeAcc: 0.9756
 S NN | TrAcc: 0.9772 | VaAcc: 0.9590 | TeAcc: 0.9648

 52,  0 | TrAcc: 0.9781, TrLoss:  0.07363, VaAcc: 0.9595, VaLoss:  0.14690
 MAP NN | TrAcc: 0.9828 | VaAcc: 0.9609 | TeAcc: 0.9766
 S NN | TrAcc: 0.9756 | VaAcc: 0.9604 | TeAcc: 0.9712

 53,  0 | TrAcc: 0.9818, TrLoss:  0.06526, VaAcc: 0.9624, VaLoss:  0.13505
 MAP NN | TrAcc: 0.9841 | VaAcc: 0.9644 | TeAcc: 0.9741
 S NN | TrAcc: 0.9755 | VaAcc: 0.9639 | TeAcc: 0.9712

 54,  0 | TrAcc: 0.9808, TrLoss:  0.06900, VaAcc: 0.9648, VaLoss:  0.13263
 MAP NN | TrAcc: 0.9846 | VaAcc: 0.9663 | TeAcc: 0.9751
 S NN | TrAcc: 0.9763 | VaAcc: 0.9634 | TeAcc: 0.9634

 55,  0 | TrAcc: 0.9806, TrLoss:  0.06635, VaAcc: 0.9653, VaLoss:  0.13127
 MAP NN | TrAcc: 0.9834 | VaAcc: 0.9658 | TeAcc: 0.9766
 S NN | TrAcc: 0.9794 | VaAcc: 0.9629 | TeAcc: 0.9673

 56,  0 | TrAcc: 0.9846, TrLoss:  0.06221, VaAcc: 0.9707, VaLoss:  0.11743
 MAP NN | TrAcc: 0.9850 | VaAcc: 0.9658 | TeAcc: 0.9736
 S NN | TrAcc: 0.9803 | VaAcc: 0.9619 | TeAcc: 0.9712

 57,  0 | TrAcc: 0.9810, TrLoss:  0.06750, VaAcc: 0.9624, VaLoss:  0.14378
 MAP NN | TrAcc: 0.9858 | VaAcc: 0.9644 | TeAcc: 0.9756
 S NN | TrAcc: 0.9790 | VaAcc: 0.9546 | TeAcc: 0.9683

 58,  0 | TrAcc: 0.9803, TrLoss:  0.06641, VaAcc: 0.9653, VaLoss:  0.13300
 MAP NN | TrAcc: 0.9834 | VaAcc: 0.9658 | TeAcc: 0.9736
 S NN | TrAcc: 0.9771 | VaAcc: 0.9629 | TeAcc: 0.9727

 59,  0 | TrAcc: 0.9823, TrLoss:  0.06179, VaAcc: 0.9648, VaLoss:  0.13358
 MAP NN | TrAcc: 0.9857 | VaAcc: 0.9644 | TeAcc: 0.9736
 S NN | TrAcc: 0.9794 | VaAcc: 0.9639 | TeAcc: 0.9731

 60,  0 | TrAcc: 0.9836, TrLoss:  0.05911, VaAcc: 0.9600, VaLoss:  0.13300
 MAP NN | TrAcc: 0.9858 | VaAcc: 0.9683 | TeAcc: 0.9736
 S NN | TrAcc: 0.9807 | VaAcc: 0.9585 | TeAcc: 0.9688

 61,  0 | TrAcc: 0.9818, TrLoss:  0.06634, VaAcc: 0.9600, VaLoss:  0.14474
 MAP NN | TrAcc: 0.9824 | VaAcc: 0.9619 | TeAcc: 0.9741
 S NN | TrAcc: 0.9752 | VaAcc: 0.9580 | TeAcc: 0.9644

 62,  0 | TrAcc: 0.9817, TrLoss:  0.06354, VaAcc: 0.9648, VaLoss:  0.13682
 MAP NN | TrAcc: 0.9858 | VaAcc: 0.9683 | TeAcc: 0.9746
 S NN | TrAcc: 0.9789 | VaAcc: 0.9668 | TeAcc: 0.9741

 63,  0 | TrAcc: 0.9802, TrLoss:  0.07055, VaAcc: 0.9614, VaLoss:  0.14697
 MAP NN | TrAcc: 0.9849 | VaAcc: 0.9663 | TeAcc: 0.9741
 S NN | TrAcc: 0.9736 | VaAcc: 0.9590 | TeAcc: 0.9697

 64,  0 | TrAcc: 0.9829, TrLoss:  0.06256, VaAcc: 0.9653, VaLoss:  0.13100
 MAP NN | TrAcc: 0.9855 | VaAcc: 0.9692 | TeAcc: 0.9771
 S NN | TrAcc: 0.9797 | VaAcc: 0.9619 | TeAcc: 0.9731

 65,  0 | TrAcc: 0.9857, TrLoss:  0.05769, VaAcc: 0.9678, VaLoss:  0.12628
 MAP NN | TrAcc: 0.9874 | VaAcc: 0.9648 | TeAcc: 0.9756
 S NN | TrAcc: 0.9807 | VaAcc: 0.9624 | TeAcc: 0.9751

 66,  0 | TrAcc: 0.9850, TrLoss:  0.05590, VaAcc: 0.9663, VaLoss:  0.12798
 MAP NN | TrAcc: 0.9844 | VaAcc: 0.9688 | TeAcc: 0.9761
 S NN | TrAcc: 0.9779 | VaAcc: 0.9663 | TeAcc: 0.9746

 67,  0 | TrAcc: 0.9856, TrLoss:  0.05388, VaAcc: 0.9648, VaLoss:  0.13272
 MAP NN | TrAcc: 0.9882 | VaAcc: 0.9658 | TeAcc: 0.9766
 S NN | TrAcc: 0.9812 | VaAcc: 0.9648 | TeAcc: 0.9741

 68,  0 | TrAcc: 0.9854, TrLoss:  0.05515, VaAcc: 0.9644, VaLoss:  0.13119
 MAP NN | TrAcc: 0.9867 | VaAcc: 0.9658 | TeAcc: 0.9736
 S NN | TrAcc: 0.9857 | VaAcc: 0.9648 | TeAcc: 0.9756

 69,  0 | TrAcc: 0.9819, TrLoss:  0.06158, VaAcc: 0.9634, VaLoss:  0.13589
 MAP NN | TrAcc: 0.9822 | VaAcc: 0.9653 | TeAcc: 0.9727
 S NN | TrAcc: 0.9785 | VaAcc: 0.9634 | TeAcc: 0.9731

 70,  0 | TrAcc: 0.9855, TrLoss:  0.05360, VaAcc: 0.9673, VaLoss:  0.12318
 MAP NN | TrAcc: 0.9866 | VaAcc: 0.9697 | TeAcc: 0.9741
 S NN | TrAcc: 0.9828 | VaAcc: 0.9619 | TeAcc: 0.9746

 71,  0 | TrAcc: 0.9866, TrLoss:  0.05232, VaAcc: 0.9663, VaLoss:  0.13176
 MAP NN | TrAcc: 0.9902 | VaAcc: 0.9688 | TeAcc: 0.9766
 S NN | TrAcc: 0.9834 | VaAcc: 0.9678 | TeAcc: 0.9702

 72,  0 | TrAcc: 0.9882, TrLoss:  0.04938, VaAcc: 0.9663, VaLoss:  0.13052
 MAP NN | TrAcc: 0.9888 | VaAcc: 0.9678 | TeAcc: 0.9761
 S NN | TrAcc: 0.9844 | VaAcc: 0.9673 | TeAcc: 0.9736

 73,  0 | TrAcc: 0.9867, TrLoss:  0.04839, VaAcc: 0.9688, VaLoss:  0.12210
 MAP NN | TrAcc: 0.9889 | VaAcc: 0.9663 | TeAcc: 0.9731
 S NN | TrAcc: 0.9849 | VaAcc: 0.9634 | TeAcc: 0.9751

 74,  0 | TrAcc: 0.9846, TrLoss:  0.05169, VaAcc: 0.9639, VaLoss:  0.13527
 MAP NN | TrAcc: 0.9891 | VaAcc: 0.9658 | TeAcc: 0.9751
 S NN | TrAcc: 0.9854 | VaAcc: 0.9624 | TeAcc: 0.9683

 75,  0 | TrAcc: 0.9874, TrLoss:  0.04813, VaAcc: 0.9614, VaLoss:  0.13288
 MAP NN | TrAcc: 0.9895 | VaAcc: 0.9644 | TeAcc: 0.9790
 S NN | TrAcc: 0.9858 | VaAcc: 0.9614 | TeAcc: 0.9751

 76,  0 | TrAcc: 0.9845, TrLoss:  0.05485, VaAcc: 0.9614, VaLoss:  0.13835
 MAP NN | TrAcc: 0.9854 | VaAcc: 0.9644 | TeAcc: 0.9736
 S NN | TrAcc: 0.9832 | VaAcc: 0.9619 | TeAcc: 0.9692

 77,  0 | TrAcc: 0.9872, TrLoss:  0.05012, VaAcc: 0.9648, VaLoss:  0.13907
 MAP NN | TrAcc: 0.9888 | VaAcc: 0.9644 | TeAcc: 0.9775
 S NN | TrAcc: 0.9862 | VaAcc: 0.9604 | TeAcc: 0.9761

 78,  0 | TrAcc: 0.9872, TrLoss:  0.04871, VaAcc: 0.9614, VaLoss:  0.14027
 MAP NN | TrAcc: 0.9890 | VaAcc: 0.9648 | TeAcc: 0.9731
 S NN | TrAcc: 0.9847 | VaAcc: 0.9634 | TeAcc: 0.9727

 79,  0 | TrAcc: 0.9858, TrLoss:  0.05221, VaAcc: 0.9634, VaLoss:  0.13115
 MAP NN | TrAcc: 0.9871 | VaAcc: 0.9663 | TeAcc: 0.9717
 S NN | TrAcc: 0.9802 | VaAcc: 0.9644 | TeAcc: 0.9712

 80,  0 | TrAcc: 0.9843, TrLoss:  0.05457, VaAcc: 0.9644, VaLoss:  0.12745
 MAP NN | TrAcc: 0.9854 | VaAcc: 0.9683 | TeAcc: 0.9712
 S NN | TrAcc: 0.9835 | VaAcc: 0.9639 | TeAcc: 0.9683

 81,  0 | TrAcc: 0.9856, TrLoss:  0.05393, VaAcc: 0.9658, VaLoss:  0.13280
 MAP NN | TrAcc: 0.9867 | VaAcc: 0.9658 | TeAcc: 0.9736
 S NN | TrAcc: 0.9828 | VaAcc: 0.9639 | TeAcc: 0.9697

 82,  0 | TrAcc: 0.9858, TrLoss:  0.05058, VaAcc: 0.9629, VaLoss:  0.14463
 MAP NN | TrAcc: 0.9883 | VaAcc: 0.9639 | TeAcc: 0.9741
 S NN | TrAcc: 0.9849 | VaAcc: 0.9639 | TeAcc: 0.9707

 83,  0 | TrAcc: 0.9841, TrLoss:  0.05561, VaAcc: 0.9629, VaLoss:  0.13651
 MAP NN | TrAcc: 0.9873 | VaAcc: 0.9644 | TeAcc: 0.9736
 S NN | TrAcc: 0.9846 | VaAcc: 0.9634 | TeAcc: 0.9731

 84,  0 | TrAcc: 0.9835, TrLoss:  0.05704, VaAcc: 0.9614, VaLoss:  0.14843
 MAP NN | TrAcc: 0.9866 | VaAcc: 0.9644 | TeAcc: 0.9731
 S NN | TrAcc: 0.9857 | VaAcc: 0.9609 | TeAcc: 0.9741

 85,  0 | TrAcc: 0.9854, TrLoss:  0.05511, VaAcc: 0.9653, VaLoss:  0.13673
 MAP NN | TrAcc: 0.9880 | VaAcc: 0.9644 | TeAcc: 0.9751
 S NN | TrAcc: 0.9840 | VaAcc: 0.9629 | TeAcc: 0.9736

 86,  0 | TrAcc: 0.9865, TrLoss:  0.04784, VaAcc: 0.9614, VaLoss:  0.14018
 MAP NN | TrAcc: 0.9893 | VaAcc: 0.9609 | TeAcc: 0.9727
 S NN | TrAcc: 0.9863 | VaAcc: 0.9624 | TeAcc: 0.9717

 87,  0 | TrAcc: 0.9861, TrLoss:  0.04990, VaAcc: 0.9668, VaLoss:  0.12845
 MAP NN | TrAcc: 0.9880 | VaAcc: 0.9688 | TeAcc: 0.9731
 S NN | TrAcc: 0.9839 | VaAcc: 0.9688 | TeAcc: 0.9736

 88,  0 | TrAcc: 0.9872, TrLoss:  0.04518, VaAcc: 0.9688, VaLoss:  0.12446
 MAP NN | TrAcc: 0.9900 | VaAcc: 0.9668 | TeAcc: 0.9751
 S NN | TrAcc: 0.9866 | VaAcc: 0.9644 | TeAcc: 0.9746

 89,  0 | TrAcc: 0.9883, TrLoss:  0.04170, VaAcc: 0.9619, VaLoss:  0.12795
 MAP NN | TrAcc: 0.9904 | VaAcc: 0.9673 | TeAcc: 0.9741
 S NN | TrAcc: 0.9882 | VaAcc: 0.9653 | TeAcc: 0.9717

 90,  0 | TrAcc: 0.9888, TrLoss:  0.04213, VaAcc: 0.9634, VaLoss:  0.12942
 MAP NN | TrAcc: 0.9900 | VaAcc: 0.9678 | TeAcc: 0.9746
 S NN | TrAcc: 0.9885 | VaAcc: 0.9648 | TeAcc: 0.9717

 91,  0 | TrAcc: 0.9884, TrLoss:  0.04342, VaAcc: 0.9629, VaLoss:  0.14005
 MAP NN | TrAcc: 0.9912 | VaAcc: 0.9663 | TeAcc: 0.9746
 S NN | TrAcc: 0.9884 | VaAcc: 0.9663 | TeAcc: 0.9775

 92,  0 | TrAcc: 0.9899, TrLoss:  0.04228, VaAcc: 0.9653, VaLoss:  0.13680
 MAP NN | TrAcc: 0.9905 | VaAcc: 0.9653 | TeAcc: 0.9736
 S NN | TrAcc: 0.9884 | VaAcc: 0.9663 | TeAcc: 0.9712

 93,  0 | TrAcc: 0.9900, TrLoss:  0.04294, VaAcc: 0.9692, VaLoss:  0.13451
 MAP NN | TrAcc: 0.9918 | VaAcc: 0.9683 | TeAcc: 0.9727
 S NN | TrAcc: 0.9889 | VaAcc: 0.9648 | TeAcc: 0.9736

 94,  0 | TrAcc: 0.9880, TrLoss:  0.04330, VaAcc: 0.9609, VaLoss:  0.14057
 MAP NN | TrAcc: 0.9917 | VaAcc: 0.9629 | TeAcc: 0.9751
 S NN | TrAcc: 0.9890 | VaAcc: 0.9648 | TeAcc: 0.9741

 95,  0 | TrAcc: 0.9880, TrLoss:  0.04288, VaAcc: 0.9673, VaLoss:  0.12559
 MAP NN | TrAcc: 0.9911 | VaAcc: 0.9668 | TeAcc: 0.9766
 S NN | TrAcc: 0.9861 | VaAcc: 0.9648 | TeAcc: 0.9741

 96,  0 | TrAcc: 0.9912, TrLoss:  0.03847, VaAcc: 0.9614, VaLoss:  0.13846
 MAP NN | TrAcc: 0.9923 | VaAcc: 0.9668 | TeAcc: 0.9751
 S NN | TrAcc: 0.9894 | VaAcc: 0.9629 | TeAcc: 0.9751

 97,  0 | TrAcc: 0.9904, TrLoss:  0.03985, VaAcc: 0.9673, VaLoss:  0.13159
 MAP NN | TrAcc: 0.9921 | VaAcc: 0.9648 | TeAcc: 0.9736
 S NN | TrAcc: 0.9899 | VaAcc: 0.9668 | TeAcc: 0.9722

 98,  0 | TrAcc: 0.9893, TrLoss:  0.04307, VaAcc: 0.9653, VaLoss:  0.14059
 MAP NN | TrAcc: 0.9904 | VaAcc: 0.9644 | TeAcc: 0.9751
 S NN | TrAcc: 0.9879 | VaAcc: 0.9629 | TeAcc: 0.9741

 99,  0 | TrAcc: 0.9905, TrLoss:  0.04070, VaAcc: 0.9673, VaLoss:  0.12481
 MAP NN | TrAcc: 0.9919 | VaAcc: 0.9663 | TeAcc: 0.9761
 S NN | TrAcc: 0.9904 | VaAcc: 0.9644 | TeAcc: 0.9727

100,  0 | TrAcc: 0.9897, TrLoss:  0.04029, VaAcc: 0.9634, VaLoss:  0.13316
 MAP NN | TrAcc: 0.9919 | VaAcc: 0.9644 | TeAcc: 0.9731
 S NN | TrAcc: 0.9867 | VaAcc: 0.9644 | TeAcc: 0.9736

101,  0 | TrAcc: 0.9915, TrLoss:  0.03736, VaAcc: 0.9668, VaLoss:  0.13434
 MAP NN | TrAcc: 0.9927 | VaAcc: 0.9653 | TeAcc: 0.9761
 S NN | TrAcc: 0.9902 | VaAcc: 0.9653 | TeAcc: 0.9761

102,  0 | TrAcc: 0.9915, TrLoss:  0.03625, VaAcc: 0.9668, VaLoss:  0.12160
 MAP NN | TrAcc: 0.9934 | VaAcc: 0.9673 | TeAcc: 0.9771
 S NN | TrAcc: 0.9910 | VaAcc: 0.9609 | TeAcc: 0.9736

103,  0 | TrAcc: 0.9917, TrLoss:  0.03550, VaAcc: 0.9653, VaLoss:  0.12172
 MAP NN | TrAcc: 0.9926 | VaAcc: 0.9692 | TeAcc: 0.9727
 S NN | TrAcc: 0.9893 | VaAcc: 0.9663 | TeAcc: 0.9761

104,  0 | TrAcc: 0.9894, TrLoss:  0.03992, VaAcc: 0.9673, VaLoss:  0.13219
 MAP NN | TrAcc: 0.9915 | VaAcc: 0.9658 | TeAcc: 0.9712
 S NN | TrAcc: 0.9905 | VaAcc: 0.9639 | TeAcc: 0.9731

105,  0 | TrAcc: 0.9897, TrLoss:  0.04074, VaAcc: 0.9663, VaLoss:  0.12571
 MAP NN | TrAcc: 0.9918 | VaAcc: 0.9712 | TeAcc: 0.9751
 S NN | TrAcc: 0.9886 | VaAcc: 0.9678 | TeAcc: 0.9731

106,  0 | TrAcc: 0.9908, TrLoss:  0.03750, VaAcc: 0.9673, VaLoss:  0.12186
 MAP NN | TrAcc: 0.9927 | VaAcc: 0.9668 | TeAcc: 0.9771
 S NN | TrAcc: 0.9896 | VaAcc: 0.9653 | TeAcc: 0.9722

107,  0 | TrAcc: 0.9904, TrLoss:  0.03818, VaAcc: 0.9634, VaLoss:  0.13810
 MAP NN | TrAcc: 0.9928 | VaAcc: 0.9639 | TeAcc: 0.9775
 S NN | TrAcc: 0.9910 | VaAcc: 0.9624 | TeAcc: 0.9751

108,  0 | TrAcc: 0.9912, TrLoss:  0.03828, VaAcc: 0.9644, VaLoss:  0.13312
 MAP NN | TrAcc: 0.9924 | VaAcc: 0.9663 | TeAcc: 0.9731
 S NN | TrAcc: 0.9907 | VaAcc: 0.9644 | TeAcc: 0.9727

109,  0 | TrAcc: 0.9918, TrLoss:  0.03411, VaAcc: 0.9653, VaLoss:  0.13186
 MAP NN | TrAcc: 0.9929 | VaAcc: 0.9658 | TeAcc: 0.9775
 S NN | TrAcc: 0.9918 | VaAcc: 0.9634 | TeAcc: 0.9751

110,  0 | TrAcc: 0.9910, TrLoss:  0.03723, VaAcc: 0.9639, VaLoss:  0.13224
 MAP NN | TrAcc: 0.9919 | VaAcc: 0.9639 | TeAcc: 0.9746
 S NN | TrAcc: 0.9885 | VaAcc: 0.9653 | TeAcc: 0.9756

111,  0 | TrAcc: 0.9916, TrLoss:  0.03469, VaAcc: 0.9663, VaLoss:  0.13289
 MAP NN | TrAcc: 0.9927 | VaAcc: 0.9658 | TeAcc: 0.9751
 S NN | TrAcc: 0.9919 | VaAcc: 0.9663 | TeAcc: 0.9746

112,  0 | TrAcc: 0.9907, TrLoss:  0.03574, VaAcc: 0.9683, VaLoss:  0.13484
 MAP NN | TrAcc: 0.9918 | VaAcc: 0.9668 | TeAcc: 0.9756
 S NN | TrAcc: 0.9910 | VaAcc: 0.9678 | TeAcc: 0.9746

113,  0 | TrAcc: 0.9915, TrLoss:  0.03561, VaAcc: 0.9634, VaLoss:  0.14732
 MAP NN | TrAcc: 0.9924 | VaAcc: 0.9624 | TeAcc: 0.9717
 S NN | TrAcc: 0.9910 | VaAcc: 0.9624 | TeAcc: 0.9731

114,  0 | TrAcc: 0.9915, TrLoss:  0.03821, VaAcc: 0.9644, VaLoss:  0.14209
 MAP NN | TrAcc: 0.9917 | VaAcc: 0.9668 | TeAcc: 0.9771
 S NN | TrAcc: 0.9884 | VaAcc: 0.9609 | TeAcc: 0.9751

115,  0 | TrAcc: 0.9900, TrLoss:  0.03815, VaAcc: 0.9644, VaLoss:  0.12788
 MAP NN | TrAcc: 0.9906 | VaAcc: 0.9688 | TeAcc: 0.9766
 S NN | TrAcc: 0.9880 | VaAcc: 0.9678 | TeAcc: 0.9736

116,  0 | TrAcc: 0.9912, TrLoss:  0.03710, VaAcc: 0.9634, VaLoss:  0.13003
 MAP NN | TrAcc: 0.9923 | VaAcc: 0.9644 | TeAcc: 0.9751
 S NN | TrAcc: 0.9907 | VaAcc: 0.9570 | TeAcc: 0.9741

117,  0 | TrAcc: 0.9919, TrLoss:  0.03389, VaAcc: 0.9619, VaLoss:  0.14848
 MAP NN | TrAcc: 0.9948 | VaAcc: 0.9653 | TeAcc: 0.9751
 S NN | TrAcc: 0.9924 | VaAcc: 0.9619 | TeAcc: 0.9731

118,  0 | TrAcc: 0.9921, TrLoss:  0.03455, VaAcc: 0.9644, VaLoss:  0.13664
 MAP NN | TrAcc: 0.9930 | VaAcc: 0.9673 | TeAcc: 0.9766
 S NN | TrAcc: 0.9904 | VaAcc: 0.9678 | TeAcc: 0.9751

119,  0 | TrAcc: 0.9927, TrLoss:  0.03257, VaAcc: 0.9629, VaLoss:  0.13139
 MAP NN | TrAcc: 0.9930 | VaAcc: 0.9658 | TeAcc: 0.9790
 S NN | TrAcc: 0.9917 | VaAcc: 0.9678 | TeAcc: 0.9775

120,  0 | TrAcc: 0.9918, TrLoss:  0.03527, VaAcc: 0.9653, VaLoss:  0.14037
 MAP NN | TrAcc: 0.9924 | VaAcc: 0.9678 | TeAcc: 0.9717
 S NN | TrAcc: 0.9916 | VaAcc: 0.9663 | TeAcc: 0.9707

121,  0 | TrAcc: 0.9913, TrLoss:  0.03320, VaAcc: 0.9629, VaLoss:  0.14090
 MAP NN | TrAcc: 0.9930 | VaAcc: 0.9648 | TeAcc: 0.9771
 S NN | TrAcc: 0.9917 | VaAcc: 0.9629 | TeAcc: 0.9736

122,  0 | TrAcc: 0.9912, TrLoss:  0.03450, VaAcc: 0.9658, VaLoss:  0.14132
 MAP NN | TrAcc: 0.9933 | VaAcc: 0.9663 | TeAcc: 0.9751
 S NN | TrAcc: 0.9908 | VaAcc: 0.9619 | TeAcc: 0.9756

123,  0 | TrAcc: 0.9908, TrLoss:  0.03739, VaAcc: 0.9648, VaLoss:  0.13548
 MAP NN | TrAcc: 0.9921 | VaAcc: 0.9648 | TeAcc: 0.9771
 S NN | TrAcc: 0.9897 | VaAcc: 0.9668 | TeAcc: 0.9731

124,  0 | TrAcc: 0.9905, TrLoss:  0.03653, VaAcc: 0.9653, VaLoss:  0.14241
 MAP NN | TrAcc: 0.9935 | VaAcc: 0.9629 | TeAcc: 0.9722
 S NN | TrAcc: 0.9893 | VaAcc: 0.9634 | TeAcc: 0.9731

125,  0 | TrAcc: 0.9904, TrLoss:  0.03638, VaAcc: 0.9648, VaLoss:  0.14203
 MAP NN | TrAcc: 0.9918 | VaAcc: 0.9648 | TeAcc: 0.9712
 S NN | TrAcc: 0.9907 | VaAcc: 0.9634 | TeAcc: 0.9727

126,  0 | TrAcc: 0.9919, TrLoss:  0.03498, VaAcc: 0.9658, VaLoss:  0.13411
 MAP NN | TrAcc: 0.9933 | VaAcc: 0.9648 | TeAcc: 0.9766
 S NN | TrAcc: 0.9930 | VaAcc: 0.9658 | TeAcc: 0.9756

127,  0 | TrAcc: 0.9905, TrLoss:  0.03871, VaAcc: 0.9658, VaLoss:  0.13021
 MAP NN | TrAcc: 0.9906 | VaAcc: 0.9634 | TeAcc: 0.9736
 S NN | TrAcc: 0.9902 | VaAcc: 0.9624 | TeAcc: 0.9771

128,  0 | TrAcc: 0.9908, TrLoss:  0.03857, VaAcc: 0.9624, VaLoss:  0.14899
 MAP NN | TrAcc: 0.9919 | VaAcc: 0.9663 | TeAcc: 0.9746
 S NN | TrAcc: 0.9883 | VaAcc: 0.9658 | TeAcc: 0.9688

129,  0 | TrAcc: 0.9911, TrLoss:  0.03462, VaAcc: 0.9658, VaLoss:  0.13148
 MAP NN | TrAcc: 0.9922 | VaAcc: 0.9683 | TeAcc: 0.9736
 S NN | TrAcc: 0.9916 | VaAcc: 0.9683 | TeAcc: 0.9731

130,  0 | TrAcc: 0.9929, TrLoss:  0.03148, VaAcc: 0.9639, VaLoss:  0.14417
 MAP NN | TrAcc: 0.9943 | VaAcc: 0.9673 | TeAcc: 0.9756
 S NN | TrAcc: 0.9924 | VaAcc: 0.9663 | TeAcc: 0.9756

131,  0 | TrAcc: 0.9927, TrLoss:  0.03310, VaAcc: 0.9653, VaLoss:  0.13563
 MAP NN | TrAcc: 0.9944 | VaAcc: 0.9668 | TeAcc: 0.9756
 S NN | TrAcc: 0.9932 | VaAcc: 0.9648 | TeAcc: 0.9761

132,  0 | TrAcc: 0.9919, TrLoss:  0.03335, VaAcc: 0.9614, VaLoss:  0.14914
 MAP NN | TrAcc: 0.9937 | VaAcc: 0.9624 | TeAcc: 0.9751
 S NN | TrAcc: 0.9928 | VaAcc: 0.9634 | TeAcc: 0.9692

133,  0 | TrAcc: 0.9927, TrLoss:  0.03292, VaAcc: 0.9619, VaLoss:  0.14896
 MAP NN | TrAcc: 0.9938 | VaAcc: 0.9658 | TeAcc: 0.9751
 S NN | TrAcc: 0.9919 | VaAcc: 0.9634 | TeAcc: 0.9746

134,  0 | TrAcc: 0.9906, TrLoss:  0.03479, VaAcc: 0.9653, VaLoss:  0.14322
 MAP NN | TrAcc: 0.9932 | VaAcc: 0.9639 | TeAcc: 0.9722
 S NN | TrAcc: 0.9913 | VaAcc: 0.9658 | TeAcc: 0.9712

135,  0 | TrAcc: 0.9916, TrLoss:  0.03504, VaAcc: 0.9634, VaLoss:  0.13916
 MAP NN | TrAcc: 0.9927 | VaAcc: 0.9639 | TeAcc: 0.9746
 S NN | TrAcc: 0.9917 | VaAcc: 0.9683 | TeAcc: 0.9722

136,  0 | TrAcc: 0.9893, TrLoss:  0.03950, VaAcc: 0.9653, VaLoss:  0.14243
 MAP NN | TrAcc: 0.9902 | VaAcc: 0.9653 | TeAcc: 0.9741
 S NN | TrAcc: 0.9885 | VaAcc: 0.9668 | TeAcc: 0.9731

137,  0 | TrAcc: 0.9886, TrLoss:  0.03945, VaAcc: 0.9624, VaLoss:  0.14883
 MAP NN | TrAcc: 0.9907 | VaAcc: 0.9624 | TeAcc: 0.9727
 S NN | TrAcc: 0.9900 | VaAcc: 0.9580 | TeAcc: 0.9722

138,  0 | TrAcc: 0.9917, TrLoss:  0.03260, VaAcc: 0.9653, VaLoss:  0.13693
 MAP NN | TrAcc: 0.9932 | VaAcc: 0.9653 | TeAcc: 0.9746
 S NN | TrAcc: 0.9927 | VaAcc: 0.9648 | TeAcc: 0.9736

139,  0 | TrAcc: 0.9939, TrLoss:  0.02842, VaAcc: 0.9668, VaLoss:  0.13363
 MAP NN | TrAcc: 0.9945 | VaAcc: 0.9663 | TeAcc: 0.9766
 S NN | TrAcc: 0.9933 | VaAcc: 0.9683 | TeAcc: 0.9731

140,  0 | TrAcc: 0.9924, TrLoss:  0.03232, VaAcc: 0.9668, VaLoss:  0.13078
 MAP NN | TrAcc: 0.9943 | VaAcc: 0.9648 | TeAcc: 0.9761
 S NN | TrAcc: 0.9910 | VaAcc: 0.9668 | TeAcc: 0.9775

141,  0 | TrAcc: 0.9924, TrLoss:  0.03273, VaAcc: 0.9653, VaLoss:  0.14204
 MAP NN | TrAcc: 0.9932 | VaAcc: 0.9683 | TeAcc: 0.9746
 S NN | TrAcc: 0.9923 | VaAcc: 0.9673 | TeAcc: 0.9746

142,  0 | TrAcc: 0.9928, TrLoss:  0.03075, VaAcc: 0.9663, VaLoss:  0.13421
 MAP NN | TrAcc: 0.9944 | VaAcc: 0.9653 | TeAcc: 0.9785
 S NN | TrAcc: 0.9935 | VaAcc: 0.9644 | TeAcc: 0.9761

143,  0 | TrAcc: 0.9935, TrLoss:  0.03114, VaAcc: 0.9648, VaLoss:  0.13829
 MAP NN | TrAcc: 0.9943 | VaAcc: 0.9653 | TeAcc: 0.9741
 S NN | TrAcc: 0.9939 | VaAcc: 0.9629 | TeAcc: 0.9731

144,  0 | TrAcc: 0.9877, TrLoss:  0.04200, VaAcc: 0.9644, VaLoss:  0.14086
 MAP NN | TrAcc: 0.9896 | VaAcc: 0.9658 | TeAcc: 0.9766
 S NN | TrAcc: 0.9891 | VaAcc: 0.9653 | TeAcc: 0.9746

145,  0 | TrAcc: 0.9923, TrLoss:  0.03306, VaAcc: 0.9663, VaLoss:  0.13680
 MAP NN | TrAcc: 0.9930 | VaAcc: 0.9644 | TeAcc: 0.9741
 S NN | TrAcc: 0.9915 | VaAcc: 0.9644 | TeAcc: 0.9741

146,  0 | TrAcc: 0.9908, TrLoss:  0.03564, VaAcc: 0.9639, VaLoss:  0.13369
 MAP NN | TrAcc: 0.9916 | VaAcc: 0.9673 | TeAcc: 0.9731
 S NN | TrAcc: 0.9916 | VaAcc: 0.9678 | TeAcc: 0.9736

147,  0 | TrAcc: 0.9928, TrLoss:  0.03109, VaAcc: 0.9644, VaLoss:  0.13909
 MAP NN | TrAcc: 0.9934 | VaAcc: 0.9644 | TeAcc: 0.9766
 S NN | TrAcc: 0.9926 | VaAcc: 0.9658 | TeAcc: 0.9751

148,  0 | TrAcc: 0.9912, TrLoss:  0.03235, VaAcc: 0.9673, VaLoss:  0.12983
 MAP NN | TrAcc: 0.9934 | VaAcc: 0.9673 | TeAcc: 0.9741
 S NN | TrAcc: 0.9922 | VaAcc: 0.9668 | TeAcc: 0.9731

149,  0 | TrAcc: 0.9932, TrLoss:  0.03043, VaAcc: 0.9688, VaLoss:  0.13270
 MAP NN | TrAcc: 0.9944 | VaAcc: 0.9673 | TeAcc: 0.9790
 S NN | TrAcc: 0.9926 | VaAcc: 0.9663 | TeAcc: 0.9756

150,  0 | TrAcc: 0.9919, TrLoss:  0.03115, VaAcc: 0.9658, VaLoss:  0.13560
 MAP NN | TrAcc: 0.9941 | VaAcc: 0.9639 | TeAcc: 0.9731
 S NN | TrAcc: 0.9932 | VaAcc: 0.9653 | TeAcc: 0.9736

151,  0 | TrAcc: 0.9941, TrLoss:  0.02912, VaAcc: 0.9702, VaLoss:  0.12566
 MAP NN | TrAcc: 0.9943 | VaAcc: 0.9692 | TeAcc: 0.9780
 S NN | TrAcc: 0.9945 | VaAcc: 0.9668 | TeAcc: 0.9736

152,  0 | TrAcc: 0.9922, TrLoss:  0.03040, VaAcc: 0.9673, VaLoss:  0.13477
 MAP NN | TrAcc: 0.9941 | VaAcc: 0.9653 | TeAcc: 0.9751
 S NN | TrAcc: 0.9926 | VaAcc: 0.9648 | TeAcc: 0.9766

153,  0 | TrAcc: 0.9918, TrLoss:  0.03273, VaAcc: 0.9629, VaLoss:  0.14277
 MAP NN | TrAcc: 0.9930 | VaAcc: 0.9648 | TeAcc: 0.9741
 S NN | TrAcc: 0.9924 | VaAcc: 0.9639 | TeAcc: 0.9717

154,  0 | TrAcc: 0.9906, TrLoss:  0.03532, VaAcc: 0.9668, VaLoss:  0.13630
 MAP NN | TrAcc: 0.9915 | VaAcc: 0.9673 | TeAcc: 0.9727
 S NN | TrAcc: 0.9902 | VaAcc: 0.9683 | TeAcc: 0.9697

155,  0 | TrAcc: 0.9934, TrLoss:  0.02932, VaAcc: 0.9683, VaLoss:  0.13845
 MAP NN | TrAcc: 0.9946 | VaAcc: 0.9663 | TeAcc: 0.9761
 S NN | TrAcc: 0.9939 | VaAcc: 0.9658 | TeAcc: 0.9761

156,  0 | TrAcc: 0.9939, TrLoss:  0.02822, VaAcc: 0.9653, VaLoss:  0.13763
 MAP NN | TrAcc: 0.9948 | VaAcc: 0.9678 | TeAcc: 0.9736
 S NN | TrAcc: 0.9939 | VaAcc: 0.9663 | TeAcc: 0.9746

157,  0 | TrAcc: 0.9934, TrLoss:  0.02750, VaAcc: 0.9619, VaLoss:  0.14499
 MAP NN | TrAcc: 0.9949 | VaAcc: 0.9648 | TeAcc: 0.9775
 S NN | TrAcc: 0.9941 | VaAcc: 0.9639 | TeAcc: 0.9766

158,  0 | TrAcc: 0.9940, TrLoss:  0.02666, VaAcc: 0.9648, VaLoss:  0.14040
 MAP NN | TrAcc: 0.9957 | VaAcc: 0.9663 | TeAcc: 0.9756
 S NN | TrAcc: 0.9949 | VaAcc: 0.9658 | TeAcc: 0.9746

159,  0 | TrAcc: 0.9934, TrLoss:  0.02678, VaAcc: 0.9673, VaLoss:  0.12754
 MAP NN | TrAcc: 0.9950 | VaAcc: 0.9644 | TeAcc: 0.9761
 S NN | TrAcc: 0.9944 | VaAcc: 0.9644 | TeAcc: 0.9746

160,  0 | TrAcc: 0.9950, TrLoss:  0.02637, VaAcc: 0.9648, VaLoss:  0.13913
 MAP NN | TrAcc: 0.9951 | VaAcc: 0.9663 | TeAcc: 0.9756
 S NN | TrAcc: 0.9950 | VaAcc: 0.9639 | TeAcc: 0.9746

161,  0 | TrAcc: 0.9937, TrLoss:  0.02799, VaAcc: 0.9702, VaLoss:  0.13118
 MAP NN | TrAcc: 0.9941 | VaAcc: 0.9688 | TeAcc: 0.9761
 S NN | TrAcc: 0.9943 | VaAcc: 0.9663 | TeAcc: 0.9741

162,  0 | TrAcc: 0.9935, TrLoss:  0.02768, VaAcc: 0.9658, VaLoss:  0.14085
 MAP NN | TrAcc: 0.9952 | VaAcc: 0.9653 | TeAcc: 0.9731
 S NN | TrAcc: 0.9948 | VaAcc: 0.9624 | TeAcc: 0.9722

163,  0 | TrAcc: 0.9945, TrLoss:  0.02640, VaAcc: 0.9644, VaLoss:  0.13983
 MAP NN | TrAcc: 0.9950 | VaAcc: 0.9678 | TeAcc: 0.9736
 S NN | TrAcc: 0.9943 | VaAcc: 0.9658 | TeAcc: 0.9741

164,  0 | TrAcc: 0.9940, TrLoss:  0.02626, VaAcc: 0.9653, VaLoss:  0.13414
 MAP NN | TrAcc: 0.9946 | VaAcc: 0.9673 | TeAcc: 0.9775
 S NN | TrAcc: 0.9949 | VaAcc: 0.9658 | TeAcc: 0.9780

165,  0 | TrAcc: 0.9939, TrLoss:  0.02579, VaAcc: 0.9678, VaLoss:  0.12876
 MAP NN | TrAcc: 0.9960 | VaAcc: 0.9712 | TeAcc: 0.9746
 S NN | TrAcc: 0.9948 | VaAcc: 0.9663 | TeAcc: 0.9775

166,  0 | TrAcc: 0.9941, TrLoss:  0.02475, VaAcc: 0.9678, VaLoss:  0.13762
 MAP NN | TrAcc: 0.9952 | VaAcc: 0.9702 | TeAcc: 0.9771
 S NN | TrAcc: 0.9949 | VaAcc: 0.9668 | TeAcc: 0.9756

167,  0 | TrAcc: 0.9946, TrLoss:  0.02645, VaAcc: 0.9668, VaLoss:  0.14599
 MAP NN | TrAcc: 0.9949 | VaAcc: 0.9648 | TeAcc: 0.9756
 S NN | TrAcc: 0.9946 | VaAcc: 0.9658 | TeAcc: 0.9736

168,  0 | TrAcc: 0.9932, TrLoss:  0.02875, VaAcc: 0.9619, VaLoss:  0.13778
 MAP NN | TrAcc: 0.9944 | VaAcc: 0.9663 | TeAcc: 0.9775
 S NN | TrAcc: 0.9937 | VaAcc: 0.9648 | TeAcc: 0.9790

169,  0 | TrAcc: 0.9937, TrLoss:  0.02852, VaAcc: 0.9678, VaLoss:  0.12801
 MAP NN | TrAcc: 0.9935 | VaAcc: 0.9678 | TeAcc: 0.9756
 S NN | TrAcc: 0.9932 | VaAcc: 0.9668 | TeAcc: 0.9741

170,  0 | TrAcc: 0.9915, TrLoss:  0.03363, VaAcc: 0.9624, VaLoss:  0.15241
 MAP NN | TrAcc: 0.9932 | VaAcc: 0.9629 | TeAcc: 0.9722
 S NN | TrAcc: 0.9924 | VaAcc: 0.9609 | TeAcc: 0.9727

171,  0 | TrAcc: 0.9937, TrLoss:  0.02829, VaAcc: 0.9717, VaLoss:  0.12333
 MAP NN | TrAcc: 0.9950 | VaAcc: 0.9722 | TeAcc: 0.9731
 S NN | TrAcc: 0.9941 | VaAcc: 0.9692 | TeAcc: 0.9761

172,  0 | TrAcc: 0.9943, TrLoss:  0.02664, VaAcc: 0.9644, VaLoss:  0.14054
 MAP NN | TrAcc: 0.9957 | VaAcc: 0.9629 | TeAcc: 0.9761
 S NN | TrAcc: 0.9944 | VaAcc: 0.9619 | TeAcc: 0.9766

173,  0 | TrAcc: 0.9944, TrLoss:  0.02645, VaAcc: 0.9683, VaLoss:  0.12663
 MAP NN | TrAcc: 0.9950 | VaAcc: 0.9683 | TeAcc: 0.9761
 S NN | TrAcc: 0.9939 | VaAcc: 0.9668 | TeAcc: 0.9746

174,  0 | TrAcc: 0.9949, TrLoss:  0.02488, VaAcc: 0.9663, VaLoss:  0.12900
 MAP NN | TrAcc: 0.9958 | VaAcc: 0.9688 | TeAcc: 0.9756
 S NN | TrAcc: 0.9957 | VaAcc: 0.9653 | TeAcc: 0.9727

175,  0 | TrAcc: 0.9950, TrLoss:  0.02586, VaAcc: 0.9639, VaLoss:  0.14662
 MAP NN | TrAcc: 0.9956 | VaAcc: 0.9688 | TeAcc: 0.9756
 S NN | TrAcc: 0.9955 | VaAcc: 0.9692 | TeAcc: 0.9766

176,  0 | TrAcc: 0.9950, TrLoss:  0.02416, VaAcc: 0.9648, VaLoss:  0.14213
 MAP NN | TrAcc: 0.9952 | VaAcc: 0.9648 | TeAcc: 0.9741
 S NN | TrAcc: 0.9954 | VaAcc: 0.9658 | TeAcc: 0.9756

177,  0 | TrAcc: 0.9950, TrLoss:  0.02571, VaAcc: 0.9668, VaLoss:  0.13673
 MAP NN | TrAcc: 0.9951 | VaAcc: 0.9658 | TeAcc: 0.9751
 S NN | TrAcc: 0.9934 | VaAcc: 0.9648 | TeAcc: 0.9756

178,  0 | TrAcc: 0.9956, TrLoss:  0.02313, VaAcc: 0.9663, VaLoss:  0.13590
 MAP NN | TrAcc: 0.9966 | VaAcc: 0.9668 | TeAcc: 0.9746
 S NN | TrAcc: 0.9960 | VaAcc: 0.9683 | TeAcc: 0.9736

179,  0 | TrAcc: 0.9950, TrLoss:  0.02393, VaAcc: 0.9663, VaLoss:  0.13844
 MAP NN | TrAcc: 0.9957 | VaAcc: 0.9697 | TeAcc: 0.9746
 S NN | TrAcc: 0.9957 | VaAcc: 0.9688 | TeAcc: 0.9736

180,  0 | TrAcc: 0.9956, TrLoss:  0.02293, VaAcc: 0.9644, VaLoss:  0.14062
 MAP NN | TrAcc: 0.9963 | VaAcc: 0.9663 | TeAcc: 0.9766
 S NN | TrAcc: 0.9950 | VaAcc: 0.9648 | TeAcc: 0.9746

181,  0 | TrAcc: 0.9944, TrLoss:  0.02453, VaAcc: 0.9653, VaLoss:  0.14861
 MAP NN | TrAcc: 0.9958 | VaAcc: 0.9678 | TeAcc: 0.9727
 S NN | TrAcc: 0.9957 | VaAcc: 0.9673 | TeAcc: 0.9707

182,  0 | TrAcc: 0.9950, TrLoss:  0.02343, VaAcc: 0.9673, VaLoss:  0.14381
 MAP NN | TrAcc: 0.9950 | VaAcc: 0.9668 | TeAcc: 0.9746
 S NN | TrAcc: 0.9950 | VaAcc: 0.9678 | TeAcc: 0.9746

183,  0 | TrAcc: 0.9948, TrLoss:  0.02455, VaAcc: 0.9683, VaLoss:  0.13447
 MAP NN | TrAcc: 0.9951 | VaAcc: 0.9663 | TeAcc: 0.9741
 S NN | TrAcc: 0.9954 | VaAcc: 0.9668 | TeAcc: 0.9756

184,  0 | TrAcc: 0.9934, TrLoss:  0.02913, VaAcc: 0.9634, VaLoss:  0.14244
 MAP NN | TrAcc: 0.9941 | VaAcc: 0.9673 | TeAcc: 0.9761
 S NN | TrAcc: 0.9933 | VaAcc: 0.9668 | TeAcc: 0.9761

185,  0 | TrAcc: 0.9955, TrLoss:  0.02337, VaAcc: 0.9678, VaLoss:  0.13304
 MAP NN | TrAcc: 0.9956 | VaAcc: 0.9678 | TeAcc: 0.9731
 S NN | TrAcc: 0.9950 | VaAcc: 0.9673 | TeAcc: 0.9741

186,  0 | TrAcc: 0.9926, TrLoss:  0.02985, VaAcc: 0.9629, VaLoss:  0.15379
 MAP NN | TrAcc: 0.9933 | VaAcc: 0.9648 | TeAcc: 0.9746
 S NN | TrAcc: 0.9932 | VaAcc: 0.9629 | TeAcc: 0.9727

187,  0 | TrAcc: 0.9945, TrLoss:  0.02745, VaAcc: 0.9663, VaLoss:  0.14311
 MAP NN | TrAcc: 0.9946 | VaAcc: 0.9644 | TeAcc: 0.9751
 S NN | TrAcc: 0.9946 | VaAcc: 0.9629 | TeAcc: 0.9746

188,  0 | TrAcc: 0.9919, TrLoss:  0.03002, VaAcc: 0.9653, VaLoss:  0.15071
 MAP NN | TrAcc: 0.9938 | VaAcc: 0.9653 | TeAcc: 0.9751
 S NN | TrAcc: 0.9930 | VaAcc: 0.9634 | TeAcc: 0.9766

189,  0 | TrAcc: 0.9934, TrLoss:  0.02864, VaAcc: 0.9663, VaLoss:  0.13645
 MAP NN | TrAcc: 0.9937 | VaAcc: 0.9673 | TeAcc: 0.9771
 S NN | TrAcc: 0.9943 | VaAcc: 0.9692 | TeAcc: 0.9785

190,  0 | TrAcc: 0.9937, TrLoss:  0.02906, VaAcc: 0.9668, VaLoss:  0.13301
 MAP NN | TrAcc: 0.9935 | VaAcc: 0.9678 | TeAcc: 0.9746
 S NN | TrAcc: 0.9935 | VaAcc: 0.9683 | TeAcc: 0.9761

191,  0 | TrAcc: 0.9935, TrLoss:  0.02752, VaAcc: 0.9648, VaLoss:  0.14587
 MAP NN | TrAcc: 0.9944 | VaAcc: 0.9629 | TeAcc: 0.9736
 S NN | TrAcc: 0.9917 | VaAcc: 0.9644 | TeAcc: 0.9727

192,  0 | TrAcc: 0.9919, TrLoss:  0.03085, VaAcc: 0.9619, VaLoss:  0.15119
 MAP NN | TrAcc: 0.9932 | VaAcc: 0.9614 | TeAcc: 0.9746
 S NN | TrAcc: 0.9928 | VaAcc: 0.9619 | TeAcc: 0.9751

193,  0 | TrAcc: 0.9921, TrLoss:  0.03042, VaAcc: 0.9668, VaLoss:  0.13863
 MAP NN | TrAcc: 0.9938 | VaAcc: 0.9653 | TeAcc: 0.9736
 S NN | TrAcc: 0.9935 | VaAcc: 0.9644 | TeAcc: 0.9712

194,  0 | TrAcc: 0.9930, TrLoss:  0.02843, VaAcc: 0.9663, VaLoss:  0.14120
 MAP NN | TrAcc: 0.9948 | VaAcc: 0.9663 | TeAcc: 0.9756
 S NN | TrAcc: 0.9945 | VaAcc: 0.9634 | TeAcc: 0.9741

195,  0 | TrAcc: 0.9907, TrLoss:  0.03724, VaAcc: 0.9673, VaLoss:  0.14102
 MAP NN | TrAcc: 0.9915 | VaAcc: 0.9653 | TeAcc: 0.9727
 S NN | TrAcc: 0.9907 | VaAcc: 0.9644 | TeAcc: 0.9746

196,  0 | TrAcc: 0.9918, TrLoss:  0.03155, VaAcc: 0.9644, VaLoss:  0.15172
 MAP NN | TrAcc: 0.9933 | VaAcc: 0.9629 | TeAcc: 0.9722
 S NN | TrAcc: 0.9930 | VaAcc: 0.9663 | TeAcc: 0.9741

197,  0 | TrAcc: 0.9922, TrLoss:  0.03130, VaAcc: 0.9629, VaLoss:  0.14556
 MAP NN | TrAcc: 0.9927 | VaAcc: 0.9634 | TeAcc: 0.9717
 S NN | TrAcc: 0.9928 | VaAcc: 0.9648 | TeAcc: 0.9712

198,  0 | TrAcc: 0.9924, TrLoss:  0.03068, VaAcc: 0.9600, VaLoss:  0.15403
 MAP NN | TrAcc: 0.9926 | VaAcc: 0.9614 | TeAcc: 0.9722
 S NN | TrAcc: 0.9907 | VaAcc: 0.9624 | TeAcc: 0.9751

199,  0 | TrAcc: 0.9935, TrLoss:  0.02921, VaAcc: 0.9629, VaLoss:  0.15117
 MAP NN | TrAcc: 0.9938 | VaAcc: 0.9639 | TeAcc: 0.9717
 S NN | TrAcc: 0.9932 | VaAcc: 0.9644 | TeAcc: 0.9731

200,  0 | TrAcc: 0.9934, TrLoss:  0.02645, VaAcc: 0.9653, VaLoss:  0.14022
 MAP NN | TrAcc: 0.9939 | VaAcc: 0.9658 | TeAcc: 0.9751
 S NN | TrAcc: 0.9940 | VaAcc: 0.9648 | TeAcc: 0.9736

201,  0 | TrAcc: 0.9944, TrLoss:  0.02519, VaAcc: 0.9663, VaLoss:  0.13448
 MAP NN | TrAcc: 0.9949 | VaAcc: 0.9678 | TeAcc: 0.9746
 S NN | TrAcc: 0.9941 | VaAcc: 0.9658 | TeAcc: 0.9731

202,  0 | TrAcc: 0.9949, TrLoss:  0.02480, VaAcc: 0.9653, VaLoss:  0.13620
 MAP NN | TrAcc: 0.9951 | VaAcc: 0.9678 | TeAcc: 0.9727
 S NN | TrAcc: 0.9955 | VaAcc: 0.9678 | TeAcc: 0.9722

203,  0 | TrAcc: 0.9956, TrLoss:  0.02438, VaAcc: 0.9639, VaLoss:  0.13815
 MAP NN | TrAcc: 0.9960 | VaAcc: 0.9639 | TeAcc: 0.9722
 S NN | TrAcc: 0.9951 | VaAcc: 0.9658 | TeAcc: 0.9731

204,  0 | TrAcc: 0.9943, TrLoss:  0.02317, VaAcc: 0.9653, VaLoss:  0.14589
 MAP NN | TrAcc: 0.9956 | VaAcc: 0.9673 | TeAcc: 0.9756
 S NN | TrAcc: 0.9957 | VaAcc: 0.9658 | TeAcc: 0.9751

205,  0 | TrAcc: 0.9955, TrLoss:  0.02172, VaAcc: 0.9658, VaLoss:  0.13612
 MAP NN | TrAcc: 0.9955 | VaAcc: 0.9658 | TeAcc: 0.9746
 S NN | TrAcc: 0.9952 | VaAcc: 0.9644 | TeAcc: 0.9766

206,  0 | TrAcc: 0.9952, TrLoss:  0.02326, VaAcc: 0.9717, VaLoss:  0.12989
 MAP NN | TrAcc: 0.9958 | VaAcc: 0.9688 | TeAcc: 0.9751
 S NN | TrAcc: 0.9956 | VaAcc: 0.9673 | TeAcc: 0.9731

207,  0 | TrAcc: 0.9932, TrLoss:  0.02620, VaAcc: 0.9673, VaLoss:  0.13693
 MAP NN | TrAcc: 0.9948 | VaAcc: 0.9658 | TeAcc: 0.9722
 S NN | TrAcc: 0.9945 | VaAcc: 0.9683 | TeAcc: 0.9731

208,  0 | TrAcc: 0.9952, TrLoss:  0.02238, VaAcc: 0.9668, VaLoss:  0.13992
 MAP NN | TrAcc: 0.9962 | VaAcc: 0.9678 | TeAcc: 0.9775
 S NN | TrAcc: 0.9957 | VaAcc: 0.9688 | TeAcc: 0.9741

209,  0 | TrAcc: 0.9966, TrLoss:  0.02178, VaAcc: 0.9653, VaLoss:  0.13195
 MAP NN | TrAcc: 0.9963 | VaAcc: 0.9683 | TeAcc: 0.9741
 S NN | TrAcc: 0.9962 | VaAcc: 0.9673 | TeAcc: 0.9727

210,  0 | TrAcc: 0.9944, TrLoss:  0.02435, VaAcc: 0.9624, VaLoss:  0.15199
 MAP NN | TrAcc: 0.9945 | VaAcc: 0.9624 | TeAcc: 0.9741
 S NN | TrAcc: 0.9951 | VaAcc: 0.9629 | TeAcc: 0.9736

211,  0 | TrAcc: 0.9934, TrLoss:  0.02715, VaAcc: 0.9692, VaLoss:  0.13741
 MAP NN | TrAcc: 0.9946 | VaAcc: 0.9668 | TeAcc: 0.9736
 S NN | TrAcc: 0.9933 | VaAcc: 0.9663 | TeAcc: 0.9727

212,  0 | TrAcc: 0.9955, TrLoss:  0.02280, VaAcc: 0.9678, VaLoss:  0.13454
 MAP NN | TrAcc: 0.9962 | VaAcc: 0.9663 | TeAcc: 0.9766
 S NN | TrAcc: 0.9948 | VaAcc: 0.9673 | TeAcc: 0.9766

213,  0 | TrAcc: 0.9955, TrLoss:  0.02178, VaAcc: 0.9648, VaLoss:  0.14237
 MAP NN | TrAcc: 0.9963 | VaAcc: 0.9624 | TeAcc: 0.9746
 S NN | TrAcc: 0.9961 | VaAcc: 0.9634 | TeAcc: 0.9731

214,  0 | TrAcc: 0.9956, TrLoss:  0.02301, VaAcc: 0.9663, VaLoss:  0.13855
 MAP NN | TrAcc: 0.9955 | VaAcc: 0.9683 | TeAcc: 0.9736
 S NN | TrAcc: 0.9950 | VaAcc: 0.9678 | TeAcc: 0.9751

215,  0 | TrAcc: 0.9961, TrLoss:  0.02093, VaAcc: 0.9648, VaLoss:  0.13505
 MAP NN | TrAcc: 0.9963 | VaAcc: 0.9653 | TeAcc: 0.9736
 S NN | TrAcc: 0.9961 | VaAcc: 0.9648 | TeAcc: 0.9741

216,  0 | TrAcc: 0.9955, TrLoss:  0.02255, VaAcc: 0.9634, VaLoss:  0.14450
 MAP NN | TrAcc: 0.9958 | VaAcc: 0.9658 | TeAcc: 0.9756
 S NN | TrAcc: 0.9957 | VaAcc: 0.9683 | TeAcc: 0.9751

217,  0 | TrAcc: 0.9937, TrLoss:  0.02664, VaAcc: 0.9629, VaLoss:  0.15151
 MAP NN | TrAcc: 0.9945 | VaAcc: 0.9624 | TeAcc: 0.9746
 S NN | TrAcc: 0.9941 | VaAcc: 0.9634 | TeAcc: 0.9736

218,  0 | TrAcc: 0.9949, TrLoss:  0.02413, VaAcc: 0.9668, VaLoss:  0.13896
 MAP NN | TrAcc: 0.9955 | VaAcc: 0.9668 | TeAcc: 0.9741
 S NN | TrAcc: 0.9940 | VaAcc: 0.9678 | TeAcc: 0.9731

219,  0 | TrAcc: 0.9957, TrLoss:  0.02262, VaAcc: 0.9673, VaLoss:  0.14161
 MAP NN | TrAcc: 0.9963 | VaAcc: 0.9648 | TeAcc: 0.9727
 S NN | TrAcc: 0.9958 | VaAcc: 0.9668 | TeAcc: 0.9722

220,  0 | TrAcc: 0.9960, TrLoss:  0.02106, VaAcc: 0.9644, VaLoss:  0.14142
 MAP NN | TrAcc: 0.9960 | VaAcc: 0.9639 | TeAcc: 0.9736
 S NN | TrAcc: 0.9962 | VaAcc: 0.9639 | TeAcc: 0.9741

221,  0 | TrAcc: 0.9943, TrLoss:  0.02550, VaAcc: 0.9653, VaLoss:  0.15194
 MAP NN | TrAcc: 0.9950 | VaAcc: 0.9658 | TeAcc: 0.9731
 S NN | TrAcc: 0.9940 | VaAcc: 0.9653 | TeAcc: 0.9736

222,  0 | TrAcc: 0.9894, TrLoss:  0.03623, VaAcc: 0.9634, VaLoss:  0.15239
 MAP NN | TrAcc: 0.9897 | VaAcc: 0.9619 | TeAcc: 0.9736
 S NN | TrAcc: 0.9901 | VaAcc: 0.9629 | TeAcc: 0.9717

223,  0 | TrAcc: 0.9922, TrLoss:  0.03159, VaAcc: 0.9629, VaLoss:  0.15315
 MAP NN | TrAcc: 0.9929 | VaAcc: 0.9663 | TeAcc: 0.9712
 S NN | TrAcc: 0.9921 | VaAcc: 0.9634 | TeAcc: 0.9727

224,  0 | TrAcc: 0.9912, TrLoss:  0.03296, VaAcc: 0.9653, VaLoss:  0.14538
 MAP NN | TrAcc: 0.9912 | VaAcc: 0.9639 | TeAcc: 0.9741
 S NN | TrAcc: 0.9906 | VaAcc: 0.9658 | TeAcc: 0.9722

225,  0 | TrAcc: 0.9888, TrLoss:  0.04195, VaAcc: 0.9595, VaLoss:  0.15679
 MAP NN | TrAcc: 0.9888 | VaAcc: 0.9565 | TeAcc: 0.9722
 S NN | TrAcc: 0.9885 | VaAcc: 0.9595 | TeAcc: 0.9741

226,  0 | TrAcc: 0.9904, TrLoss:  0.03393, VaAcc: 0.9590, VaLoss:  0.14311
 MAP NN | TrAcc: 0.9918 | VaAcc: 0.9609 | TeAcc: 0.9756
 S NN | TrAcc: 0.9913 | VaAcc: 0.9614 | TeAcc: 0.9741

227,  0 | TrAcc: 0.9899, TrLoss:  0.03825, VaAcc: 0.9639, VaLoss:  0.14461
 MAP NN | TrAcc: 0.9904 | VaAcc: 0.9629 | TeAcc: 0.9717
 S NN | TrAcc: 0.9899 | VaAcc: 0.9644 | TeAcc: 0.9727

228,  0 | TrAcc: 0.9899, TrLoss:  0.03614, VaAcc: 0.9648, VaLoss:  0.15091
 MAP NN | TrAcc: 0.9900 | VaAcc: 0.9639 | TeAcc: 0.9717
 S NN | TrAcc: 0.9901 | VaAcc: 0.9639 | TeAcc: 0.9717

229,  0 | TrAcc: 0.9918, TrLoss:  0.03073, VaAcc: 0.9614, VaLoss:  0.14826
 MAP NN | TrAcc: 0.9923 | VaAcc: 0.9629 | TeAcc: 0.9746
 S NN | TrAcc: 0.9924 | VaAcc: 0.9639 | TeAcc: 0.9766

230,  0 | TrAcc: 0.9910, TrLoss:  0.03544, VaAcc: 0.9644, VaLoss:  0.14732
 MAP NN | TrAcc: 0.9911 | VaAcc: 0.9653 | TeAcc: 0.9717
 S NN | TrAcc: 0.9897 | VaAcc: 0.9648 | TeAcc: 0.9727

231,  0 | TrAcc: 0.9917, TrLoss:  0.03447, VaAcc: 0.9614, VaLoss:  0.14073
 MAP NN | TrAcc: 0.9917 | VaAcc: 0.9629 | TeAcc: 0.9722
 S NN | TrAcc: 0.9911 | VaAcc: 0.9653 | TeAcc: 0.9707

232,  0 | TrAcc: 0.9885, TrLoss:  0.03778, VaAcc: 0.9648, VaLoss:  0.14145
 MAP NN | TrAcc: 0.9900 | VaAcc: 0.9668 | TeAcc: 0.9727
 S NN | TrAcc: 0.9901 | VaAcc: 0.9653 | TeAcc: 0.9741

233,  0 | TrAcc: 0.9855, TrLoss:  0.04613, VaAcc: 0.9570, VaLoss:  0.15942
 MAP NN | TrAcc: 0.9860 | VaAcc: 0.9614 | TeAcc: 0.9727
 S NN | TrAcc: 0.9863 | VaAcc: 0.9595 | TeAcc: 0.9712

234,  0 | TrAcc: 0.9922, TrLoss:  0.03090, VaAcc: 0.9648, VaLoss:  0.14078
 MAP NN | TrAcc: 0.9926 | VaAcc: 0.9653 | TeAcc: 0.9727
 S NN | TrAcc: 0.9921 | VaAcc: 0.9658 | TeAcc: 0.9736

235,  0 | TrAcc: 0.9917, TrLoss:  0.03018, VaAcc: 0.9668, VaLoss:  0.14840
 MAP NN | TrAcc: 0.9929 | VaAcc: 0.9634 | TeAcc: 0.9717
 S NN | TrAcc: 0.9923 | VaAcc: 0.9653 | TeAcc: 0.9741

236,  0 | TrAcc: 0.9937, TrLoss:  0.02750, VaAcc: 0.9639, VaLoss:  0.13736
 MAP NN | TrAcc: 0.9939 | VaAcc: 0.9668 | TeAcc: 0.9727
 S NN | TrAcc: 0.9932 | VaAcc: 0.9673 | TeAcc: 0.9717

237,  0 | TrAcc: 0.9943, TrLoss:  0.02692, VaAcc: 0.9619, VaLoss:  0.14874
 MAP NN | TrAcc: 0.9949 | VaAcc: 0.9644 | TeAcc: 0.9717
 S NN | TrAcc: 0.9943 | VaAcc: 0.9653 | TeAcc: 0.9717

238,  0 | TrAcc: 0.9956, TrLoss:  0.02278, VaAcc: 0.9634, VaLoss:  0.13970
 MAP NN | TrAcc: 0.9961 | VaAcc: 0.9653 | TeAcc: 0.9775
 S NN | TrAcc: 0.9957 | VaAcc: 0.9648 | TeAcc: 0.9775

239,  0 | TrAcc: 0.9938, TrLoss:  0.02572, VaAcc: 0.9629, VaLoss:  0.13995
 MAP NN | TrAcc: 0.9946 | VaAcc: 0.9648 | TeAcc: 0.9751
 S NN | TrAcc: 0.9938 | VaAcc: 0.9653 | TeAcc: 0.9741

240,  0 | TrAcc: 0.9929, TrLoss:  0.02762, VaAcc: 0.9629, VaLoss:  0.14262
 MAP NN | TrAcc: 0.9944 | VaAcc: 0.9644 | TeAcc: 0.9751
 S NN | TrAcc: 0.9930 | VaAcc: 0.9619 | TeAcc: 0.9717

241,  0 | TrAcc: 0.9941, TrLoss:  0.02593, VaAcc: 0.9644, VaLoss:  0.14045
 MAP NN | TrAcc: 0.9949 | VaAcc: 0.9644 | TeAcc: 0.9761
 S NN | TrAcc: 0.9944 | VaAcc: 0.9634 | TeAcc: 0.9741

242,  0 | TrAcc: 0.9943, TrLoss:  0.02393, VaAcc: 0.9668, VaLoss:  0.13427
 MAP NN | TrAcc: 0.9962 | VaAcc: 0.9683 | TeAcc: 0.9771
 S NN | TrAcc: 0.9950 | VaAcc: 0.9663 | TeAcc: 0.9766

243,  0 | TrAcc: 0.9948, TrLoss:  0.02357, VaAcc: 0.9614, VaLoss:  0.15483
 MAP NN | TrAcc: 0.9958 | VaAcc: 0.9634 | TeAcc: 0.9727
 S NN | TrAcc: 0.9956 | VaAcc: 0.9629 | TeAcc: 0.9741

244,  0 | TrAcc: 0.9961, TrLoss:  0.02153, VaAcc: 0.9668, VaLoss:  0.13814
 MAP NN | TrAcc: 0.9962 | VaAcc: 0.9653 | TeAcc: 0.9751
 S NN | TrAcc: 0.9960 | VaAcc: 0.9634 | TeAcc: 0.9741

245,  0 | TrAcc: 0.9932, TrLoss:  0.02776, VaAcc: 0.9624, VaLoss:  0.14837
 MAP NN | TrAcc: 0.9938 | VaAcc: 0.9624 | TeAcc: 0.9741
 S NN | TrAcc: 0.9935 | VaAcc: 0.9614 | TeAcc: 0.9727

246,  0 | TrAcc: 0.9940, TrLoss:  0.02742, VaAcc: 0.9663, VaLoss:  0.14910
 MAP NN | TrAcc: 0.9948 | VaAcc: 0.9653 | TeAcc: 0.9746
 S NN | TrAcc: 0.9941 | VaAcc: 0.9673 | TeAcc: 0.9746

247,  0 | TrAcc: 0.9938, TrLoss:  0.02726, VaAcc: 0.9668, VaLoss:  0.14099
 MAP NN | TrAcc: 0.9944 | VaAcc: 0.9673 | TeAcc: 0.9731
 S NN | TrAcc: 0.9934 | VaAcc: 0.9668 | TeAcc: 0.9717

248,  0 | TrAcc: 0.9950, TrLoss:  0.02314, VaAcc: 0.9663, VaLoss:  0.14116
 MAP NN | TrAcc: 0.9950 | VaAcc: 0.9653 | TeAcc: 0.9746
 S NN | TrAcc: 0.9950 | VaAcc: 0.9634 | TeAcc: 0.9727

249,  0 | TrAcc: 0.9938, TrLoss:  0.02462, VaAcc: 0.9658, VaLoss:  0.14481
 MAP NN | TrAcc: 0.9952 | VaAcc: 0.9648 | TeAcc: 0.9736
 S NN | TrAcc: 0.9951 | VaAcc: 0.9648 | TeAcc: 0.9736

250,  0 | TrAcc: 0.9950, TrLoss:  0.02131, VaAcc: 0.9663, VaLoss:  0.13759
 MAP NN | TrAcc: 0.9952 | VaAcc: 0.9673 | TeAcc: 0.9741
 S NN | TrAcc: 0.9952 | VaAcc: 0.9673 | TeAcc: 0.9741

251,  0 | TrAcc: 0.9954, TrLoss:  0.02221, VaAcc: 0.9639, VaLoss:  0.13981
 MAP NN | TrAcc: 0.9958 | VaAcc: 0.9658 | TeAcc: 0.9746
 S NN | TrAcc: 0.9958 | VaAcc: 0.9648 | TeAcc: 0.9731

252,  0 | TrAcc: 0.9961, TrLoss:  0.02136, VaAcc: 0.9663, VaLoss:  0.13897
 MAP NN | TrAcc: 0.9961 | VaAcc: 0.9673 | TeAcc: 0.9751
 S NN | TrAcc: 0.9962 | VaAcc: 0.9678 | TeAcc: 0.9766

253,  0 | TrAcc: 0.9966, TrLoss:  0.02017, VaAcc: 0.9639, VaLoss:  0.14928
 MAP NN | TrAcc: 0.9971 | VaAcc: 0.9648 | TeAcc: 0.9741
 S NN | TrAcc: 0.9966 | VaAcc: 0.9663 | TeAcc: 0.9741

254,  0 | TrAcc: 0.9961, TrLoss:  0.02093, VaAcc: 0.9653, VaLoss:  0.14118
 MAP NN | TrAcc: 0.9962 | VaAcc: 0.9668 | TeAcc: 0.9727
 S NN | TrAcc: 0.9956 | VaAcc: 0.9668 | TeAcc: 0.9727

255,  0 | TrAcc: 0.9945, TrLoss:  0.02354, VaAcc: 0.9634, VaLoss:  0.14679
 MAP NN | TrAcc: 0.9957 | VaAcc: 0.9629 | TeAcc: 0.9736
 S NN | TrAcc: 0.9949 | VaAcc: 0.9634 | TeAcc: 0.9741

256,  0 | TrAcc: 0.9946, TrLoss:  0.02247, VaAcc: 0.9644, VaLoss:  0.14492
 MAP NN | TrAcc: 0.9949 | VaAcc: 0.9634 | TeAcc: 0.9746
 S NN | TrAcc: 0.9948 | VaAcc: 0.9648 | TeAcc: 0.9751

257,  0 | TrAcc: 0.9955, TrLoss:  0.02286, VaAcc: 0.9639, VaLoss:  0.13984
 MAP NN | TrAcc: 0.9951 | VaAcc: 0.9629 | TeAcc: 0.9717
 S NN | TrAcc: 0.9950 | VaAcc: 0.9609 | TeAcc: 0.9722

258,  0 | TrAcc: 0.9960, TrLoss:  0.02101, VaAcc: 0.9644, VaLoss:  0.14796
 MAP NN | TrAcc: 0.9961 | VaAcc: 0.9658 | TeAcc: 0.9727
 S NN | TrAcc: 0.9961 | VaAcc: 0.9644 | TeAcc: 0.9722

259,  0 | TrAcc: 0.9948, TrLoss:  0.02407, VaAcc: 0.9683, VaLoss:  0.13733
 MAP NN | TrAcc: 0.9950 | VaAcc: 0.9663 | TeAcc: 0.9751
 S NN | TrAcc: 0.9949 | VaAcc: 0.9663 | TeAcc: 0.9766

260,  0 | TrAcc: 0.9952, TrLoss:  0.02229, VaAcc: 0.9648, VaLoss:  0.14584
 MAP NN | TrAcc: 0.9963 | VaAcc: 0.9653 | TeAcc: 0.9731
 S NN | TrAcc: 0.9958 | VaAcc: 0.9658 | TeAcc: 0.9741

261,  0 | TrAcc: 0.9960, TrLoss:  0.02154, VaAcc: 0.9653, VaLoss:  0.13724
 MAP NN | TrAcc: 0.9956 | VaAcc: 0.9653 | TeAcc: 0.9731
 S NN | TrAcc: 0.9958 | VaAcc: 0.9648 | TeAcc: 0.9727

262,  0 | TrAcc: 0.9961, TrLoss:  0.02002, VaAcc: 0.9658, VaLoss:  0.13968
 MAP NN | TrAcc: 0.9969 | VaAcc: 0.9648 | TeAcc: 0.9727
 S NN | TrAcc: 0.9968 | VaAcc: 0.9668 | TeAcc: 0.9741

263,  0 | TrAcc: 0.9969, TrLoss:  0.01924, VaAcc: 0.9644, VaLoss:  0.13906
 MAP NN | TrAcc: 0.9968 | VaAcc: 0.9668 | TeAcc: 0.9712
 S NN | TrAcc: 0.9967 | VaAcc: 0.9639 | TeAcc: 0.9731

264,  0 | TrAcc: 0.9950, TrLoss:  0.02107, VaAcc: 0.9663, VaLoss:  0.13843
 MAP NN | TrAcc: 0.9956 | VaAcc: 0.9648 | TeAcc: 0.9741
 S NN | TrAcc: 0.9948 | VaAcc: 0.9658 | TeAcc: 0.9741

265,  0 | TrAcc: 0.9967, TrLoss:  0.01952, VaAcc: 0.9648, VaLoss:  0.14859
 MAP NN | TrAcc: 0.9968 | VaAcc: 0.9653 | TeAcc: 0.9731
 S NN | TrAcc: 0.9968 | VaAcc: 0.9629 | TeAcc: 0.9722

266,  0 | TrAcc: 0.9957, TrLoss:  0.02064, VaAcc: 0.9648, VaLoss:  0.14165
 MAP NN | TrAcc: 0.9962 | VaAcc: 0.9629 | TeAcc: 0.9731
 S NN | TrAcc: 0.9961 | VaAcc: 0.9644 | TeAcc: 0.9751

267,  0 | TrAcc: 0.9943, TrLoss:  0.02495, VaAcc: 0.9624, VaLoss:  0.13860
 MAP NN | TrAcc: 0.9943 | VaAcc: 0.9624 | TeAcc: 0.9746
 S NN | TrAcc: 0.9940 | VaAcc: 0.9624 | TeAcc: 0.9766

268,  0 | TrAcc: 0.9960, TrLoss:  0.01998, VaAcc: 0.9653, VaLoss:  0.13923
 MAP NN | TrAcc: 0.9963 | VaAcc: 0.9683 | TeAcc: 0.9731
 S NN | TrAcc: 0.9965 | VaAcc: 0.9658 | TeAcc: 0.9707

269,  0 | TrAcc: 0.9927, TrLoss:  0.02868, VaAcc: 0.9648, VaLoss:  0.15010
 MAP NN | TrAcc: 0.9930 | VaAcc: 0.9648 | TeAcc: 0.9692
 S NN | TrAcc: 0.9928 | VaAcc: 0.9673 | TeAcc: 0.9697

270,  0 | TrAcc: 0.9935, TrLoss:  0.02787, VaAcc: 0.9634, VaLoss:  0.14522
 MAP NN | TrAcc: 0.9924 | VaAcc: 0.9629 | TeAcc: 0.9727
 S NN | TrAcc: 0.9921 | VaAcc: 0.9634 | TeAcc: 0.9727

271,  0 | TrAcc: 0.9948, TrLoss:  0.02366, VaAcc: 0.9644, VaLoss:  0.13801
 MAP NN | TrAcc: 0.9949 | VaAcc: 0.9658 | TeAcc: 0.9712
 S NN | TrAcc: 0.9950 | VaAcc: 0.9644 | TeAcc: 0.9741

272,  0 | TrAcc: 0.9939, TrLoss:  0.02567, VaAcc: 0.9624, VaLoss:  0.14384
 MAP NN | TrAcc: 0.9945 | VaAcc: 0.9629 | TeAcc: 0.9756
 S NN | TrAcc: 0.9938 | VaAcc: 0.9600 | TeAcc: 0.9736

273,  0 | TrAcc: 0.9963, TrLoss:  0.02287, VaAcc: 0.9634, VaLoss:  0.14109
 MAP NN | TrAcc: 0.9960 | VaAcc: 0.9639 | TeAcc: 0.9727
 S NN | TrAcc: 0.9960 | VaAcc: 0.9639 | TeAcc: 0.9731

274,  0 | TrAcc: 0.9934, TrLoss:  0.02704, VaAcc: 0.9624, VaLoss:  0.15020
 MAP NN | TrAcc: 0.9946 | VaAcc: 0.9629 | TeAcc: 0.9756
 S NN | TrAcc: 0.9944 | VaAcc: 0.9614 | TeAcc: 0.9746

275,  0 | TrAcc: 0.9957, TrLoss:  0.02287, VaAcc: 0.9644, VaLoss:  0.13938
 MAP NN | TrAcc: 0.9956 | VaAcc: 0.9653 | TeAcc: 0.9712
 S NN | TrAcc: 0.9958 | VaAcc: 0.9629 | TeAcc: 0.9702

276,  0 | TrAcc: 0.9945, TrLoss:  0.02437, VaAcc: 0.9629, VaLoss:  0.14520
 MAP NN | TrAcc: 0.9950 | VaAcc: 0.9648 | TeAcc: 0.9727
 S NN | TrAcc: 0.9943 | VaAcc: 0.9653 | TeAcc: 0.9722

277,  0 | TrAcc: 0.9956, TrLoss:  0.02292, VaAcc: 0.9614, VaLoss:  0.16462
 MAP NN | TrAcc: 0.9956 | VaAcc: 0.9624 | TeAcc: 0.9751
 S NN | TrAcc: 0.9955 | VaAcc: 0.9614 | TeAcc: 0.9746

278,  0 | TrAcc: 0.9937, TrLoss:  0.02655, VaAcc: 0.9697, VaLoss:  0.14159
 MAP NN | TrAcc: 0.9944 | VaAcc: 0.9683 | TeAcc: 0.9707
 S NN | TrAcc: 0.9952 | VaAcc: 0.9678 | TeAcc: 0.9722

279,  0 | TrAcc: 0.9957, TrLoss:  0.02075, VaAcc: 0.9624, VaLoss:  0.13649
 MAP NN | TrAcc: 0.9960 | VaAcc: 0.9629 | TeAcc: 0.9746
 S NN | TrAcc: 0.9960 | VaAcc: 0.9639 | TeAcc: 0.9746

280,  0 | TrAcc: 0.9957, TrLoss:  0.02089, VaAcc: 0.9653, VaLoss:  0.13880
 MAP NN | TrAcc: 0.9962 | VaAcc: 0.9639 | TeAcc: 0.9736
 S NN | TrAcc: 0.9958 | VaAcc: 0.9624 | TeAcc: 0.9727

281,  0 | TrAcc: 0.9955, TrLoss:  0.02148, VaAcc: 0.9658, VaLoss:  0.14357
 MAP NN | TrAcc: 0.9962 | VaAcc: 0.9663 | TeAcc: 0.9717
 S NN | TrAcc: 0.9954 | VaAcc: 0.9658 | TeAcc: 0.9727

282,  0 | TrAcc: 0.9968, TrLoss:  0.01954, VaAcc: 0.9644, VaLoss:  0.13843
 MAP NN | TrAcc: 0.9968 | VaAcc: 0.9653 | TeAcc: 0.9717
 S NN | TrAcc: 0.9967 | VaAcc: 0.9648 | TeAcc: 0.9736

283,  0 | TrAcc: 0.9955, TrLoss:  0.02052, VaAcc: 0.9634, VaLoss:  0.14508
 MAP NN | TrAcc: 0.9960 | VaAcc: 0.9629 | TeAcc: 0.9756
 S NN | TrAcc: 0.9961 | VaAcc: 0.9624 | TeAcc: 0.9741

284,  0 | TrAcc: 0.9963, TrLoss:  0.01949, VaAcc: 0.9629, VaLoss:  0.14150
 MAP NN | TrAcc: 0.9962 | VaAcc: 0.9644 | TeAcc: 0.9746
 S NN | TrAcc: 0.9968 | VaAcc: 0.9624 | TeAcc: 0.9746

285,  0 | TrAcc: 0.9961, TrLoss:  0.02257, VaAcc: 0.9658, VaLoss:  0.14287
 MAP NN | TrAcc: 0.9957 | VaAcc: 0.9644 | TeAcc: 0.9741
 S NN | TrAcc: 0.9961 | VaAcc: 0.9644 | TeAcc: 0.9751

286,  0 | TrAcc: 0.9958, TrLoss:  0.02137, VaAcc: 0.9644, VaLoss:  0.14056
 MAP NN | TrAcc: 0.9962 | VaAcc: 0.9683 | TeAcc: 0.9751
 S NN | TrAcc: 0.9966 | VaAcc: 0.9653 | TeAcc: 0.9736

287,  0 | TrAcc: 0.9946, TrLoss:  0.02348, VaAcc: 0.9692, VaLoss:  0.13769
 MAP NN | TrAcc: 0.9955 | VaAcc: 0.9678 | TeAcc: 0.9736
 S NN | TrAcc: 0.9951 | VaAcc: 0.9658 | TeAcc: 0.9736

288,  0 | TrAcc: 0.9889, TrLoss:  0.04039, VaAcc: 0.9673, VaLoss:  0.13979
 MAP NN | TrAcc: 0.9895 | VaAcc: 0.9668 | TeAcc: 0.9688
 S NN | TrAcc: 0.9896 | VaAcc: 0.9683 | TeAcc: 0.9663

289,  0 | TrAcc: 0.9921, TrLoss:  0.03083, VaAcc: 0.9629, VaLoss:  0.14794
 MAP NN | TrAcc: 0.9935 | VaAcc: 0.9600 | TeAcc: 0.9712
 S NN | TrAcc: 0.9937 | VaAcc: 0.9614 | TeAcc: 0.9717

290,  0 | TrAcc: 0.9911, TrLoss:  0.03350, VaAcc: 0.9575, VaLoss:  0.16469
 MAP NN | TrAcc: 0.9912 | VaAcc: 0.9575 | TeAcc: 0.9736
 S NN | TrAcc: 0.9916 | VaAcc: 0.9570 | TeAcc: 0.9727

291,  0 | TrAcc: 0.9904, TrLoss:  0.03692, VaAcc: 0.9629, VaLoss:  0.15504
 MAP NN | TrAcc: 0.9906 | VaAcc: 0.9629 | TeAcc: 0.9683
 S NN | TrAcc: 0.9897 | VaAcc: 0.9604 | TeAcc: 0.9683

292,  0 | TrAcc: 0.9894, TrLoss:  0.03843, VaAcc: 0.9580, VaLoss:  0.16263
 MAP NN | TrAcc: 0.9902 | VaAcc: 0.9580 | TeAcc: 0.9717
 S NN | TrAcc: 0.9906 | VaAcc: 0.9575 | TeAcc: 0.9712

293,  0 | TrAcc: 0.9917, TrLoss:  0.03246, VaAcc: 0.9634, VaLoss:  0.15299
 MAP NN | TrAcc: 0.9924 | VaAcc: 0.9624 | TeAcc: 0.9707
 S NN | TrAcc: 0.9919 | VaAcc: 0.9619 | TeAcc: 0.9707

294,  0 | TrAcc: 0.9897, TrLoss:  0.03616, VaAcc: 0.9614, VaLoss:  0.15520
 MAP NN | TrAcc: 0.9905 | VaAcc: 0.9619 | TeAcc: 0.9683
 S NN | TrAcc: 0.9913 | VaAcc: 0.9609 | TeAcc: 0.9678

295,  0 | TrAcc: 0.9915, TrLoss:  0.03121, VaAcc: 0.9648, VaLoss:  0.14598
 MAP NN | TrAcc: 0.9921 | VaAcc: 0.9648 | TeAcc: 0.9722
 S NN | TrAcc: 0.9910 | VaAcc: 0.9648 | TeAcc: 0.9702

296,  0 | TrAcc: 0.9944, TrLoss:  0.02487, VaAcc: 0.9634, VaLoss:  0.15817
 MAP NN | TrAcc: 0.9943 | VaAcc: 0.9648 | TeAcc: 0.9756
 S NN | TrAcc: 0.9939 | VaAcc: 0.9639 | TeAcc: 0.9741

297,  0 | TrAcc: 0.9946, TrLoss:  0.02449, VaAcc: 0.9629, VaLoss:  0.14754
 MAP NN | TrAcc: 0.9948 | VaAcc: 0.9648 | TeAcc: 0.9736
 S NN | TrAcc: 0.9948 | VaAcc: 0.9639 | TeAcc: 0.9756

298,  0 | TrAcc: 0.9948, TrLoss:  0.02478, VaAcc: 0.9609, VaLoss:  0.14195
 MAP NN | TrAcc: 0.9952 | VaAcc: 0.9609 | TeAcc: 0.9736
 S NN | TrAcc: 0.9954 | VaAcc: 0.9609 | TeAcc: 0.9741

299,  0 | TrAcc: 0.9950, TrLoss:  0.02300, VaAcc: 0.9639, VaLoss:  0.14261
 MAP NN | TrAcc: 0.9957 | VaAcc: 0.9639 | TeAcc: 0.9727
 S NN | TrAcc: 0.9952 | VaAcc: 0.9648 | TeAcc: 0.9736

300,  0 | TrAcc: 0.9949, TrLoss:  0.02219, VaAcc: 0.9639, VaLoss:  0.14307
 MAP NN | TrAcc: 0.9955 | VaAcc: 0.9644 | TeAcc: 0.9741
 S NN | TrAcc: 0.9956 | VaAcc: 0.9634 | TeAcc: 0.9746

301,  0 | TrAcc: 0.9963, TrLoss:  0.01768, VaAcc: 0.9668, VaLoss:  0.13217
 MAP NN | TrAcc: 0.9971 | VaAcc: 0.9658 | TeAcc: 0.9722
 S NN | TrAcc: 0.9968 | VaAcc: 0.9658 | TeAcc: 0.9731

302,  0 | TrAcc: 0.9955, TrLoss:  0.02138, VaAcc: 0.9692, VaLoss:  0.13310
 MAP NN | TrAcc: 0.9956 | VaAcc: 0.9707 | TeAcc: 0.9712
 S NN | TrAcc: 0.9961 | VaAcc: 0.9688 | TeAcc: 0.9717

303,  0 | TrAcc: 0.9952, TrLoss:  0.02232, VaAcc: 0.9634, VaLoss:  0.14602
 MAP NN | TrAcc: 0.9957 | VaAcc: 0.9614 | TeAcc: 0.9761
 S NN | TrAcc: 0.9962 | VaAcc: 0.9619 | TeAcc: 0.9751

304,  0 | TrAcc: 0.9955, TrLoss:  0.02234, VaAcc: 0.9644, VaLoss:  0.13408
 MAP NN | TrAcc: 0.9951 | VaAcc: 0.9653 | TeAcc: 0.9722
 S NN | TrAcc: 0.9951 | VaAcc: 0.9658 | TeAcc: 0.9741

305,  0 | TrAcc: 0.9949, TrLoss:  0.02258, VaAcc: 0.9663, VaLoss:  0.13942
 MAP NN | TrAcc: 0.9951 | VaAcc: 0.9678 | TeAcc: 0.9766
 S NN | TrAcc: 0.9950 | VaAcc: 0.9673 | TeAcc: 0.9746

306,  0 | TrAcc: 0.9954, TrLoss:  0.02181, VaAcc: 0.9619, VaLoss:  0.14439
 MAP NN | TrAcc: 0.9952 | VaAcc: 0.9658 | TeAcc: 0.9717
 S NN | TrAcc: 0.9949 | VaAcc: 0.9648 | TeAcc: 0.9727

307,  0 | TrAcc: 0.9965, TrLoss:  0.01795, VaAcc: 0.9634, VaLoss:  0.14316
 MAP NN | TrAcc: 0.9969 | VaAcc: 0.9644 | TeAcc: 0.9741
 S NN | TrAcc: 0.9969 | VaAcc: 0.9644 | TeAcc: 0.9736

308,  0 | TrAcc: 0.9960, TrLoss:  0.01844, VaAcc: 0.9673, VaLoss:  0.13498
 MAP NN | TrAcc: 0.9961 | VaAcc: 0.9658 | TeAcc: 0.9746
 S NN | TrAcc: 0.9965 | VaAcc: 0.9678 | TeAcc: 0.9741

309,  0 | TrAcc: 0.9966, TrLoss:  0.01866, VaAcc: 0.9668, VaLoss:  0.14282
 MAP NN | TrAcc: 0.9969 | VaAcc: 0.9653 | TeAcc: 0.9741
 S NN | TrAcc: 0.9972 | VaAcc: 0.9639 | TeAcc: 0.9746

310,  0 | TrAcc: 0.9952, TrLoss:  0.02245, VaAcc: 0.9648, VaLoss:  0.14308
 MAP NN | TrAcc: 0.9961 | VaAcc: 0.9639 | TeAcc: 0.9722
 S NN | TrAcc: 0.9960 | VaAcc: 0.9648 | TeAcc: 0.9727

311,  0 | TrAcc: 0.9965, TrLoss:  0.01790, VaAcc: 0.9639, VaLoss:  0.13901
 MAP NN | TrAcc: 0.9969 | VaAcc: 0.9639 | TeAcc: 0.9746
 S NN | TrAcc: 0.9967 | VaAcc: 0.9644 | TeAcc: 0.9751

312,  0 | TrAcc: 0.9962, TrLoss:  0.02040, VaAcc: 0.9678, VaLoss:  0.13437
 MAP NN | TrAcc: 0.9957 | VaAcc: 0.9688 | TeAcc: 0.9736
 S NN | TrAcc: 0.9956 | VaAcc: 0.9688 | TeAcc: 0.9761

313,  0 | TrAcc: 0.9956, TrLoss:  0.02148, VaAcc: 0.9653, VaLoss:  0.13687
 MAP NN | TrAcc: 0.9954 | VaAcc: 0.9648 | TeAcc: 0.9722
 S NN | TrAcc: 0.9956 | VaAcc: 0.9648 | TeAcc: 0.9727

314,  0 | TrAcc: 0.9933, TrLoss:  0.02568, VaAcc: 0.9648, VaLoss:  0.14917
 MAP NN | TrAcc: 0.9940 | VaAcc: 0.9644 | TeAcc: 0.9707
 S NN | TrAcc: 0.9939 | VaAcc: 0.9648 | TeAcc: 0.9741

315,  0 | TrAcc: 0.9965, TrLoss:  0.01916, VaAcc: 0.9663, VaLoss:  0.13393
 MAP NN | TrAcc: 0.9966 | VaAcc: 0.9644 | TeAcc: 0.9727
 S NN | TrAcc: 0.9965 | VaAcc: 0.9648 | TeAcc: 0.9756

316,  0 | TrAcc: 0.9951, TrLoss:  0.02177, VaAcc: 0.9619, VaLoss:  0.14497
 MAP NN | TrAcc: 0.9951 | VaAcc: 0.9629 | TeAcc: 0.9741
 S NN | TrAcc: 0.9949 | VaAcc: 0.9619 | TeAcc: 0.9727

317,  0 | TrAcc: 0.9895, TrLoss:  0.03784, VaAcc: 0.9580, VaLoss:  0.16933
 MAP NN | TrAcc: 0.9894 | VaAcc: 0.9580 | TeAcc: 0.9653
 S NN | TrAcc: 0.9884 | VaAcc: 0.9600 | TeAcc: 0.9648

318,  0 | TrAcc: 0.9934, TrLoss:  0.02852, VaAcc: 0.9658, VaLoss:  0.14145
 MAP NN | TrAcc: 0.9941 | VaAcc: 0.9644 | TeAcc: 0.9746
 S NN | TrAcc: 0.9941 | VaAcc: 0.9644 | TeAcc: 0.9746

319,  0 | TrAcc: 0.9906, TrLoss:  0.03536, VaAcc: 0.9648, VaLoss:  0.14548
 MAP NN | TrAcc: 0.9908 | VaAcc: 0.9639 | TeAcc: 0.9712
 S NN | TrAcc: 0.9912 | VaAcc: 0.9634 | TeAcc: 0.9692

320,  0 | TrAcc: 0.9924, TrLoss:  0.03075, VaAcc: 0.9653, VaLoss:  0.15181
 MAP NN | TrAcc: 0.9930 | VaAcc: 0.9653 | TeAcc: 0.9736
 S NN | TrAcc: 0.9930 | VaAcc: 0.9663 | TeAcc: 0.9746

321,  0 | TrAcc: 0.9922, TrLoss:  0.03001, VaAcc: 0.9629, VaLoss:  0.15322
 MAP NN | TrAcc: 0.9924 | VaAcc: 0.9639 | TeAcc: 0.9697
 S NN | TrAcc: 0.9924 | VaAcc: 0.9648 | TeAcc: 0.9697

322,  0 | TrAcc: 0.9915, TrLoss:  0.03200, VaAcc: 0.9653, VaLoss:  0.14957
 MAP NN | TrAcc: 0.9915 | VaAcc: 0.9644 | TeAcc: 0.9736
 S NN | TrAcc: 0.9910 | VaAcc: 0.9619 | TeAcc: 0.9741

323,  0 | TrAcc: 0.9926, TrLoss:  0.02835, VaAcc: 0.9639, VaLoss:  0.14387
 MAP NN | TrAcc: 0.9933 | VaAcc: 0.9644 | TeAcc: 0.9688
 S NN | TrAcc: 0.9935 | VaAcc: 0.9644 | TeAcc: 0.9683

324,  0 | TrAcc: 0.9948, TrLoss:  0.02277, VaAcc: 0.9644, VaLoss:  0.14799
 MAP NN | TrAcc: 0.9955 | VaAcc: 0.9648 | TeAcc: 0.9741
 S NN | TrAcc: 0.9946 | VaAcc: 0.9639 | TeAcc: 0.9751

325,  0 | TrAcc: 0.9943, TrLoss:  0.02506, VaAcc: 0.9658, VaLoss:  0.14058
 MAP NN | TrAcc: 0.9939 | VaAcc: 0.9658 | TeAcc: 0.9746
 S NN | TrAcc: 0.9941 | VaAcc: 0.9653 | TeAcc: 0.9751

326,  0 | TrAcc: 0.9926, TrLoss:  0.02798, VaAcc: 0.9644, VaLoss:  0.13372
 MAP NN | TrAcc: 0.9921 | VaAcc: 0.9634 | TeAcc: 0.9722
 S NN | TrAcc: 0.9923 | VaAcc: 0.9629 | TeAcc: 0.9727

327,  0 | TrAcc: 0.9945, TrLoss:  0.02459, VaAcc: 0.9639, VaLoss:  0.14343
 MAP NN | TrAcc: 0.9944 | VaAcc: 0.9634 | TeAcc: 0.9697
 S NN | TrAcc: 0.9949 | VaAcc: 0.9663 | TeAcc: 0.9707

328,  0 | TrAcc: 0.9944, TrLoss:  0.02627, VaAcc: 0.9634, VaLoss:  0.15758
 MAP NN | TrAcc: 0.9940 | VaAcc: 0.9653 | TeAcc: 0.9746
 S NN | TrAcc: 0.9941 | VaAcc: 0.9648 | TeAcc: 0.9741

329,  0 | TrAcc: 0.9956, TrLoss:  0.02067, VaAcc: 0.9644, VaLoss:  0.14961
 MAP NN | TrAcc: 0.9957 | VaAcc: 0.9648 | TeAcc: 0.9712
 S NN | TrAcc: 0.9954 | VaAcc: 0.9639 | TeAcc: 0.9717

330,  0 | TrAcc: 0.9960, TrLoss:  0.02038, VaAcc: 0.9673, VaLoss:  0.13825
 MAP NN | TrAcc: 0.9958 | VaAcc: 0.9673 | TeAcc: 0.9736
 S NN | TrAcc: 0.9957 | VaAcc: 0.9683 | TeAcc: 0.9736

331,  0 | TrAcc: 0.9956, TrLoss:  0.02059, VaAcc: 0.9663, VaLoss:  0.13635
 MAP NN | TrAcc: 0.9966 | VaAcc: 0.9648 | TeAcc: 0.9736
 S NN | TrAcc: 0.9963 | VaAcc: 0.9653 | TeAcc: 0.9736

332,  0 | TrAcc: 0.9963, TrLoss:  0.01847, VaAcc: 0.9609, VaLoss:  0.14668
 MAP NN | TrAcc: 0.9971 | VaAcc: 0.9634 | TeAcc: 0.9678
 S NN | TrAcc: 0.9968 | VaAcc: 0.9634 | TeAcc: 0.9688

333,  0 | TrAcc: 0.9965, TrLoss:  0.01666, VaAcc: 0.9678, VaLoss:  0.13737
 MAP NN | TrAcc: 0.9973 | VaAcc: 0.9648 | TeAcc: 0.9731
 S NN | TrAcc: 0.9969 | VaAcc: 0.9658 | TeAcc: 0.9731

334,  0 | TrAcc: 0.9971, TrLoss:  0.01639, VaAcc: 0.9668, VaLoss:  0.13570
 MAP NN | TrAcc: 0.9969 | VaAcc: 0.9658 | TeAcc: 0.9717
 S NN | TrAcc: 0.9973 | VaAcc: 0.9653 | TeAcc: 0.9741

335,  0 | TrAcc: 0.9966, TrLoss:  0.01742, VaAcc: 0.9692, VaLoss:  0.14288
 MAP NN | TrAcc: 0.9969 | VaAcc: 0.9653 | TeAcc: 0.9727
 S NN | TrAcc: 0.9968 | VaAcc: 0.9653 | TeAcc: 0.9727

336,  0 | TrAcc: 0.9968, TrLoss:  0.01619, VaAcc: 0.9639, VaLoss:  0.13659
 MAP NN | TrAcc: 0.9973 | VaAcc: 0.9639 | TeAcc: 0.9731
 S NN | TrAcc: 0.9972 | VaAcc: 0.9644 | TeAcc: 0.9731

337,  0 | TrAcc: 0.9967, TrLoss:  0.01701, VaAcc: 0.9648, VaLoss:  0.14281
 MAP NN | TrAcc: 0.9969 | VaAcc: 0.9648 | TeAcc: 0.9731
 S NN | TrAcc: 0.9968 | VaAcc: 0.9648 | TeAcc: 0.9741

338,  0 | TrAcc: 0.9979, TrLoss:  0.01505, VaAcc: 0.9668, VaLoss:  0.14196
 MAP NN | TrAcc: 0.9978 | VaAcc: 0.9663 | TeAcc: 0.9746
 S NN | TrAcc: 0.9978 | VaAcc: 0.9658 | TeAcc: 0.9736

339,  0 | TrAcc: 0.9974, TrLoss:  0.01489, VaAcc: 0.9663, VaLoss:  0.14027
 MAP NN | TrAcc: 0.9978 | VaAcc: 0.9653 | TeAcc: 0.9717
 S NN | TrAcc: 0.9977 | VaAcc: 0.9644 | TeAcc: 0.9731

340,  0 | TrAcc: 0.9972, TrLoss:  0.01670, VaAcc: 0.9678, VaLoss:  0.12852
 MAP NN | TrAcc: 0.9971 | VaAcc: 0.9653 | TeAcc: 0.9741
 S NN | TrAcc: 0.9973 | VaAcc: 0.9678 | TeAcc: 0.9741

341,  0 | TrAcc: 0.9935, TrLoss:  0.02398, VaAcc: 0.9697, VaLoss:  0.13175
 MAP NN | TrAcc: 0.9935 | VaAcc: 0.9688 | TeAcc: 0.9736
 S NN | TrAcc: 0.9938 | VaAcc: 0.9673 | TeAcc: 0.9751

342,  0 | TrAcc: 0.9924, TrLoss:  0.03087, VaAcc: 0.9678, VaLoss:  0.14632
 MAP NN | TrAcc: 0.9927 | VaAcc: 0.9663 | TeAcc: 0.9712
 S NN | TrAcc: 0.9918 | VaAcc: 0.9673 | TeAcc: 0.9712

343,  0 | TrAcc: 0.9932, TrLoss:  0.02743, VaAcc: 0.9668, VaLoss:  0.14663
 MAP NN | TrAcc: 0.9928 | VaAcc: 0.9658 | TeAcc: 0.9727
 S NN | TrAcc: 0.9928 | VaAcc: 0.9658 | TeAcc: 0.9727

344,  0 | TrAcc: 0.9938, TrLoss:  0.02431, VaAcc: 0.9634, VaLoss:  0.14198
 MAP NN | TrAcc: 0.9950 | VaAcc: 0.9634 | TeAcc: 0.9697
 S NN | TrAcc: 0.9946 | VaAcc: 0.9648 | TeAcc: 0.9707

345,  0 | TrAcc: 0.9939, TrLoss:  0.02707, VaAcc: 0.9624, VaLoss:  0.14432
 MAP NN | TrAcc: 0.9939 | VaAcc: 0.9634 | TeAcc: 0.9722
 S NN | TrAcc: 0.9941 | VaAcc: 0.9639 | TeAcc: 0.9712

346,  0 | TrAcc: 0.9950, TrLoss:  0.02333, VaAcc: 0.9629, VaLoss:  0.14159
 MAP NN | TrAcc: 0.9949 | VaAcc: 0.9619 | TeAcc: 0.9736
 S NN | TrAcc: 0.9950 | VaAcc: 0.9624 | TeAcc: 0.9731

347,  0 | TrAcc: 0.9949, TrLoss:  0.02418, VaAcc: 0.9639, VaLoss:  0.14165
 MAP NN | TrAcc: 0.9946 | VaAcc: 0.9648 | TeAcc: 0.9712
 S NN | TrAcc: 0.9941 | VaAcc: 0.9653 | TeAcc: 0.9707

348,  0 | TrAcc: 0.9882, TrLoss:  0.04150, VaAcc: 0.9556, VaLoss:  0.17779
 MAP NN | TrAcc: 0.9893 | VaAcc: 0.9580 | TeAcc: 0.9629
 S NN | TrAcc: 0.9890 | VaAcc: 0.9565 | TeAcc: 0.9619

349,  0 | TrAcc: 0.9905, TrLoss:  0.03378, VaAcc: 0.9570, VaLoss:  0.15336
 MAP NN | TrAcc: 0.9919 | VaAcc: 0.9570 | TeAcc: 0.9727
 S NN | TrAcc: 0.9916 | VaAcc: 0.9580 | TeAcc: 0.9727

350,  0 | TrAcc: 0.9923, TrLoss:  0.02939, VaAcc: 0.9590, VaLoss:  0.15287
 MAP NN | TrAcc: 0.9927 | VaAcc: 0.9604 | TeAcc: 0.9756
 S NN | TrAcc: 0.9922 | VaAcc: 0.9614 | TeAcc: 0.9756

351,  0 | TrAcc: 0.9894, TrLoss:  0.03927, VaAcc: 0.9634, VaLoss:  0.15163
 MAP NN | TrAcc: 0.9902 | VaAcc: 0.9639 | TeAcc: 0.9707
 S NN | TrAcc: 0.9896 | VaAcc: 0.9644 | TeAcc: 0.9712

352,  0 | TrAcc: 0.9929, TrLoss:  0.02581, VaAcc: 0.9629, VaLoss:  0.15202
 MAP NN | TrAcc: 0.9933 | VaAcc: 0.9629 | TeAcc: 0.9731
 S NN | TrAcc: 0.9943 | VaAcc: 0.9653 | TeAcc: 0.9736

353,  0 | TrAcc: 0.9939, TrLoss:  0.02658, VaAcc: 0.9639, VaLoss:  0.14548
 MAP NN | TrAcc: 0.9935 | VaAcc: 0.9648 | TeAcc: 0.9692
 S NN | TrAcc: 0.9938 | VaAcc: 0.9663 | TeAcc: 0.9702

354,  0 | TrAcc: 0.9946, TrLoss:  0.02280, VaAcc: 0.9600, VaLoss:  0.15504
 MAP NN | TrAcc: 0.9950 | VaAcc: 0.9619 | TeAcc: 0.9761
 S NN | TrAcc: 0.9952 | VaAcc: 0.9614 | TeAcc: 0.9775

355,  0 | TrAcc: 0.9951, TrLoss:  0.02269, VaAcc: 0.9604, VaLoss:  0.15309
 MAP NN | TrAcc: 0.9955 | VaAcc: 0.9590 | TeAcc: 0.9722
 S NN | TrAcc: 0.9954 | VaAcc: 0.9600 | TeAcc: 0.9727

356,  0 | TrAcc: 0.9951, TrLoss:  0.02347, VaAcc: 0.9668, VaLoss:  0.13431
 MAP NN | TrAcc: 0.9946 | VaAcc: 0.9648 | TeAcc: 0.9771
 S NN | TrAcc: 0.9948 | VaAcc: 0.9658 | TeAcc: 0.9766

357,  0 | TrAcc: 0.9958, TrLoss:  0.01968, VaAcc: 0.9619, VaLoss:  0.14832
 MAP NN | TrAcc: 0.9958 | VaAcc: 0.9614 | TeAcc: 0.9702
 S NN | TrAcc: 0.9957 | VaAcc: 0.9614 | TeAcc: 0.9683

358,  0 | TrAcc: 0.9972, TrLoss:  0.01707, VaAcc: 0.9634, VaLoss:  0.14389
 MAP NN | TrAcc: 0.9976 | VaAcc: 0.9634 | TeAcc: 0.9741
 S NN | TrAcc: 0.9973 | VaAcc: 0.9648 | TeAcc: 0.9731

359,  0 | TrAcc: 0.9965, TrLoss:  0.01814, VaAcc: 0.9668, VaLoss:  0.13542
 MAP NN | TrAcc: 0.9969 | VaAcc: 0.9644 | TeAcc: 0.9766
 S NN | TrAcc: 0.9969 | VaAcc: 0.9644 | TeAcc: 0.9761

360,  0 | TrAcc: 0.9961, TrLoss:  0.01842, VaAcc: 0.9619, VaLoss:  0.14635
 MAP NN | TrAcc: 0.9965 | VaAcc: 0.9644 | TeAcc: 0.9717
 S NN | TrAcc: 0.9963 | VaAcc: 0.9644 | TeAcc: 0.9712

361,  0 | TrAcc: 0.9974, TrLoss:  0.01580, VaAcc: 0.9629, VaLoss:  0.14463
 MAP NN | TrAcc: 0.9974 | VaAcc: 0.9634 | TeAcc: 0.9731
 S NN | TrAcc: 0.9976 | VaAcc: 0.9629 | TeAcc: 0.9746

362,  0 | TrAcc: 0.9967, TrLoss:  0.01720, VaAcc: 0.9653, VaLoss:  0.13881
 MAP NN | TrAcc: 0.9966 | VaAcc: 0.9663 | TeAcc: 0.9766
 S NN | TrAcc: 0.9966 | VaAcc: 0.9673 | TeAcc: 0.9771

363,  0 | TrAcc: 0.9976, TrLoss:  0.01539, VaAcc: 0.9658, VaLoss:  0.13644
 MAP NN | TrAcc: 0.9976 | VaAcc: 0.9673 | TeAcc: 0.9731
 S NN | TrAcc: 0.9976 | VaAcc: 0.9668 | TeAcc: 0.9727

364,  0 | TrAcc: 0.9968, TrLoss:  0.01645, VaAcc: 0.9644, VaLoss:  0.14869
 MAP NN | TrAcc: 0.9971 | VaAcc: 0.9639 | TeAcc: 0.9761
 S NN | TrAcc: 0.9968 | VaAcc: 0.9634 | TeAcc: 0.9756

365,  0 | TrAcc: 0.9973, TrLoss:  0.01661, VaAcc: 0.9619, VaLoss:  0.14656
 MAP NN | TrAcc: 0.9971 | VaAcc: 0.9639 | TeAcc: 0.9727
 S NN | TrAcc: 0.9971 | VaAcc: 0.9634 | TeAcc: 0.9736

366,  0 | TrAcc: 0.9974, TrLoss:  0.01596, VaAcc: 0.9634, VaLoss:  0.14196
 MAP NN | TrAcc: 0.9971 | VaAcc: 0.9629 | TeAcc: 0.9717
 S NN | TrAcc: 0.9967 | VaAcc: 0.9634 | TeAcc: 0.9717

367,  0 | TrAcc: 0.9973, TrLoss:  0.01517, VaAcc: 0.9644, VaLoss:  0.14053
 MAP NN | TrAcc: 0.9976 | VaAcc: 0.9639 | TeAcc: 0.9722
 S NN | TrAcc: 0.9974 | VaAcc: 0.9629 | TeAcc: 0.9731

368,  0 | TrAcc: 0.9976, TrLoss:  0.01585, VaAcc: 0.9634, VaLoss:  0.14812
 MAP NN | TrAcc: 0.9974 | VaAcc: 0.9629 | TeAcc: 0.9766
 S NN | TrAcc: 0.9976 | VaAcc: 0.9634 | TeAcc: 0.9751

369,  0 | TrAcc: 0.9974, TrLoss:  0.01539, VaAcc: 0.9653, VaLoss:  0.13823
 MAP NN | TrAcc: 0.9977 | VaAcc: 0.9668 | TeAcc: 0.9756
 S NN | TrAcc: 0.9974 | VaAcc: 0.9648 | TeAcc: 0.9746

370,  0 | TrAcc: 0.9965, TrLoss:  0.01823, VaAcc: 0.9653, VaLoss:  0.14321
 MAP NN | TrAcc: 0.9958 | VaAcc: 0.9658 | TeAcc: 0.9731
 S NN | TrAcc: 0.9963 | VaAcc: 0.9653 | TeAcc: 0.9727

371,  0 | TrAcc: 0.9966, TrLoss:  0.01839, VaAcc: 0.9688, VaLoss:  0.13984
 MAP NN | TrAcc: 0.9965 | VaAcc: 0.9663 | TeAcc: 0.9717
 S NN | TrAcc: 0.9967 | VaAcc: 0.9668 | TeAcc: 0.9707

372,  0 | TrAcc: 0.9966, TrLoss:  0.01809, VaAcc: 0.9624, VaLoss:  0.15046
 MAP NN | TrAcc: 0.9969 | VaAcc: 0.9624 | TeAcc: 0.9756
 S NN | TrAcc: 0.9963 | VaAcc: 0.9619 | TeAcc: 0.9756

373,  0 | TrAcc: 0.9955, TrLoss:  0.02135, VaAcc: 0.9658, VaLoss:  0.14626
 MAP NN | TrAcc: 0.9954 | VaAcc: 0.9629 | TeAcc: 0.9712
 S NN | TrAcc: 0.9951 | VaAcc: 0.9644 | TeAcc: 0.9722

374,  0 | TrAcc: 0.9922, TrLoss:  0.02852, VaAcc: 0.9629, VaLoss:  0.14549
 MAP NN | TrAcc: 0.9923 | VaAcc: 0.9648 | TeAcc: 0.9697
 S NN | TrAcc: 0.9926 | VaAcc: 0.9644 | TeAcc: 0.9702

375,  0 | TrAcc: 0.9958, TrLoss:  0.02097, VaAcc: 0.9644, VaLoss:  0.14576
 MAP NN | TrAcc: 0.9950 | VaAcc: 0.9648 | TeAcc: 0.9736
 S NN | TrAcc: 0.9958 | VaAcc: 0.9653 | TeAcc: 0.9741

376,  0 | TrAcc: 0.9955, TrLoss:  0.02147, VaAcc: 0.9648, VaLoss:  0.14539
 MAP NN | TrAcc: 0.9956 | VaAcc: 0.9653 | TeAcc: 0.9756
 S NN | TrAcc: 0.9954 | VaAcc: 0.9644 | TeAcc: 0.9741

377,  0 | TrAcc: 0.9954, TrLoss:  0.02086, VaAcc: 0.9634, VaLoss:  0.14461
 MAP NN | TrAcc: 0.9956 | VaAcc: 0.9634 | TeAcc: 0.9717
 S NN | TrAcc: 0.9960 | VaAcc: 0.9639 | TeAcc: 0.9722

378,  0 | TrAcc: 0.9929, TrLoss:  0.02556, VaAcc: 0.9590, VaLoss:  0.16478
 MAP NN | TrAcc: 0.9933 | VaAcc: 0.9580 | TeAcc: 0.9683
 S NN | TrAcc: 0.9932 | VaAcc: 0.9600 | TeAcc: 0.9673

379,  0 | TrAcc: 0.9930, TrLoss:  0.02736, VaAcc: 0.9614, VaLoss:  0.14705
 MAP NN | TrAcc: 0.9933 | VaAcc: 0.9619 | TeAcc: 0.9727
 S NN | TrAcc: 0.9934 | VaAcc: 0.9639 | TeAcc: 0.9736

380,  0 | TrAcc: 0.9926, TrLoss:  0.02905, VaAcc: 0.9619, VaLoss:  0.16070
 MAP NN | TrAcc: 0.9923 | VaAcc: 0.9604 | TeAcc: 0.9712
 S NN | TrAcc: 0.9932 | VaAcc: 0.9600 | TeAcc: 0.9712

381,  0 | TrAcc: 0.9945, TrLoss:  0.02387, VaAcc: 0.9624, VaLoss:  0.15209
 MAP NN | TrAcc: 0.9945 | VaAcc: 0.9614 | TeAcc: 0.9727
 S NN | TrAcc: 0.9945 | VaAcc: 0.9609 | TeAcc: 0.9727

382,  0 | TrAcc: 0.9967, TrLoss:  0.01796, VaAcc: 0.9644, VaLoss:  0.14111
 MAP NN | TrAcc: 0.9967 | VaAcc: 0.9673 | TeAcc: 0.9736
 S NN | TrAcc: 0.9967 | VaAcc: 0.9668 | TeAcc: 0.9741

383,  0 | TrAcc: 0.9968, TrLoss:  0.01831, VaAcc: 0.9663, VaLoss:  0.14319
 MAP NN | TrAcc: 0.9969 | VaAcc: 0.9634 | TeAcc: 0.9731
 S NN | TrAcc: 0.9965 | VaAcc: 0.9614 | TeAcc: 0.9722

384,  0 | TrAcc: 0.9957, TrLoss:  0.02115, VaAcc: 0.9609, VaLoss:  0.14744
 MAP NN | TrAcc: 0.9958 | VaAcc: 0.9639 | TeAcc: 0.9736
 S NN | TrAcc: 0.9960 | VaAcc: 0.9648 | TeAcc: 0.9746

385,  0 | TrAcc: 0.9963, TrLoss:  0.01857, VaAcc: 0.9658, VaLoss:  0.13979
 MAP NN | TrAcc: 0.9967 | VaAcc: 0.9648 | TeAcc: 0.9736
 S NN | TrAcc: 0.9967 | VaAcc: 0.9639 | TeAcc: 0.9722

386,  0 | TrAcc: 0.9969, TrLoss:  0.01818, VaAcc: 0.9644, VaLoss:  0.13576
 MAP NN | TrAcc: 0.9969 | VaAcc: 0.9639 | TeAcc: 0.9741
 S NN | TrAcc: 0.9969 | VaAcc: 0.9648 | TeAcc: 0.9751

387,  0 | TrAcc: 0.9966, TrLoss:  0.01796, VaAcc: 0.9648, VaLoss:  0.14353
 MAP NN | TrAcc: 0.9962 | VaAcc: 0.9653 | TeAcc: 0.9722
 S NN | TrAcc: 0.9965 | VaAcc: 0.9644 | TeAcc: 0.9722

388,  0 | TrAcc: 0.9963, TrLoss:  0.01808, VaAcc: 0.9678, VaLoss:  0.13422
 MAP NN | TrAcc: 0.9969 | VaAcc: 0.9653 | TeAcc: 0.9761
 S NN | TrAcc: 0.9963 | VaAcc: 0.9658 | TeAcc: 0.9736

389,  0 | TrAcc: 0.9961, TrLoss:  0.01945, VaAcc: 0.9644, VaLoss:  0.14744
 MAP NN | TrAcc: 0.9966 | VaAcc: 0.9658 | TeAcc: 0.9707
 S NN | TrAcc: 0.9960 | VaAcc: 0.9663 | TeAcc: 0.9683

390,  0 | TrAcc: 0.9962, TrLoss:  0.01947, VaAcc: 0.9648, VaLoss:  0.13931
 MAP NN | TrAcc: 0.9966 | VaAcc: 0.9668 | TeAcc: 0.9707
 S NN | TrAcc: 0.9967 | VaAcc: 0.9663 | TeAcc: 0.9702

391,  0 | TrAcc: 0.9972, TrLoss:  0.01679, VaAcc: 0.9648, VaLoss:  0.15234
 MAP NN | TrAcc: 0.9976 | VaAcc: 0.9648 | TeAcc: 0.9731
 S NN | TrAcc: 0.9973 | VaAcc: 0.9653 | TeAcc: 0.9741

392,  0 | TrAcc: 0.9969, TrLoss:  0.01572, VaAcc: 0.9678, VaLoss:  0.14051
 MAP NN | TrAcc: 0.9973 | VaAcc: 0.9663 | TeAcc: 0.9751
 S NN | TrAcc: 0.9974 | VaAcc: 0.9663 | TeAcc: 0.9741

393,  0 | TrAcc: 0.9957, TrLoss:  0.01784, VaAcc: 0.9609, VaLoss:  0.14779
 MAP NN | TrAcc: 0.9966 | VaAcc: 0.9619 | TeAcc: 0.9731
 S NN | TrAcc: 0.9965 | VaAcc: 0.9624 | TeAcc: 0.9727

394,  0 | TrAcc: 0.9962, TrLoss:  0.01760, VaAcc: 0.9644, VaLoss:  0.13754
 MAP NN | TrAcc: 0.9965 | VaAcc: 0.9639 | TeAcc: 0.9746
 S NN | TrAcc: 0.9966 | VaAcc: 0.9648 | TeAcc: 0.9761

395,  0 | TrAcc: 0.9974, TrLoss:  0.01590, VaAcc: 0.9653, VaLoss:  0.14152
 MAP NN | TrAcc: 0.9971 | VaAcc: 0.9658 | TeAcc: 0.9736
 S NN | TrAcc: 0.9973 | VaAcc: 0.9658 | TeAcc: 0.9746

396,  0 | TrAcc: 0.9968, TrLoss:  0.01615, VaAcc: 0.9673, VaLoss:  0.14125
 MAP NN | TrAcc: 0.9972 | VaAcc: 0.9678 | TeAcc: 0.9727
 S NN | TrAcc: 0.9971 | VaAcc: 0.9673 | TeAcc: 0.9727

397,  0 | TrAcc: 0.9963, TrLoss:  0.01730, VaAcc: 0.9648, VaLoss:  0.14401
 MAP NN | TrAcc: 0.9968 | VaAcc: 0.9644 | TeAcc: 0.9727
 S NN | TrAcc: 0.9966 | VaAcc: 0.9629 | TeAcc: 0.9702

398,  0 | TrAcc: 0.9973, TrLoss:  0.01543, VaAcc: 0.9648, VaLoss:  0.13777
 MAP NN | TrAcc: 0.9971 | VaAcc: 0.9648 | TeAcc: 0.9736
 S NN | TrAcc: 0.9972 | VaAcc: 0.9663 | TeAcc: 0.9756

399,  0 | TrAcc: 0.9963, TrLoss:  0.01778, VaAcc: 0.9619, VaLoss:  0.14867
 MAP NN | TrAcc: 0.9973 | VaAcc: 0.9619 | TeAcc: 0.9731
 S NN | TrAcc: 0.9960 | VaAcc: 0.9614 | TeAcc: 0.9712

400,  0 | TrAcc: 0.9952, TrLoss:  0.02063, VaAcc: 0.9624, VaLoss:  0.15528
 MAP NN | TrAcc: 0.9963 | VaAcc: 0.9619 | TeAcc: 0.9712
 S NN | TrAcc: 0.9962 | VaAcc: 0.9624 | TeAcc: 0.9707

401,  0 | TrAcc: 0.9960, TrLoss:  0.01849, VaAcc: 0.9639, VaLoss:  0.14471
 MAP NN | TrAcc: 0.9957 | VaAcc: 0.9639 | TeAcc: 0.9766
 S NN | TrAcc: 0.9958 | VaAcc: 0.9634 | TeAcc: 0.9756

402,  0 | TrAcc: 0.9946, TrLoss:  0.02243, VaAcc: 0.9653, VaLoss:  0.14195
 MAP NN | TrAcc: 0.9946 | VaAcc: 0.9658 | TeAcc: 0.9707
 S NN | TrAcc: 0.9952 | VaAcc: 0.9658 | TeAcc: 0.9731

403,  0 | TrAcc: 0.9945, TrLoss:  0.02116, VaAcc: 0.9658, VaLoss:  0.14534
 MAP NN | TrAcc: 0.9950 | VaAcc: 0.9648 | TeAcc: 0.9712
 S NN | TrAcc: 0.9946 | VaAcc: 0.9653 | TeAcc: 0.9717

404,  0 | TrAcc: 0.9938, TrLoss:  0.02461, VaAcc: 0.9673, VaLoss:  0.14606
 MAP NN | TrAcc: 0.9940 | VaAcc: 0.9653 | TeAcc: 0.9736
 S NN | TrAcc: 0.9940 | VaAcc: 0.9648 | TeAcc: 0.9727

405,  0 | TrAcc: 0.9962, TrLoss:  0.01840, VaAcc: 0.9668, VaLoss:  0.14172
 MAP NN | TrAcc: 0.9960 | VaAcc: 0.9668 | TeAcc: 0.9722
 S NN | TrAcc: 0.9961 | VaAcc: 0.9678 | TeAcc: 0.9722

406,  0 | TrAcc: 0.9934, TrLoss:  0.02616, VaAcc: 0.9639, VaLoss:  0.15245
 MAP NN | TrAcc: 0.9930 | VaAcc: 0.9648 | TeAcc: 0.9722
 S NN | TrAcc: 0.9938 | VaAcc: 0.9619 | TeAcc: 0.9727

407,  0 | TrAcc: 0.9926, TrLoss:  0.02785, VaAcc: 0.9648, VaLoss:  0.14053
 MAP NN | TrAcc: 0.9924 | VaAcc: 0.9648 | TeAcc: 0.9727
 S NN | TrAcc: 0.9929 | VaAcc: 0.9653 | TeAcc: 0.9736

408,  0 | TrAcc: 0.9927, TrLoss:  0.02598, VaAcc: 0.9624, VaLoss:  0.15264
 MAP NN | TrAcc: 0.9935 | VaAcc: 0.9629 | TeAcc: 0.9707
 S NN | TrAcc: 0.9929 | VaAcc: 0.9619 | TeAcc: 0.9712

409,  0 | TrAcc: 0.9952, TrLoss:  0.02295, VaAcc: 0.9644, VaLoss:  0.14480
 MAP NN | TrAcc: 0.9952 | VaAcc: 0.9668 | TeAcc: 0.9692
 S NN | TrAcc: 0.9946 | VaAcc: 0.9658 | TeAcc: 0.9722

410,  0 | TrAcc: 0.9937, TrLoss:  0.02353, VaAcc: 0.9634, VaLoss:  0.15792
 MAP NN | TrAcc: 0.9944 | VaAcc: 0.9639 | TeAcc: 0.9717
 S NN | TrAcc: 0.9944 | VaAcc: 0.9634 | TeAcc: 0.9702

411,  0 | TrAcc: 0.9946, TrLoss:  0.02537, VaAcc: 0.9648, VaLoss:  0.14257
 MAP NN | TrAcc: 0.9945 | VaAcc: 0.9648 | TeAcc: 0.9712
 S NN | TrAcc: 0.9943 | VaAcc: 0.9648 | TeAcc: 0.9712

412,  0 | TrAcc: 0.9943, TrLoss:  0.02444, VaAcc: 0.9644, VaLoss:  0.14887
 MAP NN | TrAcc: 0.9939 | VaAcc: 0.9648 | TeAcc: 0.9741
 S NN | TrAcc: 0.9933 | VaAcc: 0.9629 | TeAcc: 0.9741

413,  0 | TrAcc: 0.9951, TrLoss:  0.02226, VaAcc: 0.9644, VaLoss:  0.14209
 MAP NN | TrAcc: 0.9949 | VaAcc: 0.9644 | TeAcc: 0.9751
 S NN | TrAcc: 0.9950 | VaAcc: 0.9648 | TeAcc: 0.9751

414,  0 | TrAcc: 0.9966, TrLoss:  0.01833, VaAcc: 0.9653, VaLoss:  0.15342
 MAP NN | TrAcc: 0.9969 | VaAcc: 0.9658 | TeAcc: 0.9731
 S NN | TrAcc: 0.9971 | VaAcc: 0.9663 | TeAcc: 0.9741

415,  0 | TrAcc: 0.9973, TrLoss:  0.01657, VaAcc: 0.9639, VaLoss:  0.14214
 MAP NN | TrAcc: 0.9976 | VaAcc: 0.9644 | TeAcc: 0.9746
 S NN | TrAcc: 0.9974 | VaAcc: 0.9634 | TeAcc: 0.9746

416,  0 | TrAcc: 0.9965, TrLoss:  0.01828, VaAcc: 0.9634, VaLoss:  0.14323
 MAP NN | TrAcc: 0.9966 | VaAcc: 0.9639 | TeAcc: 0.9741
 S NN | TrAcc: 0.9969 | VaAcc: 0.9634 | TeAcc: 0.9746

417,  0 | TrAcc: 0.9973, TrLoss:  0.01615, VaAcc: 0.9668, VaLoss:  0.13741
 MAP NN | TrAcc: 0.9977 | VaAcc: 0.9683 | TeAcc: 0.9751
 S NN | TrAcc: 0.9974 | VaAcc: 0.9697 | TeAcc: 0.9751

418,  0 | TrAcc: 0.9978, TrLoss:  0.01474, VaAcc: 0.9648, VaLoss:  0.14636
 MAP NN | TrAcc: 0.9979 | VaAcc: 0.9658 | TeAcc: 0.9731
 S NN | TrAcc: 0.9979 | VaAcc: 0.9634 | TeAcc: 0.9727

419,  0 | TrAcc: 0.9980, TrLoss:  0.01411, VaAcc: 0.9673, VaLoss:  0.14275
 MAP NN | TrAcc: 0.9983 | VaAcc: 0.9658 | TeAcc: 0.9702
 S NN | TrAcc: 0.9984 | VaAcc: 0.9663 | TeAcc: 0.9722

420,  0 | TrAcc: 0.9979, TrLoss:  0.01360, VaAcc: 0.9639, VaLoss:  0.14092
 MAP NN | TrAcc: 0.9979 | VaAcc: 0.9658 | TeAcc: 0.9722
 S NN | TrAcc: 0.9978 | VaAcc: 0.9653 | TeAcc: 0.9707

421,  0 | TrAcc: 0.9979, TrLoss:  0.01338, VaAcc: 0.9619, VaLoss:  0.14621
 MAP NN | TrAcc: 0.9982 | VaAcc: 0.9644 | TeAcc: 0.9736
 S NN | TrAcc: 0.9982 | VaAcc: 0.9634 | TeAcc: 0.9741

422,  0 | TrAcc: 0.9979, TrLoss:  0.01325, VaAcc: 0.9648, VaLoss:  0.14223
 MAP NN | TrAcc: 0.9982 | VaAcc: 0.9648 | TeAcc: 0.9731
 S NN | TrAcc: 0.9979 | VaAcc: 0.9629 | TeAcc: 0.9727

423,  0 | TrAcc: 0.9976, TrLoss:  0.01380, VaAcc: 0.9648, VaLoss:  0.14606
 MAP NN | TrAcc: 0.9979 | VaAcc: 0.9653 | TeAcc: 0.9717
 S NN | TrAcc: 0.9980 | VaAcc: 0.9639 | TeAcc: 0.9712

424,  0 | TrAcc: 0.9979, TrLoss:  0.01409, VaAcc: 0.9634, VaLoss:  0.14021
 MAP NN | TrAcc: 0.9982 | VaAcc: 0.9624 | TeAcc: 0.9741
 S NN | TrAcc: 0.9983 | VaAcc: 0.9634 | TeAcc: 0.9741

425,  0 | TrAcc: 0.9979, TrLoss:  0.01385, VaAcc: 0.9668, VaLoss:  0.13995
 MAP NN | TrAcc: 0.9978 | VaAcc: 0.9658 | TeAcc: 0.9746
 S NN | TrAcc: 0.9977 | VaAcc: 0.9653 | TeAcc: 0.9746

426,  0 | TrAcc: 0.9977, TrLoss:  0.01618, VaAcc: 0.9678, VaLoss:  0.14167
 MAP NN | TrAcc: 0.9977 | VaAcc: 0.9653 | TeAcc: 0.9702
 S NN | TrAcc: 0.9976 | VaAcc: 0.9644 | TeAcc: 0.9702

427,  0 | TrAcc: 0.9966, TrLoss:  0.01631, VaAcc: 0.9658, VaLoss:  0.14906
 MAP NN | TrAcc: 0.9969 | VaAcc: 0.9648 | TeAcc: 0.9717
 S NN | TrAcc: 0.9966 | VaAcc: 0.9634 | TeAcc: 0.9717

428,  0 | TrAcc: 0.9960, TrLoss:  0.02034, VaAcc: 0.9648, VaLoss:  0.14449
 MAP NN | TrAcc: 0.9952 | VaAcc: 0.9634 | TeAcc: 0.9741
 S NN | TrAcc: 0.9955 | VaAcc: 0.9634 | TeAcc: 0.9746

429,  0 | TrAcc: 0.9960, TrLoss:  0.01730, VaAcc: 0.9668, VaLoss:  0.13601
 MAP NN | TrAcc: 0.9961 | VaAcc: 0.9658 | TeAcc: 0.9722
 S NN | TrAcc: 0.9961 | VaAcc: 0.9658 | TeAcc: 0.9722

430,  0 | TrAcc: 0.9948, TrLoss:  0.02167, VaAcc: 0.9624, VaLoss:  0.15995
 MAP NN | TrAcc: 0.9952 | VaAcc: 0.9624 | TeAcc: 0.9722
 S NN | TrAcc: 0.9946 | VaAcc: 0.9604 | TeAcc: 0.9717

431,  0 | TrAcc: 0.9969, TrLoss:  0.01756, VaAcc: 0.9702, VaLoss:  0.13356
 MAP NN | TrAcc: 0.9972 | VaAcc: 0.9683 | TeAcc: 0.9722
 S NN | TrAcc: 0.9972 | VaAcc: 0.9692 | TeAcc: 0.9731

432,  0 | TrAcc: 0.9949, TrLoss:  0.02253, VaAcc: 0.9595, VaLoss:  0.15920
 MAP NN | TrAcc: 0.9952 | VaAcc: 0.9590 | TeAcc: 0.9736
 S NN | TrAcc: 0.9950 | VaAcc: 0.9600 | TeAcc: 0.9731

433,  0 | TrAcc: 0.9958, TrLoss:  0.01927, VaAcc: 0.9619, VaLoss:  0.14022
 MAP NN | TrAcc: 0.9963 | VaAcc: 0.9653 | TeAcc: 0.9751
 S NN | TrAcc: 0.9963 | VaAcc: 0.9644 | TeAcc: 0.9756

434,  0 | TrAcc: 0.9957, TrLoss:  0.02112, VaAcc: 0.9648, VaLoss:  0.14996
 MAP NN | TrAcc: 0.9955 | VaAcc: 0.9653 | TeAcc: 0.9717
 S NN | TrAcc: 0.9956 | VaAcc: 0.9644 | TeAcc: 0.9702

435,  0 | TrAcc: 0.9952, TrLoss:  0.02046, VaAcc: 0.9634, VaLoss:  0.15364
 MAP NN | TrAcc: 0.9951 | VaAcc: 0.9639 | TeAcc: 0.9697
 S NN | TrAcc: 0.9952 | VaAcc: 0.9639 | TeAcc: 0.9707

436,  0 | TrAcc: 0.9937, TrLoss:  0.02762, VaAcc: 0.9619, VaLoss:  0.14499
 MAP NN | TrAcc: 0.9935 | VaAcc: 0.9609 | TeAcc: 0.9707
 S NN | TrAcc: 0.9937 | VaAcc: 0.9624 | TeAcc: 0.9707

437,  0 | TrAcc: 0.9935, TrLoss:  0.02766, VaAcc: 0.9595, VaLoss:  0.15330
 MAP NN | TrAcc: 0.9937 | VaAcc: 0.9614 | TeAcc: 0.9683
 S NN | TrAcc: 0.9935 | VaAcc: 0.9595 | TeAcc: 0.9688

438,  0 | TrAcc: 0.9941, TrLoss:  0.02805, VaAcc: 0.9590, VaLoss:  0.16722
 MAP NN | TrAcc: 0.9943 | VaAcc: 0.9600 | TeAcc: 0.9722
 S NN | TrAcc: 0.9943 | VaAcc: 0.9604 | TeAcc: 0.9727

439,  0 | TrAcc: 0.9927, TrLoss:  0.02799, VaAcc: 0.9590, VaLoss:  0.16664
 MAP NN | TrAcc: 0.9927 | VaAcc: 0.9609 | TeAcc: 0.9727
 S NN | TrAcc: 0.9928 | VaAcc: 0.9614 | TeAcc: 0.9736

440,  0 | TrAcc: 0.9933, TrLoss:  0.02887, VaAcc: 0.9639, VaLoss:  0.14686
 MAP NN | TrAcc: 0.9934 | VaAcc: 0.9639 | TeAcc: 0.9712
 S NN | TrAcc: 0.9933 | VaAcc: 0.9644 | TeAcc: 0.9707

441,  0 | TrAcc: 0.9924, TrLoss:  0.02648, VaAcc: 0.9614, VaLoss:  0.14148
 MAP NN | TrAcc: 0.9930 | VaAcc: 0.9634 | TeAcc: 0.9751
 S NN | TrAcc: 0.9929 | VaAcc: 0.9629 | TeAcc: 0.9771

442,  0 | TrAcc: 0.9919, TrLoss:  0.03137, VaAcc: 0.9624, VaLoss:  0.14698
 MAP NN | TrAcc: 0.9917 | VaAcc: 0.9624 | TeAcc: 0.9722
 S NN | TrAcc: 0.9915 | VaAcc: 0.9629 | TeAcc: 0.9722

443,  0 | TrAcc: 0.9899, TrLoss:  0.03531, VaAcc: 0.9629, VaLoss:  0.15663
 MAP NN | TrAcc: 0.9904 | VaAcc: 0.9609 | TeAcc: 0.9731
 S NN | TrAcc: 0.9902 | VaAcc: 0.9609 | TeAcc: 0.9731

444,  0 | TrAcc: 0.9879, TrLoss:  0.03942, VaAcc: 0.9604, VaLoss:  0.16236
 MAP NN | TrAcc: 0.9882 | VaAcc: 0.9595 | TeAcc: 0.9668
 S NN | TrAcc: 0.9890 | VaAcc: 0.9600 | TeAcc: 0.9663

445,  0 | TrAcc: 0.9901, TrLoss:  0.03578, VaAcc: 0.9600, VaLoss:  0.16033
 MAP NN | TrAcc: 0.9915 | VaAcc: 0.9609 | TeAcc: 0.9658
 S NN | TrAcc: 0.9918 | VaAcc: 0.9604 | TeAcc: 0.9658

446,  0 | TrAcc: 0.9927, TrLoss:  0.03089, VaAcc: 0.9590, VaLoss:  0.15239
 MAP NN | TrAcc: 0.9930 | VaAcc: 0.9590 | TeAcc: 0.9722
 S NN | TrAcc: 0.9930 | VaAcc: 0.9561 | TeAcc: 0.9712

447,  0 | TrAcc: 0.9943, TrLoss:  0.02569, VaAcc: 0.9600, VaLoss:  0.15130
 MAP NN | TrAcc: 0.9946 | VaAcc: 0.9614 | TeAcc: 0.9731
 S NN | TrAcc: 0.9945 | VaAcc: 0.9619 | TeAcc: 0.9736

448,  0 | TrAcc: 0.9902, TrLoss:  0.03270, VaAcc: 0.9585, VaLoss:  0.16622
 MAP NN | TrAcc: 0.9900 | VaAcc: 0.9590 | TeAcc: 0.9678
 S NN | TrAcc: 0.9902 | VaAcc: 0.9590 | TeAcc: 0.9688

449,  0 | TrAcc: 0.9927, TrLoss:  0.02742, VaAcc: 0.9600, VaLoss:  0.16514
 MAP NN | TrAcc: 0.9929 | VaAcc: 0.9600 | TeAcc: 0.9683
 S NN | TrAcc: 0.9929 | VaAcc: 0.9609 | TeAcc: 0.9683

450,  0 | TrAcc: 0.9954, TrLoss:  0.02322, VaAcc: 0.9629, VaLoss:  0.15529
 MAP NN | TrAcc: 0.9955 | VaAcc: 0.9644 | TeAcc: 0.9751
 S NN | TrAcc: 0.9955 | VaAcc: 0.9648 | TeAcc: 0.9746

451,  0 | TrAcc: 0.9963, TrLoss:  0.01820, VaAcc: 0.9634, VaLoss:  0.14572
 MAP NN | TrAcc: 0.9971 | VaAcc: 0.9634 | TeAcc: 0.9702
 S NN | TrAcc: 0.9965 | VaAcc: 0.9624 | TeAcc: 0.9702

452,  0 | TrAcc: 0.9969, TrLoss:  0.01699, VaAcc: 0.9634, VaLoss:  0.14581
 MAP NN | TrAcc: 0.9966 | VaAcc: 0.9639 | TeAcc: 0.9712
 S NN | TrAcc: 0.9961 | VaAcc: 0.9644 | TeAcc: 0.9717

453,  0 | TrAcc: 0.9951, TrLoss:  0.02049, VaAcc: 0.9619, VaLoss:  0.15246
 MAP NN | TrAcc: 0.9954 | VaAcc: 0.9624 | TeAcc: 0.9746
 S NN | TrAcc: 0.9954 | VaAcc: 0.9634 | TeAcc: 0.9736

454,  0 | TrAcc: 0.9954, TrLoss:  0.02134, VaAcc: 0.9639, VaLoss:  0.14465
 MAP NN | TrAcc: 0.9949 | VaAcc: 0.9653 | TeAcc: 0.9736
 S NN | TrAcc: 0.9949 | VaAcc: 0.9648 | TeAcc: 0.9717

455,  0 | TrAcc: 0.9938, TrLoss:  0.02411, VaAcc: 0.9658, VaLoss:  0.14496
 MAP NN | TrAcc: 0.9939 | VaAcc: 0.9653 | TeAcc: 0.9697
 S NN | TrAcc: 0.9939 | VaAcc: 0.9658 | TeAcc: 0.9707

456,  0 | TrAcc: 0.9954, TrLoss:  0.01955, VaAcc: 0.9663, VaLoss:  0.14105
 MAP NN | TrAcc: 0.9957 | VaAcc: 0.9663 | TeAcc: 0.9751
 S NN | TrAcc: 0.9961 | VaAcc: 0.9663 | TeAcc: 0.9746

457,  0 | TrAcc: 0.9965, TrLoss:  0.01741, VaAcc: 0.9658, VaLoss:  0.13564
 MAP NN | TrAcc: 0.9972 | VaAcc: 0.9658 | TeAcc: 0.9741
 S NN | TrAcc: 0.9969 | VaAcc: 0.9668 | TeAcc: 0.9741

458,  0 | TrAcc: 0.9969, TrLoss:  0.01653, VaAcc: 0.9658, VaLoss:  0.13408
 MAP NN | TrAcc: 0.9976 | VaAcc: 0.9658 | TeAcc: 0.9741
 S NN | TrAcc: 0.9973 | VaAcc: 0.9668 | TeAcc: 0.9741

459,  0 | TrAcc: 0.9948, TrLoss:  0.02117, VaAcc: 0.9634, VaLoss:  0.14197
 MAP NN | TrAcc: 0.9949 | VaAcc: 0.9634 | TeAcc: 0.9707
 S NN | TrAcc: 0.9946 | VaAcc: 0.9644 | TeAcc: 0.9702

460,  0 | TrAcc: 0.9956, TrLoss:  0.02029, VaAcc: 0.9619, VaLoss:  0.14478
 MAP NN | TrAcc: 0.9960 | VaAcc: 0.9653 | TeAcc: 0.9741
 S NN | TrAcc: 0.9956 | VaAcc: 0.9644 | TeAcc: 0.9741

461,  0 | TrAcc: 0.9965, TrLoss:  0.01769, VaAcc: 0.9644, VaLoss:  0.14744
 MAP NN | TrAcc: 0.9968 | VaAcc: 0.9644 | TeAcc: 0.9756
 S NN | TrAcc: 0.9969 | VaAcc: 0.9639 | TeAcc: 0.9761

462,  0 | TrAcc: 0.9954, TrLoss:  0.02131, VaAcc: 0.9648, VaLoss:  0.13876
 MAP NN | TrAcc: 0.9958 | VaAcc: 0.9658 | TeAcc: 0.9722
 S NN | TrAcc: 0.9954 | VaAcc: 0.9648 | TeAcc: 0.9727

463,  0 | TrAcc: 0.9946, TrLoss:  0.02126, VaAcc: 0.9673, VaLoss:  0.14250
 MAP NN | TrAcc: 0.9946 | VaAcc: 0.9673 | TeAcc: 0.9707
 S NN | TrAcc: 0.9951 | VaAcc: 0.9663 | TeAcc: 0.9717

464,  0 | TrAcc: 0.9972, TrLoss:  0.01631, VaAcc: 0.9658, VaLoss:  0.13939
 MAP NN | TrAcc: 0.9973 | VaAcc: 0.9663 | TeAcc: 0.9722
 S NN | TrAcc: 0.9973 | VaAcc: 0.9663 | TeAcc: 0.9717

465,  0 | TrAcc: 0.9976, TrLoss:  0.01595, VaAcc: 0.9619, VaLoss:  0.14527
 MAP NN | TrAcc: 0.9973 | VaAcc: 0.9619 | TeAcc: 0.9731
 S NN | TrAcc: 0.9974 | VaAcc: 0.9619 | TeAcc: 0.9722

466,  0 | TrAcc: 0.9960, TrLoss:  0.01764, VaAcc: 0.9658, VaLoss:  0.14593
 MAP NN | TrAcc: 0.9962 | VaAcc: 0.9639 | TeAcc: 0.9727
 S NN | TrAcc: 0.9957 | VaAcc: 0.9639 | TeAcc: 0.9731

467,  0 | TrAcc: 0.9968, TrLoss:  0.01615, VaAcc: 0.9673, VaLoss:  0.14071
 MAP NN | TrAcc: 0.9967 | VaAcc: 0.9688 | TeAcc: 0.9722
 S NN | TrAcc: 0.9966 | VaAcc: 0.9683 | TeAcc: 0.9727

468,  0 | TrAcc: 0.9972, TrLoss:  0.01567, VaAcc: 0.9639, VaLoss:  0.14998
 MAP NN | TrAcc: 0.9977 | VaAcc: 0.9634 | TeAcc: 0.9746
 S NN | TrAcc: 0.9974 | VaAcc: 0.9639 | TeAcc: 0.9741

469,  0 | TrAcc: 0.9974, TrLoss:  0.01439, VaAcc: 0.9658, VaLoss:  0.14194
 MAP NN | TrAcc: 0.9978 | VaAcc: 0.9658 | TeAcc: 0.9741
 S NN | TrAcc: 0.9979 | VaAcc: 0.9673 | TeAcc: 0.9741

470,  0 | TrAcc: 0.9974, TrLoss:  0.01523, VaAcc: 0.9639, VaLoss:  0.14569
 MAP NN | TrAcc: 0.9979 | VaAcc: 0.9663 | TeAcc: 0.9712
 S NN | TrAcc: 0.9979 | VaAcc: 0.9658 | TeAcc: 0.9707

471,  0 | TrAcc: 0.9974, TrLoss:  0.01429, VaAcc: 0.9658, VaLoss:  0.14502
 MAP NN | TrAcc: 0.9978 | VaAcc: 0.9653 | TeAcc: 0.9727
 S NN | TrAcc: 0.9978 | VaAcc: 0.9644 | TeAcc: 0.9727

472,  0 | TrAcc: 0.9983, TrLoss:  0.01404, VaAcc: 0.9639, VaLoss:  0.14353
 MAP NN | TrAcc: 0.9984 | VaAcc: 0.9648 | TeAcc: 0.9731
 S NN | TrAcc: 0.9980 | VaAcc: 0.9648 | TeAcc: 0.9731

473,  0 | TrAcc: 0.9973, TrLoss:  0.01461, VaAcc: 0.9639, VaLoss:  0.14380
 MAP NN | TrAcc: 0.9977 | VaAcc: 0.9644 | TeAcc: 0.9717
 S NN | TrAcc: 0.9973 | VaAcc: 0.9648 | TeAcc: 0.9717

474,  0 | TrAcc: 0.9958, TrLoss:  0.01894, VaAcc: 0.9644, VaLoss:  0.14956
 MAP NN | TrAcc: 0.9960 | VaAcc: 0.9639 | TeAcc: 0.9697
 S NN | TrAcc: 0.9960 | VaAcc: 0.9634 | TeAcc: 0.9707

475,  0 | TrAcc: 0.9955, TrLoss:  0.02163, VaAcc: 0.9629, VaLoss:  0.14951
 MAP NN | TrAcc: 0.9956 | VaAcc: 0.9619 | TeAcc: 0.9731
 S NN | TrAcc: 0.9958 | VaAcc: 0.9634 | TeAcc: 0.9736

476,  0 | TrAcc: 0.9928, TrLoss:  0.02757, VaAcc: 0.9590, VaLoss:  0.15567
 MAP NN | TrAcc: 0.9932 | VaAcc: 0.9590 | TeAcc: 0.9688
 S NN | TrAcc: 0.9929 | VaAcc: 0.9590 | TeAcc: 0.9683

477,  0 | TrAcc: 0.9941, TrLoss:  0.02332, VaAcc: 0.9658, VaLoss:  0.14666
 MAP NN | TrAcc: 0.9941 | VaAcc: 0.9663 | TeAcc: 0.9771
 S NN | TrAcc: 0.9941 | VaAcc: 0.9653 | TeAcc: 0.9761

478,  0 | TrAcc: 0.9955, TrLoss:  0.02254, VaAcc: 0.9595, VaLoss:  0.14640
 MAP NN | TrAcc: 0.9950 | VaAcc: 0.9609 | TeAcc: 0.9722
 S NN | TrAcc: 0.9954 | VaAcc: 0.9609 | TeAcc: 0.9717

479,  0 | TrAcc: 0.9960, TrLoss:  0.01970, VaAcc: 0.9673, VaLoss:  0.13944
 MAP NN | TrAcc: 0.9956 | VaAcc: 0.9663 | TeAcc: 0.9712
 S NN | TrAcc: 0.9956 | VaAcc: 0.9668 | TeAcc: 0.9712

480,  0 | TrAcc: 0.9941, TrLoss:  0.02282, VaAcc: 0.9678, VaLoss:  0.13748
 MAP NN | TrAcc: 0.9943 | VaAcc: 0.9683 | TeAcc: 0.9736
 S NN | TrAcc: 0.9941 | VaAcc: 0.9678 | TeAcc: 0.9731

481,  0 | TrAcc: 0.9962, TrLoss:  0.02138, VaAcc: 0.9614, VaLoss:  0.14771
 MAP NN | TrAcc: 0.9958 | VaAcc: 0.9634 | TeAcc: 0.9717
 S NN | TrAcc: 0.9957 | VaAcc: 0.9629 | TeAcc: 0.9731

482,  0 | TrAcc: 0.9946, TrLoss:  0.02352, VaAcc: 0.9644, VaLoss:  0.14260
 MAP NN | TrAcc: 0.9946 | VaAcc: 0.9653 | TeAcc: 0.9731
 S NN | TrAcc: 0.9948 | VaAcc: 0.9644 | TeAcc: 0.9722

483,  0 | TrAcc: 0.9879, TrLoss:  0.03891, VaAcc: 0.9614, VaLoss:  0.15833
 MAP NN | TrAcc: 0.9880 | VaAcc: 0.9619 | TeAcc: 0.9731
 S NN | TrAcc: 0.9883 | VaAcc: 0.9624 | TeAcc: 0.9746

484,  0 | TrAcc: 0.9915, TrLoss:  0.03127, VaAcc: 0.9624, VaLoss:  0.15699
 MAP NN | TrAcc: 0.9921 | VaAcc: 0.9629 | TeAcc: 0.9683
 S NN | TrAcc: 0.9915 | VaAcc: 0.9639 | TeAcc: 0.9668

485,  0 | TrAcc: 0.9954, TrLoss:  0.02104, VaAcc: 0.9609, VaLoss:  0.14715
 MAP NN | TrAcc: 0.9955 | VaAcc: 0.9619 | TeAcc: 0.9741
 S NN | TrAcc: 0.9954 | VaAcc: 0.9609 | TeAcc: 0.9741

486,  0 | TrAcc: 0.9956, TrLoss:  0.02009, VaAcc: 0.9619, VaLoss:  0.14592
 MAP NN | TrAcc: 0.9958 | VaAcc: 0.9614 | TeAcc: 0.9717
 S NN | TrAcc: 0.9957 | VaAcc: 0.9604 | TeAcc: 0.9727

487,  0 | TrAcc: 0.9954, TrLoss:  0.02089, VaAcc: 0.9619, VaLoss:  0.14926
 MAP NN | TrAcc: 0.9955 | VaAcc: 0.9639 | TeAcc: 0.9736
 S NN | TrAcc: 0.9954 | VaAcc: 0.9619 | TeAcc: 0.9731

488,  0 | TrAcc: 0.9939, TrLoss:  0.02403, VaAcc: 0.9648, VaLoss:  0.14284
 MAP NN | TrAcc: 0.9935 | VaAcc: 0.9653 | TeAcc: 0.9707
 S NN | TrAcc: 0.9941 | VaAcc: 0.9634 | TeAcc: 0.9722

489,  0 | TrAcc: 0.9955, TrLoss:  0.02012, VaAcc: 0.9678, VaLoss:  0.13807
 MAP NN | TrAcc: 0.9957 | VaAcc: 0.9668 | TeAcc: 0.9712
 S NN | TrAcc: 0.9952 | VaAcc: 0.9658 | TeAcc: 0.9707

490,  0 | TrAcc: 0.9930, TrLoss:  0.02613, VaAcc: 0.9585, VaLoss:  0.15945
 MAP NN | TrAcc: 0.9934 | VaAcc: 0.9595 | TeAcc: 0.9702
 S NN | TrAcc: 0.9939 | VaAcc: 0.9595 | TeAcc: 0.9707

491,  0 | TrAcc: 0.9940, TrLoss:  0.02368, VaAcc: 0.9624, VaLoss:  0.15141
 MAP NN | TrAcc: 0.9945 | VaAcc: 0.9639 | TeAcc: 0.9712
 S NN | TrAcc: 0.9940 | VaAcc: 0.9639 | TeAcc: 0.9707

492,  0 | TrAcc: 0.9949, TrLoss:  0.02159, VaAcc: 0.9629, VaLoss:  0.16079
 MAP NN | TrAcc: 0.9950 | VaAcc: 0.9629 | TeAcc: 0.9717
 S NN | TrAcc: 0.9950 | VaAcc: 0.9629 | TeAcc: 0.9712

493,  0 | TrAcc: 0.9911, TrLoss:  0.03196, VaAcc: 0.9600, VaLoss:  0.16741
 MAP NN | TrAcc: 0.9912 | VaAcc: 0.9590 | TeAcc: 0.9712
 S NN | TrAcc: 0.9905 | VaAcc: 0.9600 | TeAcc: 0.9707

494,  0 | TrAcc: 0.9927, TrLoss:  0.02820, VaAcc: 0.9619, VaLoss:  0.15067
 MAP NN | TrAcc: 0.9927 | VaAcc: 0.9614 | TeAcc: 0.9702
 S NN | TrAcc: 0.9922 | VaAcc: 0.9614 | TeAcc: 0.9697

495,  0 | TrAcc: 0.9949, TrLoss:  0.02243, VaAcc: 0.9658, VaLoss:  0.13772
 MAP NN | TrAcc: 0.9946 | VaAcc: 0.9658 | TeAcc: 0.9722
 S NN | TrAcc: 0.9949 | VaAcc: 0.9658 | TeAcc: 0.9722

496,  0 | TrAcc: 0.9949, TrLoss:  0.02154, VaAcc: 0.9673, VaLoss:  0.14224
 MAP NN | TrAcc: 0.9951 | VaAcc: 0.9683 | TeAcc: 0.9741
 S NN | TrAcc: 0.9950 | VaAcc: 0.9688 | TeAcc: 0.9736

497,  0 | TrAcc: 0.9955, TrLoss:  0.02081, VaAcc: 0.9609, VaLoss:  0.15084
 MAP NN | TrAcc: 0.9955 | VaAcc: 0.9614 | TeAcc: 0.9707
 S NN | TrAcc: 0.9955 | VaAcc: 0.9600 | TeAcc: 0.9702

498,  0 | TrAcc: 0.9938, TrLoss:  0.02374, VaAcc: 0.9663, VaLoss:  0.15067
 MAP NN | TrAcc: 0.9941 | VaAcc: 0.9663 | TeAcc: 0.9727
 S NN | TrAcc: 0.9939 | VaAcc: 0.9668 | TeAcc: 0.9731

499,  0 | TrAcc: 0.9960, TrLoss:  0.01931, VaAcc: 0.9624, VaLoss:  0.14209
 MAP NN | TrAcc: 0.9967 | VaAcc: 0.9644 | TeAcc: 0.9731
 S NN | TrAcc: 0.9966 | VaAcc: 0.9624 | TeAcc: 0.9731

Results for va_b
Metric: elogl 
 0.236 in iteration    0
Metric: acc   
 97.17 % in iteration  171
Results for va_s
Metric: acc   
 96.97 % in iteration  417
Metric: loss  
EARLY STOP FOR te_s
 97.51 % in iteration  417
