va
(1730, 4, 45)
te
(1450, 4, 45)
tr
(8080, 4, 45)

=============================
CONFIG FILE
====================================
Training configuration

Learning rate: 0.2, 	Learning rate anneal: inf, 	Tau:  1.0
Algorithm: local reparametrization, 	STE: disabled, 	n forward passes: 1
Var reg: 0.0, 	Dir reg: 0.0, 	Ent reg: 0.0
Data multiplier: None
Gradient clipping: False, 	Gradient clip value: 1.0

Layer #0
lstm_1
Layer norm: False, 	LR Adapt: 
Dropout: False, 	p_dropout: 0.95

Layer #1
output_layer
Layer norm: False, 	LR Adapt: 
Dropout: False, 	p_dropout: 0.95

Layer #2
lstm_0
Layer norm: False, 	LR Adapt: 
Dropout: False, 	p_dropout: 0.95
====================================
RNN configuration

Layer #0, 	Type: input_layer, 	Scope: 
Units: 4, 	N activation bins: None

Layer #1, 	Type: lstm layer, 	Scope: lstm_0
Units: 50, 	N activation bins: None
Bias: True, 	N activation bins: 2, 	Discrete activation: False
Type: ternary, 	Parametetrization: logit, 	Priors: [0.3333333333333333, 0.3333333333333333, 0.3333333333333333]
p_init_min: 0.05, 	p_init_max: 0.95
Neg init: ('xavier', None), 	Zer init: ('xavier', None), 	Pos init: ('xavier', None)
Type: gaussian, 	M init: ('xavier', None), 	Log V init: ('xavier', None)
M prior: 0.0, 	 Log V prior: 0.0
None
Bias: True, 	N activation bins: 2, 	Discrete activation: False
Type: ternary, 	Parametetrization: logit, 	Priors: [0.3333333333333333, 0.3333333333333333, 0.3333333333333333]
p_init_min: 0.05, 	p_init_max: 0.95
Neg init: ('xavier', None), 	Zer init: ('xavier', None), 	Pos init: ('xavier', None)
Type: gaussian, 	M init: ('xavier', None), 	Log V init: ('xavier', None)
M prior: 0.0, 	 Log V prior: 0.0
None
Bias: True, 	N activation bins: 2, 	Discrete activation: False
Type: ternary, 	Parametetrization: logit, 	Priors: [0.3333333333333333, 0.3333333333333333, 0.3333333333333333]
p_init_min: 0.05, 	p_init_max: 0.95
Neg init: ('xavier', None), 	Zer init: ('xavier', None), 	Pos init: ('xavier', None)
Type: gaussian, 	M init: -1.5, 	Log V init: ('xavier', None)
M prior: 0.0, 	 Log V prior: 0.0
None

Layer #2, 	Type: lstm layer, 	Scope: lstm_1
Units: 30, 	N activation bins: None
Bias: True, 	N activation bins: 2, 	Discrete activation: False
Type: ternary, 	Parametetrization: logit, 	Priors: [0.3333333333333333, 0.3333333333333333, 0.3333333333333333]
p_init_min: 0.05, 	p_init_max: 0.95
Neg init: ('xavier', None), 	Zer init: ('xavier', None), 	Pos init: ('xavier', None)
Type: gaussian, 	M init: ('xavier', None), 	Log V init: ('xavier', None)
M prior: 0.0, 	 Log V prior: 0.0
None
Bias: True, 	N activation bins: 2, 	Discrete activation: False
Type: ternary, 	Parametetrization: logit, 	Priors: [0.3333333333333333, 0.3333333333333333, 0.3333333333333333]
p_init_min: 0.05, 	p_init_max: 0.95
Neg init: ('xavier', None), 	Zer init: ('xavier', None), 	Pos init: ('xavier', None)
Type: gaussian, 	M init: ('xavier', None), 	Log V init: ('xavier', None)
M prior: 0.0, 	 Log V prior: 0.0
None
Bias: True, 	N activation bins: 2, 	Discrete activation: False
Type: ternary, 	Parametetrization: logit, 	Priors: [0.3333333333333333, 0.3333333333333333, 0.3333333333333333]
p_init_min: 0.05, 	p_init_max: 0.95
Neg init: ('xavier', None), 	Zer init: ('xavier', None), 	Pos init: ('xavier', None)
Type: gaussian, 	M init: -1.5, 	Log V init: ('xavier', None)
M prior: 0.0, 	 Log V prior: 0.0
None

Layer #3, 	Type: ff layer, 	Scope: output_layer
Units: 10, 	N activation bins: None
====================================
Dataset configuration

Filename: /clusterFS/home/student/kopp13/datasets/mnist_pen_strokes/mps_all_va.mat
Key: va, 	In seq len: 45
Minibatch:  True, 	Size: 1024
Target bias removed: True, 	Shuffle: False

Filename: /clusterFS/home/student/kopp13/datasets/mnist_pen_strokes/mps_all_te.mat
Key: te, 	In seq len: 45
Minibatch:  True, 	Size: 1024
Target bias removed: True, 	Shuffle: False

Filename: /clusterFS/home/student/kopp13/datasets/mnist_pen_strokes/mps_all_tr.mat
Key: tr, 	In seq len: 45
Minibatch:  True, 	Size: 1024
Target bias removed: True, 	Shuffle: True
====================================
Info configuration

Filename:  test
Timer: False, 	Profiling: False, 	Profiling path: None
Save training metrics: True, 	Path: ../nr_spsc/
Save weights: False, 	Every: 1, 	Save best weights: False
Compute T Metrics every: 1

Load model from m_model3, 	 Force it: True
No model saving

starting
[('lstm_0/bc:0', 'lstm_0/bc'), ('lstm_0/bi:0', 'lstm_0/bi'), ('lstm_0/bo:0', 'lstm_0/bo'), ('lstm_0/wc:0', 'lstm_0/wc'), ('lstm_0/wi:0', 'lstm_0/wi'), ('lstm_0/wo:0', 'lstm_0/wo'), ('lstm_1/bc:0', 'lstm_1/bc'), ('lstm_1/bi:0', 'lstm_1/bi'), ('lstm_1/bo:0', 'lstm_1/bo'), ('lstm_1/wc:0', 'lstm_1/wc'), ('lstm_1/wi:0', 'lstm_1/wi'), ('lstm_1/wo:0', 'lstm_1/wo'), ('output_layer/b:0', 'output_layer/b'), ('output_layer/w:0', 'output_layer/w')]
output_layer/w
output_layer/b
=====
New variable
lstm_0/bc:0
lstm_0/bc
=====
New variable
lstm_0/bi:0
lstm_0/bi
=====
New variable
lstm_0/bo:0
lstm_0/bo
=====
New variable
lstm_0/wc:0
lstm_0/wc
=====
New variable
lstm_0/wi:0
lstm_0/wi
=====
New variable
lstm_0/wo:0
lstm_0/wo
=====
New variable
lstm_1/bc:0
lstm_1/bc
=====
New variable
lstm_1/bi:0
lstm_1/bi
=====
New variable
lstm_1/bo:0
lstm_1/bo
=====
New variable
lstm_1/wc:0
lstm_1/wc
=====
New variable
lstm_1/wi:0
lstm_1/wi
=====
New variable
lstm_1/wo:0
lstm_1/wo
=====
New variable
output_layer/b:0
output_layer/b
=====
New variable
output_layer/w:0
output_layer/w
=====
loaded
  0,  0 | TrAcc: 0.1331, TrLoss:  3.48859, VaAcc: 0.1387, VaLoss:  3.59805
 MAP NN | TrAcc: 0.0925 | VaAcc: 0.0835 | TeAcc: 0.0654
 S NN | TrAcc: 0.0833 | VaAcc: 0.0659 | TeAcc: 0.0698

  1,  0 | TrAcc: 0.2012, TrLoss:  2.33597, VaAcc: 0.1841, VaLoss:  2.34622
 MAP NN | TrAcc: 0.3196 | VaAcc: 0.4243 | TeAcc: 0.2236
 S NN | TrAcc: 0.1846 | VaAcc: 0.1108 | TeAcc: 0.0869

  2,  0 | TrAcc: 0.2971, TrLoss:  1.93686, VaAcc: 0.2754, VaLoss:  1.96139
 MAP NN | TrAcc: 0.2385 | VaAcc: 0.1987 | TeAcc: 0.1865
 S NN | TrAcc: 0.2373 | VaAcc: 0.1929 | TeAcc: 0.1675

  3,  0 | TrAcc: 0.4436, TrLoss:  1.63223, VaAcc: 0.4956, VaLoss:  1.53031
 MAP NN | TrAcc: 0.3844 | VaAcc: 0.3267 | TeAcc: 0.2769
 S NN | TrAcc: 0.2545 | VaAcc: 0.3076 | TeAcc: 0.2266

  4,  0 | TrAcc: 0.5295, TrLoss:  1.38907, VaAcc: 0.5830, VaLoss:  1.27831
 MAP NN | TrAcc: 0.4540 | VaAcc: 0.5244 | TeAcc: 0.6216
 S NN | TrAcc: 0.3513 | VaAcc: 0.4541 | TeAcc: 0.4819

  5,  0 | TrAcc: 0.5808, TrLoss:  1.25547, VaAcc: 0.6450, VaLoss:  1.13366
 MAP NN | TrAcc: 0.5082 | VaAcc: 0.5884 | TeAcc: 0.6699
 S NN | TrAcc: 0.3215 | VaAcc: 0.5635 | TeAcc: 0.6421

  6,  0 | TrAcc: 0.6510, TrLoss:  1.07465, VaAcc: 0.7197, VaLoss:  0.93663
 MAP NN | TrAcc: 0.6157 | VaAcc: 0.6865 | TeAcc: 0.7446
 S NN | TrAcc: 0.4563 | VaAcc: 0.4648 | TeAcc: 0.6260

  7,  0 | TrAcc: 0.7136, TrLoss:  0.94385, VaAcc: 0.7578, VaLoss:  0.85272
 MAP NN | TrAcc: 0.6992 | VaAcc: 0.7520 | TeAcc: 0.8115
 S NN | TrAcc: 0.3623 | VaAcc: 0.4043 | TeAcc: 0.6377

  8,  0 | TrAcc: 0.7515, TrLoss:  0.84989, VaAcc: 0.7788, VaLoss:  0.78438
 MAP NN | TrAcc: 0.7885 | VaAcc: 0.8218 | TeAcc: 0.8691
 S NN | TrAcc: 0.7051 | VaAcc: 0.6729 | TeAcc: 0.7852

  9,  0 | TrAcc: 0.7937, TrLoss:  0.73724, VaAcc: 0.8237, VaLoss:  0.65880
 MAP NN | TrAcc: 0.8003 | VaAcc: 0.8286 | TeAcc: 0.8628
 S NN | TrAcc: 0.6625 | VaAcc: 0.6240 | TeAcc: 0.4106

 10,  0 | TrAcc: 0.8112, TrLoss:  0.66946, VaAcc: 0.8462, VaLoss:  0.60789
 MAP NN | TrAcc: 0.8159 | VaAcc: 0.8403 | TeAcc: 0.8745
 S NN | TrAcc: 0.6868 | VaAcc: 0.7949 | TeAcc: 0.8076

 11,  0 | TrAcc: 0.8260, TrLoss:  0.62068, VaAcc: 0.8535, VaLoss:  0.55383
 MAP NN | TrAcc: 0.8359 | VaAcc: 0.8521 | TeAcc: 0.8887
 S NN | TrAcc: 0.6907 | VaAcc: 0.5566 | TeAcc: 0.5410

 12,  0 | TrAcc: 0.8397, TrLoss:  0.57256, VaAcc: 0.8613, VaLoss:  0.51588
 MAP NN | TrAcc: 0.8575 | VaAcc: 0.8750 | TeAcc: 0.9072
 S NN | TrAcc: 0.7372 | VaAcc: 0.8364 | TeAcc: 0.7075

 13,  0 | TrAcc: 0.8521, TrLoss:  0.52252, VaAcc: 0.8765, VaLoss:  0.49459
 MAP NN | TrAcc: 0.8634 | VaAcc: 0.8789 | TeAcc: 0.9141
 S NN | TrAcc: 0.8003 | VaAcc: 0.8188 | TeAcc: 0.8350

 14,  0 | TrAcc: 0.8612, TrLoss:  0.49783, VaAcc: 0.8755, VaLoss:  0.45835
 MAP NN | TrAcc: 0.8690 | VaAcc: 0.8862 | TeAcc: 0.9146
 S NN | TrAcc: 0.7030 | VaAcc: 0.8076 | TeAcc: 0.8921

 15,  0 | TrAcc: 0.8652, TrLoss:  0.48267, VaAcc: 0.8833, VaLoss:  0.43421
 MAP NN | TrAcc: 0.8850 | VaAcc: 0.8916 | TeAcc: 0.9272
 S NN | TrAcc: 0.7367 | VaAcc: 0.8198 | TeAcc: 0.8823

 16,  0 | TrAcc: 0.8817, TrLoss:  0.44010, VaAcc: 0.8887, VaLoss:  0.43155
 MAP NN | TrAcc: 0.8910 | VaAcc: 0.8979 | TeAcc: 0.9287
 S NN | TrAcc: 0.8142 | VaAcc: 0.7896 | TeAcc: 0.8750

 17,  0 | TrAcc: 0.8822, TrLoss:  0.41946, VaAcc: 0.8926, VaLoss:  0.40580
 MAP NN | TrAcc: 0.8889 | VaAcc: 0.8994 | TeAcc: 0.9238
 S NN | TrAcc: 0.8345 | VaAcc: 0.8809 | TeAcc: 0.8340

 18,  0 | TrAcc: 0.8906, TrLoss:  0.39673, VaAcc: 0.8979, VaLoss:  0.37415
 MAP NN | TrAcc: 0.8937 | VaAcc: 0.9038 | TeAcc: 0.9263
 S NN | TrAcc: 0.8408 | VaAcc: 0.8613 | TeAcc: 0.8921

 19,  0 | TrAcc: 0.8921, TrLoss:  0.39438, VaAcc: 0.8984, VaLoss:  0.40553
 MAP NN | TrAcc: 0.9012 | VaAcc: 0.9072 | TeAcc: 0.9331
 S NN | TrAcc: 0.8658 | VaAcc: 0.8618 | TeAcc: 0.9155

 20,  0 | TrAcc: 0.8927, TrLoss:  0.38141, VaAcc: 0.9048, VaLoss:  0.35055
 MAP NN | TrAcc: 0.8976 | VaAcc: 0.9043 | TeAcc: 0.9312
 S NN | TrAcc: 0.8687 | VaAcc: 0.8926 | TeAcc: 0.9004

 21,  0 | TrAcc: 0.8997, TrLoss:  0.36662, VaAcc: 0.9033, VaLoss:  0.37807
 MAP NN | TrAcc: 0.9054 | VaAcc: 0.9175 | TeAcc: 0.9380
 S NN | TrAcc: 0.8773 | VaAcc: 0.8833 | TeAcc: 0.9106

 22,  0 | TrAcc: 0.9004, TrLoss:  0.35690, VaAcc: 0.9072, VaLoss:  0.34198
 MAP NN | TrAcc: 0.9050 | VaAcc: 0.9136 | TeAcc: 0.9336
 S NN | TrAcc: 0.8074 | VaAcc: 0.8687 | TeAcc: 0.9150

 23,  0 | TrAcc: 0.9011, TrLoss:  0.34767, VaAcc: 0.9067, VaLoss:  0.35009
 MAP NN | TrAcc: 0.9028 | VaAcc: 0.9121 | TeAcc: 0.9385
 S NN | TrAcc: 0.8900 | VaAcc: 0.8843 | TeAcc: 0.9194

 24,  0 | TrAcc: 0.9030, TrLoss:  0.33645, VaAcc: 0.9077, VaLoss:  0.34266
 MAP NN | TrAcc: 0.9098 | VaAcc: 0.9180 | TeAcc: 0.9365
 S NN | TrAcc: 0.8706 | VaAcc: 0.8877 | TeAcc: 0.9116

 25,  0 | TrAcc: 0.9049, TrLoss:  0.33115, VaAcc: 0.9150, VaLoss:  0.31912
 MAP NN | TrAcc: 0.9064 | VaAcc: 0.9150 | TeAcc: 0.9365
 S NN | TrAcc: 0.8948 | VaAcc: 0.8921 | TeAcc: 0.9180

 26,  0 | TrAcc: 0.9076, TrLoss:  0.31838, VaAcc: 0.9121, VaLoss:  0.33349
 MAP NN | TrAcc: 0.9111 | VaAcc: 0.9204 | TeAcc: 0.9429
 S NN | TrAcc: 0.8695 | VaAcc: 0.8989 | TeAcc: 0.9297

 27,  0 | TrAcc: 0.9082, TrLoss:  0.31279, VaAcc: 0.9189, VaLoss:  0.30877
 MAP NN | TrAcc: 0.9143 | VaAcc: 0.9185 | TeAcc: 0.9438
 S NN | TrAcc: 0.8801 | VaAcc: 0.8916 | TeAcc: 0.9160

 28,  0 | TrAcc: 0.9138, TrLoss:  0.30259, VaAcc: 0.9146, VaLoss:  0.31750
 MAP NN | TrAcc: 0.9186 | VaAcc: 0.9185 | TeAcc: 0.9448
 S NN | TrAcc: 0.8555 | VaAcc: 0.8940 | TeAcc: 0.9307

 29,  0 | TrAcc: 0.9080, TrLoss:  0.30887, VaAcc: 0.9136, VaLoss:  0.31083
 MAP NN | TrAcc: 0.9185 | VaAcc: 0.9214 | TeAcc: 0.9443
 S NN | TrAcc: 0.8932 | VaAcc: 0.9072 | TeAcc: 0.9302

 30,  0 | TrAcc: 0.9181, TrLoss:  0.28964, VaAcc: 0.9165, VaLoss:  0.32038
 MAP NN | TrAcc: 0.9216 | VaAcc: 0.9219 | TeAcc: 0.9443
 S NN | TrAcc: 0.8345 | VaAcc: 0.8770 | TeAcc: 0.9243

 31,  0 | TrAcc: 0.9142, TrLoss:  0.29196, VaAcc: 0.9116, VaLoss:  0.30736
 MAP NN | TrAcc: 0.9209 | VaAcc: 0.9189 | TeAcc: 0.9429
 S NN | TrAcc: 0.9048 | VaAcc: 0.9121 | TeAcc: 0.9097

 32,  0 | TrAcc: 0.9189, TrLoss:  0.28486, VaAcc: 0.9219, VaLoss:  0.29279
 MAP NN | TrAcc: 0.9257 | VaAcc: 0.9248 | TeAcc: 0.9438
 S NN | TrAcc: 0.9008 | VaAcc: 0.9150 | TeAcc: 0.9380

 33,  0 | TrAcc: 0.9202, TrLoss:  0.27860, VaAcc: 0.9224, VaLoss:  0.28651
 MAP NN | TrAcc: 0.9270 | VaAcc: 0.9229 | TeAcc: 0.9453
 S NN | TrAcc: 0.8967 | VaAcc: 0.9116 | TeAcc: 0.9253

 34,  0 | TrAcc: 0.9192, TrLoss:  0.27955, VaAcc: 0.9199, VaLoss:  0.29680
 MAP NN | TrAcc: 0.9254 | VaAcc: 0.9165 | TeAcc: 0.9478
 S NN | TrAcc: 0.9130 | VaAcc: 0.8979 | TeAcc: 0.9199

 35,  0 | TrAcc: 0.9197, TrLoss:  0.27249, VaAcc: 0.9175, VaLoss:  0.29260
 MAP NN | TrAcc: 0.9264 | VaAcc: 0.9277 | TeAcc: 0.9438
 S NN | TrAcc: 0.8994 | VaAcc: 0.9136 | TeAcc: 0.9360

 36,  0 | TrAcc: 0.9209, TrLoss:  0.26750, VaAcc: 0.9111, VaLoss:  0.30161
 MAP NN | TrAcc: 0.9304 | VaAcc: 0.9253 | TeAcc: 0.9438
 S NN | TrAcc: 0.9093 | VaAcc: 0.8979 | TeAcc: 0.9424

 37,  0 | TrAcc: 0.9216, TrLoss:  0.26278, VaAcc: 0.9229, VaLoss:  0.28267
 MAP NN | TrAcc: 0.9283 | VaAcc: 0.9229 | TeAcc: 0.9497
 S NN | TrAcc: 0.9071 | VaAcc: 0.8989 | TeAcc: 0.9346

 38,  0 | TrAcc: 0.9240, TrLoss:  0.25862, VaAcc: 0.9204, VaLoss:  0.28634
 MAP NN | TrAcc: 0.9288 | VaAcc: 0.9189 | TeAcc: 0.9448
 S NN | TrAcc: 0.9075 | VaAcc: 0.8945 | TeAcc: 0.9316

 39,  0 | TrAcc: 0.9231, TrLoss:  0.26013, VaAcc: 0.9233, VaLoss:  0.28886
 MAP NN | TrAcc: 0.9323 | VaAcc: 0.9204 | TeAcc: 0.9419
 S NN | TrAcc: 0.9187 | VaAcc: 0.9048 | TeAcc: 0.9346

 40,  0 | TrAcc: 0.9227, TrLoss:  0.25992, VaAcc: 0.9238, VaLoss:  0.27293
 MAP NN | TrAcc: 0.9308 | VaAcc: 0.9214 | TeAcc: 0.9443
 S NN | TrAcc: 0.9142 | VaAcc: 0.9170 | TeAcc: 0.9287

 41,  0 | TrAcc: 0.9286, TrLoss:  0.25234, VaAcc: 0.9258, VaLoss:  0.26708
 MAP NN | TrAcc: 0.9331 | VaAcc: 0.9302 | TeAcc: 0.9497
 S NN | TrAcc: 0.9236 | VaAcc: 0.9189 | TeAcc: 0.9390

 42,  0 | TrAcc: 0.9299, TrLoss:  0.24264, VaAcc: 0.9263, VaLoss:  0.27561
 MAP NN | TrAcc: 0.9346 | VaAcc: 0.9292 | TeAcc: 0.9468
 S NN | TrAcc: 0.9283 | VaAcc: 0.9272 | TeAcc: 0.9370

 43,  0 | TrAcc: 0.9297, TrLoss:  0.24909, VaAcc: 0.9253, VaLoss:  0.27358
 MAP NN | TrAcc: 0.9349 | VaAcc: 0.9312 | TeAcc: 0.9482
 S NN | TrAcc: 0.9149 | VaAcc: 0.9116 | TeAcc: 0.9395

 44,  0 | TrAcc: 0.9302, TrLoss:  0.24593, VaAcc: 0.9263, VaLoss:  0.27942
 MAP NN | TrAcc: 0.9381 | VaAcc: 0.9307 | TeAcc: 0.9482
 S NN | TrAcc: 0.9163 | VaAcc: 0.9233 | TeAcc: 0.9521

 45,  0 | TrAcc: 0.9277, TrLoss:  0.24156, VaAcc: 0.9277, VaLoss:  0.26441
 MAP NN | TrAcc: 0.9385 | VaAcc: 0.9312 | TeAcc: 0.9487
 S NN | TrAcc: 0.9297 | VaAcc: 0.9209 | TeAcc: 0.9434

 46,  0 | TrAcc: 0.9337, TrLoss:  0.23424, VaAcc: 0.9336, VaLoss:  0.26288
 MAP NN | TrAcc: 0.9413 | VaAcc: 0.9346 | TeAcc: 0.9507
 S NN | TrAcc: 0.9280 | VaAcc: 0.9209 | TeAcc: 0.9360

 47,  0 | TrAcc: 0.9358, TrLoss:  0.22660, VaAcc: 0.9321, VaLoss:  0.25844
 MAP NN | TrAcc: 0.9410 | VaAcc: 0.9346 | TeAcc: 0.9512
 S NN | TrAcc: 0.9332 | VaAcc: 0.9263 | TeAcc: 0.9517

 48,  0 | TrAcc: 0.9366, TrLoss:  0.22272, VaAcc: 0.9292, VaLoss:  0.25527
 MAP NN | TrAcc: 0.9412 | VaAcc: 0.9331 | TeAcc: 0.9487
 S NN | TrAcc: 0.9019 | VaAcc: 0.9336 | TeAcc: 0.9321

 49,  0 | TrAcc: 0.9371, TrLoss:  0.22571, VaAcc: 0.9380, VaLoss:  0.24864
 MAP NN | TrAcc: 0.9402 | VaAcc: 0.9336 | TeAcc: 0.9478
 S NN | TrAcc: 0.9269 | VaAcc: 0.9263 | TeAcc: 0.9404

 50,  0 | TrAcc: 0.9343, TrLoss:  0.22712, VaAcc: 0.9331, VaLoss:  0.25390
 MAP NN | TrAcc: 0.9408 | VaAcc: 0.9380 | TeAcc: 0.9487
 S NN | TrAcc: 0.9270 | VaAcc: 0.9243 | TeAcc: 0.9404

 51,  0 | TrAcc: 0.9401, TrLoss:  0.21374, VaAcc: 0.9321, VaLoss:  0.25471
 MAP NN | TrAcc: 0.9420 | VaAcc: 0.9341 | TeAcc: 0.9556
 S NN | TrAcc: 0.9337 | VaAcc: 0.9326 | TeAcc: 0.9463

 52,  0 | TrAcc: 0.9387, TrLoss:  0.21755, VaAcc: 0.9321, VaLoss:  0.26090
 MAP NN | TrAcc: 0.9392 | VaAcc: 0.9331 | TeAcc: 0.9502
 S NN | TrAcc: 0.9324 | VaAcc: 0.9233 | TeAcc: 0.9409

 53,  0 | TrAcc: 0.9377, TrLoss:  0.21692, VaAcc: 0.9370, VaLoss:  0.25115
 MAP NN | TrAcc: 0.9442 | VaAcc: 0.9355 | TeAcc: 0.9517
 S NN | TrAcc: 0.9209 | VaAcc: 0.9292 | TeAcc: 0.9443

 54,  0 | TrAcc: 0.9377, TrLoss:  0.21809, VaAcc: 0.9375, VaLoss:  0.24106
 MAP NN | TrAcc: 0.9430 | VaAcc: 0.9380 | TeAcc: 0.9521
 S NN | TrAcc: 0.9319 | VaAcc: 0.9321 | TeAcc: 0.9497

 55,  0 | TrAcc: 0.9368, TrLoss:  0.21982, VaAcc: 0.9292, VaLoss:  0.26589
 MAP NN | TrAcc: 0.9409 | VaAcc: 0.9307 | TeAcc: 0.9531
 S NN | TrAcc: 0.9270 | VaAcc: 0.9238 | TeAcc: 0.9473

 56,  0 | TrAcc: 0.9395, TrLoss:  0.21287, VaAcc: 0.9321, VaLoss:  0.25530
 MAP NN | TrAcc: 0.9457 | VaAcc: 0.9380 | TeAcc: 0.9507
 S NN | TrAcc: 0.9355 | VaAcc: 0.9380 | TeAcc: 0.9487

 57,  0 | TrAcc: 0.9417, TrLoss:  0.20331, VaAcc: 0.9321, VaLoss:  0.24996
 MAP NN | TrAcc: 0.9478 | VaAcc: 0.9370 | TeAcc: 0.9531
 S NN | TrAcc: 0.9359 | VaAcc: 0.9346 | TeAcc: 0.9492

 58,  0 | TrAcc: 0.9431, TrLoss:  0.19879, VaAcc: 0.9351, VaLoss:  0.23703
 MAP NN | TrAcc: 0.9462 | VaAcc: 0.9365 | TeAcc: 0.9561
 S NN | TrAcc: 0.9399 | VaAcc: 0.9272 | TeAcc: 0.9546

 59,  0 | TrAcc: 0.9430, TrLoss:  0.20523, VaAcc: 0.9380, VaLoss:  0.24120
 MAP NN | TrAcc: 0.9490 | VaAcc: 0.9351 | TeAcc: 0.9575
 S NN | TrAcc: 0.9406 | VaAcc: 0.9351 | TeAcc: 0.9443

 60,  0 | TrAcc: 0.9393, TrLoss:  0.20722, VaAcc: 0.9341, VaLoss:  0.24638
 MAP NN | TrAcc: 0.9452 | VaAcc: 0.9380 | TeAcc: 0.9487
 S NN | TrAcc: 0.9386 | VaAcc: 0.9331 | TeAcc: 0.9521

 61,  0 | TrAcc: 0.9430, TrLoss:  0.19292, VaAcc: 0.9385, VaLoss:  0.23719
 MAP NN | TrAcc: 0.9473 | VaAcc: 0.9365 | TeAcc: 0.9556
 S NN | TrAcc: 0.9420 | VaAcc: 0.9351 | TeAcc: 0.9473

 62,  0 | TrAcc: 0.9438, TrLoss:  0.19761, VaAcc: 0.9360, VaLoss:  0.23687
 MAP NN | TrAcc: 0.9464 | VaAcc: 0.9385 | TeAcc: 0.9551
 S NN | TrAcc: 0.9346 | VaAcc: 0.9341 | TeAcc: 0.9448

 63,  0 | TrAcc: 0.9469, TrLoss:  0.19517, VaAcc: 0.9419, VaLoss:  0.22637
 MAP NN | TrAcc: 0.9503 | VaAcc: 0.9424 | TeAcc: 0.9604
 S NN | TrAcc: 0.9352 | VaAcc: 0.9336 | TeAcc: 0.9531

 64,  0 | TrAcc: 0.9435, TrLoss:  0.19574, VaAcc: 0.9331, VaLoss:  0.23869
 MAP NN | TrAcc: 0.9468 | VaAcc: 0.9351 | TeAcc: 0.9536
 S NN | TrAcc: 0.9375 | VaAcc: 0.9277 | TeAcc: 0.9517

 65,  0 | TrAcc: 0.9470, TrLoss:  0.18836, VaAcc: 0.9404, VaLoss:  0.23901
 MAP NN | TrAcc: 0.9540 | VaAcc: 0.9438 | TeAcc: 0.9600
 S NN | TrAcc: 0.9431 | VaAcc: 0.9331 | TeAcc: 0.9487

 66,  0 | TrAcc: 0.9471, TrLoss:  0.18552, VaAcc: 0.9399, VaLoss:  0.22827
 MAP NN | TrAcc: 0.9501 | VaAcc: 0.9424 | TeAcc: 0.9575
 S NN | TrAcc: 0.9458 | VaAcc: 0.9360 | TeAcc: 0.9517

 67,  0 | TrAcc: 0.9487, TrLoss:  0.18631, VaAcc: 0.9399, VaLoss:  0.23786
 MAP NN | TrAcc: 0.9536 | VaAcc: 0.9404 | TeAcc: 0.9575
 S NN | TrAcc: 0.9469 | VaAcc: 0.9346 | TeAcc: 0.9570

 68,  0 | TrAcc: 0.9480, TrLoss:  0.18261, VaAcc: 0.9424, VaLoss:  0.22506
 MAP NN | TrAcc: 0.9518 | VaAcc: 0.9443 | TeAcc: 0.9565
 S NN | TrAcc: 0.9435 | VaAcc: 0.9375 | TeAcc: 0.9507

 69,  0 | TrAcc: 0.9480, TrLoss:  0.18212, VaAcc: 0.9395, VaLoss:  0.23491
 MAP NN | TrAcc: 0.9529 | VaAcc: 0.9448 | TeAcc: 0.9536
 S NN | TrAcc: 0.9443 | VaAcc: 0.9375 | TeAcc: 0.9487

 70,  0 | TrAcc: 0.9478, TrLoss:  0.18752, VaAcc: 0.9395, VaLoss:  0.23181
 MAP NN | TrAcc: 0.9521 | VaAcc: 0.9424 | TeAcc: 0.9536
 S NN | TrAcc: 0.9366 | VaAcc: 0.9302 | TeAcc: 0.9482

 71,  0 | TrAcc: 0.9514, TrLoss:  0.17775, VaAcc: 0.9399, VaLoss:  0.22699
 MAP NN | TrAcc: 0.9532 | VaAcc: 0.9414 | TeAcc: 0.9561
 S NN | TrAcc: 0.9448 | VaAcc: 0.9346 | TeAcc: 0.9546

 72,  0 | TrAcc: 0.9446, TrLoss:  0.18373, VaAcc: 0.9419, VaLoss:  0.23107
 MAP NN | TrAcc: 0.9481 | VaAcc: 0.9419 | TeAcc: 0.9580
 S NN | TrAcc: 0.9438 | VaAcc: 0.9346 | TeAcc: 0.9551

 73,  0 | TrAcc: 0.9528, TrLoss:  0.17161, VaAcc: 0.9404, VaLoss:  0.23240
 MAP NN | TrAcc: 0.9551 | VaAcc: 0.9482 | TeAcc: 0.9600
 S NN | TrAcc: 0.9448 | VaAcc: 0.9395 | TeAcc: 0.9526

 74,  0 | TrAcc: 0.9513, TrLoss:  0.17326, VaAcc: 0.9409, VaLoss:  0.22172
 MAP NN | TrAcc: 0.9569 | VaAcc: 0.9453 | TeAcc: 0.9556
 S NN | TrAcc: 0.9453 | VaAcc: 0.9375 | TeAcc: 0.9546

 75,  0 | TrAcc: 0.9528, TrLoss:  0.17475, VaAcc: 0.9414, VaLoss:  0.23134
 MAP NN | TrAcc: 0.9548 | VaAcc: 0.9438 | TeAcc: 0.9575
 S NN | TrAcc: 0.9519 | VaAcc: 0.9365 | TeAcc: 0.9556

 76,  0 | TrAcc: 0.9337, TrLoss:  0.22758, VaAcc: 0.9287, VaLoss:  0.25742
 MAP NN | TrAcc: 0.9430 | VaAcc: 0.9390 | TeAcc: 0.9565
 S NN | TrAcc: 0.9434 | VaAcc: 0.9351 | TeAcc: 0.9521

 77,  0 | TrAcc: 0.9331, TrLoss:  0.22739, VaAcc: 0.9282, VaLoss:  0.27485
 MAP NN | TrAcc: 0.9357 | VaAcc: 0.9321 | TeAcc: 0.9502
 S NN | TrAcc: 0.9294 | VaAcc: 0.9307 | TeAcc: 0.9497

 78,  0 | TrAcc: 0.9402, TrLoss:  0.20543, VaAcc: 0.9370, VaLoss:  0.25364
 MAP NN | TrAcc: 0.9476 | VaAcc: 0.9360 | TeAcc: 0.9521
 S NN | TrAcc: 0.9427 | VaAcc: 0.9336 | TeAcc: 0.9473

 79,  0 | TrAcc: 0.9513, TrLoss:  0.18048, VaAcc: 0.9399, VaLoss:  0.23878
 MAP NN | TrAcc: 0.9543 | VaAcc: 0.9424 | TeAcc: 0.9585
 S NN | TrAcc: 0.9491 | VaAcc: 0.9414 | TeAcc: 0.9551

 80,  0 | TrAcc: 0.9551, TrLoss:  0.16909, VaAcc: 0.9351, VaLoss:  0.23471
 MAP NN | TrAcc: 0.9592 | VaAcc: 0.9448 | TeAcc: 0.9585
 S NN | TrAcc: 0.9518 | VaAcc: 0.9390 | TeAcc: 0.9551

 81,  0 | TrAcc: 0.9530, TrLoss:  0.17185, VaAcc: 0.9434, VaLoss:  0.22561
 MAP NN | TrAcc: 0.9575 | VaAcc: 0.9492 | TeAcc: 0.9585
 S NN | TrAcc: 0.9530 | VaAcc: 0.9409 | TeAcc: 0.9556

 82,  0 | TrAcc: 0.9562, TrLoss:  0.16028, VaAcc: 0.9414, VaLoss:  0.21974
 MAP NN | TrAcc: 0.9591 | VaAcc: 0.9463 | TeAcc: 0.9570
 S NN | TrAcc: 0.9512 | VaAcc: 0.9399 | TeAcc: 0.9556

 83,  0 | TrAcc: 0.9542, TrLoss:  0.16645, VaAcc: 0.9424, VaLoss:  0.22439
 MAP NN | TrAcc: 0.9589 | VaAcc: 0.9478 | TeAcc: 0.9600
 S NN | TrAcc: 0.9504 | VaAcc: 0.9414 | TeAcc: 0.9570

 84,  0 | TrAcc: 0.9564, TrLoss:  0.15966, VaAcc: 0.9385, VaLoss:  0.21049
 MAP NN | TrAcc: 0.9591 | VaAcc: 0.9463 | TeAcc: 0.9575
 S NN | TrAcc: 0.9514 | VaAcc: 0.9404 | TeAcc: 0.9536

 85,  0 | TrAcc: 0.9562, TrLoss:  0.16180, VaAcc: 0.9414, VaLoss:  0.21196
 MAP NN | TrAcc: 0.9595 | VaAcc: 0.9492 | TeAcc: 0.9551
 S NN | TrAcc: 0.9596 | VaAcc: 0.9458 | TeAcc: 0.9556

 86,  0 | TrAcc: 0.9545, TrLoss:  0.16686, VaAcc: 0.9355, VaLoss:  0.22101
 MAP NN | TrAcc: 0.9601 | VaAcc: 0.9409 | TeAcc: 0.9575
 S NN | TrAcc: 0.9534 | VaAcc: 0.9404 | TeAcc: 0.9575

 87,  0 | TrAcc: 0.9531, TrLoss:  0.15945, VaAcc: 0.9468, VaLoss:  0.20278
 MAP NN | TrAcc: 0.9584 | VaAcc: 0.9526 | TeAcc: 0.9570
 S NN | TrAcc: 0.9573 | VaAcc: 0.9424 | TeAcc: 0.9590

 88,  0 | TrAcc: 0.9559, TrLoss:  0.15655, VaAcc: 0.9443, VaLoss:  0.21023
 MAP NN | TrAcc: 0.9622 | VaAcc: 0.9473 | TeAcc: 0.9653
 S NN | TrAcc: 0.9528 | VaAcc: 0.9390 | TeAcc: 0.9604

 89,  0 | TrAcc: 0.9594, TrLoss:  0.15279, VaAcc: 0.9395, VaLoss:  0.21362
 MAP NN | TrAcc: 0.9618 | VaAcc: 0.9463 | TeAcc: 0.9600
 S NN | TrAcc: 0.9556 | VaAcc: 0.9395 | TeAcc: 0.9575

 90,  0 | TrAcc: 0.9611, TrLoss:  0.15056, VaAcc: 0.9453, VaLoss:  0.21010
 MAP NN | TrAcc: 0.9620 | VaAcc: 0.9463 | TeAcc: 0.9590
 S NN | TrAcc: 0.9562 | VaAcc: 0.9443 | TeAcc: 0.9561

 91,  0 | TrAcc: 0.9563, TrLoss:  0.15525, VaAcc: 0.9438, VaLoss:  0.21299
 MAP NN | TrAcc: 0.9614 | VaAcc: 0.9458 | TeAcc: 0.9575
 S NN | TrAcc: 0.9554 | VaAcc: 0.9404 | TeAcc: 0.9570

 92,  0 | TrAcc: 0.9579, TrLoss:  0.15283, VaAcc: 0.9463, VaLoss:  0.20422
 MAP NN | TrAcc: 0.9635 | VaAcc: 0.9458 | TeAcc: 0.9609
 S NN | TrAcc: 0.9573 | VaAcc: 0.9404 | TeAcc: 0.9575

 93,  0 | TrAcc: 0.9603, TrLoss:  0.14967, VaAcc: 0.9468, VaLoss:  0.20101
 MAP NN | TrAcc: 0.9628 | VaAcc: 0.9497 | TeAcc: 0.9580
 S NN | TrAcc: 0.9550 | VaAcc: 0.9404 | TeAcc: 0.9614

 94,  0 | TrAcc: 0.9587, TrLoss:  0.15502, VaAcc: 0.9478, VaLoss:  0.19979
 MAP NN | TrAcc: 0.9635 | VaAcc: 0.9458 | TeAcc: 0.9585
 S NN | TrAcc: 0.9576 | VaAcc: 0.9375 | TeAcc: 0.9536

 95,  0 | TrAcc: 0.9604, TrLoss:  0.14527, VaAcc: 0.9429, VaLoss:  0.20652
 MAP NN | TrAcc: 0.9653 | VaAcc: 0.9434 | TeAcc: 0.9595
 S NN | TrAcc: 0.9594 | VaAcc: 0.9424 | TeAcc: 0.9585

 96,  0 | TrAcc: 0.9612, TrLoss:  0.14580, VaAcc: 0.9463, VaLoss:  0.19354
 MAP NN | TrAcc: 0.9631 | VaAcc: 0.9526 | TeAcc: 0.9565
 S NN | TrAcc: 0.9541 | VaAcc: 0.9487 | TeAcc: 0.9590

 97,  0 | TrAcc: 0.9592, TrLoss:  0.15117, VaAcc: 0.9453, VaLoss:  0.21006
 MAP NN | TrAcc: 0.9631 | VaAcc: 0.9404 | TeAcc: 0.9541
 S NN | TrAcc: 0.9583 | VaAcc: 0.9419 | TeAcc: 0.9595

 98,  0 | TrAcc: 0.9619, TrLoss:  0.14520, VaAcc: 0.9458, VaLoss:  0.20372
 MAP NN | TrAcc: 0.9640 | VaAcc: 0.9497 | TeAcc: 0.9580
 S NN | TrAcc: 0.9603 | VaAcc: 0.9434 | TeAcc: 0.9575

 99,  0 | TrAcc: 0.9589, TrLoss:  0.14537, VaAcc: 0.9463, VaLoss:  0.20334
 MAP NN | TrAcc: 0.9623 | VaAcc: 0.9473 | TeAcc: 0.9585
 S NN | TrAcc: 0.9601 | VaAcc: 0.9380 | TeAcc: 0.9561

100,  0 | TrAcc: 0.9615, TrLoss:  0.14229, VaAcc: 0.9468, VaLoss:  0.20029
 MAP NN | TrAcc: 0.9630 | VaAcc: 0.9453 | TeAcc: 0.9614
 S NN | TrAcc: 0.9590 | VaAcc: 0.9438 | TeAcc: 0.9575

101,  0 | TrAcc: 0.9587, TrLoss:  0.15116, VaAcc: 0.9395, VaLoss:  0.21229
 MAP NN | TrAcc: 0.9617 | VaAcc: 0.9429 | TeAcc: 0.9580
 S NN | TrAcc: 0.9573 | VaAcc: 0.9409 | TeAcc: 0.9565

102,  0 | TrAcc: 0.9601, TrLoss:  0.14749, VaAcc: 0.9482, VaLoss:  0.21082
 MAP NN | TrAcc: 0.9602 | VaAcc: 0.9463 | TeAcc: 0.9590
 S NN | TrAcc: 0.9575 | VaAcc: 0.9404 | TeAcc: 0.9546

103,  0 | TrAcc: 0.9562, TrLoss:  0.15376, VaAcc: 0.9399, VaLoss:  0.21249
 MAP NN | TrAcc: 0.9624 | VaAcc: 0.9424 | TeAcc: 0.9585
 S NN | TrAcc: 0.9583 | VaAcc: 0.9414 | TeAcc: 0.9570

104,  0 | TrAcc: 0.9612, TrLoss:  0.14172, VaAcc: 0.9458, VaLoss:  0.20365
 MAP NN | TrAcc: 0.9636 | VaAcc: 0.9473 | TeAcc: 0.9609
 S NN | TrAcc: 0.9625 | VaAcc: 0.9453 | TeAcc: 0.9585

105,  0 | TrAcc: 0.9619, TrLoss:  0.14423, VaAcc: 0.9438, VaLoss:  0.20617
 MAP NN | TrAcc: 0.9606 | VaAcc: 0.9443 | TeAcc: 0.9590
 S NN | TrAcc: 0.9607 | VaAcc: 0.9478 | TeAcc: 0.9561

106,  0 | TrAcc: 0.9622, TrLoss:  0.14009, VaAcc: 0.9482, VaLoss:  0.19871
 MAP NN | TrAcc: 0.9640 | VaAcc: 0.9517 | TeAcc: 0.9624
 S NN | TrAcc: 0.9617 | VaAcc: 0.9463 | TeAcc: 0.9600

107,  0 | TrAcc: 0.9604, TrLoss:  0.14436, VaAcc: 0.9487, VaLoss:  0.19751
 MAP NN | TrAcc: 0.9642 | VaAcc: 0.9512 | TeAcc: 0.9585
 S NN | TrAcc: 0.9618 | VaAcc: 0.9463 | TeAcc: 0.9531

108,  0 | TrAcc: 0.9625, TrLoss:  0.13911, VaAcc: 0.9463, VaLoss:  0.19412
 MAP NN | TrAcc: 0.9655 | VaAcc: 0.9473 | TeAcc: 0.9639
 S NN | TrAcc: 0.9613 | VaAcc: 0.9434 | TeAcc: 0.9600

109,  0 | TrAcc: 0.9637, TrLoss:  0.14021, VaAcc: 0.9458, VaLoss:  0.20945
 MAP NN | TrAcc: 0.9657 | VaAcc: 0.9453 | TeAcc: 0.9614
 S NN | TrAcc: 0.9562 | VaAcc: 0.9492 | TeAcc: 0.9570

110,  0 | TrAcc: 0.9629, TrLoss:  0.13754, VaAcc: 0.9453, VaLoss:  0.19783
 MAP NN | TrAcc: 0.9658 | VaAcc: 0.9482 | TeAcc: 0.9604
 S NN | TrAcc: 0.9629 | VaAcc: 0.9443 | TeAcc: 0.9551

111,  0 | TrAcc: 0.9626, TrLoss:  0.13717, VaAcc: 0.9478, VaLoss:  0.19754
 MAP NN | TrAcc: 0.9647 | VaAcc: 0.9487 | TeAcc: 0.9590
 S NN | TrAcc: 0.9569 | VaAcc: 0.9468 | TeAcc: 0.9580

112,  0 | TrAcc: 0.9652, TrLoss:  0.13185, VaAcc: 0.9429, VaLoss:  0.20839
 MAP NN | TrAcc: 0.9678 | VaAcc: 0.9463 | TeAcc: 0.9624
 S NN | TrAcc: 0.9612 | VaAcc: 0.9414 | TeAcc: 0.9561

113,  0 | TrAcc: 0.9041, TrLoss:  0.32042, VaAcc: 0.9028, VaLoss:  0.34412
 MAP NN | TrAcc: 0.9062 | VaAcc: 0.9048 | TeAcc: 0.9341
 S NN | TrAcc: 0.9028 | VaAcc: 0.9077 | TeAcc: 0.9287

114,  0 | TrAcc: 0.9066, TrLoss:  0.31826, VaAcc: 0.9111, VaLoss:  0.33021
 MAP NN | TrAcc: 0.9110 | VaAcc: 0.9102 | TeAcc: 0.9360
 S NN | TrAcc: 0.9066 | VaAcc: 0.9111 | TeAcc: 0.9321

115,  0 | TrAcc: 0.9156, TrLoss:  0.27053, VaAcc: 0.9238, VaLoss:  0.29344
 MAP NN | TrAcc: 0.9193 | VaAcc: 0.9204 | TeAcc: 0.9468
 S NN | TrAcc: 0.9180 | VaAcc: 0.9248 | TeAcc: 0.9448

116,  0 | TrAcc: 0.9230, TrLoss:  0.26751, VaAcc: 0.9312, VaLoss:  0.27370
 MAP NN | TrAcc: 0.9199 | VaAcc: 0.9321 | TeAcc: 0.9448
 S NN | TrAcc: 0.9147 | VaAcc: 0.9243 | TeAcc: 0.9380

117,  0 | TrAcc: 0.9279, TrLoss:  0.24352, VaAcc: 0.9214, VaLoss:  0.28474
 MAP NN | TrAcc: 0.9327 | VaAcc: 0.9272 | TeAcc: 0.9453
 S NN | TrAcc: 0.9327 | VaAcc: 0.9233 | TeAcc: 0.9482

118,  0 | TrAcc: 0.9330, TrLoss:  0.22146, VaAcc: 0.9297, VaLoss:  0.24613
 MAP NN | TrAcc: 0.9373 | VaAcc: 0.9321 | TeAcc: 0.9492
 S NN | TrAcc: 0.9359 | VaAcc: 0.9277 | TeAcc: 0.9458

119,  0 | TrAcc: 0.9449, TrLoss:  0.18853, VaAcc: 0.9365, VaLoss:  0.24159
 MAP NN | TrAcc: 0.9478 | VaAcc: 0.9380 | TeAcc: 0.9541
 S NN | TrAcc: 0.9406 | VaAcc: 0.9365 | TeAcc: 0.9526

120,  0 | TrAcc: 0.9482, TrLoss:  0.17997, VaAcc: 0.9370, VaLoss:  0.23968
 MAP NN | TrAcc: 0.9514 | VaAcc: 0.9399 | TeAcc: 0.9546
 S NN | TrAcc: 0.9474 | VaAcc: 0.9326 | TeAcc: 0.9521

121,  0 | TrAcc: 0.9530, TrLoss:  0.17115, VaAcc: 0.9419, VaLoss:  0.21826
 MAP NN | TrAcc: 0.9540 | VaAcc: 0.9404 | TeAcc: 0.9585
 S NN | TrAcc: 0.9485 | VaAcc: 0.9395 | TeAcc: 0.9517

122,  0 | TrAcc: 0.9517, TrLoss:  0.17566, VaAcc: 0.9336, VaLoss:  0.23776
 MAP NN | TrAcc: 0.9520 | VaAcc: 0.9399 | TeAcc: 0.9546
 S NN | TrAcc: 0.9491 | VaAcc: 0.9380 | TeAcc: 0.9561

123,  0 | TrAcc: 0.9585, TrLoss:  0.14902, VaAcc: 0.9492, VaLoss:  0.19791
 MAP NN | TrAcc: 0.9598 | VaAcc: 0.9458 | TeAcc: 0.9619
 S NN | TrAcc: 0.9591 | VaAcc: 0.9443 | TeAcc: 0.9561

124,  0 | TrAcc: 0.9556, TrLoss:  0.16615, VaAcc: 0.9380, VaLoss:  0.22462
 MAP NN | TrAcc: 0.9570 | VaAcc: 0.9385 | TeAcc: 0.9565
 S NN | TrAcc: 0.9524 | VaAcc: 0.9351 | TeAcc: 0.9561

125,  0 | TrAcc: 0.9584, TrLoss:  0.14946, VaAcc: 0.9453, VaLoss:  0.20989
 MAP NN | TrAcc: 0.9608 | VaAcc: 0.9463 | TeAcc: 0.9575
 S NN | TrAcc: 0.9606 | VaAcc: 0.9458 | TeAcc: 0.9551

126,  0 | TrAcc: 0.9579, TrLoss:  0.15053, VaAcc: 0.9468, VaLoss:  0.20939
 MAP NN | TrAcc: 0.9608 | VaAcc: 0.9497 | TeAcc: 0.9595
 S NN | TrAcc: 0.9595 | VaAcc: 0.9434 | TeAcc: 0.9590

127,  0 | TrAcc: 0.9614, TrLoss:  0.13885, VaAcc: 0.9438, VaLoss:  0.20347
 MAP NN | TrAcc: 0.9624 | VaAcc: 0.9448 | TeAcc: 0.9595
 S NN | TrAcc: 0.9613 | VaAcc: 0.9438 | TeAcc: 0.9565

128,  0 | TrAcc: 0.9630, TrLoss:  0.13366, VaAcc: 0.9468, VaLoss:  0.20211
 MAP NN | TrAcc: 0.9655 | VaAcc: 0.9463 | TeAcc: 0.9590
 S NN | TrAcc: 0.9615 | VaAcc: 0.9458 | TeAcc: 0.9595

129,  0 | TrAcc: 0.9639, TrLoss:  0.13166, VaAcc: 0.9443, VaLoss:  0.20373
 MAP NN | TrAcc: 0.9659 | VaAcc: 0.9482 | TeAcc: 0.9600
 S NN | TrAcc: 0.9635 | VaAcc: 0.9468 | TeAcc: 0.9609

130,  0 | TrAcc: 0.9645, TrLoss:  0.12937, VaAcc: 0.9458, VaLoss:  0.20491
 MAP NN | TrAcc: 0.9663 | VaAcc: 0.9482 | TeAcc: 0.9604
 S NN | TrAcc: 0.9635 | VaAcc: 0.9468 | TeAcc: 0.9600

131,  0 | TrAcc: 0.9640, TrLoss:  0.13510, VaAcc: 0.9502, VaLoss:  0.20009
 MAP NN | TrAcc: 0.9656 | VaAcc: 0.9473 | TeAcc: 0.9624
 S NN | TrAcc: 0.9631 | VaAcc: 0.9463 | TeAcc: 0.9619

132,  0 | TrAcc: 0.9664, TrLoss:  0.12570, VaAcc: 0.9463, VaLoss:  0.19639
 MAP NN | TrAcc: 0.9681 | VaAcc: 0.9468 | TeAcc: 0.9624
 S NN | TrAcc: 0.9664 | VaAcc: 0.9478 | TeAcc: 0.9604

133,  0 | TrAcc: 0.9673, TrLoss:  0.12516, VaAcc: 0.9448, VaLoss:  0.20370
 MAP NN | TrAcc: 0.9679 | VaAcc: 0.9473 | TeAcc: 0.9639
 S NN | TrAcc: 0.9651 | VaAcc: 0.9458 | TeAcc: 0.9614

134,  0 | TrAcc: 0.9661, TrLoss:  0.12656, VaAcc: 0.9482, VaLoss:  0.19267
 MAP NN | TrAcc: 0.9683 | VaAcc: 0.9463 | TeAcc: 0.9614
 S NN | TrAcc: 0.9644 | VaAcc: 0.9482 | TeAcc: 0.9614

135,  0 | TrAcc: 0.9675, TrLoss:  0.12321, VaAcc: 0.9482, VaLoss:  0.19421
 MAP NN | TrAcc: 0.9685 | VaAcc: 0.9492 | TeAcc: 0.9624
 S NN | TrAcc: 0.9658 | VaAcc: 0.9478 | TeAcc: 0.9624

136,  0 | TrAcc: 0.9674, TrLoss:  0.12541, VaAcc: 0.9521, VaLoss:  0.19442
 MAP NN | TrAcc: 0.9688 | VaAcc: 0.9517 | TeAcc: 0.9668
 S NN | TrAcc: 0.9653 | VaAcc: 0.9497 | TeAcc: 0.9600

137,  0 | TrAcc: 0.9669, TrLoss:  0.12155, VaAcc: 0.9453, VaLoss:  0.19839
 MAP NN | TrAcc: 0.9692 | VaAcc: 0.9482 | TeAcc: 0.9658
 S NN | TrAcc: 0.9681 | VaAcc: 0.9507 | TeAcc: 0.9634

138,  0 | TrAcc: 0.9669, TrLoss:  0.12272, VaAcc: 0.9507, VaLoss:  0.19319
 MAP NN | TrAcc: 0.9692 | VaAcc: 0.9502 | TeAcc: 0.9614
 S NN | TrAcc: 0.9659 | VaAcc: 0.9458 | TeAcc: 0.9595

139,  0 | TrAcc: 0.9688, TrLoss:  0.11972, VaAcc: 0.9517, VaLoss:  0.18709
 MAP NN | TrAcc: 0.9694 | VaAcc: 0.9517 | TeAcc: 0.9644
 S NN | TrAcc: 0.9669 | VaAcc: 0.9487 | TeAcc: 0.9619

140,  0 | TrAcc: 0.9661, TrLoss:  0.12348, VaAcc: 0.9512, VaLoss:  0.19146
 MAP NN | TrAcc: 0.9689 | VaAcc: 0.9487 | TeAcc: 0.9639
 S NN | TrAcc: 0.9652 | VaAcc: 0.9517 | TeAcc: 0.9644

141,  0 | TrAcc: 0.9656, TrLoss:  0.12787, VaAcc: 0.9521, VaLoss:  0.18946
 MAP NN | TrAcc: 0.9675 | VaAcc: 0.9507 | TeAcc: 0.9634
 S NN | TrAcc: 0.9659 | VaAcc: 0.9468 | TeAcc: 0.9614

142,  0 | TrAcc: 0.9700, TrLoss:  0.11779, VaAcc: 0.9482, VaLoss:  0.19948
 MAP NN | TrAcc: 0.9718 | VaAcc: 0.9487 | TeAcc: 0.9624
 S NN | TrAcc: 0.9677 | VaAcc: 0.9463 | TeAcc: 0.9614

143,  0 | TrAcc: 0.9675, TrLoss:  0.12343, VaAcc: 0.9443, VaLoss:  0.19661
 MAP NN | TrAcc: 0.9711 | VaAcc: 0.9473 | TeAcc: 0.9624
 S NN | TrAcc: 0.9685 | VaAcc: 0.9473 | TeAcc: 0.9609

144,  0 | TrAcc: 0.9673, TrLoss:  0.12103, VaAcc: 0.9482, VaLoss:  0.19407
 MAP NN | TrAcc: 0.9684 | VaAcc: 0.9487 | TeAcc: 0.9614
 S NN | TrAcc: 0.9650 | VaAcc: 0.9473 | TeAcc: 0.9595

145,  0 | TrAcc: 0.9672, TrLoss:  0.11985, VaAcc: 0.9502, VaLoss:  0.18584
 MAP NN | TrAcc: 0.9695 | VaAcc: 0.9497 | TeAcc: 0.9614
 S NN | TrAcc: 0.9680 | VaAcc: 0.9482 | TeAcc: 0.9639

146,  0 | TrAcc: 0.9689, TrLoss:  0.11795, VaAcc: 0.9507, VaLoss:  0.18989
 MAP NN | TrAcc: 0.9695 | VaAcc: 0.9478 | TeAcc: 0.9619
 S NN | TrAcc: 0.9694 | VaAcc: 0.9478 | TeAcc: 0.9619

147,  0 | TrAcc: 0.9685, TrLoss:  0.11904, VaAcc: 0.9517, VaLoss:  0.18972
 MAP NN | TrAcc: 0.9698 | VaAcc: 0.9521 | TeAcc: 0.9614
 S NN | TrAcc: 0.9685 | VaAcc: 0.9487 | TeAcc: 0.9595

148,  0 | TrAcc: 0.9642, TrLoss:  0.12257, VaAcc: 0.9512, VaLoss:  0.18344
 MAP NN | TrAcc: 0.9684 | VaAcc: 0.9512 | TeAcc: 0.9600
 S NN | TrAcc: 0.9675 | VaAcc: 0.9521 | TeAcc: 0.9604

149,  0 | TrAcc: 0.9683, TrLoss:  0.11756, VaAcc: 0.9531, VaLoss:  0.19049
 MAP NN | TrAcc: 0.9705 | VaAcc: 0.9526 | TeAcc: 0.9609
 S NN | TrAcc: 0.9694 | VaAcc: 0.9507 | TeAcc: 0.9604

150,  0 | TrAcc: 0.9703, TrLoss:  0.11783, VaAcc: 0.9507, VaLoss:  0.18608
 MAP NN | TrAcc: 0.9735 | VaAcc: 0.9502 | TeAcc: 0.9600
 S NN | TrAcc: 0.9700 | VaAcc: 0.9482 | TeAcc: 0.9600

151,  0 | TrAcc: 0.9706, TrLoss:  0.11544, VaAcc: 0.9453, VaLoss:  0.18764
 MAP NN | TrAcc: 0.9714 | VaAcc: 0.9521 | TeAcc: 0.9619
 S NN | TrAcc: 0.9677 | VaAcc: 0.9521 | TeAcc: 0.9644

152,  0 | TrAcc: 0.9705, TrLoss:  0.11641, VaAcc: 0.9517, VaLoss:  0.18896
 MAP NN | TrAcc: 0.9718 | VaAcc: 0.9478 | TeAcc: 0.9653
 S NN | TrAcc: 0.9679 | VaAcc: 0.9507 | TeAcc: 0.9658

153,  0 | TrAcc: 0.9705, TrLoss:  0.11384, VaAcc: 0.9531, VaLoss:  0.18230
 MAP NN | TrAcc: 0.9725 | VaAcc: 0.9541 | TeAcc: 0.9629
 S NN | TrAcc: 0.9709 | VaAcc: 0.9521 | TeAcc: 0.9619

154,  0 | TrAcc: 0.9702, TrLoss:  0.11485, VaAcc: 0.9502, VaLoss:  0.19139
 MAP NN | TrAcc: 0.9722 | VaAcc: 0.9517 | TeAcc: 0.9619
 S NN | TrAcc: 0.9696 | VaAcc: 0.9497 | TeAcc: 0.9619

155,  0 | TrAcc: 0.9697, TrLoss:  0.11530, VaAcc: 0.9478, VaLoss:  0.19223
 MAP NN | TrAcc: 0.9706 | VaAcc: 0.9468 | TeAcc: 0.9624
 S NN | TrAcc: 0.9706 | VaAcc: 0.9521 | TeAcc: 0.9585

156,  0 | TrAcc: 0.9674, TrLoss:  0.11910, VaAcc: 0.9502, VaLoss:  0.18933
 MAP NN | TrAcc: 0.9686 | VaAcc: 0.9517 | TeAcc: 0.9624
 S NN | TrAcc: 0.9658 | VaAcc: 0.9507 | TeAcc: 0.9619

157,  0 | TrAcc: 0.9635, TrLoss:  0.13099, VaAcc: 0.9429, VaLoss:  0.20578
 MAP NN | TrAcc: 0.9659 | VaAcc: 0.9478 | TeAcc: 0.9561
 S NN | TrAcc: 0.9639 | VaAcc: 0.9414 | TeAcc: 0.9570

158,  0 | TrAcc: 0.9684, TrLoss:  0.12169, VaAcc: 0.9497, VaLoss:  0.18952
 MAP NN | TrAcc: 0.9705 | VaAcc: 0.9497 | TeAcc: 0.9619
 S NN | TrAcc: 0.9667 | VaAcc: 0.9497 | TeAcc: 0.9624

159,  0 | TrAcc: 0.9675, TrLoss:  0.12072, VaAcc: 0.9482, VaLoss:  0.18624
 MAP NN | TrAcc: 0.9673 | VaAcc: 0.9487 | TeAcc: 0.9614
 S NN | TrAcc: 0.9645 | VaAcc: 0.9482 | TeAcc: 0.9614

160,  0 | TrAcc: 0.9685, TrLoss:  0.11620, VaAcc: 0.9536, VaLoss:  0.17834
 MAP NN | TrAcc: 0.9712 | VaAcc: 0.9507 | TeAcc: 0.9634
 S NN | TrAcc: 0.9713 | VaAcc: 0.9478 | TeAcc: 0.9624

161,  0 | TrAcc: 0.9681, TrLoss:  0.11413, VaAcc: 0.9541, VaLoss:  0.18124
 MAP NN | TrAcc: 0.9705 | VaAcc: 0.9541 | TeAcc: 0.9600
 S NN | TrAcc: 0.9695 | VaAcc: 0.9521 | TeAcc: 0.9570

162,  0 | TrAcc: 0.9694, TrLoss:  0.11244, VaAcc: 0.9502, VaLoss:  0.19129
 MAP NN | TrAcc: 0.9728 | VaAcc: 0.9517 | TeAcc: 0.9634
 S NN | TrAcc: 0.9685 | VaAcc: 0.9478 | TeAcc: 0.9644

163,  0 | TrAcc: 0.9688, TrLoss:  0.11340, VaAcc: 0.9541, VaLoss:  0.18719
 MAP NN | TrAcc: 0.9709 | VaAcc: 0.9546 | TeAcc: 0.9658
 S NN | TrAcc: 0.9700 | VaAcc: 0.9517 | TeAcc: 0.9644

164,  0 | TrAcc: 0.9692, TrLoss:  0.11528, VaAcc: 0.9487, VaLoss:  0.18488
 MAP NN | TrAcc: 0.9722 | VaAcc: 0.9521 | TeAcc: 0.9624
 S NN | TrAcc: 0.9691 | VaAcc: 0.9507 | TeAcc: 0.9639

165,  0 | TrAcc: 0.9706, TrLoss:  0.11262, VaAcc: 0.9478, VaLoss:  0.19087
 MAP NN | TrAcc: 0.9730 | VaAcc: 0.9507 | TeAcc: 0.9648
 S NN | TrAcc: 0.9720 | VaAcc: 0.9473 | TeAcc: 0.9634

166,  0 | TrAcc: 0.9702, TrLoss:  0.11164, VaAcc: 0.9541, VaLoss:  0.18149
 MAP NN | TrAcc: 0.9719 | VaAcc: 0.9541 | TeAcc: 0.9634
 S NN | TrAcc: 0.9702 | VaAcc: 0.9536 | TeAcc: 0.9604

167,  0 | TrAcc: 0.9724, TrLoss:  0.11252, VaAcc: 0.9526, VaLoss:  0.18617
 MAP NN | TrAcc: 0.9729 | VaAcc: 0.9541 | TeAcc: 0.9624
 S NN | TrAcc: 0.9672 | VaAcc: 0.9512 | TeAcc: 0.9595

168,  0 | TrAcc: 0.9697, TrLoss:  0.11038, VaAcc: 0.9521, VaLoss:  0.18135
 MAP NN | TrAcc: 0.9735 | VaAcc: 0.9497 | TeAcc: 0.9634
 S NN | TrAcc: 0.9713 | VaAcc: 0.9487 | TeAcc: 0.9604

169,  0 | TrAcc: 0.9719, TrLoss:  0.11038, VaAcc: 0.9541, VaLoss:  0.18183
 MAP NN | TrAcc: 0.9734 | VaAcc: 0.9546 | TeAcc: 0.9634
 S NN | TrAcc: 0.9712 | VaAcc: 0.9507 | TeAcc: 0.9634

170,  0 | TrAcc: 0.9686, TrLoss:  0.11430, VaAcc: 0.9502, VaLoss:  0.18738
 MAP NN | TrAcc: 0.9711 | VaAcc: 0.9492 | TeAcc: 0.9634
 S NN | TrAcc: 0.9681 | VaAcc: 0.9512 | TeAcc: 0.9609

171,  0 | TrAcc: 0.9720, TrLoss:  0.11153, VaAcc: 0.9512, VaLoss:  0.19119
 MAP NN | TrAcc: 0.9741 | VaAcc: 0.9531 | TeAcc: 0.9629
 S NN | TrAcc: 0.9718 | VaAcc: 0.9521 | TeAcc: 0.9604

172,  0 | TrAcc: 0.9706, TrLoss:  0.11112, VaAcc: 0.9482, VaLoss:  0.18381
 MAP NN | TrAcc: 0.9725 | VaAcc: 0.9502 | TeAcc: 0.9644
 S NN | TrAcc: 0.9725 | VaAcc: 0.9487 | TeAcc: 0.9644

173,  0 | TrAcc: 0.9729, TrLoss:  0.10753, VaAcc: 0.9546, VaLoss:  0.18492
 MAP NN | TrAcc: 0.9745 | VaAcc: 0.9521 | TeAcc: 0.9658
 S NN | TrAcc: 0.9700 | VaAcc: 0.9521 | TeAcc: 0.9644

174,  0 | TrAcc: 0.9739, TrLoss:  0.10379, VaAcc: 0.9507, VaLoss:  0.18811
 MAP NN | TrAcc: 0.9742 | VaAcc: 0.9512 | TeAcc: 0.9644
 S NN | TrAcc: 0.9725 | VaAcc: 0.9482 | TeAcc: 0.9590

175,  0 | TrAcc: 0.9731, TrLoss:  0.10312, VaAcc: 0.9531, VaLoss:  0.18397
 MAP NN | TrAcc: 0.9753 | VaAcc: 0.9551 | TeAcc: 0.9619
 S NN | TrAcc: 0.9731 | VaAcc: 0.9531 | TeAcc: 0.9653

176,  0 | TrAcc: 0.9677, TrLoss:  0.11916, VaAcc: 0.9448, VaLoss:  0.19432
 MAP NN | TrAcc: 0.9702 | VaAcc: 0.9478 | TeAcc: 0.9609
 S NN | TrAcc: 0.9683 | VaAcc: 0.9492 | TeAcc: 0.9619

177,  0 | TrAcc: 0.9701, TrLoss:  0.11351, VaAcc: 0.9507, VaLoss:  0.19256
 MAP NN | TrAcc: 0.9720 | VaAcc: 0.9502 | TeAcc: 0.9634
 S NN | TrAcc: 0.9722 | VaAcc: 0.9502 | TeAcc: 0.9634

178,  0 | TrAcc: 0.9702, TrLoss:  0.11124, VaAcc: 0.9463, VaLoss:  0.19109
 MAP NN | TrAcc: 0.9708 | VaAcc: 0.9502 | TeAcc: 0.9590
 S NN | TrAcc: 0.9706 | VaAcc: 0.9512 | TeAcc: 0.9590

179,  0 | TrAcc: 0.9740, TrLoss:  0.10791, VaAcc: 0.9521, VaLoss:  0.17864
 MAP NN | TrAcc: 0.9738 | VaAcc: 0.9551 | TeAcc: 0.9619
 S NN | TrAcc: 0.9733 | VaAcc: 0.9526 | TeAcc: 0.9595

180,  0 | TrAcc: 0.9738, TrLoss:  0.10444, VaAcc: 0.9512, VaLoss:  0.18325
 MAP NN | TrAcc: 0.9752 | VaAcc: 0.9556 | TeAcc: 0.9624
 S NN | TrAcc: 0.9722 | VaAcc: 0.9502 | TeAcc: 0.9614

181,  0 | TrAcc: 0.9734, TrLoss:  0.10237, VaAcc: 0.9497, VaLoss:  0.18314
 MAP NN | TrAcc: 0.9761 | VaAcc: 0.9526 | TeAcc: 0.9653
 S NN | TrAcc: 0.9750 | VaAcc: 0.9482 | TeAcc: 0.9629

182,  0 | TrAcc: 0.9716, TrLoss:  0.10581, VaAcc: 0.9502, VaLoss:  0.18989
 MAP NN | TrAcc: 0.9731 | VaAcc: 0.9561 | TeAcc: 0.9629
 S NN | TrAcc: 0.9717 | VaAcc: 0.9521 | TeAcc: 0.9614

183,  0 | TrAcc: 0.9718, TrLoss:  0.10712, VaAcc: 0.9473, VaLoss:  0.18528
 MAP NN | TrAcc: 0.9756 | VaAcc: 0.9541 | TeAcc: 0.9604
 S NN | TrAcc: 0.9708 | VaAcc: 0.9502 | TeAcc: 0.9629

184,  0 | TrAcc: 0.9725, TrLoss:  0.10693, VaAcc: 0.9531, VaLoss:  0.17718
 MAP NN | TrAcc: 0.9740 | VaAcc: 0.9561 | TeAcc: 0.9624
 S NN | TrAcc: 0.9705 | VaAcc: 0.9541 | TeAcc: 0.9619

185,  0 | TrAcc: 0.9751, TrLoss:  0.10345, VaAcc: 0.9487, VaLoss:  0.17790
 MAP NN | TrAcc: 0.9774 | VaAcc: 0.9536 | TeAcc: 0.9634
 S NN | TrAcc: 0.9753 | VaAcc: 0.9512 | TeAcc: 0.9580

186,  0 | TrAcc: 0.9723, TrLoss:  0.10721, VaAcc: 0.9521, VaLoss:  0.18473
 MAP NN | TrAcc: 0.9745 | VaAcc: 0.9546 | TeAcc: 0.9619
 S NN | TrAcc: 0.9719 | VaAcc: 0.9526 | TeAcc: 0.9614

187,  0 | TrAcc: 0.9712, TrLoss:  0.10781, VaAcc: 0.9507, VaLoss:  0.18856
 MAP NN | TrAcc: 0.9727 | VaAcc: 0.9521 | TeAcc: 0.9604
 S NN | TrAcc: 0.9723 | VaAcc: 0.9531 | TeAcc: 0.9600

188,  0 | TrAcc: 0.9711, TrLoss:  0.10795, VaAcc: 0.9468, VaLoss:  0.19640
 MAP NN | TrAcc: 0.9749 | VaAcc: 0.9497 | TeAcc: 0.9639
 S NN | TrAcc: 0.9713 | VaAcc: 0.9482 | TeAcc: 0.9639

189,  0 | TrAcc: 0.9696, TrLoss:  0.11393, VaAcc: 0.9546, VaLoss:  0.18496
 MAP NN | TrAcc: 0.9723 | VaAcc: 0.9487 | TeAcc: 0.9600
 S NN | TrAcc: 0.9709 | VaAcc: 0.9463 | TeAcc: 0.9590

190,  0 | TrAcc: 0.9733, TrLoss:  0.10842, VaAcc: 0.9512, VaLoss:  0.19110
 MAP NN | TrAcc: 0.9745 | VaAcc: 0.9521 | TeAcc: 0.9585
 S NN | TrAcc: 0.9735 | VaAcc: 0.9507 | TeAcc: 0.9590

191,  0 | TrAcc: 0.9725, TrLoss:  0.10747, VaAcc: 0.9478, VaLoss:  0.19180
 MAP NN | TrAcc: 0.9745 | VaAcc: 0.9502 | TeAcc: 0.9644
 S NN | TrAcc: 0.9725 | VaAcc: 0.9497 | TeAcc: 0.9619

192,  0 | TrAcc: 0.9745, TrLoss:  0.10278, VaAcc: 0.9487, VaLoss:  0.18997
 MAP NN | TrAcc: 0.9761 | VaAcc: 0.9507 | TeAcc: 0.9634
 S NN | TrAcc: 0.9750 | VaAcc: 0.9507 | TeAcc: 0.9600

193,  0 | TrAcc: 0.9720, TrLoss:  0.10779, VaAcc: 0.9497, VaLoss:  0.19037
 MAP NN | TrAcc: 0.9751 | VaAcc: 0.9517 | TeAcc: 0.9585
 S NN | TrAcc: 0.9718 | VaAcc: 0.9492 | TeAcc: 0.9600

194,  0 | TrAcc: 0.9735, TrLoss:  0.10286, VaAcc: 0.9507, VaLoss:  0.18535
 MAP NN | TrAcc: 0.9750 | VaAcc: 0.9517 | TeAcc: 0.9609
 S NN | TrAcc: 0.9720 | VaAcc: 0.9517 | TeAcc: 0.9609

195,  0 | TrAcc: 0.9755, TrLoss:  0.10169, VaAcc: 0.9482, VaLoss:  0.18370
 MAP NN | TrAcc: 0.9767 | VaAcc: 0.9541 | TeAcc: 0.9663
 S NN | TrAcc: 0.9742 | VaAcc: 0.9541 | TeAcc: 0.9653

196,  0 | TrAcc: 0.9724, TrLoss:  0.10687, VaAcc: 0.9487, VaLoss:  0.19152
 MAP NN | TrAcc: 0.9733 | VaAcc: 0.9517 | TeAcc: 0.9634
 S NN | TrAcc: 0.9744 | VaAcc: 0.9487 | TeAcc: 0.9600

197,  0 | TrAcc: 0.9716, TrLoss:  0.10847, VaAcc: 0.9478, VaLoss:  0.19359
 MAP NN | TrAcc: 0.9713 | VaAcc: 0.9487 | TeAcc: 0.9629
 S NN | TrAcc: 0.9700 | VaAcc: 0.9448 | TeAcc: 0.9614

198,  0 | TrAcc: 0.9735, TrLoss:  0.10474, VaAcc: 0.9487, VaLoss:  0.19101
 MAP NN | TrAcc: 0.9735 | VaAcc: 0.9507 | TeAcc: 0.9604
 S NN | TrAcc: 0.9735 | VaAcc: 0.9521 | TeAcc: 0.9585

199,  0 | TrAcc: 0.9731, TrLoss:  0.10437, VaAcc: 0.9502, VaLoss:  0.19338
 MAP NN | TrAcc: 0.9745 | VaAcc: 0.9478 | TeAcc: 0.9609
 S NN | TrAcc: 0.9744 | VaAcc: 0.9468 | TeAcc: 0.9600

200,  0 | TrAcc: 0.9735, TrLoss:  0.10326, VaAcc: 0.9536, VaLoss:  0.18582
 MAP NN | TrAcc: 0.9755 | VaAcc: 0.9546 | TeAcc: 0.9619
 S NN | TrAcc: 0.9755 | VaAcc: 0.9521 | TeAcc: 0.9614

201,  0 | TrAcc: 0.9747, TrLoss:  0.10121, VaAcc: 0.9521, VaLoss:  0.18880
 MAP NN | TrAcc: 0.9769 | VaAcc: 0.9507 | TeAcc: 0.9580
 S NN | TrAcc: 0.9755 | VaAcc: 0.9502 | TeAcc: 0.9585

202,  0 | TrAcc: 0.9756, TrLoss:  0.10125, VaAcc: 0.9502, VaLoss:  0.19010
 MAP NN | TrAcc: 0.9778 | VaAcc: 0.9526 | TeAcc: 0.9644
 S NN | TrAcc: 0.9757 | VaAcc: 0.9492 | TeAcc: 0.9639

203,  0 | TrAcc: 0.9739, TrLoss:  0.10341, VaAcc: 0.9521, VaLoss:  0.18775
 MAP NN | TrAcc: 0.9753 | VaAcc: 0.9502 | TeAcc: 0.9614
 S NN | TrAcc: 0.9734 | VaAcc: 0.9521 | TeAcc: 0.9561

204,  0 | TrAcc: 0.9722, TrLoss:  0.10551, VaAcc: 0.9468, VaLoss:  0.19583
 MAP NN | TrAcc: 0.9742 | VaAcc: 0.9463 | TeAcc: 0.9609
 S NN | TrAcc: 0.9735 | VaAcc: 0.9473 | TeAcc: 0.9624

205,  0 | TrAcc: 0.9747, TrLoss:  0.10100, VaAcc: 0.9492, VaLoss:  0.18258
 MAP NN | TrAcc: 0.9771 | VaAcc: 0.9502 | TeAcc: 0.9624
 S NN | TrAcc: 0.9766 | VaAcc: 0.9517 | TeAcc: 0.9629

206,  0 | TrAcc: 0.9738, TrLoss:  0.10191, VaAcc: 0.9512, VaLoss:  0.18355
 MAP NN | TrAcc: 0.9762 | VaAcc: 0.9521 | TeAcc: 0.9634
 S NN | TrAcc: 0.9709 | VaAcc: 0.9482 | TeAcc: 0.9619

207,  0 | TrAcc: 0.9716, TrLoss:  0.11138, VaAcc: 0.9526, VaLoss:  0.19729
 MAP NN | TrAcc: 0.9707 | VaAcc: 0.9526 | TeAcc: 0.9624
 S NN | TrAcc: 0.9679 | VaAcc: 0.9517 | TeAcc: 0.9595

208,  0 | TrAcc: 0.9740, TrLoss:  0.10433, VaAcc: 0.9463, VaLoss:  0.19400
 MAP NN | TrAcc: 0.9742 | VaAcc: 0.9468 | TeAcc: 0.9614
 S NN | TrAcc: 0.9740 | VaAcc: 0.9468 | TeAcc: 0.9634

209,  0 | TrAcc: 0.9741, TrLoss:  0.10199, VaAcc: 0.9482, VaLoss:  0.18901
 MAP NN | TrAcc: 0.9762 | VaAcc: 0.9458 | TeAcc: 0.9653
 S NN | TrAcc: 0.9755 | VaAcc: 0.9458 | TeAcc: 0.9639

210,  0 | TrAcc: 0.9749, TrLoss:  0.10004, VaAcc: 0.9497, VaLoss:  0.18959
 MAP NN | TrAcc: 0.9771 | VaAcc: 0.9512 | TeAcc: 0.9604
 S NN | TrAcc: 0.9774 | VaAcc: 0.9502 | TeAcc: 0.9604

211,  0 | TrAcc: 0.9740, TrLoss:  0.10274, VaAcc: 0.9478, VaLoss:  0.18352
 MAP NN | TrAcc: 0.9769 | VaAcc: 0.9497 | TeAcc: 0.9619
 S NN | TrAcc: 0.9744 | VaAcc: 0.9507 | TeAcc: 0.9619

212,  0 | TrAcc: 0.9744, TrLoss:  0.10094, VaAcc: 0.9512, VaLoss:  0.18412
 MAP NN | TrAcc: 0.9760 | VaAcc: 0.9521 | TeAcc: 0.9604
 S NN | TrAcc: 0.9742 | VaAcc: 0.9512 | TeAcc: 0.9595

213,  0 | TrAcc: 0.9764, TrLoss:  0.09722, VaAcc: 0.9541, VaLoss:  0.18578
 MAP NN | TrAcc: 0.9786 | VaAcc: 0.9570 | TeAcc: 0.9619
 S NN | TrAcc: 0.9762 | VaAcc: 0.9556 | TeAcc: 0.9648

214,  0 | TrAcc: 0.9745, TrLoss:  0.09997, VaAcc: 0.9497, VaLoss:  0.19126
 MAP NN | TrAcc: 0.9764 | VaAcc: 0.9526 | TeAcc: 0.9639
 S NN | TrAcc: 0.9760 | VaAcc: 0.9517 | TeAcc: 0.9648

215,  0 | TrAcc: 0.9767, TrLoss:  0.09738, VaAcc: 0.9536, VaLoss:  0.18347
 MAP NN | TrAcc: 0.9785 | VaAcc: 0.9536 | TeAcc: 0.9614
 S NN | TrAcc: 0.9777 | VaAcc: 0.9521 | TeAcc: 0.9595

216,  0 | TrAcc: 0.9768, TrLoss:  0.09719, VaAcc: 0.9526, VaLoss:  0.18495
 MAP NN | TrAcc: 0.9780 | VaAcc: 0.9497 | TeAcc: 0.9629
 S NN | TrAcc: 0.9774 | VaAcc: 0.9502 | TeAcc: 0.9639

217,  0 | TrAcc: 0.9742, TrLoss:  0.10266, VaAcc: 0.9448, VaLoss:  0.19107
 MAP NN | TrAcc: 0.9758 | VaAcc: 0.9502 | TeAcc: 0.9590
 S NN | TrAcc: 0.9753 | VaAcc: 0.9502 | TeAcc: 0.9624

218,  0 | TrAcc: 0.9751, TrLoss:  0.09933, VaAcc: 0.9541, VaLoss:  0.18793
 MAP NN | TrAcc: 0.9760 | VaAcc: 0.9517 | TeAcc: 0.9644
 S NN | TrAcc: 0.9762 | VaAcc: 0.9531 | TeAcc: 0.9629

219,  0 | TrAcc: 0.9742, TrLoss:  0.10245, VaAcc: 0.9507, VaLoss:  0.19100
 MAP NN | TrAcc: 0.9758 | VaAcc: 0.9536 | TeAcc: 0.9609
 S NN | TrAcc: 0.9738 | VaAcc: 0.9517 | TeAcc: 0.9590

220,  0 | TrAcc: 0.9745, TrLoss:  0.10207, VaAcc: 0.9531, VaLoss:  0.18227
 MAP NN | TrAcc: 0.9738 | VaAcc: 0.9526 | TeAcc: 0.9609
 S NN | TrAcc: 0.9729 | VaAcc: 0.9507 | TeAcc: 0.9609

221,  0 | TrAcc: 0.9713, TrLoss:  0.10863, VaAcc: 0.9507, VaLoss:  0.19399
 MAP NN | TrAcc: 0.9724 | VaAcc: 0.9512 | TeAcc: 0.9600
 S NN | TrAcc: 0.9702 | VaAcc: 0.9507 | TeAcc: 0.9604

222,  0 | TrAcc: 0.9729, TrLoss:  0.10348, VaAcc: 0.9478, VaLoss:  0.18990
 MAP NN | TrAcc: 0.9745 | VaAcc: 0.9482 | TeAcc: 0.9648
 S NN | TrAcc: 0.9711 | VaAcc: 0.9468 | TeAcc: 0.9639

223,  0 | TrAcc: 0.9738, TrLoss:  0.10146, VaAcc: 0.9541, VaLoss:  0.19050
 MAP NN | TrAcc: 0.9738 | VaAcc: 0.9531 | TeAcc: 0.9629
 S NN | TrAcc: 0.9739 | VaAcc: 0.9541 | TeAcc: 0.9639

224,  0 | TrAcc: 0.9749, TrLoss:  0.10057, VaAcc: 0.9482, VaLoss:  0.19161
 MAP NN | TrAcc: 0.9757 | VaAcc: 0.9512 | TeAcc: 0.9629
 S NN | TrAcc: 0.9758 | VaAcc: 0.9517 | TeAcc: 0.9639

225,  0 | TrAcc: 0.9746, TrLoss:  0.09783, VaAcc: 0.9502, VaLoss:  0.18616
 MAP NN | TrAcc: 0.9766 | VaAcc: 0.9517 | TeAcc: 0.9653
 S NN | TrAcc: 0.9751 | VaAcc: 0.9536 | TeAcc: 0.9634

226,  0 | TrAcc: 0.9756, TrLoss:  0.09766, VaAcc: 0.9521, VaLoss:  0.18992
 MAP NN | TrAcc: 0.9786 | VaAcc: 0.9502 | TeAcc: 0.9639
 S NN | TrAcc: 0.9789 | VaAcc: 0.9507 | TeAcc: 0.9634

227,  0 | TrAcc: 0.9752, TrLoss:  0.09791, VaAcc: 0.9502, VaLoss:  0.18883
 MAP NN | TrAcc: 0.9769 | VaAcc: 0.9517 | TeAcc: 0.9629
 S NN | TrAcc: 0.9749 | VaAcc: 0.9526 | TeAcc: 0.9629

228,  0 | TrAcc: 0.9733, TrLoss:  0.10604, VaAcc: 0.9502, VaLoss:  0.18823
 MAP NN | TrAcc: 0.9746 | VaAcc: 0.9502 | TeAcc: 0.9590
 S NN | TrAcc: 0.9746 | VaAcc: 0.9458 | TeAcc: 0.9585

229,  0 | TrAcc: 0.9713, TrLoss:  0.10517, VaAcc: 0.9463, VaLoss:  0.19476
 MAP NN | TrAcc: 0.9742 | VaAcc: 0.9468 | TeAcc: 0.9639
 S NN | TrAcc: 0.9727 | VaAcc: 0.9463 | TeAcc: 0.9619

230,  0 | TrAcc: 0.9762, TrLoss:  0.09815, VaAcc: 0.9546, VaLoss:  0.18235
 MAP NN | TrAcc: 0.9773 | VaAcc: 0.9561 | TeAcc: 0.9634
 S NN | TrAcc: 0.9755 | VaAcc: 0.9526 | TeAcc: 0.9629

231,  0 | TrAcc: 0.9707, TrLoss:  0.10666, VaAcc: 0.9473, VaLoss:  0.19294
 MAP NN | TrAcc: 0.9718 | VaAcc: 0.9487 | TeAcc: 0.9609
 S NN | TrAcc: 0.9720 | VaAcc: 0.9492 | TeAcc: 0.9619

232,  0 | TrAcc: 0.9658, TrLoss:  0.11847, VaAcc: 0.9443, VaLoss:  0.20870
 MAP NN | TrAcc: 0.9666 | VaAcc: 0.9463 | TeAcc: 0.9600
 S NN | TrAcc: 0.9650 | VaAcc: 0.9468 | TeAcc: 0.9580

233,  0 | TrAcc: 0.9738, TrLoss:  0.10311, VaAcc: 0.9487, VaLoss:  0.18995
 MAP NN | TrAcc: 0.9731 | VaAcc: 0.9517 | TeAcc: 0.9614
 S NN | TrAcc: 0.9709 | VaAcc: 0.9536 | TeAcc: 0.9614

234,  0 | TrAcc: 0.9753, TrLoss:  0.10002, VaAcc: 0.9502, VaLoss:  0.18372
 MAP NN | TrAcc: 0.9763 | VaAcc: 0.9526 | TeAcc: 0.9673
 S NN | TrAcc: 0.9758 | VaAcc: 0.9512 | TeAcc: 0.9663

235,  0 | TrAcc: 0.9764, TrLoss:  0.09747, VaAcc: 0.9507, VaLoss:  0.18899
 MAP NN | TrAcc: 0.9778 | VaAcc: 0.9521 | TeAcc: 0.9619
 S NN | TrAcc: 0.9764 | VaAcc: 0.9492 | TeAcc: 0.9619

236,  0 | TrAcc: 0.9757, TrLoss:  0.09471, VaAcc: 0.9521, VaLoss:  0.18376
 MAP NN | TrAcc: 0.9779 | VaAcc: 0.9502 | TeAcc: 0.9629
 S NN | TrAcc: 0.9768 | VaAcc: 0.9507 | TeAcc: 0.9614

237,  0 | TrAcc: 0.9761, TrLoss:  0.09646, VaAcc: 0.9468, VaLoss:  0.18336
 MAP NN | TrAcc: 0.9795 | VaAcc: 0.9521 | TeAcc: 0.9639
 S NN | TrAcc: 0.9775 | VaAcc: 0.9502 | TeAcc: 0.9624

238,  0 | TrAcc: 0.9707, TrLoss:  0.10733, VaAcc: 0.9492, VaLoss:  0.19393
 MAP NN | TrAcc: 0.9728 | VaAcc: 0.9502 | TeAcc: 0.9634
 S NN | TrAcc: 0.9691 | VaAcc: 0.9521 | TeAcc: 0.9639

239,  0 | TrAcc: 0.9707, TrLoss:  0.10987, VaAcc: 0.9507, VaLoss:  0.19444
 MAP NN | TrAcc: 0.9728 | VaAcc: 0.9492 | TeAcc: 0.9614
 S NN | TrAcc: 0.9714 | VaAcc: 0.9497 | TeAcc: 0.9604

240,  0 | TrAcc: 0.9738, TrLoss:  0.10359, VaAcc: 0.9526, VaLoss:  0.19313
 MAP NN | TrAcc: 0.9756 | VaAcc: 0.9541 | TeAcc: 0.9639
 S NN | TrAcc: 0.9735 | VaAcc: 0.9526 | TeAcc: 0.9614

241,  0 | TrAcc: 0.9750, TrLoss:  0.09888, VaAcc: 0.9502, VaLoss:  0.19240
 MAP NN | TrAcc: 0.9763 | VaAcc: 0.9502 | TeAcc: 0.9648
 S NN | TrAcc: 0.9749 | VaAcc: 0.9492 | TeAcc: 0.9629

242,  0 | TrAcc: 0.9747, TrLoss:  0.10017, VaAcc: 0.9536, VaLoss:  0.18024
 MAP NN | TrAcc: 0.9771 | VaAcc: 0.9561 | TeAcc: 0.9639
 S NN | TrAcc: 0.9769 | VaAcc: 0.9536 | TeAcc: 0.9639

243,  0 | TrAcc: 0.9740, TrLoss:  0.09679, VaAcc: 0.9507, VaLoss:  0.18612
 MAP NN | TrAcc: 0.9775 | VaAcc: 0.9517 | TeAcc: 0.9614
 S NN | TrAcc: 0.9766 | VaAcc: 0.9517 | TeAcc: 0.9600

244,  0 | TrAcc: 0.9760, TrLoss:  0.09661, VaAcc: 0.9482, VaLoss:  0.18530
 MAP NN | TrAcc: 0.9779 | VaAcc: 0.9487 | TeAcc: 0.9644
 S NN | TrAcc: 0.9760 | VaAcc: 0.9473 | TeAcc: 0.9619

245,  0 | TrAcc: 0.9742, TrLoss:  0.09832, VaAcc: 0.9502, VaLoss:  0.18914
 MAP NN | TrAcc: 0.9762 | VaAcc: 0.9517 | TeAcc: 0.9595
 S NN | TrAcc: 0.9764 | VaAcc: 0.9502 | TeAcc: 0.9590

246,  0 | TrAcc: 0.9722, TrLoss:  0.10780, VaAcc: 0.9512, VaLoss:  0.18997
 MAP NN | TrAcc: 0.9746 | VaAcc: 0.9492 | TeAcc: 0.9619
 S NN | TrAcc: 0.9720 | VaAcc: 0.9521 | TeAcc: 0.9639

247,  0 | TrAcc: 0.9723, TrLoss:  0.10162, VaAcc: 0.9473, VaLoss:  0.18891
 MAP NN | TrAcc: 0.9736 | VaAcc: 0.9512 | TeAcc: 0.9595
 S NN | TrAcc: 0.9722 | VaAcc: 0.9478 | TeAcc: 0.9590

248,  0 | TrAcc: 0.9767, TrLoss:  0.09610, VaAcc: 0.9531, VaLoss:  0.18706
 MAP NN | TrAcc: 0.9786 | VaAcc: 0.9526 | TeAcc: 0.9639
 S NN | TrAcc: 0.9772 | VaAcc: 0.9497 | TeAcc: 0.9600

249,  0 | TrAcc: 0.9791, TrLoss:  0.09163, VaAcc: 0.9526, VaLoss:  0.18404
 MAP NN | TrAcc: 0.9792 | VaAcc: 0.9497 | TeAcc: 0.9604
 S NN | TrAcc: 0.9780 | VaAcc: 0.9531 | TeAcc: 0.9600

250,  0 | TrAcc: 0.9736, TrLoss:  0.09830, VaAcc: 0.9443, VaLoss:  0.19401
 MAP NN | TrAcc: 0.9751 | VaAcc: 0.9473 | TeAcc: 0.9629
 S NN | TrAcc: 0.9739 | VaAcc: 0.9478 | TeAcc: 0.9614

251,  0 | TrAcc: 0.9766, TrLoss:  0.09474, VaAcc: 0.9541, VaLoss:  0.18364
 MAP NN | TrAcc: 0.9788 | VaAcc: 0.9551 | TeAcc: 0.9624
 S NN | TrAcc: 0.9777 | VaAcc: 0.9565 | TeAcc: 0.9609

252,  0 | TrAcc: 0.9760, TrLoss:  0.09173, VaAcc: 0.9482, VaLoss:  0.18710
 MAP NN | TrAcc: 0.9767 | VaAcc: 0.9502 | TeAcc: 0.9668
 S NN | TrAcc: 0.9764 | VaAcc: 0.9487 | TeAcc: 0.9644

253,  0 | TrAcc: 0.9774, TrLoss:  0.09416, VaAcc: 0.9502, VaLoss:  0.18480
 MAP NN | TrAcc: 0.9774 | VaAcc: 0.9512 | TeAcc: 0.9604
 S NN | TrAcc: 0.9768 | VaAcc: 0.9478 | TeAcc: 0.9604

254,  0 | TrAcc: 0.9762, TrLoss:  0.09489, VaAcc: 0.9502, VaLoss:  0.18282
 MAP NN | TrAcc: 0.9775 | VaAcc: 0.9507 | TeAcc: 0.9604
 S NN | TrAcc: 0.9757 | VaAcc: 0.9502 | TeAcc: 0.9590

255,  0 | TrAcc: 0.9722, TrLoss:  0.10161, VaAcc: 0.9512, VaLoss:  0.18552
 MAP NN | TrAcc: 0.9745 | VaAcc: 0.9531 | TeAcc: 0.9609
 S NN | TrAcc: 0.9722 | VaAcc: 0.9556 | TeAcc: 0.9600

256,  0 | TrAcc: 0.9750, TrLoss:  0.09695, VaAcc: 0.9502, VaLoss:  0.19332
 MAP NN | TrAcc: 0.9772 | VaAcc: 0.9463 | TeAcc: 0.9629
 S NN | TrAcc: 0.9767 | VaAcc: 0.9463 | TeAcc: 0.9604

257,  0 | TrAcc: 0.9747, TrLoss:  0.09741, VaAcc: 0.9482, VaLoss:  0.18880
 MAP NN | TrAcc: 0.9756 | VaAcc: 0.9521 | TeAcc: 0.9624
 S NN | TrAcc: 0.9758 | VaAcc: 0.9546 | TeAcc: 0.9619

258,  0 | TrAcc: 0.9719, TrLoss:  0.10249, VaAcc: 0.9497, VaLoss:  0.19475
 MAP NN | TrAcc: 0.9736 | VaAcc: 0.9497 | TeAcc: 0.9634
 S NN | TrAcc: 0.9723 | VaAcc: 0.9492 | TeAcc: 0.9624

259,  0 | TrAcc: 0.9656, TrLoss:  0.12364, VaAcc: 0.9429, VaLoss:  0.21067
 MAP NN | TrAcc: 0.9681 | VaAcc: 0.9438 | TeAcc: 0.9595
 S NN | TrAcc: 0.9661 | VaAcc: 0.9438 | TeAcc: 0.9595

260,  0 | TrAcc: 0.9675, TrLoss:  0.11558, VaAcc: 0.9512, VaLoss:  0.19358
 MAP NN | TrAcc: 0.9691 | VaAcc: 0.9507 | TeAcc: 0.9614
 S NN | TrAcc: 0.9700 | VaAcc: 0.9517 | TeAcc: 0.9604

261,  0 | TrAcc: 0.9705, TrLoss:  0.11020, VaAcc: 0.9463, VaLoss:  0.19473
 MAP NN | TrAcc: 0.9729 | VaAcc: 0.9507 | TeAcc: 0.9634
 S NN | TrAcc: 0.9720 | VaAcc: 0.9482 | TeAcc: 0.9629

262,  0 | TrAcc: 0.9762, TrLoss:  0.09522, VaAcc: 0.9531, VaLoss:  0.18040
 MAP NN | TrAcc: 0.9774 | VaAcc: 0.9556 | TeAcc: 0.9614
 S NN | TrAcc: 0.9769 | VaAcc: 0.9551 | TeAcc: 0.9614

263,  0 | TrAcc: 0.9775, TrLoss:  0.09469, VaAcc: 0.9531, VaLoss:  0.18067
 MAP NN | TrAcc: 0.9774 | VaAcc: 0.9531 | TeAcc: 0.9614
 S NN | TrAcc: 0.9780 | VaAcc: 0.9507 | TeAcc: 0.9629

264,  0 | TrAcc: 0.9762, TrLoss:  0.09337, VaAcc: 0.9546, VaLoss:  0.18579
 MAP NN | TrAcc: 0.9774 | VaAcc: 0.9536 | TeAcc: 0.9663
 S NN | TrAcc: 0.9758 | VaAcc: 0.9561 | TeAcc: 0.9634

265,  0 | TrAcc: 0.9767, TrLoss:  0.09300, VaAcc: 0.9531, VaLoss:  0.18389
 MAP NN | TrAcc: 0.9789 | VaAcc: 0.9546 | TeAcc: 0.9644
 S NN | TrAcc: 0.9783 | VaAcc: 0.9536 | TeAcc: 0.9614

266,  0 | TrAcc: 0.9783, TrLoss:  0.09115, VaAcc: 0.9512, VaLoss:  0.18460
 MAP NN | TrAcc: 0.9791 | VaAcc: 0.9482 | TeAcc: 0.9639
 S NN | TrAcc: 0.9768 | VaAcc: 0.9487 | TeAcc: 0.9624

267,  0 | TrAcc: 0.9747, TrLoss:  0.09619, VaAcc: 0.9517, VaLoss:  0.18685
 MAP NN | TrAcc: 0.9767 | VaAcc: 0.9492 | TeAcc: 0.9614
 S NN | TrAcc: 0.9752 | VaAcc: 0.9507 | TeAcc: 0.9619

268,  0 | TrAcc: 0.9722, TrLoss:  0.09780, VaAcc: 0.9453, VaLoss:  0.19798
 MAP NN | TrAcc: 0.9749 | VaAcc: 0.9478 | TeAcc: 0.9658
 S NN | TrAcc: 0.9751 | VaAcc: 0.9458 | TeAcc: 0.9658

269,  0 | TrAcc: 0.9785, TrLoss:  0.09095, VaAcc: 0.9546, VaLoss:  0.18397
 MAP NN | TrAcc: 0.9802 | VaAcc: 0.9541 | TeAcc: 0.9653
 S NN | TrAcc: 0.9781 | VaAcc: 0.9531 | TeAcc: 0.9644

270,  0 | TrAcc: 0.9789, TrLoss:  0.08685, VaAcc: 0.9526, VaLoss:  0.18072
 MAP NN | TrAcc: 0.9806 | VaAcc: 0.9517 | TeAcc: 0.9624
 S NN | TrAcc: 0.9807 | VaAcc: 0.9502 | TeAcc: 0.9614

271,  0 | TrAcc: 0.9751, TrLoss:  0.09486, VaAcc: 0.9507, VaLoss:  0.18962
 MAP NN | TrAcc: 0.9775 | VaAcc: 0.9517 | TeAcc: 0.9624
 S NN | TrAcc: 0.9755 | VaAcc: 0.9512 | TeAcc: 0.9619

272,  0 | TrAcc: 0.9763, TrLoss:  0.09335, VaAcc: 0.9507, VaLoss:  0.18806
 MAP NN | TrAcc: 0.9773 | VaAcc: 0.9468 | TeAcc: 0.9648
 S NN | TrAcc: 0.9763 | VaAcc: 0.9468 | TeAcc: 0.9644

273,  0 | TrAcc: 0.9772, TrLoss:  0.09214, VaAcc: 0.9507, VaLoss:  0.19157
 MAP NN | TrAcc: 0.9786 | VaAcc: 0.9536 | TeAcc: 0.9629
 S NN | TrAcc: 0.9785 | VaAcc: 0.9492 | TeAcc: 0.9634

274,  0 | TrAcc: 0.9758, TrLoss:  0.09351, VaAcc: 0.9526, VaLoss:  0.18619
 MAP NN | TrAcc: 0.9780 | VaAcc: 0.9521 | TeAcc: 0.9644
 S NN | TrAcc: 0.9771 | VaAcc: 0.9497 | TeAcc: 0.9658

275,  0 | TrAcc: 0.9774, TrLoss:  0.09192, VaAcc: 0.9502, VaLoss:  0.18526
 MAP NN | TrAcc: 0.9778 | VaAcc: 0.9517 | TeAcc: 0.9639
 S NN | TrAcc: 0.9778 | VaAcc: 0.9473 | TeAcc: 0.9639

276,  0 | TrAcc: 0.9772, TrLoss:  0.09252, VaAcc: 0.9492, VaLoss:  0.19307
 MAP NN | TrAcc: 0.9781 | VaAcc: 0.9507 | TeAcc: 0.9648
 S NN | TrAcc: 0.9778 | VaAcc: 0.9497 | TeAcc: 0.9648

277,  0 | TrAcc: 0.9766, TrLoss:  0.09267, VaAcc: 0.9492, VaLoss:  0.18794
 MAP NN | TrAcc: 0.9778 | VaAcc: 0.9502 | TeAcc: 0.9624
 S NN | TrAcc: 0.9783 | VaAcc: 0.9507 | TeAcc: 0.9629

278,  0 | TrAcc: 0.9797, TrLoss:  0.08700, VaAcc: 0.9507, VaLoss:  0.19131
 MAP NN | TrAcc: 0.9808 | VaAcc: 0.9521 | TeAcc: 0.9653
 S NN | TrAcc: 0.9799 | VaAcc: 0.9512 | TeAcc: 0.9668

279,  0 | TrAcc: 0.9783, TrLoss:  0.09145, VaAcc: 0.9453, VaLoss:  0.19522
 MAP NN | TrAcc: 0.9792 | VaAcc: 0.9463 | TeAcc: 0.9663
 S NN | TrAcc: 0.9789 | VaAcc: 0.9487 | TeAcc: 0.9673

280,  0 | TrAcc: 0.9771, TrLoss:  0.09099, VaAcc: 0.9536, VaLoss:  0.17917
 MAP NN | TrAcc: 0.9781 | VaAcc: 0.9521 | TeAcc: 0.9644
 S NN | TrAcc: 0.9764 | VaAcc: 0.9521 | TeAcc: 0.9609

281,  0 | TrAcc: 0.9783, TrLoss:  0.09160, VaAcc: 0.9492, VaLoss:  0.19202
 MAP NN | TrAcc: 0.9795 | VaAcc: 0.9468 | TeAcc: 0.9624
 S NN | TrAcc: 0.9769 | VaAcc: 0.9478 | TeAcc: 0.9624

282,  0 | TrAcc: 0.9783, TrLoss:  0.09184, VaAcc: 0.9492, VaLoss:  0.18494
 MAP NN | TrAcc: 0.9797 | VaAcc: 0.9541 | TeAcc: 0.9644
 S NN | TrAcc: 0.9797 | VaAcc: 0.9521 | TeAcc: 0.9639

283,  0 | TrAcc: 0.9786, TrLoss:  0.08862, VaAcc: 0.9492, VaLoss:  0.19141
 MAP NN | TrAcc: 0.9803 | VaAcc: 0.9492 | TeAcc: 0.9658
 S NN | TrAcc: 0.9790 | VaAcc: 0.9507 | TeAcc: 0.9663

284,  0 | TrAcc: 0.9752, TrLoss:  0.09242, VaAcc: 0.9502, VaLoss:  0.18703
 MAP NN | TrAcc: 0.9767 | VaAcc: 0.9531 | TeAcc: 0.9648
 S NN | TrAcc: 0.9758 | VaAcc: 0.9507 | TeAcc: 0.9624

285,  0 | TrAcc: 0.9667, TrLoss:  0.11800, VaAcc: 0.9438, VaLoss:  0.21049
 MAP NN | TrAcc: 0.9670 | VaAcc: 0.9448 | TeAcc: 0.9639
 S NN | TrAcc: 0.9659 | VaAcc: 0.9463 | TeAcc: 0.9644

286,  0 | TrAcc: 0.9774, TrLoss:  0.09483, VaAcc: 0.9575, VaLoss:  0.17669
 MAP NN | TrAcc: 0.9780 | VaAcc: 0.9531 | TeAcc: 0.9658
 S NN | TrAcc: 0.9773 | VaAcc: 0.9536 | TeAcc: 0.9653

287,  0 | TrAcc: 0.9772, TrLoss:  0.09318, VaAcc: 0.9473, VaLoss:  0.19048
 MAP NN | TrAcc: 0.9778 | VaAcc: 0.9492 | TeAcc: 0.9629
 S NN | TrAcc: 0.9781 | VaAcc: 0.9473 | TeAcc: 0.9619

288,  0 | TrAcc: 0.9773, TrLoss:  0.08929, VaAcc: 0.9521, VaLoss:  0.18210
 MAP NN | TrAcc: 0.9781 | VaAcc: 0.9482 | TeAcc: 0.9653
 S NN | TrAcc: 0.9775 | VaAcc: 0.9468 | TeAcc: 0.9634

289,  0 | TrAcc: 0.9791, TrLoss:  0.09040, VaAcc: 0.9507, VaLoss:  0.17973
 MAP NN | TrAcc: 0.9797 | VaAcc: 0.9536 | TeAcc: 0.9658
 S NN | TrAcc: 0.9799 | VaAcc: 0.9492 | TeAcc: 0.9683

290,  0 | TrAcc: 0.9777, TrLoss:  0.09052, VaAcc: 0.9478, VaLoss:  0.18675
 MAP NN | TrAcc: 0.9797 | VaAcc: 0.9497 | TeAcc: 0.9629
 S NN | TrAcc: 0.9773 | VaAcc: 0.9482 | TeAcc: 0.9648

291,  0 | TrAcc: 0.9767, TrLoss:  0.09058, VaAcc: 0.9541, VaLoss:  0.18215
 MAP NN | TrAcc: 0.9777 | VaAcc: 0.9517 | TeAcc: 0.9624
 S NN | TrAcc: 0.9779 | VaAcc: 0.9517 | TeAcc: 0.9614

292,  0 | TrAcc: 0.9779, TrLoss:  0.08918, VaAcc: 0.9482, VaLoss:  0.18977
 MAP NN | TrAcc: 0.9795 | VaAcc: 0.9521 | TeAcc: 0.9653
 S NN | TrAcc: 0.9773 | VaAcc: 0.9507 | TeAcc: 0.9658

293,  0 | TrAcc: 0.9807, TrLoss:  0.08518, VaAcc: 0.9512, VaLoss:  0.18015
 MAP NN | TrAcc: 0.9812 | VaAcc: 0.9517 | TeAcc: 0.9678
 S NN | TrAcc: 0.9800 | VaAcc: 0.9521 | TeAcc: 0.9668

294,  0 | TrAcc: 0.9791, TrLoss:  0.08685, VaAcc: 0.9502, VaLoss:  0.18118
 MAP NN | TrAcc: 0.9817 | VaAcc: 0.9512 | TeAcc: 0.9648
 S NN | TrAcc: 0.9808 | VaAcc: 0.9541 | TeAcc: 0.9634

295,  0 | TrAcc: 0.9796, TrLoss:  0.08393, VaAcc: 0.9531, VaLoss:  0.18142
 MAP NN | TrAcc: 0.9819 | VaAcc: 0.9492 | TeAcc: 0.9663
 S NN | TrAcc: 0.9811 | VaAcc: 0.9521 | TeAcc: 0.9658

296,  0 | TrAcc: 0.9736, TrLoss:  0.09760, VaAcc: 0.9492, VaLoss:  0.19402
 MAP NN | TrAcc: 0.9755 | VaAcc: 0.9497 | TeAcc: 0.9624
 S NN | TrAcc: 0.9736 | VaAcc: 0.9492 | TeAcc: 0.9614

297,  0 | TrAcc: 0.9746, TrLoss:  0.09752, VaAcc: 0.9507, VaLoss:  0.18712
 MAP NN | TrAcc: 0.9739 | VaAcc: 0.9497 | TeAcc: 0.9634
 S NN | TrAcc: 0.9734 | VaAcc: 0.9482 | TeAcc: 0.9648

298,  0 | TrAcc: 0.9749, TrLoss:  0.09575, VaAcc: 0.9521, VaLoss:  0.19168
 MAP NN | TrAcc: 0.9760 | VaAcc: 0.9536 | TeAcc: 0.9639
 S NN | TrAcc: 0.9761 | VaAcc: 0.9541 | TeAcc: 0.9634

299,  0 | TrAcc: 0.9761, TrLoss:  0.09325, VaAcc: 0.9526, VaLoss:  0.18430
 MAP NN | TrAcc: 0.9766 | VaAcc: 0.9521 | TeAcc: 0.9634
 S NN | TrAcc: 0.9772 | VaAcc: 0.9526 | TeAcc: 0.9634

300,  0 | TrAcc: 0.9752, TrLoss:  0.09454, VaAcc: 0.9487, VaLoss:  0.19446
 MAP NN | TrAcc: 0.9752 | VaAcc: 0.9473 | TeAcc: 0.9644
 S NN | TrAcc: 0.9744 | VaAcc: 0.9468 | TeAcc: 0.9648

301,  0 | TrAcc: 0.9764, TrLoss:  0.09228, VaAcc: 0.9487, VaLoss:  0.18745
 MAP NN | TrAcc: 0.9773 | VaAcc: 0.9512 | TeAcc: 0.9634
 S NN | TrAcc: 0.9755 | VaAcc: 0.9497 | TeAcc: 0.9653

302,  0 | TrAcc: 0.9797, TrLoss:  0.08654, VaAcc: 0.9521, VaLoss:  0.18037
 MAP NN | TrAcc: 0.9803 | VaAcc: 0.9531 | TeAcc: 0.9653
 S NN | TrAcc: 0.9796 | VaAcc: 0.9536 | TeAcc: 0.9634

303,  0 | TrAcc: 0.9785, TrLoss:  0.08677, VaAcc: 0.9512, VaLoss:  0.18484
 MAP NN | TrAcc: 0.9800 | VaAcc: 0.9517 | TeAcc: 0.9619
 S NN | TrAcc: 0.9785 | VaAcc: 0.9507 | TeAcc: 0.9604

304,  0 | TrAcc: 0.9777, TrLoss:  0.08956, VaAcc: 0.9531, VaLoss:  0.18454
 MAP NN | TrAcc: 0.9795 | VaAcc: 0.9561 | TeAcc: 0.9658
 S NN | TrAcc: 0.9783 | VaAcc: 0.9541 | TeAcc: 0.9639

305,  0 | TrAcc: 0.9778, TrLoss:  0.08817, VaAcc: 0.9487, VaLoss:  0.18741
 MAP NN | TrAcc: 0.9806 | VaAcc: 0.9492 | TeAcc: 0.9644
 S NN | TrAcc: 0.9802 | VaAcc: 0.9512 | TeAcc: 0.9663

306,  0 | TrAcc: 0.9795, TrLoss:  0.08520, VaAcc: 0.9512, VaLoss:  0.17608
 MAP NN | TrAcc: 0.9805 | VaAcc: 0.9512 | TeAcc: 0.9658
 S NN | TrAcc: 0.9790 | VaAcc: 0.9521 | TeAcc: 0.9663

307,  0 | TrAcc: 0.9785, TrLoss:  0.08974, VaAcc: 0.9507, VaLoss:  0.18104
 MAP NN | TrAcc: 0.9794 | VaAcc: 0.9531 | TeAcc: 0.9609
 S NN | TrAcc: 0.9775 | VaAcc: 0.9512 | TeAcc: 0.9609

308,  0 | TrAcc: 0.9802, TrLoss:  0.08541, VaAcc: 0.9531, VaLoss:  0.17631
 MAP NN | TrAcc: 0.9800 | VaAcc: 0.9541 | TeAcc: 0.9639
 S NN | TrAcc: 0.9799 | VaAcc: 0.9536 | TeAcc: 0.9639

309,  0 | TrAcc: 0.9823, TrLoss:  0.08312, VaAcc: 0.9521, VaLoss:  0.17890
 MAP NN | TrAcc: 0.9819 | VaAcc: 0.9531 | TeAcc: 0.9644
 S NN | TrAcc: 0.9819 | VaAcc: 0.9512 | TeAcc: 0.9648

310,  0 | TrAcc: 0.9773, TrLoss:  0.09084, VaAcc: 0.9497, VaLoss:  0.18865
 MAP NN | TrAcc: 0.9778 | VaAcc: 0.9502 | TeAcc: 0.9648
 S NN | TrAcc: 0.9783 | VaAcc: 0.9497 | TeAcc: 0.9639

311,  0 | TrAcc: 0.9779, TrLoss:  0.08876, VaAcc: 0.9536, VaLoss:  0.17809
 MAP NN | TrAcc: 0.9778 | VaAcc: 0.9561 | TeAcc: 0.9658
 S NN | TrAcc: 0.9768 | VaAcc: 0.9565 | TeAcc: 0.9653

312,  0 | TrAcc: 0.9741, TrLoss:  0.09711, VaAcc: 0.9473, VaLoss:  0.19918
 MAP NN | TrAcc: 0.9747 | VaAcc: 0.9482 | TeAcc: 0.9624
 S NN | TrAcc: 0.9735 | VaAcc: 0.9473 | TeAcc: 0.9619

313,  0 | TrAcc: 0.9794, TrLoss:  0.09064, VaAcc: 0.9526, VaLoss:  0.18270
 MAP NN | TrAcc: 0.9801 | VaAcc: 0.9517 | TeAcc: 0.9629
 S NN | TrAcc: 0.9800 | VaAcc: 0.9507 | TeAcc: 0.9639

314,  0 | TrAcc: 0.9702, TrLoss:  0.10744, VaAcc: 0.9443, VaLoss:  0.20590
 MAP NN | TrAcc: 0.9712 | VaAcc: 0.9458 | TeAcc: 0.9546
 S NN | TrAcc: 0.9696 | VaAcc: 0.9458 | TeAcc: 0.9521

315,  0 | TrAcc: 0.9702, TrLoss:  0.11283, VaAcc: 0.9404, VaLoss:  0.21176
 MAP NN | TrAcc: 0.9716 | VaAcc: 0.9434 | TeAcc: 0.9565
 S NN | TrAcc: 0.9723 | VaAcc: 0.9443 | TeAcc: 0.9556

316,  0 | TrAcc: 0.9769, TrLoss:  0.09480, VaAcc: 0.9502, VaLoss:  0.18426
 MAP NN | TrAcc: 0.9780 | VaAcc: 0.9482 | TeAcc: 0.9634
 S NN | TrAcc: 0.9774 | VaAcc: 0.9478 | TeAcc: 0.9644

317,  0 | TrAcc: 0.9763, TrLoss:  0.09357, VaAcc: 0.9492, VaLoss:  0.18798
 MAP NN | TrAcc: 0.9777 | VaAcc: 0.9473 | TeAcc: 0.9624
 S NN | TrAcc: 0.9756 | VaAcc: 0.9492 | TeAcc: 0.9629

318,  0 | TrAcc: 0.9752, TrLoss:  0.09785, VaAcc: 0.9492, VaLoss:  0.18508
 MAP NN | TrAcc: 0.9747 | VaAcc: 0.9502 | TeAcc: 0.9648
 S NN | TrAcc: 0.9746 | VaAcc: 0.9512 | TeAcc: 0.9639

319,  0 | TrAcc: 0.9738, TrLoss:  0.09853, VaAcc: 0.9429, VaLoss:  0.19770
 MAP NN | TrAcc: 0.9742 | VaAcc: 0.9453 | TeAcc: 0.9639
 S NN | TrAcc: 0.9728 | VaAcc: 0.9448 | TeAcc: 0.9668

320,  0 | TrAcc: 0.9757, TrLoss:  0.09127, VaAcc: 0.9517, VaLoss:  0.18083
 MAP NN | TrAcc: 0.9777 | VaAcc: 0.9546 | TeAcc: 0.9629
 S NN | TrAcc: 0.9760 | VaAcc: 0.9541 | TeAcc: 0.9614

321,  0 | TrAcc: 0.9760, TrLoss:  0.09435, VaAcc: 0.9507, VaLoss:  0.18375
 MAP NN | TrAcc: 0.9758 | VaAcc: 0.9507 | TeAcc: 0.9639
 S NN | TrAcc: 0.9766 | VaAcc: 0.9517 | TeAcc: 0.9634

322,  0 | TrAcc: 0.9796, TrLoss:  0.08613, VaAcc: 0.9517, VaLoss:  0.17990
 MAP NN | TrAcc: 0.9814 | VaAcc: 0.9482 | TeAcc: 0.9644
 S NN | TrAcc: 0.9803 | VaAcc: 0.9482 | TeAcc: 0.9634

323,  0 | TrAcc: 0.9772, TrLoss:  0.09572, VaAcc: 0.9517, VaLoss:  0.18189
 MAP NN | TrAcc: 0.9778 | VaAcc: 0.9536 | TeAcc: 0.9619
 S NN | TrAcc: 0.9777 | VaAcc: 0.9536 | TeAcc: 0.9634

324,  0 | TrAcc: 0.9740, TrLoss:  0.10033, VaAcc: 0.9502, VaLoss:  0.19643
 MAP NN | TrAcc: 0.9757 | VaAcc: 0.9487 | TeAcc: 0.9624
 S NN | TrAcc: 0.9751 | VaAcc: 0.9473 | TeAcc: 0.9609

325,  0 | TrAcc: 0.9744, TrLoss:  0.09683, VaAcc: 0.9487, VaLoss:  0.19382
 MAP NN | TrAcc: 0.9755 | VaAcc: 0.9492 | TeAcc: 0.9624
 S NN | TrAcc: 0.9751 | VaAcc: 0.9478 | TeAcc: 0.9629

326,  0 | TrAcc: 0.9775, TrLoss:  0.09913, VaAcc: 0.9468, VaLoss:  0.18954
 MAP NN | TrAcc: 0.9784 | VaAcc: 0.9502 | TeAcc: 0.9668
 S NN | TrAcc: 0.9778 | VaAcc: 0.9487 | TeAcc: 0.9663

327,  0 | TrAcc: 0.9753, TrLoss:  0.09706, VaAcc: 0.9468, VaLoss:  0.19237
 MAP NN | TrAcc: 0.9762 | VaAcc: 0.9473 | TeAcc: 0.9624
 S NN | TrAcc: 0.9767 | VaAcc: 0.9468 | TeAcc: 0.9644

328,  0 | TrAcc: 0.9797, TrLoss:  0.08896, VaAcc: 0.9502, VaLoss:  0.18155
 MAP NN | TrAcc: 0.9795 | VaAcc: 0.9507 | TeAcc: 0.9629
 S NN | TrAcc: 0.9800 | VaAcc: 0.9521 | TeAcc: 0.9648

329,  0 | TrAcc: 0.9763, TrLoss:  0.09154, VaAcc: 0.9492, VaLoss:  0.18754
 MAP NN | TrAcc: 0.9767 | VaAcc: 0.9521 | TeAcc: 0.9629
 S NN | TrAcc: 0.9758 | VaAcc: 0.9502 | TeAcc: 0.9629

330,  0 | TrAcc: 0.9774, TrLoss:  0.09158, VaAcc: 0.9526, VaLoss:  0.18438
 MAP NN | TrAcc: 0.9790 | VaAcc: 0.9526 | TeAcc: 0.9619
 S NN | TrAcc: 0.9769 | VaAcc: 0.9526 | TeAcc: 0.9624

331,  0 | TrAcc: 0.9799, TrLoss:  0.08497, VaAcc: 0.9521, VaLoss:  0.17851
 MAP NN | TrAcc: 0.9808 | VaAcc: 0.9531 | TeAcc: 0.9614
 S NN | TrAcc: 0.9795 | VaAcc: 0.9497 | TeAcc: 0.9614

332,  0 | TrAcc: 0.9819, TrLoss:  0.08084, VaAcc: 0.9531, VaLoss:  0.18549
 MAP NN | TrAcc: 0.9832 | VaAcc: 0.9521 | TeAcc: 0.9648
 S NN | TrAcc: 0.9828 | VaAcc: 0.9521 | TeAcc: 0.9673

333,  0 | TrAcc: 0.9813, TrLoss:  0.08035, VaAcc: 0.9536, VaLoss:  0.17831
 MAP NN | TrAcc: 0.9821 | VaAcc: 0.9526 | TeAcc: 0.9629
 S NN | TrAcc: 0.9812 | VaAcc: 0.9512 | TeAcc: 0.9629

334,  0 | TrAcc: 0.9822, TrLoss:  0.08055, VaAcc: 0.9536, VaLoss:  0.18371
 MAP NN | TrAcc: 0.9823 | VaAcc: 0.9507 | TeAcc: 0.9663
 S NN | TrAcc: 0.9814 | VaAcc: 0.9517 | TeAcc: 0.9639

335,  0 | TrAcc: 0.9810, TrLoss:  0.08376, VaAcc: 0.9502, VaLoss:  0.17857
 MAP NN | TrAcc: 0.9819 | VaAcc: 0.9521 | TeAcc: 0.9639
 S NN | TrAcc: 0.9821 | VaAcc: 0.9526 | TeAcc: 0.9648

336,  0 | TrAcc: 0.9824, TrLoss:  0.08047, VaAcc: 0.9517, VaLoss:  0.18111
 MAP NN | TrAcc: 0.9827 | VaAcc: 0.9482 | TeAcc: 0.9658
 S NN | TrAcc: 0.9822 | VaAcc: 0.9478 | TeAcc: 0.9634

337,  0 | TrAcc: 0.9824, TrLoss:  0.08046, VaAcc: 0.9507, VaLoss:  0.17963
 MAP NN | TrAcc: 0.9830 | VaAcc: 0.9512 | TeAcc: 0.9644
 S NN | TrAcc: 0.9833 | VaAcc: 0.9502 | TeAcc: 0.9604

338,  0 | TrAcc: 0.9814, TrLoss:  0.08200, VaAcc: 0.9478, VaLoss:  0.18500
 MAP NN | TrAcc: 0.9825 | VaAcc: 0.9507 | TeAcc: 0.9629
 S NN | TrAcc: 0.9827 | VaAcc: 0.9482 | TeAcc: 0.9624

339,  0 | TrAcc: 0.9786, TrLoss:  0.08853, VaAcc: 0.9487, VaLoss:  0.18511
 MAP NN | TrAcc: 0.9788 | VaAcc: 0.9482 | TeAcc: 0.9688
 S NN | TrAcc: 0.9785 | VaAcc: 0.9478 | TeAcc: 0.9683

340,  0 | TrAcc: 0.9803, TrLoss:  0.08533, VaAcc: 0.9507, VaLoss:  0.18461
 MAP NN | TrAcc: 0.9805 | VaAcc: 0.9497 | TeAcc: 0.9634
 S NN | TrAcc: 0.9792 | VaAcc: 0.9507 | TeAcc: 0.9653

341,  0 | TrAcc: 0.9795, TrLoss:  0.08744, VaAcc: 0.9492, VaLoss:  0.19223
 MAP NN | TrAcc: 0.9806 | VaAcc: 0.9487 | TeAcc: 0.9619
 S NN | TrAcc: 0.9801 | VaAcc: 0.9487 | TeAcc: 0.9624

342,  0 | TrAcc: 0.9802, TrLoss:  0.08477, VaAcc: 0.9536, VaLoss:  0.17966
 MAP NN | TrAcc: 0.9819 | VaAcc: 0.9556 | TeAcc: 0.9673
 S NN | TrAcc: 0.9803 | VaAcc: 0.9551 | TeAcc: 0.9663

343,  0 | TrAcc: 0.9785, TrLoss:  0.08928, VaAcc: 0.9492, VaLoss:  0.19004
 MAP NN | TrAcc: 0.9788 | VaAcc: 0.9487 | TeAcc: 0.9673
 S NN | TrAcc: 0.9779 | VaAcc: 0.9478 | TeAcc: 0.9673

344,  0 | TrAcc: 0.9799, TrLoss:  0.08490, VaAcc: 0.9536, VaLoss:  0.17465
 MAP NN | TrAcc: 0.9803 | VaAcc: 0.9541 | TeAcc: 0.9663
 S NN | TrAcc: 0.9801 | VaAcc: 0.9517 | TeAcc: 0.9644

345,  0 | TrAcc: 0.9781, TrLoss:  0.08557, VaAcc: 0.9507, VaLoss:  0.18009
 MAP NN | TrAcc: 0.9791 | VaAcc: 0.9502 | TeAcc: 0.9663
 S NN | TrAcc: 0.9786 | VaAcc: 0.9468 | TeAcc: 0.9648

346,  0 | TrAcc: 0.9822, TrLoss:  0.08190, VaAcc: 0.9536, VaLoss:  0.17969
 MAP NN | TrAcc: 0.9819 | VaAcc: 0.9517 | TeAcc: 0.9634
 S NN | TrAcc: 0.9810 | VaAcc: 0.9512 | TeAcc: 0.9639

347,  0 | TrAcc: 0.9795, TrLoss:  0.08427, VaAcc: 0.9512, VaLoss:  0.18564
 MAP NN | TrAcc: 0.9807 | VaAcc: 0.9497 | TeAcc: 0.9668
 S NN | TrAcc: 0.9811 | VaAcc: 0.9482 | TeAcc: 0.9683

348,  0 | TrAcc: 0.9818, TrLoss:  0.07909, VaAcc: 0.9526, VaLoss:  0.18041
 MAP NN | TrAcc: 0.9824 | VaAcc: 0.9512 | TeAcc: 0.9653
 S NN | TrAcc: 0.9814 | VaAcc: 0.9536 | TeAcc: 0.9634

349,  0 | TrAcc: 0.9746, TrLoss:  0.09613, VaAcc: 0.9468, VaLoss:  0.18693
 MAP NN | TrAcc: 0.9752 | VaAcc: 0.9473 | TeAcc: 0.9624
 S NN | TrAcc: 0.9742 | VaAcc: 0.9453 | TeAcc: 0.9600

350,  0 | TrAcc: 0.9767, TrLoss:  0.08929, VaAcc: 0.9512, VaLoss:  0.19201
 MAP NN | TrAcc: 0.9779 | VaAcc: 0.9512 | TeAcc: 0.9653
 S NN | TrAcc: 0.9775 | VaAcc: 0.9487 | TeAcc: 0.9653

351,  0 | TrAcc: 0.9769, TrLoss:  0.09190, VaAcc: 0.9521, VaLoss:  0.18126
 MAP NN | TrAcc: 0.9779 | VaAcc: 0.9507 | TeAcc: 0.9639
 S NN | TrAcc: 0.9781 | VaAcc: 0.9492 | TeAcc: 0.9634

352,  0 | TrAcc: 0.9814, TrLoss:  0.08462, VaAcc: 0.9512, VaLoss:  0.18133
 MAP NN | TrAcc: 0.9807 | VaAcc: 0.9512 | TeAcc: 0.9634
 S NN | TrAcc: 0.9795 | VaAcc: 0.9512 | TeAcc: 0.9634

353,  0 | TrAcc: 0.9806, TrLoss:  0.08460, VaAcc: 0.9541, VaLoss:  0.17503
 MAP NN | TrAcc: 0.9818 | VaAcc: 0.9536 | TeAcc: 0.9624
 S NN | TrAcc: 0.9802 | VaAcc: 0.9531 | TeAcc: 0.9619

354,  0 | TrAcc: 0.9812, TrLoss:  0.08538, VaAcc: 0.9556, VaLoss:  0.17440
 MAP NN | TrAcc: 0.9819 | VaAcc: 0.9541 | TeAcc: 0.9634
 S NN | TrAcc: 0.9823 | VaAcc: 0.9531 | TeAcc: 0.9653

355,  0 | TrAcc: 0.9819, TrLoss:  0.08229, VaAcc: 0.9526, VaLoss:  0.17869
 MAP NN | TrAcc: 0.9810 | VaAcc: 0.9497 | TeAcc: 0.9658
 S NN | TrAcc: 0.9811 | VaAcc: 0.9521 | TeAcc: 0.9639

356,  0 | TrAcc: 0.9813, TrLoss:  0.08362, VaAcc: 0.9526, VaLoss:  0.18202
 MAP NN | TrAcc: 0.9811 | VaAcc: 0.9478 | TeAcc: 0.9648
 S NN | TrAcc: 0.9816 | VaAcc: 0.9497 | TeAcc: 0.9644

357,  0 | TrAcc: 0.9800, TrLoss:  0.08590, VaAcc: 0.9473, VaLoss:  0.18592
 MAP NN | TrAcc: 0.9805 | VaAcc: 0.9487 | TeAcc: 0.9639
 S NN | TrAcc: 0.9807 | VaAcc: 0.9482 | TeAcc: 0.9639

358,  0 | TrAcc: 0.9795, TrLoss:  0.08610, VaAcc: 0.9512, VaLoss:  0.18196
 MAP NN | TrAcc: 0.9805 | VaAcc: 0.9502 | TeAcc: 0.9653
 S NN | TrAcc: 0.9801 | VaAcc: 0.9517 | TeAcc: 0.9634

359,  0 | TrAcc: 0.9753, TrLoss:  0.09490, VaAcc: 0.9521, VaLoss:  0.18533
 MAP NN | TrAcc: 0.9751 | VaAcc: 0.9497 | TeAcc: 0.9629
 S NN | TrAcc: 0.9766 | VaAcc: 0.9512 | TeAcc: 0.9619

360,  0 | TrAcc: 0.9778, TrLoss:  0.08877, VaAcc: 0.9492, VaLoss:  0.18342
 MAP NN | TrAcc: 0.9777 | VaAcc: 0.9502 | TeAcc: 0.9634
 S NN | TrAcc: 0.9778 | VaAcc: 0.9492 | TeAcc: 0.9629

361,  0 | TrAcc: 0.9817, TrLoss:  0.08163, VaAcc: 0.9521, VaLoss:  0.18226
 MAP NN | TrAcc: 0.9814 | VaAcc: 0.9541 | TeAcc: 0.9619
 S NN | TrAcc: 0.9814 | VaAcc: 0.9531 | TeAcc: 0.9639

362,  0 | TrAcc: 0.9794, TrLoss:  0.08664, VaAcc: 0.9492, VaLoss:  0.18608
 MAP NN | TrAcc: 0.9796 | VaAcc: 0.9507 | TeAcc: 0.9629
 S NN | TrAcc: 0.9791 | VaAcc: 0.9517 | TeAcc: 0.9624

363,  0 | TrAcc: 0.9789, TrLoss:  0.08976, VaAcc: 0.9443, VaLoss:  0.19360
 MAP NN | TrAcc: 0.9789 | VaAcc: 0.9419 | TeAcc: 0.9604
 S NN | TrAcc: 0.9791 | VaAcc: 0.9453 | TeAcc: 0.9614

364,  0 | TrAcc: 0.9747, TrLoss:  0.09925, VaAcc: 0.9502, VaLoss:  0.20005
 MAP NN | TrAcc: 0.9752 | VaAcc: 0.9492 | TeAcc: 0.9619
 S NN | TrAcc: 0.9746 | VaAcc: 0.9482 | TeAcc: 0.9629

365,  0 | TrAcc: 0.9716, TrLoss:  0.10593, VaAcc: 0.9463, VaLoss:  0.20315
 MAP NN | TrAcc: 0.9738 | VaAcc: 0.9468 | TeAcc: 0.9624
 S NN | TrAcc: 0.9729 | VaAcc: 0.9458 | TeAcc: 0.9614

366,  0 | TrAcc: 0.9777, TrLoss:  0.08882, VaAcc: 0.9497, VaLoss:  0.18778
 MAP NN | TrAcc: 0.9786 | VaAcc: 0.9512 | TeAcc: 0.9634
 S NN | TrAcc: 0.9785 | VaAcc: 0.9482 | TeAcc: 0.9619

367,  0 | TrAcc: 0.9801, TrLoss:  0.08393, VaAcc: 0.9507, VaLoss:  0.17974
 MAP NN | TrAcc: 0.9803 | VaAcc: 0.9517 | TeAcc: 0.9614
 S NN | TrAcc: 0.9811 | VaAcc: 0.9517 | TeAcc: 0.9629

368,  0 | TrAcc: 0.9833, TrLoss:  0.08061, VaAcc: 0.9521, VaLoss:  0.18405
 MAP NN | TrAcc: 0.9834 | VaAcc: 0.9502 | TeAcc: 0.9653
 S NN | TrAcc: 0.9830 | VaAcc: 0.9521 | TeAcc: 0.9644

369,  0 | TrAcc: 0.9775, TrLoss:  0.08879, VaAcc: 0.9497, VaLoss:  0.18764
 MAP NN | TrAcc: 0.9779 | VaAcc: 0.9478 | TeAcc: 0.6714
 S NN | TrAcc: 0.9779 | VaAcc: 0.9507 | TeAcc: 0.6709

370,  0 | TrAcc: 0.9775, TrLoss:  0.08779, VaAcc: 0.9512, VaLoss:  0.18707
 MAP NN | TrAcc: 0.9792 | VaAcc: 0.9502 | TeAcc: 0.9595
 S NN | TrAcc: 0.9780 | VaAcc: 0.9526 | TeAcc: 0.9604

371,  0 | TrAcc: 0.9801, TrLoss:  0.08564, VaAcc: 0.9502, VaLoss:  0.18003
 MAP NN | TrAcc: 0.9813 | VaAcc: 0.9546 | TeAcc: 0.9644
 S NN | TrAcc: 0.9813 | VaAcc: 0.9541 | TeAcc: 0.9629

372,  0 | TrAcc: 0.9799, TrLoss:  0.08723, VaAcc: 0.9507, VaLoss:  0.18066
 MAP NN | TrAcc: 0.9800 | VaAcc: 0.9517 | TeAcc: 0.9629
 S NN | TrAcc: 0.9806 | VaAcc: 0.9507 | TeAcc: 0.9644

373,  0 | TrAcc: 0.9708, TrLoss:  0.10959, VaAcc: 0.9487, VaLoss:  0.19352
 MAP NN | TrAcc: 0.9728 | VaAcc: 0.9492 | TeAcc: 0.9604
 S NN | TrAcc: 0.9729 | VaAcc: 0.9487 | TeAcc: 0.9600

374,  0 | TrAcc: 0.9745, TrLoss:  0.09617, VaAcc: 0.9478, VaLoss:  0.19842
 MAP NN | TrAcc: 0.9753 | VaAcc: 0.9478 | TeAcc: 0.9604
 S NN | TrAcc: 0.9757 | VaAcc: 0.9492 | TeAcc: 0.9609

375,  0 | TrAcc: 0.9774, TrLoss:  0.08957, VaAcc: 0.9507, VaLoss:  0.18403
 MAP NN | TrAcc: 0.9774 | VaAcc: 0.9517 | TeAcc: 0.9668
 S NN | TrAcc: 0.9764 | VaAcc: 0.9517 | TeAcc: 0.9663

376,  0 | TrAcc: 0.9755, TrLoss:  0.09218, VaAcc: 0.9497, VaLoss:  0.19413
 MAP NN | TrAcc: 0.9758 | VaAcc: 0.9502 | TeAcc: 0.9639
 S NN | TrAcc: 0.9749 | VaAcc: 0.9507 | TeAcc: 0.9629

377,  0 | TrAcc: 0.9762, TrLoss:  0.09432, VaAcc: 0.9482, VaLoss:  0.19035
 MAP NN | TrAcc: 0.9760 | VaAcc: 0.9497 | TeAcc: 0.9644
 S NN | TrAcc: 0.9777 | VaAcc: 0.9517 | TeAcc: 0.9658

378,  0 | TrAcc: 0.9757, TrLoss:  0.09297, VaAcc: 0.9521, VaLoss:  0.18832
 MAP NN | TrAcc: 0.9774 | VaAcc: 0.9517 | TeAcc: 0.9600
 S NN | TrAcc: 0.9774 | VaAcc: 0.9507 | TeAcc: 0.9600

379,  0 | TrAcc: 0.9796, TrLoss:  0.08588, VaAcc: 0.9512, VaLoss:  0.18540
 MAP NN | TrAcc: 0.9808 | VaAcc: 0.9521 | TeAcc: 0.9653
 S NN | TrAcc: 0.9810 | VaAcc: 0.9526 | TeAcc: 0.9648

380,  0 | TrAcc: 0.9803, TrLoss:  0.08131, VaAcc: 0.9487, VaLoss:  0.18337
 MAP NN | TrAcc: 0.9803 | VaAcc: 0.9521 | TeAcc: 0.9648
 S NN | TrAcc: 0.9807 | VaAcc: 0.9517 | TeAcc: 0.9634

381,  0 | TrAcc: 0.9785, TrLoss:  0.08920, VaAcc: 0.9497, VaLoss:  0.18194
 MAP NN | TrAcc: 0.9790 | VaAcc: 0.9507 | TeAcc: 0.9648
 S NN | TrAcc: 0.9790 | VaAcc: 0.9521 | TeAcc: 0.9663

382,  0 | TrAcc: 0.9789, TrLoss:  0.08447, VaAcc: 0.9531, VaLoss:  0.17770
 MAP NN | TrAcc: 0.9794 | VaAcc: 0.9536 | TeAcc: 0.9624
 S NN | TrAcc: 0.9784 | VaAcc: 0.9531 | TeAcc: 0.9604

383,  0 | TrAcc: 0.9790, TrLoss:  0.08571, VaAcc: 0.9497, VaLoss:  0.19104
 MAP NN | TrAcc: 0.9786 | VaAcc: 0.9497 | TeAcc: 0.9658
 S NN | TrAcc: 0.9786 | VaAcc: 0.9487 | TeAcc: 0.9653

384,  0 | TrAcc: 0.9808, TrLoss:  0.08329, VaAcc: 0.9546, VaLoss:  0.17526
 MAP NN | TrAcc: 0.9817 | VaAcc: 0.9541 | TeAcc: 0.9653
 S NN | TrAcc: 0.9823 | VaAcc: 0.9531 | TeAcc: 0.9658

385,  0 | TrAcc: 0.9823, TrLoss:  0.07950, VaAcc: 0.9526, VaLoss:  0.18285
 MAP NN | TrAcc: 0.9825 | VaAcc: 0.9512 | TeAcc: 0.9658
 S NN | TrAcc: 0.9825 | VaAcc: 0.9507 | TeAcc: 0.9663

386,  0 | TrAcc: 0.9810, TrLoss:  0.08263, VaAcc: 0.9497, VaLoss:  0.19301
 MAP NN | TrAcc: 0.9810 | VaAcc: 0.9492 | TeAcc: 0.9648
 S NN | TrAcc: 0.9811 | VaAcc: 0.9507 | TeAcc: 0.9648

387,  0 | TrAcc: 0.9821, TrLoss:  0.07809, VaAcc: 0.9546, VaLoss:  0.18034
 MAP NN | TrAcc: 0.9818 | VaAcc: 0.9507 | TeAcc: 0.9692
 S NN | TrAcc: 0.9821 | VaAcc: 0.9512 | TeAcc: 0.9683

388,  0 | TrAcc: 0.9814, TrLoss:  0.08008, VaAcc: 0.9536, VaLoss:  0.18002
 MAP NN | TrAcc: 0.9822 | VaAcc: 0.9512 | TeAcc: 0.9648
 S NN | TrAcc: 0.9818 | VaAcc: 0.9517 | TeAcc: 0.9653

389,  0 | TrAcc: 0.9822, TrLoss:  0.07854, VaAcc: 0.9536, VaLoss:  0.18355
 MAP NN | TrAcc: 0.9833 | VaAcc: 0.9546 | TeAcc: 0.9648
 S NN | TrAcc: 0.9821 | VaAcc: 0.9546 | TeAcc: 0.9639

390,  0 | TrAcc: 0.9816, TrLoss:  0.08253, VaAcc: 0.9453, VaLoss:  0.19046
 MAP NN | TrAcc: 0.9819 | VaAcc: 0.9482 | TeAcc: 0.9639
 S NN | TrAcc: 0.9816 | VaAcc: 0.9478 | TeAcc: 0.9634

391,  0 | TrAcc: 0.9819, TrLoss:  0.08221, VaAcc: 0.9517, VaLoss:  0.18588
 MAP NN | TrAcc: 0.9823 | VaAcc: 0.9541 | TeAcc: 0.9644
 S NN | TrAcc: 0.9823 | VaAcc: 0.9517 | TeAcc: 0.9648

392,  0 | TrAcc: 0.9811, TrLoss:  0.08382, VaAcc: 0.9507, VaLoss:  0.18664
 MAP NN | TrAcc: 0.9812 | VaAcc: 0.9512 | TeAcc: 0.9619
 S NN | TrAcc: 0.9814 | VaAcc: 0.9507 | TeAcc: 0.9624

393,  0 | TrAcc: 0.9818, TrLoss:  0.07816, VaAcc: 0.9517, VaLoss:  0.18040
 MAP NN | TrAcc: 0.9830 | VaAcc: 0.9517 | TeAcc: 0.9663
 S NN | TrAcc: 0.9821 | VaAcc: 0.9526 | TeAcc: 0.9668

394,  0 | TrAcc: 0.9827, TrLoss:  0.07877, VaAcc: 0.9487, VaLoss:  0.18362
 MAP NN | TrAcc: 0.9824 | VaAcc: 0.9497 | TeAcc: 0.9653
 S NN | TrAcc: 0.9822 | VaAcc: 0.9478 | TeAcc: 0.9653

395,  0 | TrAcc: 0.9827, TrLoss:  0.07743, VaAcc: 0.9482, VaLoss:  0.18451
 MAP NN | TrAcc: 0.9836 | VaAcc: 0.9463 | TeAcc: 0.9668
 S NN | TrAcc: 0.9836 | VaAcc: 0.9468 | TeAcc: 0.9644

396,  0 | TrAcc: 0.9829, TrLoss:  0.07731, VaAcc: 0.9492, VaLoss:  0.18376
 MAP NN | TrAcc: 0.9834 | VaAcc: 0.9507 | TeAcc: 0.9634
 S NN | TrAcc: 0.9832 | VaAcc: 0.9517 | TeAcc: 0.9634

397,  0 | TrAcc: 0.9827, TrLoss:  0.07952, VaAcc: 0.9487, VaLoss:  0.18698
 MAP NN | TrAcc: 0.9844 | VaAcc: 0.9502 | TeAcc: 0.9658
 S NN | TrAcc: 0.9835 | VaAcc: 0.9507 | TeAcc: 0.9658

398,  0 | TrAcc: 0.9805, TrLoss:  0.08160, VaAcc: 0.9492, VaLoss:  0.18526
 MAP NN | TrAcc: 0.9807 | VaAcc: 0.9512 | TeAcc: 0.9644
 S NN | TrAcc: 0.9795 | VaAcc: 0.9521 | TeAcc: 0.9653

399,  0 | TrAcc: 0.9812, TrLoss:  0.08057, VaAcc: 0.9497, VaLoss:  0.19192
 MAP NN | TrAcc: 0.9813 | VaAcc: 0.9517 | TeAcc: 0.9644
 S NN | TrAcc: 0.9828 | VaAcc: 0.9526 | TeAcc: 0.9644

400,  0 | TrAcc: 0.9807, TrLoss:  0.08181, VaAcc: 0.9526, VaLoss:  0.18030
 MAP NN | TrAcc: 0.9808 | VaAcc: 0.9502 | TeAcc: 0.9634
 S NN | TrAcc: 0.9811 | VaAcc: 0.9497 | TeAcc: 0.9653

401,  0 | TrAcc: 0.9827, TrLoss:  0.07682, VaAcc: 0.9531, VaLoss:  0.17705
 MAP NN | TrAcc: 0.9830 | VaAcc: 0.9536 | TeAcc: 0.9673
 S NN | TrAcc: 0.9823 | VaAcc: 0.9531 | TeAcc: 0.9673

402,  0 | TrAcc: 0.9838, TrLoss:  0.07659, VaAcc: 0.9551, VaLoss:  0.18022
 MAP NN | TrAcc: 0.9839 | VaAcc: 0.9521 | TeAcc: 0.9648
 S NN | TrAcc: 0.9841 | VaAcc: 0.9526 | TeAcc: 0.9644

403,  0 | TrAcc: 0.9828, TrLoss:  0.07787, VaAcc: 0.9521, VaLoss:  0.17590
 MAP NN | TrAcc: 0.9838 | VaAcc: 0.9517 | TeAcc: 0.9658
 S NN | TrAcc: 0.9827 | VaAcc: 0.9517 | TeAcc: 0.9668

404,  0 | TrAcc: 0.9824, TrLoss:  0.07815, VaAcc: 0.9521, VaLoss:  0.17887
 MAP NN | TrAcc: 0.9828 | VaAcc: 0.9531 | TeAcc: 0.9648
 S NN | TrAcc: 0.9823 | VaAcc: 0.9512 | TeAcc: 0.9663

405,  0 | TrAcc: 0.9811, TrLoss:  0.08191, VaAcc: 0.9521, VaLoss:  0.18811
 MAP NN | TrAcc: 0.9813 | VaAcc: 0.9526 | TeAcc: 0.9614
 S NN | TrAcc: 0.9800 | VaAcc: 0.9531 | TeAcc: 0.9619

406,  0 | TrAcc: 0.9805, TrLoss:  0.08088, VaAcc: 0.9492, VaLoss:  0.18316
 MAP NN | TrAcc: 0.9807 | VaAcc: 0.9492 | TeAcc: 0.9658
 S NN | TrAcc: 0.9806 | VaAcc: 0.9497 | TeAcc: 0.9648

407,  0 | TrAcc: 0.9830, TrLoss:  0.07843, VaAcc: 0.9512, VaLoss:  0.18531
 MAP NN | TrAcc: 0.9843 | VaAcc: 0.9536 | TeAcc: 0.9653
 S NN | TrAcc: 0.9841 | VaAcc: 0.9546 | TeAcc: 0.9663

408,  0 | TrAcc: 0.9816, TrLoss:  0.07676, VaAcc: 0.9546, VaLoss:  0.17789
 MAP NN | TrAcc: 0.9824 | VaAcc: 0.9531 | TeAcc: 0.9644
 S NN | TrAcc: 0.9832 | VaAcc: 0.9531 | TeAcc: 0.9644

409,  0 | TrAcc: 0.9840, TrLoss:  0.07838, VaAcc: 0.9541, VaLoss:  0.18302
 MAP NN | TrAcc: 0.9835 | VaAcc: 0.9536 | TeAcc: 0.9648
 S NN | TrAcc: 0.9830 | VaAcc: 0.9541 | TeAcc: 0.9639

410,  0 | TrAcc: 0.9824, TrLoss:  0.07857, VaAcc: 0.9551, VaLoss:  0.17456
 MAP NN | TrAcc: 0.9829 | VaAcc: 0.9541 | TeAcc: 0.9678
 S NN | TrAcc: 0.9828 | VaAcc: 0.9531 | TeAcc: 0.9678

411,  0 | TrAcc: 0.9811, TrLoss:  0.07892, VaAcc: 0.9517, VaLoss:  0.18517
 MAP NN | TrAcc: 0.9827 | VaAcc: 0.9517 | TeAcc: 0.9634
 S NN | TrAcc: 0.9822 | VaAcc: 0.9512 | TeAcc: 0.9629

412,  0 | TrAcc: 0.9816, TrLoss:  0.07798, VaAcc: 0.9512, VaLoss:  0.18642
 MAP NN | TrAcc: 0.9819 | VaAcc: 0.9526 | TeAcc: 0.9673
 S NN | TrAcc: 0.9819 | VaAcc: 0.9526 | TeAcc: 0.9678

413,  0 | TrAcc: 0.9828, TrLoss:  0.07908, VaAcc: 0.9526, VaLoss:  0.18255
 MAP NN | TrAcc: 0.9830 | VaAcc: 0.9512 | TeAcc: 0.9688
 S NN | TrAcc: 0.9839 | VaAcc: 0.9521 | TeAcc: 0.9683

414,  0 | TrAcc: 0.9818, TrLoss:  0.07792, VaAcc: 0.9531, VaLoss:  0.18099
 MAP NN | TrAcc: 0.9840 | VaAcc: 0.9517 | TeAcc: 0.9639
 S NN | TrAcc: 0.9824 | VaAcc: 0.9507 | TeAcc: 0.9653

415,  0 | TrAcc: 0.9827, TrLoss:  0.07643, VaAcc: 0.9492, VaLoss:  0.18811
 MAP NN | TrAcc: 0.9830 | VaAcc: 0.9517 | TeAcc: 0.9668
 S NN | TrAcc: 0.9823 | VaAcc: 0.9517 | TeAcc: 0.9668

416,  0 | TrAcc: 0.9833, TrLoss:  0.07766, VaAcc: 0.9526, VaLoss:  0.18455
 MAP NN | TrAcc: 0.9840 | VaAcc: 0.9521 | TeAcc: 0.9648
 S NN | TrAcc: 0.9829 | VaAcc: 0.9531 | TeAcc: 0.9644

417,  0 | TrAcc: 0.9839, TrLoss:  0.07499, VaAcc: 0.9546, VaLoss:  0.17894
 MAP NN | TrAcc: 0.9849 | VaAcc: 0.9546 | TeAcc: 0.9663
 S NN | TrAcc: 0.9833 | VaAcc: 0.9541 | TeAcc: 0.9653

418,  0 | TrAcc: 0.9813, TrLoss:  0.07887, VaAcc: 0.9502, VaLoss:  0.19135
 MAP NN | TrAcc: 0.9824 | VaAcc: 0.9482 | TeAcc: 0.9653
 S NN | TrAcc: 0.9818 | VaAcc: 0.9507 | TeAcc: 0.9668

419,  0 | TrAcc: 0.9792, TrLoss:  0.08684, VaAcc: 0.9551, VaLoss:  0.17714
 MAP NN | TrAcc: 0.9802 | VaAcc: 0.9541 | TeAcc: 0.9624
 S NN | TrAcc: 0.9785 | VaAcc: 0.9546 | TeAcc: 0.9614

420,  0 | TrAcc: 0.9753, TrLoss:  0.09252, VaAcc: 0.9429, VaLoss:  0.20414
 MAP NN | TrAcc: 0.9772 | VaAcc: 0.9473 | TeAcc: 0.9609
 S NN | TrAcc: 0.9763 | VaAcc: 0.9478 | TeAcc: 0.9614

421,  0 | TrAcc: 0.9786, TrLoss:  0.08639, VaAcc: 0.9526, VaLoss:  0.18893
 MAP NN | TrAcc: 0.9789 | VaAcc: 0.9531 | TeAcc: 0.9609
 S NN | TrAcc: 0.9794 | VaAcc: 0.9536 | TeAcc: 0.9609

422,  0 | TrAcc: 0.9769, TrLoss:  0.08834, VaAcc: 0.9478, VaLoss:  0.18406
 MAP NN | TrAcc: 0.9774 | VaAcc: 0.9502 | TeAcc: 0.9600
 S NN | TrAcc: 0.9773 | VaAcc: 0.9526 | TeAcc: 0.9600

423,  0 | TrAcc: 0.9756, TrLoss:  0.09142, VaAcc: 0.9492, VaLoss:  0.19342
 MAP NN | TrAcc: 0.9752 | VaAcc: 0.9492 | TeAcc: 0.9619
 S NN | TrAcc: 0.9760 | VaAcc: 0.9473 | TeAcc: 0.9634

424,  0 | TrAcc: 0.9730, TrLoss:  0.09940, VaAcc: 0.9551, VaLoss:  0.18063
 MAP NN | TrAcc: 0.9735 | VaAcc: 0.9536 | TeAcc: 0.9619
 S NN | TrAcc: 0.9739 | VaAcc: 0.9521 | TeAcc: 0.9609

425,  0 | TrAcc: 0.9803, TrLoss:  0.08319, VaAcc: 0.9502, VaLoss:  0.18188
 MAP NN | TrAcc: 0.9797 | VaAcc: 0.9526 | TeAcc: 0.9668
 S NN | TrAcc: 0.9806 | VaAcc: 0.9521 | TeAcc: 0.9668

426,  0 | TrAcc: 0.9780, TrLoss:  0.08898, VaAcc: 0.9531, VaLoss:  0.18614
 MAP NN | TrAcc: 0.9785 | VaAcc: 0.9526 | TeAcc: 0.9663
 S NN | TrAcc: 0.9785 | VaAcc: 0.9517 | TeAcc: 0.9653

427,  0 | TrAcc: 0.9807, TrLoss:  0.08463, VaAcc: 0.9531, VaLoss:  0.18103
 MAP NN | TrAcc: 0.9811 | VaAcc: 0.9521 | TeAcc: 0.9634
 S NN | TrAcc: 0.9805 | VaAcc: 0.9521 | TeAcc: 0.9639

428,  0 | TrAcc: 0.9827, TrLoss:  0.07928, VaAcc: 0.9517, VaLoss:  0.17988
 MAP NN | TrAcc: 0.9830 | VaAcc: 0.9531 | TeAcc: 0.9668
 S NN | TrAcc: 0.9821 | VaAcc: 0.9521 | TeAcc: 0.9663

429,  0 | TrAcc: 0.9827, TrLoss:  0.07878, VaAcc: 0.9531, VaLoss:  0.18144
 MAP NN | TrAcc: 0.9832 | VaAcc: 0.9507 | TeAcc: 0.9697
 S NN | TrAcc: 0.9832 | VaAcc: 0.9502 | TeAcc: 0.9697

430,  0 | TrAcc: 0.9822, TrLoss:  0.07766, VaAcc: 0.9536, VaLoss:  0.18035
 MAP NN | TrAcc: 0.9827 | VaAcc: 0.9517 | TeAcc: 0.9648
 S NN | TrAcc: 0.9822 | VaAcc: 0.9517 | TeAcc: 0.9639

431,  0 | TrAcc: 0.9813, TrLoss:  0.08248, VaAcc: 0.9561, VaLoss:  0.17820
 MAP NN | TrAcc: 0.9818 | VaAcc: 0.9556 | TeAcc: 0.9634
 S NN | TrAcc: 0.9813 | VaAcc: 0.9536 | TeAcc: 0.9639

432,  0 | TrAcc: 0.9810, TrLoss:  0.08049, VaAcc: 0.9521, VaLoss:  0.18558
 MAP NN | TrAcc: 0.9810 | VaAcc: 0.9531 | TeAcc: 0.9644
 S NN | TrAcc: 0.9808 | VaAcc: 0.9551 | TeAcc: 0.9648

433,  0 | TrAcc: 0.9814, TrLoss:  0.07951, VaAcc: 0.9551, VaLoss:  0.17612
 MAP NN | TrAcc: 0.9821 | VaAcc: 0.9565 | TeAcc: 0.9644
 S NN | TrAcc: 0.9819 | VaAcc: 0.9570 | TeAcc: 0.9614

434,  0 | TrAcc: 0.9829, TrLoss:  0.07837, VaAcc: 0.9521, VaLoss:  0.17980
 MAP NN | TrAcc: 0.9827 | VaAcc: 0.9541 | TeAcc: 0.9697
 S NN | TrAcc: 0.9832 | VaAcc: 0.9531 | TeAcc: 0.9688

435,  0 | TrAcc: 0.9800, TrLoss:  0.08469, VaAcc: 0.9512, VaLoss:  0.18670
 MAP NN | TrAcc: 0.9788 | VaAcc: 0.9507 | TeAcc: 0.9624
 S NN | TrAcc: 0.9805 | VaAcc: 0.9507 | TeAcc: 0.9624

436,  0 | TrAcc: 0.9772, TrLoss:  0.09120, VaAcc: 0.9541, VaLoss:  0.17692
 MAP NN | TrAcc: 0.9778 | VaAcc: 0.9526 | TeAcc: 0.9595
 S NN | TrAcc: 0.9778 | VaAcc: 0.9531 | TeAcc: 0.9585

437,  0 | TrAcc: 0.9772, TrLoss:  0.09122, VaAcc: 0.9468, VaLoss:  0.19200
 MAP NN | TrAcc: 0.9781 | VaAcc: 0.9482 | TeAcc: 0.9653
 S NN | TrAcc: 0.9780 | VaAcc: 0.9497 | TeAcc: 0.9644

438,  0 | TrAcc: 0.9763, TrLoss:  0.09235, VaAcc: 0.9536, VaLoss:  0.18337
 MAP NN | TrAcc: 0.9771 | VaAcc: 0.9541 | TeAcc: 0.9624
 S NN | TrAcc: 0.9775 | VaAcc: 0.9521 | TeAcc: 0.9609

439,  0 | TrAcc: 0.9783, TrLoss:  0.08947, VaAcc: 0.9468, VaLoss:  0.19181
 MAP NN | TrAcc: 0.9785 | VaAcc: 0.9492 | TeAcc: 0.9634
 S NN | TrAcc: 0.9781 | VaAcc: 0.9497 | TeAcc: 0.9639

440,  0 | TrAcc: 0.9709, TrLoss:  0.11118, VaAcc: 0.9443, VaLoss:  0.20497
 MAP NN | TrAcc: 0.9720 | VaAcc: 0.9453 | TeAcc: 0.9595
 S NN | TrAcc: 0.9727 | VaAcc: 0.9448 | TeAcc: 0.9595

441,  0 | TrAcc: 0.9720, TrLoss:  0.10132, VaAcc: 0.9443, VaLoss:  0.20315
 MAP NN | TrAcc: 0.9731 | VaAcc: 0.9434 | TeAcc: 0.9629
 S NN | TrAcc: 0.9731 | VaAcc: 0.9424 | TeAcc: 0.9619

442,  0 | TrAcc: 0.9749, TrLoss:  0.09615, VaAcc: 0.9546, VaLoss:  0.18555
 MAP NN | TrAcc: 0.9766 | VaAcc: 0.9546 | TeAcc: 0.9639
 S NN | TrAcc: 0.9766 | VaAcc: 0.9541 | TeAcc: 0.9639

443,  0 | TrAcc: 0.9752, TrLoss:  0.09439, VaAcc: 0.9497, VaLoss:  0.19060
 MAP NN | TrAcc: 0.9764 | VaAcc: 0.9512 | TeAcc: 0.9609
 S NN | TrAcc: 0.9772 | VaAcc: 0.9487 | TeAcc: 0.9604

444,  0 | TrAcc: 0.9816, TrLoss:  0.08210, VaAcc: 0.9546, VaLoss:  0.17614
 MAP NN | TrAcc: 0.9803 | VaAcc: 0.9517 | TeAcc: 0.9663
 S NN | TrAcc: 0.9801 | VaAcc: 0.9502 | TeAcc: 0.9673

445,  0 | TrAcc: 0.9775, TrLoss:  0.09147, VaAcc: 0.9497, VaLoss:  0.19394
 MAP NN | TrAcc: 0.9781 | VaAcc: 0.9468 | TeAcc: 0.9609
 S NN | TrAcc: 0.9777 | VaAcc: 0.9492 | TeAcc: 0.9604

446,  0 | TrAcc: 0.9802, TrLoss:  0.08449, VaAcc: 0.9507, VaLoss:  0.19111
 MAP NN | TrAcc: 0.9813 | VaAcc: 0.9507 | TeAcc: 0.9619
 S NN | TrAcc: 0.9812 | VaAcc: 0.9517 | TeAcc: 0.9629

447,  0 | TrAcc: 0.9785, TrLoss:  0.08570, VaAcc: 0.9497, VaLoss:  0.18474
 MAP NN | TrAcc: 0.9796 | VaAcc: 0.9482 | TeAcc: 0.9629
 S NN | TrAcc: 0.9791 | VaAcc: 0.9492 | TeAcc: 0.9619

448,  0 | TrAcc: 0.9811, TrLoss:  0.08005, VaAcc: 0.9517, VaLoss:  0.18380
 MAP NN | TrAcc: 0.9813 | VaAcc: 0.9517 | TeAcc: 0.9668
 S NN | TrAcc: 0.9811 | VaAcc: 0.9521 | TeAcc: 0.9653

449,  0 | TrAcc: 0.9781, TrLoss:  0.08469, VaAcc: 0.9507, VaLoss:  0.18736
 MAP NN | TrAcc: 0.9797 | VaAcc: 0.9512 | TeAcc: 0.9653
 S NN | TrAcc: 0.9790 | VaAcc: 0.9502 | TeAcc: 0.9653

450,  0 | TrAcc: 0.9785, TrLoss:  0.08453, VaAcc: 0.9482, VaLoss:  0.19099
 MAP NN | TrAcc: 0.9796 | VaAcc: 0.9482 | TeAcc: 0.9609
 S NN | TrAcc: 0.9795 | VaAcc: 0.9478 | TeAcc: 0.9619

451,  0 | TrAcc: 0.9806, TrLoss:  0.08119, VaAcc: 0.9556, VaLoss:  0.17582
 MAP NN | TrAcc: 0.9813 | VaAcc: 0.9546 | TeAcc: 0.9614
 S NN | TrAcc: 0.9802 | VaAcc: 0.9526 | TeAcc: 0.9629

452,  0 | TrAcc: 0.9795, TrLoss:  0.08277, VaAcc: 0.9521, VaLoss:  0.18531
 MAP NN | TrAcc: 0.9806 | VaAcc: 0.9526 | TeAcc: 0.9639
 S NN | TrAcc: 0.9800 | VaAcc: 0.9531 | TeAcc: 0.9634

453,  0 | TrAcc: 0.9805, TrLoss:  0.08258, VaAcc: 0.9482, VaLoss:  0.18817
 MAP NN | TrAcc: 0.9808 | VaAcc: 0.9482 | TeAcc: 0.9668
 S NN | TrAcc: 0.9813 | VaAcc: 0.9492 | TeAcc: 0.9673

454,  0 | TrAcc: 0.9805, TrLoss:  0.08362, VaAcc: 0.9497, VaLoss:  0.18387
 MAP NN | TrAcc: 0.9813 | VaAcc: 0.9526 | TeAcc: 0.9653
 S NN | TrAcc: 0.9807 | VaAcc: 0.9521 | TeAcc: 0.9648

455,  0 | TrAcc: 0.9757, TrLoss:  0.09133, VaAcc: 0.9502, VaLoss:  0.19172
 MAP NN | TrAcc: 0.9762 | VaAcc: 0.9517 | TeAcc: 0.9624
 S NN | TrAcc: 0.9764 | VaAcc: 0.9507 | TeAcc: 0.9609

456,  0 | TrAcc: 0.9768, TrLoss:  0.09135, VaAcc: 0.9502, VaLoss:  0.19040
 MAP NN | TrAcc: 0.9779 | VaAcc: 0.9492 | TeAcc: 0.9634
 S NN | TrAcc: 0.9778 | VaAcc: 0.9492 | TeAcc: 0.9614

457,  0 | TrAcc: 0.9802, TrLoss:  0.08419, VaAcc: 0.9502, VaLoss:  0.18165
 MAP NN | TrAcc: 0.9808 | VaAcc: 0.9526 | TeAcc: 0.9653
 S NN | TrAcc: 0.9806 | VaAcc: 0.9517 | TeAcc: 0.9658

458,  0 | TrAcc: 0.9806, TrLoss:  0.08347, VaAcc: 0.9541, VaLoss:  0.18259
 MAP NN | TrAcc: 0.9806 | VaAcc: 0.9521 | TeAcc: 0.9624
 S NN | TrAcc: 0.9806 | VaAcc: 0.9556 | TeAcc: 0.9629

459,  0 | TrAcc: 0.9790, TrLoss:  0.08522, VaAcc: 0.9521, VaLoss:  0.18748
 MAP NN | TrAcc: 0.9789 | VaAcc: 0.9497 | TeAcc: 0.9639
 S NN | TrAcc: 0.9794 | VaAcc: 0.9507 | TeAcc: 0.9634

460,  0 | TrAcc: 0.9797, TrLoss:  0.08297, VaAcc: 0.9521, VaLoss:  0.18327
 MAP NN | TrAcc: 0.9796 | VaAcc: 0.9512 | TeAcc: 0.9624
 S NN | TrAcc: 0.9803 | VaAcc: 0.9507 | TeAcc: 0.9629

461,  0 | TrAcc: 0.9792, TrLoss:  0.08343, VaAcc: 0.9521, VaLoss:  0.18523
 MAP NN | TrAcc: 0.9801 | VaAcc: 0.9517 | TeAcc: 0.9658
 S NN | TrAcc: 0.9801 | VaAcc: 0.9502 | TeAcc: 0.9648

462,  0 | TrAcc: 0.9830, TrLoss:  0.07848, VaAcc: 0.9531, VaLoss:  0.17874
 MAP NN | TrAcc: 0.9839 | VaAcc: 0.9546 | TeAcc: 0.9648
 S NN | TrAcc: 0.9841 | VaAcc: 0.9546 | TeAcc: 0.9658

463,  0 | TrAcc: 0.9827, TrLoss:  0.07862, VaAcc: 0.9502, VaLoss:  0.18418
 MAP NN | TrAcc: 0.9832 | VaAcc: 0.9502 | TeAcc: 0.9624
 S NN | TrAcc: 0.9835 | VaAcc: 0.9487 | TeAcc: 0.9634

464,  0 | TrAcc: 0.9827, TrLoss:  0.07677, VaAcc: 0.9517, VaLoss:  0.18947
 MAP NN | TrAcc: 0.9825 | VaAcc: 0.9517 | TeAcc: 0.9609
 S NN | TrAcc: 0.9824 | VaAcc: 0.9502 | TeAcc: 0.9619

465,  0 | TrAcc: 0.9799, TrLoss:  0.08711, VaAcc: 0.9497, VaLoss:  0.18965
 MAP NN | TrAcc: 0.9806 | VaAcc: 0.9512 | TeAcc: 0.9668
 S NN | TrAcc: 0.9801 | VaAcc: 0.9512 | TeAcc: 0.9658

466,  0 | TrAcc: 0.9750, TrLoss:  0.09239, VaAcc: 0.9487, VaLoss:  0.18840
 MAP NN | TrAcc: 0.9744 | VaAcc: 0.9468 | TeAcc: 0.9619
 S NN | TrAcc: 0.9745 | VaAcc: 0.9468 | TeAcc: 0.9619

467,  0 | TrAcc: 0.9792, TrLoss:  0.08572, VaAcc: 0.9531, VaLoss:  0.18324
 MAP NN | TrAcc: 0.9808 | VaAcc: 0.9531 | TeAcc: 0.9614
 S NN | TrAcc: 0.9800 | VaAcc: 0.9546 | TeAcc: 0.9619

468,  0 | TrAcc: 0.9766, TrLoss:  0.09096, VaAcc: 0.9521, VaLoss:  0.19182
 MAP NN | TrAcc: 0.9772 | VaAcc: 0.9517 | TeAcc: 0.9653
 S NN | TrAcc: 0.9775 | VaAcc: 0.9512 | TeAcc: 0.9653

469,  0 | TrAcc: 0.9812, TrLoss:  0.08340, VaAcc: 0.9478, VaLoss:  0.19519
 MAP NN | TrAcc: 0.9811 | VaAcc: 0.9492 | TeAcc: 0.9673
 S NN | TrAcc: 0.9816 | VaAcc: 0.9482 | TeAcc: 0.9663

470,  0 | TrAcc: 0.9812, TrLoss:  0.07976, VaAcc: 0.9492, VaLoss:  0.19241
 MAP NN | TrAcc: 0.9819 | VaAcc: 0.9492 | TeAcc: 0.9629
 S NN | TrAcc: 0.9818 | VaAcc: 0.9512 | TeAcc: 0.9653

471,  0 | TrAcc: 0.9812, TrLoss:  0.07877, VaAcc: 0.9521, VaLoss:  0.17984
 MAP NN | TrAcc: 0.9812 | VaAcc: 0.9507 | TeAcc: 0.9629
 S NN | TrAcc: 0.9813 | VaAcc: 0.9526 | TeAcc: 0.9644

472,  0 | TrAcc: 0.9806, TrLoss:  0.08003, VaAcc: 0.9497, VaLoss:  0.19320
 MAP NN | TrAcc: 0.9807 | VaAcc: 0.9482 | TeAcc: 0.9604
 S NN | TrAcc: 0.9811 | VaAcc: 0.9492 | TeAcc: 0.9619

473,  0 | TrAcc: 0.9650, TrLoss:  0.11801, VaAcc: 0.9463, VaLoss:  0.19669
 MAP NN | TrAcc: 0.9655 | VaAcc: 0.9468 | TeAcc: 0.9551
 S NN | TrAcc: 0.9661 | VaAcc: 0.9468 | TeAcc: 0.9570

474,  0 | TrAcc: 0.9655, TrLoss:  0.11781, VaAcc: 0.9507, VaLoss:  0.20129
 MAP NN | TrAcc: 0.9659 | VaAcc: 0.9497 | TeAcc: 0.9600
 S NN | TrAcc: 0.9644 | VaAcc: 0.9492 | TeAcc: 0.9585

475,  0 | TrAcc: 0.9728, TrLoss:  0.10864, VaAcc: 0.9492, VaLoss:  0.18655
 MAP NN | TrAcc: 0.9736 | VaAcc: 0.9502 | TeAcc: 0.9604
 S NN | TrAcc: 0.9736 | VaAcc: 0.9507 | TeAcc: 0.9600

476,  0 | TrAcc: 0.9735, TrLoss:  0.10463, VaAcc: 0.9541, VaLoss:  0.18649
 MAP NN | TrAcc: 0.9733 | VaAcc: 0.9521 | TeAcc: 0.9634
 S NN | TrAcc: 0.9727 | VaAcc: 0.9531 | TeAcc: 0.9629

477,  0 | TrAcc: 0.9762, TrLoss:  0.09398, VaAcc: 0.9487, VaLoss:  0.18640
 MAP NN | TrAcc: 0.9766 | VaAcc: 0.9512 | TeAcc: 0.9561
 S NN | TrAcc: 0.9755 | VaAcc: 0.9502 | TeAcc: 0.9565

478,  0 | TrAcc: 0.9814, TrLoss:  0.08129, VaAcc: 0.9580, VaLoss:  0.16897
 MAP NN | TrAcc: 0.9818 | VaAcc: 0.9546 | TeAcc: 0.9658
 S NN | TrAcc: 0.9822 | VaAcc: 0.9541 | TeAcc: 0.9639

479,  0 | TrAcc: 0.9821, TrLoss:  0.07892, VaAcc: 0.9512, VaLoss:  0.18400
 MAP NN | TrAcc: 0.9829 | VaAcc: 0.9526 | TeAcc: 0.9639
 S NN | TrAcc: 0.9834 | VaAcc: 0.9531 | TeAcc: 0.9639

480,  0 | TrAcc: 0.9816, TrLoss:  0.08055, VaAcc: 0.9551, VaLoss:  0.18124
 MAP NN | TrAcc: 0.9825 | VaAcc: 0.9551 | TeAcc: 0.9624
 S NN | TrAcc: 0.9823 | VaAcc: 0.9536 | TeAcc: 0.9634

481,  0 | TrAcc: 0.9803, TrLoss:  0.08483, VaAcc: 0.9541, VaLoss:  0.17924
 MAP NN | TrAcc: 0.9802 | VaAcc: 0.9565 | TeAcc: 0.9629
 S NN | TrAcc: 0.9805 | VaAcc: 0.9551 | TeAcc: 0.9629

482,  0 | TrAcc: 0.9814, TrLoss:  0.08000, VaAcc: 0.9536, VaLoss:  0.18060
 MAP NN | TrAcc: 0.9817 | VaAcc: 0.9526 | TeAcc: 0.9619
 S NN | TrAcc: 0.9817 | VaAcc: 0.9536 | TeAcc: 0.9614

483,  0 | TrAcc: 0.9825, TrLoss:  0.07806, VaAcc: 0.9512, VaLoss:  0.18454
 MAP NN | TrAcc: 0.9827 | VaAcc: 0.9497 | TeAcc: 0.9648
 S NN | TrAcc: 0.9824 | VaAcc: 0.9492 | TeAcc: 0.9653

484,  0 | TrAcc: 0.9785, TrLoss:  0.08826, VaAcc: 0.9497, VaLoss:  0.18580
 MAP NN | TrAcc: 0.9781 | VaAcc: 0.9492 | TeAcc: 0.9629
 S NN | TrAcc: 0.9773 | VaAcc: 0.9492 | TeAcc: 0.9639

485,  0 | TrAcc: 0.9718, TrLoss:  0.10210, VaAcc: 0.9487, VaLoss:  0.18798
 MAP NN | TrAcc: 0.9725 | VaAcc: 0.9512 | TeAcc: 0.9595
 S NN | TrAcc: 0.9720 | VaAcc: 0.9502 | TeAcc: 0.9604

486,  0 | TrAcc: 0.9757, TrLoss:  0.09015, VaAcc: 0.9517, VaLoss:  0.18150
 MAP NN | TrAcc: 0.9767 | VaAcc: 0.9521 | TeAcc: 0.9658
 S NN | TrAcc: 0.9767 | VaAcc: 0.9512 | TeAcc: 0.9658

487,  0 | TrAcc: 0.9797, TrLoss:  0.08297, VaAcc: 0.9521, VaLoss:  0.18140
 MAP NN | TrAcc: 0.9806 | VaAcc: 0.9526 | TeAcc: 0.9629
 S NN | TrAcc: 0.9805 | VaAcc: 0.9517 | TeAcc: 0.9619

488,  0 | TrAcc: 0.9795, TrLoss:  0.08383, VaAcc: 0.9556, VaLoss:  0.18285
 MAP NN | TrAcc: 0.9803 | VaAcc: 0.9536 | TeAcc: 0.9614
 S NN | TrAcc: 0.9806 | VaAcc: 0.9526 | TeAcc: 0.9619

489,  0 | TrAcc: 0.9808, TrLoss:  0.08131, VaAcc: 0.9492, VaLoss:  0.17992
 MAP NN | TrAcc: 0.9806 | VaAcc: 0.9502 | TeAcc: 0.9663
 S NN | TrAcc: 0.9800 | VaAcc: 0.9492 | TeAcc: 0.9678

490,  0 | TrAcc: 0.9828, TrLoss:  0.07735, VaAcc: 0.9541, VaLoss:  0.17788
 MAP NN | TrAcc: 0.9827 | VaAcc: 0.9536 | TeAcc: 0.9648
 S NN | TrAcc: 0.9830 | VaAcc: 0.9551 | TeAcc: 0.9653

491,  0 | TrAcc: 0.9822, TrLoss:  0.07697, VaAcc: 0.9541, VaLoss:  0.17804
 MAP NN | TrAcc: 0.9833 | VaAcc: 0.9546 | TeAcc: 0.9658
 S NN | TrAcc: 0.9829 | VaAcc: 0.9541 | TeAcc: 0.9648

492,  0 | TrAcc: 0.9841, TrLoss:  0.07299, VaAcc: 0.9531, VaLoss:  0.17286
 MAP NN | TrAcc: 0.9846 | VaAcc: 0.9512 | TeAcc: 0.9663
 S NN | TrAcc: 0.9850 | VaAcc: 0.9512 | TeAcc: 0.9648

493,  0 | TrAcc: 0.9829, TrLoss:  0.07742, VaAcc: 0.9561, VaLoss:  0.17486
 MAP NN | TrAcc: 0.9835 | VaAcc: 0.9556 | TeAcc: 0.9653
 S NN | TrAcc: 0.9832 | VaAcc: 0.9561 | TeAcc: 0.9644

494,  0 | TrAcc: 0.9839, TrLoss:  0.07440, VaAcc: 0.9551, VaLoss:  0.17959
 MAP NN | TrAcc: 0.9847 | VaAcc: 0.9561 | TeAcc: 0.9629
 S NN | TrAcc: 0.9845 | VaAcc: 0.9565 | TeAcc: 0.9644

495,  0 | TrAcc: 0.9807, TrLoss:  0.08236, VaAcc: 0.9541, VaLoss:  0.18161
 MAP NN | TrAcc: 0.9808 | VaAcc: 0.9561 | TeAcc: 0.9634
 S NN | TrAcc: 0.9799 | VaAcc: 0.9556 | TeAcc: 0.9634

496,  0 | TrAcc: 0.9806, TrLoss:  0.08221, VaAcc: 0.9512, VaLoss:  0.18696
 MAP NN | TrAcc: 0.9808 | VaAcc: 0.9492 | TeAcc: 0.9609
 S NN | TrAcc: 0.9813 | VaAcc: 0.9492 | TeAcc: 0.9629

497,  0 | TrAcc: 0.9808, TrLoss:  0.08401, VaAcc: 0.9531, VaLoss:  0.17571
 MAP NN | TrAcc: 0.9813 | VaAcc: 0.9531 | TeAcc: 0.9644
 S NN | TrAcc: 0.9812 | VaAcc: 0.9531 | TeAcc: 0.9658

498,  0 | TrAcc: 0.9818, TrLoss:  0.07819, VaAcc: 0.9512, VaLoss:  0.18214
 MAP NN | TrAcc: 0.9822 | VaAcc: 0.9512 | TeAcc: 0.9658
 S NN | TrAcc: 0.9819 | VaAcc: 0.9487 | TeAcc: 0.9663

499,  0 | TrAcc: 0.9839, TrLoss:  0.07407, VaAcc: 0.9561, VaLoss:  0.17446
 MAP NN | TrAcc: 0.9846 | VaAcc: 0.9541 | TeAcc: 0.9644
 S NN | TrAcc: 0.9843 | VaAcc: 0.9551 | TeAcc: 0.9634

Results for va_b
Metric: elogl 
 0.367 in iteration    0
Metric: acc   
 95.80 % in iteration  478
Results for va_s
Metric: acc   
 95.70 % in iteration  433
Metric: loss  
EARLY STOP FOR te_s
 96.14 % in iteration  433
