te
(1450, 4, 45)
tr
(8080, 4, 45)
va
(1730, 4, 45)

=============================
CONFIG FILE
====================================
Training configuration

Learning rate: 0.2, 	Learning rate anneal: inf, 	Tau:  1.0
Algorithm: reparametrization, 	STE: disabled, 	n forward passes: 1
Var reg: 0.0, 	Dir reg: 0.0, 	Ent reg: 0.0
Data multiplier: None
Gradient clipping: False, 	Gradient clip value: 1.0

Layer #0
output_layer
Layer norm: False, 	LR Adapt: 
Dropout: False, 	p_dropout: 0.95

Layer #1
lstm_0
Layer norm: False, 	LR Adapt: 
Dropout: False, 	p_dropout: 0.95

Layer #2
lstm_1
Layer norm: False, 	LR Adapt: 
Dropout: False, 	p_dropout: 0.95
====================================
RNN configuration

Layer #0, 	Type: input_layer, 	Scope: 
Units: 4, 	N activation bins: None

Layer #1, 	Type: lstm layer, 	Scope: lstm_0
Units: 50, 	N activation bins: None
Bias: True, 	N activation bins: 2, 	Discrete activation: False
Type: ternary, 	Parametetrization: sigmoid, 	Priors: [0.3333333333333333, 0.3333333333333333, 0.3333333333333333]
p_init_min: 0.05, 	p_init_max: 0.95
SB init: ('xavier', None), 	SA init: ('dirichlet', [0.3, 0.3, 0.3])
Type: gaussian, 	M init: ('constant', -1.5), 	Log V init: ('constant', -9.210340371976182)
M prior: 0.0, 	 Log V prior: 0.0
None
Bias: True, 	N activation bins: 2, 	Discrete activation: False
Type: ternary, 	Parametetrization: sigmoid, 	Priors: [0.3333333333333333, 0.3333333333333333, 0.3333333333333333]
p_init_min: 0.05, 	p_init_max: 0.95
SB init: ('xavier', None), 	SA init: ('dirichlet', [0.3, 0.3, 0.3])
Type: gaussian, 	M init: ('xavier', None), 	Log V init: ('constant', -9.210340371976182)
M prior: 0.0, 	 Log V prior: 0.0
None
Bias: True, 	N activation bins: 2, 	Discrete activation: False
Type: ternary, 	Parametetrization: sigmoid, 	Priors: [0.3333333333333333, 0.3333333333333333, 0.3333333333333333]
p_init_min: 0.05, 	p_init_max: 0.95
SB init: ('xavier', None), 	SA init: ('dirichlet', [0.3, 0.3, 0.3])
Type: gaussian, 	M init: ('xavier', None), 	Log V init: ('constant', -9.210340371976182)
M prior: 0.0, 	 Log V prior: 0.0
None

Layer #2, 	Type: lstm layer, 	Scope: lstm_1
Units: 30, 	N activation bins: None
Bias: True, 	N activation bins: 2, 	Discrete activation: False
Type: ternary, 	Parametetrization: sigmoid, 	Priors: [0.3333333333333333, 0.3333333333333333, 0.3333333333333333]
p_init_min: 0.05, 	p_init_max: 0.95
SB init: ('xavier', None), 	SA init: ('dirichlet', [0.3, 0.3, 0.3])
Type: gaussian, 	M init: ('constant', -1.5), 	Log V init: ('constant', -9.210340371976182)
M prior: 0.0, 	 Log V prior: 0.0
None
Bias: True, 	N activation bins: 2, 	Discrete activation: False
Type: ternary, 	Parametetrization: sigmoid, 	Priors: [0.3333333333333333, 0.3333333333333333, 0.3333333333333333]
p_init_min: 0.05, 	p_init_max: 0.95
SB init: ('xavier', None), 	SA init: ('dirichlet', [0.3, 0.3, 0.3])
Type: gaussian, 	M init: ('xavier', None), 	Log V init: ('constant', -9.210340371976182)
M prior: 0.0, 	 Log V prior: 0.0
None
Bias: True, 	N activation bins: 2, 	Discrete activation: False
Type: ternary, 	Parametetrization: sigmoid, 	Priors: [0.3333333333333333, 0.3333333333333333, 0.3333333333333333]
p_init_min: 0.05, 	p_init_max: 0.95
SB init: ('xavier', None), 	SA init: ('dirichlet', [0.3, 0.3, 0.3])
Type: gaussian, 	M init: ('xavier', None), 	Log V init: ('constant', -9.210340371976182)
M prior: 0.0, 	 Log V prior: 0.0
None

Layer #3, 	Type: ff layer, 	Scope: output_layer
Units: 10, 	N activation bins: None
====================================
Dataset configuration

Filename: /clusterFS/home/student/kopp13/datasets/mnist_pen_strokes/mps_all_te.mat
Key: te, 	In seq len: 45
Minibatch:  True, 	Size: 1024
Target bias removed: True, 	Shuffle: False

Filename: /clusterFS/home/student/kopp13/datasets/mnist_pen_strokes/mps_all_tr.mat
Key: tr, 	In seq len: 45
Minibatch:  True, 	Size: 1024
Target bias removed: True, 	Shuffle: True

Filename: /clusterFS/home/student/kopp13/datasets/mnist_pen_strokes/mps_all_va.mat
Key: va, 	In seq len: 45
Minibatch:  True, 	Size: 1024
Target bias removed: True, 	Shuffle: False
====================================
Info configuration

Filename:  test
Timer: False, 	Profiling: False, 	Profiling path: None
Save training metrics: True, 	Path: ../nr_spsc/
Save weights: False, 	Every: 1, 	Save best weights: False
Compute T Metrics every: 1

Load model from m_model2, 	 Force it: True
No model saving

starting
[('lstm_0/bc:0', 'lstm_0/bc'), ('lstm_0/bi:0', 'lstm_0/bi'), ('lstm_0/bo:0', 'lstm_0/bo'), ('lstm_0/wc:0', 'lstm_0/wc'), ('lstm_0/wi:0', 'lstm_0/wi'), ('lstm_0/wo:0', 'lstm_0/wo'), ('lstm_1/bc:0', 'lstm_1/bc'), ('lstm_1/bi:0', 'lstm_1/bi'), ('lstm_1/bo:0', 'lstm_1/bo'), ('lstm_1/wc:0', 'lstm_1/wc'), ('lstm_1/wi:0', 'lstm_1/wi'), ('lstm_1/wo:0', 'lstm_1/wo'), ('output_layer/b:0', 'output_layer/b'), ('output_layer/w:0', 'output_layer/w')]
output_layer/w
output_layer/b
=====
New variable
lstm_0/bc:0
lstm_0/bc
=====
New variable
lstm_0/bi:0
lstm_0/bi
=====
New variable
lstm_0/bo:0
lstm_0/bo
=====
New variable
lstm_0/wc:0
lstm_0/wc
=====
New variable
lstm_0/wi:0
lstm_0/wi
=====
New variable
lstm_0/wo:0
lstm_0/wo
=====
New variable
lstm_1/bc:0
lstm_1/bc
=====
New variable
lstm_1/bi:0
lstm_1/bi
=====
New variable
lstm_1/bo:0
lstm_1/bo
=====
New variable
lstm_1/wc:0
lstm_1/wc
=====
New variable
lstm_1/wi:0
lstm_1/wi
=====
New variable
lstm_1/wo:0
lstm_1/wo
=====
New variable
output_layer/b:0
output_layer/b
=====
New variable
output_layer/w:0
output_layer/w
=====
loaded
  0,  0 | TrAcc: 0.3430, TrLoss:  1.98678, VaAcc: 0.5190, VaLoss:  1.68389
 MAP NN | TrAcc: 0.6309 | VaAcc: 0.6904 | TeAcc: 0.7437
 S NN | TrAcc: 0.3046 | VaAcc: 0.1758 | TeAcc: 0.4897

  1,  0 | TrAcc: 0.5667, TrLoss:  1.35149, VaAcc: 0.6411, VaLoss:  1.18045
 MAP NN | TrAcc: 0.7686 | VaAcc: 0.7837 | TeAcc: 0.5493
 S NN | TrAcc: 0.3861 | VaAcc: 0.4746 | TeAcc: 0.6196

  2,  0 | TrAcc: 0.5391, TrLoss:  1.57947, VaAcc: 0.6660, VaLoss:  1.25925
 MAP NN | TrAcc: 0.6775 | VaAcc: 0.7212 | TeAcc: 0.7720
 S NN | TrAcc: 0.5255 | VaAcc: 0.5918 | TeAcc: 0.3901

  3,  0 | TrAcc: 0.6885, TrLoss:  1.01701, VaAcc: 0.6875, VaLoss:  0.97521
 MAP NN | TrAcc: 0.7076 | VaAcc: 0.7500 | TeAcc: 0.8052
 S NN | TrAcc: 0.5028 | VaAcc: 0.6992 | TeAcc: 0.5664

  4,  0 | TrAcc: 0.7203, TrLoss:  0.89346, VaAcc: 0.7690, VaLoss:  0.79004
 MAP NN | TrAcc: 0.7930 | VaAcc: 0.8071 | TeAcc: 0.8555
 S NN | TrAcc: 0.5883 | VaAcc: 0.6909 | TeAcc: 0.7500

  5,  0 | TrAcc: 0.7666, TrLoss:  0.74165, VaAcc: 0.7793, VaLoss:  0.67627
 MAP NN | TrAcc: 0.8268 | VaAcc: 0.8496 | TeAcc: 0.8862
 S NN | TrAcc: 0.7229 | VaAcc: 0.7246 | TeAcc: 0.4780

  6,  0 | TrAcc: 0.8053, TrLoss:  0.64079, VaAcc: 0.8335, VaLoss:  0.51470
 MAP NN | TrAcc: 0.7876 | VaAcc: 0.8154 | TeAcc: 0.8545
 S NN | TrAcc: 0.6788 | VaAcc: 0.7549 | TeAcc: 0.5273

  7,  0 | TrAcc: 0.8265, TrLoss:  0.58820, VaAcc: 0.8428, VaLoss:  0.57881
 MAP NN | TrAcc: 0.8555 | VaAcc: 0.8711 | TeAcc: 0.9019
 S NN | TrAcc: 0.7330 | VaAcc: 0.7622 | TeAcc: 0.7505

  8,  0 | TrAcc: 0.8450, TrLoss:  0.50190, VaAcc: 0.8584, VaLoss:  0.51209
 MAP NN | TrAcc: 0.8090 | VaAcc: 0.8364 | TeAcc: 0.8755
 S NN | TrAcc: 0.7885 | VaAcc: 0.6958 | TeAcc: 0.5000

  9,  0 | TrAcc: 0.8417, TrLoss:  0.52180, VaAcc: 0.8374, VaLoss:  0.54012
 MAP NN | TrAcc: 0.8633 | VaAcc: 0.8740 | TeAcc: 0.9092
 S NN | TrAcc: 0.7050 | VaAcc: 0.7646 | TeAcc: 0.5537

 10,  0 | TrAcc: 0.8734, TrLoss:  0.42800, VaAcc: 0.8960, VaLoss:  0.37512
 MAP NN | TrAcc: 0.8796 | VaAcc: 0.8936 | TeAcc: 0.9282
 S NN | TrAcc: 0.8003 | VaAcc: 0.8438 | TeAcc: 0.8716

 11,  0 | TrAcc: 0.8829, TrLoss:  0.40672, VaAcc: 0.8999, VaLoss:  0.37467
 MAP NN | TrAcc: 0.9005 | VaAcc: 0.8916 | TeAcc: 0.9336
 S NN | TrAcc: 0.8229 | VaAcc: 0.8076 | TeAcc: 0.8384

 12,  0 | TrAcc: 0.8678, TrLoss:  0.43800, VaAcc: 0.8960, VaLoss:  0.37529
 MAP NN | TrAcc: 0.8672 | VaAcc: 0.8687 | TeAcc: 0.9141
 S NN | TrAcc: 0.8069 | VaAcc: 0.8286 | TeAcc: 0.8491

 13,  0 | TrAcc: 0.8859, TrLoss:  0.36770, VaAcc: 0.8716, VaLoss:  0.42711
 MAP NN | TrAcc: 0.8817 | VaAcc: 0.8887 | TeAcc: 0.9243
 S NN | TrAcc: 0.7933 | VaAcc: 0.7944 | TeAcc: 0.8198

 14,  0 | TrAcc: 0.8987, TrLoss:  0.33208, VaAcc: 0.9014, VaLoss:  0.37846
 MAP NN | TrAcc: 0.8934 | VaAcc: 0.8965 | TeAcc: 0.9336
 S NN | TrAcc: 0.7577 | VaAcc: 0.8374 | TeAcc: 0.5923

 15,  0 | TrAcc: 0.9030, TrLoss:  0.32759, VaAcc: 0.9077, VaLoss:  0.34388
 MAP NN | TrAcc: 0.9120 | VaAcc: 0.9102 | TeAcc: 0.9370
 S NN | TrAcc: 0.8151 | VaAcc: 0.8706 | TeAcc: 0.5903

 16,  0 | TrAcc: 0.9003, TrLoss:  0.32774, VaAcc: 0.9136, VaLoss:  0.31560
 MAP NN | TrAcc: 0.9083 | VaAcc: 0.9087 | TeAcc: 0.9390
 S NN | TrAcc: 0.8455 | VaAcc: 0.6689 | TeAcc: 0.8926

 17,  0 | TrAcc: 0.9142, TrLoss:  0.30376, VaAcc: 0.9067, VaLoss:  0.34163
 MAP NN | TrAcc: 0.9012 | VaAcc: 0.9097 | TeAcc: 0.9316
 S NN | TrAcc: 0.8330 | VaAcc: 0.8589 | TeAcc: 0.8945

 18,  0 | TrAcc: 0.9104, TrLoss:  0.29443, VaAcc: 0.9204, VaLoss:  0.34303
 MAP NN | TrAcc: 0.9185 | VaAcc: 0.9121 | TeAcc: 0.9424
 S NN | TrAcc: 0.8533 | VaAcc: 0.8638 | TeAcc: 0.9058

 19,  0 | TrAcc: 0.9213, TrLoss:  0.26574, VaAcc: 0.9336, VaLoss:  0.27129
 MAP NN | TrAcc: 0.9097 | VaAcc: 0.9043 | TeAcc: 0.9351
 S NN | TrAcc: 0.8499 | VaAcc: 0.8638 | TeAcc: 0.9136

 20,  0 | TrAcc: 0.9221, TrLoss:  0.26083, VaAcc: 0.9346, VaLoss:  0.25002
 MAP NN | TrAcc: 0.9160 | VaAcc: 0.9072 | TeAcc: 0.9429
 S NN | TrAcc: 0.8718 | VaAcc: 0.8755 | TeAcc: 0.8916

 21,  0 | TrAcc: 0.9243, TrLoss:  0.25592, VaAcc: 0.9307, VaLoss:  0.27184
 MAP NN | TrAcc: 0.9175 | VaAcc: 0.9106 | TeAcc: 0.9453
 S NN | TrAcc: 0.8979 | VaAcc: 0.8911 | TeAcc: 0.9189

 22,  0 | TrAcc: 0.9241, TrLoss:  0.25883, VaAcc: 0.9316, VaLoss:  0.24270
 MAP NN | TrAcc: 0.9094 | VaAcc: 0.8970 | TeAcc: 0.9341
 S NN | TrAcc: 0.7809 | VaAcc: 0.8550 | TeAcc: 0.5962

 23,  0 | TrAcc: 0.9274, TrLoss:  0.23510, VaAcc: 0.9365, VaLoss:  0.24669
 MAP NN | TrAcc: 0.9203 | VaAcc: 0.9116 | TeAcc: 0.9443
 S NN | TrAcc: 0.8680 | VaAcc: 0.8696 | TeAcc: 0.8560

 24,  0 | TrAcc: 0.9270, TrLoss:  0.23808, VaAcc: 0.9229, VaLoss:  0.26894
 MAP NN | TrAcc: 0.9181 | VaAcc: 0.9097 | TeAcc: 0.9424
 S NN | TrAcc: 0.8726 | VaAcc: 0.9062 | TeAcc: 0.9292

 25,  0 | TrAcc: 0.9277, TrLoss:  0.23971, VaAcc: 0.9336, VaLoss:  0.25993
 MAP NN | TrAcc: 0.9222 | VaAcc: 0.9175 | TeAcc: 0.9443
 S NN | TrAcc: 0.8425 | VaAcc: 0.8716 | TeAcc: 0.9097

 26,  0 | TrAcc: 0.9252, TrLoss:  0.25176, VaAcc: 0.9282, VaLoss:  0.26383
 MAP NN | TrAcc: 0.9097 | VaAcc: 0.9092 | TeAcc: 0.9351
 S NN | TrAcc: 0.8630 | VaAcc: 0.8755 | TeAcc: 0.9102

 27,  0 | TrAcc: 0.9360, TrLoss:  0.21678, VaAcc: 0.9307, VaLoss:  0.26252
 MAP NN | TrAcc: 0.9335 | VaAcc: 0.9204 | TeAcc: 0.9507
 S NN | TrAcc: 0.9161 | VaAcc: 0.8989 | TeAcc: 0.9346

 28,  0 | TrAcc: 0.9399, TrLoss:  0.20400, VaAcc: 0.9302, VaLoss:  0.23914
 MAP NN | TrAcc: 0.9364 | VaAcc: 0.9316 | TeAcc: 0.9517
 S NN | TrAcc: 0.8960 | VaAcc: 0.9082 | TeAcc: 0.9312

 29,  0 | TrAcc: 0.9384, TrLoss:  0.19581, VaAcc: 0.9414, VaLoss:  0.22319
 MAP NN | TrAcc: 0.9402 | VaAcc: 0.9307 | TeAcc: 0.9521
 S NN | TrAcc: 0.9036 | VaAcc: 0.9009 | TeAcc: 0.8525

 30,  0 | TrAcc: 0.9419, TrLoss:  0.19352, VaAcc: 0.9346, VaLoss:  0.22850
 MAP NN | TrAcc: 0.9382 | VaAcc: 0.9287 | TeAcc: 0.9517
 S NN | TrAcc: 0.9010 | VaAcc: 0.8906 | TeAcc: 0.9380

 31,  0 | TrAcc: 0.9398, TrLoss:  0.19921, VaAcc: 0.9336, VaLoss:  0.22777
 MAP NN | TrAcc: 0.9357 | VaAcc: 0.9253 | TeAcc: 0.9521
 S NN | TrAcc: 0.9139 | VaAcc: 0.9229 | TeAcc: 0.9111

 32,  0 | TrAcc: 0.9432, TrLoss:  0.19285, VaAcc: 0.9360, VaLoss:  0.22170
 MAP NN | TrAcc: 0.9471 | VaAcc: 0.9326 | TeAcc: 0.9614
 S NN | TrAcc: 0.8719 | VaAcc: 0.8970 | TeAcc: 0.9326

 33,  0 | TrAcc: 0.9471, TrLoss:  0.18665, VaAcc: 0.9351, VaLoss:  0.23235
 MAP NN | TrAcc: 0.9381 | VaAcc: 0.9268 | TeAcc: 0.9536
 S NN | TrAcc: 0.8923 | VaAcc: 0.8955 | TeAcc: 0.9321

 34,  0 | TrAcc: 0.9384, TrLoss:  0.20339, VaAcc: 0.9336, VaLoss:  0.23171
 MAP NN | TrAcc: 0.9418 | VaAcc: 0.9331 | TeAcc: 0.9565
 S NN | TrAcc: 0.9131 | VaAcc: 0.8975 | TeAcc: 0.9224

 35,  0 | TrAcc: 0.9392, TrLoss:  0.19884, VaAcc: 0.9360, VaLoss:  0.22405
 MAP NN | TrAcc: 0.9448 | VaAcc: 0.9326 | TeAcc: 0.9551
 S NN | TrAcc: 0.9062 | VaAcc: 0.9150 | TeAcc: 0.9404

 36,  0 | TrAcc: 0.9393, TrLoss:  0.19795, VaAcc: 0.9429, VaLoss:  0.21370
 MAP NN | TrAcc: 0.9382 | VaAcc: 0.9312 | TeAcc: 0.9536
 S NN | TrAcc: 0.9280 | VaAcc: 0.9033 | TeAcc: 0.9253

 37,  0 | TrAcc: 0.9473, TrLoss:  0.18468, VaAcc: 0.9434, VaLoss:  0.20819
 MAP NN | TrAcc: 0.9532 | VaAcc: 0.9395 | TeAcc: 0.9590
 S NN | TrAcc: 0.9186 | VaAcc: 0.7202 | TeAcc: 0.9443

 38,  0 | TrAcc: 0.9509, TrLoss:  0.17362, VaAcc: 0.9453, VaLoss:  0.20330
 MAP NN | TrAcc: 0.9501 | VaAcc: 0.9399 | TeAcc: 0.9600
 S NN | TrAcc: 0.9280 | VaAcc: 0.9072 | TeAcc: 0.9448

 39,  0 | TrAcc: 0.9473, TrLoss:  0.17666, VaAcc: 0.9409, VaLoss:  0.20341
 MAP NN | TrAcc: 0.9512 | VaAcc: 0.9438 | TeAcc: 0.9526
 S NN | TrAcc: 0.9095 | VaAcc: 0.9136 | TeAcc: 0.9341

 40,  0 | TrAcc: 0.9469, TrLoss:  0.16916, VaAcc: 0.9414, VaLoss:  0.20179
 MAP NN | TrAcc: 0.9532 | VaAcc: 0.9419 | TeAcc: 0.9570
 S NN | TrAcc: 0.9323 | VaAcc: 0.9106 | TeAcc: 0.9385

 41,  0 | TrAcc: 0.9524, TrLoss:  0.16445, VaAcc: 0.9429, VaLoss:  0.20120
 MAP NN | TrAcc: 0.9447 | VaAcc: 0.9302 | TeAcc: 0.9478
 S NN | TrAcc: 0.9283 | VaAcc: 0.9126 | TeAcc: 0.9478

 42,  0 | TrAcc: 0.9525, TrLoss:  0.15780, VaAcc: 0.9443, VaLoss:  0.20745
 MAP NN | TrAcc: 0.9554 | VaAcc: 0.9424 | TeAcc: 0.9590
 S NN | TrAcc: 0.9170 | VaAcc: 0.8999 | TeAcc: 0.9443

 43,  0 | TrAcc: 0.9514, TrLoss:  0.16359, VaAcc: 0.9463, VaLoss:  0.18961
 MAP NN | TrAcc: 0.9518 | VaAcc: 0.9414 | TeAcc: 0.9614
 S NN | TrAcc: 0.9181 | VaAcc: 0.9053 | TeAcc: 0.9341

 44,  0 | TrAcc: 0.9531, TrLoss:  0.15949, VaAcc: 0.9360, VaLoss:  0.21768
 MAP NN | TrAcc: 0.9529 | VaAcc: 0.9409 | TeAcc: 0.9609
 S NN | TrAcc: 0.9180 | VaAcc: 0.9331 | TeAcc: 0.9487

 45,  0 | TrAcc: 0.9491, TrLoss:  0.17070, VaAcc: 0.9438, VaLoss:  0.21970
 MAP NN | TrAcc: 0.9515 | VaAcc: 0.9370 | TeAcc: 0.9604
 S NN | TrAcc: 0.9307 | VaAcc: 0.9224 | TeAcc: 0.9438

 46,  0 | TrAcc: 0.9525, TrLoss:  0.15640, VaAcc: 0.9482, VaLoss:  0.19968
 MAP NN | TrAcc: 0.9430 | VaAcc: 0.9302 | TeAcc: 0.9517
 S NN | TrAcc: 0.9187 | VaAcc: 0.9312 | TeAcc: 0.9390

 47,  0 | TrAcc: 0.9567, TrLoss:  0.15296, VaAcc: 0.9502, VaLoss:  0.18084
 MAP NN | TrAcc: 0.9492 | VaAcc: 0.9326 | TeAcc: 0.9556
 S NN | TrAcc: 0.8613 | VaAcc: 0.8892 | TeAcc: 0.9233

 48,  0 | TrAcc: 0.9508, TrLoss:  0.15858, VaAcc: 0.9429, VaLoss:  0.21076
 MAP NN | TrAcc: 0.9534 | VaAcc: 0.9404 | TeAcc: 0.9644
 S NN | TrAcc: 0.9286 | VaAcc: 0.9165 | TeAcc: 0.9438

 49,  0 | TrAcc: 0.9517, TrLoss:  0.15965, VaAcc: 0.9414, VaLoss:  0.22026
 MAP NN | TrAcc: 0.9526 | VaAcc: 0.9409 | TeAcc: 0.9609
 S NN | TrAcc: 0.8993 | VaAcc: 0.8882 | TeAcc: 0.9478

 50,  0 | TrAcc: 0.9563, TrLoss:  0.14558, VaAcc: 0.9487, VaLoss:  0.19538
 MAP NN | TrAcc: 0.9525 | VaAcc: 0.9443 | TeAcc: 0.9595
 S NN | TrAcc: 0.9385 | VaAcc: 0.9204 | TeAcc: 0.9512

 51,  0 | TrAcc: 0.9611, TrLoss:  0.13681, VaAcc: 0.9434, VaLoss:  0.19341
 MAP NN | TrAcc: 0.9500 | VaAcc: 0.9380 | TeAcc: 0.9609
 S NN | TrAcc: 0.9447 | VaAcc: 0.9126 | TeAcc: 0.9585

 52,  0 | TrAcc: 0.9565, TrLoss:  0.14595, VaAcc: 0.9517, VaLoss:  0.17469
 MAP NN | TrAcc: 0.9475 | VaAcc: 0.9380 | TeAcc: 0.9595
 S NN | TrAcc: 0.9373 | VaAcc: 0.9365 | TeAcc: 0.9502

 53,  0 | TrAcc: 0.9592, TrLoss:  0.13843, VaAcc: 0.9419, VaLoss:  0.21833
 MAP NN | TrAcc: 0.9537 | VaAcc: 0.9419 | TeAcc: 0.9561
 S NN | TrAcc: 0.9233 | VaAcc: 0.9287 | TeAcc: 0.9556

 54,  0 | TrAcc: 0.9576, TrLoss:  0.14611, VaAcc: 0.9453, VaLoss:  0.19898
 MAP NN | TrAcc: 0.9541 | VaAcc: 0.9390 | TeAcc: 0.9570
 S NN | TrAcc: 0.9296 | VaAcc: 0.9238 | TeAcc: 0.9517

 55,  0 | TrAcc: 0.9596, TrLoss:  0.13393, VaAcc: 0.9468, VaLoss:  0.19823
 MAP NN | TrAcc: 0.9589 | VaAcc: 0.9429 | TeAcc: 0.9648
 S NN | TrAcc: 0.9247 | VaAcc: 0.9185 | TeAcc: 0.9531

 56,  0 | TrAcc: 0.9596, TrLoss:  0.13449, VaAcc: 0.9531, VaLoss:  0.18127
 MAP NN | TrAcc: 0.9597 | VaAcc: 0.9448 | TeAcc: 0.9658
 S NN | TrAcc: 0.9489 | VaAcc: 0.9087 | TeAcc: 0.9575

 57,  0 | TrAcc: 0.9611, TrLoss:  0.12816, VaAcc: 0.9438, VaLoss:  0.20253
 MAP NN | TrAcc: 0.9620 | VaAcc: 0.9365 | TeAcc: 0.9673
 S NN | TrAcc: 0.8850 | VaAcc: 0.9219 | TeAcc: 0.9351

 58,  0 | TrAcc: 0.9603, TrLoss:  0.12942, VaAcc: 0.9478, VaLoss:  0.18995
 MAP NN | TrAcc: 0.9622 | VaAcc: 0.9414 | TeAcc: 0.9697
 S NN | TrAcc: 0.9404 | VaAcc: 0.9326 | TeAcc: 0.6440

 59,  0 | TrAcc: 0.9633, TrLoss:  0.12642, VaAcc: 0.9453, VaLoss:  0.18479
 MAP NN | TrAcc: 0.9625 | VaAcc: 0.9453 | TeAcc: 0.9658
 S NN | TrAcc: 0.9437 | VaAcc: 0.9316 | TeAcc: 0.9487

 60,  0 | TrAcc: 0.9630, TrLoss:  0.12425, VaAcc: 0.9512, VaLoss:  0.19035
 MAP NN | TrAcc: 0.9620 | VaAcc: 0.9438 | TeAcc: 0.9688
 S NN | TrAcc: 0.9355 | VaAcc: 0.9136 | TeAcc: 0.9365

 61,  0 | TrAcc: 0.9624, TrLoss:  0.12372, VaAcc: 0.9536, VaLoss:  0.18608
 MAP NN | TrAcc: 0.9631 | VaAcc: 0.9453 | TeAcc: 0.9629
 S NN | TrAcc: 0.9152 | VaAcc: 0.9170 | TeAcc: 0.9512

 62,  0 | TrAcc: 0.9645, TrLoss:  0.12186, VaAcc: 0.9497, VaLoss:  0.18710
 MAP NN | TrAcc: 0.9602 | VaAcc: 0.9424 | TeAcc: 0.9673
 S NN | TrAcc: 0.9382 | VaAcc: 0.9429 | TeAcc: 0.9346

 63,  0 | TrAcc: 0.9626, TrLoss:  0.12446, VaAcc: 0.9531, VaLoss:  0.18279
 MAP NN | TrAcc: 0.9637 | VaAcc: 0.9468 | TeAcc: 0.9648
 S NN | TrAcc: 0.9495 | VaAcc: 0.9341 | TeAcc: 0.6650

 64,  0 | TrAcc: 0.9662, TrLoss:  0.11213, VaAcc: 0.9473, VaLoss:  0.18711
 MAP NN | TrAcc: 0.9652 | VaAcc: 0.9497 | TeAcc: 0.9688
 S NN | TrAcc: 0.9430 | VaAcc: 0.9375 | TeAcc: 0.9468

 65,  0 | TrAcc: 0.9633, TrLoss:  0.12129, VaAcc: 0.9448, VaLoss:  0.19601
 MAP NN | TrAcc: 0.9646 | VaAcc: 0.9536 | TeAcc: 0.9697
 S NN | TrAcc: 0.9261 | VaAcc: 0.9351 | TeAcc: 0.9536

 66,  0 | TrAcc: 0.9658, TrLoss:  0.11596, VaAcc: 0.9565, VaLoss:  0.16910
 MAP NN | TrAcc: 0.9641 | VaAcc: 0.9512 | TeAcc: 0.9683
 S NN | TrAcc: 0.9417 | VaAcc: 0.9292 | TeAcc: 0.9604

 67,  0 | TrAcc: 0.9639, TrLoss:  0.12048, VaAcc: 0.9497, VaLoss:  0.17936
 MAP NN | TrAcc: 0.9615 | VaAcc: 0.9492 | TeAcc: 0.9648
 S NN | TrAcc: 0.9431 | VaAcc: 0.9463 | TeAcc: 0.9399

 68,  0 | TrAcc: 0.9681, TrLoss:  0.11044, VaAcc: 0.9536, VaLoss:  0.17949
 MAP NN | TrAcc: 0.9659 | VaAcc: 0.9521 | TeAcc: 0.9668
 S NN | TrAcc: 0.9542 | VaAcc: 0.9302 | TeAcc: 0.9644

 69,  0 | TrAcc: 0.9662, TrLoss:  0.11429, VaAcc: 0.9546, VaLoss:  0.17225
 MAP NN | TrAcc: 0.9664 | VaAcc: 0.9536 | TeAcc: 0.9678
 S NN | TrAcc: 0.9336 | VaAcc: 0.9438 | TeAcc: 0.9590

 70,  0 | TrAcc: 0.9655, TrLoss:  0.11455, VaAcc: 0.9507, VaLoss:  0.17816
 MAP NN | TrAcc: 0.9634 | VaAcc: 0.9473 | TeAcc: 0.9668
 S NN | TrAcc: 0.9432 | VaAcc: 0.9370 | TeAcc: 0.9575

 71,  0 | TrAcc: 0.9673, TrLoss:  0.11029, VaAcc: 0.9570, VaLoss:  0.16730
 MAP NN | TrAcc: 0.9611 | VaAcc: 0.9478 | TeAcc: 0.9673
 S NN | TrAcc: 0.9525 | VaAcc: 0.9468 | TeAcc: 0.9575

 72,  0 | TrAcc: 0.9686, TrLoss:  0.11129, VaAcc: 0.9482, VaLoss:  0.19162
 MAP NN | TrAcc: 0.9685 | VaAcc: 0.9482 | TeAcc: 0.9673
 S NN | TrAcc: 0.9570 | VaAcc: 0.9287 | TeAcc: 0.9565

 73,  0 | TrAcc: 0.9666, TrLoss:  0.11114, VaAcc: 0.9561, VaLoss:  0.17140
 MAP NN | TrAcc: 0.9669 | VaAcc: 0.9512 | TeAcc: 0.9653
 S NN | TrAcc: 0.9390 | VaAcc: 0.9399 | TeAcc: 0.9438

 74,  0 | TrAcc: 0.9695, TrLoss:  0.10265, VaAcc: 0.9590, VaLoss:  0.15062
 MAP NN | TrAcc: 0.9685 | VaAcc: 0.9526 | TeAcc: 0.9668
 S NN | TrAcc: 0.9510 | VaAcc: 0.9307 | TeAcc: 0.9619

 75,  0 | TrAcc: 0.9701, TrLoss:  0.10414, VaAcc: 0.9536, VaLoss:  0.17489
 MAP NN | TrAcc: 0.9683 | VaAcc: 0.9502 | TeAcc: 0.9673
 S NN | TrAcc: 0.9410 | VaAcc: 0.9365 | TeAcc: 0.9541

 76,  0 | TrAcc: 0.9719, TrLoss:  0.09627, VaAcc: 0.9531, VaLoss:  0.18373
 MAP NN | TrAcc: 0.9680 | VaAcc: 0.9507 | TeAcc: 0.9663
 S NN | TrAcc: 0.9535 | VaAcc: 0.9414 | TeAcc: 0.9438

 77,  0 | TrAcc: 0.9691, TrLoss:  0.10175, VaAcc: 0.9556, VaLoss:  0.17358
 MAP NN | TrAcc: 0.9655 | VaAcc: 0.9463 | TeAcc: 0.9658
 S NN | TrAcc: 0.9507 | VaAcc: 0.9175 | TeAcc: 0.9546

 78,  0 | TrAcc: 0.9698, TrLoss:  0.10237, VaAcc: 0.9565, VaLoss:  0.17461
 MAP NN | TrAcc: 0.9663 | VaAcc: 0.9463 | TeAcc: 0.9663
 S NN | TrAcc: 0.9500 | VaAcc: 0.9380 | TeAcc: 0.9609

 79,  0 | TrAcc: 0.9708, TrLoss:  0.09855, VaAcc: 0.9507, VaLoss:  0.18256
 MAP NN | TrAcc: 0.9663 | VaAcc: 0.9482 | TeAcc: 0.9629
 S NN | TrAcc: 0.9580 | VaAcc: 0.9482 | TeAcc: 0.9614

 80,  0 | TrAcc: 0.9662, TrLoss:  0.10562, VaAcc: 0.9478, VaLoss:  0.19279
 MAP NN | TrAcc: 0.9642 | VaAcc: 0.9458 | TeAcc: 0.9653
 S NN | TrAcc: 0.9469 | VaAcc: 0.9229 | TeAcc: 0.9531

 81,  0 | TrAcc: 0.9651, TrLoss:  0.11409, VaAcc: 0.9512, VaLoss:  0.18848
 MAP NN | TrAcc: 0.9714 | VaAcc: 0.9565 | TeAcc: 0.9678
 S NN | TrAcc: 0.9495 | VaAcc: 0.9482 | TeAcc: 0.9570

 82,  0 | TrAcc: 0.9667, TrLoss:  0.10655, VaAcc: 0.9561, VaLoss:  0.16359
 MAP NN | TrAcc: 0.9672 | VaAcc: 0.9458 | TeAcc: 0.9658
 S NN | TrAcc: 0.9293 | VaAcc: 0.9224 | TeAcc: 0.9561

 83,  0 | TrAcc: 0.9731, TrLoss:  0.09560, VaAcc: 0.9575, VaLoss:  0.16103
 MAP NN | TrAcc: 0.9684 | VaAcc: 0.9487 | TeAcc: 0.9668
 S NN | TrAcc: 0.9514 | VaAcc: 0.9326 | TeAcc: 0.9453

 84,  0 | TrAcc: 0.9722, TrLoss:  0.09437, VaAcc: 0.9595, VaLoss:  0.16369
 MAP NN | TrAcc: 0.9729 | VaAcc: 0.9526 | TeAcc: 0.9727
 S NN | TrAcc: 0.9572 | VaAcc: 0.9346 | TeAcc: 0.9639

 85,  0 | TrAcc: 0.9696, TrLoss:  0.09827, VaAcc: 0.9546, VaLoss:  0.18421
 MAP NN | TrAcc: 0.9718 | VaAcc: 0.9531 | TeAcc: 0.9697
 S NN | TrAcc: 0.9510 | VaAcc: 0.9448 | TeAcc: 0.9634

 86,  0 | TrAcc: 0.9711, TrLoss:  0.09627, VaAcc: 0.9536, VaLoss:  0.17787
 MAP NN | TrAcc: 0.9674 | VaAcc: 0.9458 | TeAcc: 0.9697
 S NN | TrAcc: 0.9519 | VaAcc: 0.9438 | TeAcc: 0.9521

 87,  0 | TrAcc: 0.9656, TrLoss:  0.10897, VaAcc: 0.9536, VaLoss:  0.17953
 MAP NN | TrAcc: 0.9730 | VaAcc: 0.9531 | TeAcc: 0.9707
 S NN | TrAcc: 0.9568 | VaAcc: 0.9385 | TeAcc: 0.9463

 88,  0 | TrAcc: 0.9738, TrLoss:  0.08726, VaAcc: 0.9541, VaLoss:  0.18541
 MAP NN | TrAcc: 0.9711 | VaAcc: 0.9517 | TeAcc: 0.9702
 S NN | TrAcc: 0.9126 | VaAcc: 0.9399 | TeAcc: 0.9565

 89,  0 | TrAcc: 0.9727, TrLoss:  0.08890, VaAcc: 0.9570, VaLoss:  0.16286
 MAP NN | TrAcc: 0.9734 | VaAcc: 0.9541 | TeAcc: 0.9688
 S NN | TrAcc: 0.9548 | VaAcc: 0.9487 | TeAcc: 0.9585

 90,  0 | TrAcc: 0.9753, TrLoss:  0.08272, VaAcc: 0.9546, VaLoss:  0.17115
 MAP NN | TrAcc: 0.9750 | VaAcc: 0.9590 | TeAcc: 0.9702
 S NN | TrAcc: 0.9633 | VaAcc: 0.9414 | TeAcc: 0.9673

 91,  0 | TrAcc: 0.9760, TrLoss:  0.08287, VaAcc: 0.9609, VaLoss:  0.16209
 MAP NN | TrAcc: 0.9728 | VaAcc: 0.9575 | TeAcc: 0.9692
 S NN | TrAcc: 0.9530 | VaAcc: 0.9478 | TeAcc: 0.9648

 92,  0 | TrAcc: 0.9760, TrLoss:  0.08372, VaAcc: 0.9551, VaLoss:  0.17576
 MAP NN | TrAcc: 0.9751 | VaAcc: 0.9502 | TeAcc: 0.9727
 S NN | TrAcc: 0.9530 | VaAcc: 0.9316 | TeAcc: 0.9580

 93,  0 | TrAcc: 0.9769, TrLoss:  0.08124, VaAcc: 0.9590, VaLoss:  0.16805
 MAP NN | TrAcc: 0.9762 | VaAcc: 0.9536 | TeAcc: 0.9712
 S NN | TrAcc: 0.9540 | VaAcc: 0.9458 | TeAcc: 0.9658

 94,  0 | TrAcc: 0.9767, TrLoss:  0.08095, VaAcc: 0.9595, VaLoss:  0.16688
 MAP NN | TrAcc: 0.9758 | VaAcc: 0.9556 | TeAcc: 0.9722
 S NN | TrAcc: 0.9662 | VaAcc: 0.9434 | TeAcc: 0.9648

 95,  0 | TrAcc: 0.9742, TrLoss:  0.08389, VaAcc: 0.9580, VaLoss:  0.16936
 MAP NN | TrAcc: 0.9764 | VaAcc: 0.9517 | TeAcc: 0.9702
 S NN | TrAcc: 0.9515 | VaAcc: 0.9512 | TeAcc: 0.9673

 96,  0 | TrAcc: 0.9768, TrLoss:  0.08206, VaAcc: 0.9551, VaLoss:  0.17327
 MAP NN | TrAcc: 0.9756 | VaAcc: 0.9526 | TeAcc: 0.9678
 S NN | TrAcc: 0.9612 | VaAcc: 0.9492 | TeAcc: 0.9551

 97,  0 | TrAcc: 0.9746, TrLoss:  0.08277, VaAcc: 0.9531, VaLoss:  0.17603
 MAP NN | TrAcc: 0.9777 | VaAcc: 0.9565 | TeAcc: 0.9717
 S NN | TrAcc: 0.9647 | VaAcc: 0.9443 | TeAcc: 0.9609

 98,  0 | TrAcc: 0.9778, TrLoss:  0.07791, VaAcc: 0.9634, VaLoss:  0.14826
 MAP NN | TrAcc: 0.9803 | VaAcc: 0.9517 | TeAcc: 0.9727
 S NN | TrAcc: 0.9631 | VaAcc: 0.9487 | TeAcc: 0.9595

 99,  0 | TrAcc: 0.9769, TrLoss:  0.08215, VaAcc: 0.9502, VaLoss:  0.17975
 MAP NN | TrAcc: 0.9785 | VaAcc: 0.9551 | TeAcc: 0.9658
 S NN | TrAcc: 0.9639 | VaAcc: 0.9346 | TeAcc: 0.9658

100,  0 | TrAcc: 0.9761, TrLoss:  0.08076, VaAcc: 0.9463, VaLoss:  0.19273
 MAP NN | TrAcc: 0.9783 | VaAcc: 0.9551 | TeAcc: 0.9658
 S NN | TrAcc: 0.9508 | VaAcc: 0.9429 | TeAcc: 0.9526

101,  0 | TrAcc: 0.9740, TrLoss:  0.08454, VaAcc: 0.9570, VaLoss:  0.17439
 MAP NN | TrAcc: 0.9733 | VaAcc: 0.9512 | TeAcc: 0.9683
 S NN | TrAcc: 0.9640 | VaAcc: 0.9380 | TeAcc: 0.9629

102,  0 | TrAcc: 0.9752, TrLoss:  0.08842, VaAcc: 0.9546, VaLoss:  0.18313
 MAP NN | TrAcc: 0.9696 | VaAcc: 0.9512 | TeAcc: 0.9609
 S NN | TrAcc: 0.9667 | VaAcc: 0.9443 | TeAcc: 0.9570

103,  0 | TrAcc: 0.9772, TrLoss:  0.07836, VaAcc: 0.9580, VaLoss:  0.17069
 MAP NN | TrAcc: 0.9744 | VaAcc: 0.9546 | TeAcc: 0.9644
 S NN | TrAcc: 0.9661 | VaAcc: 0.9438 | TeAcc: 0.9600

104,  0 | TrAcc: 0.9784, TrLoss:  0.07608, VaAcc: 0.9604, VaLoss:  0.17034
 MAP NN | TrAcc: 0.9768 | VaAcc: 0.9580 | TeAcc: 0.9717
 S NN | TrAcc: 0.9698 | VaAcc: 0.9502 | TeAcc: 0.9604

105,  0 | TrAcc: 0.9764, TrLoss:  0.07803, VaAcc: 0.9570, VaLoss:  0.17251
 MAP NN | TrAcc: 0.9753 | VaAcc: 0.9502 | TeAcc: 0.9683
 S NN | TrAcc: 0.9550 | VaAcc: 0.9478 | TeAcc: 0.9663

106,  0 | TrAcc: 0.9774, TrLoss:  0.07453, VaAcc: 0.9595, VaLoss:  0.16253
 MAP NN | TrAcc: 0.9766 | VaAcc: 0.9551 | TeAcc: 0.9688
 S NN | TrAcc: 0.9639 | VaAcc: 0.9482 | TeAcc: 0.9644

107,  0 | TrAcc: 0.9751, TrLoss:  0.07935, VaAcc: 0.9536, VaLoss:  0.17432
 MAP NN | TrAcc: 0.9768 | VaAcc: 0.9575 | TeAcc: 0.9683
 S NN | TrAcc: 0.9572 | VaAcc: 0.9409 | TeAcc: 0.9653

108,  0 | TrAcc: 0.9753, TrLoss:  0.08175, VaAcc: 0.9595, VaLoss:  0.15805
 MAP NN | TrAcc: 0.9747 | VaAcc: 0.9531 | TeAcc: 0.9653
 S NN | TrAcc: 0.9656 | VaAcc: 0.9429 | TeAcc: 0.9492

109,  0 | TrAcc: 0.9783, TrLoss:  0.07587, VaAcc: 0.9521, VaLoss:  0.16859
 MAP NN | TrAcc: 0.9757 | VaAcc: 0.9556 | TeAcc: 0.9722
 S NN | TrAcc: 0.9694 | VaAcc: 0.9214 | TeAcc: 0.9624

110,  0 | TrAcc: 0.9768, TrLoss:  0.07780, VaAcc: 0.9546, VaLoss:  0.18329
 MAP NN | TrAcc: 0.9788 | VaAcc: 0.9556 | TeAcc: 0.9692
 S NN | TrAcc: 0.9692 | VaAcc: 0.9302 | TeAcc: 0.9648

111,  0 | TrAcc: 0.9766, TrLoss:  0.07692, VaAcc: 0.9570, VaLoss:  0.17450
 MAP NN | TrAcc: 0.9763 | VaAcc: 0.9541 | TeAcc: 0.9639
 S NN | TrAcc: 0.9624 | VaAcc: 0.9409 | TeAcc: 0.9580

112,  0 | TrAcc: 0.9775, TrLoss:  0.07330, VaAcc: 0.9556, VaLoss:  0.17491
 MAP NN | TrAcc: 0.9760 | VaAcc: 0.9551 | TeAcc: 0.9648
 S NN | TrAcc: 0.9639 | VaAcc: 0.9473 | TeAcc: 0.9604

113,  0 | TrAcc: 0.9763, TrLoss:  0.07657, VaAcc: 0.9565, VaLoss:  0.18106
 MAP NN | TrAcc: 0.9764 | VaAcc: 0.9580 | TeAcc: 0.9648
 S NN | TrAcc: 0.9641 | VaAcc: 0.9507 | TeAcc: 0.9614

114,  0 | TrAcc: 0.9799, TrLoss:  0.06810, VaAcc: 0.9609, VaLoss:  0.17084
 MAP NN | TrAcc: 0.9824 | VaAcc: 0.9590 | TeAcc: 0.9688
 S NN | TrAcc: 0.9700 | VaAcc: 0.9429 | TeAcc: 0.9683

115,  0 | TrAcc: 0.9766, TrLoss:  0.07537, VaAcc: 0.9536, VaLoss:  0.18959
 MAP NN | TrAcc: 0.9717 | VaAcc: 0.9551 | TeAcc: 0.9663
 S NN | TrAcc: 0.9694 | VaAcc: 0.9517 | TeAcc: 0.9692

116,  0 | TrAcc: 0.9795, TrLoss:  0.07089, VaAcc: 0.9585, VaLoss:  0.16446
 MAP NN | TrAcc: 0.9786 | VaAcc: 0.9541 | TeAcc: 0.9673
 S NN | TrAcc: 0.9620 | VaAcc: 0.9429 | TeAcc: 0.9609

117,  0 | TrAcc: 0.9803, TrLoss:  0.06589, VaAcc: 0.9575, VaLoss:  0.16548
 MAP NN | TrAcc: 0.9799 | VaAcc: 0.9595 | TeAcc: 0.9697
 S NN | TrAcc: 0.9673 | VaAcc: 0.9448 | TeAcc: 0.9663

118,  0 | TrAcc: 0.9813, TrLoss:  0.06385, VaAcc: 0.9580, VaLoss:  0.16526
 MAP NN | TrAcc: 0.9773 | VaAcc: 0.9526 | TeAcc: 0.9663
 S NN | TrAcc: 0.9652 | VaAcc: 0.9468 | TeAcc: 0.9629

119,  0 | TrAcc: 0.9811, TrLoss:  0.06531, VaAcc: 0.9595, VaLoss:  0.16619
 MAP NN | TrAcc: 0.9768 | VaAcc: 0.9517 | TeAcc: 0.9634
 S NN | TrAcc: 0.9728 | VaAcc: 0.9458 | TeAcc: 0.9668

120,  0 | TrAcc: 0.9821, TrLoss:  0.06369, VaAcc: 0.9585, VaLoss:  0.17622
 MAP NN | TrAcc: 0.9795 | VaAcc: 0.9580 | TeAcc: 0.9678
 S NN | TrAcc: 0.9574 | VaAcc: 0.9502 | TeAcc: 0.9697

121,  0 | TrAcc: 0.9823, TrLoss:  0.06258, VaAcc: 0.9575, VaLoss:  0.17552
 MAP NN | TrAcc: 0.9763 | VaAcc: 0.9585 | TeAcc: 0.9668
 S NN | TrAcc: 0.9679 | VaAcc: 0.9438 | TeAcc: 0.9639

122,  0 | TrAcc: 0.9800, TrLoss:  0.06781, VaAcc: 0.9604, VaLoss:  0.16571
 MAP NN | TrAcc: 0.9803 | VaAcc: 0.9565 | TeAcc: 0.9688
 S NN | TrAcc: 0.9664 | VaAcc: 0.9326 | TeAcc: 0.9634

123,  0 | TrAcc: 0.9825, TrLoss:  0.05880, VaAcc: 0.9614, VaLoss:  0.15630
 MAP NN | TrAcc: 0.9828 | VaAcc: 0.9624 | TeAcc: 0.9707
 S NN | TrAcc: 0.9734 | VaAcc: 0.9458 | TeAcc: 0.9648

124,  0 | TrAcc: 0.9817, TrLoss:  0.06048, VaAcc: 0.9590, VaLoss:  0.17851
 MAP NN | TrAcc: 0.9774 | VaAcc: 0.9575 | TeAcc: 0.9702
 S NN | TrAcc: 0.9708 | VaAcc: 0.9487 | TeAcc: 0.9575

125,  0 | TrAcc: 0.9819, TrLoss:  0.06110, VaAcc: 0.9619, VaLoss:  0.16449
 MAP NN | TrAcc: 0.9796 | VaAcc: 0.9595 | TeAcc: 0.9673
 S NN | TrAcc: 0.9720 | VaAcc: 0.9521 | TeAcc: 0.9653

126,  0 | TrAcc: 0.9828, TrLoss:  0.05810, VaAcc: 0.9546, VaLoss:  0.17809
 MAP NN | TrAcc: 0.9797 | VaAcc: 0.9561 | TeAcc: 0.9673
 S NN | TrAcc: 0.9641 | VaAcc: 0.9517 | TeAcc: 0.9561

127,  0 | TrAcc: 0.9822, TrLoss:  0.06141, VaAcc: 0.9536, VaLoss:  0.18513
 MAP NN | TrAcc: 0.9830 | VaAcc: 0.9609 | TeAcc: 0.9717
 S NN | TrAcc: 0.9722 | VaAcc: 0.9478 | TeAcc: 0.9551

128,  0 | TrAcc: 0.9817, TrLoss:  0.06076, VaAcc: 0.9546, VaLoss:  0.17444
 MAP NN | TrAcc: 0.9811 | VaAcc: 0.9565 | TeAcc: 0.9722
 S NN | TrAcc: 0.9705 | VaAcc: 0.9512 | TeAcc: 0.9624

129,  0 | TrAcc: 0.9819, TrLoss:  0.05817, VaAcc: 0.9590, VaLoss:  0.17249
 MAP NN | TrAcc: 0.9829 | VaAcc: 0.9575 | TeAcc: 0.9702
 S NN | TrAcc: 0.9742 | VaAcc: 0.9502 | TeAcc: 0.9707

130,  0 | TrAcc: 0.9800, TrLoss:  0.06309, VaAcc: 0.9570, VaLoss:  0.18556
 MAP NN | TrAcc: 0.9821 | VaAcc: 0.9595 | TeAcc: 0.9717
 S NN | TrAcc: 0.9698 | VaAcc: 0.9473 | TeAcc: 0.9717

131,  0 | TrAcc: 0.9834, TrLoss:  0.05683, VaAcc: 0.9551, VaLoss:  0.16924
 MAP NN | TrAcc: 0.9816 | VaAcc: 0.9585 | TeAcc: 0.9731
 S NN | TrAcc: 0.9686 | VaAcc: 0.9404 | TeAcc: 0.9668

132,  0 | TrAcc: 0.9852, TrLoss:  0.05762, VaAcc: 0.9604, VaLoss:  0.16421
 MAP NN | TrAcc: 0.9802 | VaAcc: 0.9580 | TeAcc: 0.9678
 S NN | TrAcc: 0.9712 | VaAcc: 0.9507 | TeAcc: 0.9697

133,  0 | TrAcc: 0.9838, TrLoss:  0.05756, VaAcc: 0.9600, VaLoss:  0.16240
 MAP NN | TrAcc: 0.9812 | VaAcc: 0.9600 | TeAcc: 0.9702
 S NN | TrAcc: 0.9716 | VaAcc: 0.9517 | TeAcc: 0.9668

134,  0 | TrAcc: 0.9845, TrLoss:  0.05256, VaAcc: 0.9575, VaLoss:  0.16787
 MAP NN | TrAcc: 0.9829 | VaAcc: 0.9629 | TeAcc: 0.9707
 S NN | TrAcc: 0.9730 | VaAcc: 0.9497 | TeAcc: 0.9683

135,  0 | TrAcc: 0.9844, TrLoss:  0.05281, VaAcc: 0.9595, VaLoss:  0.16408
 MAP NN | TrAcc: 0.9834 | VaAcc: 0.9639 | TeAcc: 0.9673
 S NN | TrAcc: 0.9745 | VaAcc: 0.9438 | TeAcc: 0.9653

136,  0 | TrAcc: 0.9806, TrLoss:  0.06023, VaAcc: 0.9624, VaLoss:  0.16347
 MAP NN | TrAcc: 0.9834 | VaAcc: 0.9590 | TeAcc: 0.9697
 S NN | TrAcc: 0.9814 | VaAcc: 0.9404 | TeAcc: 0.9629

137,  0 | TrAcc: 0.9819, TrLoss:  0.06175, VaAcc: 0.9595, VaLoss:  0.18190
 MAP NN | TrAcc: 0.9821 | VaAcc: 0.9624 | TeAcc: 0.9683
 S NN | TrAcc: 0.9741 | VaAcc: 0.9585 | TeAcc: 0.9692

138,  0 | TrAcc: 0.9839, TrLoss:  0.05748, VaAcc: 0.9585, VaLoss:  0.15764
 MAP NN | TrAcc: 0.9819 | VaAcc: 0.9561 | TeAcc: 0.9692
 S NN | TrAcc: 0.9698 | VaAcc: 0.9453 | TeAcc: 0.9707

139,  0 | TrAcc: 0.9833, TrLoss:  0.05498, VaAcc: 0.9590, VaLoss:  0.16046
 MAP NN | TrAcc: 0.9835 | VaAcc: 0.9600 | TeAcc: 0.9678
 S NN | TrAcc: 0.9730 | VaAcc: 0.9536 | TeAcc: 0.9629

140,  0 | TrAcc: 0.9825, TrLoss:  0.05598, VaAcc: 0.9570, VaLoss:  0.17242
 MAP NN | TrAcc: 0.9838 | VaAcc: 0.9565 | TeAcc: 0.9668
 S NN | TrAcc: 0.9736 | VaAcc: 0.9468 | TeAcc: 0.9609

141,  0 | TrAcc: 0.9811, TrLoss:  0.06237, VaAcc: 0.9575, VaLoss:  0.17457
 MAP NN | TrAcc: 0.9778 | VaAcc: 0.9551 | TeAcc: 0.9673
 S NN | TrAcc: 0.9764 | VaAcc: 0.9468 | TeAcc: 0.9580

142,  0 | TrAcc: 0.9841, TrLoss:  0.04935, VaAcc: 0.9668, VaLoss:  0.16206
 MAP NN | TrAcc: 0.9846 | VaAcc: 0.9644 | TeAcc: 0.9692
 S NN | TrAcc: 0.9795 | VaAcc: 0.9565 | TeAcc: 0.9673

143,  0 | TrAcc: 0.9850, TrLoss:  0.05242, VaAcc: 0.9614, VaLoss:  0.16755
 MAP NN | TrAcc: 0.9830 | VaAcc: 0.9604 | TeAcc: 0.9692
 S NN | TrAcc: 0.9589 | VaAcc: 0.9463 | TeAcc: 0.9644

144,  0 | TrAcc: 0.9829, TrLoss:  0.05365, VaAcc: 0.9536, VaLoss:  0.18520
 MAP NN | TrAcc: 0.9838 | VaAcc: 0.9580 | TeAcc: 0.9697
 S NN | TrAcc: 0.9773 | VaAcc: 0.9429 | TeAcc: 0.9644

145,  0 | TrAcc: 0.9846, TrLoss:  0.04911, VaAcc: 0.9570, VaLoss:  0.17134
 MAP NN | TrAcc: 0.9821 | VaAcc: 0.9580 | TeAcc: 0.9683
 S NN | TrAcc: 0.9716 | VaAcc: 0.9541 | TeAcc: 0.9658

146,  0 | TrAcc: 0.9834, TrLoss:  0.05218, VaAcc: 0.9609, VaLoss:  0.16505
 MAP NN | TrAcc: 0.9818 | VaAcc: 0.9609 | TeAcc: 0.9692
 S NN | TrAcc: 0.9746 | VaAcc: 0.9438 | TeAcc: 0.9678

147,  0 | TrAcc: 0.9830, TrLoss:  0.05517, VaAcc: 0.9614, VaLoss:  0.17899
 MAP NN | TrAcc: 0.9852 | VaAcc: 0.9614 | TeAcc: 0.9702
 S NN | TrAcc: 0.9740 | VaAcc: 0.9536 | TeAcc: 0.9688

148,  0 | TrAcc: 0.9847, TrLoss:  0.05377, VaAcc: 0.9624, VaLoss:  0.17100
 MAP NN | TrAcc: 0.9861 | VaAcc: 0.9595 | TeAcc: 0.9717
 S NN | TrAcc: 0.9818 | VaAcc: 0.9561 | TeAcc: 0.9648

149,  0 | TrAcc: 0.9874, TrLoss:  0.04574, VaAcc: 0.9644, VaLoss:  0.15832
 MAP NN | TrAcc: 0.9840 | VaAcc: 0.9585 | TeAcc: 0.9712
 S NN | TrAcc: 0.9781 | VaAcc: 0.9536 | TeAcc: 0.9692

150,  0 | TrAcc: 0.9866, TrLoss:  0.04838, VaAcc: 0.9600, VaLoss:  0.16266
 MAP NN | TrAcc: 0.9832 | VaAcc: 0.9614 | TeAcc: 0.9688
 S NN | TrAcc: 0.9752 | VaAcc: 0.9502 | TeAcc: 0.9688

151,  0 | TrAcc: 0.9849, TrLoss:  0.04918, VaAcc: 0.9570, VaLoss:  0.17307
 MAP NN | TrAcc: 0.9862 | VaAcc: 0.9634 | TeAcc: 0.9731
 S NN | TrAcc: 0.9750 | VaAcc: 0.9526 | TeAcc: 0.9688

152,  0 | TrAcc: 0.9866, TrLoss:  0.04784, VaAcc: 0.9600, VaLoss:  0.15829
 MAP NN | TrAcc: 0.9858 | VaAcc: 0.9634 | TeAcc: 0.9707
 S NN | TrAcc: 0.9785 | VaAcc: 0.9478 | TeAcc: 0.9673

153,  0 | TrAcc: 0.9856, TrLoss:  0.04739, VaAcc: 0.9648, VaLoss:  0.15235
 MAP NN | TrAcc: 0.9857 | VaAcc: 0.9619 | TeAcc: 0.9692
 S NN | TrAcc: 0.9735 | VaAcc: 0.9502 | TeAcc: 0.9648

154,  0 | TrAcc: 0.9854, TrLoss:  0.04907, VaAcc: 0.9619, VaLoss:  0.16464
 MAP NN | TrAcc: 0.9861 | VaAcc: 0.9565 | TeAcc: 0.9717
 S NN | TrAcc: 0.9712 | VaAcc: 0.9492 | TeAcc: 0.9644

155,  0 | TrAcc: 0.9851, TrLoss:  0.04980, VaAcc: 0.9624, VaLoss:  0.17022
 MAP NN | TrAcc: 0.9835 | VaAcc: 0.9565 | TeAcc: 0.9673
 S NN | TrAcc: 0.9796 | VaAcc: 0.9517 | TeAcc: 0.9658

156,  0 | TrAcc: 0.9858, TrLoss:  0.05082, VaAcc: 0.9604, VaLoss:  0.16828
 MAP NN | TrAcc: 0.9850 | VaAcc: 0.9663 | TeAcc: 0.9707
 S NN | TrAcc: 0.9719 | VaAcc: 0.9531 | TeAcc: 0.9600

157,  0 | TrAcc: 0.9879, TrLoss:  0.04545, VaAcc: 0.9565, VaLoss:  0.17297
 MAP NN | TrAcc: 0.9863 | VaAcc: 0.9600 | TeAcc: 0.9717
 S NN | TrAcc: 0.9786 | VaAcc: 0.9575 | TeAcc: 0.9639

158,  0 | TrAcc: 0.9884, TrLoss:  0.04443, VaAcc: 0.9595, VaLoss:  0.16218
 MAP NN | TrAcc: 0.9846 | VaAcc: 0.9595 | TeAcc: 0.9702
 S NN | TrAcc: 0.9781 | VaAcc: 0.9473 | TeAcc: 0.9644

159,  0 | TrAcc: 0.9850, TrLoss:  0.05103, VaAcc: 0.9570, VaLoss:  0.17031
 MAP NN | TrAcc: 0.9849 | VaAcc: 0.9648 | TeAcc: 0.9702
 S NN | TrAcc: 0.9733 | VaAcc: 0.9580 | TeAcc: 0.9702

160,  0 | TrAcc: 0.9879, TrLoss:  0.04312, VaAcc: 0.9541, VaLoss:  0.17112
 MAP NN | TrAcc: 0.9834 | VaAcc: 0.9585 | TeAcc: 0.9653
 S NN | TrAcc: 0.9746 | VaAcc: 0.9531 | TeAcc: 0.9648

161,  0 | TrAcc: 0.9860, TrLoss:  0.04450, VaAcc: 0.9609, VaLoss:  0.16153
 MAP NN | TrAcc: 0.9868 | VaAcc: 0.9609 | TeAcc: 0.9692
 S NN | TrAcc: 0.9803 | VaAcc: 0.9541 | TeAcc: 0.9673

162,  0 | TrAcc: 0.9882, TrLoss:  0.04220, VaAcc: 0.9609, VaLoss:  0.15700
 MAP NN | TrAcc: 0.9872 | VaAcc: 0.9595 | TeAcc: 0.9663
 S NN | TrAcc: 0.9821 | VaAcc: 0.9561 | TeAcc: 0.9639

163,  0 | TrAcc: 0.9878, TrLoss:  0.04206, VaAcc: 0.9497, VaLoss:  0.18568
 MAP NN | TrAcc: 0.9855 | VaAcc: 0.9600 | TeAcc: 0.9688
 S NN | TrAcc: 0.9695 | VaAcc: 0.9556 | TeAcc: 0.9673

164,  0 | TrAcc: 0.9877, TrLoss:  0.04452, VaAcc: 0.9614, VaLoss:  0.16263
 MAP NN | TrAcc: 0.9850 | VaAcc: 0.9604 | TeAcc: 0.9702
 S NN | TrAcc: 0.9803 | VaAcc: 0.9517 | TeAcc: 0.9731

165,  0 | TrAcc: 0.9880, TrLoss:  0.04267, VaAcc: 0.9541, VaLoss:  0.17896
 MAP NN | TrAcc: 0.9861 | VaAcc: 0.9634 | TeAcc: 0.9673
 S NN | TrAcc: 0.9747 | VaAcc: 0.9565 | TeAcc: 0.9658

166,  0 | TrAcc: 0.9840, TrLoss:  0.04932, VaAcc: 0.9644, VaLoss:  0.15209
 MAP NN | TrAcc: 0.9858 | VaAcc: 0.9653 | TeAcc: 0.9683
 S NN | TrAcc: 0.9778 | VaAcc: 0.9546 | TeAcc: 0.9668

167,  0 | TrAcc: 0.9894, TrLoss:  0.04170, VaAcc: 0.9565, VaLoss:  0.18006
 MAP NN | TrAcc: 0.9869 | VaAcc: 0.9634 | TeAcc: 0.9712
 S NN | TrAcc: 0.9760 | VaAcc: 0.9585 | TeAcc: 0.9683

168,  0 | TrAcc: 0.9885, TrLoss:  0.04183, VaAcc: 0.9634, VaLoss:  0.15177
 MAP NN | TrAcc: 0.9878 | VaAcc: 0.9639 | TeAcc: 0.9692
 S NN | TrAcc: 0.9830 | VaAcc: 0.9546 | TeAcc: 0.9697

169,  0 | TrAcc: 0.9875, TrLoss:  0.04174, VaAcc: 0.9604, VaLoss:  0.16395
 MAP NN | TrAcc: 0.9868 | VaAcc: 0.9624 | TeAcc: 0.9702
 S NN | TrAcc: 0.9827 | VaAcc: 0.9556 | TeAcc: 0.9644

170,  0 | TrAcc: 0.9862, TrLoss:  0.04397, VaAcc: 0.9590, VaLoss:  0.17659
 MAP NN | TrAcc: 0.9862 | VaAcc: 0.9595 | TeAcc: 0.9727
 S NN | TrAcc: 0.9761 | VaAcc: 0.9565 | TeAcc: 0.9658

171,  0 | TrAcc: 0.9874, TrLoss:  0.04283, VaAcc: 0.9609, VaLoss:  0.17385
 MAP NN | TrAcc: 0.9861 | VaAcc: 0.9595 | TeAcc: 0.9648
 S NN | TrAcc: 0.9802 | VaAcc: 0.9551 | TeAcc: 0.9668

172,  0 | TrAcc: 0.9894, TrLoss:  0.03905, VaAcc: 0.9629, VaLoss:  0.15027
 MAP NN | TrAcc: 0.9882 | VaAcc: 0.9614 | TeAcc: 0.9702
 S NN | TrAcc: 0.9777 | VaAcc: 0.9526 | TeAcc: 0.9707

173,  0 | TrAcc: 0.9900, TrLoss:  0.03677, VaAcc: 0.9614, VaLoss:  0.16149
 MAP NN | TrAcc: 0.9893 | VaAcc: 0.9634 | TeAcc: 0.9727
 S NN | TrAcc: 0.9829 | VaAcc: 0.9575 | TeAcc: 0.9727

174,  0 | TrAcc: 0.9869, TrLoss:  0.04142, VaAcc: 0.9580, VaLoss:  0.16214
 MAP NN | TrAcc: 0.9868 | VaAcc: 0.9565 | TeAcc: 0.9697
 S NN | TrAcc: 0.9811 | VaAcc: 0.9561 | TeAcc: 0.9619

175,  0 | TrAcc: 0.9888, TrLoss:  0.03951, VaAcc: 0.9551, VaLoss:  0.17616
 MAP NN | TrAcc: 0.9865 | VaAcc: 0.9556 | TeAcc: 0.9697
 S NN | TrAcc: 0.9768 | VaAcc: 0.9517 | TeAcc: 0.9702

176,  0 | TrAcc: 0.9886, TrLoss:  0.03917, VaAcc: 0.9624, VaLoss:  0.15983
 MAP NN | TrAcc: 0.9895 | VaAcc: 0.9629 | TeAcc: 0.9731
 S NN | TrAcc: 0.9833 | VaAcc: 0.9556 | TeAcc: 0.9629

177,  0 | TrAcc: 0.9897, TrLoss:  0.03539, VaAcc: 0.9580, VaLoss:  0.16368
 MAP NN | TrAcc: 0.9883 | VaAcc: 0.9585 | TeAcc: 0.9688
 S NN | TrAcc: 0.9823 | VaAcc: 0.9517 | TeAcc: 0.9697

178,  0 | TrAcc: 0.9879, TrLoss:  0.04009, VaAcc: 0.9565, VaLoss:  0.17354
 MAP NN | TrAcc: 0.9900 | VaAcc: 0.9590 | TeAcc: 0.9722
 S NN | TrAcc: 0.9841 | VaAcc: 0.9556 | TeAcc: 0.9678

179,  0 | TrAcc: 0.9915, TrLoss:  0.03417, VaAcc: 0.9580, VaLoss:  0.16305
 MAP NN | TrAcc: 0.9896 | VaAcc: 0.9609 | TeAcc: 0.9692
 S NN | TrAcc: 0.9825 | VaAcc: 0.9561 | TeAcc: 0.9644

180,  0 | TrAcc: 0.9869, TrLoss:  0.04177, VaAcc: 0.9600, VaLoss:  0.17575
 MAP NN | TrAcc: 0.9856 | VaAcc: 0.9585 | TeAcc: 0.9668
 S NN | TrAcc: 0.9796 | VaAcc: 0.9478 | TeAcc: 0.9634

181,  0 | TrAcc: 0.9866, TrLoss:  0.04168, VaAcc: 0.9551, VaLoss:  0.17438
 MAP NN | TrAcc: 0.9879 | VaAcc: 0.9619 | TeAcc: 0.9731
 S NN | TrAcc: 0.9742 | VaAcc: 0.9575 | TeAcc: 0.9668

182,  0 | TrAcc: 0.9873, TrLoss:  0.04079, VaAcc: 0.9614, VaLoss:  0.16269
 MAP NN | TrAcc: 0.9872 | VaAcc: 0.9590 | TeAcc: 0.9658
 S NN | TrAcc: 0.9817 | VaAcc: 0.9585 | TeAcc: 0.9673

183,  0 | TrAcc: 0.9877, TrLoss:  0.04113, VaAcc: 0.9595, VaLoss:  0.16057
 MAP NN | TrAcc: 0.9890 | VaAcc: 0.9619 | TeAcc: 0.9697
 S NN | TrAcc: 0.9835 | VaAcc: 0.9526 | TeAcc: 0.9668

184,  0 | TrAcc: 0.9850, TrLoss:  0.04829, VaAcc: 0.9585, VaLoss:  0.18674
 MAP NN | TrAcc: 0.9823 | VaAcc: 0.9590 | TeAcc: 0.9663
 S NN | TrAcc: 0.9755 | VaAcc: 0.9585 | TeAcc: 0.9624

185,  0 | TrAcc: 0.9885, TrLoss:  0.04034, VaAcc: 0.9639, VaLoss:  0.16968
 MAP NN | TrAcc: 0.9850 | VaAcc: 0.9619 | TeAcc: 0.9683
 S NN | TrAcc: 0.9780 | VaAcc: 0.9541 | TeAcc: 0.9663

186,  0 | TrAcc: 0.9899, TrLoss:  0.03668, VaAcc: 0.9551, VaLoss:  0.18105
 MAP NN | TrAcc: 0.9893 | VaAcc: 0.9570 | TeAcc: 0.9678
 S NN | TrAcc: 0.9813 | VaAcc: 0.9492 | TeAcc: 0.9692

187,  0 | TrAcc: 0.9902, TrLoss:  0.03542, VaAcc: 0.9585, VaLoss:  0.17676
 MAP NN | TrAcc: 0.9906 | VaAcc: 0.9629 | TeAcc: 0.9707
 S NN | TrAcc: 0.9832 | VaAcc: 0.9570 | TeAcc: 0.9717

188,  0 | TrAcc: 0.9893, TrLoss:  0.03846, VaAcc: 0.9531, VaLoss:  0.17914
 MAP NN | TrAcc: 0.9885 | VaAcc: 0.9614 | TeAcc: 0.9692
 S NN | TrAcc: 0.9823 | VaAcc: 0.9551 | TeAcc: 0.9683

189,  0 | TrAcc: 0.9888, TrLoss:  0.03603, VaAcc: 0.9595, VaLoss:  0.18414
 MAP NN | TrAcc: 0.9888 | VaAcc: 0.9604 | TeAcc: 0.9658
 S NN | TrAcc: 0.9879 | VaAcc: 0.9575 | TeAcc: 0.9678

190,  0 | TrAcc: 0.9900, TrLoss:  0.03211, VaAcc: 0.9619, VaLoss:  0.16919
 MAP NN | TrAcc: 0.9901 | VaAcc: 0.9619 | TeAcc: 0.9692
 S NN | TrAcc: 0.9860 | VaAcc: 0.9521 | TeAcc: 0.9683

191,  0 | TrAcc: 0.9912, TrLoss:  0.03379, VaAcc: 0.9614, VaLoss:  0.15615
 MAP NN | TrAcc: 0.9916 | VaAcc: 0.9624 | TeAcc: 0.9722
 S NN | TrAcc: 0.9894 | VaAcc: 0.9546 | TeAcc: 0.9746

192,  0 | TrAcc: 0.9878, TrLoss:  0.03655, VaAcc: 0.9595, VaLoss:  0.16699
 MAP NN | TrAcc: 0.9880 | VaAcc: 0.9585 | TeAcc: 0.9683
 S NN | TrAcc: 0.9808 | VaAcc: 0.9565 | TeAcc: 0.9634

193,  0 | TrAcc: 0.9910, TrLoss:  0.03413, VaAcc: 0.9595, VaLoss:  0.16979
 MAP NN | TrAcc: 0.9895 | VaAcc: 0.9629 | TeAcc: 0.9722
 S NN | TrAcc: 0.9836 | VaAcc: 0.9521 | TeAcc: 0.9707

194,  0 | TrAcc: 0.9910, TrLoss:  0.03366, VaAcc: 0.9624, VaLoss:  0.16457
 MAP NN | TrAcc: 0.9899 | VaAcc: 0.9629 | TeAcc: 0.9697
 S NN | TrAcc: 0.9833 | VaAcc: 0.9639 | TeAcc: 0.9707

195,  0 | TrAcc: 0.9910, TrLoss:  0.03306, VaAcc: 0.9575, VaLoss:  0.17487
 MAP NN | TrAcc: 0.9902 | VaAcc: 0.9595 | TeAcc: 0.9697
 S NN | TrAcc: 0.9863 | VaAcc: 0.9531 | TeAcc: 0.9688

196,  0 | TrAcc: 0.9910, TrLoss:  0.03276, VaAcc: 0.9653, VaLoss:  0.14973
 MAP NN | TrAcc: 0.9900 | VaAcc: 0.9639 | TeAcc: 0.9722
 S NN | TrAcc: 0.9849 | VaAcc: 0.9590 | TeAcc: 0.9731

197,  0 | TrAcc: 0.9905, TrLoss:  0.02994, VaAcc: 0.9629, VaLoss:  0.15696
 MAP NN | TrAcc: 0.9897 | VaAcc: 0.9629 | TeAcc: 0.9712
 S NN | TrAcc: 0.9845 | VaAcc: 0.9570 | TeAcc: 0.9692

198,  0 | TrAcc: 0.9908, TrLoss:  0.03201, VaAcc: 0.9609, VaLoss:  0.17098
 MAP NN | TrAcc: 0.9890 | VaAcc: 0.9565 | TeAcc: 0.9692
 S NN | TrAcc: 0.9829 | VaAcc: 0.9629 | TeAcc: 0.9702

199,  0 | TrAcc: 0.9924, TrLoss:  0.02949, VaAcc: 0.9653, VaLoss:  0.15325
 MAP NN | TrAcc: 0.9893 | VaAcc: 0.9561 | TeAcc: 0.9712
 S NN | TrAcc: 0.9851 | VaAcc: 0.9551 | TeAcc: 0.9668

Results for va_s
Metric: acc   
 96.39 % in iteration  194
Metric: loss  
Results for va_b
Metric: elogl 
 0.270 in iteration    0
Metric: acc   
 96.68 % in iteration  142
EARLY STOP FOR te_s
 97.07 % in iteration  194
