te
(1450, 4, 45)
va
(1730, 4, 45)
tr
(8080, 4, 45)

=============================
CONFIG FILE
====================================
Training configuration

Learning rate: 0.2, 	Learning rate anneal: inf, 	Tau:  1.0
Algorithm: local reparametrization, 	STE: disabled, 	n forward passes: 1
Var reg: 0.0, 	Dir reg: 0.0, 	Ent reg: 0.0
Data multiplier: None
Gradient clipping: False, 	Gradient clip value: 1.0

Layer #0
lstm_1
Layer norm: False, 	LR Adapt: 
Dropout: False, 	p_dropout: 0.95

Layer #1
lstm_0
Layer norm: False, 	LR Adapt: 
Dropout: False, 	p_dropout: 0.95

Layer #2
output_layer
Layer norm: False, 	LR Adapt: 
Dropout: False, 	p_dropout: 0.95
====================================
RNN configuration

Layer #0, 	Type: input_layer, 	Scope: 
Units: 4, 	N activation bins: None

Layer #1, 	Type: lstm layer, 	Scope: lstm_0
Units: 50, 	N activation bins: None
Bias: True, 	N activation bins: 2, 	Discrete activation: False
Type: ternary, 	Parametetrization: logit, 	Priors: [0.3333333333333333, 0.3333333333333333, 0.3333333333333333]
p_init_min: 0.05, 	p_init_max: 0.95
Neg init: ('xavier', None), 	Zer init: ('xavier', None), 	Pos init: ('xavier', None)
Type: gaussian, 	M init: -1.5, 	Log V init: ('xavier', None)
M prior: 0.0, 	 Log V prior: 0.0
None
Bias: True, 	N activation bins: 2, 	Discrete activation: False
Type: ternary, 	Parametetrization: logit, 	Priors: [0.3333333333333333, 0.3333333333333333, 0.3333333333333333]
p_init_min: 0.05, 	p_init_max: 0.95
Neg init: ('xavier', None), 	Zer init: ('xavier', None), 	Pos init: ('xavier', None)
Type: gaussian, 	M init: ('xavier', None), 	Log V init: ('xavier', None)
M prior: 0.0, 	 Log V prior: 0.0
None
Bias: True, 	N activation bins: 2, 	Discrete activation: False
Type: ternary, 	Parametetrization: logit, 	Priors: [0.3333333333333333, 0.3333333333333333, 0.3333333333333333]
p_init_min: 0.05, 	p_init_max: 0.95
Neg init: ('xavier', None), 	Zer init: ('xavier', None), 	Pos init: ('xavier', None)
Type: gaussian, 	M init: ('xavier', None), 	Log V init: ('xavier', None)
M prior: 0.0, 	 Log V prior: 0.0
None

Layer #2, 	Type: lstm layer, 	Scope: lstm_1
Units: 30, 	N activation bins: None
Bias: True, 	N activation bins: 2, 	Discrete activation: False
Type: ternary, 	Parametetrization: logit, 	Priors: [0.3333333333333333, 0.3333333333333333, 0.3333333333333333]
p_init_min: 0.05, 	p_init_max: 0.95
Neg init: ('xavier', None), 	Zer init: ('xavier', None), 	Pos init: ('xavier', None)
Type: gaussian, 	M init: -1.5, 	Log V init: ('xavier', None)
M prior: 0.0, 	 Log V prior: 0.0
None
Bias: True, 	N activation bins: 2, 	Discrete activation: False
Type: ternary, 	Parametetrization: logit, 	Priors: [0.3333333333333333, 0.3333333333333333, 0.3333333333333333]
p_init_min: 0.05, 	p_init_max: 0.95
Neg init: ('xavier', None), 	Zer init: ('xavier', None), 	Pos init: ('xavier', None)
Type: gaussian, 	M init: ('xavier', None), 	Log V init: ('xavier', None)
M prior: 0.0, 	 Log V prior: 0.0
None
Bias: True, 	N activation bins: 2, 	Discrete activation: False
Type: ternary, 	Parametetrization: logit, 	Priors: [0.3333333333333333, 0.3333333333333333, 0.3333333333333333]
p_init_min: 0.05, 	p_init_max: 0.95
Neg init: ('xavier', None), 	Zer init: ('xavier', None), 	Pos init: ('xavier', None)
Type: gaussian, 	M init: ('xavier', None), 	Log V init: ('xavier', None)
M prior: 0.0, 	 Log V prior: 0.0
None

Layer #3, 	Type: ff layer, 	Scope: output_layer
Units: 10, 	N activation bins: None
====================================
Dataset configuration

Filename: /clusterFS/home/student/kopp13/datasets/mnist_pen_strokes/mps_all_te.mat
Key: te, 	In seq len: 45
Minibatch:  True, 	Size: 1024
Target bias removed: True, 	Shuffle: False

Filename: /clusterFS/home/student/kopp13/datasets/mnist_pen_strokes/mps_all_va.mat
Key: va, 	In seq len: 45
Minibatch:  True, 	Size: 1024
Target bias removed: True, 	Shuffle: False

Filename: /clusterFS/home/student/kopp13/datasets/mnist_pen_strokes/mps_all_tr.mat
Key: tr, 	In seq len: 45
Minibatch:  True, 	Size: 1024
Target bias removed: True, 	Shuffle: True
====================================
Info configuration

Filename:  test
Timer: False, 	Profiling: False, 	Profiling path: None
Save training metrics: True, 	Path: ../nr_spsc/
Save weights: False, 	Every: 1, 	Save best weights: False
Compute T Metrics every: 1

Load model from m_model1, 	 Force it: True
No model saving

starting
[('lstm_0/bc:0', 'lstm_0/bc'), ('lstm_0/bi:0', 'lstm_0/bi'), ('lstm_0/bo:0', 'lstm_0/bo'), ('lstm_0/wc:0', 'lstm_0/wc'), ('lstm_0/wi:0', 'lstm_0/wi'), ('lstm_0/wo:0', 'lstm_0/wo'), ('lstm_1/bc:0', 'lstm_1/bc'), ('lstm_1/bi:0', 'lstm_1/bi'), ('lstm_1/bo:0', 'lstm_1/bo'), ('lstm_1/wc:0', 'lstm_1/wc'), ('lstm_1/wi:0', 'lstm_1/wi'), ('lstm_1/wo:0', 'lstm_1/wo'), ('output_layer/b:0', 'output_layer/b'), ('output_layer/w:0', 'output_layer/w')]
output_layer/w
output_layer/b
=====
New variable
lstm_0/bc:0
lstm_0/bc
=====
New variable
lstm_0/bi:0
lstm_0/bi
=====
New variable
lstm_0/bo:0
lstm_0/bo
=====
New variable
lstm_0/wc:0
lstm_0/wc
=====
New variable
lstm_0/wi:0
lstm_0/wi
=====
New variable
lstm_0/wo:0
lstm_0/wo
=====
New variable
lstm_1/bc:0
lstm_1/bc
=====
New variable
lstm_1/bi:0
lstm_1/bi
=====
New variable
lstm_1/bo:0
lstm_1/bo
=====
New variable
lstm_1/wc:0
lstm_1/wc
=====
New variable
lstm_1/wi:0
lstm_1/wi
=====
New variable
lstm_1/wo:0
lstm_1/wo
=====
New variable
output_layer/b:0
output_layer/b
=====
New variable
output_layer/w:0
output_layer/w
=====
loaded
  0,  0 | TrAcc: 0.1429, TrLoss:  3.15751, VaAcc: 0.1309, VaLoss:  3.15118
 MAP NN | TrAcc: 0.3976 | VaAcc: 0.3345 | TeAcc: 0.2837
 S NN | TrAcc: 0.1266 | VaAcc: 0.1060 | TeAcc: 0.4214

  1,  0 | TrAcc: 0.7288, TrLoss:  0.89716, VaAcc: 0.7383, VaLoss:  0.86665
 MAP NN | TrAcc: 0.7310 | VaAcc: 0.7808 | TeAcc: 0.8208
 S NN | TrAcc: 0.6064 | VaAcc: 0.3208 | TeAcc: 0.7734

  2,  0 | TrAcc: 0.8582, TrLoss:  0.52832, VaAcc: 0.8726, VaLoss:  0.47236
 MAP NN | TrAcc: 0.8467 | VaAcc: 0.8774 | TeAcc: 0.9019
 S NN | TrAcc: 0.7355 | VaAcc: 0.7866 | TeAcc: 0.8750

  3,  0 | TrAcc: 0.8937, TrLoss:  0.37635, VaAcc: 0.9102, VaLoss:  0.37563
 MAP NN | TrAcc: 0.8994 | VaAcc: 0.9082 | TeAcc: 0.9336
 S NN | TrAcc: 0.7770 | VaAcc: 0.8872 | TeAcc: 0.9136

  4,  0 | TrAcc: 0.9109, TrLoss:  0.30036, VaAcc: 0.9165, VaLoss:  0.30515
 MAP NN | TrAcc: 0.9147 | VaAcc: 0.9199 | TeAcc: 0.9468
 S NN | TrAcc: 0.8568 | VaAcc: 0.8989 | TeAcc: 0.9004

  5,  0 | TrAcc: 0.9183, TrLoss:  0.27163, VaAcc: 0.9243, VaLoss:  0.27950
 MAP NN | TrAcc: 0.9199 | VaAcc: 0.9263 | TeAcc: 0.9419
 S NN | TrAcc: 0.9061 | VaAcc: 0.8770 | TeAcc: 0.9160

  6,  0 | TrAcc: 0.9258, TrLoss:  0.24077, VaAcc: 0.9282, VaLoss:  0.25807
 MAP NN | TrAcc: 0.9292 | VaAcc: 0.9316 | TeAcc: 0.9526
 S NN | TrAcc: 0.9037 | VaAcc: 0.8857 | TeAcc: 0.8921

  7,  0 | TrAcc: 0.9337, TrLoss:  0.21706, VaAcc: 0.9355, VaLoss:  0.23038
 MAP NN | TrAcc: 0.9365 | VaAcc: 0.9336 | TeAcc: 0.9502
 S NN | TrAcc: 0.8785 | VaAcc: 0.9199 | TeAcc: 0.9482

  8,  0 | TrAcc: 0.9413, TrLoss:  0.20140, VaAcc: 0.9331, VaLoss:  0.21989
 MAP NN | TrAcc: 0.9421 | VaAcc: 0.9355 | TeAcc: 0.9556
 S NN | TrAcc: 0.9285 | VaAcc: 0.9287 | TeAcc: 0.9473

  9,  0 | TrAcc: 0.9457, TrLoss:  0.17983, VaAcc: 0.9409, VaLoss:  0.20739
 MAP NN | TrAcc: 0.9500 | VaAcc: 0.9414 | TeAcc: 0.9580
 S NN | TrAcc: 0.9230 | VaAcc: 0.9341 | TeAcc: 0.9512

 10,  0 | TrAcc: 0.9492, TrLoss:  0.17189, VaAcc: 0.9438, VaLoss:  0.20107
 MAP NN | TrAcc: 0.9524 | VaAcc: 0.9478 | TeAcc: 0.9590
 S NN | TrAcc: 0.9391 | VaAcc: 0.9312 | TeAcc: 0.9492

 11,  0 | TrAcc: 0.9561, TrLoss:  0.15762, VaAcc: 0.9458, VaLoss:  0.20371
 MAP NN | TrAcc: 0.9567 | VaAcc: 0.9473 | TeAcc: 0.9624
 S NN | TrAcc: 0.9402 | VaAcc: 0.9116 | TeAcc: 0.9487

 12,  0 | TrAcc: 0.9557, TrLoss:  0.15255, VaAcc: 0.9473, VaLoss:  0.19897
 MAP NN | TrAcc: 0.9603 | VaAcc: 0.9502 | TeAcc: 0.9639
 S NN | TrAcc: 0.9346 | VaAcc: 0.9248 | TeAcc: 0.9468

 13,  0 | TrAcc: 0.9563, TrLoss:  0.14901, VaAcc: 0.9453, VaLoss:  0.18233
 MAP NN | TrAcc: 0.9650 | VaAcc: 0.9546 | TeAcc: 0.9609
 S NN | TrAcc: 0.9524 | VaAcc: 0.9517 | TeAcc: 0.9526

 14,  0 | TrAcc: 0.9598, TrLoss:  0.13953, VaAcc: 0.9507, VaLoss:  0.18548
 MAP NN | TrAcc: 0.9644 | VaAcc: 0.9536 | TeAcc: 0.9653
 S NN | TrAcc: 0.9469 | VaAcc: 0.9336 | TeAcc: 0.9619

 15,  0 | TrAcc: 0.9597, TrLoss:  0.13736, VaAcc: 0.9507, VaLoss:  0.17606
 MAP NN | TrAcc: 0.9663 | VaAcc: 0.9595 | TeAcc: 0.9653
 S NN | TrAcc: 0.9476 | VaAcc: 0.9365 | TeAcc: 0.9551

 16,  0 | TrAcc: 0.9629, TrLoss:  0.12535, VaAcc: 0.9487, VaLoss:  0.17925
 MAP NN | TrAcc: 0.9692 | VaAcc: 0.9561 | TeAcc: 0.9658
 S NN | TrAcc: 0.9564 | VaAcc: 0.9385 | TeAcc: 0.9570

 17,  0 | TrAcc: 0.9667, TrLoss:  0.12002, VaAcc: 0.9507, VaLoss:  0.17541
 MAP NN | TrAcc: 0.9701 | VaAcc: 0.9551 | TeAcc: 0.9697
 S NN | TrAcc: 0.9622 | VaAcc: 0.9419 | TeAcc: 0.9668

 18,  0 | TrAcc: 0.9622, TrLoss:  0.12197, VaAcc: 0.9492, VaLoss:  0.17293
 MAP NN | TrAcc: 0.9700 | VaAcc: 0.9570 | TeAcc: 0.9653
 S NN | TrAcc: 0.9530 | VaAcc: 0.9336 | TeAcc: 0.9556

 19,  0 | TrAcc: 0.9653, TrLoss:  0.11506, VaAcc: 0.9551, VaLoss:  0.16753
 MAP NN | TrAcc: 0.9705 | VaAcc: 0.9536 | TeAcc: 0.9702
 S NN | TrAcc: 0.9600 | VaAcc: 0.9438 | TeAcc: 0.9639

 20,  0 | TrAcc: 0.9681, TrLoss:  0.10934, VaAcc: 0.9541, VaLoss:  0.16545
 MAP NN | TrAcc: 0.9708 | VaAcc: 0.9570 | TeAcc: 0.9702
 S NN | TrAcc: 0.9629 | VaAcc: 0.9473 | TeAcc: 0.9668

 21,  0 | TrAcc: 0.9679, TrLoss:  0.10909, VaAcc: 0.9561, VaLoss:  0.15874
 MAP NN | TrAcc: 0.9725 | VaAcc: 0.9561 | TeAcc: 0.9688
 S NN | TrAcc: 0.9635 | VaAcc: 0.9546 | TeAcc: 0.9614

 22,  0 | TrAcc: 0.9686, TrLoss:  0.10303, VaAcc: 0.9614, VaLoss:  0.16306
 MAP NN | TrAcc: 0.9745 | VaAcc: 0.9624 | TeAcc: 0.9727
 S NN | TrAcc: 0.9683 | VaAcc: 0.9541 | TeAcc: 0.9644

 23,  0 | TrAcc: 0.9723, TrLoss:  0.09776, VaAcc: 0.9590, VaLoss:  0.15585
 MAP NN | TrAcc: 0.9750 | VaAcc: 0.9604 | TeAcc: 0.9692
 S NN | TrAcc: 0.9634 | VaAcc: 0.9590 | TeAcc: 0.9644

 24,  0 | TrAcc: 0.9716, TrLoss:  0.09476, VaAcc: 0.9561, VaLoss:  0.17413
 MAP NN | TrAcc: 0.9753 | VaAcc: 0.9590 | TeAcc: 0.9727
 S NN | TrAcc: 0.9712 | VaAcc: 0.9517 | TeAcc: 0.9634

 25,  0 | TrAcc: 0.9720, TrLoss:  0.09628, VaAcc: 0.9531, VaLoss:  0.16110
 MAP NN | TrAcc: 0.9762 | VaAcc: 0.9570 | TeAcc: 0.9688
 S NN | TrAcc: 0.9685 | VaAcc: 0.9531 | TeAcc: 0.9619

 26,  0 | TrAcc: 0.9703, TrLoss:  0.10098, VaAcc: 0.9565, VaLoss:  0.17233
 MAP NN | TrAcc: 0.9744 | VaAcc: 0.9580 | TeAcc: 0.9717
 S NN | TrAcc: 0.9675 | VaAcc: 0.9531 | TeAcc: 0.9648

 27,  0 | TrAcc: 0.9740, TrLoss:  0.08979, VaAcc: 0.9614, VaLoss:  0.15314
 MAP NN | TrAcc: 0.9783 | VaAcc: 0.9600 | TeAcc: 0.9683
 S NN | TrAcc: 0.9705 | VaAcc: 0.9575 | TeAcc: 0.9604

 28,  0 | TrAcc: 0.9694, TrLoss:  0.09918, VaAcc: 0.9556, VaLoss:  0.16230
 MAP NN | TrAcc: 0.9734 | VaAcc: 0.9585 | TeAcc: 0.9673
 S NN | TrAcc: 0.9694 | VaAcc: 0.9561 | TeAcc: 0.9639

 29,  0 | TrAcc: 0.9742, TrLoss:  0.08808, VaAcc: 0.9565, VaLoss:  0.16612
 MAP NN | TrAcc: 0.9784 | VaAcc: 0.9585 | TeAcc: 0.9702
 S NN | TrAcc: 0.9708 | VaAcc: 0.9487 | TeAcc: 0.9678

 30,  0 | TrAcc: 0.9741, TrLoss:  0.08688, VaAcc: 0.9595, VaLoss:  0.14833
 MAP NN | TrAcc: 0.9786 | VaAcc: 0.9614 | TeAcc: 0.9717
 S NN | TrAcc: 0.9716 | VaAcc: 0.9565 | TeAcc: 0.9707

 31,  0 | TrAcc: 0.9780, TrLoss:  0.08091, VaAcc: 0.9624, VaLoss:  0.14357
 MAP NN | TrAcc: 0.9805 | VaAcc: 0.9648 | TeAcc: 0.9736
 S NN | TrAcc: 0.9739 | VaAcc: 0.9629 | TeAcc: 0.9697

 32,  0 | TrAcc: 0.9766, TrLoss:  0.08320, VaAcc: 0.9648, VaLoss:  0.14806
 MAP NN | TrAcc: 0.9792 | VaAcc: 0.9634 | TeAcc: 0.9707
 S NN | TrAcc: 0.9771 | VaAcc: 0.9585 | TeAcc: 0.9673

 33,  0 | TrAcc: 0.9767, TrLoss:  0.07874, VaAcc: 0.9580, VaLoss:  0.15247
 MAP NN | TrAcc: 0.9797 | VaAcc: 0.9604 | TeAcc: 0.9736
 S NN | TrAcc: 0.9738 | VaAcc: 0.9531 | TeAcc: 0.9697

 34,  0 | TrAcc: 0.9789, TrLoss:  0.07644, VaAcc: 0.9556, VaLoss:  0.16347
 MAP NN | TrAcc: 0.9810 | VaAcc: 0.9604 | TeAcc: 0.9702
 S NN | TrAcc: 0.9786 | VaAcc: 0.9546 | TeAcc: 0.9658

 35,  0 | TrAcc: 0.9756, TrLoss:  0.08578, VaAcc: 0.9639, VaLoss:  0.15134
 MAP NN | TrAcc: 0.9775 | VaAcc: 0.9600 | TeAcc: 0.9668
 S NN | TrAcc: 0.9656 | VaAcc: 0.9531 | TeAcc: 0.9648

 36,  0 | TrAcc: 0.9767, TrLoss:  0.07994, VaAcc: 0.9590, VaLoss:  0.15293
 MAP NN | TrAcc: 0.9768 | VaAcc: 0.9580 | TeAcc: 0.9702
 S NN | TrAcc: 0.9767 | VaAcc: 0.9595 | TeAcc: 0.9683

 37,  0 | TrAcc: 0.9772, TrLoss:  0.07684, VaAcc: 0.9521, VaLoss:  0.15966
 MAP NN | TrAcc: 0.9806 | VaAcc: 0.9541 | TeAcc: 0.9717
 S NN | TrAcc: 0.9760 | VaAcc: 0.9570 | TeAcc: 0.9722

 38,  0 | TrAcc: 0.9803, TrLoss:  0.06713, VaAcc: 0.9595, VaLoss:  0.14692
 MAP NN | TrAcc: 0.9835 | VaAcc: 0.9600 | TeAcc: 0.9736
 S NN | TrAcc: 0.9794 | VaAcc: 0.9590 | TeAcc: 0.9712

 39,  0 | TrAcc: 0.9825, TrLoss:  0.06450, VaAcc: 0.9590, VaLoss:  0.15597
 MAP NN | TrAcc: 0.9835 | VaAcc: 0.9595 | TeAcc: 0.9702
 S NN | TrAcc: 0.9802 | VaAcc: 0.9624 | TeAcc: 0.9688

 40,  0 | TrAcc: 0.9812, TrLoss:  0.06862, VaAcc: 0.9609, VaLoss:  0.15325
 MAP NN | TrAcc: 0.9855 | VaAcc: 0.9604 | TeAcc: 0.9717
 S NN | TrAcc: 0.9779 | VaAcc: 0.9536 | TeAcc: 0.9658

 41,  0 | TrAcc: 0.9814, TrLoss:  0.06811, VaAcc: 0.9619, VaLoss:  0.14694
 MAP NN | TrAcc: 0.9839 | VaAcc: 0.9644 | TeAcc: 0.9722
 S NN | TrAcc: 0.9803 | VaAcc: 0.9570 | TeAcc: 0.9697

 42,  0 | TrAcc: 0.9832, TrLoss:  0.06276, VaAcc: 0.9604, VaLoss:  0.14607
 MAP NN | TrAcc: 0.9860 | VaAcc: 0.9595 | TeAcc: 0.9756
 S NN | TrAcc: 0.9812 | VaAcc: 0.9624 | TeAcc: 0.9727

 43,  0 | TrAcc: 0.9834, TrLoss:  0.06083, VaAcc: 0.9619, VaLoss:  0.14337
 MAP NN | TrAcc: 0.9850 | VaAcc: 0.9604 | TeAcc: 0.9678
 S NN | TrAcc: 0.9827 | VaAcc: 0.9565 | TeAcc: 0.9678

 44,  0 | TrAcc: 0.9817, TrLoss:  0.06555, VaAcc: 0.9575, VaLoss:  0.15208
 MAP NN | TrAcc: 0.9849 | VaAcc: 0.9590 | TeAcc: 0.9761
 S NN | TrAcc: 0.9802 | VaAcc: 0.9595 | TeAcc: 0.9717

 45,  0 | TrAcc: 0.9822, TrLoss:  0.06584, VaAcc: 0.9604, VaLoss:  0.14564
 MAP NN | TrAcc: 0.9849 | VaAcc: 0.9604 | TeAcc: 0.9751
 S NN | TrAcc: 0.9818 | VaAcc: 0.9561 | TeAcc: 0.9722

 46,  0 | TrAcc: 0.9834, TrLoss:  0.06399, VaAcc: 0.9609, VaLoss:  0.14232
 MAP NN | TrAcc: 0.9857 | VaAcc: 0.9639 | TeAcc: 0.9727
 S NN | TrAcc: 0.9828 | VaAcc: 0.9590 | TeAcc: 0.9707

 47,  0 | TrAcc: 0.9830, TrLoss:  0.06045, VaAcc: 0.9629, VaLoss:  0.14924
 MAP NN | TrAcc: 0.9856 | VaAcc: 0.9653 | TeAcc: 0.9736
 S NN | TrAcc: 0.9788 | VaAcc: 0.9624 | TeAcc: 0.9727

 48,  0 | TrAcc: 0.9819, TrLoss:  0.06199, VaAcc: 0.9600, VaLoss:  0.14981
 MAP NN | TrAcc: 0.9858 | VaAcc: 0.9604 | TeAcc: 0.9761
 S NN | TrAcc: 0.9829 | VaAcc: 0.9585 | TeAcc: 0.9707

 49,  0 | TrAcc: 0.9829, TrLoss:  0.06034, VaAcc: 0.9624, VaLoss:  0.14854
 MAP NN | TrAcc: 0.9844 | VaAcc: 0.9595 | TeAcc: 0.9741
 S NN | TrAcc: 0.9846 | VaAcc: 0.9590 | TeAcc: 0.9741

 50,  0 | TrAcc: 0.9832, TrLoss:  0.06038, VaAcc: 0.9600, VaLoss:  0.15463
 MAP NN | TrAcc: 0.9851 | VaAcc: 0.9609 | TeAcc: 0.9746
 S NN | TrAcc: 0.9824 | VaAcc: 0.9595 | TeAcc: 0.9741

 51,  0 | TrAcc: 0.9855, TrLoss:  0.05580, VaAcc: 0.9653, VaLoss:  0.14194
 MAP NN | TrAcc: 0.9861 | VaAcc: 0.9653 | TeAcc: 0.9756
 S NN | TrAcc: 0.9866 | VaAcc: 0.9614 | TeAcc: 0.9746

 52,  0 | TrAcc: 0.9838, TrLoss:  0.05634, VaAcc: 0.9619, VaLoss:  0.14182
 MAP NN | TrAcc: 0.9872 | VaAcc: 0.9639 | TeAcc: 0.9727
 S NN | TrAcc: 0.9839 | VaAcc: 0.9580 | TeAcc: 0.9736

 53,  0 | TrAcc: 0.9867, TrLoss:  0.05262, VaAcc: 0.9614, VaLoss:  0.14036
 MAP NN | TrAcc: 0.9879 | VaAcc: 0.9619 | TeAcc: 0.9756
 S NN | TrAcc: 0.9861 | VaAcc: 0.9600 | TeAcc: 0.9712

 54,  0 | TrAcc: 0.9863, TrLoss:  0.05191, VaAcc: 0.9585, VaLoss:  0.14489
 MAP NN | TrAcc: 0.9873 | VaAcc: 0.9619 | TeAcc: 0.9741
 S NN | TrAcc: 0.9852 | VaAcc: 0.9600 | TeAcc: 0.9727

 55,  0 | TrAcc: 0.9871, TrLoss:  0.05057, VaAcc: 0.9614, VaLoss:  0.14617
 MAP NN | TrAcc: 0.9889 | VaAcc: 0.9619 | TeAcc: 0.9727
 S NN | TrAcc: 0.9880 | VaAcc: 0.9619 | TeAcc: 0.9746

 56,  0 | TrAcc: 0.9849, TrLoss:  0.05363, VaAcc: 0.9634, VaLoss:  0.13277
 MAP NN | TrAcc: 0.9871 | VaAcc: 0.9614 | TeAcc: 0.9727
 S NN | TrAcc: 0.9865 | VaAcc: 0.9609 | TeAcc: 0.9712

 57,  0 | TrAcc: 0.9832, TrLoss:  0.05973, VaAcc: 0.9575, VaLoss:  0.15383
 MAP NN | TrAcc: 0.9857 | VaAcc: 0.9561 | TeAcc: 0.9717
 S NN | TrAcc: 0.9830 | VaAcc: 0.9614 | TeAcc: 0.9678

 58,  0 | TrAcc: 0.9830, TrLoss:  0.05915, VaAcc: 0.9629, VaLoss:  0.14087
 MAP NN | TrAcc: 0.9854 | VaAcc: 0.9624 | TeAcc: 0.9731
 S NN | TrAcc: 0.9829 | VaAcc: 0.9604 | TeAcc: 0.9761

 59,  0 | TrAcc: 0.9856, TrLoss:  0.05212, VaAcc: 0.9575, VaLoss:  0.15675
 MAP NN | TrAcc: 0.9888 | VaAcc: 0.9600 | TeAcc: 0.9722
 S NN | TrAcc: 0.9872 | VaAcc: 0.9541 | TeAcc: 0.9712

 60,  0 | TrAcc: 0.9862, TrLoss:  0.05118, VaAcc: 0.9600, VaLoss:  0.14015
 MAP NN | TrAcc: 0.9874 | VaAcc: 0.9634 | TeAcc: 0.9741
 S NN | TrAcc: 0.9854 | VaAcc: 0.9614 | TeAcc: 0.9731

 61,  0 | TrAcc: 0.9861, TrLoss:  0.04862, VaAcc: 0.9600, VaLoss:  0.14554
 MAP NN | TrAcc: 0.9878 | VaAcc: 0.9585 | TeAcc: 0.9761
 S NN | TrAcc: 0.9850 | VaAcc: 0.9604 | TeAcc: 0.9766

 62,  0 | TrAcc: 0.9841, TrLoss:  0.05471, VaAcc: 0.9570, VaLoss:  0.15016
 MAP NN | TrAcc: 0.9867 | VaAcc: 0.9580 | TeAcc: 0.9731
 S NN | TrAcc: 0.9862 | VaAcc: 0.9575 | TeAcc: 0.9741

 63,  0 | TrAcc: 0.9862, TrLoss:  0.05007, VaAcc: 0.9634, VaLoss:  0.14000
 MAP NN | TrAcc: 0.9874 | VaAcc: 0.9619 | TeAcc: 0.9727
 S NN | TrAcc: 0.9863 | VaAcc: 0.9600 | TeAcc: 0.9722

 64,  0 | TrAcc: 0.9863, TrLoss:  0.05057, VaAcc: 0.9624, VaLoss:  0.14728
 MAP NN | TrAcc: 0.9879 | VaAcc: 0.9639 | TeAcc: 0.9736
 S NN | TrAcc: 0.9880 | VaAcc: 0.9658 | TeAcc: 0.9731

 65,  0 | TrAcc: 0.9872, TrLoss:  0.05021, VaAcc: 0.9614, VaLoss:  0.14781
 MAP NN | TrAcc: 0.9885 | VaAcc: 0.9595 | TeAcc: 0.9731
 S NN | TrAcc: 0.9875 | VaAcc: 0.9609 | TeAcc: 0.9722

 66,  0 | TrAcc: 0.9871, TrLoss:  0.04928, VaAcc: 0.9600, VaLoss:  0.14679
 MAP NN | TrAcc: 0.9885 | VaAcc: 0.9604 | TeAcc: 0.9736
 S NN | TrAcc: 0.9871 | VaAcc: 0.9609 | TeAcc: 0.9741

 67,  0 | TrAcc: 0.9862, TrLoss:  0.05146, VaAcc: 0.9590, VaLoss:  0.14833
 MAP NN | TrAcc: 0.9884 | VaAcc: 0.9590 | TeAcc: 0.9727
 S NN | TrAcc: 0.9845 | VaAcc: 0.9600 | TeAcc: 0.9712

 68,  0 | TrAcc: 0.9865, TrLoss:  0.04982, VaAcc: 0.9570, VaLoss:  0.14896
 MAP NN | TrAcc: 0.9884 | VaAcc: 0.9595 | TeAcc: 0.9731
 S NN | TrAcc: 0.9865 | VaAcc: 0.9585 | TeAcc: 0.9731

 69,  0 | TrAcc: 0.9873, TrLoss:  0.04812, VaAcc: 0.9600, VaLoss:  0.15010
 MAP NN | TrAcc: 0.9889 | VaAcc: 0.9614 | TeAcc: 0.9780
 S NN | TrAcc: 0.9866 | VaAcc: 0.9600 | TeAcc: 0.9702

 70,  0 | TrAcc: 0.9879, TrLoss:  0.04531, VaAcc: 0.9614, VaLoss:  0.13982
 MAP NN | TrAcc: 0.9896 | VaAcc: 0.9604 | TeAcc: 0.9746
 S NN | TrAcc: 0.9888 | VaAcc: 0.9600 | TeAcc: 0.9736

 71,  0 | TrAcc: 0.9879, TrLoss:  0.04492, VaAcc: 0.9624, VaLoss:  0.14587
 MAP NN | TrAcc: 0.9889 | VaAcc: 0.9619 | TeAcc: 0.9771
 S NN | TrAcc: 0.9879 | VaAcc: 0.9644 | TeAcc: 0.9751

 72,  0 | TrAcc: 0.9863, TrLoss:  0.05195, VaAcc: 0.9580, VaLoss:  0.14646
 MAP NN | TrAcc: 0.9862 | VaAcc: 0.9595 | TeAcc: 0.9722
 S NN | TrAcc: 0.9846 | VaAcc: 0.9590 | TeAcc: 0.9717

 73,  0 | TrAcc: 0.9846, TrLoss:  0.05581, VaAcc: 0.9580, VaLoss:  0.14745
 MAP NN | TrAcc: 0.9862 | VaAcc: 0.9590 | TeAcc: 0.9692
 S NN | TrAcc: 0.9828 | VaAcc: 0.9629 | TeAcc: 0.9668

 74,  0 | TrAcc: 0.9852, TrLoss:  0.05205, VaAcc: 0.9590, VaLoss:  0.15052
 MAP NN | TrAcc: 0.9883 | VaAcc: 0.9590 | TeAcc: 0.9736
 S NN | TrAcc: 0.9873 | VaAcc: 0.9585 | TeAcc: 0.9736

 75,  0 | TrAcc: 0.9877, TrLoss:  0.04836, VaAcc: 0.9604, VaLoss:  0.15114
 MAP NN | TrAcc: 0.9875 | VaAcc: 0.9624 | TeAcc: 0.9717
 S NN | TrAcc: 0.9860 | VaAcc: 0.9590 | TeAcc: 0.9707

 76,  0 | TrAcc: 0.9889, TrLoss:  0.04627, VaAcc: 0.9614, VaLoss:  0.14175
 MAP NN | TrAcc: 0.9901 | VaAcc: 0.9600 | TeAcc: 0.9727
 S NN | TrAcc: 0.9895 | VaAcc: 0.9590 | TeAcc: 0.9722

 77,  0 | TrAcc: 0.9890, TrLoss:  0.04389, VaAcc: 0.9570, VaLoss:  0.15664
 MAP NN | TrAcc: 0.9908 | VaAcc: 0.9600 | TeAcc: 0.9717
 S NN | TrAcc: 0.9883 | VaAcc: 0.9609 | TeAcc: 0.9707

 78,  0 | TrAcc: 0.9868, TrLoss:  0.04630, VaAcc: 0.9565, VaLoss:  0.14832
 MAP NN | TrAcc: 0.9889 | VaAcc: 0.9590 | TeAcc: 0.9751
 S NN | TrAcc: 0.9888 | VaAcc: 0.9570 | TeAcc: 0.9761

 79,  0 | TrAcc: 0.9888, TrLoss:  0.04395, VaAcc: 0.9570, VaLoss:  0.14707
 MAP NN | TrAcc: 0.9900 | VaAcc: 0.9595 | TeAcc: 0.9717
 S NN | TrAcc: 0.9875 | VaAcc: 0.9565 | TeAcc: 0.9731

 80,  0 | TrAcc: 0.9902, TrLoss:  0.04042, VaAcc: 0.9604, VaLoss:  0.14557
 MAP NN | TrAcc: 0.9911 | VaAcc: 0.9624 | TeAcc: 0.9751
 S NN | TrAcc: 0.9908 | VaAcc: 0.9644 | TeAcc: 0.9741

 81,  0 | TrAcc: 0.9899, TrLoss:  0.04412, VaAcc: 0.9590, VaLoss:  0.15035
 MAP NN | TrAcc: 0.9906 | VaAcc: 0.9585 | TeAcc: 0.9756
 S NN | TrAcc: 0.9896 | VaAcc: 0.9590 | TeAcc: 0.9756

 82,  0 | TrAcc: 0.9907, TrLoss:  0.03969, VaAcc: 0.9604, VaLoss:  0.15490
 MAP NN | TrAcc: 0.9908 | VaAcc: 0.9609 | TeAcc: 0.9751
 S NN | TrAcc: 0.9895 | VaAcc: 0.9590 | TeAcc: 0.9741

 83,  0 | TrAcc: 0.9886, TrLoss:  0.04641, VaAcc: 0.9619, VaLoss:  0.14946
 MAP NN | TrAcc: 0.9895 | VaAcc: 0.9590 | TeAcc: 0.9731
 S NN | TrAcc: 0.9885 | VaAcc: 0.9590 | TeAcc: 0.9727

 84,  0 | TrAcc: 0.9890, TrLoss:  0.04222, VaAcc: 0.9575, VaLoss:  0.14982
 MAP NN | TrAcc: 0.9906 | VaAcc: 0.9580 | TeAcc: 0.9746
 S NN | TrAcc: 0.9893 | VaAcc: 0.9565 | TeAcc: 0.9731

 85,  0 | TrAcc: 0.9902, TrLoss:  0.03959, VaAcc: 0.9595, VaLoss:  0.14396
 MAP NN | TrAcc: 0.9916 | VaAcc: 0.9619 | TeAcc: 0.9766
 S NN | TrAcc: 0.9917 | VaAcc: 0.9624 | TeAcc: 0.9751

 86,  0 | TrAcc: 0.9908, TrLoss:  0.03778, VaAcc: 0.9551, VaLoss:  0.15337
 MAP NN | TrAcc: 0.9924 | VaAcc: 0.9595 | TeAcc: 0.9741
 S NN | TrAcc: 0.9904 | VaAcc: 0.9570 | TeAcc: 0.9731

 87,  0 | TrAcc: 0.9916, TrLoss:  0.03700, VaAcc: 0.9590, VaLoss:  0.15314
 MAP NN | TrAcc: 0.9923 | VaAcc: 0.9604 | TeAcc: 0.9741
 S NN | TrAcc: 0.9918 | VaAcc: 0.9609 | TeAcc: 0.9731

 88,  0 | TrAcc: 0.9910, TrLoss:  0.03620, VaAcc: 0.9590, VaLoss:  0.15014
 MAP NN | TrAcc: 0.9924 | VaAcc: 0.9619 | TeAcc: 0.9751
 S NN | TrAcc: 0.9915 | VaAcc: 0.9604 | TeAcc: 0.9746

 89,  0 | TrAcc: 0.9905, TrLoss:  0.03877, VaAcc: 0.9595, VaLoss:  0.14494
 MAP NN | TrAcc: 0.9923 | VaAcc: 0.9604 | TeAcc: 0.9756
 S NN | TrAcc: 0.9907 | VaAcc: 0.9585 | TeAcc: 0.9746

 90,  0 | TrAcc: 0.9885, TrLoss:  0.04103, VaAcc: 0.9595, VaLoss:  0.14759
 MAP NN | TrAcc: 0.9900 | VaAcc: 0.9619 | TeAcc: 0.9722
 S NN | TrAcc: 0.9900 | VaAcc: 0.9600 | TeAcc: 0.9736

 91,  0 | TrAcc: 0.9916, TrLoss:  0.03775, VaAcc: 0.9624, VaLoss:  0.13563
 MAP NN | TrAcc: 0.9919 | VaAcc: 0.9614 | TeAcc: 0.9766
 S NN | TrAcc: 0.9902 | VaAcc: 0.9619 | TeAcc: 0.9771

 92,  0 | TrAcc: 0.9911, TrLoss:  0.03563, VaAcc: 0.9604, VaLoss:  0.14321
 MAP NN | TrAcc: 0.9916 | VaAcc: 0.9624 | TeAcc: 0.9741
 S NN | TrAcc: 0.9910 | VaAcc: 0.9600 | TeAcc: 0.9741

 93,  0 | TrAcc: 0.9910, TrLoss:  0.03811, VaAcc: 0.9600, VaLoss:  0.14583
 MAP NN | TrAcc: 0.9919 | VaAcc: 0.9609 | TeAcc: 0.9717
 S NN | TrAcc: 0.9921 | VaAcc: 0.9604 | TeAcc: 0.9697

 94,  0 | TrAcc: 0.9912, TrLoss:  0.03534, VaAcc: 0.9629, VaLoss:  0.13779
 MAP NN | TrAcc: 0.9926 | VaAcc: 0.9653 | TeAcc: 0.9746
 S NN | TrAcc: 0.9928 | VaAcc: 0.9653 | TeAcc: 0.9741

 95,  0 | TrAcc: 0.9905, TrLoss:  0.03733, VaAcc: 0.9619, VaLoss:  0.14517
 MAP NN | TrAcc: 0.9911 | VaAcc: 0.9624 | TeAcc: 0.9751
 S NN | TrAcc: 0.9906 | VaAcc: 0.9624 | TeAcc: 0.9736

 96,  0 | TrAcc: 0.9917, TrLoss:  0.03526, VaAcc: 0.9629, VaLoss:  0.13889
 MAP NN | TrAcc: 0.9919 | VaAcc: 0.9648 | TeAcc: 0.9766
 S NN | TrAcc: 0.9904 | VaAcc: 0.9629 | TeAcc: 0.9775

 97,  0 | TrAcc: 0.9911, TrLoss:  0.03687, VaAcc: 0.9619, VaLoss:  0.14409
 MAP NN | TrAcc: 0.9913 | VaAcc: 0.9614 | TeAcc: 0.9712
 S NN | TrAcc: 0.9912 | VaAcc: 0.9604 | TeAcc: 0.9717

 98,  0 | TrAcc: 0.9915, TrLoss:  0.03582, VaAcc: 0.9604, VaLoss:  0.14671
 MAP NN | TrAcc: 0.9921 | VaAcc: 0.9565 | TeAcc: 0.9751
 S NN | TrAcc: 0.9926 | VaAcc: 0.9595 | TeAcc: 0.9756

 99,  0 | TrAcc: 0.9899, TrLoss:  0.03861, VaAcc: 0.9595, VaLoss:  0.15057
 MAP NN | TrAcc: 0.9916 | VaAcc: 0.9604 | TeAcc: 0.9771
 S NN | TrAcc: 0.9908 | VaAcc: 0.9595 | TeAcc: 0.9775

100,  0 | TrAcc: 0.9910, TrLoss:  0.03774, VaAcc: 0.9575, VaLoss:  0.15265
 MAP NN | TrAcc: 0.9912 | VaAcc: 0.9585 | TeAcc: 0.9727
 S NN | TrAcc: 0.9901 | VaAcc: 0.9590 | TeAcc: 0.9741

101,  0 | TrAcc: 0.9904, TrLoss:  0.03625, VaAcc: 0.9600, VaLoss:  0.15158
 MAP NN | TrAcc: 0.9919 | VaAcc: 0.9585 | TeAcc: 0.9756
 S NN | TrAcc: 0.9919 | VaAcc: 0.9575 | TeAcc: 0.9756

102,  0 | TrAcc: 0.9918, TrLoss:  0.03547, VaAcc: 0.9609, VaLoss:  0.13979
 MAP NN | TrAcc: 0.9917 | VaAcc: 0.9614 | TeAcc: 0.9751
 S NN | TrAcc: 0.9895 | VaAcc: 0.9609 | TeAcc: 0.9727

103,  0 | TrAcc: 0.9890, TrLoss:  0.04151, VaAcc: 0.9604, VaLoss:  0.14345
 MAP NN | TrAcc: 0.9902 | VaAcc: 0.9614 | TeAcc: 0.9712
 S NN | TrAcc: 0.9884 | VaAcc: 0.9585 | TeAcc: 0.9731

104,  0 | TrAcc: 0.9905, TrLoss:  0.03683, VaAcc: 0.9590, VaLoss:  0.14851
 MAP NN | TrAcc: 0.9916 | VaAcc: 0.9600 | TeAcc: 0.9717
 S NN | TrAcc: 0.9895 | VaAcc: 0.9600 | TeAcc: 0.9712

105,  0 | TrAcc: 0.9884, TrLoss:  0.04411, VaAcc: 0.9595, VaLoss:  0.15333
 MAP NN | TrAcc: 0.9891 | VaAcc: 0.9585 | TeAcc: 0.9731
 S NN | TrAcc: 0.9884 | VaAcc: 0.9546 | TeAcc: 0.9736

106,  0 | TrAcc: 0.9913, TrLoss:  0.03752, VaAcc: 0.9570, VaLoss:  0.14884
 MAP NN | TrAcc: 0.9917 | VaAcc: 0.9556 | TeAcc: 0.9746
 S NN | TrAcc: 0.9924 | VaAcc: 0.9575 | TeAcc: 0.9736

107,  0 | TrAcc: 0.9895, TrLoss:  0.03988, VaAcc: 0.9585, VaLoss:  0.15038
 MAP NN | TrAcc: 0.9906 | VaAcc: 0.9556 | TeAcc: 0.9746
 S NN | TrAcc: 0.9910 | VaAcc: 0.9556 | TeAcc: 0.9751

108,  0 | TrAcc: 0.9907, TrLoss:  0.03752, VaAcc: 0.9580, VaLoss:  0.14433
 MAP NN | TrAcc: 0.9913 | VaAcc: 0.9604 | TeAcc: 0.9736
 S NN | TrAcc: 0.9911 | VaAcc: 0.9600 | TeAcc: 0.9736

109,  0 | TrAcc: 0.9908, TrLoss:  0.03841, VaAcc: 0.9585, VaLoss:  0.14960
 MAP NN | TrAcc: 0.9907 | VaAcc: 0.9580 | TeAcc: 0.9775
 S NN | TrAcc: 0.9907 | VaAcc: 0.9600 | TeAcc: 0.9756

110,  0 | TrAcc: 0.9918, TrLoss:  0.03394, VaAcc: 0.9600, VaLoss:  0.14555
 MAP NN | TrAcc: 0.9922 | VaAcc: 0.9600 | TeAcc: 0.9756
 S NN | TrAcc: 0.9911 | VaAcc: 0.9609 | TeAcc: 0.9746

111,  0 | TrAcc: 0.9932, TrLoss:  0.03370, VaAcc: 0.9600, VaLoss:  0.14733
 MAP NN | TrAcc: 0.9937 | VaAcc: 0.9604 | TeAcc: 0.9722
 S NN | TrAcc: 0.9934 | VaAcc: 0.9590 | TeAcc: 0.9756

112,  0 | TrAcc: 0.9906, TrLoss:  0.03555, VaAcc: 0.9590, VaLoss:  0.14792
 MAP NN | TrAcc: 0.9923 | VaAcc: 0.9604 | TeAcc: 0.9761
 S NN | TrAcc: 0.9912 | VaAcc: 0.9580 | TeAcc: 0.9761

113,  0 | TrAcc: 0.9918, TrLoss:  0.03441, VaAcc: 0.9595, VaLoss:  0.14384
 MAP NN | TrAcc: 0.9932 | VaAcc: 0.9619 | TeAcc: 0.9712
 S NN | TrAcc: 0.9926 | VaAcc: 0.9600 | TeAcc: 0.9746

114,  0 | TrAcc: 0.9922, TrLoss:  0.03344, VaAcc: 0.9614, VaLoss:  0.14826
 MAP NN | TrAcc: 0.9926 | VaAcc: 0.9609 | TeAcc: 0.9717
 S NN | TrAcc: 0.9916 | VaAcc: 0.9614 | TeAcc: 0.9707

115,  0 | TrAcc: 0.9924, TrLoss:  0.03395, VaAcc: 0.9585, VaLoss:  0.14634
 MAP NN | TrAcc: 0.9919 | VaAcc: 0.9595 | TeAcc: 0.9736
 S NN | TrAcc: 0.9919 | VaAcc: 0.9585 | TeAcc: 0.9766

116,  0 | TrAcc: 0.9896, TrLoss:  0.03791, VaAcc: 0.9600, VaLoss:  0.14733
 MAP NN | TrAcc: 0.9901 | VaAcc: 0.9609 | TeAcc: 0.9746
 S NN | TrAcc: 0.9897 | VaAcc: 0.9614 | TeAcc: 0.9727

117,  0 | TrAcc: 0.9918, TrLoss:  0.03436, VaAcc: 0.9634, VaLoss:  0.14379
 MAP NN | TrAcc: 0.9928 | VaAcc: 0.9629 | TeAcc: 0.9722
 S NN | TrAcc: 0.9926 | VaAcc: 0.9634 | TeAcc: 0.9746

118,  0 | TrAcc: 0.9924, TrLoss:  0.03114, VaAcc: 0.9595, VaLoss:  0.14031
 MAP NN | TrAcc: 0.9922 | VaAcc: 0.9595 | TeAcc: 0.9756
 S NN | TrAcc: 0.9926 | VaAcc: 0.9609 | TeAcc: 0.9741

119,  0 | TrAcc: 0.9927, TrLoss:  0.03070, VaAcc: 0.9580, VaLoss:  0.15622
 MAP NN | TrAcc: 0.9933 | VaAcc: 0.9585 | TeAcc: 0.9800
 S NN | TrAcc: 0.9939 | VaAcc: 0.9590 | TeAcc: 0.9785

120,  0 | TrAcc: 0.9919, TrLoss:  0.03262, VaAcc: 0.9585, VaLoss:  0.14977
 MAP NN | TrAcc: 0.9932 | VaAcc: 0.9604 | TeAcc: 0.9727
 S NN | TrAcc: 0.9923 | VaAcc: 0.9585 | TeAcc: 0.9727

121,  0 | TrAcc: 0.9929, TrLoss:  0.02953, VaAcc: 0.9600, VaLoss:  0.14416
 MAP NN | TrAcc: 0.9937 | VaAcc: 0.9609 | TeAcc: 0.9775
 S NN | TrAcc: 0.9930 | VaAcc: 0.9600 | TeAcc: 0.9756

122,  0 | TrAcc: 0.9939, TrLoss:  0.02839, VaAcc: 0.9604, VaLoss:  0.14506
 MAP NN | TrAcc: 0.9941 | VaAcc: 0.9624 | TeAcc: 0.9785
 S NN | TrAcc: 0.9938 | VaAcc: 0.9624 | TeAcc: 0.9751

123,  0 | TrAcc: 0.9932, TrLoss:  0.02965, VaAcc: 0.9619, VaLoss:  0.14335
 MAP NN | TrAcc: 0.9938 | VaAcc: 0.9648 | TeAcc: 0.9746
 S NN | TrAcc: 0.9935 | VaAcc: 0.9644 | TeAcc: 0.9756

124,  0 | TrAcc: 0.9930, TrLoss:  0.03041, VaAcc: 0.9609, VaLoss:  0.14175
 MAP NN | TrAcc: 0.9932 | VaAcc: 0.9634 | TeAcc: 0.9741
 S NN | TrAcc: 0.9929 | VaAcc: 0.9624 | TeAcc: 0.9746

125,  0 | TrAcc: 0.9932, TrLoss:  0.02895, VaAcc: 0.9614, VaLoss:  0.13998
 MAP NN | TrAcc: 0.9940 | VaAcc: 0.9604 | TeAcc: 0.9775
 S NN | TrAcc: 0.9940 | VaAcc: 0.9624 | TeAcc: 0.9761

126,  0 | TrAcc: 0.9926, TrLoss:  0.03191, VaAcc: 0.9575, VaLoss:  0.14459
 MAP NN | TrAcc: 0.9935 | VaAcc: 0.9595 | TeAcc: 0.9736
 S NN | TrAcc: 0.9917 | VaAcc: 0.9600 | TeAcc: 0.9746

127,  0 | TrAcc: 0.9913, TrLoss:  0.03464, VaAcc: 0.9595, VaLoss:  0.14297
 MAP NN | TrAcc: 0.9913 | VaAcc: 0.9604 | TeAcc: 0.9731
 S NN | TrAcc: 0.9916 | VaAcc: 0.9604 | TeAcc: 0.9697

128,  0 | TrAcc: 0.9868, TrLoss:  0.04234, VaAcc: 0.9575, VaLoss:  0.15883
 MAP NN | TrAcc: 0.9874 | VaAcc: 0.9565 | TeAcc: 0.9697
 S NN | TrAcc: 0.9862 | VaAcc: 0.9565 | TeAcc: 0.9727

129,  0 | TrAcc: 0.9873, TrLoss:  0.04666, VaAcc: 0.9604, VaLoss:  0.15322
 MAP NN | TrAcc: 0.9880 | VaAcc: 0.9600 | TeAcc: 0.9736
 S NN | TrAcc: 0.9878 | VaAcc: 0.9595 | TeAcc: 0.9741

130,  0 | TrAcc: 0.9897, TrLoss:  0.04178, VaAcc: 0.9634, VaLoss:  0.15428
 MAP NN | TrAcc: 0.9906 | VaAcc: 0.9639 | TeAcc: 0.9780
 S NN | TrAcc: 0.9900 | VaAcc: 0.9619 | TeAcc: 0.9780

131,  0 | TrAcc: 0.9882, TrLoss:  0.04281, VaAcc: 0.9609, VaLoss:  0.15297
 MAP NN | TrAcc: 0.9883 | VaAcc: 0.9585 | TeAcc: 0.9746
 S NN | TrAcc: 0.9888 | VaAcc: 0.9585 | TeAcc: 0.9746

132,  0 | TrAcc: 0.9917, TrLoss:  0.03376, VaAcc: 0.9614, VaLoss:  0.14006
 MAP NN | TrAcc: 0.9926 | VaAcc: 0.9619 | TeAcc: 0.9756
 S NN | TrAcc: 0.9927 | VaAcc: 0.9619 | TeAcc: 0.9731

133,  0 | TrAcc: 0.9889, TrLoss:  0.04047, VaAcc: 0.9580, VaLoss:  0.15722
 MAP NN | TrAcc: 0.9894 | VaAcc: 0.9570 | TeAcc: 0.9771
 S NN | TrAcc: 0.9897 | VaAcc: 0.9575 | TeAcc: 0.9751

134,  0 | TrAcc: 0.9904, TrLoss:  0.03736, VaAcc: 0.9609, VaLoss:  0.14250
 MAP NN | TrAcc: 0.9910 | VaAcc: 0.9634 | TeAcc: 0.9736
 S NN | TrAcc: 0.9906 | VaAcc: 0.9609 | TeAcc: 0.9751

135,  0 | TrAcc: 0.9917, TrLoss:  0.03190, VaAcc: 0.9604, VaLoss:  0.14194
 MAP NN | TrAcc: 0.9928 | VaAcc: 0.9624 | TeAcc: 0.9766
 S NN | TrAcc: 0.9932 | VaAcc: 0.9609 | TeAcc: 0.9736

136,  0 | TrAcc: 0.9930, TrLoss:  0.03040, VaAcc: 0.9634, VaLoss:  0.14245
 MAP NN | TrAcc: 0.9937 | VaAcc: 0.9624 | TeAcc: 0.9746
 S NN | TrAcc: 0.9933 | VaAcc: 0.9600 | TeAcc: 0.9775

137,  0 | TrAcc: 0.9929, TrLoss:  0.03027, VaAcc: 0.9624, VaLoss:  0.14082
 MAP NN | TrAcc: 0.9929 | VaAcc: 0.9648 | TeAcc: 0.9741
 S NN | TrAcc: 0.9930 | VaAcc: 0.9629 | TeAcc: 0.9751

138,  0 | TrAcc: 0.9928, TrLoss:  0.02971, VaAcc: 0.9600, VaLoss:  0.14665
 MAP NN | TrAcc: 0.9935 | VaAcc: 0.9570 | TeAcc: 0.9746
 S NN | TrAcc: 0.9937 | VaAcc: 0.9595 | TeAcc: 0.9736

139,  0 | TrAcc: 0.9932, TrLoss:  0.02851, VaAcc: 0.9590, VaLoss:  0.14619
 MAP NN | TrAcc: 0.9935 | VaAcc: 0.9600 | TeAcc: 0.9766
 S NN | TrAcc: 0.9926 | VaAcc: 0.9639 | TeAcc: 0.9751

140,  0 | TrAcc: 0.9930, TrLoss:  0.03049, VaAcc: 0.9629, VaLoss:  0.14617
 MAP NN | TrAcc: 0.9935 | VaAcc: 0.9619 | TeAcc: 0.9761
 S NN | TrAcc: 0.9927 | VaAcc: 0.9624 | TeAcc: 0.9761

141,  0 | TrAcc: 0.9907, TrLoss:  0.03473, VaAcc: 0.9614, VaLoss:  0.14331
 MAP NN | TrAcc: 0.9919 | VaAcc: 0.9595 | TeAcc: 0.9741
 S NN | TrAcc: 0.9913 | VaAcc: 0.9600 | TeAcc: 0.9741

142,  0 | TrAcc: 0.9911, TrLoss:  0.03473, VaAcc: 0.9604, VaLoss:  0.14698
 MAP NN | TrAcc: 0.9923 | VaAcc: 0.9604 | TeAcc: 0.9756
 S NN | TrAcc: 0.9918 | VaAcc: 0.9600 | TeAcc: 0.9751

143,  0 | TrAcc: 0.9916, TrLoss:  0.03027, VaAcc: 0.9624, VaLoss:  0.14785
 MAP NN | TrAcc: 0.9919 | VaAcc: 0.9619 | TeAcc: 0.9746
 S NN | TrAcc: 0.9916 | VaAcc: 0.9614 | TeAcc: 0.9731

144,  0 | TrAcc: 0.9935, TrLoss:  0.02999, VaAcc: 0.9609, VaLoss:  0.14756
 MAP NN | TrAcc: 0.9934 | VaAcc: 0.9614 | TeAcc: 0.9780
 S NN | TrAcc: 0.9934 | VaAcc: 0.9600 | TeAcc: 0.9775

145,  0 | TrAcc: 0.9948, TrLoss:  0.02609, VaAcc: 0.9619, VaLoss:  0.15523
 MAP NN | TrAcc: 0.9948 | VaAcc: 0.9600 | TeAcc: 0.9756
 S NN | TrAcc: 0.9940 | VaAcc: 0.9600 | TeAcc: 0.9775

146,  0 | TrAcc: 0.9952, TrLoss:  0.02573, VaAcc: 0.9585, VaLoss:  0.14507
 MAP NN | TrAcc: 0.9951 | VaAcc: 0.9590 | TeAcc: 0.9741
 S NN | TrAcc: 0.9950 | VaAcc: 0.9585 | TeAcc: 0.9746

147,  0 | TrAcc: 0.9932, TrLoss:  0.02718, VaAcc: 0.9629, VaLoss:  0.14611
 MAP NN | TrAcc: 0.9941 | VaAcc: 0.9624 | TeAcc: 0.9775
 S NN | TrAcc: 0.9940 | VaAcc: 0.9619 | TeAcc: 0.9775

148,  0 | TrAcc: 0.9941, TrLoss:  0.02894, VaAcc: 0.9595, VaLoss:  0.15490
 MAP NN | TrAcc: 0.9941 | VaAcc: 0.9600 | TeAcc: 0.9746
 S NN | TrAcc: 0.9948 | VaAcc: 0.9590 | TeAcc: 0.9736

149,  0 | TrAcc: 0.9929, TrLoss:  0.03179, VaAcc: 0.9595, VaLoss:  0.14934
 MAP NN | TrAcc: 0.9934 | VaAcc: 0.9600 | TeAcc: 0.9756
 S NN | TrAcc: 0.9928 | VaAcc: 0.9614 | TeAcc: 0.9756

150,  0 | TrAcc: 0.9908, TrLoss:  0.03678, VaAcc: 0.9585, VaLoss:  0.15178
 MAP NN | TrAcc: 0.9921 | VaAcc: 0.9595 | TeAcc: 0.9741
 S NN | TrAcc: 0.9902 | VaAcc: 0.9595 | TeAcc: 0.9722

151,  0 | TrAcc: 0.9891, TrLoss:  0.04395, VaAcc: 0.9536, VaLoss:  0.16278
 MAP NN | TrAcc: 0.9896 | VaAcc: 0.9575 | TeAcc: 0.9727
 S NN | TrAcc: 0.9901 | VaAcc: 0.9580 | TeAcc: 0.9692

152,  0 | TrAcc: 0.9846, TrLoss:  0.05686, VaAcc: 0.9575, VaLoss:  0.15654
 MAP NN | TrAcc: 0.9840 | VaAcc: 0.9575 | TeAcc: 0.9712
 S NN | TrAcc: 0.9834 | VaAcc: 0.9600 | TeAcc: 0.9707

153,  0 | TrAcc: 0.9880, TrLoss:  0.04154, VaAcc: 0.9590, VaLoss:  0.15522
 MAP NN | TrAcc: 0.9894 | VaAcc: 0.9595 | TeAcc: 0.9707
 S NN | TrAcc: 0.9893 | VaAcc: 0.9600 | TeAcc: 0.9702

154,  0 | TrAcc: 0.9918, TrLoss:  0.03231, VaAcc: 0.9585, VaLoss:  0.14704
 MAP NN | TrAcc: 0.9926 | VaAcc: 0.9590 | TeAcc: 0.9771
 S NN | TrAcc: 0.9923 | VaAcc: 0.9595 | TeAcc: 0.9736

155,  0 | TrAcc: 0.9916, TrLoss:  0.03277, VaAcc: 0.9561, VaLoss:  0.15839
 MAP NN | TrAcc: 0.9919 | VaAcc: 0.9600 | TeAcc: 0.9731
 S NN | TrAcc: 0.9919 | VaAcc: 0.9590 | TeAcc: 0.9756

156,  0 | TrAcc: 0.9935, TrLoss:  0.02952, VaAcc: 0.9595, VaLoss:  0.14398
 MAP NN | TrAcc: 0.9938 | VaAcc: 0.9604 | TeAcc: 0.9751
 S NN | TrAcc: 0.9935 | VaAcc: 0.9624 | TeAcc: 0.9736

157,  0 | TrAcc: 0.9934, TrLoss:  0.02820, VaAcc: 0.9595, VaLoss:  0.15159
 MAP NN | TrAcc: 0.9939 | VaAcc: 0.9604 | TeAcc: 0.9736
 S NN | TrAcc: 0.9945 | VaAcc: 0.9595 | TeAcc: 0.9722

158,  0 | TrAcc: 0.9926, TrLoss:  0.03090, VaAcc: 0.9600, VaLoss:  0.15329
 MAP NN | TrAcc: 0.9934 | VaAcc: 0.9604 | TeAcc: 0.9736
 S NN | TrAcc: 0.9932 | VaAcc: 0.9575 | TeAcc: 0.9746

159,  0 | TrAcc: 0.9933, TrLoss:  0.02726, VaAcc: 0.9609, VaLoss:  0.14681
 MAP NN | TrAcc: 0.9943 | VaAcc: 0.9595 | TeAcc: 0.9736
 S NN | TrAcc: 0.9944 | VaAcc: 0.9604 | TeAcc: 0.9722

160,  0 | TrAcc: 0.9945, TrLoss:  0.02557, VaAcc: 0.9575, VaLoss:  0.14519
 MAP NN | TrAcc: 0.9946 | VaAcc: 0.9634 | TeAcc: 0.9746
 S NN | TrAcc: 0.9951 | VaAcc: 0.9614 | TeAcc: 0.9746

161,  0 | TrAcc: 0.9944, TrLoss:  0.02693, VaAcc: 0.9595, VaLoss:  0.14293
 MAP NN | TrAcc: 0.9952 | VaAcc: 0.9600 | TeAcc: 0.9751
 S NN | TrAcc: 0.9952 | VaAcc: 0.9614 | TeAcc: 0.9741

162,  0 | TrAcc: 0.9952, TrLoss:  0.02534, VaAcc: 0.9629, VaLoss:  0.13983
 MAP NN | TrAcc: 0.9954 | VaAcc: 0.9614 | TeAcc: 0.9751
 S NN | TrAcc: 0.9946 | VaAcc: 0.9624 | TeAcc: 0.9751

163,  0 | TrAcc: 0.9929, TrLoss:  0.02758, VaAcc: 0.9648, VaLoss:  0.13365
 MAP NN | TrAcc: 0.9934 | VaAcc: 0.9644 | TeAcc: 0.9751
 S NN | TrAcc: 0.9924 | VaAcc: 0.9634 | TeAcc: 0.9756

164,  0 | TrAcc: 0.9910, TrLoss:  0.03054, VaAcc: 0.9600, VaLoss:  0.14367
 MAP NN | TrAcc: 0.9922 | VaAcc: 0.9565 | TeAcc: 0.9751
 S NN | TrAcc: 0.9921 | VaAcc: 0.9580 | TeAcc: 0.9751

165,  0 | TrAcc: 0.9943, TrLoss:  0.02553, VaAcc: 0.9629, VaLoss:  0.13811
 MAP NN | TrAcc: 0.9946 | VaAcc: 0.9634 | TeAcc: 0.9790
 S NN | TrAcc: 0.9945 | VaAcc: 0.9658 | TeAcc: 0.9780

166,  0 | TrAcc: 0.9943, TrLoss:  0.02694, VaAcc: 0.9609, VaLoss:  0.14585
 MAP NN | TrAcc: 0.9945 | VaAcc: 0.9580 | TeAcc: 0.9731
 S NN | TrAcc: 0.9939 | VaAcc: 0.9590 | TeAcc: 0.9731

167,  0 | TrAcc: 0.9946, TrLoss:  0.02666, VaAcc: 0.9639, VaLoss:  0.14564
 MAP NN | TrAcc: 0.9949 | VaAcc: 0.9634 | TeAcc: 0.9727
 S NN | TrAcc: 0.9940 | VaAcc: 0.9634 | TeAcc: 0.9717

168,  0 | TrAcc: 0.9958, TrLoss:  0.02222, VaAcc: 0.9624, VaLoss:  0.14617
 MAP NN | TrAcc: 0.9956 | VaAcc: 0.9614 | TeAcc: 0.9761
 S NN | TrAcc: 0.9958 | VaAcc: 0.9600 | TeAcc: 0.9771

169,  0 | TrAcc: 0.9954, TrLoss:  0.02335, VaAcc: 0.9619, VaLoss:  0.14368
 MAP NN | TrAcc: 0.9956 | VaAcc: 0.9634 | TeAcc: 0.9775
 S NN | TrAcc: 0.9955 | VaAcc: 0.9624 | TeAcc: 0.9766

170,  0 | TrAcc: 0.9956, TrLoss:  0.02303, VaAcc: 0.9634, VaLoss:  0.14384
 MAP NN | TrAcc: 0.9954 | VaAcc: 0.9629 | TeAcc: 0.9751
 S NN | TrAcc: 0.9955 | VaAcc: 0.9639 | TeAcc: 0.9756

171,  0 | TrAcc: 0.9940, TrLoss:  0.02564, VaAcc: 0.9634, VaLoss:  0.14270
 MAP NN | TrAcc: 0.9949 | VaAcc: 0.9629 | TeAcc: 0.9761
 S NN | TrAcc: 0.9946 | VaAcc: 0.9634 | TeAcc: 0.9761

172,  0 | TrAcc: 0.9950, TrLoss:  0.02366, VaAcc: 0.9619, VaLoss:  0.14596
 MAP NN | TrAcc: 0.9958 | VaAcc: 0.9609 | TeAcc: 0.9746
 S NN | TrAcc: 0.9952 | VaAcc: 0.9609 | TeAcc: 0.9746

173,  0 | TrAcc: 0.9950, TrLoss:  0.02400, VaAcc: 0.9634, VaLoss:  0.14013
 MAP NN | TrAcc: 0.9951 | VaAcc: 0.9644 | TeAcc: 0.9766
 S NN | TrAcc: 0.9951 | VaAcc: 0.9639 | TeAcc: 0.9775

174,  0 | TrAcc: 0.9949, TrLoss:  0.02393, VaAcc: 0.9595, VaLoss:  0.14634
 MAP NN | TrAcc: 0.9955 | VaAcc: 0.9604 | TeAcc: 0.9766
 S NN | TrAcc: 0.9949 | VaAcc: 0.9609 | TeAcc: 0.9771

175,  0 | TrAcc: 0.9948, TrLoss:  0.02626, VaAcc: 0.9600, VaLoss:  0.14999
 MAP NN | TrAcc: 0.9945 | VaAcc: 0.9585 | TeAcc: 0.9761
 S NN | TrAcc: 0.9948 | VaAcc: 0.9595 | TeAcc: 0.9751

176,  0 | TrAcc: 0.9957, TrLoss:  0.02246, VaAcc: 0.9634, VaLoss:  0.14336
 MAP NN | TrAcc: 0.9956 | VaAcc: 0.9614 | TeAcc: 0.9771
 S NN | TrAcc: 0.9955 | VaAcc: 0.9609 | TeAcc: 0.9795

177,  0 | TrAcc: 0.9952, TrLoss:  0.02324, VaAcc: 0.9644, VaLoss:  0.14753
 MAP NN | TrAcc: 0.9958 | VaAcc: 0.9648 | TeAcc: 0.9731
 S NN | TrAcc: 0.9955 | VaAcc: 0.9639 | TeAcc: 0.9727

178,  0 | TrAcc: 0.9949, TrLoss:  0.02441, VaAcc: 0.9609, VaLoss:  0.14382
 MAP NN | TrAcc: 0.9956 | VaAcc: 0.9614 | TeAcc: 0.9785
 S NN | TrAcc: 0.9952 | VaAcc: 0.9595 | TeAcc: 0.9775

179,  0 | TrAcc: 0.9960, TrLoss:  0.02317, VaAcc: 0.9609, VaLoss:  0.14607
 MAP NN | TrAcc: 0.9962 | VaAcc: 0.9619 | TeAcc: 0.9756
 S NN | TrAcc: 0.9962 | VaAcc: 0.9624 | TeAcc: 0.9756

180,  0 | TrAcc: 0.9958, TrLoss:  0.02153, VaAcc: 0.9639, VaLoss:  0.14238
 MAP NN | TrAcc: 0.9960 | VaAcc: 0.9609 | TeAcc: 0.9775
 S NN | TrAcc: 0.9962 | VaAcc: 0.9629 | TeAcc: 0.9775

181,  0 | TrAcc: 0.9949, TrLoss:  0.02567, VaAcc: 0.9634, VaLoss:  0.14838
 MAP NN | TrAcc: 0.9952 | VaAcc: 0.9629 | TeAcc: 0.9722
 S NN | TrAcc: 0.9945 | VaAcc: 0.9629 | TeAcc: 0.9736

182,  0 | TrAcc: 0.9930, TrLoss:  0.02723, VaAcc: 0.9604, VaLoss:  0.15506
 MAP NN | TrAcc: 0.9934 | VaAcc: 0.9595 | TeAcc: 0.9775
 S NN | TrAcc: 0.9935 | VaAcc: 0.9604 | TeAcc: 0.9785

183,  0 | TrAcc: 0.9918, TrLoss:  0.03325, VaAcc: 0.9590, VaLoss:  0.15459
 MAP NN | TrAcc: 0.9923 | VaAcc: 0.9619 | TeAcc: 0.9780
 S NN | TrAcc: 0.9923 | VaAcc: 0.9604 | TeAcc: 0.9785

184,  0 | TrAcc: 0.9910, TrLoss:  0.03512, VaAcc: 0.9546, VaLoss:  0.15560
 MAP NN | TrAcc: 0.9910 | VaAcc: 0.9561 | TeAcc: 0.9717
 S NN | TrAcc: 0.9908 | VaAcc: 0.9531 | TeAcc: 0.9712

185,  0 | TrAcc: 0.9891, TrLoss:  0.03795, VaAcc: 0.9604, VaLoss:  0.15466
 MAP NN | TrAcc: 0.9894 | VaAcc: 0.9585 | TeAcc: 0.9717
 S NN | TrAcc: 0.9890 | VaAcc: 0.9609 | TeAcc: 0.9727

186,  0 | TrAcc: 0.9897, TrLoss:  0.03712, VaAcc: 0.9619, VaLoss:  0.15161
 MAP NN | TrAcc: 0.9906 | VaAcc: 0.9644 | TeAcc: 0.9746
 S NN | TrAcc: 0.9905 | VaAcc: 0.9634 | TeAcc: 0.9746

187,  0 | TrAcc: 0.9896, TrLoss:  0.03875, VaAcc: 0.9595, VaLoss:  0.16058
 MAP NN | TrAcc: 0.9895 | VaAcc: 0.9585 | TeAcc: 0.9746
 S NN | TrAcc: 0.9897 | VaAcc: 0.9590 | TeAcc: 0.9731

188,  0 | TrAcc: 0.9905, TrLoss:  0.03594, VaAcc: 0.9600, VaLoss:  0.15081
 MAP NN | TrAcc: 0.9911 | VaAcc: 0.9604 | TeAcc: 0.9722
 S NN | TrAcc: 0.9923 | VaAcc: 0.9604 | TeAcc: 0.9741

189,  0 | TrAcc: 0.9937, TrLoss:  0.02865, VaAcc: 0.9619, VaLoss:  0.14916
 MAP NN | TrAcc: 0.9943 | VaAcc: 0.9614 | TeAcc: 0.9751
 S NN | TrAcc: 0.9939 | VaAcc: 0.9619 | TeAcc: 0.9756

190,  0 | TrAcc: 0.9935, TrLoss:  0.02869, VaAcc: 0.9624, VaLoss:  0.14536
 MAP NN | TrAcc: 0.9938 | VaAcc: 0.9639 | TeAcc: 0.9775
 S NN | TrAcc: 0.9940 | VaAcc: 0.9634 | TeAcc: 0.9785

191,  0 | TrAcc: 0.9919, TrLoss:  0.03011, VaAcc: 0.9565, VaLoss:  0.15574
 MAP NN | TrAcc: 0.9926 | VaAcc: 0.9551 | TeAcc: 0.9746
 S NN | TrAcc: 0.9927 | VaAcc: 0.9561 | TeAcc: 0.9741

192,  0 | TrAcc: 0.9946, TrLoss:  0.02785, VaAcc: 0.9639, VaLoss:  0.15020
 MAP NN | TrAcc: 0.9948 | VaAcc: 0.9648 | TeAcc: 0.9741
 S NN | TrAcc: 0.9945 | VaAcc: 0.9624 | TeAcc: 0.9746

193,  0 | TrAcc: 0.9935, TrLoss:  0.02572, VaAcc: 0.9580, VaLoss:  0.14742
 MAP NN | TrAcc: 0.9948 | VaAcc: 0.9595 | TeAcc: 0.9785
 S NN | TrAcc: 0.9946 | VaAcc: 0.9585 | TeAcc: 0.9775

194,  0 | TrAcc: 0.9960, TrLoss:  0.02262, VaAcc: 0.9634, VaLoss:  0.14391
 MAP NN | TrAcc: 0.9958 | VaAcc: 0.9634 | TeAcc: 0.9771
 S NN | TrAcc: 0.9957 | VaAcc: 0.9644 | TeAcc: 0.9771

195,  0 | TrAcc: 0.9949, TrLoss:  0.02310, VaAcc: 0.9600, VaLoss:  0.14903
 MAP NN | TrAcc: 0.9960 | VaAcc: 0.9614 | TeAcc: 0.9766
 S NN | TrAcc: 0.9957 | VaAcc: 0.9600 | TeAcc: 0.9766

196,  0 | TrAcc: 0.9962, TrLoss:  0.02366, VaAcc: 0.9609, VaLoss:  0.15055
 MAP NN | TrAcc: 0.9962 | VaAcc: 0.9600 | TeAcc: 0.9761
 S NN | TrAcc: 0.9958 | VaAcc: 0.9609 | TeAcc: 0.9775

197,  0 | TrAcc: 0.9946, TrLoss:  0.02441, VaAcc: 0.9585, VaLoss:  0.15090
 MAP NN | TrAcc: 0.9955 | VaAcc: 0.9585 | TeAcc: 0.9741
 S NN | TrAcc: 0.9948 | VaAcc: 0.9580 | TeAcc: 0.9741

198,  0 | TrAcc: 0.9943, TrLoss:  0.02681, VaAcc: 0.9648, VaLoss:  0.14593
 MAP NN | TrAcc: 0.9941 | VaAcc: 0.9658 | TeAcc: 0.9751
 S NN | TrAcc: 0.9945 | VaAcc: 0.9644 | TeAcc: 0.9746

199,  0 | TrAcc: 0.9954, TrLoss:  0.02337, VaAcc: 0.9639, VaLoss:  0.14188
 MAP NN | TrAcc: 0.9954 | VaAcc: 0.9619 | TeAcc: 0.9775
 S NN | TrAcc: 0.9950 | VaAcc: 0.9629 | TeAcc: 0.9775

200,  0 | TrAcc: 0.9952, TrLoss:  0.02288, VaAcc: 0.9629, VaLoss:  0.14903
 MAP NN | TrAcc: 0.9958 | VaAcc: 0.9644 | TeAcc: 0.9800
 S NN | TrAcc: 0.9956 | VaAcc: 0.9644 | TeAcc: 0.9805

201,  0 | TrAcc: 0.9961, TrLoss:  0.02174, VaAcc: 0.9609, VaLoss:  0.14475
 MAP NN | TrAcc: 0.9962 | VaAcc: 0.9624 | TeAcc: 0.9751
 S NN | TrAcc: 0.9963 | VaAcc: 0.9634 | TeAcc: 0.9751

202,  0 | TrAcc: 0.9954, TrLoss:  0.02159, VaAcc: 0.9648, VaLoss:  0.13790
 MAP NN | TrAcc: 0.9960 | VaAcc: 0.9653 | TeAcc: 0.9761
 S NN | TrAcc: 0.9958 | VaAcc: 0.9648 | TeAcc: 0.9761

203,  0 | TrAcc: 0.9957, TrLoss:  0.02173, VaAcc: 0.9634, VaLoss:  0.14667
 MAP NN | TrAcc: 0.9958 | VaAcc: 0.9639 | TeAcc: 0.9766
 S NN | TrAcc: 0.9957 | VaAcc: 0.9644 | TeAcc: 0.9766

204,  0 | TrAcc: 0.9957, TrLoss:  0.02183, VaAcc: 0.9639, VaLoss:  0.14332
 MAP NN | TrAcc: 0.9962 | VaAcc: 0.9634 | TeAcc: 0.9766
 S NN | TrAcc: 0.9963 | VaAcc: 0.9624 | TeAcc: 0.9771

205,  0 | TrAcc: 0.9954, TrLoss:  0.02395, VaAcc: 0.9629, VaLoss:  0.14769
 MAP NN | TrAcc: 0.9954 | VaAcc: 0.9639 | TeAcc: 0.9775
 S NN | TrAcc: 0.9951 | VaAcc: 0.9619 | TeAcc: 0.9775

206,  0 | TrAcc: 0.9962, TrLoss:  0.02182, VaAcc: 0.9629, VaLoss:  0.14099
 MAP NN | TrAcc: 0.9961 | VaAcc: 0.9663 | TeAcc: 0.9761
 S NN | TrAcc: 0.9954 | VaAcc: 0.9644 | TeAcc: 0.9771

207,  0 | TrAcc: 0.9955, TrLoss:  0.02228, VaAcc: 0.9609, VaLoss:  0.14847
 MAP NN | TrAcc: 0.9962 | VaAcc: 0.9644 | TeAcc: 0.9771
 S NN | TrAcc: 0.9963 | VaAcc: 0.9629 | TeAcc: 0.9775

208,  0 | TrAcc: 0.9949, TrLoss:  0.02335, VaAcc: 0.9644, VaLoss:  0.14357
 MAP NN | TrAcc: 0.9945 | VaAcc: 0.9653 | TeAcc: 0.9775
 S NN | TrAcc: 0.9945 | VaAcc: 0.9634 | TeAcc: 0.9756

209,  0 | TrAcc: 0.9955, TrLoss:  0.02287, VaAcc: 0.9624, VaLoss:  0.14646
 MAP NN | TrAcc: 0.9957 | VaAcc: 0.9624 | TeAcc: 0.9756
 S NN | TrAcc: 0.9955 | VaAcc: 0.9653 | TeAcc: 0.9771

210,  0 | TrAcc: 0.9950, TrLoss:  0.02390, VaAcc: 0.9619, VaLoss:  0.14395
 MAP NN | TrAcc: 0.9955 | VaAcc: 0.9614 | TeAcc: 0.9761
 S NN | TrAcc: 0.9955 | VaAcc: 0.9624 | TeAcc: 0.9766

211,  0 | TrAcc: 0.9962, TrLoss:  0.02180, VaAcc: 0.9639, VaLoss:  0.14208
 MAP NN | TrAcc: 0.9957 | VaAcc: 0.9644 | TeAcc: 0.9741
 S NN | TrAcc: 0.9955 | VaAcc: 0.9648 | TeAcc: 0.9741

212,  0 | TrAcc: 0.9971, TrLoss:  0.02012, VaAcc: 0.9604, VaLoss:  0.15204
 MAP NN | TrAcc: 0.9968 | VaAcc: 0.9619 | TeAcc: 0.9785
 S NN | TrAcc: 0.9963 | VaAcc: 0.9624 | TeAcc: 0.9785

213,  0 | TrAcc: 0.9963, TrLoss:  0.02091, VaAcc: 0.9629, VaLoss:  0.15036
 MAP NN | TrAcc: 0.9963 | VaAcc: 0.9639 | TeAcc: 0.9766
 S NN | TrAcc: 0.9965 | VaAcc: 0.9629 | TeAcc: 0.9756

214,  0 | TrAcc: 0.9961, TrLoss:  0.01988, VaAcc: 0.9624, VaLoss:  0.14723
 MAP NN | TrAcc: 0.9963 | VaAcc: 0.9634 | TeAcc: 0.9766
 S NN | TrAcc: 0.9960 | VaAcc: 0.9639 | TeAcc: 0.9756

215,  0 | TrAcc: 0.9958, TrLoss:  0.02217, VaAcc: 0.9609, VaLoss:  0.14961
 MAP NN | TrAcc: 0.9963 | VaAcc: 0.9600 | TeAcc: 0.9746
 S NN | TrAcc: 0.9966 | VaAcc: 0.9604 | TeAcc: 0.9751

216,  0 | TrAcc: 0.9939, TrLoss:  0.02581, VaAcc: 0.9585, VaLoss:  0.15918
 MAP NN | TrAcc: 0.9944 | VaAcc: 0.9600 | TeAcc: 0.9736
 S NN | TrAcc: 0.9940 | VaAcc: 0.9595 | TeAcc: 0.9727

217,  0 | TrAcc: 0.9937, TrLoss:  0.02593, VaAcc: 0.9600, VaLoss:  0.15254
 MAP NN | TrAcc: 0.9940 | VaAcc: 0.9604 | TeAcc: 0.9727
 S NN | TrAcc: 0.9940 | VaAcc: 0.9609 | TeAcc: 0.9731

218,  0 | TrAcc: 0.9917, TrLoss:  0.03229, VaAcc: 0.9526, VaLoss:  0.15953
 MAP NN | TrAcc: 0.9913 | VaAcc: 0.9551 | TeAcc: 0.9717
 S NN | TrAcc: 0.9912 | VaAcc: 0.9551 | TeAcc: 0.9727

219,  0 | TrAcc: 0.9901, TrLoss:  0.03765, VaAcc: 0.9575, VaLoss:  0.16358
 MAP NN | TrAcc: 0.9900 | VaAcc: 0.9561 | TeAcc: 0.9727
 S NN | TrAcc: 0.9897 | VaAcc: 0.9546 | TeAcc: 0.9722

220,  0 | TrAcc: 0.9921, TrLoss:  0.03550, VaAcc: 0.9639, VaLoss:  0.14818
 MAP NN | TrAcc: 0.9923 | VaAcc: 0.9634 | TeAcc: 0.9736
 S NN | TrAcc: 0.9908 | VaAcc: 0.9639 | TeAcc: 0.9741

221,  0 | TrAcc: 0.9928, TrLoss:  0.03232, VaAcc: 0.9609, VaLoss:  0.15181
 MAP NN | TrAcc: 0.9928 | VaAcc: 0.9614 | TeAcc: 0.9741
 S NN | TrAcc: 0.9926 | VaAcc: 0.9614 | TeAcc: 0.9731

222,  0 | TrAcc: 0.9880, TrLoss:  0.03964, VaAcc: 0.9609, VaLoss:  0.15156
 MAP NN | TrAcc: 0.9894 | VaAcc: 0.9629 | TeAcc: 0.9790
 S NN | TrAcc: 0.9894 | VaAcc: 0.9619 | TeAcc: 0.9780

223,  0 | TrAcc: 0.9861, TrLoss:  0.04671, VaAcc: 0.9590, VaLoss:  0.15809
 MAP NN | TrAcc: 0.9862 | VaAcc: 0.9595 | TeAcc: 0.9756
 S NN | TrAcc: 0.9862 | VaAcc: 0.9604 | TeAcc: 0.9751

224,  0 | TrAcc: 0.9863, TrLoss:  0.04720, VaAcc: 0.9614, VaLoss:  0.15811
 MAP NN | TrAcc: 0.9867 | VaAcc: 0.9595 | TeAcc: 0.9731
 S NN | TrAcc: 0.9861 | VaAcc: 0.9590 | TeAcc: 0.9731

225,  0 | TrAcc: 0.9916, TrLoss:  0.03400, VaAcc: 0.9609, VaLoss:  0.16656
 MAP NN | TrAcc: 0.9921 | VaAcc: 0.9604 | TeAcc: 0.9751
 S NN | TrAcc: 0.9916 | VaAcc: 0.9585 | TeAcc: 0.9746

226,  0 | TrAcc: 0.9910, TrLoss:  0.03625, VaAcc: 0.9561, VaLoss:  0.16179
 MAP NN | TrAcc: 0.9908 | VaAcc: 0.9575 | TeAcc: 0.9771
 S NN | TrAcc: 0.9908 | VaAcc: 0.9580 | TeAcc: 0.9771

227,  0 | TrAcc: 0.9910, TrLoss:  0.03426, VaAcc: 0.9614, VaLoss:  0.15978
 MAP NN | TrAcc: 0.9915 | VaAcc: 0.9619 | TeAcc: 0.9756
 S NN | TrAcc: 0.9913 | VaAcc: 0.9619 | TeAcc: 0.9746

228,  0 | TrAcc: 0.9902, TrLoss:  0.03568, VaAcc: 0.9590, VaLoss:  0.15426
 MAP NN | TrAcc: 0.9906 | VaAcc: 0.9600 | TeAcc: 0.9746
 S NN | TrAcc: 0.9908 | VaAcc: 0.9614 | TeAcc: 0.9751

229,  0 | TrAcc: 0.9872, TrLoss:  0.04095, VaAcc: 0.9595, VaLoss:  0.16372
 MAP NN | TrAcc: 0.9872 | VaAcc: 0.9585 | TeAcc: 0.9731
 S NN | TrAcc: 0.9884 | VaAcc: 0.9575 | TeAcc: 0.9736

230,  0 | TrAcc: 0.9889, TrLoss:  0.04096, VaAcc: 0.9580, VaLoss:  0.16190
 MAP NN | TrAcc: 0.9889 | VaAcc: 0.9565 | TeAcc: 0.9722
 S NN | TrAcc: 0.9893 | VaAcc: 0.9561 | TeAcc: 0.9727

231,  0 | TrAcc: 0.9926, TrLoss:  0.03165, VaAcc: 0.9648, VaLoss:  0.15232
 MAP NN | TrAcc: 0.9935 | VaAcc: 0.9639 | TeAcc: 0.9751
 S NN | TrAcc: 0.9932 | VaAcc: 0.9648 | TeAcc: 0.9736

232,  0 | TrAcc: 0.9933, TrLoss:  0.02988, VaAcc: 0.9590, VaLoss:  0.16773
 MAP NN | TrAcc: 0.9938 | VaAcc: 0.9609 | TeAcc: 0.9756
 S NN | TrAcc: 0.9934 | VaAcc: 0.9604 | TeAcc: 0.9756

233,  0 | TrAcc: 0.9941, TrLoss:  0.02542, VaAcc: 0.9634, VaLoss:  0.15093
 MAP NN | TrAcc: 0.9943 | VaAcc: 0.9644 | TeAcc: 0.9756
 S NN | TrAcc: 0.9943 | VaAcc: 0.9639 | TeAcc: 0.9761

234,  0 | TrAcc: 0.9940, TrLoss:  0.02552, VaAcc: 0.9629, VaLoss:  0.14815
 MAP NN | TrAcc: 0.9945 | VaAcc: 0.9639 | TeAcc: 0.9717
 S NN | TrAcc: 0.9940 | VaAcc: 0.9634 | TeAcc: 0.9722

235,  0 | TrAcc: 0.9958, TrLoss:  0.02365, VaAcc: 0.9644, VaLoss:  0.14373
 MAP NN | TrAcc: 0.9955 | VaAcc: 0.9634 | TeAcc: 0.9780
 S NN | TrAcc: 0.9960 | VaAcc: 0.9644 | TeAcc: 0.9780

236,  0 | TrAcc: 0.9935, TrLoss:  0.02587, VaAcc: 0.9629, VaLoss:  0.15318
 MAP NN | TrAcc: 0.9941 | VaAcc: 0.9629 | TeAcc: 0.9761
 S NN | TrAcc: 0.9935 | VaAcc: 0.9619 | TeAcc: 0.9766

237,  0 | TrAcc: 0.9958, TrLoss:  0.02400, VaAcc: 0.9609, VaLoss:  0.14929
 MAP NN | TrAcc: 0.9958 | VaAcc: 0.9629 | TeAcc: 0.9761
 S NN | TrAcc: 0.9955 | VaAcc: 0.9619 | TeAcc: 0.9751

238,  0 | TrAcc: 0.9951, TrLoss:  0.02839, VaAcc: 0.9556, VaLoss:  0.17671
 MAP NN | TrAcc: 0.9951 | VaAcc: 0.9580 | TeAcc: 0.9771
 S NN | TrAcc: 0.9943 | VaAcc: 0.9585 | TeAcc: 0.9751

239,  0 | TrAcc: 0.9952, TrLoss:  0.02537, VaAcc: 0.9604, VaLoss:  0.14674
 MAP NN | TrAcc: 0.9949 | VaAcc: 0.9624 | TeAcc: 0.9761
 S NN | TrAcc: 0.9948 | VaAcc: 0.9624 | TeAcc: 0.9761

240,  0 | TrAcc: 0.9943, TrLoss:  0.02564, VaAcc: 0.9609, VaLoss:  0.15935
 MAP NN | TrAcc: 0.9949 | VaAcc: 0.9604 | TeAcc: 0.9746
 S NN | TrAcc: 0.9946 | VaAcc: 0.9600 | TeAcc: 0.9746

241,  0 | TrAcc: 0.9958, TrLoss:  0.02203, VaAcc: 0.9604, VaLoss:  0.15182
 MAP NN | TrAcc: 0.9965 | VaAcc: 0.9580 | TeAcc: 0.9775
 S NN | TrAcc: 0.9962 | VaAcc: 0.9590 | TeAcc: 0.9761

242,  0 | TrAcc: 0.9972, TrLoss:  0.02108, VaAcc: 0.9609, VaLoss:  0.15551
 MAP NN | TrAcc: 0.9972 | VaAcc: 0.9614 | TeAcc: 0.9785
 S NN | TrAcc: 0.9971 | VaAcc: 0.9604 | TeAcc: 0.9785

243,  0 | TrAcc: 0.9960, TrLoss:  0.02297, VaAcc: 0.9600, VaLoss:  0.15495
 MAP NN | TrAcc: 0.9963 | VaAcc: 0.9624 | TeAcc: 0.9751
 S NN | TrAcc: 0.9956 | VaAcc: 0.9600 | TeAcc: 0.9761

244,  0 | TrAcc: 0.9960, TrLoss:  0.02150, VaAcc: 0.9609, VaLoss:  0.15208
 MAP NN | TrAcc: 0.9966 | VaAcc: 0.9614 | TeAcc: 0.9771
 S NN | TrAcc: 0.9967 | VaAcc: 0.9619 | TeAcc: 0.9780

245,  0 | TrAcc: 0.9966, TrLoss:  0.02080, VaAcc: 0.9624, VaLoss:  0.14919
 MAP NN | TrAcc: 0.9969 | VaAcc: 0.9614 | TeAcc: 0.9766
 S NN | TrAcc: 0.9967 | VaAcc: 0.9614 | TeAcc: 0.9766

246,  0 | TrAcc: 0.9948, TrLoss:  0.02383, VaAcc: 0.9614, VaLoss:  0.14614
 MAP NN | TrAcc: 0.9949 | VaAcc: 0.9629 | TeAcc: 0.9727
 S NN | TrAcc: 0.9949 | VaAcc: 0.9629 | TeAcc: 0.9731

247,  0 | TrAcc: 0.9952, TrLoss:  0.02525, VaAcc: 0.9600, VaLoss:  0.15534
 MAP NN | TrAcc: 0.9952 | VaAcc: 0.9619 | TeAcc: 0.9761
 S NN | TrAcc: 0.9951 | VaAcc: 0.9629 | TeAcc: 0.9771

248,  0 | TrAcc: 0.9934, TrLoss:  0.02676, VaAcc: 0.9619, VaLoss:  0.14448
 MAP NN | TrAcc: 0.9937 | VaAcc: 0.9614 | TeAcc: 0.9790
 S NN | TrAcc: 0.9935 | VaAcc: 0.9624 | TeAcc: 0.9790

249,  0 | TrAcc: 0.9949, TrLoss:  0.02682, VaAcc: 0.9604, VaLoss:  0.15919
 MAP NN | TrAcc: 0.9950 | VaAcc: 0.9614 | TeAcc: 0.9761
 S NN | TrAcc: 0.9957 | VaAcc: 0.9614 | TeAcc: 0.9761

250,  0 | TrAcc: 0.9938, TrLoss:  0.02673, VaAcc: 0.9614, VaLoss:  0.14782
 MAP NN | TrAcc: 0.9940 | VaAcc: 0.9609 | TeAcc: 0.9800
 S NN | TrAcc: 0.9938 | VaAcc: 0.9575 | TeAcc: 0.9790

251,  0 | TrAcc: 0.9951, TrLoss:  0.02504, VaAcc: 0.9614, VaLoss:  0.15561
 MAP NN | TrAcc: 0.9955 | VaAcc: 0.9624 | TeAcc: 0.9756
 S NN | TrAcc: 0.9952 | VaAcc: 0.9624 | TeAcc: 0.9761

252,  0 | TrAcc: 0.9938, TrLoss:  0.02705, VaAcc: 0.9595, VaLoss:  0.15407
 MAP NN | TrAcc: 0.9935 | VaAcc: 0.9590 | TeAcc: 0.9751
 S NN | TrAcc: 0.9937 | VaAcc: 0.9595 | TeAcc: 0.9736

253,  0 | TrAcc: 0.9940, TrLoss:  0.02605, VaAcc: 0.9609, VaLoss:  0.14945
 MAP NN | TrAcc: 0.9944 | VaAcc: 0.9614 | TeAcc: 0.9771
 S NN | TrAcc: 0.9943 | VaAcc: 0.9614 | TeAcc: 0.9771

254,  0 | TrAcc: 0.9937, TrLoss:  0.02595, VaAcc: 0.9595, VaLoss:  0.16283
 MAP NN | TrAcc: 0.9944 | VaAcc: 0.9590 | TeAcc: 0.9775
 S NN | TrAcc: 0.9943 | VaAcc: 0.9585 | TeAcc: 0.9761

255,  0 | TrAcc: 0.9960, TrLoss:  0.02267, VaAcc: 0.9614, VaLoss:  0.14490
 MAP NN | TrAcc: 0.9961 | VaAcc: 0.9639 | TeAcc: 0.9766
 S NN | TrAcc: 0.9965 | VaAcc: 0.9619 | TeAcc: 0.9751

256,  0 | TrAcc: 0.9957, TrLoss:  0.02234, VaAcc: 0.9604, VaLoss:  0.15375
 MAP NN | TrAcc: 0.9958 | VaAcc: 0.9609 | TeAcc: 0.9771
 S NN | TrAcc: 0.9958 | VaAcc: 0.9614 | TeAcc: 0.9761

257,  0 | TrAcc: 0.9955, TrLoss:  0.02218, VaAcc: 0.9634, VaLoss:  0.14973
 MAP NN | TrAcc: 0.9961 | VaAcc: 0.9624 | TeAcc: 0.9761
 S NN | TrAcc: 0.9960 | VaAcc: 0.9619 | TeAcc: 0.9761

258,  0 | TrAcc: 0.9916, TrLoss:  0.03499, VaAcc: 0.9609, VaLoss:  0.16627
 MAP NN | TrAcc: 0.9912 | VaAcc: 0.9595 | TeAcc: 0.9727
 S NN | TrAcc: 0.9912 | VaAcc: 0.9600 | TeAcc: 0.9727

259,  0 | TrAcc: 0.9941, TrLoss:  0.02952, VaAcc: 0.9556, VaLoss:  0.16147
 MAP NN | TrAcc: 0.9940 | VaAcc: 0.9580 | TeAcc: 0.9746
 S NN | TrAcc: 0.9932 | VaAcc: 0.9570 | TeAcc: 0.9751

260,  0 | TrAcc: 0.9923, TrLoss:  0.03120, VaAcc: 0.9585, VaLoss:  0.15742
 MAP NN | TrAcc: 0.9924 | VaAcc: 0.9590 | TeAcc: 0.9761
 S NN | TrAcc: 0.9926 | VaAcc: 0.9580 | TeAcc: 0.9761

261,  0 | TrAcc: 0.9933, TrLoss:  0.03197, VaAcc: 0.9585, VaLoss:  0.16446
 MAP NN | TrAcc: 0.9935 | VaAcc: 0.9604 | TeAcc: 0.9761
 S NN | TrAcc: 0.9934 | VaAcc: 0.9590 | TeAcc: 0.9736

262,  0 | TrAcc: 0.9896, TrLoss:  0.03593, VaAcc: 0.9561, VaLoss:  0.15188
 MAP NN | TrAcc: 0.9905 | VaAcc: 0.9575 | TeAcc: 0.9702
 S NN | TrAcc: 0.9906 | VaAcc: 0.9575 | TeAcc: 0.9692

263,  0 | TrAcc: 0.9877, TrLoss:  0.04799, VaAcc: 0.9561, VaLoss:  0.15843
 MAP NN | TrAcc: 0.9874 | VaAcc: 0.9546 | TeAcc: 0.9731
 S NN | TrAcc: 0.9869 | VaAcc: 0.9546 | TeAcc: 0.9722

264,  0 | TrAcc: 0.9901, TrLoss:  0.03788, VaAcc: 0.9585, VaLoss:  0.15952
 MAP NN | TrAcc: 0.9916 | VaAcc: 0.9595 | TeAcc: 0.9736
 S NN | TrAcc: 0.9913 | VaAcc: 0.9585 | TeAcc: 0.9741

265,  0 | TrAcc: 0.9911, TrLoss:  0.03459, VaAcc: 0.9585, VaLoss:  0.15632
 MAP NN | TrAcc: 0.9916 | VaAcc: 0.9609 | TeAcc: 0.9766
 S NN | TrAcc: 0.9916 | VaAcc: 0.9609 | TeAcc: 0.9756

266,  0 | TrAcc: 0.9940, TrLoss:  0.02609, VaAcc: 0.9668, VaLoss:  0.14482
 MAP NN | TrAcc: 0.9940 | VaAcc: 0.9653 | TeAcc: 0.9727
 S NN | TrAcc: 0.9935 | VaAcc: 0.9644 | TeAcc: 0.9727

267,  0 | TrAcc: 0.9929, TrLoss:  0.02888, VaAcc: 0.9561, VaLoss:  0.16546
 MAP NN | TrAcc: 0.9934 | VaAcc: 0.9565 | TeAcc: 0.9766
 S NN | TrAcc: 0.9934 | VaAcc: 0.9575 | TeAcc: 0.9775

268,  0 | TrAcc: 0.9934, TrLoss:  0.02834, VaAcc: 0.9644, VaLoss:  0.14505
 MAP NN | TrAcc: 0.9939 | VaAcc: 0.9634 | TeAcc: 0.9761
 S NN | TrAcc: 0.9937 | VaAcc: 0.9624 | TeAcc: 0.9771

269,  0 | TrAcc: 0.9954, TrLoss:  0.02448, VaAcc: 0.9658, VaLoss:  0.14456
 MAP NN | TrAcc: 0.9956 | VaAcc: 0.9634 | TeAcc: 0.9785
 S NN | TrAcc: 0.9952 | VaAcc: 0.9648 | TeAcc: 0.9780

270,  0 | TrAcc: 0.9939, TrLoss:  0.02595, VaAcc: 0.9639, VaLoss:  0.14788
 MAP NN | TrAcc: 0.9945 | VaAcc: 0.9614 | TeAcc: 0.9756
 S NN | TrAcc: 0.9950 | VaAcc: 0.9624 | TeAcc: 0.9751

271,  0 | TrAcc: 0.9940, TrLoss:  0.02738, VaAcc: 0.9648, VaLoss:  0.14726
 MAP NN | TrAcc: 0.9943 | VaAcc: 0.9644 | TeAcc: 0.9731
 S NN | TrAcc: 0.9941 | VaAcc: 0.9648 | TeAcc: 0.9727

272,  0 | TrAcc: 0.9943, TrLoss:  0.02542, VaAcc: 0.9609, VaLoss:  0.14591
 MAP NN | TrAcc: 0.9949 | VaAcc: 0.9619 | TeAcc: 0.9712
 S NN | TrAcc: 0.9948 | VaAcc: 0.9624 | TeAcc: 0.9717

273,  0 | TrAcc: 0.9933, TrLoss:  0.02876, VaAcc: 0.9570, VaLoss:  0.16012
 MAP NN | TrAcc: 0.9934 | VaAcc: 0.9570 | TeAcc: 0.9771
 S NN | TrAcc: 0.9935 | VaAcc: 0.9575 | TeAcc: 0.9771

274,  0 | TrAcc: 0.9929, TrLoss:  0.02944, VaAcc: 0.9565, VaLoss:  0.15607
 MAP NN | TrAcc: 0.9929 | VaAcc: 0.9590 | TeAcc: 0.9722
 S NN | TrAcc: 0.9926 | VaAcc: 0.9561 | TeAcc: 0.9717

275,  0 | TrAcc: 0.9957, TrLoss:  0.02353, VaAcc: 0.9634, VaLoss:  0.14564
 MAP NN | TrAcc: 0.9958 | VaAcc: 0.9644 | TeAcc: 0.9741
 S NN | TrAcc: 0.9955 | VaAcc: 0.9644 | TeAcc: 0.9746

276,  0 | TrAcc: 0.9963, TrLoss:  0.02169, VaAcc: 0.9585, VaLoss:  0.14926
 MAP NN | TrAcc: 0.9968 | VaAcc: 0.9600 | TeAcc: 0.9780
 S NN | TrAcc: 0.9969 | VaAcc: 0.9585 | TeAcc: 0.9775

277,  0 | TrAcc: 0.9960, TrLoss:  0.02041, VaAcc: 0.9585, VaLoss:  0.14648
 MAP NN | TrAcc: 0.9963 | VaAcc: 0.9609 | TeAcc: 0.9751
 S NN | TrAcc: 0.9960 | VaAcc: 0.9600 | TeAcc: 0.9766

278,  0 | TrAcc: 0.9965, TrLoss:  0.01931, VaAcc: 0.9614, VaLoss:  0.14672
 MAP NN | TrAcc: 0.9963 | VaAcc: 0.9604 | TeAcc: 0.9771
 S NN | TrAcc: 0.9962 | VaAcc: 0.9604 | TeAcc: 0.9761

279,  0 | TrAcc: 0.9968, TrLoss:  0.01938, VaAcc: 0.9624, VaLoss:  0.14783
 MAP NN | TrAcc: 0.9969 | VaAcc: 0.9609 | TeAcc: 0.9761
 S NN | TrAcc: 0.9968 | VaAcc: 0.9624 | TeAcc: 0.9771

280,  0 | TrAcc: 0.9961, TrLoss:  0.01958, VaAcc: 0.9629, VaLoss:  0.14549
 MAP NN | TrAcc: 0.9965 | VaAcc: 0.9634 | TeAcc: 0.9741
 S NN | TrAcc: 0.9966 | VaAcc: 0.9639 | TeAcc: 0.9746

281,  0 | TrAcc: 0.9969, TrLoss:  0.01938, VaAcc: 0.9619, VaLoss:  0.14585
 MAP NN | TrAcc: 0.9973 | VaAcc: 0.9619 | TeAcc: 0.9775
 S NN | TrAcc: 0.9966 | VaAcc: 0.9619 | TeAcc: 0.9766

282,  0 | TrAcc: 0.9966, TrLoss:  0.01847, VaAcc: 0.9624, VaLoss:  0.15136
 MAP NN | TrAcc: 0.9968 | VaAcc: 0.9614 | TeAcc: 0.9746
 S NN | TrAcc: 0.9968 | VaAcc: 0.9609 | TeAcc: 0.9736

283,  0 | TrAcc: 0.9944, TrLoss:  0.02367, VaAcc: 0.9604, VaLoss:  0.15248
 MAP NN | TrAcc: 0.9944 | VaAcc: 0.9614 | TeAcc: 0.9756
 S NN | TrAcc: 0.9939 | VaAcc: 0.9614 | TeAcc: 0.9751

284,  0 | TrAcc: 0.9954, TrLoss:  0.02158, VaAcc: 0.9580, VaLoss:  0.15146
 MAP NN | TrAcc: 0.9961 | VaAcc: 0.9580 | TeAcc: 0.9722
 S NN | TrAcc: 0.9958 | VaAcc: 0.9585 | TeAcc: 0.9731

285,  0 | TrAcc: 0.9950, TrLoss:  0.02677, VaAcc: 0.9629, VaLoss:  0.14926
 MAP NN | TrAcc: 0.9952 | VaAcc: 0.9619 | TeAcc: 0.9731
 S NN | TrAcc: 0.9951 | VaAcc: 0.9634 | TeAcc: 0.9741

286,  0 | TrAcc: 0.9950, TrLoss:  0.02313, VaAcc: 0.9580, VaLoss:  0.15359
 MAP NN | TrAcc: 0.9957 | VaAcc: 0.9590 | TeAcc: 0.9761
 S NN | TrAcc: 0.9956 | VaAcc: 0.9604 | TeAcc: 0.9766

287,  0 | TrAcc: 0.9960, TrLoss:  0.02154, VaAcc: 0.9600, VaLoss:  0.15591
 MAP NN | TrAcc: 0.9963 | VaAcc: 0.9614 | TeAcc: 0.9771
 S NN | TrAcc: 0.9961 | VaAcc: 0.9609 | TeAcc: 0.9771

288,  0 | TrAcc: 0.9962, TrLoss:  0.02102, VaAcc: 0.9624, VaLoss:  0.14136
 MAP NN | TrAcc: 0.9968 | VaAcc: 0.9619 | TeAcc: 0.9731
 S NN | TrAcc: 0.9969 | VaAcc: 0.9629 | TeAcc: 0.9727

289,  0 | TrAcc: 0.9961, TrLoss:  0.02222, VaAcc: 0.9624, VaLoss:  0.15459
 MAP NN | TrAcc: 0.9962 | VaAcc: 0.9614 | TeAcc: 0.9736
 S NN | TrAcc: 0.9961 | VaAcc: 0.9604 | TeAcc: 0.9741

290,  0 | TrAcc: 0.9960, TrLoss:  0.02287, VaAcc: 0.9600, VaLoss:  0.14399
 MAP NN | TrAcc: 0.9960 | VaAcc: 0.9614 | TeAcc: 0.9771
 S NN | TrAcc: 0.9958 | VaAcc: 0.9629 | TeAcc: 0.9761

291,  0 | TrAcc: 0.9958, TrLoss:  0.02193, VaAcc: 0.9609, VaLoss:  0.14541
 MAP NN | TrAcc: 0.9956 | VaAcc: 0.9609 | TeAcc: 0.9756
 S NN | TrAcc: 0.9961 | VaAcc: 0.9614 | TeAcc: 0.9756

292,  0 | TrAcc: 0.9949, TrLoss:  0.02389, VaAcc: 0.9556, VaLoss:  0.16251
 MAP NN | TrAcc: 0.9948 | VaAcc: 0.9570 | TeAcc: 0.9741
 S NN | TrAcc: 0.9952 | VaAcc: 0.9565 | TeAcc: 0.9751

293,  0 | TrAcc: 0.9952, TrLoss:  0.02443, VaAcc: 0.9614, VaLoss:  0.14763
 MAP NN | TrAcc: 0.9952 | VaAcc: 0.9624 | TeAcc: 0.9795
 S NN | TrAcc: 0.9954 | VaAcc: 0.9624 | TeAcc: 0.9795

294,  0 | TrAcc: 0.9951, TrLoss:  0.02385, VaAcc: 0.9600, VaLoss:  0.15919
 MAP NN | TrAcc: 0.9950 | VaAcc: 0.9575 | TeAcc: 0.9741
 S NN | TrAcc: 0.9952 | VaAcc: 0.9570 | TeAcc: 0.9751

295,  0 | TrAcc: 0.9929, TrLoss:  0.02998, VaAcc: 0.9595, VaLoss:  0.15696
 MAP NN | TrAcc: 0.9940 | VaAcc: 0.9585 | TeAcc: 0.9756
 S NN | TrAcc: 0.9941 | VaAcc: 0.9585 | TeAcc: 0.9766

296,  0 | TrAcc: 0.9944, TrLoss:  0.02502, VaAcc: 0.9595, VaLoss:  0.15742
 MAP NN | TrAcc: 0.9949 | VaAcc: 0.9595 | TeAcc: 0.9795
 S NN | TrAcc: 0.9946 | VaAcc: 0.9590 | TeAcc: 0.9780

297,  0 | TrAcc: 0.9960, TrLoss:  0.02074, VaAcc: 0.9600, VaLoss:  0.15398
 MAP NN | TrAcc: 0.9962 | VaAcc: 0.9585 | TeAcc: 0.9761
 S NN | TrAcc: 0.9961 | VaAcc: 0.9585 | TeAcc: 0.9761

298,  0 | TrAcc: 0.9960, TrLoss:  0.02196, VaAcc: 0.9590, VaLoss:  0.15787
 MAP NN | TrAcc: 0.9960 | VaAcc: 0.9595 | TeAcc: 0.9766
 S NN | TrAcc: 0.9958 | VaAcc: 0.9595 | TeAcc: 0.9756

299,  0 | TrAcc: 0.9954, TrLoss:  0.02400, VaAcc: 0.9575, VaLoss:  0.15980
 MAP NN | TrAcc: 0.9956 | VaAcc: 0.9580 | TeAcc: 0.9736
 S NN | TrAcc: 0.9960 | VaAcc: 0.9580 | TeAcc: 0.9746

300,  0 | TrAcc: 0.9926, TrLoss:  0.02922, VaAcc: 0.9565, VaLoss:  0.16004
 MAP NN | TrAcc: 0.9927 | VaAcc: 0.9565 | TeAcc: 0.9761
 S NN | TrAcc: 0.9923 | VaAcc: 0.9565 | TeAcc: 0.9761

301,  0 | TrAcc: 0.9923, TrLoss:  0.02857, VaAcc: 0.9580, VaLoss:  0.16306
 MAP NN | TrAcc: 0.9923 | VaAcc: 0.9575 | TeAcc: 0.9785
 S NN | TrAcc: 0.9923 | VaAcc: 0.9575 | TeAcc: 0.9785

302,  0 | TrAcc: 0.9921, TrLoss:  0.03200, VaAcc: 0.9619, VaLoss:  0.14569
 MAP NN | TrAcc: 0.9927 | VaAcc: 0.9604 | TeAcc: 0.9731
 S NN | TrAcc: 0.9922 | VaAcc: 0.9614 | TeAcc: 0.9736

303,  0 | TrAcc: 0.9945, TrLoss:  0.02625, VaAcc: 0.9600, VaLoss:  0.15883
 MAP NN | TrAcc: 0.9952 | VaAcc: 0.9580 | TeAcc: 0.9771
 S NN | TrAcc: 0.9949 | VaAcc: 0.9580 | TeAcc: 0.9766

304,  0 | TrAcc: 0.9912, TrLoss:  0.03260, VaAcc: 0.9595, VaLoss:  0.15171
 MAP NN | TrAcc: 0.9922 | VaAcc: 0.9590 | TeAcc: 0.9741
 S NN | TrAcc: 0.9918 | VaAcc: 0.9590 | TeAcc: 0.9736

305,  0 | TrAcc: 0.9944, TrLoss:  0.02799, VaAcc: 0.9604, VaLoss:  0.14978
 MAP NN | TrAcc: 0.9945 | VaAcc: 0.9609 | TeAcc: 0.9761
 S NN | TrAcc: 0.9943 | VaAcc: 0.9609 | TeAcc: 0.9761

306,  0 | TrAcc: 0.9940, TrLoss:  0.02670, VaAcc: 0.9619, VaLoss:  0.15006
 MAP NN | TrAcc: 0.9945 | VaAcc: 0.9604 | TeAcc: 0.9761
 S NN | TrAcc: 0.9949 | VaAcc: 0.9595 | TeAcc: 0.9756

307,  0 | TrAcc: 0.9940, TrLoss:  0.02750, VaAcc: 0.9580, VaLoss:  0.15252
 MAP NN | TrAcc: 0.9944 | VaAcc: 0.9600 | TeAcc: 0.9771
 S NN | TrAcc: 0.9940 | VaAcc: 0.9600 | TeAcc: 0.9771

308,  0 | TrAcc: 0.9963, TrLoss:  0.02158, VaAcc: 0.9585, VaLoss:  0.15127
 MAP NN | TrAcc: 0.9960 | VaAcc: 0.9585 | TeAcc: 0.9751
 S NN | TrAcc: 0.9960 | VaAcc: 0.9585 | TeAcc: 0.9751

309,  0 | TrAcc: 0.9965, TrLoss:  0.01991, VaAcc: 0.9604, VaLoss:  0.14402
 MAP NN | TrAcc: 0.9961 | VaAcc: 0.9614 | TeAcc: 0.9771
 S NN | TrAcc: 0.9958 | VaAcc: 0.9609 | TeAcc: 0.9775

310,  0 | TrAcc: 0.9949, TrLoss:  0.02197, VaAcc: 0.9590, VaLoss:  0.15071
 MAP NN | TrAcc: 0.9949 | VaAcc: 0.9604 | TeAcc: 0.9766
 S NN | TrAcc: 0.9946 | VaAcc: 0.9595 | TeAcc: 0.9766

311,  0 | TrAcc: 0.9956, TrLoss:  0.02369, VaAcc: 0.9600, VaLoss:  0.15960
 MAP NN | TrAcc: 0.9961 | VaAcc: 0.9614 | TeAcc: 0.9731
 S NN | TrAcc: 0.9958 | VaAcc: 0.9600 | TeAcc: 0.9736

312,  0 | TrAcc: 0.9948, TrLoss:  0.02339, VaAcc: 0.9600, VaLoss:  0.15125
 MAP NN | TrAcc: 0.9949 | VaAcc: 0.9624 | TeAcc: 0.9761
 S NN | TrAcc: 0.9943 | VaAcc: 0.9609 | TeAcc: 0.9751

313,  0 | TrAcc: 0.9968, TrLoss:  0.02120, VaAcc: 0.9570, VaLoss:  0.16112
 MAP NN | TrAcc: 0.9971 | VaAcc: 0.9590 | TeAcc: 0.9761
 S NN | TrAcc: 0.9966 | VaAcc: 0.9580 | TeAcc: 0.9761

314,  0 | TrAcc: 0.9971, TrLoss:  0.01994, VaAcc: 0.9570, VaLoss:  0.15284
 MAP NN | TrAcc: 0.9966 | VaAcc: 0.9570 | TeAcc: 0.9751
 S NN | TrAcc: 0.9967 | VaAcc: 0.9570 | TeAcc: 0.9761

315,  0 | TrAcc: 0.9971, TrLoss:  0.01961, VaAcc: 0.9604, VaLoss:  0.15618
 MAP NN | TrAcc: 0.9971 | VaAcc: 0.9590 | TeAcc: 0.9741
 S NN | TrAcc: 0.9972 | VaAcc: 0.9590 | TeAcc: 0.9736

316,  0 | TrAcc: 0.9965, TrLoss:  0.02146, VaAcc: 0.9604, VaLoss:  0.15395
 MAP NN | TrAcc: 0.9960 | VaAcc: 0.9614 | TeAcc: 0.9780
 S NN | TrAcc: 0.9957 | VaAcc: 0.9614 | TeAcc: 0.9785

317,  0 | TrAcc: 0.9960, TrLoss:  0.02055, VaAcc: 0.9614, VaLoss:  0.15466
 MAP NN | TrAcc: 0.9963 | VaAcc: 0.9609 | TeAcc: 0.9761
 S NN | TrAcc: 0.9958 | VaAcc: 0.9604 | TeAcc: 0.9746

318,  0 | TrAcc: 0.9952, TrLoss:  0.02391, VaAcc: 0.9619, VaLoss:  0.14868
 MAP NN | TrAcc: 0.9960 | VaAcc: 0.9629 | TeAcc: 0.9707
 S NN | TrAcc: 0.9954 | VaAcc: 0.9624 | TeAcc: 0.9707

319,  0 | TrAcc: 0.9950, TrLoss:  0.02270, VaAcc: 0.9551, VaLoss:  0.15930
 MAP NN | TrAcc: 0.9951 | VaAcc: 0.9570 | TeAcc: 0.9761
 S NN | TrAcc: 0.9946 | VaAcc: 0.9565 | TeAcc: 0.9766

320,  0 | TrAcc: 0.9958, TrLoss:  0.02113, VaAcc: 0.9600, VaLoss:  0.14747
 MAP NN | TrAcc: 0.9960 | VaAcc: 0.9614 | TeAcc: 0.9775
 S NN | TrAcc: 0.9957 | VaAcc: 0.9619 | TeAcc: 0.9771

321,  0 | TrAcc: 0.9954, TrLoss:  0.02315, VaAcc: 0.9600, VaLoss:  0.16541
 MAP NN | TrAcc: 0.9958 | VaAcc: 0.9600 | TeAcc: 0.9751
 S NN | TrAcc: 0.9960 | VaAcc: 0.9600 | TeAcc: 0.9746

322,  0 | TrAcc: 0.9962, TrLoss:  0.02206, VaAcc: 0.9609, VaLoss:  0.15292
 MAP NN | TrAcc: 0.9958 | VaAcc: 0.9590 | TeAcc: 0.9741
 S NN | TrAcc: 0.9962 | VaAcc: 0.9595 | TeAcc: 0.9736

323,  0 | TrAcc: 0.9954, TrLoss:  0.02183, VaAcc: 0.9590, VaLoss:  0.15229
 MAP NN | TrAcc: 0.9960 | VaAcc: 0.9565 | TeAcc: 0.9761
 S NN | TrAcc: 0.9955 | VaAcc: 0.9585 | TeAcc: 0.9746

324,  0 | TrAcc: 0.9955, TrLoss:  0.02363, VaAcc: 0.9590, VaLoss:  0.15443
 MAP NN | TrAcc: 0.9956 | VaAcc: 0.9590 | TeAcc: 0.9727
 S NN | TrAcc: 0.9960 | VaAcc: 0.9585 | TeAcc: 0.9727

325,  0 | TrAcc: 0.9912, TrLoss:  0.03126, VaAcc: 0.9604, VaLoss:  0.15702
 MAP NN | TrAcc: 0.9917 | VaAcc: 0.9595 | TeAcc: 0.9731
 S NN | TrAcc: 0.9907 | VaAcc: 0.9595 | TeAcc: 0.9731

326,  0 | TrAcc: 0.9921, TrLoss:  0.03013, VaAcc: 0.9595, VaLoss:  0.14917
 MAP NN | TrAcc: 0.9927 | VaAcc: 0.9590 | TeAcc: 0.9731
 S NN | TrAcc: 0.9928 | VaAcc: 0.9595 | TeAcc: 0.9727

327,  0 | TrAcc: 0.9933, TrLoss:  0.02706, VaAcc: 0.9570, VaLoss:  0.15547
 MAP NN | TrAcc: 0.9943 | VaAcc: 0.9575 | TeAcc: 0.9761
 S NN | TrAcc: 0.9945 | VaAcc: 0.9580 | TeAcc: 0.9766

328,  0 | TrAcc: 0.9934, TrLoss:  0.02960, VaAcc: 0.9590, VaLoss:  0.15572
 MAP NN | TrAcc: 0.9938 | VaAcc: 0.9590 | TeAcc: 0.9727
 S NN | TrAcc: 0.9935 | VaAcc: 0.9590 | TeAcc: 0.9736

329,  0 | TrAcc: 0.9945, TrLoss:  0.02532, VaAcc: 0.9570, VaLoss:  0.15519
 MAP NN | TrAcc: 0.9945 | VaAcc: 0.9570 | TeAcc: 0.9766
 S NN | TrAcc: 0.9945 | VaAcc: 0.9570 | TeAcc: 0.9771

330,  0 | TrAcc: 0.9932, TrLoss:  0.02783, VaAcc: 0.9634, VaLoss:  0.15245
 MAP NN | TrAcc: 0.9932 | VaAcc: 0.9624 | TeAcc: 0.9775
 S NN | TrAcc: 0.9932 | VaAcc: 0.9624 | TeAcc: 0.9775

331,  0 | TrAcc: 0.9935, TrLoss:  0.02726, VaAcc: 0.9604, VaLoss:  0.15135
 MAP NN | TrAcc: 0.9933 | VaAcc: 0.9604 | TeAcc: 0.9727
 S NN | TrAcc: 0.9938 | VaAcc: 0.9604 | TeAcc: 0.9741

332,  0 | TrAcc: 0.9927, TrLoss:  0.03333, VaAcc: 0.9604, VaLoss:  0.15928
 MAP NN | TrAcc: 0.9927 | VaAcc: 0.9590 | TeAcc: 0.9707
 S NN | TrAcc: 0.9929 | VaAcc: 0.9585 | TeAcc: 0.9707

333,  0 | TrAcc: 0.9930, TrLoss:  0.02928, VaAcc: 0.9590, VaLoss:  0.15434
 MAP NN | TrAcc: 0.9932 | VaAcc: 0.9614 | TeAcc: 0.9746
 S NN | TrAcc: 0.9929 | VaAcc: 0.9614 | TeAcc: 0.9751

334,  0 | TrAcc: 0.9954, TrLoss:  0.02404, VaAcc: 0.9590, VaLoss:  0.14520
 MAP NN | TrAcc: 0.9955 | VaAcc: 0.9600 | TeAcc: 0.9736
 S NN | TrAcc: 0.9952 | VaAcc: 0.9595 | TeAcc: 0.9722

335,  0 | TrAcc: 0.9921, TrLoss:  0.03222, VaAcc: 0.9565, VaLoss:  0.16488
 MAP NN | TrAcc: 0.9922 | VaAcc: 0.9561 | TeAcc: 0.9731
 S NN | TrAcc: 0.9919 | VaAcc: 0.9556 | TeAcc: 0.9736

336,  0 | TrAcc: 0.9938, TrLoss:  0.02814, VaAcc: 0.9600, VaLoss:  0.15188
 MAP NN | TrAcc: 0.9939 | VaAcc: 0.9609 | TeAcc: 0.9775
 S NN | TrAcc: 0.9937 | VaAcc: 0.9609 | TeAcc: 0.9766

337,  0 | TrAcc: 0.9939, TrLoss:  0.02517, VaAcc: 0.9575, VaLoss:  0.15685
 MAP NN | TrAcc: 0.9945 | VaAcc: 0.9575 | TeAcc: 0.9780
 S NN | TrAcc: 0.9944 | VaAcc: 0.9570 | TeAcc: 0.9780

338,  0 | TrAcc: 0.9952, TrLoss:  0.02611, VaAcc: 0.9604, VaLoss:  0.15040
 MAP NN | TrAcc: 0.9948 | VaAcc: 0.9619 | TeAcc: 0.9746
 S NN | TrAcc: 0.9950 | VaAcc: 0.9614 | TeAcc: 0.9741

339,  0 | TrAcc: 0.9958, TrLoss:  0.02482, VaAcc: 0.9590, VaLoss:  0.16222
 MAP NN | TrAcc: 0.9951 | VaAcc: 0.9590 | TeAcc: 0.9751
 S NN | TrAcc: 0.9948 | VaAcc: 0.9585 | TeAcc: 0.9746

340,  0 | TrAcc: 0.9956, TrLoss:  0.02329, VaAcc: 0.9585, VaLoss:  0.15629
 MAP NN | TrAcc: 0.9952 | VaAcc: 0.9590 | TeAcc: 0.9751
 S NN | TrAcc: 0.9954 | VaAcc: 0.9580 | TeAcc: 0.9751

341,  0 | TrAcc: 0.9968, TrLoss:  0.02178, VaAcc: 0.9590, VaLoss:  0.16225
 MAP NN | TrAcc: 0.9968 | VaAcc: 0.9585 | TeAcc: 0.9751
 S NN | TrAcc: 0.9967 | VaAcc: 0.9575 | TeAcc: 0.9736

342,  0 | TrAcc: 0.9968, TrLoss:  0.02038, VaAcc: 0.9609, VaLoss:  0.16003
 MAP NN | TrAcc: 0.9968 | VaAcc: 0.9604 | TeAcc: 0.9731
 S NN | TrAcc: 0.9969 | VaAcc: 0.9595 | TeAcc: 0.9741

343,  0 | TrAcc: 0.9957, TrLoss:  0.01921, VaAcc: 0.9580, VaLoss:  0.15299
 MAP NN | TrAcc: 0.9961 | VaAcc: 0.9595 | TeAcc: 0.9751
 S NN | TrAcc: 0.9963 | VaAcc: 0.9595 | TeAcc: 0.9751

344,  0 | TrAcc: 0.9963, TrLoss:  0.02022, VaAcc: 0.9600, VaLoss:  0.15148
 MAP NN | TrAcc: 0.9963 | VaAcc: 0.9590 | TeAcc: 0.9741
 S NN | TrAcc: 0.9966 | VaAcc: 0.9590 | TeAcc: 0.9746

345,  0 | TrAcc: 0.9965, TrLoss:  0.02212, VaAcc: 0.9580, VaLoss:  0.16588
 MAP NN | TrAcc: 0.9961 | VaAcc: 0.9595 | TeAcc: 0.9731
 S NN | TrAcc: 0.9963 | VaAcc: 0.9604 | TeAcc: 0.9731

346,  0 | TrAcc: 0.9961, TrLoss:  0.02297, VaAcc: 0.9575, VaLoss:  0.16297
 MAP NN | TrAcc: 0.9958 | VaAcc: 0.9595 | TeAcc: 0.9741
 S NN | TrAcc: 0.9957 | VaAcc: 0.9580 | TeAcc: 0.9727

347,  0 | TrAcc: 0.9962, TrLoss:  0.02136, VaAcc: 0.9604, VaLoss:  0.16017
 MAP NN | TrAcc: 0.9963 | VaAcc: 0.9609 | TeAcc: 0.9775
 S NN | TrAcc: 0.9967 | VaAcc: 0.9609 | TeAcc: 0.9775

348,  0 | TrAcc: 0.9957, TrLoss:  0.02064, VaAcc: 0.9604, VaLoss:  0.15107
 MAP NN | TrAcc: 0.9958 | VaAcc: 0.9604 | TeAcc: 0.9766
 S NN | TrAcc: 0.9958 | VaAcc: 0.9609 | TeAcc: 0.9775

349,  0 | TrAcc: 0.9961, TrLoss:  0.02082, VaAcc: 0.9595, VaLoss:  0.15231
 MAP NN | TrAcc: 0.9965 | VaAcc: 0.9614 | TeAcc: 0.9746
 S NN | TrAcc: 0.9966 | VaAcc: 0.9609 | TeAcc: 0.9746

350,  0 | TrAcc: 0.9967, TrLoss:  0.01940, VaAcc: 0.9600, VaLoss:  0.15417
 MAP NN | TrAcc: 0.9968 | VaAcc: 0.9614 | TeAcc: 0.9741
 S NN | TrAcc: 0.9966 | VaAcc: 0.9604 | TeAcc: 0.9741

351,  0 | TrAcc: 0.9967, TrLoss:  0.01808, VaAcc: 0.9580, VaLoss:  0.14630
 MAP NN | TrAcc: 0.9971 | VaAcc: 0.9595 | TeAcc: 0.9775
 S NN | TrAcc: 0.9969 | VaAcc: 0.9585 | TeAcc: 0.9775

352,  0 | TrAcc: 0.9973, TrLoss:  0.01743, VaAcc: 0.9590, VaLoss:  0.15213
 MAP NN | TrAcc: 0.9976 | VaAcc: 0.9580 | TeAcc: 0.9771
 S NN | TrAcc: 0.9973 | VaAcc: 0.9580 | TeAcc: 0.9775

353,  0 | TrAcc: 0.9977, TrLoss:  0.01774, VaAcc: 0.9614, VaLoss:  0.14985
 MAP NN | TrAcc: 0.9972 | VaAcc: 0.9609 | TeAcc: 0.9771
 S NN | TrAcc: 0.9972 | VaAcc: 0.9604 | TeAcc: 0.9766

354,  0 | TrAcc: 0.9974, TrLoss:  0.01709, VaAcc: 0.9600, VaLoss:  0.15337
 MAP NN | TrAcc: 0.9971 | VaAcc: 0.9604 | TeAcc: 0.9751
 S NN | TrAcc: 0.9972 | VaAcc: 0.9595 | TeAcc: 0.9761

355,  0 | TrAcc: 0.9961, TrLoss:  0.02110, VaAcc: 0.9595, VaLoss:  0.15320
 MAP NN | TrAcc: 0.9962 | VaAcc: 0.9604 | TeAcc: 0.9731
 S NN | TrAcc: 0.9961 | VaAcc: 0.9590 | TeAcc: 0.9727

356,  0 | TrAcc: 0.9955, TrLoss:  0.02061, VaAcc: 0.9595, VaLoss:  0.15022
 MAP NN | TrAcc: 0.9960 | VaAcc: 0.9609 | TeAcc: 0.9712
 S NN | TrAcc: 0.9958 | VaAcc: 0.9600 | TeAcc: 0.9712

357,  0 | TrAcc: 0.9958, TrLoss:  0.02070, VaAcc: 0.9595, VaLoss:  0.15597
 MAP NN | TrAcc: 0.9955 | VaAcc: 0.9585 | TeAcc: 0.9751
 S NN | TrAcc: 0.9957 | VaAcc: 0.9590 | TeAcc: 0.9741

358,  0 | TrAcc: 0.9960, TrLoss:  0.01992, VaAcc: 0.9609, VaLoss:  0.15954
 MAP NN | TrAcc: 0.9961 | VaAcc: 0.9609 | TeAcc: 0.9751
 S NN | TrAcc: 0.9958 | VaAcc: 0.9614 | TeAcc: 0.9761

359,  0 | TrAcc: 0.9955, TrLoss:  0.02103, VaAcc: 0.9619, VaLoss:  0.15592
 MAP NN | TrAcc: 0.9956 | VaAcc: 0.9609 | TeAcc: 0.9756
 S NN | TrAcc: 0.9955 | VaAcc: 0.9619 | TeAcc: 0.9756

360,  0 | TrAcc: 0.9966, TrLoss:  0.02025, VaAcc: 0.9595, VaLoss:  0.14837
 MAP NN | TrAcc: 0.9971 | VaAcc: 0.9590 | TeAcc: 0.9775
 S NN | TrAcc: 0.9971 | VaAcc: 0.9585 | TeAcc: 0.9775

361,  0 | TrAcc: 0.9974, TrLoss:  0.01789, VaAcc: 0.9609, VaLoss:  0.15208
 MAP NN | TrAcc: 0.9976 | VaAcc: 0.9614 | TeAcc: 0.9761
 S NN | TrAcc: 0.9976 | VaAcc: 0.9624 | TeAcc: 0.9766

362,  0 | TrAcc: 0.9967, TrLoss:  0.01835, VaAcc: 0.9590, VaLoss:  0.15312
 MAP NN | TrAcc: 0.9972 | VaAcc: 0.9580 | TeAcc: 0.9790
 S NN | TrAcc: 0.9974 | VaAcc: 0.9570 | TeAcc: 0.9780

363,  0 | TrAcc: 0.9940, TrLoss:  0.02389, VaAcc: 0.9585, VaLoss:  0.15439
 MAP NN | TrAcc: 0.9938 | VaAcc: 0.9580 | TeAcc: 0.9775
 S NN | TrAcc: 0.9940 | VaAcc: 0.9575 | TeAcc: 0.9766

364,  0 | TrAcc: 0.9929, TrLoss:  0.02973, VaAcc: 0.9541, VaLoss:  0.16468
 MAP NN | TrAcc: 0.9932 | VaAcc: 0.9546 | TeAcc: 0.9736
 S NN | TrAcc: 0.9930 | VaAcc: 0.9541 | TeAcc: 0.9722

365,  0 | TrAcc: 0.9960, TrLoss:  0.02208, VaAcc: 0.9624, VaLoss:  0.14524
 MAP NN | TrAcc: 0.9961 | VaAcc: 0.9604 | TeAcc: 0.9756
 S NN | TrAcc: 0.9957 | VaAcc: 0.9614 | TeAcc: 0.9761

366,  0 | TrAcc: 0.9967, TrLoss:  0.01942, VaAcc: 0.9600, VaLoss:  0.15447
 MAP NN | TrAcc: 0.9967 | VaAcc: 0.9595 | TeAcc: 0.9746
 S NN | TrAcc: 0.9965 | VaAcc: 0.9595 | TeAcc: 0.9751

367,  0 | TrAcc: 0.9961, TrLoss:  0.02090, VaAcc: 0.9604, VaLoss:  0.15425
 MAP NN | TrAcc: 0.9957 | VaAcc: 0.9600 | TeAcc: 0.9756
 S NN | TrAcc: 0.9958 | VaAcc: 0.9600 | TeAcc: 0.9756

368,  0 | TrAcc: 0.9963, TrLoss:  0.01964, VaAcc: 0.9585, VaLoss:  0.15508
 MAP NN | TrAcc: 0.9965 | VaAcc: 0.9600 | TeAcc: 0.9756
 S NN | TrAcc: 0.9965 | VaAcc: 0.9604 | TeAcc: 0.9751

369,  0 | TrAcc: 0.9963, TrLoss:  0.01855, VaAcc: 0.9590, VaLoss:  0.15055
 MAP NN | TrAcc: 0.9962 | VaAcc: 0.9590 | TeAcc: 0.9795
 S NN | TrAcc: 0.9962 | VaAcc: 0.9600 | TeAcc: 0.9780

370,  0 | TrAcc: 0.9971, TrLoss:  0.01691, VaAcc: 0.9604, VaLoss:  0.15250
 MAP NN | TrAcc: 0.9969 | VaAcc: 0.9614 | TeAcc: 0.9746
 S NN | TrAcc: 0.9971 | VaAcc: 0.9604 | TeAcc: 0.9746

371,  0 | TrAcc: 0.9966, TrLoss:  0.01807, VaAcc: 0.9604, VaLoss:  0.15855
 MAP NN | TrAcc: 0.9967 | VaAcc: 0.9595 | TeAcc: 0.9761
 S NN | TrAcc: 0.9967 | VaAcc: 0.9595 | TeAcc: 0.9761

372,  0 | TrAcc: 0.9962, TrLoss:  0.02064, VaAcc: 0.9629, VaLoss:  0.15646
 MAP NN | TrAcc: 0.9961 | VaAcc: 0.9614 | TeAcc: 0.9736
 S NN | TrAcc: 0.9961 | VaAcc: 0.9619 | TeAcc: 0.9731

373,  0 | TrAcc: 0.9922, TrLoss:  0.02764, VaAcc: 0.9585, VaLoss:  0.15383
 MAP NN | TrAcc: 0.9924 | VaAcc: 0.9590 | TeAcc: 0.9780
 S NN | TrAcc: 0.9926 | VaAcc: 0.9585 | TeAcc: 0.9780

374,  0 | TrAcc: 0.9939, TrLoss:  0.02486, VaAcc: 0.9595, VaLoss:  0.15402
 MAP NN | TrAcc: 0.9941 | VaAcc: 0.9585 | TeAcc: 0.9766
 S NN | TrAcc: 0.9941 | VaAcc: 0.9595 | TeAcc: 0.9766

375,  0 | TrAcc: 0.9955, TrLoss:  0.02417, VaAcc: 0.9624, VaLoss:  0.15452
 MAP NN | TrAcc: 0.9954 | VaAcc: 0.9619 | TeAcc: 0.9756
 S NN | TrAcc: 0.9949 | VaAcc: 0.9614 | TeAcc: 0.9746

376,  0 | TrAcc: 0.9961, TrLoss:  0.02059, VaAcc: 0.9570, VaLoss:  0.15129
 MAP NN | TrAcc: 0.9966 | VaAcc: 0.9595 | TeAcc: 0.9751
 S NN | TrAcc: 0.9965 | VaAcc: 0.9600 | TeAcc: 0.9751

377,  0 | TrAcc: 0.9946, TrLoss:  0.02454, VaAcc: 0.9609, VaLoss:  0.15852
 MAP NN | TrAcc: 0.9948 | VaAcc: 0.9614 | TeAcc: 0.9707
 S NN | TrAcc: 0.9945 | VaAcc: 0.9614 | TeAcc: 0.9702

378,  0 | TrAcc: 0.9940, TrLoss:  0.02467, VaAcc: 0.9570, VaLoss:  0.15804
 MAP NN | TrAcc: 0.9939 | VaAcc: 0.9580 | TeAcc: 0.9727
 S NN | TrAcc: 0.9941 | VaAcc: 0.9585 | TeAcc: 0.9731

379,  0 | TrAcc: 0.9950, TrLoss:  0.02125, VaAcc: 0.9619, VaLoss:  0.14841
 MAP NN | TrAcc: 0.9955 | VaAcc: 0.9614 | TeAcc: 0.9775
 S NN | TrAcc: 0.9955 | VaAcc: 0.9624 | TeAcc: 0.9775

380,  0 | TrAcc: 0.9935, TrLoss:  0.02610, VaAcc: 0.9600, VaLoss:  0.15664
 MAP NN | TrAcc: 0.9941 | VaAcc: 0.9609 | TeAcc: 0.9727
 S NN | TrAcc: 0.9938 | VaAcc: 0.9614 | TeAcc: 0.9731

381,  0 | TrAcc: 0.9946, TrLoss:  0.02510, VaAcc: 0.9570, VaLoss:  0.15840
 MAP NN | TrAcc: 0.9946 | VaAcc: 0.9565 | TeAcc: 0.9741
 S NN | TrAcc: 0.9946 | VaAcc: 0.9565 | TeAcc: 0.9736

382,  0 | TrAcc: 0.9928, TrLoss:  0.02634, VaAcc: 0.9575, VaLoss:  0.16365
 MAP NN | TrAcc: 0.9935 | VaAcc: 0.9570 | TeAcc: 0.9800
 S NN | TrAcc: 0.9933 | VaAcc: 0.9575 | TeAcc: 0.9790

383,  0 | TrAcc: 0.9923, TrLoss:  0.02853, VaAcc: 0.9590, VaLoss:  0.15590
 MAP NN | TrAcc: 0.9932 | VaAcc: 0.9600 | TeAcc: 0.9741
 S NN | TrAcc: 0.9930 | VaAcc: 0.9600 | TeAcc: 0.9741

384,  0 | TrAcc: 0.9933, TrLoss:  0.02995, VaAcc: 0.9619, VaLoss:  0.14892
 MAP NN | TrAcc: 0.9934 | VaAcc: 0.9614 | TeAcc: 0.9746
 S NN | TrAcc: 0.9934 | VaAcc: 0.9614 | TeAcc: 0.9751

385,  0 | TrAcc: 0.9905, TrLoss:  0.03289, VaAcc: 0.9634, VaLoss:  0.14646
 MAP NN | TrAcc: 0.9915 | VaAcc: 0.9609 | TeAcc: 0.9751
 S NN | TrAcc: 0.9908 | VaAcc: 0.9590 | TeAcc: 0.9756

386,  0 | TrAcc: 0.9938, TrLoss:  0.02735, VaAcc: 0.9590, VaLoss:  0.15032
 MAP NN | TrAcc: 0.9938 | VaAcc: 0.9590 | TeAcc: 0.9741
 S NN | TrAcc: 0.9941 | VaAcc: 0.9600 | TeAcc: 0.9741

387,  0 | TrAcc: 0.9930, TrLoss:  0.02921, VaAcc: 0.9600, VaLoss:  0.16035
 MAP NN | TrAcc: 0.9934 | VaAcc: 0.9609 | TeAcc: 0.9761
 S NN | TrAcc: 0.9935 | VaAcc: 0.9609 | TeAcc: 0.9761

388,  0 | TrAcc: 0.9952, TrLoss:  0.02472, VaAcc: 0.9585, VaLoss:  0.15415
 MAP NN | TrAcc: 0.9951 | VaAcc: 0.9590 | TeAcc: 0.9751
 S NN | TrAcc: 0.9950 | VaAcc: 0.9590 | TeAcc: 0.9751

389,  0 | TrAcc: 0.9930, TrLoss:  0.02567, VaAcc: 0.9604, VaLoss:  0.15415
 MAP NN | TrAcc: 0.9933 | VaAcc: 0.9604 | TeAcc: 0.9780
 S NN | TrAcc: 0.9933 | VaAcc: 0.9600 | TeAcc: 0.9780

390,  0 | TrAcc: 0.9911, TrLoss:  0.03521, VaAcc: 0.9595, VaLoss:  0.16413
 MAP NN | TrAcc: 0.9910 | VaAcc: 0.9585 | TeAcc: 0.9717
 S NN | TrAcc: 0.9908 | VaAcc: 0.9585 | TeAcc: 0.9722

391,  0 | TrAcc: 0.9915, TrLoss:  0.03431, VaAcc: 0.9570, VaLoss:  0.16178
 MAP NN | TrAcc: 0.9917 | VaAcc: 0.9585 | TeAcc: 0.9717
 S NN | TrAcc: 0.9918 | VaAcc: 0.9595 | TeAcc: 0.9717

392,  0 | TrAcc: 0.9944, TrLoss:  0.02823, VaAcc: 0.9609, VaLoss:  0.15583
 MAP NN | TrAcc: 0.9944 | VaAcc: 0.9604 | TeAcc: 0.9780
 S NN | TrAcc: 0.9943 | VaAcc: 0.9585 | TeAcc: 0.9785

393,  0 | TrAcc: 0.9961, TrLoss:  0.02114, VaAcc: 0.9604, VaLoss:  0.16021
 MAP NN | TrAcc: 0.9958 | VaAcc: 0.9595 | TeAcc: 0.9766
 S NN | TrAcc: 0.9957 | VaAcc: 0.9604 | TeAcc: 0.9771

394,  0 | TrAcc: 0.9968, TrLoss:  0.01969, VaAcc: 0.9624, VaLoss:  0.15477
 MAP NN | TrAcc: 0.9968 | VaAcc: 0.9609 | TeAcc: 0.9722
 S NN | TrAcc: 0.9971 | VaAcc: 0.9624 | TeAcc: 0.9717

395,  0 | TrAcc: 0.9968, TrLoss:  0.02076, VaAcc: 0.9604, VaLoss:  0.14711
 MAP NN | TrAcc: 0.9968 | VaAcc: 0.9609 | TeAcc: 0.9780
 S NN | TrAcc: 0.9966 | VaAcc: 0.9614 | TeAcc: 0.9775

396,  0 | TrAcc: 0.9965, TrLoss:  0.01842, VaAcc: 0.9595, VaLoss:  0.15761
 MAP NN | TrAcc: 0.9966 | VaAcc: 0.9590 | TeAcc: 0.9761
 S NN | TrAcc: 0.9966 | VaAcc: 0.9585 | TeAcc: 0.9761

397,  0 | TrAcc: 0.9967, TrLoss:  0.01808, VaAcc: 0.9595, VaLoss:  0.14832
 MAP NN | TrAcc: 0.9973 | VaAcc: 0.9609 | TeAcc: 0.9771
 S NN | TrAcc: 0.9973 | VaAcc: 0.9604 | TeAcc: 0.9766

398,  0 | TrAcc: 0.9963, TrLoss:  0.01977, VaAcc: 0.9585, VaLoss:  0.15268
 MAP NN | TrAcc: 0.9965 | VaAcc: 0.9580 | TeAcc: 0.9751
 S NN | TrAcc: 0.9961 | VaAcc: 0.9590 | TeAcc: 0.9761

399,  0 | TrAcc: 0.9960, TrLoss:  0.01907, VaAcc: 0.9595, VaLoss:  0.15663
 MAP NN | TrAcc: 0.9962 | VaAcc: 0.9595 | TeAcc: 0.9785
 S NN | TrAcc: 0.9965 | VaAcc: 0.9595 | TeAcc: 0.9800

400,  0 | TrAcc: 0.9952, TrLoss:  0.02406, VaAcc: 0.9580, VaLoss:  0.15896
 MAP NN | TrAcc: 0.9956 | VaAcc: 0.9585 | TeAcc: 0.9727
 S NN | TrAcc: 0.9954 | VaAcc: 0.9585 | TeAcc: 0.9731

401,  0 | TrAcc: 0.9954, TrLoss:  0.02363, VaAcc: 0.9565, VaLoss:  0.15312
 MAP NN | TrAcc: 0.9955 | VaAcc: 0.9570 | TeAcc: 0.9727
 S NN | TrAcc: 0.9955 | VaAcc: 0.9570 | TeAcc: 0.9731

402,  0 | TrAcc: 0.9968, TrLoss:  0.01767, VaAcc: 0.9595, VaLoss:  0.15669
 MAP NN | TrAcc: 0.9969 | VaAcc: 0.9590 | TeAcc: 0.9771
 S NN | TrAcc: 0.9972 | VaAcc: 0.9585 | TeAcc: 0.9775

403,  0 | TrAcc: 0.9939, TrLoss:  0.02581, VaAcc: 0.9561, VaLoss:  0.16633
 MAP NN | TrAcc: 0.9945 | VaAcc: 0.9546 | TeAcc: 0.9756
 S NN | TrAcc: 0.9943 | VaAcc: 0.9551 | TeAcc: 0.9756

404,  0 | TrAcc: 0.9950, TrLoss:  0.02297, VaAcc: 0.9565, VaLoss:  0.16955
 MAP NN | TrAcc: 0.9943 | VaAcc: 0.9570 | TeAcc: 0.9800
 S NN | TrAcc: 0.9945 | VaAcc: 0.9565 | TeAcc: 0.9805

405,  0 | TrAcc: 0.9966, TrLoss:  0.01958, VaAcc: 0.9619, VaLoss:  0.14772
 MAP NN | TrAcc: 0.9966 | VaAcc: 0.9614 | TeAcc: 0.9761
 S NN | TrAcc: 0.9967 | VaAcc: 0.9619 | TeAcc: 0.9761

406,  0 | TrAcc: 0.9948, TrLoss:  0.02658, VaAcc: 0.9590, VaLoss:  0.16489
 MAP NN | TrAcc: 0.9944 | VaAcc: 0.9595 | TeAcc: 0.9761
 S NN | TrAcc: 0.9945 | VaAcc: 0.9609 | TeAcc: 0.9761

407,  0 | TrAcc: 0.9961, TrLoss:  0.02086, VaAcc: 0.9585, VaLoss:  0.14953
 MAP NN | TrAcc: 0.9961 | VaAcc: 0.9595 | TeAcc: 0.9771
 S NN | TrAcc: 0.9961 | VaAcc: 0.9595 | TeAcc: 0.9766

408,  0 | TrAcc: 0.9958, TrLoss:  0.02025, VaAcc: 0.9590, VaLoss:  0.15801
 MAP NN | TrAcc: 0.9956 | VaAcc: 0.9590 | TeAcc: 0.9775
 S NN | TrAcc: 0.9960 | VaAcc: 0.9590 | TeAcc: 0.9771

409,  0 | TrAcc: 0.9943, TrLoss:  0.02541, VaAcc: 0.9561, VaLoss:  0.16834
 MAP NN | TrAcc: 0.9946 | VaAcc: 0.9546 | TeAcc: 0.9722
 S NN | TrAcc: 0.9941 | VaAcc: 0.9551 | TeAcc: 0.9722

410,  0 | TrAcc: 0.9930, TrLoss:  0.02608, VaAcc: 0.9604, VaLoss:  0.15090
 MAP NN | TrAcc: 0.9934 | VaAcc: 0.9600 | TeAcc: 0.9731
 S NN | TrAcc: 0.9930 | VaAcc: 0.9604 | TeAcc: 0.9727

411,  0 | TrAcc: 0.9960, TrLoss:  0.02160, VaAcc: 0.9585, VaLoss:  0.14994
 MAP NN | TrAcc: 0.9962 | VaAcc: 0.9580 | TeAcc: 0.9771
 S NN | TrAcc: 0.9962 | VaAcc: 0.9580 | TeAcc: 0.9775

412,  0 | TrAcc: 0.9955, TrLoss:  0.02009, VaAcc: 0.9614, VaLoss:  0.15336
 MAP NN | TrAcc: 0.9960 | VaAcc: 0.9619 | TeAcc: 0.9741
 S NN | TrAcc: 0.9958 | VaAcc: 0.9629 | TeAcc: 0.9736

413,  0 | TrAcc: 0.9963, TrLoss:  0.01931, VaAcc: 0.9634, VaLoss:  0.15069
 MAP NN | TrAcc: 0.9968 | VaAcc: 0.9639 | TeAcc: 0.9741
 S NN | TrAcc: 0.9968 | VaAcc: 0.9648 | TeAcc: 0.9751

414,  0 | TrAcc: 0.9954, TrLoss:  0.02230, VaAcc: 0.9629, VaLoss:  0.15317
 MAP NN | TrAcc: 0.9956 | VaAcc: 0.9629 | TeAcc: 0.9727
 S NN | TrAcc: 0.9956 | VaAcc: 0.9614 | TeAcc: 0.9727

415,  0 | TrAcc: 0.9946, TrLoss:  0.02352, VaAcc: 0.9604, VaLoss:  0.16830
 MAP NN | TrAcc: 0.9950 | VaAcc: 0.9600 | TeAcc: 0.9785
 S NN | TrAcc: 0.9949 | VaAcc: 0.9600 | TeAcc: 0.9785

416,  0 | TrAcc: 0.9950, TrLoss:  0.02322, VaAcc: 0.9619, VaLoss:  0.16275
 MAP NN | TrAcc: 0.9952 | VaAcc: 0.9619 | TeAcc: 0.9741
 S NN | TrAcc: 0.9951 | VaAcc: 0.9614 | TeAcc: 0.9746

417,  0 | TrAcc: 0.9913, TrLoss:  0.03462, VaAcc: 0.9546, VaLoss:  0.16839
 MAP NN | TrAcc: 0.9912 | VaAcc: 0.9551 | TeAcc: 0.9746
 S NN | TrAcc: 0.9906 | VaAcc: 0.9551 | TeAcc: 0.9736

418,  0 | TrAcc: 0.9829, TrLoss:  0.05854, VaAcc: 0.9575, VaLoss:  0.16248
 MAP NN | TrAcc: 0.9827 | VaAcc: 0.9570 | TeAcc: 0.9707
 S NN | TrAcc: 0.9822 | VaAcc: 0.9556 | TeAcc: 0.9702

419,  0 | TrAcc: 0.9838, TrLoss:  0.05470, VaAcc: 0.9561, VaLoss:  0.16424
 MAP NN | TrAcc: 0.9843 | VaAcc: 0.9570 | TeAcc: 0.9683
 S NN | TrAcc: 0.9845 | VaAcc: 0.9570 | TeAcc: 0.9678

420,  0 | TrAcc: 0.9855, TrLoss:  0.05306, VaAcc: 0.9561, VaLoss:  0.16817
 MAP NN | TrAcc: 0.9852 | VaAcc: 0.9556 | TeAcc: 0.9727
 S NN | TrAcc: 0.9855 | VaAcc: 0.9570 | TeAcc: 0.9731

421,  0 | TrAcc: 0.9832, TrLoss:  0.05397, VaAcc: 0.9575, VaLoss:  0.15741
 MAP NN | TrAcc: 0.9829 | VaAcc: 0.9570 | TeAcc: 0.9697
 S NN | TrAcc: 0.9834 | VaAcc: 0.9570 | TeAcc: 0.9697

422,  0 | TrAcc: 0.9851, TrLoss:  0.05184, VaAcc: 0.9595, VaLoss:  0.16079
 MAP NN | TrAcc: 0.9852 | VaAcc: 0.9600 | TeAcc: 0.9697
 S NN | TrAcc: 0.9846 | VaAcc: 0.9600 | TeAcc: 0.9692

423,  0 | TrAcc: 0.9905, TrLoss:  0.03538, VaAcc: 0.9570, VaLoss:  0.16730
 MAP NN | TrAcc: 0.9911 | VaAcc: 0.9561 | TeAcc: 0.9707
 S NN | TrAcc: 0.9904 | VaAcc: 0.9565 | TeAcc: 0.9717

424,  0 | TrAcc: 0.9908, TrLoss:  0.03486, VaAcc: 0.9585, VaLoss:  0.15933
 MAP NN | TrAcc: 0.9907 | VaAcc: 0.9619 | TeAcc: 0.9746
 S NN | TrAcc: 0.9913 | VaAcc: 0.9604 | TeAcc: 0.9756

425,  0 | TrAcc: 0.9902, TrLoss:  0.03212, VaAcc: 0.9570, VaLoss:  0.16448
 MAP NN | TrAcc: 0.9906 | VaAcc: 0.9575 | TeAcc: 0.9727
 S NN | TrAcc: 0.9901 | VaAcc: 0.9570 | TeAcc: 0.9736

426,  0 | TrAcc: 0.9895, TrLoss:  0.03584, VaAcc: 0.9570, VaLoss:  0.16857
 MAP NN | TrAcc: 0.9896 | VaAcc: 0.9570 | TeAcc: 0.9736
 S NN | TrAcc: 0.9894 | VaAcc: 0.9570 | TeAcc: 0.9746

427,  0 | TrAcc: 0.9860, TrLoss:  0.04767, VaAcc: 0.9556, VaLoss:  0.16852
 MAP NN | TrAcc: 0.9858 | VaAcc: 0.9556 | TeAcc: 0.9766
 S NN | TrAcc: 0.9860 | VaAcc: 0.9551 | TeAcc: 0.9756

428,  0 | TrAcc: 0.9875, TrLoss:  0.04364, VaAcc: 0.9600, VaLoss:  0.17331
 MAP NN | TrAcc: 0.9873 | VaAcc: 0.9590 | TeAcc: 0.9717
 S NN | TrAcc: 0.9862 | VaAcc: 0.9590 | TeAcc: 0.9712

429,  0 | TrAcc: 0.9919, TrLoss:  0.03368, VaAcc: 0.9590, VaLoss:  0.16751
 MAP NN | TrAcc: 0.9916 | VaAcc: 0.9595 | TeAcc: 0.9692
 S NN | TrAcc: 0.9915 | VaAcc: 0.9600 | TeAcc: 0.9697

430,  0 | TrAcc: 0.9929, TrLoss:  0.02931, VaAcc: 0.9551, VaLoss:  0.15979
 MAP NN | TrAcc: 0.9929 | VaAcc: 0.9565 | TeAcc: 0.9722
 S NN | TrAcc: 0.9929 | VaAcc: 0.9565 | TeAcc: 0.9731

431,  0 | TrAcc: 0.9883, TrLoss:  0.04115, VaAcc: 0.9546, VaLoss:  0.16787
 MAP NN | TrAcc: 0.9893 | VaAcc: 0.9561 | TeAcc: 0.9736
 S NN | TrAcc: 0.9895 | VaAcc: 0.9561 | TeAcc: 0.9731

432,  0 | TrAcc: 0.9906, TrLoss:  0.03543, VaAcc: 0.9600, VaLoss:  0.15867
 MAP NN | TrAcc: 0.9907 | VaAcc: 0.9585 | TeAcc: 0.9761
 S NN | TrAcc: 0.9901 | VaAcc: 0.9585 | TeAcc: 0.9751

433,  0 | TrAcc: 0.9911, TrLoss:  0.03535, VaAcc: 0.9565, VaLoss:  0.16948
 MAP NN | TrAcc: 0.9910 | VaAcc: 0.9575 | TeAcc: 0.9785
 S NN | TrAcc: 0.9908 | VaAcc: 0.9565 | TeAcc: 0.9775

434,  0 | TrAcc: 0.9924, TrLoss:  0.03048, VaAcc: 0.9614, VaLoss:  0.15266
 MAP NN | TrAcc: 0.9919 | VaAcc: 0.9619 | TeAcc: 0.9741
 S NN | TrAcc: 0.9921 | VaAcc: 0.9629 | TeAcc: 0.9741

435,  0 | TrAcc: 0.9928, TrLoss:  0.02714, VaAcc: 0.9561, VaLoss:  0.16118
 MAP NN | TrAcc: 0.9934 | VaAcc: 0.9575 | TeAcc: 0.9756
 S NN | TrAcc: 0.9934 | VaAcc: 0.9561 | TeAcc: 0.9761

436,  0 | TrAcc: 0.9933, TrLoss:  0.03081, VaAcc: 0.9629, VaLoss:  0.13921
 MAP NN | TrAcc: 0.9935 | VaAcc: 0.9619 | TeAcc: 0.9766
 S NN | TrAcc: 0.9933 | VaAcc: 0.9619 | TeAcc: 0.9766

437,  0 | TrAcc: 0.9901, TrLoss:  0.03590, VaAcc: 0.9595, VaLoss:  0.16901
 MAP NN | TrAcc: 0.9905 | VaAcc: 0.9590 | TeAcc: 0.9727
 S NN | TrAcc: 0.9907 | VaAcc: 0.9604 | TeAcc: 0.9727

438,  0 | TrAcc: 0.9911, TrLoss:  0.03404, VaAcc: 0.9624, VaLoss:  0.16428
 MAP NN | TrAcc: 0.9905 | VaAcc: 0.9595 | TeAcc: 0.9795
 S NN | TrAcc: 0.9906 | VaAcc: 0.9585 | TeAcc: 0.9800

439,  0 | TrAcc: 0.9923, TrLoss:  0.02829, VaAcc: 0.9575, VaLoss:  0.15742
 MAP NN | TrAcc: 0.9924 | VaAcc: 0.9570 | TeAcc: 0.9771
 S NN | TrAcc: 0.9926 | VaAcc: 0.9580 | TeAcc: 0.9771

440,  0 | TrAcc: 0.9937, TrLoss:  0.02610, VaAcc: 0.9585, VaLoss:  0.15069
 MAP NN | TrAcc: 0.9940 | VaAcc: 0.9595 | TeAcc: 0.9751
 S NN | TrAcc: 0.9940 | VaAcc: 0.9595 | TeAcc: 0.9751

441,  0 | TrAcc: 0.9945, TrLoss:  0.02447, VaAcc: 0.9570, VaLoss:  0.16128
 MAP NN | TrAcc: 0.9943 | VaAcc: 0.9580 | TeAcc: 0.9712
 S NN | TrAcc: 0.9941 | VaAcc: 0.9570 | TeAcc: 0.9717

442,  0 | TrAcc: 0.9951, TrLoss:  0.02211, VaAcc: 0.9595, VaLoss:  0.15061
 MAP NN | TrAcc: 0.9955 | VaAcc: 0.9614 | TeAcc: 0.9790
 S NN | TrAcc: 0.9957 | VaAcc: 0.9614 | TeAcc: 0.9795

443,  0 | TrAcc: 0.9963, TrLoss:  0.02046, VaAcc: 0.9585, VaLoss:  0.15389
 MAP NN | TrAcc: 0.9965 | VaAcc: 0.9580 | TeAcc: 0.9751
 S NN | TrAcc: 0.9962 | VaAcc: 0.9585 | TeAcc: 0.9751

444,  0 | TrAcc: 0.9926, TrLoss:  0.02970, VaAcc: 0.9604, VaLoss:  0.15371
 MAP NN | TrAcc: 0.9929 | VaAcc: 0.9604 | TeAcc: 0.9741
 S NN | TrAcc: 0.9923 | VaAcc: 0.9600 | TeAcc: 0.9731

445,  0 | TrAcc: 0.9952, TrLoss:  0.02195, VaAcc: 0.9648, VaLoss:  0.14642
 MAP NN | TrAcc: 0.9952 | VaAcc: 0.9624 | TeAcc: 0.9771
 S NN | TrAcc: 0.9952 | VaAcc: 0.9619 | TeAcc: 0.9775

446,  0 | TrAcc: 0.9951, TrLoss:  0.02432, VaAcc: 0.9600, VaLoss:  0.16189
 MAP NN | TrAcc: 0.9954 | VaAcc: 0.9600 | TeAcc: 0.9756
 S NN | TrAcc: 0.9952 | VaAcc: 0.9595 | TeAcc: 0.9761

447,  0 | TrAcc: 0.9932, TrLoss:  0.03021, VaAcc: 0.9585, VaLoss:  0.17206
 MAP NN | TrAcc: 0.9933 | VaAcc: 0.9600 | TeAcc: 0.9751
 S NN | TrAcc: 0.9934 | VaAcc: 0.9585 | TeAcc: 0.9746

448,  0 | TrAcc: 0.9946, TrLoss:  0.02309, VaAcc: 0.9585, VaLoss:  0.14735
 MAP NN | TrAcc: 0.9948 | VaAcc: 0.9585 | TeAcc: 0.9775
 S NN | TrAcc: 0.9948 | VaAcc: 0.9580 | TeAcc: 0.9780

449,  0 | TrAcc: 0.9945, TrLoss:  0.02462, VaAcc: 0.9604, VaLoss:  0.15334
 MAP NN | TrAcc: 0.9944 | VaAcc: 0.9595 | TeAcc: 0.9756
 S NN | TrAcc: 0.9940 | VaAcc: 0.9600 | TeAcc: 0.9756

450,  0 | TrAcc: 0.9948, TrLoss:  0.02637, VaAcc: 0.9585, VaLoss:  0.15963
 MAP NN | TrAcc: 0.9950 | VaAcc: 0.9595 | TeAcc: 0.9756
 S NN | TrAcc: 0.9952 | VaAcc: 0.9600 | TeAcc: 0.9751

451,  0 | TrAcc: 0.9971, TrLoss:  0.01980, VaAcc: 0.9600, VaLoss:  0.15552
 MAP NN | TrAcc: 0.9971 | VaAcc: 0.9561 | TeAcc: 0.9751
 S NN | TrAcc: 0.9969 | VaAcc: 0.9580 | TeAcc: 0.9751

452,  0 | TrAcc: 0.9969, TrLoss:  0.01866, VaAcc: 0.9551, VaLoss:  0.16230
 MAP NN | TrAcc: 0.9968 | VaAcc: 0.9570 | TeAcc: 0.9756
 S NN | TrAcc: 0.9968 | VaAcc: 0.9561 | TeAcc: 0.9766

453,  0 | TrAcc: 0.9958, TrLoss:  0.02184, VaAcc: 0.9609, VaLoss:  0.15173
 MAP NN | TrAcc: 0.9960 | VaAcc: 0.9600 | TeAcc: 0.9756
 S NN | TrAcc: 0.9962 | VaAcc: 0.9609 | TeAcc: 0.9756

454,  0 | TrAcc: 0.9960, TrLoss:  0.02272, VaAcc: 0.9575, VaLoss:  0.15640
 MAP NN | TrAcc: 0.9957 | VaAcc: 0.9570 | TeAcc: 0.9766
 S NN | TrAcc: 0.9958 | VaAcc: 0.9570 | TeAcc: 0.9761

455,  0 | TrAcc: 0.9948, TrLoss:  0.02145, VaAcc: 0.9629, VaLoss:  0.15065
 MAP NN | TrAcc: 0.9951 | VaAcc: 0.9624 | TeAcc: 0.9736
 S NN | TrAcc: 0.9950 | VaAcc: 0.9624 | TeAcc: 0.9741

456,  0 | TrAcc: 0.9966, TrLoss:  0.01696, VaAcc: 0.9609, VaLoss:  0.15575
 MAP NN | TrAcc: 0.9963 | VaAcc: 0.9609 | TeAcc: 0.9780
 S NN | TrAcc: 0.9965 | VaAcc: 0.9614 | TeAcc: 0.9775

457,  0 | TrAcc: 0.9973, TrLoss:  0.01681, VaAcc: 0.9604, VaLoss:  0.15232
 MAP NN | TrAcc: 0.9971 | VaAcc: 0.9600 | TeAcc: 0.9756
 S NN | TrAcc: 0.9973 | VaAcc: 0.9590 | TeAcc: 0.9761

458,  0 | TrAcc: 0.9967, TrLoss:  0.01668, VaAcc: 0.9624, VaLoss:  0.15348
 MAP NN | TrAcc: 0.9968 | VaAcc: 0.9619 | TeAcc: 0.9751
 S NN | TrAcc: 0.9969 | VaAcc: 0.9619 | TeAcc: 0.9751

459,  0 | TrAcc: 0.9974, TrLoss:  0.01553, VaAcc: 0.9609, VaLoss:  0.15207
 MAP NN | TrAcc: 0.9977 | VaAcc: 0.9614 | TeAcc: 0.9771
 S NN | TrAcc: 0.9976 | VaAcc: 0.9609 | TeAcc: 0.9771

460,  0 | TrAcc: 0.9976, TrLoss:  0.01513, VaAcc: 0.9629, VaLoss:  0.14998
 MAP NN | TrAcc: 0.9976 | VaAcc: 0.9629 | TeAcc: 0.9771
 S NN | TrAcc: 0.9974 | VaAcc: 0.9629 | TeAcc: 0.9771

461,  0 | TrAcc: 0.9976, TrLoss:  0.01518, VaAcc: 0.9614, VaLoss:  0.14984
 MAP NN | TrAcc: 0.9976 | VaAcc: 0.9619 | TeAcc: 0.9751
 S NN | TrAcc: 0.9976 | VaAcc: 0.9624 | TeAcc: 0.9751

462,  0 | TrAcc: 0.9978, TrLoss:  0.01433, VaAcc: 0.9590, VaLoss:  0.15345
 MAP NN | TrAcc: 0.9978 | VaAcc: 0.9580 | TeAcc: 0.9780
 S NN | TrAcc: 0.9978 | VaAcc: 0.9580 | TeAcc: 0.9780

463,  0 | TrAcc: 0.9982, TrLoss:  0.01441, VaAcc: 0.9624, VaLoss:  0.15380
 MAP NN | TrAcc: 0.9979 | VaAcc: 0.9629 | TeAcc: 0.9780
 S NN | TrAcc: 0.9979 | VaAcc: 0.9619 | TeAcc: 0.9780

464,  0 | TrAcc: 0.9969, TrLoss:  0.01556, VaAcc: 0.9590, VaLoss:  0.15397
 MAP NN | TrAcc: 0.9969 | VaAcc: 0.9614 | TeAcc: 0.9766
 S NN | TrAcc: 0.9969 | VaAcc: 0.9604 | TeAcc: 0.9766

465,  0 | TrAcc: 0.9972, TrLoss:  0.01643, VaAcc: 0.9595, VaLoss:  0.15578
 MAP NN | TrAcc: 0.9976 | VaAcc: 0.9585 | TeAcc: 0.9741
 S NN | TrAcc: 0.9977 | VaAcc: 0.9604 | TeAcc: 0.9741

466,  0 | TrAcc: 0.9976, TrLoss:  0.01500, VaAcc: 0.9614, VaLoss:  0.14798
 MAP NN | TrAcc: 0.9977 | VaAcc: 0.9609 | TeAcc: 0.9780
 S NN | TrAcc: 0.9976 | VaAcc: 0.9614 | TeAcc: 0.9761

467,  0 | TrAcc: 0.9969, TrLoss:  0.01707, VaAcc: 0.9595, VaLoss:  0.15668
 MAP NN | TrAcc: 0.9969 | VaAcc: 0.9595 | TeAcc: 0.9736
 S NN | TrAcc: 0.9969 | VaAcc: 0.9595 | TeAcc: 0.9746

468,  0 | TrAcc: 0.9962, TrLoss:  0.01814, VaAcc: 0.9624, VaLoss:  0.14977
 MAP NN | TrAcc: 0.9965 | VaAcc: 0.9619 | TeAcc: 0.9746
 S NN | TrAcc: 0.9961 | VaAcc: 0.9624 | TeAcc: 0.9741

469,  0 | TrAcc: 0.9966, TrLoss:  0.01665, VaAcc: 0.9590, VaLoss:  0.15756
 MAP NN | TrAcc: 0.9966 | VaAcc: 0.9600 | TeAcc: 0.9771
 S NN | TrAcc: 0.9965 | VaAcc: 0.9590 | TeAcc: 0.9780

470,  0 | TrAcc: 0.9969, TrLoss:  0.01938, VaAcc: 0.9590, VaLoss:  0.15320
 MAP NN | TrAcc: 0.9968 | VaAcc: 0.9590 | TeAcc: 0.9766
 S NN | TrAcc: 0.9968 | VaAcc: 0.9585 | TeAcc: 0.9766

471,  0 | TrAcc: 0.9965, TrLoss:  0.01830, VaAcc: 0.9614, VaLoss:  0.15382
 MAP NN | TrAcc: 0.9967 | VaAcc: 0.9609 | TeAcc: 0.9746
 S NN | TrAcc: 0.9969 | VaAcc: 0.9604 | TeAcc: 0.9761

472,  0 | TrAcc: 0.9956, TrLoss:  0.01890, VaAcc: 0.9570, VaLoss:  0.15389
 MAP NN | TrAcc: 0.9962 | VaAcc: 0.9565 | TeAcc: 0.9756
 S NN | TrAcc: 0.9960 | VaAcc: 0.9561 | TeAcc: 0.9761

473,  0 | TrAcc: 0.9969, TrLoss:  0.01623, VaAcc: 0.9614, VaLoss:  0.14612
 MAP NN | TrAcc: 0.9969 | VaAcc: 0.9619 | TeAcc: 0.9756
 S NN | TrAcc: 0.9971 | VaAcc: 0.9619 | TeAcc: 0.9756

474,  0 | TrAcc: 0.9973, TrLoss:  0.01570, VaAcc: 0.9609, VaLoss:  0.15271
 MAP NN | TrAcc: 0.9976 | VaAcc: 0.9619 | TeAcc: 0.9785
 S NN | TrAcc: 0.9976 | VaAcc: 0.9619 | TeAcc: 0.9780

475,  0 | TrAcc: 0.9979, TrLoss:  0.01593, VaAcc: 0.9604, VaLoss:  0.15230
 MAP NN | TrAcc: 0.9976 | VaAcc: 0.9614 | TeAcc: 0.9795
 S NN | TrAcc: 0.9976 | VaAcc: 0.9604 | TeAcc: 0.9785

476,  0 | TrAcc: 0.9977, TrLoss:  0.01455, VaAcc: 0.9609, VaLoss:  0.15027
 MAP NN | TrAcc: 0.9974 | VaAcc: 0.9609 | TeAcc: 0.9771
 S NN | TrAcc: 0.9974 | VaAcc: 0.9609 | TeAcc: 0.9771

477,  0 | TrAcc: 0.9976, TrLoss:  0.01544, VaAcc: 0.9595, VaLoss:  0.15354
 MAP NN | TrAcc: 0.9976 | VaAcc: 0.9585 | TeAcc: 0.9780
 S NN | TrAcc: 0.9976 | VaAcc: 0.9595 | TeAcc: 0.9785

478,  0 | TrAcc: 0.9978, TrLoss:  0.01574, VaAcc: 0.9600, VaLoss:  0.15808
 MAP NN | TrAcc: 0.9977 | VaAcc: 0.9590 | TeAcc: 0.9736
 S NN | TrAcc: 0.9974 | VaAcc: 0.9580 | TeAcc: 0.9746

479,  0 | TrAcc: 0.9980, TrLoss:  0.01424, VaAcc: 0.9619, VaLoss:  0.14912
 MAP NN | TrAcc: 0.9979 | VaAcc: 0.9624 | TeAcc: 0.9775
 S NN | TrAcc: 0.9979 | VaAcc: 0.9614 | TeAcc: 0.9775

480,  0 | TrAcc: 0.9978, TrLoss:  0.01428, VaAcc: 0.9624, VaLoss:  0.15297
 MAP NN | TrAcc: 0.9977 | VaAcc: 0.9609 | TeAcc: 0.9766
 S NN | TrAcc: 0.9977 | VaAcc: 0.9614 | TeAcc: 0.9766

481,  0 | TrAcc: 0.9972, TrLoss:  0.01563, VaAcc: 0.9604, VaLoss:  0.15068
 MAP NN | TrAcc: 0.9973 | VaAcc: 0.9609 | TeAcc: 0.9775
 S NN | TrAcc: 0.9972 | VaAcc: 0.9614 | TeAcc: 0.9775

482,  0 | TrAcc: 0.9972, TrLoss:  0.01612, VaAcc: 0.9629, VaLoss:  0.14692
 MAP NN | TrAcc: 0.9972 | VaAcc: 0.9624 | TeAcc: 0.9741
 S NN | TrAcc: 0.9974 | VaAcc: 0.9629 | TeAcc: 0.9727

483,  0 | TrAcc: 0.9979, TrLoss:  0.01558, VaAcc: 0.9600, VaLoss:  0.15425
 MAP NN | TrAcc: 0.9980 | VaAcc: 0.9604 | TeAcc: 0.9771
 S NN | TrAcc: 0.9979 | VaAcc: 0.9595 | TeAcc: 0.9780

484,  0 | TrAcc: 0.9977, TrLoss:  0.01535, VaAcc: 0.9604, VaLoss:  0.15196
 MAP NN | TrAcc: 0.9980 | VaAcc: 0.9624 | TeAcc: 0.9771
 S NN | TrAcc: 0.9979 | VaAcc: 0.9634 | TeAcc: 0.9771

485,  0 | TrAcc: 0.9969, TrLoss:  0.01669, VaAcc: 0.9604, VaLoss:  0.15641
 MAP NN | TrAcc: 0.9969 | VaAcc: 0.9614 | TeAcc: 0.9746
 S NN | TrAcc: 0.9968 | VaAcc: 0.9614 | TeAcc: 0.9746

486,  0 | TrAcc: 0.9976, TrLoss:  0.01516, VaAcc: 0.9600, VaLoss:  0.15528
 MAP NN | TrAcc: 0.9977 | VaAcc: 0.9600 | TeAcc: 0.9771
 S NN | TrAcc: 0.9977 | VaAcc: 0.9600 | TeAcc: 0.9771

487,  0 | TrAcc: 0.9977, TrLoss:  0.01583, VaAcc: 0.9600, VaLoss:  0.15088
 MAP NN | TrAcc: 0.9974 | VaAcc: 0.9600 | TeAcc: 0.9746
 S NN | TrAcc: 0.9974 | VaAcc: 0.9590 | TeAcc: 0.9741

488,  0 | TrAcc: 0.9973, TrLoss:  0.01608, VaAcc: 0.9595, VaLoss:  0.15011
 MAP NN | TrAcc: 0.9973 | VaAcc: 0.9590 | TeAcc: 0.9775
 S NN | TrAcc: 0.9969 | VaAcc: 0.9585 | TeAcc: 0.9756

489,  0 | TrAcc: 0.9968, TrLoss:  0.01714, VaAcc: 0.9604, VaLoss:  0.15981
 MAP NN | TrAcc: 0.9966 | VaAcc: 0.9600 | TeAcc: 0.9810
 S NN | TrAcc: 0.9966 | VaAcc: 0.9604 | TeAcc: 0.9810

490,  0 | TrAcc: 0.9966, TrLoss:  0.01764, VaAcc: 0.9639, VaLoss:  0.14772
 MAP NN | TrAcc: 0.9966 | VaAcc: 0.9619 | TeAcc: 0.9761
 S NN | TrAcc: 0.9966 | VaAcc: 0.9624 | TeAcc: 0.9771

491,  0 | TrAcc: 0.9966, TrLoss:  0.01584, VaAcc: 0.9619, VaLoss:  0.14767
 MAP NN | TrAcc: 0.9966 | VaAcc: 0.9644 | TeAcc: 0.9766
 S NN | TrAcc: 0.9965 | VaAcc: 0.9639 | TeAcc: 0.9766

492,  0 | TrAcc: 0.9976, TrLoss:  0.01510, VaAcc: 0.9585, VaLoss:  0.16082
 MAP NN | TrAcc: 0.9979 | VaAcc: 0.9609 | TeAcc: 0.9780
 S NN | TrAcc: 0.9980 | VaAcc: 0.9600 | TeAcc: 0.9785

493,  0 | TrAcc: 0.9980, TrLoss:  0.01436, VaAcc: 0.9595, VaLoss:  0.15299
 MAP NN | TrAcc: 0.9983 | VaAcc: 0.9595 | TeAcc: 0.9805
 S NN | TrAcc: 0.9984 | VaAcc: 0.9595 | TeAcc: 0.9795

494,  0 | TrAcc: 0.9977, TrLoss:  0.01564, VaAcc: 0.9629, VaLoss:  0.15558
 MAP NN | TrAcc: 0.9978 | VaAcc: 0.9629 | TeAcc: 0.9766
 S NN | TrAcc: 0.9978 | VaAcc: 0.9634 | TeAcc: 0.9766

495,  0 | TrAcc: 0.9973, TrLoss:  0.01567, VaAcc: 0.9590, VaLoss:  0.15667
 MAP NN | TrAcc: 0.9972 | VaAcc: 0.9585 | TeAcc: 0.9775
 S NN | TrAcc: 0.9971 | VaAcc: 0.9575 | TeAcc: 0.9771

496,  0 | TrAcc: 0.9977, TrLoss:  0.01489, VaAcc: 0.9600, VaLoss:  0.15458
 MAP NN | TrAcc: 0.9978 | VaAcc: 0.9609 | TeAcc: 0.9756
 S NN | TrAcc: 0.9977 | VaAcc: 0.9609 | TeAcc: 0.9761

497,  0 | TrAcc: 0.9974, TrLoss:  0.01611, VaAcc: 0.9585, VaLoss:  0.16410
 MAP NN | TrAcc: 0.9976 | VaAcc: 0.9590 | TeAcc: 0.9766
 S NN | TrAcc: 0.9973 | VaAcc: 0.9609 | TeAcc: 0.9766

498,  0 | TrAcc: 0.9963, TrLoss:  0.01802, VaAcc: 0.9590, VaLoss:  0.15491
 MAP NN | TrAcc: 0.9963 | VaAcc: 0.9600 | TeAcc: 0.9766
 S NN | TrAcc: 0.9963 | VaAcc: 0.9600 | TeAcc: 0.9751

499,  0 | TrAcc: 0.9850, TrLoss:  0.05707, VaAcc: 0.9551, VaLoss:  0.16841
 MAP NN | TrAcc: 0.9851 | VaAcc: 0.9561 | TeAcc: 0.9683
 S NN | TrAcc: 0.9851 | VaAcc: 0.9561 | TeAcc: 0.9688

Results for va_s
Metric: acc   
 96.58 % in iteration   64
Metric: loss  
Results for va_b
Metric: elogl 
 0.289 in iteration    0
Metric: acc   
 96.68 % in iteration  266
EARLY STOP FOR te_s
 97.31 % in iteration   64
