te
(1450, 4, 45)
tr
(8080, 4, 45)
va
(1730, 4, 45)

=============================
CONFIG FILE
====================================
Training configuration

Learning rate: 0.2, 	Learning rate anneal: inf, 	Tau:  1.0
Algorithm: reparametrization, 	STE: disabled, 	n forward passes: 1
Var reg: 0.0, 	Dir reg: 0.0, 	Ent reg: 0.0
Data multiplier: None
Gradient clipping: False, 	Gradient clip value: 1.0

Layer #0
lstm_1
Layer norm: False, 	LR Adapt: 
Dropout: False, 	p_dropout: 0.95

Layer #1
lstm_0
Layer norm: False, 	LR Adapt: 
Dropout: False, 	p_dropout: 0.95

Layer #2
output_layer
Layer norm: False, 	LR Adapt: 
Dropout: False, 	p_dropout: 0.95
====================================
RNN configuration

Layer #0, 	Type: input_layer, 	Scope: 
Units: 4, 	N activation bins: None

Layer #1, 	Type: lstm layer, 	Scope: lstm_0
Units: 50, 	N activation bins: None
Bias: True, 	N activation bins: 2, 	Discrete activation: False
Type: ternary, 	Parametetrization: sigmoid, 	Priors: [0.3333333333333333, 0.3333333333333333, 0.3333333333333333]
p_init_min: 0.05, 	p_init_max: 0.95
SB init: ('xavier', None), 	SA init: ('dirichlet', [0.3, 0.3, 0.3])
Type: gaussian, 	M init: ('constant', -1.5), 	Log V init: ('constant', -9.210340371976182)
M prior: 0.0, 	 Log V prior: 0.0
None
Bias: True, 	N activation bins: 2, 	Discrete activation: False
Type: ternary, 	Parametetrization: sigmoid, 	Priors: [0.3333333333333333, 0.3333333333333333, 0.3333333333333333]
p_init_min: 0.05, 	p_init_max: 0.95
SB init: ('xavier', None), 	SA init: ('dirichlet', [0.3, 0.3, 0.3])
Type: gaussian, 	M init: ('xavier', None), 	Log V init: ('constant', -9.210340371976182)
M prior: 0.0, 	 Log V prior: 0.0
None
Bias: True, 	N activation bins: 2, 	Discrete activation: False
Type: ternary, 	Parametetrization: sigmoid, 	Priors: [0.3333333333333333, 0.3333333333333333, 0.3333333333333333]
p_init_min: 0.05, 	p_init_max: 0.95
SB init: ('xavier', None), 	SA init: ('dirichlet', [0.3, 0.3, 0.3])
Type: gaussian, 	M init: ('xavier', None), 	Log V init: ('constant', -9.210340371976182)
M prior: 0.0, 	 Log V prior: 0.0
None

Layer #2, 	Type: lstm layer, 	Scope: lstm_1
Units: 30, 	N activation bins: None
Bias: True, 	N activation bins: 2, 	Discrete activation: False
Type: ternary, 	Parametetrization: sigmoid, 	Priors: [0.3333333333333333, 0.3333333333333333, 0.3333333333333333]
p_init_min: 0.05, 	p_init_max: 0.95
SB init: ('xavier', None), 	SA init: ('dirichlet', [0.3, 0.3, 0.3])
Type: gaussian, 	M init: ('constant', -1.5), 	Log V init: ('constant', -9.210340371976182)
M prior: 0.0, 	 Log V prior: 0.0
None
Bias: True, 	N activation bins: 2, 	Discrete activation: False
Type: ternary, 	Parametetrization: sigmoid, 	Priors: [0.3333333333333333, 0.3333333333333333, 0.3333333333333333]
p_init_min: 0.05, 	p_init_max: 0.95
SB init: ('xavier', None), 	SA init: ('dirichlet', [0.3, 0.3, 0.3])
Type: gaussian, 	M init: ('xavier', None), 	Log V init: ('constant', -9.210340371976182)
M prior: 0.0, 	 Log V prior: 0.0
None
Bias: True, 	N activation bins: 2, 	Discrete activation: False
Type: ternary, 	Parametetrization: sigmoid, 	Priors: [0.3333333333333333, 0.3333333333333333, 0.3333333333333333]
p_init_min: 0.05, 	p_init_max: 0.95
SB init: ('xavier', None), 	SA init: ('dirichlet', [0.3, 0.3, 0.3])
Type: gaussian, 	M init: ('xavier', None), 	Log V init: ('constant', -9.210340371976182)
M prior: 0.0, 	 Log V prior: 0.0
None

Layer #3, 	Type: ff layer, 	Scope: output_layer
Units: 10, 	N activation bins: None
====================================
Dataset configuration

Filename: /clusterFS/home/student/kopp13/datasets/mnist_pen_strokes/mps_all_te.mat
Key: te, 	In seq len: 45
Minibatch:  True, 	Size: 1024
Target bias removed: True, 	Shuffle: False

Filename: /clusterFS/home/student/kopp13/datasets/mnist_pen_strokes/mps_all_tr.mat
Key: tr, 	In seq len: 45
Minibatch:  True, 	Size: 1024
Target bias removed: True, 	Shuffle: True

Filename: /clusterFS/home/student/kopp13/datasets/mnist_pen_strokes/mps_all_va.mat
Key: va, 	In seq len: 45
Minibatch:  True, 	Size: 1024
Target bias removed: True, 	Shuffle: False
====================================
Info configuration

Filename:  test
Timer: False, 	Profiling: False, 	Profiling path: None
Save training metrics: True, 	Path: ../nr_spsc/
Save weights: False, 	Every: 1, 	Save best weights: False
Compute T Metrics every: 1

Load model from m_model1, 	 Force it: True
No model saving

starting
[('lstm_0/bc:0', 'lstm_0/bc'), ('lstm_0/bi:0', 'lstm_0/bi'), ('lstm_0/bo:0', 'lstm_0/bo'), ('lstm_0/wc:0', 'lstm_0/wc'), ('lstm_0/wi:0', 'lstm_0/wi'), ('lstm_0/wo:0', 'lstm_0/wo'), ('lstm_1/bc:0', 'lstm_1/bc'), ('lstm_1/bi:0', 'lstm_1/bi'), ('lstm_1/bo:0', 'lstm_1/bo'), ('lstm_1/wc:0', 'lstm_1/wc'), ('lstm_1/wi:0', 'lstm_1/wi'), ('lstm_1/wo:0', 'lstm_1/wo'), ('output_layer/b:0', 'output_layer/b'), ('output_layer/w:0', 'output_layer/w')]
output_layer/w
output_layer/b
=====
New variable
lstm_0/bc:0
lstm_0/bc
=====
New variable
lstm_0/bi:0
lstm_0/bi
=====
New variable
lstm_0/bo:0
lstm_0/bo
=====
New variable
lstm_0/wc:0
lstm_0/wc
=====
New variable
lstm_0/wi:0
lstm_0/wi
=====
New variable
lstm_0/wo:0
lstm_0/wo
=====
New variable
lstm_1/bc:0
lstm_1/bc
=====
New variable
lstm_1/bi:0
lstm_1/bi
=====
New variable
lstm_1/bo:0
lstm_1/bo
=====
New variable
lstm_1/wc:0
lstm_1/wc
=====
New variable
lstm_1/wi:0
lstm_1/wi
=====
New variable
lstm_1/wo:0
lstm_1/wo
=====
New variable
output_layer/b:0
output_layer/b
=====
New variable
output_layer/w:0
output_layer/w
=====
loaded
  0,  0 | TrAcc: 0.4485, TrLoss:  1.74265, VaAcc: 0.5864, VaLoss:  1.43861
 MAP NN | TrAcc: 0.8597 | VaAcc: 0.8579 | TeAcc: 0.8965
 S NN | TrAcc: 0.2729 | VaAcc: 0.1318 | TeAcc: 0.2104

  1,  0 | TrAcc: 0.6855, TrLoss:  0.99606, VaAcc: 0.6587, VaLoss:  1.12476
 MAP NN | TrAcc: 0.7661 | VaAcc: 0.7939 | TeAcc: 0.5337
 S NN | TrAcc: 0.4171 | VaAcc: 0.3335 | TeAcc: 0.3057

  2,  0 | TrAcc: 0.7515, TrLoss:  0.80347, VaAcc: 0.6592, VaLoss:  1.02714
 MAP NN | TrAcc: 0.7183 | VaAcc: 0.7534 | TeAcc: 0.8027
 S NN | TrAcc: 0.4554 | VaAcc: 0.4087 | TeAcc: 0.7007

  3,  0 | TrAcc: 0.7842, TrLoss:  0.67485, VaAcc: 0.8223, VaLoss:  0.63176
 MAP NN | TrAcc: 0.8208 | VaAcc: 0.8320 | TeAcc: 0.8813
 S NN | TrAcc: 0.7834 | VaAcc: 0.7227 | TeAcc: 0.5205

  4,  0 | TrAcc: 0.8500, TrLoss:  0.51089, VaAcc: 0.8345, VaLoss:  0.56125
 MAP NN | TrAcc: 0.8243 | VaAcc: 0.8408 | TeAcc: 0.8706
 S NN | TrAcc: 0.7416 | VaAcc: 0.7324 | TeAcc: 0.7764

  5,  0 | TrAcc: 0.8550, TrLoss:  0.50624, VaAcc: 0.8325, VaLoss:  0.65361
 MAP NN | TrAcc: 0.8538 | VaAcc: 0.8682 | TeAcc: 0.6045
 S NN | TrAcc: 0.7209 | VaAcc: 0.7388 | TeAcc: 0.8320

  6,  0 | TrAcc: 0.8512, TrLoss:  0.50437, VaAcc: 0.8423, VaLoss:  0.55429
 MAP NN | TrAcc: 0.8789 | VaAcc: 0.8843 | TeAcc: 0.6191
 S NN | TrAcc: 0.7681 | VaAcc: 0.7031 | TeAcc: 0.7974

  7,  0 | TrAcc: 0.8690, TrLoss:  0.45284, VaAcc: 0.8726, VaLoss:  0.45819
 MAP NN | TrAcc: 0.8716 | VaAcc: 0.8765 | TeAcc: 0.9019
 S NN | TrAcc: 0.7825 | VaAcc: 0.7886 | TeAcc: 0.8477

  8,  0 | TrAcc: 0.8838, TrLoss:  0.38945, VaAcc: 0.9067, VaLoss:  0.34509
 MAP NN | TrAcc: 0.8918 | VaAcc: 0.9043 | TeAcc: 0.9229
 S NN | TrAcc: 0.7748 | VaAcc: 0.8140 | TeAcc: 0.8672

  9,  0 | TrAcc: 0.8958, TrLoss:  0.36359, VaAcc: 0.9116, VaLoss:  0.32759
 MAP NN | TrAcc: 0.8784 | VaAcc: 0.8838 | TeAcc: 0.9087
 S NN | TrAcc: 0.7965 | VaAcc: 0.7817 | TeAcc: 0.5640

 10,  0 | TrAcc: 0.9088, TrLoss:  0.30555, VaAcc: 0.9160, VaLoss:  0.31225
 MAP NN | TrAcc: 0.9011 | VaAcc: 0.9043 | TeAcc: 0.9351
 S NN | TrAcc: 0.8646 | VaAcc: 0.8716 | TeAcc: 0.8203

 11,  0 | TrAcc: 0.9188, TrLoss:  0.27252, VaAcc: 0.9292, VaLoss:  0.26882
 MAP NN | TrAcc: 0.9156 | VaAcc: 0.9229 | TeAcc: 0.9453
 S NN | TrAcc: 0.8109 | VaAcc: 0.8867 | TeAcc: 0.8882

 12,  0 | TrAcc: 0.9180, TrLoss:  0.27802, VaAcc: 0.9121, VaLoss:  0.31844
 MAP NN | TrAcc: 0.9150 | VaAcc: 0.9155 | TeAcc: 0.9468
 S NN | TrAcc: 0.8356 | VaAcc: 0.8545 | TeAcc: 0.8916

 13,  0 | TrAcc: 0.9203, TrLoss:  0.26987, VaAcc: 0.9219, VaLoss:  0.28586
 MAP NN | TrAcc: 0.9171 | VaAcc: 0.9185 | TeAcc: 0.9429
 S NN | TrAcc: 0.8761 | VaAcc: 0.8179 | TeAcc: 0.9219

 14,  0 | TrAcc: 0.9253, TrLoss:  0.24721, VaAcc: 0.9194, VaLoss:  0.30055
 MAP NN | TrAcc: 0.9264 | VaAcc: 0.9170 | TeAcc: 0.9429
 S NN | TrAcc: 0.8772 | VaAcc: 0.8306 | TeAcc: 0.9331

 15,  0 | TrAcc: 0.9241, TrLoss:  0.25515, VaAcc: 0.9219, VaLoss:  0.28083
 MAP NN | TrAcc: 0.9220 | VaAcc: 0.9170 | TeAcc: 0.9453
 S NN | TrAcc: 0.8955 | VaAcc: 0.8574 | TeAcc: 0.9106

 16,  0 | TrAcc: 0.9240, TrLoss:  0.24324, VaAcc: 0.9194, VaLoss:  0.30010
 MAP NN | TrAcc: 0.9100 | VaAcc: 0.9067 | TeAcc: 0.9404
 S NN | TrAcc: 0.8645 | VaAcc: 0.8730 | TeAcc: 0.9004

 17,  0 | TrAcc: 0.9337, TrLoss:  0.21881, VaAcc: 0.9263, VaLoss:  0.26973
 MAP NN | TrAcc: 0.9215 | VaAcc: 0.9209 | TeAcc: 0.9463
 S NN | TrAcc: 0.9059 | VaAcc: 0.8936 | TeAcc: 0.9229

 18,  0 | TrAcc: 0.9333, TrLoss:  0.22961, VaAcc: 0.9272, VaLoss:  0.26926
 MAP NN | TrAcc: 0.9207 | VaAcc: 0.9175 | TeAcc: 0.9385
 S NN | TrAcc: 0.8960 | VaAcc: 0.8169 | TeAcc: 0.9375

 19,  0 | TrAcc: 0.9381, TrLoss:  0.20531, VaAcc: 0.9316, VaLoss:  0.23775
 MAP NN | TrAcc: 0.9323 | VaAcc: 0.9263 | TeAcc: 0.9443
 S NN | TrAcc: 0.8979 | VaAcc: 0.8770 | TeAcc: 0.9365

 20,  0 | TrAcc: 0.9449, TrLoss:  0.18394, VaAcc: 0.9395, VaLoss:  0.24326
 MAP NN | TrAcc: 0.9393 | VaAcc: 0.9287 | TeAcc: 0.9561
 S NN | TrAcc: 0.9160 | VaAcc: 0.8950 | TeAcc: 0.9087

 21,  0 | TrAcc: 0.9427, TrLoss:  0.18772, VaAcc: 0.9434, VaLoss:  0.23773
 MAP NN | TrAcc: 0.9294 | VaAcc: 0.9243 | TeAcc: 0.9526
 S NN | TrAcc: 0.9004 | VaAcc: 0.9043 | TeAcc: 0.9199

 22,  0 | TrAcc: 0.9392, TrLoss:  0.19531, VaAcc: 0.9419, VaLoss:  0.22395
 MAP NN | TrAcc: 0.9261 | VaAcc: 0.9204 | TeAcc: 0.9497
 S NN | TrAcc: 0.8744 | VaAcc: 0.8916 | TeAcc: 0.9429

 23,  0 | TrAcc: 0.9456, TrLoss:  0.18520, VaAcc: 0.9365, VaLoss:  0.22397
 MAP NN | TrAcc: 0.9288 | VaAcc: 0.9312 | TeAcc: 0.9507
 S NN | TrAcc: 0.8999 | VaAcc: 0.9062 | TeAcc: 0.9429

 24,  0 | TrAcc: 0.9418, TrLoss:  0.18756, VaAcc: 0.9331, VaLoss:  0.24992
 MAP NN | TrAcc: 0.9386 | VaAcc: 0.9346 | TeAcc: 0.9590
 S NN | TrAcc: 0.9019 | VaAcc: 0.8970 | TeAcc: 0.9126

 25,  0 | TrAcc: 0.9497, TrLoss:  0.17284, VaAcc: 0.9380, VaLoss:  0.22797
 MAP NN | TrAcc: 0.9419 | VaAcc: 0.9346 | TeAcc: 0.9565
 S NN | TrAcc: 0.8961 | VaAcc: 0.8804 | TeAcc: 0.9224

 26,  0 | TrAcc: 0.9430, TrLoss:  0.18628, VaAcc: 0.9404, VaLoss:  0.21108
 MAP NN | TrAcc: 0.9388 | VaAcc: 0.9331 | TeAcc: 0.9517
 S NN | TrAcc: 0.8933 | VaAcc: 0.9111 | TeAcc: 0.9473

 27,  0 | TrAcc: 0.9348, TrLoss:  0.20875, VaAcc: 0.9224, VaLoss:  0.26741
 MAP NN | TrAcc: 0.9362 | VaAcc: 0.9351 | TeAcc: 0.9526
 S NN | TrAcc: 0.8785 | VaAcc: 0.8872 | TeAcc: 0.9009

 28,  0 | TrAcc: 0.9448, TrLoss:  0.18625, VaAcc: 0.9429, VaLoss:  0.20398
 MAP NN | TrAcc: 0.9357 | VaAcc: 0.9292 | TeAcc: 0.9521
 S NN | TrAcc: 0.8961 | VaAcc: 0.9077 | TeAcc: 0.9380

 29,  0 | TrAcc: 0.9518, TrLoss:  0.16544, VaAcc: 0.9429, VaLoss:  0.20322
 MAP NN | TrAcc: 0.9504 | VaAcc: 0.9370 | TeAcc: 0.9595
 S NN | TrAcc: 0.8887 | VaAcc: 0.8950 | TeAcc: 0.9346

 30,  0 | TrAcc: 0.9532, TrLoss:  0.15877, VaAcc: 0.9321, VaLoss:  0.24299
 MAP NN | TrAcc: 0.9491 | VaAcc: 0.9429 | TeAcc: 0.9634
 S NN | TrAcc: 0.9172 | VaAcc: 0.9189 | TeAcc: 0.9268

 31,  0 | TrAcc: 0.9548, TrLoss:  0.15331, VaAcc: 0.9443, VaLoss:  0.20058
 MAP NN | TrAcc: 0.9431 | VaAcc: 0.9380 | TeAcc: 0.9595
 S NN | TrAcc: 0.9114 | VaAcc: 0.9102 | TeAcc: 0.9478

 32,  0 | TrAcc: 0.9550, TrLoss:  0.15935, VaAcc: 0.9429, VaLoss:  0.22053
 MAP NN | TrAcc: 0.9504 | VaAcc: 0.9429 | TeAcc: 0.9629
 S NN | TrAcc: 0.8938 | VaAcc: 0.8818 | TeAcc: 0.9502

 33,  0 | TrAcc: 0.9591, TrLoss:  0.14424, VaAcc: 0.9473, VaLoss:  0.19432
 MAP NN | TrAcc: 0.9515 | VaAcc: 0.9419 | TeAcc: 0.9658
 S NN | TrAcc: 0.9272 | VaAcc: 0.9160 | TeAcc: 0.9565

 34,  0 | TrAcc: 0.9564, TrLoss:  0.14195, VaAcc: 0.9463, VaLoss:  0.19358
 MAP NN | TrAcc: 0.9562 | VaAcc: 0.9463 | TeAcc: 0.9663
 S NN | TrAcc: 0.9259 | VaAcc: 0.9233 | TeAcc: 0.9521

 35,  0 | TrAcc: 0.9537, TrLoss:  0.15537, VaAcc: 0.9487, VaLoss:  0.21223
 MAP NN | TrAcc: 0.9554 | VaAcc: 0.9453 | TeAcc: 0.9624
 S NN | TrAcc: 0.9006 | VaAcc: 0.9146 | TeAcc: 0.9473

 36,  0 | TrAcc: 0.9539, TrLoss:  0.15569, VaAcc: 0.9502, VaLoss:  0.19833
 MAP NN | TrAcc: 0.9534 | VaAcc: 0.9473 | TeAcc: 0.9663
 S NN | TrAcc: 0.9237 | VaAcc: 0.9302 | TeAcc: 0.9546

 37,  0 | TrAcc: 0.9559, TrLoss:  0.14129, VaAcc: 0.9492, VaLoss:  0.18563
 MAP NN | TrAcc: 0.9451 | VaAcc: 0.9399 | TeAcc: 0.9600
 S NN | TrAcc: 0.9183 | VaAcc: 0.9268 | TeAcc: 0.9517

 38,  0 | TrAcc: 0.9568, TrLoss:  0.14150, VaAcc: 0.9434, VaLoss:  0.19414
 MAP NN | TrAcc: 0.9545 | VaAcc: 0.9434 | TeAcc: 0.9614
 S NN | TrAcc: 0.9218 | VaAcc: 0.9316 | TeAcc: 0.9346

 39,  0 | TrAcc: 0.9603, TrLoss:  0.13398, VaAcc: 0.9443, VaLoss:  0.20184
 MAP NN | TrAcc: 0.9525 | VaAcc: 0.9438 | TeAcc: 0.9624
 S NN | TrAcc: 0.9213 | VaAcc: 0.8989 | TeAcc: 0.9512

 40,  0 | TrAcc: 0.9500, TrLoss:  0.15987, VaAcc: 0.9395, VaLoss:  0.21641
 MAP NN | TrAcc: 0.9572 | VaAcc: 0.9487 | TeAcc: 0.9653
 S NN | TrAcc: 0.9329 | VaAcc: 0.9282 | TeAcc: 0.9487

 41,  0 | TrAcc: 0.9594, TrLoss:  0.13277, VaAcc: 0.9414, VaLoss:  0.21726
 MAP NN | TrAcc: 0.9535 | VaAcc: 0.9380 | TeAcc: 0.9614
 S NN | TrAcc: 0.9393 | VaAcc: 0.9219 | TeAcc: 0.9468

 42,  0 | TrAcc: 0.9606, TrLoss:  0.13014, VaAcc: 0.9497, VaLoss:  0.19076
 MAP NN | TrAcc: 0.9565 | VaAcc: 0.9468 | TeAcc: 0.9619
 S NN | TrAcc: 0.9453 | VaAcc: 0.9268 | TeAcc: 0.9492

 43,  0 | TrAcc: 0.9569, TrLoss:  0.13822, VaAcc: 0.9468, VaLoss:  0.19698
 MAP NN | TrAcc: 0.9550 | VaAcc: 0.9409 | TeAcc: 0.9639
 S NN | TrAcc: 0.9419 | VaAcc: 0.9233 | TeAcc: 0.9375

 44,  0 | TrAcc: 0.9611, TrLoss:  0.12576, VaAcc: 0.9507, VaLoss:  0.17417
 MAP NN | TrAcc: 0.9529 | VaAcc: 0.9409 | TeAcc: 0.9624
 S NN | TrAcc: 0.9424 | VaAcc: 0.9277 | TeAcc: 0.9404

 45,  0 | TrAcc: 0.9645, TrLoss:  0.11836, VaAcc: 0.9526, VaLoss:  0.17949
 MAP NN | TrAcc: 0.9584 | VaAcc: 0.9478 | TeAcc: 0.9663
 S NN | TrAcc: 0.9174 | VaAcc: 0.9204 | TeAcc: 0.9619

 46,  0 | TrAcc: 0.9630, TrLoss:  0.11987, VaAcc: 0.9502, VaLoss:  0.19479
 MAP NN | TrAcc: 0.9561 | VaAcc: 0.9414 | TeAcc: 0.9648
 S NN | TrAcc: 0.9338 | VaAcc: 0.9263 | TeAcc: 0.9458

 47,  0 | TrAcc: 0.9619, TrLoss:  0.12690, VaAcc: 0.9443, VaLoss:  0.18582
 MAP NN | TrAcc: 0.9592 | VaAcc: 0.9429 | TeAcc: 0.9683
 S NN | TrAcc: 0.9347 | VaAcc: 0.9302 | TeAcc: 0.9414

 48,  0 | TrAcc: 0.9626, TrLoss:  0.12210, VaAcc: 0.9502, VaLoss:  0.18550
 MAP NN | TrAcc: 0.9630 | VaAcc: 0.9478 | TeAcc: 0.9668
 S NN | TrAcc: 0.9312 | VaAcc: 0.9160 | TeAcc: 0.9541

 49,  0 | TrAcc: 0.9633, TrLoss:  0.11762, VaAcc: 0.9531, VaLoss:  0.17158
 MAP NN | TrAcc: 0.9563 | VaAcc: 0.9448 | TeAcc: 0.9639
 S NN | TrAcc: 0.9266 | VaAcc: 0.9204 | TeAcc: 0.9585

 50,  0 | TrAcc: 0.9635, TrLoss:  0.11675, VaAcc: 0.9531, VaLoss:  0.17374
 MAP NN | TrAcc: 0.9628 | VaAcc: 0.9526 | TeAcc: 0.9634
 S NN | TrAcc: 0.9403 | VaAcc: 0.9302 | TeAcc: 0.9331

 51,  0 | TrAcc: 0.9652, TrLoss:  0.11457, VaAcc: 0.9512, VaLoss:  0.18131
 MAP NN | TrAcc: 0.9608 | VaAcc: 0.9517 | TeAcc: 0.9668
 S NN | TrAcc: 0.9365 | VaAcc: 0.9395 | TeAcc: 0.9404

 52,  0 | TrAcc: 0.9680, TrLoss:  0.10450, VaAcc: 0.9409, VaLoss:  0.21383
 MAP NN | TrAcc: 0.9630 | VaAcc: 0.9482 | TeAcc: 0.9683
 S NN | TrAcc: 0.9460 | VaAcc: 0.9355 | TeAcc: 0.9565

 53,  0 | TrAcc: 0.9678, TrLoss:  0.10365, VaAcc: 0.9502, VaLoss:  0.18166
 MAP NN | TrAcc: 0.9598 | VaAcc: 0.9541 | TeAcc: 0.9683
 S NN | TrAcc: 0.9452 | VaAcc: 0.9326 | TeAcc: 0.9570

 54,  0 | TrAcc: 0.9628, TrLoss:  0.11701, VaAcc: 0.9517, VaLoss:  0.18534
 MAP NN | TrAcc: 0.9597 | VaAcc: 0.9482 | TeAcc: 0.9629
 S NN | TrAcc: 0.9382 | VaAcc: 0.9326 | TeAcc: 0.9492

 55,  0 | TrAcc: 0.9609, TrLoss:  0.12034, VaAcc: 0.9478, VaLoss:  0.19584
 MAP NN | TrAcc: 0.9596 | VaAcc: 0.9434 | TeAcc: 0.9658
 S NN | TrAcc: 0.8861 | VaAcc: 0.8594 | TeAcc: 0.9453

 56,  0 | TrAcc: 0.9640, TrLoss:  0.11505, VaAcc: 0.9585, VaLoss:  0.16424
 MAP NN | TrAcc: 0.9637 | VaAcc: 0.9521 | TeAcc: 0.9707
 S NN | TrAcc: 0.9486 | VaAcc: 0.9316 | TeAcc: 0.9546

 57,  0 | TrAcc: 0.9635, TrLoss:  0.11442, VaAcc: 0.9536, VaLoss:  0.17832
 MAP NN | TrAcc: 0.9613 | VaAcc: 0.9434 | TeAcc: 0.9658
 S NN | TrAcc: 0.9524 | VaAcc: 0.9233 | TeAcc: 0.9570

 58,  0 | TrAcc: 0.9662, TrLoss:  0.11323, VaAcc: 0.9458, VaLoss:  0.19340
 MAP NN | TrAcc: 0.9709 | VaAcc: 0.9546 | TeAcc: 0.9717
 S NN | TrAcc: 0.9364 | VaAcc: 0.9395 | TeAcc: 0.9590

 59,  0 | TrAcc: 0.9681, TrLoss:  0.10153, VaAcc: 0.9458, VaLoss:  0.18714
 MAP NN | TrAcc: 0.9658 | VaAcc: 0.9521 | TeAcc: 0.9702
 S NN | TrAcc: 0.9315 | VaAcc: 0.9321 | TeAcc: 0.9595

 60,  0 | TrAcc: 0.9700, TrLoss:  0.09876, VaAcc: 0.9512, VaLoss:  0.18791
 MAP NN | TrAcc: 0.9637 | VaAcc: 0.9473 | TeAcc: 0.9639
 S NN | TrAcc: 0.9391 | VaAcc: 0.9355 | TeAcc: 0.9424

 61,  0 | TrAcc: 0.9718, TrLoss:  0.09362, VaAcc: 0.9570, VaLoss:  0.17323
 MAP NN | TrAcc: 0.9689 | VaAcc: 0.9531 | TeAcc: 0.9683
 S NN | TrAcc: 0.9530 | VaAcc: 0.9258 | TeAcc: 0.9644

 62,  0 | TrAcc: 0.9722, TrLoss:  0.09856, VaAcc: 0.9512, VaLoss:  0.17724
 MAP NN | TrAcc: 0.9651 | VaAcc: 0.9473 | TeAcc: 0.9673
 S NN | TrAcc: 0.9524 | VaAcc: 0.9355 | TeAcc: 0.9644

 63,  0 | TrAcc: 0.9700, TrLoss:  0.10177, VaAcc: 0.9565, VaLoss:  0.16434
 MAP NN | TrAcc: 0.9667 | VaAcc: 0.9517 | TeAcc: 0.9712
 S NN | TrAcc: 0.9314 | VaAcc: 0.9482 | TeAcc: 0.9561

 64,  0 | TrAcc: 0.9703, TrLoss:  0.09867, VaAcc: 0.9512, VaLoss:  0.18151
 MAP NN | TrAcc: 0.9607 | VaAcc: 0.9521 | TeAcc: 0.9668
 S NN | TrAcc: 0.9462 | VaAcc: 0.9307 | TeAcc: 0.9658

 65,  0 | TrAcc: 0.9725, TrLoss:  0.09409, VaAcc: 0.9551, VaLoss:  0.16992
 MAP NN | TrAcc: 0.9702 | VaAcc: 0.9536 | TeAcc: 0.9678
 S NN | TrAcc: 0.9552 | VaAcc: 0.9360 | TeAcc: 0.9614

 66,  0 | TrAcc: 0.9717, TrLoss:  0.09146, VaAcc: 0.9609, VaLoss:  0.15342
 MAP NN | TrAcc: 0.9696 | VaAcc: 0.9531 | TeAcc: 0.9673
 S NN | TrAcc: 0.9636 | VaAcc: 0.9395 | TeAcc: 0.9619

 67,  0 | TrAcc: 0.9685, TrLoss:  0.09888, VaAcc: 0.9536, VaLoss:  0.15684
 MAP NN | TrAcc: 0.9661 | VaAcc: 0.9507 | TeAcc: 0.9663
 S NN | TrAcc: 0.9161 | VaAcc: 0.9404 | TeAcc: 0.9585

 68,  0 | TrAcc: 0.9674, TrLoss:  0.09986, VaAcc: 0.9478, VaLoss:  0.18483
 MAP NN | TrAcc: 0.9675 | VaAcc: 0.9517 | TeAcc: 0.9688
 S NN | TrAcc: 0.9526 | VaAcc: 0.9321 | TeAcc: 0.9492

 69,  0 | TrAcc: 0.9703, TrLoss:  0.10118, VaAcc: 0.9502, VaLoss:  0.18414
 MAP NN | TrAcc: 0.9705 | VaAcc: 0.9546 | TeAcc: 0.9697
 S NN | TrAcc: 0.9565 | VaAcc: 0.9419 | TeAcc: 0.9619

 70,  0 | TrAcc: 0.9700, TrLoss:  0.09382, VaAcc: 0.9570, VaLoss:  0.16592
 MAP NN | TrAcc: 0.9702 | VaAcc: 0.9517 | TeAcc: 0.9688
 S NN | TrAcc: 0.9392 | VaAcc: 0.9312 | TeAcc: 0.9575

 71,  0 | TrAcc: 0.9747, TrLoss:  0.08668, VaAcc: 0.9570, VaLoss:  0.16710
 MAP NN | TrAcc: 0.9739 | VaAcc: 0.9556 | TeAcc: 0.9736
 S NN | TrAcc: 0.9613 | VaAcc: 0.7739 | TeAcc: 0.9600

 72,  0 | TrAcc: 0.9698, TrLoss:  0.09998, VaAcc: 0.9492, VaLoss:  0.17223
 MAP NN | TrAcc: 0.9711 | VaAcc: 0.9526 | TeAcc: 0.9673
 S NN | TrAcc: 0.9491 | VaAcc: 0.9287 | TeAcc: 0.9604

 73,  0 | TrAcc: 0.9756, TrLoss:  0.08204, VaAcc: 0.9541, VaLoss:  0.16809
 MAP NN | TrAcc: 0.9677 | VaAcc: 0.9487 | TeAcc: 0.9678
 S NN | TrAcc: 0.9581 | VaAcc: 0.9473 | TeAcc: 0.9556

 74,  0 | TrAcc: 0.9734, TrLoss:  0.09010, VaAcc: 0.9570, VaLoss:  0.14993
 MAP NN | TrAcc: 0.9734 | VaAcc: 0.9536 | TeAcc: 0.9688
 S NN | TrAcc: 0.9564 | VaAcc: 0.9395 | TeAcc: 0.9546

 75,  0 | TrAcc: 0.9739, TrLoss:  0.08971, VaAcc: 0.9492, VaLoss:  0.18464
 MAP NN | TrAcc: 0.9707 | VaAcc: 0.9517 | TeAcc: 0.9678
 S NN | TrAcc: 0.9559 | VaAcc: 0.9351 | TeAcc: 0.9502

 76,  0 | TrAcc: 0.9746, TrLoss:  0.08374, VaAcc: 0.9546, VaLoss:  0.16881
 MAP NN | TrAcc: 0.9730 | VaAcc: 0.9526 | TeAcc: 0.9741
 S NN | TrAcc: 0.9418 | VaAcc: 0.9419 | TeAcc: 0.9624

 77,  0 | TrAcc: 0.9771, TrLoss:  0.07954, VaAcc: 0.9585, VaLoss:  0.15116
 MAP NN | TrAcc: 0.9749 | VaAcc: 0.9580 | TeAcc: 0.9668
 S NN | TrAcc: 0.9618 | VaAcc: 0.9438 | TeAcc: 0.9629

 78,  0 | TrAcc: 0.9775, TrLoss:  0.07672, VaAcc: 0.9575, VaLoss:  0.16419
 MAP NN | TrAcc: 0.9734 | VaAcc: 0.9551 | TeAcc: 0.9683
 S NN | TrAcc: 0.9642 | VaAcc: 0.9434 | TeAcc: 0.9595

 79,  0 | TrAcc: 0.9722, TrLoss:  0.08900, VaAcc: 0.9473, VaLoss:  0.18450
 MAP NN | TrAcc: 0.9678 | VaAcc: 0.9478 | TeAcc: 0.9678
 S NN | TrAcc: 0.9564 | VaAcc: 0.9233 | TeAcc: 0.9604

 80,  0 | TrAcc: 0.9767, TrLoss:  0.07950, VaAcc: 0.9595, VaLoss:  0.15626
 MAP NN | TrAcc: 0.9729 | VaAcc: 0.9492 | TeAcc: 0.9717
 S NN | TrAcc: 0.9609 | VaAcc: 0.9390 | TeAcc: 0.9619

 81,  0 | TrAcc: 0.9775, TrLoss:  0.07749, VaAcc: 0.9580, VaLoss:  0.15635
 MAP NN | TrAcc: 0.9723 | VaAcc: 0.9517 | TeAcc: 0.9717
 S NN | TrAcc: 0.9583 | VaAcc: 0.9478 | TeAcc: 0.9648

 82,  0 | TrAcc: 0.9766, TrLoss:  0.07665, VaAcc: 0.9585, VaLoss:  0.15831
 MAP NN | TrAcc: 0.9708 | VaAcc: 0.9536 | TeAcc: 0.9702
 S NN | TrAcc: 0.9602 | VaAcc: 0.9507 | TeAcc: 0.9648

 83,  0 | TrAcc: 0.9769, TrLoss:  0.07643, VaAcc: 0.9517, VaLoss:  0.16983
 MAP NN | TrAcc: 0.9714 | VaAcc: 0.9507 | TeAcc: 0.9673
 S NN | TrAcc: 0.9536 | VaAcc: 0.9409 | TeAcc: 0.9565

 84,  0 | TrAcc: 0.9731, TrLoss:  0.08208, VaAcc: 0.9575, VaLoss:  0.16741
 MAP NN | TrAcc: 0.9734 | VaAcc: 0.9585 | TeAcc: 0.9688
 S NN | TrAcc: 0.9607 | VaAcc: 0.9424 | TeAcc: 0.9585

 85,  0 | TrAcc: 0.9773, TrLoss:  0.07345, VaAcc: 0.9561, VaLoss:  0.16366
 MAP NN | TrAcc: 0.9742 | VaAcc: 0.9546 | TeAcc: 0.9678
 S NN | TrAcc: 0.9564 | VaAcc: 0.9443 | TeAcc: 0.9653

 86,  0 | TrAcc: 0.9749, TrLoss:  0.07720, VaAcc: 0.9541, VaLoss:  0.16882
 MAP NN | TrAcc: 0.9758 | VaAcc: 0.9590 | TeAcc: 0.9717
 S NN | TrAcc: 0.9570 | VaAcc: 0.9268 | TeAcc: 0.9692

 87,  0 | TrAcc: 0.9795, TrLoss:  0.06692, VaAcc: 0.9580, VaLoss:  0.15392
 MAP NN | TrAcc: 0.9764 | VaAcc: 0.9570 | TeAcc: 0.9722
 S NN | TrAcc: 0.9503 | VaAcc: 0.9434 | TeAcc: 0.9678

 88,  0 | TrAcc: 0.9779, TrLoss:  0.07062, VaAcc: 0.9619, VaLoss:  0.15643
 MAP NN | TrAcc: 0.9692 | VaAcc: 0.9497 | TeAcc: 0.9648
 S NN | TrAcc: 0.9634 | VaAcc: 0.9429 | TeAcc: 0.9521

 89,  0 | TrAcc: 0.9810, TrLoss:  0.06554, VaAcc: 0.9531, VaLoss:  0.16643
 MAP NN | TrAcc: 0.9707 | VaAcc: 0.9507 | TeAcc: 0.9658
 S NN | TrAcc: 0.9591 | VaAcc: 0.9404 | TeAcc: 0.9678

 90,  0 | TrAcc: 0.9805, TrLoss:  0.06661, VaAcc: 0.9580, VaLoss:  0.16198
 MAP NN | TrAcc: 0.9723 | VaAcc: 0.9521 | TeAcc: 0.9702
 S NN | TrAcc: 0.9618 | VaAcc: 0.9414 | TeAcc: 0.9629

 91,  0 | TrAcc: 0.9763, TrLoss:  0.07003, VaAcc: 0.9551, VaLoss:  0.18147
 MAP NN | TrAcc: 0.9717 | VaAcc: 0.9502 | TeAcc: 0.9678
 S NN | TrAcc: 0.9534 | VaAcc: 0.9419 | TeAcc: 0.9624

 92,  0 | TrAcc: 0.9805, TrLoss:  0.06484, VaAcc: 0.9551, VaLoss:  0.17509
 MAP NN | TrAcc: 0.9783 | VaAcc: 0.9561 | TeAcc: 0.9712
 S NN | TrAcc: 0.9645 | VaAcc: 0.9458 | TeAcc: 0.9609

 93,  0 | TrAcc: 0.9822, TrLoss:  0.06285, VaAcc: 0.9551, VaLoss:  0.17203
 MAP NN | TrAcc: 0.9722 | VaAcc: 0.9517 | TeAcc: 0.9702
 S NN | TrAcc: 0.9646 | VaAcc: 0.9438 | TeAcc: 0.9668

 94,  0 | TrAcc: 0.9816, TrLoss:  0.06521, VaAcc: 0.9546, VaLoss:  0.16231
 MAP NN | TrAcc: 0.9742 | VaAcc: 0.9541 | TeAcc: 0.9702
 S NN | TrAcc: 0.9678 | VaAcc: 0.9541 | TeAcc: 0.9683

 95,  0 | TrAcc: 0.9786, TrLoss:  0.06557, VaAcc: 0.9561, VaLoss:  0.16630
 MAP NN | TrAcc: 0.9725 | VaAcc: 0.9507 | TeAcc: 0.9712
 S NN | TrAcc: 0.9650 | VaAcc: 0.9473 | TeAcc: 0.9673

 96,  0 | TrAcc: 0.9786, TrLoss:  0.06703, VaAcc: 0.9609, VaLoss:  0.15305
 MAP NN | TrAcc: 0.9729 | VaAcc: 0.9536 | TeAcc: 0.9683
 S NN | TrAcc: 0.9708 | VaAcc: 0.9502 | TeAcc: 0.9644

 97,  0 | TrAcc: 0.9832, TrLoss:  0.05999, VaAcc: 0.9595, VaLoss:  0.16707
 MAP NN | TrAcc: 0.9706 | VaAcc: 0.9521 | TeAcc: 0.9658
 S NN | TrAcc: 0.9648 | VaAcc: 0.9443 | TeAcc: 0.9644

 98,  0 | TrAcc: 0.9792, TrLoss:  0.07068, VaAcc: 0.9565, VaLoss:  0.16543
 MAP NN | TrAcc: 0.9752 | VaAcc: 0.9546 | TeAcc: 0.9692
 S NN | TrAcc: 0.9604 | VaAcc: 0.9541 | TeAcc: 0.9629

 99,  0 | TrAcc: 0.9788, TrLoss:  0.06705, VaAcc: 0.9551, VaLoss:  0.16432
 MAP NN | TrAcc: 0.9736 | VaAcc: 0.9468 | TeAcc: 0.9648
 S NN | TrAcc: 0.9603 | VaAcc: 0.9326 | TeAcc: 0.9688

100,  0 | TrAcc: 0.9763, TrLoss:  0.07085, VaAcc: 0.9600, VaLoss:  0.14308
 MAP NN | TrAcc: 0.9733 | VaAcc: 0.9541 | TeAcc: 0.9731
 S NN | TrAcc: 0.9718 | VaAcc: 0.9434 | TeAcc: 0.9639

101,  0 | TrAcc: 0.9791, TrLoss:  0.06469, VaAcc: 0.9595, VaLoss:  0.16745
 MAP NN | TrAcc: 0.9802 | VaAcc: 0.9570 | TeAcc: 0.9702
 S NN | TrAcc: 0.9725 | VaAcc: 0.9517 | TeAcc: 0.9595

102,  0 | TrAcc: 0.9808, TrLoss:  0.06076, VaAcc: 0.9521, VaLoss:  0.17130
 MAP NN | TrAcc: 0.9744 | VaAcc: 0.9546 | TeAcc: 0.9658
 S NN | TrAcc: 0.9669 | VaAcc: 0.9487 | TeAcc: 0.9414

103,  0 | TrAcc: 0.9835, TrLoss:  0.05664, VaAcc: 0.9644, VaLoss:  0.15221
 MAP NN | TrAcc: 0.9797 | VaAcc: 0.9590 | TeAcc: 0.9702
 S NN | TrAcc: 0.9714 | VaAcc: 0.9438 | TeAcc: 0.9629

104,  0 | TrAcc: 0.9817, TrLoss:  0.06194, VaAcc: 0.9614, VaLoss:  0.15676
 MAP NN | TrAcc: 0.9775 | VaAcc: 0.9580 | TeAcc: 0.9717
 S NN | TrAcc: 0.9669 | VaAcc: 0.9395 | TeAcc: 0.9683

105,  0 | TrAcc: 0.9821, TrLoss:  0.05615, VaAcc: 0.9575, VaLoss:  0.16685
 MAP NN | TrAcc: 0.9780 | VaAcc: 0.9556 | TeAcc: 0.9683
 S NN | TrAcc: 0.9637 | VaAcc: 0.9497 | TeAcc: 0.9673

106,  0 | TrAcc: 0.9844, TrLoss:  0.05378, VaAcc: 0.9644, VaLoss:  0.14534
 MAP NN | TrAcc: 0.9810 | VaAcc: 0.9585 | TeAcc: 0.9692
 S NN | TrAcc: 0.9712 | VaAcc: 0.9502 | TeAcc: 0.9629

107,  0 | TrAcc: 0.9839, TrLoss:  0.05109, VaAcc: 0.9585, VaLoss:  0.16624
 MAP NN | TrAcc: 0.9772 | VaAcc: 0.9570 | TeAcc: 0.9653
 S NN | TrAcc: 0.9679 | VaAcc: 0.9404 | TeAcc: 0.9688

108,  0 | TrAcc: 0.9830, TrLoss:  0.05782, VaAcc: 0.9624, VaLoss:  0.14526
 MAP NN | TrAcc: 0.9819 | VaAcc: 0.9575 | TeAcc: 0.9697
 S NN | TrAcc: 0.9695 | VaAcc: 0.9438 | TeAcc: 0.9600

109,  0 | TrAcc: 0.9827, TrLoss:  0.05582, VaAcc: 0.9585, VaLoss:  0.17110
 MAP NN | TrAcc: 0.9773 | VaAcc: 0.9536 | TeAcc: 0.9673
 S NN | TrAcc: 0.9595 | VaAcc: 0.9492 | TeAcc: 0.9692

110,  0 | TrAcc: 0.9799, TrLoss:  0.06435, VaAcc: 0.9609, VaLoss:  0.16145
 MAP NN | TrAcc: 0.9750 | VaAcc: 0.9507 | TeAcc: 0.9648
 S NN | TrAcc: 0.9644 | VaAcc: 0.9434 | TeAcc: 0.9604

111,  0 | TrAcc: 0.9788, TrLoss:  0.06565, VaAcc: 0.9585, VaLoss:  0.15707
 MAP NN | TrAcc: 0.9797 | VaAcc: 0.9580 | TeAcc: 0.9668
 S NN | TrAcc: 0.9590 | VaAcc: 0.9482 | TeAcc: 0.9629

112,  0 | TrAcc: 0.9803, TrLoss:  0.06547, VaAcc: 0.9551, VaLoss:  0.17995
 MAP NN | TrAcc: 0.9760 | VaAcc: 0.9541 | TeAcc: 0.9678
 S NN | TrAcc: 0.9568 | VaAcc: 0.9487 | TeAcc: 0.9673

113,  0 | TrAcc: 0.9834, TrLoss:  0.05756, VaAcc: 0.9609, VaLoss:  0.15975
 MAP NN | TrAcc: 0.9791 | VaAcc: 0.9561 | TeAcc: 0.9688
 S NN | TrAcc: 0.9683 | VaAcc: 0.9473 | TeAcc: 0.9673

114,  0 | TrAcc: 0.9843, TrLoss:  0.05383, VaAcc: 0.9595, VaLoss:  0.16679
 MAP NN | TrAcc: 0.9796 | VaAcc: 0.9570 | TeAcc: 0.9722
 S NN | TrAcc: 0.9672 | VaAcc: 0.9546 | TeAcc: 0.9658

115,  0 | TrAcc: 0.9843, TrLoss:  0.05041, VaAcc: 0.9614, VaLoss:  0.15447
 MAP NN | TrAcc: 0.9814 | VaAcc: 0.9551 | TeAcc: 0.9673
 S NN | TrAcc: 0.9688 | VaAcc: 0.9487 | TeAcc: 0.9624

116,  0 | TrAcc: 0.9841, TrLoss:  0.05046, VaAcc: 0.9600, VaLoss:  0.16039
 MAP NN | TrAcc: 0.9827 | VaAcc: 0.9531 | TeAcc: 0.9668
 S NN | TrAcc: 0.9751 | VaAcc: 0.9565 | TeAcc: 0.9590

117,  0 | TrAcc: 0.9856, TrLoss:  0.04837, VaAcc: 0.9624, VaLoss:  0.15808
 MAP NN | TrAcc: 0.9816 | VaAcc: 0.9556 | TeAcc: 0.9722
 S NN | TrAcc: 0.9733 | VaAcc: 0.9458 | TeAcc: 0.9653

118,  0 | TrAcc: 0.9843, TrLoss:  0.04858, VaAcc: 0.9575, VaLoss:  0.17062
 MAP NN | TrAcc: 0.9805 | VaAcc: 0.9551 | TeAcc: 0.9702
 S NN | TrAcc: 0.9722 | VaAcc: 0.9429 | TeAcc: 0.9658

119,  0 | TrAcc: 0.9841, TrLoss:  0.05191, VaAcc: 0.9624, VaLoss:  0.14201
 MAP NN | TrAcc: 0.9840 | VaAcc: 0.9580 | TeAcc: 0.9756
 S NN | TrAcc: 0.9779 | VaAcc: 0.9561 | TeAcc: 0.9697

120,  0 | TrAcc: 0.9840, TrLoss:  0.05179, VaAcc: 0.9590, VaLoss:  0.15809
 MAP NN | TrAcc: 0.9822 | VaAcc: 0.9575 | TeAcc: 0.9741
 S NN | TrAcc: 0.9670 | VaAcc: 0.9521 | TeAcc: 0.9639

121,  0 | TrAcc: 0.9849, TrLoss:  0.05183, VaAcc: 0.9629, VaLoss:  0.16270
 MAP NN | TrAcc: 0.9821 | VaAcc: 0.9570 | TeAcc: 0.9727
 S NN | TrAcc: 0.9625 | VaAcc: 0.9507 | TeAcc: 0.9653

122,  0 | TrAcc: 0.9844, TrLoss:  0.05167, VaAcc: 0.9565, VaLoss:  0.17473
 MAP NN | TrAcc: 0.9844 | VaAcc: 0.9595 | TeAcc: 0.9736
 S NN | TrAcc: 0.9745 | VaAcc: 0.9512 | TeAcc: 0.9722

123,  0 | TrAcc: 0.9874, TrLoss:  0.04558, VaAcc: 0.9600, VaLoss:  0.16045
 MAP NN | TrAcc: 0.9845 | VaAcc: 0.9526 | TeAcc: 0.9727
 S NN | TrAcc: 0.9702 | VaAcc: 0.9517 | TeAcc: 0.9717

124,  0 | TrAcc: 0.9825, TrLoss:  0.05115, VaAcc: 0.9634, VaLoss:  0.15059
 MAP NN | TrAcc: 0.9840 | VaAcc: 0.9570 | TeAcc: 0.9731
 S NN | TrAcc: 0.9752 | VaAcc: 0.9517 | TeAcc: 0.9639

125,  0 | TrAcc: 0.9833, TrLoss:  0.05580, VaAcc: 0.9551, VaLoss:  0.17167
 MAP NN | TrAcc: 0.9795 | VaAcc: 0.9556 | TeAcc: 0.9741
 S NN | TrAcc: 0.9668 | VaAcc: 0.9487 | TeAcc: 0.9580

126,  0 | TrAcc: 0.9835, TrLoss:  0.05141, VaAcc: 0.9624, VaLoss:  0.15013
 MAP NN | TrAcc: 0.9850 | VaAcc: 0.9595 | TeAcc: 0.9731
 S NN | TrAcc: 0.9742 | VaAcc: 0.9492 | TeAcc: 0.9736

127,  0 | TrAcc: 0.9855, TrLoss:  0.04719, VaAcc: 0.9575, VaLoss:  0.16383
 MAP NN | TrAcc: 0.9872 | VaAcc: 0.9556 | TeAcc: 0.9722
 S NN | TrAcc: 0.9752 | VaAcc: 0.9502 | TeAcc: 0.9673

128,  0 | TrAcc: 0.9894, TrLoss:  0.04082, VaAcc: 0.9604, VaLoss:  0.15593
 MAP NN | TrAcc: 0.9882 | VaAcc: 0.9614 | TeAcc: 0.9746
 S NN | TrAcc: 0.9760 | VaAcc: 0.9590 | TeAcc: 0.9668

129,  0 | TrAcc: 0.9854, TrLoss:  0.04580, VaAcc: 0.9575, VaLoss:  0.15704
 MAP NN | TrAcc: 0.9866 | VaAcc: 0.9595 | TeAcc: 0.9722
 S NN | TrAcc: 0.9745 | VaAcc: 0.9512 | TeAcc: 0.9648

130,  0 | TrAcc: 0.9847, TrLoss:  0.04887, VaAcc: 0.9570, VaLoss:  0.16504
 MAP NN | TrAcc: 0.9862 | VaAcc: 0.9590 | TeAcc: 0.9731
 S NN | TrAcc: 0.9686 | VaAcc: 0.9487 | TeAcc: 0.9678

131,  0 | TrAcc: 0.9854, TrLoss:  0.04540, VaAcc: 0.9604, VaLoss:  0.16511
 MAP NN | TrAcc: 0.9852 | VaAcc: 0.9604 | TeAcc: 0.9722
 S NN | TrAcc: 0.9774 | VaAcc: 0.9556 | TeAcc: 0.9683

132,  0 | TrAcc: 0.9868, TrLoss:  0.04420, VaAcc: 0.9653, VaLoss:  0.15390
 MAP NN | TrAcc: 0.9855 | VaAcc: 0.9604 | TeAcc: 0.9717
 S NN | TrAcc: 0.9734 | VaAcc: 0.9575 | TeAcc: 0.9658

133,  0 | TrAcc: 0.9866, TrLoss:  0.04414, VaAcc: 0.9634, VaLoss:  0.16858
 MAP NN | TrAcc: 0.9861 | VaAcc: 0.9609 | TeAcc: 0.9707
 S NN | TrAcc: 0.9801 | VaAcc: 0.9463 | TeAcc: 0.9668

134,  0 | TrAcc: 0.9872, TrLoss:  0.04177, VaAcc: 0.9600, VaLoss:  0.16466
 MAP NN | TrAcc: 0.9866 | VaAcc: 0.9604 | TeAcc: 0.9717
 S NN | TrAcc: 0.9792 | VaAcc: 0.9546 | TeAcc: 0.9673

135,  0 | TrAcc: 0.9869, TrLoss:  0.04365, VaAcc: 0.9609, VaLoss:  0.15335
 MAP NN | TrAcc: 0.9856 | VaAcc: 0.9614 | TeAcc: 0.9707
 S NN | TrAcc: 0.9789 | VaAcc: 0.9468 | TeAcc: 0.9688

136,  0 | TrAcc: 0.9852, TrLoss:  0.04653, VaAcc: 0.9541, VaLoss:  0.17928
 MAP NN | TrAcc: 0.9867 | VaAcc: 0.9580 | TeAcc: 0.9727
 S NN | TrAcc: 0.9745 | VaAcc: 0.9492 | TeAcc: 0.9648

137,  0 | TrAcc: 0.9866, TrLoss:  0.04167, VaAcc: 0.9634, VaLoss:  0.15041
 MAP NN | TrAcc: 0.9851 | VaAcc: 0.9600 | TeAcc: 0.9731
 S NN | TrAcc: 0.9764 | VaAcc: 0.9458 | TeAcc: 0.9692

138,  0 | TrAcc: 0.9858, TrLoss:  0.04550, VaAcc: 0.9634, VaLoss:  0.16160
 MAP NN | TrAcc: 0.9875 | VaAcc: 0.9551 | TeAcc: 0.9702
 S NN | TrAcc: 0.9730 | VaAcc: 0.9556 | TeAcc: 0.9707

139,  0 | TrAcc: 0.9884, TrLoss:  0.03935, VaAcc: 0.9600, VaLoss:  0.15611
 MAP NN | TrAcc: 0.9855 | VaAcc: 0.9561 | TeAcc: 0.9731
 S NN | TrAcc: 0.9719 | VaAcc: 0.9546 | TeAcc: 0.9668

140,  0 | TrAcc: 0.9871, TrLoss:  0.04328, VaAcc: 0.9590, VaLoss:  0.15811
 MAP NN | TrAcc: 0.9878 | VaAcc: 0.9590 | TeAcc: 0.9736
 S NN | TrAcc: 0.9736 | VaAcc: 0.9546 | TeAcc: 0.9712

141,  0 | TrAcc: 0.9878, TrLoss:  0.04018, VaAcc: 0.9575, VaLoss:  0.17646
 MAP NN | TrAcc: 0.9857 | VaAcc: 0.9570 | TeAcc: 0.9702
 S NN | TrAcc: 0.9808 | VaAcc: 0.9536 | TeAcc: 0.9722

142,  0 | TrAcc: 0.9890, TrLoss:  0.03798, VaAcc: 0.9604, VaLoss:  0.15973
 MAP NN | TrAcc: 0.9872 | VaAcc: 0.9600 | TeAcc: 0.9746
 S NN | TrAcc: 0.9674 | VaAcc: 0.9561 | TeAcc: 0.9653

143,  0 | TrAcc: 0.9871, TrLoss:  0.04255, VaAcc: 0.9590, VaLoss:  0.17374
 MAP NN | TrAcc: 0.9854 | VaAcc: 0.9565 | TeAcc: 0.9722
 S NN | TrAcc: 0.9775 | VaAcc: 0.7891 | TeAcc: 0.9702

144,  0 | TrAcc: 0.9841, TrLoss:  0.04719, VaAcc: 0.9590, VaLoss:  0.16619
 MAP NN | TrAcc: 0.9824 | VaAcc: 0.9492 | TeAcc: 0.9688
 S NN | TrAcc: 0.9781 | VaAcc: 0.9438 | TeAcc: 0.9629

145,  0 | TrAcc: 0.9877, TrLoss:  0.03910, VaAcc: 0.9609, VaLoss:  0.16694
 MAP NN | TrAcc: 0.9867 | VaAcc: 0.9590 | TeAcc: 0.9736
 S NN | TrAcc: 0.9813 | VaAcc: 0.9478 | TeAcc: 0.9683

146,  0 | TrAcc: 0.9889, TrLoss:  0.03881, VaAcc: 0.9629, VaLoss:  0.13866
 MAP NN | TrAcc: 0.9888 | VaAcc: 0.9619 | TeAcc: 0.9707
 S NN | TrAcc: 0.9821 | VaAcc: 0.9570 | TeAcc: 0.9678

147,  0 | TrAcc: 0.9890, TrLoss:  0.03774, VaAcc: 0.9609, VaLoss:  0.16272
 MAP NN | TrAcc: 0.9878 | VaAcc: 0.9585 | TeAcc: 0.9692
 S NN | TrAcc: 0.9771 | VaAcc: 0.9492 | TeAcc: 0.9678

148,  0 | TrAcc: 0.9890, TrLoss:  0.03485, VaAcc: 0.9570, VaLoss:  0.18088
 MAP NN | TrAcc: 0.9897 | VaAcc: 0.9604 | TeAcc: 0.9697
 S NN | TrAcc: 0.9819 | VaAcc: 0.9526 | TeAcc: 0.9678

149,  0 | TrAcc: 0.9906, TrLoss:  0.03621, VaAcc: 0.9624, VaLoss:  0.16537
 MAP NN | TrAcc: 0.9880 | VaAcc: 0.9595 | TeAcc: 0.9707
 S NN | TrAcc: 0.9839 | VaAcc: 0.9487 | TeAcc: 0.9683

150,  0 | TrAcc: 0.9900, TrLoss:  0.03454, VaAcc: 0.9595, VaLoss:  0.15841
 MAP NN | TrAcc: 0.9871 | VaAcc: 0.9600 | TeAcc: 0.9707
 S NN | TrAcc: 0.9799 | VaAcc: 0.9512 | TeAcc: 0.9688

151,  0 | TrAcc: 0.9900, TrLoss:  0.03532, VaAcc: 0.9629, VaLoss:  0.15970
 MAP NN | TrAcc: 0.9901 | VaAcc: 0.9648 | TeAcc: 0.9707
 S NN | TrAcc: 0.9785 | VaAcc: 0.9561 | TeAcc: 0.9653

152,  0 | TrAcc: 0.9889, TrLoss:  0.03756, VaAcc: 0.9565, VaLoss:  0.17687
 MAP NN | TrAcc: 0.9885 | VaAcc: 0.9595 | TeAcc: 0.9678
 S NN | TrAcc: 0.9772 | VaAcc: 0.9551 | TeAcc: 0.9678

153,  0 | TrAcc: 0.9891, TrLoss:  0.03595, VaAcc: 0.9565, VaLoss:  0.17504
 MAP NN | TrAcc: 0.9891 | VaAcc: 0.9595 | TeAcc: 0.9712
 S NN | TrAcc: 0.9802 | VaAcc: 0.9526 | TeAcc: 0.9668

154,  0 | TrAcc: 0.9890, TrLoss:  0.03647, VaAcc: 0.9644, VaLoss:  0.15340
 MAP NN | TrAcc: 0.9883 | VaAcc: 0.9600 | TeAcc: 0.9678
 S NN | TrAcc: 0.9746 | VaAcc: 0.7905 | TeAcc: 0.9702

155,  0 | TrAcc: 0.9899, TrLoss:  0.03651, VaAcc: 0.9663, VaLoss:  0.14090
 MAP NN | TrAcc: 0.9893 | VaAcc: 0.9595 | TeAcc: 0.9697
 S NN | TrAcc: 0.9829 | VaAcc: 0.9590 | TeAcc: 0.9697

156,  0 | TrAcc: 0.9880, TrLoss:  0.03553, VaAcc: 0.9614, VaLoss:  0.16052
 MAP NN | TrAcc: 0.9900 | VaAcc: 0.9600 | TeAcc: 0.9688
 S NN | TrAcc: 0.9791 | VaAcc: 0.9536 | TeAcc: 0.9702

157,  0 | TrAcc: 0.9913, TrLoss:  0.02993, VaAcc: 0.9614, VaLoss:  0.15591
 MAP NN | TrAcc: 0.9907 | VaAcc: 0.9619 | TeAcc: 0.9717
 S NN | TrAcc: 0.9852 | VaAcc: 0.9541 | TeAcc: 0.9702

158,  0 | TrAcc: 0.9907, TrLoss:  0.03234, VaAcc: 0.9609, VaLoss:  0.15884
 MAP NN | TrAcc: 0.9867 | VaAcc: 0.9565 | TeAcc: 0.9712
 S NN | TrAcc: 0.9822 | VaAcc: 0.9551 | TeAcc: 0.9692

159,  0 | TrAcc: 0.9905, TrLoss:  0.03191, VaAcc: 0.9639, VaLoss:  0.14772
 MAP NN | TrAcc: 0.9893 | VaAcc: 0.9600 | TeAcc: 0.9683
 S NN | TrAcc: 0.9846 | VaAcc: 0.9546 | TeAcc: 0.9712

160,  0 | TrAcc: 0.9888, TrLoss:  0.03733, VaAcc: 0.9585, VaLoss:  0.18129
 MAP NN | TrAcc: 0.9855 | VaAcc: 0.9536 | TeAcc: 0.9668
 S NN | TrAcc: 0.9823 | VaAcc: 0.9517 | TeAcc: 0.9629

161,  0 | TrAcc: 0.9916, TrLoss:  0.02974, VaAcc: 0.9624, VaLoss:  0.16793
 MAP NN | TrAcc: 0.9900 | VaAcc: 0.9619 | TeAcc: 0.9688
 S NN | TrAcc: 0.9857 | VaAcc: 0.9541 | TeAcc: 0.9712

162,  0 | TrAcc: 0.9897, TrLoss:  0.03154, VaAcc: 0.9600, VaLoss:  0.17312
 MAP NN | TrAcc: 0.9897 | VaAcc: 0.9619 | TeAcc: 0.9712
 S NN | TrAcc: 0.9855 | VaAcc: 0.9561 | TeAcc: 0.9688

163,  0 | TrAcc: 0.9857, TrLoss:  0.04327, VaAcc: 0.9556, VaLoss:  0.17144
 MAP NN | TrAcc: 0.9858 | VaAcc: 0.9575 | TeAcc: 0.9668
 S NN | TrAcc: 0.9769 | VaAcc: 0.9468 | TeAcc: 0.9688

164,  0 | TrAcc: 0.9904, TrLoss:  0.03205, VaAcc: 0.9585, VaLoss:  0.16537
 MAP NN | TrAcc: 0.9893 | VaAcc: 0.9575 | TeAcc: 0.9702
 S NN | TrAcc: 0.9797 | VaAcc: 0.9492 | TeAcc: 0.9692

165,  0 | TrAcc: 0.9899, TrLoss:  0.03244, VaAcc: 0.9653, VaLoss:  0.14418
 MAP NN | TrAcc: 0.9895 | VaAcc: 0.9614 | TeAcc: 0.9727
 S NN | TrAcc: 0.9855 | VaAcc: 0.9507 | TeAcc: 0.9722

166,  0 | TrAcc: 0.9908, TrLoss:  0.03188, VaAcc: 0.9580, VaLoss:  0.17096
 MAP NN | TrAcc: 0.9882 | VaAcc: 0.9590 | TeAcc: 0.9697
 S NN | TrAcc: 0.9806 | VaAcc: 0.9565 | TeAcc: 0.9614

167,  0 | TrAcc: 0.9918, TrLoss:  0.02963, VaAcc: 0.9629, VaLoss:  0.15612
 MAP NN | TrAcc: 0.9888 | VaAcc: 0.9580 | TeAcc: 0.9712
 S NN | TrAcc: 0.9781 | VaAcc: 0.9570 | TeAcc: 0.9697

168,  0 | TrAcc: 0.9895, TrLoss:  0.03514, VaAcc: 0.9624, VaLoss:  0.15989
 MAP NN | TrAcc: 0.9880 | VaAcc: 0.9619 | TeAcc: 0.9673
 S NN | TrAcc: 0.9801 | VaAcc: 0.9600 | TeAcc: 0.9634

169,  0 | TrAcc: 0.9877, TrLoss:  0.03828, VaAcc: 0.9609, VaLoss:  0.15256
 MAP NN | TrAcc: 0.9897 | VaAcc: 0.9639 | TeAcc: 0.9727
 S NN | TrAcc: 0.9839 | VaAcc: 0.9546 | TeAcc: 0.9731

170,  0 | TrAcc: 0.9916, TrLoss:  0.02981, VaAcc: 0.9624, VaLoss:  0.15429
 MAP NN | TrAcc: 0.9886 | VaAcc: 0.9546 | TeAcc: 0.9673
 S NN | TrAcc: 0.9832 | VaAcc: 0.9551 | TeAcc: 0.9692

171,  0 | TrAcc: 0.9921, TrLoss:  0.02933, VaAcc: 0.9644, VaLoss:  0.15252
 MAP NN | TrAcc: 0.9897 | VaAcc: 0.9619 | TeAcc: 0.9702
 S NN | TrAcc: 0.9803 | VaAcc: 0.9595 | TeAcc: 0.9683

172,  0 | TrAcc: 0.9883, TrLoss:  0.03754, VaAcc: 0.9619, VaLoss:  0.16841
 MAP NN | TrAcc: 0.9907 | VaAcc: 0.9590 | TeAcc: 0.9697
 S NN | TrAcc: 0.9808 | VaAcc: 0.9595 | TeAcc: 0.9634

173,  0 | TrAcc: 0.9913, TrLoss:  0.03033, VaAcc: 0.9565, VaLoss:  0.17262
 MAP NN | TrAcc: 0.9855 | VaAcc: 0.9546 | TeAcc: 0.9678
 S NN | TrAcc: 0.9850 | VaAcc: 0.9565 | TeAcc: 0.9688

174,  0 | TrAcc: 0.9923, TrLoss:  0.02669, VaAcc: 0.9648, VaLoss:  0.15019
 MAP NN | TrAcc: 0.9918 | VaAcc: 0.9609 | TeAcc: 0.9697
 S NN | TrAcc: 0.9869 | VaAcc: 0.9575 | TeAcc: 0.9668

175,  0 | TrAcc: 0.9917, TrLoss:  0.02810, VaAcc: 0.9600, VaLoss:  0.16208
 MAP NN | TrAcc: 0.9913 | VaAcc: 0.9600 | TeAcc: 0.9668
 S NN | TrAcc: 0.9829 | VaAcc: 0.9507 | TeAcc: 0.9727

176,  0 | TrAcc: 0.9927, TrLoss:  0.02535, VaAcc: 0.9644, VaLoss:  0.14158
 MAP NN | TrAcc: 0.9916 | VaAcc: 0.9604 | TeAcc: 0.9712
 S NN | TrAcc: 0.9885 | VaAcc: 0.9595 | TeAcc: 0.9707

177,  0 | TrAcc: 0.9932, TrLoss:  0.02462, VaAcc: 0.9624, VaLoss:  0.15450
 MAP NN | TrAcc: 0.9919 | VaAcc: 0.9619 | TeAcc: 0.9702
 S NN | TrAcc: 0.9879 | VaAcc: 0.9536 | TeAcc: 0.9712

178,  0 | TrAcc: 0.9938, TrLoss:  0.02700, VaAcc: 0.9595, VaLoss:  0.15973
 MAP NN | TrAcc: 0.9871 | VaAcc: 0.9531 | TeAcc: 0.9673
 S NN | TrAcc: 0.9806 | VaAcc: 0.9551 | TeAcc: 0.9668

179,  0 | TrAcc: 0.9901, TrLoss:  0.03057, VaAcc: 0.9609, VaLoss:  0.16380
 MAP NN | TrAcc: 0.9897 | VaAcc: 0.9585 | TeAcc: 0.9722
 S NN | TrAcc: 0.9850 | VaAcc: 0.9556 | TeAcc: 0.9683

180,  0 | TrAcc: 0.9910, TrLoss:  0.03298, VaAcc: 0.9604, VaLoss:  0.15792
 MAP NN | TrAcc: 0.9886 | VaAcc: 0.9575 | TeAcc: 0.9692
 S NN | TrAcc: 0.9852 | VaAcc: 0.9468 | TeAcc: 0.9717

181,  0 | TrAcc: 0.9927, TrLoss:  0.02882, VaAcc: 0.9570, VaLoss:  0.17388
 MAP NN | TrAcc: 0.9919 | VaAcc: 0.9595 | TeAcc: 0.9712
 S NN | TrAcc: 0.9874 | VaAcc: 0.9531 | TeAcc: 0.9727

182,  0 | TrAcc: 0.9923, TrLoss:  0.02651, VaAcc: 0.9644, VaLoss:  0.15782
 MAP NN | TrAcc: 0.9869 | VaAcc: 0.9502 | TeAcc: 0.9688
 S NN | TrAcc: 0.9821 | VaAcc: 0.9561 | TeAcc: 0.9712

183,  0 | TrAcc: 0.9922, TrLoss:  0.02612, VaAcc: 0.9575, VaLoss:  0.17374
 MAP NN | TrAcc: 0.9917 | VaAcc: 0.9546 | TeAcc: 0.9717
 S NN | TrAcc: 0.9880 | VaAcc: 0.9492 | TeAcc: 0.9648

184,  0 | TrAcc: 0.9926, TrLoss:  0.02569, VaAcc: 0.8101, VaLoss:  0.28595
 MAP NN | TrAcc: 0.9910 | VaAcc: 0.9609 | TeAcc: 0.9761
 S NN | TrAcc: 0.9862 | VaAcc: 0.9614 | TeAcc: 0.9707

185,  0 | TrAcc: 0.9928, TrLoss:  0.02568, VaAcc: 0.9580, VaLoss:  0.18960
 MAP NN | TrAcc: 0.9895 | VaAcc: 0.9526 | TeAcc: 0.9722
 S NN | TrAcc: 0.9874 | VaAcc: 0.9531 | TeAcc: 0.9712

186,  0 | TrAcc: 0.9907, TrLoss:  0.02995, VaAcc: 0.9609, VaLoss:  0.16386
 MAP NN | TrAcc: 0.9916 | VaAcc: 0.9590 | TeAcc: 0.9707
 S NN | TrAcc: 0.9814 | VaAcc: 0.9580 | TeAcc: 0.9722

187,  0 | TrAcc: 0.9915, TrLoss:  0.03037, VaAcc: 0.9614, VaLoss:  0.17139
 MAP NN | TrAcc: 0.9884 | VaAcc: 0.9565 | TeAcc: 0.9707
 S NN | TrAcc: 0.9861 | VaAcc: 0.9556 | TeAcc: 0.9722

188,  0 | TrAcc: 0.9933, TrLoss:  0.02661, VaAcc: 0.9614, VaLoss:  0.16271
 MAP NN | TrAcc: 0.9916 | VaAcc: 0.9565 | TeAcc: 0.9692
 S NN | TrAcc: 0.9884 | VaAcc: 0.9512 | TeAcc: 0.9727

189,  0 | TrAcc: 0.9924, TrLoss:  0.02643, VaAcc: 0.9624, VaLoss:  0.16283
 MAP NN | TrAcc: 0.9907 | VaAcc: 0.9590 | TeAcc: 0.9712
 S NN | TrAcc: 0.9884 | VaAcc: 0.9595 | TeAcc: 0.9697

190,  0 | TrAcc: 0.9928, TrLoss:  0.02579, VaAcc: 0.9561, VaLoss:  0.17342
 MAP NN | TrAcc: 0.9926 | VaAcc: 0.9536 | TeAcc: 0.9727
 S NN | TrAcc: 0.9879 | VaAcc: 0.9517 | TeAcc: 0.9692

191,  0 | TrAcc: 0.9919, TrLoss:  0.02763, VaAcc: 0.9624, VaLoss:  0.16220
 MAP NN | TrAcc: 0.9888 | VaAcc: 0.9551 | TeAcc: 0.9692
 S NN | TrAcc: 0.9788 | VaAcc: 0.9561 | TeAcc: 0.9673

192,  0 | TrAcc: 0.9915, TrLoss:  0.02636, VaAcc: 0.9629, VaLoss:  0.16811
 MAP NN | TrAcc: 0.9930 | VaAcc: 0.9565 | TeAcc: 0.9746
 S NN | TrAcc: 0.9877 | VaAcc: 0.9546 | TeAcc: 0.9736

193,  0 | TrAcc: 0.9930, TrLoss:  0.02565, VaAcc: 0.9585, VaLoss:  0.17091
 MAP NN | TrAcc: 0.9895 | VaAcc: 0.9570 | TeAcc: 0.9697
 S NN | TrAcc: 0.9838 | VaAcc: 0.9531 | TeAcc: 0.9712

194,  0 | TrAcc: 0.9897, TrLoss:  0.03129, VaAcc: 0.9590, VaLoss:  0.17449
 MAP NN | TrAcc: 0.9884 | VaAcc: 0.9565 | TeAcc: 0.9688
 S NN | TrAcc: 0.9838 | VaAcc: 0.9536 | TeAcc: 0.9692

195,  0 | TrAcc: 0.9923, TrLoss:  0.02739, VaAcc: 0.9614, VaLoss:  0.16138
 MAP NN | TrAcc: 0.9923 | VaAcc: 0.9575 | TeAcc: 0.9736
 S NN | TrAcc: 0.9865 | VaAcc: 0.9541 | TeAcc: 0.9678

196,  0 | TrAcc: 0.9941, TrLoss:  0.02248, VaAcc: 0.9634, VaLoss:  0.15474
 MAP NN | TrAcc: 0.9902 | VaAcc: 0.9580 | TeAcc: 0.9736
 S NN | TrAcc: 0.9888 | VaAcc: 0.9595 | TeAcc: 0.9712

197,  0 | TrAcc: 0.9950, TrLoss:  0.02174, VaAcc: 0.9585, VaLoss:  0.16922
 MAP NN | TrAcc: 0.9928 | VaAcc: 0.9546 | TeAcc: 0.9722
 S NN | TrAcc: 0.9856 | VaAcc: 0.9551 | TeAcc: 0.9722

198,  0 | TrAcc: 0.9948, TrLoss:  0.02157, VaAcc: 0.9575, VaLoss:  0.18339
 MAP NN | TrAcc: 0.9937 | VaAcc: 0.9561 | TeAcc: 0.9707
 S NN | TrAcc: 0.9867 | VaAcc: 0.9526 | TeAcc: 0.9707

199,  0 | TrAcc: 0.9932, TrLoss:  0.02336, VaAcc: 0.9648, VaLoss:  0.15560
 MAP NN | TrAcc: 0.9927 | VaAcc: 0.9595 | TeAcc: 0.9712
 S NN | TrAcc: 0.9861 | VaAcc: 0.9561 | TeAcc: 0.9692

Results for va_s
Metric: acc   
 96.14 % in iteration  184
Metric: loss  
Results for va_b
Metric: elogl 
 0.297 in iteration    0
Metric: acc   
 96.63 % in iteration  155
EARLY STOP FOR te_s
 97.07 % in iteration  184
