va
(1730, 4, 45)
te
(1450, 4, 45)
tr
(8080, 4, 45)

=============================
CONFIG FILE
====================================
Training configuration

Learning rate: 0.2, 	Learning rate anneal: inf, 	Tau:  1.0
Algorithm: local reparametrization, 	STE: disabled, 	n forward passes: 1
Var reg: 0.0, 	Dir reg: 0.0, 	Ent reg: 0.0
Data multiplier: None
Gradient clipping: False, 	Gradient clip value: 1.0

Layer #0
lstm_1
Layer norm: False, 	LR Adapt: 
Dropout: False, 	p_dropout: 0.95

Layer #1
lstm_0
Layer norm: False, 	LR Adapt: 
Dropout: False, 	p_dropout: 0.95

Layer #2
output_layer
Layer norm: False, 	LR Adapt: 
Dropout: False, 	p_dropout: 0.95
====================================
RNN configuration

Layer #0, 	Type: input_layer, 	Scope: 
Units: 4, 	N activation bins: None

Layer #1, 	Type: lstm layer, 	Scope: lstm_0
Units: 50, 	N activation bins: None
Bias: True, 	N activation bins: 2, 	Discrete activation: False
Type: ternary, 	Parametetrization: sigmoid, 	Priors: [0.3333333333333333, 0.3333333333333333, 0.3333333333333333]
p_init_min: 0.05, 	p_init_max: 0.95
SB init: ('xavier', None), 	SA init: ('dirichlet', [0.3, 0.3, 0.3])
Type: gaussian, 	M init: ('xavier', None), 	Log V init: ('constant', -9.210340371976182)
M prior: 0.0, 	 Log V prior: 0.0
None
Bias: True, 	N activation bins: 2, 	Discrete activation: False
Type: ternary, 	Parametetrization: sigmoid, 	Priors: [0.3333333333333333, 0.3333333333333333, 0.3333333333333333]
p_init_min: 0.05, 	p_init_max: 0.95
SB init: ('xavier', None), 	SA init: ('dirichlet', [0.3, 0.3, 0.3])
Type: gaussian, 	M init: ('constant', -1.5), 	Log V init: ('constant', -9.210340371976182)
M prior: 0.0, 	 Log V prior: 0.0
None
Bias: True, 	N activation bins: 2, 	Discrete activation: False
Type: ternary, 	Parametetrization: sigmoid, 	Priors: [0.3333333333333333, 0.3333333333333333, 0.3333333333333333]
p_init_min: 0.05, 	p_init_max: 0.95
SB init: ('xavier', None), 	SA init: ('dirichlet', [0.3, 0.3, 0.3])
Type: gaussian, 	M init: ('xavier', None), 	Log V init: ('constant', -9.210340371976182)
M prior: 0.0, 	 Log V prior: 0.0
None

Layer #2, 	Type: lstm layer, 	Scope: lstm_1
Units: 30, 	N activation bins: None
Bias: True, 	N activation bins: 2, 	Discrete activation: False
Type: ternary, 	Parametetrization: sigmoid, 	Priors: [0.3333333333333333, 0.3333333333333333, 0.3333333333333333]
p_init_min: 0.05, 	p_init_max: 0.95
SB init: ('xavier', None), 	SA init: ('dirichlet', [0.3, 0.3, 0.3])
Type: gaussian, 	M init: ('xavier', None), 	Log V init: ('constant', -9.210340371976182)
M prior: 0.0, 	 Log V prior: 0.0
None
Bias: True, 	N activation bins: 2, 	Discrete activation: False
Type: ternary, 	Parametetrization: sigmoid, 	Priors: [0.3333333333333333, 0.3333333333333333, 0.3333333333333333]
p_init_min: 0.05, 	p_init_max: 0.95
SB init: ('xavier', None), 	SA init: ('dirichlet', [0.3, 0.3, 0.3])
Type: gaussian, 	M init: ('constant', -1.5), 	Log V init: ('constant', -9.210340371976182)
M prior: 0.0, 	 Log V prior: 0.0
None
Bias: True, 	N activation bins: 2, 	Discrete activation: False
Type: ternary, 	Parametetrization: sigmoid, 	Priors: [0.3333333333333333, 0.3333333333333333, 0.3333333333333333]
p_init_min: 0.05, 	p_init_max: 0.95
SB init: ('xavier', None), 	SA init: ('dirichlet', [0.3, 0.3, 0.3])
Type: gaussian, 	M init: ('xavier', None), 	Log V init: ('constant', -9.210340371976182)
M prior: 0.0, 	 Log V prior: 0.0
None

Layer #3, 	Type: ff layer, 	Scope: output_layer
Units: 10, 	N activation bins: None
====================================
Dataset configuration

Filename: /clusterFS/home/student/kopp13/datasets/mnist_pen_strokes/mps_all_va.mat
Key: va, 	In seq len: 45
Minibatch:  True, 	Size: 1024
Target bias removed: True, 	Shuffle: False

Filename: /clusterFS/home/student/kopp13/datasets/mnist_pen_strokes/mps_all_te.mat
Key: te, 	In seq len: 45
Minibatch:  True, 	Size: 1024
Target bias removed: True, 	Shuffle: False

Filename: /clusterFS/home/student/kopp13/datasets/mnist_pen_strokes/mps_all_tr.mat
Key: tr, 	In seq len: 45
Minibatch:  True, 	Size: 1024
Target bias removed: True, 	Shuffle: True
====================================
Info configuration

Filename:  test
Timer: False, 	Profiling: False, 	Profiling path: None
Save training metrics: True, 	Path: ../nr_spsc/
Save weights: False, 	Every: 1, 	Save best weights: False
Compute T Metrics every: 1

Load model from m_model1, 	 Force it: True
No model saving

starting
[('lstm_0/bc:0', 'lstm_0/bc'), ('lstm_0/bi:0', 'lstm_0/bi'), ('lstm_0/bo:0', 'lstm_0/bo'), ('lstm_0/wc:0', 'lstm_0/wc'), ('lstm_0/wi:0', 'lstm_0/wi'), ('lstm_0/wo:0', 'lstm_0/wo'), ('lstm_1/bc:0', 'lstm_1/bc'), ('lstm_1/bi:0', 'lstm_1/bi'), ('lstm_1/bo:0', 'lstm_1/bo'), ('lstm_1/wc:0', 'lstm_1/wc'), ('lstm_1/wi:0', 'lstm_1/wi'), ('lstm_1/wo:0', 'lstm_1/wo'), ('output_layer/b:0', 'output_layer/b'), ('output_layer/w:0', 'output_layer/w')]
output_layer/w
output_layer/b
=====
New variable
lstm_0/bc:0
lstm_0/bc
=====
New variable
lstm_0/bi:0
lstm_0/bi
=====
New variable
lstm_0/bo:0
lstm_0/bo
=====
New variable
lstm_0/wc:0
lstm_0/wc
=====
New variable
lstm_0/wi:0
lstm_0/wi
=====
New variable
lstm_0/wo:0
lstm_0/wo
=====
New variable
lstm_1/bc:0
lstm_1/bc
=====
New variable
lstm_1/bi:0
lstm_1/bi
=====
New variable
lstm_1/bo:0
lstm_1/bo
=====
New variable
lstm_1/wc:0
lstm_1/wc
=====
New variable
lstm_1/wi:0
lstm_1/wi
=====
New variable
lstm_1/wo:0
lstm_1/wo
=====
New variable
output_layer/b:0
output_layer/b
=====
New variable
output_layer/w:0
output_layer/w
=====
loaded
  0,  0 | TrAcc: 0.3048, TrLoss:  2.16249, VaAcc: 0.3096, VaLoss:  2.17844
 MAP NN | TrAcc: 0.6970 | VaAcc: 0.7275 | TeAcc: 0.7925
 S NN | TrAcc: 0.3518 | VaAcc: 0.2432 | TeAcc: 0.2422

  1,  0 | TrAcc: 0.8118, TrLoss:  0.65379, VaAcc: 0.8315, VaLoss:  0.60239
 MAP NN | TrAcc: 0.7644 | VaAcc: 0.7969 | TeAcc: 0.5439
 S NN | TrAcc: 0.6907 | VaAcc: 0.7109 | TeAcc: 0.5142

  2,  0 | TrAcc: 0.8763, TrLoss:  0.42035, VaAcc: 0.8799, VaLoss:  0.45509
 MAP NN | TrAcc: 0.8583 | VaAcc: 0.8745 | TeAcc: 0.8975
 S NN | TrAcc: 0.7690 | VaAcc: 0.8105 | TeAcc: 0.8262

  3,  0 | TrAcc: 0.9030, TrLoss:  0.32413, VaAcc: 0.9116, VaLoss:  0.33333
 MAP NN | TrAcc: 0.8490 | VaAcc: 0.8647 | TeAcc: 0.8892
 S NN | TrAcc: 0.8662 | VaAcc: 0.8677 | TeAcc: 0.8467

  4,  0 | TrAcc: 0.9202, TrLoss:  0.26420, VaAcc: 0.9121, VaLoss:  0.30979
 MAP NN | TrAcc: 0.8856 | VaAcc: 0.8896 | TeAcc: 0.6206
 S NN | TrAcc: 0.8850 | VaAcc: 0.8862 | TeAcc: 0.5728

  5,  0 | TrAcc: 0.9325, TrLoss:  0.23343, VaAcc: 0.9243, VaLoss:  0.27472
 MAP NN | TrAcc: 0.9014 | VaAcc: 0.9014 | TeAcc: 0.9277
 S NN | TrAcc: 0.8469 | VaAcc: 0.8892 | TeAcc: 0.8745

  6,  0 | TrAcc: 0.9403, TrLoss:  0.20664, VaAcc: 0.9302, VaLoss:  0.26346
 MAP NN | TrAcc: 0.9094 | VaAcc: 0.9072 | TeAcc: 0.9312
 S NN | TrAcc: 0.9130 | VaAcc: 0.8931 | TeAcc: 0.6030

  7,  0 | TrAcc: 0.9451, TrLoss:  0.19116, VaAcc: 0.9370, VaLoss:  0.22570
 MAP NN | TrAcc: 0.9417 | VaAcc: 0.9355 | TeAcc: 0.9482
 S NN | TrAcc: 0.9163 | VaAcc: 0.8965 | TeAcc: 0.9463

  8,  0 | TrAcc: 0.9489, TrLoss:  0.17005, VaAcc: 0.9390, VaLoss:  0.22869
 MAP NN | TrAcc: 0.9442 | VaAcc: 0.9395 | TeAcc: 0.9531
 S NN | TrAcc: 0.9141 | VaAcc: 0.9102 | TeAcc: 0.9189

  9,  0 | TrAcc: 0.9476, TrLoss:  0.17635, VaAcc: 0.9404, VaLoss:  0.23206
 MAP NN | TrAcc: 0.9315 | VaAcc: 0.9253 | TeAcc: 0.9429
 S NN | TrAcc: 0.9188 | VaAcc: 0.9194 | TeAcc: 0.9292

 10,  0 | TrAcc: 0.9541, TrLoss:  0.15900, VaAcc: 0.9434, VaLoss:  0.21907
 MAP NN | TrAcc: 0.9440 | VaAcc: 0.9351 | TeAcc: 0.9526
 S NN | TrAcc: 0.9220 | VaAcc: 0.9307 | TeAcc: 0.9404

 11,  0 | TrAcc: 0.9543, TrLoss:  0.14903, VaAcc: 0.9434, VaLoss:  0.21645
 MAP NN | TrAcc: 0.9583 | VaAcc: 0.9463 | TeAcc: 0.9624
 S NN | TrAcc: 0.9399 | VaAcc: 0.9268 | TeAcc: 0.9502

 12,  0 | TrAcc: 0.9568, TrLoss:  0.14335, VaAcc: 0.9478, VaLoss:  0.19464
 MAP NN | TrAcc: 0.9581 | VaAcc: 0.9482 | TeAcc: 0.9644
 S NN | TrAcc: 0.9170 | VaAcc: 0.9404 | TeAcc: 0.9526

 13,  0 | TrAcc: 0.9565, TrLoss:  0.14930, VaAcc: 0.9463, VaLoss:  0.20269
 MAP NN | TrAcc: 0.9506 | VaAcc: 0.9380 | TeAcc: 0.9600
 S NN | TrAcc: 0.9387 | VaAcc: 0.9312 | TeAcc: 0.9570

 14,  0 | TrAcc: 0.9613, TrLoss:  0.13387, VaAcc: 0.9438, VaLoss:  0.20606
 MAP NN | TrAcc: 0.9629 | VaAcc: 0.9458 | TeAcc: 0.9673
 S NN | TrAcc: 0.9392 | VaAcc: 0.9395 | TeAcc: 0.9575

 15,  0 | TrAcc: 0.9641, TrLoss:  0.12866, VaAcc: 0.9502, VaLoss:  0.19089
 MAP NN | TrAcc: 0.9640 | VaAcc: 0.9473 | TeAcc: 0.9688
 S NN | TrAcc: 0.9283 | VaAcc: 0.9390 | TeAcc: 0.9536

 16,  0 | TrAcc: 0.9659, TrLoss:  0.12074, VaAcc: 0.9497, VaLoss:  0.17672
 MAP NN | TrAcc: 0.9641 | VaAcc: 0.9531 | TeAcc: 0.9683
 S NN | TrAcc: 0.9528 | VaAcc: 0.9419 | TeAcc: 0.9546

 17,  0 | TrAcc: 0.9641, TrLoss:  0.12394, VaAcc: 0.9448, VaLoss:  0.18964
 MAP NN | TrAcc: 0.9702 | VaAcc: 0.9575 | TeAcc: 0.9697
 S NN | TrAcc: 0.9517 | VaAcc: 0.9419 | TeAcc: 0.9458

 18,  0 | TrAcc: 0.9659, TrLoss:  0.11297, VaAcc: 0.9502, VaLoss:  0.17228
 MAP NN | TrAcc: 0.9688 | VaAcc: 0.9546 | TeAcc: 0.9668
 S NN | TrAcc: 0.9386 | VaAcc: 0.9243 | TeAcc: 0.9531

 19,  0 | TrAcc: 0.9683, TrLoss:  0.11123, VaAcc: 0.9570, VaLoss:  0.16719
 MAP NN | TrAcc: 0.9705 | VaAcc: 0.9575 | TeAcc: 0.9697
 S NN | TrAcc: 0.9464 | VaAcc: 0.9463 | TeAcc: 0.9590

 20,  0 | TrAcc: 0.9718, TrLoss:  0.10441, VaAcc: 0.9512, VaLoss:  0.17814
 MAP NN | TrAcc: 0.9714 | VaAcc: 0.9541 | TeAcc: 0.9697
 S NN | TrAcc: 0.9534 | VaAcc: 0.9497 | TeAcc: 0.9590

 21,  0 | TrAcc: 0.9680, TrLoss:  0.10619, VaAcc: 0.9541, VaLoss:  0.17582
 MAP NN | TrAcc: 0.9711 | VaAcc: 0.9585 | TeAcc: 0.9688
 S NN | TrAcc: 0.9467 | VaAcc: 0.9346 | TeAcc: 0.9585

 22,  0 | TrAcc: 0.9697, TrLoss:  0.10380, VaAcc: 0.9575, VaLoss:  0.17330
 MAP NN | TrAcc: 0.9746 | VaAcc: 0.9512 | TeAcc: 0.9692
 S NN | TrAcc: 0.9440 | VaAcc: 0.9458 | TeAcc: 0.9492

 23,  0 | TrAcc: 0.9702, TrLoss:  0.09842, VaAcc: 0.9570, VaLoss:  0.17858
 MAP NN | TrAcc: 0.9736 | VaAcc: 0.9585 | TeAcc: 0.9727
 S NN | TrAcc: 0.9613 | VaAcc: 0.9438 | TeAcc: 0.6602

 24,  0 | TrAcc: 0.9686, TrLoss:  0.10367, VaAcc: 0.9575, VaLoss:  0.17341
 MAP NN | TrAcc: 0.9711 | VaAcc: 0.9536 | TeAcc: 0.9741
 S NN | TrAcc: 0.9456 | VaAcc: 0.9424 | TeAcc: 0.9531

 25,  0 | TrAcc: 0.9707, TrLoss:  0.10064, VaAcc: 0.9531, VaLoss:  0.17920
 MAP NN | TrAcc: 0.9761 | VaAcc: 0.9609 | TeAcc: 0.9741
 S NN | TrAcc: 0.9551 | VaAcc: 0.9375 | TeAcc: 0.9565

 26,  0 | TrAcc: 0.9714, TrLoss:  0.10039, VaAcc: 0.9565, VaLoss:  0.17010
 MAP NN | TrAcc: 0.9750 | VaAcc: 0.9575 | TeAcc: 0.9707
 S NN | TrAcc: 0.9565 | VaAcc: 0.9478 | TeAcc: 0.9644

 27,  0 | TrAcc: 0.9742, TrLoss:  0.08732, VaAcc: 0.9614, VaLoss:  0.16154
 MAP NN | TrAcc: 0.9783 | VaAcc: 0.9624 | TeAcc: 0.9761
 S NN | TrAcc: 0.9584 | VaAcc: 0.9380 | TeAcc: 0.9648

 28,  0 | TrAcc: 0.9716, TrLoss:  0.09255, VaAcc: 0.9570, VaLoss:  0.16803
 MAP NN | TrAcc: 0.9762 | VaAcc: 0.9561 | TeAcc: 0.9717
 S NN | TrAcc: 0.9641 | VaAcc: 0.9526 | TeAcc: 0.9702

 29,  0 | TrAcc: 0.9749, TrLoss:  0.08819, VaAcc: 0.9580, VaLoss:  0.16712
 MAP NN | TrAcc: 0.9763 | VaAcc: 0.9604 | TeAcc: 0.9717
 S NN | TrAcc: 0.9586 | VaAcc: 0.9419 | TeAcc: 0.9648

 30,  0 | TrAcc: 0.9724, TrLoss:  0.08787, VaAcc: 0.9565, VaLoss:  0.16630
 MAP NN | TrAcc: 0.9760 | VaAcc: 0.9561 | TeAcc: 0.9717
 S NN | TrAcc: 0.9498 | VaAcc: 0.9419 | TeAcc: 0.9624

 31,  0 | TrAcc: 0.9734, TrLoss:  0.08830, VaAcc: 0.9604, VaLoss:  0.16744
 MAP NN | TrAcc: 0.9797 | VaAcc: 0.9570 | TeAcc: 0.9727
 S NN | TrAcc: 0.9641 | VaAcc: 0.9570 | TeAcc: 0.9561

 32,  0 | TrAcc: 0.9719, TrLoss:  0.09101, VaAcc: 0.9541, VaLoss:  0.19431
 MAP NN | TrAcc: 0.9728 | VaAcc: 0.9526 | TeAcc: 0.9712
 S NN | TrAcc: 0.9681 | VaAcc: 0.9434 | TeAcc: 0.9663

 33,  0 | TrAcc: 0.9749, TrLoss:  0.08296, VaAcc: 0.9595, VaLoss:  0.15339
 MAP NN | TrAcc: 0.9779 | VaAcc: 0.9590 | TeAcc: 0.9707
 S NN | TrAcc: 0.9708 | VaAcc: 0.9531 | TeAcc: 0.9565

 34,  0 | TrAcc: 0.9780, TrLoss:  0.07798, VaAcc: 0.9556, VaLoss:  0.16934
 MAP NN | TrAcc: 0.9807 | VaAcc: 0.9561 | TeAcc: 0.9731
 S NN | TrAcc: 0.9688 | VaAcc: 0.9561 | TeAcc: 0.9717

 35,  0 | TrAcc: 0.9778, TrLoss:  0.07675, VaAcc: 0.9595, VaLoss:  0.16638
 MAP NN | TrAcc: 0.9785 | VaAcc: 0.9570 | TeAcc: 0.9731
 S NN | TrAcc: 0.9692 | VaAcc: 0.9463 | TeAcc: 0.9644

 36,  0 | TrAcc: 0.9796, TrLoss:  0.07150, VaAcc: 0.9609, VaLoss:  0.15110
 MAP NN | TrAcc: 0.9823 | VaAcc: 0.9604 | TeAcc: 0.9727
 S NN | TrAcc: 0.9700 | VaAcc: 0.9448 | TeAcc: 0.9722

 37,  0 | TrAcc: 0.9783, TrLoss:  0.07457, VaAcc: 0.9565, VaLoss:  0.16810
 MAP NN | TrAcc: 0.9797 | VaAcc: 0.9580 | TeAcc: 0.9736
 S NN | TrAcc: 0.9613 | VaAcc: 0.9521 | TeAcc: 0.9678

 38,  0 | TrAcc: 0.9763, TrLoss:  0.07800, VaAcc: 0.9595, VaLoss:  0.16403
 MAP NN | TrAcc: 0.9800 | VaAcc: 0.9590 | TeAcc: 0.9717
 S NN | TrAcc: 0.9672 | VaAcc: 0.9531 | TeAcc: 0.9702

 39,  0 | TrAcc: 0.9801, TrLoss:  0.07132, VaAcc: 0.9600, VaLoss:  0.15968
 MAP NN | TrAcc: 0.9823 | VaAcc: 0.9609 | TeAcc: 0.9727
 S NN | TrAcc: 0.9730 | VaAcc: 0.9487 | TeAcc: 0.9727

 40,  0 | TrAcc: 0.9799, TrLoss:  0.07227, VaAcc: 0.9634, VaLoss:  0.16140
 MAP NN | TrAcc: 0.9822 | VaAcc: 0.9585 | TeAcc: 0.9746
 S NN | TrAcc: 0.9717 | VaAcc: 0.9536 | TeAcc: 0.9697

 41,  0 | TrAcc: 0.9805, TrLoss:  0.06595, VaAcc: 0.9600, VaLoss:  0.16311
 MAP NN | TrAcc: 0.9844 | VaAcc: 0.9600 | TeAcc: 0.9751
 S NN | TrAcc: 0.9724 | VaAcc: 0.9541 | TeAcc: 0.9688

 42,  0 | TrAcc: 0.9780, TrLoss:  0.07147, VaAcc: 0.9570, VaLoss:  0.18222
 MAP NN | TrAcc: 0.9801 | VaAcc: 0.9556 | TeAcc: 0.9731
 S NN | TrAcc: 0.9731 | VaAcc: 0.9458 | TeAcc: 0.9712

 43,  0 | TrAcc: 0.9775, TrLoss:  0.06911, VaAcc: 0.9585, VaLoss:  0.16465
 MAP NN | TrAcc: 0.9807 | VaAcc: 0.9570 | TeAcc: 0.9722
 S NN | TrAcc: 0.9741 | VaAcc: 0.9531 | TeAcc: 0.9697

 44,  0 | TrAcc: 0.9810, TrLoss:  0.06551, VaAcc: 0.9595, VaLoss:  0.15383
 MAP NN | TrAcc: 0.9851 | VaAcc: 0.9600 | TeAcc: 0.9785
 S NN | TrAcc: 0.9762 | VaAcc: 0.9570 | TeAcc: 0.9678

 45,  0 | TrAcc: 0.9827, TrLoss:  0.06326, VaAcc: 0.9590, VaLoss:  0.16114
 MAP NN | TrAcc: 0.9862 | VaAcc: 0.9614 | TeAcc: 0.9775
 S NN | TrAcc: 0.9792 | VaAcc: 0.9575 | TeAcc: 0.9761

 46,  0 | TrAcc: 0.9816, TrLoss:  0.06172, VaAcc: 0.9595, VaLoss:  0.15613
 MAP NN | TrAcc: 0.9866 | VaAcc: 0.9585 | TeAcc: 0.9746
 S NN | TrAcc: 0.9747 | VaAcc: 0.9570 | TeAcc: 0.9712

 47,  0 | TrAcc: 0.9835, TrLoss:  0.05836, VaAcc: 0.9600, VaLoss:  0.17291
 MAP NN | TrAcc: 0.9847 | VaAcc: 0.9585 | TeAcc: 0.9766
 S NN | TrAcc: 0.9792 | VaAcc: 0.9565 | TeAcc: 0.9683

 48,  0 | TrAcc: 0.9838, TrLoss:  0.05852, VaAcc: 0.9634, VaLoss:  0.15584
 MAP NN | TrAcc: 0.9867 | VaAcc: 0.9624 | TeAcc: 0.9741
 S NN | TrAcc: 0.9581 | VaAcc: 0.9590 | TeAcc: 0.9727

 49,  0 | TrAcc: 0.9794, TrLoss:  0.06855, VaAcc: 0.9629, VaLoss:  0.16860
 MAP NN | TrAcc: 0.9822 | VaAcc: 0.9600 | TeAcc: 0.9746
 S NN | TrAcc: 0.9713 | VaAcc: 0.9551 | TeAcc: 0.9692

 50,  0 | TrAcc: 0.9799, TrLoss:  0.06512, VaAcc: 0.9634, VaLoss:  0.15450
 MAP NN | TrAcc: 0.9854 | VaAcc: 0.9600 | TeAcc: 0.9727
 S NN | TrAcc: 0.9749 | VaAcc: 0.9551 | TeAcc: 0.9731

 51,  0 | TrAcc: 0.9812, TrLoss:  0.06064, VaAcc: 0.9619, VaLoss:  0.15519
 MAP NN | TrAcc: 0.9865 | VaAcc: 0.9619 | TeAcc: 0.9712
 S NN | TrAcc: 0.9792 | VaAcc: 0.9590 | TeAcc: 0.9722

 52,  0 | TrAcc: 0.9811, TrLoss:  0.06146, VaAcc: 0.9575, VaLoss:  0.16588
 MAP NN | TrAcc: 0.9858 | VaAcc: 0.9604 | TeAcc: 0.9736
 S NN | TrAcc: 0.9777 | VaAcc: 0.9585 | TeAcc: 0.9736

 53,  0 | TrAcc: 0.9844, TrLoss:  0.05437, VaAcc: 0.9609, VaLoss:  0.16672
 MAP NN | TrAcc: 0.9868 | VaAcc: 0.9590 | TeAcc: 0.9731
 S NN | TrAcc: 0.9769 | VaAcc: 0.9551 | TeAcc: 0.9697

 54,  0 | TrAcc: 0.9816, TrLoss:  0.05988, VaAcc: 0.9575, VaLoss:  0.16710
 MAP NN | TrAcc: 0.9835 | VaAcc: 0.9570 | TeAcc: 0.9741
 S NN | TrAcc: 0.9794 | VaAcc: 0.9531 | TeAcc: 0.9722

 55,  0 | TrAcc: 0.9810, TrLoss:  0.06277, VaAcc: 0.9634, VaLoss:  0.16098
 MAP NN | TrAcc: 0.9861 | VaAcc: 0.9604 | TeAcc: 0.9722
 S NN | TrAcc: 0.9764 | VaAcc: 0.9575 | TeAcc: 0.9707

 56,  0 | TrAcc: 0.9825, TrLoss:  0.05559, VaAcc: 0.9624, VaLoss:  0.14957
 MAP NN | TrAcc: 0.9856 | VaAcc: 0.9604 | TeAcc: 0.9727
 S NN | TrAcc: 0.9802 | VaAcc: 0.9565 | TeAcc: 0.9717

 57,  0 | TrAcc: 0.9843, TrLoss:  0.05506, VaAcc: 0.9614, VaLoss:  0.16425
 MAP NN | TrAcc: 0.9880 | VaAcc: 0.9604 | TeAcc: 0.9731
 S NN | TrAcc: 0.9799 | VaAcc: 0.9580 | TeAcc: 0.9722

 58,  0 | TrAcc: 0.9840, TrLoss:  0.05842, VaAcc: 0.9634, VaLoss:  0.16040
 MAP NN | TrAcc: 0.9858 | VaAcc: 0.9629 | TeAcc: 0.9731
 S NN | TrAcc: 0.9811 | VaAcc: 0.9565 | TeAcc: 0.9741

 59,  0 | TrAcc: 0.9784, TrLoss:  0.07293, VaAcc: 0.9565, VaLoss:  0.18021
 MAP NN | TrAcc: 0.9825 | VaAcc: 0.9556 | TeAcc: 0.9717
 S NN | TrAcc: 0.9775 | VaAcc: 0.9551 | TeAcc: 0.9712

 60,  0 | TrAcc: 0.9852, TrLoss:  0.05358, VaAcc: 0.9624, VaLoss:  0.16561
 MAP NN | TrAcc: 0.9874 | VaAcc: 0.9629 | TeAcc: 0.9736
 S NN | TrAcc: 0.9813 | VaAcc: 0.9600 | TeAcc: 0.9707

 61,  0 | TrAcc: 0.9844, TrLoss:  0.05423, VaAcc: 0.9619, VaLoss:  0.15866
 MAP NN | TrAcc: 0.9873 | VaAcc: 0.9629 | TeAcc: 0.9731
 S NN | TrAcc: 0.9801 | VaAcc: 0.9580 | TeAcc: 0.9702

 62,  0 | TrAcc: 0.9854, TrLoss:  0.04960, VaAcc: 0.9595, VaLoss:  0.15999
 MAP NN | TrAcc: 0.9882 | VaAcc: 0.9624 | TeAcc: 0.9736
 S NN | TrAcc: 0.9839 | VaAcc: 0.9556 | TeAcc: 0.9717

 63,  0 | TrAcc: 0.9847, TrLoss:  0.04874, VaAcc: 0.9644, VaLoss:  0.16162
 MAP NN | TrAcc: 0.9890 | VaAcc: 0.9609 | TeAcc: 0.9741
 S NN | TrAcc: 0.9784 | VaAcc: 0.9580 | TeAcc: 0.9731

 64,  0 | TrAcc: 0.9866, TrLoss:  0.04717, VaAcc: 0.9624, VaLoss:  0.16142
 MAP NN | TrAcc: 0.9891 | VaAcc: 0.9595 | TeAcc: 0.9741
 S NN | TrAcc: 0.9812 | VaAcc: 0.9526 | TeAcc: 0.9702

 65,  0 | TrAcc: 0.9860, TrLoss:  0.04796, VaAcc: 0.9619, VaLoss:  0.15837
 MAP NN | TrAcc: 0.9889 | VaAcc: 0.9634 | TeAcc: 0.9727
 S NN | TrAcc: 0.9833 | VaAcc: 0.9580 | TeAcc: 0.9727

 66,  0 | TrAcc: 0.9869, TrLoss:  0.04593, VaAcc: 0.9600, VaLoss:  0.16440
 MAP NN | TrAcc: 0.9902 | VaAcc: 0.9595 | TeAcc: 0.9741
 S NN | TrAcc: 0.9828 | VaAcc: 0.9595 | TeAcc: 0.9736

 67,  0 | TrAcc: 0.9847, TrLoss:  0.04807, VaAcc: 0.9614, VaLoss:  0.15112
 MAP NN | TrAcc: 0.9886 | VaAcc: 0.9600 | TeAcc: 0.9761
 S NN | TrAcc: 0.9777 | VaAcc: 0.9663 | TeAcc: 0.9678

 68,  0 | TrAcc: 0.9877, TrLoss:  0.04337, VaAcc: 0.9658, VaLoss:  0.14788
 MAP NN | TrAcc: 0.9900 | VaAcc: 0.9653 | TeAcc: 0.9751
 S NN | TrAcc: 0.9834 | VaAcc: 0.9634 | TeAcc: 0.9717

 69,  0 | TrAcc: 0.9863, TrLoss:  0.04717, VaAcc: 0.9629, VaLoss:  0.15896
 MAP NN | TrAcc: 0.9877 | VaAcc: 0.9634 | TeAcc: 0.9756
 S NN | TrAcc: 0.9821 | VaAcc: 0.9561 | TeAcc: 0.9727

 70,  0 | TrAcc: 0.9871, TrLoss:  0.04617, VaAcc: 0.9590, VaLoss:  0.16593
 MAP NN | TrAcc: 0.9886 | VaAcc: 0.9624 | TeAcc: 0.9756
 S NN | TrAcc: 0.9813 | VaAcc: 0.9551 | TeAcc: 0.9727

 71,  0 | TrAcc: 0.9840, TrLoss:  0.05325, VaAcc: 0.9556, VaLoss:  0.17700
 MAP NN | TrAcc: 0.9861 | VaAcc: 0.9624 | TeAcc: 0.9741
 S NN | TrAcc: 0.9833 | VaAcc: 0.9565 | TeAcc: 0.9702

 72,  0 | TrAcc: 0.9845, TrLoss:  0.05103, VaAcc: 0.9634, VaLoss:  0.16143
 MAP NN | TrAcc: 0.9863 | VaAcc: 0.9604 | TeAcc: 0.9751
 S NN | TrAcc: 0.9817 | VaAcc: 0.9575 | TeAcc: 0.9741

 73,  0 | TrAcc: 0.9863, TrLoss:  0.04794, VaAcc: 0.9595, VaLoss:  0.16653
 MAP NN | TrAcc: 0.9893 | VaAcc: 0.9600 | TeAcc: 0.9751
 S NN | TrAcc: 0.9851 | VaAcc: 0.9561 | TeAcc: 0.9731

 74,  0 | TrAcc: 0.9884, TrLoss:  0.04326, VaAcc: 0.9580, VaLoss:  0.16642
 MAP NN | TrAcc: 0.9915 | VaAcc: 0.9595 | TeAcc: 0.9761
 S NN | TrAcc: 0.9885 | VaAcc: 0.9546 | TeAcc: 0.9717

 75,  0 | TrAcc: 0.9872, TrLoss:  0.04333, VaAcc: 0.9634, VaLoss:  0.15362
 MAP NN | TrAcc: 0.9902 | VaAcc: 0.9629 | TeAcc: 0.9727
 S NN | TrAcc: 0.9841 | VaAcc: 0.9580 | TeAcc: 0.9722

 76,  0 | TrAcc: 0.9877, TrLoss:  0.04306, VaAcc: 0.9580, VaLoss:  0.16456
 MAP NN | TrAcc: 0.9896 | VaAcc: 0.9619 | TeAcc: 0.9771
 S NN | TrAcc: 0.9893 | VaAcc: 0.9609 | TeAcc: 0.9746

 77,  0 | TrAcc: 0.9879, TrLoss:  0.03772, VaAcc: 0.9590, VaLoss:  0.16764
 MAP NN | TrAcc: 0.9915 | VaAcc: 0.9614 | TeAcc: 0.9756
 S NN | TrAcc: 0.9863 | VaAcc: 0.9590 | TeAcc: 0.9761

 78,  0 | TrAcc: 0.9891, TrLoss:  0.03916, VaAcc: 0.9624, VaLoss:  0.15415
 MAP NN | TrAcc: 0.9907 | VaAcc: 0.9639 | TeAcc: 0.9766
 S NN | TrAcc: 0.9893 | VaAcc: 0.9595 | TeAcc: 0.9746

 79,  0 | TrAcc: 0.9875, TrLoss:  0.03941, VaAcc: 0.9644, VaLoss:  0.15463
 MAP NN | TrAcc: 0.9913 | VaAcc: 0.9648 | TeAcc: 0.9731
 S NN | TrAcc: 0.9896 | VaAcc: 0.9614 | TeAcc: 0.9707

 80,  0 | TrAcc: 0.9901, TrLoss:  0.03856, VaAcc: 0.9634, VaLoss:  0.15788
 MAP NN | TrAcc: 0.9915 | VaAcc: 0.9624 | TeAcc: 0.9746
 S NN | TrAcc: 0.9894 | VaAcc: 0.9604 | TeAcc: 0.9717

 81,  0 | TrAcc: 0.9899, TrLoss:  0.03519, VaAcc: 0.9634, VaLoss:  0.14772
 MAP NN | TrAcc: 0.9906 | VaAcc: 0.9629 | TeAcc: 0.9727
 S NN | TrAcc: 0.9866 | VaAcc: 0.9551 | TeAcc: 0.9692

 82,  0 | TrAcc: 0.9885, TrLoss:  0.04131, VaAcc: 0.9653, VaLoss:  0.16585
 MAP NN | TrAcc: 0.9889 | VaAcc: 0.9609 | TeAcc: 0.9746
 S NN | TrAcc: 0.9850 | VaAcc: 0.9541 | TeAcc: 0.9707

 83,  0 | TrAcc: 0.9891, TrLoss:  0.04000, VaAcc: 0.9609, VaLoss:  0.16463
 MAP NN | TrAcc: 0.9906 | VaAcc: 0.9595 | TeAcc: 0.9717
 S NN | TrAcc: 0.9863 | VaAcc: 0.9580 | TeAcc: 0.9722

 84,  0 | TrAcc: 0.9889, TrLoss:  0.03972, VaAcc: 0.9585, VaLoss:  0.15916
 MAP NN | TrAcc: 0.9915 | VaAcc: 0.9609 | TeAcc: 0.9731
 S NN | TrAcc: 0.9877 | VaAcc: 0.9565 | TeAcc: 0.9697

 85,  0 | TrAcc: 0.9869, TrLoss:  0.04409, VaAcc: 0.9600, VaLoss:  0.16291
 MAP NN | TrAcc: 0.9896 | VaAcc: 0.9629 | TeAcc: 0.9741
 S NN | TrAcc: 0.9845 | VaAcc: 0.9600 | TeAcc: 0.9766

 86,  0 | TrAcc: 0.9852, TrLoss:  0.04940, VaAcc: 0.9600, VaLoss:  0.16076
 MAP NN | TrAcc: 0.9886 | VaAcc: 0.9634 | TeAcc: 0.9717
 S NN | TrAcc: 0.9839 | VaAcc: 0.9570 | TeAcc: 0.9692

 87,  0 | TrAcc: 0.9856, TrLoss:  0.04406, VaAcc: 0.9658, VaLoss:  0.15016
 MAP NN | TrAcc: 0.9878 | VaAcc: 0.9614 | TeAcc: 0.9761
 S NN | TrAcc: 0.9846 | VaAcc: 0.9609 | TeAcc: 0.9712

 88,  0 | TrAcc: 0.9890, TrLoss:  0.03799, VaAcc: 0.9604, VaLoss:  0.16926
 MAP NN | TrAcc: 0.9910 | VaAcc: 0.9600 | TeAcc: 0.9731
 S NN | TrAcc: 0.9865 | VaAcc: 0.9561 | TeAcc: 0.9722

 89,  0 | TrAcc: 0.9890, TrLoss:  0.03872, VaAcc: 0.9624, VaLoss:  0.15721
 MAP NN | TrAcc: 0.9899 | VaAcc: 0.9624 | TeAcc: 0.9741
 S NN | TrAcc: 0.9873 | VaAcc: 0.9600 | TeAcc: 0.9756

 90,  0 | TrAcc: 0.9900, TrLoss:  0.03507, VaAcc: 0.9629, VaLoss:  0.15555
 MAP NN | TrAcc: 0.9930 | VaAcc: 0.9614 | TeAcc: 0.9722
 S NN | TrAcc: 0.9863 | VaAcc: 0.9604 | TeAcc: 0.9717

 91,  0 | TrAcc: 0.9911, TrLoss:  0.03295, VaAcc: 0.9648, VaLoss:  0.16150
 MAP NN | TrAcc: 0.9929 | VaAcc: 0.9634 | TeAcc: 0.9746
 S NN | TrAcc: 0.9888 | VaAcc: 0.9629 | TeAcc: 0.9761

 92,  0 | TrAcc: 0.9908, TrLoss:  0.03262, VaAcc: 0.9629, VaLoss:  0.16861
 MAP NN | TrAcc: 0.9932 | VaAcc: 0.9648 | TeAcc: 0.9766
 S NN | TrAcc: 0.9893 | VaAcc: 0.9629 | TeAcc: 0.9751

 93,  0 | TrAcc: 0.9910, TrLoss:  0.03213, VaAcc: 0.9629, VaLoss:  0.15952
 MAP NN | TrAcc: 0.9928 | VaAcc: 0.9595 | TeAcc: 0.9727
 S NN | TrAcc: 0.9899 | VaAcc: 0.9541 | TeAcc: 0.9712

 94,  0 | TrAcc: 0.9890, TrLoss:  0.03755, VaAcc: 0.9604, VaLoss:  0.17028
 MAP NN | TrAcc: 0.9900 | VaAcc: 0.9614 | TeAcc: 0.9751
 S NN | TrAcc: 0.9884 | VaAcc: 0.9619 | TeAcc: 0.9727

 95,  0 | TrAcc: 0.9910, TrLoss:  0.03057, VaAcc: 0.9644, VaLoss:  0.15807
 MAP NN | TrAcc: 0.9934 | VaAcc: 0.9644 | TeAcc: 0.9736
 S NN | TrAcc: 0.9919 | VaAcc: 0.9614 | TeAcc: 0.9761

 96,  0 | TrAcc: 0.9894, TrLoss:  0.03518, VaAcc: 0.9575, VaLoss:  0.16400
 MAP NN | TrAcc: 0.9921 | VaAcc: 0.9595 | TeAcc: 0.9722
 S NN | TrAcc: 0.9900 | VaAcc: 0.9546 | TeAcc: 0.9712

 97,  0 | TrAcc: 0.9877, TrLoss:  0.03892, VaAcc: 0.9648, VaLoss:  0.16255
 MAP NN | TrAcc: 0.9895 | VaAcc: 0.9634 | TeAcc: 0.9741
 S NN | TrAcc: 0.9874 | VaAcc: 0.9639 | TeAcc: 0.9756

 98,  0 | TrAcc: 0.9888, TrLoss:  0.03917, VaAcc: 0.9595, VaLoss:  0.16444
 MAP NN | TrAcc: 0.9922 | VaAcc: 0.9595 | TeAcc: 0.9731
 S NN | TrAcc: 0.9878 | VaAcc: 0.9565 | TeAcc: 0.9707

 99,  0 | TrAcc: 0.9897, TrLoss:  0.03592, VaAcc: 0.9609, VaLoss:  0.16202
 MAP NN | TrAcc: 0.9916 | VaAcc: 0.9629 | TeAcc: 0.9741
 S NN | TrAcc: 0.9893 | VaAcc: 0.9590 | TeAcc: 0.9756

100,  0 | TrAcc: 0.9908, TrLoss:  0.03342, VaAcc: 0.9663, VaLoss:  0.17009
 MAP NN | TrAcc: 0.9927 | VaAcc: 0.9629 | TeAcc: 0.9741
 S NN | TrAcc: 0.9901 | VaAcc: 0.9604 | TeAcc: 0.9741

101,  0 | TrAcc: 0.9884, TrLoss:  0.03608, VaAcc: 0.9609, VaLoss:  0.16414
 MAP NN | TrAcc: 0.9923 | VaAcc: 0.9614 | TeAcc: 0.9761
 S NN | TrAcc: 0.9901 | VaAcc: 0.9565 | TeAcc: 0.9731

102,  0 | TrAcc: 0.9902, TrLoss:  0.03445, VaAcc: 0.9590, VaLoss:  0.17130
 MAP NN | TrAcc: 0.9927 | VaAcc: 0.9644 | TeAcc: 0.9746
 S NN | TrAcc: 0.9899 | VaAcc: 0.9575 | TeAcc: 0.9717

103,  0 | TrAcc: 0.9899, TrLoss:  0.03378, VaAcc: 0.9619, VaLoss:  0.16431
 MAP NN | TrAcc: 0.9917 | VaAcc: 0.9639 | TeAcc: 0.9712
 S NN | TrAcc: 0.9919 | VaAcc: 0.9595 | TeAcc: 0.9736

104,  0 | TrAcc: 0.9889, TrLoss:  0.03635, VaAcc: 0.9604, VaLoss:  0.17012
 MAP NN | TrAcc: 0.9911 | VaAcc: 0.9604 | TeAcc: 0.9766
 S NN | TrAcc: 0.9896 | VaAcc: 0.9624 | TeAcc: 0.9741

105,  0 | TrAcc: 0.9915, TrLoss:  0.02975, VaAcc: 0.9639, VaLoss:  0.16300
 MAP NN | TrAcc: 0.9944 | VaAcc: 0.9629 | TeAcc: 0.9766
 S NN | TrAcc: 0.9928 | VaAcc: 0.9629 | TeAcc: 0.9746

106,  0 | TrAcc: 0.9916, TrLoss:  0.02895, VaAcc: 0.9639, VaLoss:  0.16307
 MAP NN | TrAcc: 0.9935 | VaAcc: 0.9644 | TeAcc: 0.9746
 S NN | TrAcc: 0.9906 | VaAcc: 0.9648 | TeAcc: 0.9741

107,  0 | TrAcc: 0.9890, TrLoss:  0.03466, VaAcc: 0.9614, VaLoss:  0.17430
 MAP NN | TrAcc: 0.9905 | VaAcc: 0.9604 | TeAcc: 0.9741
 S NN | TrAcc: 0.9889 | VaAcc: 0.9551 | TeAcc: 0.9751

108,  0 | TrAcc: 0.9912, TrLoss:  0.03416, VaAcc: 0.9629, VaLoss:  0.15460
 MAP NN | TrAcc: 0.9924 | VaAcc: 0.9629 | TeAcc: 0.9722
 S NN | TrAcc: 0.9871 | VaAcc: 0.9580 | TeAcc: 0.9702

109,  0 | TrAcc: 0.9912, TrLoss:  0.02949, VaAcc: 0.9658, VaLoss:  0.15769
 MAP NN | TrAcc: 0.9927 | VaAcc: 0.9648 | TeAcc: 0.9727
 S NN | TrAcc: 0.9926 | VaAcc: 0.9624 | TeAcc: 0.9736

110,  0 | TrAcc: 0.9910, TrLoss:  0.03134, VaAcc: 0.9619, VaLoss:  0.15599
 MAP NN | TrAcc: 0.9924 | VaAcc: 0.9668 | TeAcc: 0.9746
 S NN | TrAcc: 0.9897 | VaAcc: 0.9614 | TeAcc: 0.9741

111,  0 | TrAcc: 0.9919, TrLoss:  0.02986, VaAcc: 0.9619, VaLoss:  0.15797
 MAP NN | TrAcc: 0.9933 | VaAcc: 0.9619 | TeAcc: 0.9751
 S NN | TrAcc: 0.9905 | VaAcc: 0.9604 | TeAcc: 0.9712

112,  0 | TrAcc: 0.9900, TrLoss:  0.03135, VaAcc: 0.9604, VaLoss:  0.17016
 MAP NN | TrAcc: 0.9921 | VaAcc: 0.9614 | TeAcc: 0.9741
 S NN | TrAcc: 0.9900 | VaAcc: 0.9619 | TeAcc: 0.9746

113,  0 | TrAcc: 0.9930, TrLoss:  0.02664, VaAcc: 0.9609, VaLoss:  0.16689
 MAP NN | TrAcc: 0.9938 | VaAcc: 0.9639 | TeAcc: 0.9717
 S NN | TrAcc: 0.9915 | VaAcc: 0.9590 | TeAcc: 0.9722

114,  0 | TrAcc: 0.9905, TrLoss:  0.02887, VaAcc: 0.9658, VaLoss:  0.14790
 MAP NN | TrAcc: 0.9930 | VaAcc: 0.9648 | TeAcc: 0.9746
 S NN | TrAcc: 0.9927 | VaAcc: 0.9639 | TeAcc: 0.9731

115,  0 | TrAcc: 0.9923, TrLoss:  0.03069, VaAcc: 0.9600, VaLoss:  0.15991
 MAP NN | TrAcc: 0.9935 | VaAcc: 0.9600 | TeAcc: 0.9722
 S NN | TrAcc: 0.9917 | VaAcc: 0.9590 | TeAcc: 0.9702

116,  0 | TrAcc: 0.9913, TrLoss:  0.03199, VaAcc: 0.9634, VaLoss:  0.16607
 MAP NN | TrAcc: 0.9932 | VaAcc: 0.9609 | TeAcc: 0.9731
 S NN | TrAcc: 0.9908 | VaAcc: 0.9595 | TeAcc: 0.9727

117,  0 | TrAcc: 0.9917, TrLoss:  0.03228, VaAcc: 0.9619, VaLoss:  0.15615
 MAP NN | TrAcc: 0.9919 | VaAcc: 0.9595 | TeAcc: 0.9707
 S NN | TrAcc: 0.9901 | VaAcc: 0.9614 | TeAcc: 0.9712

118,  0 | TrAcc: 0.9912, TrLoss:  0.03375, VaAcc: 0.9648, VaLoss:  0.16028
 MAP NN | TrAcc: 0.9911 | VaAcc: 0.9619 | TeAcc: 0.9746
 S NN | TrAcc: 0.9891 | VaAcc: 0.9590 | TeAcc: 0.9736

119,  0 | TrAcc: 0.9926, TrLoss:  0.02878, VaAcc: 0.9634, VaLoss:  0.16558
 MAP NN | TrAcc: 0.9940 | VaAcc: 0.9634 | TeAcc: 0.9722
 S NN | TrAcc: 0.9918 | VaAcc: 0.9639 | TeAcc: 0.9741

120,  0 | TrAcc: 0.9921, TrLoss:  0.02862, VaAcc: 0.9663, VaLoss:  0.15116
 MAP NN | TrAcc: 0.9938 | VaAcc: 0.9658 | TeAcc: 0.9751
 S NN | TrAcc: 0.9906 | VaAcc: 0.9619 | TeAcc: 0.9731

121,  0 | TrAcc: 0.9919, TrLoss:  0.02819, VaAcc: 0.9575, VaLoss:  0.17055
 MAP NN | TrAcc: 0.9929 | VaAcc: 0.9619 | TeAcc: 0.9688
 S NN | TrAcc: 0.9930 | VaAcc: 0.9565 | TeAcc: 0.9751

122,  0 | TrAcc: 0.9937, TrLoss:  0.02498, VaAcc: 0.9614, VaLoss:  0.16758
 MAP NN | TrAcc: 0.9940 | VaAcc: 0.9609 | TeAcc: 0.9736
 S NN | TrAcc: 0.9932 | VaAcc: 0.9619 | TeAcc: 0.9722

123,  0 | TrAcc: 0.9937, TrLoss:  0.02674, VaAcc: 0.9614, VaLoss:  0.16389
 MAP NN | TrAcc: 0.9929 | VaAcc: 0.9604 | TeAcc: 0.9731
 S NN | TrAcc: 0.9911 | VaAcc: 0.9619 | TeAcc: 0.9751

124,  0 | TrAcc: 0.9928, TrLoss:  0.02581, VaAcc: 0.9600, VaLoss:  0.16505
 MAP NN | TrAcc: 0.9941 | VaAcc: 0.9648 | TeAcc: 0.9751
 S NN | TrAcc: 0.9926 | VaAcc: 0.9639 | TeAcc: 0.9722

125,  0 | TrAcc: 0.9932, TrLoss:  0.02468, VaAcc: 0.9619, VaLoss:  0.15926
 MAP NN | TrAcc: 0.9939 | VaAcc: 0.9673 | TeAcc: 0.9741
 S NN | TrAcc: 0.9933 | VaAcc: 0.9609 | TeAcc: 0.9727

126,  0 | TrAcc: 0.9916, TrLoss:  0.02878, VaAcc: 0.9653, VaLoss:  0.15744
 MAP NN | TrAcc: 0.9940 | VaAcc: 0.9653 | TeAcc: 0.9727
 S NN | TrAcc: 0.9910 | VaAcc: 0.9629 | TeAcc: 0.9727

127,  0 | TrAcc: 0.9932, TrLoss:  0.02580, VaAcc: 0.9653, VaLoss:  0.16289
 MAP NN | TrAcc: 0.9940 | VaAcc: 0.9653 | TeAcc: 0.9766
 S NN | TrAcc: 0.9933 | VaAcc: 0.9629 | TeAcc: 0.9766

128,  0 | TrAcc: 0.9915, TrLoss:  0.02905, VaAcc: 0.9600, VaLoss:  0.16347
 MAP NN | TrAcc: 0.9940 | VaAcc: 0.9619 | TeAcc: 0.9717
 S NN | TrAcc: 0.9913 | VaAcc: 0.9629 | TeAcc: 0.9707

129,  0 | TrAcc: 0.9922, TrLoss:  0.02766, VaAcc: 0.9624, VaLoss:  0.15735
 MAP NN | TrAcc: 0.9932 | VaAcc: 0.9614 | TeAcc: 0.9717
 S NN | TrAcc: 0.9924 | VaAcc: 0.9585 | TeAcc: 0.9746

130,  0 | TrAcc: 0.9944, TrLoss:  0.02405, VaAcc: 0.9634, VaLoss:  0.16670
 MAP NN | TrAcc: 0.9946 | VaAcc: 0.9658 | TeAcc: 0.9736
 S NN | TrAcc: 0.9946 | VaAcc: 0.9595 | TeAcc: 0.9722

131,  0 | TrAcc: 0.9944, TrLoss:  0.02252, VaAcc: 0.9653, VaLoss:  0.15549
 MAP NN | TrAcc: 0.9945 | VaAcc: 0.9658 | TeAcc: 0.9751
 S NN | TrAcc: 0.9934 | VaAcc: 0.9609 | TeAcc: 0.9722

132,  0 | TrAcc: 0.9924, TrLoss:  0.02591, VaAcc: 0.9609, VaLoss:  0.17059
 MAP NN | TrAcc: 0.9935 | VaAcc: 0.9644 | TeAcc: 0.9736
 S NN | TrAcc: 0.9943 | VaAcc: 0.9624 | TeAcc: 0.9741

133,  0 | TrAcc: 0.9932, TrLoss:  0.02294, VaAcc: 0.9624, VaLoss:  0.15881
 MAP NN | TrAcc: 0.9945 | VaAcc: 0.9634 | TeAcc: 0.9746
 S NN | TrAcc: 0.9941 | VaAcc: 0.9629 | TeAcc: 0.9775

134,  0 | TrAcc: 0.9935, TrLoss:  0.02347, VaAcc: 0.9585, VaLoss:  0.17355
 MAP NN | TrAcc: 0.9944 | VaAcc: 0.9639 | TeAcc: 0.9712
 S NN | TrAcc: 0.9924 | VaAcc: 0.9590 | TeAcc: 0.9736

135,  0 | TrAcc: 0.9915, TrLoss:  0.02975, VaAcc: 0.9639, VaLoss:  0.16369
 MAP NN | TrAcc: 0.9926 | VaAcc: 0.9653 | TeAcc: 0.9761
 S NN | TrAcc: 0.9900 | VaAcc: 0.9653 | TeAcc: 0.9761

136,  0 | TrAcc: 0.9919, TrLoss:  0.02692, VaAcc: 0.9634, VaLoss:  0.16260
 MAP NN | TrAcc: 0.9938 | VaAcc: 0.9648 | TeAcc: 0.9761
 S NN | TrAcc: 0.9929 | VaAcc: 0.9648 | TeAcc: 0.9780

137,  0 | TrAcc: 0.9924, TrLoss:  0.02660, VaAcc: 0.9648, VaLoss:  0.16191
 MAP NN | TrAcc: 0.9934 | VaAcc: 0.9639 | TeAcc: 0.9771
 S NN | TrAcc: 0.9935 | VaAcc: 0.9653 | TeAcc: 0.9731

138,  0 | TrAcc: 0.9908, TrLoss:  0.02977, VaAcc: 0.9614, VaLoss:  0.17277
 MAP NN | TrAcc: 0.9924 | VaAcc: 0.9639 | TeAcc: 0.9741
 S NN | TrAcc: 0.9921 | VaAcc: 0.9624 | TeAcc: 0.9731

139,  0 | TrAcc: 0.9919, TrLoss:  0.02668, VaAcc: 0.9619, VaLoss:  0.16593
 MAP NN | TrAcc: 0.9941 | VaAcc: 0.9614 | TeAcc: 0.9717
 S NN | TrAcc: 0.9904 | VaAcc: 0.9604 | TeAcc: 0.9727

140,  0 | TrAcc: 0.9928, TrLoss:  0.02782, VaAcc: 0.9614, VaLoss:  0.16042
 MAP NN | TrAcc: 0.9932 | VaAcc: 0.9648 | TeAcc: 0.9722
 S NN | TrAcc: 0.9913 | VaAcc: 0.9590 | TeAcc: 0.9717

141,  0 | TrAcc: 0.9930, TrLoss:  0.02538, VaAcc: 0.9683, VaLoss:  0.15787
 MAP NN | TrAcc: 0.9943 | VaAcc: 0.9653 | TeAcc: 0.9746
 S NN | TrAcc: 0.9907 | VaAcc: 0.9634 | TeAcc: 0.9756

142,  0 | TrAcc: 0.9930, TrLoss:  0.02380, VaAcc: 0.9614, VaLoss:  0.16753
 MAP NN | TrAcc: 0.9934 | VaAcc: 0.9619 | TeAcc: 0.9731
 S NN | TrAcc: 0.9941 | VaAcc: 0.9604 | TeAcc: 0.9746

143,  0 | TrAcc: 0.9911, TrLoss:  0.03244, VaAcc: 0.9609, VaLoss:  0.16699
 MAP NN | TrAcc: 0.9918 | VaAcc: 0.9575 | TeAcc: 0.9756
 S NN | TrAcc: 0.9899 | VaAcc: 0.9580 | TeAcc: 0.9722

144,  0 | TrAcc: 0.9906, TrLoss:  0.03104, VaAcc: 0.9629, VaLoss:  0.17349
 MAP NN | TrAcc: 0.9917 | VaAcc: 0.9619 | TeAcc: 0.9771
 S NN | TrAcc: 0.9890 | VaAcc: 0.9585 | TeAcc: 0.9746

145,  0 | TrAcc: 0.9913, TrLoss:  0.02883, VaAcc: 0.9634, VaLoss:  0.17311
 MAP NN | TrAcc: 0.9922 | VaAcc: 0.9614 | TeAcc: 0.9736
 S NN | TrAcc: 0.9897 | VaAcc: 0.9590 | TeAcc: 0.9702

146,  0 | TrAcc: 0.9944, TrLoss:  0.02320, VaAcc: 0.9600, VaLoss:  0.17024
 MAP NN | TrAcc: 0.9952 | VaAcc: 0.9644 | TeAcc: 0.9756
 S NN | TrAcc: 0.9938 | VaAcc: 0.9634 | TeAcc: 0.9761

147,  0 | TrAcc: 0.9935, TrLoss:  0.02361, VaAcc: 0.9629, VaLoss:  0.16863
 MAP NN | TrAcc: 0.9944 | VaAcc: 0.9624 | TeAcc: 0.9756
 S NN | TrAcc: 0.9934 | VaAcc: 0.9629 | TeAcc: 0.9756

148,  0 | TrAcc: 0.9937, TrLoss:  0.02468, VaAcc: 0.9639, VaLoss:  0.16907
 MAP NN | TrAcc: 0.9952 | VaAcc: 0.9585 | TeAcc: 0.9712
 S NN | TrAcc: 0.9938 | VaAcc: 0.9590 | TeAcc: 0.9731

149,  0 | TrAcc: 0.9919, TrLoss:  0.02993, VaAcc: 0.9600, VaLoss:  0.17266
 MAP NN | TrAcc: 0.9928 | VaAcc: 0.9614 | TeAcc: 0.9707
 S NN | TrAcc: 0.9912 | VaAcc: 0.9609 | TeAcc: 0.9707

150,  0 | TrAcc: 0.9921, TrLoss:  0.02731, VaAcc: 0.9600, VaLoss:  0.17318
 MAP NN | TrAcc: 0.9938 | VaAcc: 0.9614 | TeAcc: 0.9746
 S NN | TrAcc: 0.9918 | VaAcc: 0.9580 | TeAcc: 0.9746

151,  0 | TrAcc: 0.9919, TrLoss:  0.02748, VaAcc: 0.9639, VaLoss:  0.17746
 MAP NN | TrAcc: 0.9939 | VaAcc: 0.9634 | TeAcc: 0.9766
 S NN | TrAcc: 0.9932 | VaAcc: 0.9609 | TeAcc: 0.9780

152,  0 | TrAcc: 0.9928, TrLoss:  0.02479, VaAcc: 0.9614, VaLoss:  0.16339
 MAP NN | TrAcc: 0.9941 | VaAcc: 0.9629 | TeAcc: 0.9727
 S NN | TrAcc: 0.9938 | VaAcc: 0.9614 | TeAcc: 0.9756

153,  0 | TrAcc: 0.9923, TrLoss:  0.02782, VaAcc: 0.9604, VaLoss:  0.16812
 MAP NN | TrAcc: 0.9926 | VaAcc: 0.9614 | TeAcc: 0.9727
 S NN | TrAcc: 0.9919 | VaAcc: 0.9624 | TeAcc: 0.9741

154,  0 | TrAcc: 0.9941, TrLoss:  0.02420, VaAcc: 0.9648, VaLoss:  0.16477
 MAP NN | TrAcc: 0.9949 | VaAcc: 0.9644 | TeAcc: 0.9766
 S NN | TrAcc: 0.9934 | VaAcc: 0.9619 | TeAcc: 0.9761

155,  0 | TrAcc: 0.9938, TrLoss:  0.02585, VaAcc: 0.9604, VaLoss:  0.16674
 MAP NN | TrAcc: 0.9941 | VaAcc: 0.9634 | TeAcc: 0.9727
 S NN | TrAcc: 0.9930 | VaAcc: 0.9634 | TeAcc: 0.9727

156,  0 | TrAcc: 0.9907, TrLoss:  0.03173, VaAcc: 0.9604, VaLoss:  0.17054
 MAP NN | TrAcc: 0.9912 | VaAcc: 0.9604 | TeAcc: 0.9712
 S NN | TrAcc: 0.9905 | VaAcc: 0.9590 | TeAcc: 0.9717

157,  0 | TrAcc: 0.9904, TrLoss:  0.03237, VaAcc: 0.9585, VaLoss:  0.17447
 MAP NN | TrAcc: 0.9916 | VaAcc: 0.9580 | TeAcc: 0.9717
 S NN | TrAcc: 0.9844 | VaAcc: 0.9565 | TeAcc: 0.9731

158,  0 | TrAcc: 0.9861, TrLoss:  0.04266, VaAcc: 0.9614, VaLoss:  0.18148
 MAP NN | TrAcc: 0.9875 | VaAcc: 0.9619 | TeAcc: 0.9727
 S NN | TrAcc: 0.9844 | VaAcc: 0.9585 | TeAcc: 0.9731

159,  0 | TrAcc: 0.9901, TrLoss:  0.03425, VaAcc: 0.9590, VaLoss:  0.17879
 MAP NN | TrAcc: 0.9906 | VaAcc: 0.9580 | TeAcc: 0.9751
 S NN | TrAcc: 0.9896 | VaAcc: 0.9561 | TeAcc: 0.9722

160,  0 | TrAcc: 0.9918, TrLoss:  0.02787, VaAcc: 0.9624, VaLoss:  0.17349
 MAP NN | TrAcc: 0.9929 | VaAcc: 0.9639 | TeAcc: 0.9731
 S NN | TrAcc: 0.9906 | VaAcc: 0.9653 | TeAcc: 0.9741

161,  0 | TrAcc: 0.9932, TrLoss:  0.02676, VaAcc: 0.9595, VaLoss:  0.16394
 MAP NN | TrAcc: 0.9934 | VaAcc: 0.9604 | TeAcc: 0.9741
 S NN | TrAcc: 0.9939 | VaAcc: 0.9619 | TeAcc: 0.9746

162,  0 | TrAcc: 0.9927, TrLoss:  0.02657, VaAcc: 0.9624, VaLoss:  0.16343
 MAP NN | TrAcc: 0.9945 | VaAcc: 0.9619 | TeAcc: 0.9731
 S NN | TrAcc: 0.9927 | VaAcc: 0.9624 | TeAcc: 0.9756

163,  0 | TrAcc: 0.9928, TrLoss:  0.02436, VaAcc: 0.9609, VaLoss:  0.16916
 MAP NN | TrAcc: 0.9935 | VaAcc: 0.9595 | TeAcc: 0.9731
 S NN | TrAcc: 0.9924 | VaAcc: 0.9609 | TeAcc: 0.9756

164,  0 | TrAcc: 0.9948, TrLoss:  0.02098, VaAcc: 0.9658, VaLoss:  0.15716
 MAP NN | TrAcc: 0.9952 | VaAcc: 0.9639 | TeAcc: 0.9736
 S NN | TrAcc: 0.9943 | VaAcc: 0.9619 | TeAcc: 0.9741

165,  0 | TrAcc: 0.9919, TrLoss:  0.02428, VaAcc: 0.9648, VaLoss:  0.16231
 MAP NN | TrAcc: 0.9935 | VaAcc: 0.9678 | TeAcc: 0.9780
 S NN | TrAcc: 0.9930 | VaAcc: 0.9673 | TeAcc: 0.9751

166,  0 | TrAcc: 0.9954, TrLoss:  0.01939, VaAcc: 0.9604, VaLoss:  0.17032
 MAP NN | TrAcc: 0.9967 | VaAcc: 0.9619 | TeAcc: 0.9766
 S NN | TrAcc: 0.9962 | VaAcc: 0.9595 | TeAcc: 0.9766

167,  0 | TrAcc: 0.9937, TrLoss:  0.02350, VaAcc: 0.9600, VaLoss:  0.16705
 MAP NN | TrAcc: 0.9951 | VaAcc: 0.9604 | TeAcc: 0.9746
 S NN | TrAcc: 0.9934 | VaAcc: 0.9624 | TeAcc: 0.9741

168,  0 | TrAcc: 0.9955, TrLoss:  0.01884, VaAcc: 0.9634, VaLoss:  0.17469
 MAP NN | TrAcc: 0.9965 | VaAcc: 0.9619 | TeAcc: 0.9736
 S NN | TrAcc: 0.9961 | VaAcc: 0.9614 | TeAcc: 0.9741

169,  0 | TrAcc: 0.9958, TrLoss:  0.01815, VaAcc: 0.9619, VaLoss:  0.16678
 MAP NN | TrAcc: 0.9966 | VaAcc: 0.9595 | TeAcc: 0.9756
 S NN | TrAcc: 0.9963 | VaAcc: 0.9644 | TeAcc: 0.9756

170,  0 | TrAcc: 0.9955, TrLoss:  0.01959, VaAcc: 0.9604, VaLoss:  0.16022
 MAP NN | TrAcc: 0.9963 | VaAcc: 0.9624 | TeAcc: 0.9717
 S NN | TrAcc: 0.9967 | VaAcc: 0.9629 | TeAcc: 0.9741

171,  0 | TrAcc: 0.9943, TrLoss:  0.02129, VaAcc: 0.9604, VaLoss:  0.16874
 MAP NN | TrAcc: 0.9957 | VaAcc: 0.9590 | TeAcc: 0.9731
 S NN | TrAcc: 0.9950 | VaAcc: 0.9624 | TeAcc: 0.9717

172,  0 | TrAcc: 0.9934, TrLoss:  0.02031, VaAcc: 0.9624, VaLoss:  0.16662
 MAP NN | TrAcc: 0.9960 | VaAcc: 0.9614 | TeAcc: 0.9766
 S NN | TrAcc: 0.9944 | VaAcc: 0.9585 | TeAcc: 0.9771

173,  0 | TrAcc: 0.9927, TrLoss:  0.02766, VaAcc: 0.9644, VaLoss:  0.16568
 MAP NN | TrAcc: 0.9938 | VaAcc: 0.9648 | TeAcc: 0.9736
 S NN | TrAcc: 0.9929 | VaAcc: 0.9653 | TeAcc: 0.9722

174,  0 | TrAcc: 0.9908, TrLoss:  0.03013, VaAcc: 0.9634, VaLoss:  0.16342
 MAP NN | TrAcc: 0.9927 | VaAcc: 0.9609 | TeAcc: 0.9751
 S NN | TrAcc: 0.9926 | VaAcc: 0.9585 | TeAcc: 0.9761

175,  0 | TrAcc: 0.9932, TrLoss:  0.02465, VaAcc: 0.9624, VaLoss:  0.16863
 MAP NN | TrAcc: 0.9940 | VaAcc: 0.9624 | TeAcc: 0.9731
 S NN | TrAcc: 0.9937 | VaAcc: 0.9629 | TeAcc: 0.9722

176,  0 | TrAcc: 0.9933, TrLoss:  0.02329, VaAcc: 0.9619, VaLoss:  0.17926
 MAP NN | TrAcc: 0.9934 | VaAcc: 0.9614 | TeAcc: 0.9722
 S NN | TrAcc: 0.9923 | VaAcc: 0.9604 | TeAcc: 0.9731

177,  0 | TrAcc: 0.9939, TrLoss:  0.02231, VaAcc: 0.9653, VaLoss:  0.15983
 MAP NN | TrAcc: 0.9957 | VaAcc: 0.9614 | TeAcc: 0.9731
 S NN | TrAcc: 0.9939 | VaAcc: 0.9629 | TeAcc: 0.9746

178,  0 | TrAcc: 0.9939, TrLoss:  0.02114, VaAcc: 0.9585, VaLoss:  0.16966
 MAP NN | TrAcc: 0.9949 | VaAcc: 0.9575 | TeAcc: 0.9741
 S NN | TrAcc: 0.9946 | VaAcc: 0.9590 | TeAcc: 0.9741

179,  0 | TrAcc: 0.9952, TrLoss:  0.01987, VaAcc: 0.9619, VaLoss:  0.16877
 MAP NN | TrAcc: 0.9961 | VaAcc: 0.9604 | TeAcc: 0.9727
 S NN | TrAcc: 0.9948 | VaAcc: 0.9600 | TeAcc: 0.9736

180,  0 | TrAcc: 0.9939, TrLoss:  0.02122, VaAcc: 0.9644, VaLoss:  0.17225
 MAP NN | TrAcc: 0.9943 | VaAcc: 0.9648 | TeAcc: 0.9736
 S NN | TrAcc: 0.9941 | VaAcc: 0.9604 | TeAcc: 0.9727

181,  0 | TrAcc: 0.9945, TrLoss:  0.02009, VaAcc: 0.9644, VaLoss:  0.16681
 MAP NN | TrAcc: 0.9956 | VaAcc: 0.9644 | TeAcc: 0.9736
 S NN | TrAcc: 0.9944 | VaAcc: 0.9619 | TeAcc: 0.9761

182,  0 | TrAcc: 0.9945, TrLoss:  0.02076, VaAcc: 0.9614, VaLoss:  0.16895
 MAP NN | TrAcc: 0.9950 | VaAcc: 0.9653 | TeAcc: 0.9780
 S NN | TrAcc: 0.9934 | VaAcc: 0.9648 | TeAcc: 0.9771

183,  0 | TrAcc: 0.9949, TrLoss:  0.02108, VaAcc: 0.9604, VaLoss:  0.16779
 MAP NN | TrAcc: 0.9948 | VaAcc: 0.9619 | TeAcc: 0.9731
 S NN | TrAcc: 0.9945 | VaAcc: 0.9619 | TeAcc: 0.9746

184,  0 | TrAcc: 0.9961, TrLoss:  0.01755, VaAcc: 0.9644, VaLoss:  0.15884
 MAP NN | TrAcc: 0.9967 | VaAcc: 0.9653 | TeAcc: 0.9746
 S NN | TrAcc: 0.9962 | VaAcc: 0.9648 | TeAcc: 0.9756

185,  0 | TrAcc: 0.9951, TrLoss:  0.01793, VaAcc: 0.9634, VaLoss:  0.16916
 MAP NN | TrAcc: 0.9962 | VaAcc: 0.9609 | TeAcc: 0.9736
 S NN | TrAcc: 0.9952 | VaAcc: 0.9595 | TeAcc: 0.9727

186,  0 | TrAcc: 0.9961, TrLoss:  0.01701, VaAcc: 0.9639, VaLoss:  0.16581
 MAP NN | TrAcc: 0.9969 | VaAcc: 0.9658 | TeAcc: 0.9727
 S NN | TrAcc: 0.9967 | VaAcc: 0.9648 | TeAcc: 0.9727

187,  0 | TrAcc: 0.9962, TrLoss:  0.01576, VaAcc: 0.9634, VaLoss:  0.15745
 MAP NN | TrAcc: 0.9966 | VaAcc: 0.9668 | TeAcc: 0.9746
 S NN | TrAcc: 0.9969 | VaAcc: 0.9648 | TeAcc: 0.9746

188,  0 | TrAcc: 0.9967, TrLoss:  0.01665, VaAcc: 0.9639, VaLoss:  0.17000
 MAP NN | TrAcc: 0.9971 | VaAcc: 0.9653 | TeAcc: 0.9766
 S NN | TrAcc: 0.9960 | VaAcc: 0.9639 | TeAcc: 0.9761

189,  0 | TrAcc: 0.9955, TrLoss:  0.01677, VaAcc: 0.9634, VaLoss:  0.15715
 MAP NN | TrAcc: 0.9960 | VaAcc: 0.9624 | TeAcc: 0.9756
 S NN | TrAcc: 0.9958 | VaAcc: 0.9600 | TeAcc: 0.9731

190,  0 | TrAcc: 0.9934, TrLoss:  0.02434, VaAcc: 0.9614, VaLoss:  0.16541
 MAP NN | TrAcc: 0.9943 | VaAcc: 0.9639 | TeAcc: 0.9722
 S NN | TrAcc: 0.9937 | VaAcc: 0.9629 | TeAcc: 0.9731

191,  0 | TrAcc: 0.9941, TrLoss:  0.02062, VaAcc: 0.9629, VaLoss:  0.16739
 MAP NN | TrAcc: 0.9950 | VaAcc: 0.9634 | TeAcc: 0.9761
 S NN | TrAcc: 0.9941 | VaAcc: 0.9614 | TeAcc: 0.9766

192,  0 | TrAcc: 0.9949, TrLoss:  0.01899, VaAcc: 0.9614, VaLoss:  0.17097
 MAP NN | TrAcc: 0.9955 | VaAcc: 0.9629 | TeAcc: 0.9712
 S NN | TrAcc: 0.9956 | VaAcc: 0.9629 | TeAcc: 0.9727

193,  0 | TrAcc: 0.9950, TrLoss:  0.01875, VaAcc: 0.9619, VaLoss:  0.16073
 MAP NN | TrAcc: 0.9957 | VaAcc: 0.9629 | TeAcc: 0.9736
 S NN | TrAcc: 0.9957 | VaAcc: 0.9614 | TeAcc: 0.9722

194,  0 | TrAcc: 0.9938, TrLoss:  0.02085, VaAcc: 0.9634, VaLoss:  0.17056
 MAP NN | TrAcc: 0.9950 | VaAcc: 0.9634 | TeAcc: 0.9761
 S NN | TrAcc: 0.9949 | VaAcc: 0.9624 | TeAcc: 0.9761

195,  0 | TrAcc: 0.9938, TrLoss:  0.02445, VaAcc: 0.9614, VaLoss:  0.18165
 MAP NN | TrAcc: 0.9946 | VaAcc: 0.9629 | TeAcc: 0.9736
 S NN | TrAcc: 0.9945 | VaAcc: 0.9614 | TeAcc: 0.9751

196,  0 | TrAcc: 0.9941, TrLoss:  0.02015, VaAcc: 0.9614, VaLoss:  0.17394
 MAP NN | TrAcc: 0.9948 | VaAcc: 0.9624 | TeAcc: 0.9766
 S NN | TrAcc: 0.9946 | VaAcc: 0.9639 | TeAcc: 0.9751

197,  0 | TrAcc: 0.9917, TrLoss:  0.02747, VaAcc: 0.9614, VaLoss:  0.16293
 MAP NN | TrAcc: 0.9932 | VaAcc: 0.9634 | TeAcc: 0.9746
 S NN | TrAcc: 0.9911 | VaAcc: 0.9629 | TeAcc: 0.9736

198,  0 | TrAcc: 0.9934, TrLoss:  0.02447, VaAcc: 0.9644, VaLoss:  0.16293
 MAP NN | TrAcc: 0.9938 | VaAcc: 0.9639 | TeAcc: 0.9756
 S NN | TrAcc: 0.9933 | VaAcc: 0.9634 | TeAcc: 0.9746

199,  0 | TrAcc: 0.9945, TrLoss:  0.02315, VaAcc: 0.9604, VaLoss:  0.16782
 MAP NN | TrAcc: 0.9954 | VaAcc: 0.9614 | TeAcc: 0.9717
 S NN | TrAcc: 0.9940 | VaAcc: 0.9595 | TeAcc: 0.9712

Results for va_b
Metric: elogl 
 0.317 in iteration    0
Metric: acc   
 96.83 % in iteration  141
Results for va_s
Metric: acc   
 96.73 % in iteration  165
Metric: loss  
EARLY STOP FOR te_s
 97.51 % in iteration  165
