tr
(8080, 4, 45)
te
(1450, 4, 45)
va
(1730, 4, 45)

=============================
CONFIG FILE
====================================
Training configuration

Learning rate: 0.2, 	Learning rate anneal: inf, 	Tau:  1.0
Algorithm: reparametrization, 	STE: disabled, 	n forward passes: 1
Var reg: 0.0, 	Dir reg: 0.0, 	Ent reg: 0.0
Data multiplier: None
Gradient clipping: False, 	Gradient clip value: 1.0

Layer #0
output_layer
Layer norm: False, 	LR Adapt: 
Dropout: False, 	p_dropout: 0.95

Layer #1
lstm_0
Layer norm: False, 	LR Adapt: 
Dropout: False, 	p_dropout: 0.95

Layer #2
lstm_1
Layer norm: False, 	LR Adapt: 
Dropout: False, 	p_dropout: 0.95
====================================
RNN configuration

Layer #0, 	Type: input_layer, 	Scope: 
Units: 4, 	N activation bins: None

Layer #1, 	Type: lstm layer, 	Scope: lstm_0
Units: 50, 	N activation bins: None
Bias: True, 	N activation bins: 2, 	Discrete activation: False
Type: ternary, 	Parametetrization: sigmoid, 	Priors: [0.3333333333333333, 0.3333333333333333, 0.3333333333333333]
p_init_min: 0.05, 	p_init_max: 0.95
SB init: ('xavier', None), 	SA init: ('dirichlet', [0.3, 0.3, 0.3])
Type: gaussian, 	M init: ('constant', -1.5), 	Log V init: ('constant', -9.210340371976182)
M prior: 0.0, 	 Log V prior: 0.0
None
Bias: True, 	N activation bins: 2, 	Discrete activation: False
Type: ternary, 	Parametetrization: sigmoid, 	Priors: [0.3333333333333333, 0.3333333333333333, 0.3333333333333333]
p_init_min: 0.05, 	p_init_max: 0.95
SB init: ('xavier', None), 	SA init: ('dirichlet', [0.3, 0.3, 0.3])
Type: gaussian, 	M init: ('xavier', None), 	Log V init: ('constant', -9.210340371976182)
M prior: 0.0, 	 Log V prior: 0.0
None
Bias: True, 	N activation bins: 2, 	Discrete activation: False
Type: ternary, 	Parametetrization: sigmoid, 	Priors: [0.3333333333333333, 0.3333333333333333, 0.3333333333333333]
p_init_min: 0.05, 	p_init_max: 0.95
SB init: ('xavier', None), 	SA init: ('dirichlet', [0.3, 0.3, 0.3])
Type: gaussian, 	M init: ('xavier', None), 	Log V init: ('constant', -9.210340371976182)
M prior: 0.0, 	 Log V prior: 0.0
None

Layer #2, 	Type: lstm layer, 	Scope: lstm_1
Units: 30, 	N activation bins: None
Bias: True, 	N activation bins: 2, 	Discrete activation: False
Type: ternary, 	Parametetrization: sigmoid, 	Priors: [0.3333333333333333, 0.3333333333333333, 0.3333333333333333]
p_init_min: 0.05, 	p_init_max: 0.95
SB init: ('xavier', None), 	SA init: ('dirichlet', [0.3, 0.3, 0.3])
Type: gaussian, 	M init: ('constant', -1.5), 	Log V init: ('constant', -9.210340371976182)
M prior: 0.0, 	 Log V prior: 0.0
None
Bias: True, 	N activation bins: 2, 	Discrete activation: False
Type: ternary, 	Parametetrization: sigmoid, 	Priors: [0.3333333333333333, 0.3333333333333333, 0.3333333333333333]
p_init_min: 0.05, 	p_init_max: 0.95
SB init: ('xavier', None), 	SA init: ('dirichlet', [0.3, 0.3, 0.3])
Type: gaussian, 	M init: ('xavier', None), 	Log V init: ('constant', -9.210340371976182)
M prior: 0.0, 	 Log V prior: 0.0
None
Bias: True, 	N activation bins: 2, 	Discrete activation: False
Type: ternary, 	Parametetrization: sigmoid, 	Priors: [0.3333333333333333, 0.3333333333333333, 0.3333333333333333]
p_init_min: 0.05, 	p_init_max: 0.95
SB init: ('xavier', None), 	SA init: ('dirichlet', [0.3, 0.3, 0.3])
Type: gaussian, 	M init: ('xavier', None), 	Log V init: ('constant', -9.210340371976182)
M prior: 0.0, 	 Log V prior: 0.0
None

Layer #3, 	Type: ff layer, 	Scope: output_layer
Units: 10, 	N activation bins: None
====================================
Dataset configuration

Filename: /clusterFS/home/student/kopp13/datasets/mnist_pen_strokes/mps_all_tr.mat
Key: tr, 	In seq len: 45
Minibatch:  True, 	Size: 1024
Target bias removed: True, 	Shuffle: True

Filename: /clusterFS/home/student/kopp13/datasets/mnist_pen_strokes/mps_all_te.mat
Key: te, 	In seq len: 45
Minibatch:  True, 	Size: 1024
Target bias removed: True, 	Shuffle: False

Filename: /clusterFS/home/student/kopp13/datasets/mnist_pen_strokes/mps_all_va.mat
Key: va, 	In seq len: 45
Minibatch:  True, 	Size: 1024
Target bias removed: True, 	Shuffle: False
====================================
Info configuration

Filename:  test
Timer: False, 	Profiling: False, 	Profiling path: None
Save training metrics: True, 	Path: ../nr_spsc/
Save weights: False, 	Every: 1, 	Save best weights: False
Compute T Metrics every: 1

Load model from m_model0, 	 Force it: True
No model saving

starting
[('lstm_0/bc:0', 'lstm_0/bc'), ('lstm_0/bi:0', 'lstm_0/bi'), ('lstm_0/bo:0', 'lstm_0/bo'), ('lstm_0/wc:0', 'lstm_0/wc'), ('lstm_0/wi:0', 'lstm_0/wi'), ('lstm_0/wo:0', 'lstm_0/wo'), ('lstm_1/bc:0', 'lstm_1/bc'), ('lstm_1/bi:0', 'lstm_1/bi'), ('lstm_1/bo:0', 'lstm_1/bo'), ('lstm_1/wc:0', 'lstm_1/wc'), ('lstm_1/wi:0', 'lstm_1/wi'), ('lstm_1/wo:0', 'lstm_1/wo'), ('output_layer/b:0', 'output_layer/b'), ('output_layer/w:0', 'output_layer/w')]
output_layer/w
output_layer/b
=====
New variable
lstm_0/bc:0
lstm_0/bc
=====
New variable
lstm_0/bi:0
lstm_0/bi
=====
New variable
lstm_0/bo:0
lstm_0/bo
=====
New variable
lstm_0/wc:0
lstm_0/wc
=====
New variable
lstm_0/wi:0
lstm_0/wi
=====
New variable
lstm_0/wo:0
lstm_0/wo
=====
New variable
lstm_1/bc:0
lstm_1/bc
=====
New variable
lstm_1/bi:0
lstm_1/bi
=====
New variable
lstm_1/bo:0
lstm_1/bo
=====
New variable
lstm_1/wc:0
lstm_1/wc
=====
New variable
lstm_1/wi:0
lstm_1/wi
=====
New variable
lstm_1/wo:0
lstm_1/wo
=====
New variable
output_layer/b:0
output_layer/b
=====
New variable
output_layer/w:0
output_layer/w
=====
loaded
  0,  0 | TrAcc: 0.2816, TrLoss:  2.19855, VaAcc: 0.3364, VaLoss:  1.96539
 MAP NN | TrAcc: 0.6495 | VaAcc: 0.7070 | TeAcc: 0.4814
 S NN | TrAcc: 0.1879 | VaAcc: 0.1489 | TeAcc: 0.1738

  1,  0 | TrAcc: 0.4414, TrLoss:  1.66192, VaAcc: 0.4160, VaLoss:  1.66549
 MAP NN | TrAcc: 0.6406 | VaAcc: 0.6958 | TeAcc: 0.4512
 S NN | TrAcc: 0.4525 | VaAcc: 0.4761 | TeAcc: 0.2412

  2,  0 | TrAcc: 0.6694, TrLoss:  1.06738, VaAcc: 0.5576, VaLoss:  1.17250
 MAP NN | TrAcc: 0.6869 | VaAcc: 0.7275 | TeAcc: 0.4854
 S NN | TrAcc: 0.4891 | VaAcc: 0.5688 | TeAcc: 0.6841

  3,  0 | TrAcc: 0.7036, TrLoss:  0.89457, VaAcc: 0.8271, VaLoss:  0.63434
 MAP NN | TrAcc: 0.7793 | VaAcc: 0.8018 | TeAcc: 0.8604
 S NN | TrAcc: 0.4312 | VaAcc: 0.6846 | TeAcc: 0.7861

  4,  0 | TrAcc: 0.7626, TrLoss:  0.77965, VaAcc: 0.7842, VaLoss:  0.70206
 MAP NN | TrAcc: 0.7909 | VaAcc: 0.8223 | TeAcc: 0.8618
 S NN | TrAcc: 0.6139 | VaAcc: 0.5996 | TeAcc: 0.4668

  5,  0 | TrAcc: 0.7743, TrLoss:  0.71821, VaAcc: 0.8877, VaLoss:  0.46311
 MAP NN | TrAcc: 0.7972 | VaAcc: 0.8203 | TeAcc: 0.8784
 S NN | TrAcc: 0.6254 | VaAcc: 0.6895 | TeAcc: 0.5347

  6,  0 | TrAcc: 0.8091, TrLoss:  0.62274, VaAcc: 0.8501, VaLoss:  0.50754
 MAP NN | TrAcc: 0.8632 | VaAcc: 0.8745 | TeAcc: 0.9136
 S NN | TrAcc: 0.7506 | VaAcc: 0.7417 | TeAcc: 0.7402

  7,  0 | TrAcc: 0.7992, TrLoss:  0.67702, VaAcc: 0.8413, VaLoss:  0.54771
 MAP NN | TrAcc: 0.8099 | VaAcc: 0.8359 | TeAcc: 0.8574
 S NN | TrAcc: 0.6874 | VaAcc: 0.7695 | TeAcc: 0.8506

  8,  0 | TrAcc: 0.8346, TrLoss:  0.56072, VaAcc: 0.6826, VaLoss:  0.64366
 MAP NN | TrAcc: 0.8767 | VaAcc: 0.8828 | TeAcc: 0.9141
 S NN | TrAcc: 0.6790 | VaAcc: 0.7720 | TeAcc: 0.8623

  9,  0 | TrAcc: 0.8444, TrLoss:  0.51594, VaAcc: 0.8667, VaLoss:  0.45786
 MAP NN | TrAcc: 0.8824 | VaAcc: 0.8882 | TeAcc: 0.9209
 S NN | TrAcc: 0.7567 | VaAcc: 0.8188 | TeAcc: 0.9038

 10,  0 | TrAcc: 0.8723, TrLoss:  0.43184, VaAcc: 0.9082, VaLoss:  0.34258
 MAP NN | TrAcc: 0.8931 | VaAcc: 0.8999 | TeAcc: 0.9248
 S NN | TrAcc: 0.7871 | VaAcc: 0.8208 | TeAcc: 0.8613

 11,  0 | TrAcc: 0.8933, TrLoss:  0.36366, VaAcc: 0.9009, VaLoss:  0.36943
 MAP NN | TrAcc: 0.8923 | VaAcc: 0.9033 | TeAcc: 0.9287
 S NN | TrAcc: 0.7867 | VaAcc: 0.8076 | TeAcc: 0.8433

 12,  0 | TrAcc: 0.8892, TrLoss:  0.37677, VaAcc: 0.9062, VaLoss:  0.34031
 MAP NN | TrAcc: 0.9003 | VaAcc: 0.9072 | TeAcc: 0.9346
 S NN | TrAcc: 0.7902 | VaAcc: 0.8340 | TeAcc: 0.8481

 13,  0 | TrAcc: 0.8989, TrLoss:  0.35572, VaAcc: 0.9072, VaLoss:  0.37848
 MAP NN | TrAcc: 0.9113 | VaAcc: 0.9141 | TeAcc: 0.9365
 S NN | TrAcc: 0.8459 | VaAcc: 0.6992 | TeAcc: 0.8853

 14,  0 | TrAcc: 0.9003, TrLoss:  0.34601, VaAcc: 0.9019, VaLoss:  0.37749
 MAP NN | TrAcc: 0.9014 | VaAcc: 0.9043 | TeAcc: 0.9277
 S NN | TrAcc: 0.8210 | VaAcc: 0.8647 | TeAcc: 0.8384

 15,  0 | TrAcc: 0.9021, TrLoss:  0.32796, VaAcc: 0.9087, VaLoss:  0.32589
 MAP NN | TrAcc: 0.9135 | VaAcc: 0.9204 | TeAcc: 0.9395
 S NN | TrAcc: 0.8350 | VaAcc: 0.8394 | TeAcc: 0.9009

 16,  0 | TrAcc: 0.9078, TrLoss:  0.31561, VaAcc: 0.9067, VaLoss:  0.34469
 MAP NN | TrAcc: 0.8976 | VaAcc: 0.9053 | TeAcc: 0.9292
 S NN | TrAcc: 0.8330 | VaAcc: 0.8447 | TeAcc: 0.8691

 17,  0 | TrAcc: 0.9110, TrLoss:  0.30103, VaAcc: 0.9087, VaLoss:  0.32939
 MAP NN | TrAcc: 0.9121 | VaAcc: 0.9136 | TeAcc: 0.9385
 S NN | TrAcc: 0.8402 | VaAcc: 0.8604 | TeAcc: 0.8955

 18,  0 | TrAcc: 0.9098, TrLoss:  0.30654, VaAcc: 0.9224, VaLoss:  0.27026
 MAP NN | TrAcc: 0.9133 | VaAcc: 0.9077 | TeAcc: 0.9380
 S NN | TrAcc: 0.8219 | VaAcc: 0.8643 | TeAcc: 0.8975

 19,  0 | TrAcc: 0.9131, TrLoss:  0.28617, VaAcc: 0.9229, VaLoss:  0.29505
 MAP NN | TrAcc: 0.9103 | VaAcc: 0.9126 | TeAcc: 0.9370
 S NN | TrAcc: 0.8572 | VaAcc: 0.8198 | TeAcc: 0.8472

 20,  0 | TrAcc: 0.9192, TrLoss:  0.27317, VaAcc: 0.9209, VaLoss:  0.28722
 MAP NN | TrAcc: 0.9215 | VaAcc: 0.9150 | TeAcc: 0.9443
 S NN | TrAcc: 0.8528 | VaAcc: 0.8716 | TeAcc: 0.8984

 21,  0 | TrAcc: 0.9186, TrLoss:  0.26722, VaAcc: 0.9268, VaLoss:  0.28355
 MAP NN | TrAcc: 0.9167 | VaAcc: 0.9199 | TeAcc: 0.9419
 S NN | TrAcc: 0.8220 | VaAcc: 0.8779 | TeAcc: 0.9209

 22,  0 | TrAcc: 0.9279, TrLoss:  0.24881, VaAcc: 0.9287, VaLoss:  0.25473
 MAP NN | TrAcc: 0.9286 | VaAcc: 0.9238 | TeAcc: 0.9453
 S NN | TrAcc: 0.8488 | VaAcc: 0.8374 | TeAcc: 0.9282

 23,  0 | TrAcc: 0.9171, TrLoss:  0.27332, VaAcc: 0.9248, VaLoss:  0.27399
 MAP NN | TrAcc: 0.9325 | VaAcc: 0.9316 | TeAcc: 0.9478
 S NN | TrAcc: 0.8730 | VaAcc: 0.8945 | TeAcc: 0.8735

 24,  0 | TrAcc: 0.9291, TrLoss:  0.24521, VaAcc: 0.9307, VaLoss:  0.25585
 MAP NN | TrAcc: 0.9246 | VaAcc: 0.9214 | TeAcc: 0.9438
 S NN | TrAcc: 0.8550 | VaAcc: 0.8965 | TeAcc: 0.8848

 25,  0 | TrAcc: 0.9272, TrLoss:  0.24797, VaAcc: 0.9302, VaLoss:  0.24914
 MAP NN | TrAcc: 0.9293 | VaAcc: 0.9307 | TeAcc: 0.9453
 S NN | TrAcc: 0.8831 | VaAcc: 0.8813 | TeAcc: 0.9106

 26,  0 | TrAcc: 0.9330, TrLoss:  0.22885, VaAcc: 0.9141, VaLoss:  0.28562
 MAP NN | TrAcc: 0.9354 | VaAcc: 0.9258 | TeAcc: 0.9468
 S NN | TrAcc: 0.8849 | VaAcc: 0.8599 | TeAcc: 0.6309

 27,  0 | TrAcc: 0.9341, TrLoss:  0.21702, VaAcc: 0.9365, VaLoss:  0.25880
 MAP NN | TrAcc: 0.9100 | VaAcc: 0.9136 | TeAcc: 0.9336
 S NN | TrAcc: 0.9032 | VaAcc: 0.8994 | TeAcc: 0.9321

 28,  0 | TrAcc: 0.9396, TrLoss:  0.21529, VaAcc: 0.9326, VaLoss:  0.24283
 MAP NN | TrAcc: 0.9349 | VaAcc: 0.9268 | TeAcc: 0.9492
 S NN | TrAcc: 0.8724 | VaAcc: 0.9009 | TeAcc: 0.9360

 29,  0 | TrAcc: 0.9384, TrLoss:  0.20639, VaAcc: 0.9326, VaLoss:  0.28461
 MAP NN | TrAcc: 0.9371 | VaAcc: 0.9292 | TeAcc: 0.9561
 S NN | TrAcc: 0.9180 | VaAcc: 0.9009 | TeAcc: 0.9321

 30,  0 | TrAcc: 0.9402, TrLoss:  0.20043, VaAcc: 0.9365, VaLoss:  0.21197
 MAP NN | TrAcc: 0.9340 | VaAcc: 0.9253 | TeAcc: 0.9507
 S NN | TrAcc: 0.9056 | VaAcc: 0.7563 | TeAcc: 0.9365

 31,  0 | TrAcc: 0.9465, TrLoss:  0.18848, VaAcc: 0.9443, VaLoss:  0.20612
 MAP NN | TrAcc: 0.9390 | VaAcc: 0.9316 | TeAcc: 0.9570
 S NN | TrAcc: 0.9176 | VaAcc: 0.9121 | TeAcc: 0.9199

 32,  0 | TrAcc: 0.9396, TrLoss:  0.19818, VaAcc: 0.9272, VaLoss:  0.25612
 MAP NN | TrAcc: 0.9423 | VaAcc: 0.9341 | TeAcc: 0.9590
 S NN | TrAcc: 0.9031 | VaAcc: 0.8989 | TeAcc: 0.9229

 33,  0 | TrAcc: 0.9434, TrLoss:  0.19382, VaAcc: 0.9395, VaLoss:  0.21396
 MAP NN | TrAcc: 0.9446 | VaAcc: 0.9316 | TeAcc: 0.9565
 S NN | TrAcc: 0.8927 | VaAcc: 0.9165 | TeAcc: 0.9404

 34,  0 | TrAcc: 0.9458, TrLoss:  0.18535, VaAcc: 0.9370, VaLoss:  0.22864
 MAP NN | TrAcc: 0.9498 | VaAcc: 0.9336 | TeAcc: 0.9595
 S NN | TrAcc: 0.9125 | VaAcc: 0.9097 | TeAcc: 0.9087

 35,  0 | TrAcc: 0.9435, TrLoss:  0.18581, VaAcc: 0.9453, VaLoss:  0.22240
 MAP NN | TrAcc: 0.9509 | VaAcc: 0.9370 | TeAcc: 0.9595
 S NN | TrAcc: 0.9152 | VaAcc: 0.9155 | TeAcc: 0.9185

 36,  0 | TrAcc: 0.9481, TrLoss:  0.17897, VaAcc: 0.9375, VaLoss:  0.21269
 MAP NN | TrAcc: 0.9514 | VaAcc: 0.9399 | TeAcc: 0.9575
 S NN | TrAcc: 0.9025 | VaAcc: 0.9214 | TeAcc: 0.9370

 37,  0 | TrAcc: 0.9479, TrLoss:  0.16982, VaAcc: 0.9375, VaLoss:  0.22919
 MAP NN | TrAcc: 0.9500 | VaAcc: 0.9385 | TeAcc: 0.9570
 S NN | TrAcc: 0.9039 | VaAcc: 0.9189 | TeAcc: 0.9497

 38,  0 | TrAcc: 0.9441, TrLoss:  0.18515, VaAcc: 0.9370, VaLoss:  0.21564
 MAP NN | TrAcc: 0.9502 | VaAcc: 0.9404 | TeAcc: 0.9609
 S NN | TrAcc: 0.9196 | VaAcc: 0.9199 | TeAcc: 0.9478

 39,  0 | TrAcc: 0.9421, TrLoss:  0.19256, VaAcc: 0.9473, VaLoss:  0.20822
 MAP NN | TrAcc: 0.9429 | VaAcc: 0.9253 | TeAcc: 0.9531
 S NN | TrAcc: 0.9226 | VaAcc: 0.9028 | TeAcc: 0.9365

 40,  0 | TrAcc: 0.9442, TrLoss:  0.18630, VaAcc: 0.9399, VaLoss:  0.21553
 MAP NN | TrAcc: 0.9384 | VaAcc: 0.9282 | TeAcc: 0.9502
 S NN | TrAcc: 0.9053 | VaAcc: 0.9136 | TeAcc: 0.9331

 41,  0 | TrAcc: 0.9536, TrLoss:  0.15956, VaAcc: 0.9385, VaLoss:  0.20764
 MAP NN | TrAcc: 0.9491 | VaAcc: 0.9365 | TeAcc: 0.9580
 S NN | TrAcc: 0.9111 | VaAcc: 0.9277 | TeAcc: 0.9365

 42,  0 | TrAcc: 0.9493, TrLoss:  0.15815, VaAcc: 0.9443, VaLoss:  0.21550
 MAP NN | TrAcc: 0.9529 | VaAcc: 0.9409 | TeAcc: 0.9561
 S NN | TrAcc: 0.9393 | VaAcc: 0.9326 | TeAcc: 0.9341

 43,  0 | TrAcc: 0.9562, TrLoss:  0.14610, VaAcc: 0.9375, VaLoss:  0.21479
 MAP NN | TrAcc: 0.9550 | VaAcc: 0.9316 | TeAcc: 0.9634
 S NN | TrAcc: 0.9271 | VaAcc: 0.9316 | TeAcc: 0.9370

 44,  0 | TrAcc: 0.9521, TrLoss:  0.15675, VaAcc: 0.9438, VaLoss:  0.19384
 MAP NN | TrAcc: 0.9479 | VaAcc: 0.9336 | TeAcc: 0.9590
 S NN | TrAcc: 0.9019 | VaAcc: 0.8965 | TeAcc: 0.9438

 45,  0 | TrAcc: 0.9504, TrLoss:  0.16345, VaAcc: 0.9468, VaLoss:  0.19620
 MAP NN | TrAcc: 0.9539 | VaAcc: 0.9346 | TeAcc: 0.9604
 S NN | TrAcc: 0.9338 | VaAcc: 0.9336 | TeAcc: 0.9561

 46,  0 | TrAcc: 0.9484, TrLoss:  0.17035, VaAcc: 0.9346, VaLoss:  0.24061
 MAP NN | TrAcc: 0.9445 | VaAcc: 0.9268 | TeAcc: 0.9556
 S NN | TrAcc: 0.9258 | VaAcc: 0.9136 | TeAcc: 0.9355

 47,  0 | TrAcc: 0.9550, TrLoss:  0.14943, VaAcc: 0.9375, VaLoss:  0.19937
 MAP NN | TrAcc: 0.9452 | VaAcc: 0.9302 | TeAcc: 0.9570
 S NN | TrAcc: 0.9299 | VaAcc: 0.9165 | TeAcc: 0.9351

 48,  0 | TrAcc: 0.9569, TrLoss:  0.14670, VaAcc: 0.9409, VaLoss:  0.20040
 MAP NN | TrAcc: 0.9463 | VaAcc: 0.9302 | TeAcc: 0.9604
 S NN | TrAcc: 0.9370 | VaAcc: 0.9351 | TeAcc: 0.9458

 49,  0 | TrAcc: 0.9591, TrLoss:  0.14129, VaAcc: 0.9419, VaLoss:  0.19002
 MAP NN | TrAcc: 0.9524 | VaAcc: 0.9316 | TeAcc: 0.9629
 S NN | TrAcc: 0.9397 | VaAcc: 0.9160 | TeAcc: 0.9419

 50,  0 | TrAcc: 0.9595, TrLoss:  0.13526, VaAcc: 0.9453, VaLoss:  0.20231
 MAP NN | TrAcc: 0.9520 | VaAcc: 0.9380 | TeAcc: 0.9609
 S NN | TrAcc: 0.9375 | VaAcc: 0.9302 | TeAcc: 0.9575

 51,  0 | TrAcc: 0.9586, TrLoss:  0.13793, VaAcc: 0.9395, VaLoss:  0.21373
 MAP NN | TrAcc: 0.9614 | VaAcc: 0.9419 | TeAcc: 0.9624
 S NN | TrAcc: 0.9470 | VaAcc: 0.9380 | TeAcc: 0.9473

 52,  0 | TrAcc: 0.9581, TrLoss:  0.14332, VaAcc: 0.9463, VaLoss:  0.19353
 MAP NN | TrAcc: 0.9397 | VaAcc: 0.9351 | TeAcc: 0.9492
 S NN | TrAcc: 0.9360 | VaAcc: 0.9263 | TeAcc: 0.9399

 53,  0 | TrAcc: 0.9633, TrLoss:  0.12522, VaAcc: 0.9565, VaLoss:  0.16119
 MAP NN | TrAcc: 0.9592 | VaAcc: 0.9507 | TeAcc: 0.9639
 S NN | TrAcc: 0.9403 | VaAcc: 0.9292 | TeAcc: 0.9561

 54,  0 | TrAcc: 0.9600, TrLoss:  0.14009, VaAcc: 0.9507, VaLoss:  0.18564
 MAP NN | TrAcc: 0.9475 | VaAcc: 0.9351 | TeAcc: 0.9604
 S NN | TrAcc: 0.9386 | VaAcc: 0.9331 | TeAcc: 0.9521

 55,  0 | TrAcc: 0.9591, TrLoss:  0.13555, VaAcc: 0.9478, VaLoss:  0.18675
 MAP NN | TrAcc: 0.9586 | VaAcc: 0.9424 | TeAcc: 0.9624
 S NN | TrAcc: 0.9294 | VaAcc: 0.9238 | TeAcc: 0.9585

 56,  0 | TrAcc: 0.9600, TrLoss:  0.13318, VaAcc: 0.9512, VaLoss:  0.17948
 MAP NN | TrAcc: 0.9526 | VaAcc: 0.9355 | TeAcc: 0.9604
 S NN | TrAcc: 0.9379 | VaAcc: 0.9248 | TeAcc: 0.9487

 57,  0 | TrAcc: 0.9615, TrLoss:  0.12666, VaAcc: 0.9473, VaLoss:  0.19259
 MAP NN | TrAcc: 0.9617 | VaAcc: 0.9463 | TeAcc: 0.9648
 S NN | TrAcc: 0.9504 | VaAcc: 0.9429 | TeAcc: 0.9360

 58,  0 | TrAcc: 0.9623, TrLoss:  0.12469, VaAcc: 0.9526, VaLoss:  0.17645
 MAP NN | TrAcc: 0.9574 | VaAcc: 0.9424 | TeAcc: 0.9639
 S NN | TrAcc: 0.9296 | VaAcc: 0.9390 | TeAcc: 0.9463

 59,  0 | TrAcc: 0.9629, TrLoss:  0.12585, VaAcc: 0.9429, VaLoss:  0.21427
 MAP NN | TrAcc: 0.9623 | VaAcc: 0.9482 | TeAcc: 0.9644
 S NN | TrAcc: 0.9396 | VaAcc: 0.8911 | TeAcc: 0.6650

 60,  0 | TrAcc: 0.9651, TrLoss:  0.11580, VaAcc: 0.9487, VaLoss:  0.19466
 MAP NN | TrAcc: 0.9651 | VaAcc: 0.9473 | TeAcc: 0.9683
 S NN | TrAcc: 0.9480 | VaAcc: 0.9409 | TeAcc: 0.9595

 61,  0 | TrAcc: 0.9635, TrLoss:  0.11828, VaAcc: 0.9526, VaLoss:  0.18190
 MAP NN | TrAcc: 0.9645 | VaAcc: 0.9492 | TeAcc: 0.9663
 S NN | TrAcc: 0.9523 | VaAcc: 0.9424 | TeAcc: 0.9570

 62,  0 | TrAcc: 0.9652, TrLoss:  0.11326, VaAcc: 0.9556, VaLoss:  0.16878
 MAP NN | TrAcc: 0.9634 | VaAcc: 0.9458 | TeAcc: 0.9688
 S NN | TrAcc: 0.9459 | VaAcc: 0.9346 | TeAcc: 0.9575

 63,  0 | TrAcc: 0.9680, TrLoss:  0.11044, VaAcc: 0.9565, VaLoss:  0.16576
 MAP NN | TrAcc: 0.9664 | VaAcc: 0.9463 | TeAcc: 0.9624
 S NN | TrAcc: 0.9496 | VaAcc: 0.9404 | TeAcc: 0.9600

 64,  0 | TrAcc: 0.9609, TrLoss:  0.13366, VaAcc: 0.9512, VaLoss:  0.17720
 MAP NN | TrAcc: 0.9556 | VaAcc: 0.9404 | TeAcc: 0.9609
 S NN | TrAcc: 0.9479 | VaAcc: 0.9307 | TeAcc: 0.9619

 65,  0 | TrAcc: 0.9647, TrLoss:  0.11839, VaAcc: 0.9526, VaLoss:  0.17214
 MAP NN | TrAcc: 0.9646 | VaAcc: 0.9473 | TeAcc: 0.9609
 S NN | TrAcc: 0.9418 | VaAcc: 0.9438 | TeAcc: 0.9619

 66,  0 | TrAcc: 0.9677, TrLoss:  0.11263, VaAcc: 0.9551, VaLoss:  0.16622
 MAP NN | TrAcc: 0.9614 | VaAcc: 0.9434 | TeAcc: 0.9624
 S NN | TrAcc: 0.9484 | VaAcc: 0.9336 | TeAcc: 0.9473

 67,  0 | TrAcc: 0.9655, TrLoss:  0.11747, VaAcc: 0.9551, VaLoss:  0.17097
 MAP NN | TrAcc: 0.9644 | VaAcc: 0.9458 | TeAcc: 0.9673
 S NN | TrAcc: 0.9528 | VaAcc: 0.9360 | TeAcc: 0.9556

 68,  0 | TrAcc: 0.9639, TrLoss:  0.11771, VaAcc: 0.9561, VaLoss:  0.17305
 MAP NN | TrAcc: 0.9592 | VaAcc: 0.9434 | TeAcc: 0.9590
 S NN | TrAcc: 0.9407 | VaAcc: 0.9355 | TeAcc: 0.9604

 69,  0 | TrAcc: 0.9680, TrLoss:  0.10646, VaAcc: 0.9497, VaLoss:  0.18694
 MAP NN | TrAcc: 0.9647 | VaAcc: 0.9512 | TeAcc: 0.9678
 S NN | TrAcc: 0.9476 | VaAcc: 0.9390 | TeAcc: 0.9546

 70,  0 | TrAcc: 0.9673, TrLoss:  0.10546, VaAcc: 0.9536, VaLoss:  0.17311
 MAP NN | TrAcc: 0.9644 | VaAcc: 0.9478 | TeAcc: 0.9717
 S NN | TrAcc: 0.9469 | VaAcc: 0.9443 | TeAcc: 0.9634

 71,  0 | TrAcc: 0.9680, TrLoss:  0.10352, VaAcc: 0.9590, VaLoss:  0.15730
 MAP NN | TrAcc: 0.9700 | VaAcc: 0.9473 | TeAcc: 0.9678
 S NN | TrAcc: 0.9568 | VaAcc: 0.9395 | TeAcc: 0.9565

 72,  0 | TrAcc: 0.9690, TrLoss:  0.10212, VaAcc: 0.9536, VaLoss:  0.15947
 MAP NN | TrAcc: 0.9712 | VaAcc: 0.9531 | TeAcc: 0.9688
 S NN | TrAcc: 0.9518 | VaAcc: 0.9414 | TeAcc: 0.9595

 73,  0 | TrAcc: 0.9694, TrLoss:  0.09863, VaAcc: 0.9570, VaLoss:  0.16095
 MAP NN | TrAcc: 0.9711 | VaAcc: 0.9546 | TeAcc: 0.9692
 S NN | TrAcc: 0.9564 | VaAcc: 0.9492 | TeAcc: 0.9570

 74,  0 | TrAcc: 0.9720, TrLoss:  0.09615, VaAcc: 0.9536, VaLoss:  0.17360
 MAP NN | TrAcc: 0.9672 | VaAcc: 0.9526 | TeAcc: 0.9663
 S NN | TrAcc: 0.9447 | VaAcc: 0.9341 | TeAcc: 0.9521

 75,  0 | TrAcc: 0.9727, TrLoss:  0.09388, VaAcc: 0.9473, VaLoss:  0.19536
 MAP NN | TrAcc: 0.9706 | VaAcc: 0.9517 | TeAcc: 0.9678
 S NN | TrAcc: 0.9500 | VaAcc: 0.9419 | TeAcc: 0.9541

 76,  0 | TrAcc: 0.9698, TrLoss:  0.09474, VaAcc: 0.9468, VaLoss:  0.18987
 MAP NN | TrAcc: 0.9705 | VaAcc: 0.9507 | TeAcc: 0.9692
 S NN | TrAcc: 0.9551 | VaAcc: 0.9355 | TeAcc: 0.9585

 77,  0 | TrAcc: 0.9712, TrLoss:  0.09411, VaAcc: 0.9512, VaLoss:  0.16464
 MAP NN | TrAcc: 0.9661 | VaAcc: 0.9487 | TeAcc: 0.9683
 S NN | TrAcc: 0.9580 | VaAcc: 0.9429 | TeAcc: 0.9600

 78,  0 | TrAcc: 0.9703, TrLoss:  0.09962, VaAcc: 0.9521, VaLoss:  0.17307
 MAP NN | TrAcc: 0.9689 | VaAcc: 0.9512 | TeAcc: 0.9683
 S NN | TrAcc: 0.9598 | VaAcc: 0.9399 | TeAcc: 0.9600

 79,  0 | TrAcc: 0.9698, TrLoss:  0.09965, VaAcc: 0.9453, VaLoss:  0.18991
 MAP NN | TrAcc: 0.9694 | VaAcc: 0.9507 | TeAcc: 0.9722
 S NN | TrAcc: 0.9570 | VaAcc: 0.9487 | TeAcc: 0.9570

 80,  0 | TrAcc: 0.9718, TrLoss:  0.09530, VaAcc: 0.9541, VaLoss:  0.16756
 MAP NN | TrAcc: 0.9677 | VaAcc: 0.9541 | TeAcc: 0.9663
 S NN | TrAcc: 0.9537 | VaAcc: 0.9453 | TeAcc: 0.9561

 81,  0 | TrAcc: 0.9730, TrLoss:  0.09444, VaAcc: 0.9521, VaLoss:  0.16574
 MAP NN | TrAcc: 0.9717 | VaAcc: 0.9521 | TeAcc: 0.9702
 S NN | TrAcc: 0.9543 | VaAcc: 0.9390 | TeAcc: 0.9648

 82,  0 | TrAcc: 0.9711, TrLoss:  0.09671, VaAcc: 0.9570, VaLoss:  0.16382
 MAP NN | TrAcc: 0.9698 | VaAcc: 0.9531 | TeAcc: 0.9644
 S NN | TrAcc: 0.9574 | VaAcc: 0.9458 | TeAcc: 0.9473

 83,  0 | TrAcc: 0.9727, TrLoss:  0.09459, VaAcc: 0.9541, VaLoss:  0.16496
 MAP NN | TrAcc: 0.9701 | VaAcc: 0.9517 | TeAcc: 0.9668
 S NN | TrAcc: 0.9565 | VaAcc: 0.9512 | TeAcc: 0.9595

 84,  0 | TrAcc: 0.9642, TrLoss:  0.12133, VaAcc: 0.9541, VaLoss:  0.15710
 MAP NN | TrAcc: 0.9696 | VaAcc: 0.9521 | TeAcc: 0.9653
 S NN | TrAcc: 0.9591 | VaAcc: 0.9463 | TeAcc: 0.9644

 85,  0 | TrAcc: 0.9717, TrLoss:  0.08926, VaAcc: 0.9600, VaLoss:  0.15239
 MAP NN | TrAcc: 0.9728 | VaAcc: 0.9531 | TeAcc: 0.9683
 S NN | TrAcc: 0.9590 | VaAcc: 0.9468 | TeAcc: 0.9673

 86,  0 | TrAcc: 0.9746, TrLoss:  0.08814, VaAcc: 0.9487, VaLoss:  0.17498
 MAP NN | TrAcc: 0.9709 | VaAcc: 0.9497 | TeAcc: 0.9663
 S NN | TrAcc: 0.9515 | VaAcc: 0.9224 | TeAcc: 0.9624

 87,  0 | TrAcc: 0.9731, TrLoss:  0.08878, VaAcc: 0.9497, VaLoss:  0.17224
 MAP NN | TrAcc: 0.9695 | VaAcc: 0.9502 | TeAcc: 0.9673
 S NN | TrAcc: 0.9589 | VaAcc: 0.9468 | TeAcc: 0.9590

 88,  0 | TrAcc: 0.9731, TrLoss:  0.09004, VaAcc: 0.9531, VaLoss:  0.17510
 MAP NN | TrAcc: 0.9742 | VaAcc: 0.9492 | TeAcc: 0.9692
 S NN | TrAcc: 0.9591 | VaAcc: 0.9336 | TeAcc: 0.9600

 89,  0 | TrAcc: 0.9736, TrLoss:  0.08269, VaAcc: 0.9580, VaLoss:  0.16160
 MAP NN | TrAcc: 0.9751 | VaAcc: 0.9546 | TeAcc: 0.9668
 S NN | TrAcc: 0.9639 | VaAcc: 0.9390 | TeAcc: 0.9619

 90,  0 | TrAcc: 0.9750, TrLoss:  0.08448, VaAcc: 0.9546, VaLoss:  0.15883
 MAP NN | TrAcc: 0.9751 | VaAcc: 0.9521 | TeAcc: 0.9688
 S NN | TrAcc: 0.9600 | VaAcc: 0.9424 | TeAcc: 0.9595

 91,  0 | TrAcc: 0.9717, TrLoss:  0.09226, VaAcc: 0.9561, VaLoss:  0.16251
 MAP NN | TrAcc: 0.9742 | VaAcc: 0.9531 | TeAcc: 0.9756
 S NN | TrAcc: 0.9636 | VaAcc: 0.9497 | TeAcc: 0.9634

 92,  0 | TrAcc: 0.9744, TrLoss:  0.08191, VaAcc: 0.9521, VaLoss:  0.16706
 MAP NN | TrAcc: 0.9730 | VaAcc: 0.9517 | TeAcc: 0.9658
 S NN | TrAcc: 0.9633 | VaAcc: 0.9453 | TeAcc: 0.9629

 93,  0 | TrAcc: 0.9751, TrLoss:  0.08543, VaAcc: 0.9556, VaLoss:  0.15664
 MAP NN | TrAcc: 0.9746 | VaAcc: 0.9551 | TeAcc: 0.9722
 S NN | TrAcc: 0.9666 | VaAcc: 0.9482 | TeAcc: 0.9644

 94,  0 | TrAcc: 0.9774, TrLoss:  0.07295, VaAcc: 0.9521, VaLoss:  0.17971
 MAP NN | TrAcc: 0.9747 | VaAcc: 0.9507 | TeAcc: 0.9678
 S NN | TrAcc: 0.9548 | VaAcc: 0.9424 | TeAcc: 0.9683

 95,  0 | TrAcc: 0.9771, TrLoss:  0.07834, VaAcc: 0.9575, VaLoss:  0.15884
 MAP NN | TrAcc: 0.9799 | VaAcc: 0.9551 | TeAcc: 0.9707
 S NN | TrAcc: 0.9570 | VaAcc: 0.9346 | TeAcc: 0.9624

 96,  0 | TrAcc: 0.9785, TrLoss:  0.07372, VaAcc: 0.9580, VaLoss:  0.16248
 MAP NN | TrAcc: 0.9730 | VaAcc: 0.9507 | TeAcc: 0.9688
 S NN | TrAcc: 0.9644 | VaAcc: 0.9434 | TeAcc: 0.9585

 97,  0 | TrAcc: 0.9781, TrLoss:  0.07239, VaAcc: 0.9580, VaLoss:  0.16067
 MAP NN | TrAcc: 0.9762 | VaAcc: 0.9482 | TeAcc: 0.9727
 S NN | TrAcc: 0.9659 | VaAcc: 0.9458 | TeAcc: 0.9624

 98,  0 | TrAcc: 0.9768, TrLoss:  0.07852, VaAcc: 0.9570, VaLoss:  0.15120
 MAP NN | TrAcc: 0.9766 | VaAcc: 0.9546 | TeAcc: 0.9707
 S NN | TrAcc: 0.9551 | VaAcc: 0.9526 | TeAcc: 0.9624

 99,  0 | TrAcc: 0.9756, TrLoss:  0.07807, VaAcc: 0.9570, VaLoss:  0.15489
 MAP NN | TrAcc: 0.9756 | VaAcc: 0.9517 | TeAcc: 0.9712
 S NN | TrAcc: 0.9594 | VaAcc: 0.9404 | TeAcc: 0.9595

100,  0 | TrAcc: 0.9784, TrLoss:  0.07055, VaAcc: 0.9570, VaLoss:  0.15493
 MAP NN | TrAcc: 0.9744 | VaAcc: 0.9531 | TeAcc: 0.9707
 S NN | TrAcc: 0.9679 | VaAcc: 0.9395 | TeAcc: 0.9648

101,  0 | TrAcc: 0.9769, TrLoss:  0.07946, VaAcc: 0.9580, VaLoss:  0.15926
 MAP NN | TrAcc: 0.9750 | VaAcc: 0.9536 | TeAcc: 0.9717
 S NN | TrAcc: 0.9587 | VaAcc: 0.9468 | TeAcc: 0.9692

102,  0 | TrAcc: 0.9779, TrLoss:  0.07343, VaAcc: 0.9541, VaLoss:  0.15808
 MAP NN | TrAcc: 0.9769 | VaAcc: 0.9565 | TeAcc: 0.9683
 S NN | TrAcc: 0.9689 | VaAcc: 0.9526 | TeAcc: 0.9609

103,  0 | TrAcc: 0.9800, TrLoss:  0.06670, VaAcc: 0.9570, VaLoss:  0.16838
 MAP NN | TrAcc: 0.9761 | VaAcc: 0.9556 | TeAcc: 0.9727
 S NN | TrAcc: 0.9628 | VaAcc: 0.9487 | TeAcc: 0.9644

104,  0 | TrAcc: 0.9778, TrLoss:  0.07382, VaAcc: 0.9551, VaLoss:  0.15426
 MAP NN | TrAcc: 0.9752 | VaAcc: 0.9517 | TeAcc: 0.9673
 S NN | TrAcc: 0.9695 | VaAcc: 0.9487 | TeAcc: 0.9629

105,  0 | TrAcc: 0.9814, TrLoss:  0.06613, VaAcc: 0.9526, VaLoss:  0.16148
 MAP NN | TrAcc: 0.9780 | VaAcc: 0.9570 | TeAcc: 0.9692
 S NN | TrAcc: 0.9672 | VaAcc: 0.9419 | TeAcc: 0.9673

106,  0 | TrAcc: 0.9808, TrLoss:  0.06417, VaAcc: 0.9629, VaLoss:  0.14489
 MAP NN | TrAcc: 0.9764 | VaAcc: 0.9575 | TeAcc: 0.9683
 S NN | TrAcc: 0.9697 | VaAcc: 0.9443 | TeAcc: 0.9639

107,  0 | TrAcc: 0.9795, TrLoss:  0.06478, VaAcc: 0.9556, VaLoss:  0.16529
 MAP NN | TrAcc: 0.9790 | VaAcc: 0.9575 | TeAcc: 0.9712
 S NN | TrAcc: 0.9700 | VaAcc: 0.9536 | TeAcc: 0.9697

108,  0 | TrAcc: 0.9827, TrLoss:  0.06291, VaAcc: 0.9570, VaLoss:  0.15088
 MAP NN | TrAcc: 0.9801 | VaAcc: 0.9580 | TeAcc: 0.9717
 S NN | TrAcc: 0.9698 | VaAcc: 0.9512 | TeAcc: 0.9678

109,  0 | TrAcc: 0.9818, TrLoss:  0.06092, VaAcc: 0.9561, VaLoss:  0.16096
 MAP NN | TrAcc: 0.9775 | VaAcc: 0.9580 | TeAcc: 0.9688
 S NN | TrAcc: 0.9684 | VaAcc: 0.9497 | TeAcc: 0.9653

110,  0 | TrAcc: 0.9810, TrLoss:  0.06799, VaAcc: 0.9565, VaLoss:  0.16714
 MAP NN | TrAcc: 0.9808 | VaAcc: 0.9541 | TeAcc: 0.9731
 S NN | TrAcc: 0.9675 | VaAcc: 0.9478 | TeAcc: 0.9658

111,  0 | TrAcc: 0.9812, TrLoss:  0.06217, VaAcc: 0.9590, VaLoss:  0.15829
 MAP NN | TrAcc: 0.9801 | VaAcc: 0.9531 | TeAcc: 0.9673
 S NN | TrAcc: 0.9696 | VaAcc: 0.9453 | TeAcc: 0.9727

112,  0 | TrAcc: 0.9839, TrLoss:  0.05814, VaAcc: 0.9546, VaLoss:  0.15566
 MAP NN | TrAcc: 0.9835 | VaAcc: 0.9590 | TeAcc: 0.9727
 S NN | TrAcc: 0.9667 | VaAcc: 0.9473 | TeAcc: 0.9707

113,  0 | TrAcc: 0.9784, TrLoss:  0.06806, VaAcc: 0.9575, VaLoss:  0.16375
 MAP NN | TrAcc: 0.9795 | VaAcc: 0.9565 | TeAcc: 0.9712
 S NN | TrAcc: 0.9636 | VaAcc: 0.9468 | TeAcc: 0.9639

114,  0 | TrAcc: 0.9800, TrLoss:  0.06344, VaAcc: 0.9536, VaLoss:  0.16350
 MAP NN | TrAcc: 0.9785 | VaAcc: 0.9512 | TeAcc: 0.9678
 S NN | TrAcc: 0.9690 | VaAcc: 0.9521 | TeAcc: 0.9614

115,  0 | TrAcc: 0.9805, TrLoss:  0.06638, VaAcc: 0.9570, VaLoss:  0.16469
 MAP NN | TrAcc: 0.9789 | VaAcc: 0.9551 | TeAcc: 0.9697
 S NN | TrAcc: 0.9713 | VaAcc: 0.9473 | TeAcc: 0.9712

116,  0 | TrAcc: 0.9823, TrLoss:  0.06191, VaAcc: 0.9561, VaLoss:  0.15213
 MAP NN | TrAcc: 0.9803 | VaAcc: 0.9565 | TeAcc: 0.9702
 S NN | TrAcc: 0.9771 | VaAcc: 0.9487 | TeAcc: 0.9604

117,  0 | TrAcc: 0.9819, TrLoss:  0.06263, VaAcc: 0.9585, VaLoss:  0.16780
 MAP NN | TrAcc: 0.9764 | VaAcc: 0.9546 | TeAcc: 0.9692
 S NN | TrAcc: 0.9742 | VaAcc: 0.9512 | TeAcc: 0.9619

118,  0 | TrAcc: 0.9797, TrLoss:  0.06805, VaAcc: 0.9565, VaLoss:  0.15714
 MAP NN | TrAcc: 0.9794 | VaAcc: 0.9556 | TeAcc: 0.9688
 S NN | TrAcc: 0.9709 | VaAcc: 0.9517 | TeAcc: 0.9653

119,  0 | TrAcc: 0.9779, TrLoss:  0.06967, VaAcc: 0.9580, VaLoss:  0.16838
 MAP NN | TrAcc: 0.9792 | VaAcc: 0.9585 | TeAcc: 0.9736
 S NN | TrAcc: 0.9734 | VaAcc: 0.9478 | TeAcc: 0.9668

120,  0 | TrAcc: 0.9806, TrLoss:  0.06153, VaAcc: 0.9536, VaLoss:  0.16512
 MAP NN | TrAcc: 0.9801 | VaAcc: 0.9585 | TeAcc: 0.9702
 S NN | TrAcc: 0.9760 | VaAcc: 0.9551 | TeAcc: 0.9707

121,  0 | TrAcc: 0.9832, TrLoss:  0.05654, VaAcc: 0.9556, VaLoss:  0.15530
 MAP NN | TrAcc: 0.9817 | VaAcc: 0.9570 | TeAcc: 0.9731
 S NN | TrAcc: 0.9768 | VaAcc: 0.9526 | TeAcc: 0.9683

122,  0 | TrAcc: 0.9790, TrLoss:  0.06699, VaAcc: 0.9590, VaLoss:  0.15920
 MAP NN | TrAcc: 0.9781 | VaAcc: 0.9565 | TeAcc: 0.9683
 S NN | TrAcc: 0.9613 | VaAcc: 0.9468 | TeAcc: 0.9717

123,  0 | TrAcc: 0.9828, TrLoss:  0.05840, VaAcc: 0.9561, VaLoss:  0.16819
 MAP NN | TrAcc: 0.9808 | VaAcc: 0.9570 | TeAcc: 0.9736
 S NN | TrAcc: 0.9734 | VaAcc: 0.9531 | TeAcc: 0.9683

124,  0 | TrAcc: 0.9824, TrLoss:  0.05565, VaAcc: 0.9639, VaLoss:  0.14861
 MAP NN | TrAcc: 0.9816 | VaAcc: 0.9565 | TeAcc: 0.9707
 S NN | TrAcc: 0.9709 | VaAcc: 0.9546 | TeAcc: 0.9692

125,  0 | TrAcc: 0.9833, TrLoss:  0.05594, VaAcc: 0.9600, VaLoss:  0.15958
 MAP NN | TrAcc: 0.9794 | VaAcc: 0.9570 | TeAcc: 0.9673
 S NN | TrAcc: 0.9731 | VaAcc: 0.9570 | TeAcc: 0.9648

126,  0 | TrAcc: 0.9817, TrLoss:  0.06167, VaAcc: 0.9585, VaLoss:  0.16229
 MAP NN | TrAcc: 0.9797 | VaAcc: 0.9585 | TeAcc: 0.9712
 S NN | TrAcc: 0.9692 | VaAcc: 0.9502 | TeAcc: 0.9634

127,  0 | TrAcc: 0.9838, TrLoss:  0.05458, VaAcc: 0.9604, VaLoss:  0.15345
 MAP NN | TrAcc: 0.9783 | VaAcc: 0.9570 | TeAcc: 0.9697
 S NN | TrAcc: 0.9716 | VaAcc: 0.9531 | TeAcc: 0.9692

128,  0 | TrAcc: 0.9835, TrLoss:  0.05341, VaAcc: 0.9556, VaLoss:  0.15446
 MAP NN | TrAcc: 0.9816 | VaAcc: 0.9600 | TeAcc: 0.9702
 S NN | TrAcc: 0.9783 | VaAcc: 0.9575 | TeAcc: 0.9565

129,  0 | TrAcc: 0.9818, TrLoss:  0.05635, VaAcc: 0.9570, VaLoss:  0.15987
 MAP NN | TrAcc: 0.9813 | VaAcc: 0.9624 | TeAcc: 0.9712
 S NN | TrAcc: 0.9750 | VaAcc: 0.9468 | TeAcc: 0.9639

130,  0 | TrAcc: 0.9854, TrLoss:  0.05106, VaAcc: 0.9575, VaLoss:  0.15715
 MAP NN | TrAcc: 0.9846 | VaAcc: 0.9604 | TeAcc: 0.9702
 S NN | TrAcc: 0.9725 | VaAcc: 0.9507 | TeAcc: 0.9707

131,  0 | TrAcc: 0.9843, TrLoss:  0.05203, VaAcc: 0.9551, VaLoss:  0.15762
 MAP NN | TrAcc: 0.9832 | VaAcc: 0.9570 | TeAcc: 0.9712
 S NN | TrAcc: 0.9735 | VaAcc: 0.9512 | TeAcc: 0.9688

132,  0 | TrAcc: 0.9851, TrLoss:  0.04950, VaAcc: 0.9595, VaLoss:  0.15286
 MAP NN | TrAcc: 0.9802 | VaAcc: 0.9575 | TeAcc: 0.9722
 S NN | TrAcc: 0.9749 | VaAcc: 0.9561 | TeAcc: 0.9653

133,  0 | TrAcc: 0.9883, TrLoss:  0.04661, VaAcc: 0.9619, VaLoss:  0.14397
 MAP NN | TrAcc: 0.9835 | VaAcc: 0.9604 | TeAcc: 0.9722
 S NN | TrAcc: 0.9764 | VaAcc: 0.9565 | TeAcc: 0.9644

134,  0 | TrAcc: 0.9830, TrLoss:  0.05589, VaAcc: 0.9575, VaLoss:  0.14276
 MAP NN | TrAcc: 0.9825 | VaAcc: 0.9595 | TeAcc: 0.9731
 S NN | TrAcc: 0.9728 | VaAcc: 0.9502 | TeAcc: 0.9702

135,  0 | TrAcc: 0.9850, TrLoss:  0.05081, VaAcc: 0.9521, VaLoss:  0.16608
 MAP NN | TrAcc: 0.9824 | VaAcc: 0.9590 | TeAcc: 0.9717
 S NN | TrAcc: 0.9711 | VaAcc: 0.9473 | TeAcc: 0.9648

136,  0 | TrAcc: 0.9843, TrLoss:  0.05598, VaAcc: 0.9575, VaLoss:  0.16677
 MAP NN | TrAcc: 0.9818 | VaAcc: 0.9561 | TeAcc: 0.9717
 S NN | TrAcc: 0.9708 | VaAcc: 0.9521 | TeAcc: 0.9629

137,  0 | TrAcc: 0.9808, TrLoss:  0.06360, VaAcc: 0.9561, VaLoss:  0.15526
 MAP NN | TrAcc: 0.9824 | VaAcc: 0.9565 | TeAcc: 0.9722
 S NN | TrAcc: 0.9708 | VaAcc: 0.9521 | TeAcc: 0.9688

138,  0 | TrAcc: 0.9840, TrLoss:  0.05345, VaAcc: 0.9585, VaLoss:  0.15728
 MAP NN | TrAcc: 0.9847 | VaAcc: 0.9595 | TeAcc: 0.9756
 S NN | TrAcc: 0.9686 | VaAcc: 0.9536 | TeAcc: 0.9727

139,  0 | TrAcc: 0.9846, TrLoss:  0.05462, VaAcc: 0.9541, VaLoss:  0.16215
 MAP NN | TrAcc: 0.9792 | VaAcc: 0.9541 | TeAcc: 0.9692
 S NN | TrAcc: 0.9728 | VaAcc: 0.9521 | TeAcc: 0.9644

140,  0 | TrAcc: 0.9817, TrLoss:  0.05698, VaAcc: 0.9639, VaLoss:  0.15538
 MAP NN | TrAcc: 0.9841 | VaAcc: 0.9614 | TeAcc: 0.9722
 S NN | TrAcc: 0.9780 | VaAcc: 0.9531 | TeAcc: 0.9702

141,  0 | TrAcc: 0.9832, TrLoss:  0.04936, VaAcc: 0.9580, VaLoss:  0.16877
 MAP NN | TrAcc: 0.9825 | VaAcc: 0.9551 | TeAcc: 0.9697
 S NN | TrAcc: 0.9733 | VaAcc: 0.9556 | TeAcc: 0.9678

142,  0 | TrAcc: 0.9869, TrLoss:  0.04851, VaAcc: 0.9580, VaLoss:  0.16385
 MAP NN | TrAcc: 0.9854 | VaAcc: 0.9580 | TeAcc: 0.9702
 S NN | TrAcc: 0.9790 | VaAcc: 0.9517 | TeAcc: 0.9697

143,  0 | TrAcc: 0.9872, TrLoss:  0.04393, VaAcc: 0.9614, VaLoss:  0.15169
 MAP NN | TrAcc: 0.9865 | VaAcc: 0.9580 | TeAcc: 0.9736
 S NN | TrAcc: 0.9799 | VaAcc: 0.9512 | TeAcc: 0.9678

144,  0 | TrAcc: 0.9877, TrLoss:  0.04456, VaAcc: 0.9580, VaLoss:  0.15548
 MAP NN | TrAcc: 0.9883 | VaAcc: 0.9595 | TeAcc: 0.9751
 S NN | TrAcc: 0.9814 | VaAcc: 0.9565 | TeAcc: 0.9722

145,  0 | TrAcc: 0.9858, TrLoss:  0.04660, VaAcc: 0.9604, VaLoss:  0.15845
 MAP NN | TrAcc: 0.9868 | VaAcc: 0.9570 | TeAcc: 0.9717
 S NN | TrAcc: 0.9774 | VaAcc: 0.9551 | TeAcc: 0.9678

146,  0 | TrAcc: 0.9891, TrLoss:  0.04107, VaAcc: 0.9590, VaLoss:  0.15103
 MAP NN | TrAcc: 0.9866 | VaAcc: 0.9600 | TeAcc: 0.9727
 S NN | TrAcc: 0.9822 | VaAcc: 0.9526 | TeAcc: 0.9683

147,  0 | TrAcc: 0.9893, TrLoss:  0.04009, VaAcc: 0.9609, VaLoss:  0.14319
 MAP NN | TrAcc: 0.9871 | VaAcc: 0.9595 | TeAcc: 0.9697
 S NN | TrAcc: 0.9792 | VaAcc: 0.9585 | TeAcc: 0.9678

148,  0 | TrAcc: 0.9872, TrLoss:  0.04325, VaAcc: 0.9600, VaLoss:  0.15029
 MAP NN | TrAcc: 0.9866 | VaAcc: 0.9595 | TeAcc: 0.9722
 S NN | TrAcc: 0.9800 | VaAcc: 0.9580 | TeAcc: 0.9683

149,  0 | TrAcc: 0.9884, TrLoss:  0.04304, VaAcc: 0.9619, VaLoss:  0.14654
 MAP NN | TrAcc: 0.9867 | VaAcc: 0.9614 | TeAcc: 0.9736
 S NN | TrAcc: 0.9827 | VaAcc: 0.9600 | TeAcc: 0.9707

150,  0 | TrAcc: 0.9854, TrLoss:  0.04498, VaAcc: 0.9604, VaLoss:  0.16049
 MAP NN | TrAcc: 0.9858 | VaAcc: 0.9619 | TeAcc: 0.9727
 S NN | TrAcc: 0.9780 | VaAcc: 0.9482 | TeAcc: 0.9644

151,  0 | TrAcc: 0.9867, TrLoss:  0.04712, VaAcc: 0.9590, VaLoss:  0.16031
 MAP NN | TrAcc: 0.9858 | VaAcc: 0.9604 | TeAcc: 0.9727
 S NN | TrAcc: 0.9816 | VaAcc: 0.9502 | TeAcc: 0.9678

152,  0 | TrAcc: 0.9856, TrLoss:  0.04517, VaAcc: 0.9585, VaLoss:  0.16220
 MAP NN | TrAcc: 0.9849 | VaAcc: 0.9565 | TeAcc: 0.9683
 S NN | TrAcc: 0.9803 | VaAcc: 0.9551 | TeAcc: 0.9688

153,  0 | TrAcc: 0.9883, TrLoss:  0.03966, VaAcc: 0.9609, VaLoss:  0.14361
 MAP NN | TrAcc: 0.9862 | VaAcc: 0.9565 | TeAcc: 0.9741
 S NN | TrAcc: 0.9762 | VaAcc: 0.9551 | TeAcc: 0.9702

154,  0 | TrAcc: 0.9883, TrLoss:  0.04258, VaAcc: 0.9614, VaLoss:  0.15109
 MAP NN | TrAcc: 0.9868 | VaAcc: 0.9585 | TeAcc: 0.9731
 S NN | TrAcc: 0.9812 | VaAcc: 0.9634 | TeAcc: 0.9678

155,  0 | TrAcc: 0.9883, TrLoss:  0.04185, VaAcc: 0.9624, VaLoss:  0.15927
 MAP NN | TrAcc: 0.9868 | VaAcc: 0.9609 | TeAcc: 0.9736
 S NN | TrAcc: 0.9819 | VaAcc: 0.9536 | TeAcc: 0.9683

156,  0 | TrAcc: 0.9889, TrLoss:  0.03882, VaAcc: 0.9644, VaLoss:  0.14829
 MAP NN | TrAcc: 0.9890 | VaAcc: 0.9629 | TeAcc: 0.9741
 S NN | TrAcc: 0.9855 | VaAcc: 0.9580 | TeAcc: 0.9736

157,  0 | TrAcc: 0.9885, TrLoss:  0.03971, VaAcc: 0.9634, VaLoss:  0.15701
 MAP NN | TrAcc: 0.9877 | VaAcc: 0.9585 | TeAcc: 0.9717
 S NN | TrAcc: 0.9701 | VaAcc: 0.9580 | TeAcc: 0.9644

158,  0 | TrAcc: 0.9882, TrLoss:  0.04169, VaAcc: 0.9609, VaLoss:  0.14490
 MAP NN | TrAcc: 0.9846 | VaAcc: 0.9570 | TeAcc: 0.9727
 S NN | TrAcc: 0.9784 | VaAcc: 0.9502 | TeAcc: 0.9707

159,  0 | TrAcc: 0.9879, TrLoss:  0.03919, VaAcc: 0.9595, VaLoss:  0.15796
 MAP NN | TrAcc: 0.9879 | VaAcc: 0.9580 | TeAcc: 0.9707
 S NN | TrAcc: 0.9800 | VaAcc: 0.9585 | TeAcc: 0.9673

160,  0 | TrAcc: 0.9889, TrLoss:  0.03857, VaAcc: 0.9570, VaLoss:  0.15084
 MAP NN | TrAcc: 0.9855 | VaAcc: 0.9541 | TeAcc: 0.9712
 S NN | TrAcc: 0.9833 | VaAcc: 0.9565 | TeAcc: 0.9741

161,  0 | TrAcc: 0.9891, TrLoss:  0.03851, VaAcc: 0.9624, VaLoss:  0.14539
 MAP NN | TrAcc: 0.9894 | VaAcc: 0.9575 | TeAcc: 0.9722
 S NN | TrAcc: 0.9822 | VaAcc: 0.9531 | TeAcc: 0.9692

162,  0 | TrAcc: 0.9896, TrLoss:  0.03819, VaAcc: 0.9590, VaLoss:  0.15657
 MAP NN | TrAcc: 0.9899 | VaAcc: 0.9556 | TeAcc: 0.9731
 S NN | TrAcc: 0.9839 | VaAcc: 0.9526 | TeAcc: 0.9673

163,  0 | TrAcc: 0.9893, TrLoss:  0.03676, VaAcc: 0.9648, VaLoss:  0.13641
 MAP NN | TrAcc: 0.9904 | VaAcc: 0.9580 | TeAcc: 0.9741
 S NN | TrAcc: 0.9841 | VaAcc: 0.9570 | TeAcc: 0.9707

164,  0 | TrAcc: 0.9894, TrLoss:  0.03714, VaAcc: 0.9614, VaLoss:  0.15466
 MAP NN | TrAcc: 0.9902 | VaAcc: 0.9575 | TeAcc: 0.9731
 S NN | TrAcc: 0.9850 | VaAcc: 0.9502 | TeAcc: 0.9683

165,  0 | TrAcc: 0.9896, TrLoss:  0.03800, VaAcc: 0.9604, VaLoss:  0.14705
 MAP NN | TrAcc: 0.9883 | VaAcc: 0.9580 | TeAcc: 0.9751
 S NN | TrAcc: 0.9808 | VaAcc: 0.9512 | TeAcc: 0.9688

166,  0 | TrAcc: 0.9888, TrLoss:  0.03754, VaAcc: 0.9595, VaLoss:  0.15967
 MAP NN | TrAcc: 0.9890 | VaAcc: 0.9570 | TeAcc: 0.9756
 S NN | TrAcc: 0.9854 | VaAcc: 0.9551 | TeAcc: 0.9683

167,  0 | TrAcc: 0.9889, TrLoss:  0.03891, VaAcc: 0.9604, VaLoss:  0.15111
 MAP NN | TrAcc: 0.9877 | VaAcc: 0.9590 | TeAcc: 0.9722
 S NN | TrAcc: 0.9851 | VaAcc: 0.9512 | TeAcc: 0.9658

168,  0 | TrAcc: 0.9889, TrLoss:  0.03928, VaAcc: 0.9580, VaLoss:  0.16546
 MAP NN | TrAcc: 0.9863 | VaAcc: 0.9585 | TeAcc: 0.9717
 S NN | TrAcc: 0.9844 | VaAcc: 0.9561 | TeAcc: 0.9697

169,  0 | TrAcc: 0.9894, TrLoss:  0.03573, VaAcc: 0.9590, VaLoss:  0.17539
 MAP NN | TrAcc: 0.9889 | VaAcc: 0.9565 | TeAcc: 0.9751
 S NN | TrAcc: 0.9824 | VaAcc: 0.9521 | TeAcc: 0.9722

170,  0 | TrAcc: 0.9902, TrLoss:  0.03561, VaAcc: 0.9580, VaLoss:  0.15554
 MAP NN | TrAcc: 0.9904 | VaAcc: 0.9600 | TeAcc: 0.9727
 S NN | TrAcc: 0.9839 | VaAcc: 0.9604 | TeAcc: 0.9756

171,  0 | TrAcc: 0.9904, TrLoss:  0.03280, VaAcc: 0.9624, VaLoss:  0.15024
 MAP NN | TrAcc: 0.9888 | VaAcc: 0.9556 | TeAcc: 0.9722
 S NN | TrAcc: 0.9844 | VaAcc: 0.9570 | TeAcc: 0.9678

172,  0 | TrAcc: 0.9893, TrLoss:  0.03482, VaAcc: 0.9648, VaLoss:  0.14907
 MAP NN | TrAcc: 0.9904 | VaAcc: 0.9551 | TeAcc: 0.9736
 S NN | TrAcc: 0.9830 | VaAcc: 0.9541 | TeAcc: 0.9668

173,  0 | TrAcc: 0.9905, TrLoss:  0.03231, VaAcc: 0.9585, VaLoss:  0.15437
 MAP NN | TrAcc: 0.9908 | VaAcc: 0.9590 | TeAcc: 0.9727
 S NN | TrAcc: 0.9850 | VaAcc: 0.9492 | TeAcc: 0.9727

174,  0 | TrAcc: 0.9907, TrLoss:  0.03134, VaAcc: 0.9609, VaLoss:  0.14857
 MAP NN | TrAcc: 0.9906 | VaAcc: 0.9561 | TeAcc: 0.9727
 S NN | TrAcc: 0.9845 | VaAcc: 0.9614 | TeAcc: 0.9697

175,  0 | TrAcc: 0.9922, TrLoss:  0.03030, VaAcc: 0.9648, VaLoss:  0.15192
 MAP NN | TrAcc: 0.9906 | VaAcc: 0.9624 | TeAcc: 0.9746
 S NN | TrAcc: 0.9838 | VaAcc: 0.9570 | TeAcc: 0.9702

176,  0 | TrAcc: 0.9906, TrLoss:  0.03220, VaAcc: 0.9604, VaLoss:  0.15519
 MAP NN | TrAcc: 0.9919 | VaAcc: 0.9609 | TeAcc: 0.9717
 S NN | TrAcc: 0.9882 | VaAcc: 0.9556 | TeAcc: 0.9746

177,  0 | TrAcc: 0.9904, TrLoss:  0.03526, VaAcc: 0.9595, VaLoss:  0.14888
 MAP NN | TrAcc: 0.9904 | VaAcc: 0.9604 | TeAcc: 0.9712
 S NN | TrAcc: 0.9856 | VaAcc: 0.9512 | TeAcc: 0.9683

178,  0 | TrAcc: 0.9871, TrLoss:  0.04146, VaAcc: 0.9507, VaLoss:  0.18522
 MAP NN | TrAcc: 0.9838 | VaAcc: 0.9473 | TeAcc: 0.9673
 S NN | TrAcc: 0.9822 | VaAcc: 0.9502 | TeAcc: 0.9590

179,  0 | TrAcc: 0.9904, TrLoss:  0.03379, VaAcc: 0.9590, VaLoss:  0.15685
 MAP NN | TrAcc: 0.9878 | VaAcc: 0.9595 | TeAcc: 0.9746
 S NN | TrAcc: 0.9834 | VaAcc: 0.9546 | TeAcc: 0.9717

180,  0 | TrAcc: 0.9910, TrLoss:  0.03383, VaAcc: 0.9570, VaLoss:  0.16309
 MAP NN | TrAcc: 0.9885 | VaAcc: 0.9556 | TeAcc: 0.9751
 S NN | TrAcc: 0.9843 | VaAcc: 0.9590 | TeAcc: 0.9722

181,  0 | TrAcc: 0.9911, TrLoss:  0.03285, VaAcc: 0.9634, VaLoss:  0.15047
 MAP NN | TrAcc: 0.9890 | VaAcc: 0.9565 | TeAcc: 0.9736
 S NN | TrAcc: 0.9854 | VaAcc: 0.9580 | TeAcc: 0.9717

182,  0 | TrAcc: 0.9915, TrLoss:  0.03213, VaAcc: 0.9604, VaLoss:  0.15357
 MAP NN | TrAcc: 0.9921 | VaAcc: 0.9570 | TeAcc: 0.9731
 S NN | TrAcc: 0.9868 | VaAcc: 0.9604 | TeAcc: 0.9707

183,  0 | TrAcc: 0.9924, TrLoss:  0.03198, VaAcc: 0.9556, VaLoss:  0.17957
 MAP NN | TrAcc: 0.9896 | VaAcc: 0.9521 | TeAcc: 0.9692
 S NN | TrAcc: 0.9812 | VaAcc: 0.9502 | TeAcc: 0.9702

184,  0 | TrAcc: 0.9923, TrLoss:  0.03051, VaAcc: 0.9604, VaLoss:  0.15247
 MAP NN | TrAcc: 0.9927 | VaAcc: 0.9590 | TeAcc: 0.9727
 S NN | TrAcc: 0.9872 | VaAcc: 0.9575 | TeAcc: 0.9697

185,  0 | TrAcc: 0.9916, TrLoss:  0.03083, VaAcc: 0.9604, VaLoss:  0.16304
 MAP NN | TrAcc: 0.9919 | VaAcc: 0.9570 | TeAcc: 0.9722
 S NN | TrAcc: 0.9868 | VaAcc: 0.9590 | TeAcc: 0.9736

186,  0 | TrAcc: 0.9915, TrLoss:  0.03011, VaAcc: 0.9595, VaLoss:  0.15335
 MAP NN | TrAcc: 0.9900 | VaAcc: 0.9595 | TeAcc: 0.9731
 S NN | TrAcc: 0.9872 | VaAcc: 0.9580 | TeAcc: 0.9658

187,  0 | TrAcc: 0.9929, TrLoss:  0.02854, VaAcc: 0.9639, VaLoss:  0.15985
 MAP NN | TrAcc: 0.9900 | VaAcc: 0.9590 | TeAcc: 0.9707
 S NN | TrAcc: 0.9874 | VaAcc: 0.9565 | TeAcc: 0.9658

188,  0 | TrAcc: 0.9911, TrLoss:  0.03332, VaAcc: 0.9614, VaLoss:  0.16251
 MAP NN | TrAcc: 0.9901 | VaAcc: 0.9575 | TeAcc: 0.9727
 S NN | TrAcc: 0.9880 | VaAcc: 0.9556 | TeAcc: 0.9688

189,  0 | TrAcc: 0.9902, TrLoss:  0.03489, VaAcc: 0.9546, VaLoss:  0.17128
 MAP NN | TrAcc: 0.9902 | VaAcc: 0.9565 | TeAcc: 0.9746
 S NN | TrAcc: 0.9849 | VaAcc: 0.9575 | TeAcc: 0.9692

190,  0 | TrAcc: 0.9907, TrLoss:  0.03200, VaAcc: 0.9629, VaLoss:  0.14714
 MAP NN | TrAcc: 0.9930 | VaAcc: 0.9604 | TeAcc: 0.9736
 S NN | TrAcc: 0.9838 | VaAcc: 0.9565 | TeAcc: 0.9746

191,  0 | TrAcc: 0.9880, TrLoss:  0.03865, VaAcc: 0.9541, VaLoss:  0.18610
 MAP NN | TrAcc: 0.9857 | VaAcc: 0.9512 | TeAcc: 0.9712
 S NN | TrAcc: 0.9768 | VaAcc: 0.9473 | TeAcc: 0.9673

192,  0 | TrAcc: 0.9928, TrLoss:  0.02878, VaAcc: 0.9595, VaLoss:  0.15883
 MAP NN | TrAcc: 0.9919 | VaAcc: 0.9604 | TeAcc: 0.9741
 S NN | TrAcc: 0.9901 | VaAcc: 0.9517 | TeAcc: 0.9746

193,  0 | TrAcc: 0.9937, TrLoss:  0.02582, VaAcc: 0.9585, VaLoss:  0.16407
 MAP NN | TrAcc: 0.9922 | VaAcc: 0.9580 | TeAcc: 0.9746
 S NN | TrAcc: 0.9880 | VaAcc: 0.9575 | TeAcc: 0.9746

194,  0 | TrAcc: 0.9921, TrLoss:  0.02749, VaAcc: 0.9595, VaLoss:  0.16020
 MAP NN | TrAcc: 0.9921 | VaAcc: 0.9585 | TeAcc: 0.9741
 S NN | TrAcc: 0.9878 | VaAcc: 0.9604 | TeAcc: 0.9697

195,  0 | TrAcc: 0.9922, TrLoss:  0.02920, VaAcc: 0.9600, VaLoss:  0.14898
 MAP NN | TrAcc: 0.9919 | VaAcc: 0.9595 | TeAcc: 0.9697
 S NN | TrAcc: 0.9850 | VaAcc: 0.9502 | TeAcc: 0.9702

196,  0 | TrAcc: 0.9917, TrLoss:  0.03132, VaAcc: 0.9575, VaLoss:  0.16097
 MAP NN | TrAcc: 0.9879 | VaAcc: 0.9551 | TeAcc: 0.9712
 S NN | TrAcc: 0.9854 | VaAcc: 0.9502 | TeAcc: 0.9683

197,  0 | TrAcc: 0.9901, TrLoss:  0.03370, VaAcc: 0.9590, VaLoss:  0.16797
 MAP NN | TrAcc: 0.9922 | VaAcc: 0.9585 | TeAcc: 0.9731
 S NN | TrAcc: 0.9886 | VaAcc: 0.9536 | TeAcc: 0.9741

198,  0 | TrAcc: 0.9930, TrLoss:  0.02727, VaAcc: 0.9575, VaLoss:  0.16313
 MAP NN | TrAcc: 0.9918 | VaAcc: 0.9590 | TeAcc: 0.9707
 S NN | TrAcc: 0.9874 | VaAcc: 0.9570 | TeAcc: 0.9731

199,  0 | TrAcc: 0.9922, TrLoss:  0.03011, VaAcc: 0.9644, VaLoss:  0.14989
 MAP NN | TrAcc: 0.9928 | VaAcc: 0.9624 | TeAcc: 0.9761
 S NN | TrAcc: 0.9878 | VaAcc: 0.9556 | TeAcc: 0.9736

Results for va_s
Metric: acc   
 96.34 % in iteration  154
Metric: loss  
Results for va_b
Metric: elogl 
 0.260 in iteration    0
Metric: acc   
 96.48 % in iteration  163
EARLY STOP FOR te_s
 96.78 % in iteration  154
