2024-08-08 17:18:54.569018: I tensorflow/core/platform/cpu_feature_guard.cc:141] Your CPU supports instructions that this TensorFlow binary was not compiled to use: SSE4.1 SSE4.2 AVX AVX2 FMA
2024-08-08 17:18:54.711288: I tensorflow/core/common_runtime/gpu/gpu_device.cc:1405] Found device 0 with properties: 
name: GeForce RTX 2080 Ti major: 7 minor: 5 memoryClockRate(GHz): 1.545
pciBusID: 0000:02:00.0
totalMemory: 10.76GiB freeMemory: 10.61GiB
2024-08-08 17:18:54.711757: I tensorflow/core/common_runtime/gpu/gpu_device.cc:1484] Adding visible gpu devices: 0
2024-08-08 17:18:59.036204: I tensorflow/core/common_runtime/gpu/gpu_device.cc:965] Device interconnect StreamExecutor with strength 1 edge matrix:
2024-08-08 17:18:59.036685: I tensorflow/core/common_runtime/gpu/gpu_device.cc:971]      0 
2024-08-08 17:18:59.037007: I tensorflow/core/common_runtime/gpu/gpu_device.cc:984] 0:   N 
2024-08-08 17:18:59.037498: I tensorflow/core/common_runtime/gpu/gpu_device.cc:1097] Created TensorFlow device (/job:localhost/replica:0/task:0/device:GPU:0 with 10237 MB memory) -> physical GPU (device: 0, name: GeForce RTX 2080 Ti, pci bus id: 0000:02:00.0, compute capability: 7.5)
2024-08-08 17:39:35.972497: I tensorflow/core/common_runtime/gpu/gpu_device.cc:1484] Adding visible gpu devices: 0
2024-08-08 17:39:35.972993: I tensorflow/core/common_runtime/gpu/gpu_device.cc:965] Device interconnect StreamExecutor with strength 1 edge matrix:
2024-08-08 17:39:35.973329: I tensorflow/core/common_runtime/gpu/gpu_device.cc:971]      0 
2024-08-08 17:39:35.973589: I tensorflow/core/common_runtime/gpu/gpu_device.cc:984] 0:   N 
2024-08-08 17:39:35.973985: I tensorflow/core/common_runtime/gpu/gpu_device.cc:1097] Created TensorFlow device (/job:localhost/replica:0/task:0/device:GPU:0 with 10237 MB memory) -> physical GPU (device: 0, name: GeForce RTX 2080 Ti, pci bus id: 0000:02:00.0, compute capability: 7.5)
2024-08-08 17:59:49.175815: I tensorflow/core/common_runtime/gpu/gpu_device.cc:1484] Adding visible gpu devices: 0
2024-08-08 17:59:49.176251: I tensorflow/core/common_runtime/gpu/gpu_device.cc:965] Device interconnect StreamExecutor with strength 1 edge matrix:
2024-08-08 17:59:49.176483: I tensorflow/core/common_runtime/gpu/gpu_device.cc:971]      0 
2024-08-08 17:59:49.176710: I tensorflow/core/common_runtime/gpu/gpu_device.cc:984] 0:   N 
2024-08-08 17:59:49.176982: I tensorflow/core/common_runtime/gpu/gpu_device.cc:1097] Created TensorFlow device (/job:localhost/replica:0/task:0/device:GPU:0 with 10237 MB memory) -> physical GPU (device: 0, name: GeForce RTX 2080 Ti, pci bus id: 0000:02:00.0, compute capability: 7.5)
