tr
(8080, 4, 45)
va
(1730, 4, 45)
te
(1450, 4, 45)

=============================
CONFIG FILE
====================================
Training configuration

Learning rate: 0.2, 	Learning rate anneal: inf, 	Tau:  1.0
Algorithm: reparametrization, 	STE: disabled, 	n forward passes: 1
Var reg: 0.0, 	Dir reg: 0.0, 	Ent reg: 0.0
Data multiplier: None
Gradient clipping: False, 	Gradient clip value: 1.0

Layer #0
lstm_0
Layer norm: False, 	LR Adapt: 
Dropout: False, 	p_dropout: 0.95

Layer #1
lstm_1
Layer norm: False, 	LR Adapt: 
Dropout: False, 	p_dropout: 0.95

Layer #2
output_layer
Layer norm: False, 	LR Adapt: 
Dropout: False, 	p_dropout: 0.95
====================================
RNN configuration

Layer #0, 	Type: input_layer, 	Scope: 
Units: 4, 	N activation bins: None

Layer #1, 	Type: lstm layer, 	Scope: lstm_0
Units: 50, 	N activation bins: None
Bias: True, 	N activation bins: 2, 	Discrete activation: False
Type: ternary, 	Parametetrization: sigmoid, 	Priors: [0.3333333333333333, 0.3333333333333333, 0.3333333333333333]
p_init_min: 0.05, 	p_init_max: 0.95
SB init: ('xavier', None), 	SA init: ('dirichlet', [0.3, 0.3, 0.3])
Type: gaussian, 	M init: ('constant', -1.5), 	Log V init: ('constant', -9.210340371976182)
M prior: 0.0, 	 Log V prior: 0.0
None
Bias: True, 	N activation bins: 2, 	Discrete activation: False
Type: ternary, 	Parametetrization: sigmoid, 	Priors: [0.3333333333333333, 0.3333333333333333, 0.3333333333333333]
p_init_min: 0.05, 	p_init_max: 0.95
SB init: ('xavier', None), 	SA init: ('dirichlet', [0.3, 0.3, 0.3])
Type: gaussian, 	M init: ('xavier', None), 	Log V init: ('constant', -9.210340371976182)
M prior: 0.0, 	 Log V prior: 0.0
None
Bias: True, 	N activation bins: 2, 	Discrete activation: False
Type: ternary, 	Parametetrization: sigmoid, 	Priors: [0.3333333333333333, 0.3333333333333333, 0.3333333333333333]
p_init_min: 0.05, 	p_init_max: 0.95
SB init: ('xavier', None), 	SA init: ('dirichlet', [0.3, 0.3, 0.3])
Type: gaussian, 	M init: ('xavier', None), 	Log V init: ('constant', -9.210340371976182)
M prior: 0.0, 	 Log V prior: 0.0
None

Layer #2, 	Type: lstm layer, 	Scope: lstm_1
Units: 30, 	N activation bins: None
Bias: True, 	N activation bins: 2, 	Discrete activation: False
Type: ternary, 	Parametetrization: sigmoid, 	Priors: [0.3333333333333333, 0.3333333333333333, 0.3333333333333333]
p_init_min: 0.05, 	p_init_max: 0.95
SB init: ('xavier', None), 	SA init: ('dirichlet', [0.3, 0.3, 0.3])
Type: gaussian, 	M init: ('constant', -1.5), 	Log V init: ('constant', -9.210340371976182)
M prior: 0.0, 	 Log V prior: 0.0
None
Bias: True, 	N activation bins: 2, 	Discrete activation: False
Type: ternary, 	Parametetrization: sigmoid, 	Priors: [0.3333333333333333, 0.3333333333333333, 0.3333333333333333]
p_init_min: 0.05, 	p_init_max: 0.95
SB init: ('xavier', None), 	SA init: ('dirichlet', [0.3, 0.3, 0.3])
Type: gaussian, 	M init: ('xavier', None), 	Log V init: ('constant', -9.210340371976182)
M prior: 0.0, 	 Log V prior: 0.0
None
Bias: True, 	N activation bins: 2, 	Discrete activation: False
Type: ternary, 	Parametetrization: sigmoid, 	Priors: [0.3333333333333333, 0.3333333333333333, 0.3333333333333333]
p_init_min: 0.05, 	p_init_max: 0.95
SB init: ('xavier', None), 	SA init: ('dirichlet', [0.3, 0.3, 0.3])
Type: gaussian, 	M init: ('xavier', None), 	Log V init: ('constant', -9.210340371976182)
M prior: 0.0, 	 Log V prior: 0.0
None

Layer #3, 	Type: ff layer, 	Scope: output_layer
Units: 10, 	N activation bins: None
====================================
Dataset configuration

Filename: /clusterFS/home/student/kopp13/datasets/mnist_pen_strokes/mps_all_tr.mat
Key: tr, 	In seq len: 45
Minibatch:  True, 	Size: 1024
Target bias removed: True, 	Shuffle: True

Filename: /clusterFS/home/student/kopp13/datasets/mnist_pen_strokes/mps_all_va.mat
Key: va, 	In seq len: 45
Minibatch:  True, 	Size: 1024
Target bias removed: True, 	Shuffle: False

Filename: /clusterFS/home/student/kopp13/datasets/mnist_pen_strokes/mps_all_te.mat
Key: te, 	In seq len: 45
Minibatch:  True, 	Size: 1024
Target bias removed: True, 	Shuffle: False
====================================
Info configuration

Filename:  test
Timer: False, 	Profiling: False, 	Profiling path: None
Save training metrics: True, 	Path: ../nr_spsc/
Save weights: False, 	Every: 1, 	Save best weights: False
Compute T Metrics every: 1

Load model from m_model2, 	 Force it: True
No model saving

starting
[('lstm_0/bc:0', 'lstm_0/bc'), ('lstm_0/bi:0', 'lstm_0/bi'), ('lstm_0/bo:0', 'lstm_0/bo'), ('lstm_0/wc:0', 'lstm_0/wc'), ('lstm_0/wi:0', 'lstm_0/wi'), ('lstm_0/wo:0', 'lstm_0/wo'), ('lstm_1/bc:0', 'lstm_1/bc'), ('lstm_1/bi:0', 'lstm_1/bi'), ('lstm_1/bo:0', 'lstm_1/bo'), ('lstm_1/wc:0', 'lstm_1/wc'), ('lstm_1/wi:0', 'lstm_1/wi'), ('lstm_1/wo:0', 'lstm_1/wo'), ('output_layer/b:0', 'output_layer/b'), ('output_layer/w:0', 'output_layer/w')]
output_layer/w
output_layer/b
=====
New variable
lstm_0/bc:0
lstm_0/bc
=====
New variable
lstm_0/bi:0
lstm_0/bi
=====
New variable
lstm_0/bo:0
lstm_0/bo
=====
New variable
lstm_0/wc:0
lstm_0/wc
=====
New variable
lstm_0/wi:0
lstm_0/wi
=====
New variable
lstm_0/wo:0
lstm_0/wo
=====
New variable
lstm_1/bc:0
lstm_1/bc
=====
New variable
lstm_1/bi:0
lstm_1/bi
=====
New variable
lstm_1/bo:0
lstm_1/bo
=====
New variable
lstm_1/wc:0
lstm_1/wc
=====
New variable
lstm_1/wi:0
lstm_1/wi
=====
New variable
lstm_1/wo:0
lstm_1/wo
=====
New variable
output_layer/b:0
output_layer/b
=====
New variable
output_layer/w:0
output_layer/w
=====
loaded
  0,  0 | TrAcc: 0.1989, TrLoss:  2.42889, VaAcc: 0.2129, VaLoss:  2.27326
 MAP NN | TrAcc: 0.9628 | VaAcc: 0.9424 | TeAcc: 0.9629
 S NN | TrAcc: 0.1627 | VaAcc: 0.1465 | TeAcc: 0.1333

  1,  0 | TrAcc: 0.2373, TrLoss:  2.08767, VaAcc: 0.1587, VaLoss:  1.95546
 MAP NN | TrAcc: 0.7809 | VaAcc: 0.8018 | TeAcc: 0.5552
 S NN | TrAcc: 0.1034 | VaAcc: 0.1934 | TeAcc: 0.0742

  2,  0 | TrAcc: 0.3444, TrLoss:  1.79071, VaAcc: 0.5488, VaLoss:  1.61673
 MAP NN | TrAcc: 0.6780 | VaAcc: 0.7227 | TeAcc: 0.4912
 S NN | TrAcc: 0.3093 | VaAcc: 0.2900 | TeAcc: 0.1943

  3,  0 | TrAcc: 0.4968, TrLoss:  1.47992, VaAcc: 0.5845, VaLoss:  1.24442
 MAP NN | TrAcc: 0.6606 | VaAcc: 0.6978 | TeAcc: 0.7622
 S NN | TrAcc: 0.2292 | VaAcc: 0.4907 | TeAcc: 0.5635

  4,  0 | TrAcc: 0.5806, TrLoss:  1.28238, VaAcc: 0.6240, VaLoss:  1.11431
 MAP NN | TrAcc: 0.7058 | VaAcc: 0.7495 | TeAcc: 0.5112
 S NN | TrAcc: 0.4294 | VaAcc: 0.4946 | TeAcc: 0.3076

  5,  0 | TrAcc: 0.6189, TrLoss:  1.19632, VaAcc: 0.6904, VaLoss:  0.98692
 MAP NN | TrAcc: 0.7507 | VaAcc: 0.7817 | TeAcc: 0.8394
 S NN | TrAcc: 0.4059 | VaAcc: 0.5884 | TeAcc: 0.4268

  6,  0 | TrAcc: 0.6818, TrLoss:  0.99672, VaAcc: 0.7100, VaLoss:  0.90901
 MAP NN | TrAcc: 0.7428 | VaAcc: 0.7817 | TeAcc: 0.8359
 S NN | TrAcc: 0.5270 | VaAcc: 0.6846 | TeAcc: 0.4209

  7,  0 | TrAcc: 0.6970, TrLoss:  0.96119, VaAcc: 0.7002, VaLoss:  0.95635
 MAP NN | TrAcc: 0.7710 | VaAcc: 0.8037 | TeAcc: 0.8511
 S NN | TrAcc: 0.6328 | VaAcc: 0.6255 | TeAcc: 0.4131

  8,  0 | TrAcc: 0.7671, TrLoss:  0.77225, VaAcc: 0.8140, VaLoss:  0.78975
 MAP NN | TrAcc: 0.7693 | VaAcc: 0.8071 | TeAcc: 0.8477
 S NN | TrAcc: 0.4568 | VaAcc: 0.7778 | TeAcc: 0.4673

  9,  0 | TrAcc: 0.7526, TrLoss:  0.79958, VaAcc: 0.7910, VaLoss:  0.73649
 MAP NN | TrAcc: 0.7878 | VaAcc: 0.8164 | TeAcc: 0.8594
 S NN | TrAcc: 0.5913 | VaAcc: 0.5820 | TeAcc: 0.6777

 10,  0 | TrAcc: 0.7905, TrLoss:  0.69164, VaAcc: 0.8110, VaLoss:  0.65521
 MAP NN | TrAcc: 0.8112 | VaAcc: 0.8286 | TeAcc: 0.8779
 S NN | TrAcc: 0.6786 | VaAcc: 0.7500 | TeAcc: 0.7695

 11,  0 | TrAcc: 0.8109, TrLoss:  0.63967, VaAcc: 0.8335, VaLoss:  0.54627
 MAP NN | TrAcc: 0.8392 | VaAcc: 0.8594 | TeAcc: 0.8960
 S NN | TrAcc: 0.7374 | VaAcc: 0.8154 | TeAcc: 0.8140

 12,  0 | TrAcc: 0.8204, TrLoss:  0.58950, VaAcc: 0.8564, VaLoss:  0.49617
 MAP NN | TrAcc: 0.8129 | VaAcc: 0.8374 | TeAcc: 0.8799
 S NN | TrAcc: 0.6732 | VaAcc: 0.7202 | TeAcc: 0.8237

 13,  0 | TrAcc: 0.7826, TrLoss:  0.67084, VaAcc: 0.8242, VaLoss:  0.59633
 MAP NN | TrAcc: 0.7899 | VaAcc: 0.8198 | TeAcc: 0.8569
 S NN | TrAcc: 0.6615 | VaAcc: 0.8140 | TeAcc: 0.7466

 14,  0 | TrAcc: 0.8285, TrLoss:  0.57306, VaAcc: 0.8730, VaLoss:  0.47747
 MAP NN | TrAcc: 0.8292 | VaAcc: 0.8491 | TeAcc: 0.8862
 S NN | TrAcc: 0.7919 | VaAcc: 0.6055 | TeAcc: 0.8306

 15,  0 | TrAcc: 0.8452, TrLoss:  0.50365, VaAcc: 0.8662, VaLoss:  0.48730
 MAP NN | TrAcc: 0.8531 | VaAcc: 0.8618 | TeAcc: 0.9019
 S NN | TrAcc: 0.7791 | VaAcc: 0.8110 | TeAcc: 0.8359

 16,  0 | TrAcc: 0.8673, TrLoss:  0.45994, VaAcc: 0.8799, VaLoss:  0.45712
 MAP NN | TrAcc: 0.8766 | VaAcc: 0.8848 | TeAcc: 0.9175
 S NN | TrAcc: 0.7247 | VaAcc: 0.8271 | TeAcc: 0.5791

 17,  0 | TrAcc: 0.8541, TrLoss:  0.46741, VaAcc: 0.8906, VaLoss:  0.40551
 MAP NN | TrAcc: 0.8787 | VaAcc: 0.8857 | TeAcc: 0.9077
 S NN | TrAcc: 0.8175 | VaAcc: 0.8164 | TeAcc: 0.8428

 18,  0 | TrAcc: 0.8712, TrLoss:  0.43014, VaAcc: 0.8892, VaLoss:  0.38100
 MAP NN | TrAcc: 0.8448 | VaAcc: 0.8579 | TeAcc: 0.8916
 S NN | TrAcc: 0.7495 | VaAcc: 0.8433 | TeAcc: 0.8887

 19,  0 | TrAcc: 0.8789, TrLoss:  0.40234, VaAcc: 0.8887, VaLoss:  0.40066
 MAP NN | TrAcc: 0.8976 | VaAcc: 0.8994 | TeAcc: 0.9229
 S NN | TrAcc: 0.7394 | VaAcc: 0.8589 | TeAcc: 0.8369

 20,  0 | TrAcc: 0.8826, TrLoss:  0.39712, VaAcc: 0.8960, VaLoss:  0.37703
 MAP NN | TrAcc: 0.8945 | VaAcc: 0.9009 | TeAcc: 0.9312
 S NN | TrAcc: 0.8479 | VaAcc: 0.8354 | TeAcc: 0.8579

 21,  0 | TrAcc: 0.8879, TrLoss:  0.38742, VaAcc: 0.8848, VaLoss:  0.39885
 MAP NN | TrAcc: 0.8855 | VaAcc: 0.8906 | TeAcc: 0.9111
 S NN | TrAcc: 0.8103 | VaAcc: 0.8174 | TeAcc: 0.5898

 22,  0 | TrAcc: 0.8947, TrLoss:  0.35959, VaAcc: 0.8867, VaLoss:  0.38466
 MAP NN | TrAcc: 0.8888 | VaAcc: 0.8970 | TeAcc: 0.9155
 S NN | TrAcc: 0.8160 | VaAcc: 0.8452 | TeAcc: 0.8672

 23,  0 | TrAcc: 0.8745, TrLoss:  0.40671, VaAcc: 0.8979, VaLoss:  0.39138
 MAP NN | TrAcc: 0.8973 | VaAcc: 0.8936 | TeAcc: 0.9229
 S NN | TrAcc: 0.8684 | VaAcc: 0.8564 | TeAcc: 0.5923

 24,  0 | TrAcc: 0.9004, TrLoss:  0.33198, VaAcc: 0.8950, VaLoss:  0.36068
 MAP NN | TrAcc: 0.8893 | VaAcc: 0.8921 | TeAcc: 0.9146
 S NN | TrAcc: 0.8446 | VaAcc: 0.8486 | TeAcc: 0.6084

 25,  0 | TrAcc: 0.8947, TrLoss:  0.35683, VaAcc: 0.8960, VaLoss:  0.35060
 MAP NN | TrAcc: 0.9025 | VaAcc: 0.9077 | TeAcc: 0.9258
 S NN | TrAcc: 0.8955 | VaAcc: 0.8828 | TeAcc: 0.9067

 26,  0 | TrAcc: 0.9091, TrLoss:  0.31356, VaAcc: 0.9136, VaLoss:  0.32364
 MAP NN | TrAcc: 0.9200 | VaAcc: 0.9229 | TeAcc: 0.9346
 S NN | TrAcc: 0.8324 | VaAcc: 0.8740 | TeAcc: 0.8970

 27,  0 | TrAcc: 0.9132, TrLoss:  0.28856, VaAcc: 0.9102, VaLoss:  0.33889
 MAP NN | TrAcc: 0.9177 | VaAcc: 0.9131 | TeAcc: 0.9360
 S NN | TrAcc: 0.8717 | VaAcc: 0.8906 | TeAcc: 0.9141

 28,  0 | TrAcc: 0.9159, TrLoss:  0.28284, VaAcc: 0.9146, VaLoss:  0.32075
 MAP NN | TrAcc: 0.9165 | VaAcc: 0.9155 | TeAcc: 0.9336
 S NN | TrAcc: 0.8789 | VaAcc: 0.8877 | TeAcc: 0.9141

 29,  0 | TrAcc: 0.9102, TrLoss:  0.28992, VaAcc: 0.9263, VaLoss:  0.30117
 MAP NN | TrAcc: 0.9200 | VaAcc: 0.9175 | TeAcc: 0.9351
 S NN | TrAcc: 0.8707 | VaAcc: 0.8833 | TeAcc: 0.9131

 30,  0 | TrAcc: 0.9219, TrLoss:  0.25620, VaAcc: 0.9238, VaLoss:  0.27357
 MAP NN | TrAcc: 0.9248 | VaAcc: 0.9170 | TeAcc: 0.9424
 S NN | TrAcc: 0.8960 | VaAcc: 0.8945 | TeAcc: 0.8857

 31,  0 | TrAcc: 0.9246, TrLoss:  0.25542, VaAcc: 0.9160, VaLoss:  0.29426
 MAP NN | TrAcc: 0.9282 | VaAcc: 0.9219 | TeAcc: 0.9492
 S NN | TrAcc: 0.9039 | VaAcc: 0.8950 | TeAcc: 0.9282

 32,  0 | TrAcc: 0.9260, TrLoss:  0.25197, VaAcc: 0.9165, VaLoss:  0.31819
 MAP NN | TrAcc: 0.9285 | VaAcc: 0.9272 | TeAcc: 0.9438
 S NN | TrAcc: 0.8413 | VaAcc: 0.9014 | TeAcc: 0.9126

 33,  0 | TrAcc: 0.9266, TrLoss:  0.25036, VaAcc: 0.9160, VaLoss:  0.29075
 MAP NN | TrAcc: 0.9290 | VaAcc: 0.9175 | TeAcc: 0.9497
 S NN | TrAcc: 0.8629 | VaAcc: 0.8911 | TeAcc: 0.9258

 34,  0 | TrAcc: 0.9288, TrLoss:  0.24184, VaAcc: 0.9316, VaLoss:  0.25181
 MAP NN | TrAcc: 0.9274 | VaAcc: 0.9204 | TeAcc: 0.9487
 S NN | TrAcc: 0.8921 | VaAcc: 0.8892 | TeAcc: 0.9268

 35,  0 | TrAcc: 0.9265, TrLoss:  0.23549, VaAcc: 0.9214, VaLoss:  0.29132
 MAP NN | TrAcc: 0.9362 | VaAcc: 0.9292 | TeAcc: 0.9526
 S NN | TrAcc: 0.9005 | VaAcc: 0.9072 | TeAcc: 0.9297

 36,  0 | TrAcc: 0.9283, TrLoss:  0.23308, VaAcc: 0.9312, VaLoss:  0.24441
 MAP NN | TrAcc: 0.9348 | VaAcc: 0.9307 | TeAcc: 0.9443
 S NN | TrAcc: 0.9106 | VaAcc: 0.8604 | TeAcc: 0.9209

 37,  0 | TrAcc: 0.9337, TrLoss:  0.21873, VaAcc: 0.9297, VaLoss:  0.24881
 MAP NN | TrAcc: 0.9393 | VaAcc: 0.9307 | TeAcc: 0.9551
 S NN | TrAcc: 0.9060 | VaAcc: 0.9009 | TeAcc: 0.9419

 38,  0 | TrAcc: 0.9366, TrLoss:  0.21396, VaAcc: 0.9321, VaLoss:  0.24536
 MAP NN | TrAcc: 0.9373 | VaAcc: 0.9331 | TeAcc: 0.9507
 S NN | TrAcc: 0.9241 | VaAcc: 0.8994 | TeAcc: 0.9380

 39,  0 | TrAcc: 0.9316, TrLoss:  0.22780, VaAcc: 0.9277, VaLoss:  0.26252
 MAP NN | TrAcc: 0.9413 | VaAcc: 0.9336 | TeAcc: 0.9541
 S NN | TrAcc: 0.9203 | VaAcc: 0.9072 | TeAcc: 0.9277

 40,  0 | TrAcc: 0.9348, TrLoss:  0.21435, VaAcc: 0.9331, VaLoss:  0.24341
 MAP NN | TrAcc: 0.9343 | VaAcc: 0.9297 | TeAcc: 0.9478
 S NN | TrAcc: 0.9017 | VaAcc: 0.9043 | TeAcc: 0.9292

 41,  0 | TrAcc: 0.9357, TrLoss:  0.20811, VaAcc: 0.9219, VaLoss:  0.26314
 MAP NN | TrAcc: 0.9374 | VaAcc: 0.9307 | TeAcc: 0.9482
 S NN | TrAcc: 0.9045 | VaAcc: 0.9199 | TeAcc: 0.9106

 42,  0 | TrAcc: 0.9409, TrLoss:  0.19737, VaAcc: 0.9341, VaLoss:  0.27018
 MAP NN | TrAcc: 0.9482 | VaAcc: 0.9429 | TeAcc: 0.9580
 S NN | TrAcc: 0.9149 | VaAcc: 0.9106 | TeAcc: 0.9429

 43,  0 | TrAcc: 0.9392, TrLoss:  0.20184, VaAcc: 0.9336, VaLoss:  0.23543
 MAP NN | TrAcc: 0.9429 | VaAcc: 0.9390 | TeAcc: 0.9551
 S NN | TrAcc: 0.8932 | VaAcc: 0.9058 | TeAcc: 0.9409

 44,  0 | TrAcc: 0.9431, TrLoss:  0.18409, VaAcc: 0.9312, VaLoss:  0.24675
 MAP NN | TrAcc: 0.9457 | VaAcc: 0.9409 | TeAcc: 0.9604
 S NN | TrAcc: 0.9054 | VaAcc: 0.9092 | TeAcc: 0.9482

 45,  0 | TrAcc: 0.9398, TrLoss:  0.20183, VaAcc: 0.9326, VaLoss:  0.29127
 MAP NN | TrAcc: 0.9414 | VaAcc: 0.9360 | TeAcc: 0.9541
 S NN | TrAcc: 0.9198 | VaAcc: 0.8960 | TeAcc: 0.9375

 46,  0 | TrAcc: 0.9413, TrLoss:  0.19507, VaAcc: 0.9355, VaLoss:  0.23999
 MAP NN | TrAcc: 0.9425 | VaAcc: 0.9370 | TeAcc: 0.9570
 S NN | TrAcc: 0.9211 | VaAcc: 0.9219 | TeAcc: 0.9443

 47,  0 | TrAcc: 0.9457, TrLoss:  0.18204, VaAcc: 0.9395, VaLoss:  0.23106
 MAP NN | TrAcc: 0.9481 | VaAcc: 0.9341 | TeAcc: 0.9570
 S NN | TrAcc: 0.9349 | VaAcc: 0.9312 | TeAcc: 0.9351

 48,  0 | TrAcc: 0.9482, TrLoss:  0.17652, VaAcc: 0.9448, VaLoss:  0.19756
 MAP NN | TrAcc: 0.9442 | VaAcc: 0.9360 | TeAcc: 0.9580
 S NN | TrAcc: 0.9259 | VaAcc: 0.9263 | TeAcc: 0.9395

 49,  0 | TrAcc: 0.9489, TrLoss:  0.17179, VaAcc: 0.9390, VaLoss:  0.23852
 MAP NN | TrAcc: 0.9520 | VaAcc: 0.9424 | TeAcc: 0.9619
 S NN | TrAcc: 0.9205 | VaAcc: 0.9185 | TeAcc: 0.9531

 50,  0 | TrAcc: 0.9493, TrLoss:  0.16977, VaAcc: 0.9385, VaLoss:  0.23665
 MAP NN | TrAcc: 0.9421 | VaAcc: 0.9331 | TeAcc: 0.9565
 S NN | TrAcc: 0.9377 | VaAcc: 0.9150 | TeAcc: 0.9429

 51,  0 | TrAcc: 0.9484, TrLoss:  0.16852, VaAcc: 0.9355, VaLoss:  0.22783
 MAP NN | TrAcc: 0.9473 | VaAcc: 0.9424 | TeAcc: 0.9546
 S NN | TrAcc: 0.9396 | VaAcc: 0.9038 | TeAcc: 0.9463

 52,  0 | TrAcc: 0.9512, TrLoss:  0.16261, VaAcc: 0.9473, VaLoss:  0.18361
 MAP NN | TrAcc: 0.9496 | VaAcc: 0.9360 | TeAcc: 0.9614
 S NN | TrAcc: 0.9056 | VaAcc: 0.9272 | TeAcc: 0.9502

 53,  0 | TrAcc: 0.9489, TrLoss:  0.16242, VaAcc: 0.9482, VaLoss:  0.19980
 MAP NN | TrAcc: 0.9534 | VaAcc: 0.9404 | TeAcc: 0.9624
 S NN | TrAcc: 0.9266 | VaAcc: 0.9248 | TeAcc: 0.9507

 54,  0 | TrAcc: 0.9542, TrLoss:  0.15477, VaAcc: 0.9404, VaLoss:  0.21894
 MAP NN | TrAcc: 0.9536 | VaAcc: 0.9370 | TeAcc: 0.9619
 S NN | TrAcc: 0.8989 | VaAcc: 0.9160 | TeAcc: 0.9570

 55,  0 | TrAcc: 0.9541, TrLoss:  0.15249, VaAcc: 0.9448, VaLoss:  0.22331
 MAP NN | TrAcc: 0.9526 | VaAcc: 0.9404 | TeAcc: 0.9604
 S NN | TrAcc: 0.9468 | VaAcc: 0.9287 | TeAcc: 0.9468

 56,  0 | TrAcc: 0.9565, TrLoss:  0.14875, VaAcc: 0.9443, VaLoss:  0.19236
 MAP NN | TrAcc: 0.9517 | VaAcc: 0.9409 | TeAcc: 0.9570
 S NN | TrAcc: 0.9316 | VaAcc: 0.9365 | TeAcc: 0.9531

 57,  0 | TrAcc: 0.9519, TrLoss:  0.15736, VaAcc: 0.9448, VaLoss:  0.20777
 MAP NN | TrAcc: 0.9443 | VaAcc: 0.9326 | TeAcc: 0.9492
 S NN | TrAcc: 0.9321 | VaAcc: 0.9292 | TeAcc: 0.9531

 58,  0 | TrAcc: 0.9567, TrLoss:  0.14600, VaAcc: 0.9497, VaLoss:  0.18659
 MAP NN | TrAcc: 0.9548 | VaAcc: 0.9492 | TeAcc: 0.9653
 S NN | TrAcc: 0.9259 | VaAcc: 0.9268 | TeAcc: 0.9434

 59,  0 | TrAcc: 0.9585, TrLoss:  0.14134, VaAcc: 0.9478, VaLoss:  0.19289
 MAP NN | TrAcc: 0.9545 | VaAcc: 0.9419 | TeAcc: 0.9614
 S NN | TrAcc: 0.9413 | VaAcc: 0.9043 | TeAcc: 0.9473

 60,  0 | TrAcc: 0.9558, TrLoss:  0.14562, VaAcc: 0.9473, VaLoss:  0.19529
 MAP NN | TrAcc: 0.9453 | VaAcc: 0.9390 | TeAcc: 0.9546
 S NN | TrAcc: 0.9418 | VaAcc: 0.9316 | TeAcc: 0.9512

 61,  0 | TrAcc: 0.9515, TrLoss:  0.15851, VaAcc: 0.9419, VaLoss:  0.21867
 MAP NN | TrAcc: 0.9595 | VaAcc: 0.9473 | TeAcc: 0.9575
 S NN | TrAcc: 0.9385 | VaAcc: 0.9307 | TeAcc: 0.9512

 62,  0 | TrAcc: 0.9611, TrLoss:  0.13509, VaAcc: 0.9492, VaLoss:  0.20374
 MAP NN | TrAcc: 0.9471 | VaAcc: 0.9355 | TeAcc: 0.9556
 S NN | TrAcc: 0.9441 | VaAcc: 0.9287 | TeAcc: 0.9478

 63,  0 | TrAcc: 0.9596, TrLoss:  0.13577, VaAcc: 0.9536, VaLoss:  0.18540
 MAP NN | TrAcc: 0.9576 | VaAcc: 0.9497 | TeAcc: 0.9565
 S NN | TrAcc: 0.9457 | VaAcc: 0.9297 | TeAcc: 0.9536

 64,  0 | TrAcc: 0.9603, TrLoss:  0.13592, VaAcc: 0.9492, VaLoss:  0.19838
 MAP NN | TrAcc: 0.9548 | VaAcc: 0.9443 | TeAcc: 0.9619
 S NN | TrAcc: 0.9408 | VaAcc: 0.9316 | TeAcc: 0.9609

 65,  0 | TrAcc: 0.9590, TrLoss:  0.13427, VaAcc: 0.9385, VaLoss:  0.28459
 MAP NN | TrAcc: 0.9589 | VaAcc: 0.9453 | TeAcc: 0.9639
 S NN | TrAcc: 0.9205 | VaAcc: 0.9312 | TeAcc: 0.9551

 66,  0 | TrAcc: 0.9597, TrLoss:  0.13446, VaAcc: 0.9453, VaLoss:  0.19198
 MAP NN | TrAcc: 0.9604 | VaAcc: 0.9473 | TeAcc: 0.9644
 S NN | TrAcc: 0.9462 | VaAcc: 0.9355 | TeAcc: 0.9385

 67,  0 | TrAcc: 0.9615, TrLoss:  0.13454, VaAcc: 0.9463, VaLoss:  0.18812
 MAP NN | TrAcc: 0.9613 | VaAcc: 0.9458 | TeAcc: 0.9624
 S NN | TrAcc: 0.9476 | VaAcc: 0.9312 | TeAcc: 0.9526

 68,  0 | TrAcc: 0.9606, TrLoss:  0.12935, VaAcc: 0.9419, VaLoss:  0.21020
 MAP NN | TrAcc: 0.9570 | VaAcc: 0.9429 | TeAcc: 0.9595
 S NN | TrAcc: 0.9449 | VaAcc: 0.9399 | TeAcc: 0.9517

 69,  0 | TrAcc: 0.9615, TrLoss:  0.12680, VaAcc: 0.9434, VaLoss:  0.24170
 MAP NN | TrAcc: 0.9608 | VaAcc: 0.9463 | TeAcc: 0.9609
 S NN | TrAcc: 0.9387 | VaAcc: 0.9404 | TeAcc: 0.9565

 70,  0 | TrAcc: 0.9630, TrLoss:  0.12659, VaAcc: 0.9463, VaLoss:  0.19384
 MAP NN | TrAcc: 0.9624 | VaAcc: 0.9507 | TeAcc: 0.9634
 S NN | TrAcc: 0.9490 | VaAcc: 0.9429 | TeAcc: 0.9595

 71,  0 | TrAcc: 0.9648, TrLoss:  0.11899, VaAcc: 0.9458, VaLoss:  0.20540
 MAP NN | TrAcc: 0.9635 | VaAcc: 0.9473 | TeAcc: 0.9634
 S NN | TrAcc: 0.9500 | VaAcc: 0.9341 | TeAcc: 0.9546

 72,  0 | TrAcc: 0.9624, TrLoss:  0.12405, VaAcc: 0.9487, VaLoss:  0.19186
 MAP NN | TrAcc: 0.9607 | VaAcc: 0.9434 | TeAcc: 0.9644
 S NN | TrAcc: 0.9473 | VaAcc: 0.9409 | TeAcc: 0.9590

 73,  0 | TrAcc: 0.9607, TrLoss:  0.13025, VaAcc: 0.9541, VaLoss:  0.18291
 MAP NN | TrAcc: 0.9625 | VaAcc: 0.9478 | TeAcc: 0.9604
 S NN | TrAcc: 0.9360 | VaAcc: 0.9331 | TeAcc: 0.9385

 74,  0 | TrAcc: 0.9601, TrLoss:  0.12779, VaAcc: 0.9453, VaLoss:  0.20457
 MAP NN | TrAcc: 0.9633 | VaAcc: 0.9502 | TeAcc: 0.9634
 S NN | TrAcc: 0.9492 | VaAcc: 0.9238 | TeAcc: 0.9570

 75,  0 | TrAcc: 0.9585, TrLoss:  0.13185, VaAcc: 0.9546, VaLoss:  0.16681
 MAP NN | TrAcc: 0.9542 | VaAcc: 0.9434 | TeAcc: 0.9634
 S NN | TrAcc: 0.9468 | VaAcc: 0.9331 | TeAcc: 0.9561

 76,  0 | TrAcc: 0.9645, TrLoss:  0.12590, VaAcc: 0.9531, VaLoss:  0.18118
 MAP NN | TrAcc: 0.9628 | VaAcc: 0.9492 | TeAcc: 0.9653
 S NN | TrAcc: 0.9552 | VaAcc: 0.9365 | TeAcc: 0.9561

 77,  0 | TrAcc: 0.9672, TrLoss:  0.10853, VaAcc: 0.9473, VaLoss:  0.19227
 MAP NN | TrAcc: 0.9658 | VaAcc: 0.9482 | TeAcc: 0.9658
 S NN | TrAcc: 0.9530 | VaAcc: 0.9414 | TeAcc: 0.9595

 78,  0 | TrAcc: 0.9636, TrLoss:  0.12090, VaAcc: 0.9458, VaLoss:  0.19569
 MAP NN | TrAcc: 0.9573 | VaAcc: 0.9453 | TeAcc: 0.9609
 S NN | TrAcc: 0.9426 | VaAcc: 0.9341 | TeAcc: 0.9531

 79,  0 | TrAcc: 0.9651, TrLoss:  0.11845, VaAcc: 0.9521, VaLoss:  0.18234
 MAP NN | TrAcc: 0.9639 | VaAcc: 0.9502 | TeAcc: 0.9604
 S NN | TrAcc: 0.9519 | VaAcc: 0.9453 | TeAcc: 0.9541

 80,  0 | TrAcc: 0.9663, TrLoss:  0.11208, VaAcc: 0.9414, VaLoss:  0.20291
 MAP NN | TrAcc: 0.9603 | VaAcc: 0.9492 | TeAcc: 0.9653
 S NN | TrAcc: 0.9567 | VaAcc: 0.9312 | TeAcc: 0.9536

 81,  0 | TrAcc: 0.9659, TrLoss:  0.11424, VaAcc: 0.9463, VaLoss:  0.19467
 MAP NN | TrAcc: 0.9696 | VaAcc: 0.9541 | TeAcc: 0.9688
 S NN | TrAcc: 0.9550 | VaAcc: 0.9316 | TeAcc: 0.9585

 82,  0 | TrAcc: 0.9683, TrLoss:  0.11009, VaAcc: 0.9541, VaLoss:  0.19055
 MAP NN | TrAcc: 0.9609 | VaAcc: 0.9487 | TeAcc: 0.9634
 S NN | TrAcc: 0.9523 | VaAcc: 0.9512 | TeAcc: 0.9570

 83,  0 | TrAcc: 0.9648, TrLoss:  0.11687, VaAcc: 0.9507, VaLoss:  0.18735
 MAP NN | TrAcc: 0.9661 | VaAcc: 0.9517 | TeAcc: 0.9683
 S NN | TrAcc: 0.9473 | VaAcc: 0.9443 | TeAcc: 0.9644

 84,  0 | TrAcc: 0.9698, TrLoss:  0.11028, VaAcc: 0.9497, VaLoss:  0.18364
 MAP NN | TrAcc: 0.9622 | VaAcc: 0.9424 | TeAcc: 0.9614
 S NN | TrAcc: 0.9523 | VaAcc: 0.9385 | TeAcc: 0.9521

 85,  0 | TrAcc: 0.9656, TrLoss:  0.11112, VaAcc: 0.9502, VaLoss:  0.18301
 MAP NN | TrAcc: 0.9681 | VaAcc: 0.9536 | TeAcc: 0.9663
 S NN | TrAcc: 0.9476 | VaAcc: 0.9302 | TeAcc: 0.9546

 86,  0 | TrAcc: 0.9706, TrLoss:  0.09904, VaAcc: 0.9463, VaLoss:  0.20398
 MAP NN | TrAcc: 0.9646 | VaAcc: 0.9443 | TeAcc: 0.9629
 S NN | TrAcc: 0.9624 | VaAcc: 0.9346 | TeAcc: 0.9585

 87,  0 | TrAcc: 0.9652, TrLoss:  0.11266, VaAcc: 0.9448, VaLoss:  0.19024
 MAP NN | TrAcc: 0.9620 | VaAcc: 0.9517 | TeAcc: 0.9639
 S NN | TrAcc: 0.9412 | VaAcc: 0.9102 | TeAcc: 0.9590

 88,  0 | TrAcc: 0.9685, TrLoss:  0.10233, VaAcc: 0.9551, VaLoss:  0.16321
 MAP NN | TrAcc: 0.9658 | VaAcc: 0.9517 | TeAcc: 0.9673
 S NN | TrAcc: 0.9565 | VaAcc: 0.9438 | TeAcc: 0.9595

 89,  0 | TrAcc: 0.9722, TrLoss:  0.09681, VaAcc: 0.9570, VaLoss:  0.16514
 MAP NN | TrAcc: 0.9701 | VaAcc: 0.9497 | TeAcc: 0.9648
 S NN | TrAcc: 0.9639 | VaAcc: 0.9473 | TeAcc: 0.9619

 90,  0 | TrAcc: 0.9708, TrLoss:  0.10120, VaAcc: 0.9468, VaLoss:  0.19823
 MAP NN | TrAcc: 0.9629 | VaAcc: 0.9458 | TeAcc: 0.9639
 S NN | TrAcc: 0.9459 | VaAcc: 0.9365 | TeAcc: 0.9624

 91,  0 | TrAcc: 0.9708, TrLoss:  0.09689, VaAcc: 0.9556, VaLoss:  0.17510
 MAP NN | TrAcc: 0.9685 | VaAcc: 0.9502 | TeAcc: 0.9658
 S NN | TrAcc: 0.9547 | VaAcc: 0.9429 | TeAcc: 0.9634

 92,  0 | TrAcc: 0.9725, TrLoss:  0.09344, VaAcc: 0.9473, VaLoss:  0.18965
 MAP NN | TrAcc: 0.9690 | VaAcc: 0.9473 | TeAcc: 0.9614
 S NN | TrAcc: 0.9407 | VaAcc: 0.9487 | TeAcc: 0.9600

 93,  0 | TrAcc: 0.9735, TrLoss:  0.08996, VaAcc: 0.9570, VaLoss:  0.16317
 MAP NN | TrAcc: 0.9722 | VaAcc: 0.9526 | TeAcc: 0.9683
 S NN | TrAcc: 0.9622 | VaAcc: 0.9390 | TeAcc: 0.9644

 94,  0 | TrAcc: 0.9702, TrLoss:  0.09924, VaAcc: 0.9551, VaLoss:  0.17556
 MAP NN | TrAcc: 0.9720 | VaAcc: 0.9556 | TeAcc: 0.9673
 S NN | TrAcc: 0.9471 | VaAcc: 0.9404 | TeAcc: 0.9697

 95,  0 | TrAcc: 0.9750, TrLoss:  0.08815, VaAcc: 0.9561, VaLoss:  0.17639
 MAP NN | TrAcc: 0.9716 | VaAcc: 0.9546 | TeAcc: 0.9678
 S NN | TrAcc: 0.9642 | VaAcc: 0.9463 | TeAcc: 0.9619

 96,  0 | TrAcc: 0.9698, TrLoss:  0.09744, VaAcc: 0.9561, VaLoss:  0.17665
 MAP NN | TrAcc: 0.9659 | VaAcc: 0.9526 | TeAcc: 0.9639
 S NN | TrAcc: 0.9496 | VaAcc: 0.9390 | TeAcc: 0.9595

 97,  0 | TrAcc: 0.9739, TrLoss:  0.08892, VaAcc: 0.9531, VaLoss:  0.17449
 MAP NN | TrAcc: 0.9723 | VaAcc: 0.9517 | TeAcc: 0.9678
 S NN | TrAcc: 0.9646 | VaAcc: 0.9399 | TeAcc: 0.9634

 98,  0 | TrAcc: 0.9740, TrLoss:  0.08852, VaAcc: 0.9507, VaLoss:  0.17141
 MAP NN | TrAcc: 0.9713 | VaAcc: 0.9517 | TeAcc: 0.9678
 S NN | TrAcc: 0.9641 | VaAcc: 0.9429 | TeAcc: 0.9712

 99,  0 | TrAcc: 0.9735, TrLoss:  0.09276, VaAcc: 0.9556, VaLoss:  0.18632
 MAP NN | TrAcc: 0.9696 | VaAcc: 0.9551 | TeAcc: 0.9653
 S NN | TrAcc: 0.9658 | VaAcc: 0.9521 | TeAcc: 0.9595

100,  0 | TrAcc: 0.9738, TrLoss:  0.08800, VaAcc: 0.9517, VaLoss:  0.18474
 MAP NN | TrAcc: 0.9740 | VaAcc: 0.9561 | TeAcc: 0.9697
 S NN | TrAcc: 0.9596 | VaAcc: 0.9502 | TeAcc: 0.9658

101,  0 | TrAcc: 0.9766, TrLoss:  0.08166, VaAcc: 0.9595, VaLoss:  0.16261
 MAP NN | TrAcc: 0.9716 | VaAcc: 0.9551 | TeAcc: 0.9653
 S NN | TrAcc: 0.9583 | VaAcc: 0.9487 | TeAcc: 0.9702

102,  0 | TrAcc: 0.9727, TrLoss:  0.08960, VaAcc: 0.9561, VaLoss:  0.16920
 MAP NN | TrAcc: 0.9703 | VaAcc: 0.9541 | TeAcc: 0.9658
 S NN | TrAcc: 0.9587 | VaAcc: 0.9424 | TeAcc: 0.9683

103,  0 | TrAcc: 0.9706, TrLoss:  0.09262, VaAcc: 0.9556, VaLoss:  0.18566
 MAP NN | TrAcc: 0.9672 | VaAcc: 0.9517 | TeAcc: 0.9668
 S NN | TrAcc: 0.9565 | VaAcc: 0.9463 | TeAcc: 0.9585

104,  0 | TrAcc: 0.9712, TrLoss:  0.09267, VaAcc: 0.9551, VaLoss:  0.16115
 MAP NN | TrAcc: 0.9709 | VaAcc: 0.9556 | TeAcc: 0.9663
 S NN | TrAcc: 0.9631 | VaAcc: 0.9482 | TeAcc: 0.9629

105,  0 | TrAcc: 0.9753, TrLoss:  0.08375, VaAcc: 0.9541, VaLoss:  0.16228
 MAP NN | TrAcc: 0.9731 | VaAcc: 0.9590 | TeAcc: 0.9678
 S NN | TrAcc: 0.9603 | VaAcc: 0.9507 | TeAcc: 0.9653

106,  0 | TrAcc: 0.9773, TrLoss:  0.07956, VaAcc: 0.9561, VaLoss:  0.16762
 MAP NN | TrAcc: 0.9718 | VaAcc: 0.9561 | TeAcc: 0.9653
 S NN | TrAcc: 0.9600 | VaAcc: 0.9390 | TeAcc: 0.9624

107,  0 | TrAcc: 0.9728, TrLoss:  0.09081, VaAcc: 0.9556, VaLoss:  0.17760
 MAP NN | TrAcc: 0.9686 | VaAcc: 0.9546 | TeAcc: 0.9653
 S NN | TrAcc: 0.9653 | VaAcc: 0.9473 | TeAcc: 0.9668

108,  0 | TrAcc: 0.9763, TrLoss:  0.08183, VaAcc: 0.9536, VaLoss:  0.17073
 MAP NN | TrAcc: 0.9767 | VaAcc: 0.9604 | TeAcc: 0.9678
 S NN | TrAcc: 0.9677 | VaAcc: 0.9487 | TeAcc: 0.9648

109,  0 | TrAcc: 0.9746, TrLoss:  0.08369, VaAcc: 0.9585, VaLoss:  0.15621
 MAP NN | TrAcc: 0.9705 | VaAcc: 0.9541 | TeAcc: 0.9688
 S NN | TrAcc: 0.9639 | VaAcc: 0.9521 | TeAcc: 0.9653

110,  0 | TrAcc: 0.9763, TrLoss:  0.07946, VaAcc: 0.9561, VaLoss:  0.16696
 MAP NN | TrAcc: 0.9788 | VaAcc: 0.9521 | TeAcc: 0.9678
 S NN | TrAcc: 0.9683 | VaAcc: 0.9468 | TeAcc: 0.9619

111,  0 | TrAcc: 0.9771, TrLoss:  0.08072, VaAcc: 0.9526, VaLoss:  0.18394
 MAP NN | TrAcc: 0.9764 | VaAcc: 0.9526 | TeAcc: 0.9692
 S NN | TrAcc: 0.9656 | VaAcc: 0.9458 | TeAcc: 0.9668

112,  0 | TrAcc: 0.9755, TrLoss:  0.08344, VaAcc: 0.9502, VaLoss:  0.18406
 MAP NN | TrAcc: 0.9712 | VaAcc: 0.9487 | TeAcc: 0.9648
 S NN | TrAcc: 0.9658 | VaAcc: 0.9463 | TeAcc: 0.9644

113,  0 | TrAcc: 0.9774, TrLoss:  0.07850, VaAcc: 0.9580, VaLoss:  0.17309
 MAP NN | TrAcc: 0.9780 | VaAcc: 0.9575 | TeAcc: 0.9702
 S NN | TrAcc: 0.9703 | VaAcc: 0.9497 | TeAcc: 0.9697

114,  0 | TrAcc: 0.9777, TrLoss:  0.07767, VaAcc: 0.9521, VaLoss:  0.17618
 MAP NN | TrAcc: 0.9739 | VaAcc: 0.9497 | TeAcc: 0.9644
 S NN | TrAcc: 0.9657 | VaAcc: 0.9453 | TeAcc: 0.9648

115,  0 | TrAcc: 0.9777, TrLoss:  0.07573, VaAcc: 0.9565, VaLoss:  0.16272
 MAP NN | TrAcc: 0.9784 | VaAcc: 0.9546 | TeAcc: 0.9688
 S NN | TrAcc: 0.9642 | VaAcc: 0.9468 | TeAcc: 0.9639

116,  0 | TrAcc: 0.9774, TrLoss:  0.07592, VaAcc: 0.9517, VaLoss:  0.17106
 MAP NN | TrAcc: 0.9745 | VaAcc: 0.9526 | TeAcc: 0.9644
 S NN | TrAcc: 0.9703 | VaAcc: 0.9482 | TeAcc: 0.9683

117,  0 | TrAcc: 0.9774, TrLoss:  0.07436, VaAcc: 0.9580, VaLoss:  0.17127
 MAP NN | TrAcc: 0.9763 | VaAcc: 0.9565 | TeAcc: 0.9683
 S NN | TrAcc: 0.9651 | VaAcc: 0.9531 | TeAcc: 0.9629

118,  0 | TrAcc: 0.9781, TrLoss:  0.07475, VaAcc: 0.9512, VaLoss:  0.18286
 MAP NN | TrAcc: 0.9727 | VaAcc: 0.9492 | TeAcc: 0.9668
 S NN | TrAcc: 0.9656 | VaAcc: 0.9434 | TeAcc: 0.9668

119,  0 | TrAcc: 0.9800, TrLoss:  0.07057, VaAcc: 0.9536, VaLoss:  0.18448
 MAP NN | TrAcc: 0.9789 | VaAcc: 0.9561 | TeAcc: 0.9692
 S NN | TrAcc: 0.9688 | VaAcc: 0.9526 | TeAcc: 0.9697

120,  0 | TrAcc: 0.9808, TrLoss:  0.06818, VaAcc: 0.9595, VaLoss:  0.16941
 MAP NN | TrAcc: 0.9780 | VaAcc: 0.9565 | TeAcc: 0.9673
 S NN | TrAcc: 0.9725 | VaAcc: 0.9570 | TeAcc: 0.9673

121,  0 | TrAcc: 0.9812, TrLoss:  0.06719, VaAcc: 0.9585, VaLoss:  0.15877
 MAP NN | TrAcc: 0.9800 | VaAcc: 0.9570 | TeAcc: 0.9692
 S NN | TrAcc: 0.9669 | VaAcc: 0.9473 | TeAcc: 0.9663

122,  0 | TrAcc: 0.9797, TrLoss:  0.06678, VaAcc: 0.9546, VaLoss:  0.17951
 MAP NN | TrAcc: 0.9792 | VaAcc: 0.9556 | TeAcc: 0.9692
 S NN | TrAcc: 0.9647 | VaAcc: 0.9482 | TeAcc: 0.9614

123,  0 | TrAcc: 0.9785, TrLoss:  0.07414, VaAcc: 0.9556, VaLoss:  0.16708
 MAP NN | TrAcc: 0.9750 | VaAcc: 0.9531 | TeAcc: 0.9658
 S NN | TrAcc: 0.9684 | VaAcc: 0.9463 | TeAcc: 0.9634

124,  0 | TrAcc: 0.9747, TrLoss:  0.07970, VaAcc: 0.9536, VaLoss:  0.18138
 MAP NN | TrAcc: 0.9762 | VaAcc: 0.9512 | TeAcc: 0.9688
 S NN | TrAcc: 0.9630 | VaAcc: 0.9404 | TeAcc: 0.9673

125,  0 | TrAcc: 0.9768, TrLoss:  0.07813, VaAcc: 0.9580, VaLoss:  0.17489
 MAP NN | TrAcc: 0.9729 | VaAcc: 0.9531 | TeAcc: 0.9668
 S NN | TrAcc: 0.9661 | VaAcc: 0.9531 | TeAcc: 0.9702

126,  0 | TrAcc: 0.9803, TrLoss:  0.06795, VaAcc: 0.9561, VaLoss:  0.17180
 MAP NN | TrAcc: 0.9768 | VaAcc: 0.9561 | TeAcc: 0.9639
 S NN | TrAcc: 0.9720 | VaAcc: 0.9502 | TeAcc: 0.9644

127,  0 | TrAcc: 0.9783, TrLoss:  0.07082, VaAcc: 0.9536, VaLoss:  0.15692
 MAP NN | TrAcc: 0.9741 | VaAcc: 0.9512 | TeAcc: 0.9624
 S NN | TrAcc: 0.9692 | VaAcc: 0.9497 | TeAcc: 0.9663

128,  0 | TrAcc: 0.9816, TrLoss:  0.06668, VaAcc: 0.9629, VaLoss:  0.14544
 MAP NN | TrAcc: 0.9801 | VaAcc: 0.9551 | TeAcc: 0.9663
 S NN | TrAcc: 0.9731 | VaAcc: 0.9536 | TeAcc: 0.9644

129,  0 | TrAcc: 0.9814, TrLoss:  0.06439, VaAcc: 0.9595, VaLoss:  0.16111
 MAP NN | TrAcc: 0.9773 | VaAcc: 0.9570 | TeAcc: 0.9653
 S NN | TrAcc: 0.9713 | VaAcc: 0.9536 | TeAcc: 0.9683

130,  0 | TrAcc: 0.9805, TrLoss:  0.06665, VaAcc: 0.9595, VaLoss:  0.17288
 MAP NN | TrAcc: 0.9786 | VaAcc: 0.9624 | TeAcc: 0.9658
 S NN | TrAcc: 0.9746 | VaAcc: 0.9512 | TeAcc: 0.9663

131,  0 | TrAcc: 0.9812, TrLoss:  0.06273, VaAcc: 0.9614, VaLoss:  0.16394
 MAP NN | TrAcc: 0.9795 | VaAcc: 0.9595 | TeAcc: 0.9688
 S NN | TrAcc: 0.9744 | VaAcc: 0.9434 | TeAcc: 0.9648

132,  0 | TrAcc: 0.9810, TrLoss:  0.06601, VaAcc: 0.9614, VaLoss:  0.15979
 MAP NN | TrAcc: 0.9762 | VaAcc: 0.9556 | TeAcc: 0.9668
 S NN | TrAcc: 0.9719 | VaAcc: 0.9478 | TeAcc: 0.9624

133,  0 | TrAcc: 0.9821, TrLoss:  0.06376, VaAcc: 0.9507, VaLoss:  0.17874
 MAP NN | TrAcc: 0.9808 | VaAcc: 0.9604 | TeAcc: 0.9678
 S NN | TrAcc: 0.9735 | VaAcc: 0.9570 | TeAcc: 0.9624

134,  0 | TrAcc: 0.9790, TrLoss:  0.06798, VaAcc: 0.9556, VaLoss:  0.17080
 MAP NN | TrAcc: 0.9814 | VaAcc: 0.9580 | TeAcc: 0.9751
 S NN | TrAcc: 0.9713 | VaAcc: 0.9497 | TeAcc: 0.9741

135,  0 | TrAcc: 0.9828, TrLoss:  0.06318, VaAcc: 0.9580, VaLoss:  0.16768
 MAP NN | TrAcc: 0.9810 | VaAcc: 0.9590 | TeAcc: 0.9683
 S NN | TrAcc: 0.9762 | VaAcc: 0.9517 | TeAcc: 0.9702

136,  0 | TrAcc: 0.9822, TrLoss:  0.06203, VaAcc: 0.9546, VaLoss:  0.16162
 MAP NN | TrAcc: 0.9807 | VaAcc: 0.9561 | TeAcc: 0.9668
 S NN | TrAcc: 0.9729 | VaAcc: 0.9570 | TeAcc: 0.9644

137,  0 | TrAcc: 0.9796, TrLoss:  0.06593, VaAcc: 0.9546, VaLoss:  0.17595
 MAP NN | TrAcc: 0.9814 | VaAcc: 0.9507 | TeAcc: 0.9712
 S NN | TrAcc: 0.9725 | VaAcc: 0.9497 | TeAcc: 0.9648

138,  0 | TrAcc: 0.9802, TrLoss:  0.06670, VaAcc: 0.9604, VaLoss:  0.16906
 MAP NN | TrAcc: 0.9768 | VaAcc: 0.9585 | TeAcc: 0.9663
 S NN | TrAcc: 0.9734 | VaAcc: 0.9517 | TeAcc: 0.9673

139,  0 | TrAcc: 0.9752, TrLoss:  0.08038, VaAcc: 0.9561, VaLoss:  0.17941
 MAP NN | TrAcc: 0.9773 | VaAcc: 0.9585 | TeAcc: 0.9692
 S NN | TrAcc: 0.9689 | VaAcc: 0.9585 | TeAcc: 0.9634

140,  0 | TrAcc: 0.9819, TrLoss:  0.05947, VaAcc: 0.9561, VaLoss:  0.17039
 MAP NN | TrAcc: 0.9806 | VaAcc: 0.9546 | TeAcc: 0.9717
 S NN | TrAcc: 0.9739 | VaAcc: 0.9521 | TeAcc: 0.9697

141,  0 | TrAcc: 0.9814, TrLoss:  0.06099, VaAcc: 0.9580, VaLoss:  0.16435
 MAP NN | TrAcc: 0.9821 | VaAcc: 0.9556 | TeAcc: 0.9727
 S NN | TrAcc: 0.9696 | VaAcc: 0.9546 | TeAcc: 0.9668

142,  0 | TrAcc: 0.9789, TrLoss:  0.06830, VaAcc: 0.9570, VaLoss:  0.17871
 MAP NN | TrAcc: 0.9790 | VaAcc: 0.9561 | TeAcc: 0.9678
 S NN | TrAcc: 0.9760 | VaAcc: 0.9546 | TeAcc: 0.9653

143,  0 | TrAcc: 0.9828, TrLoss:  0.05905, VaAcc: 0.9570, VaLoss:  0.16766
 MAP NN | TrAcc: 0.9816 | VaAcc: 0.9512 | TeAcc: 0.9717
 S NN | TrAcc: 0.9774 | VaAcc: 0.9521 | TeAcc: 0.9648

144,  0 | TrAcc: 0.9852, TrLoss:  0.05511, VaAcc: 0.9561, VaLoss:  0.16611
 MAP NN | TrAcc: 0.9816 | VaAcc: 0.9561 | TeAcc: 0.9722
 S NN | TrAcc: 0.9764 | VaAcc: 0.9546 | TeAcc: 0.9688

145,  0 | TrAcc: 0.9836, TrLoss:  0.05839, VaAcc: 0.9600, VaLoss:  0.16621
 MAP NN | TrAcc: 0.9828 | VaAcc: 0.9590 | TeAcc: 0.9712
 S NN | TrAcc: 0.9800 | VaAcc: 0.9575 | TeAcc: 0.9683

146,  0 | TrAcc: 0.9847, TrLoss:  0.05385, VaAcc: 0.9595, VaLoss:  0.16412
 MAP NN | TrAcc: 0.9821 | VaAcc: 0.9565 | TeAcc: 0.9688
 S NN | TrAcc: 0.9752 | VaAcc: 0.9458 | TeAcc: 0.9629

147,  0 | TrAcc: 0.9847, TrLoss:  0.05395, VaAcc: 0.9565, VaLoss:  0.16128
 MAP NN | TrAcc: 0.9818 | VaAcc: 0.9556 | TeAcc: 0.9702
 S NN | TrAcc: 0.9789 | VaAcc: 0.9492 | TeAcc: 0.9712

148,  0 | TrAcc: 0.9841, TrLoss:  0.05681, VaAcc: 0.9629, VaLoss:  0.15814
 MAP NN | TrAcc: 0.9838 | VaAcc: 0.9604 | TeAcc: 0.9692
 S NN | TrAcc: 0.9802 | VaAcc: 0.9575 | TeAcc: 0.9683

149,  0 | TrAcc: 0.9828, TrLoss:  0.05557, VaAcc: 0.9585, VaLoss:  0.16285
 MAP NN | TrAcc: 0.9805 | VaAcc: 0.9536 | TeAcc: 0.9692
 S NN | TrAcc: 0.9774 | VaAcc: 0.9521 | TeAcc: 0.9639

150,  0 | TrAcc: 0.9829, TrLoss:  0.05460, VaAcc: 0.9546, VaLoss:  0.17587
 MAP NN | TrAcc: 0.9816 | VaAcc: 0.9531 | TeAcc: 0.9707
 S NN | TrAcc: 0.9785 | VaAcc: 0.9517 | TeAcc: 0.9658

151,  0 | TrAcc: 0.9855, TrLoss:  0.05271, VaAcc: 0.9565, VaLoss:  0.18110
 MAP NN | TrAcc: 0.9844 | VaAcc: 0.9526 | TeAcc: 0.9702
 S NN | TrAcc: 0.9734 | VaAcc: 0.9531 | TeAcc: 0.9707

152,  0 | TrAcc: 0.9854, TrLoss:  0.05178, VaAcc: 0.9614, VaLoss:  0.15688
 MAP NN | TrAcc: 0.9836 | VaAcc: 0.9565 | TeAcc: 0.9712
 S NN | TrAcc: 0.9729 | VaAcc: 0.9521 | TeAcc: 0.9648

153,  0 | TrAcc: 0.9830, TrLoss:  0.06136, VaAcc: 0.9531, VaLoss:  0.18418
 MAP NN | TrAcc: 0.9839 | VaAcc: 0.9600 | TeAcc: 0.9722
 S NN | TrAcc: 0.9739 | VaAcc: 0.9526 | TeAcc: 0.9678

154,  0 | TrAcc: 0.9858, TrLoss:  0.05186, VaAcc: 0.9561, VaLoss:  0.16902
 MAP NN | TrAcc: 0.9825 | VaAcc: 0.9536 | TeAcc: 0.9688
 S NN | TrAcc: 0.9792 | VaAcc: 0.9521 | TeAcc: 0.9697

155,  0 | TrAcc: 0.9850, TrLoss:  0.05142, VaAcc: 0.9541, VaLoss:  0.17887
 MAP NN | TrAcc: 0.9855 | VaAcc: 0.9570 | TeAcc: 0.9727
 S NN | TrAcc: 0.9763 | VaAcc: 0.9561 | TeAcc: 0.9702

156,  0 | TrAcc: 0.9856, TrLoss:  0.05215, VaAcc: 0.9595, VaLoss:  0.15979
 MAP NN | TrAcc: 0.9821 | VaAcc: 0.9551 | TeAcc: 0.9707
 S NN | TrAcc: 0.9768 | VaAcc: 0.9507 | TeAcc: 0.9683

157,  0 | TrAcc: 0.9835, TrLoss:  0.05495, VaAcc: 0.9575, VaLoss:  0.17575
 MAP NN | TrAcc: 0.9841 | VaAcc: 0.9551 | TeAcc: 0.9761
 S NN | TrAcc: 0.9792 | VaAcc: 0.9492 | TeAcc: 0.9692

158,  0 | TrAcc: 0.9854, TrLoss:  0.05183, VaAcc: 0.9546, VaLoss:  0.17398
 MAP NN | TrAcc: 0.9833 | VaAcc: 0.9526 | TeAcc: 0.9683
 S NN | TrAcc: 0.9799 | VaAcc: 0.9551 | TeAcc: 0.9731

159,  0 | TrAcc: 0.9814, TrLoss:  0.06027, VaAcc: 0.9536, VaLoss:  0.18424
 MAP NN | TrAcc: 0.9835 | VaAcc: 0.9575 | TeAcc: 0.9692
 S NN | TrAcc: 0.9786 | VaAcc: 0.9546 | TeAcc: 0.9673

160,  0 | TrAcc: 0.9856, TrLoss:  0.05144, VaAcc: 0.9541, VaLoss:  0.17028
 MAP NN | TrAcc: 0.9828 | VaAcc: 0.9565 | TeAcc: 0.9707
 S NN | TrAcc: 0.9777 | VaAcc: 0.9517 | TeAcc: 0.9702

161,  0 | TrAcc: 0.9878, TrLoss:  0.04629, VaAcc: 0.9629, VaLoss:  0.16072
 MAP NN | TrAcc: 0.9839 | VaAcc: 0.9619 | TeAcc: 0.9722
 S NN | TrAcc: 0.9830 | VaAcc: 0.9551 | TeAcc: 0.9697

162,  0 | TrAcc: 0.9882, TrLoss:  0.04530, VaAcc: 0.9531, VaLoss:  0.17875
 MAP NN | TrAcc: 0.9847 | VaAcc: 0.9561 | TeAcc: 0.9707
 S NN | TrAcc: 0.9808 | VaAcc: 0.9551 | TeAcc: 0.9678

163,  0 | TrAcc: 0.9858, TrLoss:  0.04863, VaAcc: 0.9604, VaLoss:  0.16756
 MAP NN | TrAcc: 0.9844 | VaAcc: 0.9604 | TeAcc: 0.9697
 S NN | TrAcc: 0.9792 | VaAcc: 0.9590 | TeAcc: 0.9658

164,  0 | TrAcc: 0.9878, TrLoss:  0.04425, VaAcc: 0.9570, VaLoss:  0.16598
 MAP NN | TrAcc: 0.9863 | VaAcc: 0.9575 | TeAcc: 0.9736
 S NN | TrAcc: 0.9807 | VaAcc: 0.9531 | TeAcc: 0.9712

165,  0 | TrAcc: 0.9873, TrLoss:  0.04605, VaAcc: 0.9556, VaLoss:  0.17621
 MAP NN | TrAcc: 0.9858 | VaAcc: 0.9565 | TeAcc: 0.9741
 S NN | TrAcc: 0.9821 | VaAcc: 0.9453 | TeAcc: 0.9688

166,  0 | TrAcc: 0.9880, TrLoss:  0.04416, VaAcc: 0.9541, VaLoss:  0.17715
 MAP NN | TrAcc: 0.9844 | VaAcc: 0.9551 | TeAcc: 0.9707
 S NN | TrAcc: 0.9812 | VaAcc: 0.9517 | TeAcc: 0.9692

167,  0 | TrAcc: 0.9862, TrLoss:  0.04957, VaAcc: 0.9565, VaLoss:  0.16599
 MAP NN | TrAcc: 0.9833 | VaAcc: 0.9575 | TeAcc: 0.9727
 S NN | TrAcc: 0.9777 | VaAcc: 0.9507 | TeAcc: 0.9702

168,  0 | TrAcc: 0.9857, TrLoss:  0.05148, VaAcc: 0.9517, VaLoss:  0.19081
 MAP NN | TrAcc: 0.9854 | VaAcc: 0.9570 | TeAcc: 0.9712
 S NN | TrAcc: 0.9790 | VaAcc: 0.9541 | TeAcc: 0.9702

169,  0 | TrAcc: 0.9888, TrLoss:  0.04136, VaAcc: 0.9609, VaLoss:  0.16367
 MAP NN | TrAcc: 0.9869 | VaAcc: 0.9580 | TeAcc: 0.9731
 S NN | TrAcc: 0.9855 | VaAcc: 0.9536 | TeAcc: 0.9692

170,  0 | TrAcc: 0.9879, TrLoss:  0.04636, VaAcc: 0.9536, VaLoss:  0.16744
 MAP NN | TrAcc: 0.9846 | VaAcc: 0.9585 | TeAcc: 0.9702
 S NN | TrAcc: 0.9783 | VaAcc: 0.9570 | TeAcc: 0.9702

171,  0 | TrAcc: 0.9891, TrLoss:  0.04020, VaAcc: 0.9595, VaLoss:  0.16659
 MAP NN | TrAcc: 0.9862 | VaAcc: 0.9590 | TeAcc: 0.9712
 S NN | TrAcc: 0.9785 | VaAcc: 0.9556 | TeAcc: 0.9683

172,  0 | TrAcc: 0.9905, TrLoss:  0.03892, VaAcc: 0.9609, VaLoss:  0.17052
 MAP NN | TrAcc: 0.9865 | VaAcc: 0.9624 | TeAcc: 0.9731
 S NN | TrAcc: 0.9840 | VaAcc: 0.9521 | TeAcc: 0.9722

173,  0 | TrAcc: 0.9869, TrLoss:  0.04749, VaAcc: 0.9624, VaLoss:  0.16902
 MAP NN | TrAcc: 0.9854 | VaAcc: 0.9595 | TeAcc: 0.9702
 S NN | TrAcc: 0.9840 | VaAcc: 0.9609 | TeAcc: 0.9692

174,  0 | TrAcc: 0.9833, TrLoss:  0.05706, VaAcc: 0.9600, VaLoss:  0.16870
 MAP NN | TrAcc: 0.9838 | VaAcc: 0.9614 | TeAcc: 0.9712
 S NN | TrAcc: 0.9790 | VaAcc: 0.9604 | TeAcc: 0.9683

175,  0 | TrAcc: 0.9810, TrLoss:  0.05687, VaAcc: 0.9541, VaLoss:  0.16953
 MAP NN | TrAcc: 0.9808 | VaAcc: 0.9458 | TeAcc: 0.9692
 S NN | TrAcc: 0.9763 | VaAcc: 0.9512 | TeAcc: 0.9648

176,  0 | TrAcc: 0.9874, TrLoss:  0.04329, VaAcc: 0.9561, VaLoss:  0.17602
 MAP NN | TrAcc: 0.9867 | VaAcc: 0.9551 | TeAcc: 0.9707
 S NN | TrAcc: 0.9828 | VaAcc: 0.9497 | TeAcc: 0.9663

177,  0 | TrAcc: 0.9872, TrLoss:  0.04706, VaAcc: 0.9619, VaLoss:  0.16601
 MAP NN | TrAcc: 0.9850 | VaAcc: 0.9614 | TeAcc: 0.9692
 S NN | TrAcc: 0.9810 | VaAcc: 0.9570 | TeAcc: 0.9678

178,  0 | TrAcc: 0.9880, TrLoss:  0.04408, VaAcc: 0.9521, VaLoss:  0.17962
 MAP NN | TrAcc: 0.9878 | VaAcc: 0.9561 | TeAcc: 0.9722
 S NN | TrAcc: 0.9812 | VaAcc: 0.9551 | TeAcc: 0.9692

179,  0 | TrAcc: 0.9894, TrLoss:  0.03965, VaAcc: 0.9600, VaLoss:  0.16611
 MAP NN | TrAcc: 0.9865 | VaAcc: 0.9585 | TeAcc: 0.9717
 S NN | TrAcc: 0.9799 | VaAcc: 0.9531 | TeAcc: 0.9683

180,  0 | TrAcc: 0.9890, TrLoss:  0.03903, VaAcc: 0.9614, VaLoss:  0.15838
 MAP NN | TrAcc: 0.9894 | VaAcc: 0.9575 | TeAcc: 0.9717
 S NN | TrAcc: 0.9821 | VaAcc: 0.9512 | TeAcc: 0.9678

181,  0 | TrAcc: 0.9890, TrLoss:  0.04019, VaAcc: 0.9556, VaLoss:  0.18220
 MAP NN | TrAcc: 0.9863 | VaAcc: 0.9521 | TeAcc: 0.9717
 S NN | TrAcc: 0.9802 | VaAcc: 0.9478 | TeAcc: 0.9644

182,  0 | TrAcc: 0.9883, TrLoss:  0.04297, VaAcc: 0.9546, VaLoss:  0.17343
 MAP NN | TrAcc: 0.9855 | VaAcc: 0.9580 | TeAcc: 0.9702
 S NN | TrAcc: 0.9833 | VaAcc: 0.9585 | TeAcc: 0.9697

183,  0 | TrAcc: 0.9890, TrLoss:  0.04260, VaAcc: 0.9561, VaLoss:  0.17512
 MAP NN | TrAcc: 0.9868 | VaAcc: 0.9517 | TeAcc: 0.9727
 S NN | TrAcc: 0.9819 | VaAcc: 0.9497 | TeAcc: 0.9707

184,  0 | TrAcc: 0.9904, TrLoss:  0.03981, VaAcc: 0.9585, VaLoss:  0.16265
 MAP NN | TrAcc: 0.9862 | VaAcc: 0.9595 | TeAcc: 0.9707
 S NN | TrAcc: 0.9832 | VaAcc: 0.9541 | TeAcc: 0.9653

185,  0 | TrAcc: 0.9891, TrLoss:  0.03944, VaAcc: 0.9585, VaLoss:  0.17403
 MAP NN | TrAcc: 0.9900 | VaAcc: 0.9536 | TeAcc: 0.9727
 S NN | TrAcc: 0.9827 | VaAcc: 0.9556 | TeAcc: 0.9702

186,  0 | TrAcc: 0.9879, TrLoss:  0.04387, VaAcc: 0.9575, VaLoss:  0.17894
 MAP NN | TrAcc: 0.9836 | VaAcc: 0.9536 | TeAcc: 0.9692
 S NN | TrAcc: 0.9860 | VaAcc: 0.9556 | TeAcc: 0.9673

187,  0 | TrAcc: 0.9890, TrLoss:  0.03966, VaAcc: 0.9546, VaLoss:  0.17998
 MAP NN | TrAcc: 0.9890 | VaAcc: 0.9531 | TeAcc: 0.9727
 S NN | TrAcc: 0.9847 | VaAcc: 0.9570 | TeAcc: 0.9697

188,  0 | TrAcc: 0.9880, TrLoss:  0.04237, VaAcc: 0.9575, VaLoss:  0.18106
 MAP NN | TrAcc: 0.9872 | VaAcc: 0.9551 | TeAcc: 0.9712
 S NN | TrAcc: 0.9836 | VaAcc: 0.9536 | TeAcc: 0.9683

189,  0 | TrAcc: 0.9915, TrLoss:  0.03529, VaAcc: 0.9585, VaLoss:  0.17386
 MAP NN | TrAcc: 0.9897 | VaAcc: 0.9561 | TeAcc: 0.9722
 S NN | TrAcc: 0.9855 | VaAcc: 0.9541 | TeAcc: 0.9712

190,  0 | TrAcc: 0.9908, TrLoss:  0.03544, VaAcc: 0.9585, VaLoss:  0.17699
 MAP NN | TrAcc: 0.9911 | VaAcc: 0.9580 | TeAcc: 0.9702
 S NN | TrAcc: 0.9878 | VaAcc: 0.9517 | TeAcc: 0.9702

191,  0 | TrAcc: 0.9919, TrLoss:  0.03164, VaAcc: 0.9595, VaLoss:  0.17416
 MAP NN | TrAcc: 0.9906 | VaAcc: 0.9541 | TeAcc: 0.9717
 S NN | TrAcc: 0.9828 | VaAcc: 0.9502 | TeAcc: 0.9692

192,  0 | TrAcc: 0.9908, TrLoss:  0.03554, VaAcc: 0.9609, VaLoss:  0.18028
 MAP NN | TrAcc: 0.9913 | VaAcc: 0.9590 | TeAcc: 0.9722
 S NN | TrAcc: 0.9872 | VaAcc: 0.9614 | TeAcc: 0.9692

193,  0 | TrAcc: 0.9907, TrLoss:  0.03513, VaAcc: 0.9590, VaLoss:  0.17573
 MAP NN | TrAcc: 0.9880 | VaAcc: 0.9565 | TeAcc: 0.9736
 S NN | TrAcc: 0.9841 | VaAcc: 0.9561 | TeAcc: 0.9668

194,  0 | TrAcc: 0.9902, TrLoss:  0.03518, VaAcc: 0.9531, VaLoss:  0.18302
 MAP NN | TrAcc: 0.9874 | VaAcc: 0.9531 | TeAcc: 0.9697
 S NN | TrAcc: 0.9852 | VaAcc: 0.9492 | TeAcc: 0.9702

195,  0 | TrAcc: 0.9902, TrLoss:  0.03698, VaAcc: 0.9575, VaLoss:  0.18549
 MAP NN | TrAcc: 0.9886 | VaAcc: 0.9546 | TeAcc: 0.9722
 S NN | TrAcc: 0.9841 | VaAcc: 0.9517 | TeAcc: 0.9678

196,  0 | TrAcc: 0.9888, TrLoss:  0.03754, VaAcc: 0.9565, VaLoss:  0.17854
 MAP NN | TrAcc: 0.9894 | VaAcc: 0.9561 | TeAcc: 0.9751
 S NN | TrAcc: 0.9833 | VaAcc: 0.9570 | TeAcc: 0.9692

197,  0 | TrAcc: 0.9878, TrLoss:  0.04230, VaAcc: 0.9590, VaLoss:  0.17726
 MAP NN | TrAcc: 0.9871 | VaAcc: 0.9536 | TeAcc: 0.9712
 S NN | TrAcc: 0.9830 | VaAcc: 0.9575 | TeAcc: 0.9702

198,  0 | TrAcc: 0.9893, TrLoss:  0.03618, VaAcc: 0.9600, VaLoss:  0.17424
 MAP NN | TrAcc: 0.9888 | VaAcc: 0.9561 | TeAcc: 0.9707
 S NN | TrAcc: 0.9839 | VaAcc: 0.9585 | TeAcc: 0.9741

199,  0 | TrAcc: 0.9908, TrLoss:  0.03418, VaAcc: 0.9585, VaLoss:  0.18340
 MAP NN | TrAcc: 0.9895 | VaAcc: 0.9585 | TeAcc: 0.9722
 S NN | TrAcc: 0.9869 | VaAcc: 0.9541 | TeAcc: 0.9707

Results for va_b
Metric: elogl 
 0.306 in iteration    0
Metric: acc   
 96.29 % in iteration  128
Results for va_s
Metric: acc   
 96.14 % in iteration  192
Metric: loss  
EARLY STOP FOR te_s
 96.92 % in iteration  192
