2024-08-08 16:14:51.455863: I tensorflow/core/platform/cpu_feature_guard.cc:141] Your CPU supports instructions that this TensorFlow binary was not compiled to use: SSE4.1 SSE4.2 AVX AVX2 FMA
2024-08-08 16:14:51.598455: I tensorflow/core/common_runtime/gpu/gpu_device.cc:1405] Found device 0 with properties: 
name: GeForce RTX 2080 Ti major: 7 minor: 5 memoryClockRate(GHz): 1.545
pciBusID: 0000:02:00.0
totalMemory: 10.76GiB freeMemory: 10.61GiB
2024-08-08 16:14:51.599002: I tensorflow/core/common_runtime/gpu/gpu_device.cc:1484] Adding visible gpu devices: 0
2024-08-08 16:14:56.952157: I tensorflow/core/common_runtime/gpu/gpu_device.cc:965] Device interconnect StreamExecutor with strength 1 edge matrix:
2024-08-08 16:14:56.952662: I tensorflow/core/common_runtime/gpu/gpu_device.cc:971]      0 
2024-08-08 16:14:56.952976: I tensorflow/core/common_runtime/gpu/gpu_device.cc:984] 0:   N 
2024-08-08 16:14:56.953444: I tensorflow/core/common_runtime/gpu/gpu_device.cc:1097] Created TensorFlow device (/job:localhost/replica:0/task:0/device:GPU:0 with 10237 MB memory) -> physical GPU (device: 0, name: GeForce RTX 2080 Ti, pci bus id: 0000:02:00.0, compute capability: 7.5)
2024-08-08 16:35:44.468990: I tensorflow/core/common_runtime/gpu/gpu_device.cc:1484] Adding visible gpu devices: 0
2024-08-08 16:35:44.469275: I tensorflow/core/common_runtime/gpu/gpu_device.cc:965] Device interconnect StreamExecutor with strength 1 edge matrix:
2024-08-08 16:35:44.469479: I tensorflow/core/common_runtime/gpu/gpu_device.cc:971]      0 
2024-08-08 16:35:44.469650: I tensorflow/core/common_runtime/gpu/gpu_device.cc:984] 0:   N 
2024-08-08 16:35:44.469988: I tensorflow/core/common_runtime/gpu/gpu_device.cc:1097] Created TensorFlow device (/job:localhost/replica:0/task:0/device:GPU:0 with 10237 MB memory) -> physical GPU (device: 0, name: GeForce RTX 2080 Ti, pci bus id: 0000:02:00.0, compute capability: 7.5)
2024-08-08 16:56:28.486247: I tensorflow/core/common_runtime/gpu/gpu_device.cc:1484] Adding visible gpu devices: 0
2024-08-08 16:56:28.486541: I tensorflow/core/common_runtime/gpu/gpu_device.cc:965] Device interconnect StreamExecutor with strength 1 edge matrix:
2024-08-08 16:56:28.486744: I tensorflow/core/common_runtime/gpu/gpu_device.cc:971]      0 
2024-08-08 16:56:28.486906: I tensorflow/core/common_runtime/gpu/gpu_device.cc:984] 0:   N 
2024-08-08 16:56:28.487215: I tensorflow/core/common_runtime/gpu/gpu_device.cc:1097] Created TensorFlow device (/job:localhost/replica:0/task:0/device:GPU:0 with 10237 MB memory) -> physical GPU (device: 0, name: GeForce RTX 2080 Ti, pci bus id: 0000:02:00.0, compute capability: 7.5)
