tr
(8080, 4, 45)
va
(1730, 4, 45)
te
(1450, 4, 45)

=============================
CONFIG FILE
====================================
Training configuration

Learning rate: 0.2, 	Learning rate anneal: inf, 	Tau:  1.0
Algorithm: reparametrization, 	STE: disabled, 	n forward passes: 1
Var reg: 0.0, 	Dir reg: 0.0, 	Ent reg: 0.0
Data multiplier: None
Gradient clipping: False, 	Gradient clip value: 1.0

Layer #0
lstm_1
Layer norm: False, 	LR Adapt: 
Dropout: False, 	p_dropout: 0.95

Layer #1
lstm_0
Layer norm: False, 	LR Adapt: 
Dropout: False, 	p_dropout: 0.95

Layer #2
output_layer
Layer norm: False, 	LR Adapt: 
Dropout: False, 	p_dropout: 0.95
====================================
RNN configuration

Layer #0, 	Type: input_layer, 	Scope: 
Units: 4, 	N activation bins: None

Layer #1, 	Type: lstm layer, 	Scope: lstm_0
Units: 50, 	N activation bins: None
Bias: True, 	N activation bins: 2, 	Discrete activation: False
Type: ternary, 	Parametetrization: sigmoid, 	Priors: [0.3333333333333333, 0.3333333333333333, 0.3333333333333333]
p_init_min: 0.05, 	p_init_max: 0.95
SB init: ('xavier', None), 	SA init: ('dirichlet', [0.3, 0.3, 0.3])
Type: gaussian, 	M init: ('xavier', None), 	Log V init: ('constant', -9.210340371976182)
M prior: 0.0, 	 Log V prior: 0.0
None
Bias: True, 	N activation bins: 2, 	Discrete activation: False
Type: ternary, 	Parametetrization: sigmoid, 	Priors: [0.3333333333333333, 0.3333333333333333, 0.3333333333333333]
p_init_min: 0.05, 	p_init_max: 0.95
SB init: ('xavier', None), 	SA init: ('dirichlet', [0.3, 0.3, 0.3])
Type: gaussian, 	M init: ('constant', -1.5), 	Log V init: ('constant', -9.210340371976182)
M prior: 0.0, 	 Log V prior: 0.0
None
Bias: True, 	N activation bins: 2, 	Discrete activation: False
Type: ternary, 	Parametetrization: sigmoid, 	Priors: [0.3333333333333333, 0.3333333333333333, 0.3333333333333333]
p_init_min: 0.05, 	p_init_max: 0.95
SB init: ('xavier', None), 	SA init: ('dirichlet', [0.3, 0.3, 0.3])
Type: gaussian, 	M init: ('xavier', None), 	Log V init: ('constant', -9.210340371976182)
M prior: 0.0, 	 Log V prior: 0.0
None

Layer #2, 	Type: lstm layer, 	Scope: lstm_1
Units: 30, 	N activation bins: None
Bias: True, 	N activation bins: 2, 	Discrete activation: False
Type: ternary, 	Parametetrization: sigmoid, 	Priors: [0.3333333333333333, 0.3333333333333333, 0.3333333333333333]
p_init_min: 0.05, 	p_init_max: 0.95
SB init: ('xavier', None), 	SA init: ('dirichlet', [0.3, 0.3, 0.3])
Type: gaussian, 	M init: ('xavier', None), 	Log V init: ('constant', -9.210340371976182)
M prior: 0.0, 	 Log V prior: 0.0
None
Bias: True, 	N activation bins: 2, 	Discrete activation: False
Type: ternary, 	Parametetrization: sigmoid, 	Priors: [0.3333333333333333, 0.3333333333333333, 0.3333333333333333]
p_init_min: 0.05, 	p_init_max: 0.95
SB init: ('xavier', None), 	SA init: ('dirichlet', [0.3, 0.3, 0.3])
Type: gaussian, 	M init: ('constant', -1.5), 	Log V init: ('constant', -9.210340371976182)
M prior: 0.0, 	 Log V prior: 0.0
None
Bias: True, 	N activation bins: 2, 	Discrete activation: False
Type: ternary, 	Parametetrization: sigmoid, 	Priors: [0.3333333333333333, 0.3333333333333333, 0.3333333333333333]
p_init_min: 0.05, 	p_init_max: 0.95
SB init: ('xavier', None), 	SA init: ('dirichlet', [0.3, 0.3, 0.3])
Type: gaussian, 	M init: ('xavier', None), 	Log V init: ('constant', -9.210340371976182)
M prior: 0.0, 	 Log V prior: 0.0
None

Layer #3, 	Type: ff layer, 	Scope: output_layer
Units: 10, 	N activation bins: None
====================================
Dataset configuration

Filename: /clusterFS/home/student/kopp13/datasets/mnist_pen_strokes/mps_all_tr.mat
Key: tr, 	In seq len: 45
Minibatch:  True, 	Size: 1024
Target bias removed: True, 	Shuffle: True

Filename: /clusterFS/home/student/kopp13/datasets/mnist_pen_strokes/mps_all_va.mat
Key: va, 	In seq len: 45
Minibatch:  True, 	Size: 1024
Target bias removed: True, 	Shuffle: False

Filename: /clusterFS/home/student/kopp13/datasets/mnist_pen_strokes/mps_all_te.mat
Key: te, 	In seq len: 45
Minibatch:  True, 	Size: 1024
Target bias removed: True, 	Shuffle: False
====================================
Info configuration

Filename:  test
Timer: False, 	Profiling: False, 	Profiling path: None
Save training metrics: True, 	Path: ../nr_spsc/
Save weights: False, 	Every: 1, 	Save best weights: False
Compute T Metrics every: 1

Load model from m_model1, 	 Force it: True
No model saving

starting
[('lstm_0/bc:0', 'lstm_0/bc'), ('lstm_0/bi:0', 'lstm_0/bi'), ('lstm_0/bo:0', 'lstm_0/bo'), ('lstm_0/wc:0', 'lstm_0/wc'), ('lstm_0/wi:0', 'lstm_0/wi'), ('lstm_0/wo:0', 'lstm_0/wo'), ('lstm_1/bc:0', 'lstm_1/bc'), ('lstm_1/bi:0', 'lstm_1/bi'), ('lstm_1/bo:0', 'lstm_1/bo'), ('lstm_1/wc:0', 'lstm_1/wc'), ('lstm_1/wi:0', 'lstm_1/wi'), ('lstm_1/wo:0', 'lstm_1/wo'), ('output_layer/b:0', 'output_layer/b'), ('output_layer/w:0', 'output_layer/w')]
output_layer/b
output_layer/w
=====
New variable
lstm_0/bc:0
lstm_0/bc
=====
New variable
lstm_0/bi:0
lstm_0/bi
=====
New variable
lstm_0/bo:0
lstm_0/bo
=====
New variable
lstm_0/wc:0
lstm_0/wc
=====
New variable
lstm_0/wi:0
lstm_0/wi
=====
New variable
lstm_0/wo:0
lstm_0/wo
=====
New variable
lstm_1/bc:0
lstm_1/bc
=====
New variable
lstm_1/bi:0
lstm_1/bi
=====
New variable
lstm_1/bo:0
lstm_1/bo
=====
New variable
lstm_1/wc:0
lstm_1/wc
=====
New variable
lstm_1/wi:0
lstm_1/wi
=====
New variable
lstm_1/wo:0
lstm_1/wo
=====
New variable
output_layer/b:0
output_layer/b
=====
New variable
output_layer/w:0
output_layer/w
=====
loaded
  0,  0 | TrAcc: 0.3405, TrLoss:  2.01034, VaAcc: 0.3057, VaLoss:  1.95181
 MAP NN | TrAcc: 0.6958 | VaAcc: 0.7275 | TeAcc: 0.7925
 S NN | TrAcc: 0.2744 | VaAcc: 0.4365 | TeAcc: 0.2031

  1,  0 | TrAcc: 0.5104, TrLoss:  1.50824, VaAcc: 0.4937, VaLoss:  1.53825
 MAP NN | TrAcc: 0.6423 | VaAcc: 0.7026 | TeAcc: 0.7393
 S NN | TrAcc: 0.4321 | VaAcc: 0.2505 | TeAcc: 0.2559

  2,  0 | TrAcc: 0.5703, TrLoss:  1.33798, VaAcc: 0.6494, VaLoss:  1.03566
 MAP NN | TrAcc: 0.6500 | VaAcc: 0.7129 | TeAcc: 0.7715
 S NN | TrAcc: 0.5405 | VaAcc: 0.5649 | TeAcc: 0.6328

  3,  0 | TrAcc: 0.6782, TrLoss:  1.06299, VaAcc: 0.7573, VaLoss:  0.89102
 MAP NN | TrAcc: 0.7808 | VaAcc: 0.8081 | TeAcc: 0.8521
 S NN | TrAcc: 0.5115 | VaAcc: 0.5732 | TeAcc: 0.4736

  4,  0 | TrAcc: 0.7155, TrLoss:  0.88225, VaAcc: 0.7842, VaLoss:  0.79898
 MAP NN | TrAcc: 0.7216 | VaAcc: 0.6001 | TeAcc: 0.5151
 S NN | TrAcc: 0.6395 | VaAcc: 0.4937 | TeAcc: 0.4175

  5,  0 | TrAcc: 0.7886, TrLoss:  0.66494, VaAcc: 0.8501, VaLoss:  0.55735
 MAP NN | TrAcc: 0.8180 | VaAcc: 0.8374 | TeAcc: 0.8730
 S NN | TrAcc: 0.7463 | VaAcc: 0.7119 | TeAcc: 0.8105

  6,  0 | TrAcc: 0.8148, TrLoss:  0.62452, VaAcc: 0.8706, VaLoss:  0.48434
 MAP NN | TrAcc: 0.8287 | VaAcc: 0.8525 | TeAcc: 0.8745
 S NN | TrAcc: 0.6202 | VaAcc: 0.6475 | TeAcc: 0.8491

  7,  0 | TrAcc: 0.8286, TrLoss:  0.58029, VaAcc: 0.8257, VaLoss:  0.58684
 MAP NN | TrAcc: 0.8038 | VaAcc: 0.8301 | TeAcc: 0.8608
 S NN | TrAcc: 0.7494 | VaAcc: 0.7505 | TeAcc: 0.7588

  8,  0 | TrAcc: 0.8286, TrLoss:  0.58013, VaAcc: 0.8604, VaLoss:  0.50506
 MAP NN | TrAcc: 0.8223 | VaAcc: 0.8359 | TeAcc: 0.8682
 S NN | TrAcc: 0.7750 | VaAcc: 0.8125 | TeAcc: 0.7998

  9,  0 | TrAcc: 0.8589, TrLoss:  0.47036, VaAcc: 0.8730, VaLoss:  0.52955
 MAP NN | TrAcc: 0.8361 | VaAcc: 0.8623 | TeAcc: 0.8789
 S NN | TrAcc: 0.7400 | VaAcc: 0.8052 | TeAcc: 0.5508

 10,  0 | TrAcc: 0.8625, TrLoss:  0.45179, VaAcc: 0.8706, VaLoss:  0.43946
 MAP NN | TrAcc: 0.8699 | VaAcc: 0.8867 | TeAcc: 0.9092
 S NN | TrAcc: 0.7506 | VaAcc: 0.8384 | TeAcc: 0.7881

 11,  0 | TrAcc: 0.8813, TrLoss:  0.40257, VaAcc: 0.8994, VaLoss:  0.34767
 MAP NN | TrAcc: 0.8505 | VaAcc: 0.8682 | TeAcc: 0.8979
 S NN | TrAcc: 0.7473 | VaAcc: 0.8101 | TeAcc: 0.5869

 12,  0 | TrAcc: 0.8623, TrLoss:  0.45891, VaAcc: 0.8711, VaLoss:  0.46179
 MAP NN | TrAcc: 0.8276 | VaAcc: 0.8501 | TeAcc: 0.8706
 S NN | TrAcc: 0.7888 | VaAcc: 0.6387 | TeAcc: 0.5469

 13,  0 | TrAcc: 0.8884, TrLoss:  0.37490, VaAcc: 0.8965, VaLoss:  0.38645
 MAP NN | TrAcc: 0.9044 | VaAcc: 0.9087 | TeAcc: 0.9302
 S NN | TrAcc: 0.8291 | VaAcc: 0.7275 | TeAcc: 0.8672

 14,  0 | TrAcc: 0.8993, TrLoss:  0.32878, VaAcc: 0.8843, VaLoss:  0.39834
 MAP NN | TrAcc: 0.8978 | VaAcc: 0.8984 | TeAcc: 0.9263
 S NN | TrAcc: 0.8451 | VaAcc: 0.6499 | TeAcc: 0.6074

 15,  0 | TrAcc: 0.8995, TrLoss:  0.33791, VaAcc: 0.9043, VaLoss:  0.33469
 MAP NN | TrAcc: 0.8541 | VaAcc: 0.8716 | TeAcc: 0.8896
 S NN | TrAcc: 0.7643 | VaAcc: 0.8657 | TeAcc: 0.8926

 16,  0 | TrAcc: 0.8660, TrLoss:  0.41964, VaAcc: 0.9097, VaLoss:  0.32190
 MAP NN | TrAcc: 0.8857 | VaAcc: 0.8896 | TeAcc: 0.9155
 S NN | TrAcc: 0.8281 | VaAcc: 0.8740 | TeAcc: 0.8291

 17,  0 | TrAcc: 0.9027, TrLoss:  0.32734, VaAcc: 0.9111, VaLoss:  0.33655
 MAP NN | TrAcc: 0.8563 | VaAcc: 0.7197 | TeAcc: 0.8970
 S NN | TrAcc: 0.8217 | VaAcc: 0.7593 | TeAcc: 0.9106

 18,  0 | TrAcc: 0.9102, TrLoss:  0.30228, VaAcc: 0.9033, VaLoss:  0.33136
 MAP NN | TrAcc: 0.9078 | VaAcc: 0.9043 | TeAcc: 0.9312
 S NN | TrAcc: 0.8417 | VaAcc: 0.8970 | TeAcc: 0.5952

 19,  0 | TrAcc: 0.9200, TrLoss:  0.27258, VaAcc: 0.9028, VaLoss:  0.31460
 MAP NN | TrAcc: 0.8843 | VaAcc: 0.8877 | TeAcc: 0.9194
 S NN | TrAcc: 0.8479 | VaAcc: 0.8687 | TeAcc: 0.9053

 20,  0 | TrAcc: 0.9240, TrLoss:  0.25807, VaAcc: 0.9312, VaLoss:  0.24134
 MAP NN | TrAcc: 0.9176 | VaAcc: 0.9146 | TeAcc: 0.9409
 S NN | TrAcc: 0.8619 | VaAcc: 0.8706 | TeAcc: 0.9058

 21,  0 | TrAcc: 0.9252, TrLoss:  0.24937, VaAcc: 0.9258, VaLoss:  0.24546
 MAP NN | TrAcc: 0.9109 | VaAcc: 0.9126 | TeAcc: 0.9321
 S NN | TrAcc: 0.9114 | VaAcc: 0.8970 | TeAcc: 0.9009

 22,  0 | TrAcc: 0.9230, TrLoss:  0.25474, VaAcc: 0.9277, VaLoss:  0.27243
 MAP NN | TrAcc: 0.9250 | VaAcc: 0.9224 | TeAcc: 0.9458
 S NN | TrAcc: 0.8398 | VaAcc: 0.8862 | TeAcc: 0.6274

 23,  0 | TrAcc: 0.9266, TrLoss:  0.24984, VaAcc: 0.9370, VaLoss:  0.24333
 MAP NN | TrAcc: 0.9207 | VaAcc: 0.9214 | TeAcc: 0.9395
 S NN | TrAcc: 0.9066 | VaAcc: 0.8652 | TeAcc: 0.9180

 24,  0 | TrAcc: 0.9358, TrLoss:  0.22694, VaAcc: 0.9238, VaLoss:  0.26367
 MAP NN | TrAcc: 0.9133 | VaAcc: 0.9111 | TeAcc: 0.9365
 S NN | TrAcc: 0.8867 | VaAcc: 0.8916 | TeAcc: 0.9150

 25,  0 | TrAcc: 0.9333, TrLoss:  0.22523, VaAcc: 0.9346, VaLoss:  0.24612
 MAP NN | TrAcc: 0.9216 | VaAcc: 0.9219 | TeAcc: 0.9434
 S NN | TrAcc: 0.8947 | VaAcc: 0.9023 | TeAcc: 0.9209

 26,  0 | TrAcc: 0.9309, TrLoss:  0.22359, VaAcc: 0.9321, VaLoss:  0.23028
 MAP NN | TrAcc: 0.9294 | VaAcc: 0.9214 | TeAcc: 0.9409
 S NN | TrAcc: 0.8126 | VaAcc: 0.8882 | TeAcc: 0.6274

 27,  0 | TrAcc: 0.9081, TrLoss:  0.30240, VaAcc: 0.9375, VaLoss:  0.22142
 MAP NN | TrAcc: 0.8945 | VaAcc: 0.9058 | TeAcc: 0.9243
 S NN | TrAcc: 0.8545 | VaAcc: 0.9097 | TeAcc: 0.9312

 28,  0 | TrAcc: 0.9380, TrLoss:  0.21064, VaAcc: 0.9399, VaLoss:  0.22796
 MAP NN | TrAcc: 0.9171 | VaAcc: 0.9155 | TeAcc: 0.9331
 S NN | TrAcc: 0.9110 | VaAcc: 0.8931 | TeAcc: 0.9453

 29,  0 | TrAcc: 0.9325, TrLoss:  0.22449, VaAcc: 0.9370, VaLoss:  0.22258
 MAP NN | TrAcc: 0.9119 | VaAcc: 0.9072 | TeAcc: 0.9263
 S NN | TrAcc: 0.9132 | VaAcc: 0.8452 | TeAcc: 0.9263

 30,  0 | TrAcc: 0.9365, TrLoss:  0.20575, VaAcc: 0.9395, VaLoss:  0.22053
 MAP NN | TrAcc: 0.9296 | VaAcc: 0.9302 | TeAcc: 0.9419
 S NN | TrAcc: 0.9170 | VaAcc: 0.8867 | TeAcc: 0.9097

 31,  0 | TrAcc: 0.9329, TrLoss:  0.22406, VaAcc: 0.8994, VaLoss:  0.33736
 MAP NN | TrAcc: 0.8950 | VaAcc: 0.8931 | TeAcc: 0.6289
 S NN | TrAcc: 0.9142 | VaAcc: 0.8896 | TeAcc: 0.6230

 32,  0 | TrAcc: 0.9434, TrLoss:  0.18968, VaAcc: 0.9434, VaLoss:  0.22028
 MAP NN | TrAcc: 0.9294 | VaAcc: 0.9272 | TeAcc: 0.9482
 S NN | TrAcc: 0.8722 | VaAcc: 0.9194 | TeAcc: 0.9448

 33,  0 | TrAcc: 0.9467, TrLoss:  0.17317, VaAcc: 0.9458, VaLoss:  0.20840
 MAP NN | TrAcc: 0.9142 | VaAcc: 0.9121 | TeAcc: 0.9365
 S NN | TrAcc: 0.9048 | VaAcc: 0.9209 | TeAcc: 0.9058

 34,  0 | TrAcc: 0.9474, TrLoss:  0.17381, VaAcc: 0.9482, VaLoss:  0.19360
 MAP NN | TrAcc: 0.9277 | VaAcc: 0.9209 | TeAcc: 0.9409
 S NN | TrAcc: 0.9021 | VaAcc: 0.9038 | TeAcc: 0.9365

 35,  0 | TrAcc: 0.9501, TrLoss:  0.17670, VaAcc: 0.9468, VaLoss:  0.19664
 MAP NN | TrAcc: 0.9277 | VaAcc: 0.9204 | TeAcc: 0.9404
 S NN | TrAcc: 0.9297 | VaAcc: 0.9238 | TeAcc: 0.6421

 36,  0 | TrAcc: 0.9479, TrLoss:  0.17762, VaAcc: 0.9404, VaLoss:  0.20163
 MAP NN | TrAcc: 0.9277 | VaAcc: 0.9258 | TeAcc: 0.9380
 S NN | TrAcc: 0.9103 | VaAcc: 0.9302 | TeAcc: 0.9399

 37,  0 | TrAcc: 0.9524, TrLoss:  0.15910, VaAcc: 0.9375, VaLoss:  0.22784
 MAP NN | TrAcc: 0.9368 | VaAcc: 0.9312 | TeAcc: 0.9424
 S NN | TrAcc: 0.9291 | VaAcc: 0.9146 | TeAcc: 0.9268

 38,  0 | TrAcc: 0.9551, TrLoss:  0.15761, VaAcc: 0.9438, VaLoss:  0.19901
 MAP NN | TrAcc: 0.9449 | VaAcc: 0.9429 | TeAcc: 0.9526
 S NN | TrAcc: 0.9265 | VaAcc: 0.9111 | TeAcc: 0.9556

 39,  0 | TrAcc: 0.9534, TrLoss:  0.14692, VaAcc: 0.9448, VaLoss:  0.20156
 MAP NN | TrAcc: 0.9425 | VaAcc: 0.9360 | TeAcc: 0.9551
 S NN | TrAcc: 0.9261 | VaAcc: 0.9175 | TeAcc: 0.9556

 40,  0 | TrAcc: 0.9550, TrLoss:  0.15182, VaAcc: 0.9453, VaLoss:  0.20860
 MAP NN | TrAcc: 0.9410 | VaAcc: 0.9380 | TeAcc: 0.9517
 S NN | TrAcc: 0.9235 | VaAcc: 0.9336 | TeAcc: 0.6533

 41,  0 | TrAcc: 0.9497, TrLoss:  0.15983, VaAcc: 0.9429, VaLoss:  0.21300
 MAP NN | TrAcc: 0.9247 | VaAcc: 0.9126 | TeAcc: 0.9409
 S NN | TrAcc: 0.9248 | VaAcc: 0.9253 | TeAcc: 0.9546

 42,  0 | TrAcc: 0.9542, TrLoss:  0.15096, VaAcc: 0.9536, VaLoss:  0.19085
 MAP NN | TrAcc: 0.9437 | VaAcc: 0.9351 | TeAcc: 0.9541
 S NN | TrAcc: 0.9269 | VaAcc: 0.9287 | TeAcc: 0.9526

 43,  0 | TrAcc: 0.9535, TrLoss:  0.14925, VaAcc: 0.9521, VaLoss:  0.19403
 MAP NN | TrAcc: 0.9388 | VaAcc: 0.9292 | TeAcc: 0.9453
 S NN | TrAcc: 0.9160 | VaAcc: 0.8901 | TeAcc: 0.6426

 44,  0 | TrAcc: 0.9525, TrLoss:  0.15435, VaAcc: 0.9487, VaLoss:  0.19616
 MAP NN | TrAcc: 0.9521 | VaAcc: 0.9409 | TeAcc: 0.9624
 S NN | TrAcc: 0.8815 | VaAcc: 0.9380 | TeAcc: 0.9526

 45,  0 | TrAcc: 0.9535, TrLoss:  0.14443, VaAcc: 0.9453, VaLoss:  0.19663
 MAP NN | TrAcc: 0.9436 | VaAcc: 0.9341 | TeAcc: 0.9536
 S NN | TrAcc: 0.9102 | VaAcc: 0.8994 | TeAcc: 0.9414

 46,  0 | TrAcc: 0.9581, TrLoss:  0.13879, VaAcc: 0.9463, VaLoss:  0.19927
 MAP NN | TrAcc: 0.9430 | VaAcc: 0.9321 | TeAcc: 0.9497
 S NN | TrAcc: 0.9404 | VaAcc: 0.9253 | TeAcc: 0.9463

 47,  0 | TrAcc: 0.9584, TrLoss:  0.13519, VaAcc: 0.9507, VaLoss:  0.18535
 MAP NN | TrAcc: 0.9427 | VaAcc: 0.9331 | TeAcc: 0.9468
 S NN | TrAcc: 0.9337 | VaAcc: 0.9199 | TeAcc: 0.9487

 48,  0 | TrAcc: 0.9600, TrLoss:  0.13523, VaAcc: 0.9517, VaLoss:  0.19492
 MAP NN | TrAcc: 0.9507 | VaAcc: 0.9414 | TeAcc: 0.9561
 S NN | TrAcc: 0.9158 | VaAcc: 0.9297 | TeAcc: 0.9341

 49,  0 | TrAcc: 0.9603, TrLoss:  0.13419, VaAcc: 0.9521, VaLoss:  0.18001
 MAP NN | TrAcc: 0.9485 | VaAcc: 0.9360 | TeAcc: 0.9546
 S NN | TrAcc: 0.9269 | VaAcc: 0.9219 | TeAcc: 0.9565

 50,  0 | TrAcc: 0.9579, TrLoss:  0.14117, VaAcc: 0.9399, VaLoss:  0.19776
 MAP NN | TrAcc: 0.9558 | VaAcc: 0.9404 | TeAcc: 0.9629
 S NN | TrAcc: 0.9393 | VaAcc: 0.9219 | TeAcc: 0.9458

 51,  0 | TrAcc: 0.9564, TrLoss:  0.13601, VaAcc: 0.9492, VaLoss:  0.17827
 MAP NN | TrAcc: 0.9447 | VaAcc: 0.9341 | TeAcc: 0.9492
 S NN | TrAcc: 0.9381 | VaAcc: 0.9160 | TeAcc: 0.9536

 52,  0 | TrAcc: 0.9523, TrLoss:  0.15987, VaAcc: 0.9434, VaLoss:  0.20983
 MAP NN | TrAcc: 0.9402 | VaAcc: 0.9351 | TeAcc: 0.9448
 S NN | TrAcc: 0.9459 | VaAcc: 0.9097 | TeAcc: 0.9575

 53,  0 | TrAcc: 0.9543, TrLoss:  0.14769, VaAcc: 0.9424, VaLoss:  0.19869
 MAP NN | TrAcc: 0.9507 | VaAcc: 0.9341 | TeAcc: 0.9541
 S NN | TrAcc: 0.9349 | VaAcc: 0.8877 | TeAcc: 0.9546

 54,  0 | TrAcc: 0.9539, TrLoss:  0.15244, VaAcc: 0.9395, VaLoss:  0.20671
 MAP NN | TrAcc: 0.9473 | VaAcc: 0.9404 | TeAcc: 0.9502
 S NN | TrAcc: 0.9153 | VaAcc: 0.9258 | TeAcc: 0.9370

 55,  0 | TrAcc: 0.9612, TrLoss:  0.13047, VaAcc: 0.9536, VaLoss:  0.17269
 MAP NN | TrAcc: 0.9523 | VaAcc: 0.9390 | TeAcc: 0.9648
 S NN | TrAcc: 0.9359 | VaAcc: 0.9360 | TeAcc: 0.9556

 56,  0 | TrAcc: 0.9631, TrLoss:  0.12338, VaAcc: 0.9531, VaLoss:  0.17946
 MAP NN | TrAcc: 0.9603 | VaAcc: 0.9526 | TeAcc: 0.9629
 S NN | TrAcc: 0.9436 | VaAcc: 0.9360 | TeAcc: 0.9521

 57,  0 | TrAcc: 0.9646, TrLoss:  0.11827, VaAcc: 0.9492, VaLoss:  0.19326
 MAP NN | TrAcc: 0.9557 | VaAcc: 0.9414 | TeAcc: 0.9551
 S NN | TrAcc: 0.9347 | VaAcc: 0.9165 | TeAcc: 0.9585

 58,  0 | TrAcc: 0.9647, TrLoss:  0.11681, VaAcc: 0.9468, VaLoss:  0.21034
 MAP NN | TrAcc: 0.9598 | VaAcc: 0.9536 | TeAcc: 0.9668
 S NN | TrAcc: 0.9214 | VaAcc: 0.9199 | TeAcc: 0.9541

 59,  0 | TrAcc: 0.9628, TrLoss:  0.11692, VaAcc: 0.9595, VaLoss:  0.17128
 MAP NN | TrAcc: 0.9624 | VaAcc: 0.9458 | TeAcc: 0.9600
 S NN | TrAcc: 0.9410 | VaAcc: 0.9243 | TeAcc: 0.9551

 60,  0 | TrAcc: 0.9625, TrLoss:  0.11432, VaAcc: 0.9531, VaLoss:  0.18903
 MAP NN | TrAcc: 0.9598 | VaAcc: 0.9458 | TeAcc: 0.9600
 S NN | TrAcc: 0.9417 | VaAcc: 0.9243 | TeAcc: 0.9438

 61,  0 | TrAcc: 0.9685, TrLoss:  0.10704, VaAcc: 0.9561, VaLoss:  0.17027
 MAP NN | TrAcc: 0.9617 | VaAcc: 0.9463 | TeAcc: 0.9604
 S NN | TrAcc: 0.9430 | VaAcc: 0.9268 | TeAcc: 0.9565

 62,  0 | TrAcc: 0.9677, TrLoss:  0.10932, VaAcc: 0.9517, VaLoss:  0.18807
 MAP NN | TrAcc: 0.9626 | VaAcc: 0.9463 | TeAcc: 0.9658
 S NN | TrAcc: 0.9440 | VaAcc: 0.9390 | TeAcc: 0.9497

 63,  0 | TrAcc: 0.9655, TrLoss:  0.11473, VaAcc: 0.9541, VaLoss:  0.17717
 MAP NN | TrAcc: 0.9554 | VaAcc: 0.9443 | TeAcc: 0.9629
 S NN | TrAcc: 0.9379 | VaAcc: 0.9399 | TeAcc: 0.9331

 64,  0 | TrAcc: 0.9670, TrLoss:  0.10900, VaAcc: 0.9556, VaLoss:  0.18511
 MAP NN | TrAcc: 0.9635 | VaAcc: 0.9458 | TeAcc: 0.9683
 S NN | TrAcc: 0.9519 | VaAcc: 0.9370 | TeAcc: 0.9541

 65,  0 | TrAcc: 0.9685, TrLoss:  0.10592, VaAcc: 0.9551, VaLoss:  0.15990
 MAP NN | TrAcc: 0.9630 | VaAcc: 0.9473 | TeAcc: 0.9673
 S NN | TrAcc: 0.9506 | VaAcc: 0.9409 | TeAcc: 0.9546

 66,  0 | TrAcc: 0.9673, TrLoss:  0.10731, VaAcc: 0.9531, VaLoss:  0.17958
 MAP NN | TrAcc: 0.9619 | VaAcc: 0.9473 | TeAcc: 0.9614
 S NN | TrAcc: 0.9282 | VaAcc: 0.9434 | TeAcc: 0.9614

 67,  0 | TrAcc: 0.9629, TrLoss:  0.12311, VaAcc: 0.9575, VaLoss:  0.17747
 MAP NN | TrAcc: 0.9552 | VaAcc: 0.9487 | TeAcc: 0.9624
 S NN | TrAcc: 0.9490 | VaAcc: 0.9360 | TeAcc: 0.9521

 68,  0 | TrAcc: 0.9637, TrLoss:  0.11374, VaAcc: 0.9424, VaLoss:  0.22700
 MAP NN | TrAcc: 0.9639 | VaAcc: 0.9531 | TeAcc: 0.9639
 S NN | TrAcc: 0.9421 | VaAcc: 0.9365 | TeAcc: 0.9521

 69,  0 | TrAcc: 0.9679, TrLoss:  0.10411, VaAcc: 0.9512, VaLoss:  0.19291
 MAP NN | TrAcc: 0.9603 | VaAcc: 0.9443 | TeAcc: 0.9653
 S NN | TrAcc: 0.9492 | VaAcc: 0.9390 | TeAcc: 0.9580

 70,  0 | TrAcc: 0.9677, TrLoss:  0.10296, VaAcc: 0.9658, VaLoss:  0.14810
 MAP NN | TrAcc: 0.9661 | VaAcc: 0.9507 | TeAcc: 0.9658
 S NN | TrAcc: 0.9554 | VaAcc: 0.9478 | TeAcc: 0.9580

 71,  0 | TrAcc: 0.9691, TrLoss:  0.09846, VaAcc: 0.9497, VaLoss:  0.17877
 MAP NN | TrAcc: 0.9679 | VaAcc: 0.9536 | TeAcc: 0.9688
 S NN | TrAcc: 0.9554 | VaAcc: 0.9390 | TeAcc: 0.9600

 72,  0 | TrAcc: 0.9702, TrLoss:  0.09887, VaAcc: 0.9551, VaLoss:  0.18309
 MAP NN | TrAcc: 0.9664 | VaAcc: 0.9512 | TeAcc: 0.9639
 S NN | TrAcc: 0.9421 | VaAcc: 0.9434 | TeAcc: 0.9565

 73,  0 | TrAcc: 0.9716, TrLoss:  0.09517, VaAcc: 0.9604, VaLoss:  0.15711
 MAP NN | TrAcc: 0.9712 | VaAcc: 0.9565 | TeAcc: 0.9707
 S NN | TrAcc: 0.9529 | VaAcc: 0.9370 | TeAcc: 0.9668

 74,  0 | TrAcc: 0.9683, TrLoss:  0.09911, VaAcc: 0.9497, VaLoss:  0.17828
 MAP NN | TrAcc: 0.9688 | VaAcc: 0.9526 | TeAcc: 0.9634
 S NN | TrAcc: 0.9591 | VaAcc: 0.9478 | TeAcc: 0.9507

 75,  0 | TrAcc: 0.9707, TrLoss:  0.09631, VaAcc: 0.9565, VaLoss:  0.16538
 MAP NN | TrAcc: 0.9700 | VaAcc: 0.9570 | TeAcc: 0.9712
 S NN | TrAcc: 0.9619 | VaAcc: 0.9302 | TeAcc: 0.9521

 76,  0 | TrAcc: 0.9706, TrLoss:  0.09979, VaAcc: 0.9624, VaLoss:  0.15481
 MAP NN | TrAcc: 0.9681 | VaAcc: 0.9507 | TeAcc: 0.9673
 S NN | TrAcc: 0.9550 | VaAcc: 0.9448 | TeAcc: 0.9521

 77,  0 | TrAcc: 0.9713, TrLoss:  0.09136, VaAcc: 0.9609, VaLoss:  0.15501
 MAP NN | TrAcc: 0.9718 | VaAcc: 0.9551 | TeAcc: 0.9663
 S NN | TrAcc: 0.9562 | VaAcc: 0.9497 | TeAcc: 0.9438

 78,  0 | TrAcc: 0.9741, TrLoss:  0.08751, VaAcc: 0.9604, VaLoss:  0.16381
 MAP NN | TrAcc: 0.9705 | VaAcc: 0.9546 | TeAcc: 0.9673
 S NN | TrAcc: 0.9628 | VaAcc: 0.9478 | TeAcc: 0.9575

 79,  0 | TrAcc: 0.9734, TrLoss:  0.09137, VaAcc: 0.9507, VaLoss:  0.17287
 MAP NN | TrAcc: 0.9695 | VaAcc: 0.9497 | TeAcc: 0.9644
 S NN | TrAcc: 0.9618 | VaAcc: 0.9424 | TeAcc: 0.9678

 80,  0 | TrAcc: 0.9700, TrLoss:  0.09785, VaAcc: 0.9551, VaLoss:  0.17002
 MAP NN | TrAcc: 0.9657 | VaAcc: 0.9507 | TeAcc: 0.9604
 S NN | TrAcc: 0.9541 | VaAcc: 0.9521 | TeAcc: 0.9546

 81,  0 | TrAcc: 0.9707, TrLoss:  0.09633, VaAcc: 0.9512, VaLoss:  0.17981
 MAP NN | TrAcc: 0.9750 | VaAcc: 0.9580 | TeAcc: 0.9673
 S NN | TrAcc: 0.9526 | VaAcc: 0.9380 | TeAcc: 0.9556

 82,  0 | TrAcc: 0.9753, TrLoss:  0.08632, VaAcc: 0.9639, VaLoss:  0.15647
 MAP NN | TrAcc: 0.9703 | VaAcc: 0.9502 | TeAcc: 0.9629
 S NN | TrAcc: 0.9666 | VaAcc: 0.9321 | TeAcc: 0.9590

 83,  0 | TrAcc: 0.9738, TrLoss:  0.08323, VaAcc: 0.9561, VaLoss:  0.18456
 MAP NN | TrAcc: 0.9775 | VaAcc: 0.9590 | TeAcc: 0.9673
 S NN | TrAcc: 0.9585 | VaAcc: 0.9487 | TeAcc: 0.9644

 84,  0 | TrAcc: 0.9739, TrLoss:  0.08324, VaAcc: 0.9639, VaLoss:  0.14911
 MAP NN | TrAcc: 0.9718 | VaAcc: 0.9492 | TeAcc: 0.9653
 S NN | TrAcc: 0.9506 | VaAcc: 0.9385 | TeAcc: 0.9619

 85,  0 | TrAcc: 0.9720, TrLoss:  0.08542, VaAcc: 0.9546, VaLoss:  0.18398
 MAP NN | TrAcc: 0.9751 | VaAcc: 0.9561 | TeAcc: 0.9658
 S NN | TrAcc: 0.9673 | VaAcc: 0.9497 | TeAcc: 0.9688

 86,  0 | TrAcc: 0.9722, TrLoss:  0.08950, VaAcc: 0.9570, VaLoss:  0.17121
 MAP NN | TrAcc: 0.9741 | VaAcc: 0.9512 | TeAcc: 0.9648
 S NN | TrAcc: 0.9620 | VaAcc: 0.9404 | TeAcc: 0.9629

 87,  0 | TrAcc: 0.9761, TrLoss:  0.07913, VaAcc: 0.9629, VaLoss:  0.15754
 MAP NN | TrAcc: 0.9766 | VaAcc: 0.9614 | TeAcc: 0.9663
 S NN | TrAcc: 0.9572 | VaAcc: 0.9429 | TeAcc: 0.9570

 88,  0 | TrAcc: 0.9731, TrLoss:  0.08811, VaAcc: 0.9561, VaLoss:  0.16220
 MAP NN | TrAcc: 0.9755 | VaAcc: 0.9551 | TeAcc: 0.9648
 S NN | TrAcc: 0.9684 | VaAcc: 0.9443 | TeAcc: 0.9604

 89,  0 | TrAcc: 0.9772, TrLoss:  0.07568, VaAcc: 0.9590, VaLoss:  0.16584
 MAP NN | TrAcc: 0.9758 | VaAcc: 0.9565 | TeAcc: 0.9688
 S NN | TrAcc: 0.9664 | VaAcc: 0.9507 | TeAcc: 0.9624

 90,  0 | TrAcc: 0.9781, TrLoss:  0.07816, VaAcc: 0.9604, VaLoss:  0.16584
 MAP NN | TrAcc: 0.9775 | VaAcc: 0.9561 | TeAcc: 0.9688
 S NN | TrAcc: 0.9647 | VaAcc: 0.9463 | TeAcc: 0.9551

 91,  0 | TrAcc: 0.9791, TrLoss:  0.07325, VaAcc: 0.9600, VaLoss:  0.15817
 MAP NN | TrAcc: 0.9763 | VaAcc: 0.9609 | TeAcc: 0.9673
 S NN | TrAcc: 0.9659 | VaAcc: 0.9468 | TeAcc: 0.9585

 92,  0 | TrAcc: 0.9784, TrLoss:  0.07241, VaAcc: 0.9595, VaLoss:  0.17272
 MAP NN | TrAcc: 0.9785 | VaAcc: 0.9629 | TeAcc: 0.9683
 S NN | TrAcc: 0.9559 | VaAcc: 0.9531 | TeAcc: 0.9683

 93,  0 | TrAcc: 0.9768, TrLoss:  0.07447, VaAcc: 0.9585, VaLoss:  0.17597
 MAP NN | TrAcc: 0.9763 | VaAcc: 0.9609 | TeAcc: 0.9692
 S NN | TrAcc: 0.9648 | VaAcc: 0.9556 | TeAcc: 0.9609

 94,  0 | TrAcc: 0.9762, TrLoss:  0.07958, VaAcc: 0.9575, VaLoss:  0.18012
 MAP NN | TrAcc: 0.9755 | VaAcc: 0.9585 | TeAcc: 0.9668
 S NN | TrAcc: 0.9607 | VaAcc: 0.9438 | TeAcc: 0.9619

 95,  0 | TrAcc: 0.9779, TrLoss:  0.06998, VaAcc: 0.9585, VaLoss:  0.16155
 MAP NN | TrAcc: 0.9781 | VaAcc: 0.9575 | TeAcc: 0.9688
 S NN | TrAcc: 0.9661 | VaAcc: 0.9385 | TeAcc: 0.9658

 96,  0 | TrAcc: 0.9761, TrLoss:  0.07627, VaAcc: 0.9619, VaLoss:  0.15278
 MAP NN | TrAcc: 0.9747 | VaAcc: 0.9575 | TeAcc: 0.9683
 S NN | TrAcc: 0.9661 | VaAcc: 0.9502 | TeAcc: 0.9634

 97,  0 | TrAcc: 0.9784, TrLoss:  0.06929, VaAcc: 0.9595, VaLoss:  0.16111
 MAP NN | TrAcc: 0.9712 | VaAcc: 0.9517 | TeAcc: 0.9678
 S NN | TrAcc: 0.9641 | VaAcc: 0.9512 | TeAcc: 0.9673

 98,  0 | TrAcc: 0.9778, TrLoss:  0.06923, VaAcc: 0.9531, VaLoss:  0.17046
 MAP NN | TrAcc: 0.9764 | VaAcc: 0.9561 | TeAcc: 0.9668
 S NN | TrAcc: 0.9677 | VaAcc: 0.9453 | TeAcc: 0.9590

 99,  0 | TrAcc: 0.9753, TrLoss:  0.07897, VaAcc: 0.9585, VaLoss:  0.17453
 MAP NN | TrAcc: 0.9760 | VaAcc: 0.9570 | TeAcc: 0.9731
 S NN | TrAcc: 0.9653 | VaAcc: 0.9502 | TeAcc: 0.9668

100,  0 | TrAcc: 0.9762, TrLoss:  0.07542, VaAcc: 0.9517, VaLoss:  0.18155
 MAP NN | TrAcc: 0.9734 | VaAcc: 0.9478 | TeAcc: 0.9683
 S NN | TrAcc: 0.9608 | VaAcc: 0.9526 | TeAcc: 0.9585

101,  0 | TrAcc: 0.9771, TrLoss:  0.07292, VaAcc: 0.9575, VaLoss:  0.16521
 MAP NN | TrAcc: 0.9762 | VaAcc: 0.9585 | TeAcc: 0.9683
 S NN | TrAcc: 0.9692 | VaAcc: 0.9463 | TeAcc: 0.9614

102,  0 | TrAcc: 0.9799, TrLoss:  0.06853, VaAcc: 0.9600, VaLoss:  0.16150
 MAP NN | TrAcc: 0.9771 | VaAcc: 0.9570 | TeAcc: 0.9668
 S NN | TrAcc: 0.9713 | VaAcc: 0.9487 | TeAcc: 0.9639

103,  0 | TrAcc: 0.9791, TrLoss:  0.06877, VaAcc: 0.9609, VaLoss:  0.15740
 MAP NN | TrAcc: 0.9773 | VaAcc: 0.9604 | TeAcc: 0.9683
 S NN | TrAcc: 0.9572 | VaAcc: 0.9521 | TeAcc: 0.9648

104,  0 | TrAcc: 0.9764, TrLoss:  0.07478, VaAcc: 0.9546, VaLoss:  0.17780
 MAP NN | TrAcc: 0.9788 | VaAcc: 0.9570 | TeAcc: 0.9731
 S NN | TrAcc: 0.9673 | VaAcc: 0.9424 | TeAcc: 0.9629

105,  0 | TrAcc: 0.9818, TrLoss:  0.06309, VaAcc: 0.9590, VaLoss:  0.15863
 MAP NN | TrAcc: 0.9783 | VaAcc: 0.9565 | TeAcc: 0.9707
 S NN | TrAcc: 0.9696 | VaAcc: 0.9551 | TeAcc: 0.9639

106,  0 | TrAcc: 0.9780, TrLoss:  0.06666, VaAcc: 0.9624, VaLoss:  0.16580
 MAP NN | TrAcc: 0.9806 | VaAcc: 0.9624 | TeAcc: 0.9727
 S NN | TrAcc: 0.9716 | VaAcc: 0.9512 | TeAcc: 0.9653

107,  0 | TrAcc: 0.9816, TrLoss:  0.06369, VaAcc: 0.9600, VaLoss:  0.16223
 MAP NN | TrAcc: 0.9800 | VaAcc: 0.9624 | TeAcc: 0.9717
 S NN | TrAcc: 0.9645 | VaAcc: 0.9497 | TeAcc: 0.9683

108,  0 | TrAcc: 0.9829, TrLoss:  0.05887, VaAcc: 0.9580, VaLoss:  0.15821
 MAP NN | TrAcc: 0.9819 | VaAcc: 0.9629 | TeAcc: 0.9736
 S NN | TrAcc: 0.9701 | VaAcc: 0.9551 | TeAcc: 0.9639

109,  0 | TrAcc: 0.9802, TrLoss:  0.06703, VaAcc: 0.9614, VaLoss:  0.15354
 MAP NN | TrAcc: 0.9772 | VaAcc: 0.9546 | TeAcc: 0.9702
 S NN | TrAcc: 0.9664 | VaAcc: 0.9507 | TeAcc: 0.9619

110,  0 | TrAcc: 0.9803, TrLoss:  0.06225, VaAcc: 0.9585, VaLoss:  0.15980
 MAP NN | TrAcc: 0.9808 | VaAcc: 0.9536 | TeAcc: 0.9731
 S NN | TrAcc: 0.9709 | VaAcc: 0.9526 | TeAcc: 0.9692

111,  0 | TrAcc: 0.9828, TrLoss:  0.05623, VaAcc: 0.9585, VaLoss:  0.17230
 MAP NN | TrAcc: 0.9814 | VaAcc: 0.9634 | TeAcc: 0.9717
 S NN | TrAcc: 0.9685 | VaAcc: 0.9541 | TeAcc: 0.9653

112,  0 | TrAcc: 0.9813, TrLoss:  0.06317, VaAcc: 0.9609, VaLoss:  0.16691
 MAP NN | TrAcc: 0.9790 | VaAcc: 0.9575 | TeAcc: 0.9707
 S NN | TrAcc: 0.9697 | VaAcc: 0.9507 | TeAcc: 0.9644

113,  0 | TrAcc: 0.9799, TrLoss:  0.06456, VaAcc: 0.9600, VaLoss:  0.16031
 MAP NN | TrAcc: 0.9822 | VaAcc: 0.9580 | TeAcc: 0.9707
 S NN | TrAcc: 0.9719 | VaAcc: 0.9546 | TeAcc: 0.9614

114,  0 | TrAcc: 0.9803, TrLoss:  0.06201, VaAcc: 0.9624, VaLoss:  0.15225
 MAP NN | TrAcc: 0.9779 | VaAcc: 0.9570 | TeAcc: 0.9736
 S NN | TrAcc: 0.9733 | VaAcc: 0.9561 | TeAcc: 0.9648

115,  0 | TrAcc: 0.9794, TrLoss:  0.06073, VaAcc: 0.9609, VaLoss:  0.16441
 MAP NN | TrAcc: 0.9808 | VaAcc: 0.9565 | TeAcc: 0.9741
 S NN | TrAcc: 0.9679 | VaAcc: 0.9482 | TeAcc: 0.9683

116,  0 | TrAcc: 0.9828, TrLoss:  0.05481, VaAcc: 0.9614, VaLoss:  0.16153
 MAP NN | TrAcc: 0.9799 | VaAcc: 0.9580 | TeAcc: 0.9697
 S NN | TrAcc: 0.9634 | VaAcc: 0.9536 | TeAcc: 0.9673

117,  0 | TrAcc: 0.9800, TrLoss:  0.06026, VaAcc: 0.9619, VaLoss:  0.16270
 MAP NN | TrAcc: 0.9757 | VaAcc: 0.9561 | TeAcc: 0.9683
 S NN | TrAcc: 0.9711 | VaAcc: 0.9414 | TeAcc: 0.9546

118,  0 | TrAcc: 0.9822, TrLoss:  0.05830, VaAcc: 0.9619, VaLoss:  0.16282
 MAP NN | TrAcc: 0.9810 | VaAcc: 0.9561 | TeAcc: 0.9722
 S NN | TrAcc: 0.9652 | VaAcc: 0.9478 | TeAcc: 0.9634

119,  0 | TrAcc: 0.9795, TrLoss:  0.06579, VaAcc: 0.9609, VaLoss:  0.16244
 MAP NN | TrAcc: 0.9807 | VaAcc: 0.9629 | TeAcc: 0.9702
 S NN | TrAcc: 0.9736 | VaAcc: 0.9590 | TeAcc: 0.9697

120,  0 | TrAcc: 0.9816, TrLoss:  0.05382, VaAcc: 0.9604, VaLoss:  0.18257
 MAP NN | TrAcc: 0.9807 | VaAcc: 0.9580 | TeAcc: 0.9673
 S NN | TrAcc: 0.9740 | VaAcc: 0.9570 | TeAcc: 0.9707

121,  0 | TrAcc: 0.9813, TrLoss:  0.06068, VaAcc: 0.9609, VaLoss:  0.14984
 MAP NN | TrAcc: 0.9817 | VaAcc: 0.9614 | TeAcc: 0.9688
 S NN | TrAcc: 0.9698 | VaAcc: 0.9429 | TeAcc: 0.9648

122,  0 | TrAcc: 0.9819, TrLoss:  0.05700, VaAcc: 0.9629, VaLoss:  0.17406
 MAP NN | TrAcc: 0.9816 | VaAcc: 0.9590 | TeAcc: 0.9707
 S NN | TrAcc: 0.9745 | VaAcc: 0.9521 | TeAcc: 0.9658

123,  0 | TrAcc: 0.9777, TrLoss:  0.06892, VaAcc: 0.9639, VaLoss:  0.14523
 MAP NN | TrAcc: 0.9791 | VaAcc: 0.9600 | TeAcc: 0.9673
 S NN | TrAcc: 0.9744 | VaAcc: 0.9526 | TeAcc: 0.9629

124,  0 | TrAcc: 0.9818, TrLoss:  0.05873, VaAcc: 0.9565, VaLoss:  0.16882
 MAP NN | TrAcc: 0.9813 | VaAcc: 0.9575 | TeAcc: 0.9688
 S NN | TrAcc: 0.9744 | VaAcc: 0.9443 | TeAcc: 0.9648

125,  0 | TrAcc: 0.9850, TrLoss:  0.05340, VaAcc: 0.9624, VaLoss:  0.15282
 MAP NN | TrAcc: 0.9822 | VaAcc: 0.9585 | TeAcc: 0.9717
 S NN | TrAcc: 0.9777 | VaAcc: 0.9551 | TeAcc: 0.9634

126,  0 | TrAcc: 0.9860, TrLoss:  0.05244, VaAcc: 0.9614, VaLoss:  0.14863
 MAP NN | TrAcc: 0.9857 | VaAcc: 0.9580 | TeAcc: 0.9678
 S NN | TrAcc: 0.9674 | VaAcc: 0.9531 | TeAcc: 0.9604

127,  0 | TrAcc: 0.9855, TrLoss:  0.04881, VaAcc: 0.9624, VaLoss:  0.15997
 MAP NN | TrAcc: 0.9840 | VaAcc: 0.9639 | TeAcc: 0.9712
 S NN | TrAcc: 0.9685 | VaAcc: 0.9565 | TeAcc: 0.9668

128,  0 | TrAcc: 0.9841, TrLoss:  0.05418, VaAcc: 0.9604, VaLoss:  0.16138
 MAP NN | TrAcc: 0.9845 | VaAcc: 0.9629 | TeAcc: 0.9707
 S NN | TrAcc: 0.9756 | VaAcc: 0.9512 | TeAcc: 0.9678

129,  0 | TrAcc: 0.9844, TrLoss:  0.05022, VaAcc: 0.9595, VaLoss:  0.16569
 MAP NN | TrAcc: 0.9841 | VaAcc: 0.9609 | TeAcc: 0.9727
 S NN | TrAcc: 0.9730 | VaAcc: 0.9541 | TeAcc: 0.9658

130,  0 | TrAcc: 0.9871, TrLoss:  0.05003, VaAcc: 0.9609, VaLoss:  0.16270
 MAP NN | TrAcc: 0.9821 | VaAcc: 0.9600 | TeAcc: 0.9736
 S NN | TrAcc: 0.9717 | VaAcc: 0.9512 | TeAcc: 0.9692

131,  0 | TrAcc: 0.9841, TrLoss:  0.05185, VaAcc: 0.9609, VaLoss:  0.15877
 MAP NN | TrAcc: 0.9821 | VaAcc: 0.9600 | TeAcc: 0.9702
 S NN | TrAcc: 0.9742 | VaAcc: 0.9614 | TeAcc: 0.9678

132,  0 | TrAcc: 0.9849, TrLoss:  0.04842, VaAcc: 0.9619, VaLoss:  0.16239
 MAP NN | TrAcc: 0.9824 | VaAcc: 0.9600 | TeAcc: 0.9741
 S NN | TrAcc: 0.9758 | VaAcc: 0.9531 | TeAcc: 0.9580

133,  0 | TrAcc: 0.9849, TrLoss:  0.04958, VaAcc: 0.9614, VaLoss:  0.15530
 MAP NN | TrAcc: 0.9845 | VaAcc: 0.9644 | TeAcc: 0.9741
 S NN | TrAcc: 0.9730 | VaAcc: 0.9409 | TeAcc: 0.9663

134,  0 | TrAcc: 0.9862, TrLoss:  0.04504, VaAcc: 0.9609, VaLoss:  0.15256
 MAP NN | TrAcc: 0.9841 | VaAcc: 0.9590 | TeAcc: 0.9746
 S NN | TrAcc: 0.9785 | VaAcc: 0.9541 | TeAcc: 0.9678

135,  0 | TrAcc: 0.9844, TrLoss:  0.04990, VaAcc: 0.9639, VaLoss:  0.15641
 MAP NN | TrAcc: 0.9818 | VaAcc: 0.9609 | TeAcc: 0.9707
 S NN | TrAcc: 0.9696 | VaAcc: 0.9541 | TeAcc: 0.9600

136,  0 | TrAcc: 0.9841, TrLoss:  0.05259, VaAcc: 0.9634, VaLoss:  0.14619
 MAP NN | TrAcc: 0.9854 | VaAcc: 0.9648 | TeAcc: 0.9722
 S NN | TrAcc: 0.9769 | VaAcc: 0.9600 | TeAcc: 0.9697

137,  0 | TrAcc: 0.9833, TrLoss:  0.05067, VaAcc: 0.9634, VaLoss:  0.15903
 MAP NN | TrAcc: 0.9834 | VaAcc: 0.9644 | TeAcc: 0.9697
 S NN | TrAcc: 0.9791 | VaAcc: 0.9609 | TeAcc: 0.9702

138,  0 | TrAcc: 0.9865, TrLoss:  0.04788, VaAcc: 0.9614, VaLoss:  0.16438
 MAP NN | TrAcc: 0.9850 | VaAcc: 0.9619 | TeAcc: 0.9712
 S NN | TrAcc: 0.9766 | VaAcc: 0.9531 | TeAcc: 0.9663

139,  0 | TrAcc: 0.9860, TrLoss:  0.05038, VaAcc: 0.9604, VaLoss:  0.16443
 MAP NN | TrAcc: 0.9833 | VaAcc: 0.9585 | TeAcc: 0.9702
 S NN | TrAcc: 0.9749 | VaAcc: 0.9429 | TeAcc: 0.9639

140,  0 | TrAcc: 0.9855, TrLoss:  0.04795, VaAcc: 0.9639, VaLoss:  0.15033
 MAP NN | TrAcc: 0.9846 | VaAcc: 0.9624 | TeAcc: 0.9731
 S NN | TrAcc: 0.9773 | VaAcc: 0.9561 | TeAcc: 0.9702

141,  0 | TrAcc: 0.9878, TrLoss:  0.04364, VaAcc: 0.9624, VaLoss:  0.15135
 MAP NN | TrAcc: 0.9839 | VaAcc: 0.9590 | TeAcc: 0.9717
 S NN | TrAcc: 0.9812 | VaAcc: 0.9561 | TeAcc: 0.9683

142,  0 | TrAcc: 0.9849, TrLoss:  0.04762, VaAcc: 0.9663, VaLoss:  0.15610
 MAP NN | TrAcc: 0.9866 | VaAcc: 0.9653 | TeAcc: 0.9697
 S NN | TrAcc: 0.9775 | VaAcc: 0.9546 | TeAcc: 0.9688

143,  0 | TrAcc: 0.9857, TrLoss:  0.04799, VaAcc: 0.9585, VaLoss:  0.16240
 MAP NN | TrAcc: 0.9856 | VaAcc: 0.9653 | TeAcc: 0.9722
 S NN | TrAcc: 0.9811 | VaAcc: 0.9575 | TeAcc: 0.9673

144,  0 | TrAcc: 0.9856, TrLoss:  0.04498, VaAcc: 0.9590, VaLoss:  0.16831
 MAP NN | TrAcc: 0.9874 | VaAcc: 0.9580 | TeAcc: 0.9741
 S NN | TrAcc: 0.9766 | VaAcc: 0.9478 | TeAcc: 0.9668

145,  0 | TrAcc: 0.9851, TrLoss:  0.05033, VaAcc: 0.9614, VaLoss:  0.15069
 MAP NN | TrAcc: 0.9857 | VaAcc: 0.9639 | TeAcc: 0.9751
 S NN | TrAcc: 0.9747 | VaAcc: 0.9546 | TeAcc: 0.9658

146,  0 | TrAcc: 0.9850, TrLoss:  0.05276, VaAcc: 0.9629, VaLoss:  0.15538
 MAP NN | TrAcc: 0.9849 | VaAcc: 0.9614 | TeAcc: 0.9731
 S NN | TrAcc: 0.9796 | VaAcc: 0.9561 | TeAcc: 0.9717

147,  0 | TrAcc: 0.9845, TrLoss:  0.04993, VaAcc: 0.9565, VaLoss:  0.17314
 MAP NN | TrAcc: 0.9807 | VaAcc: 0.9565 | TeAcc: 0.9692
 S NN | TrAcc: 0.9751 | VaAcc: 0.9453 | TeAcc: 0.9663

148,  0 | TrAcc: 0.9844, TrLoss:  0.04999, VaAcc: 0.9653, VaLoss:  0.15355
 MAP NN | TrAcc: 0.9866 | VaAcc: 0.9639 | TeAcc: 0.9736
 S NN | TrAcc: 0.9774 | VaAcc: 0.9502 | TeAcc: 0.9697

149,  0 | TrAcc: 0.9849, TrLoss:  0.05145, VaAcc: 0.9614, VaLoss:  0.15399
 MAP NN | TrAcc: 0.9856 | VaAcc: 0.9629 | TeAcc: 0.9717
 S NN | TrAcc: 0.9686 | VaAcc: 0.9541 | TeAcc: 0.9658

150,  0 | TrAcc: 0.9865, TrLoss:  0.04445, VaAcc: 0.9585, VaLoss:  0.16049
 MAP NN | TrAcc: 0.9882 | VaAcc: 0.9600 | TeAcc: 0.9717
 S NN | TrAcc: 0.9806 | VaAcc: 0.9507 | TeAcc: 0.9697

151,  0 | TrAcc: 0.9889, TrLoss:  0.04165, VaAcc: 0.9644, VaLoss:  0.16355
 MAP NN | TrAcc: 0.9879 | VaAcc: 0.9644 | TeAcc: 0.9731
 S NN | TrAcc: 0.9808 | VaAcc: 0.9551 | TeAcc: 0.9683

152,  0 | TrAcc: 0.9873, TrLoss:  0.04389, VaAcc: 0.9609, VaLoss:  0.17702
 MAP NN | TrAcc: 0.9845 | VaAcc: 0.9590 | TeAcc: 0.9712
 S NN | TrAcc: 0.9805 | VaAcc: 0.9570 | TeAcc: 0.9658

153,  0 | TrAcc: 0.9856, TrLoss:  0.04810, VaAcc: 0.9561, VaLoss:  0.18213
 MAP NN | TrAcc: 0.9849 | VaAcc: 0.9624 | TeAcc: 0.9707
 S NN | TrAcc: 0.9789 | VaAcc: 0.9478 | TeAcc: 0.9668

154,  0 | TrAcc: 0.9869, TrLoss:  0.04805, VaAcc: 0.9644, VaLoss:  0.14928
 MAP NN | TrAcc: 0.9832 | VaAcc: 0.9590 | TeAcc: 0.9688
 S NN | TrAcc: 0.9788 | VaAcc: 0.9551 | TeAcc: 0.9648

155,  0 | TrAcc: 0.9830, TrLoss:  0.05346, VaAcc: 0.9570, VaLoss:  0.16879
 MAP NN | TrAcc: 0.9854 | VaAcc: 0.9585 | TeAcc: 0.9683
 S NN | TrAcc: 0.9783 | VaAcc: 0.9536 | TeAcc: 0.9673

156,  0 | TrAcc: 0.9896, TrLoss:  0.03684, VaAcc: 0.9644, VaLoss:  0.15154
 MAP NN | TrAcc: 0.9874 | VaAcc: 0.9639 | TeAcc: 0.9731
 S NN | TrAcc: 0.9822 | VaAcc: 0.9604 | TeAcc: 0.9673

157,  0 | TrAcc: 0.9904, TrLoss:  0.03854, VaAcc: 0.9648, VaLoss:  0.15983
 MAP NN | TrAcc: 0.9880 | VaAcc: 0.9634 | TeAcc: 0.9727
 S NN | TrAcc: 0.9830 | VaAcc: 0.9531 | TeAcc: 0.9673

158,  0 | TrAcc: 0.9877, TrLoss:  0.04074, VaAcc: 0.9624, VaLoss:  0.14477
 MAP NN | TrAcc: 0.9857 | VaAcc: 0.9590 | TeAcc: 0.9727
 S NN | TrAcc: 0.9825 | VaAcc: 0.9502 | TeAcc: 0.9702

159,  0 | TrAcc: 0.9897, TrLoss:  0.03696, VaAcc: 0.9595, VaLoss:  0.16891
 MAP NN | TrAcc: 0.9888 | VaAcc: 0.9600 | TeAcc: 0.9702
 S NN | TrAcc: 0.9791 | VaAcc: 0.9526 | TeAcc: 0.9634

160,  0 | TrAcc: 0.9902, TrLoss:  0.04019, VaAcc: 0.9634, VaLoss:  0.15648
 MAP NN | TrAcc: 0.9872 | VaAcc: 0.9639 | TeAcc: 0.9712
 S NN | TrAcc: 0.9855 | VaAcc: 0.9531 | TeAcc: 0.9678

161,  0 | TrAcc: 0.9893, TrLoss:  0.03817, VaAcc: 0.9614, VaLoss:  0.16348
 MAP NN | TrAcc: 0.9902 | VaAcc: 0.9600 | TeAcc: 0.9688
 S NN | TrAcc: 0.9805 | VaAcc: 0.9565 | TeAcc: 0.9673

162,  0 | TrAcc: 0.9894, TrLoss:  0.03760, VaAcc: 0.9614, VaLoss:  0.16467
 MAP NN | TrAcc: 0.9899 | VaAcc: 0.9609 | TeAcc: 0.9727
 S NN | TrAcc: 0.9852 | VaAcc: 0.9580 | TeAcc: 0.9712

163,  0 | TrAcc: 0.9878, TrLoss:  0.03774, VaAcc: 0.9580, VaLoss:  0.17454
 MAP NN | TrAcc: 0.9877 | VaAcc: 0.9624 | TeAcc: 0.9697
 S NN | TrAcc: 0.9789 | VaAcc: 0.9536 | TeAcc: 0.9683

164,  0 | TrAcc: 0.9891, TrLoss:  0.03942, VaAcc: 0.9624, VaLoss:  0.16226
 MAP NN | TrAcc: 0.9880 | VaAcc: 0.9619 | TeAcc: 0.9673
 S NN | TrAcc: 0.9814 | VaAcc: 0.9546 | TeAcc: 0.9648

165,  0 | TrAcc: 0.9883, TrLoss:  0.04021, VaAcc: 0.9629, VaLoss:  0.15938
 MAP NN | TrAcc: 0.9890 | VaAcc: 0.9585 | TeAcc: 0.9707
 S NN | TrAcc: 0.9766 | VaAcc: 0.9629 | TeAcc: 0.9678

166,  0 | TrAcc: 0.9882, TrLoss:  0.03949, VaAcc: 0.9624, VaLoss:  0.16377
 MAP NN | TrAcc: 0.9893 | VaAcc: 0.9609 | TeAcc: 0.9707
 S NN | TrAcc: 0.9818 | VaAcc: 0.9575 | TeAcc: 0.9717

167,  0 | TrAcc: 0.9910, TrLoss:  0.03422, VaAcc: 0.9653, VaLoss:  0.15236
 MAP NN | TrAcc: 0.9894 | VaAcc: 0.9653 | TeAcc: 0.9712
 S NN | TrAcc: 0.9836 | VaAcc: 0.9604 | TeAcc: 0.9663

168,  0 | TrAcc: 0.9906, TrLoss:  0.03523, VaAcc: 0.9639, VaLoss:  0.14761
 MAP NN | TrAcc: 0.9905 | VaAcc: 0.9653 | TeAcc: 0.9727
 S NN | TrAcc: 0.9854 | VaAcc: 0.9609 | TeAcc: 0.9678

169,  0 | TrAcc: 0.9901, TrLoss:  0.03313, VaAcc: 0.9648, VaLoss:  0.14797
 MAP NN | TrAcc: 0.9894 | VaAcc: 0.9644 | TeAcc: 0.9692
 S NN | TrAcc: 0.9847 | VaAcc: 0.9541 | TeAcc: 0.9688

170,  0 | TrAcc: 0.9893, TrLoss:  0.03555, VaAcc: 0.9629, VaLoss:  0.15495
 MAP NN | TrAcc: 0.9889 | VaAcc: 0.9639 | TeAcc: 0.9717
 S NN | TrAcc: 0.9860 | VaAcc: 0.9565 | TeAcc: 0.9663

171,  0 | TrAcc: 0.9891, TrLoss:  0.03421, VaAcc: 0.9634, VaLoss:  0.15247
 MAP NN | TrAcc: 0.9882 | VaAcc: 0.9614 | TeAcc: 0.9727
 S NN | TrAcc: 0.9827 | VaAcc: 0.9600 | TeAcc: 0.9707

172,  0 | TrAcc: 0.9906, TrLoss:  0.03335, VaAcc: 0.9600, VaLoss:  0.14863
 MAP NN | TrAcc: 0.9894 | VaAcc: 0.9639 | TeAcc: 0.9697
 S NN | TrAcc: 0.9841 | VaAcc: 0.9546 | TeAcc: 0.9712

173,  0 | TrAcc: 0.9896, TrLoss:  0.03556, VaAcc: 0.9653, VaLoss:  0.14300
 MAP NN | TrAcc: 0.9878 | VaAcc: 0.9614 | TeAcc: 0.9688
 S NN | TrAcc: 0.9827 | VaAcc: 0.9575 | TeAcc: 0.9653

174,  0 | TrAcc: 0.9907, TrLoss:  0.03367, VaAcc: 0.9619, VaLoss:  0.15526
 MAP NN | TrAcc: 0.9902 | VaAcc: 0.9639 | TeAcc: 0.9692
 S NN | TrAcc: 0.9824 | VaAcc: 0.9541 | TeAcc: 0.9697

175,  0 | TrAcc: 0.9907, TrLoss:  0.03303, VaAcc: 0.9648, VaLoss:  0.16042
 MAP NN | TrAcc: 0.9899 | VaAcc: 0.9609 | TeAcc: 0.9688
 S NN | TrAcc: 0.9850 | VaAcc: 0.9531 | TeAcc: 0.9683

176,  0 | TrAcc: 0.9907, TrLoss:  0.03315, VaAcc: 0.9634, VaLoss:  0.15888
 MAP NN | TrAcc: 0.9912 | VaAcc: 0.9648 | TeAcc: 0.9712
 S NN | TrAcc: 0.9833 | VaAcc: 0.9614 | TeAcc: 0.9702

177,  0 | TrAcc: 0.9893, TrLoss:  0.03679, VaAcc: 0.9658, VaLoss:  0.14472
 MAP NN | TrAcc: 0.9883 | VaAcc: 0.9634 | TeAcc: 0.9702
 S NN | TrAcc: 0.9852 | VaAcc: 0.9517 | TeAcc: 0.9678

178,  0 | TrAcc: 0.9908, TrLoss:  0.03157, VaAcc: 0.9658, VaLoss:  0.14988
 MAP NN | TrAcc: 0.9896 | VaAcc: 0.9595 | TeAcc: 0.9697
 S NN | TrAcc: 0.9834 | VaAcc: 0.9595 | TeAcc: 0.9707

179,  0 | TrAcc: 0.9908, TrLoss:  0.03298, VaAcc: 0.9609, VaLoss:  0.16284
 MAP NN | TrAcc: 0.9885 | VaAcc: 0.9580 | TeAcc: 0.9678
 S NN | TrAcc: 0.9834 | VaAcc: 0.9541 | TeAcc: 0.9712

180,  0 | TrAcc: 0.9900, TrLoss:  0.03693, VaAcc: 0.9644, VaLoss:  0.15138
 MAP NN | TrAcc: 0.9889 | VaAcc: 0.9609 | TeAcc: 0.9688
 S NN | TrAcc: 0.9845 | VaAcc: 0.9561 | TeAcc: 0.9658

181,  0 | TrAcc: 0.9888, TrLoss:  0.03703, VaAcc: 0.9585, VaLoss:  0.16146
 MAP NN | TrAcc: 0.9854 | VaAcc: 0.9634 | TeAcc: 0.9639
 S NN | TrAcc: 0.9799 | VaAcc: 0.9561 | TeAcc: 0.9692

182,  0 | TrAcc: 0.9895, TrLoss:  0.03485, VaAcc: 0.9668, VaLoss:  0.14210
 MAP NN | TrAcc: 0.9896 | VaAcc: 0.9644 | TeAcc: 0.9668
 S NN | TrAcc: 0.9835 | VaAcc: 0.9614 | TeAcc: 0.9678

183,  0 | TrAcc: 0.9879, TrLoss:  0.03944, VaAcc: 0.9536, VaLoss:  0.17638
 MAP NN | TrAcc: 0.9906 | VaAcc: 0.9614 | TeAcc: 0.9707
 S NN | TrAcc: 0.9858 | VaAcc: 0.9541 | TeAcc: 0.9668

184,  0 | TrAcc: 0.9885, TrLoss:  0.03871, VaAcc: 0.9634, VaLoss:  0.16223
 MAP NN | TrAcc: 0.9849 | VaAcc: 0.9575 | TeAcc: 0.9673
 S NN | TrAcc: 0.9777 | VaAcc: 0.9575 | TeAcc: 0.9688

185,  0 | TrAcc: 0.9886, TrLoss:  0.03839, VaAcc: 0.9575, VaLoss:  0.17611
 MAP NN | TrAcc: 0.9908 | VaAcc: 0.9629 | TeAcc: 0.9697
 S NN | TrAcc: 0.9823 | VaAcc: 0.9497 | TeAcc: 0.9692

186,  0 | TrAcc: 0.9904, TrLoss:  0.03479, VaAcc: 0.9624, VaLoss:  0.16097
 MAP NN | TrAcc: 0.9905 | VaAcc: 0.9595 | TeAcc: 0.9692
 S NN | TrAcc: 0.9843 | VaAcc: 0.9604 | TeAcc: 0.9692

187,  0 | TrAcc: 0.9902, TrLoss:  0.03382, VaAcc: 0.9658, VaLoss:  0.15934
 MAP NN | TrAcc: 0.9867 | VaAcc: 0.9575 | TeAcc: 0.9697
 S NN | TrAcc: 0.9855 | VaAcc: 0.9609 | TeAcc: 0.9678

188,  0 | TrAcc: 0.9910, TrLoss:  0.03023, VaAcc: 0.9663, VaLoss:  0.14745
 MAP NN | TrAcc: 0.9897 | VaAcc: 0.9585 | TeAcc: 0.9722
 S NN | TrAcc: 0.9865 | VaAcc: 0.9536 | TeAcc: 0.9712

189,  0 | TrAcc: 0.9899, TrLoss:  0.03544, VaAcc: 0.9590, VaLoss:  0.17047
 MAP NN | TrAcc: 0.9912 | VaAcc: 0.9570 | TeAcc: 0.9692
 S NN | TrAcc: 0.9825 | VaAcc: 0.9580 | TeAcc: 0.9746

190,  0 | TrAcc: 0.9908, TrLoss:  0.03220, VaAcc: 0.9663, VaLoss:  0.15344
 MAP NN | TrAcc: 0.9885 | VaAcc: 0.9619 | TeAcc: 0.9697
 S NN | TrAcc: 0.9860 | VaAcc: 0.9590 | TeAcc: 0.9673

191,  0 | TrAcc: 0.9924, TrLoss:  0.02747, VaAcc: 0.9658, VaLoss:  0.14610
 MAP NN | TrAcc: 0.9886 | VaAcc: 0.9590 | TeAcc: 0.9668
 S NN | TrAcc: 0.9847 | VaAcc: 0.9614 | TeAcc: 0.9692

192,  0 | TrAcc: 0.9915, TrLoss:  0.03020, VaAcc: 0.9658, VaLoss:  0.14249
 MAP NN | TrAcc: 0.9918 | VaAcc: 0.9634 | TeAcc: 0.9717
 S NN | TrAcc: 0.9867 | VaAcc: 0.9541 | TeAcc: 0.9673

193,  0 | TrAcc: 0.9930, TrLoss:  0.02665, VaAcc: 0.9639, VaLoss:  0.15504
 MAP NN | TrAcc: 0.9901 | VaAcc: 0.9614 | TeAcc: 0.9683
 S NN | TrAcc: 0.9890 | VaAcc: 0.9590 | TeAcc: 0.9697

194,  0 | TrAcc: 0.9929, TrLoss:  0.02907, VaAcc: 0.9663, VaLoss:  0.14552
 MAP NN | TrAcc: 0.9906 | VaAcc: 0.9624 | TeAcc: 0.9702
 S NN | TrAcc: 0.9857 | VaAcc: 0.9604 | TeAcc: 0.9697

195,  0 | TrAcc: 0.9927, TrLoss:  0.02832, VaAcc: 0.9590, VaLoss:  0.16893
 MAP NN | TrAcc: 0.9919 | VaAcc: 0.9565 | TeAcc: 0.9707
 S NN | TrAcc: 0.9865 | VaAcc: 0.9609 | TeAcc: 0.9707

196,  0 | TrAcc: 0.9933, TrLoss:  0.02762, VaAcc: 0.9614, VaLoss:  0.16069
 MAP NN | TrAcc: 0.9905 | VaAcc: 0.9609 | TeAcc: 0.9702
 S NN | TrAcc: 0.9866 | VaAcc: 0.9570 | TeAcc: 0.9658

197,  0 | TrAcc: 0.9926, TrLoss:  0.02866, VaAcc: 0.9585, VaLoss:  0.16203
 MAP NN | TrAcc: 0.9896 | VaAcc: 0.9590 | TeAcc: 0.9707
 S NN | TrAcc: 0.9840 | VaAcc: 0.9590 | TeAcc: 0.9683

198,  0 | TrAcc: 0.9923, TrLoss:  0.02933, VaAcc: 0.9604, VaLoss:  0.16048
 MAP NN | TrAcc: 0.9904 | VaAcc: 0.9634 | TeAcc: 0.9702
 S NN | TrAcc: 0.9867 | VaAcc: 0.9614 | TeAcc: 0.9673

199,  0 | TrAcc: 0.9921, TrLoss:  0.02825, VaAcc: 0.9609, VaLoss:  0.16764
 MAP NN | TrAcc: 0.9911 | VaAcc: 0.9590 | TeAcc: 0.9688
 S NN | TrAcc: 0.9866 | VaAcc: 0.9585 | TeAcc: 0.9697

Results for va_s
Metric: acc   
 96.29 % in iteration  165
Metric: loss  
Results for va_b
Metric: elogl 
 0.322 in iteration    0
Metric: acc   
 96.68 % in iteration  182
EARLY STOP FOR te_s
 96.78 % in iteration  165
