te
(1450, 4, 45)
tr
(8080, 4, 45)
va
(1730, 4, 45)

=============================
CONFIG FILE
====================================
Training configuration

Learning rate: 0.2, 	Learning rate anneal: inf, 	Tau:  1.0
Algorithm: reparametrization, 	STE: disabled, 	n forward passes: 1
Var reg: 0.0, 	Dir reg: 0.0, 	Ent reg: 0.0
Data multiplier: None
Gradient clipping: False, 	Gradient clip value: 1.0

Layer #0
lstm_1
Layer norm: False, 	LR Adapt: 
Dropout: False, 	p_dropout: 0.95

Layer #1
output_layer
Layer norm: False, 	LR Adapt: 
Dropout: False, 	p_dropout: 0.95

Layer #2
lstm_0
Layer norm: False, 	LR Adapt: 
Dropout: False, 	p_dropout: 0.95
====================================
RNN configuration

Layer #0, 	Type: input_layer, 	Scope: 
Units: 4, 	N activation bins: None

Layer #1, 	Type: lstm layer, 	Scope: lstm_0
Units: 50, 	N activation bins: None
Bias: True, 	N activation bins: 2, 	Discrete activation: False
Type: ternary, 	Parametetrization: logit, 	Priors: [0.3333333333333333, 0.3333333333333333, 0.3333333333333333]
p_init_min: 0.05, 	p_init_max: 0.95
Neg init: ('xavier', None), 	Zer init: ('xavier', None), 	Pos init: ('xavier', None)
Type: gaussian, 	M init: ('xavier', None), 	Log V init: ('xavier', None)
M prior: 0.0, 	 Log V prior: 0.0
None
Bias: True, 	N activation bins: 2, 	Discrete activation: False
Type: ternary, 	Parametetrization: logit, 	Priors: [0.3333333333333333, 0.3333333333333333, 0.3333333333333333]
p_init_min: 0.05, 	p_init_max: 0.95
Neg init: ('xavier', None), 	Zer init: ('xavier', None), 	Pos init: ('xavier', None)
Type: gaussian, 	M init: ('xavier', None), 	Log V init: ('xavier', None)
M prior: 0.0, 	 Log V prior: 0.0
None
Bias: True, 	N activation bins: 2, 	Discrete activation: False
Type: ternary, 	Parametetrization: logit, 	Priors: [0.3333333333333333, 0.3333333333333333, 0.3333333333333333]
p_init_min: 0.05, 	p_init_max: 0.95
Neg init: ('xavier', None), 	Zer init: ('xavier', None), 	Pos init: ('xavier', None)
Type: gaussian, 	M init: -1.5, 	Log V init: ('xavier', None)
M prior: 0.0, 	 Log V prior: 0.0
None

Layer #2, 	Type: lstm layer, 	Scope: lstm_1
Units: 30, 	N activation bins: None
Bias: True, 	N activation bins: 2, 	Discrete activation: False
Type: ternary, 	Parametetrization: logit, 	Priors: [0.3333333333333333, 0.3333333333333333, 0.3333333333333333]
p_init_min: 0.05, 	p_init_max: 0.95
Neg init: ('xavier', None), 	Zer init: ('xavier', None), 	Pos init: ('xavier', None)
Type: gaussian, 	M init: ('xavier', None), 	Log V init: ('xavier', None)
M prior: 0.0, 	 Log V prior: 0.0
None
Bias: True, 	N activation bins: 2, 	Discrete activation: False
Type: ternary, 	Parametetrization: logit, 	Priors: [0.3333333333333333, 0.3333333333333333, 0.3333333333333333]
p_init_min: 0.05, 	p_init_max: 0.95
Neg init: ('xavier', None), 	Zer init: ('xavier', None), 	Pos init: ('xavier', None)
Type: gaussian, 	M init: ('xavier', None), 	Log V init: ('xavier', None)
M prior: 0.0, 	 Log V prior: 0.0
None
Bias: True, 	N activation bins: 2, 	Discrete activation: False
Type: ternary, 	Parametetrization: logit, 	Priors: [0.3333333333333333, 0.3333333333333333, 0.3333333333333333]
p_init_min: 0.05, 	p_init_max: 0.95
Neg init: ('xavier', None), 	Zer init: ('xavier', None), 	Pos init: ('xavier', None)
Type: gaussian, 	M init: -1.5, 	Log V init: ('xavier', None)
M prior: 0.0, 	 Log V prior: 0.0
None

Layer #3, 	Type: ff layer, 	Scope: output_layer
Units: 10, 	N activation bins: None
====================================
Dataset configuration

Filename: /clusterFS/home/student/kopp13/datasets/mnist_pen_strokes/mps_all_te.mat
Key: te, 	In seq len: 45
Minibatch:  True, 	Size: 1024
Target bias removed: True, 	Shuffle: False

Filename: /clusterFS/home/student/kopp13/datasets/mnist_pen_strokes/mps_all_tr.mat
Key: tr, 	In seq len: 45
Minibatch:  True, 	Size: 1024
Target bias removed: True, 	Shuffle: True

Filename: /clusterFS/home/student/kopp13/datasets/mnist_pen_strokes/mps_all_va.mat
Key: va, 	In seq len: 45
Minibatch:  True, 	Size: 1024
Target bias removed: True, 	Shuffle: False
====================================
Info configuration

Filename:  test
Timer: False, 	Profiling: False, 	Profiling path: None
Save training metrics: True, 	Path: ../nr_spsc/
Save weights: False, 	Every: 1, 	Save best weights: False
Compute T Metrics every: 1

Load model from m_model3, 	 Force it: True
No model saving

starting
[('lstm_0/bc:0', 'lstm_0/bc'), ('lstm_0/bi:0', 'lstm_0/bi'), ('lstm_0/bo:0', 'lstm_0/bo'), ('lstm_0/wc:0', 'lstm_0/wc'), ('lstm_0/wi:0', 'lstm_0/wi'), ('lstm_0/wo:0', 'lstm_0/wo'), ('lstm_1/bc:0', 'lstm_1/bc'), ('lstm_1/bi:0', 'lstm_1/bi'), ('lstm_1/bo:0', 'lstm_1/bo'), ('lstm_1/wc:0', 'lstm_1/wc'), ('lstm_1/wi:0', 'lstm_1/wi'), ('lstm_1/wo:0', 'lstm_1/wo'), ('output_layer/b:0', 'output_layer/b'), ('output_layer/w:0', 'output_layer/w')]
output_layer/w
output_layer/b
=====
New variable
lstm_0/bc:0
lstm_0/bc
=====
New variable
lstm_0/bi:0
lstm_0/bi
=====
New variable
lstm_0/bo:0
lstm_0/bo
=====
New variable
lstm_0/wc:0
lstm_0/wc
=====
New variable
lstm_0/wi:0
lstm_0/wi
=====
New variable
lstm_0/wo:0
lstm_0/wo
=====
New variable
lstm_1/bc:0
lstm_1/bc
=====
New variable
lstm_1/bi:0
lstm_1/bi
=====
New variable
lstm_1/bo:0
lstm_1/bo
=====
New variable
lstm_1/wc:0
lstm_1/wc
=====
New variable
lstm_1/wi:0
lstm_1/wi
=====
New variable
lstm_1/wo:0
lstm_1/wo
=====
New variable
output_layer/b:0
output_layer/b
=====
New variable
output_layer/w:0
output_layer/w
=====
loaded
  0,  0 | TrAcc: 0.1160, TrLoss:  3.49460, VaAcc: 0.1587, VaLoss:  3.62802
 MAP NN | TrAcc: 0.0931 | VaAcc: 0.0835 | TeAcc: 0.0654
 S NN | TrAcc: 0.1183 | VaAcc: 0.1553 | TeAcc: 0.3662

  1,  0 | TrAcc: 0.1011, TrLoss:  3.01142, VaAcc: 0.1475, VaLoss:  3.15907
 MAP NN | TrAcc: 0.0400 | VaAcc: 0.0371 | TeAcc: 0.0312
 S NN | TrAcc: 0.1190 | VaAcc: 0.0918 | TeAcc: 0.0718

  2,  0 | TrAcc: 0.1086, TrLoss:  2.54471, VaAcc: 0.1152, VaLoss:  2.38149
 MAP NN | TrAcc: 0.0842 | VaAcc: 0.0693 | TeAcc: 0.0547
 S NN | TrAcc: 0.1050 | VaAcc: 0.1182 | TeAcc: 0.0698

  3,  0 | TrAcc: 0.1014, TrLoss:  2.42061, VaAcc: 0.0986, VaLoss:  2.48197
 MAP NN | TrAcc: 0.1614 | VaAcc: 0.1411 | TeAcc: 0.1147
 S NN | TrAcc: 0.0975 | VaAcc: 0.0903 | TeAcc: 0.0762

  4,  0 | TrAcc: 0.1111, TrLoss:  2.37330, VaAcc: 0.2412, VaLoss:  2.09031
 MAP NN | TrAcc: 0.1884 | VaAcc: 0.3149 | TeAcc: 0.1338
 S NN | TrAcc: 0.1006 | VaAcc: 0.0596 | TeAcc: 0.0708

  5,  0 | TrAcc: 0.1222, TrLoss:  2.30875, VaAcc: 0.1211, VaLoss:  2.24574
 MAP NN | TrAcc: 0.1453 | VaAcc: 0.2764 | TeAcc: 0.3926
 S NN | TrAcc: 0.0977 | VaAcc: 0.0898 | TeAcc: 0.3979

  6,  0 | TrAcc: 0.1705, TrLoss:  2.21248, VaAcc: 0.3267, VaLoss:  2.11377
 MAP NN | TrAcc: 0.1906 | VaAcc: 0.3135 | TeAcc: 0.4268
 S NN | TrAcc: 0.1703 | VaAcc: 0.0854 | TeAcc: 0.1045

  7,  0 | TrAcc: 0.1710, TrLoss:  2.20309, VaAcc: 0.3032, VaLoss:  2.21306
 MAP NN | TrAcc: 0.2102 | VaAcc: 0.3281 | TeAcc: 0.1514
 S NN | TrAcc: 0.2065 | VaAcc: 0.1665 | TeAcc: 0.1724

  8,  0 | TrAcc: 0.2041, TrLoss:  2.13651, VaAcc: 0.1772, VaLoss:  2.23405
 MAP NN | TrAcc: 0.1797 | VaAcc: 0.1621 | TeAcc: 0.1299
 S NN | TrAcc: 0.2521 | VaAcc: 0.1279 | TeAcc: 0.1235

  9,  0 | TrAcc: 0.1927, TrLoss:  2.08322, VaAcc: 0.3335, VaLoss:  1.99011
 MAP NN | TrAcc: 0.2245 | VaAcc: 0.1968 | TeAcc: 0.1562
 S NN | TrAcc: 0.1528 | VaAcc: 0.1704 | TeAcc: 0.1958

 10,  0 | TrAcc: 0.2524, TrLoss:  2.03567, VaAcc: 0.2441, VaLoss:  1.95272
 MAP NN | TrAcc: 0.2970 | VaAcc: 0.4067 | TeAcc: 0.5122
 S NN | TrAcc: 0.2325 | VaAcc: 0.1758 | TeAcc: 0.1606

 11,  0 | TrAcc: 0.2386, TrLoss:  1.99112, VaAcc: 0.2314, VaLoss:  1.98515
 MAP NN | TrAcc: 0.2583 | VaAcc: 0.2158 | TeAcc: 0.1880
 S NN | TrAcc: 0.1881 | VaAcc: 0.1216 | TeAcc: 0.1689

 12,  0 | TrAcc: 0.2408, TrLoss:  1.96823, VaAcc: 0.1313, VaLoss:  1.98614
 MAP NN | TrAcc: 0.2908 | VaAcc: 0.2368 | TeAcc: 0.2065
 S NN | TrAcc: 0.1654 | VaAcc: 0.1851 | TeAcc: 0.1802

 13,  0 | TrAcc: 0.2843, TrLoss:  1.94919, VaAcc: 0.2095, VaLoss:  1.80252
 MAP NN | TrAcc: 0.2228 | VaAcc: 0.1880 | TeAcc: 0.1699
 S NN | TrAcc: 0.2794 | VaAcc: 0.4224 | TeAcc: 0.1670

 14,  0 | TrAcc: 0.2615, TrLoss:  1.95753, VaAcc: 0.3350, VaLoss:  1.77154
 MAP NN | TrAcc: 0.3025 | VaAcc: 0.4082 | TeAcc: 0.2319
 S NN | TrAcc: 0.2241 | VaAcc: 0.3960 | TeAcc: 0.1987

 15,  0 | TrAcc: 0.2338, TrLoss:  1.97400, VaAcc: 0.4126, VaLoss:  1.90045
 MAP NN | TrAcc: 0.2415 | VaAcc: 0.3564 | TeAcc: 0.1841
 S NN | TrAcc: 0.2170 | VaAcc: 0.2480 | TeAcc: 0.1704

 16,  0 | TrAcc: 0.3081, TrLoss:  1.86735, VaAcc: 0.2993, VaLoss:  1.81329
 MAP NN | TrAcc: 0.3174 | VaAcc: 0.4185 | TeAcc: 0.2476
 S NN | TrAcc: 0.2731 | VaAcc: 0.3594 | TeAcc: 0.2959

 17,  0 | TrAcc: 0.3445, TrLoss:  1.82624, VaAcc: 0.3643, VaLoss:  1.76441
 MAP NN | TrAcc: 0.3423 | VaAcc: 0.4487 | TeAcc: 0.2505
 S NN | TrAcc: 0.3052 | VaAcc: 0.2017 | TeAcc: 0.2749

 18,  0 | TrAcc: 0.2812, TrLoss:  1.84496, VaAcc: 0.3872, VaLoss:  1.76254
 MAP NN | TrAcc: 0.3318 | VaAcc: 0.2729 | TeAcc: 0.2397
 S NN | TrAcc: 0.2852 | VaAcc: 0.2407 | TeAcc: 0.1743

 19,  0 | TrAcc: 0.3508, TrLoss:  1.76182, VaAcc: 0.4888, VaLoss:  1.64526
 MAP NN | TrAcc: 0.3397 | VaAcc: 0.4424 | TeAcc: 0.2583
 S NN | TrAcc: 0.2676 | VaAcc: 0.4678 | TeAcc: 0.2529

 20,  0 | TrAcc: 0.3838, TrLoss:  1.76118, VaAcc: 0.3311, VaLoss:  1.68333
 MAP NN | TrAcc: 0.3898 | VaAcc: 0.3228 | TeAcc: 0.2861
 S NN | TrAcc: 0.3369 | VaAcc: 0.4478 | TeAcc: 0.2495

 21,  0 | TrAcc: 0.4008, TrLoss:  1.71106, VaAcc: 0.3169, VaLoss:  1.68930
 MAP NN | TrAcc: 0.3920 | VaAcc: 0.4795 | TeAcc: 0.2808
 S NN | TrAcc: 0.2740 | VaAcc: 0.2383 | TeAcc: 0.2349

 22,  0 | TrAcc: 0.3856, TrLoss:  1.65383, VaAcc: 0.2969, VaLoss:  1.69986
 MAP NN | TrAcc: 0.4248 | VaAcc: 0.3545 | TeAcc: 0.3218
 S NN | TrAcc: 0.3922 | VaAcc: 0.2178 | TeAcc: 0.6250

 23,  0 | TrAcc: 0.4011, TrLoss:  1.62796, VaAcc: 0.5244, VaLoss:  1.40811
 MAP NN | TrAcc: 0.4572 | VaAcc: 0.5493 | TeAcc: 0.3281
 S NN | TrAcc: 0.2379 | VaAcc: 0.5073 | TeAcc: 0.2822

 24,  0 | TrAcc: 0.5095, TrLoss:  1.52248, VaAcc: 0.5659, VaLoss:  1.39875
 MAP NN | TrAcc: 0.5153 | VaAcc: 0.5825 | TeAcc: 0.3789
 S NN | TrAcc: 0.4342 | VaAcc: 0.2764 | TeAcc: 0.3501

 25,  0 | TrAcc: 0.4773, TrLoss:  1.51939, VaAcc: 0.4170, VaLoss:  1.50175
 MAP NN | TrAcc: 0.5095 | VaAcc: 0.5825 | TeAcc: 0.3647
 S NN | TrAcc: 0.4115 | VaAcc: 0.5000 | TeAcc: 0.3022

 26,  0 | TrAcc: 0.4844, TrLoss:  1.49770, VaAcc: 0.3330, VaLoss:  1.53724
 MAP NN | TrAcc: 0.4980 | VaAcc: 0.5781 | TeAcc: 0.3589
 S NN | TrAcc: 0.3234 | VaAcc: 0.4512 | TeAcc: 0.3154

 27,  0 | TrAcc: 0.4899, TrLoss:  1.46767, VaAcc: 0.4883, VaLoss:  1.39010
 MAP NN | TrAcc: 0.4337 | VaAcc: 0.5210 | TeAcc: 0.6162
 S NN | TrAcc: 0.4257 | VaAcc: 0.5469 | TeAcc: 0.5723

 28,  0 | TrAcc: 0.5267, TrLoss:  1.39225, VaAcc: 0.5854, VaLoss:  1.41626
 MAP NN | TrAcc: 0.5745 | VaAcc: 0.4927 | TeAcc: 0.7212
 S NN | TrAcc: 0.5309 | VaAcc: 0.5562 | TeAcc: 0.3560

 29,  0 | TrAcc: 0.5697, TrLoss:  1.30861, VaAcc: 0.6084, VaLoss:  1.20205
 MAP NN | TrAcc: 0.5839 | VaAcc: 0.4990 | TeAcc: 0.4326
 S NN | TrAcc: 0.5153 | VaAcc: 0.4180 | TeAcc: 0.6753

 30,  0 | TrAcc: 0.5607, TrLoss:  1.28787, VaAcc: 0.6416, VaLoss:  1.19559
 MAP NN | TrAcc: 0.5656 | VaAcc: 0.6299 | TeAcc: 0.6963
 S NN | TrAcc: 0.4993 | VaAcc: 0.6108 | TeAcc: 0.3765

 31,  0 | TrAcc: 0.5436, TrLoss:  1.31242, VaAcc: 0.6235, VaLoss:  1.25058
 MAP NN | TrAcc: 0.5708 | VaAcc: 0.6455 | TeAcc: 0.7036
 S NN | TrAcc: 0.4922 | VaAcc: 0.6147 | TeAcc: 0.3667

 32,  0 | TrAcc: 0.5876, TrLoss:  1.29366, VaAcc: 0.6260, VaLoss:  1.15141
 MAP NN | TrAcc: 0.5929 | VaAcc: 0.6616 | TeAcc: 0.7241
 S NN | TrAcc: 0.5375 | VaAcc: 0.5898 | TeAcc: 0.2183

 33,  0 | TrAcc: 0.6097, TrLoss:  1.19508, VaAcc: 0.6602, VaLoss:  1.06268
 MAP NN | TrAcc: 0.5677 | VaAcc: 0.6406 | TeAcc: 0.7061
 S NN | TrAcc: 0.5243 | VaAcc: 0.6343 | TeAcc: 0.3926

 34,  0 | TrAcc: 0.6384, TrLoss:  1.15206, VaAcc: 0.7129, VaLoss:  0.98133
 MAP NN | TrAcc: 0.5966 | VaAcc: 0.6772 | TeAcc: 0.7295
 S NN | TrAcc: 0.5739 | VaAcc: 0.7119 | TeAcc: 0.7017

 35,  0 | TrAcc: 0.6484, TrLoss:  1.10311, VaAcc: 0.7314, VaLoss:  0.95758
 MAP NN | TrAcc: 0.6357 | VaAcc: 0.6978 | TeAcc: 0.7622
 S NN | TrAcc: 0.6289 | VaAcc: 0.7046 | TeAcc: 0.7461

 36,  0 | TrAcc: 0.6729, TrLoss:  1.03873, VaAcc: 0.7354, VaLoss:  0.92131
 MAP NN | TrAcc: 0.6825 | VaAcc: 0.7363 | TeAcc: 0.7979
 S NN | TrAcc: 0.6274 | VaAcc: 0.6494 | TeAcc: 0.7803

 37,  0 | TrAcc: 0.6815, TrLoss:  1.01893, VaAcc: 0.7246, VaLoss:  0.88351
 MAP NN | TrAcc: 0.6794 | VaAcc: 0.7300 | TeAcc: 0.7842
 S NN | TrAcc: 0.6700 | VaAcc: 0.6904 | TeAcc: 0.7544

 38,  0 | TrAcc: 0.6913, TrLoss:  0.98657, VaAcc: 0.7495, VaLoss:  0.86655
 MAP NN | TrAcc: 0.6736 | VaAcc: 0.7153 | TeAcc: 0.7886
 S NN | TrAcc: 0.7085 | VaAcc: 0.7119 | TeAcc: 0.7388

 39,  0 | TrAcc: 0.6937, TrLoss:  0.99100, VaAcc: 0.7896, VaLoss:  0.79957
 MAP NN | TrAcc: 0.7307 | VaAcc: 0.7754 | TeAcc: 0.8267
 S NN | TrAcc: 0.6776 | VaAcc: 0.7573 | TeAcc: 0.8086

 40,  0 | TrAcc: 0.6978, TrLoss:  0.95645, VaAcc: 0.7856, VaLoss:  0.82481
 MAP NN | TrAcc: 0.7098 | VaAcc: 0.7573 | TeAcc: 0.8052
 S NN | TrAcc: 0.7274 | VaAcc: 0.7612 | TeAcc: 0.7871

 41,  0 | TrAcc: 0.7333, TrLoss:  0.87829, VaAcc: 0.7974, VaLoss:  0.74476
 MAP NN | TrAcc: 0.7068 | VaAcc: 0.7627 | TeAcc: 0.8105
 S NN | TrAcc: 0.6880 | VaAcc: 0.6533 | TeAcc: 0.8403

 42,  0 | TrAcc: 0.7322, TrLoss:  0.85439, VaAcc: 0.8115, VaLoss:  0.70210
 MAP NN | TrAcc: 0.7594 | VaAcc: 0.8091 | TeAcc: 0.8594
 S NN | TrAcc: 0.7568 | VaAcc: 0.7651 | TeAcc: 0.8086

 43,  0 | TrAcc: 0.7522, TrLoss:  0.81141, VaAcc: 0.8145, VaLoss:  0.69975
 MAP NN | TrAcc: 0.7638 | VaAcc: 0.8018 | TeAcc: 0.8545
 S NN | TrAcc: 0.7367 | VaAcc: 0.7451 | TeAcc: 0.7822

 44,  0 | TrAcc: 0.7789, TrLoss:  0.76840, VaAcc: 0.8232, VaLoss:  0.67404
 MAP NN | TrAcc: 0.7783 | VaAcc: 0.8164 | TeAcc: 0.8560
 S NN | TrAcc: 0.7244 | VaAcc: 0.7725 | TeAcc: 0.7974

 45,  0 | TrAcc: 0.7438, TrLoss:  0.81074, VaAcc: 0.7510, VaLoss:  0.77343
 MAP NN | TrAcc: 0.7719 | VaAcc: 0.8110 | TeAcc: 0.8599
 S NN | TrAcc: 0.7714 | VaAcc: 0.7583 | TeAcc: 0.7539

 46,  0 | TrAcc: 0.7770, TrLoss:  0.75081, VaAcc: 0.8140, VaLoss:  0.65680
 MAP NN | TrAcc: 0.7688 | VaAcc: 0.8018 | TeAcc: 0.8384
 S NN | TrAcc: 0.7755 | VaAcc: 0.7715 | TeAcc: 0.8354

 47,  0 | TrAcc: 0.7686, TrLoss:  0.73942, VaAcc: 0.8281, VaLoss:  0.63997
 MAP NN | TrAcc: 0.7548 | VaAcc: 0.7949 | TeAcc: 0.8281
 S NN | TrAcc: 0.7399 | VaAcc: 0.7822 | TeAcc: 0.8022

 48,  0 | TrAcc: 0.7777, TrLoss:  0.71782, VaAcc: 0.8164, VaLoss:  0.63513
 MAP NN | TrAcc: 0.7686 | VaAcc: 0.8125 | TeAcc: 0.8354
 S NN | TrAcc: 0.7369 | VaAcc: 0.7939 | TeAcc: 0.8555

 49,  0 | TrAcc: 0.7968, TrLoss:  0.68009, VaAcc: 0.8325, VaLoss:  0.62271
 MAP NN | TrAcc: 0.8077 | VaAcc: 0.8481 | TeAcc: 0.8770
 S NN | TrAcc: 0.7793 | VaAcc: 0.8271 | TeAcc: 0.8291

 50,  0 | TrAcc: 0.8107, TrLoss:  0.64661, VaAcc: 0.8496, VaLoss:  0.58357
 MAP NN | TrAcc: 0.8083 | VaAcc: 0.8452 | TeAcc: 0.8691
 S NN | TrAcc: 0.8085 | VaAcc: 0.8369 | TeAcc: 0.8364

 51,  0 | TrAcc: 0.8147, TrLoss:  0.63465, VaAcc: 0.8521, VaLoss:  0.56880
 MAP NN | TrAcc: 0.8141 | VaAcc: 0.8540 | TeAcc: 0.8779
 S NN | TrAcc: 0.8064 | VaAcc: 0.8188 | TeAcc: 0.8638

 52,  0 | TrAcc: 0.8173, TrLoss:  0.63345, VaAcc: 0.8398, VaLoss:  0.62255
 MAP NN | TrAcc: 0.8271 | VaAcc: 0.8501 | TeAcc: 0.8755
 S NN | TrAcc: 0.8147 | VaAcc: 0.8379 | TeAcc: 0.8613

 53,  0 | TrAcc: 0.8223, TrLoss:  0.60820, VaAcc: 0.8442, VaLoss:  0.57962
 MAP NN | TrAcc: 0.8280 | VaAcc: 0.8579 | TeAcc: 0.8843
 S NN | TrAcc: 0.8110 | VaAcc: 0.8296 | TeAcc: 0.8340

 54,  0 | TrAcc: 0.8062, TrLoss:  0.65398, VaAcc: 0.8174, VaLoss:  0.61579
 MAP NN | TrAcc: 0.8197 | VaAcc: 0.8467 | TeAcc: 0.8799
 S NN | TrAcc: 0.8065 | VaAcc: 0.8501 | TeAcc: 0.8608

 55,  0 | TrAcc: 0.8348, TrLoss:  0.58402, VaAcc: 0.8701, VaLoss:  0.52087
 MAP NN | TrAcc: 0.8260 | VaAcc: 0.8521 | TeAcc: 0.8784
 S NN | TrAcc: 0.7771 | VaAcc: 0.6377 | TeAcc: 0.8516

 56,  0 | TrAcc: 0.8179, TrLoss:  0.61914, VaAcc: 0.8452, VaLoss:  0.60409
 MAP NN | TrAcc: 0.8110 | VaAcc: 0.8389 | TeAcc: 0.8618
 S NN | TrAcc: 0.7659 | VaAcc: 0.8394 | TeAcc: 0.8252

 57,  0 | TrAcc: 0.8115, TrLoss:  0.63077, VaAcc: 0.8271, VaLoss:  0.57335
 MAP NN | TrAcc: 0.7988 | VaAcc: 0.8291 | TeAcc: 0.8677
 S NN | TrAcc: 0.7992 | VaAcc: 0.8330 | TeAcc: 0.8516

 58,  0 | TrAcc: 0.8280, TrLoss:  0.58354, VaAcc: 0.8403, VaLoss:  0.55988
 MAP NN | TrAcc: 0.8263 | VaAcc: 0.8467 | TeAcc: 0.8848
 S NN | TrAcc: 0.8182 | VaAcc: 0.7622 | TeAcc: 0.8862

 59,  0 | TrAcc: 0.8263, TrLoss:  0.57602, VaAcc: 0.8481, VaLoss:  0.51819
 MAP NN | TrAcc: 0.8300 | VaAcc: 0.8569 | TeAcc: 0.8853
 S NN | TrAcc: 0.8304 | VaAcc: 0.8325 | TeAcc: 0.8794

 60,  0 | TrAcc: 0.8427, TrLoss:  0.52712, VaAcc: 0.8701, VaLoss:  0.50460
 MAP NN | TrAcc: 0.8411 | VaAcc: 0.8594 | TeAcc: 0.8862
 S NN | TrAcc: 0.8287 | VaAcc: 0.8511 | TeAcc: 0.8926

 61,  0 | TrAcc: 0.8403, TrLoss:  0.53219, VaAcc: 0.8696, VaLoss:  0.50270
 MAP NN | TrAcc: 0.8511 | VaAcc: 0.8687 | TeAcc: 0.8950
 S NN | TrAcc: 0.8354 | VaAcc: 0.8618 | TeAcc: 0.8843

 62,  0 | TrAcc: 0.8400, TrLoss:  0.53003, VaAcc: 0.8726, VaLoss:  0.47538
 MAP NN | TrAcc: 0.8394 | VaAcc: 0.8633 | TeAcc: 0.8862
 S NN | TrAcc: 0.8241 | VaAcc: 0.8281 | TeAcc: 0.8833

 63,  0 | TrAcc: 0.8295, TrLoss:  0.54114, VaAcc: 0.8618, VaLoss:  0.49371
 MAP NN | TrAcc: 0.8483 | VaAcc: 0.8701 | TeAcc: 0.8960
 S NN | TrAcc: 0.8372 | VaAcc: 0.8247 | TeAcc: 0.8896

 64,  0 | TrAcc: 0.8491, TrLoss:  0.50636, VaAcc: 0.8716, VaLoss:  0.49681
 MAP NN | TrAcc: 0.8512 | VaAcc: 0.8677 | TeAcc: 0.8970
 S NN | TrAcc: 0.8300 | VaAcc: 0.8428 | TeAcc: 0.8857

 65,  0 | TrAcc: 0.8373, TrLoss:  0.52394, VaAcc: 0.8740, VaLoss:  0.47004
 MAP NN | TrAcc: 0.8453 | VaAcc: 0.8662 | TeAcc: 0.8892
 S NN | TrAcc: 0.7827 | VaAcc: 0.8740 | TeAcc: 0.8735

 66,  0 | TrAcc: 0.8586, TrLoss:  0.48271, VaAcc: 0.8696, VaLoss:  0.47367
 MAP NN | TrAcc: 0.8591 | VaAcc: 0.8760 | TeAcc: 0.9087
 S NN | TrAcc: 0.8340 | VaAcc: 0.8696 | TeAcc: 0.8887

 67,  0 | TrAcc: 0.8634, TrLoss:  0.47607, VaAcc: 0.8818, VaLoss:  0.44960
 MAP NN | TrAcc: 0.8663 | VaAcc: 0.8799 | TeAcc: 0.9082
 S NN | TrAcc: 0.8550 | VaAcc: 0.8677 | TeAcc: 0.8955

 68,  0 | TrAcc: 0.8610, TrLoss:  0.47289, VaAcc: 0.8755, VaLoss:  0.45502
 MAP NN | TrAcc: 0.8690 | VaAcc: 0.8828 | TeAcc: 0.9121
 S NN | TrAcc: 0.8284 | VaAcc: 0.8647 | TeAcc: 0.9062

 69,  0 | TrAcc: 0.8625, TrLoss:  0.47720, VaAcc: 0.8838, VaLoss:  0.45337
 MAP NN | TrAcc: 0.8646 | VaAcc: 0.8745 | TeAcc: 0.9033
 S NN | TrAcc: 0.8550 | VaAcc: 0.8672 | TeAcc: 0.8867

 70,  0 | TrAcc: 0.8690, TrLoss:  0.46546, VaAcc: 0.8828, VaLoss:  0.43121
 MAP NN | TrAcc: 0.8580 | VaAcc: 0.8716 | TeAcc: 0.6177
 S NN | TrAcc: 0.8425 | VaAcc: 0.8628 | TeAcc: 0.6025

 71,  0 | TrAcc: 0.8657, TrLoss:  0.46326, VaAcc: 0.8730, VaLoss:  0.44530
 MAP NN | TrAcc: 0.8619 | VaAcc: 0.8755 | TeAcc: 0.8970
 S NN | TrAcc: 0.8016 | VaAcc: 0.8647 | TeAcc: 0.8853

 72,  0 | TrAcc: 0.8574, TrLoss:  0.47505, VaAcc: 0.8657, VaLoss:  0.45758
 MAP NN | TrAcc: 0.8607 | VaAcc: 0.8706 | TeAcc: 0.9053
 S NN | TrAcc: 0.8219 | VaAcc: 0.8579 | TeAcc: 0.8828

 73,  0 | TrAcc: 0.8746, TrLoss:  0.43307, VaAcc: 0.8882, VaLoss:  0.42167
 MAP NN | TrAcc: 0.8801 | VaAcc: 0.8887 | TeAcc: 0.9180
 S NN | TrAcc: 0.8696 | VaAcc: 0.8677 | TeAcc: 0.9048

 74,  0 | TrAcc: 0.8810, TrLoss:  0.41505, VaAcc: 0.8955, VaLoss:  0.39935
 MAP NN | TrAcc: 0.8831 | VaAcc: 0.8950 | TeAcc: 0.9214
 S NN | TrAcc: 0.8696 | VaAcc: 0.8823 | TeAcc: 0.9189

 75,  0 | TrAcc: 0.8727, TrLoss:  0.43640, VaAcc: 0.8750, VaLoss:  0.44983
 MAP NN | TrAcc: 0.8710 | VaAcc: 0.8848 | TeAcc: 0.9131
 S NN | TrAcc: 0.8754 | VaAcc: 0.8823 | TeAcc: 0.9033

 76,  0 | TrAcc: 0.8810, TrLoss:  0.40795, VaAcc: 0.8887, VaLoss:  0.40357
 MAP NN | TrAcc: 0.8771 | VaAcc: 0.8862 | TeAcc: 0.9165
 S NN | TrAcc: 0.8743 | VaAcc: 0.8750 | TeAcc: 0.9170

 77,  0 | TrAcc: 0.8871, TrLoss:  0.39112, VaAcc: 0.8936, VaLoss:  0.40728
 MAP NN | TrAcc: 0.8851 | VaAcc: 0.8931 | TeAcc: 0.9155
 S NN | TrAcc: 0.8694 | VaAcc: 0.8755 | TeAcc: 0.9131

 78,  0 | TrAcc: 0.8925, TrLoss:  0.38824, VaAcc: 0.8921, VaLoss:  0.39127
 MAP NN | TrAcc: 0.8868 | VaAcc: 0.8926 | TeAcc: 0.9199
 S NN | TrAcc: 0.8854 | VaAcc: 0.8896 | TeAcc: 0.9102

 79,  0 | TrAcc: 0.8918, TrLoss:  0.39102, VaAcc: 0.8975, VaLoss:  0.39880
 MAP NN | TrAcc: 0.8888 | VaAcc: 0.8960 | TeAcc: 0.9175
 S NN | TrAcc: 0.8853 | VaAcc: 0.8896 | TeAcc: 0.9165

 80,  0 | TrAcc: 0.8899, TrLoss:  0.39439, VaAcc: 0.8887, VaLoss:  0.40495
 MAP NN | TrAcc: 0.8944 | VaAcc: 0.8940 | TeAcc: 0.9224
 S NN | TrAcc: 0.8871 | VaAcc: 0.8809 | TeAcc: 0.9141

 81,  0 | TrAcc: 0.8906, TrLoss:  0.38284, VaAcc: 0.8799, VaLoss:  0.44406
 MAP NN | TrAcc: 0.8872 | VaAcc: 0.8931 | TeAcc: 0.9102
 S NN | TrAcc: 0.8710 | VaAcc: 0.8877 | TeAcc: 0.9209

 82,  0 | TrAcc: 0.8917, TrLoss:  0.38512, VaAcc: 0.8955, VaLoss:  0.37388
 MAP NN | TrAcc: 0.8903 | VaAcc: 0.8950 | TeAcc: 0.9116
 S NN | TrAcc: 0.8844 | VaAcc: 0.8770 | TeAcc: 0.9160

 83,  0 | TrAcc: 0.8938, TrLoss:  0.37780, VaAcc: 0.8950, VaLoss:  0.40718
 MAP NN | TrAcc: 0.8921 | VaAcc: 0.8950 | TeAcc: 0.9253
 S NN | TrAcc: 0.8795 | VaAcc: 0.8818 | TeAcc: 0.9170

 84,  0 | TrAcc: 0.9053, TrLoss:  0.35541, VaAcc: 0.9004, VaLoss:  0.38064
 MAP NN | TrAcc: 0.8979 | VaAcc: 0.8965 | TeAcc: 0.9238
 S NN | TrAcc: 0.8951 | VaAcc: 0.8936 | TeAcc: 0.9258

 85,  0 | TrAcc: 0.8911, TrLoss:  0.37923, VaAcc: 0.8931, VaLoss:  0.39269
 MAP NN | TrAcc: 0.8915 | VaAcc: 0.8940 | TeAcc: 0.9219
 S NN | TrAcc: 0.8942 | VaAcc: 0.8940 | TeAcc: 0.9248

 86,  0 | TrAcc: 0.9071, TrLoss:  0.34302, VaAcc: 0.9062, VaLoss:  0.35728
 MAP NN | TrAcc: 0.9030 | VaAcc: 0.9009 | TeAcc: 0.9219
 S NN | TrAcc: 0.8988 | VaAcc: 0.9043 | TeAcc: 0.9277

 87,  0 | TrAcc: 0.9086, TrLoss:  0.33636, VaAcc: 0.8931, VaLoss:  0.37453
 MAP NN | TrAcc: 0.9061 | VaAcc: 0.9014 | TeAcc: 0.9282
 S NN | TrAcc: 0.8820 | VaAcc: 0.8965 | TeAcc: 0.9233

 88,  0 | TrAcc: 0.9052, TrLoss:  0.33785, VaAcc: 0.9014, VaLoss:  0.37534
 MAP NN | TrAcc: 0.9022 | VaAcc: 0.8999 | TeAcc: 0.9277
 S NN | TrAcc: 0.8975 | VaAcc: 0.9028 | TeAcc: 0.9238

 89,  0 | TrAcc: 0.9103, TrLoss:  0.32708, VaAcc: 0.9053, VaLoss:  0.33287
 MAP NN | TrAcc: 0.9132 | VaAcc: 0.9043 | TeAcc: 0.9336
 S NN | TrAcc: 0.9066 | VaAcc: 0.9009 | TeAcc: 0.9312

 90,  0 | TrAcc: 0.9080, TrLoss:  0.33372, VaAcc: 0.9087, VaLoss:  0.34548
 MAP NN | TrAcc: 0.9102 | VaAcc: 0.9092 | TeAcc: 0.9263
 S NN | TrAcc: 0.9045 | VaAcc: 0.9038 | TeAcc: 0.9331

 91,  0 | TrAcc: 0.9102, TrLoss:  0.32837, VaAcc: 0.9077, VaLoss:  0.34873
 MAP NN | TrAcc: 0.9106 | VaAcc: 0.9009 | TeAcc: 0.9307
 S NN | TrAcc: 0.9039 | VaAcc: 0.9048 | TeAcc: 0.9336

 92,  0 | TrAcc: 0.9114, TrLoss:  0.32031, VaAcc: 0.9082, VaLoss:  0.34236
 MAP NN | TrAcc: 0.9075 | VaAcc: 0.9009 | TeAcc: 0.9258
 S NN | TrAcc: 0.9065 | VaAcc: 0.9038 | TeAcc: 0.9194

 93,  0 | TrAcc: 0.9081, TrLoss:  0.32897, VaAcc: 0.9102, VaLoss:  0.33595
 MAP NN | TrAcc: 0.9164 | VaAcc: 0.9097 | TeAcc: 0.9385
 S NN | TrAcc: 0.9026 | VaAcc: 0.9004 | TeAcc: 0.9331

 94,  0 | TrAcc: 0.9119, TrLoss:  0.31366, VaAcc: 0.9082, VaLoss:  0.33330
 MAP NN | TrAcc: 0.9119 | VaAcc: 0.9033 | TeAcc: 0.9312
 S NN | TrAcc: 0.9072 | VaAcc: 0.9097 | TeAcc: 0.9336

 95,  0 | TrAcc: 0.9066, TrLoss:  0.32039, VaAcc: 0.8906, VaLoss:  0.35995
 MAP NN | TrAcc: 0.9111 | VaAcc: 0.9023 | TeAcc: 0.9326
 S NN | TrAcc: 0.8965 | VaAcc: 0.9009 | TeAcc: 0.9277

 96,  0 | TrAcc: 0.9117, TrLoss:  0.30602, VaAcc: 0.8945, VaLoss:  0.39550
 MAP NN | TrAcc: 0.9152 | VaAcc: 0.9077 | TeAcc: 0.9331
 S NN | TrAcc: 0.9113 | VaAcc: 0.8994 | TeAcc: 0.9336

 97,  0 | TrAcc: 0.9188, TrLoss:  0.29469, VaAcc: 0.9092, VaLoss:  0.31116
 MAP NN | TrAcc: 0.9163 | VaAcc: 0.9058 | TeAcc: 0.9365
 S NN | TrAcc: 0.9072 | VaAcc: 0.8979 | TeAcc: 0.9297

 98,  0 | TrAcc: 0.9132, TrLoss:  0.30458, VaAcc: 0.9116, VaLoss:  0.31576
 MAP NN | TrAcc: 0.9160 | VaAcc: 0.9116 | TeAcc: 0.9341
 S NN | TrAcc: 0.9077 | VaAcc: 0.8960 | TeAcc: 0.9214

 99,  0 | TrAcc: 0.9230, TrLoss:  0.28287, VaAcc: 0.9092, VaLoss:  0.31772
 MAP NN | TrAcc: 0.9211 | VaAcc: 0.9058 | TeAcc: 0.9375
 S NN | TrAcc: 0.9150 | VaAcc: 0.9111 | TeAcc: 0.9336

100,  0 | TrAcc: 0.9243, TrLoss:  0.27376, VaAcc: 0.9131, VaLoss:  0.31974
 MAP NN | TrAcc: 0.9227 | VaAcc: 0.9092 | TeAcc: 0.9355
 S NN | TrAcc: 0.9185 | VaAcc: 0.8979 | TeAcc: 0.9326

101,  0 | TrAcc: 0.9182, TrLoss:  0.28684, VaAcc: 0.9087, VaLoss:  0.32879
 MAP NN | TrAcc: 0.9209 | VaAcc: 0.9136 | TeAcc: 0.9380
 S NN | TrAcc: 0.9114 | VaAcc: 0.9175 | TeAcc: 0.9360

102,  0 | TrAcc: 0.9215, TrLoss:  0.27505, VaAcc: 0.9126, VaLoss:  0.35483
 MAP NN | TrAcc: 0.9235 | VaAcc: 0.9126 | TeAcc: 0.9409
 S NN | TrAcc: 0.8999 | VaAcc: 0.9116 | TeAcc: 0.9370

103,  0 | TrAcc: 0.9183, TrLoss:  0.28772, VaAcc: 0.9150, VaLoss:  0.30266
 MAP NN | TrAcc: 0.9216 | VaAcc: 0.9106 | TeAcc: 0.9380
 S NN | TrAcc: 0.9166 | VaAcc: 0.9087 | TeAcc: 0.9302

104,  0 | TrAcc: 0.9244, TrLoss:  0.27072, VaAcc: 0.9209, VaLoss:  0.30227
 MAP NN | TrAcc: 0.9243 | VaAcc: 0.9126 | TeAcc: 0.9385
 S NN | TrAcc: 0.9127 | VaAcc: 0.9077 | TeAcc: 0.9336

105,  0 | TrAcc: 0.9197, TrLoss:  0.27972, VaAcc: 0.9199, VaLoss:  0.29571
 MAP NN | TrAcc: 0.9272 | VaAcc: 0.9116 | TeAcc: 0.9434
 S NN | TrAcc: 0.9246 | VaAcc: 0.9116 | TeAcc: 0.9385

106,  0 | TrAcc: 0.9252, TrLoss:  0.26435, VaAcc: 0.9155, VaLoss:  0.30094
 MAP NN | TrAcc: 0.9297 | VaAcc: 0.9102 | TeAcc: 0.9409
 S NN | TrAcc: 0.9250 | VaAcc: 0.9097 | TeAcc: 0.9336

107,  0 | TrAcc: 0.9299, TrLoss:  0.25464, VaAcc: 0.9209, VaLoss:  0.29036
 MAP NN | TrAcc: 0.9298 | VaAcc: 0.9116 | TeAcc: 0.9448
 S NN | TrAcc: 0.9202 | VaAcc: 0.9072 | TeAcc: 0.9443

108,  0 | TrAcc: 0.9313, TrLoss:  0.25313, VaAcc: 0.9165, VaLoss:  0.29447
 MAP NN | TrAcc: 0.9321 | VaAcc: 0.9170 | TeAcc: 0.9448
 S NN | TrAcc: 0.9192 | VaAcc: 0.9043 | TeAcc: 0.9331

109,  0 | TrAcc: 0.9250, TrLoss:  0.26519, VaAcc: 0.9121, VaLoss:  0.31344
 MAP NN | TrAcc: 0.9303 | VaAcc: 0.9141 | TeAcc: 0.9399
 S NN | TrAcc: 0.9220 | VaAcc: 0.9058 | TeAcc: 0.9360

110,  0 | TrAcc: 0.9283, TrLoss:  0.25095, VaAcc: 0.9229, VaLoss:  0.29430
 MAP NN | TrAcc: 0.9252 | VaAcc: 0.9165 | TeAcc: 0.9360
 S NN | TrAcc: 0.9250 | VaAcc: 0.9180 | TeAcc: 0.9360

111,  0 | TrAcc: 0.9315, TrLoss:  0.24214, VaAcc: 0.9121, VaLoss:  0.28882
 MAP NN | TrAcc: 0.9290 | VaAcc: 0.9170 | TeAcc: 0.9458
 S NN | TrAcc: 0.9282 | VaAcc: 0.9175 | TeAcc: 0.9395

112,  0 | TrAcc: 0.9323, TrLoss:  0.24614, VaAcc: 0.9185, VaLoss:  0.30170
 MAP NN | TrAcc: 0.9321 | VaAcc: 0.9170 | TeAcc: 0.9429
 S NN | TrAcc: 0.9242 | VaAcc: 0.9102 | TeAcc: 0.9277

113,  0 | TrAcc: 0.9297, TrLoss:  0.25379, VaAcc: 0.9204, VaLoss:  0.31445
 MAP NN | TrAcc: 0.9303 | VaAcc: 0.9170 | TeAcc: 0.9365
 S NN | TrAcc: 0.9142 | VaAcc: 0.9082 | TeAcc: 0.9360

114,  0 | TrAcc: 0.9344, TrLoss:  0.23891, VaAcc: 0.9180, VaLoss:  0.29166
 MAP NN | TrAcc: 0.9321 | VaAcc: 0.9141 | TeAcc: 0.9443
 S NN | TrAcc: 0.8955 | VaAcc: 0.9165 | TeAcc: 0.9385

115,  0 | TrAcc: 0.9324, TrLoss:  0.23768, VaAcc: 0.9155, VaLoss:  0.29154
 MAP NN | TrAcc: 0.9341 | VaAcc: 0.9160 | TeAcc: 0.9458
 S NN | TrAcc: 0.9257 | VaAcc: 0.9102 | TeAcc: 0.9434

116,  0 | TrAcc: 0.9315, TrLoss:  0.24139, VaAcc: 0.9224, VaLoss:  0.30763
 MAP NN | TrAcc: 0.9332 | VaAcc: 0.9194 | TeAcc: 0.9482
 S NN | TrAcc: 0.9219 | VaAcc: 0.9165 | TeAcc: 0.9307

117,  0 | TrAcc: 0.9347, TrLoss:  0.23396, VaAcc: 0.9243, VaLoss:  0.27619
 MAP NN | TrAcc: 0.9336 | VaAcc: 0.9165 | TeAcc: 0.9434
 S NN | TrAcc: 0.9279 | VaAcc: 0.9175 | TeAcc: 0.9399

118,  0 | TrAcc: 0.9326, TrLoss:  0.23984, VaAcc: 0.9146, VaLoss:  0.29230
 MAP NN | TrAcc: 0.9357 | VaAcc: 0.9194 | TeAcc: 0.9458
 S NN | TrAcc: 0.9204 | VaAcc: 0.9175 | TeAcc: 0.9414

119,  0 | TrAcc: 0.9331, TrLoss:  0.23665, VaAcc: 0.9214, VaLoss:  0.28691
 MAP NN | TrAcc: 0.9319 | VaAcc: 0.9199 | TeAcc: 0.9482
 S NN | TrAcc: 0.9263 | VaAcc: 0.9146 | TeAcc: 0.9409

120,  0 | TrAcc: 0.9332, TrLoss:  0.23891, VaAcc: 0.9243, VaLoss:  0.27866
 MAP NN | TrAcc: 0.9352 | VaAcc: 0.9233 | TeAcc: 0.9463
 S NN | TrAcc: 0.9288 | VaAcc: 0.9155 | TeAcc: 0.9453

121,  0 | TrAcc: 0.9329, TrLoss:  0.24409, VaAcc: 0.9121, VaLoss:  0.29535
 MAP NN | TrAcc: 0.9314 | VaAcc: 0.9116 | TeAcc: 0.9434
 S NN | TrAcc: 0.9316 | VaAcc: 0.8989 | TeAcc: 0.9321

122,  0 | TrAcc: 0.9353, TrLoss:  0.23255, VaAcc: 0.9189, VaLoss:  0.28847
 MAP NN | TrAcc: 0.9379 | VaAcc: 0.9224 | TeAcc: 0.9492
 S NN | TrAcc: 0.9331 | VaAcc: 0.9258 | TeAcc: 0.9434

123,  0 | TrAcc: 0.9368, TrLoss:  0.22555, VaAcc: 0.9233, VaLoss:  0.26274
 MAP NN | TrAcc: 0.9371 | VaAcc: 0.9165 | TeAcc: 0.9458
 S NN | TrAcc: 0.9325 | VaAcc: 0.9131 | TeAcc: 0.9429

124,  0 | TrAcc: 0.9387, TrLoss:  0.21987, VaAcc: 0.9248, VaLoss:  0.27379
 MAP NN | TrAcc: 0.9418 | VaAcc: 0.9238 | TeAcc: 0.9512
 S NN | TrAcc: 0.9338 | VaAcc: 0.9204 | TeAcc: 0.9482

125,  0 | TrAcc: 0.9415, TrLoss:  0.21612, VaAcc: 0.9238, VaLoss:  0.26936
 MAP NN | TrAcc: 0.9436 | VaAcc: 0.9238 | TeAcc: 0.9497
 S NN | TrAcc: 0.9352 | VaAcc: 0.9170 | TeAcc: 0.9482

126,  0 | TrAcc: 0.9399, TrLoss:  0.21734, VaAcc: 0.9229, VaLoss:  0.27165
 MAP NN | TrAcc: 0.9421 | VaAcc: 0.9165 | TeAcc: 0.9521
 S NN | TrAcc: 0.9312 | VaAcc: 0.9180 | TeAcc: 0.9453

127,  0 | TrAcc: 0.9402, TrLoss:  0.21392, VaAcc: 0.9194, VaLoss:  0.27239
 MAP NN | TrAcc: 0.9436 | VaAcc: 0.9277 | TeAcc: 0.9517
 S NN | TrAcc: 0.9408 | VaAcc: 0.9199 | TeAcc: 0.9448

128,  0 | TrAcc: 0.9442, TrLoss:  0.21390, VaAcc: 0.9209, VaLoss:  0.27739
 MAP NN | TrAcc: 0.9419 | VaAcc: 0.9268 | TeAcc: 0.9526
 S NN | TrAcc: 0.9397 | VaAcc: 0.9263 | TeAcc: 0.9463

129,  0 | TrAcc: 0.9436, TrLoss:  0.21163, VaAcc: 0.9209, VaLoss:  0.27351
 MAP NN | TrAcc: 0.9414 | VaAcc: 0.9170 | TeAcc: 0.9502
 S NN | TrAcc: 0.9385 | VaAcc: 0.9253 | TeAcc: 0.9502

130,  0 | TrAcc: 0.9419, TrLoss:  0.20788, VaAcc: 0.9204, VaLoss:  0.27783
 MAP NN | TrAcc: 0.9457 | VaAcc: 0.9233 | TeAcc: 0.9512
 S NN | TrAcc: 0.9398 | VaAcc: 0.9224 | TeAcc: 0.9507

131,  0 | TrAcc: 0.9398, TrLoss:  0.21512, VaAcc: 0.9224, VaLoss:  0.27660
 MAP NN | TrAcc: 0.9437 | VaAcc: 0.9233 | TeAcc: 0.9517
 S NN | TrAcc: 0.9419 | VaAcc: 0.9219 | TeAcc: 0.9463

132,  0 | TrAcc: 0.9470, TrLoss:  0.20077, VaAcc: 0.9238, VaLoss:  0.27658
 MAP NN | TrAcc: 0.9457 | VaAcc: 0.9229 | TeAcc: 0.9468
 S NN | TrAcc: 0.9382 | VaAcc: 0.9204 | TeAcc: 0.9468

133,  0 | TrAcc: 0.9438, TrLoss:  0.20695, VaAcc: 0.9243, VaLoss:  0.27392
 MAP NN | TrAcc: 0.9442 | VaAcc: 0.9229 | TeAcc: 0.9512
 S NN | TrAcc: 0.9443 | VaAcc: 0.9238 | TeAcc: 0.9468

134,  0 | TrAcc: 0.9431, TrLoss:  0.20221, VaAcc: 0.9258, VaLoss:  0.27144
 MAP NN | TrAcc: 0.9443 | VaAcc: 0.9194 | TeAcc: 0.9492
 S NN | TrAcc: 0.9373 | VaAcc: 0.9224 | TeAcc: 0.9458

135,  0 | TrAcc: 0.9459, TrLoss:  0.19780, VaAcc: 0.9243, VaLoss:  0.27586
 MAP NN | TrAcc: 0.9468 | VaAcc: 0.9209 | TeAcc: 0.9517
 S NN | TrAcc: 0.9392 | VaAcc: 0.9180 | TeAcc: 0.9478

136,  0 | TrAcc: 0.9423, TrLoss:  0.21237, VaAcc: 0.9243, VaLoss:  0.27864
 MAP NN | TrAcc: 0.9431 | VaAcc: 0.9185 | TeAcc: 0.9517
 S NN | TrAcc: 0.9382 | VaAcc: 0.9175 | TeAcc: 0.9502

137,  0 | TrAcc: 0.9420, TrLoss:  0.20693, VaAcc: 0.9243, VaLoss:  0.27853
 MAP NN | TrAcc: 0.9445 | VaAcc: 0.9258 | TeAcc: 0.9512
 S NN | TrAcc: 0.9376 | VaAcc: 0.9233 | TeAcc: 0.9458

138,  0 | TrAcc: 0.9460, TrLoss:  0.20004, VaAcc: 0.9268, VaLoss:  0.26530
 MAP NN | TrAcc: 0.9458 | VaAcc: 0.9248 | TeAcc: 0.9507
 S NN | TrAcc: 0.9418 | VaAcc: 0.9219 | TeAcc: 0.9448

139,  0 | TrAcc: 0.9453, TrLoss:  0.19695, VaAcc: 0.9253, VaLoss:  0.27419
 MAP NN | TrAcc: 0.9438 | VaAcc: 0.9229 | TeAcc: 0.9521
 S NN | TrAcc: 0.9391 | VaAcc: 0.9219 | TeAcc: 0.9507

140,  0 | TrAcc: 0.9475, TrLoss:  0.19532, VaAcc: 0.9287, VaLoss:  0.25967
 MAP NN | TrAcc: 0.9438 | VaAcc: 0.9199 | TeAcc: 0.9468
 S NN | TrAcc: 0.9388 | VaAcc: 0.9209 | TeAcc: 0.9458

141,  0 | TrAcc: 0.9448, TrLoss:  0.20052, VaAcc: 0.9268, VaLoss:  0.25987
 MAP NN | TrAcc: 0.9402 | VaAcc: 0.9287 | TeAcc: 0.9507
 S NN | TrAcc: 0.9362 | VaAcc: 0.9243 | TeAcc: 0.9551

142,  0 | TrAcc: 0.9457, TrLoss:  0.20133, VaAcc: 0.9248, VaLoss:  0.26163
 MAP NN | TrAcc: 0.9452 | VaAcc: 0.9209 | TeAcc: 0.9497
 S NN | TrAcc: 0.9438 | VaAcc: 0.9209 | TeAcc: 0.6548

143,  0 | TrAcc: 0.9432, TrLoss:  0.19986, VaAcc: 0.9263, VaLoss:  0.27063
 MAP NN | TrAcc: 0.9464 | VaAcc: 0.9282 | TeAcc: 0.9482
 S NN | TrAcc: 0.9402 | VaAcc: 0.9204 | TeAcc: 0.9497

144,  0 | TrAcc: 0.9474, TrLoss:  0.19429, VaAcc: 0.9272, VaLoss:  0.27175
 MAP NN | TrAcc: 0.9486 | VaAcc: 0.9253 | TeAcc: 0.9521
 S NN | TrAcc: 0.9438 | VaAcc: 0.9194 | TeAcc: 0.9453

145,  0 | TrAcc: 0.9446, TrLoss:  0.19890, VaAcc: 0.9189, VaLoss:  0.27358
 MAP NN | TrAcc: 0.9452 | VaAcc: 0.9189 | TeAcc: 0.9487
 S NN | TrAcc: 0.9387 | VaAcc: 0.9209 | TeAcc: 0.9551

146,  0 | TrAcc: 0.9487, TrLoss:  0.18883, VaAcc: 0.9302, VaLoss:  0.25137
 MAP NN | TrAcc: 0.9504 | VaAcc: 0.9282 | TeAcc: 0.9556
 S NN | TrAcc: 0.9413 | VaAcc: 0.9268 | TeAcc: 0.9497

147,  0 | TrAcc: 0.9451, TrLoss:  0.19490, VaAcc: 0.9302, VaLoss:  0.25497
 MAP NN | TrAcc: 0.9458 | VaAcc: 0.9302 | TeAcc: 0.9497
 S NN | TrAcc: 0.9397 | VaAcc: 0.9238 | TeAcc: 0.9536

148,  0 | TrAcc: 0.9485, TrLoss:  0.18682, VaAcc: 0.9297, VaLoss:  0.25065
 MAP NN | TrAcc: 0.9490 | VaAcc: 0.9243 | TeAcc: 0.9531
 S NN | TrAcc: 0.9434 | VaAcc: 0.9204 | TeAcc: 0.9531

149,  0 | TrAcc: 0.9487, TrLoss:  0.18802, VaAcc: 0.9277, VaLoss:  0.26473
 MAP NN | TrAcc: 0.9479 | VaAcc: 0.9224 | TeAcc: 0.9526
 S NN | TrAcc: 0.9395 | VaAcc: 0.9258 | TeAcc: 0.9517

150,  0 | TrAcc: 0.9524, TrLoss:  0.18174, VaAcc: 0.9326, VaLoss:  0.24755
 MAP NN | TrAcc: 0.9507 | VaAcc: 0.9307 | TeAcc: 0.9502
 S NN | TrAcc: 0.9437 | VaAcc: 0.9238 | TeAcc: 0.9526

151,  0 | TrAcc: 0.9484, TrLoss:  0.18799, VaAcc: 0.9307, VaLoss:  0.24442
 MAP NN | TrAcc: 0.9490 | VaAcc: 0.9248 | TeAcc: 0.9541
 S NN | TrAcc: 0.9437 | VaAcc: 0.9268 | TeAcc: 0.9541

152,  0 | TrAcc: 0.9501, TrLoss:  0.18762, VaAcc: 0.9292, VaLoss:  0.26383
 MAP NN | TrAcc: 0.9507 | VaAcc: 0.9268 | TeAcc: 0.9565
 S NN | TrAcc: 0.9441 | VaAcc: 0.9229 | TeAcc: 0.9497

153,  0 | TrAcc: 0.9534, TrLoss:  0.17627, VaAcc: 0.9331, VaLoss:  0.25626
 MAP NN | TrAcc: 0.9517 | VaAcc: 0.9282 | TeAcc: 0.9521
 S NN | TrAcc: 0.9503 | VaAcc: 0.9272 | TeAcc: 0.9521

154,  0 | TrAcc: 0.9493, TrLoss:  0.18564, VaAcc: 0.9307, VaLoss:  0.25439
 MAP NN | TrAcc: 0.9501 | VaAcc: 0.9263 | TeAcc: 0.9507
 S NN | TrAcc: 0.9456 | VaAcc: 0.9248 | TeAcc: 0.9512

155,  0 | TrAcc: 0.9521, TrLoss:  0.17496, VaAcc: 0.9307, VaLoss:  0.25123
 MAP NN | TrAcc: 0.9545 | VaAcc: 0.9287 | TeAcc: 0.9541
 S NN | TrAcc: 0.9447 | VaAcc: 0.9297 | TeAcc: 0.9565

156,  0 | TrAcc: 0.9507, TrLoss:  0.17686, VaAcc: 0.9307, VaLoss:  0.25153
 MAP NN | TrAcc: 0.9508 | VaAcc: 0.9282 | TeAcc: 0.9551
 S NN | TrAcc: 0.9465 | VaAcc: 0.9277 | TeAcc: 0.9517

157,  0 | TrAcc: 0.9478, TrLoss:  0.18267, VaAcc: 0.9248, VaLoss:  0.25950
 MAP NN | TrAcc: 0.9493 | VaAcc: 0.9268 | TeAcc: 0.9536
 S NN | TrAcc: 0.9473 | VaAcc: 0.9287 | TeAcc: 0.9512

158,  0 | TrAcc: 0.9543, TrLoss:  0.17117, VaAcc: 0.9292, VaLoss:  0.24998
 MAP NN | TrAcc: 0.9541 | VaAcc: 0.9312 | TeAcc: 0.9546
 S NN | TrAcc: 0.9515 | VaAcc: 0.9238 | TeAcc: 0.9536

159,  0 | TrAcc: 0.9541, TrLoss:  0.17053, VaAcc: 0.9282, VaLoss:  0.25246
 MAP NN | TrAcc: 0.9528 | VaAcc: 0.9287 | TeAcc: 0.9575
 S NN | TrAcc: 0.9491 | VaAcc: 0.9263 | TeAcc: 0.9492

160,  0 | TrAcc: 0.9503, TrLoss:  0.17578, VaAcc: 0.9312, VaLoss:  0.25116
 MAP NN | TrAcc: 0.9510 | VaAcc: 0.9253 | TeAcc: 0.9526
 S NN | TrAcc: 0.9468 | VaAcc: 0.9258 | TeAcc: 0.9487

161,  0 | TrAcc: 0.9464, TrLoss:  0.18739, VaAcc: 0.9331, VaLoss:  0.24179
 MAP NN | TrAcc: 0.9503 | VaAcc: 0.9272 | TeAcc: 0.9526
 S NN | TrAcc: 0.9407 | VaAcc: 0.9341 | TeAcc: 0.9526

162,  0 | TrAcc: 0.9501, TrLoss:  0.18711, VaAcc: 0.9316, VaLoss:  0.23845
 MAP NN | TrAcc: 0.9478 | VaAcc: 0.9321 | TeAcc: 0.9551
 S NN | TrAcc: 0.9456 | VaAcc: 0.9316 | TeAcc: 0.9526

163,  0 | TrAcc: 0.9520, TrLoss:  0.17380, VaAcc: 0.9287, VaLoss:  0.25533
 MAP NN | TrAcc: 0.9518 | VaAcc: 0.9292 | TeAcc: 0.9541
 S NN | TrAcc: 0.9469 | VaAcc: 0.9321 | TeAcc: 0.9536

164,  0 | TrAcc: 0.9537, TrLoss:  0.17409, VaAcc: 0.9307, VaLoss:  0.24674
 MAP NN | TrAcc: 0.9545 | VaAcc: 0.9302 | TeAcc: 0.9551
 S NN | TrAcc: 0.9454 | VaAcc: 0.9248 | TeAcc: 0.9517

165,  0 | TrAcc: 0.9551, TrLoss:  0.16890, VaAcc: 0.9360, VaLoss:  0.24085
 MAP NN | TrAcc: 0.9543 | VaAcc: 0.9321 | TeAcc: 0.9536
 S NN | TrAcc: 0.9490 | VaAcc: 0.9292 | TeAcc: 0.9478

166,  0 | TrAcc: 0.9550, TrLoss:  0.16538, VaAcc: 0.9395, VaLoss:  0.23184
 MAP NN | TrAcc: 0.9550 | VaAcc: 0.9326 | TeAcc: 0.9570
 S NN | TrAcc: 0.9498 | VaAcc: 0.9287 | TeAcc: 0.9531

167,  0 | TrAcc: 0.9551, TrLoss:  0.16876, VaAcc: 0.9331, VaLoss:  0.23747
 MAP NN | TrAcc: 0.9536 | VaAcc: 0.9351 | TeAcc: 0.9561
 S NN | TrAcc: 0.9525 | VaAcc: 0.9365 | TeAcc: 0.9556

168,  0 | TrAcc: 0.9536, TrLoss:  0.16946, VaAcc: 0.9312, VaLoss:  0.25186
 MAP NN | TrAcc: 0.9553 | VaAcc: 0.9341 | TeAcc: 0.9590
 S NN | TrAcc: 0.9528 | VaAcc: 0.9297 | TeAcc: 0.9556

169,  0 | TrAcc: 0.9531, TrLoss:  0.17251, VaAcc: 0.9336, VaLoss:  0.24847
 MAP NN | TrAcc: 0.9531 | VaAcc: 0.9258 | TeAcc: 0.9556
 S NN | TrAcc: 0.9512 | VaAcc: 0.9272 | TeAcc: 0.9521

170,  0 | TrAcc: 0.9568, TrLoss:  0.16437, VaAcc: 0.9316, VaLoss:  0.24842
 MAP NN | TrAcc: 0.9569 | VaAcc: 0.9297 | TeAcc: 0.9541
 S NN | TrAcc: 0.9557 | VaAcc: 0.9307 | TeAcc: 0.9556

171,  0 | TrAcc: 0.9531, TrLoss:  0.17099, VaAcc: 0.9312, VaLoss:  0.24958
 MAP NN | TrAcc: 0.9531 | VaAcc: 0.9287 | TeAcc: 0.9536
 S NN | TrAcc: 0.9531 | VaAcc: 0.9307 | TeAcc: 0.9531

172,  0 | TrAcc: 0.9553, TrLoss:  0.16013, VaAcc: 0.9307, VaLoss:  0.24643
 MAP NN | TrAcc: 0.9595 | VaAcc: 0.9312 | TeAcc: 0.9546
 S NN | TrAcc: 0.9576 | VaAcc: 0.9282 | TeAcc: 0.9546

173,  0 | TrAcc: 0.9548, TrLoss:  0.16731, VaAcc: 0.9341, VaLoss:  0.24370
 MAP NN | TrAcc: 0.9515 | VaAcc: 0.9268 | TeAcc: 0.9521
 S NN | TrAcc: 0.9537 | VaAcc: 0.9277 | TeAcc: 0.9517

174,  0 | TrAcc: 0.9558, TrLoss:  0.16116, VaAcc: 0.9351, VaLoss:  0.24363
 MAP NN | TrAcc: 0.9563 | VaAcc: 0.9336 | TeAcc: 0.9561
 S NN | TrAcc: 0.9535 | VaAcc: 0.9341 | TeAcc: 0.9590

175,  0 | TrAcc: 0.9594, TrLoss:  0.15440, VaAcc: 0.9360, VaLoss:  0.23729
 MAP NN | TrAcc: 0.9581 | VaAcc: 0.9321 | TeAcc: 0.9551
 S NN | TrAcc: 0.9570 | VaAcc: 0.9326 | TeAcc: 0.9561

176,  0 | TrAcc: 0.9569, TrLoss:  0.15474, VaAcc: 0.9326, VaLoss:  0.23285
 MAP NN | TrAcc: 0.9575 | VaAcc: 0.9331 | TeAcc: 0.9595
 S NN | TrAcc: 0.9564 | VaAcc: 0.9292 | TeAcc: 0.9570

177,  0 | TrAcc: 0.9575, TrLoss:  0.15436, VaAcc: 0.9331, VaLoss:  0.24682
 MAP NN | TrAcc: 0.9580 | VaAcc: 0.9316 | TeAcc: 0.9570
 S NN | TrAcc: 0.9569 | VaAcc: 0.9277 | TeAcc: 0.9517

178,  0 | TrAcc: 0.9592, TrLoss:  0.15421, VaAcc: 0.9326, VaLoss:  0.24644
 MAP NN | TrAcc: 0.9595 | VaAcc: 0.9326 | TeAcc: 0.9595
 S NN | TrAcc: 0.9532 | VaAcc: 0.9375 | TeAcc: 0.9551

179,  0 | TrAcc: 0.9598, TrLoss:  0.15186, VaAcc: 0.9351, VaLoss:  0.24314
 MAP NN | TrAcc: 0.9585 | VaAcc: 0.9292 | TeAcc: 0.9575
 S NN | TrAcc: 0.9551 | VaAcc: 0.9385 | TeAcc: 0.9546

180,  0 | TrAcc: 0.9500, TrLoss:  0.17683, VaAcc: 0.9282, VaLoss:  0.24947
 MAP NN | TrAcc: 0.9508 | VaAcc: 0.9263 | TeAcc: 0.9512
 S NN | TrAcc: 0.9498 | VaAcc: 0.9282 | TeAcc: 0.9497

181,  0 | TrAcc: 0.9580, TrLoss:  0.15807, VaAcc: 0.9297, VaLoss:  0.25942
 MAP NN | TrAcc: 0.9581 | VaAcc: 0.9321 | TeAcc: 0.9565
 S NN | TrAcc: 0.9557 | VaAcc: 0.9321 | TeAcc: 0.9561

182,  0 | TrAcc: 0.9574, TrLoss:  0.16068, VaAcc: 0.9365, VaLoss:  0.24698
 MAP NN | TrAcc: 0.9563 | VaAcc: 0.9277 | TeAcc: 0.9570
 S NN | TrAcc: 0.9562 | VaAcc: 0.9268 | TeAcc: 0.9526

183,  0 | TrAcc: 0.9553, TrLoss:  0.16101, VaAcc: 0.9302, VaLoss:  0.25544
 MAP NN | TrAcc: 0.9562 | VaAcc: 0.9341 | TeAcc: 0.9556
 S NN | TrAcc: 0.9556 | VaAcc: 0.9302 | TeAcc: 0.9517

184,  0 | TrAcc: 0.9515, TrLoss:  0.16385, VaAcc: 0.9370, VaLoss:  0.22999
 MAP NN | TrAcc: 0.9528 | VaAcc: 0.9312 | TeAcc: 0.9512
 S NN | TrAcc: 0.9475 | VaAcc: 0.9292 | TeAcc: 0.9507

185,  0 | TrAcc: 0.9603, TrLoss:  0.15432, VaAcc: 0.9351, VaLoss:  0.24652
 MAP NN | TrAcc: 0.9586 | VaAcc: 0.9326 | TeAcc: 0.9570
 S NN | TrAcc: 0.9539 | VaAcc: 0.9312 | TeAcc: 0.9565

186,  0 | TrAcc: 0.9554, TrLoss:  0.15580, VaAcc: 0.9326, VaLoss:  0.23986
 MAP NN | TrAcc: 0.9573 | VaAcc: 0.9346 | TeAcc: 0.9561
 S NN | TrAcc: 0.9559 | VaAcc: 0.9321 | TeAcc: 0.9541

187,  0 | TrAcc: 0.9587, TrLoss:  0.15314, VaAcc: 0.9346, VaLoss:  0.25230
 MAP NN | TrAcc: 0.9584 | VaAcc: 0.9341 | TeAcc: 0.9556
 S NN | TrAcc: 0.9553 | VaAcc: 0.9302 | TeAcc: 0.9570

188,  0 | TrAcc: 0.9606, TrLoss:  0.14806, VaAcc: 0.9360, VaLoss:  0.23391
 MAP NN | TrAcc: 0.9609 | VaAcc: 0.9355 | TeAcc: 0.9556
 S NN | TrAcc: 0.9583 | VaAcc: 0.9341 | TeAcc: 0.9497

189,  0 | TrAcc: 0.9583, TrLoss:  0.15002, VaAcc: 0.9307, VaLoss:  0.24934
 MAP NN | TrAcc: 0.9586 | VaAcc: 0.9297 | TeAcc: 0.9546
 S NN | TrAcc: 0.9561 | VaAcc: 0.9321 | TeAcc: 0.9531

190,  0 | TrAcc: 0.9590, TrLoss:  0.15201, VaAcc: 0.9370, VaLoss:  0.23608
 MAP NN | TrAcc: 0.9583 | VaAcc: 0.9312 | TeAcc: 0.9590
 S NN | TrAcc: 0.9558 | VaAcc: 0.9316 | TeAcc: 0.9580

191,  0 | TrAcc: 0.9583, TrLoss:  0.15238, VaAcc: 0.9316, VaLoss:  0.25450
 MAP NN | TrAcc: 0.9597 | VaAcc: 0.9302 | TeAcc: 0.9590
 S NN | TrAcc: 0.9529 | VaAcc: 0.9277 | TeAcc: 0.9565

192,  0 | TrAcc: 0.9575, TrLoss:  0.15573, VaAcc: 0.9316, VaLoss:  0.24919
 MAP NN | TrAcc: 0.9585 | VaAcc: 0.9307 | TeAcc: 0.9575
 S NN | TrAcc: 0.9526 | VaAcc: 0.9268 | TeAcc: 0.9536

193,  0 | TrAcc: 0.9556, TrLoss:  0.16175, VaAcc: 0.9355, VaLoss:  0.24357
 MAP NN | TrAcc: 0.9561 | VaAcc: 0.9316 | TeAcc: 0.9570
 S NN | TrAcc: 0.9506 | VaAcc: 0.9341 | TeAcc: 0.9517

194,  0 | TrAcc: 0.9587, TrLoss:  0.15780, VaAcc: 0.9316, VaLoss:  0.24757
 MAP NN | TrAcc: 0.9592 | VaAcc: 0.9297 | TeAcc: 0.9546
 S NN | TrAcc: 0.9529 | VaAcc: 0.9312 | TeAcc: 0.9575

195,  0 | TrAcc: 0.9564, TrLoss:  0.15617, VaAcc: 0.9312, VaLoss:  0.23560
 MAP NN | TrAcc: 0.9592 | VaAcc: 0.9331 | TeAcc: 0.9590
 S NN | TrAcc: 0.9584 | VaAcc: 0.9302 | TeAcc: 0.9580

196,  0 | TrAcc: 0.9606, TrLoss:  0.15306, VaAcc: 0.9316, VaLoss:  0.24097
 MAP NN | TrAcc: 0.9580 | VaAcc: 0.9355 | TeAcc: 0.9526
 S NN | TrAcc: 0.9568 | VaAcc: 0.9326 | TeAcc: 0.9575

197,  0 | TrAcc: 0.9595, TrLoss:  0.15294, VaAcc: 0.9321, VaLoss:  0.23818
 MAP NN | TrAcc: 0.9595 | VaAcc: 0.9312 | TeAcc: 0.9507
 S NN | TrAcc: 0.9532 | VaAcc: 0.9346 | TeAcc: 0.9531

198,  0 | TrAcc: 0.9607, TrLoss:  0.15050, VaAcc: 0.9331, VaLoss:  0.23541
 MAP NN | TrAcc: 0.9602 | VaAcc: 0.9312 | TeAcc: 0.9556
 S NN | TrAcc: 0.9586 | VaAcc: 0.9331 | TeAcc: 0.9570

199,  0 | TrAcc: 0.9597, TrLoss:  0.14535, VaAcc: 0.9385, VaLoss:  0.22528
 MAP NN | TrAcc: 0.9609 | VaAcc: 0.9355 | TeAcc: 0.9575
 S NN | TrAcc: 0.9609 | VaAcc: 0.9351 | TeAcc: 0.9561

200,  0 | TrAcc: 0.9604, TrLoss:  0.14653, VaAcc: 0.9360, VaLoss:  0.23000
 MAP NN | TrAcc: 0.9612 | VaAcc: 0.9326 | TeAcc: 0.9570
 S NN | TrAcc: 0.9592 | VaAcc: 0.9355 | TeAcc: 0.9556

201,  0 | TrAcc: 0.9590, TrLoss:  0.15250, VaAcc: 0.9326, VaLoss:  0.24201
 MAP NN | TrAcc: 0.9598 | VaAcc: 0.9312 | TeAcc: 0.9531
 S NN | TrAcc: 0.9552 | VaAcc: 0.9321 | TeAcc: 0.9517

202,  0 | TrAcc: 0.9594, TrLoss:  0.14885, VaAcc: 0.9302, VaLoss:  0.25050
 MAP NN | TrAcc: 0.9583 | VaAcc: 0.9316 | TeAcc: 0.9556
 S NN | TrAcc: 0.9579 | VaAcc: 0.9287 | TeAcc: 0.9502

203,  0 | TrAcc: 0.9592, TrLoss:  0.14716, VaAcc: 0.9375, VaLoss:  0.23959
 MAP NN | TrAcc: 0.9637 | VaAcc: 0.9282 | TeAcc: 0.9600
 S NN | TrAcc: 0.9619 | VaAcc: 0.9321 | TeAcc: 0.9590

204,  0 | TrAcc: 0.9589, TrLoss:  0.15007, VaAcc: 0.9351, VaLoss:  0.24183
 MAP NN | TrAcc: 0.9585 | VaAcc: 0.9312 | TeAcc: 0.9565
 S NN | TrAcc: 0.9563 | VaAcc: 0.9302 | TeAcc: 0.9585

205,  0 | TrAcc: 0.9637, TrLoss:  0.13818, VaAcc: 0.9331, VaLoss:  0.24703
 MAP NN | TrAcc: 0.9634 | VaAcc: 0.9316 | TeAcc: 0.9590
 S NN | TrAcc: 0.9603 | VaAcc: 0.9336 | TeAcc: 0.9570

206,  0 | TrAcc: 0.9622, TrLoss:  0.13995, VaAcc: 0.9346, VaLoss:  0.23606
 MAP NN | TrAcc: 0.9626 | VaAcc: 0.9365 | TeAcc: 0.9614
 S NN | TrAcc: 0.9614 | VaAcc: 0.9360 | TeAcc: 0.9595

207,  0 | TrAcc: 0.9607, TrLoss:  0.14348, VaAcc: 0.9351, VaLoss:  0.24069
 MAP NN | TrAcc: 0.9617 | VaAcc: 0.9341 | TeAcc: 0.9585
 S NN | TrAcc: 0.9583 | VaAcc: 0.9341 | TeAcc: 0.9531

208,  0 | TrAcc: 0.9611, TrLoss:  0.14413, VaAcc: 0.9336, VaLoss:  0.24072
 MAP NN | TrAcc: 0.9609 | VaAcc: 0.9355 | TeAcc: 0.9565
 S NN | TrAcc: 0.9557 | VaAcc: 0.9370 | TeAcc: 0.9565

209,  0 | TrAcc: 0.9618, TrLoss:  0.14235, VaAcc: 0.9341, VaLoss:  0.24375
 MAP NN | TrAcc: 0.9612 | VaAcc: 0.9331 | TeAcc: 0.9575
 S NN | TrAcc: 0.9586 | VaAcc: 0.9341 | TeAcc: 0.9546

210,  0 | TrAcc: 0.9597, TrLoss:  0.14506, VaAcc: 0.9336, VaLoss:  0.24294
 MAP NN | TrAcc: 0.9592 | VaAcc: 0.9341 | TeAcc: 0.9590
 S NN | TrAcc: 0.9575 | VaAcc: 0.9360 | TeAcc: 0.9575

211,  0 | TrAcc: 0.9581, TrLoss:  0.15342, VaAcc: 0.9360, VaLoss:  0.23978
 MAP NN | TrAcc: 0.9596 | VaAcc: 0.9380 | TeAcc: 0.9551
 S NN | TrAcc: 0.9579 | VaAcc: 0.9360 | TeAcc: 0.9556

212,  0 | TrAcc: 0.9636, TrLoss:  0.13840, VaAcc: 0.9365, VaLoss:  0.22899
 MAP NN | TrAcc: 0.9635 | VaAcc: 0.9336 | TeAcc: 0.9600
 S NN | TrAcc: 0.9614 | VaAcc: 0.9346 | TeAcc: 0.9609

213,  0 | TrAcc: 0.9653, TrLoss:  0.13279, VaAcc: 0.9351, VaLoss:  0.23525
 MAP NN | TrAcc: 0.9656 | VaAcc: 0.9336 | TeAcc: 0.9619
 S NN | TrAcc: 0.9624 | VaAcc: 0.9375 | TeAcc: 0.9600

214,  0 | TrAcc: 0.9668, TrLoss:  0.13172, VaAcc: 0.9370, VaLoss:  0.23177
 MAP NN | TrAcc: 0.9679 | VaAcc: 0.9380 | TeAcc: 0.9614
 S NN | TrAcc: 0.9596 | VaAcc: 0.9375 | TeAcc: 0.9565

215,  0 | TrAcc: 0.9664, TrLoss:  0.13128, VaAcc: 0.9370, VaLoss:  0.22453
 MAP NN | TrAcc: 0.9664 | VaAcc: 0.9385 | TeAcc: 0.9609
 S NN | TrAcc: 0.9619 | VaAcc: 0.9375 | TeAcc: 0.9580

216,  0 | TrAcc: 0.9646, TrLoss:  0.13661, VaAcc: 0.9341, VaLoss:  0.23075
 MAP NN | TrAcc: 0.9613 | VaAcc: 0.9292 | TeAcc: 0.9551
 S NN | TrAcc: 0.9591 | VaAcc: 0.9331 | TeAcc: 0.9546

217,  0 | TrAcc: 0.9647, TrLoss:  0.13704, VaAcc: 0.9395, VaLoss:  0.23811
 MAP NN | TrAcc: 0.9637 | VaAcc: 0.9336 | TeAcc: 0.9585
 S NN | TrAcc: 0.9575 | VaAcc: 0.9370 | TeAcc: 0.9609

218,  0 | TrAcc: 0.9590, TrLoss:  0.14615, VaAcc: 0.9321, VaLoss:  0.23258
 MAP NN | TrAcc: 0.9613 | VaAcc: 0.9321 | TeAcc: 0.9580
 S NN | TrAcc: 0.9609 | VaAcc: 0.9321 | TeAcc: 0.9600

219,  0 | TrAcc: 0.9622, TrLoss:  0.14402, VaAcc: 0.9370, VaLoss:  0.25005
 MAP NN | TrAcc: 0.9598 | VaAcc: 0.9360 | TeAcc: 0.9546
 S NN | TrAcc: 0.9548 | VaAcc: 0.9395 | TeAcc: 0.9556

220,  0 | TrAcc: 0.9578, TrLoss:  0.15126, VaAcc: 0.9331, VaLoss:  0.23600
 MAP NN | TrAcc: 0.9576 | VaAcc: 0.9326 | TeAcc: 0.9531
 S NN | TrAcc: 0.9550 | VaAcc: 0.9307 | TeAcc: 0.9512

221,  0 | TrAcc: 0.9603, TrLoss:  0.14922, VaAcc: 0.9346, VaLoss:  0.24534
 MAP NN | TrAcc: 0.9604 | VaAcc: 0.9312 | TeAcc: 0.9570
 S NN | TrAcc: 0.9541 | VaAcc: 0.9341 | TeAcc: 0.9600

222,  0 | TrAcc: 0.9666, TrLoss:  0.13421, VaAcc: 0.9360, VaLoss:  0.23515
 MAP NN | TrAcc: 0.9673 | VaAcc: 0.9355 | TeAcc: 0.9580
 S NN | TrAcc: 0.9652 | VaAcc: 0.9355 | TeAcc: 0.9561

223,  0 | TrAcc: 0.9617, TrLoss:  0.14003, VaAcc: 0.9375, VaLoss:  0.23396
 MAP NN | TrAcc: 0.9636 | VaAcc: 0.9365 | TeAcc: 0.9570
 S NN | TrAcc: 0.9585 | VaAcc: 0.9355 | TeAcc: 0.9561

224,  0 | TrAcc: 0.9604, TrLoss:  0.14647, VaAcc: 0.9341, VaLoss:  0.23288
 MAP NN | TrAcc: 0.9594 | VaAcc: 0.9321 | TeAcc: 0.9541
 S NN | TrAcc: 0.9568 | VaAcc: 0.9355 | TeAcc: 0.9551

225,  0 | TrAcc: 0.9641, TrLoss:  0.14023, VaAcc: 0.9316, VaLoss:  0.24086
 MAP NN | TrAcc: 0.9641 | VaAcc: 0.9321 | TeAcc: 0.9536
 S NN | TrAcc: 0.9629 | VaAcc: 0.9331 | TeAcc: 0.9546

226,  0 | TrAcc: 0.9657, TrLoss:  0.13177, VaAcc: 0.9355, VaLoss:  0.23401
 MAP NN | TrAcc: 0.9667 | VaAcc: 0.9341 | TeAcc: 0.9585
 S NN | TrAcc: 0.9648 | VaAcc: 0.9375 | TeAcc: 0.9551

227,  0 | TrAcc: 0.9623, TrLoss:  0.13534, VaAcc: 0.9326, VaLoss:  0.23572
 MAP NN | TrAcc: 0.9622 | VaAcc: 0.9346 | TeAcc: 0.9561
 S NN | TrAcc: 0.9598 | VaAcc: 0.9351 | TeAcc: 0.9526

228,  0 | TrAcc: 0.9677, TrLoss:  0.12654, VaAcc: 0.9375, VaLoss:  0.23711
 MAP NN | TrAcc: 0.9670 | VaAcc: 0.9341 | TeAcc: 0.9585
 S NN | TrAcc: 0.9637 | VaAcc: 0.9385 | TeAcc: 0.9585

229,  0 | TrAcc: 0.9659, TrLoss:  0.12501, VaAcc: 0.9385, VaLoss:  0.22647
 MAP NN | TrAcc: 0.9677 | VaAcc: 0.9380 | TeAcc: 0.9590
 S NN | TrAcc: 0.9652 | VaAcc: 0.9385 | TeAcc: 0.9561

230,  0 | TrAcc: 0.9691, TrLoss:  0.12040, VaAcc: 0.9365, VaLoss:  0.23198
 MAP NN | TrAcc: 0.9711 | VaAcc: 0.9375 | TeAcc: 0.9580
 S NN | TrAcc: 0.9694 | VaAcc: 0.9360 | TeAcc: 0.9575

231,  0 | TrAcc: 0.9678, TrLoss:  0.12170, VaAcc: 0.9395, VaLoss:  0.23197
 MAP NN | TrAcc: 0.9703 | VaAcc: 0.9409 | TeAcc: 0.9565
 S NN | TrAcc: 0.9674 | VaAcc: 0.9390 | TeAcc: 0.9551

232,  0 | TrAcc: 0.9675, TrLoss:  0.12369, VaAcc: 0.9331, VaLoss:  0.24035
 MAP NN | TrAcc: 0.9683 | VaAcc: 0.9380 | TeAcc: 0.9585
 S NN | TrAcc: 0.9651 | VaAcc: 0.9336 | TeAcc: 0.9565

233,  0 | TrAcc: 0.9697, TrLoss:  0.12090, VaAcc: 0.9360, VaLoss:  0.23083
 MAP NN | TrAcc: 0.9689 | VaAcc: 0.9360 | TeAcc: 0.9565
 S NN | TrAcc: 0.9650 | VaAcc: 0.9375 | TeAcc: 0.9585

234,  0 | TrAcc: 0.9452, TrLoss:  0.19523, VaAcc: 0.9204, VaLoss:  0.29663
 MAP NN | TrAcc: 0.9459 | VaAcc: 0.9219 | TeAcc: 0.6548
 S NN | TrAcc: 0.9359 | VaAcc: 0.9155 | TeAcc: 0.6538

235,  0 | TrAcc: 0.9478, TrLoss:  0.18398, VaAcc: 0.9307, VaLoss:  0.26124
 MAP NN | TrAcc: 0.9462 | VaAcc: 0.9316 | TeAcc: 0.9502
 S NN | TrAcc: 0.9443 | VaAcc: 0.9263 | TeAcc: 0.9507

236,  0 | TrAcc: 0.9551, TrLoss:  0.16297, VaAcc: 0.9341, VaLoss:  0.26146
 MAP NN | TrAcc: 0.9548 | VaAcc: 0.9292 | TeAcc: 0.9536
 S NN | TrAcc: 0.9556 | VaAcc: 0.9297 | TeAcc: 0.9536

237,  0 | TrAcc: 0.9541, TrLoss:  0.15564, VaAcc: 0.9316, VaLoss:  0.23956
 MAP NN | TrAcc: 0.9568 | VaAcc: 0.9346 | TeAcc: 0.9546
 S NN | TrAcc: 0.9535 | VaAcc: 0.9312 | TeAcc: 0.9521

238,  0 | TrAcc: 0.9623, TrLoss:  0.13689, VaAcc: 0.9321, VaLoss:  0.23785
 MAP NN | TrAcc: 0.9607 | VaAcc: 0.9365 | TeAcc: 0.9585
 S NN | TrAcc: 0.9611 | VaAcc: 0.9365 | TeAcc: 0.9590

239,  0 | TrAcc: 0.9648, TrLoss:  0.12838, VaAcc: 0.9385, VaLoss:  0.23318
 MAP NN | TrAcc: 0.9664 | VaAcc: 0.9370 | TeAcc: 0.9570
 S NN | TrAcc: 0.9641 | VaAcc: 0.9365 | TeAcc: 0.9580

240,  0 | TrAcc: 0.9637, TrLoss:  0.13012, VaAcc: 0.9370, VaLoss:  0.23743
 MAP NN | TrAcc: 0.9646 | VaAcc: 0.9380 | TeAcc: 0.9551
 S NN | TrAcc: 0.9623 | VaAcc: 0.9331 | TeAcc: 0.9580

241,  0 | TrAcc: 0.9661, TrLoss:  0.12880, VaAcc: 0.9355, VaLoss:  0.23086
 MAP NN | TrAcc: 0.9684 | VaAcc: 0.9390 | TeAcc: 0.9575
 S NN | TrAcc: 0.9651 | VaAcc: 0.9375 | TeAcc: 0.9580

242,  0 | TrAcc: 0.9688, TrLoss:  0.12394, VaAcc: 0.9395, VaLoss:  0.22780
 MAP NN | TrAcc: 0.9675 | VaAcc: 0.9395 | TeAcc: 0.9585
 S NN | TrAcc: 0.9656 | VaAcc: 0.9355 | TeAcc: 0.9575

243,  0 | TrAcc: 0.9663, TrLoss:  0.12638, VaAcc: 0.9346, VaLoss:  0.25023
 MAP NN | TrAcc: 0.9698 | VaAcc: 0.9419 | TeAcc: 0.9561
 S NN | TrAcc: 0.9681 | VaAcc: 0.9390 | TeAcc: 0.9570

244,  0 | TrAcc: 0.9661, TrLoss:  0.12570, VaAcc: 0.9341, VaLoss:  0.23710
 MAP NN | TrAcc: 0.9647 | VaAcc: 0.9424 | TeAcc: 0.9590
 S NN | TrAcc: 0.9607 | VaAcc: 0.9404 | TeAcc: 0.9604

245,  0 | TrAcc: 0.9674, TrLoss:  0.12415, VaAcc: 0.9365, VaLoss:  0.23680
 MAP NN | TrAcc: 0.9669 | VaAcc: 0.9419 | TeAcc: 0.9556
 S NN | TrAcc: 0.9647 | VaAcc: 0.9419 | TeAcc: 0.9565

246,  0 | TrAcc: 0.9669, TrLoss:  0.12254, VaAcc: 0.9375, VaLoss:  0.23064
 MAP NN | TrAcc: 0.9664 | VaAcc: 0.9409 | TeAcc: 0.9556
 S NN | TrAcc: 0.9663 | VaAcc: 0.9316 | TeAcc: 0.9570

247,  0 | TrAcc: 0.9696, TrLoss:  0.11829, VaAcc: 0.9370, VaLoss:  0.23374
 MAP NN | TrAcc: 0.9680 | VaAcc: 0.9326 | TeAcc: 0.9546
 S NN | TrAcc: 0.9684 | VaAcc: 0.9404 | TeAcc: 0.9536

248,  0 | TrAcc: 0.9672, TrLoss:  0.12000, VaAcc: 0.9424, VaLoss:  0.22373
 MAP NN | TrAcc: 0.9680 | VaAcc: 0.9385 | TeAcc: 0.9561
 S NN | TrAcc: 0.9658 | VaAcc: 0.9355 | TeAcc: 0.9609

249,  0 | TrAcc: 0.9673, TrLoss:  0.12281, VaAcc: 0.9385, VaLoss:  0.22898
 MAP NN | TrAcc: 0.9679 | VaAcc: 0.9414 | TeAcc: 0.9580
 S NN | TrAcc: 0.9661 | VaAcc: 0.9360 | TeAcc: 0.9551

250,  0 | TrAcc: 0.9678, TrLoss:  0.12040, VaAcc: 0.9380, VaLoss:  0.22919
 MAP NN | TrAcc: 0.9691 | VaAcc: 0.9395 | TeAcc: 0.9556
 S NN | TrAcc: 0.9670 | VaAcc: 0.9399 | TeAcc: 0.9541

251,  0 | TrAcc: 0.9679, TrLoss:  0.12022, VaAcc: 0.9390, VaLoss:  0.22295
 MAP NN | TrAcc: 0.9681 | VaAcc: 0.9351 | TeAcc: 0.9565
 S NN | TrAcc: 0.9657 | VaAcc: 0.9370 | TeAcc: 0.9556

252,  0 | TrAcc: 0.9700, TrLoss:  0.11535, VaAcc: 0.9336, VaLoss:  0.22907
 MAP NN | TrAcc: 0.9690 | VaAcc: 0.9380 | TeAcc: 0.9570
 S NN | TrAcc: 0.9689 | VaAcc: 0.9390 | TeAcc: 0.9580

253,  0 | TrAcc: 0.9661, TrLoss:  0.12162, VaAcc: 0.9395, VaLoss:  0.22063
 MAP NN | TrAcc: 0.9683 | VaAcc: 0.9370 | TeAcc: 0.9604
 S NN | TrAcc: 0.9647 | VaAcc: 0.9360 | TeAcc: 0.9590

254,  0 | TrAcc: 0.9667, TrLoss:  0.12518, VaAcc: 0.9346, VaLoss:  0.22702
 MAP NN | TrAcc: 0.9679 | VaAcc: 0.9370 | TeAcc: 0.9570
 S NN | TrAcc: 0.9635 | VaAcc: 0.9380 | TeAcc: 0.9531

255,  0 | TrAcc: 0.9684, TrLoss:  0.11835, VaAcc: 0.9438, VaLoss:  0.22340
 MAP NN | TrAcc: 0.9664 | VaAcc: 0.9414 | TeAcc: 0.9575
 S NN | TrAcc: 0.9647 | VaAcc: 0.9414 | TeAcc: 0.9565

256,  0 | TrAcc: 0.9648, TrLoss:  0.12618, VaAcc: 0.9390, VaLoss:  0.22797
 MAP NN | TrAcc: 0.9655 | VaAcc: 0.9395 | TeAcc: 0.9585
 S NN | TrAcc: 0.9620 | VaAcc: 0.9380 | TeAcc: 0.9604

257,  0 | TrAcc: 0.9648, TrLoss:  0.12911, VaAcc: 0.9346, VaLoss:  0.22610
 MAP NN | TrAcc: 0.9645 | VaAcc: 0.9355 | TeAcc: 0.9507
 S NN | TrAcc: 0.9656 | VaAcc: 0.9336 | TeAcc: 0.9512

258,  0 | TrAcc: 0.9679, TrLoss:  0.11860, VaAcc: 0.9375, VaLoss:  0.22542
 MAP NN | TrAcc: 0.9684 | VaAcc: 0.9375 | TeAcc: 0.9556
 S NN | TrAcc: 0.9667 | VaAcc: 0.9399 | TeAcc: 0.9565

259,  0 | TrAcc: 0.9678, TrLoss:  0.12164, VaAcc: 0.9360, VaLoss:  0.23010
 MAP NN | TrAcc: 0.9683 | VaAcc: 0.9399 | TeAcc: 0.9565
 S NN | TrAcc: 0.9652 | VaAcc: 0.9346 | TeAcc: 0.9570

260,  0 | TrAcc: 0.9656, TrLoss:  0.12608, VaAcc: 0.9380, VaLoss:  0.24365
 MAP NN | TrAcc: 0.9651 | VaAcc: 0.9370 | TeAcc: 0.9517
 S NN | TrAcc: 0.9655 | VaAcc: 0.9346 | TeAcc: 0.9531

261,  0 | TrAcc: 0.9659, TrLoss:  0.11887, VaAcc: 0.9424, VaLoss:  0.21596
 MAP NN | TrAcc: 0.9664 | VaAcc: 0.9414 | TeAcc: 0.9561
 S NN | TrAcc: 0.9663 | VaAcc: 0.9375 | TeAcc: 0.9541

262,  0 | TrAcc: 0.9669, TrLoss:  0.12148, VaAcc: 0.9336, VaLoss:  0.24205
 MAP NN | TrAcc: 0.9658 | VaAcc: 0.9346 | TeAcc: 0.9551
 S NN | TrAcc: 0.9594 | VaAcc: 0.9360 | TeAcc: 0.9565

263,  0 | TrAcc: 0.9620, TrLoss:  0.13272, VaAcc: 0.9365, VaLoss:  0.24174
 MAP NN | TrAcc: 0.9589 | VaAcc: 0.9331 | TeAcc: 0.9546
 S NN | TrAcc: 0.9550 | VaAcc: 0.9321 | TeAcc: 0.9551

264,  0 | TrAcc: 0.9667, TrLoss:  0.12625, VaAcc: 0.9346, VaLoss:  0.23040
 MAP NN | TrAcc: 0.9656 | VaAcc: 0.9395 | TeAcc: 0.9536
 S NN | TrAcc: 0.9637 | VaAcc: 0.9375 | TeAcc: 0.9521

265,  0 | TrAcc: 0.9648, TrLoss:  0.12669, VaAcc: 0.9409, VaLoss:  0.21841
 MAP NN | TrAcc: 0.9652 | VaAcc: 0.9404 | TeAcc: 0.9595
 S NN | TrAcc: 0.9607 | VaAcc: 0.9399 | TeAcc: 0.9570

266,  0 | TrAcc: 0.9686, TrLoss:  0.11522, VaAcc: 0.9404, VaLoss:  0.22468
 MAP NN | TrAcc: 0.9691 | VaAcc: 0.9424 | TeAcc: 0.9526
 S NN | TrAcc: 0.9656 | VaAcc: 0.9409 | TeAcc: 0.9570

267,  0 | TrAcc: 0.9712, TrLoss:  0.11066, VaAcc: 0.9404, VaLoss:  0.22251
 MAP NN | TrAcc: 0.9722 | VaAcc: 0.9434 | TeAcc: 0.9585
 S NN | TrAcc: 0.9664 | VaAcc: 0.9409 | TeAcc: 0.9570

268,  0 | TrAcc: 0.9692, TrLoss:  0.11628, VaAcc: 0.9409, VaLoss:  0.22204
 MAP NN | TrAcc: 0.9677 | VaAcc: 0.9414 | TeAcc: 0.9600
 S NN | TrAcc: 0.9626 | VaAcc: 0.9463 | TeAcc: 0.9565

269,  0 | TrAcc: 0.9667, TrLoss:  0.11924, VaAcc: 0.9395, VaLoss:  0.22749
 MAP NN | TrAcc: 0.9637 | VaAcc: 0.9409 | TeAcc: 0.9614
 S NN | TrAcc: 0.9645 | VaAcc: 0.9429 | TeAcc: 0.9585

270,  0 | TrAcc: 0.9695, TrLoss:  0.11508, VaAcc: 0.9414, VaLoss:  0.22418
 MAP NN | TrAcc: 0.9703 | VaAcc: 0.9419 | TeAcc: 0.9604
 S NN | TrAcc: 0.9673 | VaAcc: 0.9375 | TeAcc: 0.9624

271,  0 | TrAcc: 0.9647, TrLoss:  0.12724, VaAcc: 0.9468, VaLoss:  0.20749
 MAP NN | TrAcc: 0.9604 | VaAcc: 0.9390 | TeAcc: 0.9565
 S NN | TrAcc: 0.9639 | VaAcc: 0.9424 | TeAcc: 0.9546

272,  0 | TrAcc: 0.9680, TrLoss:  0.11863, VaAcc: 0.9434, VaLoss:  0.22077
 MAP NN | TrAcc: 0.9678 | VaAcc: 0.9443 | TeAcc: 0.9604
 S NN | TrAcc: 0.9656 | VaAcc: 0.9360 | TeAcc: 0.9590

273,  0 | TrAcc: 0.9685, TrLoss:  0.11797, VaAcc: 0.9395, VaLoss:  0.22920
 MAP NN | TrAcc: 0.9664 | VaAcc: 0.9429 | TeAcc: 0.9551
 S NN | TrAcc: 0.9667 | VaAcc: 0.9404 | TeAcc: 0.9561

274,  0 | TrAcc: 0.9701, TrLoss:  0.11369, VaAcc: 0.9424, VaLoss:  0.21279
 MAP NN | TrAcc: 0.9694 | VaAcc: 0.9438 | TeAcc: 0.9604
 S NN | TrAcc: 0.9668 | VaAcc: 0.9399 | TeAcc: 0.9580

275,  0 | TrAcc: 0.9739, TrLoss:  0.10693, VaAcc: 0.9448, VaLoss:  0.21679
 MAP NN | TrAcc: 0.9731 | VaAcc: 0.9434 | TeAcc: 0.9609
 S NN | TrAcc: 0.9719 | VaAcc: 0.9404 | TeAcc: 0.9595

276,  0 | TrAcc: 0.9711, TrLoss:  0.10908, VaAcc: 0.9404, VaLoss:  0.22154
 MAP NN | TrAcc: 0.9712 | VaAcc: 0.9409 | TeAcc: 0.9624
 S NN | TrAcc: 0.9689 | VaAcc: 0.9365 | TeAcc: 0.9604

277,  0 | TrAcc: 0.9719, TrLoss:  0.10664, VaAcc: 0.9424, VaLoss:  0.21715
 MAP NN | TrAcc: 0.9698 | VaAcc: 0.9424 | TeAcc: 0.9570
 S NN | TrAcc: 0.9686 | VaAcc: 0.9390 | TeAcc: 0.9556

278,  0 | TrAcc: 0.9720, TrLoss:  0.10913, VaAcc: 0.9438, VaLoss:  0.22370
 MAP NN | TrAcc: 0.9727 | VaAcc: 0.9414 | TeAcc: 0.9600
 S NN | TrAcc: 0.9695 | VaAcc: 0.9365 | TeAcc: 0.9570

279,  0 | TrAcc: 0.9647, TrLoss:  0.12711, VaAcc: 0.9355, VaLoss:  0.23865
 MAP NN | TrAcc: 0.9663 | VaAcc: 0.9404 | TeAcc: 0.9561
 S NN | TrAcc: 0.9622 | VaAcc: 0.9355 | TeAcc: 0.9541

280,  0 | TrAcc: 0.9700, TrLoss:  0.12032, VaAcc: 0.9399, VaLoss:  0.23106
 MAP NN | TrAcc: 0.9680 | VaAcc: 0.9380 | TeAcc: 0.9575
 S NN | TrAcc: 0.9663 | VaAcc: 0.9399 | TeAcc: 0.9541

281,  0 | TrAcc: 0.9675, TrLoss:  0.11529, VaAcc: 0.9414, VaLoss:  0.22096
 MAP NN | TrAcc: 0.9692 | VaAcc: 0.9429 | TeAcc: 0.9580
 S NN | TrAcc: 0.9656 | VaAcc: 0.9453 | TeAcc: 0.9570

282,  0 | TrAcc: 0.9626, TrLoss:  0.13693, VaAcc: 0.9351, VaLoss:  0.24383
 MAP NN | TrAcc: 0.9623 | VaAcc: 0.9360 | TeAcc: 0.9556
 S NN | TrAcc: 0.9594 | VaAcc: 0.9282 | TeAcc: 0.9565

283,  0 | TrAcc: 0.9459, TrLoss:  0.17927, VaAcc: 0.9302, VaLoss:  0.24442
 MAP NN | TrAcc: 0.9446 | VaAcc: 0.9331 | TeAcc: 0.9536
 S NN | TrAcc: 0.9451 | VaAcc: 0.9277 | TeAcc: 0.9502

284,  0 | TrAcc: 0.9572, TrLoss:  0.15100, VaAcc: 0.9312, VaLoss:  0.25430
 MAP NN | TrAcc: 0.9562 | VaAcc: 0.9302 | TeAcc: 0.9507
 S NN | TrAcc: 0.9539 | VaAcc: 0.9302 | TeAcc: 0.9536

285,  0 | TrAcc: 0.9615, TrLoss:  0.13617, VaAcc: 0.9404, VaLoss:  0.22648
 MAP NN | TrAcc: 0.9630 | VaAcc: 0.9385 | TeAcc: 0.9604
 S NN | TrAcc: 0.9569 | VaAcc: 0.9404 | TeAcc: 0.9570

286,  0 | TrAcc: 0.9275, TrLoss:  0.24023, VaAcc: 0.9087, VaLoss:  0.34128
 MAP NN | TrAcc: 0.9260 | VaAcc: 0.9072 | TeAcc: 0.9404
 S NN | TrAcc: 0.9248 | VaAcc: 0.9092 | TeAcc: 0.9497

287,  0 | TrAcc: 0.9358, TrLoss:  0.23303, VaAcc: 0.9170, VaLoss:  0.30262
 MAP NN | TrAcc: 0.9341 | VaAcc: 0.9199 | TeAcc: 0.9487
 S NN | TrAcc: 0.9321 | VaAcc: 0.9209 | TeAcc: 0.9419

288,  0 | TrAcc: 0.9327, TrLoss:  0.22510, VaAcc: 0.9233, VaLoss:  0.27507
 MAP NN | TrAcc: 0.9369 | VaAcc: 0.9277 | TeAcc: 0.9414
 S NN | TrAcc: 0.9355 | VaAcc: 0.9126 | TeAcc: 0.9395

289,  0 | TrAcc: 0.9490, TrLoss:  0.18224, VaAcc: 0.9277, VaLoss:  0.24322
 MAP NN | TrAcc: 0.9491 | VaAcc: 0.9346 | TeAcc: 0.6641
 S NN | TrAcc: 0.9463 | VaAcc: 0.9321 | TeAcc: 0.6646

290,  0 | TrAcc: 0.9572, TrLoss:  0.15032, VaAcc: 0.9370, VaLoss:  0.23470
 MAP NN | TrAcc: 0.9565 | VaAcc: 0.9380 | TeAcc: 0.9536
 S NN | TrAcc: 0.9563 | VaAcc: 0.9341 | TeAcc: 0.9551

291,  0 | TrAcc: 0.9581, TrLoss:  0.14466, VaAcc: 0.9419, VaLoss:  0.22508
 MAP NN | TrAcc: 0.9585 | VaAcc: 0.9370 | TeAcc: 0.9546
 S NN | TrAcc: 0.9598 | VaAcc: 0.9351 | TeAcc: 0.9497

292,  0 | TrAcc: 0.9635, TrLoss:  0.12838, VaAcc: 0.9385, VaLoss:  0.22051
 MAP NN | TrAcc: 0.9611 | VaAcc: 0.9385 | TeAcc: 0.9556
 S NN | TrAcc: 0.9606 | VaAcc: 0.9355 | TeAcc: 0.9551

293,  0 | TrAcc: 0.9650, TrLoss:  0.13044, VaAcc: 0.9321, VaLoss:  0.24524
 MAP NN | TrAcc: 0.9630 | VaAcc: 0.9380 | TeAcc: 0.9590
 S NN | TrAcc: 0.9615 | VaAcc: 0.9390 | TeAcc: 0.9609

294,  0 | TrAcc: 0.9646, TrLoss:  0.12560, VaAcc: 0.9341, VaLoss:  0.22976
 MAP NN | TrAcc: 0.9636 | VaAcc: 0.9409 | TeAcc: 0.9551
 S NN | TrAcc: 0.9618 | VaAcc: 0.9390 | TeAcc: 0.9556

295,  0 | TrAcc: 0.9690, TrLoss:  0.11735, VaAcc: 0.9458, VaLoss:  0.22305
 MAP NN | TrAcc: 0.9681 | VaAcc: 0.9434 | TeAcc: 0.9609
 S NN | TrAcc: 0.9669 | VaAcc: 0.9419 | TeAcc: 0.9600

296,  0 | TrAcc: 0.9690, TrLoss:  0.11428, VaAcc: 0.9419, VaLoss:  0.21875
 MAP NN | TrAcc: 0.9694 | VaAcc: 0.9453 | TeAcc: 0.9600
 S NN | TrAcc: 0.9695 | VaAcc: 0.9424 | TeAcc: 0.9600

297,  0 | TrAcc: 0.9674, TrLoss:  0.11711, VaAcc: 0.9438, VaLoss:  0.22161
 MAP NN | TrAcc: 0.9677 | VaAcc: 0.9434 | TeAcc: 0.9565
 S NN | TrAcc: 0.9647 | VaAcc: 0.9414 | TeAcc: 0.9575

298,  0 | TrAcc: 0.9701, TrLoss:  0.10874, VaAcc: 0.9448, VaLoss:  0.21304
 MAP NN | TrAcc: 0.9725 | VaAcc: 0.9458 | TeAcc: 0.9580
 S NN | TrAcc: 0.9717 | VaAcc: 0.9443 | TeAcc: 0.9575

299,  0 | TrAcc: 0.9724, TrLoss:  0.10476, VaAcc: 0.9429, VaLoss:  0.21544
 MAP NN | TrAcc: 0.9727 | VaAcc: 0.9438 | TeAcc: 0.9604
 S NN | TrAcc: 0.9709 | VaAcc: 0.9458 | TeAcc: 0.9590

300,  0 | TrAcc: 0.9705, TrLoss:  0.10804, VaAcc: 0.9434, VaLoss:  0.20436
 MAP NN | TrAcc: 0.9711 | VaAcc: 0.9429 | TeAcc: 0.9595
 S NN | TrAcc: 0.9700 | VaAcc: 0.9443 | TeAcc: 0.9575

301,  0 | TrAcc: 0.9692, TrLoss:  0.11546, VaAcc: 0.9453, VaLoss:  0.21700
 MAP NN | TrAcc: 0.9679 | VaAcc: 0.9453 | TeAcc: 0.9580
 S NN | TrAcc: 0.9658 | VaAcc: 0.9438 | TeAcc: 0.9565

302,  0 | TrAcc: 0.9668, TrLoss:  0.11883, VaAcc: 0.9429, VaLoss:  0.21417
 MAP NN | TrAcc: 0.9669 | VaAcc: 0.9463 | TeAcc: 0.9619
 S NN | TrAcc: 0.9645 | VaAcc: 0.9419 | TeAcc: 0.6631

303,  0 | TrAcc: 0.9695, TrLoss:  0.11584, VaAcc: 0.9409, VaLoss:  0.21719
 MAP NN | TrAcc: 0.9697 | VaAcc: 0.9424 | TeAcc: 0.9565
 S NN | TrAcc: 0.9640 | VaAcc: 0.9404 | TeAcc: 0.9536

304,  0 | TrAcc: 0.9656, TrLoss:  0.12547, VaAcc: 0.9395, VaLoss:  0.23613
 MAP NN | TrAcc: 0.9647 | VaAcc: 0.9429 | TeAcc: 0.9600
 S NN | TrAcc: 0.9663 | VaAcc: 0.9409 | TeAcc: 0.9570

305,  0 | TrAcc: 0.9685, TrLoss:  0.11360, VaAcc: 0.9414, VaLoss:  0.22700
 MAP NN | TrAcc: 0.9689 | VaAcc: 0.9448 | TeAcc: 0.9595
 S NN | TrAcc: 0.9670 | VaAcc: 0.9385 | TeAcc: 0.9595

306,  0 | TrAcc: 0.9694, TrLoss:  0.11375, VaAcc: 0.9351, VaLoss:  0.23251
 MAP NN | TrAcc: 0.9705 | VaAcc: 0.9385 | TeAcc: 0.9551
 S NN | TrAcc: 0.9696 | VaAcc: 0.9409 | TeAcc: 0.9536

307,  0 | TrAcc: 0.9698, TrLoss:  0.11120, VaAcc: 0.9434, VaLoss:  0.21453
 MAP NN | TrAcc: 0.9711 | VaAcc: 0.9448 | TeAcc: 0.9590
 S NN | TrAcc: 0.9684 | VaAcc: 0.9448 | TeAcc: 0.9580

308,  0 | TrAcc: 0.9688, TrLoss:  0.11369, VaAcc: 0.9404, VaLoss:  0.22279
 MAP NN | TrAcc: 0.9690 | VaAcc: 0.9414 | TeAcc: 0.9590
 S NN | TrAcc: 0.9685 | VaAcc: 0.9424 | TeAcc: 0.9590

309,  0 | TrAcc: 0.9738, TrLoss:  0.10216, VaAcc: 0.9438, VaLoss:  0.21529
 MAP NN | TrAcc: 0.9729 | VaAcc: 0.9424 | TeAcc: 0.9629
 S NN | TrAcc: 0.9735 | VaAcc: 0.9429 | TeAcc: 0.9614

310,  0 | TrAcc: 0.9708, TrLoss:  0.10672, VaAcc: 0.9443, VaLoss:  0.21755
 MAP NN | TrAcc: 0.9706 | VaAcc: 0.9453 | TeAcc: 0.9585
 S NN | TrAcc: 0.9717 | VaAcc: 0.9448 | TeAcc: 0.9580

311,  0 | TrAcc: 0.9703, TrLoss:  0.11286, VaAcc: 0.9375, VaLoss:  0.22752
 MAP NN | TrAcc: 0.9700 | VaAcc: 0.9390 | TeAcc: 0.9541
 S NN | TrAcc: 0.9653 | VaAcc: 0.9375 | TeAcc: 0.9536

312,  0 | TrAcc: 0.9701, TrLoss:  0.10880, VaAcc: 0.9419, VaLoss:  0.22202
 MAP NN | TrAcc: 0.9709 | VaAcc: 0.9448 | TeAcc: 0.9570
 S NN | TrAcc: 0.9683 | VaAcc: 0.9390 | TeAcc: 0.9585

313,  0 | TrAcc: 0.9720, TrLoss:  0.10618, VaAcc: 0.9434, VaLoss:  0.21180
 MAP NN | TrAcc: 0.9718 | VaAcc: 0.9443 | TeAcc: 0.9580
 S NN | TrAcc: 0.9690 | VaAcc: 0.9424 | TeAcc: 0.9565

314,  0 | TrAcc: 0.9722, TrLoss:  0.10743, VaAcc: 0.9438, VaLoss:  0.21677
 MAP NN | TrAcc: 0.9711 | VaAcc: 0.9443 | TeAcc: 0.9624
 S NN | TrAcc: 0.9697 | VaAcc: 0.9429 | TeAcc: 0.9604

315,  0 | TrAcc: 0.9718, TrLoss:  0.10518, VaAcc: 0.9429, VaLoss:  0.21930
 MAP NN | TrAcc: 0.9716 | VaAcc: 0.9409 | TeAcc: 0.9595
 S NN | TrAcc: 0.9700 | VaAcc: 0.9443 | TeAcc: 0.9580

316,  0 | TrAcc: 0.9740, TrLoss:  0.10237, VaAcc: 0.9473, VaLoss:  0.21180
 MAP NN | TrAcc: 0.9724 | VaAcc: 0.9458 | TeAcc: 0.9614
 S NN | TrAcc: 0.9697 | VaAcc: 0.9424 | TeAcc: 0.9600

317,  0 | TrAcc: 0.9707, TrLoss:  0.11087, VaAcc: 0.9434, VaLoss:  0.21531
 MAP NN | TrAcc: 0.9697 | VaAcc: 0.9478 | TeAcc: 0.9575
 S NN | TrAcc: 0.9703 | VaAcc: 0.9473 | TeAcc: 0.9570

318,  0 | TrAcc: 0.9702, TrLoss:  0.11583, VaAcc: 0.9443, VaLoss:  0.21770
 MAP NN | TrAcc: 0.9689 | VaAcc: 0.9404 | TeAcc: 0.9570
 S NN | TrAcc: 0.9673 | VaAcc: 0.9419 | TeAcc: 0.9565

319,  0 | TrAcc: 0.9717, TrLoss:  0.10629, VaAcc: 0.9419, VaLoss:  0.21369
 MAP NN | TrAcc: 0.9703 | VaAcc: 0.9424 | TeAcc: 0.9619
 S NN | TrAcc: 0.9681 | VaAcc: 0.9409 | TeAcc: 0.9590

320,  0 | TrAcc: 0.9720, TrLoss:  0.10625, VaAcc: 0.9443, VaLoss:  0.21758
 MAP NN | TrAcc: 0.9725 | VaAcc: 0.9448 | TeAcc: 0.9600
 S NN | TrAcc: 0.9717 | VaAcc: 0.9438 | TeAcc: 0.9580

321,  0 | TrAcc: 0.9708, TrLoss:  0.10922, VaAcc: 0.9355, VaLoss:  0.22502
 MAP NN | TrAcc: 0.9703 | VaAcc: 0.9399 | TeAcc: 0.9575
 S NN | TrAcc: 0.9685 | VaAcc: 0.9395 | TeAcc: 0.9580

322,  0 | TrAcc: 0.9733, TrLoss:  0.10231, VaAcc: 0.9478, VaLoss:  0.20855
 MAP NN | TrAcc: 0.9694 | VaAcc: 0.9448 | TeAcc: 0.9580
 S NN | TrAcc: 0.9712 | VaAcc: 0.9438 | TeAcc: 0.9565

323,  0 | TrAcc: 0.9662, TrLoss:  0.12383, VaAcc: 0.9346, VaLoss:  0.27196
 MAP NN | TrAcc: 0.9634 | VaAcc: 0.9360 | TeAcc: 0.9595
 S NN | TrAcc: 0.9606 | VaAcc: 0.9395 | TeAcc: 0.9580

324,  0 | TrAcc: 0.9747, TrLoss:  0.09965, VaAcc: 0.9448, VaLoss:  0.20858
 MAP NN | TrAcc: 0.9758 | VaAcc: 0.9443 | TeAcc: 0.9585
 S NN | TrAcc: 0.9719 | VaAcc: 0.9434 | TeAcc: 0.9570

325,  0 | TrAcc: 0.9738, TrLoss:  0.10240, VaAcc: 0.9424, VaLoss:  0.21223
 MAP NN | TrAcc: 0.9733 | VaAcc: 0.9429 | TeAcc: 0.9580
 S NN | TrAcc: 0.9730 | VaAcc: 0.9395 | TeAcc: 0.9585

326,  0 | TrAcc: 0.9747, TrLoss:  0.09882, VaAcc: 0.9399, VaLoss:  0.20999
 MAP NN | TrAcc: 0.9725 | VaAcc: 0.9395 | TeAcc: 0.9614
 S NN | TrAcc: 0.9727 | VaAcc: 0.9399 | TeAcc: 0.9565

327,  0 | TrAcc: 0.9713, TrLoss:  0.10768, VaAcc: 0.9409, VaLoss:  0.22365
 MAP NN | TrAcc: 0.9735 | VaAcc: 0.9395 | TeAcc: 0.9595
 S NN | TrAcc: 0.9703 | VaAcc: 0.9395 | TeAcc: 0.9590

328,  0 | TrAcc: 0.9713, TrLoss:  0.10562, VaAcc: 0.9375, VaLoss:  0.22316
 MAP NN | TrAcc: 0.9723 | VaAcc: 0.9395 | TeAcc: 0.9561
 S NN | TrAcc: 0.9718 | VaAcc: 0.9370 | TeAcc: 0.9565

329,  0 | TrAcc: 0.9725, TrLoss:  0.10265, VaAcc: 0.9404, VaLoss:  0.22286
 MAP NN | TrAcc: 0.9735 | VaAcc: 0.9399 | TeAcc: 0.9546
 S NN | TrAcc: 0.9712 | VaAcc: 0.9404 | TeAcc: 0.9551

330,  0 | TrAcc: 0.9713, TrLoss:  0.10729, VaAcc: 0.9409, VaLoss:  0.22830
 MAP NN | TrAcc: 0.9705 | VaAcc: 0.9390 | TeAcc: 0.9575
 S NN | TrAcc: 0.9708 | VaAcc: 0.9375 | TeAcc: 0.9546

331,  0 | TrAcc: 0.9724, TrLoss:  0.10703, VaAcc: 0.9463, VaLoss:  0.22392
 MAP NN | TrAcc: 0.9736 | VaAcc: 0.9409 | TeAcc: 0.9546
 S NN | TrAcc: 0.9713 | VaAcc: 0.9414 | TeAcc: 0.9546

332,  0 | TrAcc: 0.9761, TrLoss:  0.09607, VaAcc: 0.9429, VaLoss:  0.21454
 MAP NN | TrAcc: 0.9746 | VaAcc: 0.9448 | TeAcc: 0.9570
 S NN | TrAcc: 0.9727 | VaAcc: 0.9424 | TeAcc: 0.9585

333,  0 | TrAcc: 0.9689, TrLoss:  0.11419, VaAcc: 0.9424, VaLoss:  0.21618
 MAP NN | TrAcc: 0.9674 | VaAcc: 0.9409 | TeAcc: 0.9551
 S NN | TrAcc: 0.9652 | VaAcc: 0.9399 | TeAcc: 0.9570

334,  0 | TrAcc: 0.9688, TrLoss:  0.11325, VaAcc: 0.9438, VaLoss:  0.21906
 MAP NN | TrAcc: 0.9681 | VaAcc: 0.9463 | TeAcc: 0.9585
 S NN | TrAcc: 0.9677 | VaAcc: 0.9443 | TeAcc: 0.9536

335,  0 | TrAcc: 0.9735, TrLoss:  0.10223, VaAcc: 0.9424, VaLoss:  0.21571
 MAP NN | TrAcc: 0.9736 | VaAcc: 0.9429 | TeAcc: 0.9600
 S NN | TrAcc: 0.9714 | VaAcc: 0.9424 | TeAcc: 0.9595

336,  0 | TrAcc: 0.9707, TrLoss:  0.10591, VaAcc: 0.9385, VaLoss:  0.22066
 MAP NN | TrAcc: 0.9707 | VaAcc: 0.9395 | TeAcc: 0.9585
 S NN | TrAcc: 0.9723 | VaAcc: 0.9375 | TeAcc: 0.9604

337,  0 | TrAcc: 0.9749, TrLoss:  0.09767, VaAcc: 0.9473, VaLoss:  0.22007
 MAP NN | TrAcc: 0.9745 | VaAcc: 0.9448 | TeAcc: 0.9556
 S NN | TrAcc: 0.9738 | VaAcc: 0.9438 | TeAcc: 0.9561

338,  0 | TrAcc: 0.9772, TrLoss:  0.09606, VaAcc: 0.9414, VaLoss:  0.21235
 MAP NN | TrAcc: 0.9773 | VaAcc: 0.9438 | TeAcc: 0.9565
 S NN | TrAcc: 0.9753 | VaAcc: 0.9453 | TeAcc: 0.9556

339,  0 | TrAcc: 0.9753, TrLoss:  0.09185, VaAcc: 0.9443, VaLoss:  0.21031
 MAP NN | TrAcc: 0.9753 | VaAcc: 0.9438 | TeAcc: 0.9580
 S NN | TrAcc: 0.9736 | VaAcc: 0.9414 | TeAcc: 0.9604

340,  0 | TrAcc: 0.9708, TrLoss:  0.11475, VaAcc: 0.9380, VaLoss:  0.22763
 MAP NN | TrAcc: 0.9708 | VaAcc: 0.9370 | TeAcc: 0.9561
 S NN | TrAcc: 0.9678 | VaAcc: 0.9385 | TeAcc: 0.6597

341,  0 | TrAcc: 0.9707, TrLoss:  0.11191, VaAcc: 0.9414, VaLoss:  0.23024
 MAP NN | TrAcc: 0.9720 | VaAcc: 0.9429 | TeAcc: 0.9595
 S NN | TrAcc: 0.9685 | VaAcc: 0.9409 | TeAcc: 0.9590

342,  0 | TrAcc: 0.9749, TrLoss:  0.10008, VaAcc: 0.9424, VaLoss:  0.21172
 MAP NN | TrAcc: 0.9747 | VaAcc: 0.9424 | TeAcc: 0.9604
 S NN | TrAcc: 0.9727 | VaAcc: 0.9443 | TeAcc: 0.9580

343,  0 | TrAcc: 0.9667, TrLoss:  0.12110, VaAcc: 0.9380, VaLoss:  0.22412
 MAP NN | TrAcc: 0.9656 | VaAcc: 0.9404 | TeAcc: 0.9580
 S NN | TrAcc: 0.9662 | VaAcc: 0.9380 | TeAcc: 0.9570

344,  0 | TrAcc: 0.9718, TrLoss:  0.10787, VaAcc: 0.9434, VaLoss:  0.21363
 MAP NN | TrAcc: 0.9709 | VaAcc: 0.9478 | TeAcc: 0.9619
 S NN | TrAcc: 0.9717 | VaAcc: 0.9424 | TeAcc: 0.9614

345,  0 | TrAcc: 0.9679, TrLoss:  0.11539, VaAcc: 0.9429, VaLoss:  0.20679
 MAP NN | TrAcc: 0.9706 | VaAcc: 0.9404 | TeAcc: 0.9595
 S NN | TrAcc: 0.9670 | VaAcc: 0.9404 | TeAcc: 0.9580

346,  0 | TrAcc: 0.9720, TrLoss:  0.10463, VaAcc: 0.9443, VaLoss:  0.21250
 MAP NN | TrAcc: 0.9717 | VaAcc: 0.9404 | TeAcc: 0.9595
 S NN | TrAcc: 0.9709 | VaAcc: 0.9453 | TeAcc: 0.9580

347,  0 | TrAcc: 0.9696, TrLoss:  0.10996, VaAcc: 0.9404, VaLoss:  0.21971
 MAP NN | TrAcc: 0.9696 | VaAcc: 0.9424 | TeAcc: 0.9595
 S NN | TrAcc: 0.9691 | VaAcc: 0.9434 | TeAcc: 0.9585

348,  0 | TrAcc: 0.9716, TrLoss:  0.10636, VaAcc: 0.9438, VaLoss:  0.21425
 MAP NN | TrAcc: 0.9728 | VaAcc: 0.9443 | TeAcc: 0.9585
 S NN | TrAcc: 0.9701 | VaAcc: 0.9380 | TeAcc: 0.9595

349,  0 | TrAcc: 0.9725, TrLoss:  0.10643, VaAcc: 0.9438, VaLoss:  0.21919
 MAP NN | TrAcc: 0.9725 | VaAcc: 0.9448 | TeAcc: 0.9624
 S NN | TrAcc: 0.9707 | VaAcc: 0.9419 | TeAcc: 0.9604

350,  0 | TrAcc: 0.9701, TrLoss:  0.10799, VaAcc: 0.9409, VaLoss:  0.22186
 MAP NN | TrAcc: 0.9706 | VaAcc: 0.9399 | TeAcc: 0.9580
 S NN | TrAcc: 0.9691 | VaAcc: 0.9390 | TeAcc: 0.9551

351,  0 | TrAcc: 0.9761, TrLoss:  0.09352, VaAcc: 0.9453, VaLoss:  0.20586
 MAP NN | TrAcc: 0.9760 | VaAcc: 0.9453 | TeAcc: 0.9600
 S NN | TrAcc: 0.9746 | VaAcc: 0.9424 | TeAcc: 0.9600

352,  0 | TrAcc: 0.9750, TrLoss:  0.09663, VaAcc: 0.9419, VaLoss:  0.21891
 MAP NN | TrAcc: 0.9762 | VaAcc: 0.9414 | TeAcc: 0.9580
 S NN | TrAcc: 0.9749 | VaAcc: 0.9434 | TeAcc: 0.9580

353,  0 | TrAcc: 0.9755, TrLoss:  0.09966, VaAcc: 0.9404, VaLoss:  0.22541
 MAP NN | TrAcc: 0.9730 | VaAcc: 0.9424 | TeAcc: 0.9580
 S NN | TrAcc: 0.9734 | VaAcc: 0.9434 | TeAcc: 0.9570

354,  0 | TrAcc: 0.9722, TrLoss:  0.10246, VaAcc: 0.9448, VaLoss:  0.21262
 MAP NN | TrAcc: 0.9733 | VaAcc: 0.9463 | TeAcc: 0.9585
 S NN | TrAcc: 0.9734 | VaAcc: 0.9463 | TeAcc: 0.9575

355,  0 | TrAcc: 0.9688, TrLoss:  0.11005, VaAcc: 0.9429, VaLoss:  0.21806
 MAP NN | TrAcc: 0.9694 | VaAcc: 0.9424 | TeAcc: 0.9570
 S NN | TrAcc: 0.9685 | VaAcc: 0.9409 | TeAcc: 0.9590

356,  0 | TrAcc: 0.9730, TrLoss:  0.09843, VaAcc: 0.9404, VaLoss:  0.22145
 MAP NN | TrAcc: 0.9746 | VaAcc: 0.9429 | TeAcc: 0.9585
 S NN | TrAcc: 0.9725 | VaAcc: 0.9419 | TeAcc: 0.9561

357,  0 | TrAcc: 0.9773, TrLoss:  0.09291, VaAcc: 0.9468, VaLoss:  0.21993
 MAP NN | TrAcc: 0.9757 | VaAcc: 0.9448 | TeAcc: 0.9609
 S NN | TrAcc: 0.9734 | VaAcc: 0.9404 | TeAcc: 0.9614

358,  0 | TrAcc: 0.9766, TrLoss:  0.09349, VaAcc: 0.9404, VaLoss:  0.22902
 MAP NN | TrAcc: 0.9766 | VaAcc: 0.9414 | TeAcc: 0.9600
 S NN | TrAcc: 0.9747 | VaAcc: 0.9395 | TeAcc: 0.9595

359,  0 | TrAcc: 0.9771, TrLoss:  0.08888, VaAcc: 0.9473, VaLoss:  0.21733
 MAP NN | TrAcc: 0.9774 | VaAcc: 0.9482 | TeAcc: 0.9624
 S NN | TrAcc: 0.9751 | VaAcc: 0.9478 | TeAcc: 0.9629

360,  0 | TrAcc: 0.9767, TrLoss:  0.09166, VaAcc: 0.9434, VaLoss:  0.22018
 MAP NN | TrAcc: 0.9774 | VaAcc: 0.9463 | TeAcc: 0.9600
 S NN | TrAcc: 0.9760 | VaAcc: 0.9424 | TeAcc: 0.9595

361,  0 | TrAcc: 0.9767, TrLoss:  0.09307, VaAcc: 0.9448, VaLoss:  0.21169
 MAP NN | TrAcc: 0.9764 | VaAcc: 0.9453 | TeAcc: 0.9614
 S NN | TrAcc: 0.9723 | VaAcc: 0.9434 | TeAcc: 0.9600

362,  0 | TrAcc: 0.9734, TrLoss:  0.09630, VaAcc: 0.9399, VaLoss:  0.22642
 MAP NN | TrAcc: 0.9760 | VaAcc: 0.9395 | TeAcc: 0.9614
 S NN | TrAcc: 0.9746 | VaAcc: 0.9404 | TeAcc: 0.9609

363,  0 | TrAcc: 0.9762, TrLoss:  0.09369, VaAcc: 0.9429, VaLoss:  0.20971
 MAP NN | TrAcc: 0.9779 | VaAcc: 0.9448 | TeAcc: 0.9590
 S NN | TrAcc: 0.9763 | VaAcc: 0.9424 | TeAcc: 0.9565

364,  0 | TrAcc: 0.9742, TrLoss:  0.09775, VaAcc: 0.9463, VaLoss:  0.21279
 MAP NN | TrAcc: 0.9746 | VaAcc: 0.9429 | TeAcc: 0.9604
 S NN | TrAcc: 0.9749 | VaAcc: 0.9453 | TeAcc: 0.9604

365,  0 | TrAcc: 0.9768, TrLoss:  0.09242, VaAcc: 0.9458, VaLoss:  0.22827
 MAP NN | TrAcc: 0.9766 | VaAcc: 0.9370 | TeAcc: 0.9595
 S NN | TrAcc: 0.9739 | VaAcc: 0.9399 | TeAcc: 0.9575

366,  0 | TrAcc: 0.9778, TrLoss:  0.08953, VaAcc: 0.9458, VaLoss:  0.21873
 MAP NN | TrAcc: 0.9775 | VaAcc: 0.9424 | TeAcc: 0.9580
 S NN | TrAcc: 0.9750 | VaAcc: 0.9414 | TeAcc: 0.9600

367,  0 | TrAcc: 0.9718, TrLoss:  0.10250, VaAcc: 0.9424, VaLoss:  0.22142
 MAP NN | TrAcc: 0.9740 | VaAcc: 0.9443 | TeAcc: 0.9570
 S NN | TrAcc: 0.9714 | VaAcc: 0.9434 | TeAcc: 0.9556

368,  0 | TrAcc: 0.9669, TrLoss:  0.11499, VaAcc: 0.9404, VaLoss:  0.23195
 MAP NN | TrAcc: 0.9690 | VaAcc: 0.9399 | TeAcc: 0.9551
 S NN | TrAcc: 0.9692 | VaAcc: 0.9355 | TeAcc: 0.9536

369,  0 | TrAcc: 0.9681, TrLoss:  0.11326, VaAcc: 0.9453, VaLoss:  0.22274
 MAP NN | TrAcc: 0.9707 | VaAcc: 0.9463 | TeAcc: 0.9570
 S NN | TrAcc: 0.9686 | VaAcc: 0.9492 | TeAcc: 0.9565

370,  0 | TrAcc: 0.9728, TrLoss:  0.10634, VaAcc: 0.9390, VaLoss:  0.23754
 MAP NN | TrAcc: 0.9705 | VaAcc: 0.9419 | TeAcc: 0.9541
 S NN | TrAcc: 0.9722 | VaAcc: 0.9414 | TeAcc: 0.9551

371,  0 | TrAcc: 0.9750, TrLoss:  0.09602, VaAcc: 0.9473, VaLoss:  0.21158
 MAP NN | TrAcc: 0.9762 | VaAcc: 0.9438 | TeAcc: 0.9585
 S NN | TrAcc: 0.9762 | VaAcc: 0.9429 | TeAcc: 0.9604

372,  0 | TrAcc: 0.9763, TrLoss:  0.09308, VaAcc: 0.9473, VaLoss:  0.20780
 MAP NN | TrAcc: 0.9758 | VaAcc: 0.9448 | TeAcc: 0.9590
 S NN | TrAcc: 0.9745 | VaAcc: 0.9463 | TeAcc: 0.9634

373,  0 | TrAcc: 0.9767, TrLoss:  0.09097, VaAcc: 0.9419, VaLoss:  0.21375
 MAP NN | TrAcc: 0.9773 | VaAcc: 0.9463 | TeAcc: 0.9575
 S NN | TrAcc: 0.9766 | VaAcc: 0.9429 | TeAcc: 0.9575

374,  0 | TrAcc: 0.9753, TrLoss:  0.09273, VaAcc: 0.9458, VaLoss:  0.21872
 MAP NN | TrAcc: 0.9757 | VaAcc: 0.9463 | TeAcc: 0.9614
 S NN | TrAcc: 0.9771 | VaAcc: 0.9458 | TeAcc: 0.9614

375,  0 | TrAcc: 0.9740, TrLoss:  0.09914, VaAcc: 0.9448, VaLoss:  0.22376
 MAP NN | TrAcc: 0.9736 | VaAcc: 0.9438 | TeAcc: 0.9629
 S NN | TrAcc: 0.9707 | VaAcc: 0.9453 | TeAcc: 0.9629

376,  0 | TrAcc: 0.9747, TrLoss:  0.09861, VaAcc: 0.9463, VaLoss:  0.21926
 MAP NN | TrAcc: 0.9734 | VaAcc: 0.9448 | TeAcc: 0.9590
 S NN | TrAcc: 0.9729 | VaAcc: 0.9473 | TeAcc: 0.9580

377,  0 | TrAcc: 0.9773, TrLoss:  0.09124, VaAcc: 0.9448, VaLoss:  0.20799
 MAP NN | TrAcc: 0.9773 | VaAcc: 0.9414 | TeAcc: 0.9609
 S NN | TrAcc: 0.9769 | VaAcc: 0.9429 | TeAcc: 0.9609

378,  0 | TrAcc: 0.9753, TrLoss:  0.09690, VaAcc: 0.9463, VaLoss:  0.21401
 MAP NN | TrAcc: 0.9752 | VaAcc: 0.9453 | TeAcc: 0.9614
 S NN | TrAcc: 0.9746 | VaAcc: 0.9478 | TeAcc: 0.9600

379,  0 | TrAcc: 0.9728, TrLoss:  0.09825, VaAcc: 0.9429, VaLoss:  0.22338
 MAP NN | TrAcc: 0.9729 | VaAcc: 0.9414 | TeAcc: 0.9575
 S NN | TrAcc: 0.9724 | VaAcc: 0.9424 | TeAcc: 0.9556

380,  0 | TrAcc: 0.9735, TrLoss:  0.09680, VaAcc: 0.9395, VaLoss:  0.22915
 MAP NN | TrAcc: 0.9733 | VaAcc: 0.9399 | TeAcc: 0.9570
 S NN | TrAcc: 0.9716 | VaAcc: 0.9375 | TeAcc: 0.9570

381,  0 | TrAcc: 0.9634, TrLoss:  0.12308, VaAcc: 0.9385, VaLoss:  0.23208
 MAP NN | TrAcc: 0.9647 | VaAcc: 0.9414 | TeAcc: 0.9580
 S NN | TrAcc: 0.9619 | VaAcc: 0.9419 | TeAcc: 0.9556

382,  0 | TrAcc: 0.9592, TrLoss:  0.13704, VaAcc: 0.9419, VaLoss:  0.24187
 MAP NN | TrAcc: 0.9584 | VaAcc: 0.9370 | TeAcc: 0.9580
 S NN | TrAcc: 0.9569 | VaAcc: 0.9365 | TeAcc: 0.9580

383,  0 | TrAcc: 0.9712, TrLoss:  0.10763, VaAcc: 0.9419, VaLoss:  0.21547
 MAP NN | TrAcc: 0.9700 | VaAcc: 0.9443 | TeAcc: 0.9585
 S NN | TrAcc: 0.9688 | VaAcc: 0.9434 | TeAcc: 0.9561

384,  0 | TrAcc: 0.9698, TrLoss:  0.10980, VaAcc: 0.9399, VaLoss:  0.23006
 MAP NN | TrAcc: 0.9686 | VaAcc: 0.9414 | TeAcc: 0.9565
 S NN | TrAcc: 0.9670 | VaAcc: 0.9429 | TeAcc: 0.9556

385,  0 | TrAcc: 0.9705, TrLoss:  0.10719, VaAcc: 0.9395, VaLoss:  0.22494
 MAP NN | TrAcc: 0.9696 | VaAcc: 0.9424 | TeAcc: 0.9595
 S NN | TrAcc: 0.9692 | VaAcc: 0.9429 | TeAcc: 0.9570

386,  0 | TrAcc: 0.9709, TrLoss:  0.10699, VaAcc: 0.9453, VaLoss:  0.22879
 MAP NN | TrAcc: 0.9701 | VaAcc: 0.9434 | TeAcc: 0.9556
 S NN | TrAcc: 0.9711 | VaAcc: 0.9434 | TeAcc: 0.9575

387,  0 | TrAcc: 0.9750, TrLoss:  0.09554, VaAcc: 0.9463, VaLoss:  0.21131
 MAP NN | TrAcc: 0.9745 | VaAcc: 0.9453 | TeAcc: 0.9590
 S NN | TrAcc: 0.9730 | VaAcc: 0.9453 | TeAcc: 0.9595

388,  0 | TrAcc: 0.9769, TrLoss:  0.08881, VaAcc: 0.9419, VaLoss:  0.21965
 MAP NN | TrAcc: 0.9756 | VaAcc: 0.9443 | TeAcc: 0.9565
 S NN | TrAcc: 0.9735 | VaAcc: 0.9419 | TeAcc: 0.9570

389,  0 | TrAcc: 0.9791, TrLoss:  0.08520, VaAcc: 0.9443, VaLoss:  0.22048
 MAP NN | TrAcc: 0.9785 | VaAcc: 0.9448 | TeAcc: 0.9600
 S NN | TrAcc: 0.9755 | VaAcc: 0.9443 | TeAcc: 0.9580

390,  0 | TrAcc: 0.9783, TrLoss:  0.08776, VaAcc: 0.9424, VaLoss:  0.20860
 MAP NN | TrAcc: 0.9766 | VaAcc: 0.9434 | TeAcc: 0.9590
 S NN | TrAcc: 0.9775 | VaAcc: 0.9434 | TeAcc: 0.9604

391,  0 | TrAcc: 0.9783, TrLoss:  0.08355, VaAcc: 0.9497, VaLoss:  0.20519
 MAP NN | TrAcc: 0.9792 | VaAcc: 0.9468 | TeAcc: 0.9619
 S NN | TrAcc: 0.9784 | VaAcc: 0.9443 | TeAcc: 0.9639

392,  0 | TrAcc: 0.9763, TrLoss:  0.09168, VaAcc: 0.9424, VaLoss:  0.22508
 MAP NN | TrAcc: 0.9772 | VaAcc: 0.9468 | TeAcc: 0.9634
 S NN | TrAcc: 0.9755 | VaAcc: 0.9443 | TeAcc: 0.9561

393,  0 | TrAcc: 0.9777, TrLoss:  0.08573, VaAcc: 0.9492, VaLoss:  0.21117
 MAP NN | TrAcc: 0.9775 | VaAcc: 0.9487 | TeAcc: 0.9585
 S NN | TrAcc: 0.9753 | VaAcc: 0.9458 | TeAcc: 0.9580

394,  0 | TrAcc: 0.9747, TrLoss:  0.09587, VaAcc: 0.9448, VaLoss:  0.22406
 MAP NN | TrAcc: 0.9751 | VaAcc: 0.9438 | TeAcc: 0.9580
 S NN | TrAcc: 0.9730 | VaAcc: 0.9463 | TeAcc: 0.9575

395,  0 | TrAcc: 0.9773, TrLoss:  0.08829, VaAcc: 0.9443, VaLoss:  0.21232
 MAP NN | TrAcc: 0.9763 | VaAcc: 0.9443 | TeAcc: 0.9619
 S NN | TrAcc: 0.9758 | VaAcc: 0.9448 | TeAcc: 0.9595

396,  0 | TrAcc: 0.9771, TrLoss:  0.08857, VaAcc: 0.9463, VaLoss:  0.22327
 MAP NN | TrAcc: 0.9767 | VaAcc: 0.9443 | TeAcc: 0.9570
 S NN | TrAcc: 0.9756 | VaAcc: 0.9414 | TeAcc: 0.9590

397,  0 | TrAcc: 0.9791, TrLoss:  0.08509, VaAcc: 0.9453, VaLoss:  0.22247
 MAP NN | TrAcc: 0.9792 | VaAcc: 0.9453 | TeAcc: 0.9600
 S NN | TrAcc: 0.9756 | VaAcc: 0.9443 | TeAcc: 0.9600

398,  0 | TrAcc: 0.9781, TrLoss:  0.08585, VaAcc: 0.9429, VaLoss:  0.22006
 MAP NN | TrAcc: 0.9778 | VaAcc: 0.9453 | TeAcc: 0.9614
 S NN | TrAcc: 0.9762 | VaAcc: 0.9414 | TeAcc: 0.9629

399,  0 | TrAcc: 0.9796, TrLoss:  0.08245, VaAcc: 0.9478, VaLoss:  0.21531
 MAP NN | TrAcc: 0.9775 | VaAcc: 0.9453 | TeAcc: 0.9614
 S NN | TrAcc: 0.9786 | VaAcc: 0.9434 | TeAcc: 0.9639

400,  0 | TrAcc: 0.9711, TrLoss:  0.10113, VaAcc: 0.9424, VaLoss:  0.22936
 MAP NN | TrAcc: 0.9720 | VaAcc: 0.9448 | TeAcc: 0.9629
 S NN | TrAcc: 0.9705 | VaAcc: 0.9434 | TeAcc: 0.9609

401,  0 | TrAcc: 0.9738, TrLoss:  0.09850, VaAcc: 0.9443, VaLoss:  0.22232
 MAP NN | TrAcc: 0.9729 | VaAcc: 0.9453 | TeAcc: 0.9595
 S NN | TrAcc: 0.9729 | VaAcc: 0.9453 | TeAcc: 0.9580

402,  0 | TrAcc: 0.9576, TrLoss:  0.14031, VaAcc: 0.9395, VaLoss:  0.23592
 MAP NN | TrAcc: 0.9579 | VaAcc: 0.9385 | TeAcc: 0.9521
 S NN | TrAcc: 0.9589 | VaAcc: 0.9385 | TeAcc: 0.9541

403,  0 | TrAcc: 0.9658, TrLoss:  0.12196, VaAcc: 0.9395, VaLoss:  0.23565
 MAP NN | TrAcc: 0.9664 | VaAcc: 0.9409 | TeAcc: 0.9570
 S NN | TrAcc: 0.9646 | VaAcc: 0.9429 | TeAcc: 0.9585

404,  0 | TrAcc: 0.9691, TrLoss:  0.11793, VaAcc: 0.9370, VaLoss:  0.24223
 MAP NN | TrAcc: 0.9680 | VaAcc: 0.9365 | TeAcc: 0.9565
 S NN | TrAcc: 0.9673 | VaAcc: 0.9351 | TeAcc: 0.9565

405,  0 | TrAcc: 0.9648, TrLoss:  0.13177, VaAcc: 0.9355, VaLoss:  0.25570
 MAP NN | TrAcc: 0.9635 | VaAcc: 0.9312 | TeAcc: 0.6611
 S NN | TrAcc: 0.9653 | VaAcc: 0.9365 | TeAcc: 0.9546

406,  0 | TrAcc: 0.9457, TrLoss:  0.17629, VaAcc: 0.9258, VaLoss:  0.27051
 MAP NN | TrAcc: 0.9462 | VaAcc: 0.9243 | TeAcc: 0.9512
 S NN | TrAcc: 0.9423 | VaAcc: 0.9272 | TeAcc: 0.9492

407,  0 | TrAcc: 0.9600, TrLoss:  0.13657, VaAcc: 0.9385, VaLoss:  0.24818
 MAP NN | TrAcc: 0.9606 | VaAcc: 0.9390 | TeAcc: 0.9551
 S NN | TrAcc: 0.9580 | VaAcc: 0.9385 | TeAcc: 0.9546

408,  0 | TrAcc: 0.9680, TrLoss:  0.11695, VaAcc: 0.9429, VaLoss:  0.22237
 MAP NN | TrAcc: 0.9672 | VaAcc: 0.9414 | TeAcc: 0.9595
 S NN | TrAcc: 0.9657 | VaAcc: 0.9429 | TeAcc: 0.9595

409,  0 | TrAcc: 0.9711, TrLoss:  0.10196, VaAcc: 0.9419, VaLoss:  0.22035
 MAP NN | TrAcc: 0.9716 | VaAcc: 0.9404 | TeAcc: 0.9600
 S NN | TrAcc: 0.9674 | VaAcc: 0.9380 | TeAcc: 0.9585

410,  0 | TrAcc: 0.9640, TrLoss:  0.12743, VaAcc: 0.9390, VaLoss:  0.23547
 MAP NN | TrAcc: 0.9652 | VaAcc: 0.9365 | TeAcc: 0.6621
 S NN | TrAcc: 0.9646 | VaAcc: 0.9375 | TeAcc: 0.6597

411,  0 | TrAcc: 0.9663, TrLoss:  0.11899, VaAcc: 0.9360, VaLoss:  0.23268
 MAP NN | TrAcc: 0.9664 | VaAcc: 0.9414 | TeAcc: 0.6680
 S NN | TrAcc: 0.9637 | VaAcc: 0.9404 | TeAcc: 0.9580

412,  0 | TrAcc: 0.9689, TrLoss:  0.10902, VaAcc: 0.9414, VaLoss:  0.23094
 MAP NN | TrAcc: 0.9685 | VaAcc: 0.9399 | TeAcc: 0.9600
 S NN | TrAcc: 0.9659 | VaAcc: 0.9385 | TeAcc: 0.9580

413,  0 | TrAcc: 0.9684, TrLoss:  0.11383, VaAcc: 0.9419, VaLoss:  0.22932
 MAP NN | TrAcc: 0.9698 | VaAcc: 0.9438 | TeAcc: 0.9609
 S NN | TrAcc: 0.9681 | VaAcc: 0.9419 | TeAcc: 0.9595

414,  0 | TrAcc: 0.9734, TrLoss:  0.09801, VaAcc: 0.9404, VaLoss:  0.22679
 MAP NN | TrAcc: 0.9725 | VaAcc: 0.9434 | TeAcc: 0.9600
 S NN | TrAcc: 0.9724 | VaAcc: 0.9434 | TeAcc: 0.9614

415,  0 | TrAcc: 0.9740, TrLoss:  0.09751, VaAcc: 0.9448, VaLoss:  0.21407
 MAP NN | TrAcc: 0.9729 | VaAcc: 0.9429 | TeAcc: 0.9570
 S NN | TrAcc: 0.9733 | VaAcc: 0.9419 | TeAcc: 0.9570

416,  0 | TrAcc: 0.9705, TrLoss:  0.11320, VaAcc: 0.9385, VaLoss:  0.22630
 MAP NN | TrAcc: 0.9695 | VaAcc: 0.9409 | TeAcc: 0.9561
 S NN | TrAcc: 0.9677 | VaAcc: 0.9419 | TeAcc: 0.9570

417,  0 | TrAcc: 0.9741, TrLoss:  0.09551, VaAcc: 0.9414, VaLoss:  0.22943
 MAP NN | TrAcc: 0.9755 | VaAcc: 0.9448 | TeAcc: 0.9604
 S NN | TrAcc: 0.9741 | VaAcc: 0.9434 | TeAcc: 0.9575

418,  0 | TrAcc: 0.9758, TrLoss:  0.09190, VaAcc: 0.9487, VaLoss:  0.20674
 MAP NN | TrAcc: 0.9749 | VaAcc: 0.9473 | TeAcc: 0.9595
 S NN | TrAcc: 0.9760 | VaAcc: 0.9443 | TeAcc: 0.9604

419,  0 | TrAcc: 0.9771, TrLoss:  0.08817, VaAcc: 0.9434, VaLoss:  0.21734
 MAP NN | TrAcc: 0.9761 | VaAcc: 0.9429 | TeAcc: 0.9619
 S NN | TrAcc: 0.9751 | VaAcc: 0.9473 | TeAcc: 0.9614

420,  0 | TrAcc: 0.9760, TrLoss:  0.08976, VaAcc: 0.9448, VaLoss:  0.20774
 MAP NN | TrAcc: 0.9760 | VaAcc: 0.9453 | TeAcc: 0.9614
 S NN | TrAcc: 0.9756 | VaAcc: 0.9458 | TeAcc: 0.9604

421,  0 | TrAcc: 0.9766, TrLoss:  0.08782, VaAcc: 0.9414, VaLoss:  0.22297
 MAP NN | TrAcc: 0.9772 | VaAcc: 0.9438 | TeAcc: 0.9595
 S NN | TrAcc: 0.9767 | VaAcc: 0.9458 | TeAcc: 0.9580

422,  0 | TrAcc: 0.9773, TrLoss:  0.08600, VaAcc: 0.9443, VaLoss:  0.21873
 MAP NN | TrAcc: 0.9772 | VaAcc: 0.9473 | TeAcc: 0.9590
 S NN | TrAcc: 0.9750 | VaAcc: 0.9434 | TeAcc: 0.9575

423,  0 | TrAcc: 0.9780, TrLoss:  0.08644, VaAcc: 0.9448, VaLoss:  0.22113
 MAP NN | TrAcc: 0.9788 | VaAcc: 0.9434 | TeAcc: 0.9575
 S NN | TrAcc: 0.9773 | VaAcc: 0.9429 | TeAcc: 0.9585

424,  0 | TrAcc: 0.9792, TrLoss:  0.08329, VaAcc: 0.9443, VaLoss:  0.21215
 MAP NN | TrAcc: 0.9788 | VaAcc: 0.9453 | TeAcc: 0.9634
 S NN | TrAcc: 0.9764 | VaAcc: 0.9468 | TeAcc: 0.9629

425,  0 | TrAcc: 0.9700, TrLoss:  0.10812, VaAcc: 0.9424, VaLoss:  0.22263
 MAP NN | TrAcc: 0.9703 | VaAcc: 0.9438 | TeAcc: 0.9604
 S NN | TrAcc: 0.9700 | VaAcc: 0.9390 | TeAcc: 0.6646

426,  0 | TrAcc: 0.9688, TrLoss:  0.11025, VaAcc: 0.9458, VaLoss:  0.21525
 MAP NN | TrAcc: 0.9661 | VaAcc: 0.9453 | TeAcc: 0.9570
 S NN | TrAcc: 0.9679 | VaAcc: 0.9409 | TeAcc: 0.9575

427,  0 | TrAcc: 0.9674, TrLoss:  0.11579, VaAcc: 0.9380, VaLoss:  0.24428
 MAP NN | TrAcc: 0.9658 | VaAcc: 0.9385 | TeAcc: 0.9575
 S NN | TrAcc: 0.9657 | VaAcc: 0.9370 | TeAcc: 0.9546

428,  0 | TrAcc: 0.9508, TrLoss:  0.17235, VaAcc: 0.9282, VaLoss:  0.28192
 MAP NN | TrAcc: 0.9482 | VaAcc: 0.9321 | TeAcc: 0.9443
 S NN | TrAcc: 0.9490 | VaAcc: 0.9321 | TeAcc: 0.9458

429,  0 | TrAcc: 0.9528, TrLoss:  0.15529, VaAcc: 0.9316, VaLoss:  0.24515
 MAP NN | TrAcc: 0.9548 | VaAcc: 0.9331 | TeAcc: 0.9521
 S NN | TrAcc: 0.9508 | VaAcc: 0.9341 | TeAcc: 0.9502

430,  0 | TrAcc: 0.9655, TrLoss:  0.12171, VaAcc: 0.9375, VaLoss:  0.24072
 MAP NN | TrAcc: 0.9666 | VaAcc: 0.9375 | TeAcc: 0.9541
 S NN | TrAcc: 0.9636 | VaAcc: 0.9355 | TeAcc: 0.9541

431,  0 | TrAcc: 0.9670, TrLoss:  0.11652, VaAcc: 0.9404, VaLoss:  0.23540
 MAP NN | TrAcc: 0.9662 | VaAcc: 0.9385 | TeAcc: 0.9546
 S NN | TrAcc: 0.9679 | VaAcc: 0.9390 | TeAcc: 0.9595

432,  0 | TrAcc: 0.9714, TrLoss:  0.10652, VaAcc: 0.9385, VaLoss:  0.22991
 MAP NN | TrAcc: 0.9722 | VaAcc: 0.9370 | TeAcc: 0.9585
 S NN | TrAcc: 0.9714 | VaAcc: 0.9409 | TeAcc: 0.9570

433,  0 | TrAcc: 0.9749, TrLoss:  0.09874, VaAcc: 0.9355, VaLoss:  0.23124
 MAP NN | TrAcc: 0.9752 | VaAcc: 0.9390 | TeAcc: 0.9561
 S NN | TrAcc: 0.9753 | VaAcc: 0.9399 | TeAcc: 0.9556

434,  0 | TrAcc: 0.9730, TrLoss:  0.10033, VaAcc: 0.9429, VaLoss:  0.21802
 MAP NN | TrAcc: 0.9718 | VaAcc: 0.9390 | TeAcc: 0.9575
 S NN | TrAcc: 0.9719 | VaAcc: 0.9429 | TeAcc: 0.9570

435,  0 | TrAcc: 0.9757, TrLoss:  0.09542, VaAcc: 0.9414, VaLoss:  0.22223
 MAP NN | TrAcc: 0.9747 | VaAcc: 0.9390 | TeAcc: 0.9561
 S NN | TrAcc: 0.9747 | VaAcc: 0.9438 | TeAcc: 0.9546

436,  0 | TrAcc: 0.9775, TrLoss:  0.08888, VaAcc: 0.9473, VaLoss:  0.20414
 MAP NN | TrAcc: 0.9779 | VaAcc: 0.9458 | TeAcc: 0.9575
 S NN | TrAcc: 0.9761 | VaAcc: 0.9458 | TeAcc: 0.9595

437,  0 | TrAcc: 0.9795, TrLoss:  0.08510, VaAcc: 0.9458, VaLoss:  0.21523
 MAP NN | TrAcc: 0.9778 | VaAcc: 0.9429 | TeAcc: 0.9546
 S NN | TrAcc: 0.9769 | VaAcc: 0.9434 | TeAcc: 0.9551

438,  0 | TrAcc: 0.9797, TrLoss:  0.08414, VaAcc: 0.9429, VaLoss:  0.22647
 MAP NN | TrAcc: 0.9795 | VaAcc: 0.9409 | TeAcc: 0.9614
 S NN | TrAcc: 0.9794 | VaAcc: 0.9404 | TeAcc: 0.9624

439,  0 | TrAcc: 0.9803, TrLoss:  0.08181, VaAcc: 0.9419, VaLoss:  0.21424
 MAP NN | TrAcc: 0.9802 | VaAcc: 0.9438 | TeAcc: 0.9600
 S NN | TrAcc: 0.9796 | VaAcc: 0.9434 | TeAcc: 0.9619

440,  0 | TrAcc: 0.9757, TrLoss:  0.08884, VaAcc: 0.9404, VaLoss:  0.21035
 MAP NN | TrAcc: 0.9757 | VaAcc: 0.9429 | TeAcc: 0.9536
 S NN | TrAcc: 0.9756 | VaAcc: 0.9434 | TeAcc: 0.9546

441,  0 | TrAcc: 0.9806, TrLoss:  0.08422, VaAcc: 0.9419, VaLoss:  0.22497
 MAP NN | TrAcc: 0.9812 | VaAcc: 0.9453 | TeAcc: 0.9570
 S NN | TrAcc: 0.9801 | VaAcc: 0.9424 | TeAcc: 0.9546

442,  0 | TrAcc: 0.9766, TrLoss:  0.09353, VaAcc: 0.9424, VaLoss:  0.22222
 MAP NN | TrAcc: 0.9751 | VaAcc: 0.9448 | TeAcc: 0.9614
 S NN | TrAcc: 0.9744 | VaAcc: 0.9453 | TeAcc: 0.9595

443,  0 | TrAcc: 0.9806, TrLoss:  0.08082, VaAcc: 0.9448, VaLoss:  0.21860
 MAP NN | TrAcc: 0.9802 | VaAcc: 0.9492 | TeAcc: 0.9609
 S NN | TrAcc: 0.9805 | VaAcc: 0.9468 | TeAcc: 0.9604

444,  0 | TrAcc: 0.9788, TrLoss:  0.08183, VaAcc: 0.9438, VaLoss:  0.21531
 MAP NN | TrAcc: 0.9791 | VaAcc: 0.9443 | TeAcc: 0.9595
 S NN | TrAcc: 0.9779 | VaAcc: 0.9443 | TeAcc: 0.9600

445,  0 | TrAcc: 0.9786, TrLoss:  0.08467, VaAcc: 0.9434, VaLoss:  0.22407
 MAP NN | TrAcc: 0.9803 | VaAcc: 0.9458 | TeAcc: 0.9575
 S NN | TrAcc: 0.9790 | VaAcc: 0.9458 | TeAcc: 0.9600

446,  0 | TrAcc: 0.9790, TrLoss:  0.08385, VaAcc: 0.9434, VaLoss:  0.21832
 MAP NN | TrAcc: 0.9805 | VaAcc: 0.9434 | TeAcc: 0.9614
 S NN | TrAcc: 0.9795 | VaAcc: 0.9414 | TeAcc: 0.9653

447,  0 | TrAcc: 0.9814, TrLoss:  0.07907, VaAcc: 0.9478, VaLoss:  0.21585
 MAP NN | TrAcc: 0.9797 | VaAcc: 0.9482 | TeAcc: 0.9624
 S NN | TrAcc: 0.9794 | VaAcc: 0.9443 | TeAcc: 0.9604

448,  0 | TrAcc: 0.9816, TrLoss:  0.07748, VaAcc: 0.9453, VaLoss:  0.21428
 MAP NN | TrAcc: 0.9801 | VaAcc: 0.9443 | TeAcc: 0.9590
 S NN | TrAcc: 0.9792 | VaAcc: 0.9419 | TeAcc: 0.9585

449,  0 | TrAcc: 0.9825, TrLoss:  0.07467, VaAcc: 0.9492, VaLoss:  0.21417
 MAP NN | TrAcc: 0.9824 | VaAcc: 0.9478 | TeAcc: 0.9624
 S NN | TrAcc: 0.9819 | VaAcc: 0.9482 | TeAcc: 0.9629

450,  0 | TrAcc: 0.9783, TrLoss:  0.08382, VaAcc: 0.9424, VaLoss:  0.22882
 MAP NN | TrAcc: 0.9779 | VaAcc: 0.9443 | TeAcc: 0.9629
 S NN | TrAcc: 0.9773 | VaAcc: 0.9429 | TeAcc: 0.9604

451,  0 | TrAcc: 0.9747, TrLoss:  0.09622, VaAcc: 0.9429, VaLoss:  0.22162
 MAP NN | TrAcc: 0.9744 | VaAcc: 0.9424 | TeAcc: 0.9590
 S NN | TrAcc: 0.9751 | VaAcc: 0.9463 | TeAcc: 0.9585

452,  0 | TrAcc: 0.9772, TrLoss:  0.08677, VaAcc: 0.9404, VaLoss:  0.22279
 MAP NN | TrAcc: 0.9789 | VaAcc: 0.9434 | TeAcc: 0.9590
 S NN | TrAcc: 0.9771 | VaAcc: 0.9414 | TeAcc: 0.9600

453,  0 | TrAcc: 0.9803, TrLoss:  0.08038, VaAcc: 0.9438, VaLoss:  0.22205
 MAP NN | TrAcc: 0.9813 | VaAcc: 0.9448 | TeAcc: 0.9634
 S NN | TrAcc: 0.9810 | VaAcc: 0.9443 | TeAcc: 0.9624

454,  0 | TrAcc: 0.9773, TrLoss:  0.08776, VaAcc: 0.9453, VaLoss:  0.22273
 MAP NN | TrAcc: 0.9761 | VaAcc: 0.9448 | TeAcc: 0.9634
 S NN | TrAcc: 0.9753 | VaAcc: 0.9443 | TeAcc: 0.9644

455,  0 | TrAcc: 0.9746, TrLoss:  0.09201, VaAcc: 0.9438, VaLoss:  0.22316
 MAP NN | TrAcc: 0.9758 | VaAcc: 0.9453 | TeAcc: 0.9600
 S NN | TrAcc: 0.9738 | VaAcc: 0.9458 | TeAcc: 0.9575

456,  0 | TrAcc: 0.9736, TrLoss:  0.09594, VaAcc: 0.9419, VaLoss:  0.22743
 MAP NN | TrAcc: 0.9740 | VaAcc: 0.9414 | TeAcc: 0.9565
 S NN | TrAcc: 0.9731 | VaAcc: 0.9424 | TeAcc: 0.9556

457,  0 | TrAcc: 0.9740, TrLoss:  0.10159, VaAcc: 0.9370, VaLoss:  0.23798
 MAP NN | TrAcc: 0.9741 | VaAcc: 0.9360 | TeAcc: 0.6646
 S NN | TrAcc: 0.9723 | VaAcc: 0.9360 | TeAcc: 0.6680

458,  0 | TrAcc: 0.9606, TrLoss:  0.13487, VaAcc: 0.9385, VaLoss:  0.24595
 MAP NN | TrAcc: 0.9594 | VaAcc: 0.9375 | TeAcc: 0.9512
 S NN | TrAcc: 0.9580 | VaAcc: 0.9375 | TeAcc: 0.9521

459,  0 | TrAcc: 0.9680, TrLoss:  0.11291, VaAcc: 0.9360, VaLoss:  0.24419
 MAP NN | TrAcc: 0.9670 | VaAcc: 0.9375 | TeAcc: 0.9541
 S NN | TrAcc: 0.9673 | VaAcc: 0.9331 | TeAcc: 0.9561

460,  0 | TrAcc: 0.9707, TrLoss:  0.10251, VaAcc: 0.9463, VaLoss:  0.21893
 MAP NN | TrAcc: 0.9703 | VaAcc: 0.9429 | TeAcc: 0.9595
 S NN | TrAcc: 0.9697 | VaAcc: 0.9429 | TeAcc: 0.9600

461,  0 | TrAcc: 0.9749, TrLoss:  0.09739, VaAcc: 0.9385, VaLoss:  0.22312
 MAP NN | TrAcc: 0.9753 | VaAcc: 0.9409 | TeAcc: 0.9570
 S NN | TrAcc: 0.9713 | VaAcc: 0.9409 | TeAcc: 0.9556

462,  0 | TrAcc: 0.9755, TrLoss:  0.09337, VaAcc: 0.9419, VaLoss:  0.22976
 MAP NN | TrAcc: 0.9755 | VaAcc: 0.9429 | TeAcc: 0.9590
 S NN | TrAcc: 0.9753 | VaAcc: 0.9404 | TeAcc: 0.9575

463,  0 | TrAcc: 0.9777, TrLoss:  0.08569, VaAcc: 0.9429, VaLoss:  0.21326
 MAP NN | TrAcc: 0.9767 | VaAcc: 0.9370 | TeAcc: 0.9585
 S NN | TrAcc: 0.9772 | VaAcc: 0.9390 | TeAcc: 0.9580

464,  0 | TrAcc: 0.9789, TrLoss:  0.08458, VaAcc: 0.9458, VaLoss:  0.21664
 MAP NN | TrAcc: 0.9777 | VaAcc: 0.9448 | TeAcc: 0.9570
 S NN | TrAcc: 0.9767 | VaAcc: 0.9438 | TeAcc: 0.9585

465,  0 | TrAcc: 0.9795, TrLoss:  0.08278, VaAcc: 0.9473, VaLoss:  0.21975
 MAP NN | TrAcc: 0.9779 | VaAcc: 0.9463 | TeAcc: 0.9585
 S NN | TrAcc: 0.9709 | VaAcc: 0.9438 | TeAcc: 0.9590

466,  0 | TrAcc: 0.9797, TrLoss:  0.08219, VaAcc: 0.9438, VaLoss:  0.21662
 MAP NN | TrAcc: 0.9792 | VaAcc: 0.9438 | TeAcc: 0.9624
 S NN | TrAcc: 0.9788 | VaAcc: 0.9443 | TeAcc: 0.9629

467,  0 | TrAcc: 0.9741, TrLoss:  0.09304, VaAcc: 0.9404, VaLoss:  0.22697
 MAP NN | TrAcc: 0.9769 | VaAcc: 0.9409 | TeAcc: 0.9590
 S NN | TrAcc: 0.9753 | VaAcc: 0.9424 | TeAcc: 0.9585

468,  0 | TrAcc: 0.9412, TrLoss:  0.21425, VaAcc: 0.9155, VaLoss:  0.36940
 MAP NN | TrAcc: 0.9341 | VaAcc: 0.9146 | TeAcc: 0.9409
 S NN | TrAcc: 0.9377 | VaAcc: 0.9126 | TeAcc: 0.9419

469,  0 | TrAcc: 0.9498, TrLoss:  0.16930, VaAcc: 0.9316, VaLoss:  0.27342
 MAP NN | TrAcc: 0.9498 | VaAcc: 0.9287 | TeAcc: 0.9507
 S NN | TrAcc: 0.9473 | VaAcc: 0.9302 | TeAcc: 0.9517

470,  0 | TrAcc: 0.9543, TrLoss:  0.15753, VaAcc: 0.9248, VaLoss:  0.26638
 MAP NN | TrAcc: 0.9568 | VaAcc: 0.9253 | TeAcc: 0.9478
 S NN | TrAcc: 0.9540 | VaAcc: 0.9253 | TeAcc: 0.9482

471,  0 | TrAcc: 0.9609, TrLoss:  0.13501, VaAcc: 0.9336, VaLoss:  0.23407
 MAP NN | TrAcc: 0.9608 | VaAcc: 0.9355 | TeAcc: 0.9570
 S NN | TrAcc: 0.9606 | VaAcc: 0.9346 | TeAcc: 0.9541

472,  0 | TrAcc: 0.9686, TrLoss:  0.11009, VaAcc: 0.9424, VaLoss:  0.22177
 MAP NN | TrAcc: 0.9685 | VaAcc: 0.9448 | TeAcc: 0.9536
 S NN | TrAcc: 0.9677 | VaAcc: 0.9419 | TeAcc: 0.9536

473,  0 | TrAcc: 0.9738, TrLoss:  0.10222, VaAcc: 0.9409, VaLoss:  0.22703
 MAP NN | TrAcc: 0.9714 | VaAcc: 0.9399 | TeAcc: 0.9536
 S NN | TrAcc: 0.9717 | VaAcc: 0.9409 | TeAcc: 0.9561

474,  0 | TrAcc: 0.9741, TrLoss:  0.09786, VaAcc: 0.9404, VaLoss:  0.22093
 MAP NN | TrAcc: 0.9727 | VaAcc: 0.9395 | TeAcc: 0.9570
 S NN | TrAcc: 0.9722 | VaAcc: 0.9375 | TeAcc: 0.9551

475,  0 | TrAcc: 0.9763, TrLoss:  0.09466, VaAcc: 0.9419, VaLoss:  0.22493
 MAP NN | TrAcc: 0.9774 | VaAcc: 0.9438 | TeAcc: 0.9609
 S NN | TrAcc: 0.9773 | VaAcc: 0.9404 | TeAcc: 0.9600

476,  0 | TrAcc: 0.9780, TrLoss:  0.08475, VaAcc: 0.9434, VaLoss:  0.21905
 MAP NN | TrAcc: 0.9773 | VaAcc: 0.9443 | TeAcc: 0.9619
 S NN | TrAcc: 0.9764 | VaAcc: 0.9443 | TeAcc: 0.9624

477,  0 | TrAcc: 0.9797, TrLoss:  0.07998, VaAcc: 0.9414, VaLoss:  0.22580
 MAP NN | TrAcc: 0.9800 | VaAcc: 0.9409 | TeAcc: 0.9600
 S NN | TrAcc: 0.9790 | VaAcc: 0.9399 | TeAcc: 0.9619

478,  0 | TrAcc: 0.9735, TrLoss:  0.09662, VaAcc: 0.9375, VaLoss:  0.23456
 MAP NN | TrAcc: 0.9746 | VaAcc: 0.9385 | TeAcc: 0.9629
 S NN | TrAcc: 0.9742 | VaAcc: 0.9380 | TeAcc: 0.9609

479,  0 | TrAcc: 0.9733, TrLoss:  0.09611, VaAcc: 0.9414, VaLoss:  0.22680
 MAP NN | TrAcc: 0.9729 | VaAcc: 0.9424 | TeAcc: 0.9546
 S NN | TrAcc: 0.9736 | VaAcc: 0.9399 | TeAcc: 0.9551

480,  0 | TrAcc: 0.9752, TrLoss:  0.08880, VaAcc: 0.9395, VaLoss:  0.22343
 MAP NN | TrAcc: 0.9762 | VaAcc: 0.9375 | TeAcc: 0.9600
 S NN | TrAcc: 0.9768 | VaAcc: 0.9375 | TeAcc: 0.9600

481,  0 | TrAcc: 0.9789, TrLoss:  0.08302, VaAcc: 0.9443, VaLoss:  0.21192
 MAP NN | TrAcc: 0.9781 | VaAcc: 0.9429 | TeAcc: 0.9575
 S NN | TrAcc: 0.9788 | VaAcc: 0.9448 | TeAcc: 0.9604

482,  0 | TrAcc: 0.9811, TrLoss:  0.07964, VaAcc: 0.9409, VaLoss:  0.22580
 MAP NN | TrAcc: 0.9811 | VaAcc: 0.9409 | TeAcc: 0.9604
 S NN | TrAcc: 0.9800 | VaAcc: 0.9404 | TeAcc: 0.9619

483,  0 | TrAcc: 0.9786, TrLoss:  0.08194, VaAcc: 0.9365, VaLoss:  0.23177
 MAP NN | TrAcc: 0.9795 | VaAcc: 0.9395 | TeAcc: 0.9556
 S NN | TrAcc: 0.9785 | VaAcc: 0.9395 | TeAcc: 0.9565

484,  0 | TrAcc: 0.9792, TrLoss:  0.07889, VaAcc: 0.9409, VaLoss:  0.21754
 MAP NN | TrAcc: 0.9796 | VaAcc: 0.9434 | TeAcc: 0.9565
 S NN | TrAcc: 0.9792 | VaAcc: 0.9438 | TeAcc: 0.9570

485,  0 | TrAcc: 0.9790, TrLoss:  0.08452, VaAcc: 0.9419, VaLoss:  0.21674
 MAP NN | TrAcc: 0.9778 | VaAcc: 0.9424 | TeAcc: 0.9614
 S NN | TrAcc: 0.9768 | VaAcc: 0.9443 | TeAcc: 0.9634

486,  0 | TrAcc: 0.9694, TrLoss:  0.11206, VaAcc: 0.9385, VaLoss:  0.24060
 MAP NN | TrAcc: 0.9686 | VaAcc: 0.9375 | TeAcc: 0.9595
 S NN | TrAcc: 0.9681 | VaAcc: 0.9360 | TeAcc: 0.9585

487,  0 | TrAcc: 0.9736, TrLoss:  0.09611, VaAcc: 0.9438, VaLoss:  0.22716
 MAP NN | TrAcc: 0.9744 | VaAcc: 0.9424 | TeAcc: 0.9590
 S NN | TrAcc: 0.9725 | VaAcc: 0.9429 | TeAcc: 0.9585

488,  0 | TrAcc: 0.9760, TrLoss:  0.09144, VaAcc: 0.9414, VaLoss:  0.22006
 MAP NN | TrAcc: 0.9772 | VaAcc: 0.9434 | TeAcc: 0.9565
 S NN | TrAcc: 0.9756 | VaAcc: 0.9434 | TeAcc: 0.9551

489,  0 | TrAcc: 0.9781, TrLoss:  0.08278, VaAcc: 0.9434, VaLoss:  0.21728
 MAP NN | TrAcc: 0.9799 | VaAcc: 0.9443 | TeAcc: 0.9629
 S NN | TrAcc: 0.9796 | VaAcc: 0.9438 | TeAcc: 0.9604

490,  0 | TrAcc: 0.9757, TrLoss:  0.08754, VaAcc: 0.9404, VaLoss:  0.22465
 MAP NN | TrAcc: 0.9772 | VaAcc: 0.9448 | TeAcc: 0.9595
 S NN | TrAcc: 0.9762 | VaAcc: 0.9429 | TeAcc: 0.9604

491,  0 | TrAcc: 0.9722, TrLoss:  0.09725, VaAcc: 0.9404, VaLoss:  0.22905
 MAP NN | TrAcc: 0.9713 | VaAcc: 0.9409 | TeAcc: 0.9570
 S NN | TrAcc: 0.9696 | VaAcc: 0.9399 | TeAcc: 0.9556

492,  0 | TrAcc: 0.9752, TrLoss:  0.09549, VaAcc: 0.9409, VaLoss:  0.22326
 MAP NN | TrAcc: 0.9739 | VaAcc: 0.9399 | TeAcc: 0.9585
 S NN | TrAcc: 0.9735 | VaAcc: 0.9414 | TeAcc: 0.9600

493,  0 | TrAcc: 0.9750, TrLoss:  0.09097, VaAcc: 0.9370, VaLoss:  0.23633
 MAP NN | TrAcc: 0.9768 | VaAcc: 0.9395 | TeAcc: 0.9561
 S NN | TrAcc: 0.9753 | VaAcc: 0.9375 | TeAcc: 0.9565

494,  0 | TrAcc: 0.9802, TrLoss:  0.08027, VaAcc: 0.9419, VaLoss:  0.22572
 MAP NN | TrAcc: 0.9792 | VaAcc: 0.9404 | TeAcc: 0.9595
 S NN | TrAcc: 0.9769 | VaAcc: 0.9419 | TeAcc: 0.9590

495,  0 | TrAcc: 0.9810, TrLoss:  0.07814, VaAcc: 0.9414, VaLoss:  0.21512
 MAP NN | TrAcc: 0.9810 | VaAcc: 0.9448 | TeAcc: 0.9565
 S NN | TrAcc: 0.9802 | VaAcc: 0.9443 | TeAcc: 0.9556

496,  0 | TrAcc: 0.9792, TrLoss:  0.07966, VaAcc: 0.9429, VaLoss:  0.21720
 MAP NN | TrAcc: 0.9794 | VaAcc: 0.9443 | TeAcc: 0.9590
 S NN | TrAcc: 0.9784 | VaAcc: 0.9458 | TeAcc: 0.9580

497,  0 | TrAcc: 0.9813, TrLoss:  0.07871, VaAcc: 0.9390, VaLoss:  0.22347
 MAP NN | TrAcc: 0.9807 | VaAcc: 0.9429 | TeAcc: 0.9604
 S NN | TrAcc: 0.9800 | VaAcc: 0.9414 | TeAcc: 0.9600

498,  0 | TrAcc: 0.9779, TrLoss:  0.08577, VaAcc: 0.9438, VaLoss:  0.21202
 MAP NN | TrAcc: 0.9762 | VaAcc: 0.9448 | TeAcc: 0.9609
 S NN | TrAcc: 0.9766 | VaAcc: 0.9438 | TeAcc: 0.9585

499,  0 | TrAcc: 0.9791, TrLoss:  0.08001, VaAcc: 0.9409, VaLoss:  0.23093
 MAP NN | TrAcc: 0.9795 | VaAcc: 0.9395 | TeAcc: 0.9590
 S NN | TrAcc: 0.9788 | VaAcc: 0.9404 | TeAcc: 0.9570

Results for va_b
Metric: elogl 
 0.383 in iteration    0
Metric: acc   
 94.97 % in iteration  391
Results for va_s
Metric: acc   
 94.92 % in iteration  369
Metric: loss  
EARLY STOP FOR te_s
 95.65 % in iteration  369
