va
(1730, 4, 45)
te
(1450, 4, 45)
tr
(8080, 4, 45)

=============================
CONFIG FILE
====================================
Training configuration

Learning rate: 0.2, 	Learning rate anneal: inf, 	Tau:  1.0
Algorithm: local reparametrization, 	STE: disabled, 	n forward passes: 1
Var reg: 0.0, 	Dir reg: 0.0, 	Ent reg: 0.0
Data multiplier: None
Gradient clipping: False, 	Gradient clip value: 1.0

Layer #0
lstm_1
Layer norm: False, 	LR Adapt: 
Dropout: False, 	p_dropout: 0.95

Layer #1
output_layer
Layer norm: False, 	LR Adapt: 
Dropout: False, 	p_dropout: 0.95

Layer #2
lstm_0
Layer norm: False, 	LR Adapt: 
Dropout: False, 	p_dropout: 0.95
====================================
RNN configuration

Layer #0, 	Type: input_layer, 	Scope: 
Units: 4, 	N activation bins: None

Layer #1, 	Type: lstm layer, 	Scope: lstm_0
Units: 50, 	N activation bins: None
Bias: True, 	N activation bins: 2, 	Discrete activation: False
Type: ternary, 	Parametetrization: sigmoid, 	Priors: [0.3333333333333333, 0.3333333333333333, 0.3333333333333333]
p_init_min: 0.05, 	p_init_max: 0.95
SB init: ('xavier', None), 	SA init: ('dirichlet', [0.3, 0.3, 0.3])
Type: gaussian, 	M init: ('xavier', None), 	Log V init: ('constant', -9.210340371976182)
M prior: 0.0, 	 Log V prior: 0.0
None
Bias: True, 	N activation bins: 2, 	Discrete activation: False
Type: ternary, 	Parametetrization: sigmoid, 	Priors: [0.3333333333333333, 0.3333333333333333, 0.3333333333333333]
p_init_min: 0.05, 	p_init_max: 0.95
SB init: ('xavier', None), 	SA init: ('dirichlet', [0.3, 0.3, 0.3])
Type: gaussian, 	M init: ('constant', -1.5), 	Log V init: ('constant', -9.210340371976182)
M prior: 0.0, 	 Log V prior: 0.0
None
Bias: True, 	N activation bins: 2, 	Discrete activation: False
Type: ternary, 	Parametetrization: sigmoid, 	Priors: [0.3333333333333333, 0.3333333333333333, 0.3333333333333333]
p_init_min: 0.05, 	p_init_max: 0.95
SB init: ('xavier', None), 	SA init: ('dirichlet', [0.3, 0.3, 0.3])
Type: gaussian, 	M init: ('xavier', None), 	Log V init: ('constant', -9.210340371976182)
M prior: 0.0, 	 Log V prior: 0.0
None

Layer #2, 	Type: lstm layer, 	Scope: lstm_1
Units: 30, 	N activation bins: None
Bias: True, 	N activation bins: 2, 	Discrete activation: False
Type: ternary, 	Parametetrization: sigmoid, 	Priors: [0.3333333333333333, 0.3333333333333333, 0.3333333333333333]
p_init_min: 0.05, 	p_init_max: 0.95
SB init: ('xavier', None), 	SA init: ('dirichlet', [0.3, 0.3, 0.3])
Type: gaussian, 	M init: ('xavier', None), 	Log V init: ('constant', -9.210340371976182)
M prior: 0.0, 	 Log V prior: 0.0
None
Bias: True, 	N activation bins: 2, 	Discrete activation: False
Type: ternary, 	Parametetrization: sigmoid, 	Priors: [0.3333333333333333, 0.3333333333333333, 0.3333333333333333]
p_init_min: 0.05, 	p_init_max: 0.95
SB init: ('xavier', None), 	SA init: ('dirichlet', [0.3, 0.3, 0.3])
Type: gaussian, 	M init: ('constant', -1.5), 	Log V init: ('constant', -9.210340371976182)
M prior: 0.0, 	 Log V prior: 0.0
None
Bias: True, 	N activation bins: 2, 	Discrete activation: False
Type: ternary, 	Parametetrization: sigmoid, 	Priors: [0.3333333333333333, 0.3333333333333333, 0.3333333333333333]
p_init_min: 0.05, 	p_init_max: 0.95
SB init: ('xavier', None), 	SA init: ('dirichlet', [0.3, 0.3, 0.3])
Type: gaussian, 	M init: ('xavier', None), 	Log V init: ('constant', -9.210340371976182)
M prior: 0.0, 	 Log V prior: 0.0
None

Layer #3, 	Type: ff layer, 	Scope: output_layer
Units: 10, 	N activation bins: None
====================================
Dataset configuration

Filename: /clusterFS/home/student/kopp13/datasets/mnist_pen_strokes/mps_all_va.mat
Key: va, 	In seq len: 45
Minibatch:  True, 	Size: 1024
Target bias removed: True, 	Shuffle: False

Filename: /clusterFS/home/student/kopp13/datasets/mnist_pen_strokes/mps_all_te.mat
Key: te, 	In seq len: 45
Minibatch:  True, 	Size: 1024
Target bias removed: True, 	Shuffle: False

Filename: /clusterFS/home/student/kopp13/datasets/mnist_pen_strokes/mps_all_tr.mat
Key: tr, 	In seq len: 45
Minibatch:  True, 	Size: 1024
Target bias removed: True, 	Shuffle: True
====================================
Info configuration

Filename:  test
Timer: False, 	Profiling: False, 	Profiling path: None
Save training metrics: True, 	Path: ../nr_spsc/
Save weights: False, 	Every: 1, 	Save best weights: False
Compute T Metrics every: 1

Load model from m_model2, 	 Force it: True
No model saving

starting
[('lstm_0/bc:0', 'lstm_0/bc'), ('lstm_0/bi:0', 'lstm_0/bi'), ('lstm_0/bo:0', 'lstm_0/bo'), ('lstm_0/wc:0', 'lstm_0/wc'), ('lstm_0/wi:0', 'lstm_0/wi'), ('lstm_0/wo:0', 'lstm_0/wo'), ('lstm_1/bc:0', 'lstm_1/bc'), ('lstm_1/bi:0', 'lstm_1/bi'), ('lstm_1/bo:0', 'lstm_1/bo'), ('lstm_1/wc:0', 'lstm_1/wc'), ('lstm_1/wi:0', 'lstm_1/wi'), ('lstm_1/wo:0', 'lstm_1/wo'), ('output_layer/b:0', 'output_layer/b'), ('output_layer/w:0', 'output_layer/w')]
output_layer/w
output_layer/b
=====
New variable
lstm_0/bc:0
lstm_0/bc
=====
New variable
lstm_0/bi:0
lstm_0/bi
=====
New variable
lstm_0/bo:0
lstm_0/bo
=====
New variable
lstm_0/wc:0
lstm_0/wc
=====
New variable
lstm_0/wi:0
lstm_0/wi
=====
New variable
lstm_0/wo:0
lstm_0/wo
=====
New variable
lstm_1/bc:0
lstm_1/bc
=====
New variable
lstm_1/bi:0
lstm_1/bi
=====
New variable
lstm_1/bo:0
lstm_1/bo
=====
New variable
lstm_1/wc:0
lstm_1/wc
=====
New variable
lstm_1/wi:0
lstm_1/wi
=====
New variable
lstm_1/wo:0
lstm_1/wo
=====
New variable
output_layer/b:0
output_layer/b
=====
New variable
output_layer/w:0
output_layer/w
=====
loaded
  0,  0 | TrAcc: 0.2988, TrLoss:  2.18322, VaAcc: 0.3208, VaLoss:  2.08168
 MAP NN | TrAcc: 0.6315 | VaAcc: 0.6904 | TeAcc: 0.7437
 S NN | TrAcc: 0.2004 | VaAcc: 0.1084 | TeAcc: 0.1797

  1,  0 | TrAcc: 0.8186, TrLoss:  0.64786, VaAcc: 0.8472, VaLoss:  0.58422
 MAP NN | TrAcc: 0.8550 | VaAcc: 0.8779 | TeAcc: 0.6128
 S NN | TrAcc: 0.6123 | VaAcc: 0.7568 | TeAcc: 0.5044

  2,  0 | TrAcc: 0.8820, TrLoss:  0.41794, VaAcc: 0.8838, VaLoss:  0.44637
 MAP NN | TrAcc: 0.8928 | VaAcc: 0.9019 | TeAcc: 0.9307
 S NN | TrAcc: 0.7946 | VaAcc: 0.8623 | TeAcc: 0.8418

  3,  0 | TrAcc: 0.9028, TrLoss:  0.35015, VaAcc: 0.9087, VaLoss:  0.36561
 MAP NN | TrAcc: 0.8682 | VaAcc: 0.8853 | TeAcc: 0.9106
 S NN | TrAcc: 0.8605 | VaAcc: 0.8750 | TeAcc: 0.8481

  4,  0 | TrAcc: 0.9160, TrLoss:  0.29085, VaAcc: 0.9238, VaLoss:  0.31249
 MAP NN | TrAcc: 0.9172 | VaAcc: 0.9238 | TeAcc: 0.9463
 S NN | TrAcc: 0.8383 | VaAcc: 0.8906 | TeAcc: 0.8740

  5,  0 | TrAcc: 0.9247, TrLoss:  0.25936, VaAcc: 0.9248, VaLoss:  0.28469
 MAP NN | TrAcc: 0.9298 | VaAcc: 0.9277 | TeAcc: 0.9468
 S NN | TrAcc: 0.8538 | VaAcc: 0.8423 | TeAcc: 0.8999

  6,  0 | TrAcc: 0.9346, TrLoss:  0.22925, VaAcc: 0.9302, VaLoss:  0.25352
 MAP NN | TrAcc: 0.9294 | VaAcc: 0.9297 | TeAcc: 0.9517
 S NN | TrAcc: 0.9030 | VaAcc: 0.8896 | TeAcc: 0.9331

  7,  0 | TrAcc: 0.9380, TrLoss:  0.20565, VaAcc: 0.9380, VaLoss:  0.23442
 MAP NN | TrAcc: 0.9379 | VaAcc: 0.9414 | TeAcc: 0.9531
 S NN | TrAcc: 0.9087 | VaAcc: 0.8911 | TeAcc: 0.9297

  8,  0 | TrAcc: 0.9431, TrLoss:  0.19945, VaAcc: 0.9419, VaLoss:  0.23717
 MAP NN | TrAcc: 0.9403 | VaAcc: 0.9336 | TeAcc: 0.9561
 S NN | TrAcc: 0.8806 | VaAcc: 0.9102 | TeAcc: 0.9463

  9,  0 | TrAcc: 0.9431, TrLoss:  0.18641, VaAcc: 0.9468, VaLoss:  0.21943
 MAP NN | TrAcc: 0.9468 | VaAcc: 0.9473 | TeAcc: 0.9624
 S NN | TrAcc: 0.9235 | VaAcc: 0.9209 | TeAcc: 0.9438

 10,  0 | TrAcc: 0.9504, TrLoss:  0.17306, VaAcc: 0.9414, VaLoss:  0.20862
 MAP NN | TrAcc: 0.9463 | VaAcc: 0.9463 | TeAcc: 0.9575
 S NN | TrAcc: 0.9171 | VaAcc: 0.9268 | TeAcc: 0.6460

 11,  0 | TrAcc: 0.9502, TrLoss:  0.16736, VaAcc: 0.9448, VaLoss:  0.20647
 MAP NN | TrAcc: 0.9521 | VaAcc: 0.9473 | TeAcc: 0.9609
 S NN | TrAcc: 0.9216 | VaAcc: 0.9126 | TeAcc: 0.9492

 12,  0 | TrAcc: 0.9546, TrLoss:  0.15393, VaAcc: 0.9434, VaLoss:  0.20668
 MAP NN | TrAcc: 0.9473 | VaAcc: 0.9434 | TeAcc: 0.9551
 S NN | TrAcc: 0.9155 | VaAcc: 0.9243 | TeAcc: 0.9531

 13,  0 | TrAcc: 0.9550, TrLoss:  0.15262, VaAcc: 0.9463, VaLoss:  0.21011
 MAP NN | TrAcc: 0.9512 | VaAcc: 0.9438 | TeAcc: 0.9565
 S NN | TrAcc: 0.9292 | VaAcc: 0.9395 | TeAcc: 0.9443

 14,  0 | TrAcc: 0.9550, TrLoss:  0.15271, VaAcc: 0.9463, VaLoss:  0.20648
 MAP NN | TrAcc: 0.9578 | VaAcc: 0.9497 | TeAcc: 0.9614
 S NN | TrAcc: 0.9254 | VaAcc: 0.8989 | TeAcc: 0.9224

 15,  0 | TrAcc: 0.9584, TrLoss:  0.14638, VaAcc: 0.9482, VaLoss:  0.19498
 MAP NN | TrAcc: 0.9580 | VaAcc: 0.9526 | TeAcc: 0.9634
 S NN | TrAcc: 0.9385 | VaAcc: 0.9033 | TeAcc: 0.9517

 16,  0 | TrAcc: 0.9607, TrLoss:  0.13617, VaAcc: 0.9512, VaLoss:  0.19284
 MAP NN | TrAcc: 0.9613 | VaAcc: 0.9536 | TeAcc: 0.9619
 S NN | TrAcc: 0.9271 | VaAcc: 0.9355 | TeAcc: 0.9614

 17,  0 | TrAcc: 0.9614, TrLoss:  0.13649, VaAcc: 0.9463, VaLoss:  0.18568
 MAP NN | TrAcc: 0.9634 | VaAcc: 0.9561 | TeAcc: 0.9658
 S NN | TrAcc: 0.9429 | VaAcc: 0.9487 | TeAcc: 0.9604

 18,  0 | TrAcc: 0.9633, TrLoss:  0.12538, VaAcc: 0.9492, VaLoss:  0.18821
 MAP NN | TrAcc: 0.9666 | VaAcc: 0.9570 | TeAcc: 0.9648
 S NN | TrAcc: 0.9387 | VaAcc: 0.9414 | TeAcc: 0.9604

 19,  0 | TrAcc: 0.9658, TrLoss:  0.12098, VaAcc: 0.9517, VaLoss:  0.18943
 MAP NN | TrAcc: 0.9677 | VaAcc: 0.9556 | TeAcc: 0.9678
 S NN | TrAcc: 0.9493 | VaAcc: 0.9326 | TeAcc: 0.9629

 20,  0 | TrAcc: 0.9646, TrLoss:  0.12574, VaAcc: 0.9512, VaLoss:  0.19163
 MAP NN | TrAcc: 0.9670 | VaAcc: 0.9561 | TeAcc: 0.9673
 S NN | TrAcc: 0.9551 | VaAcc: 0.9277 | TeAcc: 0.9648

 21,  0 | TrAcc: 0.9641, TrLoss:  0.12178, VaAcc: 0.9565, VaLoss:  0.17539
 MAP NN | TrAcc: 0.9696 | VaAcc: 0.9575 | TeAcc: 0.9668
 S NN | TrAcc: 0.9399 | VaAcc: 0.9507 | TeAcc: 0.9487

 22,  0 | TrAcc: 0.9670, TrLoss:  0.11597, VaAcc: 0.9531, VaLoss:  0.17848
 MAP NN | TrAcc: 0.9736 | VaAcc: 0.9624 | TeAcc: 0.9712
 S NN | TrAcc: 0.9528 | VaAcc: 0.9409 | TeAcc: 0.9658

 23,  0 | TrAcc: 0.9620, TrLoss:  0.12689, VaAcc: 0.9536, VaLoss:  0.17289
 MAP NN | TrAcc: 0.9670 | VaAcc: 0.9595 | TeAcc: 0.9639
 S NN | TrAcc: 0.9429 | VaAcc: 0.9502 | TeAcc: 0.9375

 24,  0 | TrAcc: 0.9684, TrLoss:  0.11257, VaAcc: 0.9546, VaLoss:  0.18727
 MAP NN | TrAcc: 0.9733 | VaAcc: 0.9600 | TeAcc: 0.9692
 S NN | TrAcc: 0.9579 | VaAcc: 0.9458 | TeAcc: 0.9668

 25,  0 | TrAcc: 0.9692, TrLoss:  0.10661, VaAcc: 0.9595, VaLoss:  0.17361
 MAP NN | TrAcc: 0.9735 | VaAcc: 0.9600 | TeAcc: 0.9722
 S NN | TrAcc: 0.9573 | VaAcc: 0.9429 | TeAcc: 0.9629

 26,  0 | TrAcc: 0.9711, TrLoss:  0.10047, VaAcc: 0.9565, VaLoss:  0.17371
 MAP NN | TrAcc: 0.9745 | VaAcc: 0.9600 | TeAcc: 0.9736
 S NN | TrAcc: 0.9607 | VaAcc: 0.9463 | TeAcc: 0.9683

 27,  0 | TrAcc: 0.9690, TrLoss:  0.10658, VaAcc: 0.9546, VaLoss:  0.18150
 MAP NN | TrAcc: 0.9745 | VaAcc: 0.9585 | TeAcc: 0.9741
 S NN | TrAcc: 0.9510 | VaAcc: 0.9536 | TeAcc: 0.9644

 28,  0 | TrAcc: 0.9722, TrLoss:  0.09790, VaAcc: 0.9600, VaLoss:  0.16787
 MAP NN | TrAcc: 0.9740 | VaAcc: 0.9561 | TeAcc: 0.9702
 S NN | TrAcc: 0.9520 | VaAcc: 0.9546 | TeAcc: 0.9653

 29,  0 | TrAcc: 0.9695, TrLoss:  0.10131, VaAcc: 0.9575, VaLoss:  0.16892
 MAP NN | TrAcc: 0.9763 | VaAcc: 0.9590 | TeAcc: 0.9722
 S NN | TrAcc: 0.9653 | VaAcc: 0.9404 | TeAcc: 0.9575

 30,  0 | TrAcc: 0.9685, TrLoss:  0.10401, VaAcc: 0.9565, VaLoss:  0.16646
 MAP NN | TrAcc: 0.9730 | VaAcc: 0.9575 | TeAcc: 0.9658
 S NN | TrAcc: 0.9666 | VaAcc: 0.9556 | TeAcc: 0.9702

 31,  0 | TrAcc: 0.9728, TrLoss:  0.09178, VaAcc: 0.9575, VaLoss:  0.16779
 MAP NN | TrAcc: 0.9764 | VaAcc: 0.9600 | TeAcc: 0.9697
 S NN | TrAcc: 0.9646 | VaAcc: 0.9517 | TeAcc: 0.9629

 32,  0 | TrAcc: 0.9750, TrLoss:  0.08847, VaAcc: 0.9570, VaLoss:  0.17196
 MAP NN | TrAcc: 0.9768 | VaAcc: 0.9580 | TeAcc: 0.9707
 S NN | TrAcc: 0.9661 | VaAcc: 0.9458 | TeAcc: 0.9663

 33,  0 | TrAcc: 0.9738, TrLoss:  0.08842, VaAcc: 0.9634, VaLoss:  0.16393
 MAP NN | TrAcc: 0.9773 | VaAcc: 0.9609 | TeAcc: 0.9722
 S NN | TrAcc: 0.9607 | VaAcc: 0.9463 | TeAcc: 0.9746

 34,  0 | TrAcc: 0.9746, TrLoss:  0.08412, VaAcc: 0.9590, VaLoss:  0.16438
 MAP NN | TrAcc: 0.9786 | VaAcc: 0.9634 | TeAcc: 0.9727
 S NN | TrAcc: 0.9656 | VaAcc: 0.9487 | TeAcc: 0.9722

 35,  0 | TrAcc: 0.9752, TrLoss:  0.08529, VaAcc: 0.9561, VaLoss:  0.16585
 MAP NN | TrAcc: 0.9763 | VaAcc: 0.9604 | TeAcc: 0.9707
 S NN | TrAcc: 0.9635 | VaAcc: 0.9556 | TeAcc: 0.9712

 36,  0 | TrAcc: 0.9763, TrLoss:  0.08087, VaAcc: 0.9575, VaLoss:  0.16519
 MAP NN | TrAcc: 0.9792 | VaAcc: 0.9619 | TeAcc: 0.9741
 S NN | TrAcc: 0.9753 | VaAcc: 0.9517 | TeAcc: 0.9673

 37,  0 | TrAcc: 0.9761, TrLoss:  0.07941, VaAcc: 0.9629, VaLoss:  0.15389
 MAP NN | TrAcc: 0.9813 | VaAcc: 0.9639 | TeAcc: 0.9717
 S NN | TrAcc: 0.9650 | VaAcc: 0.9570 | TeAcc: 0.9722

 38,  0 | TrAcc: 0.9784, TrLoss:  0.07706, VaAcc: 0.9595, VaLoss:  0.16884
 MAP NN | TrAcc: 0.9802 | VaAcc: 0.9619 | TeAcc: 0.9702
 S NN | TrAcc: 0.9736 | VaAcc: 0.9546 | TeAcc: 0.9712

 39,  0 | TrAcc: 0.9769, TrLoss:  0.07952, VaAcc: 0.9551, VaLoss:  0.17232
 MAP NN | TrAcc: 0.9789 | VaAcc: 0.9600 | TeAcc: 0.9731
 S NN | TrAcc: 0.9567 | VaAcc: 0.9556 | TeAcc: 0.9678

 40,  0 | TrAcc: 0.9735, TrLoss:  0.09059, VaAcc: 0.9541, VaLoss:  0.16685
 MAP NN | TrAcc: 0.9777 | VaAcc: 0.9595 | TeAcc: 0.9717
 S NN | TrAcc: 0.9679 | VaAcc: 0.9463 | TeAcc: 0.9668

 41,  0 | TrAcc: 0.9773, TrLoss:  0.07861, VaAcc: 0.9575, VaLoss:  0.15444
 MAP NN | TrAcc: 0.9780 | VaAcc: 0.9565 | TeAcc: 0.9717
 S NN | TrAcc: 0.9677 | VaAcc: 0.9590 | TeAcc: 0.9673

 42,  0 | TrAcc: 0.9784, TrLoss:  0.07421, VaAcc: 0.9629, VaLoss:  0.16121
 MAP NN | TrAcc: 0.9823 | VaAcc: 0.9624 | TeAcc: 0.9727
 S NN | TrAcc: 0.9658 | VaAcc: 0.9590 | TeAcc: 0.9712

 43,  0 | TrAcc: 0.9774, TrLoss:  0.07737, VaAcc: 0.9575, VaLoss:  0.16675
 MAP NN | TrAcc: 0.9808 | VaAcc: 0.9609 | TeAcc: 0.9712
 S NN | TrAcc: 0.9724 | VaAcc: 0.9536 | TeAcc: 0.9653

 44,  0 | TrAcc: 0.9761, TrLoss:  0.07831, VaAcc: 0.9575, VaLoss:  0.16315
 MAP NN | TrAcc: 0.9790 | VaAcc: 0.9634 | TeAcc: 0.9746
 S NN | TrAcc: 0.9713 | VaAcc: 0.9604 | TeAcc: 0.9688

 45,  0 | TrAcc: 0.9805, TrLoss:  0.07134, VaAcc: 0.9600, VaLoss:  0.16877
 MAP NN | TrAcc: 0.9813 | VaAcc: 0.9614 | TeAcc: 0.9736
 S NN | TrAcc: 0.9749 | VaAcc: 0.9561 | TeAcc: 0.9697

 46,  0 | TrAcc: 0.9785, TrLoss:  0.07574, VaAcc: 0.9595, VaLoss:  0.16910
 MAP NN | TrAcc: 0.9808 | VaAcc: 0.9614 | TeAcc: 0.9731
 S NN | TrAcc: 0.9717 | VaAcc: 0.9502 | TeAcc: 0.9692

 47,  0 | TrAcc: 0.9775, TrLoss:  0.07702, VaAcc: 0.9580, VaLoss:  0.16779
 MAP NN | TrAcc: 0.9807 | VaAcc: 0.9614 | TeAcc: 0.9741
 S NN | TrAcc: 0.9779 | VaAcc: 0.9521 | TeAcc: 0.9668

 48,  0 | TrAcc: 0.9811, TrLoss:  0.07032, VaAcc: 0.9585, VaLoss:  0.15456
 MAP NN | TrAcc: 0.9830 | VaAcc: 0.9565 | TeAcc: 0.9736
 S NN | TrAcc: 0.9738 | VaAcc: 0.9497 | TeAcc: 0.9697

 49,  0 | TrAcc: 0.9778, TrLoss:  0.07547, VaAcc: 0.9502, VaLoss:  0.17770
 MAP NN | TrAcc: 0.9814 | VaAcc: 0.9565 | TeAcc: 0.9731
 S NN | TrAcc: 0.9711 | VaAcc: 0.9526 | TeAcc: 0.9707

 50,  0 | TrAcc: 0.9795, TrLoss:  0.06743, VaAcc: 0.9604, VaLoss:  0.15963
 MAP NN | TrAcc: 0.9823 | VaAcc: 0.9614 | TeAcc: 0.9722
 S NN | TrAcc: 0.9742 | VaAcc: 0.9551 | TeAcc: 0.9707

 51,  0 | TrAcc: 0.9797, TrLoss:  0.06974, VaAcc: 0.9614, VaLoss:  0.15787
 MAP NN | TrAcc: 0.9803 | VaAcc: 0.9609 | TeAcc: 0.9741
 S NN | TrAcc: 0.9742 | VaAcc: 0.9565 | TeAcc: 0.9658

 52,  0 | TrAcc: 0.9812, TrLoss:  0.06913, VaAcc: 0.9561, VaLoss:  0.17449
 MAP NN | TrAcc: 0.9840 | VaAcc: 0.9614 | TeAcc: 0.9775
 S NN | TrAcc: 0.9739 | VaAcc: 0.9531 | TeAcc: 0.9688

 53,  0 | TrAcc: 0.9796, TrLoss:  0.07000, VaAcc: 0.9590, VaLoss:  0.15838
 MAP NN | TrAcc: 0.9829 | VaAcc: 0.9580 | TeAcc: 0.9741
 S NN | TrAcc: 0.9763 | VaAcc: 0.9521 | TeAcc: 0.9692

 54,  0 | TrAcc: 0.9825, TrLoss:  0.06175, VaAcc: 0.9604, VaLoss:  0.15499
 MAP NN | TrAcc: 0.9846 | VaAcc: 0.9619 | TeAcc: 0.9722
 S NN | TrAcc: 0.9802 | VaAcc: 0.9575 | TeAcc: 0.9692

 55,  0 | TrAcc: 0.9814, TrLoss:  0.06397, VaAcc: 0.9624, VaLoss:  0.15835
 MAP NN | TrAcc: 0.9840 | VaAcc: 0.9604 | TeAcc: 0.9761
 S NN | TrAcc: 0.9799 | VaAcc: 0.9609 | TeAcc: 0.9731

 56,  0 | TrAcc: 0.9818, TrLoss:  0.06117, VaAcc: 0.9570, VaLoss:  0.16308
 MAP NN | TrAcc: 0.9843 | VaAcc: 0.9609 | TeAcc: 0.9731
 S NN | TrAcc: 0.9797 | VaAcc: 0.9536 | TeAcc: 0.9692

 57,  0 | TrAcc: 0.9847, TrLoss:  0.05723, VaAcc: 0.9595, VaLoss:  0.16831
 MAP NN | TrAcc: 0.9858 | VaAcc: 0.9604 | TeAcc: 0.9736
 S NN | TrAcc: 0.9767 | VaAcc: 0.9580 | TeAcc: 0.9731

 58,  0 | TrAcc: 0.9839, TrLoss:  0.05876, VaAcc: 0.9629, VaLoss:  0.15934
 MAP NN | TrAcc: 0.9840 | VaAcc: 0.9648 | TeAcc: 0.9751
 S NN | TrAcc: 0.9808 | VaAcc: 0.9624 | TeAcc: 0.9731

 59,  0 | TrAcc: 0.9834, TrLoss:  0.05750, VaAcc: 0.9595, VaLoss:  0.17125
 MAP NN | TrAcc: 0.9877 | VaAcc: 0.9639 | TeAcc: 0.9731
 S NN | TrAcc: 0.9778 | VaAcc: 0.9575 | TeAcc: 0.9712

 60,  0 | TrAcc: 0.9841, TrLoss:  0.05655, VaAcc: 0.9639, VaLoss:  0.15389
 MAP NN | TrAcc: 0.9873 | VaAcc: 0.9678 | TeAcc: 0.9751
 S NN | TrAcc: 0.9799 | VaAcc: 0.9575 | TeAcc: 0.9736

 61,  0 | TrAcc: 0.9855, TrLoss:  0.05434, VaAcc: 0.9634, VaLoss:  0.16131
 MAP NN | TrAcc: 0.9878 | VaAcc: 0.9624 | TeAcc: 0.9741
 S NN | TrAcc: 0.9775 | VaAcc: 0.9541 | TeAcc: 0.9702

 62,  0 | TrAcc: 0.9844, TrLoss:  0.05770, VaAcc: 0.9639, VaLoss:  0.15040
 MAP NN | TrAcc: 0.9868 | VaAcc: 0.9629 | TeAcc: 0.9756
 S NN | TrAcc: 0.9817 | VaAcc: 0.9595 | TeAcc: 0.9717

 63,  0 | TrAcc: 0.9841, TrLoss:  0.05537, VaAcc: 0.9561, VaLoss:  0.15572
 MAP NN | TrAcc: 0.9873 | VaAcc: 0.9629 | TeAcc: 0.9731
 S NN | TrAcc: 0.9792 | VaAcc: 0.9556 | TeAcc: 0.9731

 64,  0 | TrAcc: 0.9840, TrLoss:  0.05333, VaAcc: 0.9585, VaLoss:  0.16265
 MAP NN | TrAcc: 0.9868 | VaAcc: 0.9619 | TeAcc: 0.9736
 S NN | TrAcc: 0.9812 | VaAcc: 0.9487 | TeAcc: 0.9722

 65,  0 | TrAcc: 0.9807, TrLoss:  0.06509, VaAcc: 0.9619, VaLoss:  0.15539
 MAP NN | TrAcc: 0.9845 | VaAcc: 0.9644 | TeAcc: 0.9741
 S NN | TrAcc: 0.9795 | VaAcc: 0.9624 | TeAcc: 0.9717

 66,  0 | TrAcc: 0.9844, TrLoss:  0.05526, VaAcc: 0.9580, VaLoss:  0.17595
 MAP NN | TrAcc: 0.9868 | VaAcc: 0.9604 | TeAcc: 0.9766
 S NN | TrAcc: 0.9823 | VaAcc: 0.9561 | TeAcc: 0.9731

 67,  0 | TrAcc: 0.9846, TrLoss:  0.05381, VaAcc: 0.9629, VaLoss:  0.14853
 MAP NN | TrAcc: 0.9883 | VaAcc: 0.9614 | TeAcc: 0.9736
 S NN | TrAcc: 0.9840 | VaAcc: 0.9595 | TeAcc: 0.9731

 68,  0 | TrAcc: 0.9846, TrLoss:  0.05329, VaAcc: 0.9634, VaLoss:  0.15645
 MAP NN | TrAcc: 0.9863 | VaAcc: 0.9624 | TeAcc: 0.9756
 S NN | TrAcc: 0.9778 | VaAcc: 0.9561 | TeAcc: 0.9751

 69,  0 | TrAcc: 0.9850, TrLoss:  0.05544, VaAcc: 0.9585, VaLoss:  0.16228
 MAP NN | TrAcc: 0.9862 | VaAcc: 0.9619 | TeAcc: 0.9785
 S NN | TrAcc: 0.9802 | VaAcc: 0.9546 | TeAcc: 0.9751

 70,  0 | TrAcc: 0.9858, TrLoss:  0.05155, VaAcc: 0.9609, VaLoss:  0.15963
 MAP NN | TrAcc: 0.9874 | VaAcc: 0.9619 | TeAcc: 0.9756
 S NN | TrAcc: 0.9856 | VaAcc: 0.9590 | TeAcc: 0.9712

 71,  0 | TrAcc: 0.9850, TrLoss:  0.05206, VaAcc: 0.9595, VaLoss:  0.15802
 MAP NN | TrAcc: 0.9861 | VaAcc: 0.9614 | TeAcc: 0.9780
 S NN | TrAcc: 0.9797 | VaAcc: 0.9556 | TeAcc: 0.9761

 72,  0 | TrAcc: 0.9871, TrLoss:  0.04892, VaAcc: 0.9624, VaLoss:  0.15996
 MAP NN | TrAcc: 0.9891 | VaAcc: 0.9614 | TeAcc: 0.9766
 S NN | TrAcc: 0.9860 | VaAcc: 0.9600 | TeAcc: 0.9766

 73,  0 | TrAcc: 0.9844, TrLoss:  0.05338, VaAcc: 0.9614, VaLoss:  0.16775
 MAP NN | TrAcc: 0.9885 | VaAcc: 0.9624 | TeAcc: 0.9761
 S NN | TrAcc: 0.9847 | VaAcc: 0.9590 | TeAcc: 0.9746

 74,  0 | TrAcc: 0.9857, TrLoss:  0.05079, VaAcc: 0.9614, VaLoss:  0.16398
 MAP NN | TrAcc: 0.9875 | VaAcc: 0.9624 | TeAcc: 0.9746
 S NN | TrAcc: 0.9841 | VaAcc: 0.9590 | TeAcc: 0.9727

 75,  0 | TrAcc: 0.9868, TrLoss:  0.04730, VaAcc: 0.9600, VaLoss:  0.16399
 MAP NN | TrAcc: 0.9891 | VaAcc: 0.9639 | TeAcc: 0.9746
 S NN | TrAcc: 0.9830 | VaAcc: 0.9570 | TeAcc: 0.9697

 76,  0 | TrAcc: 0.9867, TrLoss:  0.04996, VaAcc: 0.9590, VaLoss:  0.15798
 MAP NN | TrAcc: 0.9866 | VaAcc: 0.9604 | TeAcc: 0.9736
 S NN | TrAcc: 0.9838 | VaAcc: 0.9595 | TeAcc: 0.9741

 77,  0 | TrAcc: 0.9854, TrLoss:  0.05135, VaAcc: 0.9595, VaLoss:  0.17097
 MAP NN | TrAcc: 0.9879 | VaAcc: 0.9634 | TeAcc: 0.9766
 S NN | TrAcc: 0.9834 | VaAcc: 0.9629 | TeAcc: 0.9746

 78,  0 | TrAcc: 0.9869, TrLoss:  0.04822, VaAcc: 0.9629, VaLoss:  0.15729
 MAP NN | TrAcc: 0.9897 | VaAcc: 0.9619 | TeAcc: 0.9766
 S NN | TrAcc: 0.9856 | VaAcc: 0.9536 | TeAcc: 0.9741

 79,  0 | TrAcc: 0.9885, TrLoss:  0.04265, VaAcc: 0.9609, VaLoss:  0.15516
 MAP NN | TrAcc: 0.9896 | VaAcc: 0.9639 | TeAcc: 0.9771
 S NN | TrAcc: 0.9858 | VaAcc: 0.9570 | TeAcc: 0.9766

 80,  0 | TrAcc: 0.9880, TrLoss:  0.04606, VaAcc: 0.9600, VaLoss:  0.17241
 MAP NN | TrAcc: 0.9894 | VaAcc: 0.9600 | TeAcc: 0.9741
 S NN | TrAcc: 0.9871 | VaAcc: 0.9570 | TeAcc: 0.9746

 81,  0 | TrAcc: 0.9877, TrLoss:  0.04754, VaAcc: 0.9648, VaLoss:  0.14832
 MAP NN | TrAcc: 0.9894 | VaAcc: 0.9619 | TeAcc: 0.9731
 S NN | TrAcc: 0.9860 | VaAcc: 0.9604 | TeAcc: 0.9756

 82,  0 | TrAcc: 0.9869, TrLoss:  0.04806, VaAcc: 0.9619, VaLoss:  0.15490
 MAP NN | TrAcc: 0.9890 | VaAcc: 0.9639 | TeAcc: 0.9761
 S NN | TrAcc: 0.9850 | VaAcc: 0.9639 | TeAcc: 0.9756

 83,  0 | TrAcc: 0.9865, TrLoss:  0.04984, VaAcc: 0.9609, VaLoss:  0.17145
 MAP NN | TrAcc: 0.9888 | VaAcc: 0.9629 | TeAcc: 0.9727
 S NN | TrAcc: 0.9834 | VaAcc: 0.9604 | TeAcc: 0.9712

 84,  0 | TrAcc: 0.9838, TrLoss:  0.05091, VaAcc: 0.9644, VaLoss:  0.15918
 MAP NN | TrAcc: 0.9877 | VaAcc: 0.9619 | TeAcc: 0.9766
 S NN | TrAcc: 0.9824 | VaAcc: 0.9604 | TeAcc: 0.9702

 85,  0 | TrAcc: 0.9884, TrLoss:  0.04292, VaAcc: 0.9624, VaLoss:  0.16919
 MAP NN | TrAcc: 0.9899 | VaAcc: 0.9614 | TeAcc: 0.9736
 S NN | TrAcc: 0.9871 | VaAcc: 0.9600 | TeAcc: 0.9717

 86,  0 | TrAcc: 0.9891, TrLoss:  0.04211, VaAcc: 0.9609, VaLoss:  0.16098
 MAP NN | TrAcc: 0.9908 | VaAcc: 0.9609 | TeAcc: 0.9761
 S NN | TrAcc: 0.9883 | VaAcc: 0.9600 | TeAcc: 0.9751

 87,  0 | TrAcc: 0.9871, TrLoss:  0.04587, VaAcc: 0.9639, VaLoss:  0.16682
 MAP NN | TrAcc: 0.9886 | VaAcc: 0.9604 | TeAcc: 0.9756
 S NN | TrAcc: 0.9821 | VaAcc: 0.9580 | TeAcc: 0.9717

 88,  0 | TrAcc: 0.9875, TrLoss:  0.04771, VaAcc: 0.9604, VaLoss:  0.17143
 MAP NN | TrAcc: 0.9873 | VaAcc: 0.9570 | TeAcc: 0.9771
 S NN | TrAcc: 0.9849 | VaAcc: 0.9604 | TeAcc: 0.9756

 89,  0 | TrAcc: 0.9875, TrLoss:  0.04463, VaAcc: 0.9609, VaLoss:  0.17027
 MAP NN | TrAcc: 0.9910 | VaAcc: 0.9595 | TeAcc: 0.9731
 S NN | TrAcc: 0.9875 | VaAcc: 0.9629 | TeAcc: 0.9722

 90,  0 | TrAcc: 0.9877, TrLoss:  0.04228, VaAcc: 0.9614, VaLoss:  0.16528
 MAP NN | TrAcc: 0.9897 | VaAcc: 0.9585 | TeAcc: 0.9771
 S NN | TrAcc: 0.9878 | VaAcc: 0.9585 | TeAcc: 0.9761

 91,  0 | TrAcc: 0.9884, TrLoss:  0.04370, VaAcc: 0.9624, VaLoss:  0.16241
 MAP NN | TrAcc: 0.9907 | VaAcc: 0.9629 | TeAcc: 0.9756
 S NN | TrAcc: 0.9868 | VaAcc: 0.9600 | TeAcc: 0.9736

 92,  0 | TrAcc: 0.9878, TrLoss:  0.04472, VaAcc: 0.9634, VaLoss:  0.16368
 MAP NN | TrAcc: 0.9897 | VaAcc: 0.9639 | TeAcc: 0.9775
 S NN | TrAcc: 0.9857 | VaAcc: 0.9600 | TeAcc: 0.9741

 93,  0 | TrAcc: 0.9877, TrLoss:  0.04195, VaAcc: 0.9609, VaLoss:  0.16182
 MAP NN | TrAcc: 0.9899 | VaAcc: 0.9629 | TeAcc: 0.9746
 S NN | TrAcc: 0.9867 | VaAcc: 0.9624 | TeAcc: 0.9761

 94,  0 | TrAcc: 0.9878, TrLoss:  0.04119, VaAcc: 0.9595, VaLoss:  0.16307
 MAP NN | TrAcc: 0.9910 | VaAcc: 0.9634 | TeAcc: 0.9756
 S NN | TrAcc: 0.9889 | VaAcc: 0.9580 | TeAcc: 0.9722

 95,  0 | TrAcc: 0.9894, TrLoss:  0.03954, VaAcc: 0.9604, VaLoss:  0.16459
 MAP NN | TrAcc: 0.9900 | VaAcc: 0.9629 | TeAcc: 0.9756
 S NN | TrAcc: 0.9885 | VaAcc: 0.9639 | TeAcc: 0.9756

 96,  0 | TrAcc: 0.9894, TrLoss:  0.04005, VaAcc: 0.9653, VaLoss:  0.15313
 MAP NN | TrAcc: 0.9915 | VaAcc: 0.9644 | TeAcc: 0.9780
 S NN | TrAcc: 0.9911 | VaAcc: 0.9619 | TeAcc: 0.9751

 97,  0 | TrAcc: 0.9883, TrLoss:  0.04411, VaAcc: 0.9595, VaLoss:  0.16533
 MAP NN | TrAcc: 0.9891 | VaAcc: 0.9663 | TeAcc: 0.9736
 S NN | TrAcc: 0.9850 | VaAcc: 0.9609 | TeAcc: 0.9736

 98,  0 | TrAcc: 0.9878, TrLoss:  0.04689, VaAcc: 0.9600, VaLoss:  0.16203
 MAP NN | TrAcc: 0.9886 | VaAcc: 0.9648 | TeAcc: 0.9756
 S NN | TrAcc: 0.9882 | VaAcc: 0.9595 | TeAcc: 0.9766

 99,  0 | TrAcc: 0.9845, TrLoss:  0.04931, VaAcc: 0.9634, VaLoss:  0.16653
 MAP NN | TrAcc: 0.9871 | VaAcc: 0.9609 | TeAcc: 0.9727
 S NN | TrAcc: 0.9823 | VaAcc: 0.9629 | TeAcc: 0.9751

100,  0 | TrAcc: 0.9845, TrLoss:  0.05307, VaAcc: 0.9580, VaLoss:  0.17408
 MAP NN | TrAcc: 0.9865 | VaAcc: 0.9609 | TeAcc: 0.9756
 S NN | TrAcc: 0.9851 | VaAcc: 0.9624 | TeAcc: 0.9751

101,  0 | TrAcc: 0.9836, TrLoss:  0.05477, VaAcc: 0.9604, VaLoss:  0.17422
 MAP NN | TrAcc: 0.9843 | VaAcc: 0.9585 | TeAcc: 0.9766
 S NN | TrAcc: 0.9813 | VaAcc: 0.9595 | TeAcc: 0.9741

102,  0 | TrAcc: 0.9852, TrLoss:  0.05032, VaAcc: 0.9590, VaLoss:  0.18214
 MAP NN | TrAcc: 0.9868 | VaAcc: 0.9604 | TeAcc: 0.9746
 S NN | TrAcc: 0.9854 | VaAcc: 0.9585 | TeAcc: 0.9697

103,  0 | TrAcc: 0.9880, TrLoss:  0.04208, VaAcc: 0.9629, VaLoss:  0.16508
 MAP NN | TrAcc: 0.9886 | VaAcc: 0.9634 | TeAcc: 0.9766
 S NN | TrAcc: 0.9865 | VaAcc: 0.9609 | TeAcc: 0.9736

104,  0 | TrAcc: 0.9885, TrLoss:  0.04369, VaAcc: 0.9648, VaLoss:  0.16384
 MAP NN | TrAcc: 0.9888 | VaAcc: 0.9604 | TeAcc: 0.9756
 S NN | TrAcc: 0.9836 | VaAcc: 0.9580 | TeAcc: 0.9756

105,  0 | TrAcc: 0.9873, TrLoss:  0.04131, VaAcc: 0.9609, VaLoss:  0.15806
 MAP NN | TrAcc: 0.9912 | VaAcc: 0.9653 | TeAcc: 0.9771
 S NN | TrAcc: 0.9875 | VaAcc: 0.9639 | TeAcc: 0.9775

106,  0 | TrAcc: 0.9869, TrLoss:  0.04415, VaAcc: 0.9565, VaLoss:  0.17983
 MAP NN | TrAcc: 0.9894 | VaAcc: 0.9585 | TeAcc: 0.9741
 S NN | TrAcc: 0.9863 | VaAcc: 0.9570 | TeAcc: 0.9746

107,  0 | TrAcc: 0.9895, TrLoss:  0.03837, VaAcc: 0.9629, VaLoss:  0.16204
 MAP NN | TrAcc: 0.9912 | VaAcc: 0.9678 | TeAcc: 0.9751
 S NN | TrAcc: 0.9880 | VaAcc: 0.9644 | TeAcc: 0.9766

108,  0 | TrAcc: 0.9899, TrLoss:  0.04059, VaAcc: 0.9585, VaLoss:  0.17294
 MAP NN | TrAcc: 0.9900 | VaAcc: 0.9609 | TeAcc: 0.9756
 S NN | TrAcc: 0.9889 | VaAcc: 0.9575 | TeAcc: 0.9766

109,  0 | TrAcc: 0.9895, TrLoss:  0.04081, VaAcc: 0.9609, VaLoss:  0.15505
 MAP NN | TrAcc: 0.9901 | VaAcc: 0.9595 | TeAcc: 0.9766
 S NN | TrAcc: 0.9878 | VaAcc: 0.9585 | TeAcc: 0.9727

110,  0 | TrAcc: 0.9860, TrLoss:  0.04506, VaAcc: 0.9624, VaLoss:  0.15975
 MAP NN | TrAcc: 0.9882 | VaAcc: 0.9619 | TeAcc: 0.9746
 S NN | TrAcc: 0.9879 | VaAcc: 0.9629 | TeAcc: 0.9727

111,  0 | TrAcc: 0.9867, TrLoss:  0.04405, VaAcc: 0.9624, VaLoss:  0.15394
 MAP NN | TrAcc: 0.9875 | VaAcc: 0.9614 | TeAcc: 0.9731
 S NN | TrAcc: 0.9862 | VaAcc: 0.9619 | TeAcc: 0.9761

112,  0 | TrAcc: 0.9855, TrLoss:  0.05230, VaAcc: 0.9551, VaLoss:  0.18338
 MAP NN | TrAcc: 0.9833 | VaAcc: 0.9580 | TeAcc: 0.9727
 S NN | TrAcc: 0.9835 | VaAcc: 0.9585 | TeAcc: 0.9727

113,  0 | TrAcc: 0.9883, TrLoss:  0.04114, VaAcc: 0.9600, VaLoss:  0.16008
 MAP NN | TrAcc: 0.9900 | VaAcc: 0.9604 | TeAcc: 0.9751
 S NN | TrAcc: 0.9888 | VaAcc: 0.9541 | TeAcc: 0.9741

114,  0 | TrAcc: 0.9893, TrLoss:  0.03868, VaAcc: 0.9604, VaLoss:  0.16815
 MAP NN | TrAcc: 0.9906 | VaAcc: 0.9648 | TeAcc: 0.9775
 S NN | TrAcc: 0.9897 | VaAcc: 0.9629 | TeAcc: 0.9712

115,  0 | TrAcc: 0.9888, TrLoss:  0.04084, VaAcc: 0.9609, VaLoss:  0.16364
 MAP NN | TrAcc: 0.9895 | VaAcc: 0.9619 | TeAcc: 0.9746
 S NN | TrAcc: 0.9866 | VaAcc: 0.9595 | TeAcc: 0.9712

116,  0 | TrAcc: 0.9889, TrLoss:  0.04088, VaAcc: 0.9604, VaLoss:  0.17007
 MAP NN | TrAcc: 0.9889 | VaAcc: 0.9585 | TeAcc: 0.9751
 S NN | TrAcc: 0.9871 | VaAcc: 0.9580 | TeAcc: 0.9761

117,  0 | TrAcc: 0.9912, TrLoss:  0.03501, VaAcc: 0.9614, VaLoss:  0.17286
 MAP NN | TrAcc: 0.9916 | VaAcc: 0.9619 | TeAcc: 0.9761
 S NN | TrAcc: 0.9900 | VaAcc: 0.9609 | TeAcc: 0.9717

118,  0 | TrAcc: 0.9895, TrLoss:  0.03674, VaAcc: 0.9580, VaLoss:  0.18238
 MAP NN | TrAcc: 0.9904 | VaAcc: 0.9619 | TeAcc: 0.9751
 S NN | TrAcc: 0.9889 | VaAcc: 0.9590 | TeAcc: 0.9746

119,  0 | TrAcc: 0.9913, TrLoss:  0.03419, VaAcc: 0.9600, VaLoss:  0.16744
 MAP NN | TrAcc: 0.9924 | VaAcc: 0.9585 | TeAcc: 0.9761
 S NN | TrAcc: 0.9916 | VaAcc: 0.9590 | TeAcc: 0.9736

120,  0 | TrAcc: 0.9905, TrLoss:  0.03618, VaAcc: 0.9648, VaLoss:  0.16019
 MAP NN | TrAcc: 0.9913 | VaAcc: 0.9629 | TeAcc: 0.9741
 S NN | TrAcc: 0.9901 | VaAcc: 0.9624 | TeAcc: 0.9775

121,  0 | TrAcc: 0.9916, TrLoss:  0.03274, VaAcc: 0.9624, VaLoss:  0.17023
 MAP NN | TrAcc: 0.9930 | VaAcc: 0.9629 | TeAcc: 0.9761
 S NN | TrAcc: 0.9915 | VaAcc: 0.9619 | TeAcc: 0.9761

122,  0 | TrAcc: 0.9891, TrLoss:  0.03626, VaAcc: 0.9644, VaLoss:  0.15911
 MAP NN | TrAcc: 0.9917 | VaAcc: 0.9629 | TeAcc: 0.9771
 S NN | TrAcc: 0.9916 | VaAcc: 0.9648 | TeAcc: 0.9761

123,  0 | TrAcc: 0.9883, TrLoss:  0.04047, VaAcc: 0.9585, VaLoss:  0.17225
 MAP NN | TrAcc: 0.9879 | VaAcc: 0.9565 | TeAcc: 0.9746
 S NN | TrAcc: 0.9877 | VaAcc: 0.9565 | TeAcc: 0.9771

124,  0 | TrAcc: 0.9894, TrLoss:  0.03593, VaAcc: 0.9604, VaLoss:  0.15584
 MAP NN | TrAcc: 0.9915 | VaAcc: 0.9634 | TeAcc: 0.9751
 S NN | TrAcc: 0.9911 | VaAcc: 0.9604 | TeAcc: 0.9746

125,  0 | TrAcc: 0.9906, TrLoss:  0.03743, VaAcc: 0.9688, VaLoss:  0.15959
 MAP NN | TrAcc: 0.9906 | VaAcc: 0.9653 | TeAcc: 0.9751
 S NN | TrAcc: 0.9890 | VaAcc: 0.9673 | TeAcc: 0.9751

126,  0 | TrAcc: 0.9915, TrLoss:  0.03412, VaAcc: 0.9629, VaLoss:  0.15991
 MAP NN | TrAcc: 0.9923 | VaAcc: 0.9653 | TeAcc: 0.9751
 S NN | TrAcc: 0.9917 | VaAcc: 0.9644 | TeAcc: 0.9741

127,  0 | TrAcc: 0.9913, TrLoss:  0.03460, VaAcc: 0.9619, VaLoss:  0.15658
 MAP NN | TrAcc: 0.9917 | VaAcc: 0.9663 | TeAcc: 0.9761
 S NN | TrAcc: 0.9904 | VaAcc: 0.9629 | TeAcc: 0.9751

128,  0 | TrAcc: 0.9911, TrLoss:  0.03436, VaAcc: 0.9629, VaLoss:  0.16158
 MAP NN | TrAcc: 0.9915 | VaAcc: 0.9619 | TeAcc: 0.9736
 S NN | TrAcc: 0.9904 | VaAcc: 0.9604 | TeAcc: 0.9727

129,  0 | TrAcc: 0.9878, TrLoss:  0.04173, VaAcc: 0.9570, VaLoss:  0.18206
 MAP NN | TrAcc: 0.9896 | VaAcc: 0.9604 | TeAcc: 0.9741
 S NN | TrAcc: 0.9879 | VaAcc: 0.9604 | TeAcc: 0.9741

130,  0 | TrAcc: 0.9878, TrLoss:  0.04200, VaAcc: 0.9639, VaLoss:  0.16620
 MAP NN | TrAcc: 0.9886 | VaAcc: 0.9663 | TeAcc: 0.9756
 S NN | TrAcc: 0.9891 | VaAcc: 0.9634 | TeAcc: 0.9727

131,  0 | TrAcc: 0.9910, TrLoss:  0.03634, VaAcc: 0.9692, VaLoss:  0.15474
 MAP NN | TrAcc: 0.9924 | VaAcc: 0.9668 | TeAcc: 0.9731
 S NN | TrAcc: 0.9904 | VaAcc: 0.9644 | TeAcc: 0.9722

132,  0 | TrAcc: 0.9896, TrLoss:  0.03523, VaAcc: 0.9629, VaLoss:  0.16151
 MAP NN | TrAcc: 0.9924 | VaAcc: 0.9644 | TeAcc: 0.9736
 S NN | TrAcc: 0.9908 | VaAcc: 0.9644 | TeAcc: 0.9736

133,  0 | TrAcc: 0.9908, TrLoss:  0.03303, VaAcc: 0.9673, VaLoss:  0.15477
 MAP NN | TrAcc: 0.9928 | VaAcc: 0.9663 | TeAcc: 0.9766
 S NN | TrAcc: 0.9910 | VaAcc: 0.9678 | TeAcc: 0.9756

134,  0 | TrAcc: 0.9928, TrLoss:  0.02948, VaAcc: 0.9683, VaLoss:  0.14648
 MAP NN | TrAcc: 0.9927 | VaAcc: 0.9653 | TeAcc: 0.9766
 S NN | TrAcc: 0.9913 | VaAcc: 0.9688 | TeAcc: 0.9771

135,  0 | TrAcc: 0.9922, TrLoss:  0.03238, VaAcc: 0.9648, VaLoss:  0.16452
 MAP NN | TrAcc: 0.9924 | VaAcc: 0.9634 | TeAcc: 0.9736
 S NN | TrAcc: 0.9926 | VaAcc: 0.9634 | TeAcc: 0.9741

136,  0 | TrAcc: 0.9913, TrLoss:  0.03186, VaAcc: 0.9683, VaLoss:  0.15015
 MAP NN | TrAcc: 0.9933 | VaAcc: 0.9658 | TeAcc: 0.9751
 S NN | TrAcc: 0.9913 | VaAcc: 0.9609 | TeAcc: 0.9712

137,  0 | TrAcc: 0.9913, TrLoss:  0.03020, VaAcc: 0.9639, VaLoss:  0.16841
 MAP NN | TrAcc: 0.9926 | VaAcc: 0.9644 | TeAcc: 0.9746
 S NN | TrAcc: 0.9915 | VaAcc: 0.9653 | TeAcc: 0.9751

138,  0 | TrAcc: 0.9923, TrLoss:  0.03090, VaAcc: 0.9629, VaLoss:  0.16805
 MAP NN | TrAcc: 0.9933 | VaAcc: 0.9634 | TeAcc: 0.9736
 S NN | TrAcc: 0.9918 | VaAcc: 0.9624 | TeAcc: 0.9707

139,  0 | TrAcc: 0.9917, TrLoss:  0.03155, VaAcc: 0.9648, VaLoss:  0.16545
 MAP NN | TrAcc: 0.9923 | VaAcc: 0.9624 | TeAcc: 0.9751
 S NN | TrAcc: 0.9916 | VaAcc: 0.9629 | TeAcc: 0.9751

140,  0 | TrAcc: 0.9919, TrLoss:  0.03146, VaAcc: 0.9619, VaLoss:  0.17104
 MAP NN | TrAcc: 0.9927 | VaAcc: 0.9629 | TeAcc: 0.9722
 S NN | TrAcc: 0.9913 | VaAcc: 0.9600 | TeAcc: 0.9727

141,  0 | TrAcc: 0.9905, TrLoss:  0.03619, VaAcc: 0.9624, VaLoss:  0.16766
 MAP NN | TrAcc: 0.9901 | VaAcc: 0.9609 | TeAcc: 0.9761
 S NN | TrAcc: 0.9894 | VaAcc: 0.9609 | TeAcc: 0.9731

142,  0 | TrAcc: 0.9932, TrLoss:  0.02973, VaAcc: 0.9629, VaLoss:  0.17058
 MAP NN | TrAcc: 0.9932 | VaAcc: 0.9624 | TeAcc: 0.9761
 S NN | TrAcc: 0.9924 | VaAcc: 0.9600 | TeAcc: 0.9722

143,  0 | TrAcc: 0.9926, TrLoss:  0.02925, VaAcc: 0.9604, VaLoss:  0.16874
 MAP NN | TrAcc: 0.9934 | VaAcc: 0.9634 | TeAcc: 0.9746
 S NN | TrAcc: 0.9928 | VaAcc: 0.9629 | TeAcc: 0.9751

144,  0 | TrAcc: 0.9927, TrLoss:  0.02920, VaAcc: 0.9658, VaLoss:  0.16194
 MAP NN | TrAcc: 0.9938 | VaAcc: 0.9653 | TeAcc: 0.9736
 S NN | TrAcc: 0.9912 | VaAcc: 0.9619 | TeAcc: 0.9751

145,  0 | TrAcc: 0.9917, TrLoss:  0.03145, VaAcc: 0.9629, VaLoss:  0.16614
 MAP NN | TrAcc: 0.9928 | VaAcc: 0.9644 | TeAcc: 0.9746
 S NN | TrAcc: 0.9918 | VaAcc: 0.9634 | TeAcc: 0.9756

146,  0 | TrAcc: 0.9938, TrLoss:  0.02779, VaAcc: 0.9653, VaLoss:  0.15734
 MAP NN | TrAcc: 0.9938 | VaAcc: 0.9653 | TeAcc: 0.9736
 S NN | TrAcc: 0.9926 | VaAcc: 0.9634 | TeAcc: 0.9751

147,  0 | TrAcc: 0.9932, TrLoss:  0.02938, VaAcc: 0.9619, VaLoss:  0.15639
 MAP NN | TrAcc: 0.9932 | VaAcc: 0.9634 | TeAcc: 0.9771
 S NN | TrAcc: 0.9917 | VaAcc: 0.9644 | TeAcc: 0.9761

148,  0 | TrAcc: 0.9918, TrLoss:  0.02955, VaAcc: 0.9658, VaLoss:  0.16041
 MAP NN | TrAcc: 0.9926 | VaAcc: 0.9629 | TeAcc: 0.9761
 S NN | TrAcc: 0.9940 | VaAcc: 0.9653 | TeAcc: 0.9727

149,  0 | TrAcc: 0.9906, TrLoss:  0.03247, VaAcc: 0.9639, VaLoss:  0.15682
 MAP NN | TrAcc: 0.9917 | VaAcc: 0.9678 | TeAcc: 0.9736
 S NN | TrAcc: 0.9927 | VaAcc: 0.9634 | TeAcc: 0.9722

150,  0 | TrAcc: 0.9883, TrLoss:  0.03642, VaAcc: 0.9629, VaLoss:  0.15948
 MAP NN | TrAcc: 0.9896 | VaAcc: 0.9614 | TeAcc: 0.9727
 S NN | TrAcc: 0.9890 | VaAcc: 0.9590 | TeAcc: 0.9722

151,  0 | TrAcc: 0.9913, TrLoss:  0.03346, VaAcc: 0.9609, VaLoss:  0.16767
 MAP NN | TrAcc: 0.9929 | VaAcc: 0.9624 | TeAcc: 0.9756
 S NN | TrAcc: 0.9926 | VaAcc: 0.9619 | TeAcc: 0.9741

152,  0 | TrAcc: 0.9916, TrLoss:  0.03196, VaAcc: 0.9600, VaLoss:  0.15658
 MAP NN | TrAcc: 0.9922 | VaAcc: 0.9634 | TeAcc: 0.9741
 S NN | TrAcc: 0.9924 | VaAcc: 0.9624 | TeAcc: 0.9741

153,  0 | TrAcc: 0.9902, TrLoss:  0.03325, VaAcc: 0.9619, VaLoss:  0.15659
 MAP NN | TrAcc: 0.9918 | VaAcc: 0.9648 | TeAcc: 0.9766
 S NN | TrAcc: 0.9911 | VaAcc: 0.9585 | TeAcc: 0.9707

154,  0 | TrAcc: 0.9895, TrLoss:  0.03732, VaAcc: 0.9595, VaLoss:  0.17494
 MAP NN | TrAcc: 0.9908 | VaAcc: 0.9585 | TeAcc: 0.9731
 S NN | TrAcc: 0.9890 | VaAcc: 0.9585 | TeAcc: 0.9727

155,  0 | TrAcc: 0.9893, TrLoss:  0.03940, VaAcc: 0.9619, VaLoss:  0.17600
 MAP NN | TrAcc: 0.9895 | VaAcc: 0.9634 | TeAcc: 0.9741
 S NN | TrAcc: 0.9886 | VaAcc: 0.9634 | TeAcc: 0.9746

156,  0 | TrAcc: 0.9913, TrLoss:  0.03211, VaAcc: 0.9648, VaLoss:  0.16640
 MAP NN | TrAcc: 0.9928 | VaAcc: 0.9629 | TeAcc: 0.9746
 S NN | TrAcc: 0.9922 | VaAcc: 0.9648 | TeAcc: 0.9727

157,  0 | TrAcc: 0.9874, TrLoss:  0.04286, VaAcc: 0.9585, VaLoss:  0.18447
 MAP NN | TrAcc: 0.9875 | VaAcc: 0.9609 | TeAcc: 0.9756
 S NN | TrAcc: 0.9884 | VaAcc: 0.9595 | TeAcc: 0.9741

158,  0 | TrAcc: 0.9916, TrLoss:  0.03312, VaAcc: 0.9639, VaLoss:  0.16604
 MAP NN | TrAcc: 0.9928 | VaAcc: 0.9639 | TeAcc: 0.9761
 S NN | TrAcc: 0.9924 | VaAcc: 0.9634 | TeAcc: 0.9736

159,  0 | TrAcc: 0.9877, TrLoss:  0.04119, VaAcc: 0.9595, VaLoss:  0.18060
 MAP NN | TrAcc: 0.9882 | VaAcc: 0.9590 | TeAcc: 0.9785
 S NN | TrAcc: 0.9884 | VaAcc: 0.9624 | TeAcc: 0.9761

160,  0 | TrAcc: 0.9915, TrLoss:  0.03160, VaAcc: 0.9634, VaLoss:  0.15500
 MAP NN | TrAcc: 0.9930 | VaAcc: 0.9624 | TeAcc: 0.9751
 S NN | TrAcc: 0.9919 | VaAcc: 0.9624 | TeAcc: 0.9736

161,  0 | TrAcc: 0.9918, TrLoss:  0.03265, VaAcc: 0.9614, VaLoss:  0.16446
 MAP NN | TrAcc: 0.9913 | VaAcc: 0.9604 | TeAcc: 0.9746
 S NN | TrAcc: 0.9906 | VaAcc: 0.9600 | TeAcc: 0.9722

162,  0 | TrAcc: 0.9891, TrLoss:  0.04058, VaAcc: 0.9609, VaLoss:  0.16354
 MAP NN | TrAcc: 0.9896 | VaAcc: 0.9609 | TeAcc: 0.9712
 S NN | TrAcc: 0.9886 | VaAcc: 0.9585 | TeAcc: 0.9731

163,  0 | TrAcc: 0.9906, TrLoss:  0.03359, VaAcc: 0.9629, VaLoss:  0.18504
 MAP NN | TrAcc: 0.9916 | VaAcc: 0.9624 | TeAcc: 0.9746
 S NN | TrAcc: 0.9911 | VaAcc: 0.9614 | TeAcc: 0.9751

164,  0 | TrAcc: 0.9899, TrLoss:  0.03558, VaAcc: 0.9614, VaLoss:  0.16986
 MAP NN | TrAcc: 0.9900 | VaAcc: 0.9648 | TeAcc: 0.9731
 S NN | TrAcc: 0.9908 | VaAcc: 0.9653 | TeAcc: 0.9717

165,  0 | TrAcc: 0.9918, TrLoss:  0.03247, VaAcc: 0.9614, VaLoss:  0.17672
 MAP NN | TrAcc: 0.9930 | VaAcc: 0.9619 | TeAcc: 0.9756
 S NN | TrAcc: 0.9921 | VaAcc: 0.9600 | TeAcc: 0.9756

166,  0 | TrAcc: 0.9912, TrLoss:  0.03113, VaAcc: 0.9624, VaLoss:  0.16776
 MAP NN | TrAcc: 0.9928 | VaAcc: 0.9614 | TeAcc: 0.9756
 S NN | TrAcc: 0.9923 | VaAcc: 0.9604 | TeAcc: 0.9761

167,  0 | TrAcc: 0.9926, TrLoss:  0.02961, VaAcc: 0.9580, VaLoss:  0.18572
 MAP NN | TrAcc: 0.9926 | VaAcc: 0.9570 | TeAcc: 0.9736
 S NN | TrAcc: 0.9932 | VaAcc: 0.9624 | TeAcc: 0.9731

168,  0 | TrAcc: 0.9922, TrLoss:  0.02968, VaAcc: 0.9663, VaLoss:  0.16460
 MAP NN | TrAcc: 0.9935 | VaAcc: 0.9634 | TeAcc: 0.9741
 S NN | TrAcc: 0.9922 | VaAcc: 0.9639 | TeAcc: 0.9751

169,  0 | TrAcc: 0.9927, TrLoss:  0.02597, VaAcc: 0.9629, VaLoss:  0.16559
 MAP NN | TrAcc: 0.9938 | VaAcc: 0.9624 | TeAcc: 0.9775
 S NN | TrAcc: 0.9926 | VaAcc: 0.9595 | TeAcc: 0.9761

170,  0 | TrAcc: 0.9946, TrLoss:  0.02411, VaAcc: 0.9639, VaLoss:  0.16470
 MAP NN | TrAcc: 0.9949 | VaAcc: 0.9658 | TeAcc: 0.9775
 S NN | TrAcc: 0.9948 | VaAcc: 0.9658 | TeAcc: 0.9775

171,  0 | TrAcc: 0.9939, TrLoss:  0.02562, VaAcc: 0.9595, VaLoss:  0.17788
 MAP NN | TrAcc: 0.9939 | VaAcc: 0.9629 | TeAcc: 0.9771
 S NN | TrAcc: 0.9926 | VaAcc: 0.9619 | TeAcc: 0.9775

172,  0 | TrAcc: 0.9933, TrLoss:  0.02714, VaAcc: 0.9624, VaLoss:  0.16411
 MAP NN | TrAcc: 0.9934 | VaAcc: 0.9658 | TeAcc: 0.9741
 S NN | TrAcc: 0.9927 | VaAcc: 0.9629 | TeAcc: 0.9746

173,  0 | TrAcc: 0.9943, TrLoss:  0.02508, VaAcc: 0.9600, VaLoss:  0.16623
 MAP NN | TrAcc: 0.9940 | VaAcc: 0.9595 | TeAcc: 0.9766
 S NN | TrAcc: 0.9935 | VaAcc: 0.9619 | TeAcc: 0.9780

174,  0 | TrAcc: 0.9922, TrLoss:  0.02826, VaAcc: 0.9644, VaLoss:  0.16491
 MAP NN | TrAcc: 0.9928 | VaAcc: 0.9634 | TeAcc: 0.9771
 S NN | TrAcc: 0.9918 | VaAcc: 0.9658 | TeAcc: 0.9756

175,  0 | TrAcc: 0.9915, TrLoss:  0.02967, VaAcc: 0.9609, VaLoss:  0.17510
 MAP NN | TrAcc: 0.9927 | VaAcc: 0.9648 | TeAcc: 0.9771
 S NN | TrAcc: 0.9927 | VaAcc: 0.9590 | TeAcc: 0.9775

176,  0 | TrAcc: 0.9923, TrLoss:  0.02916, VaAcc: 0.9644, VaLoss:  0.16685
 MAP NN | TrAcc: 0.9939 | VaAcc: 0.9639 | TeAcc: 0.9746
 S NN | TrAcc: 0.9928 | VaAcc: 0.9609 | TeAcc: 0.9731

177,  0 | TrAcc: 0.9927, TrLoss:  0.02957, VaAcc: 0.9614, VaLoss:  0.16789
 MAP NN | TrAcc: 0.9926 | VaAcc: 0.9590 | TeAcc: 0.9766
 S NN | TrAcc: 0.9929 | VaAcc: 0.9629 | TeAcc: 0.9746

178,  0 | TrAcc: 0.9937, TrLoss:  0.02707, VaAcc: 0.9644, VaLoss:  0.15936
 MAP NN | TrAcc: 0.9939 | VaAcc: 0.9658 | TeAcc: 0.9756
 S NN | TrAcc: 0.9930 | VaAcc: 0.9644 | TeAcc: 0.9780

179,  0 | TrAcc: 0.9922, TrLoss:  0.03174, VaAcc: 0.9644, VaLoss:  0.16797
 MAP NN | TrAcc: 0.9919 | VaAcc: 0.9624 | TeAcc: 0.9756
 S NN | TrAcc: 0.9905 | VaAcc: 0.9585 | TeAcc: 0.9746

180,  0 | TrAcc: 0.9930, TrLoss:  0.02740, VaAcc: 0.9629, VaLoss:  0.17088
 MAP NN | TrAcc: 0.9946 | VaAcc: 0.9644 | TeAcc: 0.9766
 S NN | TrAcc: 0.9934 | VaAcc: 0.9634 | TeAcc: 0.9751

181,  0 | TrAcc: 0.9937, TrLoss:  0.02657, VaAcc: 0.9648, VaLoss:  0.16576
 MAP NN | TrAcc: 0.9945 | VaAcc: 0.9629 | TeAcc: 0.9756
 S NN | TrAcc: 0.9937 | VaAcc: 0.9634 | TeAcc: 0.9771

182,  0 | TrAcc: 0.9926, TrLoss:  0.02855, VaAcc: 0.9619, VaLoss:  0.16678
 MAP NN | TrAcc: 0.9934 | VaAcc: 0.9629 | TeAcc: 0.9771
 S NN | TrAcc: 0.9930 | VaAcc: 0.9614 | TeAcc: 0.9751

183,  0 | TrAcc: 0.9913, TrLoss:  0.03115, VaAcc: 0.9619, VaLoss:  0.17647
 MAP NN | TrAcc: 0.9923 | VaAcc: 0.9619 | TeAcc: 0.9746
 S NN | TrAcc: 0.9922 | VaAcc: 0.9609 | TeAcc: 0.9736

184,  0 | TrAcc: 0.9924, TrLoss:  0.02695, VaAcc: 0.9619, VaLoss:  0.17501
 MAP NN | TrAcc: 0.9939 | VaAcc: 0.9614 | TeAcc: 0.9756
 S NN | TrAcc: 0.9934 | VaAcc: 0.9624 | TeAcc: 0.9761

185,  0 | TrAcc: 0.9934, TrLoss:  0.02464, VaAcc: 0.9629, VaLoss:  0.17505
 MAP NN | TrAcc: 0.9943 | VaAcc: 0.9629 | TeAcc: 0.9766
 S NN | TrAcc: 0.9943 | VaAcc: 0.9619 | TeAcc: 0.9766

186,  0 | TrAcc: 0.9924, TrLoss:  0.02782, VaAcc: 0.9624, VaLoss:  0.16598
 MAP NN | TrAcc: 0.9933 | VaAcc: 0.9663 | TeAcc: 0.9707
 S NN | TrAcc: 0.9940 | VaAcc: 0.9609 | TeAcc: 0.9741

187,  0 | TrAcc: 0.9932, TrLoss:  0.02753, VaAcc: 0.9590, VaLoss:  0.16616
 MAP NN | TrAcc: 0.9943 | VaAcc: 0.9614 | TeAcc: 0.9731
 S NN | TrAcc: 0.9930 | VaAcc: 0.9624 | TeAcc: 0.9751

188,  0 | TrAcc: 0.9926, TrLoss:  0.02647, VaAcc: 0.9614, VaLoss:  0.16696
 MAP NN | TrAcc: 0.9935 | VaAcc: 0.9624 | TeAcc: 0.9751
 S NN | TrAcc: 0.9940 | VaAcc: 0.9604 | TeAcc: 0.9756

189,  0 | TrAcc: 0.9939, TrLoss:  0.02412, VaAcc: 0.9634, VaLoss:  0.16833
 MAP NN | TrAcc: 0.9948 | VaAcc: 0.9634 | TeAcc: 0.9775
 S NN | TrAcc: 0.9933 | VaAcc: 0.9595 | TeAcc: 0.9780

190,  0 | TrAcc: 0.9939, TrLoss:  0.02528, VaAcc: 0.9634, VaLoss:  0.15974
 MAP NN | TrAcc: 0.9939 | VaAcc: 0.9619 | TeAcc: 0.9761
 S NN | TrAcc: 0.9943 | VaAcc: 0.9624 | TeAcc: 0.9761

191,  0 | TrAcc: 0.9944, TrLoss:  0.02413, VaAcc: 0.9634, VaLoss:  0.16935
 MAP NN | TrAcc: 0.9948 | VaAcc: 0.9653 | TeAcc: 0.9761
 S NN | TrAcc: 0.9941 | VaAcc: 0.9668 | TeAcc: 0.9766

192,  0 | TrAcc: 0.9938, TrLoss:  0.02456, VaAcc: 0.9609, VaLoss:  0.17573
 MAP NN | TrAcc: 0.9938 | VaAcc: 0.9595 | TeAcc: 0.9756
 S NN | TrAcc: 0.9930 | VaAcc: 0.9614 | TeAcc: 0.9736

193,  0 | TrAcc: 0.9943, TrLoss:  0.02479, VaAcc: 0.9629, VaLoss:  0.17609
 MAP NN | TrAcc: 0.9957 | VaAcc: 0.9648 | TeAcc: 0.9785
 S NN | TrAcc: 0.9952 | VaAcc: 0.9629 | TeAcc: 0.9775

194,  0 | TrAcc: 0.9907, TrLoss:  0.03114, VaAcc: 0.9609, VaLoss:  0.17361
 MAP NN | TrAcc: 0.9934 | VaAcc: 0.9609 | TeAcc: 0.9766
 S NN | TrAcc: 0.9904 | VaAcc: 0.9600 | TeAcc: 0.9756

195,  0 | TrAcc: 0.9905, TrLoss:  0.02889, VaAcc: 0.9624, VaLoss:  0.17385
 MAP NN | TrAcc: 0.9932 | VaAcc: 0.9634 | TeAcc: 0.9756
 S NN | TrAcc: 0.9928 | VaAcc: 0.9629 | TeAcc: 0.9761

196,  0 | TrAcc: 0.9886, TrLoss:  0.03882, VaAcc: 0.9609, VaLoss:  0.18458
 MAP NN | TrAcc: 0.9885 | VaAcc: 0.9575 | TeAcc: 0.9746
 S NN | TrAcc: 0.9893 | VaAcc: 0.9585 | TeAcc: 0.9741

197,  0 | TrAcc: 0.9929, TrLoss:  0.02711, VaAcc: 0.9595, VaLoss:  0.17135
 MAP NN | TrAcc: 0.9934 | VaAcc: 0.9595 | TeAcc: 0.9766
 S NN | TrAcc: 0.9935 | VaAcc: 0.9614 | TeAcc: 0.9775

198,  0 | TrAcc: 0.9921, TrLoss:  0.03125, VaAcc: 0.9604, VaLoss:  0.17900
 MAP NN | TrAcc: 0.9928 | VaAcc: 0.9604 | TeAcc: 0.9717
 S NN | TrAcc: 0.9927 | VaAcc: 0.9614 | TeAcc: 0.9727

199,  0 | TrAcc: 0.9932, TrLoss:  0.02788, VaAcc: 0.9575, VaLoss:  0.16467
 MAP NN | TrAcc: 0.9926 | VaAcc: 0.9609 | TeAcc: 0.9746
 S NN | TrAcc: 0.9926 | VaAcc: 0.9590 | TeAcc: 0.9707

Results for va_s
Metric: acc   
 96.88 % in iteration  134
Metric: loss  
Results for va_b
Metric: elogl 
 0.282 in iteration    0
Metric: acc   
 96.92 % in iteration  131
EARLY STOP FOR te_s
 97.71 % in iteration  134
