2024-08-08 21:40:06.985634: I tensorflow/core/platform/cpu_feature_guard.cc:141] Your CPU supports instructions that this TensorFlow binary was not compiled to use: SSE4.1 SSE4.2 AVX AVX2 FMA
2024-08-08 21:40:07.133469: I tensorflow/core/common_runtime/gpu/gpu_device.cc:1405] Found device 0 with properties: 
name: GeForce RTX 2080 Ti major: 7 minor: 5 memoryClockRate(GHz): 1.545
pciBusID: 0000:02:00.0
totalMemory: 10.76GiB freeMemory: 10.61GiB
2024-08-08 21:40:07.133933: I tensorflow/core/common_runtime/gpu/gpu_device.cc:1484] Adding visible gpu devices: 0
2024-08-08 21:40:12.397375: I tensorflow/core/common_runtime/gpu/gpu_device.cc:965] Device interconnect StreamExecutor with strength 1 edge matrix:
2024-08-08 21:40:12.397815: I tensorflow/core/common_runtime/gpu/gpu_device.cc:971]      0 
2024-08-08 21:40:12.398141: I tensorflow/core/common_runtime/gpu/gpu_device.cc:984] 0:   N 
2024-08-08 21:40:12.398533: I tensorflow/core/common_runtime/gpu/gpu_device.cc:1097] Created TensorFlow device (/job:localhost/replica:0/task:0/device:GPU:0 with 10237 MB memory) -> physical GPU (device: 0, name: GeForce RTX 2080 Ti, pci bus id: 0000:02:00.0, compute capability: 7.5)
2024-08-08 21:51:43.979536: I tensorflow/core/common_runtime/gpu/gpu_device.cc:1484] Adding visible gpu devices: 0
2024-08-08 21:51:43.980120: I tensorflow/core/common_runtime/gpu/gpu_device.cc:965] Device interconnect StreamExecutor with strength 1 edge matrix:
2024-08-08 21:51:43.982978: I tensorflow/core/common_runtime/gpu/gpu_device.cc:971]      0 
2024-08-08 21:51:43.983292: I tensorflow/core/common_runtime/gpu/gpu_device.cc:984] 0:   N 
2024-08-08 21:51:43.983810: I tensorflow/core/common_runtime/gpu/gpu_device.cc:1097] Created TensorFlow device (/job:localhost/replica:0/task:0/device:GPU:0 with 10237 MB memory) -> physical GPU (device: 0, name: GeForce RTX 2080 Ti, pci bus id: 0000:02:00.0, compute capability: 7.5)
2024-08-08 22:03:09.084683: I tensorflow/core/common_runtime/gpu/gpu_device.cc:1484] Adding visible gpu devices: 0
2024-08-08 22:03:09.085153: I tensorflow/core/common_runtime/gpu/gpu_device.cc:965] Device interconnect StreamExecutor with strength 1 edge matrix:
2024-08-08 22:03:09.085448: I tensorflow/core/common_runtime/gpu/gpu_device.cc:971]      0 
2024-08-08 22:03:09.085676: I tensorflow/core/common_runtime/gpu/gpu_device.cc:984] 0:   N 
2024-08-08 22:03:09.086039: I tensorflow/core/common_runtime/gpu/gpu_device.cc:1097] Created TensorFlow device (/job:localhost/replica:0/task:0/device:GPU:0 with 10237 MB memory) -> physical GPU (device: 0, name: GeForce RTX 2080 Ti, pci bus id: 0000:02:00.0, compute capability: 7.5)
