tr
(8080, 4, 45)
va
(1730, 4, 45)
te
(1450, 4, 45)

=============================
CONFIG FILE
====================================
Training configuration

Learning rate: 0.2, 	Learning rate anneal: inf, 	Tau:  1.0
Algorithm: reparametrization, 	STE: disabled, 	n forward passes: 1
Var reg: 0.0, 	Dir reg: 0.0, 	Ent reg: 0.0
Data multiplier: None
Gradient clipping: False, 	Gradient clip value: 1.0

Layer #0
output_layer
Layer norm: False, 	LR Adapt: 
Dropout: False, 	p_dropout: 0.95

Layer #1
lstm_0
Layer norm: False, 	LR Adapt: 
Dropout: False, 	p_dropout: 0.95

Layer #2
lstm_1
Layer norm: False, 	LR Adapt: 
Dropout: False, 	p_dropout: 0.95
====================================
RNN configuration

Layer #0, 	Type: input_layer, 	Scope: 
Units: 4, 	N activation bins: None

Layer #1, 	Type: lstm layer, 	Scope: lstm_0
Units: 50, 	N activation bins: None
Bias: True, 	N activation bins: 2, 	Discrete activation: False
Type: ternary, 	Parametetrization: sigmoid, 	Priors: [0.3333333333333333, 0.3333333333333333, 0.3333333333333333]
p_init_min: 0.05, 	p_init_max: 0.95
SB init: ('xavier', None), 	SA init: ('dirichlet', [0.3, 0.3, 0.3])
Type: gaussian, 	M init: ('xavier', None), 	Log V init: ('constant', -9.210340371976182)
M prior: 0.0, 	 Log V prior: 0.0
None
Bias: True, 	N activation bins: 2, 	Discrete activation: False
Type: ternary, 	Parametetrization: sigmoid, 	Priors: [0.3333333333333333, 0.3333333333333333, 0.3333333333333333]
p_init_min: 0.05, 	p_init_max: 0.95
SB init: ('xavier', None), 	SA init: ('dirichlet', [0.3, 0.3, 0.3])
Type: gaussian, 	M init: ('constant', -1.5), 	Log V init: ('constant', -9.210340371976182)
M prior: 0.0, 	 Log V prior: 0.0
None
Bias: True, 	N activation bins: 2, 	Discrete activation: False
Type: ternary, 	Parametetrization: sigmoid, 	Priors: [0.3333333333333333, 0.3333333333333333, 0.3333333333333333]
p_init_min: 0.05, 	p_init_max: 0.95
SB init: ('xavier', None), 	SA init: ('dirichlet', [0.3, 0.3, 0.3])
Type: gaussian, 	M init: ('xavier', None), 	Log V init: ('constant', -9.210340371976182)
M prior: 0.0, 	 Log V prior: 0.0
None

Layer #2, 	Type: lstm layer, 	Scope: lstm_1
Units: 30, 	N activation bins: None
Bias: True, 	N activation bins: 2, 	Discrete activation: False
Type: ternary, 	Parametetrization: sigmoid, 	Priors: [0.3333333333333333, 0.3333333333333333, 0.3333333333333333]
p_init_min: 0.05, 	p_init_max: 0.95
SB init: ('xavier', None), 	SA init: ('dirichlet', [0.3, 0.3, 0.3])
Type: gaussian, 	M init: ('xavier', None), 	Log V init: ('constant', -9.210340371976182)
M prior: 0.0, 	 Log V prior: 0.0
None
Bias: True, 	N activation bins: 2, 	Discrete activation: False
Type: ternary, 	Parametetrization: sigmoid, 	Priors: [0.3333333333333333, 0.3333333333333333, 0.3333333333333333]
p_init_min: 0.05, 	p_init_max: 0.95
SB init: ('xavier', None), 	SA init: ('dirichlet', [0.3, 0.3, 0.3])
Type: gaussian, 	M init: ('constant', -1.5), 	Log V init: ('constant', -9.210340371976182)
M prior: 0.0, 	 Log V prior: 0.0
None
Bias: True, 	N activation bins: 2, 	Discrete activation: False
Type: ternary, 	Parametetrization: sigmoid, 	Priors: [0.3333333333333333, 0.3333333333333333, 0.3333333333333333]
p_init_min: 0.05, 	p_init_max: 0.95
SB init: ('xavier', None), 	SA init: ('dirichlet', [0.3, 0.3, 0.3])
Type: gaussian, 	M init: ('xavier', None), 	Log V init: ('constant', -9.210340371976182)
M prior: 0.0, 	 Log V prior: 0.0
None

Layer #3, 	Type: ff layer, 	Scope: output_layer
Units: 10, 	N activation bins: None
====================================
Dataset configuration

Filename: /clusterFS/home/student/kopp13/datasets/mnist_pen_strokes/mps_all_tr.mat
Key: tr, 	In seq len: 45
Minibatch:  True, 	Size: 1024
Target bias removed: True, 	Shuffle: True

Filename: /clusterFS/home/student/kopp13/datasets/mnist_pen_strokes/mps_all_va.mat
Key: va, 	In seq len: 45
Minibatch:  True, 	Size: 1024
Target bias removed: True, 	Shuffle: False

Filename: /clusterFS/home/student/kopp13/datasets/mnist_pen_strokes/mps_all_te.mat
Key: te, 	In seq len: 45
Minibatch:  True, 	Size: 1024
Target bias removed: True, 	Shuffle: False
====================================
Info configuration

Filename:  test
Timer: False, 	Profiling: False, 	Profiling path: None
Save training metrics: True, 	Path: ../nr_spsc/
Save weights: False, 	Every: 1, 	Save best weights: False
Compute T Metrics every: 1

Load model from m_model2, 	 Force it: True
No model saving

starting
[('lstm_0/bc:0', 'lstm_0/bc'), ('lstm_0/bi:0', 'lstm_0/bi'), ('lstm_0/bo:0', 'lstm_0/bo'), ('lstm_0/wc:0', 'lstm_0/wc'), ('lstm_0/wi:0', 'lstm_0/wi'), ('lstm_0/wo:0', 'lstm_0/wo'), ('lstm_1/bc:0', 'lstm_1/bc'), ('lstm_1/bi:0', 'lstm_1/bi'), ('lstm_1/bo:0', 'lstm_1/bo'), ('lstm_1/wc:0', 'lstm_1/wc'), ('lstm_1/wi:0', 'lstm_1/wi'), ('lstm_1/wo:0', 'lstm_1/wo'), ('output_layer/b:0', 'output_layer/b'), ('output_layer/w:0', 'output_layer/w')]
output_layer/b
output_layer/w
=====
New variable
lstm_0/bc:0
lstm_0/bc
=====
New variable
lstm_0/bi:0
lstm_0/bi
=====
New variable
lstm_0/bo:0
lstm_0/bo
=====
New variable
lstm_0/wc:0
lstm_0/wc
=====
New variable
lstm_0/wi:0
lstm_0/wi
=====
New variable
lstm_0/wo:0
lstm_0/wo
=====
New variable
lstm_1/bc:0
lstm_1/bc
=====
New variable
lstm_1/bi:0
lstm_1/bi
=====
New variable
lstm_1/bo:0
lstm_1/bo
=====
New variable
lstm_1/wc:0
lstm_1/wc
=====
New variable
lstm_1/wi:0
lstm_1/wi
=====
New variable
lstm_1/wo:0
lstm_1/wo
=====
New variable
output_layer/b:0
output_layer/b
=====
New variable
output_layer/w:0
output_layer/w
=====
loaded
  0,  0 | TrAcc: 0.2881, TrLoss:  2.21417, VaAcc: 0.3164, VaLoss:  2.26803
 MAP NN | TrAcc: 0.6329 | VaAcc: 0.6904 | TeAcc: 0.7437
 S NN | TrAcc: 0.2485 | VaAcc: 0.1943 | TeAcc: 0.2163

  1,  0 | TrAcc: 0.4822, TrLoss:  1.58011, VaAcc: 0.4863, VaLoss:  1.66053
 MAP NN | TrAcc: 0.6023 | VaAcc: 0.6470 | TeAcc: 0.4224
 S NN | TrAcc: 0.3730 | VaAcc: 0.2803 | TeAcc: 0.2900

  2,  0 | TrAcc: 0.5464, TrLoss:  1.36454, VaAcc: 0.5913, VaLoss:  1.20936
 MAP NN | TrAcc: 0.6115 | VaAcc: 0.5029 | TeAcc: 0.4355
 S NN | TrAcc: 0.3927 | VaAcc: 0.6641 | TeAcc: 0.2837

  3,  0 | TrAcc: 0.7231, TrLoss:  0.92662, VaAcc: 0.7832, VaLoss:  0.83255
 MAP NN | TrAcc: 0.7324 | VaAcc: 0.7744 | TeAcc: 0.8184
 S NN | TrAcc: 0.5026 | VaAcc: 0.6074 | TeAcc: 0.7378

  4,  0 | TrAcc: 0.7091, TrLoss:  0.86011, VaAcc: 0.7563, VaLoss:  0.75109
 MAP NN | TrAcc: 0.7203 | VaAcc: 0.7632 | TeAcc: 0.8071
 S NN | TrAcc: 0.5737 | VaAcc: 0.4966 | TeAcc: 0.4053

  5,  0 | TrAcc: 0.7244, TrLoss:  0.86190, VaAcc: 0.7549, VaLoss:  0.74784
 MAP NN | TrAcc: 0.7767 | VaAcc: 0.8086 | TeAcc: 0.8613
 S NN | TrAcc: 0.6685 | VaAcc: 0.6792 | TeAcc: 0.7695

  6,  0 | TrAcc: 0.7957, TrLoss:  0.65380, VaAcc: 0.8550, VaLoss:  0.50547
 MAP NN | TrAcc: 0.8179 | VaAcc: 0.8398 | TeAcc: 0.8833
 S NN | TrAcc: 0.6638 | VaAcc: 0.7808 | TeAcc: 0.5786

  7,  0 | TrAcc: 0.8181, TrLoss:  0.59247, VaAcc: 0.8086, VaLoss:  0.67194
 MAP NN | TrAcc: 0.8400 | VaAcc: 0.8643 | TeAcc: 0.8901
 S NN | TrAcc: 0.7257 | VaAcc: 0.8047 | TeAcc: 0.8398

  8,  0 | TrAcc: 0.8179, TrLoss:  0.61346, VaAcc: 0.8535, VaLoss:  0.51792
 MAP NN | TrAcc: 0.8293 | VaAcc: 0.8604 | TeAcc: 0.8867
 S NN | TrAcc: 0.7747 | VaAcc: 0.7485 | TeAcc: 0.8198

  9,  0 | TrAcc: 0.8397, TrLoss:  0.54816, VaAcc: 0.8638, VaLoss:  0.49274
 MAP NN | TrAcc: 0.8209 | VaAcc: 0.8442 | TeAcc: 0.8853
 S NN | TrAcc: 0.7916 | VaAcc: 0.7837 | TeAcc: 0.8521

 10,  0 | TrAcc: 0.8402, TrLoss:  0.54374, VaAcc: 0.8633, VaLoss:  0.55591
 MAP NN | TrAcc: 0.8505 | VaAcc: 0.8765 | TeAcc: 0.8984
 S NN | TrAcc: 0.8212 | VaAcc: 0.7632 | TeAcc: 0.8569

 11,  0 | TrAcc: 0.8634, TrLoss:  0.46659, VaAcc: 0.8647, VaLoss:  0.45968
 MAP NN | TrAcc: 0.8611 | VaAcc: 0.8877 | TeAcc: 0.9097
 S NN | TrAcc: 0.7441 | VaAcc: 0.8564 | TeAcc: 0.8477

 12,  0 | TrAcc: 0.8517, TrLoss:  0.49941, VaAcc: 0.8813, VaLoss:  0.40751
 MAP NN | TrAcc: 0.8722 | VaAcc: 0.8940 | TeAcc: 0.9146
 S NN | TrAcc: 0.7979 | VaAcc: 0.8760 | TeAcc: 0.8984

 13,  0 | TrAcc: 0.8801, TrLoss:  0.41220, VaAcc: 0.8960, VaLoss:  0.36879
 MAP NN | TrAcc: 0.8522 | VaAcc: 0.7231 | TeAcc: 0.9111
 S NN | TrAcc: 0.8168 | VaAcc: 0.8096 | TeAcc: 0.5552

 14,  0 | TrAcc: 0.8872, TrLoss:  0.38287, VaAcc: 0.8784, VaLoss:  0.48802
 MAP NN | TrAcc: 0.8827 | VaAcc: 0.8940 | TeAcc: 0.9199
 S NN | TrAcc: 0.7361 | VaAcc: 0.8501 | TeAcc: 0.9067

 15,  0 | TrAcc: 0.8927, TrLoss:  0.35600, VaAcc: 0.8906, VaLoss:  0.38301
 MAP NN | TrAcc: 0.8925 | VaAcc: 0.9009 | TeAcc: 0.9336
 S NN | TrAcc: 0.8396 | VaAcc: 0.8164 | TeAcc: 0.9028

 16,  0 | TrAcc: 0.8895, TrLoss:  0.36145, VaAcc: 0.8882, VaLoss:  0.37118
 MAP NN | TrAcc: 0.8922 | VaAcc: 0.8999 | TeAcc: 0.9277
 S NN | TrAcc: 0.8301 | VaAcc: 0.8574 | TeAcc: 0.8877

 17,  0 | TrAcc: 0.8922, TrLoss:  0.36537, VaAcc: 0.8696, VaLoss:  0.39416
 MAP NN | TrAcc: 0.8810 | VaAcc: 0.8911 | TeAcc: 0.9229
 S NN | TrAcc: 0.8135 | VaAcc: 0.6973 | TeAcc: 0.9023

 18,  0 | TrAcc: 0.9069, TrLoss:  0.31463, VaAcc: 0.9189, VaLoss:  0.31874
 MAP NN | TrAcc: 0.8954 | VaAcc: 0.9072 | TeAcc: 0.9312
 S NN | TrAcc: 0.8688 | VaAcc: 0.7271 | TeAcc: 0.9307

 19,  0 | TrAcc: 0.9028, TrLoss:  0.32245, VaAcc: 0.9185, VaLoss:  0.29205
 MAP NN | TrAcc: 0.9072 | VaAcc: 0.9160 | TeAcc: 0.9404
 S NN | TrAcc: 0.8739 | VaAcc: 0.7900 | TeAcc: 0.9189

 20,  0 | TrAcc: 0.8983, TrLoss:  0.33312, VaAcc: 0.9023, VaLoss:  0.31722
 MAP NN | TrAcc: 0.8959 | VaAcc: 0.9053 | TeAcc: 0.9287
 S NN | TrAcc: 0.8320 | VaAcc: 0.8491 | TeAcc: 0.9111

 21,  0 | TrAcc: 0.9071, TrLoss:  0.30752, VaAcc: 0.9131, VaLoss:  0.30414
 MAP NN | TrAcc: 0.9197 | VaAcc: 0.9277 | TeAcc: 0.9380
 S NN | TrAcc: 0.7510 | VaAcc: 0.9038 | TeAcc: 0.9033

 22,  0 | TrAcc: 0.9071, TrLoss:  0.31085, VaAcc: 0.9214, VaLoss:  0.26265
 MAP NN | TrAcc: 0.9082 | VaAcc: 0.9082 | TeAcc: 0.9297
 S NN | TrAcc: 0.8646 | VaAcc: 0.8843 | TeAcc: 0.9077

 23,  0 | TrAcc: 0.9161, TrLoss:  0.28427, VaAcc: 0.9165, VaLoss:  0.32593
 MAP NN | TrAcc: 0.8956 | VaAcc: 0.9067 | TeAcc: 0.6353
 S NN | TrAcc: 0.8210 | VaAcc: 0.8726 | TeAcc: 0.6152

 24,  0 | TrAcc: 0.9275, TrLoss:  0.24959, VaAcc: 0.9297, VaLoss:  0.25453
 MAP NN | TrAcc: 0.9152 | VaAcc: 0.9258 | TeAcc: 0.9370
 S NN | TrAcc: 0.8665 | VaAcc: 0.8706 | TeAcc: 0.8882

 25,  0 | TrAcc: 0.9293, TrLoss:  0.23577, VaAcc: 0.9292, VaLoss:  0.25629
 MAP NN | TrAcc: 0.9260 | VaAcc: 0.9341 | TeAcc: 0.9473
 S NN | TrAcc: 0.8400 | VaAcc: 0.8921 | TeAcc: 0.9346

 26,  0 | TrAcc: 0.9286, TrLoss:  0.24472, VaAcc: 0.7676, VaLoss:  0.38537
 MAP NN | TrAcc: 0.9281 | VaAcc: 0.9355 | TeAcc: 0.9478
 S NN | TrAcc: 0.8907 | VaAcc: 0.8452 | TeAcc: 0.9312

 27,  0 | TrAcc: 0.9342, TrLoss:  0.22455, VaAcc: 0.9268, VaLoss:  0.26663
 MAP NN | TrAcc: 0.9298 | VaAcc: 0.9321 | TeAcc: 0.9517
 S NN | TrAcc: 0.8995 | VaAcc: 0.8760 | TeAcc: 0.9199

 28,  0 | TrAcc: 0.9397, TrLoss:  0.21310, VaAcc: 0.9341, VaLoss:  0.23718
 MAP NN | TrAcc: 0.9327 | VaAcc: 0.9321 | TeAcc: 0.9531
 S NN | TrAcc: 0.8832 | VaAcc: 0.8984 | TeAcc: 0.9126

 29,  0 | TrAcc: 0.9355, TrLoss:  0.21724, VaAcc: 0.9346, VaLoss:  0.22820
 MAP NN | TrAcc: 0.9312 | VaAcc: 0.9297 | TeAcc: 0.9541
 S NN | TrAcc: 0.8480 | VaAcc: 0.8872 | TeAcc: 0.6294

 30,  0 | TrAcc: 0.9370, TrLoss:  0.20706, VaAcc: 0.9385, VaLoss:  0.24411
 MAP NN | TrAcc: 0.9359 | VaAcc: 0.9336 | TeAcc: 0.9556
 S NN | TrAcc: 0.8932 | VaAcc: 0.8975 | TeAcc: 0.9102

 31,  0 | TrAcc: 0.9376, TrLoss:  0.21097, VaAcc: 0.9316, VaLoss:  0.24114
 MAP NN | TrAcc: 0.9215 | VaAcc: 0.9282 | TeAcc: 0.9399
 S NN | TrAcc: 0.9017 | VaAcc: 0.8906 | TeAcc: 0.9253

 32,  0 | TrAcc: 0.9341, TrLoss:  0.21393, VaAcc: 0.9307, VaLoss:  0.27748
 MAP NN | TrAcc: 0.9270 | VaAcc: 0.9277 | TeAcc: 0.9478
 S NN | TrAcc: 0.8905 | VaAcc: 0.7319 | TeAcc: 0.9365

 33,  0 | TrAcc: 0.9346, TrLoss:  0.21941, VaAcc: 0.9331, VaLoss:  0.22279
 MAP NN | TrAcc: 0.9316 | VaAcc: 0.9370 | TeAcc: 0.9517
 S NN | TrAcc: 0.8848 | VaAcc: 0.9082 | TeAcc: 0.9346

 34,  0 | TrAcc: 0.9298, TrLoss:  0.22498, VaAcc: 0.9365, VaLoss:  0.24102
 MAP NN | TrAcc: 0.9254 | VaAcc: 0.9243 | TeAcc: 0.9482
 S NN | TrAcc: 0.8611 | VaAcc: 0.9272 | TeAcc: 0.9380

 35,  0 | TrAcc: 0.9420, TrLoss:  0.18748, VaAcc: 0.9380, VaLoss:  0.21096
 MAP NN | TrAcc: 0.9390 | VaAcc: 0.9385 | TeAcc: 0.9482
 S NN | TrAcc: 0.9067 | VaAcc: 0.8945 | TeAcc: 0.9360

 36,  0 | TrAcc: 0.9410, TrLoss:  0.19361, VaAcc: 0.9341, VaLoss:  0.23931
 MAP NN | TrAcc: 0.9410 | VaAcc: 0.9424 | TeAcc: 0.9565
 S NN | TrAcc: 0.8910 | VaAcc: 0.9014 | TeAcc: 0.9136

 37,  0 | TrAcc: 0.9412, TrLoss:  0.19274, VaAcc: 0.9429, VaLoss:  0.20531
 MAP NN | TrAcc: 0.9352 | VaAcc: 0.9316 | TeAcc: 0.9551
 S NN | TrAcc: 0.9091 | VaAcc: 0.8862 | TeAcc: 0.9263

 38,  0 | TrAcc: 0.9470, TrLoss:  0.17820, VaAcc: 0.9434, VaLoss:  0.21097
 MAP NN | TrAcc: 0.9427 | VaAcc: 0.9409 | TeAcc: 0.9585
 S NN | TrAcc: 0.8890 | VaAcc: 0.9111 | TeAcc: 0.9365

 39,  0 | TrAcc: 0.9478, TrLoss:  0.17557, VaAcc: 0.9380, VaLoss:  0.23916
 MAP NN | TrAcc: 0.9447 | VaAcc: 0.9434 | TeAcc: 0.9551
 S NN | TrAcc: 0.9191 | VaAcc: 0.9106 | TeAcc: 0.9385

 40,  0 | TrAcc: 0.9469, TrLoss:  0.17592, VaAcc: 0.9409, VaLoss:  0.21703
 MAP NN | TrAcc: 0.9381 | VaAcc: 0.9365 | TeAcc: 0.9458
 S NN | TrAcc: 0.9172 | VaAcc: 0.9180 | TeAcc: 0.9351

 41,  0 | TrAcc: 0.9500, TrLoss:  0.16941, VaAcc: 0.9438, VaLoss:  0.20852
 MAP NN | TrAcc: 0.9492 | VaAcc: 0.9458 | TeAcc: 0.9546
 S NN | TrAcc: 0.8871 | VaAcc: 0.9170 | TeAcc: 0.9473

 42,  0 | TrAcc: 0.9481, TrLoss:  0.17454, VaAcc: 0.9541, VaLoss:  0.17543
 MAP NN | TrAcc: 0.9496 | VaAcc: 0.9492 | TeAcc: 0.9609
 S NN | TrAcc: 0.9337 | VaAcc: 0.9111 | TeAcc: 0.9448

 43,  0 | TrAcc: 0.9515, TrLoss:  0.16172, VaAcc: 0.9492, VaLoss:  0.18309
 MAP NN | TrAcc: 0.9502 | VaAcc: 0.9478 | TeAcc: 0.9561
 S NN | TrAcc: 0.9259 | VaAcc: 0.9116 | TeAcc: 0.9507

 44,  0 | TrAcc: 0.9564, TrLoss:  0.15291, VaAcc: 0.9473, VaLoss:  0.20874
 MAP NN | TrAcc: 0.9531 | VaAcc: 0.9507 | TeAcc: 0.9624
 S NN | TrAcc: 0.9263 | VaAcc: 0.9087 | TeAcc: 0.9512

 45,  0 | TrAcc: 0.9546, TrLoss:  0.15524, VaAcc: 0.9434, VaLoss:  0.20941
 MAP NN | TrAcc: 0.9530 | VaAcc: 0.9434 | TeAcc: 0.9619
 S NN | TrAcc: 0.9133 | VaAcc: 0.9233 | TeAcc: 0.9482

 46,  0 | TrAcc: 0.9506, TrLoss:  0.15913, VaAcc: 0.9517, VaLoss:  0.18830
 MAP NN | TrAcc: 0.9534 | VaAcc: 0.9492 | TeAcc: 0.9600
 S NN | TrAcc: 0.9170 | VaAcc: 0.9038 | TeAcc: 0.9497

 47,  0 | TrAcc: 0.9536, TrLoss:  0.15502, VaAcc: 0.9507, VaLoss:  0.18677
 MAP NN | TrAcc: 0.9550 | VaAcc: 0.9429 | TeAcc: 0.9595
 S NN | TrAcc: 0.9314 | VaAcc: 0.9321 | TeAcc: 0.9399

 48,  0 | TrAcc: 0.9553, TrLoss:  0.14436, VaAcc: 0.9526, VaLoss:  0.18652
 MAP NN | TrAcc: 0.9518 | VaAcc: 0.9351 | TeAcc: 0.9580
 S NN | TrAcc: 0.9277 | VaAcc: 0.9229 | TeAcc: 0.9185

 49,  0 | TrAcc: 0.9552, TrLoss:  0.14444, VaAcc: 0.9517, VaLoss:  0.17486
 MAP NN | TrAcc: 0.9546 | VaAcc: 0.9458 | TeAcc: 0.9604
 S NN | TrAcc: 0.8976 | VaAcc: 0.9106 | TeAcc: 0.9492

 50,  0 | TrAcc: 0.9567, TrLoss:  0.14746, VaAcc: 0.9492, VaLoss:  0.19256
 MAP NN | TrAcc: 0.9563 | VaAcc: 0.9492 | TeAcc: 0.9624
 S NN | TrAcc: 0.9438 | VaAcc: 0.9346 | TeAcc: 0.9473

 51,  0 | TrAcc: 0.9591, TrLoss:  0.13226, VaAcc: 0.9473, VaLoss:  0.19545
 MAP NN | TrAcc: 0.9572 | VaAcc: 0.9429 | TeAcc: 0.9629
 S NN | TrAcc: 0.9365 | VaAcc: 0.9307 | TeAcc: 0.9556

 52,  0 | TrAcc: 0.9573, TrLoss:  0.13462, VaAcc: 0.9282, VaLoss:  0.25287
 MAP NN | TrAcc: 0.9567 | VaAcc: 0.9487 | TeAcc: 0.9624
 S NN | TrAcc: 0.9346 | VaAcc: 0.9336 | TeAcc: 0.9487

 53,  0 | TrAcc: 0.9573, TrLoss:  0.13873, VaAcc: 0.9507, VaLoss:  0.19081
 MAP NN | TrAcc: 0.9587 | VaAcc: 0.9492 | TeAcc: 0.9624
 S NN | TrAcc: 0.9332 | VaAcc: 0.9385 | TeAcc: 0.9341

 54,  0 | TrAcc: 0.9595, TrLoss:  0.13349, VaAcc: 0.9517, VaLoss:  0.18025
 MAP NN | TrAcc: 0.9609 | VaAcc: 0.9502 | TeAcc: 0.9644
 S NN | TrAcc: 0.9498 | VaAcc: 0.9219 | TeAcc: 0.9463

 55,  0 | TrAcc: 0.9554, TrLoss:  0.14251, VaAcc: 0.9541, VaLoss:  0.18398
 MAP NN | TrAcc: 0.9570 | VaAcc: 0.9512 | TeAcc: 0.9585
 S NN | TrAcc: 0.9413 | VaAcc: 0.9448 | TeAcc: 0.9575

 56,  0 | TrAcc: 0.9587, TrLoss:  0.13220, VaAcc: 0.9536, VaLoss:  0.16444
 MAP NN | TrAcc: 0.9617 | VaAcc: 0.9541 | TeAcc: 0.9624
 S NN | TrAcc: 0.9355 | VaAcc: 0.9365 | TeAcc: 0.9492

 57,  0 | TrAcc: 0.9595, TrLoss:  0.13527, VaAcc: 0.9536, VaLoss:  0.18581
 MAP NN | TrAcc: 0.9602 | VaAcc: 0.9526 | TeAcc: 0.9600
 S NN | TrAcc: 0.9373 | VaAcc: 0.9360 | TeAcc: 0.9546

 58,  0 | TrAcc: 0.9532, TrLoss:  0.14854, VaAcc: 0.9453, VaLoss:  0.20040
 MAP NN | TrAcc: 0.9570 | VaAcc: 0.9443 | TeAcc: 0.9629
 S NN | TrAcc: 0.9054 | VaAcc: 0.9258 | TeAcc: 0.9409

 59,  0 | TrAcc: 0.9596, TrLoss:  0.13083, VaAcc: 0.9521, VaLoss:  0.18165
 MAP NN | TrAcc: 0.9623 | VaAcc: 0.9556 | TeAcc: 0.9604
 S NN | TrAcc: 0.9313 | VaAcc: 0.9365 | TeAcc: 0.9521

 60,  0 | TrAcc: 0.9589, TrLoss:  0.13019, VaAcc: 0.9507, VaLoss:  0.17652
 MAP NN | TrAcc: 0.9602 | VaAcc: 0.9502 | TeAcc: 0.9624
 S NN | TrAcc: 0.9242 | VaAcc: 0.9395 | TeAcc: 0.9561

 61,  0 | TrAcc: 0.9614, TrLoss:  0.12338, VaAcc: 0.9512, VaLoss:  0.19068
 MAP NN | TrAcc: 0.9648 | VaAcc: 0.9517 | TeAcc: 0.9688
 S NN | TrAcc: 0.9446 | VaAcc: 0.9355 | TeAcc: 0.9517

 62,  0 | TrAcc: 0.9681, TrLoss:  0.11233, VaAcc: 0.9517, VaLoss:  0.18786
 MAP NN | TrAcc: 0.9677 | VaAcc: 0.9556 | TeAcc: 0.9688
 S NN | TrAcc: 0.9443 | VaAcc: 0.9390 | TeAcc: 0.9551

 63,  0 | TrAcc: 0.9604, TrLoss:  0.12812, VaAcc: 0.9473, VaLoss:  0.18531
 MAP NN | TrAcc: 0.9637 | VaAcc: 0.9541 | TeAcc: 0.9683
 S NN | TrAcc: 0.9111 | VaAcc: 0.9263 | TeAcc: 0.9541

 64,  0 | TrAcc: 0.9679, TrLoss:  0.10861, VaAcc: 0.9526, VaLoss:  0.18794
 MAP NN | TrAcc: 0.9684 | VaAcc: 0.9590 | TeAcc: 0.9678
 S NN | TrAcc: 0.9531 | VaAcc: 0.9385 | TeAcc: 0.9565

 65,  0 | TrAcc: 0.9657, TrLoss:  0.11864, VaAcc: 0.9551, VaLoss:  0.17732
 MAP NN | TrAcc: 0.9690 | VaAcc: 0.9604 | TeAcc: 0.9678
 S NN | TrAcc: 0.9467 | VaAcc: 0.9390 | TeAcc: 0.9624

 66,  0 | TrAcc: 0.9661, TrLoss:  0.11574, VaAcc: 0.9482, VaLoss:  0.17237
 MAP NN | TrAcc: 0.9633 | VaAcc: 0.9517 | TeAcc: 0.9644
 S NN | TrAcc: 0.9327 | VaAcc: 0.9263 | TeAcc: 0.9448

 67,  0 | TrAcc: 0.9675, TrLoss:  0.10771, VaAcc: 0.9590, VaLoss:  0.16964
 MAP NN | TrAcc: 0.9657 | VaAcc: 0.9526 | TeAcc: 0.9648
 S NN | TrAcc: 0.9536 | VaAcc: 0.9321 | TeAcc: 0.9561

 68,  0 | TrAcc: 0.9623, TrLoss:  0.12464, VaAcc: 0.9517, VaLoss:  0.18807
 MAP NN | TrAcc: 0.9642 | VaAcc: 0.9521 | TeAcc: 0.9658
 S NN | TrAcc: 0.9349 | VaAcc: 0.9365 | TeAcc: 0.9556

 69,  0 | TrAcc: 0.9637, TrLoss:  0.11840, VaAcc: 0.9531, VaLoss:  0.17210
 MAP NN | TrAcc: 0.9666 | VaAcc: 0.9565 | TeAcc: 0.9639
 S NN | TrAcc: 0.9484 | VaAcc: 0.9355 | TeAcc: 0.9590

 70,  0 | TrAcc: 0.9634, TrLoss:  0.12042, VaAcc: 0.9580, VaLoss:  0.16904
 MAP NN | TrAcc: 0.9637 | VaAcc: 0.9541 | TeAcc: 0.9653
 S NN | TrAcc: 0.9268 | VaAcc: 0.9365 | TeAcc: 0.9639

 71,  0 | TrAcc: 0.9694, TrLoss:  0.10881, VaAcc: 0.9517, VaLoss:  0.18178
 MAP NN | TrAcc: 0.9685 | VaAcc: 0.9580 | TeAcc: 0.9648
 S NN | TrAcc: 0.9525 | VaAcc: 0.9351 | TeAcc: 0.9517

 72,  0 | TrAcc: 0.9697, TrLoss:  0.10433, VaAcc: 0.9556, VaLoss:  0.16519
 MAP NN | TrAcc: 0.9684 | VaAcc: 0.9541 | TeAcc: 0.9648
 S NN | TrAcc: 0.9458 | VaAcc: 0.9287 | TeAcc: 0.9624

 73,  0 | TrAcc: 0.9674, TrLoss:  0.10509, VaAcc: 0.9565, VaLoss:  0.16842
 MAP NN | TrAcc: 0.9701 | VaAcc: 0.9526 | TeAcc: 0.9629
 S NN | TrAcc: 0.9446 | VaAcc: 0.9355 | TeAcc: 0.9541

 74,  0 | TrAcc: 0.9692, TrLoss:  0.10357, VaAcc: 0.9565, VaLoss:  0.16896
 MAP NN | TrAcc: 0.9670 | VaAcc: 0.9502 | TeAcc: 0.9619
 S NN | TrAcc: 0.9501 | VaAcc: 0.9360 | TeAcc: 0.9600

 75,  0 | TrAcc: 0.9696, TrLoss:  0.09927, VaAcc: 0.9507, VaLoss:  0.19384
 MAP NN | TrAcc: 0.9690 | VaAcc: 0.9536 | TeAcc: 0.9653
 S NN | TrAcc: 0.9484 | VaAcc: 0.9414 | TeAcc: 0.9570

 76,  0 | TrAcc: 0.9686, TrLoss:  0.10172, VaAcc: 0.9570, VaLoss:  0.17276
 MAP NN | TrAcc: 0.9675 | VaAcc: 0.9526 | TeAcc: 0.9619
 S NN | TrAcc: 0.9457 | VaAcc: 0.9351 | TeAcc: 0.9512

 77,  0 | TrAcc: 0.9691, TrLoss:  0.10500, VaAcc: 0.9565, VaLoss:  0.17029
 MAP NN | TrAcc: 0.9696 | VaAcc: 0.9531 | TeAcc: 0.9692
 S NN | TrAcc: 0.9508 | VaAcc: 0.9434 | TeAcc: 0.9536

 78,  0 | TrAcc: 0.9709, TrLoss:  0.09512, VaAcc: 0.9585, VaLoss:  0.17008
 MAP NN | TrAcc: 0.9697 | VaAcc: 0.9580 | TeAcc: 0.9648
 S NN | TrAcc: 0.9540 | VaAcc: 0.9409 | TeAcc: 0.9531

 79,  0 | TrAcc: 0.9694, TrLoss:  0.09928, VaAcc: 0.9600, VaLoss:  0.15915
 MAP NN | TrAcc: 0.9718 | VaAcc: 0.9570 | TeAcc: 0.9702
 S NN | TrAcc: 0.9586 | VaAcc: 0.9478 | TeAcc: 0.9585

 80,  0 | TrAcc: 0.9697, TrLoss:  0.09912, VaAcc: 0.9575, VaLoss:  0.16326
 MAP NN | TrAcc: 0.9673 | VaAcc: 0.9531 | TeAcc: 0.9692
 S NN | TrAcc: 0.9537 | VaAcc: 0.9458 | TeAcc: 0.9624

 81,  0 | TrAcc: 0.9740, TrLoss:  0.09037, VaAcc: 0.9502, VaLoss:  0.18275
 MAP NN | TrAcc: 0.9729 | VaAcc: 0.9590 | TeAcc: 0.9678
 S NN | TrAcc: 0.9539 | VaAcc: 0.9253 | TeAcc: 0.9619

 82,  0 | TrAcc: 0.9739, TrLoss:  0.09035, VaAcc: 0.9575, VaLoss:  0.16419
 MAP NN | TrAcc: 0.9700 | VaAcc: 0.9570 | TeAcc: 0.9653
 S NN | TrAcc: 0.9530 | VaAcc: 0.9375 | TeAcc: 0.9546

 83,  0 | TrAcc: 0.9708, TrLoss:  0.09868, VaAcc: 0.9531, VaLoss:  0.17559
 MAP NN | TrAcc: 0.9684 | VaAcc: 0.9565 | TeAcc: 0.9624
 S NN | TrAcc: 0.9645 | VaAcc: 0.9448 | TeAcc: 0.9609

 84,  0 | TrAcc: 0.9697, TrLoss:  0.09559, VaAcc: 0.9585, VaLoss:  0.15939
 MAP NN | TrAcc: 0.9717 | VaAcc: 0.9556 | TeAcc: 0.9673
 S NN | TrAcc: 0.9645 | VaAcc: 0.9517 | TeAcc: 0.9604

 85,  0 | TrAcc: 0.9692, TrLoss:  0.10075, VaAcc: 0.9556, VaLoss:  0.17168
 MAP NN | TrAcc: 0.9705 | VaAcc: 0.9482 | TeAcc: 0.9609
 S NN | TrAcc: 0.9552 | VaAcc: 0.9302 | TeAcc: 0.9609

 86,  0 | TrAcc: 0.9723, TrLoss:  0.09071, VaAcc: 0.9526, VaLoss:  0.18388
 MAP NN | TrAcc: 0.9729 | VaAcc: 0.9580 | TeAcc: 0.9663
 S NN | TrAcc: 0.9517 | VaAcc: 0.9473 | TeAcc: 0.9604

 87,  0 | TrAcc: 0.9755, TrLoss:  0.08793, VaAcc: 0.9521, VaLoss:  0.18737
 MAP NN | TrAcc: 0.9751 | VaAcc: 0.9575 | TeAcc: 0.9668
 S NN | TrAcc: 0.9556 | VaAcc: 0.9468 | TeAcc: 0.9663

 88,  0 | TrAcc: 0.9709, TrLoss:  0.09039, VaAcc: 0.9565, VaLoss:  0.17768
 MAP NN | TrAcc: 0.9711 | VaAcc: 0.9565 | TeAcc: 0.9624
 S NN | TrAcc: 0.9584 | VaAcc: 0.9497 | TeAcc: 0.9590

 89,  0 | TrAcc: 0.9758, TrLoss:  0.08297, VaAcc: 0.9565, VaLoss:  0.15535
 MAP NN | TrAcc: 0.9727 | VaAcc: 0.9541 | TeAcc: 0.9653
 S NN | TrAcc: 0.9604 | VaAcc: 0.9399 | TeAcc: 0.9639

 90,  0 | TrAcc: 0.9734, TrLoss:  0.08542, VaAcc: 0.9546, VaLoss:  0.17889
 MAP NN | TrAcc: 0.9709 | VaAcc: 0.9521 | TeAcc: 0.9648
 S NN | TrAcc: 0.9668 | VaAcc: 0.9390 | TeAcc: 0.9546

 91,  0 | TrAcc: 0.9762, TrLoss:  0.08140, VaAcc: 0.9580, VaLoss:  0.15537
 MAP NN | TrAcc: 0.9720 | VaAcc: 0.9546 | TeAcc: 0.9673
 S NN | TrAcc: 0.9501 | VaAcc: 0.9395 | TeAcc: 0.9673

 92,  0 | TrAcc: 0.9753, TrLoss:  0.08627, VaAcc: 0.9541, VaLoss:  0.17170
 MAP NN | TrAcc: 0.9730 | VaAcc: 0.9531 | TeAcc: 0.9658
 S NN | TrAcc: 0.9677 | VaAcc: 0.9458 | TeAcc: 0.9595

 93,  0 | TrAcc: 0.9768, TrLoss:  0.07741, VaAcc: 0.9590, VaLoss:  0.16792
 MAP NN | TrAcc: 0.9705 | VaAcc: 0.9541 | TeAcc: 0.9600
 S NN | TrAcc: 0.9597 | VaAcc: 0.9390 | TeAcc: 0.9517

 94,  0 | TrAcc: 0.9755, TrLoss:  0.08470, VaAcc: 0.9536, VaLoss:  0.17498
 MAP NN | TrAcc: 0.9724 | VaAcc: 0.9521 | TeAcc: 0.9658
 S NN | TrAcc: 0.9646 | VaAcc: 0.9434 | TeAcc: 0.9546

 95,  0 | TrAcc: 0.9768, TrLoss:  0.08215, VaAcc: 0.9629, VaLoss:  0.15664
 MAP NN | TrAcc: 0.9752 | VaAcc: 0.9590 | TeAcc: 0.9663
 S NN | TrAcc: 0.9663 | VaAcc: 0.9517 | TeAcc: 0.9619

 96,  0 | TrAcc: 0.9773, TrLoss:  0.07737, VaAcc: 0.9531, VaLoss:  0.17545
 MAP NN | TrAcc: 0.9740 | VaAcc: 0.9551 | TeAcc: 0.9614
 S NN | TrAcc: 0.9602 | VaAcc: 0.9443 | TeAcc: 0.9688

 97,  0 | TrAcc: 0.9751, TrLoss:  0.08195, VaAcc: 0.9595, VaLoss:  0.17082
 MAP NN | TrAcc: 0.9675 | VaAcc: 0.9482 | TeAcc: 0.9556
 S NN | TrAcc: 0.9589 | VaAcc: 0.9482 | TeAcc: 0.9624

 98,  0 | TrAcc: 0.9766, TrLoss:  0.07592, VaAcc: 0.9600, VaLoss:  0.15760
 MAP NN | TrAcc: 0.9719 | VaAcc: 0.9536 | TeAcc: 0.9580
 S NN | TrAcc: 0.9513 | VaAcc: 0.9463 | TeAcc: 0.9634

 99,  0 | TrAcc: 0.9778, TrLoss:  0.07551, VaAcc: 0.9580, VaLoss:  0.16261
 MAP NN | TrAcc: 0.9747 | VaAcc: 0.9595 | TeAcc: 0.9629
 S NN | TrAcc: 0.9650 | VaAcc: 0.9414 | TeAcc: 0.9663

100,  0 | TrAcc: 0.9773, TrLoss:  0.07723, VaAcc: 0.9561, VaLoss:  0.17280
 MAP NN | TrAcc: 0.9750 | VaAcc: 0.9565 | TeAcc: 0.9609
 S NN | TrAcc: 0.9675 | VaAcc: 0.9541 | TeAcc: 0.9546

101,  0 | TrAcc: 0.9775, TrLoss:  0.07985, VaAcc: 0.9634, VaLoss:  0.15557
 MAP NN | TrAcc: 0.9738 | VaAcc: 0.9595 | TeAcc: 0.9624
 S NN | TrAcc: 0.9662 | VaAcc: 0.9492 | TeAcc: 0.9502

102,  0 | TrAcc: 0.9761, TrLoss:  0.08124, VaAcc: 0.9575, VaLoss:  0.16455
 MAP NN | TrAcc: 0.9697 | VaAcc: 0.9521 | TeAcc: 0.9658
 S NN | TrAcc: 0.9683 | VaAcc: 0.9487 | TeAcc: 0.9609

103,  0 | TrAcc: 0.9807, TrLoss:  0.07023, VaAcc: 0.9658, VaLoss:  0.16899
 MAP NN | TrAcc: 0.9735 | VaAcc: 0.9541 | TeAcc: 0.9678
 S NN | TrAcc: 0.9633 | VaAcc: 0.9468 | TeAcc: 0.9644

104,  0 | TrAcc: 0.9801, TrLoss:  0.07247, VaAcc: 0.9590, VaLoss:  0.16661
 MAP NN | TrAcc: 0.9758 | VaAcc: 0.9570 | TeAcc: 0.9688
 S NN | TrAcc: 0.9705 | VaAcc: 0.9512 | TeAcc: 0.9619

105,  0 | TrAcc: 0.9800, TrLoss:  0.06862, VaAcc: 0.9536, VaLoss:  0.16770
 MAP NN | TrAcc: 0.9751 | VaAcc: 0.9590 | TeAcc: 0.9683
 S NN | TrAcc: 0.9673 | VaAcc: 0.9497 | TeAcc: 0.9614

106,  0 | TrAcc: 0.9805, TrLoss:  0.06881, VaAcc: 0.9658, VaLoss:  0.14676
 MAP NN | TrAcc: 0.9742 | VaAcc: 0.9570 | TeAcc: 0.9668
 S NN | TrAcc: 0.9639 | VaAcc: 0.9473 | TeAcc: 0.9629

107,  0 | TrAcc: 0.9810, TrLoss:  0.06767, VaAcc: 0.9561, VaLoss:  0.17599
 MAP NN | TrAcc: 0.9756 | VaAcc: 0.9561 | TeAcc: 0.9697
 S NN | TrAcc: 0.9720 | VaAcc: 0.9463 | TeAcc: 0.9653

108,  0 | TrAcc: 0.9810, TrLoss:  0.06964, VaAcc: 0.9600, VaLoss:  0.15688
 MAP NN | TrAcc: 0.9773 | VaAcc: 0.9580 | TeAcc: 0.9712
 S NN | TrAcc: 0.9645 | VaAcc: 0.9473 | TeAcc: 0.9688

109,  0 | TrAcc: 0.9784, TrLoss:  0.07299, VaAcc: 0.9648, VaLoss:  0.15502
 MAP NN | TrAcc: 0.9739 | VaAcc: 0.9561 | TeAcc: 0.9688
 S NN | TrAcc: 0.9633 | VaAcc: 0.9321 | TeAcc: 0.9688

110,  0 | TrAcc: 0.9781, TrLoss:  0.07428, VaAcc: 0.9561, VaLoss:  0.16917
 MAP NN | TrAcc: 0.9785 | VaAcc: 0.9600 | TeAcc: 0.9688
 S NN | TrAcc: 0.9645 | VaAcc: 0.9526 | TeAcc: 0.9600

111,  0 | TrAcc: 0.9783, TrLoss:  0.07427, VaAcc: 0.9570, VaLoss:  0.17409
 MAP NN | TrAcc: 0.9760 | VaAcc: 0.9512 | TeAcc: 0.9697
 S NN | TrAcc: 0.9634 | VaAcc: 0.9404 | TeAcc: 0.9575

112,  0 | TrAcc: 0.9822, TrLoss:  0.07013, VaAcc: 0.9556, VaLoss:  0.16034
 MAP NN | TrAcc: 0.9790 | VaAcc: 0.9648 | TeAcc: 0.9722
 S NN | TrAcc: 0.9655 | VaAcc: 0.9551 | TeAcc: 0.9673

113,  0 | TrAcc: 0.9790, TrLoss:  0.06704, VaAcc: 0.9653, VaLoss:  0.14464
 MAP NN | TrAcc: 0.9785 | VaAcc: 0.9580 | TeAcc: 0.9702
 S NN | TrAcc: 0.9692 | VaAcc: 0.9570 | TeAcc: 0.9609

114,  0 | TrAcc: 0.9795, TrLoss:  0.06857, VaAcc: 0.9521, VaLoss:  0.17898
 MAP NN | TrAcc: 0.9760 | VaAcc: 0.9561 | TeAcc: 0.9692
 S NN | TrAcc: 0.9607 | VaAcc: 0.9448 | TeAcc: 0.9653

115,  0 | TrAcc: 0.9799, TrLoss:  0.06490, VaAcc: 0.9629, VaLoss:  0.16051
 MAP NN | TrAcc: 0.9774 | VaAcc: 0.9614 | TeAcc: 0.9722
 S NN | TrAcc: 0.9694 | VaAcc: 0.9521 | TeAcc: 0.9604

116,  0 | TrAcc: 0.9816, TrLoss:  0.06255, VaAcc: 0.9575, VaLoss:  0.17034
 MAP NN | TrAcc: 0.9810 | VaAcc: 0.9604 | TeAcc: 0.9712
 S NN | TrAcc: 0.9656 | VaAcc: 0.9473 | TeAcc: 0.9639

117,  0 | TrAcc: 0.9805, TrLoss:  0.06528, VaAcc: 0.9595, VaLoss:  0.16701
 MAP NN | TrAcc: 0.9766 | VaAcc: 0.9526 | TeAcc: 0.9634
 S NN | TrAcc: 0.9639 | VaAcc: 0.9541 | TeAcc: 0.9634

118,  0 | TrAcc: 0.9796, TrLoss:  0.06928, VaAcc: 0.9570, VaLoss:  0.16572
 MAP NN | TrAcc: 0.9800 | VaAcc: 0.9570 | TeAcc: 0.9712
 S NN | TrAcc: 0.9722 | VaAcc: 0.9463 | TeAcc: 0.9634

119,  0 | TrAcc: 0.9823, TrLoss:  0.06415, VaAcc: 0.9570, VaLoss:  0.18442
 MAP NN | TrAcc: 0.9783 | VaAcc: 0.9590 | TeAcc: 0.9692
 S NN | TrAcc: 0.9646 | VaAcc: 0.9536 | TeAcc: 0.9653

120,  0 | TrAcc: 0.9818, TrLoss:  0.06301, VaAcc: 0.9600, VaLoss:  0.15662
 MAP NN | TrAcc: 0.9814 | VaAcc: 0.9561 | TeAcc: 0.9673
 S NN | TrAcc: 0.9698 | VaAcc: 0.9497 | TeAcc: 0.9595

121,  0 | TrAcc: 0.9829, TrLoss:  0.05849, VaAcc: 0.9570, VaLoss:  0.16288
 MAP NN | TrAcc: 0.9819 | VaAcc: 0.9590 | TeAcc: 0.9692
 S NN | TrAcc: 0.9751 | VaAcc: 0.9512 | TeAcc: 0.9644

122,  0 | TrAcc: 0.9841, TrLoss:  0.05704, VaAcc: 0.9585, VaLoss:  0.16732
 MAP NN | TrAcc: 0.9835 | VaAcc: 0.9590 | TeAcc: 0.9683
 S NN | TrAcc: 0.9735 | VaAcc: 0.9453 | TeAcc: 0.9658

123,  0 | TrAcc: 0.9823, TrLoss:  0.05869, VaAcc: 0.9570, VaLoss:  0.17829
 MAP NN | TrAcc: 0.9789 | VaAcc: 0.9565 | TeAcc: 0.9697
 S NN | TrAcc: 0.9711 | VaAcc: 0.9526 | TeAcc: 0.9648

124,  0 | TrAcc: 0.9851, TrLoss:  0.05293, VaAcc: 0.9604, VaLoss:  0.16154
 MAP NN | TrAcc: 0.9805 | VaAcc: 0.9561 | TeAcc: 0.9712
 S NN | TrAcc: 0.9758 | VaAcc: 0.9551 | TeAcc: 0.9658

125,  0 | TrAcc: 0.9821, TrLoss:  0.06185, VaAcc: 0.9634, VaLoss:  0.16267
 MAP NN | TrAcc: 0.9825 | VaAcc: 0.9595 | TeAcc: 0.9697
 S NN | TrAcc: 0.9713 | VaAcc: 0.9502 | TeAcc: 0.9697

126,  0 | TrAcc: 0.9844, TrLoss:  0.05584, VaAcc: 0.9653, VaLoss:  0.15154
 MAP NN | TrAcc: 0.9817 | VaAcc: 0.9580 | TeAcc: 0.9712
 S NN | TrAcc: 0.9739 | VaAcc: 0.9526 | TeAcc: 0.9644

127,  0 | TrAcc: 0.9823, TrLoss:  0.05936, VaAcc: 0.9585, VaLoss:  0.17286
 MAP NN | TrAcc: 0.9805 | VaAcc: 0.9556 | TeAcc: 0.9692
 S NN | TrAcc: 0.9730 | VaAcc: 0.9546 | TeAcc: 0.9609

128,  0 | TrAcc: 0.9817, TrLoss:  0.05909, VaAcc: 0.9565, VaLoss:  0.18085
 MAP NN | TrAcc: 0.9799 | VaAcc: 0.9556 | TeAcc: 0.9678
 S NN | TrAcc: 0.9752 | VaAcc: 0.9404 | TeAcc: 0.9653

129,  0 | TrAcc: 0.9851, TrLoss:  0.05069, VaAcc: 0.9604, VaLoss:  0.16342
 MAP NN | TrAcc: 0.9813 | VaAcc: 0.9590 | TeAcc: 0.9722
 S NN | TrAcc: 0.9751 | VaAcc: 0.9482 | TeAcc: 0.9590

130,  0 | TrAcc: 0.9850, TrLoss:  0.05220, VaAcc: 0.9590, VaLoss:  0.16522
 MAP NN | TrAcc: 0.9845 | VaAcc: 0.9604 | TeAcc: 0.9731
 S NN | TrAcc: 0.9728 | VaAcc: 0.9565 | TeAcc: 0.9653

131,  0 | TrAcc: 0.9852, TrLoss:  0.05274, VaAcc: 0.9619, VaLoss:  0.15911
 MAP NN | TrAcc: 0.9846 | VaAcc: 0.9595 | TeAcc: 0.9707
 S NN | TrAcc: 0.9733 | VaAcc: 0.9482 | TeAcc: 0.9702

132,  0 | TrAcc: 0.9841, TrLoss:  0.05237, VaAcc: 0.9551, VaLoss:  0.18047
 MAP NN | TrAcc: 0.9840 | VaAcc: 0.9575 | TeAcc: 0.9736
 S NN | TrAcc: 0.9767 | VaAcc: 0.9541 | TeAcc: 0.9722

133,  0 | TrAcc: 0.9817, TrLoss:  0.05901, VaAcc: 0.9604, VaLoss:  0.15771
 MAP NN | TrAcc: 0.9822 | VaAcc: 0.9590 | TeAcc: 0.9678
 S NN | TrAcc: 0.9680 | VaAcc: 0.9521 | TeAcc: 0.9565

134,  0 | TrAcc: 0.9816, TrLoss:  0.05920, VaAcc: 0.9614, VaLoss:  0.15816
 MAP NN | TrAcc: 0.9830 | VaAcc: 0.9531 | TeAcc: 0.9727
 S NN | TrAcc: 0.9752 | VaAcc: 0.9536 | TeAcc: 0.9707

135,  0 | TrAcc: 0.9855, TrLoss:  0.05211, VaAcc: 0.9648, VaLoss:  0.15490
 MAP NN | TrAcc: 0.9818 | VaAcc: 0.9536 | TeAcc: 0.9707
 S NN | TrAcc: 0.9702 | VaAcc: 0.9507 | TeAcc: 0.9707

136,  0 | TrAcc: 0.9846, TrLoss:  0.05485, VaAcc: 0.9585, VaLoss:  0.16925
 MAP NN | TrAcc: 0.9850 | VaAcc: 0.9585 | TeAcc: 0.9756
 S NN | TrAcc: 0.9735 | VaAcc: 0.9531 | TeAcc: 0.9683

137,  0 | TrAcc: 0.9830, TrLoss:  0.05439, VaAcc: 0.9590, VaLoss:  0.17117
 MAP NN | TrAcc: 0.9808 | VaAcc: 0.9531 | TeAcc: 0.9639
 S NN | TrAcc: 0.9641 | VaAcc: 0.9453 | TeAcc: 0.9624

138,  0 | TrAcc: 0.9856, TrLoss:  0.05039, VaAcc: 0.9600, VaLoss:  0.16802
 MAP NN | TrAcc: 0.9863 | VaAcc: 0.9600 | TeAcc: 0.9727
 S NN | TrAcc: 0.9768 | VaAcc: 0.9536 | TeAcc: 0.9590

139,  0 | TrAcc: 0.9861, TrLoss:  0.04969, VaAcc: 0.9600, VaLoss:  0.15739
 MAP NN | TrAcc: 0.9833 | VaAcc: 0.9565 | TeAcc: 0.9692
 S NN | TrAcc: 0.9740 | VaAcc: 0.9565 | TeAcc: 0.9561

140,  0 | TrAcc: 0.9868, TrLoss:  0.04608, VaAcc: 0.9619, VaLoss:  0.16038
 MAP NN | TrAcc: 0.9856 | VaAcc: 0.9585 | TeAcc: 0.9722
 S NN | TrAcc: 0.9739 | VaAcc: 0.9541 | TeAcc: 0.9663

141,  0 | TrAcc: 0.9875, TrLoss:  0.04470, VaAcc: 0.9551, VaLoss:  0.18542
 MAP NN | TrAcc: 0.9865 | VaAcc: 0.9590 | TeAcc: 0.9702
 S NN | TrAcc: 0.9780 | VaAcc: 0.9570 | TeAcc: 0.9712

142,  0 | TrAcc: 0.9852, TrLoss:  0.05155, VaAcc: 0.9570, VaLoss:  0.18403
 MAP NN | TrAcc: 0.9829 | VaAcc: 0.9556 | TeAcc: 0.9683
 S NN | TrAcc: 0.9763 | VaAcc: 0.9526 | TeAcc: 0.9683

143,  0 | TrAcc: 0.9866, TrLoss:  0.04552, VaAcc: 0.9580, VaLoss:  0.15207
 MAP NN | TrAcc: 0.9866 | VaAcc: 0.9595 | TeAcc: 0.9717
 S NN | TrAcc: 0.9752 | VaAcc: 0.9561 | TeAcc: 0.9722

144,  0 | TrAcc: 0.9872, TrLoss:  0.04506, VaAcc: 0.9570, VaLoss:  0.17368
 MAP NN | TrAcc: 0.9873 | VaAcc: 0.9590 | TeAcc: 0.9712
 S NN | TrAcc: 0.9766 | VaAcc: 0.9551 | TeAcc: 0.9688

145,  0 | TrAcc: 0.9861, TrLoss:  0.04565, VaAcc: 0.9609, VaLoss:  0.15754
 MAP NN | TrAcc: 0.9849 | VaAcc: 0.9595 | TeAcc: 0.9702
 S NN | TrAcc: 0.9806 | VaAcc: 0.9619 | TeAcc: 0.9634

146,  0 | TrAcc: 0.9866, TrLoss:  0.04688, VaAcc: 0.9604, VaLoss:  0.15954
 MAP NN | TrAcc: 0.9871 | VaAcc: 0.9595 | TeAcc: 0.9678
 S NN | TrAcc: 0.9669 | VaAcc: 0.9521 | TeAcc: 0.9702

147,  0 | TrAcc: 0.9867, TrLoss:  0.04569, VaAcc: 0.9624, VaLoss:  0.15423
 MAP NN | TrAcc: 0.9854 | VaAcc: 0.9590 | TeAcc: 0.9688
 S NN | TrAcc: 0.9801 | VaAcc: 0.9531 | TeAcc: 0.9639

148,  0 | TrAcc: 0.9862, TrLoss:  0.04463, VaAcc: 0.9600, VaLoss:  0.17236
 MAP NN | TrAcc: 0.9860 | VaAcc: 0.9561 | TeAcc: 0.9697
 S NN | TrAcc: 0.9764 | VaAcc: 0.9546 | TeAcc: 0.9673

149,  0 | TrAcc: 0.9878, TrLoss:  0.04464, VaAcc: 0.9619, VaLoss:  0.17556
 MAP NN | TrAcc: 0.9879 | VaAcc: 0.9570 | TeAcc: 0.9644
 S NN | TrAcc: 0.9811 | VaAcc: 0.9536 | TeAcc: 0.9683

150,  0 | TrAcc: 0.9875, TrLoss:  0.04764, VaAcc: 0.9570, VaLoss:  0.18328
 MAP NN | TrAcc: 0.9827 | VaAcc: 0.9531 | TeAcc: 0.9658
 S NN | TrAcc: 0.9786 | VaAcc: 0.9463 | TeAcc: 0.9619

151,  0 | TrAcc: 0.9862, TrLoss:  0.04577, VaAcc: 0.9570, VaLoss:  0.15871
 MAP NN | TrAcc: 0.9877 | VaAcc: 0.9595 | TeAcc: 0.9751
 S NN | TrAcc: 0.9777 | VaAcc: 0.9546 | TeAcc: 0.9707

152,  0 | TrAcc: 0.9840, TrLoss:  0.04912, VaAcc: 0.9634, VaLoss:  0.16100
 MAP NN | TrAcc: 0.9846 | VaAcc: 0.9590 | TeAcc: 0.9658
 S NN | TrAcc: 0.9795 | VaAcc: 0.9531 | TeAcc: 0.9663

153,  0 | TrAcc: 0.9865, TrLoss:  0.04643, VaAcc: 0.9570, VaLoss:  0.18296
 MAP NN | TrAcc: 0.9851 | VaAcc: 0.9561 | TeAcc: 0.9697
 S NN | TrAcc: 0.9796 | VaAcc: 0.9492 | TeAcc: 0.9653

154,  0 | TrAcc: 0.9858, TrLoss:  0.04977, VaAcc: 0.9585, VaLoss:  0.15689
 MAP NN | TrAcc: 0.9844 | VaAcc: 0.9629 | TeAcc: 0.9712
 S NN | TrAcc: 0.9757 | VaAcc: 0.9497 | TeAcc: 0.9751

155,  0 | TrAcc: 0.9873, TrLoss:  0.04489, VaAcc: 0.9619, VaLoss:  0.15973
 MAP NN | TrAcc: 0.9865 | VaAcc: 0.9570 | TeAcc: 0.9702
 S NN | TrAcc: 0.9801 | VaAcc: 0.9561 | TeAcc: 0.9683

156,  0 | TrAcc: 0.9854, TrLoss:  0.04741, VaAcc: 0.9624, VaLoss:  0.16009
 MAP NN | TrAcc: 0.9861 | VaAcc: 0.9575 | TeAcc: 0.9692
 S NN | TrAcc: 0.9797 | VaAcc: 0.9590 | TeAcc: 0.9678

157,  0 | TrAcc: 0.9865, TrLoss:  0.04307, VaAcc: 0.9575, VaLoss:  0.16587
 MAP NN | TrAcc: 0.9874 | VaAcc: 0.9604 | TeAcc: 0.9702
 S NN | TrAcc: 0.9819 | VaAcc: 0.9561 | TeAcc: 0.9722

158,  0 | TrAcc: 0.9891, TrLoss:  0.03791, VaAcc: 0.9595, VaLoss:  0.16171
 MAP NN | TrAcc: 0.9896 | VaAcc: 0.9580 | TeAcc: 0.9736
 S NN | TrAcc: 0.9834 | VaAcc: 0.9575 | TeAcc: 0.9629

159,  0 | TrAcc: 0.9877, TrLoss:  0.04243, VaAcc: 0.9600, VaLoss:  0.16238
 MAP NN | TrAcc: 0.9888 | VaAcc: 0.9556 | TeAcc: 0.9717
 S NN | TrAcc: 0.9822 | VaAcc: 0.9512 | TeAcc: 0.9668

160,  0 | TrAcc: 0.9895, TrLoss:  0.03987, VaAcc: 0.9614, VaLoss:  0.16910
 MAP NN | TrAcc: 0.9890 | VaAcc: 0.9580 | TeAcc: 0.9712
 S NN | TrAcc: 0.9800 | VaAcc: 0.9561 | TeAcc: 0.9707

161,  0 | TrAcc: 0.9893, TrLoss:  0.03769, VaAcc: 0.9634, VaLoss:  0.15803
 MAP NN | TrAcc: 0.9904 | VaAcc: 0.9590 | TeAcc: 0.9736
 S NN | TrAcc: 0.9817 | VaAcc: 0.9590 | TeAcc: 0.9717

162,  0 | TrAcc: 0.9886, TrLoss:  0.03988, VaAcc: 0.9639, VaLoss:  0.16125
 MAP NN | TrAcc: 0.9896 | VaAcc: 0.9600 | TeAcc: 0.9717
 S NN | TrAcc: 0.9788 | VaAcc: 0.9556 | TeAcc: 0.9707

163,  0 | TrAcc: 0.9891, TrLoss:  0.03864, VaAcc: 0.9619, VaLoss:  0.16674
 MAP NN | TrAcc: 0.9895 | VaAcc: 0.9570 | TeAcc: 0.9736
 S NN | TrAcc: 0.9839 | VaAcc: 0.9556 | TeAcc: 0.9629

164,  0 | TrAcc: 0.9890, TrLoss:  0.03863, VaAcc: 0.9644, VaLoss:  0.15167
 MAP NN | TrAcc: 0.9880 | VaAcc: 0.9604 | TeAcc: 0.9727
 S NN | TrAcc: 0.9801 | VaAcc: 0.9600 | TeAcc: 0.9702

165,  0 | TrAcc: 0.9896, TrLoss:  0.03725, VaAcc: 0.9629, VaLoss:  0.15904
 MAP NN | TrAcc: 0.9907 | VaAcc: 0.9590 | TeAcc: 0.9736
 S NN | TrAcc: 0.9832 | VaAcc: 0.9531 | TeAcc: 0.9722

166,  0 | TrAcc: 0.9883, TrLoss:  0.04033, VaAcc: 0.9604, VaLoss:  0.15983
 MAP NN | TrAcc: 0.9912 | VaAcc: 0.9595 | TeAcc: 0.9741
 S NN | TrAcc: 0.9845 | VaAcc: 0.9541 | TeAcc: 0.9692

167,  0 | TrAcc: 0.9895, TrLoss:  0.03723, VaAcc: 0.9595, VaLoss:  0.17126
 MAP NN | TrAcc: 0.9884 | VaAcc: 0.9585 | TeAcc: 0.9697
 S NN | TrAcc: 0.9802 | VaAcc: 0.9556 | TeAcc: 0.9658

168,  0 | TrAcc: 0.9886, TrLoss:  0.03956, VaAcc: 0.9570, VaLoss:  0.16977
 MAP NN | TrAcc: 0.9889 | VaAcc: 0.9531 | TeAcc: 0.9722
 S NN | TrAcc: 0.9791 | VaAcc: 0.9551 | TeAcc: 0.9702

169,  0 | TrAcc: 0.9891, TrLoss:  0.03787, VaAcc: 0.9590, VaLoss:  0.16661
 MAP NN | TrAcc: 0.9883 | VaAcc: 0.9575 | TeAcc: 0.9722
 S NN | TrAcc: 0.9803 | VaAcc: 0.9565 | TeAcc: 0.9717

170,  0 | TrAcc: 0.9844, TrLoss:  0.04653, VaAcc: 0.9565, VaLoss:  0.18554
 MAP NN | TrAcc: 0.9843 | VaAcc: 0.9512 | TeAcc: 0.9692
 S NN | TrAcc: 0.9811 | VaAcc: 0.9517 | TeAcc: 0.9678

171,  0 | TrAcc: 0.9901, TrLoss:  0.03778, VaAcc: 0.9565, VaLoss:  0.17472
 MAP NN | TrAcc: 0.9877 | VaAcc: 0.9609 | TeAcc: 0.9717
 S NN | TrAcc: 0.9840 | VaAcc: 0.9526 | TeAcc: 0.9697

172,  0 | TrAcc: 0.9882, TrLoss:  0.03858, VaAcc: 0.9580, VaLoss:  0.17456
 MAP NN | TrAcc: 0.9886 | VaAcc: 0.9531 | TeAcc: 0.9717
 S NN | TrAcc: 0.9850 | VaAcc: 0.9507 | TeAcc: 0.9717

173,  0 | TrAcc: 0.9895, TrLoss:  0.03691, VaAcc: 0.9634, VaLoss:  0.15236
 MAP NN | TrAcc: 0.9888 | VaAcc: 0.9570 | TeAcc: 0.9751
 S NN | TrAcc: 0.9863 | VaAcc: 0.9551 | TeAcc: 0.9683

174,  0 | TrAcc: 0.9904, TrLoss:  0.03365, VaAcc: 0.9590, VaLoss:  0.16388
 MAP NN | TrAcc: 0.9911 | VaAcc: 0.9551 | TeAcc: 0.9697
 S NN | TrAcc: 0.9828 | VaAcc: 0.9482 | TeAcc: 0.9678

175,  0 | TrAcc: 0.9895, TrLoss:  0.03580, VaAcc: 0.9629, VaLoss:  0.15930
 MAP NN | TrAcc: 0.9916 | VaAcc: 0.9546 | TeAcc: 0.9722
 S NN | TrAcc: 0.9840 | VaAcc: 0.9609 | TeAcc: 0.9697

176,  0 | TrAcc: 0.9901, TrLoss:  0.03584, VaAcc: 0.9600, VaLoss:  0.17461
 MAP NN | TrAcc: 0.9910 | VaAcc: 0.9565 | TeAcc: 0.9697
 S NN | TrAcc: 0.9835 | VaAcc: 0.9512 | TeAcc: 0.9678

177,  0 | TrAcc: 0.9889, TrLoss:  0.03732, VaAcc: 0.9590, VaLoss:  0.16803
 MAP NN | TrAcc: 0.9889 | VaAcc: 0.9609 | TeAcc: 0.9707
 S NN | TrAcc: 0.9824 | VaAcc: 0.9531 | TeAcc: 0.9697

178,  0 | TrAcc: 0.9886, TrLoss:  0.03639, VaAcc: 0.9614, VaLoss:  0.17568
 MAP NN | TrAcc: 0.9897 | VaAcc: 0.9517 | TeAcc: 0.9717
 S NN | TrAcc: 0.9813 | VaAcc: 0.9590 | TeAcc: 0.9688

179,  0 | TrAcc: 0.9900, TrLoss:  0.03415, VaAcc: 0.9624, VaLoss:  0.16901
 MAP NN | TrAcc: 0.9888 | VaAcc: 0.9546 | TeAcc: 0.9688
 S NN | TrAcc: 0.9835 | VaAcc: 0.9526 | TeAcc: 0.9644

180,  0 | TrAcc: 0.9916, TrLoss:  0.03187, VaAcc: 0.9556, VaLoss:  0.17909
 MAP NN | TrAcc: 0.9916 | VaAcc: 0.9575 | TeAcc: 0.9702
 S NN | TrAcc: 0.9801 | VaAcc: 0.9580 | TeAcc: 0.9717

181,  0 | TrAcc: 0.9913, TrLoss:  0.03121, VaAcc: 0.9590, VaLoss:  0.17902
 MAP NN | TrAcc: 0.9922 | VaAcc: 0.9551 | TeAcc: 0.9707
 S NN | TrAcc: 0.9816 | VaAcc: 0.9575 | TeAcc: 0.9702

182,  0 | TrAcc: 0.9919, TrLoss:  0.03055, VaAcc: 0.9604, VaLoss:  0.16333
 MAP NN | TrAcc: 0.9912 | VaAcc: 0.9609 | TeAcc: 0.9707
 S NN | TrAcc: 0.9882 | VaAcc: 0.9580 | TeAcc: 0.9722

183,  0 | TrAcc: 0.9910, TrLoss:  0.03278, VaAcc: 0.9595, VaLoss:  0.17402
 MAP NN | TrAcc: 0.9873 | VaAcc: 0.9502 | TeAcc: 0.9702
 S NN | TrAcc: 0.9865 | VaAcc: 0.9536 | TeAcc: 0.9712

184,  0 | TrAcc: 0.9906, TrLoss:  0.03070, VaAcc: 0.9648, VaLoss:  0.15700
 MAP NN | TrAcc: 0.9913 | VaAcc: 0.9609 | TeAcc: 0.9722
 S NN | TrAcc: 0.9872 | VaAcc: 0.9541 | TeAcc: 0.9746

185,  0 | TrAcc: 0.9917, TrLoss:  0.03157, VaAcc: 0.9565, VaLoss:  0.17806
 MAP NN | TrAcc: 0.9895 | VaAcc: 0.9541 | TeAcc: 0.9712
 S NN | TrAcc: 0.9821 | VaAcc: 0.9531 | TeAcc: 0.9727

186,  0 | TrAcc: 0.9904, TrLoss:  0.03559, VaAcc: 0.9536, VaLoss:  0.17847
 MAP NN | TrAcc: 0.9897 | VaAcc: 0.9531 | TeAcc: 0.9712
 S NN | TrAcc: 0.9847 | VaAcc: 0.9507 | TeAcc: 0.9658

187,  0 | TrAcc: 0.9907, TrLoss:  0.03389, VaAcc: 0.9595, VaLoss:  0.16910
 MAP NN | TrAcc: 0.9901 | VaAcc: 0.9551 | TeAcc: 0.9712
 S NN | TrAcc: 0.9794 | VaAcc: 0.9497 | TeAcc: 0.9707

188,  0 | TrAcc: 0.9885, TrLoss:  0.03743, VaAcc: 0.9546, VaLoss:  0.17886
 MAP NN | TrAcc: 0.9912 | VaAcc: 0.9541 | TeAcc: 0.9712
 S NN | TrAcc: 0.9877 | VaAcc: 0.9507 | TeAcc: 0.9619

189,  0 | TrAcc: 0.9905, TrLoss:  0.03467, VaAcc: 0.9580, VaLoss:  0.17048
 MAP NN | TrAcc: 0.9908 | VaAcc: 0.9546 | TeAcc: 0.9712
 S NN | TrAcc: 0.9866 | VaAcc: 0.9565 | TeAcc: 0.9697

190,  0 | TrAcc: 0.9911, TrLoss:  0.03108, VaAcc: 0.9614, VaLoss:  0.16034
 MAP NN | TrAcc: 0.9922 | VaAcc: 0.9570 | TeAcc: 0.9712
 S NN | TrAcc: 0.9847 | VaAcc: 0.9575 | TeAcc: 0.9668

191,  0 | TrAcc: 0.9916, TrLoss:  0.03251, VaAcc: 0.9614, VaLoss:  0.16777
 MAP NN | TrAcc: 0.9911 | VaAcc: 0.9551 | TeAcc: 0.9712
 S NN | TrAcc: 0.9854 | VaAcc: 0.9502 | TeAcc: 0.9624

192,  0 | TrAcc: 0.9915, TrLoss:  0.03126, VaAcc: 0.9629, VaLoss:  0.15600
 MAP NN | TrAcc: 0.9915 | VaAcc: 0.9570 | TeAcc: 0.9722
 S NN | TrAcc: 0.9871 | VaAcc: 0.9570 | TeAcc: 0.9697

193,  0 | TrAcc: 0.9915, TrLoss:  0.02789, VaAcc: 0.9639, VaLoss:  0.16167
 MAP NN | TrAcc: 0.9922 | VaAcc: 0.9575 | TeAcc: 0.9756
 S NN | TrAcc: 0.9875 | VaAcc: 0.9570 | TeAcc: 0.9702

194,  0 | TrAcc: 0.9913, TrLoss:  0.03054, VaAcc: 0.9551, VaLoss:  0.17650
 MAP NN | TrAcc: 0.9907 | VaAcc: 0.9521 | TeAcc: 0.9712
 S NN | TrAcc: 0.9827 | VaAcc: 0.9458 | TeAcc: 0.9722

195,  0 | TrAcc: 0.9919, TrLoss:  0.02891, VaAcc: 0.9551, VaLoss:  0.17507
 MAP NN | TrAcc: 0.9915 | VaAcc: 0.9546 | TeAcc: 0.9707
 S NN | TrAcc: 0.9856 | VaAcc: 0.9604 | TeAcc: 0.9683

196,  0 | TrAcc: 0.9910, TrLoss:  0.03029, VaAcc: 0.9619, VaLoss:  0.16962
 MAP NN | TrAcc: 0.9923 | VaAcc: 0.9609 | TeAcc: 0.9722
 S NN | TrAcc: 0.9888 | VaAcc: 0.9590 | TeAcc: 0.9736

197,  0 | TrAcc: 0.9926, TrLoss:  0.02535, VaAcc: 0.9604, VaLoss:  0.17511
 MAP NN | TrAcc: 0.9929 | VaAcc: 0.9570 | TeAcc: 0.9697
 S NN | TrAcc: 0.9835 | VaAcc: 0.9561 | TeAcc: 0.9688

198,  0 | TrAcc: 0.9916, TrLoss:  0.03138, VaAcc: 0.9575, VaLoss:  0.17428
 MAP NN | TrAcc: 0.9923 | VaAcc: 0.9585 | TeAcc: 0.9707
 S NN | TrAcc: 0.9874 | VaAcc: 0.9551 | TeAcc: 0.9697

199,  0 | TrAcc: 0.9922, TrLoss:  0.02811, VaAcc: 0.9600, VaLoss:  0.16790
 MAP NN | TrAcc: 0.9927 | VaAcc: 0.9536 | TeAcc: 0.9727
 S NN | TrAcc: 0.9858 | VaAcc: 0.9565 | TeAcc: 0.9673

Results for va_b
Metric: elogl 
 0.284 in iteration    0
Metric: acc   
 96.58 % in iteration  103
Results for va_s
Metric: acc   
 96.19 % in iteration  145
Metric: loss  
EARLY STOP FOR te_s
 96.34 % in iteration  145
