2024-08-08 19:25:55.715637: I tensorflow/core/platform/cpu_feature_guard.cc:141] Your CPU supports instructions that this TensorFlow binary was not compiled to use: SSE4.1 SSE4.2 AVX AVX2 FMA
2024-08-08 19:25:55.901140: I tensorflow/core/common_runtime/gpu/gpu_device.cc:1405] Found device 0 with properties: 
name: GeForce RTX 2080 Ti major: 7 minor: 5 memoryClockRate(GHz): 1.545
pciBusID: 0000:02:00.0
totalMemory: 10.76GiB freeMemory: 10.61GiB
2024-08-08 19:25:55.901674: I tensorflow/core/common_runtime/gpu/gpu_device.cc:1484] Adding visible gpu devices: 0
2024-08-08 19:26:01.006209: I tensorflow/core/common_runtime/gpu/gpu_device.cc:965] Device interconnect StreamExecutor with strength 1 edge matrix:
2024-08-08 19:26:01.006555: I tensorflow/core/common_runtime/gpu/gpu_device.cc:971]      0 
2024-08-08 19:26:01.006794: I tensorflow/core/common_runtime/gpu/gpu_device.cc:984] 0:   N 
2024-08-08 19:26:01.007191: I tensorflow/core/common_runtime/gpu/gpu_device.cc:1097] Created TensorFlow device (/job:localhost/replica:0/task:0/device:GPU:0 with 10237 MB memory) -> physical GPU (device: 0, name: GeForce RTX 2080 Ti, pci bus id: 0000:02:00.0, compute capability: 7.5)
2024-08-08 19:37:05.614319: I tensorflow/core/common_runtime/gpu/gpu_device.cc:1484] Adding visible gpu devices: 0
2024-08-08 19:37:05.614887: I tensorflow/core/common_runtime/gpu/gpu_device.cc:965] Device interconnect StreamExecutor with strength 1 edge matrix:
2024-08-08 19:37:05.615258: I tensorflow/core/common_runtime/gpu/gpu_device.cc:971]      0 
2024-08-08 19:37:05.615578: I tensorflow/core/common_runtime/gpu/gpu_device.cc:984] 0:   N 
2024-08-08 19:37:05.616099: I tensorflow/core/common_runtime/gpu/gpu_device.cc:1097] Created TensorFlow device (/job:localhost/replica:0/task:0/device:GPU:0 with 10237 MB memory) -> physical GPU (device: 0, name: GeForce RTX 2080 Ti, pci bus id: 0000:02:00.0, compute capability: 7.5)
2024-08-08 19:48:06.859302: I tensorflow/core/common_runtime/gpu/gpu_device.cc:1484] Adding visible gpu devices: 0
2024-08-08 19:48:06.862121: I tensorflow/core/common_runtime/gpu/gpu_device.cc:965] Device interconnect StreamExecutor with strength 1 edge matrix:
2024-08-08 19:48:06.862380: I tensorflow/core/common_runtime/gpu/gpu_device.cc:971]      0 
2024-08-08 19:48:06.862592: I tensorflow/core/common_runtime/gpu/gpu_device.cc:984] 0:   N 
2024-08-08 19:48:06.862884: I tensorflow/core/common_runtime/gpu/gpu_device.cc:1097] Created TensorFlow device (/job:localhost/replica:0/task:0/device:GPU:0 with 10237 MB memory) -> physical GPU (device: 0, name: GeForce RTX 2080 Ti, pci bus id: 0000:02:00.0, compute capability: 7.5)
