te
(1450, 4, 45)
tr
(8080, 4, 45)
va
(1730, 4, 45)

=============================
CONFIG FILE
====================================
Training configuration

Learning rate: 0.2, 	Learning rate anneal: inf, 	Tau:  1.0
Algorithm: reparametrization, 	STE: disabled, 	n forward passes: 1
Var reg: 0.0, 	Dir reg: 0.0, 	Ent reg: 0.0
Data multiplier: None
Gradient clipping: False, 	Gradient clip value: 1.0

Layer #0
lstm_0
Layer norm: False, 	LR Adapt: 
Dropout: False, 	p_dropout: 0.95

Layer #1
lstm_1
Layer norm: False, 	LR Adapt: 
Dropout: False, 	p_dropout: 0.95

Layer #2
output_layer
Layer norm: False, 	LR Adapt: 
Dropout: False, 	p_dropout: 0.95
====================================
RNN configuration

Layer #0, 	Type: input_layer, 	Scope: 
Units: 4, 	N activation bins: None

Layer #1, 	Type: lstm layer, 	Scope: lstm_0
Units: 50, 	N activation bins: None
Bias: True, 	N activation bins: 2, 	Discrete activation: False
Type: ternary, 	Parametetrization: sigmoid, 	Priors: [0.3333333333333333, 0.3333333333333333, 0.3333333333333333]
p_init_min: 0.05, 	p_init_max: 0.95
SB init: ('xavier', None), 	SA init: ('dirichlet', [0.3, 0.3, 0.3])
Type: gaussian, 	M init: ('xavier', None), 	Log V init: ('constant', -9.210340371976182)
M prior: 0.0, 	 Log V prior: 0.0
None
Bias: True, 	N activation bins: 2, 	Discrete activation: False
Type: ternary, 	Parametetrization: sigmoid, 	Priors: [0.3333333333333333, 0.3333333333333333, 0.3333333333333333]
p_init_min: 0.05, 	p_init_max: 0.95
SB init: ('xavier', None), 	SA init: ('dirichlet', [0.3, 0.3, 0.3])
Type: gaussian, 	M init: ('xavier', None), 	Log V init: ('constant', -9.210340371976182)
M prior: 0.0, 	 Log V prior: 0.0
None
Bias: True, 	N activation bins: 2, 	Discrete activation: False
Type: ternary, 	Parametetrization: sigmoid, 	Priors: [0.3333333333333333, 0.3333333333333333, 0.3333333333333333]
p_init_min: 0.05, 	p_init_max: 0.95
SB init: ('xavier', None), 	SA init: ('dirichlet', [0.3, 0.3, 0.3])
Type: gaussian, 	M init: ('constant', -1.5), 	Log V init: ('constant', -9.210340371976182)
M prior: 0.0, 	 Log V prior: 0.0
None

Layer #2, 	Type: lstm layer, 	Scope: lstm_1
Units: 30, 	N activation bins: None
Bias: True, 	N activation bins: 2, 	Discrete activation: False
Type: ternary, 	Parametetrization: sigmoid, 	Priors: [0.3333333333333333, 0.3333333333333333, 0.3333333333333333]
p_init_min: 0.05, 	p_init_max: 0.95
SB init: ('xavier', None), 	SA init: ('dirichlet', [0.3, 0.3, 0.3])
Type: gaussian, 	M init: ('xavier', None), 	Log V init: ('constant', -9.210340371976182)
M prior: 0.0, 	 Log V prior: 0.0
None
Bias: True, 	N activation bins: 2, 	Discrete activation: False
Type: ternary, 	Parametetrization: sigmoid, 	Priors: [0.3333333333333333, 0.3333333333333333, 0.3333333333333333]
p_init_min: 0.05, 	p_init_max: 0.95
SB init: ('xavier', None), 	SA init: ('dirichlet', [0.3, 0.3, 0.3])
Type: gaussian, 	M init: ('xavier', None), 	Log V init: ('constant', -9.210340371976182)
M prior: 0.0, 	 Log V prior: 0.0
None
Bias: True, 	N activation bins: 2, 	Discrete activation: False
Type: ternary, 	Parametetrization: sigmoid, 	Priors: [0.3333333333333333, 0.3333333333333333, 0.3333333333333333]
p_init_min: 0.05, 	p_init_max: 0.95
SB init: ('xavier', None), 	SA init: ('dirichlet', [0.3, 0.3, 0.3])
Type: gaussian, 	M init: ('constant', -1.5), 	Log V init: ('constant', -9.210340371976182)
M prior: 0.0, 	 Log V prior: 0.0
None

Layer #3, 	Type: ff layer, 	Scope: output_layer
Units: 10, 	N activation bins: None
====================================
Dataset configuration

Filename: /clusterFS/home/student/kopp13/datasets/mnist_pen_strokes/mps_all_te.mat
Key: te, 	In seq len: 45
Minibatch:  True, 	Size: 1024
Target bias removed: True, 	Shuffle: False

Filename: /clusterFS/home/student/kopp13/datasets/mnist_pen_strokes/mps_all_tr.mat
Key: tr, 	In seq len: 45
Minibatch:  True, 	Size: 1024
Target bias removed: True, 	Shuffle: True

Filename: /clusterFS/home/student/kopp13/datasets/mnist_pen_strokes/mps_all_va.mat
Key: va, 	In seq len: 45
Minibatch:  True, 	Size: 1024
Target bias removed: True, 	Shuffle: False
====================================
Info configuration

Filename:  test
Timer: False, 	Profiling: False, 	Profiling path: None
Save training metrics: True, 	Path: ../nr_spsc/
Save weights: False, 	Every: 1, 	Save best weights: False
Compute T Metrics every: 1

Load model from m_model0, 	 Force it: True
No model saving

starting
[('lstm_0/bc:0', 'lstm_0/bc'), ('lstm_0/bi:0', 'lstm_0/bi'), ('lstm_0/bo:0', 'lstm_0/bo'), ('lstm_0/wc:0', 'lstm_0/wc'), ('lstm_0/wi:0', 'lstm_0/wi'), ('lstm_0/wo:0', 'lstm_0/wo'), ('lstm_1/bc:0', 'lstm_1/bc'), ('lstm_1/bi:0', 'lstm_1/bi'), ('lstm_1/bo:0', 'lstm_1/bo'), ('lstm_1/wc:0', 'lstm_1/wc'), ('lstm_1/wi:0', 'lstm_1/wi'), ('lstm_1/wo:0', 'lstm_1/wo'), ('output_layer/b:0', 'output_layer/b'), ('output_layer/w:0', 'output_layer/w')]
output_layer/b
output_layer/w
=====
New variable
lstm_0/bc:0
lstm_0/bc
=====
New variable
lstm_0/bi:0
lstm_0/bi
=====
New variable
lstm_0/bo:0
lstm_0/bo
=====
New variable
lstm_0/wc:0
lstm_0/wc
=====
New variable
lstm_0/wi:0
lstm_0/wi
=====
New variable
lstm_0/wo:0
lstm_0/wo
=====
New variable
lstm_1/bc:0
lstm_1/bc
=====
New variable
lstm_1/bi:0
lstm_1/bi
=====
New variable
lstm_1/bo:0
lstm_1/bo
=====
New variable
lstm_1/wc:0
lstm_1/wc
=====
New variable
lstm_1/wi:0
lstm_1/wi
=====
New variable
lstm_1/wo:0
lstm_1/wo
=====
New variable
output_layer/b:0
output_layer/b
=====
New variable
output_layer/w:0
output_layer/w
=====
loaded
  0,  0 | TrAcc: 0.9111, TrLoss:  0.37317, VaAcc: 0.8159, VaLoss:  0.63640
 MAP NN | TrAcc: 0.9485 | VaAcc: 0.9292 | TeAcc: 0.9492
 S NN | TrAcc: 0.9343 | VaAcc: 0.9014 | TeAcc: 0.9375

  1,  0 | TrAcc: 0.9333, TrLoss:  0.25072, VaAcc: 0.9282, VaLoss:  0.26352
 MAP NN | TrAcc: 0.9521 | VaAcc: 0.9351 | TeAcc: 0.9521
 S NN | TrAcc: 0.9275 | VaAcc: 0.9336 | TeAcc: 0.9497

  2,  0 | TrAcc: 0.9225, TrLoss:  0.26496, VaAcc: 0.9170, VaLoss:  0.32449
 MAP NN | TrAcc: 0.9447 | VaAcc: 0.9326 | TeAcc: 0.9478
 S NN | TrAcc: 0.9174 | VaAcc: 0.9131 | TeAcc: 0.9131

  3,  0 | TrAcc: 0.9330, TrLoss:  0.23537, VaAcc: 0.9189, VaLoss:  0.27247
 MAP NN | TrAcc: 0.9398 | VaAcc: 0.9272 | TeAcc: 0.9453
 S NN | TrAcc: 0.9283 | VaAcc: 0.9175 | TeAcc: 0.9395

  4,  0 | TrAcc: 0.9489, TrLoss:  0.18679, VaAcc: 0.9316, VaLoss:  0.24294
 MAP NN | TrAcc: 0.9545 | VaAcc: 0.9331 | TeAcc: 0.9546
 S NN | TrAcc: 0.9271 | VaAcc: 0.9243 | TeAcc: 0.9473

  5,  0 | TrAcc: 0.9457, TrLoss:  0.17997, VaAcc: 0.9297, VaLoss:  0.24178
 MAP NN | TrAcc: 0.9559 | VaAcc: 0.9331 | TeAcc: 0.9561
 S NN | TrAcc: 0.9431 | VaAcc: 0.9272 | TeAcc: 0.9536

  6,  0 | TrAcc: 0.9512, TrLoss:  0.16366, VaAcc: 0.9419, VaLoss:  0.21178
 MAP NN | TrAcc: 0.9459 | VaAcc: 0.9272 | TeAcc: 0.9526
 S NN | TrAcc: 0.9374 | VaAcc: 0.9194 | TeAcc: 0.9434

  7,  0 | TrAcc: 0.9506, TrLoss:  0.16679, VaAcc: 0.9375, VaLoss:  0.22666
 MAP NN | TrAcc: 0.9460 | VaAcc: 0.9263 | TeAcc: 0.9487
 S NN | TrAcc: 0.9331 | VaAcc: 0.9155 | TeAcc: 0.9287

  8,  0 | TrAcc: 0.9590, TrLoss:  0.14568, VaAcc: 0.9365, VaLoss:  0.21956
 MAP NN | TrAcc: 0.9563 | VaAcc: 0.9331 | TeAcc: 0.9561
 S NN | TrAcc: 0.9445 | VaAcc: 0.9224 | TeAcc: 0.9478

  9,  0 | TrAcc: 0.9611, TrLoss:  0.13365, VaAcc: 0.9404, VaLoss:  0.21318
 MAP NN | TrAcc: 0.9613 | VaAcc: 0.9360 | TeAcc: 0.9531
 S NN | TrAcc: 0.9412 | VaAcc: 0.9219 | TeAcc: 0.9526

 10,  0 | TrAcc: 0.9590, TrLoss:  0.13132, VaAcc: 0.9468, VaLoss:  0.19729
 MAP NN | TrAcc: 0.9539 | VaAcc: 0.9365 | TeAcc: 0.9487
 S NN | TrAcc: 0.9514 | VaAcc: 0.9331 | TeAcc: 0.9590

 11,  0 | TrAcc: 0.9644, TrLoss:  0.12251, VaAcc: 0.9419, VaLoss:  0.20169
 MAP NN | TrAcc: 0.9628 | VaAcc: 0.9395 | TeAcc: 0.9575
 S NN | TrAcc: 0.9430 | VaAcc: 0.9414 | TeAcc: 0.9492

 12,  0 | TrAcc: 0.9633, TrLoss:  0.12374, VaAcc: 0.9380, VaLoss:  0.21933
 MAP NN | TrAcc: 0.9553 | VaAcc: 0.9370 | TeAcc: 0.9546
 S NN | TrAcc: 0.9364 | VaAcc: 0.9346 | TeAcc: 0.9438

 13,  0 | TrAcc: 0.9656, TrLoss:  0.11585, VaAcc: 0.9453, VaLoss:  0.20776
 MAP NN | TrAcc: 0.9575 | VaAcc: 0.9395 | TeAcc: 0.9609
 S NN | TrAcc: 0.9463 | VaAcc: 0.9097 | TeAcc: 0.9517

 14,  0 | TrAcc: 0.9656, TrLoss:  0.11844, VaAcc: 0.9487, VaLoss:  0.20016
 MAP NN | TrAcc: 0.9685 | VaAcc: 0.9429 | TeAcc: 0.9629
 S NN | TrAcc: 0.9498 | VaAcc: 0.9268 | TeAcc: 0.9561

 15,  0 | TrAcc: 0.9629, TrLoss:  0.12366, VaAcc: 0.9443, VaLoss:  0.20593
 MAP NN | TrAcc: 0.9572 | VaAcc: 0.9409 | TeAcc: 0.9482
 S NN | TrAcc: 0.9414 | VaAcc: 0.9370 | TeAcc: 0.9478

 16,  0 | TrAcc: 0.9657, TrLoss:  0.11614, VaAcc: 0.9556, VaLoss:  0.16340
 MAP NN | TrAcc: 0.9614 | VaAcc: 0.9424 | TeAcc: 0.9565
 S NN | TrAcc: 0.9591 | VaAcc: 0.9380 | TeAcc: 0.9580

 17,  0 | TrAcc: 0.9707, TrLoss:  0.10454, VaAcc: 0.9468, VaLoss:  0.19863
 MAP NN | TrAcc: 0.9634 | VaAcc: 0.9453 | TeAcc: 0.9580
 S NN | TrAcc: 0.9552 | VaAcc: 0.9355 | TeAcc: 0.9448

 18,  0 | TrAcc: 0.9678, TrLoss:  0.11171, VaAcc: 0.9517, VaLoss:  0.16892
 MAP NN | TrAcc: 0.9689 | VaAcc: 0.9448 | TeAcc: 0.9604
 S NN | TrAcc: 0.9608 | VaAcc: 0.9370 | TeAcc: 0.9536

 19,  0 | TrAcc: 0.9701, TrLoss:  0.10461, VaAcc: 0.9536, VaLoss:  0.17204
 MAP NN | TrAcc: 0.9629 | VaAcc: 0.9443 | TeAcc: 0.9595
 S NN | TrAcc: 0.9526 | VaAcc: 0.9399 | TeAcc: 0.9561

 20,  0 | TrAcc: 0.9691, TrLoss:  0.10306, VaAcc: 0.9521, VaLoss:  0.18597
 MAP NN | TrAcc: 0.9681 | VaAcc: 0.9424 | TeAcc: 0.9648
 S NN | TrAcc: 0.9507 | VaAcc: 0.9404 | TeAcc: 0.9600

 21,  0 | TrAcc: 0.9719, TrLoss:  0.10033, VaAcc: 0.9551, VaLoss:  0.18267
 MAP NN | TrAcc: 0.9700 | VaAcc: 0.9487 | TeAcc: 0.9639
 S NN | TrAcc: 0.9580 | VaAcc: 0.9365 | TeAcc: 0.9561

 22,  0 | TrAcc: 0.9698, TrLoss:  0.10016, VaAcc: 0.9526, VaLoss:  0.18379
 MAP NN | TrAcc: 0.9615 | VaAcc: 0.9409 | TeAcc: 0.9551
 S NN | TrAcc: 0.9550 | VaAcc: 0.9277 | TeAcc: 0.9536

 23,  0 | TrAcc: 0.9711, TrLoss:  0.09962, VaAcc: 0.9517, VaLoss:  0.18578
 MAP NN | TrAcc: 0.9691 | VaAcc: 0.9473 | TeAcc: 0.9644
 S NN | TrAcc: 0.9601 | VaAcc: 0.9438 | TeAcc: 0.9688

 24,  0 | TrAcc: 0.9729, TrLoss:  0.09343, VaAcc: 0.9478, VaLoss:  0.19210
 MAP NN | TrAcc: 0.9709 | VaAcc: 0.9458 | TeAcc: 0.9648
 S NN | TrAcc: 0.9658 | VaAcc: 0.9385 | TeAcc: 0.9546

 25,  0 | TrAcc: 0.9740, TrLoss:  0.09053, VaAcc: 0.9463, VaLoss:  0.18800
 MAP NN | TrAcc: 0.9712 | VaAcc: 0.9546 | TeAcc: 0.9639
 S NN | TrAcc: 0.9656 | VaAcc: 0.9468 | TeAcc: 0.9585

 26,  0 | TrAcc: 0.9713, TrLoss:  0.09351, VaAcc: 0.9541, VaLoss:  0.17503
 MAP NN | TrAcc: 0.9685 | VaAcc: 0.9468 | TeAcc: 0.9614
 S NN | TrAcc: 0.9615 | VaAcc: 0.9395 | TeAcc: 0.9536

 27,  0 | TrAcc: 0.9725, TrLoss:  0.09144, VaAcc: 0.9492, VaLoss:  0.18833
 MAP NN | TrAcc: 0.9728 | VaAcc: 0.9521 | TeAcc: 0.9629
 S NN | TrAcc: 0.9644 | VaAcc: 0.9463 | TeAcc: 0.9614

 28,  0 | TrAcc: 0.9744, TrLoss:  0.09154, VaAcc: 0.9502, VaLoss:  0.18197
 MAP NN | TrAcc: 0.9625 | VaAcc: 0.9404 | TeAcc: 0.9585
 S NN | TrAcc: 0.9474 | VaAcc: 0.9272 | TeAcc: 0.9634

 29,  0 | TrAcc: 0.9756, TrLoss:  0.08130, VaAcc: 0.9517, VaLoss:  0.18663
 MAP NN | TrAcc: 0.9758 | VaAcc: 0.9517 | TeAcc: 0.9644
 S NN | TrAcc: 0.9615 | VaAcc: 0.9453 | TeAcc: 0.9614

 30,  0 | TrAcc: 0.9758, TrLoss:  0.08562, VaAcc: 0.9556, VaLoss:  0.16805
 MAP NN | TrAcc: 0.9723 | VaAcc: 0.9478 | TeAcc: 0.9658
 S NN | TrAcc: 0.9396 | VaAcc: 0.9380 | TeAcc: 0.9604

 31,  0 | TrAcc: 0.9766, TrLoss:  0.08279, VaAcc: 0.9473, VaLoss:  0.19805
 MAP NN | TrAcc: 0.9718 | VaAcc: 0.9434 | TeAcc: 0.9595
 S NN | TrAcc: 0.9589 | VaAcc: 0.9370 | TeAcc: 0.9507

 32,  0 | TrAcc: 0.9757, TrLoss:  0.08744, VaAcc: 0.9521, VaLoss:  0.16742
 MAP NN | TrAcc: 0.9758 | VaAcc: 0.9502 | TeAcc: 0.9600
 S NN | TrAcc: 0.9678 | VaAcc: 0.9448 | TeAcc: 0.9639

 33,  0 | TrAcc: 0.9772, TrLoss:  0.08119, VaAcc: 0.9502, VaLoss:  0.17820
 MAP NN | TrAcc: 0.9706 | VaAcc: 0.9453 | TeAcc: 0.9585
 S NN | TrAcc: 0.9611 | VaAcc: 0.9478 | TeAcc: 0.9580

 34,  0 | TrAcc: 0.9735, TrLoss:  0.08554, VaAcc: 0.9526, VaLoss:  0.17956
 MAP NN | TrAcc: 0.9751 | VaAcc: 0.9512 | TeAcc: 0.9629
 S NN | TrAcc: 0.9678 | VaAcc: 0.9448 | TeAcc: 0.9653

 35,  0 | TrAcc: 0.9774, TrLoss:  0.08080, VaAcc: 0.9507, VaLoss:  0.19230
 MAP NN | TrAcc: 0.9708 | VaAcc: 0.9468 | TeAcc: 0.9609
 S NN | TrAcc: 0.9661 | VaAcc: 0.9429 | TeAcc: 0.9639

 36,  0 | TrAcc: 0.9767, TrLoss:  0.08518, VaAcc: 0.9473, VaLoss:  0.19889
 MAP NN | TrAcc: 0.9713 | VaAcc: 0.9468 | TeAcc: 0.9653
 S NN | TrAcc: 0.9674 | VaAcc: 0.9438 | TeAcc: 0.9639

 37,  0 | TrAcc: 0.9807, TrLoss:  0.07273, VaAcc: 0.9478, VaLoss:  0.18111
 MAP NN | TrAcc: 0.9771 | VaAcc: 0.9482 | TeAcc: 0.9648
 S NN | TrAcc: 0.9664 | VaAcc: 0.9419 | TeAcc: 0.9648

 38,  0 | TrAcc: 0.9763, TrLoss:  0.07942, VaAcc: 0.9590, VaLoss:  0.15793
 MAP NN | TrAcc: 0.9736 | VaAcc: 0.9512 | TeAcc: 0.9604
 S NN | TrAcc: 0.9724 | VaAcc: 0.9468 | TeAcc: 0.9658

 39,  0 | TrAcc: 0.9763, TrLoss:  0.07921, VaAcc: 0.9497, VaLoss:  0.18589
 MAP NN | TrAcc: 0.9707 | VaAcc: 0.9468 | TeAcc: 0.9600
 S NN | TrAcc: 0.9644 | VaAcc: 0.9390 | TeAcc: 0.9629

 40,  0 | TrAcc: 0.9790, TrLoss:  0.07238, VaAcc: 0.9541, VaLoss:  0.17396
 MAP NN | TrAcc: 0.9794 | VaAcc: 0.9551 | TeAcc: 0.9688
 S NN | TrAcc: 0.9750 | VaAcc: 0.9497 | TeAcc: 0.9644

 41,  0 | TrAcc: 0.9786, TrLoss:  0.07637, VaAcc: 0.9492, VaLoss:  0.18891
 MAP NN | TrAcc: 0.9705 | VaAcc: 0.9463 | TeAcc: 0.9663
 S NN | TrAcc: 0.9673 | VaAcc: 0.9463 | TeAcc: 0.9634

 42,  0 | TrAcc: 0.9800, TrLoss:  0.07181, VaAcc: 0.9521, VaLoss:  0.18793
 MAP NN | TrAcc: 0.9733 | VaAcc: 0.9463 | TeAcc: 0.9688
 S NN | TrAcc: 0.9718 | VaAcc: 0.9448 | TeAcc: 0.9648

 43,  0 | TrAcc: 0.9790, TrLoss:  0.07432, VaAcc: 0.9541, VaLoss:  0.18820
 MAP NN | TrAcc: 0.9735 | VaAcc: 0.9507 | TeAcc: 0.9663
 S NN | TrAcc: 0.9701 | VaAcc: 0.9424 | TeAcc: 0.9619

 44,  0 | TrAcc: 0.9791, TrLoss:  0.07798, VaAcc: 0.9482, VaLoss:  0.18790
 MAP NN | TrAcc: 0.9740 | VaAcc: 0.9531 | TeAcc: 0.9683
 S NN | TrAcc: 0.9614 | VaAcc: 0.9492 | TeAcc: 0.9653

 45,  0 | TrAcc: 0.9802, TrLoss:  0.07085, VaAcc: 0.9448, VaLoss:  0.19032
 MAP NN | TrAcc: 0.9795 | VaAcc: 0.9507 | TeAcc: 0.9668
 S NN | TrAcc: 0.9633 | VaAcc: 0.9331 | TeAcc: 0.9668

 46,  0 | TrAcc: 0.9830, TrLoss:  0.06435, VaAcc: 0.9541, VaLoss:  0.17058
 MAP NN | TrAcc: 0.9779 | VaAcc: 0.9536 | TeAcc: 0.9658
 S NN | TrAcc: 0.9736 | VaAcc: 0.9453 | TeAcc: 0.9658

 47,  0 | TrAcc: 0.9828, TrLoss:  0.06420, VaAcc: 0.9619, VaLoss:  0.15465
 MAP NN | TrAcc: 0.9806 | VaAcc: 0.9517 | TeAcc: 0.9707
 S NN | TrAcc: 0.9747 | VaAcc: 0.9541 | TeAcc: 0.9658

 48,  0 | TrAcc: 0.9833, TrLoss:  0.06236, VaAcc: 0.9517, VaLoss:  0.17910
 MAP NN | TrAcc: 0.9785 | VaAcc: 0.9502 | TeAcc: 0.9678
 S NN | TrAcc: 0.9669 | VaAcc: 0.9536 | TeAcc: 0.9678

 49,  0 | TrAcc: 0.9829, TrLoss:  0.06279, VaAcc: 0.9556, VaLoss:  0.16804
 MAP NN | TrAcc: 0.9816 | VaAcc: 0.9507 | TeAcc: 0.9683
 S NN | TrAcc: 0.9600 | VaAcc: 0.9526 | TeAcc: 0.9590

 50,  0 | TrAcc: 0.9786, TrLoss:  0.07301, VaAcc: 0.9521, VaLoss:  0.18106
 MAP NN | TrAcc: 0.9780 | VaAcc: 0.9507 | TeAcc: 0.9648
 S NN | TrAcc: 0.9695 | VaAcc: 0.9531 | TeAcc: 0.9648

 51,  0 | TrAcc: 0.9830, TrLoss:  0.06253, VaAcc: 0.9492, VaLoss:  0.19075
 MAP NN | TrAcc: 0.9814 | VaAcc: 0.9512 | TeAcc: 0.9697
 S NN | TrAcc: 0.9763 | VaAcc: 0.9478 | TeAcc: 0.9658

 52,  0 | TrAcc: 0.9800, TrLoss:  0.06838, VaAcc: 0.9585, VaLoss:  0.16954
 MAP NN | TrAcc: 0.9828 | VaAcc: 0.9521 | TeAcc: 0.9712
 S NN | TrAcc: 0.9733 | VaAcc: 0.9468 | TeAcc: 0.9702

 53,  0 | TrAcc: 0.9812, TrLoss:  0.06677, VaAcc: 0.9482, VaLoss:  0.18977
 MAP NN | TrAcc: 0.9780 | VaAcc: 0.9507 | TeAcc: 0.9673
 S NN | TrAcc: 0.9785 | VaAcc: 0.9395 | TeAcc: 0.9619

 54,  0 | TrAcc: 0.9846, TrLoss:  0.05469, VaAcc: 0.9551, VaLoss:  0.17357
 MAP NN | TrAcc: 0.9807 | VaAcc: 0.9526 | TeAcc: 0.9678
 S NN | TrAcc: 0.9702 | VaAcc: 0.9478 | TeAcc: 0.9624

 55,  0 | TrAcc: 0.9817, TrLoss:  0.06443, VaAcc: 0.9512, VaLoss:  0.19359
 MAP NN | TrAcc: 0.9830 | VaAcc: 0.9478 | TeAcc: 0.9731
 S NN | TrAcc: 0.9794 | VaAcc: 0.9512 | TeAcc: 0.9663

 56,  0 | TrAcc: 0.9836, TrLoss:  0.05996, VaAcc: 0.9497, VaLoss:  0.18500
 MAP NN | TrAcc: 0.9805 | VaAcc: 0.9517 | TeAcc: 0.9702
 S NN | TrAcc: 0.9724 | VaAcc: 0.9404 | TeAcc: 0.9658

 57,  0 | TrAcc: 0.9855, TrLoss:  0.05458, VaAcc: 0.9536, VaLoss:  0.16992
 MAP NN | TrAcc: 0.9812 | VaAcc: 0.9502 | TeAcc: 0.9717
 S NN | TrAcc: 0.9781 | VaAcc: 0.9463 | TeAcc: 0.9614

 58,  0 | TrAcc: 0.9850, TrLoss:  0.05550, VaAcc: 0.9546, VaLoss:  0.19369
 MAP NN | TrAcc: 0.9844 | VaAcc: 0.9551 | TeAcc: 0.9673
 S NN | TrAcc: 0.9756 | VaAcc: 0.9507 | TeAcc: 0.9663

 59,  0 | TrAcc: 0.9834, TrLoss:  0.05967, VaAcc: 0.9487, VaLoss:  0.19144
 MAP NN | TrAcc: 0.9832 | VaAcc: 0.9517 | TeAcc: 0.9678
 S NN | TrAcc: 0.9802 | VaAcc: 0.9458 | TeAcc: 0.9692

 60,  0 | TrAcc: 0.9819, TrLoss:  0.06330, VaAcc: 0.9551, VaLoss:  0.18907
 MAP NN | TrAcc: 0.9806 | VaAcc: 0.9521 | TeAcc: 0.9683
 S NN | TrAcc: 0.9714 | VaAcc: 0.9482 | TeAcc: 0.9683

 61,  0 | TrAcc: 0.9850, TrLoss:  0.05692, VaAcc: 0.9575, VaLoss:  0.17111
 MAP NN | TrAcc: 0.9816 | VaAcc: 0.9521 | TeAcc: 0.9648
 S NN | TrAcc: 0.9746 | VaAcc: 0.9453 | TeAcc: 0.9624

 62,  0 | TrAcc: 0.9844, TrLoss:  0.05853, VaAcc: 0.9556, VaLoss:  0.17914
 MAP NN | TrAcc: 0.9784 | VaAcc: 0.9497 | TeAcc: 0.9663
 S NN | TrAcc: 0.9738 | VaAcc: 0.9497 | TeAcc: 0.9683

 63,  0 | TrAcc: 0.9854, TrLoss:  0.05484, VaAcc: 0.9556, VaLoss:  0.17062
 MAP NN | TrAcc: 0.9834 | VaAcc: 0.9497 | TeAcc: 0.9673
 S NN | TrAcc: 0.9766 | VaAcc: 0.9438 | TeAcc: 0.9648

 64,  0 | TrAcc: 0.9827, TrLoss:  0.06129, VaAcc: 0.9468, VaLoss:  0.19560
 MAP NN | TrAcc: 0.9757 | VaAcc: 0.9463 | TeAcc: 0.9590
 S NN | TrAcc: 0.9711 | VaAcc: 0.9473 | TeAcc: 0.9614

 65,  0 | TrAcc: 0.9819, TrLoss:  0.05983, VaAcc: 0.9590, VaLoss:  0.15355
 MAP NN | TrAcc: 0.9830 | VaAcc: 0.9526 | TeAcc: 0.9697
 S NN | TrAcc: 0.9758 | VaAcc: 0.9531 | TeAcc: 0.9663

 66,  0 | TrAcc: 0.9794, TrLoss:  0.06897, VaAcc: 0.9512, VaLoss:  0.20088
 MAP NN | TrAcc: 0.9763 | VaAcc: 0.9502 | TeAcc: 0.9629
 S NN | TrAcc: 0.9735 | VaAcc: 0.9482 | TeAcc: 0.9521

 67,  0 | TrAcc: 0.9854, TrLoss:  0.05382, VaAcc: 0.9556, VaLoss:  0.17765
 MAP NN | TrAcc: 0.9852 | VaAcc: 0.9521 | TeAcc: 0.9688
 S NN | TrAcc: 0.9760 | VaAcc: 0.9482 | TeAcc: 0.9683

 68,  0 | TrAcc: 0.9832, TrLoss:  0.05995, VaAcc: 0.9517, VaLoss:  0.18854
 MAP NN | TrAcc: 0.9791 | VaAcc: 0.9497 | TeAcc: 0.9658
 S NN | TrAcc: 0.9719 | VaAcc: 0.9482 | TeAcc: 0.9688

 69,  0 | TrAcc: 0.9840, TrLoss:  0.05115, VaAcc: 0.9600, VaLoss:  0.16052
 MAP NN | TrAcc: 0.9862 | VaAcc: 0.9565 | TeAcc: 0.9644
 S NN | TrAcc: 0.9821 | VaAcc: 0.9541 | TeAcc: 0.9644

 70,  0 | TrAcc: 0.9854, TrLoss:  0.05266, VaAcc: 0.9580, VaLoss:  0.18013
 MAP NN | TrAcc: 0.9839 | VaAcc: 0.9541 | TeAcc: 0.9673
 S NN | TrAcc: 0.9806 | VaAcc: 0.9468 | TeAcc: 0.9658

 71,  0 | TrAcc: 0.9867, TrLoss:  0.04862, VaAcc: 0.9565, VaLoss:  0.17757
 MAP NN | TrAcc: 0.9840 | VaAcc: 0.9541 | TeAcc: 0.9688
 S NN | TrAcc: 0.9781 | VaAcc: 0.9507 | TeAcc: 0.9683

 72,  0 | TrAcc: 0.9847, TrLoss:  0.05576, VaAcc: 0.9497, VaLoss:  0.18926
 MAP NN | TrAcc: 0.9840 | VaAcc: 0.9487 | TeAcc: 0.9683
 S NN | TrAcc: 0.9773 | VaAcc: 0.9531 | TeAcc: 0.9624

 73,  0 | TrAcc: 0.9858, TrLoss:  0.04897, VaAcc: 0.9570, VaLoss:  0.17566
 MAP NN | TrAcc: 0.9845 | VaAcc: 0.9521 | TeAcc: 0.9707
 S NN | TrAcc: 0.9763 | VaAcc: 0.9492 | TeAcc: 0.9663

 74,  0 | TrAcc: 0.9907, TrLoss:  0.04129, VaAcc: 0.9546, VaLoss:  0.18575
 MAP NN | TrAcc: 0.9877 | VaAcc: 0.9507 | TeAcc: 0.9692
 S NN | TrAcc: 0.9760 | VaAcc: 0.9492 | TeAcc: 0.9673

 75,  0 | TrAcc: 0.9875, TrLoss:  0.04677, VaAcc: 0.9521, VaLoss:  0.18317
 MAP NN | TrAcc: 0.9866 | VaAcc: 0.9536 | TeAcc: 0.9663
 S NN | TrAcc: 0.9799 | VaAcc: 0.9473 | TeAcc: 0.9658

 76,  0 | TrAcc: 0.9880, TrLoss:  0.04442, VaAcc: 0.9546, VaLoss:  0.17991
 MAP NN | TrAcc: 0.9878 | VaAcc: 0.9492 | TeAcc: 0.9653
 S NN | TrAcc: 0.9810 | VaAcc: 0.9448 | TeAcc: 0.9634

 77,  0 | TrAcc: 0.9877, TrLoss:  0.04494, VaAcc: 0.9546, VaLoss:  0.17460
 MAP NN | TrAcc: 0.9895 | VaAcc: 0.9526 | TeAcc: 0.9692
 S NN | TrAcc: 0.9839 | VaAcc: 0.9478 | TeAcc: 0.9663

 78,  0 | TrAcc: 0.9871, TrLoss:  0.04780, VaAcc: 0.9556, VaLoss:  0.17132
 MAP NN | TrAcc: 0.9858 | VaAcc: 0.9526 | TeAcc: 0.9668
 S NN | TrAcc: 0.9777 | VaAcc: 0.9512 | TeAcc: 0.9624

 79,  0 | TrAcc: 0.9863, TrLoss:  0.04700, VaAcc: 0.9546, VaLoss:  0.18380
 MAP NN | TrAcc: 0.9844 | VaAcc: 0.9517 | TeAcc: 0.9692
 S NN | TrAcc: 0.9799 | VaAcc: 0.9453 | TeAcc: 0.9653

 80,  0 | TrAcc: 0.9865, TrLoss:  0.04724, VaAcc: 0.9492, VaLoss:  0.18823
 MAP NN | TrAcc: 0.9847 | VaAcc: 0.9473 | TeAcc: 0.9668
 S NN | TrAcc: 0.9740 | VaAcc: 0.9429 | TeAcc: 0.9658

 81,  0 | TrAcc: 0.9885, TrLoss:  0.04282, VaAcc: 0.9575, VaLoss:  0.17328
 MAP NN | TrAcc: 0.9877 | VaAcc: 0.9556 | TeAcc: 0.9712
 S NN | TrAcc: 0.9835 | VaAcc: 0.9551 | TeAcc: 0.9663

 82,  0 | TrAcc: 0.9873, TrLoss:  0.04557, VaAcc: 0.9517, VaLoss:  0.18304
 MAP NN | TrAcc: 0.9847 | VaAcc: 0.9541 | TeAcc: 0.9697
 S NN | TrAcc: 0.9832 | VaAcc: 0.9517 | TeAcc: 0.9683

 83,  0 | TrAcc: 0.9926, TrLoss:  0.03581, VaAcc: 0.9551, VaLoss:  0.18569
 MAP NN | TrAcc: 0.9861 | VaAcc: 0.9521 | TeAcc: 0.9658
 S NN | TrAcc: 0.9868 | VaAcc: 0.9492 | TeAcc: 0.9678

 84,  0 | TrAcc: 0.9895, TrLoss:  0.04051, VaAcc: 0.9561, VaLoss:  0.16953
 MAP NN | TrAcc: 0.9871 | VaAcc: 0.9521 | TeAcc: 0.9688
 S NN | TrAcc: 0.9833 | VaAcc: 0.9536 | TeAcc: 0.9678

 85,  0 | TrAcc: 0.9893, TrLoss:  0.04009, VaAcc: 0.9521, VaLoss:  0.17991
 MAP NN | TrAcc: 0.9863 | VaAcc: 0.9482 | TeAcc: 0.9653
 S NN | TrAcc: 0.9824 | VaAcc: 0.9546 | TeAcc: 0.9678

 86,  0 | TrAcc: 0.9873, TrLoss:  0.04634, VaAcc: 0.9565, VaLoss:  0.17223
 MAP NN | TrAcc: 0.9861 | VaAcc: 0.9546 | TeAcc: 0.9648
 S NN | TrAcc: 0.9755 | VaAcc: 0.9512 | TeAcc: 0.9639

 87,  0 | TrAcc: 0.9868, TrLoss:  0.04594, VaAcc: 0.9570, VaLoss:  0.17132
 MAP NN | TrAcc: 0.9829 | VaAcc: 0.9482 | TeAcc: 0.9668
 S NN | TrAcc: 0.9819 | VaAcc: 0.9502 | TeAcc: 0.9653

 88,  0 | TrAcc: 0.9861, TrLoss:  0.04667, VaAcc: 0.9551, VaLoss:  0.17961
 MAP NN | TrAcc: 0.9863 | VaAcc: 0.9497 | TeAcc: 0.9673
 S NN | TrAcc: 0.9813 | VaAcc: 0.9551 | TeAcc: 0.9634

 89,  0 | TrAcc: 0.9894, TrLoss:  0.03821, VaAcc: 0.9585, VaLoss:  0.16522
 MAP NN | TrAcc: 0.9868 | VaAcc: 0.9556 | TeAcc: 0.9634
 S NN | TrAcc: 0.9841 | VaAcc: 0.9546 | TeAcc: 0.9663

 90,  0 | TrAcc: 0.9905, TrLoss:  0.03815, VaAcc: 0.9570, VaLoss:  0.17438
 MAP NN | TrAcc: 0.9884 | VaAcc: 0.9551 | TeAcc: 0.9673
 S NN | TrAcc: 0.9824 | VaAcc: 0.9536 | TeAcc: 0.9644

 91,  0 | TrAcc: 0.9907, TrLoss:  0.03723, VaAcc: 0.9565, VaLoss:  0.16455
 MAP NN | TrAcc: 0.9885 | VaAcc: 0.9575 | TeAcc: 0.9673
 S NN | TrAcc: 0.9882 | VaAcc: 0.9517 | TeAcc: 0.9658

 92,  0 | TrAcc: 0.9906, TrLoss:  0.03890, VaAcc: 0.9551, VaLoss:  0.17887
 MAP NN | TrAcc: 0.9873 | VaAcc: 0.9536 | TeAcc: 0.9644
 S NN | TrAcc: 0.9811 | VaAcc: 0.9575 | TeAcc: 0.9653

 93,  0 | TrAcc: 0.9908, TrLoss:  0.03484, VaAcc: 0.9526, VaLoss:  0.17589
 MAP NN | TrAcc: 0.9884 | VaAcc: 0.9487 | TeAcc: 0.9683
 S NN | TrAcc: 0.9862 | VaAcc: 0.9482 | TeAcc: 0.9712

 94,  0 | TrAcc: 0.9893, TrLoss:  0.03927, VaAcc: 0.9580, VaLoss:  0.16784
 MAP NN | TrAcc: 0.9900 | VaAcc: 0.9536 | TeAcc: 0.9688
 S NN | TrAcc: 0.9847 | VaAcc: 0.9536 | TeAcc: 0.9688

 95,  0 | TrAcc: 0.9905, TrLoss:  0.03774, VaAcc: 0.9521, VaLoss:  0.17876
 MAP NN | TrAcc: 0.9880 | VaAcc: 0.9502 | TeAcc: 0.9624
 S NN | TrAcc: 0.9843 | VaAcc: 0.9463 | TeAcc: 0.9619

 96,  0 | TrAcc: 0.9904, TrLoss:  0.03751, VaAcc: 0.9600, VaLoss:  0.16087
 MAP NN | TrAcc: 0.9901 | VaAcc: 0.9531 | TeAcc: 0.9673
 S NN | TrAcc: 0.9817 | VaAcc: 0.9556 | TeAcc: 0.9575

 97,  0 | TrAcc: 0.9923, TrLoss:  0.03278, VaAcc: 0.9590, VaLoss:  0.16624
 MAP NN | TrAcc: 0.9895 | VaAcc: 0.9551 | TeAcc: 0.9707
 S NN | TrAcc: 0.9867 | VaAcc: 0.9541 | TeAcc: 0.9653

 98,  0 | TrAcc: 0.9878, TrLoss:  0.03931, VaAcc: 0.9590, VaLoss:  0.18061
 MAP NN | TrAcc: 0.9880 | VaAcc: 0.9502 | TeAcc: 0.9683
 S NN | TrAcc: 0.9865 | VaAcc: 0.9492 | TeAcc: 0.9683

 99,  0 | TrAcc: 0.9884, TrLoss:  0.03993, VaAcc: 0.9517, VaLoss:  0.17774
 MAP NN | TrAcc: 0.9872 | VaAcc: 0.9512 | TeAcc: 0.9653
 S NN | TrAcc: 0.9852 | VaAcc: 0.9521 | TeAcc: 0.9658

100,  0 | TrAcc: 0.9891, TrLoss:  0.04040, VaAcc: 0.9590, VaLoss:  0.16189
 MAP NN | TrAcc: 0.9877 | VaAcc: 0.9585 | TeAcc: 0.9683
 S NN | TrAcc: 0.9817 | VaAcc: 0.9556 | TeAcc: 0.9634

101,  0 | TrAcc: 0.9917, TrLoss:  0.03441, VaAcc: 0.9600, VaLoss:  0.15877
 MAP NN | TrAcc: 0.9910 | VaAcc: 0.9512 | TeAcc: 0.9692
 S NN | TrAcc: 0.9874 | VaAcc: 0.9556 | TeAcc: 0.9683

102,  0 | TrAcc: 0.9895, TrLoss:  0.03727, VaAcc: 0.9575, VaLoss:  0.17169
 MAP NN | TrAcc: 0.9908 | VaAcc: 0.9517 | TeAcc: 0.9678
 S NN | TrAcc: 0.9847 | VaAcc: 0.9438 | TeAcc: 0.9663

103,  0 | TrAcc: 0.9904, TrLoss:  0.03402, VaAcc: 0.9575, VaLoss:  0.16512
 MAP NN | TrAcc: 0.9913 | VaAcc: 0.9561 | TeAcc: 0.9688
 S NN | TrAcc: 0.9860 | VaAcc: 0.9512 | TeAcc: 0.9702

104,  0 | TrAcc: 0.9895, TrLoss:  0.03671, VaAcc: 0.9551, VaLoss:  0.18101
 MAP NN | TrAcc: 0.9875 | VaAcc: 0.9551 | TeAcc: 0.9712
 S NN | TrAcc: 0.9845 | VaAcc: 0.9531 | TeAcc: 0.9629

105,  0 | TrAcc: 0.9904, TrLoss:  0.03273, VaAcc: 0.9570, VaLoss:  0.16774
 MAP NN | TrAcc: 0.9904 | VaAcc: 0.9565 | TeAcc: 0.9668
 S NN | TrAcc: 0.9886 | VaAcc: 0.9526 | TeAcc: 0.9658

106,  0 | TrAcc: 0.9874, TrLoss:  0.03962, VaAcc: 0.9551, VaLoss:  0.18823
 MAP NN | TrAcc: 0.9845 | VaAcc: 0.9526 | TeAcc: 0.9648
 S NN | TrAcc: 0.9868 | VaAcc: 0.9502 | TeAcc: 0.9658

107,  0 | TrAcc: 0.9908, TrLoss:  0.03246, VaAcc: 0.9541, VaLoss:  0.18552
 MAP NN | TrAcc: 0.9890 | VaAcc: 0.9541 | TeAcc: 0.9653
 S NN | TrAcc: 0.9850 | VaAcc: 0.9526 | TeAcc: 0.9688

108,  0 | TrAcc: 0.9899, TrLoss:  0.03776, VaAcc: 0.9531, VaLoss:  0.17794
 MAP NN | TrAcc: 0.9895 | VaAcc: 0.9575 | TeAcc: 0.9712
 S NN | TrAcc: 0.9862 | VaAcc: 0.9556 | TeAcc: 0.9673

109,  0 | TrAcc: 0.9906, TrLoss:  0.03556, VaAcc: 0.9614, VaLoss:  0.16539
 MAP NN | TrAcc: 0.9890 | VaAcc: 0.9561 | TeAcc: 0.9683
 S NN | TrAcc: 0.9824 | VaAcc: 0.9590 | TeAcc: 0.9648

110,  0 | TrAcc: 0.9888, TrLoss:  0.04096, VaAcc: 0.9551, VaLoss:  0.16765
 MAP NN | TrAcc: 0.9883 | VaAcc: 0.9531 | TeAcc: 0.9707
 S NN | TrAcc: 0.9829 | VaAcc: 0.9526 | TeAcc: 0.9629

111,  0 | TrAcc: 0.9919, TrLoss:  0.03293, VaAcc: 0.9556, VaLoss:  0.17576
 MAP NN | TrAcc: 0.9912 | VaAcc: 0.9556 | TeAcc: 0.9683
 S NN | TrAcc: 0.9872 | VaAcc: 0.9551 | TeAcc: 0.9702

112,  0 | TrAcc: 0.9901, TrLoss:  0.03617, VaAcc: 0.9575, VaLoss:  0.17270
 MAP NN | TrAcc: 0.9880 | VaAcc: 0.9570 | TeAcc: 0.9712
 S NN | TrAcc: 0.9854 | VaAcc: 0.9556 | TeAcc: 0.9658

113,  0 | TrAcc: 0.9916, TrLoss:  0.03302, VaAcc: 0.9541, VaLoss:  0.17328
 MAP NN | TrAcc: 0.9886 | VaAcc: 0.9502 | TeAcc: 0.9707
 S NN | TrAcc: 0.9872 | VaAcc: 0.9517 | TeAcc: 0.9673

114,  0 | TrAcc: 0.9906, TrLoss:  0.03391, VaAcc: 0.9614, VaLoss:  0.16091
 MAP NN | TrAcc: 0.9907 | VaAcc: 0.9561 | TeAcc: 0.9697
 S NN | TrAcc: 0.9862 | VaAcc: 0.9556 | TeAcc: 0.9663

115,  0 | TrAcc: 0.9907, TrLoss:  0.03508, VaAcc: 0.9595, VaLoss:  0.16502
 MAP NN | TrAcc: 0.9904 | VaAcc: 0.9546 | TeAcc: 0.9658
 S NN | TrAcc: 0.9878 | VaAcc: 0.9565 | TeAcc: 0.9683

116,  0 | TrAcc: 0.9907, TrLoss:  0.03476, VaAcc: 0.9575, VaLoss:  0.16715
 MAP NN | TrAcc: 0.9874 | VaAcc: 0.9512 | TeAcc: 0.9653
 S NN | TrAcc: 0.9872 | VaAcc: 0.9526 | TeAcc: 0.9624

117,  0 | TrAcc: 0.9915, TrLoss:  0.03099, VaAcc: 0.9619, VaLoss:  0.16440
 MAP NN | TrAcc: 0.9889 | VaAcc: 0.9541 | TeAcc: 0.9707
 S NN | TrAcc: 0.9862 | VaAcc: 0.9546 | TeAcc: 0.9697

118,  0 | TrAcc: 0.9918, TrLoss:  0.03166, VaAcc: 0.9585, VaLoss:  0.17451
 MAP NN | TrAcc: 0.9905 | VaAcc: 0.9561 | TeAcc: 0.9692
 S NN | TrAcc: 0.9896 | VaAcc: 0.9541 | TeAcc: 0.9668

119,  0 | TrAcc: 0.9916, TrLoss:  0.03287, VaAcc: 0.9575, VaLoss:  0.16758
 MAP NN | TrAcc: 0.9880 | VaAcc: 0.9556 | TeAcc: 0.9692
 S NN | TrAcc: 0.9818 | VaAcc: 0.9521 | TeAcc: 0.9688

120,  0 | TrAcc: 0.9897, TrLoss:  0.03606, VaAcc: 0.9556, VaLoss:  0.17829
 MAP NN | TrAcc: 0.9878 | VaAcc: 0.9536 | TeAcc: 0.9673
 S NN | TrAcc: 0.9840 | VaAcc: 0.9565 | TeAcc: 0.9673

121,  0 | TrAcc: 0.9905, TrLoss:  0.03472, VaAcc: 0.9585, VaLoss:  0.16527
 MAP NN | TrAcc: 0.9910 | VaAcc: 0.9541 | TeAcc: 0.9658
 S NN | TrAcc: 0.9865 | VaAcc: 0.9517 | TeAcc: 0.9663

122,  0 | TrAcc: 0.9900, TrLoss:  0.03546, VaAcc: 0.9546, VaLoss:  0.17583
 MAP NN | TrAcc: 0.9911 | VaAcc: 0.9565 | TeAcc: 0.9692
 S NN | TrAcc: 0.9890 | VaAcc: 0.9536 | TeAcc: 0.9673

123,  0 | TrAcc: 0.9897, TrLoss:  0.03387, VaAcc: 0.9600, VaLoss:  0.17562
 MAP NN | TrAcc: 0.9872 | VaAcc: 0.9551 | TeAcc: 0.9663
 S NN | TrAcc: 0.9873 | VaAcc: 0.9556 | TeAcc: 0.9727

124,  0 | TrAcc: 0.9907, TrLoss:  0.03349, VaAcc: 0.9590, VaLoss:  0.16363
 MAP NN | TrAcc: 0.9906 | VaAcc: 0.9585 | TeAcc: 0.9673
 S NN | TrAcc: 0.9882 | VaAcc: 0.9604 | TeAcc: 0.9722

125,  0 | TrAcc: 0.9913, TrLoss:  0.03119, VaAcc: 0.9561, VaLoss:  0.16499
 MAP NN | TrAcc: 0.9929 | VaAcc: 0.9570 | TeAcc: 0.9702
 S NN | TrAcc: 0.9910 | VaAcc: 0.9546 | TeAcc: 0.9712

126,  0 | TrAcc: 0.9921, TrLoss:  0.02829, VaAcc: 0.9585, VaLoss:  0.16734
 MAP NN | TrAcc: 0.9921 | VaAcc: 0.9531 | TeAcc: 0.9692
 S NN | TrAcc: 0.9885 | VaAcc: 0.9561 | TeAcc: 0.9688

127,  0 | TrAcc: 0.9916, TrLoss:  0.03061, VaAcc: 0.9609, VaLoss:  0.18009
 MAP NN | TrAcc: 0.9905 | VaAcc: 0.9590 | TeAcc: 0.9683
 S NN | TrAcc: 0.9901 | VaAcc: 0.9556 | TeAcc: 0.9688

128,  0 | TrAcc: 0.9921, TrLoss:  0.02932, VaAcc: 0.9556, VaLoss:  0.18253
 MAP NN | TrAcc: 0.9934 | VaAcc: 0.9546 | TeAcc: 0.9707
 S NN | TrAcc: 0.9896 | VaAcc: 0.9546 | TeAcc: 0.9692

129,  0 | TrAcc: 0.9918, TrLoss:  0.03266, VaAcc: 0.9556, VaLoss:  0.18650
 MAP NN | TrAcc: 0.9890 | VaAcc: 0.9561 | TeAcc: 0.9673
 S NN | TrAcc: 0.9891 | VaAcc: 0.9565 | TeAcc: 0.9668

130,  0 | TrAcc: 0.9867, TrLoss:  0.04692, VaAcc: 0.9521, VaLoss:  0.18689
 MAP NN | TrAcc: 0.9834 | VaAcc: 0.9521 | TeAcc: 0.9639
 S NN | TrAcc: 0.9816 | VaAcc: 0.9458 | TeAcc: 0.9644

131,  0 | TrAcc: 0.9879, TrLoss:  0.03986, VaAcc: 0.9526, VaLoss:  0.18991
 MAP NN | TrAcc: 0.9890 | VaAcc: 0.9531 | TeAcc: 0.9697
 S NN | TrAcc: 0.9861 | VaAcc: 0.9541 | TeAcc: 0.9624

132,  0 | TrAcc: 0.9888, TrLoss:  0.03818, VaAcc: 0.9551, VaLoss:  0.18631
 MAP NN | TrAcc: 0.9888 | VaAcc: 0.9482 | TeAcc: 0.9688
 S NN | TrAcc: 0.9872 | VaAcc: 0.9502 | TeAcc: 0.9658

133,  0 | TrAcc: 0.9917, TrLoss:  0.03224, VaAcc: 0.9561, VaLoss:  0.16986
 MAP NN | TrAcc: 0.9893 | VaAcc: 0.9575 | TeAcc: 0.9692
 S NN | TrAcc: 0.9894 | VaAcc: 0.9575 | TeAcc: 0.9673

134,  0 | TrAcc: 0.9897, TrLoss:  0.03474, VaAcc: 0.9531, VaLoss:  0.18842
 MAP NN | TrAcc: 0.9912 | VaAcc: 0.9561 | TeAcc: 0.9668
 S NN | TrAcc: 0.9875 | VaAcc: 0.9507 | TeAcc: 0.9644

135,  0 | TrAcc: 0.9921, TrLoss:  0.02907, VaAcc: 0.9556, VaLoss:  0.17800
 MAP NN | TrAcc: 0.9904 | VaAcc: 0.9556 | TeAcc: 0.9658
 S NN | TrAcc: 0.9885 | VaAcc: 0.9517 | TeAcc: 0.9624

136,  0 | TrAcc: 0.9912, TrLoss:  0.02983, VaAcc: 0.9561, VaLoss:  0.17851
 MAP NN | TrAcc: 0.9910 | VaAcc: 0.9551 | TeAcc: 0.9731
 S NN | TrAcc: 0.9906 | VaAcc: 0.9521 | TeAcc: 0.9712

137,  0 | TrAcc: 0.9926, TrLoss:  0.02705, VaAcc: 0.9580, VaLoss:  0.18314
 MAP NN | TrAcc: 0.9922 | VaAcc: 0.9536 | TeAcc: 0.9712
 S NN | TrAcc: 0.9890 | VaAcc: 0.9526 | TeAcc: 0.9697

138,  0 | TrAcc: 0.9938, TrLoss:  0.02561, VaAcc: 0.9565, VaLoss:  0.18726
 MAP NN | TrAcc: 0.9935 | VaAcc: 0.9536 | TeAcc: 0.9688
 S NN | TrAcc: 0.9893 | VaAcc: 0.9487 | TeAcc: 0.9717

139,  0 | TrAcc: 0.9946, TrLoss:  0.02433, VaAcc: 0.9570, VaLoss:  0.17372
 MAP NN | TrAcc: 0.9938 | VaAcc: 0.9541 | TeAcc: 0.9731
 S NN | TrAcc: 0.9939 | VaAcc: 0.9517 | TeAcc: 0.9722

140,  0 | TrAcc: 0.9951, TrLoss:  0.02195, VaAcc: 0.9575, VaLoss:  0.17187
 MAP NN | TrAcc: 0.9930 | VaAcc: 0.9536 | TeAcc: 0.9707
 S NN | TrAcc: 0.9927 | VaAcc: 0.9565 | TeAcc: 0.9678

141,  0 | TrAcc: 0.9941, TrLoss:  0.02446, VaAcc: 0.9570, VaLoss:  0.17835
 MAP NN | TrAcc: 0.9937 | VaAcc: 0.9531 | TeAcc: 0.9707
 S NN | TrAcc: 0.9897 | VaAcc: 0.9512 | TeAcc: 0.9663

142,  0 | TrAcc: 0.9943, TrLoss:  0.02385, VaAcc: 0.9556, VaLoss:  0.17522
 MAP NN | TrAcc: 0.9940 | VaAcc: 0.9556 | TeAcc: 0.9717
 S NN | TrAcc: 0.9935 | VaAcc: 0.9546 | TeAcc: 0.9707

143,  0 | TrAcc: 0.9915, TrLoss:  0.02900, VaAcc: 0.9526, VaLoss:  0.18867
 MAP NN | TrAcc: 0.9924 | VaAcc: 0.9551 | TeAcc: 0.9678
 S NN | TrAcc: 0.9912 | VaAcc: 0.9517 | TeAcc: 0.9668

144,  0 | TrAcc: 0.9923, TrLoss:  0.02875, VaAcc: 0.9565, VaLoss:  0.18794
 MAP NN | TrAcc: 0.9906 | VaAcc: 0.9556 | TeAcc: 0.9707
 S NN | TrAcc: 0.9889 | VaAcc: 0.9536 | TeAcc: 0.9717

145,  0 | TrAcc: 0.9929, TrLoss:  0.02702, VaAcc: 0.9580, VaLoss:  0.17527
 MAP NN | TrAcc: 0.9907 | VaAcc: 0.9561 | TeAcc: 0.9736
 S NN | TrAcc: 0.9895 | VaAcc: 0.9517 | TeAcc: 0.9697

146,  0 | TrAcc: 0.9944, TrLoss:  0.02395, VaAcc: 0.9565, VaLoss:  0.17695
 MAP NN | TrAcc: 0.9937 | VaAcc: 0.9585 | TeAcc: 0.9751
 S NN | TrAcc: 0.9918 | VaAcc: 0.9556 | TeAcc: 0.9717

147,  0 | TrAcc: 0.9951, TrLoss:  0.02381, VaAcc: 0.9556, VaLoss:  0.17620
 MAP NN | TrAcc: 0.9933 | VaAcc: 0.9546 | TeAcc: 0.9707
 S NN | TrAcc: 0.9922 | VaAcc: 0.9600 | TeAcc: 0.9678

148,  0 | TrAcc: 0.9929, TrLoss:  0.02826, VaAcc: 0.9531, VaLoss:  0.18680
 MAP NN | TrAcc: 0.9917 | VaAcc: 0.9531 | TeAcc: 0.9663
 S NN | TrAcc: 0.9917 | VaAcc: 0.9507 | TeAcc: 0.9668

149,  0 | TrAcc: 0.9938, TrLoss:  0.02461, VaAcc: 0.9507, VaLoss:  0.20049
 MAP NN | TrAcc: 0.9941 | VaAcc: 0.9531 | TeAcc: 0.9668
 S NN | TrAcc: 0.9924 | VaAcc: 0.9546 | TeAcc: 0.9683

150,  0 | TrAcc: 0.9954, TrLoss:  0.02119, VaAcc: 0.9536, VaLoss:  0.18763
 MAP NN | TrAcc: 0.9949 | VaAcc: 0.9546 | TeAcc: 0.9668
 S NN | TrAcc: 0.9928 | VaAcc: 0.9526 | TeAcc: 0.9673

151,  0 | TrAcc: 0.9944, TrLoss:  0.02580, VaAcc: 0.9570, VaLoss:  0.18739
 MAP NN | TrAcc: 0.9928 | VaAcc: 0.9551 | TeAcc: 0.9688
 S NN | TrAcc: 0.9900 | VaAcc: 0.9526 | TeAcc: 0.9634

152,  0 | TrAcc: 0.9955, TrLoss:  0.02069, VaAcc: 0.9517, VaLoss:  0.20272
 MAP NN | TrAcc: 0.9941 | VaAcc: 0.9521 | TeAcc: 0.9688
 S NN | TrAcc: 0.9913 | VaAcc: 0.9565 | TeAcc: 0.9644

153,  0 | TrAcc: 0.9948, TrLoss:  0.02189, VaAcc: 0.9556, VaLoss:  0.17928
 MAP NN | TrAcc: 0.9939 | VaAcc: 0.9556 | TeAcc: 0.9717
 S NN | TrAcc: 0.9948 | VaAcc: 0.9541 | TeAcc: 0.9702

154,  0 | TrAcc: 0.9939, TrLoss:  0.02384, VaAcc: 0.9531, VaLoss:  0.19048
 MAP NN | TrAcc: 0.9948 | VaAcc: 0.9517 | TeAcc: 0.9678
 S NN | TrAcc: 0.9885 | VaAcc: 0.9551 | TeAcc: 0.9648

155,  0 | TrAcc: 0.9957, TrLoss:  0.01989, VaAcc: 0.9531, VaLoss:  0.18823
 MAP NN | TrAcc: 0.9944 | VaAcc: 0.9561 | TeAcc: 0.9702
 S NN | TrAcc: 0.9916 | VaAcc: 0.9551 | TeAcc: 0.9731

156,  0 | TrAcc: 0.9961, TrLoss:  0.02019, VaAcc: 0.9590, VaLoss:  0.17893
 MAP NN | TrAcc: 0.9958 | VaAcc: 0.9585 | TeAcc: 0.9673
 S NN | TrAcc: 0.9934 | VaAcc: 0.9526 | TeAcc: 0.9678

157,  0 | TrAcc: 0.9963, TrLoss:  0.01843, VaAcc: 0.9565, VaLoss:  0.18166
 MAP NN | TrAcc: 0.9950 | VaAcc: 0.9556 | TeAcc: 0.9668
 S NN | TrAcc: 0.9939 | VaAcc: 0.9565 | TeAcc: 0.9688

158,  0 | TrAcc: 0.9967, TrLoss:  0.01737, VaAcc: 0.9600, VaLoss:  0.16770
 MAP NN | TrAcc: 0.9954 | VaAcc: 0.9590 | TeAcc: 0.9702
 S NN | TrAcc: 0.9950 | VaAcc: 0.9551 | TeAcc: 0.9707

159,  0 | TrAcc: 0.9962, TrLoss:  0.01899, VaAcc: 0.9570, VaLoss:  0.17251
 MAP NN | TrAcc: 0.9956 | VaAcc: 0.9600 | TeAcc: 0.9697
 S NN | TrAcc: 0.9938 | VaAcc: 0.9590 | TeAcc: 0.9707

160,  0 | TrAcc: 0.9956, TrLoss:  0.01823, VaAcc: 0.9590, VaLoss:  0.16518
 MAP NN | TrAcc: 0.9956 | VaAcc: 0.9580 | TeAcc: 0.9722
 S NN | TrAcc: 0.9946 | VaAcc: 0.9556 | TeAcc: 0.9731

161,  0 | TrAcc: 0.9965, TrLoss:  0.01732, VaAcc: 0.9531, VaLoss:  0.17627
 MAP NN | TrAcc: 0.9960 | VaAcc: 0.9575 | TeAcc: 0.9692
 S NN | TrAcc: 0.9957 | VaAcc: 0.9575 | TeAcc: 0.9697

162,  0 | TrAcc: 0.9951, TrLoss:  0.02151, VaAcc: 0.9556, VaLoss:  0.17772
 MAP NN | TrAcc: 0.9945 | VaAcc: 0.9536 | TeAcc: 0.9673
 S NN | TrAcc: 0.9932 | VaAcc: 0.9497 | TeAcc: 0.9688

163,  0 | TrAcc: 0.9948, TrLoss:  0.02212, VaAcc: 0.9551, VaLoss:  0.19512
 MAP NN | TrAcc: 0.9944 | VaAcc: 0.9551 | TeAcc: 0.9712
 S NN | TrAcc: 0.9935 | VaAcc: 0.9526 | TeAcc: 0.9712

164,  0 | TrAcc: 0.9930, TrLoss:  0.02334, VaAcc: 0.9531, VaLoss:  0.18348
 MAP NN | TrAcc: 0.9932 | VaAcc: 0.9546 | TeAcc: 0.9712
 S NN | TrAcc: 0.9911 | VaAcc: 0.9526 | TeAcc: 0.9673

165,  0 | TrAcc: 0.9948, TrLoss:  0.02206, VaAcc: 0.9541, VaLoss:  0.18021
 MAP NN | TrAcc: 0.9939 | VaAcc: 0.9551 | TeAcc: 0.9692
 S NN | TrAcc: 0.9935 | VaAcc: 0.9536 | TeAcc: 0.9702

166,  0 | TrAcc: 0.9955, TrLoss:  0.02189, VaAcc: 0.9561, VaLoss:  0.17375
 MAP NN | TrAcc: 0.9952 | VaAcc: 0.9546 | TeAcc: 0.9692
 S NN | TrAcc: 0.9930 | VaAcc: 0.9556 | TeAcc: 0.9731

167,  0 | TrAcc: 0.9949, TrLoss:  0.02287, VaAcc: 0.9565, VaLoss:  0.18372
 MAP NN | TrAcc: 0.9946 | VaAcc: 0.9556 | TeAcc: 0.9697
 S NN | TrAcc: 0.9934 | VaAcc: 0.9604 | TeAcc: 0.9673

168,  0 | TrAcc: 0.9946, TrLoss:  0.02329, VaAcc: 0.9536, VaLoss:  0.19009
 MAP NN | TrAcc: 0.9933 | VaAcc: 0.9536 | TeAcc: 0.9722
 S NN | TrAcc: 0.9939 | VaAcc: 0.9517 | TeAcc: 0.9736

169,  0 | TrAcc: 0.9946, TrLoss:  0.02324, VaAcc: 0.9585, VaLoss:  0.18955
 MAP NN | TrAcc: 0.9943 | VaAcc: 0.9561 | TeAcc: 0.9678
 S NN | TrAcc: 0.9888 | VaAcc: 0.9536 | TeAcc: 0.9668

170,  0 | TrAcc: 0.9966, TrLoss:  0.01802, VaAcc: 0.9561, VaLoss:  0.18630
 MAP NN | TrAcc: 0.9956 | VaAcc: 0.9604 | TeAcc: 0.9688
 S NN | TrAcc: 0.9946 | VaAcc: 0.9556 | TeAcc: 0.9692

171,  0 | TrAcc: 0.9944, TrLoss:  0.02091, VaAcc: 0.9580, VaLoss:  0.18252
 MAP NN | TrAcc: 0.9943 | VaAcc: 0.9609 | TeAcc: 0.9697
 S NN | TrAcc: 0.9919 | VaAcc: 0.9600 | TeAcc: 0.9692

172,  0 | TrAcc: 0.9955, TrLoss:  0.02047, VaAcc: 0.9551, VaLoss:  0.18326
 MAP NN | TrAcc: 0.9960 | VaAcc: 0.9570 | TeAcc: 0.9663
 S NN | TrAcc: 0.9932 | VaAcc: 0.9526 | TeAcc: 0.9727

173,  0 | TrAcc: 0.9951, TrLoss:  0.01989, VaAcc: 0.9570, VaLoss:  0.17990
 MAP NN | TrAcc: 0.9956 | VaAcc: 0.9546 | TeAcc: 0.9673
 S NN | TrAcc: 0.9929 | VaAcc: 0.9561 | TeAcc: 0.9678

174,  0 | TrAcc: 0.9946, TrLoss:  0.02072, VaAcc: 0.9546, VaLoss:  0.19355
 MAP NN | TrAcc: 0.9940 | VaAcc: 0.9541 | TeAcc: 0.9722
 S NN | TrAcc: 0.9944 | VaAcc: 0.9521 | TeAcc: 0.9736

175,  0 | TrAcc: 0.9956, TrLoss:  0.01842, VaAcc: 0.9556, VaLoss:  0.18175
 MAP NN | TrAcc: 0.9952 | VaAcc: 0.9575 | TeAcc: 0.9707
 S NN | TrAcc: 0.9945 | VaAcc: 0.9546 | TeAcc: 0.9668

176,  0 | TrAcc: 0.9938, TrLoss:  0.02468, VaAcc: 0.9556, VaLoss:  0.17784
 MAP NN | TrAcc: 0.9938 | VaAcc: 0.9570 | TeAcc: 0.9678
 S NN | TrAcc: 0.9907 | VaAcc: 0.9561 | TeAcc: 0.9658

177,  0 | TrAcc: 0.9944, TrLoss:  0.02387, VaAcc: 0.9561, VaLoss:  0.18393
 MAP NN | TrAcc: 0.9915 | VaAcc: 0.9546 | TeAcc: 0.9678
 S NN | TrAcc: 0.9907 | VaAcc: 0.9580 | TeAcc: 0.9673

178,  0 | TrAcc: 0.9956, TrLoss:  0.02034, VaAcc: 0.9565, VaLoss:  0.18760
 MAP NN | TrAcc: 0.9952 | VaAcc: 0.9565 | TeAcc: 0.9697
 S NN | TrAcc: 0.9929 | VaAcc: 0.9580 | TeAcc: 0.9678

179,  0 | TrAcc: 0.9943, TrLoss:  0.02184, VaAcc: 0.9551, VaLoss:  0.19441
 MAP NN | TrAcc: 0.9952 | VaAcc: 0.9541 | TeAcc: 0.9658
 S NN | TrAcc: 0.9948 | VaAcc: 0.9561 | TeAcc: 0.9653

180,  0 | TrAcc: 0.9943, TrLoss:  0.02108, VaAcc: 0.9565, VaLoss:  0.18014
 MAP NN | TrAcc: 0.9944 | VaAcc: 0.9590 | TeAcc: 0.9697
 S NN | TrAcc: 0.9937 | VaAcc: 0.9575 | TeAcc: 0.9653

181,  0 | TrAcc: 0.9962, TrLoss:  0.01752, VaAcc: 0.9561, VaLoss:  0.18028
 MAP NN | TrAcc: 0.9957 | VaAcc: 0.9575 | TeAcc: 0.9702
 S NN | TrAcc: 0.9955 | VaAcc: 0.9565 | TeAcc: 0.9731

182,  0 | TrAcc: 0.9960, TrLoss:  0.02018, VaAcc: 0.9565, VaLoss:  0.19318
 MAP NN | TrAcc: 0.9962 | VaAcc: 0.9536 | TeAcc: 0.9688
 S NN | TrAcc: 0.9945 | VaAcc: 0.9507 | TeAcc: 0.9697

183,  0 | TrAcc: 0.9958, TrLoss:  0.02055, VaAcc: 0.9551, VaLoss:  0.17825
 MAP NN | TrAcc: 0.9958 | VaAcc: 0.9580 | TeAcc: 0.9692
 S NN | TrAcc: 0.9960 | VaAcc: 0.9531 | TeAcc: 0.9683

184,  0 | TrAcc: 0.9963, TrLoss:  0.01761, VaAcc: 0.9580, VaLoss:  0.18321
 MAP NN | TrAcc: 0.9960 | VaAcc: 0.9556 | TeAcc: 0.9717
 S NN | TrAcc: 0.9957 | VaAcc: 0.9546 | TeAcc: 0.9688

185,  0 | TrAcc: 0.9955, TrLoss:  0.01995, VaAcc: 0.9565, VaLoss:  0.18923
 MAP NN | TrAcc: 0.9950 | VaAcc: 0.9546 | TeAcc: 0.9702
 S NN | TrAcc: 0.9915 | VaAcc: 0.9512 | TeAcc: 0.9683

186,  0 | TrAcc: 0.9958, TrLoss:  0.02027, VaAcc: 0.9585, VaLoss:  0.18079
 MAP NN | TrAcc: 0.9949 | VaAcc: 0.9556 | TeAcc: 0.9697
 S NN | TrAcc: 0.9944 | VaAcc: 0.9561 | TeAcc: 0.9727

187,  0 | TrAcc: 0.9930, TrLoss:  0.02701, VaAcc: 0.9546, VaLoss:  0.18653
 MAP NN | TrAcc: 0.9919 | VaAcc: 0.9546 | TeAcc: 0.9658
 S NN | TrAcc: 0.9895 | VaAcc: 0.9492 | TeAcc: 0.9614

188,  0 | TrAcc: 0.9950, TrLoss:  0.02192, VaAcc: 0.9561, VaLoss:  0.18108
 MAP NN | TrAcc: 0.9949 | VaAcc: 0.9546 | TeAcc: 0.9673
 S NN | TrAcc: 0.9939 | VaAcc: 0.9565 | TeAcc: 0.9678

189,  0 | TrAcc: 0.9958, TrLoss:  0.02071, VaAcc: 0.9541, VaLoss:  0.18209
 MAP NN | TrAcc: 0.9954 | VaAcc: 0.9512 | TeAcc: 0.9673
 S NN | TrAcc: 0.9944 | VaAcc: 0.9546 | TeAcc: 0.9707

190,  0 | TrAcc: 0.9954, TrLoss:  0.02161, VaAcc: 0.9531, VaLoss:  0.17579
 MAP NN | TrAcc: 0.9945 | VaAcc: 0.9531 | TeAcc: 0.9688
 S NN | TrAcc: 0.9930 | VaAcc: 0.9561 | TeAcc: 0.9702

191,  0 | TrAcc: 0.9969, TrLoss:  0.01636, VaAcc: 0.9561, VaLoss:  0.18238
 MAP NN | TrAcc: 0.9968 | VaAcc: 0.9561 | TeAcc: 0.9722
 S NN | TrAcc: 0.9958 | VaAcc: 0.9536 | TeAcc: 0.9697

192,  0 | TrAcc: 0.9971, TrLoss:  0.01531, VaAcc: 0.9561, VaLoss:  0.18755
 MAP NN | TrAcc: 0.9966 | VaAcc: 0.9517 | TeAcc: 0.9678
 S NN | TrAcc: 0.9956 | VaAcc: 0.9551 | TeAcc: 0.9683

193,  0 | TrAcc: 0.9974, TrLoss:  0.01355, VaAcc: 0.9561, VaLoss:  0.18575
 MAP NN | TrAcc: 0.9968 | VaAcc: 0.9536 | TeAcc: 0.9707
 S NN | TrAcc: 0.9952 | VaAcc: 0.9526 | TeAcc: 0.9692

194,  0 | TrAcc: 0.9973, TrLoss:  0.01390, VaAcc: 0.9507, VaLoss:  0.18012
 MAP NN | TrAcc: 0.9968 | VaAcc: 0.9521 | TeAcc: 0.9707
 S NN | TrAcc: 0.9939 | VaAcc: 0.9536 | TeAcc: 0.9707

195,  0 | TrAcc: 0.9969, TrLoss:  0.01616, VaAcc: 0.9521, VaLoss:  0.19697
 MAP NN | TrAcc: 0.9954 | VaAcc: 0.9521 | TeAcc: 0.9678
 S NN | TrAcc: 0.9954 | VaAcc: 0.9517 | TeAcc: 0.9673

196,  0 | TrAcc: 0.9950, TrLoss:  0.01954, VaAcc: 0.9551, VaLoss:  0.18530
 MAP NN | TrAcc: 0.9955 | VaAcc: 0.9531 | TeAcc: 0.9697
 S NN | TrAcc: 0.9941 | VaAcc: 0.9531 | TeAcc: 0.9707

197,  0 | TrAcc: 0.9963, TrLoss:  0.01836, VaAcc: 0.9585, VaLoss:  0.18893
 MAP NN | TrAcc: 0.9965 | VaAcc: 0.9507 | TeAcc: 0.9688
 S NN | TrAcc: 0.9940 | VaAcc: 0.9507 | TeAcc: 0.9707

198,  0 | TrAcc: 0.9934, TrLoss:  0.02417, VaAcc: 0.9546, VaLoss:  0.19655
 MAP NN | TrAcc: 0.9927 | VaAcc: 0.9521 | TeAcc: 0.9692
 S NN | TrAcc: 0.9922 | VaAcc: 0.9517 | TeAcc: 0.9683

199,  0 | TrAcc: 0.9877, TrLoss:  0.03856, VaAcc: 0.9517, VaLoss:  0.19045
 MAP NN | TrAcc: 0.9860 | VaAcc: 0.9526 | TeAcc: 0.9624
 S NN | TrAcc: 0.9857 | VaAcc: 0.9521 | TeAcc: 0.9658

Results for va_s
Metric: acc   
 96.04 % in iteration  124
Metric: loss  
Results for va_b
Metric: elogl 
 0.315 in iteration    0
Metric: acc   
 96.19 % in iteration   47
EARLY STOP FOR te_s
 97.22 % in iteration  124
