tr
(8080, 4, 45)
te
(1450, 4, 45)
va
(1730, 4, 45)

=============================
CONFIG FILE
====================================
Training configuration

Learning rate: 0.2, 	Learning rate anneal: inf, 	Tau:  1.0
Algorithm: local reparametrization, 	STE: disabled, 	n forward passes: 1
Var reg: 0.0, 	Dir reg: 0.0, 	Ent reg: 0.0
Data multiplier: None
Gradient clipping: False, 	Gradient clip value: 1.0

Layer #0
output_layer
Layer norm: False, 	LR Adapt: 
Dropout: False, 	p_dropout: 0.95

Layer #1
lstm_1
Layer norm: False, 	LR Adapt: 
Dropout: False, 	p_dropout: 0.95

Layer #2
lstm_0
Layer norm: False, 	LR Adapt: 
Dropout: False, 	p_dropout: 0.95
====================================
RNN configuration

Layer #0, 	Type: input_layer, 	Scope: 
Units: 4, 	N activation bins: None

Layer #1, 	Type: lstm layer, 	Scope: lstm_0
Units: 50, 	N activation bins: None
Bias: True, 	N activation bins: 2, 	Discrete activation: False
Type: ternary, 	Parametetrization: sigmoid, 	Priors: [0.3333333333333333, 0.3333333333333333, 0.3333333333333333]
p_init_min: 0.05, 	p_init_max: 0.95
SB init: ('xavier', None), 	SA init: ('dirichlet', [0.3, 0.3, 0.3])
Type: gaussian, 	M init: ('xavier', None), 	Log V init: ('constant', -9.210340371976182)
M prior: 0.0, 	 Log V prior: 0.0
None
Bias: True, 	N activation bins: 2, 	Discrete activation: False
Type: ternary, 	Parametetrization: sigmoid, 	Priors: [0.3333333333333333, 0.3333333333333333, 0.3333333333333333]
p_init_min: 0.05, 	p_init_max: 0.95
SB init: ('xavier', None), 	SA init: ('dirichlet', [0.3, 0.3, 0.3])
Type: gaussian, 	M init: ('xavier', None), 	Log V init: ('constant', -9.210340371976182)
M prior: 0.0, 	 Log V prior: 0.0
None
Bias: True, 	N activation bins: 2, 	Discrete activation: False
Type: ternary, 	Parametetrization: sigmoid, 	Priors: [0.3333333333333333, 0.3333333333333333, 0.3333333333333333]
p_init_min: 0.05, 	p_init_max: 0.95
SB init: ('xavier', None), 	SA init: ('dirichlet', [0.3, 0.3, 0.3])
Type: gaussian, 	M init: ('constant', -1.5), 	Log V init: ('constant', -9.210340371976182)
M prior: 0.0, 	 Log V prior: 0.0
None

Layer #2, 	Type: lstm layer, 	Scope: lstm_1
Units: 30, 	N activation bins: None
Bias: True, 	N activation bins: 2, 	Discrete activation: False
Type: ternary, 	Parametetrization: sigmoid, 	Priors: [0.3333333333333333, 0.3333333333333333, 0.3333333333333333]
p_init_min: 0.05, 	p_init_max: 0.95
SB init: ('xavier', None), 	SA init: ('dirichlet', [0.3, 0.3, 0.3])
Type: gaussian, 	M init: ('xavier', None), 	Log V init: ('constant', -9.210340371976182)
M prior: 0.0, 	 Log V prior: 0.0
None
Bias: True, 	N activation bins: 2, 	Discrete activation: False
Type: ternary, 	Parametetrization: sigmoid, 	Priors: [0.3333333333333333, 0.3333333333333333, 0.3333333333333333]
p_init_min: 0.05, 	p_init_max: 0.95
SB init: ('xavier', None), 	SA init: ('dirichlet', [0.3, 0.3, 0.3])
Type: gaussian, 	M init: ('xavier', None), 	Log V init: ('constant', -9.210340371976182)
M prior: 0.0, 	 Log V prior: 0.0
None
Bias: True, 	N activation bins: 2, 	Discrete activation: False
Type: ternary, 	Parametetrization: sigmoid, 	Priors: [0.3333333333333333, 0.3333333333333333, 0.3333333333333333]
p_init_min: 0.05, 	p_init_max: 0.95
SB init: ('xavier', None), 	SA init: ('dirichlet', [0.3, 0.3, 0.3])
Type: gaussian, 	M init: ('constant', -1.5), 	Log V init: ('constant', -9.210340371976182)
M prior: 0.0, 	 Log V prior: 0.0
None

Layer #3, 	Type: ff layer, 	Scope: output_layer
Units: 10, 	N activation bins: None
====================================
Dataset configuration

Filename: /clusterFS/home/student/kopp13/datasets/mnist_pen_strokes/mps_all_tr.mat
Key: tr, 	In seq len: 45
Minibatch:  True, 	Size: 1024
Target bias removed: True, 	Shuffle: True

Filename: /clusterFS/home/student/kopp13/datasets/mnist_pen_strokes/mps_all_te.mat
Key: te, 	In seq len: 45
Minibatch:  True, 	Size: 1024
Target bias removed: True, 	Shuffle: False

Filename: /clusterFS/home/student/kopp13/datasets/mnist_pen_strokes/mps_all_va.mat
Key: va, 	In seq len: 45
Minibatch:  True, 	Size: 1024
Target bias removed: True, 	Shuffle: False
====================================
Info configuration

Filename:  test
Timer: False, 	Profiling: False, 	Profiling path: None
Save training metrics: True, 	Path: ../nr_spsc/
Save weights: False, 	Every: 1, 	Save best weights: False
Compute T Metrics every: 1

Load model from m_model1, 	 Force it: True
No model saving

starting
[('lstm_0/bc:0', 'lstm_0/bc'), ('lstm_0/bi:0', 'lstm_0/bi'), ('lstm_0/bo:0', 'lstm_0/bo'), ('lstm_0/wc:0', 'lstm_0/wc'), ('lstm_0/wi:0', 'lstm_0/wi'), ('lstm_0/wo:0', 'lstm_0/wo'), ('lstm_1/bc:0', 'lstm_1/bc'), ('lstm_1/bi:0', 'lstm_1/bi'), ('lstm_1/bo:0', 'lstm_1/bo'), ('lstm_1/wc:0', 'lstm_1/wc'), ('lstm_1/wi:0', 'lstm_1/wi'), ('lstm_1/wo:0', 'lstm_1/wo'), ('output_layer/b:0', 'output_layer/b'), ('output_layer/w:0', 'output_layer/w')]
output_layer/b
output_layer/w
=====
New variable
lstm_0/bc:0
lstm_0/bc
=====
New variable
lstm_0/bi:0
lstm_0/bi
=====
New variable
lstm_0/bo:0
lstm_0/bo
=====
New variable
lstm_0/wc:0
lstm_0/wc
=====
New variable
lstm_0/wi:0
lstm_0/wi
=====
New variable
lstm_0/wo:0
lstm_0/wo
=====
New variable
lstm_1/bc:0
lstm_1/bc
=====
New variable
lstm_1/bi:0
lstm_1/bi
=====
New variable
lstm_1/bo:0
lstm_1/bo
=====
New variable
lstm_1/wc:0
lstm_1/wc
=====
New variable
lstm_1/wi:0
lstm_1/wi
=====
New variable
lstm_1/wo:0
lstm_1/wo
=====
New variable
output_layer/b:0
output_layer/b
=====
New variable
output_layer/w:0
output_layer/w
=====
loaded
  0,  0 | TrAcc: 0.3856, TrLoss:  1.93797, VaAcc: 0.3687, VaLoss:  1.99262
 MAP NN | TrAcc: 0.8599 | VaAcc: 0.8579 | TeAcc: 0.8965
 S NN | TrAcc: 0.3466 | VaAcc: 0.2788 | TeAcc: 0.1997

  1,  0 | TrAcc: 0.8181, TrLoss:  0.60449, VaAcc: 0.8394, VaLoss:  0.55359
 MAP NN | TrAcc: 0.7361 | VaAcc: 0.7661 | TeAcc: 0.5161
 S NN | TrAcc: 0.6387 | VaAcc: 0.8032 | TeAcc: 0.7173

  2,  0 | TrAcc: 0.8809, TrLoss:  0.40362, VaAcc: 0.8867, VaLoss:  0.42079
 MAP NN | TrAcc: 0.8561 | VaAcc: 0.8618 | TeAcc: 0.8979
 S NN | TrAcc: 0.7943 | VaAcc: 0.8584 | TeAcc: 0.8799

  3,  0 | TrAcc: 0.9159, TrLoss:  0.28414, VaAcc: 0.9170, VaLoss:  0.30653
 MAP NN | TrAcc: 0.9022 | VaAcc: 0.9038 | TeAcc: 0.9341
 S NN | TrAcc: 0.8198 | VaAcc: 0.8457 | TeAcc: 0.8809

  4,  0 | TrAcc: 0.9246, TrLoss:  0.26148, VaAcc: 0.9248, VaLoss:  0.28631
 MAP NN | TrAcc: 0.9030 | VaAcc: 0.9082 | TeAcc: 0.9297
 S NN | TrAcc: 0.8135 | VaAcc: 0.8647 | TeAcc: 0.8818

  5,  0 | TrAcc: 0.9316, TrLoss:  0.23139, VaAcc: 0.9302, VaLoss:  0.26827
 MAP NN | TrAcc: 0.9285 | VaAcc: 0.9248 | TeAcc: 0.9492
 S NN | TrAcc: 0.8595 | VaAcc: 0.8110 | TeAcc: 0.9009

  6,  0 | TrAcc: 0.9419, TrLoss:  0.20061, VaAcc: 0.9365, VaLoss:  0.23833
 MAP NN | TrAcc: 0.9265 | VaAcc: 0.9243 | TeAcc: 0.9419
 S NN | TrAcc: 0.9298 | VaAcc: 0.9146 | TeAcc: 0.9053

  7,  0 | TrAcc: 0.9457, TrLoss:  0.18527, VaAcc: 0.9424, VaLoss:  0.22403
 MAP NN | TrAcc: 0.9359 | VaAcc: 0.9326 | TeAcc: 0.9458
 S NN | TrAcc: 0.9097 | VaAcc: 0.9165 | TeAcc: 0.9297

  8,  0 | TrAcc: 0.9502, TrLoss:  0.16931, VaAcc: 0.9429, VaLoss:  0.22046
 MAP NN | TrAcc: 0.9414 | VaAcc: 0.9346 | TeAcc: 0.9580
 S NN | TrAcc: 0.9058 | VaAcc: 0.8901 | TeAcc: 0.9346

  9,  0 | TrAcc: 0.9512, TrLoss:  0.16575, VaAcc: 0.9395, VaLoss:  0.21641
 MAP NN | TrAcc: 0.9529 | VaAcc: 0.9404 | TeAcc: 0.9600
 S NN | TrAcc: 0.8809 | VaAcc: 0.8960 | TeAcc: 0.9355

 10,  0 | TrAcc: 0.9520, TrLoss:  0.15649, VaAcc: 0.9497, VaLoss:  0.20261
 MAP NN | TrAcc: 0.9537 | VaAcc: 0.9404 | TeAcc: 0.9604
 S NN | TrAcc: 0.9170 | VaAcc: 0.9106 | TeAcc: 0.9365

 11,  0 | TrAcc: 0.9569, TrLoss:  0.14658, VaAcc: 0.9526, VaLoss:  0.19059
 MAP NN | TrAcc: 0.9573 | VaAcc: 0.9453 | TeAcc: 0.9653
 S NN | TrAcc: 0.9072 | VaAcc: 0.9380 | TeAcc: 0.9336

 12,  0 | TrAcc: 0.9570, TrLoss:  0.14651, VaAcc: 0.9478, VaLoss:  0.19803
 MAP NN | TrAcc: 0.9556 | VaAcc: 0.9443 | TeAcc: 0.9604
 S NN | TrAcc: 0.9177 | VaAcc: 0.9009 | TeAcc: 0.9487

 13,  0 | TrAcc: 0.9575, TrLoss:  0.14064, VaAcc: 0.9424, VaLoss:  0.20302
 MAP NN | TrAcc: 0.9609 | VaAcc: 0.9521 | TeAcc: 0.9653
 S NN | TrAcc: 0.9144 | VaAcc: 0.9243 | TeAcc: 0.9585

 14,  0 | TrAcc: 0.9631, TrLoss:  0.13103, VaAcc: 0.9468, VaLoss:  0.20247
 MAP NN | TrAcc: 0.9609 | VaAcc: 0.9482 | TeAcc: 0.9614
 S NN | TrAcc: 0.9244 | VaAcc: 0.9126 | TeAcc: 0.9590

 15,  0 | TrAcc: 0.9614, TrLoss:  0.12844, VaAcc: 0.9536, VaLoss:  0.20368
 MAP NN | TrAcc: 0.9647 | VaAcc: 0.9502 | TeAcc: 0.9683
 S NN | TrAcc: 0.9419 | VaAcc: 0.9248 | TeAcc: 0.9482

 16,  0 | TrAcc: 0.9647, TrLoss:  0.11637, VaAcc: 0.9541, VaLoss:  0.19030
 MAP NN | TrAcc: 0.9689 | VaAcc: 0.9551 | TeAcc: 0.9727
 S NN | TrAcc: 0.9340 | VaAcc: 0.9287 | TeAcc: 0.9600

 17,  0 | TrAcc: 0.9656, TrLoss:  0.11363, VaAcc: 0.9497, VaLoss:  0.18812
 MAP NN | TrAcc: 0.9634 | VaAcc: 0.9521 | TeAcc: 0.9600
 S NN | TrAcc: 0.9443 | VaAcc: 0.9316 | TeAcc: 0.9521

 18,  0 | TrAcc: 0.9645, TrLoss:  0.11927, VaAcc: 0.9546, VaLoss:  0.17428
 MAP NN | TrAcc: 0.9675 | VaAcc: 0.9556 | TeAcc: 0.9673
 S NN | TrAcc: 0.9569 | VaAcc: 0.9404 | TeAcc: 0.9575

 19,  0 | TrAcc: 0.9642, TrLoss:  0.11426, VaAcc: 0.9512, VaLoss:  0.18383
 MAP NN | TrAcc: 0.9694 | VaAcc: 0.9570 | TeAcc: 0.9692
 S NN | TrAcc: 0.9476 | VaAcc: 0.9448 | TeAcc: 0.9517

 20,  0 | TrAcc: 0.9662, TrLoss:  0.11218, VaAcc: 0.9546, VaLoss:  0.17282
 MAP NN | TrAcc: 0.9719 | VaAcc: 0.9590 | TeAcc: 0.9692
 S NN | TrAcc: 0.9573 | VaAcc: 0.9492 | TeAcc: 0.9360

 21,  0 | TrAcc: 0.9622, TrLoss:  0.12550, VaAcc: 0.9526, VaLoss:  0.17509
 MAP NN | TrAcc: 0.9636 | VaAcc: 0.9507 | TeAcc: 0.9634
 S NN | TrAcc: 0.9479 | VaAcc: 0.9331 | TeAcc: 0.9590

 22,  0 | TrAcc: 0.9678, TrLoss:  0.11044, VaAcc: 0.9521, VaLoss:  0.17911
 MAP NN | TrAcc: 0.9694 | VaAcc: 0.9585 | TeAcc: 0.9678
 S NN | TrAcc: 0.9540 | VaAcc: 0.9453 | TeAcc: 0.9492

 23,  0 | TrAcc: 0.9662, TrLoss:  0.11089, VaAcc: 0.9570, VaLoss:  0.18099
 MAP NN | TrAcc: 0.9679 | VaAcc: 0.9595 | TeAcc: 0.9653
 S NN | TrAcc: 0.9436 | VaAcc: 0.9272 | TeAcc: 0.9590

 24,  0 | TrAcc: 0.9637, TrLoss:  0.11768, VaAcc: 0.9546, VaLoss:  0.18043
 MAP NN | TrAcc: 0.9701 | VaAcc: 0.9575 | TeAcc: 0.9692
 S NN | TrAcc: 0.9083 | VaAcc: 0.9463 | TeAcc: 0.9663

 25,  0 | TrAcc: 0.9673, TrLoss:  0.10607, VaAcc: 0.9517, VaLoss:  0.17567
 MAP NN | TrAcc: 0.9705 | VaAcc: 0.9517 | TeAcc: 0.9673
 S NN | TrAcc: 0.9523 | VaAcc: 0.9287 | TeAcc: 0.9526

 26,  0 | TrAcc: 0.9711, TrLoss:  0.09512, VaAcc: 0.9565, VaLoss:  0.17210
 MAP NN | TrAcc: 0.9753 | VaAcc: 0.9600 | TeAcc: 0.9707
 S NN | TrAcc: 0.9534 | VaAcc: 0.9502 | TeAcc: 0.9648

 27,  0 | TrAcc: 0.9708, TrLoss:  0.09340, VaAcc: 0.9546, VaLoss:  0.15637
 MAP NN | TrAcc: 0.9788 | VaAcc: 0.9658 | TeAcc: 0.9697
 S NN | TrAcc: 0.9604 | VaAcc: 0.9380 | TeAcc: 0.9639

 28,  0 | TrAcc: 0.9736, TrLoss:  0.09248, VaAcc: 0.9575, VaLoss:  0.15840
 MAP NN | TrAcc: 0.9763 | VaAcc: 0.9614 | TeAcc: 0.9658
 S NN | TrAcc: 0.9617 | VaAcc: 0.9546 | TeAcc: 0.9663

 29,  0 | TrAcc: 0.9733, TrLoss:  0.09095, VaAcc: 0.9614, VaLoss:  0.16054
 MAP NN | TrAcc: 0.9752 | VaAcc: 0.9565 | TeAcc: 0.9712
 S NN | TrAcc: 0.9620 | VaAcc: 0.9375 | TeAcc: 0.9595

 30,  0 | TrAcc: 0.9733, TrLoss:  0.09058, VaAcc: 0.9565, VaLoss:  0.15620
 MAP NN | TrAcc: 0.9749 | VaAcc: 0.9604 | TeAcc: 0.9736
 S NN | TrAcc: 0.9583 | VaAcc: 0.9429 | TeAcc: 0.9502

 31,  0 | TrAcc: 0.9758, TrLoss:  0.08337, VaAcc: 0.9541, VaLoss:  0.16387
 MAP NN | TrAcc: 0.9772 | VaAcc: 0.9600 | TeAcc: 0.9727
 S NN | TrAcc: 0.9598 | VaAcc: 0.9458 | TeAcc: 0.9683

 32,  0 | TrAcc: 0.9738, TrLoss:  0.08924, VaAcc: 0.9600, VaLoss:  0.16137
 MAP NN | TrAcc: 0.9750 | VaAcc: 0.9561 | TeAcc: 0.9697
 S NN | TrAcc: 0.9548 | VaAcc: 0.9443 | TeAcc: 0.9634

 33,  0 | TrAcc: 0.9742, TrLoss:  0.08232, VaAcc: 0.9541, VaLoss:  0.17821
 MAP NN | TrAcc: 0.9774 | VaAcc: 0.9575 | TeAcc: 0.9717
 S NN | TrAcc: 0.9596 | VaAcc: 0.9443 | TeAcc: 0.9658

 34,  0 | TrAcc: 0.9760, TrLoss:  0.07884, VaAcc: 0.9595, VaLoss:  0.15975
 MAP NN | TrAcc: 0.9791 | VaAcc: 0.9600 | TeAcc: 0.9727
 S NN | TrAcc: 0.9631 | VaAcc: 0.9468 | TeAcc: 0.9673

 35,  0 | TrAcc: 0.9762, TrLoss:  0.07846, VaAcc: 0.9565, VaLoss:  0.16323
 MAP NN | TrAcc: 0.9819 | VaAcc: 0.9619 | TeAcc: 0.9756
 S NN | TrAcc: 0.9565 | VaAcc: 0.9502 | TeAcc: 0.9468

 36,  0 | TrAcc: 0.9740, TrLoss:  0.08739, VaAcc: 0.9551, VaLoss:  0.16677
 MAP NN | TrAcc: 0.9769 | VaAcc: 0.9570 | TeAcc: 0.9736
 S NN | TrAcc: 0.9554 | VaAcc: 0.9492 | TeAcc: 0.9688

 37,  0 | TrAcc: 0.9796, TrLoss:  0.07029, VaAcc: 0.9604, VaLoss:  0.16295
 MAP NN | TrAcc: 0.9822 | VaAcc: 0.9575 | TeAcc: 0.9712
 S NN | TrAcc: 0.9694 | VaAcc: 0.9463 | TeAcc: 0.9634

 38,  0 | TrAcc: 0.9750, TrLoss:  0.08145, VaAcc: 0.9575, VaLoss:  0.16209
 MAP NN | TrAcc: 0.9796 | VaAcc: 0.9536 | TeAcc: 0.9727
 S NN | TrAcc: 0.9656 | VaAcc: 0.9492 | TeAcc: 0.9609

 39,  0 | TrAcc: 0.9741, TrLoss:  0.08348, VaAcc: 0.9507, VaLoss:  0.17761
 MAP NN | TrAcc: 0.9790 | VaAcc: 0.9575 | TeAcc: 0.9751
 S NN | TrAcc: 0.9615 | VaAcc: 0.9434 | TeAcc: 0.9692

 40,  0 | TrAcc: 0.9752, TrLoss:  0.07609, VaAcc: 0.9600, VaLoss:  0.16589
 MAP NN | TrAcc: 0.9762 | VaAcc: 0.9565 | TeAcc: 0.9692
 S NN | TrAcc: 0.9613 | VaAcc: 0.9624 | TeAcc: 0.9653

 41,  0 | TrAcc: 0.9789, TrLoss:  0.06911, VaAcc: 0.9585, VaLoss:  0.16702
 MAP NN | TrAcc: 0.9813 | VaAcc: 0.9604 | TeAcc: 0.9722
 S NN | TrAcc: 0.9655 | VaAcc: 0.9487 | TeAcc: 0.9678

 42,  0 | TrAcc: 0.9801, TrLoss:  0.07277, VaAcc: 0.9521, VaLoss:  0.18056
 MAP NN | TrAcc: 0.9780 | VaAcc: 0.9639 | TeAcc: 0.9741
 S NN | TrAcc: 0.9628 | VaAcc: 0.9360 | TeAcc: 0.9688

 43,  0 | TrAcc: 0.9790, TrLoss:  0.07019, VaAcc: 0.9634, VaLoss:  0.15333
 MAP NN | TrAcc: 0.9799 | VaAcc: 0.9604 | TeAcc: 0.9722
 S NN | TrAcc: 0.9652 | VaAcc: 0.9502 | TeAcc: 0.9639

 44,  0 | TrAcc: 0.9777, TrLoss:  0.07414, VaAcc: 0.9609, VaLoss:  0.15836
 MAP NN | TrAcc: 0.9780 | VaAcc: 0.9600 | TeAcc: 0.9688
 S NN | TrAcc: 0.9484 | VaAcc: 0.9478 | TeAcc: 0.9688

 45,  0 | TrAcc: 0.9805, TrLoss:  0.06458, VaAcc: 0.9619, VaLoss:  0.16214
 MAP NN | TrAcc: 0.9829 | VaAcc: 0.9600 | TeAcc: 0.9761
 S NN | TrAcc: 0.9751 | VaAcc: 0.9521 | TeAcc: 0.9692

 46,  0 | TrAcc: 0.9812, TrLoss:  0.06582, VaAcc: 0.9526, VaLoss:  0.17625
 MAP NN | TrAcc: 0.9801 | VaAcc: 0.9575 | TeAcc: 0.9692
 S NN | TrAcc: 0.9735 | VaAcc: 0.9502 | TeAcc: 0.9624

 47,  0 | TrAcc: 0.9807, TrLoss:  0.06545, VaAcc: 0.9629, VaLoss:  0.15953
 MAP NN | TrAcc: 0.9827 | VaAcc: 0.9551 | TeAcc: 0.9731
 S NN | TrAcc: 0.9777 | VaAcc: 0.9429 | TeAcc: 0.9668

 48,  0 | TrAcc: 0.9811, TrLoss:  0.06152, VaAcc: 0.9604, VaLoss:  0.16048
 MAP NN | TrAcc: 0.9800 | VaAcc: 0.9556 | TeAcc: 0.9722
 S NN | TrAcc: 0.9709 | VaAcc: 0.9531 | TeAcc: 0.9658

 49,  0 | TrAcc: 0.9832, TrLoss:  0.05950, VaAcc: 0.9561, VaLoss:  0.16994
 MAP NN | TrAcc: 0.9846 | VaAcc: 0.9609 | TeAcc: 0.9751
 S NN | TrAcc: 0.9705 | VaAcc: 0.9526 | TeAcc: 0.9736

 50,  0 | TrAcc: 0.9795, TrLoss:  0.06758, VaAcc: 0.9590, VaLoss:  0.15329
 MAP NN | TrAcc: 0.9830 | VaAcc: 0.9595 | TeAcc: 0.9722
 S NN | TrAcc: 0.9697 | VaAcc: 0.9517 | TeAcc: 0.9629

 51,  0 | TrAcc: 0.9821, TrLoss:  0.05783, VaAcc: 0.9629, VaLoss:  0.15965
 MAP NN | TrAcc: 0.9850 | VaAcc: 0.9595 | TeAcc: 0.9736
 S NN | TrAcc: 0.9797 | VaAcc: 0.9473 | TeAcc: 0.9717

 52,  0 | TrAcc: 0.9797, TrLoss:  0.06388, VaAcc: 0.9551, VaLoss:  0.16768
 MAP NN | TrAcc: 0.9851 | VaAcc: 0.9595 | TeAcc: 0.9746
 S NN | TrAcc: 0.9739 | VaAcc: 0.9604 | TeAcc: 0.9717

 53,  0 | TrAcc: 0.9823, TrLoss:  0.05970, VaAcc: 0.9565, VaLoss:  0.16615
 MAP NN | TrAcc: 0.9854 | VaAcc: 0.9570 | TeAcc: 0.9731
 S NN | TrAcc: 0.9758 | VaAcc: 0.9546 | TeAcc: 0.9722

 54,  0 | TrAcc: 0.9844, TrLoss:  0.05442, VaAcc: 0.9609, VaLoss:  0.16026
 MAP NN | TrAcc: 0.9847 | VaAcc: 0.9624 | TeAcc: 0.9741
 S NN | TrAcc: 0.9773 | VaAcc: 0.9585 | TeAcc: 0.9746

 55,  0 | TrAcc: 0.9816, TrLoss:  0.05841, VaAcc: 0.9624, VaLoss:  0.15521
 MAP NN | TrAcc: 0.9856 | VaAcc: 0.9644 | TeAcc: 0.9702
 S NN | TrAcc: 0.9761 | VaAcc: 0.9561 | TeAcc: 0.9702

 56,  0 | TrAcc: 0.9807, TrLoss:  0.06040, VaAcc: 0.9604, VaLoss:  0.16042
 MAP NN | TrAcc: 0.9863 | VaAcc: 0.9634 | TeAcc: 0.9712
 S NN | TrAcc: 0.9742 | VaAcc: 0.9521 | TeAcc: 0.9766

 57,  0 | TrAcc: 0.9844, TrLoss:  0.05576, VaAcc: 0.9570, VaLoss:  0.17580
 MAP NN | TrAcc: 0.9819 | VaAcc: 0.9619 | TeAcc: 0.9756
 S NN | TrAcc: 0.9773 | VaAcc: 0.9478 | TeAcc: 0.9741

 58,  0 | TrAcc: 0.9840, TrLoss:  0.05514, VaAcc: 0.9595, VaLoss:  0.15436
 MAP NN | TrAcc: 0.9862 | VaAcc: 0.9556 | TeAcc: 0.9746
 S NN | TrAcc: 0.9756 | VaAcc: 0.9551 | TeAcc: 0.9717

 59,  0 | TrAcc: 0.9857, TrLoss:  0.05060, VaAcc: 0.9600, VaLoss:  0.16232
 MAP NN | TrAcc: 0.9851 | VaAcc: 0.9570 | TeAcc: 0.9731
 S NN | TrAcc: 0.9850 | VaAcc: 0.9570 | TeAcc: 0.9668

 60,  0 | TrAcc: 0.9863, TrLoss:  0.04840, VaAcc: 0.9629, VaLoss:  0.15945
 MAP NN | TrAcc: 0.9897 | VaAcc: 0.9614 | TeAcc: 0.9731
 S NN | TrAcc: 0.9819 | VaAcc: 0.9585 | TeAcc: 0.9697

 61,  0 | TrAcc: 0.9863, TrLoss:  0.04694, VaAcc: 0.9595, VaLoss:  0.14959
 MAP NN | TrAcc: 0.9883 | VaAcc: 0.9648 | TeAcc: 0.9761
 S NN | TrAcc: 0.9747 | VaAcc: 0.9497 | TeAcc: 0.9697

 62,  0 | TrAcc: 0.9860, TrLoss:  0.04953, VaAcc: 0.9609, VaLoss:  0.15161
 MAP NN | TrAcc: 0.9878 | VaAcc: 0.9600 | TeAcc: 0.9751
 S NN | TrAcc: 0.9784 | VaAcc: 0.9561 | TeAcc: 0.9741

 63,  0 | TrAcc: 0.9852, TrLoss:  0.05079, VaAcc: 0.9624, VaLoss:  0.14938
 MAP NN | TrAcc: 0.9872 | VaAcc: 0.9619 | TeAcc: 0.9741
 S NN | TrAcc: 0.9769 | VaAcc: 0.9561 | TeAcc: 0.9731

 64,  0 | TrAcc: 0.9854, TrLoss:  0.04595, VaAcc: 0.9595, VaLoss:  0.16340
 MAP NN | TrAcc: 0.9878 | VaAcc: 0.9619 | TeAcc: 0.9717
 S NN | TrAcc: 0.9789 | VaAcc: 0.9570 | TeAcc: 0.9736

 65,  0 | TrAcc: 0.9865, TrLoss:  0.04718, VaAcc: 0.9609, VaLoss:  0.16742
 MAP NN | TrAcc: 0.9899 | VaAcc: 0.9604 | TeAcc: 0.9756
 S NN | TrAcc: 0.9802 | VaAcc: 0.9590 | TeAcc: 0.9692

 66,  0 | TrAcc: 0.9869, TrLoss:  0.04499, VaAcc: 0.9565, VaLoss:  0.16693
 MAP NN | TrAcc: 0.9882 | VaAcc: 0.9561 | TeAcc: 0.9712
 S NN | TrAcc: 0.9841 | VaAcc: 0.9517 | TeAcc: 0.9697

 67,  0 | TrAcc: 0.9885, TrLoss:  0.04322, VaAcc: 0.9639, VaLoss:  0.16398
 MAP NN | TrAcc: 0.9889 | VaAcc: 0.9658 | TeAcc: 0.9761
 S NN | TrAcc: 0.9824 | VaAcc: 0.9565 | TeAcc: 0.9731

 68,  0 | TrAcc: 0.9872, TrLoss:  0.04651, VaAcc: 0.9600, VaLoss:  0.15588
 MAP NN | TrAcc: 0.9900 | VaAcc: 0.9624 | TeAcc: 0.9751
 S NN | TrAcc: 0.9823 | VaAcc: 0.9619 | TeAcc: 0.9756

 69,  0 | TrAcc: 0.9835, TrLoss:  0.05323, VaAcc: 0.9585, VaLoss:  0.16704
 MAP NN | TrAcc: 0.9874 | VaAcc: 0.9604 | TeAcc: 0.9736
 S NN | TrAcc: 0.9817 | VaAcc: 0.9600 | TeAcc: 0.9722

 70,  0 | TrAcc: 0.9858, TrLoss:  0.04730, VaAcc: 0.9585, VaLoss:  0.16002
 MAP NN | TrAcc: 0.9895 | VaAcc: 0.9609 | TeAcc: 0.9766
 S NN | TrAcc: 0.9849 | VaAcc: 0.9575 | TeAcc: 0.9717

 71,  0 | TrAcc: 0.9878, TrLoss:  0.04456, VaAcc: 0.9644, VaLoss:  0.15042
 MAP NN | TrAcc: 0.9891 | VaAcc: 0.9590 | TeAcc: 0.9761
 S NN | TrAcc: 0.9797 | VaAcc: 0.9551 | TeAcc: 0.9731

 72,  0 | TrAcc: 0.9854, TrLoss:  0.04843, VaAcc: 0.9565, VaLoss:  0.17111
 MAP NN | TrAcc: 0.9869 | VaAcc: 0.9536 | TeAcc: 0.9727
 S NN | TrAcc: 0.9835 | VaAcc: 0.9590 | TeAcc: 0.9707

 73,  0 | TrAcc: 0.9875, TrLoss:  0.04438, VaAcc: 0.9600, VaLoss:  0.15313
 MAP NN | TrAcc: 0.9894 | VaAcc: 0.9614 | TeAcc: 0.9746
 S NN | TrAcc: 0.9806 | VaAcc: 0.9565 | TeAcc: 0.9707

 74,  0 | TrAcc: 0.9877, TrLoss:  0.04338, VaAcc: 0.9619, VaLoss:  0.15320
 MAP NN | TrAcc: 0.9886 | VaAcc: 0.9570 | TeAcc: 0.9727
 S NN | TrAcc: 0.9829 | VaAcc: 0.9561 | TeAcc: 0.9697

 75,  0 | TrAcc: 0.9878, TrLoss:  0.04132, VaAcc: 0.9604, VaLoss:  0.17225
 MAP NN | TrAcc: 0.9899 | VaAcc: 0.9590 | TeAcc: 0.9736
 S NN | TrAcc: 0.9835 | VaAcc: 0.9556 | TeAcc: 0.9727

 76,  0 | TrAcc: 0.9884, TrLoss:  0.04223, VaAcc: 0.9619, VaLoss:  0.15041
 MAP NN | TrAcc: 0.9904 | VaAcc: 0.9609 | TeAcc: 0.9751
 S NN | TrAcc: 0.9812 | VaAcc: 0.9595 | TeAcc: 0.9722

 77,  0 | TrAcc: 0.9877, TrLoss:  0.04127, VaAcc: 0.9600, VaLoss:  0.16745
 MAP NN | TrAcc: 0.9899 | VaAcc: 0.9580 | TeAcc: 0.9751
 S NN | TrAcc: 0.9830 | VaAcc: 0.9507 | TeAcc: 0.9727

 78,  0 | TrAcc: 0.9886, TrLoss:  0.04091, VaAcc: 0.9639, VaLoss:  0.15726
 MAP NN | TrAcc: 0.9904 | VaAcc: 0.9609 | TeAcc: 0.9756
 S NN | TrAcc: 0.9803 | VaAcc: 0.9619 | TeAcc: 0.9707

 79,  0 | TrAcc: 0.9879, TrLoss:  0.03899, VaAcc: 0.9609, VaLoss:  0.15219
 MAP NN | TrAcc: 0.9910 | VaAcc: 0.9619 | TeAcc: 0.9741
 S NN | TrAcc: 0.9850 | VaAcc: 0.9565 | TeAcc: 0.9712

 80,  0 | TrAcc: 0.9888, TrLoss:  0.04064, VaAcc: 0.9570, VaLoss:  0.16519
 MAP NN | TrAcc: 0.9896 | VaAcc: 0.9590 | TeAcc: 0.9751
 S NN | TrAcc: 0.9857 | VaAcc: 0.9551 | TeAcc: 0.9736

 81,  0 | TrAcc: 0.9897, TrLoss:  0.03824, VaAcc: 0.9634, VaLoss:  0.15372
 MAP NN | TrAcc: 0.9905 | VaAcc: 0.9590 | TeAcc: 0.9746
 S NN | TrAcc: 0.9849 | VaAcc: 0.9570 | TeAcc: 0.9722

 82,  0 | TrAcc: 0.9905, TrLoss:  0.03583, VaAcc: 0.9556, VaLoss:  0.16856
 MAP NN | TrAcc: 0.9922 | VaAcc: 0.9551 | TeAcc: 0.9746
 S NN | TrAcc: 0.9867 | VaAcc: 0.9565 | TeAcc: 0.9736

 83,  0 | TrAcc: 0.9897, TrLoss:  0.03600, VaAcc: 0.9653, VaLoss:  0.14998
 MAP NN | TrAcc: 0.9915 | VaAcc: 0.9614 | TeAcc: 0.9741
 S NN | TrAcc: 0.9873 | VaAcc: 0.9595 | TeAcc: 0.9736

 84,  0 | TrAcc: 0.9885, TrLoss:  0.04079, VaAcc: 0.9619, VaLoss:  0.15392
 MAP NN | TrAcc: 0.9895 | VaAcc: 0.9619 | TeAcc: 0.9741
 S NN | TrAcc: 0.9856 | VaAcc: 0.9561 | TeAcc: 0.9717

 85,  0 | TrAcc: 0.9865, TrLoss:  0.04393, VaAcc: 0.9604, VaLoss:  0.16349
 MAP NN | TrAcc: 0.9908 | VaAcc: 0.9619 | TeAcc: 0.9746
 S NN | TrAcc: 0.9871 | VaAcc: 0.9595 | TeAcc: 0.9688

 86,  0 | TrAcc: 0.9913, TrLoss:  0.03346, VaAcc: 0.9629, VaLoss:  0.15687
 MAP NN | TrAcc: 0.9915 | VaAcc: 0.9614 | TeAcc: 0.9717
 S NN | TrAcc: 0.9855 | VaAcc: 0.9595 | TeAcc: 0.9707

 87,  0 | TrAcc: 0.9897, TrLoss:  0.03665, VaAcc: 0.9565, VaLoss:  0.17330
 MAP NN | TrAcc: 0.9918 | VaAcc: 0.9570 | TeAcc: 0.9751
 S NN | TrAcc: 0.9879 | VaAcc: 0.9556 | TeAcc: 0.9736

 88,  0 | TrAcc: 0.9882, TrLoss:  0.03792, VaAcc: 0.9600, VaLoss:  0.16832
 MAP NN | TrAcc: 0.9885 | VaAcc: 0.9536 | TeAcc: 0.9741
 S NN | TrAcc: 0.9878 | VaAcc: 0.9541 | TeAcc: 0.9746

 89,  0 | TrAcc: 0.9855, TrLoss:  0.05100, VaAcc: 0.9546, VaLoss:  0.18770
 MAP NN | TrAcc: 0.9860 | VaAcc: 0.9521 | TeAcc: 0.9741
 S NN | TrAcc: 0.9794 | VaAcc: 0.9458 | TeAcc: 0.9722

 90,  0 | TrAcc: 0.9839, TrLoss:  0.04602, VaAcc: 0.9600, VaLoss:  0.17063
 MAP NN | TrAcc: 0.9885 | VaAcc: 0.9580 | TeAcc: 0.9741
 S NN | TrAcc: 0.9773 | VaAcc: 0.9521 | TeAcc: 0.9692

 91,  0 | TrAcc: 0.9893, TrLoss:  0.03760, VaAcc: 0.9570, VaLoss:  0.17837
 MAP NN | TrAcc: 0.9906 | VaAcc: 0.9561 | TeAcc: 0.9746
 S NN | TrAcc: 0.9855 | VaAcc: 0.9531 | TeAcc: 0.9707

 92,  0 | TrAcc: 0.9897, TrLoss:  0.03292, VaAcc: 0.9556, VaLoss:  0.17113
 MAP NN | TrAcc: 0.9927 | VaAcc: 0.9595 | TeAcc: 0.9756
 S NN | TrAcc: 0.9883 | VaAcc: 0.9590 | TeAcc: 0.9731

 93,  0 | TrAcc: 0.9905, TrLoss:  0.03404, VaAcc: 0.9595, VaLoss:  0.16224
 MAP NN | TrAcc: 0.9919 | VaAcc: 0.9561 | TeAcc: 0.9727
 S NN | TrAcc: 0.9856 | VaAcc: 0.9517 | TeAcc: 0.9697

 94,  0 | TrAcc: 0.9884, TrLoss:  0.03815, VaAcc: 0.9600, VaLoss:  0.16109
 MAP NN | TrAcc: 0.9897 | VaAcc: 0.9609 | TeAcc: 0.9751
 S NN | TrAcc: 0.9866 | VaAcc: 0.9639 | TeAcc: 0.9731

 95,  0 | TrAcc: 0.9911, TrLoss:  0.03191, VaAcc: 0.9629, VaLoss:  0.15651
 MAP NN | TrAcc: 0.9927 | VaAcc: 0.9609 | TeAcc: 0.9751
 S NN | TrAcc: 0.9869 | VaAcc: 0.9595 | TeAcc: 0.9741

 96,  0 | TrAcc: 0.9880, TrLoss:  0.03823, VaAcc: 0.9575, VaLoss:  0.16573
 MAP NN | TrAcc: 0.9912 | VaAcc: 0.9546 | TeAcc: 0.9727
 S NN | TrAcc: 0.9808 | VaAcc: 0.9590 | TeAcc: 0.9712

 97,  0 | TrAcc: 0.9886, TrLoss:  0.03853, VaAcc: 0.9600, VaLoss:  0.17361
 MAP NN | TrAcc: 0.9901 | VaAcc: 0.9604 | TeAcc: 0.9756
 S NN | TrAcc: 0.9883 | VaAcc: 0.9600 | TeAcc: 0.9727

 98,  0 | TrAcc: 0.9908, TrLoss:  0.03212, VaAcc: 0.9609, VaLoss:  0.16860
 MAP NN | TrAcc: 0.9922 | VaAcc: 0.9624 | TeAcc: 0.9751
 S NN | TrAcc: 0.9902 | VaAcc: 0.9575 | TeAcc: 0.9736

 99,  0 | TrAcc: 0.9908, TrLoss:  0.03507, VaAcc: 0.9590, VaLoss:  0.16788
 MAP NN | TrAcc: 0.9930 | VaAcc: 0.9644 | TeAcc: 0.9756
 S NN | TrAcc: 0.9901 | VaAcc: 0.9609 | TeAcc: 0.9736

100,  0 | TrAcc: 0.9838, TrLoss:  0.04983, VaAcc: 0.9546, VaLoss:  0.17343
 MAP NN | TrAcc: 0.9852 | VaAcc: 0.9556 | TeAcc: 0.9717
 S NN | TrAcc: 0.9852 | VaAcc: 0.9531 | TeAcc: 0.9692

101,  0 | TrAcc: 0.9905, TrLoss:  0.03281, VaAcc: 0.9580, VaLoss:  0.17020
 MAP NN | TrAcc: 0.9922 | VaAcc: 0.9634 | TeAcc: 0.9771
 S NN | TrAcc: 0.9871 | VaAcc: 0.9614 | TeAcc: 0.9736

102,  0 | TrAcc: 0.9907, TrLoss:  0.03370, VaAcc: 0.9556, VaLoss:  0.17294
 MAP NN | TrAcc: 0.9921 | VaAcc: 0.9604 | TeAcc: 0.9736
 S NN | TrAcc: 0.9869 | VaAcc: 0.9536 | TeAcc: 0.9707

103,  0 | TrAcc: 0.9922, TrLoss:  0.02818, VaAcc: 0.9639, VaLoss:  0.15199
 MAP NN | TrAcc: 0.9938 | VaAcc: 0.9629 | TeAcc: 0.9736
 S NN | TrAcc: 0.9918 | VaAcc: 0.9600 | TeAcc: 0.9712

104,  0 | TrAcc: 0.9899, TrLoss:  0.03444, VaAcc: 0.9585, VaLoss:  0.16856
 MAP NN | TrAcc: 0.9917 | VaAcc: 0.9575 | TeAcc: 0.9741
 S NN | TrAcc: 0.9858 | VaAcc: 0.9580 | TeAcc: 0.9727

105,  0 | TrAcc: 0.9916, TrLoss:  0.03254, VaAcc: 0.9648, VaLoss:  0.14726
 MAP NN | TrAcc: 0.9919 | VaAcc: 0.9658 | TeAcc: 0.9746
 S NN | TrAcc: 0.9905 | VaAcc: 0.9668 | TeAcc: 0.9756

106,  0 | TrAcc: 0.9917, TrLoss:  0.02888, VaAcc: 0.9629, VaLoss:  0.15941
 MAP NN | TrAcc: 0.9937 | VaAcc: 0.9629 | TeAcc: 0.9727
 S NN | TrAcc: 0.9888 | VaAcc: 0.9580 | TeAcc: 0.9692

107,  0 | TrAcc: 0.9911, TrLoss:  0.03360, VaAcc: 0.9570, VaLoss:  0.17817
 MAP NN | TrAcc: 0.9919 | VaAcc: 0.9590 | TeAcc: 0.9761
 S NN | TrAcc: 0.9894 | VaAcc: 0.9536 | TeAcc: 0.9736

108,  0 | TrAcc: 0.9912, TrLoss:  0.03046, VaAcc: 0.9565, VaLoss:  0.17513
 MAP NN | TrAcc: 0.9941 | VaAcc: 0.9624 | TeAcc: 0.9736
 S NN | TrAcc: 0.9897 | VaAcc: 0.9590 | TeAcc: 0.9712

109,  0 | TrAcc: 0.9908, TrLoss:  0.03348, VaAcc: 0.9531, VaLoss:  0.17620
 MAP NN | TrAcc: 0.9926 | VaAcc: 0.9570 | TeAcc: 0.9736
 S NN | TrAcc: 0.9900 | VaAcc: 0.9521 | TeAcc: 0.9692

110,  0 | TrAcc: 0.9904, TrLoss:  0.03451, VaAcc: 0.9580, VaLoss:  0.15967
 MAP NN | TrAcc: 0.9911 | VaAcc: 0.9546 | TeAcc: 0.9702
 S NN | TrAcc: 0.9893 | VaAcc: 0.9604 | TeAcc: 0.9678

111,  0 | TrAcc: 0.9896, TrLoss:  0.03278, VaAcc: 0.9609, VaLoss:  0.16546
 MAP NN | TrAcc: 0.9913 | VaAcc: 0.9619 | TeAcc: 0.9766
 S NN | TrAcc: 0.9912 | VaAcc: 0.9604 | TeAcc: 0.9736

112,  0 | TrAcc: 0.9910, TrLoss:  0.02839, VaAcc: 0.9595, VaLoss:  0.15980
 MAP NN | TrAcc: 0.9923 | VaAcc: 0.9619 | TeAcc: 0.9771
 S NN | TrAcc: 0.9897 | VaAcc: 0.9619 | TeAcc: 0.9751

113,  0 | TrAcc: 0.9913, TrLoss:  0.02778, VaAcc: 0.9663, VaLoss:  0.15834
 MAP NN | TrAcc: 0.9943 | VaAcc: 0.9663 | TeAcc: 0.9727
 S NN | TrAcc: 0.9906 | VaAcc: 0.9624 | TeAcc: 0.9756

114,  0 | TrAcc: 0.9923, TrLoss:  0.02745, VaAcc: 0.9629, VaLoss:  0.16633
 MAP NN | TrAcc: 0.9933 | VaAcc: 0.9600 | TeAcc: 0.9766
 S NN | TrAcc: 0.9883 | VaAcc: 0.9604 | TeAcc: 0.9766

115,  0 | TrAcc: 0.9924, TrLoss:  0.02582, VaAcc: 0.9575, VaLoss:  0.16827
 MAP NN | TrAcc: 0.9948 | VaAcc: 0.9619 | TeAcc: 0.9751
 S NN | TrAcc: 0.9913 | VaAcc: 0.9600 | TeAcc: 0.9731

116,  0 | TrAcc: 0.9913, TrLoss:  0.02790, VaAcc: 0.9644, VaLoss:  0.16207
 MAP NN | TrAcc: 0.9906 | VaAcc: 0.9609 | TeAcc: 0.9746
 S NN | TrAcc: 0.9894 | VaAcc: 0.9600 | TeAcc: 0.9722

117,  0 | TrAcc: 0.9913, TrLoss:  0.02957, VaAcc: 0.9600, VaLoss:  0.17024
 MAP NN | TrAcc: 0.9939 | VaAcc: 0.9639 | TeAcc: 0.9761
 S NN | TrAcc: 0.9900 | VaAcc: 0.9595 | TeAcc: 0.9751

118,  0 | TrAcc: 0.9901, TrLoss:  0.03085, VaAcc: 0.9604, VaLoss:  0.17160
 MAP NN | TrAcc: 0.9924 | VaAcc: 0.9614 | TeAcc: 0.9756
 S NN | TrAcc: 0.9907 | VaAcc: 0.9595 | TeAcc: 0.9717

119,  0 | TrAcc: 0.9917, TrLoss:  0.02789, VaAcc: 0.9634, VaLoss:  0.15521
 MAP NN | TrAcc: 0.9937 | VaAcc: 0.9624 | TeAcc: 0.9756
 S NN | TrAcc: 0.9923 | VaAcc: 0.9619 | TeAcc: 0.9678

120,  0 | TrAcc: 0.9923, TrLoss:  0.02700, VaAcc: 0.9575, VaLoss:  0.17565
 MAP NN | TrAcc: 0.9940 | VaAcc: 0.9590 | TeAcc: 0.9727
 S NN | TrAcc: 0.9918 | VaAcc: 0.9551 | TeAcc: 0.9692

121,  0 | TrAcc: 0.9940, TrLoss:  0.02150, VaAcc: 0.9653, VaLoss:  0.15913
 MAP NN | TrAcc: 0.9945 | VaAcc: 0.9678 | TeAcc: 0.9766
 S NN | TrAcc: 0.9922 | VaAcc: 0.9634 | TeAcc: 0.9731

122,  0 | TrAcc: 0.9927, TrLoss:  0.02564, VaAcc: 0.9575, VaLoss:  0.17597
 MAP NN | TrAcc: 0.9944 | VaAcc: 0.9624 | TeAcc: 0.9731
 S NN | TrAcc: 0.9924 | VaAcc: 0.9590 | TeAcc: 0.9702

123,  0 | TrAcc: 0.9952, TrLoss:  0.02258, VaAcc: 0.9624, VaLoss:  0.16755
 MAP NN | TrAcc: 0.9950 | VaAcc: 0.9624 | TeAcc: 0.9766
 S NN | TrAcc: 0.9922 | VaAcc: 0.9580 | TeAcc: 0.9707

124,  0 | TrAcc: 0.9943, TrLoss:  0.02313, VaAcc: 0.9619, VaLoss:  0.16527
 MAP NN | TrAcc: 0.9946 | VaAcc: 0.9624 | TeAcc: 0.9741
 S NN | TrAcc: 0.9921 | VaAcc: 0.9609 | TeAcc: 0.9717

125,  0 | TrAcc: 0.9940, TrLoss:  0.02366, VaAcc: 0.9614, VaLoss:  0.16515
 MAP NN | TrAcc: 0.9943 | VaAcc: 0.9604 | TeAcc: 0.9746
 S NN | TrAcc: 0.9923 | VaAcc: 0.9604 | TeAcc: 0.9731

126,  0 | TrAcc: 0.9940, TrLoss:  0.02203, VaAcc: 0.9648, VaLoss:  0.15844
 MAP NN | TrAcc: 0.9946 | VaAcc: 0.9614 | TeAcc: 0.9761
 S NN | TrAcc: 0.9941 | VaAcc: 0.9585 | TeAcc: 0.9722

127,  0 | TrAcc: 0.9950, TrLoss:  0.02049, VaAcc: 0.9609, VaLoss:  0.17030
 MAP NN | TrAcc: 0.9951 | VaAcc: 0.9614 | TeAcc: 0.9727
 S NN | TrAcc: 0.9948 | VaAcc: 0.9614 | TeAcc: 0.9736

128,  0 | TrAcc: 0.9933, TrLoss:  0.02269, VaAcc: 0.9634, VaLoss:  0.16467
 MAP NN | TrAcc: 0.9945 | VaAcc: 0.9604 | TeAcc: 0.9775
 S NN | TrAcc: 0.9926 | VaAcc: 0.9644 | TeAcc: 0.9746

129,  0 | TrAcc: 0.9928, TrLoss:  0.02256, VaAcc: 0.9639, VaLoss:  0.16768
 MAP NN | TrAcc: 0.9940 | VaAcc: 0.9614 | TeAcc: 0.9741
 S NN | TrAcc: 0.9917 | VaAcc: 0.9604 | TeAcc: 0.9707

130,  0 | TrAcc: 0.9917, TrLoss:  0.02766, VaAcc: 0.9634, VaLoss:  0.16124
 MAP NN | TrAcc: 0.9932 | VaAcc: 0.9634 | TeAcc: 0.9751
 S NN | TrAcc: 0.9902 | VaAcc: 0.9609 | TeAcc: 0.9746

131,  0 | TrAcc: 0.9933, TrLoss:  0.02547, VaAcc: 0.9648, VaLoss:  0.15645
 MAP NN | TrAcc: 0.9941 | VaAcc: 0.9639 | TeAcc: 0.9771
 S NN | TrAcc: 0.9899 | VaAcc: 0.9609 | TeAcc: 0.9722

132,  0 | TrAcc: 0.9937, TrLoss:  0.02297, VaAcc: 0.9619, VaLoss:  0.17010
 MAP NN | TrAcc: 0.9938 | VaAcc: 0.9595 | TeAcc: 0.9756
 S NN | TrAcc: 0.9922 | VaAcc: 0.9634 | TeAcc: 0.9731

133,  0 | TrAcc: 0.9928, TrLoss:  0.02554, VaAcc: 0.9644, VaLoss:  0.15574
 MAP NN | TrAcc: 0.9943 | VaAcc: 0.9653 | TeAcc: 0.9727
 S NN | TrAcc: 0.9922 | VaAcc: 0.9663 | TeAcc: 0.9731

134,  0 | TrAcc: 0.9933, TrLoss:  0.02407, VaAcc: 0.9585, VaLoss:  0.17210
 MAP NN | TrAcc: 0.9955 | VaAcc: 0.9595 | TeAcc: 0.9741
 S NN | TrAcc: 0.9924 | VaAcc: 0.9624 | TeAcc: 0.9766

135,  0 | TrAcc: 0.9943, TrLoss:  0.02156, VaAcc: 0.9604, VaLoss:  0.16366
 MAP NN | TrAcc: 0.9956 | VaAcc: 0.9595 | TeAcc: 0.9756
 S NN | TrAcc: 0.9933 | VaAcc: 0.9624 | TeAcc: 0.9736

136,  0 | TrAcc: 0.9932, TrLoss:  0.02560, VaAcc: 0.9668, VaLoss:  0.16498
 MAP NN | TrAcc: 0.9934 | VaAcc: 0.9614 | TeAcc: 0.9766
 S NN | TrAcc: 0.9854 | VaAcc: 0.9609 | TeAcc: 0.9751

137,  0 | TrAcc: 0.9907, TrLoss:  0.02744, VaAcc: 0.9619, VaLoss:  0.17339
 MAP NN | TrAcc: 0.9926 | VaAcc: 0.9575 | TeAcc: 0.9717
 S NN | TrAcc: 0.9895 | VaAcc: 0.9590 | TeAcc: 0.9722

138,  0 | TrAcc: 0.9919, TrLoss:  0.02949, VaAcc: 0.9600, VaLoss:  0.16991
 MAP NN | TrAcc: 0.9927 | VaAcc: 0.9614 | TeAcc: 0.9741
 S NN | TrAcc: 0.9919 | VaAcc: 0.9604 | TeAcc: 0.9727

139,  0 | TrAcc: 0.9905, TrLoss:  0.02963, VaAcc: 0.9604, VaLoss:  0.18100
 MAP NN | TrAcc: 0.9905 | VaAcc: 0.9595 | TeAcc: 0.9736
 S NN | TrAcc: 0.9896 | VaAcc: 0.9600 | TeAcc: 0.9741

140,  0 | TrAcc: 0.9939, TrLoss:  0.02282, VaAcc: 0.9624, VaLoss:  0.16109
 MAP NN | TrAcc: 0.9950 | VaAcc: 0.9604 | TeAcc: 0.9731
 S NN | TrAcc: 0.9933 | VaAcc: 0.9595 | TeAcc: 0.9727

141,  0 | TrAcc: 0.9930, TrLoss:  0.02616, VaAcc: 0.9565, VaLoss:  0.16834
 MAP NN | TrAcc: 0.9939 | VaAcc: 0.9561 | TeAcc: 0.9727
 S NN | TrAcc: 0.9937 | VaAcc: 0.9526 | TeAcc: 0.9712

142,  0 | TrAcc: 0.9938, TrLoss:  0.02149, VaAcc: 0.9648, VaLoss:  0.16858
 MAP NN | TrAcc: 0.9962 | VaAcc: 0.9629 | TeAcc: 0.9746
 S NN | TrAcc: 0.9935 | VaAcc: 0.9619 | TeAcc: 0.9731

143,  0 | TrAcc: 0.9933, TrLoss:  0.02336, VaAcc: 0.9619, VaLoss:  0.16658
 MAP NN | TrAcc: 0.9950 | VaAcc: 0.9614 | TeAcc: 0.9717
 S NN | TrAcc: 0.9922 | VaAcc: 0.9600 | TeAcc: 0.9736

144,  0 | TrAcc: 0.9927, TrLoss:  0.02658, VaAcc: 0.9600, VaLoss:  0.17971
 MAP NN | TrAcc: 0.9935 | VaAcc: 0.9614 | TeAcc: 0.9751
 S NN | TrAcc: 0.9912 | VaAcc: 0.9639 | TeAcc: 0.9736

145,  0 | TrAcc: 0.9915, TrLoss:  0.02746, VaAcc: 0.9585, VaLoss:  0.18642
 MAP NN | TrAcc: 0.9921 | VaAcc: 0.9556 | TeAcc: 0.9731
 S NN | TrAcc: 0.9929 | VaAcc: 0.9585 | TeAcc: 0.9736

146,  0 | TrAcc: 0.9933, TrLoss:  0.02364, VaAcc: 0.9624, VaLoss:  0.17679
 MAP NN | TrAcc: 0.9935 | VaAcc: 0.9609 | TeAcc: 0.9775
 S NN | TrAcc: 0.9923 | VaAcc: 0.9609 | TeAcc: 0.9771

147,  0 | TrAcc: 0.9929, TrLoss:  0.02339, VaAcc: 0.9639, VaLoss:  0.15863
 MAP NN | TrAcc: 0.9940 | VaAcc: 0.9609 | TeAcc: 0.9756
 S NN | TrAcc: 0.9927 | VaAcc: 0.9585 | TeAcc: 0.9756

148,  0 | TrAcc: 0.9928, TrLoss:  0.02560, VaAcc: 0.9536, VaLoss:  0.19390
 MAP NN | TrAcc: 0.9939 | VaAcc: 0.9565 | TeAcc: 0.9736
 S NN | TrAcc: 0.9934 | VaAcc: 0.9531 | TeAcc: 0.9736

149,  0 | TrAcc: 0.9916, TrLoss:  0.02986, VaAcc: 0.9600, VaLoss:  0.18403
 MAP NN | TrAcc: 0.9939 | VaAcc: 0.9570 | TeAcc: 0.9746
 S NN | TrAcc: 0.9938 | VaAcc: 0.9570 | TeAcc: 0.9731

150,  0 | TrAcc: 0.9956, TrLoss:  0.01855, VaAcc: 0.9663, VaLoss:  0.16531
 MAP NN | TrAcc: 0.9956 | VaAcc: 0.9653 | TeAcc: 0.9741
 S NN | TrAcc: 0.9949 | VaAcc: 0.9619 | TeAcc: 0.9741

151,  0 | TrAcc: 0.9956, TrLoss:  0.01917, VaAcc: 0.9619, VaLoss:  0.16640
 MAP NN | TrAcc: 0.9962 | VaAcc: 0.9639 | TeAcc: 0.9727
 S NN | TrAcc: 0.9960 | VaAcc: 0.9619 | TeAcc: 0.9707

152,  0 | TrAcc: 0.9949, TrLoss:  0.02128, VaAcc: 0.9629, VaLoss:  0.16590
 MAP NN | TrAcc: 0.9962 | VaAcc: 0.9619 | TeAcc: 0.9746
 S NN | TrAcc: 0.9957 | VaAcc: 0.9604 | TeAcc: 0.9736

153,  0 | TrAcc: 0.9924, TrLoss:  0.02571, VaAcc: 0.9590, VaLoss:  0.18087
 MAP NN | TrAcc: 0.9927 | VaAcc: 0.9585 | TeAcc: 0.9717
 S NN | TrAcc: 0.9873 | VaAcc: 0.9570 | TeAcc: 0.9702

154,  0 | TrAcc: 0.9949, TrLoss:  0.02038, VaAcc: 0.9590, VaLoss:  0.17755
 MAP NN | TrAcc: 0.9963 | VaAcc: 0.9580 | TeAcc: 0.9731
 S NN | TrAcc: 0.9946 | VaAcc: 0.9595 | TeAcc: 0.9717

155,  0 | TrAcc: 0.9951, TrLoss:  0.02032, VaAcc: 0.9609, VaLoss:  0.17928
 MAP NN | TrAcc: 0.9958 | VaAcc: 0.9604 | TeAcc: 0.9707
 S NN | TrAcc: 0.9941 | VaAcc: 0.9585 | TeAcc: 0.9722

156,  0 | TrAcc: 0.9943, TrLoss:  0.02087, VaAcc: 0.9609, VaLoss:  0.17992
 MAP NN | TrAcc: 0.9949 | VaAcc: 0.9624 | TeAcc: 0.9717
 S NN | TrAcc: 0.9955 | VaAcc: 0.9619 | TeAcc: 0.9707

157,  0 | TrAcc: 0.9924, TrLoss:  0.02589, VaAcc: 0.9604, VaLoss:  0.18091
 MAP NN | TrAcc: 0.9940 | VaAcc: 0.9629 | TeAcc: 0.9712
 S NN | TrAcc: 0.9934 | VaAcc: 0.9614 | TeAcc: 0.9702

158,  0 | TrAcc: 0.9932, TrLoss:  0.02394, VaAcc: 0.9609, VaLoss:  0.16641
 MAP NN | TrAcc: 0.9940 | VaAcc: 0.9619 | TeAcc: 0.9717
 S NN | TrAcc: 0.9921 | VaAcc: 0.9619 | TeAcc: 0.9751

159,  0 | TrAcc: 0.9949, TrLoss:  0.01984, VaAcc: 0.9590, VaLoss:  0.18816
 MAP NN | TrAcc: 0.9956 | VaAcc: 0.9580 | TeAcc: 0.9707
 S NN | TrAcc: 0.9941 | VaAcc: 0.9585 | TeAcc: 0.9717

160,  0 | TrAcc: 0.9950, TrLoss:  0.02099, VaAcc: 0.9609, VaLoss:  0.16433
 MAP NN | TrAcc: 0.9957 | VaAcc: 0.9614 | TeAcc: 0.9727
 S NN | TrAcc: 0.9927 | VaAcc: 0.9600 | TeAcc: 0.9717

161,  0 | TrAcc: 0.9929, TrLoss:  0.02408, VaAcc: 0.9614, VaLoss:  0.17655
 MAP NN | TrAcc: 0.9939 | VaAcc: 0.9634 | TeAcc: 0.9741
 S NN | TrAcc: 0.9929 | VaAcc: 0.9619 | TeAcc: 0.9741

162,  0 | TrAcc: 0.9929, TrLoss:  0.02435, VaAcc: 0.9600, VaLoss:  0.17606
 MAP NN | TrAcc: 0.9935 | VaAcc: 0.9609 | TeAcc: 0.9712
 S NN | TrAcc: 0.9921 | VaAcc: 0.9634 | TeAcc: 0.9741

163,  0 | TrAcc: 0.9933, TrLoss:  0.02416, VaAcc: 0.9580, VaLoss:  0.18551
 MAP NN | TrAcc: 0.9933 | VaAcc: 0.9585 | TeAcc: 0.9707
 S NN | TrAcc: 0.9930 | VaAcc: 0.9585 | TeAcc: 0.9688

164,  0 | TrAcc: 0.9927, TrLoss:  0.02356, VaAcc: 0.9614, VaLoss:  0.17115
 MAP NN | TrAcc: 0.9935 | VaAcc: 0.9600 | TeAcc: 0.9722
 S NN | TrAcc: 0.9939 | VaAcc: 0.9604 | TeAcc: 0.9722

165,  0 | TrAcc: 0.9891, TrLoss:  0.03051, VaAcc: 0.9575, VaLoss:  0.17667
 MAP NN | TrAcc: 0.9917 | VaAcc: 0.9614 | TeAcc: 0.9751
 S NN | TrAcc: 0.9900 | VaAcc: 0.9600 | TeAcc: 0.9746

166,  0 | TrAcc: 0.9940, TrLoss:  0.02191, VaAcc: 0.9624, VaLoss:  0.17050
 MAP NN | TrAcc: 0.9954 | VaAcc: 0.9614 | TeAcc: 0.9746
 S NN | TrAcc: 0.9940 | VaAcc: 0.9600 | TeAcc: 0.9736

167,  0 | TrAcc: 0.9922, TrLoss:  0.02407, VaAcc: 0.9590, VaLoss:  0.17552
 MAP NN | TrAcc: 0.9939 | VaAcc: 0.9604 | TeAcc: 0.9702
 S NN | TrAcc: 0.9939 | VaAcc: 0.9565 | TeAcc: 0.9712

168,  0 | TrAcc: 0.9921, TrLoss:  0.02364, VaAcc: 0.9658, VaLoss:  0.17023
 MAP NN | TrAcc: 0.9943 | VaAcc: 0.9644 | TeAcc: 0.9731
 S NN | TrAcc: 0.9932 | VaAcc: 0.9614 | TeAcc: 0.9756

169,  0 | TrAcc: 0.9945, TrLoss:  0.01917, VaAcc: 0.9604, VaLoss:  0.17710
 MAP NN | TrAcc: 0.9949 | VaAcc: 0.9609 | TeAcc: 0.9741
 S NN | TrAcc: 0.9933 | VaAcc: 0.9629 | TeAcc: 0.9751

170,  0 | TrAcc: 0.9954, TrLoss:  0.01862, VaAcc: 0.9595, VaLoss:  0.17737
 MAP NN | TrAcc: 0.9963 | VaAcc: 0.9585 | TeAcc: 0.9731
 S NN | TrAcc: 0.9952 | VaAcc: 0.9546 | TeAcc: 0.9727

171,  0 | TrAcc: 0.9917, TrLoss:  0.02577, VaAcc: 0.9619, VaLoss:  0.16549
 MAP NN | TrAcc: 0.9941 | VaAcc: 0.9590 | TeAcc: 0.9692
 S NN | TrAcc: 0.9932 | VaAcc: 0.9575 | TeAcc: 0.9697

172,  0 | TrAcc: 0.9855, TrLoss:  0.04847, VaAcc: 0.9507, VaLoss:  0.20691
 MAP NN | TrAcc: 0.9868 | VaAcc: 0.9521 | TeAcc: 0.9673
 S NN | TrAcc: 0.9823 | VaAcc: 0.9512 | TeAcc: 0.9683

173,  0 | TrAcc: 0.9907, TrLoss:  0.03302, VaAcc: 0.9575, VaLoss:  0.18270
 MAP NN | TrAcc: 0.9922 | VaAcc: 0.9556 | TeAcc: 0.9741
 S NN | TrAcc: 0.9858 | VaAcc: 0.9551 | TeAcc: 0.9727

174,  0 | TrAcc: 0.9857, TrLoss:  0.04460, VaAcc: 0.9590, VaLoss:  0.17616
 MAP NN | TrAcc: 0.9866 | VaAcc: 0.9585 | TeAcc: 0.9722
 S NN | TrAcc: 0.9806 | VaAcc: 0.9575 | TeAcc: 0.9736

175,  0 | TrAcc: 0.9910, TrLoss:  0.03090, VaAcc: 0.9551, VaLoss:  0.19260
 MAP NN | TrAcc: 0.9912 | VaAcc: 0.9595 | TeAcc: 0.9717
 S NN | TrAcc: 0.9913 | VaAcc: 0.9590 | TeAcc: 0.9692

176,  0 | TrAcc: 0.9910, TrLoss:  0.02962, VaAcc: 0.9565, VaLoss:  0.18401
 MAP NN | TrAcc: 0.9915 | VaAcc: 0.9531 | TeAcc: 0.9707
 S NN | TrAcc: 0.9886 | VaAcc: 0.9546 | TeAcc: 0.9688

177,  0 | TrAcc: 0.9883, TrLoss:  0.03900, VaAcc: 0.9531, VaLoss:  0.18958
 MAP NN | TrAcc: 0.9885 | VaAcc: 0.9570 | TeAcc: 0.9722
 S NN | TrAcc: 0.9873 | VaAcc: 0.9536 | TeAcc: 0.9746

178,  0 | TrAcc: 0.9945, TrLoss:  0.02365, VaAcc: 0.9551, VaLoss:  0.18766
 MAP NN | TrAcc: 0.9945 | VaAcc: 0.9561 | TeAcc: 0.9727
 S NN | TrAcc: 0.9939 | VaAcc: 0.9604 | TeAcc: 0.9717

179,  0 | TrAcc: 0.9890, TrLoss:  0.03388, VaAcc: 0.9531, VaLoss:  0.20961
 MAP NN | TrAcc: 0.9893 | VaAcc: 0.9536 | TeAcc: 0.9736
 S NN | TrAcc: 0.9875 | VaAcc: 0.9536 | TeAcc: 0.9736

180,  0 | TrAcc: 0.9871, TrLoss:  0.04189, VaAcc: 0.9541, VaLoss:  0.18732
 MAP NN | TrAcc: 0.9874 | VaAcc: 0.9575 | TeAcc: 0.9736
 S NN | TrAcc: 0.9832 | VaAcc: 0.9575 | TeAcc: 0.9756

181,  0 | TrAcc: 0.9907, TrLoss:  0.03010, VaAcc: 0.9561, VaLoss:  0.19335
 MAP NN | TrAcc: 0.9918 | VaAcc: 0.9556 | TeAcc: 0.9717
 S NN | TrAcc: 0.9912 | VaAcc: 0.9565 | TeAcc: 0.9717

182,  0 | TrAcc: 0.9939, TrLoss:  0.02220, VaAcc: 0.9561, VaLoss:  0.17770
 MAP NN | TrAcc: 0.9941 | VaAcc: 0.9565 | TeAcc: 0.9722
 S NN | TrAcc: 0.9945 | VaAcc: 0.9570 | TeAcc: 0.9741

183,  0 | TrAcc: 0.9943, TrLoss:  0.02228, VaAcc: 0.9600, VaLoss:  0.18833
 MAP NN | TrAcc: 0.9952 | VaAcc: 0.9619 | TeAcc: 0.9731
 S NN | TrAcc: 0.9941 | VaAcc: 0.9614 | TeAcc: 0.9780

184,  0 | TrAcc: 0.9932, TrLoss:  0.02216, VaAcc: 0.9575, VaLoss:  0.18879
 MAP NN | TrAcc: 0.9933 | VaAcc: 0.9614 | TeAcc: 0.9727
 S NN | TrAcc: 0.9915 | VaAcc: 0.9614 | TeAcc: 0.9712

185,  0 | TrAcc: 0.9927, TrLoss:  0.02323, VaAcc: 0.9590, VaLoss:  0.18477
 MAP NN | TrAcc: 0.9939 | VaAcc: 0.9609 | TeAcc: 0.9736
 S NN | TrAcc: 0.9927 | VaAcc: 0.9585 | TeAcc: 0.9746

186,  0 | TrAcc: 0.9941, TrLoss:  0.02138, VaAcc: 0.9600, VaLoss:  0.17007
 MAP NN | TrAcc: 0.9948 | VaAcc: 0.9609 | TeAcc: 0.9751
 S NN | TrAcc: 0.9945 | VaAcc: 0.9580 | TeAcc: 0.9712

187,  0 | TrAcc: 0.9938, TrLoss:  0.02233, VaAcc: 0.9595, VaLoss:  0.16856
 MAP NN | TrAcc: 0.9944 | VaAcc: 0.9634 | TeAcc: 0.9722
 S NN | TrAcc: 0.9923 | VaAcc: 0.9580 | TeAcc: 0.9717

188,  0 | TrAcc: 0.9938, TrLoss:  0.02102, VaAcc: 0.9561, VaLoss:  0.20194
 MAP NN | TrAcc: 0.9948 | VaAcc: 0.9561 | TeAcc: 0.9756
 S NN | TrAcc: 0.9949 | VaAcc: 0.9536 | TeAcc: 0.9751

189,  0 | TrAcc: 0.9954, TrLoss:  0.01740, VaAcc: 0.9619, VaLoss:  0.17819
 MAP NN | TrAcc: 0.9962 | VaAcc: 0.9619 | TeAcc: 0.9731
 S NN | TrAcc: 0.9949 | VaAcc: 0.9644 | TeAcc: 0.9756

190,  0 | TrAcc: 0.9963, TrLoss:  0.01532, VaAcc: 0.9619, VaLoss:  0.18080
 MAP NN | TrAcc: 0.9969 | VaAcc: 0.9629 | TeAcc: 0.9722
 S NN | TrAcc: 0.9968 | VaAcc: 0.9639 | TeAcc: 0.9722

191,  0 | TrAcc: 0.9968, TrLoss:  0.01438, VaAcc: 0.9585, VaLoss:  0.18572
 MAP NN | TrAcc: 0.9973 | VaAcc: 0.9590 | TeAcc: 0.9707
 S NN | TrAcc: 0.9967 | VaAcc: 0.9570 | TeAcc: 0.9712

192,  0 | TrAcc: 0.9965, TrLoss:  0.01492, VaAcc: 0.9609, VaLoss:  0.16984
 MAP NN | TrAcc: 0.9974 | VaAcc: 0.9634 | TeAcc: 0.9717
 S NN | TrAcc: 0.9972 | VaAcc: 0.9609 | TeAcc: 0.9702

193,  0 | TrAcc: 0.9967, TrLoss:  0.01512, VaAcc: 0.9590, VaLoss:  0.18852
 MAP NN | TrAcc: 0.9977 | VaAcc: 0.9614 | TeAcc: 0.9736
 S NN | TrAcc: 0.9969 | VaAcc: 0.9609 | TeAcc: 0.9717

194,  0 | TrAcc: 0.9974, TrLoss:  0.01365, VaAcc: 0.9629, VaLoss:  0.18288
 MAP NN | TrAcc: 0.9977 | VaAcc: 0.9619 | TeAcc: 0.9751
 S NN | TrAcc: 0.9966 | VaAcc: 0.9604 | TeAcc: 0.9727

195,  0 | TrAcc: 0.9960, TrLoss:  0.01569, VaAcc: 0.9639, VaLoss:  0.17416
 MAP NN | TrAcc: 0.9969 | VaAcc: 0.9639 | TeAcc: 0.9717
 S NN | TrAcc: 0.9956 | VaAcc: 0.9609 | TeAcc: 0.9727

196,  0 | TrAcc: 0.9973, TrLoss:  0.01460, VaAcc: 0.9585, VaLoss:  0.18965
 MAP NN | TrAcc: 0.9971 | VaAcc: 0.9595 | TeAcc: 0.9727
 S NN | TrAcc: 0.9963 | VaAcc: 0.9590 | TeAcc: 0.9731

197,  0 | TrAcc: 0.9972, TrLoss:  0.01298, VaAcc: 0.9590, VaLoss:  0.18632
 MAP NN | TrAcc: 0.9977 | VaAcc: 0.9604 | TeAcc: 0.9731
 S NN | TrAcc: 0.9969 | VaAcc: 0.9565 | TeAcc: 0.9731

198,  0 | TrAcc: 0.9941, TrLoss:  0.01891, VaAcc: 0.9575, VaLoss:  0.18737
 MAP NN | TrAcc: 0.9950 | VaAcc: 0.9585 | TeAcc: 0.9717
 S NN | TrAcc: 0.9948 | VaAcc: 0.9580 | TeAcc: 0.9722

199,  0 | TrAcc: 0.9929, TrLoss:  0.02398, VaAcc: 0.9580, VaLoss:  0.18420
 MAP NN | TrAcc: 0.9938 | VaAcc: 0.9595 | TeAcc: 0.9717
 S NN | TrAcc: 0.9916 | VaAcc: 0.9575 | TeAcc: 0.9741

Results for va_s
Metric: acc   
 96.68 % in iteration  105
Metric: loss  
Results for va_b
Metric: elogl 
 0.319 in iteration    0
Metric: acc   
 96.68 % in iteration  136
EARLY STOP FOR te_s
 97.56 % in iteration  105
