tr
(8080, 4, 45)
va
(1730, 4, 45)
te
(1450, 4, 45)

=============================
CONFIG FILE
====================================
Training configuration

Learning rate: 0.2, 	Learning rate anneal: inf, 	Tau:  1.0
Algorithm: reparametrization, 	STE: disabled, 	n forward passes: 1
Var reg: 0.0, 	Dir reg: 0.0, 	Ent reg: 0.0
Data multiplier: None
Gradient clipping: False, 	Gradient clip value: 1.0

Layer #0
lstm_0
Layer norm: False, 	LR Adapt: 
Dropout: False, 	p_dropout: 0.95

Layer #1
lstm_1
Layer norm: False, 	LR Adapt: 
Dropout: False, 	p_dropout: 0.95

Layer #2
output_layer
Layer norm: False, 	LR Adapt: 
Dropout: False, 	p_dropout: 0.95
====================================
RNN configuration

Layer #0, 	Type: input_layer, 	Scope: 
Units: 4, 	N activation bins: None

Layer #1, 	Type: lstm layer, 	Scope: lstm_0
Units: 50, 	N activation bins: None
Bias: True, 	N activation bins: 2, 	Discrete activation: False
Type: ternary, 	Parametetrization: sigmoid, 	Priors: [0.3333333333333333, 0.3333333333333333, 0.3333333333333333]
p_init_min: 0.05, 	p_init_max: 0.95
SB init: ('xavier', None), 	SA init: ('dirichlet', [0.3, 0.3, 0.3])
Type: gaussian, 	M init: ('xavier', None), 	Log V init: ('constant', -9.210340371976182)
M prior: 0.0, 	 Log V prior: 0.0
None
Bias: True, 	N activation bins: 2, 	Discrete activation: False
Type: ternary, 	Parametetrization: sigmoid, 	Priors: [0.3333333333333333, 0.3333333333333333, 0.3333333333333333]
p_init_min: 0.05, 	p_init_max: 0.95
SB init: ('xavier', None), 	SA init: ('dirichlet', [0.3, 0.3, 0.3])
Type: gaussian, 	M init: ('xavier', None), 	Log V init: ('constant', -9.210340371976182)
M prior: 0.0, 	 Log V prior: 0.0
None
Bias: True, 	N activation bins: 2, 	Discrete activation: False
Type: ternary, 	Parametetrization: sigmoid, 	Priors: [0.3333333333333333, 0.3333333333333333, 0.3333333333333333]
p_init_min: 0.05, 	p_init_max: 0.95
SB init: ('xavier', None), 	SA init: ('dirichlet', [0.3, 0.3, 0.3])
Type: gaussian, 	M init: ('constant', -1.5), 	Log V init: ('constant', -9.210340371976182)
M prior: 0.0, 	 Log V prior: 0.0
None

Layer #2, 	Type: lstm layer, 	Scope: lstm_1
Units: 30, 	N activation bins: None
Bias: True, 	N activation bins: 2, 	Discrete activation: False
Type: ternary, 	Parametetrization: sigmoid, 	Priors: [0.3333333333333333, 0.3333333333333333, 0.3333333333333333]
p_init_min: 0.05, 	p_init_max: 0.95
SB init: ('xavier', None), 	SA init: ('dirichlet', [0.3, 0.3, 0.3])
Type: gaussian, 	M init: ('xavier', None), 	Log V init: ('constant', -9.210340371976182)
M prior: 0.0, 	 Log V prior: 0.0
None
Bias: True, 	N activation bins: 2, 	Discrete activation: False
Type: ternary, 	Parametetrization: sigmoid, 	Priors: [0.3333333333333333, 0.3333333333333333, 0.3333333333333333]
p_init_min: 0.05, 	p_init_max: 0.95
SB init: ('xavier', None), 	SA init: ('dirichlet', [0.3, 0.3, 0.3])
Type: gaussian, 	M init: ('xavier', None), 	Log V init: ('constant', -9.210340371976182)
M prior: 0.0, 	 Log V prior: 0.0
None
Bias: True, 	N activation bins: 2, 	Discrete activation: False
Type: ternary, 	Parametetrization: sigmoid, 	Priors: [0.3333333333333333, 0.3333333333333333, 0.3333333333333333]
p_init_min: 0.05, 	p_init_max: 0.95
SB init: ('xavier', None), 	SA init: ('dirichlet', [0.3, 0.3, 0.3])
Type: gaussian, 	M init: ('constant', -1.5), 	Log V init: ('constant', -9.210340371976182)
M prior: 0.0, 	 Log V prior: 0.0
None

Layer #3, 	Type: ff layer, 	Scope: output_layer
Units: 10, 	N activation bins: None
====================================
Dataset configuration

Filename: /clusterFS/home/student/kopp13/datasets/mnist_pen_strokes/mps_all_tr.mat
Key: tr, 	In seq len: 45
Minibatch:  True, 	Size: 1024
Target bias removed: True, 	Shuffle: True

Filename: /clusterFS/home/student/kopp13/datasets/mnist_pen_strokes/mps_all_va.mat
Key: va, 	In seq len: 45
Minibatch:  True, 	Size: 1024
Target bias removed: True, 	Shuffle: False

Filename: /clusterFS/home/student/kopp13/datasets/mnist_pen_strokes/mps_all_te.mat
Key: te, 	In seq len: 45
Minibatch:  True, 	Size: 1024
Target bias removed: True, 	Shuffle: False
====================================
Info configuration

Filename:  test
Timer: False, 	Profiling: False, 	Profiling path: None
Save training metrics: True, 	Path: ../nr_spsc/
Save weights: False, 	Every: 1, 	Save best weights: False
Compute T Metrics every: 1

Load model from m_model0, 	 Force it: True
No model saving

starting
[('lstm_0/bc:0', 'lstm_0/bc'), ('lstm_0/bi:0', 'lstm_0/bi'), ('lstm_0/bo:0', 'lstm_0/bo'), ('lstm_0/wc:0', 'lstm_0/wc'), ('lstm_0/wi:0', 'lstm_0/wi'), ('lstm_0/wo:0', 'lstm_0/wo'), ('lstm_1/bc:0', 'lstm_1/bc'), ('lstm_1/bi:0', 'lstm_1/bi'), ('lstm_1/bo:0', 'lstm_1/bo'), ('lstm_1/wc:0', 'lstm_1/wc'), ('lstm_1/wi:0', 'lstm_1/wi'), ('lstm_1/wo:0', 'lstm_1/wo'), ('output_layer/b:0', 'output_layer/b'), ('output_layer/w:0', 'output_layer/w')]
output_layer/b
output_layer/w
=====
New variable
lstm_0/bc:0
lstm_0/bc
=====
New variable
lstm_0/bi:0
lstm_0/bi
=====
New variable
lstm_0/bo:0
lstm_0/bo
=====
New variable
lstm_0/wc:0
lstm_0/wc
=====
New variable
lstm_0/wi:0
lstm_0/wi
=====
New variable
lstm_0/wo:0
lstm_0/wo
=====
New variable
lstm_1/bc:0
lstm_1/bc
=====
New variable
lstm_1/bi:0
lstm_1/bi
=====
New variable
lstm_1/bo:0
lstm_1/bo
=====
New variable
lstm_1/wc:0
lstm_1/wc
=====
New variable
lstm_1/wi:0
lstm_1/wi
=====
New variable
lstm_1/wo:0
lstm_1/wo
=====
New variable
output_layer/b:0
output_layer/b
=====
New variable
output_layer/w:0
output_layer/w
=====
loaded
  0,  0 | TrAcc: 0.3627, TrLoss:  2.02577, VaAcc: 0.2490, VaLoss:  2.36951
 MAP NN | TrAcc: 0.6490 | VaAcc: 0.7070 | TeAcc: 0.4814
 S NN | TrAcc: 0.2987 | VaAcc: 0.2358 | TeAcc: 0.1377

  1,  0 | TrAcc: 0.3837, TrLoss:  1.74598, VaAcc: 0.5566, VaLoss:  1.40908
 MAP NN | TrAcc: 0.5679 | VaAcc: 0.4819 | TeAcc: 0.7041
 S NN | TrAcc: 0.2866 | VaAcc: 0.3101 | TeAcc: 0.5684

  2,  0 | TrAcc: 0.5098, TrLoss:  1.44484, VaAcc: 0.6455, VaLoss:  1.25447
 MAP NN | TrAcc: 0.6478 | VaAcc: 0.7031 | TeAcc: 0.7471
 S NN | TrAcc: 0.4469 | VaAcc: 0.3491 | TeAcc: 0.6431

  3,  0 | TrAcc: 0.6125, TrLoss:  1.16814, VaAcc: 0.6768, VaLoss:  1.00933
 MAP NN | TrAcc: 0.6392 | VaAcc: 0.6890 | TeAcc: 0.7456
 S NN | TrAcc: 0.4716 | VaAcc: 0.5488 | TeAcc: 0.3599

  4,  0 | TrAcc: 0.7599, TrLoss:  0.80120, VaAcc: 0.7280, VaLoss:  0.86152
 MAP NN | TrAcc: 0.7145 | VaAcc: 0.7651 | TeAcc: 0.8027
 S NN | TrAcc: 0.6328 | VaAcc: 0.6274 | TeAcc: 0.7349

  5,  0 | TrAcc: 0.7557, TrLoss:  0.78408, VaAcc: 0.8403, VaLoss:  0.61143
 MAP NN | TrAcc: 0.7659 | VaAcc: 0.7944 | TeAcc: 0.8345
 S NN | TrAcc: 0.6484 | VaAcc: 0.4858 | TeAcc: 0.7671

  6,  0 | TrAcc: 0.8010, TrLoss:  0.65875, VaAcc: 0.8257, VaLoss:  0.66197
 MAP NN | TrAcc: 0.8032 | VaAcc: 0.8223 | TeAcc: 0.8525
 S NN | TrAcc: 0.6495 | VaAcc: 0.7329 | TeAcc: 0.7803

  7,  0 | TrAcc: 0.8180, TrLoss:  0.60578, VaAcc: 0.7886, VaLoss:  0.73615
 MAP NN | TrAcc: 0.8533 | VaAcc: 0.8569 | TeAcc: 0.8955
 S NN | TrAcc: 0.6577 | VaAcc: 0.7397 | TeAcc: 0.8462

  8,  0 | TrAcc: 0.8330, TrLoss:  0.57595, VaAcc: 0.8091, VaLoss:  0.65870
 MAP NN | TrAcc: 0.8313 | VaAcc: 0.8633 | TeAcc: 0.8843
 S NN | TrAcc: 0.7072 | VaAcc: 0.7661 | TeAcc: 0.8540

  9,  0 | TrAcc: 0.8540, TrLoss:  0.50114, VaAcc: 0.8486, VaLoss:  0.48968
 MAP NN | TrAcc: 0.8752 | VaAcc: 0.8828 | TeAcc: 0.9131
 S NN | TrAcc: 0.7666 | VaAcc: 0.8032 | TeAcc: 0.8110

 10,  0 | TrAcc: 0.8444, TrLoss:  0.49916, VaAcc: 0.8809, VaLoss:  0.40621
 MAP NN | TrAcc: 0.8588 | VaAcc: 0.8770 | TeAcc: 0.9038
 S NN | TrAcc: 0.6929 | VaAcc: 0.7593 | TeAcc: 0.7886

 11,  0 | TrAcc: 0.8779, TrLoss:  0.41738, VaAcc: 0.8599, VaLoss:  0.48040
 MAP NN | TrAcc: 0.8750 | VaAcc: 0.8848 | TeAcc: 0.9136
 S NN | TrAcc: 0.8287 | VaAcc: 0.8203 | TeAcc: 0.8984

 12,  0 | TrAcc: 0.8710, TrLoss:  0.44424, VaAcc: 0.8848, VaLoss:  0.40769
 MAP NN | TrAcc: 0.8809 | VaAcc: 0.8872 | TeAcc: 0.9092
 S NN | TrAcc: 0.7982 | VaAcc: 0.8096 | TeAcc: 0.8813

 13,  0 | TrAcc: 0.8763, TrLoss:  0.40324, VaAcc: 0.8813, VaLoss:  0.41718
 MAP NN | TrAcc: 0.8871 | VaAcc: 0.8955 | TeAcc: 0.9224
 S NN | TrAcc: 0.8444 | VaAcc: 0.8271 | TeAcc: 0.8555

 14,  0 | TrAcc: 0.8811, TrLoss:  0.39127, VaAcc: 0.8794, VaLoss:  0.38009
 MAP NN | TrAcc: 0.8772 | VaAcc: 0.8901 | TeAcc: 0.9165
 S NN | TrAcc: 0.8613 | VaAcc: 0.8784 | TeAcc: 0.5669

 15,  0 | TrAcc: 0.8740, TrLoss:  0.41766, VaAcc: 0.8848, VaLoss:  0.39797
 MAP NN | TrAcc: 0.8843 | VaAcc: 0.8970 | TeAcc: 0.9180
 S NN | TrAcc: 0.8153 | VaAcc: 0.8457 | TeAcc: 0.8521

 16,  0 | TrAcc: 0.8914, TrLoss:  0.36030, VaAcc: 0.8706, VaLoss:  0.40937
 MAP NN | TrAcc: 0.8960 | VaAcc: 0.9023 | TeAcc: 0.9287
 S NN | TrAcc: 0.8457 | VaAcc: 0.8618 | TeAcc: 0.8955

 17,  0 | TrAcc: 0.8986, TrLoss:  0.33609, VaAcc: 0.8960, VaLoss:  0.38843
 MAP NN | TrAcc: 0.9030 | VaAcc: 0.9048 | TeAcc: 0.9390
 S NN | TrAcc: 0.8384 | VaAcc: 0.8838 | TeAcc: 0.8809

 18,  0 | TrAcc: 0.9014, TrLoss:  0.32700, VaAcc: 0.8950, VaLoss:  0.37007
 MAP NN | TrAcc: 0.9128 | VaAcc: 0.9136 | TeAcc: 0.9360
 S NN | TrAcc: 0.8191 | VaAcc: 0.8320 | TeAcc: 0.8789

 19,  0 | TrAcc: 0.9010, TrLoss:  0.32764, VaAcc: 0.9214, VaLoss:  0.30337
 MAP NN | TrAcc: 0.9087 | VaAcc: 0.9121 | TeAcc: 0.9341
 S NN | TrAcc: 0.8063 | VaAcc: 0.8638 | TeAcc: 0.9175

 20,  0 | TrAcc: 0.8860, TrLoss:  0.36606, VaAcc: 0.9072, VaLoss:  0.31229
 MAP NN | TrAcc: 0.9155 | VaAcc: 0.9092 | TeAcc: 0.9395
 S NN | TrAcc: 0.8208 | VaAcc: 0.6250 | TeAcc: 0.8442

 21,  0 | TrAcc: 0.9091, TrLoss:  0.30143, VaAcc: 0.9004, VaLoss:  0.33092
 MAP NN | TrAcc: 0.9211 | VaAcc: 0.9175 | TeAcc: 0.9399
 S NN | TrAcc: 0.8885 | VaAcc: 0.8940 | TeAcc: 0.8784

 22,  0 | TrAcc: 0.9197, TrLoss:  0.28001, VaAcc: 0.9204, VaLoss:  0.28452
 MAP NN | TrAcc: 0.9263 | VaAcc: 0.9258 | TeAcc: 0.9438
 S NN | TrAcc: 0.7710 | VaAcc: 0.8848 | TeAcc: 0.9092

 23,  0 | TrAcc: 0.9081, TrLoss:  0.30469, VaAcc: 0.9155, VaLoss:  0.29834
 MAP NN | TrAcc: 0.9219 | VaAcc: 0.9248 | TeAcc: 0.9438
 S NN | TrAcc: 0.8845 | VaAcc: 0.8711 | TeAcc: 0.8774

 24,  0 | TrAcc: 0.9177, TrLoss:  0.27294, VaAcc: 0.9150, VaLoss:  0.29583
 MAP NN | TrAcc: 0.9122 | VaAcc: 0.9111 | TeAcc: 0.9355
 S NN | TrAcc: 0.8353 | VaAcc: 0.8213 | TeAcc: 0.5825

 25,  0 | TrAcc: 0.9207, TrLoss:  0.25875, VaAcc: 0.9175, VaLoss:  0.29560
 MAP NN | TrAcc: 0.9272 | VaAcc: 0.9219 | TeAcc: 0.9468
 S NN | TrAcc: 0.8549 | VaAcc: 0.8613 | TeAcc: 0.9263

 26,  0 | TrAcc: 0.9147, TrLoss:  0.28225, VaAcc: 0.9155, VaLoss:  0.29974
 MAP NN | TrAcc: 0.9224 | VaAcc: 0.9111 | TeAcc: 0.9473
 S NN | TrAcc: 0.8700 | VaAcc: 0.8691 | TeAcc: 0.9351

 27,  0 | TrAcc: 0.9248, TrLoss:  0.25575, VaAcc: 0.9214, VaLoss:  0.26444
 MAP NN | TrAcc: 0.9230 | VaAcc: 0.9136 | TeAcc: 0.9390
 S NN | TrAcc: 0.8845 | VaAcc: 0.8799 | TeAcc: 0.9209

 28,  0 | TrAcc: 0.9235, TrLoss:  0.25169, VaAcc: 0.9302, VaLoss:  0.24806
 MAP NN | TrAcc: 0.9287 | VaAcc: 0.9238 | TeAcc: 0.9429
 S NN | TrAcc: 0.7910 | VaAcc: 0.8623 | TeAcc: 0.8926

 29,  0 | TrAcc: 0.9232, TrLoss:  0.25337, VaAcc: 0.9282, VaLoss:  0.23981
 MAP NN | TrAcc: 0.9315 | VaAcc: 0.9214 | TeAcc: 0.9473
 S NN | TrAcc: 0.8838 | VaAcc: 0.8843 | TeAcc: 0.9258

 30,  0 | TrAcc: 0.9249, TrLoss:  0.25800, VaAcc: 0.9277, VaLoss:  0.26395
 MAP NN | TrAcc: 0.9237 | VaAcc: 0.9146 | TeAcc: 0.9390
 S NN | TrAcc: 0.8947 | VaAcc: 0.7017 | TeAcc: 0.8779

 31,  0 | TrAcc: 0.9313, TrLoss:  0.23156, VaAcc: 0.9209, VaLoss:  0.28031
 MAP NN | TrAcc: 0.9183 | VaAcc: 0.9087 | TeAcc: 0.9409
 S NN | TrAcc: 0.9081 | VaAcc: 0.8862 | TeAcc: 0.9170

 32,  0 | TrAcc: 0.9298, TrLoss:  0.23196, VaAcc: 0.9336, VaLoss:  0.23849
 MAP NN | TrAcc: 0.9279 | VaAcc: 0.9180 | TeAcc: 0.9507
 S NN | TrAcc: 0.8883 | VaAcc: 0.8970 | TeAcc: 0.9404

 33,  0 | TrAcc: 0.9261, TrLoss:  0.23393, VaAcc: 0.9238, VaLoss:  0.26289
 MAP NN | TrAcc: 0.9417 | VaAcc: 0.9302 | TeAcc: 0.9565
 S NN | TrAcc: 0.8838 | VaAcc: 0.8887 | TeAcc: 0.9370

 34,  0 | TrAcc: 0.9341, TrLoss:  0.21720, VaAcc: 0.9165, VaLoss:  0.29213
 MAP NN | TrAcc: 0.9354 | VaAcc: 0.9282 | TeAcc: 0.9541
 S NN | TrAcc: 0.9133 | VaAcc: 0.9131 | TeAcc: 0.9229

 35,  0 | TrAcc: 0.9377, TrLoss:  0.21131, VaAcc: 0.9312, VaLoss:  0.26288
 MAP NN | TrAcc: 0.9409 | VaAcc: 0.9263 | TeAcc: 0.9551
 S NN | TrAcc: 0.8806 | VaAcc: 0.8950 | TeAcc: 0.9355

 36,  0 | TrAcc: 0.9310, TrLoss:  0.23567, VaAcc: 0.9312, VaLoss:  0.25162
 MAP NN | TrAcc: 0.9286 | VaAcc: 0.9243 | TeAcc: 0.9385
 S NN | TrAcc: 0.9120 | VaAcc: 0.9189 | TeAcc: 0.9053

 37,  0 | TrAcc: 0.9359, TrLoss:  0.22034, VaAcc: 0.9272, VaLoss:  0.26375
 MAP NN | TrAcc: 0.9398 | VaAcc: 0.9346 | TeAcc: 0.9556
 S NN | TrAcc: 0.8955 | VaAcc: 0.9087 | TeAcc: 0.9375

 38,  0 | TrAcc: 0.9346, TrLoss:  0.21879, VaAcc: 0.9385, VaLoss:  0.22281
 MAP NN | TrAcc: 0.9358 | VaAcc: 0.9258 | TeAcc: 0.9517
 S NN | TrAcc: 0.8635 | VaAcc: 0.8950 | TeAcc: 0.9468

 39,  0 | TrAcc: 0.9421, TrLoss:  0.19151, VaAcc: 0.9238, VaLoss:  0.26812
 MAP NN | TrAcc: 0.9363 | VaAcc: 0.9287 | TeAcc: 0.9531
 S NN | TrAcc: 0.9218 | VaAcc: 0.9097 | TeAcc: 0.9404

 40,  0 | TrAcc: 0.9408, TrLoss:  0.19202, VaAcc: 0.9248, VaLoss:  0.23157
 MAP NN | TrAcc: 0.9406 | VaAcc: 0.9331 | TeAcc: 0.9561
 S NN | TrAcc: 0.8718 | VaAcc: 0.9121 | TeAcc: 0.9043

 41,  0 | TrAcc: 0.9490, TrLoss:  0.17888, VaAcc: 0.9399, VaLoss:  0.21760
 MAP NN | TrAcc: 0.9413 | VaAcc: 0.9326 | TeAcc: 0.9595
 S NN | TrAcc: 0.9290 | VaAcc: 0.9106 | TeAcc: 0.9292

 42,  0 | TrAcc: 0.9438, TrLoss:  0.18927, VaAcc: 0.9360, VaLoss:  0.24199
 MAP NN | TrAcc: 0.9417 | VaAcc: 0.9326 | TeAcc: 0.9536
 S NN | TrAcc: 0.9209 | VaAcc: 0.9053 | TeAcc: 0.9390

 43,  0 | TrAcc: 0.9481, TrLoss:  0.17804, VaAcc: 0.9409, VaLoss:  0.21079
 MAP NN | TrAcc: 0.9521 | VaAcc: 0.9434 | TeAcc: 0.9609
 S NN | TrAcc: 0.8884 | VaAcc: 0.8882 | TeAcc: 0.9443

 44,  0 | TrAcc: 0.9464, TrLoss:  0.17440, VaAcc: 0.9399, VaLoss:  0.20370
 MAP NN | TrAcc: 0.9442 | VaAcc: 0.9326 | TeAcc: 0.9604
 S NN | TrAcc: 0.9161 | VaAcc: 0.9058 | TeAcc: 0.9463

 45,  0 | TrAcc: 0.9404, TrLoss:  0.18726, VaAcc: 0.9434, VaLoss:  0.20173
 MAP NN | TrAcc: 0.9478 | VaAcc: 0.9404 | TeAcc: 0.9619
 S NN | TrAcc: 0.9071 | VaAcc: 0.8994 | TeAcc: 0.9106

 46,  0 | TrAcc: 0.9490, TrLoss:  0.16710, VaAcc: 0.9355, VaLoss:  0.22844
 MAP NN | TrAcc: 0.9463 | VaAcc: 0.9380 | TeAcc: 0.9561
 S NN | TrAcc: 0.9224 | VaAcc: 0.9224 | TeAcc: 0.6475

 47,  0 | TrAcc: 0.9490, TrLoss:  0.17142, VaAcc: 0.9443, VaLoss:  0.20057
 MAP NN | TrAcc: 0.9498 | VaAcc: 0.9438 | TeAcc: 0.9575
 S NN | TrAcc: 0.8976 | VaAcc: 0.9238 | TeAcc: 0.9180

 48,  0 | TrAcc: 0.9531, TrLoss:  0.15747, VaAcc: 0.9463, VaLoss:  0.20172
 MAP NN | TrAcc: 0.9515 | VaAcc: 0.9458 | TeAcc: 0.9604
 S NN | TrAcc: 0.9292 | VaAcc: 0.9277 | TeAcc: 0.9355

 49,  0 | TrAcc: 0.9491, TrLoss:  0.16830, VaAcc: 0.9463, VaLoss:  0.19684
 MAP NN | TrAcc: 0.9528 | VaAcc: 0.9487 | TeAcc: 0.9639
 S NN | TrAcc: 0.9238 | VaAcc: 0.9321 | TeAcc: 0.9448

 50,  0 | TrAcc: 0.9515, TrLoss:  0.16536, VaAcc: 0.9468, VaLoss:  0.20142
 MAP NN | TrAcc: 0.9529 | VaAcc: 0.9434 | TeAcc: 0.9614
 S NN | TrAcc: 0.9240 | VaAcc: 0.9312 | TeAcc: 0.6519

 51,  0 | TrAcc: 0.9519, TrLoss:  0.15105, VaAcc: 0.9404, VaLoss:  0.20409
 MAP NN | TrAcc: 0.9536 | VaAcc: 0.9468 | TeAcc: 0.9600
 S NN | TrAcc: 0.9248 | VaAcc: 0.9307 | TeAcc: 0.9468

 52,  0 | TrAcc: 0.9531, TrLoss:  0.15005, VaAcc: 0.9458, VaLoss:  0.19521
 MAP NN | TrAcc: 0.9531 | VaAcc: 0.9438 | TeAcc: 0.9614
 S NN | TrAcc: 0.9186 | VaAcc: 0.7578 | TeAcc: 0.9419

 53,  0 | TrAcc: 0.9557, TrLoss:  0.15373, VaAcc: 0.9424, VaLoss:  0.21066
 MAP NN | TrAcc: 0.9520 | VaAcc: 0.9409 | TeAcc: 0.9624
 S NN | TrAcc: 0.8954 | VaAcc: 0.9268 | TeAcc: 0.6177

 54,  0 | TrAcc: 0.9508, TrLoss:  0.16257, VaAcc: 0.9478, VaLoss:  0.19090
 MAP NN | TrAcc: 0.9506 | VaAcc: 0.9404 | TeAcc: 0.9609
 S NN | TrAcc: 0.9353 | VaAcc: 0.9321 | TeAcc: 0.9434

 55,  0 | TrAcc: 0.9586, TrLoss:  0.13797, VaAcc: 0.9551, VaLoss:  0.17571
 MAP NN | TrAcc: 0.9579 | VaAcc: 0.9473 | TeAcc: 0.9609
 S NN | TrAcc: 0.9426 | VaAcc: 0.9219 | TeAcc: 0.9419

 56,  0 | TrAcc: 0.9568, TrLoss:  0.14174, VaAcc: 0.9531, VaLoss:  0.18576
 MAP NN | TrAcc: 0.9563 | VaAcc: 0.9448 | TeAcc: 0.9600
 S NN | TrAcc: 0.9031 | VaAcc: 0.9258 | TeAcc: 0.9526

 57,  0 | TrAcc: 0.9534, TrLoss:  0.15557, VaAcc: 0.9487, VaLoss:  0.17158
 MAP NN | TrAcc: 0.9552 | VaAcc: 0.9438 | TeAcc: 0.9561
 S NN | TrAcc: 0.9064 | VaAcc: 0.9248 | TeAcc: 0.9458

 58,  0 | TrAcc: 0.9523, TrLoss:  0.15182, VaAcc: 0.9443, VaLoss:  0.20280
 MAP NN | TrAcc: 0.9524 | VaAcc: 0.9419 | TeAcc: 0.9600
 S NN | TrAcc: 0.9292 | VaAcc: 0.9331 | TeAcc: 0.9551

 59,  0 | TrAcc: 0.9558, TrLoss:  0.14243, VaAcc: 0.9438, VaLoss:  0.19825
 MAP NN | TrAcc: 0.9578 | VaAcc: 0.9390 | TeAcc: 0.9644
 S NN | TrAcc: 0.9348 | VaAcc: 0.9399 | TeAcc: 0.9404

 60,  0 | TrAcc: 0.9587, TrLoss:  0.13681, VaAcc: 0.9507, VaLoss:  0.19311
 MAP NN | TrAcc: 0.9581 | VaAcc: 0.9404 | TeAcc: 0.9624
 S NN | TrAcc: 0.9325 | VaAcc: 0.9116 | TeAcc: 0.9546

 61,  0 | TrAcc: 0.9559, TrLoss:  0.14723, VaAcc: 0.9448, VaLoss:  0.20292
 MAP NN | TrAcc: 0.9554 | VaAcc: 0.9375 | TeAcc: 0.9634
 S NN | TrAcc: 0.9464 | VaAcc: 0.9277 | TeAcc: 0.9258

 62,  0 | TrAcc: 0.9597, TrLoss:  0.13377, VaAcc: 0.9487, VaLoss:  0.19374
 MAP NN | TrAcc: 0.9563 | VaAcc: 0.9414 | TeAcc: 0.9609
 S NN | TrAcc: 0.9193 | VaAcc: 0.9292 | TeAcc: 0.9595

 63,  0 | TrAcc: 0.9611, TrLoss:  0.13165, VaAcc: 0.9463, VaLoss:  0.19883
 MAP NN | TrAcc: 0.9564 | VaAcc: 0.9399 | TeAcc: 0.9639
 S NN | TrAcc: 0.9451 | VaAcc: 0.9287 | TeAcc: 0.9600

 64,  0 | TrAcc: 0.9614, TrLoss:  0.12868, VaAcc: 0.9395, VaLoss:  0.21368
 MAP NN | TrAcc: 0.9607 | VaAcc: 0.9453 | TeAcc: 0.9634
 S NN | TrAcc: 0.9382 | VaAcc: 0.9351 | TeAcc: 0.9473

 65,  0 | TrAcc: 0.9572, TrLoss:  0.14111, VaAcc: 0.9497, VaLoss:  0.18110
 MAP NN | TrAcc: 0.9579 | VaAcc: 0.9453 | TeAcc: 0.9648
 S NN | TrAcc: 0.9263 | VaAcc: 0.9277 | TeAcc: 0.9434

 66,  0 | TrAcc: 0.9629, TrLoss:  0.12310, VaAcc: 0.9507, VaLoss:  0.18846
 MAP NN | TrAcc: 0.9628 | VaAcc: 0.9468 | TeAcc: 0.9673
 S NN | TrAcc: 0.9299 | VaAcc: 0.9297 | TeAcc: 0.9463

 67,  0 | TrAcc: 0.9624, TrLoss:  0.12173, VaAcc: 0.9478, VaLoss:  0.18816
 MAP NN | TrAcc: 0.9625 | VaAcc: 0.9424 | TeAcc: 0.9629
 S NN | TrAcc: 0.9463 | VaAcc: 0.9424 | TeAcc: 0.9595

 68,  0 | TrAcc: 0.9642, TrLoss:  0.11667, VaAcc: 0.9551, VaLoss:  0.17161
 MAP NN | TrAcc: 0.9625 | VaAcc: 0.9404 | TeAcc: 0.9653
 S NN | TrAcc: 0.9469 | VaAcc: 0.9307 | TeAcc: 0.9541

 69,  0 | TrAcc: 0.9652, TrLoss:  0.11866, VaAcc: 0.9482, VaLoss:  0.18382
 MAP NN | TrAcc: 0.9629 | VaAcc: 0.9458 | TeAcc: 0.9663
 S NN | TrAcc: 0.9452 | VaAcc: 0.9434 | TeAcc: 0.9614

 70,  0 | TrAcc: 0.9620, TrLoss:  0.12181, VaAcc: 0.9517, VaLoss:  0.17657
 MAP NN | TrAcc: 0.9620 | VaAcc: 0.9434 | TeAcc: 0.9639
 S NN | TrAcc: 0.9497 | VaAcc: 0.9419 | TeAcc: 0.9507

 71,  0 | TrAcc: 0.9662, TrLoss:  0.11205, VaAcc: 0.9536, VaLoss:  0.17912
 MAP NN | TrAcc: 0.9641 | VaAcc: 0.9463 | TeAcc: 0.9653
 S NN | TrAcc: 0.9515 | VaAcc: 0.9355 | TeAcc: 0.9502

 72,  0 | TrAcc: 0.9645, TrLoss:  0.11589, VaAcc: 0.9526, VaLoss:  0.17666
 MAP NN | TrAcc: 0.9658 | VaAcc: 0.9453 | TeAcc: 0.9648
 S NN | TrAcc: 0.9491 | VaAcc: 0.9380 | TeAcc: 0.9541

 73,  0 | TrAcc: 0.9666, TrLoss:  0.11472, VaAcc: 0.9502, VaLoss:  0.18262
 MAP NN | TrAcc: 0.9664 | VaAcc: 0.9434 | TeAcc: 0.9644
 S NN | TrAcc: 0.9429 | VaAcc: 0.9395 | TeAcc: 0.9624

 74,  0 | TrAcc: 0.9663, TrLoss:  0.10880, VaAcc: 0.9512, VaLoss:  0.17829
 MAP NN | TrAcc: 0.9658 | VaAcc: 0.9497 | TeAcc: 0.9653
 S NN | TrAcc: 0.9565 | VaAcc: 0.9453 | TeAcc: 0.9473

 75,  0 | TrAcc: 0.9690, TrLoss:  0.10902, VaAcc: 0.9487, VaLoss:  0.19050
 MAP NN | TrAcc: 0.9613 | VaAcc: 0.9404 | TeAcc: 0.9580
 S NN | TrAcc: 0.9456 | VaAcc: 0.9395 | TeAcc: 0.9536

 76,  0 | TrAcc: 0.9669, TrLoss:  0.11150, VaAcc: 0.9512, VaLoss:  0.18250
 MAP NN | TrAcc: 0.9647 | VaAcc: 0.9468 | TeAcc: 0.9634
 S NN | TrAcc: 0.9446 | VaAcc: 0.9355 | TeAcc: 0.9541

 77,  0 | TrAcc: 0.9607, TrLoss:  0.12501, VaAcc: 0.9502, VaLoss:  0.18556
 MAP NN | TrAcc: 0.9604 | VaAcc: 0.9419 | TeAcc: 0.9585
 S NN | TrAcc: 0.9446 | VaAcc: 0.9380 | TeAcc: 0.9512

 78,  0 | TrAcc: 0.9692, TrLoss:  0.10501, VaAcc: 0.9478, VaLoss:  0.18993
 MAP NN | TrAcc: 0.9673 | VaAcc: 0.9482 | TeAcc: 0.9629
 S NN | TrAcc: 0.9437 | VaAcc: 0.9434 | TeAcc: 0.6577

 79,  0 | TrAcc: 0.9645, TrLoss:  0.11391, VaAcc: 0.9517, VaLoss:  0.16579
 MAP NN | TrAcc: 0.9611 | VaAcc: 0.9419 | TeAcc: 0.9619
 S NN | TrAcc: 0.9379 | VaAcc: 0.9214 | TeAcc: 0.9502

 80,  0 | TrAcc: 0.9663, TrLoss:  0.10817, VaAcc: 0.9521, VaLoss:  0.18174
 MAP NN | TrAcc: 0.9635 | VaAcc: 0.9482 | TeAcc: 0.9624
 S NN | TrAcc: 0.9528 | VaAcc: 0.9360 | TeAcc: 0.9629

 81,  0 | TrAcc: 0.9714, TrLoss:  0.09900, VaAcc: 0.9551, VaLoss:  0.16488
 MAP NN | TrAcc: 0.9663 | VaAcc: 0.9482 | TeAcc: 0.9590
 S NN | TrAcc: 0.9457 | VaAcc: 0.9478 | TeAcc: 0.9570

 82,  0 | TrAcc: 0.9658, TrLoss:  0.10753, VaAcc: 0.9458, VaLoss:  0.18066
 MAP NN | TrAcc: 0.9650 | VaAcc: 0.9478 | TeAcc: 0.9634
 S NN | TrAcc: 0.9413 | VaAcc: 0.9312 | TeAcc: 0.9546

 83,  0 | TrAcc: 0.9709, TrLoss:  0.09884, VaAcc: 0.9551, VaLoss:  0.16986
 MAP NN | TrAcc: 0.9674 | VaAcc: 0.9517 | TeAcc: 0.9609
 S NN | TrAcc: 0.9629 | VaAcc: 0.9365 | TeAcc: 0.9551

 84,  0 | TrAcc: 0.9685, TrLoss:  0.10045, VaAcc: 0.9531, VaLoss:  0.17647
 MAP NN | TrAcc: 0.9686 | VaAcc: 0.9502 | TeAcc: 0.9663
 S NN | TrAcc: 0.9496 | VaAcc: 0.9414 | TeAcc: 0.9658

 85,  0 | TrAcc: 0.9692, TrLoss:  0.09843, VaAcc: 0.9575, VaLoss:  0.16988
 MAP NN | TrAcc: 0.9646 | VaAcc: 0.9438 | TeAcc: 0.9644
 S NN | TrAcc: 0.9508 | VaAcc: 0.9380 | TeAcc: 0.9614

 86,  0 | TrAcc: 0.9705, TrLoss:  0.10104, VaAcc: 0.9497, VaLoss:  0.17356
 MAP NN | TrAcc: 0.9686 | VaAcc: 0.9463 | TeAcc: 0.9663
 S NN | TrAcc: 0.9482 | VaAcc: 0.9453 | TeAcc: 0.9609

 87,  0 | TrAcc: 0.9691, TrLoss:  0.10656, VaAcc: 0.9541, VaLoss:  0.17255
 MAP NN | TrAcc: 0.9607 | VaAcc: 0.9414 | TeAcc: 0.9624
 S NN | TrAcc: 0.9546 | VaAcc: 0.9346 | TeAcc: 0.9673

 88,  0 | TrAcc: 0.9670, TrLoss:  0.10732, VaAcc: 0.9502, VaLoss:  0.18621
 MAP NN | TrAcc: 0.9689 | VaAcc: 0.9521 | TeAcc: 0.9668
 S NN | TrAcc: 0.9543 | VaAcc: 0.9443 | TeAcc: 0.9692

 89,  0 | TrAcc: 0.9708, TrLoss:  0.09556, VaAcc: 0.9492, VaLoss:  0.19614
 MAP NN | TrAcc: 0.9707 | VaAcc: 0.9536 | TeAcc: 0.9673
 S NN | TrAcc: 0.9559 | VaAcc: 0.9390 | TeAcc: 0.9482

 90,  0 | TrAcc: 0.9717, TrLoss:  0.09579, VaAcc: 0.9565, VaLoss:  0.17242
 MAP NN | TrAcc: 0.9716 | VaAcc: 0.9458 | TeAcc: 0.9668
 S NN | TrAcc: 0.9541 | VaAcc: 0.9468 | TeAcc: 0.9634

 91,  0 | TrAcc: 0.9706, TrLoss:  0.10019, VaAcc: 0.9565, VaLoss:  0.18105
 MAP NN | TrAcc: 0.9692 | VaAcc: 0.9541 | TeAcc: 0.9688
 S NN | TrAcc: 0.9548 | VaAcc: 0.9492 | TeAcc: 0.9600

 92,  0 | TrAcc: 0.9686, TrLoss:  0.10568, VaAcc: 0.9487, VaLoss:  0.19087
 MAP NN | TrAcc: 0.9623 | VaAcc: 0.9429 | TeAcc: 0.9595
 S NN | TrAcc: 0.9392 | VaAcc: 0.9390 | TeAcc: 0.9668

 93,  0 | TrAcc: 0.9716, TrLoss:  0.09725, VaAcc: 0.9521, VaLoss:  0.18149
 MAP NN | TrAcc: 0.9691 | VaAcc: 0.9487 | TeAcc: 0.9688
 S NN | TrAcc: 0.9506 | VaAcc: 0.9438 | TeAcc: 0.9541

 94,  0 | TrAcc: 0.9727, TrLoss:  0.09392, VaAcc: 0.9497, VaLoss:  0.18998
 MAP NN | TrAcc: 0.9696 | VaAcc: 0.9458 | TeAcc: 0.9692
 S NN | TrAcc: 0.9584 | VaAcc: 0.9536 | TeAcc: 0.9629

 95,  0 | TrAcc: 0.9696, TrLoss:  0.09710, VaAcc: 0.9561, VaLoss:  0.17900
 MAP NN | TrAcc: 0.9680 | VaAcc: 0.9502 | TeAcc: 0.9653
 S NN | TrAcc: 0.9498 | VaAcc: 0.9473 | TeAcc: 0.9653

 96,  0 | TrAcc: 0.9694, TrLoss:  0.10003, VaAcc: 0.9570, VaLoss:  0.16520
 MAP NN | TrAcc: 0.9663 | VaAcc: 0.9463 | TeAcc: 0.9644
 S NN | TrAcc: 0.9601 | VaAcc: 0.9370 | TeAcc: 0.9565

 97,  0 | TrAcc: 0.9744, TrLoss:  0.08789, VaAcc: 0.9565, VaLoss:  0.15762
 MAP NN | TrAcc: 0.9709 | VaAcc: 0.9482 | TeAcc: 0.9668
 S NN | TrAcc: 0.9558 | VaAcc: 0.9438 | TeAcc: 0.9604

 98,  0 | TrAcc: 0.9746, TrLoss:  0.08707, VaAcc: 0.9556, VaLoss:  0.16724
 MAP NN | TrAcc: 0.9724 | VaAcc: 0.9492 | TeAcc: 0.9673
 S NN | TrAcc: 0.9624 | VaAcc: 0.9448 | TeAcc: 0.9663

 99,  0 | TrAcc: 0.9738, TrLoss:  0.08650, VaAcc: 0.9526, VaLoss:  0.17976
 MAP NN | TrAcc: 0.9724 | VaAcc: 0.9526 | TeAcc: 0.9683
 S NN | TrAcc: 0.9563 | VaAcc: 0.9487 | TeAcc: 0.9604

100,  0 | TrAcc: 0.9728, TrLoss:  0.08654, VaAcc: 0.9565, VaLoss:  0.16811
 MAP NN | TrAcc: 0.9705 | VaAcc: 0.9526 | TeAcc: 0.9688
 S NN | TrAcc: 0.9608 | VaAcc: 0.9409 | TeAcc: 0.9561

101,  0 | TrAcc: 0.9738, TrLoss:  0.08916, VaAcc: 0.9546, VaLoss:  0.17546
 MAP NN | TrAcc: 0.9740 | VaAcc: 0.9551 | TeAcc: 0.9668
 S NN | TrAcc: 0.9669 | VaAcc: 0.9468 | TeAcc: 0.9644

102,  0 | TrAcc: 0.9755, TrLoss:  0.08495, VaAcc: 0.9517, VaLoss:  0.18141
 MAP NN | TrAcc: 0.9701 | VaAcc: 0.9521 | TeAcc: 0.9688
 S NN | TrAcc: 0.9580 | VaAcc: 0.9360 | TeAcc: 0.9639

103,  0 | TrAcc: 0.9758, TrLoss:  0.08208, VaAcc: 0.9521, VaLoss:  0.18001
 MAP NN | TrAcc: 0.9738 | VaAcc: 0.9482 | TeAcc: 0.9653
 S NN | TrAcc: 0.9626 | VaAcc: 0.9526 | TeAcc: 0.9668

104,  0 | TrAcc: 0.9760, TrLoss:  0.08013, VaAcc: 0.9561, VaLoss:  0.17517
 MAP NN | TrAcc: 0.9758 | VaAcc: 0.9541 | TeAcc: 0.9658
 S NN | TrAcc: 0.9604 | VaAcc: 0.9482 | TeAcc: 0.9585

105,  0 | TrAcc: 0.9762, TrLoss:  0.07996, VaAcc: 0.9521, VaLoss:  0.17655
 MAP NN | TrAcc: 0.9729 | VaAcc: 0.9497 | TeAcc: 0.9673
 S NN | TrAcc: 0.9548 | VaAcc: 0.9521 | TeAcc: 0.9692

106,  0 | TrAcc: 0.9762, TrLoss:  0.08169, VaAcc: 0.9492, VaLoss:  0.18106
 MAP NN | TrAcc: 0.9742 | VaAcc: 0.9536 | TeAcc: 0.9678
 S NN | TrAcc: 0.9600 | VaAcc: 0.9399 | TeAcc: 0.9624

107,  0 | TrAcc: 0.9783, TrLoss:  0.07758, VaAcc: 0.9580, VaLoss:  0.16787
 MAP NN | TrAcc: 0.9784 | VaAcc: 0.9546 | TeAcc: 0.9707
 S NN | TrAcc: 0.9652 | VaAcc: 0.9512 | TeAcc: 0.9697

108,  0 | TrAcc: 0.9739, TrLoss:  0.08501, VaAcc: 0.9463, VaLoss:  0.19624
 MAP NN | TrAcc: 0.9674 | VaAcc: 0.9458 | TeAcc: 0.9658
 S NN | TrAcc: 0.9604 | VaAcc: 0.9409 | TeAcc: 0.9619

109,  0 | TrAcc: 0.9771, TrLoss:  0.07957, VaAcc: 0.9556, VaLoss:  0.17000
 MAP NN | TrAcc: 0.9786 | VaAcc: 0.9531 | TeAcc: 0.9722
 S NN | TrAcc: 0.9628 | VaAcc: 0.9468 | TeAcc: 0.9614

110,  0 | TrAcc: 0.9796, TrLoss:  0.07070, VaAcc: 0.9551, VaLoss:  0.17399
 MAP NN | TrAcc: 0.9760 | VaAcc: 0.9502 | TeAcc: 0.9683
 S NN | TrAcc: 0.9630 | VaAcc: 0.9458 | TeAcc: 0.9688

111,  0 | TrAcc: 0.9785, TrLoss:  0.07345, VaAcc: 0.9595, VaLoss:  0.16682
 MAP NN | TrAcc: 0.9775 | VaAcc: 0.9536 | TeAcc: 0.9673
 S NN | TrAcc: 0.9554 | VaAcc: 0.9463 | TeAcc: 0.9697

112,  0 | TrAcc: 0.9762, TrLoss:  0.08016, VaAcc: 0.9565, VaLoss:  0.15822
 MAP NN | TrAcc: 0.9753 | VaAcc: 0.9556 | TeAcc: 0.9692
 S NN | TrAcc: 0.9646 | VaAcc: 0.9453 | TeAcc: 0.9634

113,  0 | TrAcc: 0.9801, TrLoss:  0.06904, VaAcc: 0.9565, VaLoss:  0.16516
 MAP NN | TrAcc: 0.9799 | VaAcc: 0.9546 | TeAcc: 0.9707
 S NN | TrAcc: 0.9696 | VaAcc: 0.9482 | TeAcc: 0.9697

114,  0 | TrAcc: 0.9799, TrLoss:  0.07162, VaAcc: 0.9521, VaLoss:  0.17438
 MAP NN | TrAcc: 0.9773 | VaAcc: 0.9492 | TeAcc: 0.9658
 S NN | TrAcc: 0.9719 | VaAcc: 0.9385 | TeAcc: 0.9521

115,  0 | TrAcc: 0.9791, TrLoss:  0.07097, VaAcc: 0.9561, VaLoss:  0.16483
 MAP NN | TrAcc: 0.9777 | VaAcc: 0.9478 | TeAcc: 0.9702
 S NN | TrAcc: 0.9701 | VaAcc: 0.9492 | TeAcc: 0.9644

116,  0 | TrAcc: 0.9795, TrLoss:  0.06853, VaAcc: 0.9546, VaLoss:  0.16993
 MAP NN | TrAcc: 0.9788 | VaAcc: 0.9473 | TeAcc: 0.9702
 S NN | TrAcc: 0.9618 | VaAcc: 0.9487 | TeAcc: 0.9668

117,  0 | TrAcc: 0.9795, TrLoss:  0.06757, VaAcc: 0.9541, VaLoss:  0.17026
 MAP NN | TrAcc: 0.9795 | VaAcc: 0.9531 | TeAcc: 0.9673
 S NN | TrAcc: 0.9694 | VaAcc: 0.9526 | TeAcc: 0.9629

118,  0 | TrAcc: 0.9760, TrLoss:  0.07935, VaAcc: 0.9561, VaLoss:  0.16728
 MAP NN | TrAcc: 0.9784 | VaAcc: 0.9536 | TeAcc: 0.9688
 S NN | TrAcc: 0.9712 | VaAcc: 0.9468 | TeAcc: 0.9634

119,  0 | TrAcc: 0.9802, TrLoss:  0.06889, VaAcc: 0.9502, VaLoss:  0.19116
 MAP NN | TrAcc: 0.9768 | VaAcc: 0.9492 | TeAcc: 0.9673
 S NN | TrAcc: 0.9679 | VaAcc: 0.9453 | TeAcc: 0.9644

120,  0 | TrAcc: 0.9788, TrLoss:  0.07185, VaAcc: 0.9575, VaLoss:  0.16087
 MAP NN | TrAcc: 0.9755 | VaAcc: 0.9531 | TeAcc: 0.9673
 S NN | TrAcc: 0.9716 | VaAcc: 0.9473 | TeAcc: 0.9600

121,  0 | TrAcc: 0.9799, TrLoss:  0.06771, VaAcc: 0.9565, VaLoss:  0.16451
 MAP NN | TrAcc: 0.9749 | VaAcc: 0.9521 | TeAcc: 0.9692
 S NN | TrAcc: 0.9692 | VaAcc: 0.9531 | TeAcc: 0.9634

122,  0 | TrAcc: 0.9768, TrLoss:  0.07616, VaAcc: 0.9526, VaLoss:  0.18534
 MAP NN | TrAcc: 0.9777 | VaAcc: 0.9512 | TeAcc: 0.9678
 S NN | TrAcc: 0.9677 | VaAcc: 0.9448 | TeAcc: 0.9609

123,  0 | TrAcc: 0.9802, TrLoss:  0.06728, VaAcc: 0.9531, VaLoss:  0.18098
 MAP NN | TrAcc: 0.9779 | VaAcc: 0.9526 | TeAcc: 0.9653
 S NN | TrAcc: 0.9686 | VaAcc: 0.9482 | TeAcc: 0.9639

124,  0 | TrAcc: 0.9802, TrLoss:  0.06629, VaAcc: 0.9541, VaLoss:  0.16729
 MAP NN | TrAcc: 0.9821 | VaAcc: 0.9551 | TeAcc: 0.9668
 S NN | TrAcc: 0.9696 | VaAcc: 0.9551 | TeAcc: 0.9609

125,  0 | TrAcc: 0.9794, TrLoss:  0.06867, VaAcc: 0.9541, VaLoss:  0.16420
 MAP NN | TrAcc: 0.9762 | VaAcc: 0.9497 | TeAcc: 0.9648
 S NN | TrAcc: 0.9705 | VaAcc: 0.9473 | TeAcc: 0.9600

126,  0 | TrAcc: 0.9818, TrLoss:  0.06241, VaAcc: 0.9561, VaLoss:  0.17570
 MAP NN | TrAcc: 0.9784 | VaAcc: 0.9482 | TeAcc: 0.9673
 S NN | TrAcc: 0.9700 | VaAcc: 0.9531 | TeAcc: 0.9663

127,  0 | TrAcc: 0.9821, TrLoss:  0.06537, VaAcc: 0.9492, VaLoss:  0.17137
 MAP NN | TrAcc: 0.9749 | VaAcc: 0.9536 | TeAcc: 0.9653
 S NN | TrAcc: 0.9624 | VaAcc: 0.9546 | TeAcc: 0.9663

128,  0 | TrAcc: 0.9791, TrLoss:  0.06984, VaAcc: 0.9546, VaLoss:  0.16904
 MAP NN | TrAcc: 0.9796 | VaAcc: 0.9517 | TeAcc: 0.9688
 S NN | TrAcc: 0.9679 | VaAcc: 0.9438 | TeAcc: 0.9639

129,  0 | TrAcc: 0.9819, TrLoss:  0.06413, VaAcc: 0.9517, VaLoss:  0.18531
 MAP NN | TrAcc: 0.9772 | VaAcc: 0.9468 | TeAcc: 0.9658
 S NN | TrAcc: 0.9731 | VaAcc: 0.9409 | TeAcc: 0.9702

130,  0 | TrAcc: 0.9791, TrLoss:  0.06871, VaAcc: 0.9526, VaLoss:  0.17581
 MAP NN | TrAcc: 0.9756 | VaAcc: 0.9556 | TeAcc: 0.9644
 S NN | TrAcc: 0.9620 | VaAcc: 0.9424 | TeAcc: 0.9658

131,  0 | TrAcc: 0.9784, TrLoss:  0.07218, VaAcc: 0.9521, VaLoss:  0.17141
 MAP NN | TrAcc: 0.9772 | VaAcc: 0.9526 | TeAcc: 0.9663
 S NN | TrAcc: 0.9723 | VaAcc: 0.9463 | TeAcc: 0.9663

132,  0 | TrAcc: 0.9821, TrLoss:  0.06220, VaAcc: 0.9580, VaLoss:  0.16524
 MAP NN | TrAcc: 0.9790 | VaAcc: 0.9551 | TeAcc: 0.9658
 S NN | TrAcc: 0.9760 | VaAcc: 0.9463 | TeAcc: 0.9707

133,  0 | TrAcc: 0.9832, TrLoss:  0.05970, VaAcc: 0.9561, VaLoss:  0.17289
 MAP NN | TrAcc: 0.9791 | VaAcc: 0.9492 | TeAcc: 0.9678
 S NN | TrAcc: 0.9625 | VaAcc: 0.9531 | TeAcc: 0.9658

134,  0 | TrAcc: 0.9828, TrLoss:  0.05877, VaAcc: 0.9570, VaLoss:  0.16617
 MAP NN | TrAcc: 0.9784 | VaAcc: 0.9536 | TeAcc: 0.9653
 S NN | TrAcc: 0.9751 | VaAcc: 0.9521 | TeAcc: 0.9629

135,  0 | TrAcc: 0.9818, TrLoss:  0.06221, VaAcc: 0.9580, VaLoss:  0.15810
 MAP NN | TrAcc: 0.9832 | VaAcc: 0.9536 | TeAcc: 0.9712
 S NN | TrAcc: 0.9695 | VaAcc: 0.9487 | TeAcc: 0.9658

136,  0 | TrAcc: 0.9823, TrLoss:  0.06033, VaAcc: 0.9590, VaLoss:  0.15426
 MAP NN | TrAcc: 0.9795 | VaAcc: 0.9546 | TeAcc: 0.9722
 S NN | TrAcc: 0.9716 | VaAcc: 0.9521 | TeAcc: 0.9683

137,  0 | TrAcc: 0.9810, TrLoss:  0.06521, VaAcc: 0.9561, VaLoss:  0.18589
 MAP NN | TrAcc: 0.9797 | VaAcc: 0.9546 | TeAcc: 0.9707
 S NN | TrAcc: 0.9642 | VaAcc: 0.9487 | TeAcc: 0.9663

138,  0 | TrAcc: 0.9796, TrLoss:  0.06663, VaAcc: 0.9585, VaLoss:  0.16692
 MAP NN | TrAcc: 0.9795 | VaAcc: 0.9521 | TeAcc: 0.9663
 S NN | TrAcc: 0.9698 | VaAcc: 0.9521 | TeAcc: 0.9668

139,  0 | TrAcc: 0.9827, TrLoss:  0.05885, VaAcc: 0.9614, VaLoss:  0.15630
 MAP NN | TrAcc: 0.9832 | VaAcc: 0.9541 | TeAcc: 0.9688
 S NN | TrAcc: 0.9727 | VaAcc: 0.9570 | TeAcc: 0.9668

140,  0 | TrAcc: 0.9838, TrLoss:  0.05716, VaAcc: 0.9556, VaLoss:  0.17288
 MAP NN | TrAcc: 0.9839 | VaAcc: 0.9565 | TeAcc: 0.9688
 S NN | TrAcc: 0.9739 | VaAcc: 0.9561 | TeAcc: 0.9736

141,  0 | TrAcc: 0.9838, TrLoss:  0.05535, VaAcc: 0.9570, VaLoss:  0.16788
 MAP NN | TrAcc: 0.9855 | VaAcc: 0.9575 | TeAcc: 0.9683
 S NN | TrAcc: 0.9771 | VaAcc: 0.9561 | TeAcc: 0.9678

142,  0 | TrAcc: 0.9851, TrLoss:  0.05587, VaAcc: 0.9614, VaLoss:  0.15203
 MAP NN | TrAcc: 0.9830 | VaAcc: 0.9565 | TeAcc: 0.9683
 S NN | TrAcc: 0.9780 | VaAcc: 0.9507 | TeAcc: 0.9688

143,  0 | TrAcc: 0.9825, TrLoss:  0.06284, VaAcc: 0.9546, VaLoss:  0.18258
 MAP NN | TrAcc: 0.9795 | VaAcc: 0.9497 | TeAcc: 0.9688
 S NN | TrAcc: 0.9702 | VaAcc: 0.9497 | TeAcc: 0.9653

144,  0 | TrAcc: 0.9852, TrLoss:  0.05408, VaAcc: 0.9570, VaLoss:  0.16359
 MAP NN | TrAcc: 0.9813 | VaAcc: 0.9517 | TeAcc: 0.9668
 S NN | TrAcc: 0.9697 | VaAcc: 0.9531 | TeAcc: 0.9683

145,  0 | TrAcc: 0.9781, TrLoss:  0.06693, VaAcc: 0.9556, VaLoss:  0.16746
 MAP NN | TrAcc: 0.9773 | VaAcc: 0.9468 | TeAcc: 0.9668
 S NN | TrAcc: 0.9697 | VaAcc: 0.9473 | TeAcc: 0.9653

146,  0 | TrAcc: 0.9808, TrLoss:  0.06186, VaAcc: 0.9556, VaLoss:  0.17462
 MAP NN | TrAcc: 0.9788 | VaAcc: 0.9551 | TeAcc: 0.9668
 S NN | TrAcc: 0.9751 | VaAcc: 0.9492 | TeAcc: 0.9688

147,  0 | TrAcc: 0.9833, TrLoss:  0.05431, VaAcc: 0.9551, VaLoss:  0.16237
 MAP NN | TrAcc: 0.9802 | VaAcc: 0.9521 | TeAcc: 0.9688
 S NN | TrAcc: 0.9766 | VaAcc: 0.9502 | TeAcc: 0.9653

148,  0 | TrAcc: 0.9840, TrLoss:  0.05692, VaAcc: 0.9595, VaLoss:  0.16431
 MAP NN | TrAcc: 0.9812 | VaAcc: 0.9556 | TeAcc: 0.9692
 S NN | TrAcc: 0.9774 | VaAcc: 0.9536 | TeAcc: 0.9678

149,  0 | TrAcc: 0.9857, TrLoss:  0.05062, VaAcc: 0.9600, VaLoss:  0.15220
 MAP NN | TrAcc: 0.9830 | VaAcc: 0.9580 | TeAcc: 0.9722
 S NN | TrAcc: 0.9757 | VaAcc: 0.9482 | TeAcc: 0.9648

150,  0 | TrAcc: 0.9838, TrLoss:  0.05638, VaAcc: 0.9595, VaLoss:  0.17991
 MAP NN | TrAcc: 0.9825 | VaAcc: 0.9521 | TeAcc: 0.9741
 S NN | TrAcc: 0.9745 | VaAcc: 0.9521 | TeAcc: 0.9697

151,  0 | TrAcc: 0.9843, TrLoss:  0.05081, VaAcc: 0.9556, VaLoss:  0.17327
 MAP NN | TrAcc: 0.9835 | VaAcc: 0.9561 | TeAcc: 0.9722
 S NN | TrAcc: 0.9775 | VaAcc: 0.9502 | TeAcc: 0.9600

152,  0 | TrAcc: 0.9856, TrLoss:  0.05020, VaAcc: 0.9600, VaLoss:  0.16254
 MAP NN | TrAcc: 0.9854 | VaAcc: 0.9580 | TeAcc: 0.9707
 S NN | TrAcc: 0.9789 | VaAcc: 0.9541 | TeAcc: 0.9639

153,  0 | TrAcc: 0.9855, TrLoss:  0.04967, VaAcc: 0.9556, VaLoss:  0.16813
 MAP NN | TrAcc: 0.9862 | VaAcc: 0.9565 | TeAcc: 0.9727
 S NN | TrAcc: 0.9785 | VaAcc: 0.9561 | TeAcc: 0.9688

154,  0 | TrAcc: 0.9871, TrLoss:  0.04522, VaAcc: 0.9639, VaLoss:  0.15057
 MAP NN | TrAcc: 0.9835 | VaAcc: 0.9595 | TeAcc: 0.9717
 S NN | TrAcc: 0.9784 | VaAcc: 0.9521 | TeAcc: 0.9614

155,  0 | TrAcc: 0.9836, TrLoss:  0.05443, VaAcc: 0.9565, VaLoss:  0.16410
 MAP NN | TrAcc: 0.9829 | VaAcc: 0.9575 | TeAcc: 0.9688
 S NN | TrAcc: 0.9781 | VaAcc: 0.9497 | TeAcc: 0.9707

156,  0 | TrAcc: 0.9865, TrLoss:  0.04908, VaAcc: 0.9565, VaLoss:  0.17877
 MAP NN | TrAcc: 0.9858 | VaAcc: 0.9575 | TeAcc: 0.9722
 S NN | TrAcc: 0.9767 | VaAcc: 0.9502 | TeAcc: 0.9668

157,  0 | TrAcc: 0.9865, TrLoss:  0.04738, VaAcc: 0.9561, VaLoss:  0.16394
 MAP NN | TrAcc: 0.9856 | VaAcc: 0.9546 | TeAcc: 0.9692
 S NN | TrAcc: 0.9807 | VaAcc: 0.9551 | TeAcc: 0.9653

158,  0 | TrAcc: 0.9852, TrLoss:  0.04983, VaAcc: 0.9590, VaLoss:  0.16243
 MAP NN | TrAcc: 0.9845 | VaAcc: 0.9600 | TeAcc: 0.9707
 S NN | TrAcc: 0.9744 | VaAcc: 0.9492 | TeAcc: 0.9722

159,  0 | TrAcc: 0.9847, TrLoss:  0.05090, VaAcc: 0.9604, VaLoss:  0.16576
 MAP NN | TrAcc: 0.9799 | VaAcc: 0.9541 | TeAcc: 0.9683
 S NN | TrAcc: 0.9769 | VaAcc: 0.9565 | TeAcc: 0.9663

160,  0 | TrAcc: 0.9860, TrLoss:  0.05351, VaAcc: 0.9580, VaLoss:  0.15709
 MAP NN | TrAcc: 0.9843 | VaAcc: 0.9536 | TeAcc: 0.9722
 S NN | TrAcc: 0.9777 | VaAcc: 0.9502 | TeAcc: 0.9692

161,  0 | TrAcc: 0.9843, TrLoss:  0.05491, VaAcc: 0.9561, VaLoss:  0.17330
 MAP NN | TrAcc: 0.9822 | VaAcc: 0.9502 | TeAcc: 0.9688
 S NN | TrAcc: 0.9766 | VaAcc: 0.9541 | TeAcc: 0.9678

162,  0 | TrAcc: 0.9862, TrLoss:  0.05173, VaAcc: 0.9551, VaLoss:  0.17308
 MAP NN | TrAcc: 0.9844 | VaAcc: 0.9541 | TeAcc: 0.9702
 S NN | TrAcc: 0.9786 | VaAcc: 0.9541 | TeAcc: 0.9707

163,  0 | TrAcc: 0.9879, TrLoss:  0.04693, VaAcc: 0.9565, VaLoss:  0.17942
 MAP NN | TrAcc: 0.9871 | VaAcc: 0.9561 | TeAcc: 0.9707
 S NN | TrAcc: 0.9772 | VaAcc: 0.9551 | TeAcc: 0.9688

164,  0 | TrAcc: 0.9835, TrLoss:  0.05283, VaAcc: 0.9546, VaLoss:  0.18857
 MAP NN | TrAcc: 0.9817 | VaAcc: 0.9512 | TeAcc: 0.9673
 S NN | TrAcc: 0.9756 | VaAcc: 0.9453 | TeAcc: 0.9644

165,  0 | TrAcc: 0.9855, TrLoss:  0.04831, VaAcc: 0.9580, VaLoss:  0.16812
 MAP NN | TrAcc: 0.9852 | VaAcc: 0.9570 | TeAcc: 0.9707
 S NN | TrAcc: 0.9786 | VaAcc: 0.9585 | TeAcc: 0.9722

166,  0 | TrAcc: 0.9850, TrLoss:  0.05104, VaAcc: 0.9570, VaLoss:  0.17084
 MAP NN | TrAcc: 0.9823 | VaAcc: 0.9531 | TeAcc: 0.9722
 S NN | TrAcc: 0.9666 | VaAcc: 0.9478 | TeAcc: 0.9634

167,  0 | TrAcc: 0.9866, TrLoss:  0.04550, VaAcc: 0.9561, VaLoss:  0.16761
 MAP NN | TrAcc: 0.9871 | VaAcc: 0.9570 | TeAcc: 0.9746
 S NN | TrAcc: 0.9805 | VaAcc: 0.9517 | TeAcc: 0.9692

168,  0 | TrAcc: 0.9874, TrLoss:  0.04495, VaAcc: 0.9585, VaLoss:  0.15914
 MAP NN | TrAcc: 0.9829 | VaAcc: 0.9541 | TeAcc: 0.9712
 S NN | TrAcc: 0.9812 | VaAcc: 0.9531 | TeAcc: 0.9644

169,  0 | TrAcc: 0.9879, TrLoss:  0.04349, VaAcc: 0.9536, VaLoss:  0.18315
 MAP NN | TrAcc: 0.9882 | VaAcc: 0.9521 | TeAcc: 0.9712
 S NN | TrAcc: 0.9794 | VaAcc: 0.9521 | TeAcc: 0.9712

170,  0 | TrAcc: 0.9862, TrLoss:  0.04513, VaAcc: 0.9556, VaLoss:  0.17034
 MAP NN | TrAcc: 0.9882 | VaAcc: 0.9556 | TeAcc: 0.9717
 S NN | TrAcc: 0.9811 | VaAcc: 0.9521 | TeAcc: 0.9702

171,  0 | TrAcc: 0.9872, TrLoss:  0.04480, VaAcc: 0.9521, VaLoss:  0.17347
 MAP NN | TrAcc: 0.9845 | VaAcc: 0.9541 | TeAcc: 0.9668
 S NN | TrAcc: 0.9777 | VaAcc: 0.9531 | TeAcc: 0.9678

172,  0 | TrAcc: 0.9891, TrLoss:  0.04280, VaAcc: 0.9575, VaLoss:  0.16191
 MAP NN | TrAcc: 0.9878 | VaAcc: 0.9580 | TeAcc: 0.9707
 S NN | TrAcc: 0.9808 | VaAcc: 0.9521 | TeAcc: 0.9697

173,  0 | TrAcc: 0.9894, TrLoss:  0.03825, VaAcc: 0.9595, VaLoss:  0.16203
 MAP NN | TrAcc: 0.9873 | VaAcc: 0.9575 | TeAcc: 0.9707
 S NN | TrAcc: 0.9805 | VaAcc: 0.9487 | TeAcc: 0.9683

174,  0 | TrAcc: 0.9883, TrLoss:  0.04042, VaAcc: 0.9624, VaLoss:  0.15389
 MAP NN | TrAcc: 0.9882 | VaAcc: 0.9590 | TeAcc: 0.9727
 S NN | TrAcc: 0.9834 | VaAcc: 0.9517 | TeAcc: 0.9722

175,  0 | TrAcc: 0.9858, TrLoss:  0.04772, VaAcc: 0.9546, VaLoss:  0.17071
 MAP NN | TrAcc: 0.9865 | VaAcc: 0.9575 | TeAcc: 0.9727
 S NN | TrAcc: 0.9790 | VaAcc: 0.9556 | TeAcc: 0.9717

176,  0 | TrAcc: 0.9885, TrLoss:  0.04075, VaAcc: 0.9570, VaLoss:  0.16519
 MAP NN | TrAcc: 0.9885 | VaAcc: 0.9609 | TeAcc: 0.9731
 S NN | TrAcc: 0.9810 | VaAcc: 0.9565 | TeAcc: 0.9702

177,  0 | TrAcc: 0.9861, TrLoss:  0.04808, VaAcc: 0.9595, VaLoss:  0.17723
 MAP NN | TrAcc: 0.9824 | VaAcc: 0.9551 | TeAcc: 0.9717
 S NN | TrAcc: 0.9742 | VaAcc: 0.9521 | TeAcc: 0.9702

178,  0 | TrAcc: 0.9874, TrLoss:  0.04402, VaAcc: 0.9600, VaLoss:  0.16921
 MAP NN | TrAcc: 0.9862 | VaAcc: 0.9556 | TeAcc: 0.9697
 S NN | TrAcc: 0.9810 | VaAcc: 0.9521 | TeAcc: 0.9673

179,  0 | TrAcc: 0.9885, TrLoss:  0.04228, VaAcc: 0.9565, VaLoss:  0.17580
 MAP NN | TrAcc: 0.9860 | VaAcc: 0.9521 | TeAcc: 0.9673
 S NN | TrAcc: 0.9783 | VaAcc: 0.9473 | TeAcc: 0.9644

180,  0 | TrAcc: 0.9890, TrLoss:  0.03858, VaAcc: 0.9629, VaLoss:  0.14744
 MAP NN | TrAcc: 0.9890 | VaAcc: 0.9551 | TeAcc: 0.9712
 S NN | TrAcc: 0.9817 | VaAcc: 0.9502 | TeAcc: 0.9697

181,  0 | TrAcc: 0.9854, TrLoss:  0.04902, VaAcc: 0.9565, VaLoss:  0.17465
 MAP NN | TrAcc: 0.9865 | VaAcc: 0.9561 | TeAcc: 0.9692
 S NN | TrAcc: 0.9783 | VaAcc: 0.9546 | TeAcc: 0.9673

182,  0 | TrAcc: 0.9868, TrLoss:  0.04456, VaAcc: 0.9565, VaLoss:  0.17316
 MAP NN | TrAcc: 0.9802 | VaAcc: 0.9517 | TeAcc: 0.9683
 S NN | TrAcc: 0.9794 | VaAcc: 0.9561 | TeAcc: 0.9644

183,  0 | TrAcc: 0.9879, TrLoss:  0.04005, VaAcc: 0.9595, VaLoss:  0.15545
 MAP NN | TrAcc: 0.9899 | VaAcc: 0.9590 | TeAcc: 0.9702
 S NN | TrAcc: 0.9807 | VaAcc: 0.9580 | TeAcc: 0.9702

184,  0 | TrAcc: 0.9889, TrLoss:  0.03924, VaAcc: 0.9604, VaLoss:  0.16226
 MAP NN | TrAcc: 0.9897 | VaAcc: 0.9590 | TeAcc: 0.9683
 S NN | TrAcc: 0.9841 | VaAcc: 0.9517 | TeAcc: 0.9673

185,  0 | TrAcc: 0.9906, TrLoss:  0.03644, VaAcc: 0.9575, VaLoss:  0.17204
 MAP NN | TrAcc: 0.9891 | VaAcc: 0.9546 | TeAcc: 0.9697
 S NN | TrAcc: 0.9825 | VaAcc: 0.9517 | TeAcc: 0.9673

186,  0 | TrAcc: 0.9899, TrLoss:  0.03777, VaAcc: 0.9609, VaLoss:  0.15259
 MAP NN | TrAcc: 0.9897 | VaAcc: 0.9541 | TeAcc: 0.9722
 S NN | TrAcc: 0.9830 | VaAcc: 0.9531 | TeAcc: 0.9712

187,  0 | TrAcc: 0.9900, TrLoss:  0.03560, VaAcc: 0.9546, VaLoss:  0.17614
 MAP NN | TrAcc: 0.9894 | VaAcc: 0.9561 | TeAcc: 0.9712
 S NN | TrAcc: 0.9851 | VaAcc: 0.9556 | TeAcc: 0.9668

188,  0 | TrAcc: 0.9895, TrLoss:  0.03585, VaAcc: 0.9580, VaLoss:  0.16983
 MAP NN | TrAcc: 0.9886 | VaAcc: 0.9526 | TeAcc: 0.9707
 S NN | TrAcc: 0.9849 | VaAcc: 0.9492 | TeAcc: 0.9688

189,  0 | TrAcc: 0.9900, TrLoss:  0.03581, VaAcc: 0.9619, VaLoss:  0.16267
 MAP NN | TrAcc: 0.9890 | VaAcc: 0.9570 | TeAcc: 0.9697
 S NN | TrAcc: 0.9849 | VaAcc: 0.9541 | TeAcc: 0.9692

190,  0 | TrAcc: 0.9907, TrLoss:  0.03501, VaAcc: 0.9600, VaLoss:  0.17466
 MAP NN | TrAcc: 0.9884 | VaAcc: 0.9590 | TeAcc: 0.9702
 S NN | TrAcc: 0.9857 | VaAcc: 0.9512 | TeAcc: 0.9731

191,  0 | TrAcc: 0.9912, TrLoss:  0.03395, VaAcc: 0.9570, VaLoss:  0.17450
 MAP NN | TrAcc: 0.9906 | VaAcc: 0.9565 | TeAcc: 0.9722
 S NN | TrAcc: 0.9861 | VaAcc: 0.9531 | TeAcc: 0.9648

192,  0 | TrAcc: 0.9910, TrLoss:  0.03504, VaAcc: 0.9595, VaLoss:  0.15807
 MAP NN | TrAcc: 0.9906 | VaAcc: 0.9585 | TeAcc: 0.9697
 S NN | TrAcc: 0.9854 | VaAcc: 0.9556 | TeAcc: 0.9678

193,  0 | TrAcc: 0.9904, TrLoss:  0.03512, VaAcc: 0.9585, VaLoss:  0.16701
 MAP NN | TrAcc: 0.9885 | VaAcc: 0.9585 | TeAcc: 0.9707
 S NN | TrAcc: 0.9868 | VaAcc: 0.9561 | TeAcc: 0.9678

194,  0 | TrAcc: 0.9908, TrLoss:  0.03433, VaAcc: 0.9644, VaLoss:  0.14967
 MAP NN | TrAcc: 0.9886 | VaAcc: 0.9570 | TeAcc: 0.9688
 S NN | TrAcc: 0.9816 | VaAcc: 0.9531 | TeAcc: 0.9697

195,  0 | TrAcc: 0.9910, TrLoss:  0.03396, VaAcc: 0.9600, VaLoss:  0.16252
 MAP NN | TrAcc: 0.9908 | VaAcc: 0.9556 | TeAcc: 0.9683
 S NN | TrAcc: 0.9856 | VaAcc: 0.9546 | TeAcc: 0.9702

196,  0 | TrAcc: 0.9895, TrLoss:  0.03572, VaAcc: 0.9590, VaLoss:  0.16439
 MAP NN | TrAcc: 0.9894 | VaAcc: 0.9546 | TeAcc: 0.9702
 S NN | TrAcc: 0.9822 | VaAcc: 0.9517 | TeAcc: 0.9727

197,  0 | TrAcc: 0.9897, TrLoss:  0.03407, VaAcc: 0.9614, VaLoss:  0.16195
 MAP NN | TrAcc: 0.9922 | VaAcc: 0.9575 | TeAcc: 0.9736
 S NN | TrAcc: 0.9840 | VaAcc: 0.9575 | TeAcc: 0.9663

198,  0 | TrAcc: 0.9910, TrLoss:  0.03345, VaAcc: 0.9585, VaLoss:  0.18248
 MAP NN | TrAcc: 0.9889 | VaAcc: 0.9556 | TeAcc: 0.9717
 S NN | TrAcc: 0.9844 | VaAcc: 0.9497 | TeAcc: 0.9736

199,  0 | TrAcc: 0.9883, TrLoss:  0.03855, VaAcc: 0.9565, VaLoss:  0.16011
 MAP NN | TrAcc: 0.9906 | VaAcc: 0.9595 | TeAcc: 0.9702
 S NN | TrAcc: 0.9862 | VaAcc: 0.9517 | TeAcc: 0.9707

Results for va_b
Metric: elogl 
 0.307 in iteration    0
Metric: acc   
 96.44 % in iteration  194
Results for va_s
Metric: acc   
 95.85 % in iteration  165
Metric: loss  
EARLY STOP FOR te_s
 97.22 % in iteration  165
