2019-03-25 22:52:30.157434: I tensorflow/core/platform/cpu_feature_guard.cc:137] Your CPU supports instructions that this TensorFlow binary was not compiled to use: SSE4.1 SSE4.2 AVX AVX2 FMA
2019-03-25 22:52:30.275344: I tensorflow/core/common_runtime/gpu/gpu_device.cc:1105] Found device 0 with properties: 
name: GeForce GTX 960 major: 5 minor: 2 memoryClockRate(GHz): 1.2405
pciBusID: 0000:03:00.0
totalMemory: 3.95GiB freeMemory: 221.75MiB
2019-03-25 22:52:30.275442: I tensorflow/core/common_runtime/gpu/gpu_device.cc:1195] Creating TensorFlow device (/device:GPU:0) -> (device: 0, name: GeForce GTX 960, pci bus id: 0000:03:00.0, compute capability: 5.2)
2019-03-25 22:52:39.744420: E tensorflow/stream_executor/cuda/cuda_blas.cc:444] failed to create cublas handle: CUBLAS_STATUS_NOT_INITIALIZED
2019-03-25 22:52:39.754508: E tensorflow/stream_executor/cuda/cuda_blas.cc:444] failed to create cublas handle: CUBLAS_STATUS_NOT_INITIALIZED
2019-03-25 22:52:39.762694: E tensorflow/stream_executor/cuda/cuda_blas.cc:444] failed to create cublas handle: CUBLAS_STATUS_NOT_INITIALIZED
2019-03-25 22:52:39.766176: E tensorflow/stream_executor/cuda/cuda_blas.cc:444] failed to create cublas handle: CUBLAS_STATUS_NOT_INITIALIZED
2019-03-25 22:52:39.769385: E tensorflow/stream_executor/cuda/cuda_blas.cc:444] failed to create cublas handle: CUBLAS_STATUS_NOT_INITIALIZED
2019-03-25 22:52:39.772583: E tensorflow/stream_executor/cuda/cuda_blas.cc:444] failed to create cublas handle: CUBLAS_STATUS_NOT_INITIALIZED
2019-03-25 22:52:39.775916: E tensorflow/stream_executor/cuda/cuda_blas.cc:444] failed to create cublas handle: CUBLAS_STATUS_NOT_INITIALIZED
2019-03-25 22:52:39.779024: E tensorflow/stream_executor/cuda/cuda_blas.cc:444] failed to create cublas handle: CUBLAS_STATUS_NOT_INITIALIZED
2019-03-25 22:52:39.782177: E tensorflow/stream_executor/cuda/cuda_blas.cc:444] failed to create cublas handle: CUBLAS_STATUS_NOT_INITIALIZED
2019-03-25 22:52:39.785260: E tensorflow/stream_executor/cuda/cuda_blas.cc:444] failed to create cublas handle: CUBLAS_STATUS_NOT_INITIALIZED
2019-03-25 22:52:39.788381: E tensorflow/stream_executor/cuda/cuda_blas.cc:444] failed to create cublas handle: CUBLAS_STATUS_NOT_INITIALIZED
2019-03-25 22:52:39.791403: E tensorflow/stream_executor/cuda/cuda_blas.cc:444] failed to create cublas handle: CUBLAS_STATUS_NOT_INITIALIZED
2019-03-25 22:52:39.794431: E tensorflow/stream_executor/cuda/cuda_blas.cc:444] failed to create cublas handle: CUBLAS_STATUS_NOT_INITIALIZED
2019-03-25 22:52:39.797456: E tensorflow/stream_executor/cuda/cuda_blas.cc:444] failed to create cublas handle: CUBLAS_STATUS_NOT_INITIALIZED
2019-03-25 22:52:39.800485: E tensorflow/stream_executor/cuda/cuda_blas.cc:444] failed to create cublas handle: CUBLAS_STATUS_NOT_INITIALIZED
2019-03-25 22:52:39.803452: E tensorflow/stream_executor/cuda/cuda_blas.cc:444] failed to create cublas handle: CUBLAS_STATUS_NOT_INITIALIZED
2019-03-25 22:52:39.806523: E tensorflow/stream_executor/cuda/cuda_blas.cc:444] failed to create cublas handle: CUBLAS_STATUS_NOT_INITIALIZED
2019-03-25 22:52:39.809425: E tensorflow/stream_executor/cuda/cuda_blas.cc:444] failed to create cublas handle: CUBLAS_STATUS_NOT_INITIALIZED
2019-03-25 22:52:39.812422: E tensorflow/stream_executor/cuda/cuda_blas.cc:444] failed to create cublas handle: CUBLAS_STATUS_NOT_INITIALIZED
2019-03-25 22:52:39.815327: E tensorflow/stream_executor/cuda/cuda_blas.cc:444] failed to create cublas handle: CUBLAS_STATUS_NOT_INITIALIZED
2019-03-25 22:52:39.818236: E tensorflow/stream_executor/cuda/cuda_blas.cc:444] failed to create cublas handle: CUBLAS_STATUS_NOT_INITIALIZED
2019-03-25 22:52:39.821200: E tensorflow/stream_executor/cuda/cuda_blas.cc:444] failed to create cublas handle: CUBLAS_STATUS_NOT_INITIALIZED
2019-03-25 22:52:39.824099: E tensorflow/stream_executor/cuda/cuda_blas.cc:444] failed to create cublas handle: CUBLAS_STATUS_NOT_INITIALIZED
2019-03-25 22:52:39.827015: E tensorflow/stream_executor/cuda/cuda_blas.cc:444] failed to create cublas handle: CUBLAS_STATUS_NOT_INITIALIZED
2019-03-25 22:52:39.829969: E tensorflow/stream_executor/cuda/cuda_blas.cc:444] failed to create cublas handle: CUBLAS_STATUS_NOT_INITIALIZED
2019-03-25 22:52:39.832900: E tensorflow/stream_executor/cuda/cuda_blas.cc:444] failed to create cublas handle: CUBLAS_STATUS_NOT_INITIALIZED
2019-03-25 22:52:39.835854: E tensorflow/stream_executor/cuda/cuda_blas.cc:444] failed to create cublas handle: CUBLAS_STATUS_NOT_INITIALIZED
2019-03-25 22:52:39.838792: E tensorflow/stream_executor/cuda/cuda_blas.cc:444] failed to create cublas handle: CUBLAS_STATUS_NOT_INITIALIZED
2019-03-25 22:52:39.841746: E tensorflow/stream_executor/cuda/cuda_blas.cc:444] failed to create cublas handle: CUBLAS_STATUS_NOT_INITIALIZED
2019-03-25 22:52:39.844653: E tensorflow/stream_executor/cuda/cuda_blas.cc:444] failed to create cublas handle: CUBLAS_STATUS_NOT_INITIALIZED
2019-03-25 22:52:39.847541: E tensorflow/stream_executor/cuda/cuda_blas.cc:444] failed to create cublas handle: CUBLAS_STATUS_NOT_INITIALIZED
2019-03-25 22:52:39.850492: E tensorflow/stream_executor/cuda/cuda_blas.cc:444] failed to create cublas handle: CUBLAS_STATUS_NOT_INITIALIZED
2019-03-25 22:52:39.853444: E tensorflow/stream_executor/cuda/cuda_blas.cc:444] failed to create cublas handle: CUBLAS_STATUS_NOT_INITIALIZED
2019-03-25 22:52:39.856354: E tensorflow/stream_executor/cuda/cuda_blas.cc:444] failed to create cublas handle: CUBLAS_STATUS_NOT_INITIALIZED
2019-03-25 22:52:39.859254: E tensorflow/stream_executor/cuda/cuda_blas.cc:444] failed to create cublas handle: CUBLAS_STATUS_NOT_INITIALIZED
2019-03-25 22:52:39.862176: E tensorflow/stream_executor/cuda/cuda_blas.cc:444] failed to create cublas handle: CUBLAS_STATUS_NOT_INITIALIZED
2019-03-25 22:52:39.865095: E tensorflow/stream_executor/cuda/cuda_blas.cc:444] failed to create cublas handle: CUBLAS_STATUS_NOT_INITIALIZED
2019-03-25 22:52:39.868041: E tensorflow/stream_executor/cuda/cuda_blas.cc:444] failed to create cublas handle: CUBLAS_STATUS_NOT_INITIALIZED
2019-03-25 22:52:39.870985: E tensorflow/stream_executor/cuda/cuda_blas.cc:444] failed to create cublas handle: CUBLAS_STATUS_NOT_INITIALIZED
2019-03-25 22:52:39.873925: E tensorflow/stream_executor/cuda/cuda_blas.cc:444] failed to create cublas handle: CUBLAS_STATUS_NOT_INITIALIZED
2019-03-25 22:52:39.876851: E tensorflow/stream_executor/cuda/cuda_blas.cc:444] failed to create cublas handle: CUBLAS_STATUS_NOT_INITIALIZED
2019-03-25 22:52:39.879766: E tensorflow/stream_executor/cuda/cuda_blas.cc:444] failed to create cublas handle: CUBLAS_STATUS_NOT_INITIALIZED
2019-03-25 22:52:39.882714: E tensorflow/stream_executor/cuda/cuda_blas.cc:444] failed to create cublas handle: CUBLAS_STATUS_NOT_INITIALIZED
2019-03-25 22:52:39.885591: E tensorflow/stream_executor/cuda/cuda_blas.cc:444] failed to create cublas handle: CUBLAS_STATUS_NOT_INITIALIZED
2019-03-25 22:52:39.888524: E tensorflow/stream_executor/cuda/cuda_blas.cc:444] failed to create cublas handle: CUBLAS_STATUS_NOT_INITIALIZED
2019-03-25 22:52:39.891420: E tensorflow/stream_executor/cuda/cuda_blas.cc:444] failed to create cublas handle: CUBLAS_STATUS_NOT_INITIALIZED
2019-03-25 22:52:39.894332: E tensorflow/stream_executor/cuda/cuda_blas.cc:444] failed to create cublas handle: CUBLAS_STATUS_NOT_INITIALIZED
2019-03-25 22:52:39.897255: E tensorflow/stream_executor/cuda/cuda_blas.cc:444] failed to create cublas handle: CUBLAS_STATUS_NOT_INITIALIZED
2019-03-25 22:52:39.900159: E tensorflow/stream_executor/cuda/cuda_blas.cc:444] failed to create cublas handle: CUBLAS_STATUS_NOT_INITIALIZED
2019-03-25 22:52:39.903069: E tensorflow/stream_executor/cuda/cuda_blas.cc:444] failed to create cublas handle: CUBLAS_STATUS_NOT_INITIALIZED
2019-03-25 22:52:39.906042: E tensorflow/stream_executor/cuda/cuda_blas.cc:444] failed to create cublas handle: CUBLAS_STATUS_NOT_INITIALIZED
2019-03-25 22:52:39.908975: E tensorflow/stream_executor/cuda/cuda_blas.cc:444] failed to create cublas handle: CUBLAS_STATUS_NOT_INITIALIZED
2019-03-25 22:52:39.911908: E tensorflow/stream_executor/cuda/cuda_blas.cc:444] failed to create cublas handle: CUBLAS_STATUS_NOT_INITIALIZED
2019-03-25 22:52:39.914816: E tensorflow/stream_executor/cuda/cuda_blas.cc:444] failed to create cublas handle: CUBLAS_STATUS_NOT_INITIALIZED
2019-03-25 22:52:39.917744: E tensorflow/stream_executor/cuda/cuda_blas.cc:444] failed to create cublas handle: CUBLAS_STATUS_NOT_INITIALIZED
2019-03-25 22:52:39.920695: E tensorflow/stream_executor/cuda/cuda_blas.cc:444] failed to create cublas handle: CUBLAS_STATUS_NOT_INITIALIZED
2019-03-25 22:52:39.923596: E tensorflow/stream_executor/cuda/cuda_blas.cc:444] failed to create cublas handle: CUBLAS_STATUS_NOT_INITIALIZED
2019-03-25 22:52:39.926473: E tensorflow/stream_executor/cuda/cuda_blas.cc:444] failed to create cublas handle: CUBLAS_STATUS_NOT_INITIALIZED
2019-03-25 22:52:39.929401: E tensorflow/stream_executor/cuda/cuda_blas.cc:444] failed to create cublas handle: CUBLAS_STATUS_NOT_INITIALIZED
2019-03-25 22:52:39.932327: E tensorflow/stream_executor/cuda/cuda_blas.cc:444] failed to create cublas handle: CUBLAS_STATUS_NOT_INITIALIZED
2019-03-25 22:52:39.935226: E tensorflow/stream_executor/cuda/cuda_blas.cc:444] failed to create cublas handle: CUBLAS_STATUS_NOT_INITIALIZED
2019-03-25 22:52:39.938161: E tensorflow/stream_executor/cuda/cuda_blas.cc:444] failed to create cublas handle: CUBLAS_STATUS_NOT_INITIALIZED
2019-03-25 22:52:39.941079: E tensorflow/stream_executor/cuda/cuda_blas.cc:444] failed to create cublas handle: CUBLAS_STATUS_NOT_INITIALIZED
2019-03-25 22:52:39.943985: E tensorflow/stream_executor/cuda/cuda_blas.cc:444] failed to create cublas handle: CUBLAS_STATUS_NOT_INITIALIZED
2019-03-25 22:52:39.946887: E tensorflow/stream_executor/cuda/cuda_blas.cc:444] failed to create cublas handle: CUBLAS_STATUS_NOT_INITIALIZED
2019-03-25 22:52:39.949805: E tensorflow/stream_executor/cuda/cuda_blas.cc:444] failed to create cublas handle: CUBLAS_STATUS_NOT_INITIALIZED
2019-03-25 22:52:39.952775: E tensorflow/stream_executor/cuda/cuda_blas.cc:444] failed to create cublas handle: CUBLAS_STATUS_NOT_INITIALIZED
2019-03-25 22:52:39.955682: E tensorflow/stream_executor/cuda/cuda_blas.cc:444] failed to create cublas handle: CUBLAS_STATUS_NOT_INITIALIZED
2019-03-25 22:52:39.958647: E tensorflow/stream_executor/cuda/cuda_blas.cc:444] failed to create cublas handle: CUBLAS_STATUS_NOT_INITIALIZED
2019-03-25 22:52:39.961551: E tensorflow/stream_executor/cuda/cuda_blas.cc:444] failed to create cublas handle: CUBLAS_STATUS_NOT_INITIALIZED
2019-03-25 22:52:39.964489: E tensorflow/stream_executor/cuda/cuda_blas.cc:444] failed to create cublas handle: CUBLAS_STATUS_NOT_INITIALIZED
2019-03-25 22:52:39.967445: E tensorflow/stream_executor/cuda/cuda_blas.cc:444] failed to create cublas handle: CUBLAS_STATUS_NOT_INITIALIZED
2019-03-25 22:52:39.970333: E tensorflow/stream_executor/cuda/cuda_blas.cc:444] failed to create cublas handle: CUBLAS_STATUS_NOT_INITIALIZED
2019-03-25 22:52:39.973239: E tensorflow/stream_executor/cuda/cuda_blas.cc:444] failed to create cublas handle: CUBLAS_STATUS_NOT_INITIALIZED
2019-03-25 22:52:39.976185: E tensorflow/stream_executor/cuda/cuda_blas.cc:444] failed to create cublas handle: CUBLAS_STATUS_NOT_INITIALIZED
2019-03-25 22:52:39.979097: E tensorflow/stream_executor/cuda/cuda_blas.cc:444] failed to create cublas handle: CUBLAS_STATUS_NOT_INITIALIZED
2019-03-25 22:52:39.982020: E tensorflow/stream_executor/cuda/cuda_blas.cc:444] failed to create cublas handle: CUBLAS_STATUS_NOT_INITIALIZED
2019-03-25 22:52:39.984942: E tensorflow/stream_executor/cuda/cuda_blas.cc:444] failed to create cublas handle: CUBLAS_STATUS_NOT_INITIALIZED
2019-03-25 22:52:39.987816: E tensorflow/stream_executor/cuda/cuda_blas.cc:444] failed to create cublas handle: CUBLAS_STATUS_NOT_INITIALIZED
2019-03-25 22:52:39.990746: E tensorflow/stream_executor/cuda/cuda_blas.cc:444] failed to create cublas handle: CUBLAS_STATUS_NOT_INITIALIZED
2019-03-25 22:52:39.993678: E tensorflow/stream_executor/cuda/cuda_blas.cc:444] failed to create cublas handle: CUBLAS_STATUS_NOT_INITIALIZED
2019-03-25 22:52:39.996605: E tensorflow/stream_executor/cuda/cuda_blas.cc:444] failed to create cublas handle: CUBLAS_STATUS_NOT_INITIALIZED
2019-03-25 22:52:39.999514: E tensorflow/stream_executor/cuda/cuda_blas.cc:444] failed to create cublas handle: CUBLAS_STATUS_NOT_INITIALIZED
2019-03-25 22:52:40.002412: E tensorflow/stream_executor/cuda/cuda_blas.cc:444] failed to create cublas handle: CUBLAS_STATUS_NOT_INITIALIZED
2019-03-25 22:52:40.005320: E tensorflow/stream_executor/cuda/cuda_blas.cc:444] failed to create cublas handle: CUBLAS_STATUS_NOT_INITIALIZED
2019-03-25 22:52:40.008265: E tensorflow/stream_executor/cuda/cuda_blas.cc:444] failed to create cublas handle: CUBLAS_STATUS_NOT_INITIALIZED
2019-03-25 22:52:40.011180: E tensorflow/stream_executor/cuda/cuda_blas.cc:444] failed to create cublas handle: CUBLAS_STATUS_NOT_INITIALIZED
2019-03-25 22:52:40.014101: E tensorflow/stream_executor/cuda/cuda_blas.cc:444] failed to create cublas handle: CUBLAS_STATUS_NOT_INITIALIZED
2019-03-25 22:52:40.017011: E tensorflow/stream_executor/cuda/cuda_blas.cc:444] failed to create cublas handle: CUBLAS_STATUS_NOT_INITIALIZED
2019-03-25 22:52:40.019913: E tensorflow/stream_executor/cuda/cuda_blas.cc:444] failed to create cublas handle: CUBLAS_STATUS_NOT_INITIALIZED
2019-03-25 22:52:40.022841: E tensorflow/stream_executor/cuda/cuda_blas.cc:444] failed to create cublas handle: CUBLAS_STATUS_NOT_INITIALIZED
2019-03-25 22:52:40.025763: E tensorflow/stream_executor/cuda/cuda_blas.cc:444] failed to create cublas handle: CUBLAS_STATUS_NOT_INITIALIZED
2019-03-25 22:52:40.028663: E tensorflow/stream_executor/cuda/cuda_blas.cc:444] failed to create cublas handle: CUBLAS_STATUS_NOT_INITIALIZED
2019-03-25 22:52:40.031576: E tensorflow/stream_executor/cuda/cuda_blas.cc:444] failed to create cublas handle: CUBLAS_STATUS_NOT_INITIALIZED
2019-03-25 22:52:40.034440: E tensorflow/stream_executor/cuda/cuda_blas.cc:444] failed to create cublas handle: CUBLAS_STATUS_NOT_INITIALIZED
2019-03-25 22:52:40.037366: E tensorflow/stream_executor/cuda/cuda_blas.cc:444] failed to create cublas handle: CUBLAS_STATUS_NOT_INITIALIZED
2019-03-25 22:52:40.040293: E tensorflow/stream_executor/cuda/cuda_blas.cc:444] failed to create cublas handle: CUBLAS_STATUS_NOT_INITIALIZED
2019-03-25 22:52:40.043197: E tensorflow/stream_executor/cuda/cuda_blas.cc:444] failed to create cublas handle: CUBLAS_STATUS_NOT_INITIALIZED
2019-03-25 22:52:40.046120: E tensorflow/stream_executor/cuda/cuda_blas.cc:444] failed to create cublas handle: CUBLAS_STATUS_NOT_INITIALIZED
2019-03-25 22:52:40.049028: E tensorflow/stream_executor/cuda/cuda_blas.cc:444] failed to create cublas handle: CUBLAS_STATUS_NOT_INITIALIZED
2019-03-25 22:52:40.051913: E tensorflow/stream_executor/cuda/cuda_blas.cc:444] failed to create cublas handle: CUBLAS_STATUS_NOT_INITIALIZED
2019-03-25 22:52:40.054824: E tensorflow/stream_executor/cuda/cuda_blas.cc:444] failed to create cublas handle: CUBLAS_STATUS_NOT_INITIALIZED
2019-03-25 22:52:40.057796: E tensorflow/stream_executor/cuda/cuda_blas.cc:444] failed to create cublas handle: CUBLAS_STATUS_NOT_INITIALIZED
2019-03-25 22:52:40.060732: E tensorflow/stream_executor/cuda/cuda_blas.cc:444] failed to create cublas handle: CUBLAS_STATUS_NOT_INITIALIZED
2019-03-25 22:52:40.063682: E tensorflow/stream_executor/cuda/cuda_blas.cc:444] failed to create cublas handle: CUBLAS_STATUS_NOT_INITIALIZED
2019-03-25 22:52:40.066572: E tensorflow/stream_executor/cuda/cuda_blas.cc:444] failed to create cublas handle: CUBLAS_STATUS_NOT_INITIALIZED
2019-03-25 22:52:40.069491: E tensorflow/stream_executor/cuda/cuda_blas.cc:444] failed to create cublas handle: CUBLAS_STATUS_NOT_INITIALIZED
2019-03-25 22:52:40.072439: E tensorflow/stream_executor/cuda/cuda_blas.cc:444] failed to create cublas handle: CUBLAS_STATUS_NOT_INITIALIZED
2019-03-25 22:52:40.075349: E tensorflow/stream_executor/cuda/cuda_blas.cc:444] failed to create cublas handle: CUBLAS_STATUS_NOT_INITIALIZED
2019-03-25 22:52:40.078261: E tensorflow/stream_executor/cuda/cuda_blas.cc:444] failed to create cublas handle: CUBLAS_STATUS_NOT_INITIALIZED
2019-03-25 22:52:40.081142: E tensorflow/stream_executor/cuda/cuda_blas.cc:444] failed to create cublas handle: CUBLAS_STATUS_NOT_INITIALIZED
2019-03-25 22:52:40.084085: E tensorflow/stream_executor/cuda/cuda_blas.cc:444] failed to create cublas handle: CUBLAS_STATUS_NOT_INITIALIZED
2019-03-25 22:52:40.087001: E tensorflow/stream_executor/cuda/cuda_blas.cc:444] failed to create cublas handle: CUBLAS_STATUS_NOT_INITIALIZED
2019-03-25 22:52:40.089944: E tensorflow/stream_executor/cuda/cuda_blas.cc:444] failed to create cublas handle: CUBLAS_STATUS_NOT_INITIALIZED
2019-03-25 22:52:40.092875: E tensorflow/stream_executor/cuda/cuda_blas.cc:444] failed to create cublas handle: CUBLAS_STATUS_NOT_INITIALIZED
2019-03-25 22:52:40.095784: E tensorflow/stream_executor/cuda/cuda_blas.cc:444] failed to create cublas handle: CUBLAS_STATUS_NOT_INITIALIZED
2019-03-25 22:52:40.098698: E tensorflow/stream_executor/cuda/cuda_blas.cc:444] failed to create cublas handle: CUBLAS_STATUS_NOT_INITIALIZED
2019-03-25 22:52:40.101590: E tensorflow/stream_executor/cuda/cuda_blas.cc:444] failed to create cublas handle: CUBLAS_STATUS_NOT_INITIALIZED
2019-03-25 22:52:40.104495: E tensorflow/stream_executor/cuda/cuda_blas.cc:444] failed to create cublas handle: CUBLAS_STATUS_NOT_INITIALIZED
2019-03-25 22:52:40.107430: E tensorflow/stream_executor/cuda/cuda_blas.cc:444] failed to create cublas handle: CUBLAS_STATUS_NOT_INITIALIZED
2019-03-25 22:52:40.110336: E tensorflow/stream_executor/cuda/cuda_blas.cc:444] failed to create cublas handle: CUBLAS_STATUS_NOT_INITIALIZED
2019-03-25 22:52:40.113219: E tensorflow/stream_executor/cuda/cuda_blas.cc:444] failed to create cublas handle: CUBLAS_STATUS_NOT_INITIALIZED
2019-03-25 22:52:40.116171: E tensorflow/stream_executor/cuda/cuda_blas.cc:444] failed to create cublas handle: CUBLAS_STATUS_NOT_INITIALIZED
2019-03-25 22:52:40.119044: E tensorflow/stream_executor/cuda/cuda_blas.cc:444] failed to create cublas handle: CUBLAS_STATUS_NOT_INITIALIZED
2019-03-25 22:52:40.121936: E tensorflow/stream_executor/cuda/cuda_blas.cc:444] failed to create cublas handle: CUBLAS_STATUS_NOT_INITIALIZED
2019-03-25 22:52:40.124848: E tensorflow/stream_executor/cuda/cuda_blas.cc:444] failed to create cublas handle: CUBLAS_STATUS_NOT_INITIALIZED
2019-03-25 22:52:40.127785: E tensorflow/stream_executor/cuda/cuda_blas.cc:444] failed to create cublas handle: CUBLAS_STATUS_NOT_INITIALIZED
2019-03-25 22:52:40.130684: E tensorflow/stream_executor/cuda/cuda_blas.cc:444] failed to create cublas handle: CUBLAS_STATUS_NOT_INITIALIZED
2019-03-25 22:52:40.133600: E tensorflow/stream_executor/cuda/cuda_blas.cc:444] failed to create cublas handle: CUBLAS_STATUS_NOT_INITIALIZED
2019-03-25 22:52:40.136514: E tensorflow/stream_executor/cuda/cuda_blas.cc:444] failed to create cublas handle: CUBLAS_STATUS_NOT_INITIALIZED
2019-03-25 22:52:40.139451: E tensorflow/stream_executor/cuda/cuda_blas.cc:444] failed to create cublas handle: CUBLAS_STATUS_NOT_INITIALIZED
2019-03-25 22:52:40.142342: E tensorflow/stream_executor/cuda/cuda_blas.cc:444] failed to create cublas handle: CUBLAS_STATUS_NOT_INITIALIZED
2019-03-25 22:52:40.145258: E tensorflow/stream_executor/cuda/cuda_blas.cc:444] failed to create cublas handle: CUBLAS_STATUS_NOT_INITIALIZED
2019-03-25 22:52:40.148168: E tensorflow/stream_executor/cuda/cuda_blas.cc:444] failed to create cublas handle: CUBLAS_STATUS_NOT_INITIALIZED
2019-03-25 22:52:40.151033: E tensorflow/stream_executor/cuda/cuda_blas.cc:444] failed to create cublas handle: CUBLAS_STATUS_NOT_INITIALIZED
2019-03-25 22:52:40.153962: E tensorflow/stream_executor/cuda/cuda_blas.cc:444] failed to create cublas handle: CUBLAS_STATUS_NOT_INITIALIZED
2019-03-25 22:52:40.156907: E tensorflow/stream_executor/cuda/cuda_blas.cc:444] failed to create cublas handle: CUBLAS_STATUS_NOT_INITIALIZED
2019-03-25 22:52:40.159792: E tensorflow/stream_executor/cuda/cuda_blas.cc:444] failed to create cublas handle: CUBLAS_STATUS_NOT_INITIALIZED
2019-03-25 22:52:40.162713: E tensorflow/stream_executor/cuda/cuda_blas.cc:444] failed to create cublas handle: CUBLAS_STATUS_NOT_INITIALIZED
2019-03-25 22:52:40.165657: E tensorflow/stream_executor/cuda/cuda_blas.cc:444] failed to create cublas handle: CUBLAS_STATUS_NOT_INITIALIZED
2019-03-25 22:52:40.168570: E tensorflow/stream_executor/cuda/cuda_blas.cc:444] failed to create cublas handle: CUBLAS_STATUS_NOT_INITIALIZED
2019-03-25 22:52:40.171512: E tensorflow/stream_executor/cuda/cuda_blas.cc:444] failed to create cublas handle: CUBLAS_STATUS_NOT_INITIALIZED
2019-03-25 22:52:40.174405: E tensorflow/stream_executor/cuda/cuda_blas.cc:444] failed to create cublas handle: CUBLAS_STATUS_NOT_INITIALIZED
2019-03-25 22:52:40.177472: E tensorflow/stream_executor/cuda/cuda_blas.cc:444] failed to create cublas handle: CUBLAS_STATUS_NOT_INITIALIZED
2019-03-25 22:52:40.180409: E tensorflow/stream_executor/cuda/cuda_blas.cc:444] failed to create cublas handle: CUBLAS_STATUS_NOT_INITIALIZED
2019-03-25 22:52:40.183405: E tensorflow/stream_executor/cuda/cuda_blas.cc:444] failed to create cublas handle: CUBLAS_STATUS_NOT_INITIALIZED
2019-03-25 22:52:40.186398: E tensorflow/stream_executor/cuda/cuda_blas.cc:444] failed to create cublas handle: CUBLAS_STATUS_NOT_INITIALIZED
2019-03-25 22:52:40.189335: E tensorflow/stream_executor/cuda/cuda_blas.cc:444] failed to create cublas handle: CUBLAS_STATUS_NOT_INITIALIZED
2019-03-25 22:52:40.192411: E tensorflow/stream_executor/cuda/cuda_blas.cc:444] failed to create cublas handle: CUBLAS_STATUS_NOT_INITIALIZED
2019-03-25 22:52:40.195359: E tensorflow/stream_executor/cuda/cuda_blas.cc:444] failed to create cublas handle: CUBLAS_STATUS_NOT_INITIALIZED
2019-03-25 22:52:40.198290: E tensorflow/stream_executor/cuda/cuda_blas.cc:444] failed to create cublas handle: CUBLAS_STATUS_NOT_INITIALIZED
2019-03-25 22:52:40.201225: E tensorflow/stream_executor/cuda/cuda_blas.cc:444] failed to create cublas handle: CUBLAS_STATUS_NOT_INITIALIZED
2019-03-25 22:52:40.204166: E tensorflow/stream_executor/cuda/cuda_blas.cc:444] failed to create cublas handle: CUBLAS_STATUS_NOT_INITIALIZED
2019-03-25 22:52:40.207165: E tensorflow/stream_executor/cuda/cuda_blas.cc:444] failed to create cublas handle: CUBLAS_STATUS_NOT_INITIALIZED
2019-03-25 22:52:40.210088: E tensorflow/stream_executor/cuda/cuda_blas.cc:444] failed to create cublas handle: CUBLAS_STATUS_NOT_INITIALIZED
2019-03-25 22:52:40.213032: E tensorflow/stream_executor/cuda/cuda_blas.cc:444] failed to create cublas handle: CUBLAS_STATUS_NOT_INITIALIZED
2019-03-25 22:52:40.215956: E tensorflow/stream_executor/cuda/cuda_blas.cc:444] failed to create cublas handle: CUBLAS_STATUS_NOT_INITIALIZED
2019-03-25 22:52:40.218874: E tensorflow/stream_executor/cuda/cuda_blas.cc:444] failed to create cublas handle: CUBLAS_STATUS_NOT_INITIALIZED
2019-03-25 22:52:40.221845: E tensorflow/stream_executor/cuda/cuda_blas.cc:444] failed to create cublas handle: CUBLAS_STATUS_NOT_INITIALIZED
2019-03-25 22:52:40.224778: E tensorflow/stream_executor/cuda/cuda_blas.cc:444] failed to create cublas handle: CUBLAS_STATUS_NOT_INITIALIZED
2019-03-25 22:52:40.227939: E tensorflow/stream_executor/cuda/cuda_blas.cc:444] failed to create cublas handle: CUBLAS_STATUS_NOT_INITIALIZED
2019-03-25 22:52:40.230844: E tensorflow/stream_executor/cuda/cuda_blas.cc:444] failed to create cublas handle: CUBLAS_STATUS_NOT_INITIALIZED
2019-03-25 22:52:40.233777: E tensorflow/stream_executor/cuda/cuda_blas.cc:444] failed to create cublas handle: CUBLAS_STATUS_NOT_INITIALIZED
2019-03-25 22:52:40.236745: E tensorflow/stream_executor/cuda/cuda_blas.cc:444] failed to create cublas handle: CUBLAS_STATUS_NOT_INITIALIZED
2019-03-25 22:52:40.239656: E tensorflow/stream_executor/cuda/cuda_blas.cc:444] failed to create cublas handle: CUBLAS_STATUS_NOT_INITIALIZED
2019-03-25 22:52:40.242583: E tensorflow/stream_executor/cuda/cuda_blas.cc:444] failed to create cublas handle: CUBLAS_STATUS_NOT_INITIALIZED
2019-03-25 22:52:40.245501: E tensorflow/stream_executor/cuda/cuda_blas.cc:444] failed to create cublas handle: CUBLAS_STATUS_NOT_INITIALIZED
2019-03-25 22:52:40.248408: E tensorflow/stream_executor/cuda/cuda_blas.cc:444] failed to create cublas handle: CUBLAS_STATUS_NOT_INITIALIZED
2019-03-25 22:52:40.251356: E tensorflow/stream_executor/cuda/cuda_blas.cc:444] failed to create cublas handle: CUBLAS_STATUS_NOT_INITIALIZED
2019-03-25 22:52:40.254270: E tensorflow/stream_executor/cuda/cuda_blas.cc:444] failed to create cublas handle: CUBLAS_STATUS_NOT_INITIALIZED
2019-03-25 22:52:40.257207: E tensorflow/stream_executor/cuda/cuda_blas.cc:444] failed to create cublas handle: CUBLAS_STATUS_NOT_INITIALIZED
2019-03-25 22:52:40.260119: E tensorflow/stream_executor/cuda/cuda_blas.cc:444] failed to create cublas handle: CUBLAS_STATUS_NOT_INITIALIZED
2019-03-25 22:52:40.263059: E tensorflow/stream_executor/cuda/cuda_blas.cc:444] failed to create cublas handle: CUBLAS_STATUS_NOT_INITIALIZED
2019-03-25 22:52:40.265965: E tensorflow/stream_executor/cuda/cuda_blas.cc:444] failed to create cublas handle: CUBLAS_STATUS_NOT_INITIALIZED
2019-03-25 22:52:40.268850: E tensorflow/stream_executor/cuda/cuda_blas.cc:444] failed to create cublas handle: CUBLAS_STATUS_NOT_INITIALIZED
2019-03-25 22:52:40.271776: E tensorflow/stream_executor/cuda/cuda_blas.cc:444] failed to create cublas handle: CUBLAS_STATUS_NOT_INITIALIZED
2019-03-25 22:52:40.274706: E tensorflow/stream_executor/cuda/cuda_blas.cc:444] failed to create cublas handle: CUBLAS_STATUS_NOT_INITIALIZED
2019-03-25 22:52:40.277937: E tensorflow/stream_executor/cuda/cuda_blas.cc:444] failed to create cublas handle: CUBLAS_STATUS_NOT_INITIALIZED
2019-03-25 22:52:40.280877: E tensorflow/stream_executor/cuda/cuda_blas.cc:444] failed to create cublas handle: CUBLAS_STATUS_NOT_INITIALIZED
2019-03-25 22:52:40.283820: E tensorflow/stream_executor/cuda/cuda_blas.cc:444] failed to create cublas handle: CUBLAS_STATUS_NOT_INITIALIZED
2019-03-25 22:52:40.286709: E tensorflow/stream_executor/cuda/cuda_blas.cc:444] failed to create cublas handle: CUBLAS_STATUS_NOT_INITIALIZED
2019-03-25 22:52:40.289632: E tensorflow/stream_executor/cuda/cuda_blas.cc:444] failed to create cublas handle: CUBLAS_STATUS_NOT_INITIALIZED
2019-03-25 22:52:40.292559: E tensorflow/stream_executor/cuda/cuda_blas.cc:444] failed to create cublas handle: CUBLAS_STATUS_NOT_INITIALIZED
2019-03-25 22:52:40.295481: E tensorflow/stream_executor/cuda/cuda_blas.cc:444] failed to create cublas handle: CUBLAS_STATUS_NOT_INITIALIZED
2019-03-25 22:52:40.298425: E tensorflow/stream_executor/cuda/cuda_blas.cc:444] failed to create cublas handle: CUBLAS_STATUS_NOT_INITIALIZED
2019-03-25 22:52:40.301354: E tensorflow/stream_executor/cuda/cuda_blas.cc:444] failed to create cublas handle: CUBLAS_STATUS_NOT_INITIALIZED
2019-03-25 22:52:40.304307: E tensorflow/stream_executor/cuda/cuda_blas.cc:444] failed to create cublas handle: CUBLAS_STATUS_NOT_INITIALIZED
2019-03-25 22:52:40.307202: E tensorflow/stream_executor/cuda/cuda_blas.cc:444] failed to create cublas handle: CUBLAS_STATUS_NOT_INITIALIZED
2019-03-25 22:52:40.310114: E tensorflow/stream_executor/cuda/cuda_blas.cc:444] failed to create cublas handle: CUBLAS_STATUS_NOT_INITIALIZED
2019-03-25 22:52:40.313040: E tensorflow/stream_executor/cuda/cuda_blas.cc:444] failed to create cublas handle: CUBLAS_STATUS_NOT_INITIALIZED
2019-03-25 22:52:40.315945: E tensorflow/stream_executor/cuda/cuda_blas.cc:444] failed to create cublas handle: CUBLAS_STATUS_NOT_INITIALIZED
2019-03-25 22:52:40.318872: E tensorflow/stream_executor/cuda/cuda_blas.cc:444] failed to create cublas handle: CUBLAS_STATUS_NOT_INITIALIZED
2019-03-25 22:52:40.321807: E tensorflow/stream_executor/cuda/cuda_blas.cc:444] failed to create cublas handle: CUBLAS_STATUS_NOT_INITIALIZED
2019-03-25 22:52:40.324703: E tensorflow/stream_executor/cuda/cuda_blas.cc:444] failed to create cublas handle: CUBLAS_STATUS_NOT_INITIALIZED
2019-03-25 22:52:40.327616: E tensorflow/stream_executor/cuda/cuda_blas.cc:444] failed to create cublas handle: CUBLAS_STATUS_NOT_INITIALIZED
2019-03-25 22:52:40.330522: E tensorflow/stream_executor/cuda/cuda_blas.cc:444] failed to create cublas handle: CUBLAS_STATUS_NOT_INITIALIZED
2019-03-25 22:52:40.333436: E tensorflow/stream_executor/cuda/cuda_blas.cc:444] failed to create cublas handle: CUBLAS_STATUS_NOT_INITIALIZED
2019-03-25 22:52:40.336372: E tensorflow/stream_executor/cuda/cuda_blas.cc:444] failed to create cublas handle: CUBLAS_STATUS_NOT_INITIALIZED
2019-03-25 22:52:40.339258: E tensorflow/stream_executor/cuda/cuda_blas.cc:444] failed to create cublas handle: CUBLAS_STATUS_NOT_INITIALIZED
2019-03-25 22:52:40.342178: E tensorflow/stream_executor/cuda/cuda_blas.cc:444] failed to create cublas handle: CUBLAS_STATUS_NOT_INITIALIZED
2019-03-25 22:52:40.345111: E tensorflow/stream_executor/cuda/cuda_blas.cc:444] failed to create cublas handle: CUBLAS_STATUS_NOT_INITIALIZED
2019-03-25 22:52:40.348012: E tensorflow/stream_executor/cuda/cuda_blas.cc:444] failed to create cublas handle: CUBLAS_STATUS_NOT_INITIALIZED
2019-03-25 22:52:40.350955: E tensorflow/stream_executor/cuda/cuda_blas.cc:444] failed to create cublas handle: CUBLAS_STATUS_NOT_INITIALIZED
2019-03-25 22:52:40.353835: E tensorflow/stream_executor/cuda/cuda_blas.cc:444] failed to create cublas handle: CUBLAS_STATUS_NOT_INITIALIZED
2019-03-25 22:52:40.356763: E tensorflow/stream_executor/cuda/cuda_blas.cc:444] failed to create cublas handle: CUBLAS_STATUS_NOT_INITIALIZED
2019-03-25 22:52:40.359671: E tensorflow/stream_executor/cuda/cuda_blas.cc:444] failed to create cublas handle: CUBLAS_STATUS_NOT_INITIALIZED
2019-03-25 22:52:40.362580: E tensorflow/stream_executor/cuda/cuda_blas.cc:444] failed to create cublas handle: CUBLAS_STATUS_NOT_INITIALIZED
2019-03-25 22:52:40.365496: E tensorflow/stream_executor/cuda/cuda_blas.cc:444] failed to create cublas handle: CUBLAS_STATUS_NOT_INITIALIZED
2019-03-25 22:52:40.368431: E tensorflow/stream_executor/cuda/cuda_blas.cc:444] failed to create cublas handle: CUBLAS_STATUS_NOT_INITIALIZED
2019-03-25 22:52:40.371333: E tensorflow/stream_executor/cuda/cuda_blas.cc:444] failed to create cublas handle: CUBLAS_STATUS_NOT_INITIALIZED
2019-03-25 22:52:40.374262: E tensorflow/stream_executor/cuda/cuda_blas.cc:444] failed to create cublas handle: CUBLAS_STATUS_NOT_INITIALIZED
2019-03-25 22:52:40.377179: E tensorflow/stream_executor/cuda/cuda_blas.cc:444] failed to create cublas handle: CUBLAS_STATUS_NOT_INITIALIZED
2019-03-25 22:52:40.380101: E tensorflow/stream_executor/cuda/cuda_blas.cc:444] failed to create cublas handle: CUBLAS_STATUS_NOT_INITIALIZED
2019-03-25 22:52:40.382980: E tensorflow/stream_executor/cuda/cuda_blas.cc:444] failed to create cublas handle: CUBLAS_STATUS_NOT_INITIALIZED
2019-03-25 22:52:40.385883: E tensorflow/stream_executor/cuda/cuda_blas.cc:444] failed to create cublas handle: CUBLAS_STATUS_NOT_INITIALIZED
2019-03-25 22:52:40.388808: E tensorflow/stream_executor/cuda/cuda_blas.cc:444] failed to create cublas handle: CUBLAS_STATUS_NOT_INITIALIZED
2019-03-25 22:52:40.391738: E tensorflow/stream_executor/cuda/cuda_blas.cc:444] failed to create cublas handle: CUBLAS_STATUS_NOT_INITIALIZED
2019-03-25 22:52:40.394595: E tensorflow/stream_executor/cuda/cuda_blas.cc:444] failed to create cublas handle: CUBLAS_STATUS_NOT_INITIALIZED
2019-03-25 22:52:40.397548: E tensorflow/stream_executor/cuda/cuda_blas.cc:444] failed to create cublas handle: CUBLAS_STATUS_NOT_INITIALIZED
2019-03-25 22:52:40.400454: E tensorflow/stream_executor/cuda/cuda_blas.cc:444] failed to create cublas handle: CUBLAS_STATUS_NOT_INITIALIZED
2019-03-25 22:52:40.403324: E tensorflow/stream_executor/cuda/cuda_blas.cc:444] failed to create cublas handle: CUBLAS_STATUS_NOT_INITIALIZED
2019-03-25 22:52:40.406258: E tensorflow/stream_executor/cuda/cuda_blas.cc:444] failed to create cublas handle: CUBLAS_STATUS_NOT_INITIALIZED
2019-03-25 22:52:40.409143: E tensorflow/stream_executor/cuda/cuda_blas.cc:444] failed to create cublas handle: CUBLAS_STATUS_NOT_INITIALIZED
2019-03-25 22:52:40.412063: E tensorflow/stream_executor/cuda/cuda_blas.cc:444] failed to create cublas handle: CUBLAS_STATUS_NOT_INITIALIZED
2019-03-25 22:52:40.414974: E tensorflow/stream_executor/cuda/cuda_blas.cc:444] failed to create cublas handle: CUBLAS_STATUS_NOT_INITIALIZED
2019-03-25 22:52:40.417907: E tensorflow/stream_executor/cuda/cuda_blas.cc:444] failed to create cublas handle: CUBLAS_STATUS_NOT_INITIALIZED
2019-03-25 22:52:40.421136: E tensorflow/stream_executor/cuda/cuda_blas.cc:444] failed to create cublas handle: CUBLAS_STATUS_NOT_INITIALIZED
2019-03-25 22:52:40.424075: E tensorflow/stream_executor/cuda/cuda_blas.cc:444] failed to create cublas handle: CUBLAS_STATUS_NOT_INITIALIZED
2019-03-25 22:52:40.426982: E tensorflow/stream_executor/cuda/cuda_blas.cc:444] failed to create cublas handle: CUBLAS_STATUS_NOT_INITIALIZED
2019-03-25 22:52:40.429873: E tensorflow/stream_executor/cuda/cuda_blas.cc:444] failed to create cublas handle: CUBLAS_STATUS_NOT_INITIALIZED
2019-03-25 22:52:40.432792: E tensorflow/stream_executor/cuda/cuda_blas.cc:444] failed to create cublas handle: CUBLAS_STATUS_NOT_INITIALIZED
2019-03-25 22:52:40.435722: E tensorflow/stream_executor/cuda/cuda_blas.cc:444] failed to create cublas handle: CUBLAS_STATUS_NOT_INITIALIZED
2019-03-25 22:52:40.438667: E tensorflow/stream_executor/cuda/cuda_blas.cc:444] failed to create cublas handle: CUBLAS_STATUS_NOT_INITIALIZED
2019-03-25 22:52:40.441596: E tensorflow/stream_executor/cuda/cuda_blas.cc:444] failed to create cublas handle: CUBLAS_STATUS_NOT_INITIALIZED
2019-03-25 22:52:40.444513: E tensorflow/stream_executor/cuda/cuda_blas.cc:444] failed to create cublas handle: CUBLAS_STATUS_NOT_INITIALIZED
2019-03-25 22:52:40.447427: E tensorflow/stream_executor/cuda/cuda_blas.cc:444] failed to create cublas handle: CUBLAS_STATUS_NOT_INITIALIZED
2019-03-25 22:52:40.450307: E tensorflow/stream_executor/cuda/cuda_blas.cc:444] failed to create cublas handle: CUBLAS_STATUS_NOT_INITIALIZED
2019-03-25 22:52:40.453235: E tensorflow/stream_executor/cuda/cuda_blas.cc:444] failed to create cublas handle: CUBLAS_STATUS_NOT_INITIALIZED
2019-03-25 22:52:40.456218: E tensorflow/stream_executor/cuda/cuda_blas.cc:444] failed to create cublas handle: CUBLAS_STATUS_NOT_INITIALIZED
2019-03-25 22:52:40.459119: E tensorflow/stream_executor/cuda/cuda_blas.cc:444] failed to create cublas handle: CUBLAS_STATUS_NOT_INITIALIZED
2019-03-25 22:52:40.462359: E tensorflow/stream_executor/cuda/cuda_blas.cc:444] failed to create cublas handle: CUBLAS_STATUS_NOT_INITIALIZED
2019-03-25 22:52:40.465272: E tensorflow/stream_executor/cuda/cuda_blas.cc:444] failed to create cublas handle: CUBLAS_STATUS_NOT_INITIALIZED
2019-03-25 22:52:40.468210: E tensorflow/stream_executor/cuda/cuda_blas.cc:444] failed to create cublas handle: CUBLAS_STATUS_NOT_INITIALIZED
2019-03-25 22:52:40.471117: E tensorflow/stream_executor/cuda/cuda_blas.cc:444] failed to create cublas handle: CUBLAS_STATUS_NOT_INITIALIZED
2019-03-25 22:52:40.474019: E tensorflow/stream_executor/cuda/cuda_blas.cc:444] failed to create cublas handle: CUBLAS_STATUS_NOT_INITIALIZED
2019-03-25 22:52:40.476984: E tensorflow/stream_executor/cuda/cuda_blas.cc:444] failed to create cublas handle: CUBLAS_STATUS_NOT_INITIALIZED
2019-03-25 22:52:40.479941: E tensorflow/stream_executor/cuda/cuda_blas.cc:444] failed to create cublas handle: CUBLAS_STATUS_NOT_INITIALIZED
2019-03-25 22:52:40.482893: E tensorflow/stream_executor/cuda/cuda_blas.cc:444] failed to create cublas handle: CUBLAS_STATUS_NOT_INITIALIZED
2019-03-25 22:52:40.485886: E tensorflow/stream_executor/cuda/cuda_blas.cc:444] failed to create cublas handle: CUBLAS_STATUS_NOT_INITIALIZED
2019-03-25 22:52:40.488820: E tensorflow/stream_executor/cuda/cuda_blas.cc:444] failed to create cublas handle: CUBLAS_STATUS_NOT_INITIALIZED
2019-03-25 22:52:40.491790: E tensorflow/stream_executor/cuda/cuda_blas.cc:444] failed to create cublas handle: CUBLAS_STATUS_NOT_INITIALIZED
2019-03-25 22:52:40.494777: E tensorflow/stream_executor/cuda/cuda_blas.cc:444] failed to create cublas handle: CUBLAS_STATUS_NOT_INITIALIZED
2019-03-25 22:52:40.497795: E tensorflow/stream_executor/cuda/cuda_blas.cc:444] failed to create cublas handle: CUBLAS_STATUS_NOT_INITIALIZED
2019-03-25 22:52:40.500752: E tensorflow/stream_executor/cuda/cuda_blas.cc:444] failed to create cublas handle: CUBLAS_STATUS_NOT_INITIALIZED
2019-03-25 22:52:40.503704: E tensorflow/stream_executor/cuda/cuda_blas.cc:444] failed to create cublas handle: CUBLAS_STATUS_NOT_INITIALIZED
2019-03-25 22:52:40.506702: E tensorflow/stream_executor/cuda/cuda_blas.cc:444] failed to create cublas handle: CUBLAS_STATUS_NOT_INITIALIZED
2019-03-25 22:52:40.509707: E tensorflow/stream_executor/cuda/cuda_blas.cc:444] failed to create cublas handle: CUBLAS_STATUS_NOT_INITIALIZED
2019-03-25 22:52:40.512673: E tensorflow/stream_executor/cuda/cuda_blas.cc:444] failed to create cublas handle: CUBLAS_STATUS_NOT_INITIALIZED
2019-03-25 22:52:40.515667: E tensorflow/stream_executor/cuda/cuda_blas.cc:444] failed to create cublas handle: CUBLAS_STATUS_NOT_INITIALIZED
2019-03-25 22:52:40.518633: E tensorflow/stream_executor/cuda/cuda_blas.cc:444] failed to create cublas handle: CUBLAS_STATUS_NOT_INITIALIZED
2019-03-25 22:52:40.521589: E tensorflow/stream_executor/cuda/cuda_blas.cc:444] failed to create cublas handle: CUBLAS_STATUS_NOT_INITIALIZED
2019-03-25 22:52:40.524571: E tensorflow/stream_executor/cuda/cuda_blas.cc:444] failed to create cublas handle: CUBLAS_STATUS_NOT_INITIALIZED
2019-03-25 22:52:40.527580: E tensorflow/stream_executor/cuda/cuda_blas.cc:444] failed to create cublas handle: CUBLAS_STATUS_NOT_INITIALIZED
2019-03-25 22:52:40.530585: E tensorflow/stream_executor/cuda/cuda_blas.cc:444] failed to create cublas handle: CUBLAS_STATUS_NOT_INITIALIZED
2019-03-25 22:52:40.533580: E tensorflow/stream_executor/cuda/cuda_blas.cc:444] failed to create cublas handle: CUBLAS_STATUS_NOT_INITIALIZED
2019-03-25 22:52:40.536596: E tensorflow/stream_executor/cuda/cuda_blas.cc:444] failed to create cublas handle: CUBLAS_STATUS_NOT_INITIALIZED
2019-03-25 22:52:40.539554: E tensorflow/stream_executor/cuda/cuda_blas.cc:444] failed to create cublas handle: CUBLAS_STATUS_NOT_INITIALIZED
2019-03-25 22:52:40.542586: E tensorflow/stream_executor/cuda/cuda_blas.cc:444] failed to create cublas handle: CUBLAS_STATUS_NOT_INITIALIZED
2019-03-25 22:52:40.545573: E tensorflow/stream_executor/cuda/cuda_blas.cc:444] failed to create cublas handle: CUBLAS_STATUS_NOT_INITIALIZED
2019-03-25 22:52:40.548537: E tensorflow/stream_executor/cuda/cuda_blas.cc:444] failed to create cublas handle: CUBLAS_STATUS_NOT_INITIALIZED
2019-03-25 22:52:40.551555: E tensorflow/stream_executor/cuda/cuda_blas.cc:444] failed to create cublas handle: CUBLAS_STATUS_NOT_INITIALIZED
2019-03-25 22:52:40.554568: E tensorflow/stream_executor/cuda/cuda_blas.cc:444] failed to create cublas handle: CUBLAS_STATUS_NOT_INITIALIZED
2019-03-25 22:52:40.557651: E tensorflow/stream_executor/cuda/cuda_blas.cc:444] failed to create cublas handle: CUBLAS_STATUS_NOT_INITIALIZED
2019-03-25 22:52:40.560661: E tensorflow/stream_executor/cuda/cuda_blas.cc:444] failed to create cublas handle: CUBLAS_STATUS_NOT_INITIALIZED
2019-03-25 22:52:40.563631: E tensorflow/stream_executor/cuda/cuda_blas.cc:444] failed to create cublas handle: CUBLAS_STATUS_NOT_INITIALIZED
2019-03-25 22:52:40.566597: E tensorflow/stream_executor/cuda/cuda_blas.cc:444] failed to create cublas handle: CUBLAS_STATUS_NOT_INITIALIZED
2019-03-25 22:52:40.569608: E tensorflow/stream_executor/cuda/cuda_blas.cc:444] failed to create cublas handle: CUBLAS_STATUS_NOT_INITIALIZED
2019-03-25 22:52:40.572621: E tensorflow/stream_executor/cuda/cuda_blas.cc:444] failed to create cublas handle: CUBLAS_STATUS_NOT_INITIALIZED
2019-03-25 22:52:40.575597: E tensorflow/stream_executor/cuda/cuda_blas.cc:444] failed to create cublas handle: CUBLAS_STATUS_NOT_INITIALIZED
2019-03-25 22:52:40.578611: E tensorflow/stream_executor/cuda/cuda_blas.cc:444] failed to create cublas handle: CUBLAS_STATUS_NOT_INITIALIZED
2019-03-25 22:52:40.581617: E tensorflow/stream_executor/cuda/cuda_blas.cc:444] failed to create cublas handle: CUBLAS_STATUS_NOT_INITIALIZED
2019-03-25 22:52:40.584597: E tensorflow/stream_executor/cuda/cuda_blas.cc:444] failed to create cublas handle: CUBLAS_STATUS_NOT_INITIALIZED
2019-03-25 22:52:40.587590: E tensorflow/stream_executor/cuda/cuda_blas.cc:444] failed to create cublas handle: CUBLAS_STATUS_NOT_INITIALIZED
2019-03-25 22:52:40.590667: E tensorflow/stream_executor/cuda/cuda_blas.cc:444] failed to create cublas handle: CUBLAS_STATUS_NOT_INITIALIZED
2019-03-25 22:52:40.593660: E tensorflow/stream_executor/cuda/cuda_blas.cc:444] failed to create cublas handle: CUBLAS_STATUS_NOT_INITIALIZED
2019-03-25 22:52:40.596650: E tensorflow/stream_executor/cuda/cuda_blas.cc:444] failed to create cublas handle: CUBLAS_STATUS_NOT_INITIALIZED
2019-03-25 22:52:40.599634: E tensorflow/stream_executor/cuda/cuda_blas.cc:444] failed to create cublas handle: CUBLAS_STATUS_NOT_INITIALIZED
2019-03-25 22:52:40.602581: E tensorflow/stream_executor/cuda/cuda_blas.cc:444] failed to create cublas handle: CUBLAS_STATUS_NOT_INITIALIZED
2019-03-25 22:52:40.605566: E tensorflow/stream_executor/cuda/cuda_blas.cc:444] failed to create cublas handle: CUBLAS_STATUS_NOT_INITIALIZED
2019-03-25 22:52:40.608601: E tensorflow/stream_executor/cuda/cuda_blas.cc:444] failed to create cublas handle: CUBLAS_STATUS_NOT_INITIALIZED
2019-03-25 22:52:40.611541: E tensorflow/stream_executor/cuda/cuda_blas.cc:444] failed to create cublas handle: CUBLAS_STATUS_NOT_INITIALIZED
2019-03-25 22:52:40.614537: E tensorflow/stream_executor/cuda/cuda_blas.cc:444] failed to create cublas handle: CUBLAS_STATUS_NOT_INITIALIZED
2019-03-25 22:52:40.617518: E tensorflow/stream_executor/cuda/cuda_blas.cc:444] failed to create cublas handle: CUBLAS_STATUS_NOT_INITIALIZED
2019-03-25 22:52:40.621312: E tensorflow/stream_executor/cuda/cuda_blas.cc:444] failed to create cublas handle: CUBLAS_STATUS_NOT_INITIALIZED
2019-03-25 22:52:40.625766: E tensorflow/stream_executor/cuda/cuda_blas.cc:444] failed to create cublas handle: CUBLAS_STATUS_NOT_INITIALIZED
2019-03-25 22:52:40.629022: E tensorflow/stream_executor/cuda/cuda_blas.cc:444] failed to create cublas handle: CUBLAS_STATUS_NOT_INITIALIZED
2019-03-25 22:52:40.632460: E tensorflow/stream_executor/cuda/cuda_blas.cc:444] failed to create cublas handle: CUBLAS_STATUS_NOT_INITIALIZED
2019-03-25 22:52:40.635772: E tensorflow/stream_executor/cuda/cuda_blas.cc:444] failed to create cublas handle: CUBLAS_STATUS_NOT_INITIALIZED
2019-03-25 22:52:40.639437: E tensorflow/stream_executor/cuda/cuda_blas.cc:444] failed to create cublas handle: CUBLAS_STATUS_NOT_INITIALIZED
2019-03-25 22:52:40.642573: E tensorflow/stream_executor/cuda/cuda_blas.cc:444] failed to create cublas handle: CUBLAS_STATUS_NOT_INITIALIZED
2019-03-25 22:52:40.645857: E tensorflow/stream_executor/cuda/cuda_blas.cc:444] failed to create cublas handle: CUBLAS_STATUS_NOT_INITIALIZED
2019-03-25 22:52:40.648988: E tensorflow/stream_executor/cuda/cuda_blas.cc:444] failed to create cublas handle: CUBLAS_STATUS_NOT_INITIALIZED
2019-03-25 22:52:40.652173: E tensorflow/stream_executor/cuda/cuda_blas.cc:444] failed to create cublas handle: CUBLAS_STATUS_NOT_INITIALIZED
2019-03-25 22:52:40.655239: E tensorflow/stream_executor/cuda/cuda_blas.cc:444] failed to create cublas handle: CUBLAS_STATUS_NOT_INITIALIZED
2019-03-25 22:52:40.658568: E tensorflow/stream_executor/cuda/cuda_blas.cc:444] failed to create cublas handle: CUBLAS_STATUS_NOT_INITIALIZED
2019-03-25 22:52:40.662298: E tensorflow/stream_executor/cuda/cuda_blas.cc:444] failed to create cublas handle: CUBLAS_STATUS_NOT_INITIALIZED
2019-03-25 22:52:40.665520: E tensorflow/stream_executor/cuda/cuda_blas.cc:444] failed to create cublas handle: CUBLAS_STATUS_NOT_INITIALIZED
2019-03-25 22:52:40.668996: E tensorflow/stream_executor/cuda/cuda_blas.cc:444] failed to create cublas handle: CUBLAS_STATUS_NOT_INITIALIZED
2019-03-25 22:52:40.672300: E tensorflow/stream_executor/cuda/cuda_blas.cc:444] failed to create cublas handle: CUBLAS_STATUS_NOT_INITIALIZED
2019-03-25 22:52:40.676171: E tensorflow/stream_executor/cuda/cuda_blas.cc:444] failed to create cublas handle: CUBLAS_STATUS_NOT_INITIALIZED
2019-03-25 22:52:40.679430: E tensorflow/stream_executor/cuda/cuda_blas.cc:444] failed to create cublas handle: CUBLAS_STATUS_NOT_INITIALIZED
2019-03-25 22:52:40.683103: E tensorflow/stream_executor/cuda/cuda_blas.cc:444] failed to create cublas handle: CUBLAS_STATUS_NOT_INITIALIZED
2019-03-25 22:52:40.686421: E tensorflow/stream_executor/cuda/cuda_blas.cc:444] failed to create cublas handle: CUBLAS_STATUS_NOT_INITIALIZED
2019-03-25 22:52:40.689591: E tensorflow/stream_executor/cuda/cuda_blas.cc:444] failed to create cublas handle: CUBLAS_STATUS_NOT_INITIALIZED
2019-03-25 22:52:40.692841: E tensorflow/stream_executor/cuda/cuda_blas.cc:444] failed to create cublas handle: CUBLAS_STATUS_NOT_INITIALIZED
2019-03-25 22:52:40.696129: E tensorflow/stream_executor/cuda/cuda_blas.cc:444] failed to create cublas handle: CUBLAS_STATUS_NOT_INITIALIZED
2019-03-25 22:52:40.699405: E tensorflow/stream_executor/cuda/cuda_blas.cc:444] failed to create cublas handle: CUBLAS_STATUS_NOT_INITIALIZED
2019-03-25 22:52:40.702547: E tensorflow/stream_executor/cuda/cuda_blas.cc:444] failed to create cublas handle: CUBLAS_STATUS_NOT_INITIALIZED
2019-03-25 22:52:40.706578: E tensorflow/stream_executor/cuda/cuda_blas.cc:444] failed to create cublas handle: CUBLAS_STATUS_NOT_INITIALIZED
2019-03-25 22:52:40.709795: E tensorflow/stream_executor/cuda/cuda_blas.cc:444] failed to create cublas handle: CUBLAS_STATUS_NOT_INITIALIZED
2019-03-25 22:52:40.712884: E tensorflow/stream_executor/cuda/cuda_blas.cc:444] failed to create cublas handle: CUBLAS_STATUS_NOT_INITIALIZED
2019-03-25 22:52:40.715902: E tensorflow/stream_executor/cuda/cuda_blas.cc:444] failed to create cublas handle: CUBLAS_STATUS_NOT_INITIALIZED
2019-03-25 22:52:40.718960: E tensorflow/stream_executor/cuda/cuda_blas.cc:444] failed to create cublas handle: CUBLAS_STATUS_NOT_INITIALIZED
2019-03-25 22:52:40.721985: E tensorflow/stream_executor/cuda/cuda_blas.cc:444] failed to create cublas handle: CUBLAS_STATUS_NOT_INITIALIZED
2019-03-25 22:52:40.725008: E tensorflow/stream_executor/cuda/cuda_blas.cc:444] failed to create cublas handle: CUBLAS_STATUS_NOT_INITIALIZED
2019-03-25 22:52:40.727993: E tensorflow/stream_executor/cuda/cuda_blas.cc:444] failed to create cublas handle: CUBLAS_STATUS_NOT_INITIALIZED
2019-03-25 22:52:40.733469: E tensorflow/stream_executor/cuda/cuda_blas.cc:444] failed to create cublas handle: CUBLAS_STATUS_NOT_INITIALIZED
2019-03-25 22:52:40.736511: E tensorflow/stream_executor/cuda/cuda_blas.cc:444] failed to create cublas handle: CUBLAS_STATUS_NOT_INITIALIZED
2019-03-25 22:52:40.739541: E tensorflow/stream_executor/cuda/cuda_blas.cc:444] failed to create cublas handle: CUBLAS_STATUS_NOT_INITIALIZED
2019-03-25 22:52:40.742430: E tensorflow/stream_executor/cuda/cuda_blas.cc:444] failed to create cublas handle: CUBLAS_STATUS_NOT_INITIALIZED
2019-03-25 22:52:40.745368: E tensorflow/stream_executor/cuda/cuda_blas.cc:444] failed to create cublas handle: CUBLAS_STATUS_NOT_INITIALIZED
2019-03-25 22:52:40.748346: E tensorflow/stream_executor/cuda/cuda_blas.cc:444] failed to create cublas handle: CUBLAS_STATUS_NOT_INITIALIZED
2019-03-25 22:52:40.751271: E tensorflow/stream_executor/cuda/cuda_blas.cc:444] failed to create cublas handle: CUBLAS_STATUS_NOT_INITIALIZED
2019-03-25 22:52:40.754188: E tensorflow/stream_executor/cuda/cuda_blas.cc:444] failed to create cublas handle: CUBLAS_STATUS_NOT_INITIALIZED
2019-03-25 22:52:40.757164: E tensorflow/stream_executor/cuda/cuda_blas.cc:444] failed to create cublas handle: CUBLAS_STATUS_NOT_INITIALIZED
2019-03-25 22:52:40.760127: E tensorflow/stream_executor/cuda/cuda_blas.cc:444] failed to create cublas handle: CUBLAS_STATUS_NOT_INITIALIZED
2019-03-25 22:52:40.763121: E tensorflow/stream_executor/cuda/cuda_blas.cc:444] failed to create cublas handle: CUBLAS_STATUS_NOT_INITIALIZED
2019-03-25 22:52:40.766079: E tensorflow/stream_executor/cuda/cuda_blas.cc:444] failed to create cublas handle: CUBLAS_STATUS_NOT_INITIALIZED
2019-03-25 22:52:40.769025: E tensorflow/stream_executor/cuda/cuda_blas.cc:444] failed to create cublas handle: CUBLAS_STATUS_NOT_INITIALIZED
2019-03-25 22:52:40.771995: E tensorflow/stream_executor/cuda/cuda_blas.cc:444] failed to create cublas handle: CUBLAS_STATUS_NOT_INITIALIZED
2019-03-25 22:52:40.774931: E tensorflow/stream_executor/cuda/cuda_blas.cc:444] failed to create cublas handle: CUBLAS_STATUS_NOT_INITIALIZED
2019-03-25 22:52:40.777894: E tensorflow/stream_executor/cuda/cuda_blas.cc:444] failed to create cublas handle: CUBLAS_STATUS_NOT_INITIALIZED
2019-03-25 22:52:40.780891: E tensorflow/stream_executor/cuda/cuda_blas.cc:444] failed to create cublas handle: CUBLAS_STATUS_NOT_INITIALIZED
2019-03-25 22:52:40.783954: E tensorflow/stream_executor/cuda/cuda_blas.cc:444] failed to create cublas handle: CUBLAS_STATUS_NOT_INITIALIZED
2019-03-25 22:52:40.786916: E tensorflow/stream_executor/cuda/cuda_blas.cc:444] failed to create cublas handle: CUBLAS_STATUS_NOT_INITIALIZED
2019-03-25 22:52:40.789883: E tensorflow/stream_executor/cuda/cuda_blas.cc:444] failed to create cublas handle: CUBLAS_STATUS_NOT_INITIALIZED
2019-03-25 22:52:40.792836: E tensorflow/stream_executor/cuda/cuda_blas.cc:444] failed to create cublas handle: CUBLAS_STATUS_NOT_INITIALIZED
2019-03-25 22:52:40.795768: E tensorflow/stream_executor/cuda/cuda_blas.cc:444] failed to create cublas handle: CUBLAS_STATUS_NOT_INITIALIZED
2019-03-25 22:52:40.798672: E tensorflow/stream_executor/cuda/cuda_blas.cc:444] failed to create cublas handle: CUBLAS_STATUS_NOT_INITIALIZED
2019-03-25 22:52:40.801607: E tensorflow/stream_executor/cuda/cuda_blas.cc:444] failed to create cublas handle: CUBLAS_STATUS_NOT_INITIALIZED
2019-03-25 22:52:40.804658: E tensorflow/stream_executor/cuda/cuda_blas.cc:444] failed to create cublas handle: CUBLAS_STATUS_NOT_INITIALIZED
2019-03-25 22:52:40.807722: E tensorflow/stream_executor/cuda/cuda_blas.cc:444] failed to create cublas handle: CUBLAS_STATUS_NOT_INITIALIZED
2019-03-25 22:52:40.810745: E tensorflow/stream_executor/cuda/cuda_blas.cc:444] failed to create cublas handle: CUBLAS_STATUS_NOT_INITIALIZED
2019-03-25 22:52:40.813736: E tensorflow/stream_executor/cuda/cuda_blas.cc:444] failed to create cublas handle: CUBLAS_STATUS_NOT_INITIALIZED
2019-03-25 22:52:40.816816: E tensorflow/stream_executor/cuda/cuda_blas.cc:444] failed to create cublas handle: CUBLAS_STATUS_NOT_INITIALIZED
2019-03-25 22:52:40.819883: E tensorflow/stream_executor/cuda/cuda_blas.cc:444] failed to create cublas handle: CUBLAS_STATUS_NOT_INITIALIZED
2019-03-25 22:52:40.822919: E tensorflow/stream_executor/cuda/cuda_blas.cc:444] failed to create cublas handle: CUBLAS_STATUS_NOT_INITIALIZED
2019-03-25 22:52:40.825945: E tensorflow/stream_executor/cuda/cuda_blas.cc:444] failed to create cublas handle: CUBLAS_STATUS_NOT_INITIALIZED
2019-03-25 22:52:40.829062: E tensorflow/stream_executor/cuda/cuda_blas.cc:444] failed to create cublas handle: CUBLAS_STATUS_NOT_INITIALIZED
2019-03-25 22:52:40.832161: E tensorflow/stream_executor/cuda/cuda_blas.cc:444] failed to create cublas handle: CUBLAS_STATUS_NOT_INITIALIZED
2019-03-25 22:52:40.835219: E tensorflow/stream_executor/cuda/cuda_blas.cc:444] failed to create cublas handle: CUBLAS_STATUS_NOT_INITIALIZED
2019-03-25 22:52:40.838232: E tensorflow/stream_executor/cuda/cuda_blas.cc:444] failed to create cublas handle: CUBLAS_STATUS_NOT_INITIALIZED
2019-03-25 22:52:40.842779: E tensorflow/stream_executor/cuda/cuda_blas.cc:444] failed to create cublas handle: CUBLAS_STATUS_NOT_INITIALIZED
2019-03-25 22:52:40.845829: E tensorflow/stream_executor/cuda/cuda_blas.cc:444] failed to create cublas handle: CUBLAS_STATUS_NOT_INITIALIZED
2019-03-25 22:52:40.848807: E tensorflow/stream_executor/cuda/cuda_blas.cc:444] failed to create cublas handle: CUBLAS_STATUS_NOT_INITIALIZED
2019-03-25 22:52:40.851856: E tensorflow/stream_executor/cuda/cuda_blas.cc:444] failed to create cublas handle: CUBLAS_STATUS_NOT_INITIALIZED
2019-03-25 22:52:40.854824: E tensorflow/stream_executor/cuda/cuda_blas.cc:444] failed to create cublas handle: CUBLAS_STATUS_NOT_INITIALIZED
2019-03-25 22:52:40.857923: E tensorflow/stream_executor/cuda/cuda_blas.cc:444] failed to create cublas handle: CUBLAS_STATUS_NOT_INITIALIZED
2019-03-25 22:52:40.860941: E tensorflow/stream_executor/cuda/cuda_blas.cc:444] failed to create cublas handle: CUBLAS_STATUS_NOT_INITIALIZED
2019-03-25 22:52:40.863910: E tensorflow/stream_executor/cuda/cuda_blas.cc:444] failed to create cublas handle: CUBLAS_STATUS_NOT_INITIALIZED
2019-03-25 22:52:40.867253: E tensorflow/stream_executor/cuda/cuda_blas.cc:444] failed to create cublas handle: CUBLAS_STATUS_NOT_INITIALIZED
2019-03-25 22:52:40.870513: E tensorflow/stream_executor/cuda/cuda_blas.cc:444] failed to create cublas handle: CUBLAS_STATUS_NOT_INITIALIZED
2019-03-25 22:52:40.873480: E tensorflow/stream_executor/cuda/cuda_blas.cc:444] failed to create cublas handle: CUBLAS_STATUS_NOT_INITIALIZED
2019-03-25 22:52:40.876413: E tensorflow/stream_executor/cuda/cuda_blas.cc:444] failed to create cublas handle: CUBLAS_STATUS_NOT_INITIALIZED
2019-03-25 22:52:40.879353: E tensorflow/stream_executor/cuda/cuda_blas.cc:444] failed to create cublas handle: CUBLAS_STATUS_NOT_INITIALIZED
2019-03-25 22:52:40.882334: E tensorflow/stream_executor/cuda/cuda_blas.cc:444] failed to create cublas handle: CUBLAS_STATUS_NOT_INITIALIZED
2019-03-25 22:52:40.885317: E tensorflow/stream_executor/cuda/cuda_blas.cc:444] failed to create cublas handle: CUBLAS_STATUS_NOT_INITIALIZED
2019-03-25 22:52:40.888239: E tensorflow/stream_executor/cuda/cuda_blas.cc:444] failed to create cublas handle: CUBLAS_STATUS_NOT_INITIALIZED
2019-03-25 22:52:40.891203: E tensorflow/stream_executor/cuda/cuda_blas.cc:444] failed to create cublas handle: CUBLAS_STATUS_NOT_INITIALIZED
2019-03-25 22:52:40.894197: E tensorflow/stream_executor/cuda/cuda_blas.cc:444] failed to create cublas handle: CUBLAS_STATUS_NOT_INITIALIZED
2019-03-25 22:52:40.897180: E tensorflow/stream_executor/cuda/cuda_blas.cc:444] failed to create cublas handle: CUBLAS_STATUS_NOT_INITIALIZED
2019-03-25 22:52:40.900110: E tensorflow/stream_executor/cuda/cuda_blas.cc:444] failed to create cublas handle: CUBLAS_STATUS_NOT_INITIALIZED
2019-03-25 22:52:40.905410: E tensorflow/stream_executor/cuda/cuda_blas.cc:444] failed to create cublas handle: CUBLAS_STATUS_NOT_INITIALIZED
2019-03-25 22:52:40.908392: E tensorflow/stream_executor/cuda/cuda_blas.cc:444] failed to create cublas handle: CUBLAS_STATUS_NOT_INITIALIZED
2019-03-25 22:52:40.911287: E tensorflow/stream_executor/cuda/cuda_blas.cc:444] failed to create cublas handle: CUBLAS_STATUS_NOT_INITIALIZED
2019-03-25 22:52:40.914195: E tensorflow/stream_executor/cuda/cuda_blas.cc:444] failed to create cublas handle: CUBLAS_STATUS_NOT_INITIALIZED
2019-03-25 22:52:40.917105: E tensorflow/stream_executor/cuda/cuda_blas.cc:444] failed to create cublas handle: CUBLAS_STATUS_NOT_INITIALIZED
2019-03-25 22:52:40.920010: E tensorflow/stream_executor/cuda/cuda_blas.cc:444] failed to create cublas handle: CUBLAS_STATUS_NOT_INITIALIZED
2019-03-25 22:52:40.922893: E tensorflow/stream_executor/cuda/cuda_blas.cc:444] failed to create cublas handle: CUBLAS_STATUS_NOT_INITIALIZED
2019-03-25 22:52:40.925786: E tensorflow/stream_executor/cuda/cuda_blas.cc:444] failed to create cublas handle: CUBLAS_STATUS_NOT_INITIALIZED
2019-03-25 22:52:40.928687: E tensorflow/stream_executor/cuda/cuda_blas.cc:444] failed to create cublas handle: CUBLAS_STATUS_NOT_INITIALIZED
2019-03-25 22:52:40.931566: E tensorflow/stream_executor/cuda/cuda_blas.cc:444] failed to create cublas handle: CUBLAS_STATUS_NOT_INITIALIZED
2019-03-25 22:52:40.934439: E tensorflow/stream_executor/cuda/cuda_blas.cc:444] failed to create cublas handle: CUBLAS_STATUS_NOT_INITIALIZED
2019-03-25 22:52:40.937335: E tensorflow/stream_executor/cuda/cuda_blas.cc:444] failed to create cublas handle: CUBLAS_STATUS_NOT_INITIALIZED
2019-03-25 22:52:40.940236: E tensorflow/stream_executor/cuda/cuda_blas.cc:444] failed to create cublas handle: CUBLAS_STATUS_NOT_INITIALIZED
2019-03-25 22:52:40.943125: E tensorflow/stream_executor/cuda/cuda_blas.cc:444] failed to create cublas handle: CUBLAS_STATUS_NOT_INITIALIZED
2019-03-25 22:52:40.946038: E tensorflow/stream_executor/cuda/cuda_blas.cc:444] failed to create cublas handle: CUBLAS_STATUS_NOT_INITIALIZED
2019-03-25 22:52:40.948941: E tensorflow/stream_executor/cuda/cuda_blas.cc:444] failed to create cublas handle: CUBLAS_STATUS_NOT_INITIALIZED
2019-03-25 22:52:40.951896: E tensorflow/stream_executor/cuda/cuda_blas.cc:444] failed to create cublas handle: CUBLAS_STATUS_NOT_INITIALIZED
2019-03-25 22:52:40.954883: E tensorflow/stream_executor/cuda/cuda_blas.cc:444] failed to create cublas handle: CUBLAS_STATUS_NOT_INITIALIZED
2019-03-25 22:52:40.957950: E tensorflow/stream_executor/cuda/cuda_blas.cc:444] failed to create cublas handle: CUBLAS_STATUS_NOT_INITIALIZED
2019-03-25 22:52:40.960916: E tensorflow/stream_executor/cuda/cuda_blas.cc:444] failed to create cublas handle: CUBLAS_STATUS_NOT_INITIALIZED
2019-03-25 22:52:41.001265: E tensorflow/stream_executor/cuda/cuda_blas.cc:444] failed to create cublas handle: CUBLAS_STATUS_NOT_INITIALIZED
2019-03-25 22:52:41.001349: W tensorflow/stream_executor/stream.cc:1901] attempting to perform BLAS operation using StreamExecutor without BLAS support
Traceback (most recent call last):
  File "/clusterFS/home/student/kopp13/miniconda3/envs/tensorflow/lib/python3.5/site-packages/tensorflow/python/client/session.py", line 1350, in _do_call
    return fn(*args)
  File "/clusterFS/home/student/kopp13/miniconda3/envs/tensorflow/lib/python3.5/site-packages/tensorflow/python/client/session.py", line 1329, in _run_fn
    status, run_metadata)
  File "/clusterFS/home/student/kopp13/miniconda3/envs/tensorflow/lib/python3.5/site-packages/tensorflow/python/framework/errors_impl.py", line 473, in __exit__
    c_api.TF_GetCode(self.status.status))
tensorflow.python.framework.errors_impl.InternalError: Blas GEMM launch failed : a.shape=(1500, 83), b.shape=(83, 70), m=1500, n=70, k=83
	 [[Node: te_b/MatMul = MatMul[T=DT_FLOAT, transpose_a=false, transpose_b=false, _device="/job:localhost/replica:0/task:0/device:GPU:0"](te_b/concat, te_b/mul_216)]]
	 [[Node: te_b/Neg/_123 = _Recv[client_terminated=false, recv_device="/job:localhost/replica:0/task:0/device:CPU:0", send_device="/job:localhost/replica:0/task:0/device:GPU:0", send_device_incarnation=1, tensor_name="edge_6245_te_b/Neg", tensor_type=DT_DOUBLE, _device="/job:localhost/replica:0/task:0/device:CPU:0"]()]]

During handling of the above exception, another exception occurred:

Traceback (most recent call last):
  File "../exps/tter_test.py", line 145, in <module>
    result_dicts.append(experiment.train(rnn_config, labelled_data_config, training_config, pretrain_config, info_config))
  File "../src/experiment.py", line 116, in train
    self.rnn.t_metrics.retrieve_results(sess, current_epoch)
  File "../src/data/t_metrics.py", line 86, in retrieve_results
    self.retrieve_b_results(sess, process_key)
  File "../src/data/t_metrics.py", line 98, in retrieve_b_results
    feed_dict={self.l_data.batch_idx: minibatch_idx})
  File "/clusterFS/home/student/kopp13/miniconda3/envs/tensorflow/lib/python3.5/site-packages/tensorflow/python/client/session.py", line 895, in run
    run_metadata_ptr)
  File "/clusterFS/home/student/kopp13/miniconda3/envs/tensorflow/lib/python3.5/site-packages/tensorflow/python/client/session.py", line 1128, in _run
    feed_dict_tensor, options, run_metadata)
  File "/clusterFS/home/student/kopp13/miniconda3/envs/tensorflow/lib/python3.5/site-packages/tensorflow/python/client/session.py", line 1344, in _do_run
    options, run_metadata)
  File "/clusterFS/home/student/kopp13/miniconda3/envs/tensorflow/lib/python3.5/site-packages/tensorflow/python/client/session.py", line 1363, in _do_call
    raise type(e)(node_def, op, message)
tensorflow.python.framework.errors_impl.InternalError: Blas GEMM launch failed : a.shape=(1500, 83), b.shape=(83, 70), m=1500, n=70, k=83
	 [[Node: te_b/MatMul = MatMul[T=DT_FLOAT, transpose_a=false, transpose_b=false, _device="/job:localhost/replica:0/task:0/device:GPU:0"](te_b/concat, te_b/mul_216)]]
	 [[Node: te_b/Neg/_123 = _Recv[client_terminated=false, recv_device="/job:localhost/replica:0/task:0/device:CPU:0", send_device="/job:localhost/replica:0/task:0/device:GPU:0", send_device_incarnation=1, tensor_name="edge_6245_te_b/Neg", tensor_type=DT_DOUBLE, _device="/job:localhost/replica:0/task:0/device:CPU:0"]()]]

Caused by op 'te_b/MatMul', defined at:
  File "../exps/tter_test.py", line 145, in <module>
    result_dicts.append(experiment.train(rnn_config, labelled_data_config, training_config, pretrain_config, info_config))
  File "../src/experiment.py", line 75, in train
    self.create_rnn(train_config, l_data, l_data_config)
  File "../src/experiment.py", line 23, in create_rnn
    self.rnn = RNN(self.rnn_config, train_config, self.info_config, l_data)
  File "../src/rnn.py", line 56, in __init__
    self.create_b_evaluation_graph(data_key)
  File "../src/rnn.py", line 289, in create_b_evaluation_graph
    self.create_rnn_graph(key, mod_rnn_config)
  File "../src/rnn.py", line 96, in create_rnn_graph
    m = layer.create_l_sampling_pass(m, mod_rnn_config['layer_configs'][layer_idx], seq_idx == 0)
  File "../src/lstm_layer.py", line 74, in create_l_sampling_pass
    a_f = self.weights.sample_activation('wf', 'bf', m)
  File "../src/weights.py", line 292, in sample_activation
    mean = tf.matmul(x_m, w_m) + b_m
  File "/clusterFS/home/student/kopp13/miniconda3/envs/tensorflow/lib/python3.5/site-packages/tensorflow/python/ops/math_ops.py", line 2016, in matmul
    a, b, transpose_a=transpose_a, transpose_b=transpose_b, name=name)
  File "/clusterFS/home/student/kopp13/miniconda3/envs/tensorflow/lib/python3.5/site-packages/tensorflow/python/ops/gen_math_ops.py", line 2516, in _mat_mul
    name=name)
  File "/clusterFS/home/student/kopp13/miniconda3/envs/tensorflow/lib/python3.5/site-packages/tensorflow/python/framework/op_def_library.py", line 787, in _apply_op_helper
    op_def=op_def)
  File "/clusterFS/home/student/kopp13/miniconda3/envs/tensorflow/lib/python3.5/site-packages/tensorflow/python/framework/ops.py", line 3160, in create_op
    op_def=op_def)
  File "/clusterFS/home/student/kopp13/miniconda3/envs/tensorflow/lib/python3.5/site-packages/tensorflow/python/framework/ops.py", line 1625, in __init__
    self._traceback = self._graph._extract_stack()  # pylint: disable=protected-access

InternalError (see above for traceback): Blas GEMM launch failed : a.shape=(1500, 83), b.shape=(83, 70), m=1500, n=70, k=83
	 [[Node: te_b/MatMul = MatMul[T=DT_FLOAT, transpose_a=false, transpose_b=false, _device="/job:localhost/replica:0/task:0/device:GPU:0"](te_b/concat, te_b/mul_216)]]
	 [[Node: te_b/Neg/_123 = _Recv[client_terminated=false, recv_device="/job:localhost/replica:0/task:0/device:CPU:0", send_device="/job:localhost/replica:0/task:0/device:GPU:0", send_device_incarnation=1, tensor_name="edge_6245_te_b/Neg", tensor_type=DT_DOUBLE, _device="/job:localhost/replica:0/task:0/device:CPU:0"]()]]

