2020-03-06 16:24:34.943006: I tensorflow/core/platform/cpu_feature_guard.cc:141] Your CPU supports instructions that this TensorFlow binary was not compiled to use: SSE4.1 SSE4.2 AVX FMA
2020-03-06 16:24:35.133944: I tensorflow/core/common_runtime/gpu/gpu_device.cc:1405] Found device 0 with properties: 
name: GeForce GTX 1060 6GB major: 6 minor: 1 memoryClockRate(GHz): 1.759
pciBusID: 0000:07:00.0
totalMemory: 5.94GiB freeMemory: 5.86GiB
2020-03-06 16:24:35.134228: I tensorflow/core/common_runtime/gpu/gpu_device.cc:1484] Adding visible gpu devices: 0
2020-03-06 16:24:39.154417: I tensorflow/core/common_runtime/gpu/gpu_device.cc:965] Device interconnect StreamExecutor with strength 1 edge matrix:
2020-03-06 16:24:39.154597: I tensorflow/core/common_runtime/gpu/gpu_device.cc:971]      0 
2020-03-06 16:24:39.154698: I tensorflow/core/common_runtime/gpu/gpu_device.cc:984] 0:   N 
2020-03-06 16:24:39.156477: I tensorflow/core/common_runtime/gpu/gpu_device.cc:1097] Created TensorFlow device (/job:localhost/replica:0/task:0/device:GPU:0 with 5641 MB memory) -> physical GPU (device: 0, name: GeForce GTX 1060 6GB, pci bus id: 0000:07:00.0, compute capability: 6.1)
2020-03-06 20:07:43.858176: I tensorflow/core/common_runtime/gpu/gpu_device.cc:1484] Adding visible gpu devices: 0
2020-03-06 20:07:43.858745: I tensorflow/core/common_runtime/gpu/gpu_device.cc:965] Device interconnect StreamExecutor with strength 1 edge matrix:
2020-03-06 20:07:43.858833: I tensorflow/core/common_runtime/gpu/gpu_device.cc:971]      0 
2020-03-06 20:07:43.858914: I tensorflow/core/common_runtime/gpu/gpu_device.cc:984] 0:   N 
2020-03-06 20:07:43.859071: I tensorflow/core/common_runtime/gpu/gpu_device.cc:1097] Created TensorFlow device (/job:localhost/replica:0/task:0/device:GPU:0 with 5641 MB memory) -> physical GPU (device: 0, name: GeForce GTX 1060 6GB, pci bus id: 0000:07:00.0, compute capability: 6.1)
2020-03-06 23:50:54.942149: I tensorflow/core/common_runtime/gpu/gpu_device.cc:1484] Adding visible gpu devices: 0
2020-03-06 23:50:54.944388: I tensorflow/core/common_runtime/gpu/gpu_device.cc:965] Device interconnect StreamExecutor with strength 1 edge matrix:
2020-03-06 23:50:54.944497: I tensorflow/core/common_runtime/gpu/gpu_device.cc:971]      0 
2020-03-06 23:50:54.944596: I tensorflow/core/common_runtime/gpu/gpu_device.cc:984] 0:   N 
2020-03-06 23:50:54.944758: I tensorflow/core/common_runtime/gpu/gpu_device.cc:1097] Created TensorFlow device (/job:localhost/replica:0/task:0/device:GPU:0 with 5641 MB memory) -> physical GPU (device: 0, name: GeForce GTX 1060 6GB, pci bus id: 0000:07:00.0, compute capability: 6.1)
2020-03-07 03:33:41.980020: I tensorflow/core/common_runtime/gpu/gpu_device.cc:1484] Adding visible gpu devices: 0
2020-03-07 03:33:41.983129: I tensorflow/core/common_runtime/gpu/gpu_device.cc:965] Device interconnect StreamExecutor with strength 1 edge matrix:
2020-03-07 03:33:41.983245: I tensorflow/core/common_runtime/gpu/gpu_device.cc:971]      0 
2020-03-07 03:33:41.983330: I tensorflow/core/common_runtime/gpu/gpu_device.cc:984] 0:   N 
2020-03-07 03:33:41.983489: I tensorflow/core/common_runtime/gpu/gpu_device.cc:1097] Created TensorFlow device (/job:localhost/replica:0/task:0/device:GPU:0 with 5641 MB memory) -> physical GPU (device: 0, name: GeForce GTX 1060 6GB, pci bus id: 0000:07:00.0, compute capability: 6.1)
2020-03-07 07:16:29.328589: I tensorflow/core/common_runtime/gpu/gpu_device.cc:1484] Adding visible gpu devices: 0
2020-03-07 07:16:29.329060: I tensorflow/core/common_runtime/gpu/gpu_device.cc:965] Device interconnect StreamExecutor with strength 1 edge matrix:
2020-03-07 07:16:29.329146: I tensorflow/core/common_runtime/gpu/gpu_device.cc:971]      0 
2020-03-07 07:16:29.329231: I tensorflow/core/common_runtime/gpu/gpu_device.cc:984] 0:   N 
2020-03-07 07:16:29.329394: I tensorflow/core/common_runtime/gpu/gpu_device.cc:1097] Created TensorFlow device (/job:localhost/replica:0/task:0/device:GPU:0 with 5641 MB memory) -> physical GPU (device: 0, name: GeForce GTX 1060 6GB, pci bus id: 0000:07:00.0, compute capability: 6.1)
2020-03-07 10:59:20.980413: I tensorflow/core/common_runtime/gpu/gpu_device.cc:1484] Adding visible gpu devices: 0
2020-03-07 10:59:20.983361: I tensorflow/core/common_runtime/gpu/gpu_device.cc:965] Device interconnect StreamExecutor with strength 1 edge matrix:
2020-03-07 10:59:20.983460: I tensorflow/core/common_runtime/gpu/gpu_device.cc:971]      0 
2020-03-07 10:59:20.983529: I tensorflow/core/common_runtime/gpu/gpu_device.cc:984] 0:   N 
2020-03-07 10:59:20.983714: I tensorflow/core/common_runtime/gpu/gpu_device.cc:1097] Created TensorFlow device (/job:localhost/replica:0/task:0/device:GPU:0 with 5641 MB memory) -> physical GPU (device: 0, name: GeForce GTX 1060 6GB, pci bus id: 0000:07:00.0, compute capability: 6.1)
