

config:

HOME=/clusterFS/home/student/kopp13
PATH=/clusterFS/home/student/kopp13/miniconda3/envs/tensorflow/bin:/clusterFS/home/student/kopp13/miniconda3/condabin:/clusterFS/home/student/kopp13/VarRNN/src/bin:/clusterFS/home/student/kopp13/miniconda3/bin:/clusterFS/home/student/kopp13/bin:/usr/local/bin:/usr/bin:/bin:/usr/local/games:/usr/games
LD_LIBRARY_PATH=:/usr/local/cuda-9.0/lib64
THEANO_FLAGS=floatX=float32,gpuarray.preallocate=0.9,dnn.library_path=/usr/lib/x86_64-linux-gnu,cxx=clang++-3.8,device=cuda,base_compiledir=/tmp/tmp.7Y7z9uH2o3


=============================
CONFIG FILE

RNN CONFIG
{'data_multiplier': 400,
 'gradient_clip_value': 0.5,
 'layer_configs': [{'layer_type': 'input'},
                   {'bc': {'init_m': 'xavier',
                           'init_v': -4.5,
                           'prior_m': 0.0,
                           'prior_v': 0.0,
                           'type': 'continuous'},
                    'bf': {'init_m': 'xavier',
                           'init_v': -4.5,
                           'prior_m': 0.0,
                           'prior_v': 0.0,
                           'type': 'continuous'},
                    'bi': {'init_m': 'xavier',
                           'init_v': -4.5,
                           'prior_m': 0.0,
                           'prior_v': 0.0,
                           'type': 'continuous'},
                    'bo': {'init_m': 'xavier',
                           'init_v': -4.5,
                           'prior_m': 0.0,
                           'prior_v': 0.0,
                           'type': 'continuous'},
                    'discrete_act': False,
                    'init_config': {'c': {'b': 'all_zero', 'w': 'xavier'},
                                    'f': {'b': 'all_one', 'w': 'all_zero'},
                                    'i': {'b': 'all_zero', 'w': 'xavier'},
                                    'o': {'b': 'all_zero', 'w': 'xavier'}},
                    'is_output': False,
                    'is_recurrent': True,
                    'layer_type': 'lstm',
                    'normalize_mean': False,
                    'parametrization': 'sigmoid',
                    'tau': 0.5,
                    'var_scope': 'lstm_0',
                    'wc': {'p0max': 0.95,
                           'p0min': 0.05,
                           'pmax': 0.99,
                           'pmin': 0.01,
                           'priors': [0.1, 0.8, 0.1],
                           'type': 'ternary'},
                    'wf': {'p0max': 0.95,
                           'p0min': 0.05,
                           'pmax': 0.99,
                           'pmin': 0.01,
                           'priors': [0.1, 0.8, 0.1],
                           'type': 'ternary'},
                    'wi': {'p0max': 0.95,
                           'p0min': 0.05,
                           'pmax': 0.99,
                           'pmin': 0.01,
                           'priors': [0.1, 0.8, 0.1],
                           'type': 'ternary'},
                    'wo': {'p0max': 0.95,
                           'p0min': 0.05,
                           'pmax': 0.99,
                           'pmin': 0.01,
                           'priors': [0.1, 0.8, 0.1],
                           'type': 'ternary'}},
                   {'bc': {'init_m': 'xavier',
                           'init_v': -4.5,
                           'prior_m': 0.0,
                           'prior_v': 0.0,
                           'type': 'continuous'},
                    'bf': {'init_m': 'xavier',
                           'init_v': -4.5,
                           'prior_m': 0.0,
                           'prior_v': 0.0,
                           'type': 'continuous'},
                    'bi': {'init_m': 'xavier',
                           'init_v': -4.5,
                           'prior_m': 0.0,
                           'prior_v': 0.0,
                           'type': 'continuous'},
                    'bo': {'init_m': 'xavier',
                           'init_v': -4.5,
                           'prior_m': 0.0,
                           'prior_v': 0.0,
                           'type': 'continuous'},
                    'discrete_act': False,
                    'init_config': {'c': {'b': 'all_zero', 'w': 'xavier'},
                                    'f': {'b': 'all_one', 'w': 'all_zero'},
                                    'i': {'b': 'all_zero', 'w': 'xavier'},
                                    'o': {'b': 'all_zero', 'w': 'xavier'}},
                    'is_output': False,
                    'is_recurrent': True,
                    'layer_type': 'lstm',
                    'normalize_mean': False,
                    'parametrization': 'sigmoid',
                    'tau': 0.5,
                    'var_scope': 'lstm_1',
                    'wc': {'p0max': 0.95,
                           'p0min': 0.05,
                           'pmax': 0.99,
                           'pmin': 0.01,
                           'priors': [0.1, 0.8, 0.1],
                           'type': 'ternary'},
                    'wf': {'p0max': 0.95,
                           'p0min': 0.05,
                           'pmax': 0.99,
                           'pmin': 0.01,
                           'priors': [0.1, 0.8, 0.1],
                           'type': 'ternary'},
                    'wi': {'p0max': 0.95,
                           'p0min': 0.05,
                           'pmax': 0.99,
                           'pmin': 0.01,
                           'priors': [0.1, 0.8, 0.1],
                           'type': 'ternary'},
                    'wo': {'p0max': 0.95,
                           'p0min': 0.05,
                           'pmax': 0.99,
                           'pmin': 0.01,
                           'priors': [0.1, 0.8, 0.1],
                           'type': 'ternary'}},
                   {'b': {'init_m': 'xavier',
                          'init_v': -4.5,
                          'prior_m': 0.0,
                          'prior_v': 0.0,
                          'type': 'continuous'},
                    'is_output': True,
                    'is_recurrent': False,
                    'layer_type': 'fc',
                    'normalize_mean': False,
                    'parametrization': 'sigmoid',
                    'regularization': {'mode': None, 'strength': 0.02},
                    'tau': 0.5,
                    'var_scope': 'output_layer',
                    'w': {'p0max': 0.95,
                          'p0min': 0.05,
                          'pmax': 0.99,
                          'pmin': 0.01,
                          'priors': [0.1, 0.8, 0.1],
                          'type': 'ternary'}}],
 'layout': [13, 70, 70, 54],
 'output_type': 'classification'}

DATA CONFIG
{'dataset': 'timit_s',
 'te': {'extract_seqs': False,
        'in_seq_len': 25,
        'minibatch_enabled': True,
        'minibatch_size': 200,
        'out_seq_len': 1,
        'zero_padding': 0},
 'tr': {'extract_seqs': False,
        'in_seq_len': 25,
        'minibatch_enabled': True,
        'minibatch_size': 200,
        'out_seq_len': 1,
        'zero_padding': 0},
 'va': {'extract_seqs': False,
        'in_seq_len': 25,
        'minibatch_enabled': True,
        'minibatch_size': 200,
        'out_seq_len': 1,
        'zero_padding': 0}}

TRAINING CONFIG
{'batchnorm': True,
 'dir_reg': 0.0,
 'ent_reg': 0.0,
 'is_pretrain': False,
 'learning_rate': 0.1,
 'mode': {'max_epochs': 10000, 'min_error': 0.0, 'name': 'classic'},
 'task_id': 1,
 'type': 'l_sampling',
 'var_reg': 0.0}
==============================


  0,  0 | TrAcc: 0.0473, TrLoss:  8.12540, VaAcc: 0.0520, VaLoss:  8.12974	 100 sampled NNs | MaxAcc: 0.0900 | MinLoss: 4.3582
  1,  0 | TrAcc: 0.3719, TrLoss:  2.06365, VaAcc: 0.2400, VaLoss:  2.77017	 100 sampled NNs | MaxAcc: 0.2310 | MinLoss: 3.0001
  2,  0 | TrAcc: 0.5193, TrLoss:  1.51495, VaAcc: 0.2360, VaLoss:  2.94203	 100 sampled NNs | MaxAcc: 0.2570 | MinLoss: 2.8229
  3,  0 | TrAcc: 0.5869, TrLoss:  1.26721, VaAcc: 0.2460, VaLoss:  2.94464	 100 sampled NNs | MaxAcc: 0.2680 | MinLoss: 2.7052
  4,  0 | TrAcc: 0.6040, TrLoss:  1.22644, VaAcc: 0.2980, VaLoss:  2.78549	 100 sampled NNs | MaxAcc: 0.3090 | MinLoss: 2.7503
  5,  0 | TrAcc: 0.6749, TrLoss:  0.99561, VaAcc: 0.2850, VaLoss:  3.03128	 100 sampled NNs | MaxAcc: 0.3020 | MinLoss: 2.8296
  6,  0 | TrAcc: 0.5908, TrLoss:  1.26853, VaAcc: 0.2640, VaLoss:  2.96382	 100 sampled NNs | MaxAcc: 0.3220 | MinLoss: 2.7654
  7,  0 | TrAcc: 0.6530, TrLoss:  1.08932, VaAcc: 0.2820, VaLoss:  3.00919	 100 sampled NNs | MaxAcc: 0.3210 | MinLoss: 2.7384
  8,  0 | TrAcc: 0.6183, TrLoss:  1.14247, VaAcc: 0.2590, VaLoss:  2.99834	 100 sampled NNs | MaxAcc: 0.2990 | MinLoss: 2.6967
  9,  0 | TrAcc: 0.5930, TrLoss:  1.24228, VaAcc: 0.2870, VaLoss:  2.66755	 100 sampled NNs | MaxAcc: 0.3560 | MinLoss: 2.4451
 10,  0 | TrAcc: 0.5949, TrLoss:  1.24890, VaAcc: 0.2890, VaLoss:  2.73628	 100 sampled NNs | MaxAcc: 0.3350 | MinLoss: 2.5113
 11,  0 | TrAcc: 0.6097, TrLoss:  1.22662, VaAcc: 0.2820, VaLoss:  2.80447	 100 sampled NNs | MaxAcc: 0.3400 | MinLoss: 2.5599
 12,  0 | TrAcc: 0.5713, TrLoss:  1.33053, VaAcc: 0.3320, VaLoss:  2.66880	 100 sampled NNs | MaxAcc: 0.3800 | MinLoss: 2.3714
 13,  0 | TrAcc: 0.5354, TrLoss:  1.39183, VaAcc: 0.2640, VaLoss:  2.84062	 100 sampled NNs | MaxAcc: 0.3430 | MinLoss: 2.4768
 14,  0 | TrAcc: 0.3086, TrLoss:  2.29699, VaAcc: 0.1990, VaLoss:  3.03525	 100 sampled NNs | MaxAcc: 0.2880 | MinLoss: 2.5502
 15,  0 | TrAcc: 0.2785, TrLoss:  2.37640, VaAcc: 0.1980, VaLoss:  3.15266	 100 sampled NNs | MaxAcc: 0.2740 | MinLoss: 2.6847
 16,  0 | TrAcc: 0.3532, TrLoss:  2.20035, VaAcc: 0.1930, VaLoss:  3.11993	 100 sampled NNs | MaxAcc: 0.2670 | MinLoss: 2.5293
 17,  0 | TrAcc: 0.3237, TrLoss:  2.15292, VaAcc: 0.2300, VaLoss:  3.04005	 100 sampled NNs | MaxAcc: 0.3390 | MinLoss: 2.4572
 18,  0 | TrAcc: 0.3529, TrLoss:  2.11204, VaAcc: 0.2340, VaLoss:  3.24270	 100 sampled NNs | MaxAcc: 0.2960 | MinLoss: 2.5632
 19,  0 | TrAcc: 0.2990, TrLoss:  2.25429, VaAcc: 0.2480, VaLoss:  3.19380	 100 sampled NNs | MaxAcc: 0.3180 | MinLoss: 2.7894
 20,  0 | TrAcc: 0.3285, TrLoss:  2.19824, VaAcc: 0.2080, VaLoss:  2.98995	 100 sampled NNs | MaxAcc: 0.2790 | MinLoss: 2.5249
 21,  0 | TrAcc: 0.3306, TrLoss:  2.08767, VaAcc: 0.2300, VaLoss:  2.98486	 100 sampled NNs | MaxAcc: 0.3200 | MinLoss: 2.5004
 22,  0 | TrAcc: 0.3201, TrLoss:  2.23190, VaAcc: 0.2350, VaLoss:  2.95643	 100 sampled NNs | MaxAcc: 0.3340 | MinLoss: 2.3383
 23,  0 | TrAcc: 0.3718, TrLoss:  2.03776, VaAcc: 0.2530, VaLoss:  2.87847	 100 sampled NNs | MaxAcc: 0.3440 | MinLoss: 2.3829
 24,  0 | TrAcc: 0.3742, TrLoss:  2.00841, VaAcc: 0.2490, VaLoss:  2.95766	 100 sampled NNs | MaxAcc: 0.3210 | MinLoss: 2.4168
 25,  0 | TrAcc: 0.3292, TrLoss:  2.19979, VaAcc: 0.2600, VaLoss:  3.16086	 100 sampled NNs | MaxAcc: 0.3650 | MinLoss: 2.5220
 26,  0 | TrAcc: 0.3681, TrLoss:  2.05347, VaAcc: 0.2100, VaLoss:  3.07469	 100 sampled NNs | MaxAcc: 0.2800 | MinLoss: 2.5344
 27,  0 | TrAcc: 0.3169, TrLoss:  2.27208, VaAcc: 0.2310, VaLoss:  3.08154	 100 sampled NNs | MaxAcc: 0.3070 | MinLoss: 2.4282
 28,  0 | TrAcc: 0.3607, TrLoss:  2.13711, VaAcc: 0.2460, VaLoss:  3.02484	 100 sampled NNs | MaxAcc: 0.3140 | MinLoss: 2.4022
 29,  0 | TrAcc: 0.3265, TrLoss:  2.19068, VaAcc: 0.2250, VaLoss:  3.16778	 100 sampled NNs | MaxAcc: 0.2820 | MinLoss: 2.6220
 30,  0 | TrAcc: 0.3935, TrLoss:  1.95374, VaAcc: 0.2340, VaLoss:  3.11902	 100 sampled NNs | MaxAcc: 0.3080 | MinLoss: 2.6034
 31,  0 | TrAcc: 0.3182, TrLoss:  2.17839, VaAcc: 0.2510, VaLoss:  2.84940	 100 sampled NNs | MaxAcc: 0.3410 | MinLoss: 2.2843
 32,  0 | TrAcc: 0.3754, TrLoss:  2.03716, VaAcc: 0.2540, VaLoss:  2.97916	 100 sampled NNs | MaxAcc: 0.3290 | MinLoss: 2.4729
 33,  0 | TrAcc: 0.3587, TrLoss:  2.01249, VaAcc: 0.2880, VaLoss:  2.90125	 100 sampled NNs | MaxAcc: 0.3530 | MinLoss: 2.3897
 34,  0 | TrAcc: 0.3677, TrLoss:  2.06312, VaAcc: 0.2480, VaLoss:  3.12065	 100 sampled NNs | MaxAcc: 0.3180 | MinLoss: 2.5984
 35,  0 | TrAcc: 0.3536, TrLoss:  2.14565, VaAcc: 0.2520, VaLoss:  2.89215	 100 sampled NNs | MaxAcc: 0.3640 | MinLoss: 2.3990
 36,  0 | TrAcc: 0.3308, TrLoss:  2.23325, VaAcc: 0.2170, VaLoss:  2.89095	 100 sampled NNs | MaxAcc: 0.3280 | MinLoss: 2.2820
 37,  0 | TrAcc: 0.3561, TrLoss:  2.02015, VaAcc: 0.2430, VaLoss:  2.78061	 100 sampled NNs | MaxAcc: 0.3490 | MinLoss: 2.3206
 38,  0 | TrAcc: 0.3708, TrLoss:  2.05388, VaAcc: 0.2450, VaLoss:  2.92187	 100 sampled NNs | MaxAcc: 0.3290 | MinLoss: 2.4553
 39,  0 | TrAcc: 0.3516, TrLoss:  2.03625, VaAcc: 0.2600, VaLoss:  2.84729	 100 sampled NNs | MaxAcc: 0.3320 | MinLoss: 2.3923
 40,  0 | TrAcc: 0.3683, TrLoss:  2.10029, VaAcc: 0.2300, VaLoss:  2.84524	 100 sampled NNs | MaxAcc: 0.3330 | MinLoss: 2.2780
 41,  0 | TrAcc: 0.3510, TrLoss:  2.07345, VaAcc: 0.2240, VaLoss:  3.08866	 100 sampled NNs | MaxAcc: 0.3020 | MinLoss: 2.5464
 42,  0 | TrAcc: 0.3646, TrLoss:  2.00764, VaAcc: 0.2540, VaLoss:  2.85542	 100 sampled NNs | MaxAcc: 0.3510 | MinLoss: 2.3663
 43,  0 | TrAcc: 0.3886, TrLoss:  1.91123, VaAcc: 0.2950, VaLoss:  2.75475	 100 sampled NNs | MaxAcc: 0.3790 | MinLoss: 2.2549
 44,  0 | TrAcc: 0.3630, TrLoss:  2.03800, VaAcc: 0.2450, VaLoss:  2.74671	 100 sampled NNs | MaxAcc: 0.2930 | MinLoss: 2.2507
 45,  0 | TrAcc: 0.3524, TrLoss:  2.07837, VaAcc: 0.2860, VaLoss:  2.69192	 100 sampled NNs | MaxAcc: 0.3350 | MinLoss: 2.2222
 46,  0 | TrAcc: 0.3735, TrLoss:  2.02565, VaAcc: 0.2480, VaLoss:  2.88575	 100 sampled NNs | MaxAcc: 0.3230 | MinLoss: 2.3819
 47,  0 | TrAcc: 0.4055, TrLoss:  1.87347, VaAcc: 0.2570, VaLoss:  2.87547	 100 sampled NNs | MaxAcc: 0.3290 | MinLoss: 2.3678
 48,  0 | TrAcc: 0.4187, TrLoss:  1.93199, VaAcc: 0.2670, VaLoss:  2.70881	 100 sampled NNs | MaxAcc: 0.3670 | MinLoss: 2.1577
 49,  0 | TrAcc: 0.3754, TrLoss:  2.05072, VaAcc: 0.2690, VaLoss:  2.91436	 100 sampled NNs | MaxAcc: 0.3590 | MinLoss: 2.3373
 50,  0 | TrAcc: 0.3748, TrLoss:  2.03960, VaAcc: 0.2540, VaLoss:  2.89939	 100 sampled NNs | MaxAcc: 0.3440 | MinLoss: 2.4316
 51,  0 | TrAcc: 0.3997, TrLoss:  1.91647, VaAcc: 0.2580, VaLoss:  2.84810	 100 sampled NNs | MaxAcc: 0.3650 | MinLoss: 2.3145
 52,  0 | TrAcc: 0.4252, TrLoss:  1.91491, VaAcc: 0.2910, VaLoss:  2.83708	 100 sampled NNs | MaxAcc: 0.3700 | MinLoss: 2.3536
 53,  0 | TrAcc: 0.3599, TrLoss:  2.04701, VaAcc: 0.2740, VaLoss:  2.76344	 100 sampled NNs | MaxAcc: 0.3650 | MinLoss: 2.2093
 54,  0 | TrAcc: 0.4156, TrLoss:  1.89362, VaAcc: 0.2340, VaLoss:  2.86352	 100 sampled NNs | MaxAcc: 0.3000 | MinLoss: 2.3610
 55,  0 | TrAcc: 0.3820, TrLoss:  1.99087, VaAcc: 0.2500, VaLoss:  3.12380	 100 sampled NNs | MaxAcc: 0.2810 | MinLoss: 2.6172
 56,  0 | TrAcc: 0.3558, TrLoss:  2.13513, VaAcc: 0.2370, VaLoss:  2.92367	 100 sampled NNs | MaxAcc: 0.3030 | MinLoss: 2.4272
 57,  0 | TrAcc: 0.3933, TrLoss:  1.95779, VaAcc: 0.2920, VaLoss:  2.71995	 100 sampled NNs | MaxAcc: 0.3380 | MinLoss: 2.2517
 58,  0 | TrAcc: 0.3401, TrLoss:  2.01397, VaAcc: 0.2930, VaLoss:  2.79511	 100 sampled NNs | MaxAcc: 0.3760 | MinLoss: 2.2059
 59,  0 | TrAcc: 0.4336, TrLoss:  1.79035, VaAcc: 0.3010, VaLoss:  2.78373	 100 sampled NNs | MaxAcc: 0.3760 | MinLoss: 2.2592
 60,  0 | TrAcc: 0.3782, TrLoss:  1.97793, VaAcc: 0.2790, VaLoss:  2.72972	 100 sampled NNs | MaxAcc: 0.3440 | MinLoss: 2.3057
 61,  0 | TrAcc: 0.3949, TrLoss:  1.92823, VaAcc: 0.2760, VaLoss:  2.76816	 100 sampled NNs | MaxAcc: 0.3640 | MinLoss: 2.2667
 62,  0 | TrAcc: 0.3887, TrLoss:  1.92419, VaAcc: 0.2690, VaLoss:  2.80672	 100 sampled NNs | MaxAcc: 0.3290 | MinLoss: 2.3532
 63,  0 | TrAcc: 0.3905, TrLoss:  1.97219, VaAcc: 0.2460, VaLoss:  2.75747	 100 sampled NNs | MaxAcc: 0.3330 | MinLoss: 2.2313
 64,  0 | TrAcc: 0.3722, TrLoss:  2.01252, VaAcc: 0.2960, VaLoss:  2.77724	 100 sampled NNs | MaxAcc: 0.3620 | MinLoss: 2.3302
 65,  0 | TrAcc: 0.3813, TrLoss:  2.02883, VaAcc: 0.2440, VaLoss:  2.81221	 100 sampled NNs | MaxAcc: 0.3540 | MinLoss: 2.2934
 66,  0 | TrAcc: 0.3709, TrLoss:  1.98785, VaAcc: 0.2810, VaLoss:  2.90696	 100 sampled NNs | MaxAcc: 0.3540 | MinLoss: 2.3191
 67,  0 | TrAcc: 0.3854, TrLoss:  2.01149, VaAcc: 0.2350, VaLoss:  2.99531	 100 sampled NNs | MaxAcc: 0.3280 | MinLoss: 2.4155
 68,  0 | TrAcc: 0.3733, TrLoss:  2.04485, VaAcc: 0.2710, VaLoss:  2.81667	 100 sampled NNs | MaxAcc: 0.3530 | MinLoss: 2.2449
 69,  0 | TrAcc: 0.3438, TrLoss:  2.02073, VaAcc: 0.2330, VaLoss:  2.81622	 100 sampled NNs | MaxAcc: 0.2970 | MinLoss: 2.2895
 70,  0 | TrAcc: 0.3743, TrLoss:  1.97288, VaAcc: 0.3080, VaLoss:  2.76190	 100 sampled NNs | MaxAcc: 0.3820 | MinLoss: 2.2222
 71,  0 | TrAcc: 0.4035, TrLoss:  1.93909, VaAcc: 0.2720, VaLoss:  2.98545	 100 sampled NNs | MaxAcc: 0.3520 | MinLoss: 2.4435
 72,  0 | TrAcc: 0.3666, TrLoss:  2.10840, VaAcc: 0.2310, VaLoss:  2.94495	 100 sampled NNs | MaxAcc: 0.3420 | MinLoss: 2.4120
 73,  0 | TrAcc: 0.3301, TrLoss:  2.12578, VaAcc: 0.2610, VaLoss:  2.78011	 100 sampled NNs | MaxAcc: 0.3460 | MinLoss: 2.3144
 74,  0 | TrAcc: 0.3721, TrLoss:  2.05312, VaAcc: 0.2750, VaLoss:  2.87278	 100 sampled NNs | MaxAcc: 0.3630 | MinLoss: 2.3734
 75,  0 | TrAcc: 0.4270, TrLoss:  1.94108, VaAcc: 0.2540, VaLoss:  2.92768	 100 sampled NNs | MaxAcc: 0.3520 | MinLoss: 2.3460
 76,  0 | TrAcc: 0.3680, TrLoss:  2.02572, VaAcc: 0.2480, VaLoss:  2.75227	 100 sampled NNs | MaxAcc: 0.3470 | MinLoss: 2.2648
 77,  0 | TrAcc: 0.3473, TrLoss:  2.07803, VaAcc: 0.2400, VaLoss:  2.88216	 100 sampled NNs | MaxAcc: 0.3330 | MinLoss: 2.3155
 78,  0 | TrAcc: 0.3732, TrLoss:  2.00360, VaAcc: 0.2230, VaLoss:  2.93555	 100 sampled NNs | MaxAcc: 0.2860 | MinLoss: 2.4241
 79,  0 | TrAcc: 0.4362, TrLoss:  1.79706, VaAcc: 0.2760, VaLoss:  2.91825	 100 sampled NNs | MaxAcc: 0.3520 | MinLoss: 2.3865
 80,  0 | TrAcc: 0.3752, TrLoss:  1.96400, VaAcc: 0.2400, VaLoss:  2.86932	 100 sampled NNs | MaxAcc: 0.2960 | MinLoss: 2.3181
 81,  0 | TrAcc: 0.3162, TrLoss:  2.29109, VaAcc: 0.2190, VaLoss:  2.89979	 100 sampled NNs | MaxAcc: 0.2960 | MinLoss: 2.4407
 82,  0 | TrAcc: 0.3121, TrLoss:  2.24669, VaAcc: 0.2280, VaLoss:  3.36749	 100 sampled NNs | MaxAcc: 0.3270 | MinLoss: 2.3054
 83,  0 | TrAcc: 0.3595, TrLoss:  2.15211, VaAcc: 0.2790, VaLoss:  3.19800	 100 sampled NNs | MaxAcc: 0.3610 | MinLoss: 2.3398
 84,  0 | TrAcc: 0.3654, TrLoss:  2.09456, VaAcc: 0.2460, VaLoss:  3.02480	 100 sampled NNs | MaxAcc: 0.3350 | MinLoss: 2.3533
 85,  0 | TrAcc: 0.3913, TrLoss:  1.98718, VaAcc: 0.2510, VaLoss:  3.10544	 100 sampled NNs | MaxAcc: 0.3480 | MinLoss: 2.3374
 86,  0 | TrAcc: 0.3230, TrLoss:  2.14027, VaAcc: 0.2430, VaLoss:  3.17207	 100 sampled NNs | MaxAcc: 0.3020 | MinLoss: 2.4245
 87,  0 | TrAcc: 0.3566, TrLoss:  2.16281, VaAcc: 0.2370, VaLoss:  3.42360	 100 sampled NNs | MaxAcc: 0.2990 | MinLoss: 2.2904
 88,  0 | TrAcc: 0.3398, TrLoss:  2.20356, VaAcc: 0.2340, VaLoss:  3.42721	 100 sampled NNs | MaxAcc: 0.3190 | MinLoss: 2.4416
 89,  0 | TrAcc: 0.3124, TrLoss:  2.29097, VaAcc: 0.2150, VaLoss:  3.69582	 100 sampled NNs | MaxAcc: 0.2840 | MinLoss: 2.3486
 90,  0 | TrAcc: 0.3539, TrLoss:  2.07769, VaAcc: 0.2120, VaLoss:  3.18385	 100 sampled NNs | MaxAcc: 0.2890 | MinLoss: 2.4749
 91,  0 | TrAcc: 0.2984, TrLoss:  2.29927, VaAcc: 0.2420, VaLoss:  3.26878	 100 sampled NNs | MaxAcc: 0.3190 | MinLoss: 2.4532
 92,  0 | TrAcc: 0.3248, TrLoss:  2.33021, VaAcc: 0.2470, VaLoss:  2.96505	 100 sampled NNs | MaxAcc: 0.3270 | MinLoss: 2.1859
 93,  0 | TrAcc: 0.3893, TrLoss:  2.02242, VaAcc: 0.2570, VaLoss:  3.20782	 100 sampled NNs | MaxAcc: 0.3330 | MinLoss: 2.2947
 94,  0 | TrAcc: 0.3441, TrLoss:  2.17581, VaAcc: 0.2600, VaLoss:  3.07361	 100 sampled NNs | MaxAcc: 0.3290 | MinLoss: 2.3461
 95,  0 | TrAcc: 0.3554, TrLoss:  2.14109, VaAcc: 0.2430, VaLoss:  3.02467	 100 sampled NNs | MaxAcc: 0.3520 | MinLoss: 2.2174
 96,  0 | TrAcc: 0.3867, TrLoss:  2.05392, VaAcc: 0.2600, VaLoss:  3.02597	 100 sampled NNs | MaxAcc: 0.3480 | MinLoss: 2.2347
 97,  0 | TrAcc: 0.3076, TrLoss:  2.27477, VaAcc: 0.2380, VaLoss:  3.33854	 100 sampled NNs | MaxAcc: 0.3180 | MinLoss: 2.4675
 98,  0 | TrAcc: 0.3461, TrLoss:  2.17016, VaAcc: 0.2490, VaLoss:  3.01483	 100 sampled NNs | MaxAcc: 0.3370 | MinLoss: 2.2716
 99,  0 | TrAcc: 0.3232, TrLoss:  2.26338, VaAcc: 0.2180, VaLoss:  2.93775	 100 sampled NNs | MaxAcc: 0.3020 | MinLoss: 2.3180
100,  0 | TrAcc: 0.3230, TrLoss:  2.22321, VaAcc: 0.2600, VaLoss:  2.87607	 100 sampled NNs | MaxAcc: 0.3730 | MinLoss: 2.2063
101,  0 | TrAcc: 0.3167, TrLoss:  2.26279, VaAcc: 0.2210, VaLoss:  3.15440	 100 sampled NNs | MaxAcc: 0.2820 | MinLoss: 2.4694
102,  0 | TrAcc: 0.3367, TrLoss:  2.24939, VaAcc: 0.2830, VaLoss:  3.19390	 100 sampled NNs | MaxAcc: 0.3940 | MinLoss: 2.3148
103,  0 | TrAcc: 0.3774, TrLoss:  2.06929, VaAcc: 0.2160, VaLoss:  3.15601	 100 sampled NNs | MaxAcc: 0.2900 | MinLoss: 2.4596
104,  0 | TrAcc: 0.3306, TrLoss:  2.17467, VaAcc: 0.2270, VaLoss:  3.05894	 100 sampled NNs | MaxAcc: 0.3400 | MinLoss: 2.3381
105,  0 | TrAcc: 0.3546, TrLoss:  2.09294, VaAcc: 0.2750, VaLoss:  2.95534	 100 sampled NNs | MaxAcc: 0.3770 | MinLoss: 2.2807
106,  0 | TrAcc: 0.3372, TrLoss:  2.20478, VaAcc: 0.2340, VaLoss:  2.87190	 100 sampled NNs | MaxAcc: 0.3230 | MinLoss: 2.2547
107,  0 | TrAcc: 0.3821, TrLoss:  2.03819, VaAcc: 0.2640, VaLoss:  2.94252	 100 sampled NNs | MaxAcc: 0.3630 | MinLoss: 2.2798
108,  0 | TrAcc: 0.3246, TrLoss:  2.23628, VaAcc: 0.2450, VaLoss:  2.88002	 100 sampled NNs | MaxAcc: 0.3340 | MinLoss: 2.3036
109,  0 | TrAcc: 0.3912, TrLoss:  1.97122, VaAcc: 0.2500, VaLoss:  3.07451	 100 sampled NNs | MaxAcc: 0.3110 | MinLoss: 2.5270
110,  0 | TrAcc: 0.3407, TrLoss:  2.14673, VaAcc: 0.2650, VaLoss:  3.00015	 100 sampled NNs | MaxAcc: 0.3550 | MinLoss: 2.2776
111,  0 | TrAcc: 0.3859, TrLoss:  1.91622, VaAcc: 0.2630, VaLoss:  3.08105	 100 sampled NNs | MaxAcc: 0.3800 | MinLoss: 2.4853
112,  0 | TrAcc: 0.3771, TrLoss:  1.98947, VaAcc: 0.2660, VaLoss:  3.24232	 100 sampled NNs | MaxAcc: 0.3350 | MinLoss: 2.6649
113,  0 | TrAcc: 0.4022, TrLoss:  1.91589, VaAcc: 0.2750, VaLoss:  3.09641	 100 sampled NNs | MaxAcc: 0.3430 | MinLoss: 2.4384
114,  0 | TrAcc: 0.3180, TrLoss:  2.16275, VaAcc: 0.2650, VaLoss:  3.10261	 100 sampled NNs | MaxAcc: 0.3450 | MinLoss: 2.4971
115,  0 | TrAcc: 0.3536, TrLoss:  2.08815, VaAcc: 0.2860, VaLoss:  2.70813	 100 sampled NNs | MaxAcc: 0.3640 | MinLoss: 2.1759
116,  0 | TrAcc: 0.3624, TrLoss:  2.11255, VaAcc: 0.2720, VaLoss:  2.77952	 100 sampled NNs | MaxAcc: 0.3660 | MinLoss: 2.2287
117,  0 | TrAcc: 0.3416, TrLoss:  2.13259, VaAcc: 0.2500, VaLoss:  2.92523	 100 sampled NNs | MaxAcc: 0.3520 | MinLoss: 2.3226
118,  0 | TrAcc: 0.3650, TrLoss:  2.05574, VaAcc: 0.2360, VaLoss:  2.79006	 100 sampled NNs | MaxAcc: 0.3530 | MinLoss: 2.2321
119,  0 | TrAcc: 0.3959, TrLoss:  1.91339, VaAcc: 0.2730, VaLoss:  2.68449	 100 sampled NNs | MaxAcc: 0.3480 | MinLoss: 2.1886
120,  0 | TrAcc: 0.3494, TrLoss:  2.12958, VaAcc: 0.2620, VaLoss:  2.77616	 100 sampled NNs | MaxAcc: 0.3260 | MinLoss: 2.2543
121,  0 | TrAcc: 0.3835, TrLoss:  2.00378, VaAcc: 0.2480, VaLoss:  2.87607	 100 sampled NNs | MaxAcc: 0.3370 | MinLoss: 2.4017
122,  0 | TrAcc: 0.3557, TrLoss:  2.12204, VaAcc: 0.2740, VaLoss:  2.78632	 100 sampled NNs | MaxAcc: 0.3660 | MinLoss: 2.2583
123,  0 | TrAcc: 0.3776, TrLoss:  1.99639, VaAcc: 0.2720, VaLoss:  2.72618	 100 sampled NNs | MaxAcc: 0.3550 | MinLoss: 2.2214
124,  0 | TrAcc: 0.3785, TrLoss:  2.07577, VaAcc: 0.2840, VaLoss:  2.71286	 100 sampled NNs | MaxAcc: 0.3510 | MinLoss: 2.2050
125,  0 | TrAcc: 0.3364, TrLoss:  2.07572, VaAcc: 0.2830, VaLoss:  2.59421	 100 sampled NNs | MaxAcc: 0.3560 | MinLoss: 2.0485
126,  0 | TrAcc: 0.3244, TrLoss:  2.09182, VaAcc: 0.2240, VaLoss:  2.89926	 100 sampled NNs | MaxAcc: 0.3170 | MinLoss: 2.3424
127,  0 | TrAcc: 0.3854, TrLoss:  1.99288, VaAcc: 0.2610, VaLoss:  2.87297	 100 sampled NNs | MaxAcc: 0.3510 | MinLoss: 2.3582
128,  0 | TrAcc: 0.3507, TrLoss:  2.07071, VaAcc: 0.2640, VaLoss:  2.70079	 100 sampled NNs | MaxAcc: 0.3860 | MinLoss: 2.1378
129,  0 | TrAcc: 0.3405, TrLoss:  2.13979, VaAcc: 0.2580, VaLoss:  2.74648	 100 sampled NNs | MaxAcc: 0.3200 | MinLoss: 2.2743
130,  0 | TrAcc: 0.3531, TrLoss:  2.04314, VaAcc: 0.2530, VaLoss:  2.82888	 100 sampled NNs | MaxAcc: 0.3400 | MinLoss: 2.3376
131,  0 | TrAcc: 0.4058, TrLoss:  1.92329, VaAcc: 0.2840, VaLoss:  2.85065	 100 sampled NNs | MaxAcc: 0.3660 | MinLoss: 2.2675
132,  0 | TrAcc: 0.3521, TrLoss:  2.11903, VaAcc: 0.2180, VaLoss:  3.05081	 100 sampled NNs | MaxAcc: 0.2980 | MinLoss: 2.4972
133,  0 | TrAcc: 0.3655, TrLoss:  2.11313, VaAcc: 0.2800, VaLoss:  2.83300	 100 sampled NNs | MaxAcc: 0.3490 | MinLoss: 2.3260
134,  0 | TrAcc: 0.3639, TrLoss:  2.03006, VaAcc: 0.2740, VaLoss:  2.73150	 100 sampled NNs | MaxAcc: 0.3660 | MinLoss: 2.2023
135,  0 | TrAcc: 0.3625, TrLoss:  2.05200, VaAcc: 0.2490, VaLoss:  2.97873	 100 sampled NNs | MaxAcc: 0.3450 | MinLoss: 2.4000
136,  0 | TrAcc: 0.3745, TrLoss:  2.07851, VaAcc: 0.2670, VaLoss:  2.78202	 100 sampled NNs | MaxAcc: 0.3760 | MinLoss: 2.2509
137,  0 | TrAcc: 0.3788, TrLoss:  2.02242, VaAcc: 0.2290, VaLoss:  3.03164	 100 sampled NNs | MaxAcc: 0.3170 | MinLoss: 2.3379
138,  0 | TrAcc: 0.3827, TrLoss:  2.05054, VaAcc: 0.2640, VaLoss:  2.86643	 100 sampled NNs | MaxAcc: 0.3690 | MinLoss: 2.2026
139,  0 | TrAcc: 0.3783, TrLoss:  2.01074, VaAcc: 0.2340, VaLoss:  2.93490	 100 sampled NNs | MaxAcc: 0.3220 | MinLoss: 2.2225
140,  0 | TrAcc: 0.3720, TrLoss:  2.01169, VaAcc: 0.2730, VaLoss:  2.94103	 100 sampled NNs | MaxAcc: 0.3520 | MinLoss: 2.1860
141,  0 | TrAcc: 0.4102, TrLoss:  1.94602, VaAcc: 0.2750, VaLoss:  2.81291	 100 sampled NNs | MaxAcc: 0.3770 | MinLoss: 2.1098
142,  0 | TrAcc: 0.4059, TrLoss:  1.95273, VaAcc: 0.2650, VaLoss:  2.92678	 100 sampled NNs | MaxAcc: 0.3370 | MinLoss: 2.3298
143,  0 | TrAcc: 0.3793, TrLoss:  1.95436, VaAcc: 0.2260, VaLoss:  2.88566	 100 sampled NNs | MaxAcc: 0.3370 | MinLoss: 2.2646
144,  0 | TrAcc: 0.3927, TrLoss:  1.92081, VaAcc: 0.2510, VaLoss:  3.05046	 100 sampled NNs | MaxAcc: 0.3110 | MinLoss: 2.4138
145,  0 | TrAcc: 0.4059, TrLoss:  1.96536, VaAcc: 0.2530, VaLoss:  2.84328	 100 sampled NNs | MaxAcc: 0.3430 | MinLoss: 2.2270
146,  0 | TrAcc: 0.4094, TrLoss:  1.90323, VaAcc: 0.2560, VaLoss:  2.97990	 100 sampled NNs | MaxAcc: 0.3280 | MinLoss: 2.3429
147,  0 | TrAcc: 0.3742, TrLoss:  1.96368, VaAcc: 0.2660, VaLoss:  2.87442	 100 sampled NNs | MaxAcc: 0.3680 | MinLoss: 2.2191
148,  0 | TrAcc: 0.3540, TrLoss:  2.12676, VaAcc: 0.2760, VaLoss:  3.01862	 100 sampled NNs | MaxAcc: 0.3230 | MinLoss: 2.4612
149,  0 | TrAcc: 0.3701, TrLoss:  2.01334, VaAcc: 0.2680, VaLoss:  2.80324	 100 sampled NNs | MaxAcc: 0.3530 | MinLoss: 2.1941
150,  0 | TrAcc: 0.3545, TrLoss:  2.04600, VaAcc: 0.2390, VaLoss:  2.93334	 100 sampled NNs | MaxAcc: 0.3510 | MinLoss: 2.3483
151,  0 | TrAcc: 0.3785, TrLoss:  1.97723, VaAcc: 0.2930, VaLoss:  3.05029	 100 sampled NNs | MaxAcc: 0.3720 | MinLoss: 2.5028
152,  0 | TrAcc: 0.3835, TrLoss:  1.96065, VaAcc: 0.2810, VaLoss:  2.81277	 100 sampled NNs | MaxAcc: 0.3550 | MinLoss: 2.1888
153,  0 | TrAcc: 0.3761, TrLoss:  1.92619, VaAcc: 0.3030, VaLoss:  2.71802	 100 sampled NNs | MaxAcc: 0.3920 | MinLoss: 2.2114
154,  0 | TrAcc: 0.4055, TrLoss:  1.95154, VaAcc: 0.2570, VaLoss:  2.94990	 100 sampled NNs | MaxAcc: 0.3210 | MinLoss: 2.3775
155,  0 | TrAcc: 0.4201, TrLoss:  1.86134, VaAcc: 0.2910, VaLoss:  2.93404	 100 sampled NNs | MaxAcc: 0.3880 | MinLoss: 2.3112
156,  0 | TrAcc: 0.3929, TrLoss:  1.96260, VaAcc: 0.2800, VaLoss:  2.90609	 100 sampled NNs | MaxAcc: 0.3450 | MinLoss: 2.3730
157,  0 | TrAcc: 0.4092, TrLoss:  1.91733, VaAcc: 0.2820, VaLoss:  2.73418	 100 sampled NNs | MaxAcc: 0.3800 | MinLoss: 2.2120
158,  0 | TrAcc: 0.3956, TrLoss:  1.90408, VaAcc: 0.2800, VaLoss:  2.82043	 100 sampled NNs | MaxAcc: 0.3830 | MinLoss: 2.2892
159,  0 | TrAcc: 0.4061, TrLoss:  1.95544, VaAcc: 0.2520, VaLoss:  2.96656	 100 sampled NNs | MaxAcc: 0.3080 | MinLoss: 2.3552
160,  0 | TrAcc: 0.3693, TrLoss:  2.04380, VaAcc: 0.2550, VaLoss:  2.69894	 100 sampled NNs | MaxAcc: 0.3430 | MinLoss: 2.1625
161,  0 | TrAcc: 0.3696, TrLoss:  1.96845, VaAcc: 0.2430, VaLoss:  2.87444	 100 sampled NNs | MaxAcc: 0.3220 | MinLoss: 2.3501
162,  0 | TrAcc: 0.3719, TrLoss:  2.05294, VaAcc: 0.2560, VaLoss:  2.78022	 100 sampled NNs | MaxAcc: 0.3160 | MinLoss: 2.2506
163,  0 | TrAcc: 0.3924, TrLoss:  2.04403, VaAcc: 0.2690, VaLoss:  2.67904	 100 sampled NNs | MaxAcc: 0.3410 | MinLoss: 2.1726
164,  0 | TrAcc: 0.3705, TrLoss:  2.01423, VaAcc: 0.2500, VaLoss:  2.86331	 100 sampled NNs | MaxAcc: 0.3400 | MinLoss: 2.3266
165,  0 | TrAcc: 0.4339, TrLoss:  1.83733, VaAcc: 0.2960, VaLoss:  2.82205	 100 sampled NNs | MaxAcc: 0.3740 | MinLoss: 2.2596
166,  0 | TrAcc: 0.3836, TrLoss:  1.97000, VaAcc: 0.2700, VaLoss:  2.90153	 100 sampled NNs | MaxAcc: 0.3140 | MinLoss: 2.3286
167,  0 | TrAcc: 0.3863, TrLoss:  1.95953, VaAcc: 0.2380, VaLoss:  3.16974	 100 sampled NNs | MaxAcc: 0.2970 | MinLoss: 2.6347
168,  0 | TrAcc: 0.4030, TrLoss:  1.83676, VaAcc: 0.2610, VaLoss:  2.94050	 100 sampled NNs | MaxAcc: 0.3200 | MinLoss: 2.3628
169,  0 | TrAcc: 0.3614, TrLoss:  2.01537, VaAcc: 0.2630, VaLoss:  2.82823	 100 sampled NNs | MaxAcc: 0.3300 | MinLoss: 2.2269
170,  0 | TrAcc: 0.3925, TrLoss:  2.01302, VaAcc: 0.2890, VaLoss:  2.77487	 100 sampled NNs | MaxAcc: 0.3530 | MinLoss: 2.1616
171,  0 | TrAcc: 0.3856, TrLoss:  1.98549, VaAcc: 0.2550, VaLoss:  3.05685	 100 sampled NNs | MaxAcc: 0.3330 | MinLoss: 2.4863
172,  0 | TrAcc: 0.3839, TrLoss:  1.95482, VaAcc: 0.2530, VaLoss:  2.73235	 100 sampled NNs | MaxAcc: 0.3320 | MinLoss: 2.2451
173,  0 | TrAcc: 0.3833, TrLoss:  1.99870, VaAcc: 0.2690, VaLoss:  2.83409	 100 sampled NNs | MaxAcc: 0.3590 | MinLoss: 2.2563
174,  0 | TrAcc: 0.3412, TrLoss:  2.15136, VaAcc: 0.2810, VaLoss:  2.94297	 100 sampled NNs | MaxAcc: 0.3710 | MinLoss: 2.2722
175,  0 | TrAcc: 0.4001, TrLoss:  1.91428, VaAcc: 0.2810, VaLoss:  3.09367	 100 sampled NNs | MaxAcc: 0.3380 | MinLoss: 2.4409
176,  0 | TrAcc: 0.4008, TrLoss:  2.02654, VaAcc: 0.3020, VaLoss:  3.03639	 100 sampled NNs | MaxAcc: 0.3730 | MinLoss: 2.0130
177,  0 | TrAcc: 0.3381, TrLoss:  2.09243, VaAcc: 0.2860, VaLoss:  3.03033	 100 sampled NNs | MaxAcc: 0.3760 | MinLoss: 2.2331
178,  0 | TrAcc: 0.3513, TrLoss:  2.13773, VaAcc: 0.2790, VaLoss:  2.88385	 100 sampled NNs | MaxAcc: 0.3400 | MinLoss: 2.2410
179,  0 | TrAcc: 0.3619, TrLoss:  2.12174, VaAcc: 0.2910, VaLoss:  2.73960	 100 sampled NNs | MaxAcc: 0.3770 | MinLoss: 2.0733
180,  0 | TrAcc: 0.3558, TrLoss:  2.07801, VaAcc: 0.2740, VaLoss:  2.91466	 100 sampled NNs | MaxAcc: 0.3640 | MinLoss: 2.1763
181,  0 | TrAcc: 0.3664, TrLoss:  2.03874, VaAcc: 0.2280, VaLoss:  3.11851	 100 sampled NNs | MaxAcc: 0.3110 | MinLoss: 2.4195
182,  0 | TrAcc: 0.3537, TrLoss:  2.08406, VaAcc: 0.2510, VaLoss:  3.15473	 100 sampled NNs | MaxAcc: 0.3520 | MinLoss: 2.2970
183,  0 | TrAcc: 0.4039, TrLoss:  1.95813, VaAcc: 0.2720, VaLoss:  3.59802	 100 sampled NNs | MaxAcc: 0.3870 | MinLoss: 2.3401
184,  0 | TrAcc: 0.3575, TrLoss:  2.05023, VaAcc: 0.2690, VaLoss:  3.40473	 100 sampled NNs | MaxAcc: 0.3730 | MinLoss: 2.2901
185,  0 | TrAcc: 0.3664, TrLoss:  2.03493, VaAcc: 0.2610, VaLoss:  3.35270	 100 sampled NNs | MaxAcc: 0.3720 | MinLoss: 2.2384
186,  0 | TrAcc: 0.4006, TrLoss:  2.04703, VaAcc: 0.2980, VaLoss:  3.46993	 100 sampled NNs | MaxAcc: 0.3430 | MinLoss: 2.4226
187,  0 | TrAcc: 0.3799, TrLoss:  2.05130, VaAcc: 0.2490, VaLoss:  3.32710	 100 sampled NNs | MaxAcc: 0.3170 | MinLoss: 2.3436
188,  0 | TrAcc: 0.3764, TrLoss:  2.09984, VaAcc: 0.3120, VaLoss:  3.15161	 100 sampled NNs | MaxAcc: 0.4020 | MinLoss: 2.2018
189,  0 | TrAcc: 0.3789, TrLoss:  2.10149, VaAcc: 0.2580, VaLoss:  3.46246	 100 sampled NNs | MaxAcc: 0.3190 | MinLoss: 2.4365
190,  0 | TrAcc: 0.3209, TrLoss:  2.21081, VaAcc: 0.2550, VaLoss:  3.25538	 100 sampled NNs | MaxAcc: 0.3410 | MinLoss: 2.3051
191,  0 | TrAcc: 0.3688, TrLoss:  2.09390, VaAcc: 0.2530, VaLoss:  3.14717	 100 sampled NNs | MaxAcc: 0.3310 | MinLoss: 2.2827
192,  0 | TrAcc: 0.3589, TrLoss:  2.18705, VaAcc: 0.2720, VaLoss:  3.54865	 100 sampled NNs | MaxAcc: 0.3390 | MinLoss: 2.2257
193,  0 | TrAcc: 0.3480, TrLoss:  2.21595, VaAcc: 0.3010, VaLoss:  3.63500	 100 sampled NNs | MaxAcc: 0.3680 | MinLoss: 2.2274
194,  0 | TrAcc: 0.3713, TrLoss:  2.09084, VaAcc: 0.2680, VaLoss:  3.40135	 100 sampled NNs | MaxAcc: 0.3430 | MinLoss: 2.2558
195,  0 | TrAcc: 0.3507, TrLoss:  2.00763, VaAcc: 0.2810, VaLoss:  3.01052	 100 sampled NNs | MaxAcc: 0.3150 | MinLoss: 2.2988
196,  0 | TrAcc: 0.3577, TrLoss:  2.09451, VaAcc: 0.2760, VaLoss:  3.11573	 100 sampled NNs | MaxAcc: 0.3530 | MinLoss: 2.3133
197,  0 | TrAcc: 0.3628, TrLoss:  2.12789, VaAcc: 0.2580, VaLoss:  3.02616	 100 sampled NNs | MaxAcc: 0.3360 | MinLoss: 2.2600
198,  0 | TrAcc: 0.3553, TrLoss:  2.13741, VaAcc: 0.2850, VaLoss:  3.09672	 100 sampled NNs | MaxAcc: 0.3260 | MinLoss: 2.4212
199,  0 | TrAcc: 0.3505, TrLoss:  2.11841, VaAcc: 0.2950, VaLoss:  2.87849	 100 sampled NNs | MaxAcc: 0.3550 | MinLoss: 2.1914
200,  0 | TrAcc: 0.3638, TrLoss:  2.01557, VaAcc: 0.2690, VaLoss:  3.01952	 100 sampled NNs | MaxAcc: 0.3040 | MinLoss: 2.3550
201,  0 | TrAcc: 0.3969, TrLoss:  2.03407, VaAcc: 0.2440, VaLoss:  3.32373	 100 sampled NNs | MaxAcc: 0.3020 | MinLoss: 2.4703
202,  0 | TrAcc: 0.3811, TrLoss:  1.94642, VaAcc: 0.2300, VaLoss:  3.10928	 100 sampled NNs | MaxAcc: 0.3090 | MinLoss: 2.3396
203,  0 | TrAcc: 0.3786, TrLoss:  2.03154, VaAcc: 0.2850, VaLoss:  3.02352	 100 sampled NNs | MaxAcc: 0.3740 | MinLoss: 2.2327
204,  0 | TrAcc: 0.3236, TrLoss:  2.17374, VaAcc: 0.2580, VaLoss:  3.21836	 100 sampled NNs | MaxAcc: 0.3440 | MinLoss: 2.3727
205,  0 | TrAcc: 0.3810, TrLoss:  1.93481, VaAcc: 0.2790, VaLoss:  2.97879	 100 sampled NNs | MaxAcc: 0.3600 | MinLoss: 2.2543
206,  0 | TrAcc: 0.3495, TrLoss:  2.11966, VaAcc: 0.2560, VaLoss:  3.08668	 100 sampled NNs | MaxAcc: 0.3430 | MinLoss: 2.1529
207,  0 | TrAcc: 0.3724, TrLoss:  2.06272, VaAcc: 0.2570, VaLoss:  3.15532	 100 sampled NNs | MaxAcc: 0.3490 | MinLoss: 2.3634
208,  0 | TrAcc: 0.3707, TrLoss:  2.02403, VaAcc: 0.3030, VaLoss:  3.14573	 100 sampled NNs | MaxAcc: 0.3790 | MinLoss: 2.4232
209,  0 | TrAcc: 0.3440, TrLoss:  2.18107, VaAcc: 0.2440, VaLoss:  3.11499	 100 sampled NNs | MaxAcc: 0.3400 | MinLoss: 2.2652
210,  0 | TrAcc: 0.3777, TrLoss:  2.07113, VaAcc: 0.2760, VaLoss:  3.11974	 100 sampled NNs | MaxAcc: 0.3120 | MinLoss: 2.2888
211,  0 | TrAcc: 0.3210, TrLoss:  2.19338, VaAcc: 0.2640, VaLoss:  3.09534	 100 sampled NNs | MaxAcc: 0.3340 | MinLoss: 2.2308
212,  0 | TrAcc: 0.3437, TrLoss:  2.23085, VaAcc: 0.3190, VaLoss:  3.06733	 100 sampled NNs | MaxAcc: 0.4210 | MinLoss: 2.0534
213,  0 | TrAcc: 0.3702, TrLoss:  2.11926, VaAcc: 0.2780, VaLoss:  3.26142	 100 sampled NNs | MaxAcc: 0.3740 | MinLoss: 2.1457
214,  0 | TrAcc: 0.3437, TrLoss:  2.13138, VaAcc: 0.2520, VaLoss:  3.40898	 100 sampled NNs | MaxAcc: 0.3590 | MinLoss: 2.4264
215,  0 | TrAcc: 0.3432, TrLoss:  2.17097, VaAcc: 0.2270, VaLoss:  3.49601	 100 sampled NNs | MaxAcc: 0.3370 | MinLoss: 2.4087
216,  0 | TrAcc: 0.3951, TrLoss:  2.04114, VaAcc: 0.2830, VaLoss:  3.51647	 100 sampled NNs | MaxAcc: 0.3570 | MinLoss: 2.2979
217,  0 | TrAcc: 0.4014, TrLoss:  1.97189, VaAcc: 0.2490, VaLoss:  3.43470	 100 sampled NNs | MaxAcc: 0.3070 | MinLoss: 2.4190
218,  0 | TrAcc: 0.3610, TrLoss:  2.10512, VaAcc: 0.2570, VaLoss:  3.30821	 100 sampled NNs | MaxAcc: 0.3270 | MinLoss: 2.2740
219,  0 | TrAcc: 0.3680, TrLoss:  2.11639, VaAcc: 0.2820, VaLoss:  3.27496	 100 sampled NNs | MaxAcc: 0.3860 | MinLoss: 2.2175
220,  0 | TrAcc: 0.3478, TrLoss:  2.13084, VaAcc: 0.2610, VaLoss:  3.38184	 100 sampled NNs | MaxAcc: 0.3460 | MinLoss: 2.2932
221,  0 | TrAcc: 0.2919, TrLoss:  2.24385, VaAcc: 0.2300, VaLoss:  3.52223	 100 sampled NNs | MaxAcc: 0.3070 | MinLoss: 2.3266
222,  0 | TrAcc: 0.3556, TrLoss:  2.11951, VaAcc: 0.2960, VaLoss:  3.39712	 100 sampled NNs | MaxAcc: 0.3930 | MinLoss: 2.3080
223,  0 | TrAcc: 0.3555, TrLoss:  2.07421, VaAcc: 0.3080, VaLoss:  3.12614	 100 sampled NNs | MaxAcc: 0.3970 | MinLoss: 2.1119
224,  0 | TrAcc: 0.3786, TrLoss:  2.05242, VaAcc: 0.2490, VaLoss:  3.58687	 100 sampled NNs | MaxAcc: 0.3210 | MinLoss: 2.3716
225,  0 | TrAcc: 0.4151, TrLoss:  1.95498, VaAcc: 0.2740, VaLoss:  3.33464	 100 sampled NNs | MaxAcc: 0.3450 | MinLoss: 2.2993
226,  0 | TrAcc: 0.3525, TrLoss:  2.13834, VaAcc: 0.2650, VaLoss:  3.43286	 100 sampled NNs | MaxAcc: 0.3580 | MinLoss: 2.2508
227,  0 | TrAcc: 0.3405, TrLoss:  2.12568, VaAcc: 0.2650, VaLoss:  3.15194	 100 sampled NNs | MaxAcc: 0.3730 | MinLoss: 2.2591
228,  0 | TrAcc: 0.3676, TrLoss:  2.17274, VaAcc: 0.2410, VaLoss:  3.32776	 100 sampled NNs | MaxAcc: 0.3420 | MinLoss: 2.3237
229,  0 | TrAcc: 0.3437, TrLoss:  2.23338, VaAcc: 0.2800, VaLoss:  3.58277	 100 sampled NNs | MaxAcc: 0.3490 | MinLoss: 2.3979
230,  0 | TrAcc: 0.3127, TrLoss:  2.22979, VaAcc: 0.2510, VaLoss:  3.60437	 100 sampled NNs | MaxAcc: 0.3070 | MinLoss: 2.3136
231,  0 | TrAcc: 0.3509, TrLoss:  2.19710, VaAcc: 0.2470, VaLoss:  3.54803	 100 sampled NNs | MaxAcc: 0.3430 | MinLoss: 2.3942
232,  0 | TrAcc: 0.3583, TrLoss:  2.15963, VaAcc: 0.2500, VaLoss:  3.57012	 100 sampled NNs | MaxAcc: 0.3280 | MinLoss: 2.4143
233,  0 | TrAcc: 0.3828, TrLoss:  2.05863, VaAcc: 0.2630, VaLoss:  3.40911	 100 sampled NNs | MaxAcc: 0.3670 | MinLoss: 2.2805
234,  0 | TrAcc: 0.3416, TrLoss:  2.19174, VaAcc: 0.2160, VaLoss:  3.58265	 100 sampled NNs | MaxAcc: 0.3190 | MinLoss: 2.3328
235,  0 | TrAcc: 0.3523, TrLoss:  2.13984, VaAcc: 0.2420, VaLoss:  3.71719	 100 sampled NNs | MaxAcc: 0.3360 | MinLoss: 2.2749
236,  0 | TrAcc: 0.3371, TrLoss:  2.21208, VaAcc: 0.2960, VaLoss:  3.43865	 100 sampled NNs | MaxAcc: 0.3910 | MinLoss: 2.1810
237,  0 | TrAcc: 0.3839, TrLoss:  2.12947, VaAcc: 0.2830, VaLoss:  3.36177	 100 sampled NNs | MaxAcc: 0.3680 | MinLoss: 2.1848
238,  0 | TrAcc: 0.3721, TrLoss:  2.13740, VaAcc: 0.2940, VaLoss:  3.39043	 100 sampled NNs | MaxAcc: 0.3510 | MinLoss: 2.1716
239,  0 | TrAcc: 0.4290, TrLoss:  1.94078, VaAcc: 0.3110, VaLoss:  3.36677	 100 sampled NNs | MaxAcc: 0.3630 | MinLoss: 2.2638
240,  0 | TrAcc: 0.3622, TrLoss:  2.14978, VaAcc: 0.2460, VaLoss:  3.33624	 100 sampled NNs | MaxAcc: 0.3520 | MinLoss: 2.2754
241,  0 | TrAcc: 0.3803, TrLoss:  2.08417, VaAcc: 0.3020, VaLoss:  3.23438	 100 sampled NNs | MaxAcc: 0.3710 | MinLoss: 2.1829
242,  0 | TrAcc: 0.3810, TrLoss:  2.07121, VaAcc: 0.2890, VaLoss:  3.32532	 100 sampled NNs | MaxAcc: 0.3600 | MinLoss: 2.2617
243,  0 | TrAcc: 0.3572, TrLoss:  2.11361, VaAcc: 0.2540, VaLoss:  3.66992	 100 sampled NNs | MaxAcc: 0.2980 | MinLoss: 2.4537
244,  0 | TrAcc: 0.3998, TrLoss:  1.99177, VaAcc: 0.2620, VaLoss:  3.59998	 100 sampled NNs | MaxAcc: 0.3580 | MinLoss: 2.4747
245,  0 | TrAcc: 0.3640, TrLoss:  2.10547, VaAcc: 0.2210, VaLoss:  3.59946	 100 sampled NNs | MaxAcc: 0.3130 | MinLoss: 2.3720
246,  0 | TrAcc: 0.3617, TrLoss:  2.06701, VaAcc: 0.2710, VaLoss:  3.24334	 100 sampled NNs | MaxAcc: 0.3590 | MinLoss: 2.1434
247,  0 | TrAcc: 0.3198, TrLoss:  2.21179, VaAcc: 0.2150, VaLoss:  3.48766	 100 sampled NNs | MaxAcc: 0.3140 | MinLoss: 2.3496
248,  0 | TrAcc: 0.3489, TrLoss:  2.21134, VaAcc: 0.2940, VaLoss:  3.51126	 100 sampled NNs | MaxAcc: 0.3930 | MinLoss: 2.1435
249,  0 | TrAcc: 0.3648, TrLoss:  2.11074, VaAcc: 0.2050, VaLoss:  3.78972	 100 sampled NNs | MaxAcc: 0.2720 | MinLoss: 2.6257
250,  0 | TrAcc: 0.3679, TrLoss:  2.12753, VaAcc: 0.2540, VaLoss:  3.48150	 100 sampled NNs | MaxAcc: 0.3180 | MinLoss: 2.3610
251,  0 | TrAcc: 0.3376, TrLoss:  2.08720, VaAcc: 0.2520, VaLoss:  3.48065	 100 sampled NNs | MaxAcc: 0.3520 | MinLoss: 2.2678
252,  0 | TrAcc: 0.3896, TrLoss:  2.07774, VaAcc: 0.2500, VaLoss:  3.36416	 100 sampled NNs | MaxAcc: 0.3280 | MinLoss: 2.3107
253,  0 | TrAcc: 0.3584, TrLoss:  2.09168, VaAcc: 0.2720, VaLoss:  3.13735	 100 sampled NNs | MaxAcc: 0.3410 | MinLoss: 2.2405
254,  0 | TrAcc: 0.3404, TrLoss:  2.14380, VaAcc: 0.2660, VaLoss:  3.31275	 100 sampled NNs | MaxAcc: 0.3460 | MinLoss: 2.3208
255,  0 | TrAcc: 0.3342, TrLoss:  2.11634, VaAcc: 0.2330, VaLoss:  3.23366	 100 sampled NNs | MaxAcc: 0.3170 | MinLoss: 2.1948
256,  0 | TrAcc: 0.3702, TrLoss:  2.14037, VaAcc: 0.2340, VaLoss:  3.36982	 100 sampled NNs | MaxAcc: 0.3340 | MinLoss: 2.4565
257,  0 | TrAcc: 0.3253, TrLoss:  2.15882, VaAcc: 0.2590, VaLoss:  3.15341	 100 sampled NNs | MaxAcc: 0.3580 | MinLoss: 2.3488
258,  0 | TrAcc: 0.3447, TrLoss:  2.11566, VaAcc: 0.2840, VaLoss:  2.87702	 100 sampled NNs | MaxAcc: 0.3380 | MinLoss: 2.2003
259,  0 | TrAcc: 0.3651, TrLoss:  2.12316, VaAcc: 0.2830, VaLoss:  3.09790	 100 sampled NNs | MaxAcc: 0.3640 | MinLoss: 2.2299
260,  0 | TrAcc: 0.4012, TrLoss:  2.01064, VaAcc: 0.2650, VaLoss:  3.23518	 100 sampled NNs | MaxAcc: 0.3310 | MinLoss: 2.3483
261,  0 | TrAcc: 0.3853, TrLoss:  1.96620, VaAcc: 0.2730, VaLoss:  3.03356	 100 sampled NNs | MaxAcc: 0.3800 | MinLoss: 2.1880
262,  0 | TrAcc: 0.3354, TrLoss:  2.20453, VaAcc: 0.2780, VaLoss:  3.21330	 100 sampled NNs | MaxAcc: 0.3510 | MinLoss: 2.2993
263,  0 | TrAcc: 0.3491, TrLoss:  2.05425, VaAcc: 0.2780, VaLoss:  3.16295	 100 sampled NNs | MaxAcc: 0.3590 | MinLoss: 2.3565
264,  0 | TrAcc: 0.3202, TrLoss:  2.27758, VaAcc: 0.2700, VaLoss:  3.08711	 100 sampled NNs | MaxAcc: 0.3640 | MinLoss: 2.2052
265,  0 | TrAcc: 0.3736, TrLoss:  2.04242, VaAcc: 0.2960, VaLoss:  3.08737	 100 sampled NNs | MaxAcc: 0.3950 | MinLoss: 2.1479
266,  0 | TrAcc: 0.3885, TrLoss:  2.06194, VaAcc: 0.2720, VaLoss:  3.51052	 100 sampled NNs | MaxAcc: 0.3300 | MinLoss: 2.3775
267,  0 | TrAcc: 0.3605, TrLoss:  2.07555, VaAcc: 0.2340, VaLoss:  3.24409	 100 sampled NNs | MaxAcc: 0.3560 | MinLoss: 2.3182
268,  0 | TrAcc: 0.3956, TrLoss:  1.96043, VaAcc: 0.2580, VaLoss:  3.50220	 100 sampled NNs | MaxAcc: 0.3630 | MinLoss: 2.4422
269,  0 | TrAcc: 0.3859, TrLoss:  1.99262, VaAcc: 0.2640, VaLoss:  3.20430	 100 sampled NNs | MaxAcc: 0.3230 | MinLoss: 2.3767
270,  0 | TrAcc: 0.3840, TrLoss:  2.02218, VaAcc: 0.2650, VaLoss:  3.25834	 100 sampled NNs | MaxAcc: 0.3170 | MinLoss: 2.3526
271,  0 | TrAcc: 0.3616, TrLoss:  2.13731, VaAcc: 0.2930, VaLoss:  3.30251	 100 sampled NNs | MaxAcc: 0.3830 | MinLoss: 2.2295
272,  0 | TrAcc: 0.3779, TrLoss:  2.06827, VaAcc: 0.2520, VaLoss:  4.12960	 100 sampled NNs | MaxAcc: 0.3220 | MinLoss: 2.5481
273,  0 | TrAcc: 0.3646, TrLoss:  2.11789, VaAcc: 0.2590, VaLoss:  3.37427	 100 sampled NNs | MaxAcc: 0.3580 | MinLoss: 2.2402
274,  0 | TrAcc: 0.3482, TrLoss:  2.16386, VaAcc: 0.2720, VaLoss:  3.36424	 100 sampled NNs | MaxAcc: 0.3430 | MinLoss: 2.3027
275,  0 | TrAcc: 0.3237, TrLoss:  2.24042, VaAcc: 0.2430, VaLoss:  3.72695	 100 sampled NNs | MaxAcc: 0.3140 | MinLoss: 2.2955
276,  0 | TrAcc: 0.3253, TrLoss:  2.22192, VaAcc: 0.2640, VaLoss:  3.62787	 100 sampled NNs | MaxAcc: 0.3580 | MinLoss: 2.3586
277,  0 | TrAcc: 0.3418, TrLoss:  2.16786, VaAcc: 0.2450, VaLoss:  3.43266	 100 sampled NNs | MaxAcc: 0.3330 | MinLoss: 2.4041
278,  0 | TrAcc: 0.3555, TrLoss:  2.08493, VaAcc: 0.2680, VaLoss:  3.30870	 100 sampled NNs | MaxAcc: 0.3330 | MinLoss: 2.5038
279,  0 | TrAcc: 0.3621, TrLoss:  2.07296, VaAcc: 0.3030, VaLoss:  3.25558	 100 sampled NNs | MaxAcc: 0.3870 | MinLoss: 2.1962
280,  0 | TrAcc: 0.3815, TrLoss:  2.10866, VaAcc: 0.2890, VaLoss:  3.35814	 100 sampled NNs | MaxAcc: 0.3720 | MinLoss: 2.1809
281,  0 | TrAcc: 0.3661, TrLoss:  2.20485, VaAcc: 0.2660, VaLoss:  3.49585	 100 sampled NNs | MaxAcc: 0.3360 | MinLoss: 2.3075
282,  0 | TrAcc: 0.3582, TrLoss:  2.11026, VaAcc: 0.2630, VaLoss:  3.55139	 100 sampled NNs | MaxAcc: 0.3580 | MinLoss: 2.3537
283,  0 | TrAcc: 0.3478, TrLoss:  2.25793, VaAcc: 0.2300, VaLoss:  3.92695	 100 sampled NNs | MaxAcc: 0.2970 | MinLoss: 2.5474
284,  0 | TrAcc: 0.3959, TrLoss:  2.12705, VaAcc: 0.2500, VaLoss:  3.80719	 100 sampled NNs | MaxAcc: 0.3210 | MinLoss: 2.2969
285,  0 | TrAcc: 0.3545, TrLoss:  2.20350, VaAcc: 0.2730, VaLoss:  3.76890	 100 sampled NNs | MaxAcc: 0.3670 | MinLoss: 2.3781
286,  0 | TrAcc: 0.3048, TrLoss:  2.36559, VaAcc: 0.2580, VaLoss:  3.83767	 100 sampled NNs | MaxAcc: 0.3310 | MinLoss: 2.3903
287,  0 | TrAcc: 0.3581, TrLoss:  2.22796, VaAcc: 0.2280, VaLoss:  4.24498	 100 sampled NNs | MaxAcc: 0.2930 | MinLoss: 2.4987
288,  0 | TrAcc: 0.3101, TrLoss:  2.35833, VaAcc: 0.2260, VaLoss:  4.31356	 100 sampled NNs | MaxAcc: 0.3240 | MinLoss: 2.3204
289,  0 | TrAcc: 0.3610, TrLoss:  2.23743, VaAcc: 0.2760, VaLoss:  4.10431	 100 sampled NNs | MaxAcc: 0.3280 | MinLoss: 2.2077
290,  0 | TrAcc: 0.3333, TrLoss:  2.21360, VaAcc: 0.2580, VaLoss:  3.89753	 100 sampled NNs | MaxAcc: 0.3380 | MinLoss: 2.3408
291,  0 | TrAcc: 0.3273, TrLoss:  2.24184, VaAcc: 0.2800, VaLoss:  3.51134	 100 sampled NNs | MaxAcc: 0.3420 | MinLoss: 2.2940
292,  0 | TrAcc: 0.3280, TrLoss:  2.30544, VaAcc: 0.2580, VaLoss:  3.60887	 100 sampled NNs | MaxAcc: 0.3740 | MinLoss: 2.3863
293,  0 | TrAcc: 0.3441, TrLoss:  2.24268, VaAcc: 0.2500, VaLoss:  3.82181	 100 sampled NNs | MaxAcc: 0.2960 | MinLoss: 2.5215
294,  0 | TrAcc: 0.3556, TrLoss:  2.18755, VaAcc: 0.2440, VaLoss:  3.64579	 100 sampled NNs | MaxAcc: 0.3350 | MinLoss: 2.4718
295,  0 | TrAcc: 0.3285, TrLoss:  2.19702, VaAcc: 0.2900, VaLoss:  3.39134	 100 sampled NNs | MaxAcc: 0.3810 | MinLoss: 2.2895
296,  0 | TrAcc: 0.3625, TrLoss:  2.09826, VaAcc: 0.2380, VaLoss:  3.45058	 100 sampled NNs | MaxAcc: 0.3050 | MinLoss: 2.3578
297,  0 | TrAcc: 0.3498, TrLoss:  2.22414, VaAcc: 0.2600, VaLoss:  3.86110	 100 sampled NNs | MaxAcc: 0.3380 | MinLoss: 2.3807
298,  0 | TrAcc: 0.3285, TrLoss:  2.23343, VaAcc: 0.2720, VaLoss:  3.84526	 100 sampled NNs | MaxAcc: 0.3490 | MinLoss: 2.2485
299,  0 | TrAcc: 0.3313, TrLoss:  2.20970, VaAcc: 0.2640, VaLoss:  3.89408	 100 sampled NNs | MaxAcc: 0.3560 | MinLoss: 2.3444
300,  0 | TrAcc: 0.3523, TrLoss:  2.28167, VaAcc: 0.2870, VaLoss:  4.09748	 100 sampled NNs | MaxAcc: 0.3450 | MinLoss: 2.2203
301,  0 | TrAcc: 0.2843, TrLoss:  2.54088, VaAcc: 0.2640, VaLoss:  4.33439	 100 sampled NNs | MaxAcc: 0.3480 | MinLoss: 2.2277
302,  0 | TrAcc: 0.3328, TrLoss:  2.34612, VaAcc: 0.2340, VaLoss:  4.58009	 100 sampled NNs | MaxAcc: 0.3170 | MinLoss: 2.3464
303,  0 | TrAcc: 0.3631, TrLoss:  2.22387, VaAcc: 0.2620, VaLoss:  4.23172	 100 sampled NNs | MaxAcc: 0.3210 | MinLoss: 2.3826
304,  0 | TrAcc: 0.3403, TrLoss:  2.28327, VaAcc: 0.2460, VaLoss:  4.01359	 100 sampled NNs | MaxAcc: 0.3100 | MinLoss: 2.4018
305,  0 | TrAcc: 0.3573, TrLoss:  2.18660, VaAcc: 0.2690, VaLoss:  4.01475	 100 sampled NNs | MaxAcc: 0.3540 | MinLoss: 2.2535
306,  0 | TrAcc: 0.3500, TrLoss:  2.24258, VaAcc: 0.2500, VaLoss:  3.85212	 100 sampled NNs | MaxAcc: 0.3150 | MinLoss: 2.2558
307,  0 | TrAcc: 0.3530, TrLoss:  2.23823, VaAcc: 0.2460, VaLoss:  4.31387	 100 sampled NNs | MaxAcc: 0.3450 | MinLoss: 2.4221
308,  0 | TrAcc: 0.3302, TrLoss:  2.31236, VaAcc: 0.2760, VaLoss:  4.29246	 100 sampled NNs | MaxAcc: 0.3370 | MinLoss: 2.3499
309,  0 | TrAcc: 0.3418, TrLoss:  2.33770, VaAcc: 0.3180, VaLoss:  4.52636	 100 sampled NNs | MaxAcc: 0.3660 | MinLoss: 2.1596
310,  0 | TrAcc: 0.4035, TrLoss:  2.12118, VaAcc: 0.2730, VaLoss:  4.73856	 100 sampled NNs | MaxAcc: 0.3330 | MinLoss: 2.4596
311,  0 | TrAcc: 0.3825, TrLoss:  2.21259, VaAcc: 0.2440, VaLoss:  5.05994	 100 sampled NNs | MaxAcc: 0.2860 | MinLoss: 2.5966
312,  0 | TrAcc: 0.3508, TrLoss:  2.31433, VaAcc: 0.3030, VaLoss:  5.00341	 100 sampled NNs | MaxAcc: 0.3870 | MinLoss: 2.3365
313,  0 | TrAcc: 0.3552, TrLoss:  2.32907, VaAcc: 0.2040, VaLoss:  4.95455	 100 sampled NNs | MaxAcc: 0.2650 | MinLoss: 2.3869
314,  0 | TrAcc: 0.3479, TrLoss:  2.30568, VaAcc: 0.2540, VaLoss:  4.55690	 100 sampled NNs | MaxAcc: 0.3320 | MinLoss: 2.3719
315,  0 | TrAcc: 0.3437, TrLoss:  2.26933, VaAcc: 0.2250, VaLoss:  4.69766	 100 sampled NNs | MaxAcc: 0.3110 | MinLoss: 2.4302
316,  0 | TrAcc: 0.3713, TrLoss:  2.20620, VaAcc: 0.2290, VaLoss:  4.51366	 100 sampled NNs | MaxAcc: 0.3350 | MinLoss: 2.4372
317,  0 | TrAcc: 0.3444, TrLoss:  2.25017, VaAcc: 0.2830, VaLoss:  3.90019	 100 sampled NNs | MaxAcc: 0.3330 | MinLoss: 2.3338
318,  0 | TrAcc: 0.3687, TrLoss:  2.23205, VaAcc: 0.2360, VaLoss:  4.08246	 100 sampled NNs | MaxAcc: 0.3150 | MinLoss: 2.3334
319,  0 | TrAcc: 0.3566, TrLoss:  2.21069, VaAcc: 0.2450, VaLoss:  4.33583	 100 sampled NNs | MaxAcc: 0.3170 | MinLoss: 2.4043
320,  0 | TrAcc: 0.3700, TrLoss:  2.21231, VaAcc: 0.2610, VaLoss:  4.57574	 100 sampled NNs | MaxAcc: 0.3020 | MinLoss: 2.4089
321,  0 | TrAcc: 0.3655, TrLoss:  2.24431, VaAcc: 0.2680, VaLoss:  4.45870	 100 sampled NNs | MaxAcc: 0.3290 | MinLoss: 2.3261
322,  0 | TrAcc: 0.3472, TrLoss:  2.25508, VaAcc: 0.2540, VaLoss:  4.54843	 100 sampled NNs | MaxAcc: 0.3540 | MinLoss: 2.2751
323,  0 | TrAcc: 0.3813, TrLoss:  2.11696, VaAcc: 0.2980, VaLoss:  3.93867	 100 sampled NNs | MaxAcc: 0.3790 | MinLoss: 2.1773
324,  0 | TrAcc: 0.3436, TrLoss:  2.29609, VaAcc: 0.2680, VaLoss:  4.25435	 100 sampled NNs | MaxAcc: 0.3510 | MinLoss: 2.3905
325,  0 | TrAcc: 0.3511, TrLoss:  2.26387, VaAcc: 0.2190, VaLoss:  4.30736	 100 sampled NNs | MaxAcc: 0.2900 | MinLoss: 2.7043
326,  0 | TrAcc: 0.3199, TrLoss:  2.28749, VaAcc: 0.2700, VaLoss:  3.78696	 100 sampled NNs | MaxAcc: 0.3450 | MinLoss: 2.3731
327,  0 | TrAcc: 0.3154, TrLoss:  2.35343, VaAcc: 0.2520, VaLoss:  3.44398	 100 sampled NNs | MaxAcc: 0.3360 | MinLoss: 2.3379
328,  0 | TrAcc: 0.3657, TrLoss:  2.12902, VaAcc: 0.2510, VaLoss:  3.48110	 100 sampled NNs | MaxAcc: 0.3320 | MinLoss: 2.3728
329,  0 | TrAcc: 0.3365, TrLoss:  2.23337, VaAcc: 0.2450, VaLoss:  3.72684	 100 sampled NNs | MaxAcc: 0.3390 | MinLoss: 2.3390
330,  0 | TrAcc: 0.3919, TrLoss:  2.04272, VaAcc: 0.2860, VaLoss:  3.48887	 100 sampled NNs | MaxAcc: 0.3550 | MinLoss: 2.4704
331,  0 | TrAcc: 0.3400, TrLoss:  2.18815, VaAcc: 0.2530, VaLoss:  3.39348	 100 sampled NNs | MaxAcc: 0.3280 | MinLoss: 2.4238
332,  0 | TrAcc: 0.3379, TrLoss:  2.24538, VaAcc: 0.2560, VaLoss:  3.24266	 100 sampled NNs | MaxAcc: 0.3030 | MinLoss: 2.3869
333,  0 | TrAcc: 0.3207, TrLoss:  2.29215, VaAcc: 0.2710, VaLoss:  3.13944	 100 sampled NNs | MaxAcc: 0.3560 | MinLoss: 2.2958
334,  0 | TrAcc: 0.3371, TrLoss:  2.17786, VaAcc: 0.2480, VaLoss:  3.47268	 100 sampled NNs | MaxAcc: 0.3340 | MinLoss: 2.5064
335,  0 | TrAcc: 0.2934, TrLoss:  2.35000, VaAcc: 0.2850, VaLoss:  3.22448	 100 sampled NNs | MaxAcc: 0.3610 | MinLoss: 2.1637
336,  0 | TrAcc: 0.3301, TrLoss:  2.24486, VaAcc: 0.2400, VaLoss:  3.50382	 100 sampled NNs | MaxAcc: 0.3360 | MinLoss: 2.3883
337,  0 | TrAcc: 0.3264, TrLoss:  2.19875, VaAcc: 0.2660, VaLoss:  3.46852	 100 sampled NNs | MaxAcc: 0.3040 | MinLoss: 2.5453
338,  0 | TrAcc: 0.3413, TrLoss:  2.23327, VaAcc: 0.2500, VaLoss:  3.68082	 100 sampled NNs | MaxAcc: 0.3150 | MinLoss: 2.3547
339,  0 | TrAcc: 0.3687, TrLoss:  2.14245, VaAcc: 0.2270, VaLoss:  3.92331	 100 sampled NNs | MaxAcc: 0.3250 | MinLoss: 2.4951
340,  0 | TrAcc: 0.3458, TrLoss:  2.25104, VaAcc: 0.2790, VaLoss:  3.92249	 100 sampled NNs | MaxAcc: 0.3370 | MinLoss: 2.3013
341,  0 | TrAcc: 0.3203, TrLoss:  2.34116, VaAcc: 0.2220, VaLoss:  4.01781	 100 sampled NNs | MaxAcc: 0.2940 | MinLoss: 2.3607
342,  0 | TrAcc: 0.3601, TrLoss:  2.25191, VaAcc: 0.2640, VaLoss:  4.48841	 100 sampled NNs | MaxAcc: 0.3420 | MinLoss: 2.3713
343,  0 | TrAcc: 0.3405, TrLoss:  2.23344, VaAcc: 0.2360, VaLoss:  4.45101	 100 sampled NNs | MaxAcc: 0.3290 | MinLoss: 2.1858
344,  0 | TrAcc: 0.3865, TrLoss:  2.21545, VaAcc: 0.2310, VaLoss:  4.43810	 100 sampled NNs | MaxAcc: 0.2500 | MinLoss: 2.4140
345,  0 | TrAcc: 0.3338, TrLoss:  2.36214, VaAcc: 0.2560, VaLoss:  5.65642	 100 sampled NNs | MaxAcc: 0.3530 | MinLoss: 2.3393
346,  0 | TrAcc: 0.3392, TrLoss:  2.38469, VaAcc: 0.2330, VaLoss:  5.16225	 100 sampled NNs | MaxAcc: 0.2680 | MinLoss: 2.3254
347,  0 | TrAcc: 0.3344, TrLoss:  2.48640, VaAcc: 0.2420, VaLoss:  5.39992	 100 sampled NNs | MaxAcc: 0.3110 | MinLoss: 2.3804
348,  0 | TrAcc: 0.3564, TrLoss:  2.35630, VaAcc: 0.2460, VaLoss:  5.55032	 100 sampled NNs | MaxAcc: 0.3230 | MinLoss: 2.4084
349,  0 | TrAcc: 0.3363, TrLoss:  2.34589, VaAcc: 0.2690, VaLoss:  4.53645	 100 sampled NNs | MaxAcc: 0.3150 | MinLoss: 2.3371
350,  0 | TrAcc: 0.3447, TrLoss:  2.17855, VaAcc: 0.2760, VaLoss:  4.02698	 100 sampled NNs | MaxAcc: 0.3600 | MinLoss: 2.4660
351,  0 | TrAcc: 0.3081, TrLoss:  2.37319, VaAcc: 0.2420, VaLoss:  4.08407	 100 sampled NNs | MaxAcc: 0.3060 | MinLoss: 2.4075
352,  0 | TrAcc: 0.3144, TrLoss:  2.33731, VaAcc: 0.2940, VaLoss:  3.71910	 100 sampled NNs | MaxAcc: 0.3790 | MinLoss: 2.1773
353,  0 | TrAcc: 0.3444, TrLoss:  2.22550, VaAcc: 0.2120, VaLoss:  4.17984	 100 sampled NNs | MaxAcc: 0.2510 | MinLoss: 2.5204
354,  0 | TrAcc: 0.3477, TrLoss:  2.26118, VaAcc: 0.2670, VaLoss:  3.72624	 100 sampled NNs | MaxAcc: 0.3140 | MinLoss: 2.2371
355,  0 | TrAcc: 0.3488, TrLoss:  2.26394, VaAcc: 0.2770, VaLoss:  3.82561	 100 sampled NNs | MaxAcc: 0.3450 | MinLoss: 2.4012
356,  0 | TrAcc: 0.3677, TrLoss:  2.20679, VaAcc: 0.2490, VaLoss:  4.07228	 100 sampled NNs | MaxAcc: 0.3170 | MinLoss: 2.4103
357,  0 | TrAcc: 0.3602, TrLoss:  2.22983, VaAcc: 0.2420, VaLoss:  4.58772	 100 sampled NNs | MaxAcc: 0.2900 | MinLoss: 2.4835
358,  0 | TrAcc: 0.3737, TrLoss:  2.21434, VaAcc: 0.2570, VaLoss:  4.60854	 100 sampled NNs | MaxAcc: 0.3340 | MinLoss: 2.3915
359,  0 | TrAcc: 0.3243, TrLoss:  2.40135, VaAcc: 0.2370, VaLoss:  5.00267	 100 sampled NNs | MaxAcc: 0.3180 | MinLoss: 2.3439
360,  0 | TrAcc: 0.3333, TrLoss:  2.32685, VaAcc: 0.2610, VaLoss:  4.27747	 100 sampled NNs | MaxAcc: 0.3170 | MinLoss: 2.3639
361,  0 | TrAcc: 0.3452, TrLoss:  2.28220, VaAcc: 0.2390, VaLoss:  4.38737	 100 sampled NNs | MaxAcc: 0.2920 | MinLoss: 2.5202
362,  0 | TrAcc: 0.3743, TrLoss:  2.23095, VaAcc: 0.2410, VaLoss:  4.69382	 100 sampled NNs | MaxAcc: 0.3000 | MinLoss: 2.4525
363,  0 | TrAcc: 0.3690, TrLoss:  2.30622, VaAcc: 0.2770, VaLoss:  4.71533	 100 sampled NNs | MaxAcc: 0.3540 | MinLoss: 2.3437
364,  0 | TrAcc: 0.3351, TrLoss:  2.30311, VaAcc: 0.2970, VaLoss:  4.28898	 100 sampled NNs | MaxAcc: 0.3540 | MinLoss: 2.2630
365,  0 | TrAcc: 0.3635, TrLoss:  2.25830, VaAcc: 0.2460, VaLoss:  4.93645	 100 sampled NNs | MaxAcc: 0.3060 | MinLoss: 2.4409
366,  0 | TrAcc: 0.3838, TrLoss:  2.19095, VaAcc: 0.2670, VaLoss:  4.82496	 100 sampled NNs | MaxAcc: 0.3100 | MinLoss: 2.4700
367,  0 | TrAcc: 0.3518, TrLoss:  2.36720, VaAcc: 0.2200, VaLoss:  4.78867	 100 sampled NNs | MaxAcc: 0.3350 | MinLoss: 2.3800
368,  0 | TrAcc: 0.3513, TrLoss:  2.30775, VaAcc: 0.2940, VaLoss:  4.21348	 100 sampled NNs | MaxAcc: 0.3680 | MinLoss: 2.2838
369,  0 | TrAcc: 0.4129, TrLoss:  2.16325, VaAcc: 0.2630, VaLoss:  5.12083	 100 sampled NNs | MaxAcc: 0.3200 | MinLoss: 2.2735
370,  0 | TrAcc: 0.3231, TrLoss:  2.41465, VaAcc: 0.2920, VaLoss:  4.66585	 100 sampled NNs | MaxAcc: 0.3700 | MinLoss: 2.2357
371,  0 | TrAcc: 0.3669, TrLoss:  2.24352, VaAcc: 0.2510, VaLoss:  4.74828	 100 sampled NNs | MaxAcc: 0.3160 | MinLoss: 2.3229
372,  0 | TrAcc: 0.3260, TrLoss:  2.42811, VaAcc: 0.2240, VaLoss:  5.26917	 100 sampled NNs | MaxAcc: 0.3190 | MinLoss: 2.6220
373,  0 | TrAcc: 0.3506, TrLoss:  2.44488, VaAcc: 0.2440, VaLoss:  5.62954	 100 sampled NNs | MaxAcc: 0.2990 | MinLoss: 2.3512
374,  0 | TrAcc: 0.3537, TrLoss:  2.25977, VaAcc: 0.2460, VaLoss:  4.71423	 100 sampled NNs | MaxAcc: 0.3050 | MinLoss: 2.4796
375,  0 | TrAcc: 0.3284, TrLoss:  2.33698, VaAcc: 0.2270, VaLoss:  4.32019	 100 sampled NNs | MaxAcc: 0.2990 | MinLoss: 2.6142
376,  0 | TrAcc: 0.3264, TrLoss:  2.30919, VaAcc: 0.2630, VaLoss:  4.29837	 100 sampled NNs | MaxAcc: 0.3400 | MinLoss: 2.3870
377,  0 | TrAcc: 0.3626, TrLoss:  2.25935, VaAcc: 0.2430, VaLoss:  4.49227	 100 sampled NNs | MaxAcc: 0.3500 | MinLoss: 2.2828
378,  0 | TrAcc: 0.3370, TrLoss:  2.48902, VaAcc: 0.2540, VaLoss:  5.70522	 100 sampled NNs | MaxAcc: 0.3210 | MinLoss: 2.3180
379,  0 | TrAcc: 0.3624, TrLoss:  2.44574, VaAcc: 0.2590, VaLoss:  6.36157	 100 sampled NNs | MaxAcc: 0.3460 | MinLoss: 2.2933
380,  0 | TrAcc: 0.3476, TrLoss:  2.59695, VaAcc: 0.2660, VaLoss:  7.92078	 100 sampled NNs | MaxAcc: 0.3330 | MinLoss: 2.4217
381,  0 | TrAcc: 0.3402, TrLoss:  2.65371, VaAcc: 0.2370, VaLoss:  7.35533	 100 sampled NNs | MaxAcc: 0.2990 | MinLoss: 2.3653
382,  0 | TrAcc: 0.3413, TrLoss:  2.37021, VaAcc: 0.2560, VaLoss:  5.32800	 100 sampled NNs | MaxAcc: 0.3340 | MinLoss: 2.4394
383,  0 | TrAcc: 0.3508, TrLoss:  2.41173, VaAcc: 0.2580, VaLoss:  5.89926	 100 sampled NNs | MaxAcc: 0.3130 | MinLoss: 2.3090
384,  0 | TrAcc: 0.3403, TrLoss:  2.49795, VaAcc: 0.2670, VaLoss:  6.10864	 100 sampled NNs | MaxAcc: 0.3250 | MinLoss: 2.3506
385,  0 | TrAcc: 0.3556, TrLoss:  2.58366, VaAcc: 0.2670, VaLoss:  7.34424	 100 sampled NNs | MaxAcc: 0.3250 | MinLoss: 2.4017
386,  0 | TrAcc: 0.3687, TrLoss:  2.58574, VaAcc: 0.2730, VaLoss:  8.00660	 100 sampled NNs | MaxAcc: 0.3280 | MinLoss: 2.3819
387,  0 | TrAcc: 0.3175, TrLoss:  2.76509, VaAcc: 0.2690, VaLoss:  8.13965	 100 sampled NNs | MaxAcc: 0.3340 | MinLoss: 2.3432
388,  0 | TrAcc: 0.3114, TrLoss:  2.71987, VaAcc: 0.2580, VaLoss:  7.92289	 100 sampled NNs | MaxAcc: 0.3220 | MinLoss: 2.5408
389,  0 | TrAcc: 0.3476, TrLoss:  2.58066, VaAcc: 0.2580, VaLoss:  7.13716	 100 sampled NNs | MaxAcc: 0.2920 | MinLoss: 2.3035
390,  0 | TrAcc: 0.3673, TrLoss:  2.72919, VaAcc: 0.2740, VaLoss:  8.70512	 100 sampled NNs | MaxAcc: 0.3500 | MinLoss: 2.3659
391,  0 | TrAcc: 0.3331, TrLoss:  2.73867, VaAcc: 0.2900, VaLoss:  8.41804	 100 sampled NNs | MaxAcc: 0.3850 | MinLoss: 2.2022
392,  0 | TrAcc: 0.3168, TrLoss:  2.85858, VaAcc: 0.2530, VaLoss:  9.50494	 100 sampled NNs | MaxAcc: 0.3190 | MinLoss: 2.3255
393,  0 | TrAcc: 0.3753, TrLoss:  2.51958, VaAcc: 0.2690, VaLoss:  7.11005	 100 sampled NNs | MaxAcc: 0.3730 | MinLoss: 2.3735
394,  0 | TrAcc: 0.3580, TrLoss:  2.47494, VaAcc: 0.2630, VaLoss:  6.34021	 100 sampled NNs | MaxAcc: 0.3500 | MinLoss: 2.2854
395,  0 | TrAcc: 0.3274, TrLoss:  2.61956, VaAcc: 0.2280, VaLoss:  7.11286	 100 sampled NNs | MaxAcc: 0.3180 | MinLoss: 2.4268
396,  0 | TrAcc: 0.3377, TrLoss:  2.48416, VaAcc: 0.2460, VaLoss:  5.36472	 100 sampled NNs | MaxAcc: 0.3010 | MinLoss: 2.2579
397,  0 | TrAcc: 0.3673, TrLoss:  2.43707, VaAcc: 0.2540, VaLoss:  6.60011	 100 sampled NNs | MaxAcc: 0.3380 | MinLoss: 2.5463
398,  0 | TrAcc: 0.3623, TrLoss:  2.33688, VaAcc: 0.2430, VaLoss:  5.67156	 100 sampled NNs | MaxAcc: 0.3310 | MinLoss: 2.4873
399,  0 | TrAcc: 0.2982, TrLoss:  2.47076, VaAcc: 0.2160, VaLoss:  5.00496	 100 sampled NNs | MaxAcc: 0.2820 | MinLoss: 2.4131
400,  0 | TrAcc: 0.3549, TrLoss:  2.29511, VaAcc: 0.2590, VaLoss:  4.53726	 100 sampled NNs | MaxAcc: 0.3480 | MinLoss: 2.4868
401,  0 | TrAcc: 0.3583, TrLoss:  2.29451, VaAcc: 0.2470, VaLoss:  4.89417	 100 sampled NNs | MaxAcc: 0.2970 | MinLoss: 2.6001
402,  0 | TrAcc: 0.3327, TrLoss:  2.35266, VaAcc: 0.2170, VaLoss:  4.28958	 100 sampled NNs | MaxAcc: 0.3140 | MinLoss: 2.3662
403,  0 | TrAcc: 0.3128, TrLoss:  2.48135, VaAcc: 0.2610, VaLoss:  4.39434	 100 sampled NNs | MaxAcc: 0.3170 | MinLoss: 2.3095
404,  0 | TrAcc: 0.3140, TrLoss:  2.42676, VaAcc: 0.2100, VaLoss:  4.16167	 100 sampled NNs | MaxAcc: 0.3010 | MinLoss: 2.4311
405,  0 | TrAcc: 0.3500, TrLoss:  2.26799, VaAcc: 0.2450, VaLoss:  4.06554	 100 sampled NNs | MaxAcc: 0.3390 | MinLoss: 2.4068
406,  0 | TrAcc: 0.3037, TrLoss:  2.36672, VaAcc: 0.2520, VaLoss:  4.48927	 100 sampled NNs | MaxAcc: 0.3320 | MinLoss: 2.4749
407,  0 | TrAcc: 0.2967, TrLoss:  2.52989, VaAcc: 0.2350, VaLoss:  5.35875	 100 sampled NNs | MaxAcc: 0.3180 | MinLoss: 2.3107
408,  0 | TrAcc: 0.3574, TrLoss:  2.32975, VaAcc: 0.2500, VaLoss:  5.06400	 100 sampled NNs | MaxAcc: 0.3070 | MinLoss: 2.4645
409,  0 | TrAcc: 0.3530, TrLoss:  2.27913, VaAcc: 0.2650, VaLoss:  4.63160	 100 sampled NNs | MaxAcc: 0.3500 | MinLoss: 2.3828
410,  0 | TrAcc: 0.3168, TrLoss:  2.53607, VaAcc: 0.2550, VaLoss:  5.17011	 100 sampled NNs | MaxAcc: 0.3500 | MinLoss: 2.3190
411,  0 | TrAcc: 0.3318, TrLoss:  2.36615, VaAcc: 0.2600, VaLoss:  4.55933	 100 sampled NNs | MaxAcc: 0.3590 | MinLoss: 2.4678
412,  0 | TrAcc: 0.3443, TrLoss:  2.35559, VaAcc: 0.2390, VaLoss:  4.77484	 100 sampled NNs | MaxAcc: 0.3310 | MinLoss: 2.3745
413,  0 | TrAcc: 0.3167, TrLoss:  2.66452, VaAcc: 0.2400, VaLoss:  7.02689	 100 sampled NNs | MaxAcc: 0.3260 | MinLoss: 2.5714
414,  0 | TrAcc: 0.3603, TrLoss:  2.35626, VaAcc: 0.2120, VaLoss:  5.74986	 100 sampled NNs | MaxAcc: 0.2760 | MinLoss: 2.6835
415,  0 | TrAcc: 0.3205, TrLoss:  2.29390, VaAcc: 0.2780, VaLoss:  4.78646	 100 sampled NNs | MaxAcc: 0.3430 | MinLoss: 2.5623
416,  0 | TrAcc: 0.3349, TrLoss:  2.41548, VaAcc: 0.2590, VaLoss:  5.12655	 100 sampled NNs | MaxAcc: 0.3400 | MinLoss: 2.4064
417,  0 | TrAcc: 0.3466, TrLoss:  2.32993, VaAcc: 0.2640, VaLoss:  4.71349	 100 sampled NNs | MaxAcc: 0.3520 | MinLoss: 2.3311
418,  0 | TrAcc: 0.3156, TrLoss:  2.43489, VaAcc: 0.2300, VaLoss:  4.87658	 100 sampled NNs | MaxAcc: 0.3240 | MinLoss: 2.3212
419,  0 | TrAcc: 0.3391, TrLoss:  2.38962, VaAcc: 0.2430, VaLoss:  5.06759	 100 sampled NNs | MaxAcc: 0.3290 | MinLoss: 2.3233
420,  0 | TrAcc: 0.3529, TrLoss:  2.51344, VaAcc: 0.2530, VaLoss:  6.74460	 100 sampled NNs | MaxAcc: 0.3380 | MinLoss: 2.4899
421,  0 | TrAcc: 0.2993, TrLoss:  2.69935, VaAcc: 0.2710, VaLoss:  7.09460	 100 sampled NNs | MaxAcc: 0.3630 | MinLoss: 2.2745
422,  0 | TrAcc: 0.3421, TrLoss:  2.41838, VaAcc: 0.2490, VaLoss:  5.56465	 100 sampled NNs | MaxAcc: 0.3340 | MinLoss: 2.4815
423,  0 | TrAcc: 0.3686, TrLoss:  2.44217, VaAcc: 0.2730, VaLoss:  6.37864	 100 sampled NNs | MaxAcc: 0.3360 | MinLoss: 2.2472
424,  0 | TrAcc: 0.3492, TrLoss:  2.51643, VaAcc: 0.2520, VaLoss:  6.38156	 100 sampled NNs | MaxAcc: 0.3580 | MinLoss: 2.1693
425,  0 | TrAcc: 0.3623, TrLoss:  2.40734, VaAcc: 0.2700, VaLoss:  5.93064	 100 sampled NNs | MaxAcc: 0.3480 | MinLoss: 2.3140
426,  0 | TrAcc: 0.3843, TrLoss:  2.45759, VaAcc: 0.2570, VaLoss:  7.06803	 100 sampled NNs | MaxAcc: 0.2970 | MinLoss: 2.3715
427,  0 | TrAcc: 0.3645, TrLoss:  2.43157, VaAcc: 0.2790, VaLoss:  6.75124	 100 sampled NNs | MaxAcc: 0.3400 | MinLoss: 2.3189
428,  0 | TrAcc: 0.3131, TrLoss:  2.51435, VaAcc: 0.2470, VaLoss:  5.55573	 100 sampled NNs | MaxAcc: 0.3120 | MinLoss: 2.2957
429,  0 | TrAcc: 0.3582, TrLoss:  2.35085, VaAcc: 0.2640, VaLoss:  5.66780	 100 sampled NNs | MaxAcc: 0.3270 | MinLoss: 2.1488
430,  0 | TrAcc: 0.3608, TrLoss:  2.41228, VaAcc: 0.2380, VaLoss:  6.43005	 100 sampled NNs | MaxAcc: 0.3340 | MinLoss: 2.4451
431,  0 | TrAcc: 0.3451, TrLoss:  2.49511, VaAcc: 0.2250, VaLoss:  6.66173	 100 sampled NNs | MaxAcc: 0.2770 | MinLoss: 2.5107
432,  0 | TrAcc: 0.3390, TrLoss:  2.72425, VaAcc: 0.2030, VaLoss:  7.98115	 100 sampled NNs | MaxAcc: 0.3210 | MinLoss: 2.1924
433,  0 | TrAcc: 0.3340, TrLoss:  2.65277, VaAcc: 0.2820, VaLoss:  7.28124	 100 sampled NNs | MaxAcc: 0.3440 | MinLoss: 2.2699
434,  0 | TrAcc: 0.3621, TrLoss:  2.57385, VaAcc: 0.2390, VaLoss:  8.39362	 100 sampled NNs | MaxAcc: 0.3200 | MinLoss: 2.5345
435,  0 | TrAcc: 0.3103, TrLoss:  2.78930, VaAcc: 0.2320, VaLoss:  8.18198	 100 sampled NNs | MaxAcc: 0.3210 | MinLoss: 2.2954
436,  0 | TrAcc: 0.3120, TrLoss:  2.88773, VaAcc: 0.2540, VaLoss:  9.44492	 100 sampled NNs | MaxAcc: 0.3530 | MinLoss: 2.4921
437,  0 | TrAcc: 0.3418, TrLoss:  2.60495, VaAcc: 0.2420, VaLoss:  6.99835	 100 sampled NNs | MaxAcc: 0.3280 | MinLoss: 2.3145
438,  0 | TrAcc: 0.3305, TrLoss:  2.62673, VaAcc: 0.2480, VaLoss:  7.01938	 100 sampled NNs | MaxAcc: 0.3140 | MinLoss: 2.5231
439,  0 | TrAcc: 0.3696, TrLoss:  2.49713, VaAcc: 0.2930, VaLoss:  6.62327	 100 sampled NNs | MaxAcc: 0.3670 | MinLoss: 2.1941
440,  0 | TrAcc: 0.3163, TrLoss:  2.57484, VaAcc: 0.2250, VaLoss:  6.67717	 100 sampled NNs | MaxAcc: 0.3390 | MinLoss: 2.2780
441,  0 | TrAcc: 0.3572, TrLoss:  2.66043, VaAcc: 0.2540, VaLoss:  8.69705	 100 sampled NNs | MaxAcc: 0.3610 | MinLoss: 2.2382
442,  0 | TrAcc: 0.3127, TrLoss:  2.53450, VaAcc: 0.2180, VaLoss:  5.76022	 100 sampled NNs | MaxAcc: 0.2720 | MinLoss: 2.4706
443,  0 | TrAcc: 0.3395, TrLoss:  2.41937, VaAcc: 0.2740, VaLoss:  5.85141	 100 sampled NNs | MaxAcc: 0.3510 | MinLoss: 2.2360
444,  0 | TrAcc: 0.3537, TrLoss:  2.38313, VaAcc: 0.2590, VaLoss:  5.81814	 100 sampled NNs | MaxAcc: 0.3580 | MinLoss: 2.3175
445,  0 | TrAcc: 0.3450, TrLoss:  2.30768, VaAcc: 0.2420, VaLoss:  5.18614	 100 sampled NNs | MaxAcc: 0.2980 | MinLoss: 2.4103
446,  0 | TrAcc: 0.3375, TrLoss:  2.45655, VaAcc: 0.2240, VaLoss:  5.87643	 100 sampled NNs | MaxAcc: 0.3120 | MinLoss: 2.4894
447,  0 | TrAcc: 0.3365, TrLoss:  2.43373, VaAcc: 0.2660, VaLoss:  5.71802	 100 sampled NNs | MaxAcc: 0.3570 | MinLoss: 2.2848
448,  0 | TrAcc: 0.3523, TrLoss:  2.39875, VaAcc: 0.2460, VaLoss:  5.60616	 100 sampled NNs | MaxAcc: 0.3140 | MinLoss: 2.4373
449,  0 | TrAcc: 0.3490, TrLoss:  2.39327, VaAcc: 0.2660, VaLoss:  5.63392	 100 sampled NNs | MaxAcc: 0.3510 | MinLoss: 2.3375
450,  0 | TrAcc: 0.3359, TrLoss:  2.39842, VaAcc: 0.2510, VaLoss:  5.46500	 100 sampled NNs | MaxAcc: 0.3410 | MinLoss: 2.2689
451,  0 | TrAcc: 0.3438, TrLoss:  2.45666, VaAcc: 0.2360, VaLoss:  5.49289	 100 sampled NNs | MaxAcc: 0.3210 | MinLoss: 2.2891
452,  0 | TrAcc: 0.3479, TrLoss:  2.26467, VaAcc: 0.2270, VaLoss:  4.75056	 100 sampled NNs | MaxAcc: 0.3140 | MinLoss: 2.4630
453,  0 | TrAcc: 0.3606, TrLoss:  2.35866, VaAcc: 0.2550, VaLoss:  5.55021	 100 sampled NNs | MaxAcc: 0.3210 | MinLoss: 2.5646
454,  0 | TrAcc: 0.3439, TrLoss:  2.31688, VaAcc: 0.2450, VaLoss:  5.27473	 100 sampled NNs | MaxAcc: 0.3230 | MinLoss: 2.5128
455,  0 | TrAcc: 0.3252, TrLoss:  2.35848, VaAcc: 0.2630, VaLoss:  4.58828	 100 sampled NNs | MaxAcc: 0.3570 | MinLoss: 2.2775
456,  0 | TrAcc: 0.3361, TrLoss:  2.33776, VaAcc: 0.2510, VaLoss:  4.84729	 100 sampled NNs | MaxAcc: 0.3260 | MinLoss: 2.4078
457,  0 | TrAcc: 0.3273, TrLoss:  2.43500, VaAcc: 0.2430, VaLoss:  4.88861	 100 sampled NNs | MaxAcc: 0.3860 | MinLoss: 2.2765
458,  0 | TrAcc: 0.3064, TrLoss:  2.52929, VaAcc: 0.2430, VaLoss:  5.16359	 100 sampled NNs | MaxAcc: 0.3480 | MinLoss: 2.2738
459,  0 | TrAcc: 0.3143, TrLoss:  2.48756, VaAcc: 0.3010, VaLoss:  5.61391	 100 sampled NNs | MaxAcc: 0.3710 | MinLoss: 2.2852
460,  0 | TrAcc: 0.3122, TrLoss:  2.56540, VaAcc: 0.2710, VaLoss:  6.39710	 100 sampled NNs | MaxAcc: 0.3330 | MinLoss: 2.3018
461,  0 | TrAcc: 0.3591, TrLoss:  2.47490, VaAcc: 0.2300, VaLoss:  6.96149	 100 sampled NNs | MaxAcc: 0.3090 | MinLoss: 2.4447
462,  0 | TrAcc: 0.3915, TrLoss:  2.32306, VaAcc: 0.2660, VaLoss:  5.92431	 100 sampled NNs | MaxAcc: 0.3520 | MinLoss: 2.4518
463,  0 | TrAcc: 0.3668, TrLoss:  2.28933, VaAcc: 0.2140, VaLoss:  5.36592	 100 sampled NNs | MaxAcc: 0.3550 | MinLoss: 2.3593
464,  0 | TrAcc: 0.3198, TrLoss:  2.53872, VaAcc: 0.2600, VaLoss:  5.81659	 100 sampled NNs | MaxAcc: 0.3490 | MinLoss: 2.2610
465,  0 | TrAcc: 0.3325, TrLoss:  2.36468, VaAcc: 0.2790, VaLoss:  5.00021	 100 sampled NNs | MaxAcc: 0.3600 | MinLoss: 2.3582
466,  0 | TrAcc: 0.2994, TrLoss:  2.56553, VaAcc: 0.2740, VaLoss:  5.01967	 100 sampled NNs | MaxAcc: 0.3410 | MinLoss: 2.1983
467,  0 | TrAcc: 0.3206, TrLoss:  2.44376, VaAcc: 0.2340, VaLoss:  4.74579	 100 sampled NNs | MaxAcc: 0.3320 | MinLoss: 2.5070
468,  0 | TrAcc: 0.3177, TrLoss:  2.32968, VaAcc: 0.2420, VaLoss:  4.17536	 100 sampled NNs | MaxAcc: 0.3140 | MinLoss: 2.3045
469,  0 | TrAcc: 0.3237, TrLoss:  2.43192, VaAcc: 0.2480, VaLoss:  4.45479	 100 sampled NNs | MaxAcc: 0.3280 | MinLoss: 2.3103
470,  0 | TrAcc: 0.2898, TrLoss:  2.43876, VaAcc: 0.2400, VaLoss:  4.52974	 100 sampled NNs | MaxAcc: 0.3170 | MinLoss: 2.2619
471,  0 | TrAcc: 0.3291, TrLoss:  2.39430, VaAcc: 0.2540, VaLoss:  5.32795	 100 sampled NNs | MaxAcc: 0.3500 | MinLoss: 2.4395
472,  0 | TrAcc: 0.3797, TrLoss:  2.24981, VaAcc: 0.2400, VaLoss:  4.46899	 100 sampled NNs | MaxAcc: 0.3050 | MinLoss: 2.3496
473,  0 | TrAcc: 0.3306, TrLoss:  2.33174, VaAcc: 0.2620, VaLoss:  4.90297	 100 sampled NNs | MaxAcc: 0.3270 | MinLoss: 2.3654
474,  0 | TrAcc: 0.3319, TrLoss:  2.58784, VaAcc: 0.2520, VaLoss:  6.33514	 100 sampled NNs | MaxAcc: 0.3450 | MinLoss: 2.2345
475,  0 | TrAcc: 0.3611, TrLoss:  2.42901, VaAcc: 0.2590, VaLoss:  5.93772	 100 sampled NNs | MaxAcc: 0.3670 | MinLoss: 2.2578
476,  0 | TrAcc: 0.3308, TrLoss:  2.35910, VaAcc: 0.2470, VaLoss:  4.70026	 100 sampled NNs | MaxAcc: 0.3000 | MinLoss: 2.3968
477,  0 | TrAcc: 0.3211, TrLoss:  2.42595, VaAcc: 0.2350, VaLoss:  4.40967	 100 sampled NNs | MaxAcc: 0.3290 | MinLoss: 2.1945
478,  0 | TrAcc: 0.3291, TrLoss:  2.39956, VaAcc: 0.2750, VaLoss:  4.44183	 100 sampled NNs | MaxAcc: 0.3570 | MinLoss: 2.3297
479,  0 | TrAcc: 0.3148, TrLoss:  2.43450, VaAcc: 0.2440, VaLoss:  4.91724	 100 sampled NNs | MaxAcc: 0.3160 | MinLoss: 2.4302
480,  0 | TrAcc: 0.3333, TrLoss:  2.39145, VaAcc: 0.2500, VaLoss:  4.55856	 100 sampled NNs | MaxAcc: 0.3340 | MinLoss: 2.2539
481,  0 | TrAcc: 0.3557, TrLoss:  2.21924, VaAcc: 0.2250, VaLoss:  4.43009	 100 sampled NNs | MaxAcc: 0.3040 | MinLoss: 2.3656
482,  0 | TrAcc: 0.3390, TrLoss:  2.36092, VaAcc: 0.2490, VaLoss:  5.07937	 100 sampled NNs | MaxAcc: 0.3450 | MinLoss: 2.5009
483,  0 | TrAcc: 0.3120, TrLoss:  2.40014, VaAcc: 0.2370, VaLoss:  4.81173	 100 sampled NNs | MaxAcc: 0.3000 | MinLoss: 2.4252
484,  0 | TrAcc: 0.3368, TrLoss:  2.37436, VaAcc: 0.2410, VaLoss:  4.67799	 100 sampled NNs | MaxAcc: 0.3400 | MinLoss: 2.5337
485,  0 | TrAcc: 0.3244, TrLoss:  2.29094, VaAcc: 0.2440, VaLoss:  4.32192	 100 sampled NNs | MaxAcc: 0.3180 | MinLoss: 2.2788
486,  0 | TrAcc: 0.3372, TrLoss:  2.35740, VaAcc: 0.2580, VaLoss:  4.65453	 100 sampled NNs | MaxAcc: 0.3380 | MinLoss: 2.3285
487,  0 | TrAcc: 0.3593, TrLoss:  2.23712, VaAcc: 0.2280, VaLoss:  4.72122	 100 sampled NNs | MaxAcc: 0.3190 | MinLoss: 2.5526
488,  0 | TrAcc: 0.3436, TrLoss:  2.29539, VaAcc: 0.2860, VaLoss:  4.74707	 100 sampled NNs | MaxAcc: 0.3690 | MinLoss: 2.2104
489,  0 | TrAcc: 0.3852, TrLoss:  2.24685, VaAcc: 0.3070, VaLoss:  4.23628	 100 sampled NNs | MaxAcc: 0.3960 | MinLoss: 2.1537
490,  0 | TrAcc: 0.3897, TrLoss:  2.12248, VaAcc: 0.2770, VaLoss:  4.04014	 100 sampled NNs | MaxAcc: 0.3650 | MinLoss: 2.3032
491,  0 | TrAcc: 0.3293, TrLoss:  2.36880, VaAcc: 0.2320, VaLoss:  4.24294	 100 sampled NNs | MaxAcc: 0.2960 | MinLoss: 2.4335
492,  0 | TrAcc: 0.3698, TrLoss:  2.12682, VaAcc: 0.2690, VaLoss:  3.58443	 100 sampled NNs | MaxAcc: 0.3600 | MinLoss: 2.2283
493,  0 | TrAcc: 0.3653, TrLoss:  2.14837, VaAcc: 0.2260, VaLoss:  3.80995	 100 sampled NNs | MaxAcc: 0.3150 | MinLoss: 2.3706
494,  0 | TrAcc: 0.3078, TrLoss:  2.37923, VaAcc: 0.2720, VaLoss:  3.50366	 100 sampled NNs | MaxAcc: 0.3560 | MinLoss: 2.3202
495,  0 | TrAcc: 0.3606, TrLoss:  2.22747, VaAcc: 0.2660, VaLoss:  3.64741	 100 sampled NNs | MaxAcc: 0.3340 | MinLoss: 2.4826
496,  0 | TrAcc: 0.3542, TrLoss:  2.17796, VaAcc: 0.2700, VaLoss:  3.65390	 100 sampled NNs | MaxAcc: 0.3650 | MinLoss: 2.3772
497,  0 | TrAcc: 0.3727, TrLoss:  2.17154, VaAcc: 0.2210, VaLoss:  4.18777	 100 sampled NNs | MaxAcc: 0.3230 | MinLoss: 2.3488
498,  0 | TrAcc: 0.3202, TrLoss:  2.44704, VaAcc: 0.2260, VaLoss:  4.39279	 100 sampled NNs | MaxAcc: 0.2780 | MinLoss: 2.4986
499,  0 | TrAcc: 0.3578, TrLoss:  2.34470, VaAcc: 0.2550, VaLoss:  4.45823	 100 sampled NNs | MaxAcc: 0.3140 | MinLoss: 2.4732
500,  0 | TrAcc: 0.3331, TrLoss:  2.28802, VaAcc: 0.2760, VaLoss:  3.99971	 100 sampled NNs | MaxAcc: 0.3370 | MinLoss: 2.3513
501,  0 | TrAcc: 0.3820, TrLoss:  2.18343, VaAcc: 0.2630, VaLoss:  4.11164	 100 sampled NNs | MaxAcc: 0.3630 | MinLoss: 2.4029
502,  0 | TrAcc: 0.3739, TrLoss:  2.14820, VaAcc: 0.2800, VaLoss:  4.08861	 100 sampled NNs | MaxAcc: 0.3690 | MinLoss: 2.3803
503,  0 | TrAcc: 0.3460, TrLoss:  2.24811, VaAcc: 0.2650, VaLoss:  4.09223	 100 sampled NNs | MaxAcc: 0.3300 | MinLoss: 2.4038
504,  0 | TrAcc: 0.3401, TrLoss:  2.30622, VaAcc: 0.2520, VaLoss:  3.91141	 100 sampled NNs | MaxAcc: 0.3160 | MinLoss: 2.3355
505,  0 | TrAcc: 0.3221, TrLoss:  2.36529, VaAcc: 0.2880, VaLoss:  4.02462	 100 sampled NNs | MaxAcc: 0.3650 | MinLoss: 2.2162
506,  0 | TrAcc: 0.3044, TrLoss:  2.44291, VaAcc: 0.2540, VaLoss:  4.81587	 100 sampled NNs | MaxAcc: 0.3100 | MinLoss: 2.4624
507,  0 | TrAcc: 0.3876, TrLoss:  2.10442, VaAcc: 0.2260, VaLoss:  4.33998	 100 sampled NNs | MaxAcc: 0.3030 | MinLoss: 2.5084
508,  0 | TrAcc: 0.3442, TrLoss:  2.16818, VaAcc: 0.2770, VaLoss:  3.83229	 100 sampled NNs | MaxAcc: 0.3300 | MinLoss: 2.2923
509,  0 | TrAcc: 0.4162, TrLoss:  1.99560, VaAcc: 0.3000, VaLoss:  3.49441	 100 sampled NNs | MaxAcc: 0.3790 | MinLoss: 2.3287
510,  0 | TrAcc: 0.3175, TrLoss:  2.26315, VaAcc: 0.2400, VaLoss:  3.53433	 100 sampled NNs | MaxAcc: 0.3570 | MinLoss: 2.2097
511,  0 | TrAcc: 0.3510, TrLoss:  2.16513, VaAcc: 0.2660, VaLoss:  3.42253	 100 sampled NNs | MaxAcc: 0.3670 | MinLoss: 2.1630
512,  0 | TrAcc: 0.3248, TrLoss:  2.25019, VaAcc: 0.2450, VaLoss:  3.37482	 100 sampled NNs | MaxAcc: 0.3600 | MinLoss: 2.2709
513,  0 | TrAcc: 0.3029, TrLoss:  2.34183, VaAcc: 0.2500, VaLoss:  3.34954	 100 sampled NNs | MaxAcc: 0.3570 | MinLoss: 2.2522
514,  0 | TrAcc: 0.3269, TrLoss:  2.21156, VaAcc: 0.2430, VaLoss:  3.41722	 100 sampled NNs | MaxAcc: 0.3670 | MinLoss: 2.4413
515,  0 | TrAcc: 0.3407, TrLoss:  2.14576, VaAcc: 0.2400, VaLoss:  3.34038	 100 sampled NNs | MaxAcc: 0.3290 | MinLoss: 2.4645
516,  0 | TrAcc: 0.3729, TrLoss:  2.10186, VaAcc: 0.2690, VaLoss:  3.38067	 100 sampled NNs | MaxAcc: 0.3700 | MinLoss: 2.2386
517,  0 | TrAcc: 0.3412, TrLoss:  2.20212, VaAcc: 0.2590, VaLoss:  3.63897	 100 sampled NNs | MaxAcc: 0.3330 | MinLoss: 2.3212
518,  0 | TrAcc: 0.3337, TrLoss:  2.23262, VaAcc: 0.2420, VaLoss:  3.65040	 100 sampled NNs | MaxAcc: 0.3520 | MinLoss: 2.4128
519,  0 | TrAcc: 0.3371, TrLoss:  2.19510, VaAcc: 0.2660, VaLoss:  3.53201	 100 sampled NNs | MaxAcc: 0.3170 | MinLoss: 2.3521
520,  0 | TrAcc: 0.3808, TrLoss:  2.00659, VaAcc: 0.2390, VaLoss:  3.49329	 100 sampled NNs | MaxAcc: 0.3100 | MinLoss: 2.5903
521,  0 | TrAcc: 0.3346, TrLoss:  2.17138, VaAcc: 0.2400, VaLoss:  3.14935	 100 sampled NNs | MaxAcc: 0.3100 | MinLoss: 2.4215
522,  0 | TrAcc: 0.3604, TrLoss:  2.09707, VaAcc: 0.2570, VaLoss:  3.02024	 100 sampled NNs | MaxAcc: 0.3600 | MinLoss: 2.3437
523,  0 | TrAcc: 0.3542, TrLoss:  2.13316, VaAcc: 0.2740, VaLoss:  2.87888	 100 sampled NNs | MaxAcc: 0.3900 | MinLoss: 2.2748
524,  0 | TrAcc: 0.3835, TrLoss:  2.02751, VaAcc: 0.2660, VaLoss:  2.94890	 100 sampled NNs | MaxAcc: 0.3460 | MinLoss: 2.3145
525,  0 | TrAcc: 0.3344, TrLoss:  2.08640, VaAcc: 0.2490, VaLoss:  2.94164	 100 sampled NNs | MaxAcc: 0.3320 | MinLoss: 2.3401
526,  0 | TrAcc: 0.3453, TrLoss:  2.18748, VaAcc: 0.2180, VaLoss:  3.24430	 100 sampled NNs | MaxAcc: 0.2870 | MinLoss: 2.4463
527,  0 | TrAcc: 0.3615, TrLoss:  2.06308, VaAcc: 0.2380, VaLoss:  3.52862	 100 sampled NNs | MaxAcc: 0.3380 | MinLoss: 2.3684
528,  0 | TrAcc: 0.3581, TrLoss:  2.48596, VaAcc: 0.2490, VaLoss:  6.12536	 100 sampled NNs | MaxAcc: 0.3520 | MinLoss: 2.2294
529,  0 | TrAcc: 0.3272, TrLoss:  2.39304, VaAcc: 0.2590, VaLoss:  4.32952	 100 sampled NNs | MaxAcc: 0.3310 | MinLoss: 2.2911
530,  0 | TrAcc: 0.3486, TrLoss:  2.33300, VaAcc: 0.2280, VaLoss:  4.66551	 100 sampled NNs | MaxAcc: 0.2970 | MinLoss: 2.2657
531,  0 | TrAcc: 0.3574, TrLoss:  2.46947, VaAcc: 0.2450, VaLoss:  6.50591	 100 sampled NNs | MaxAcc: 0.3330 | MinLoss: 2.3023
532,  0 | TrAcc: 0.3170, TrLoss:  2.51174, VaAcc: 0.2680, VaLoss:  6.16465	 100 sampled NNs | MaxAcc: 0.3510 | MinLoss: 2.1984
533,  0 | TrAcc: 0.3128, TrLoss:  2.71842, VaAcc: 0.2400, VaLoss:  7.30223	 100 sampled NNs | MaxAcc: 0.3130 | MinLoss: 2.4875
534,  0 | TrAcc: 0.3118, TrLoss:  2.72577, VaAcc: 0.2630, VaLoss:  7.29865	 100 sampled NNs | MaxAcc: 0.3610 | MinLoss: 2.3443
535,  0 | TrAcc: 0.3401, TrLoss:  2.48980, VaAcc: 0.2650, VaLoss:  6.53118	 100 sampled NNs | MaxAcc: 0.4120 | MinLoss: 2.2117
536,  0 | TrAcc: 0.3024, TrLoss:  2.37269, VaAcc: 0.2660, VaLoss:  4.27733	 100 sampled NNs | MaxAcc: 0.3840 | MinLoss: 2.1741
537,  0 | TrAcc: 0.3121, TrLoss:  2.23517, VaAcc: 0.2260, VaLoss:  3.60077	 100 sampled NNs | MaxAcc: 0.2980 | MinLoss: 2.3936
538,  0 | TrAcc: 0.3959, TrLoss:  2.01068, VaAcc: 0.2130, VaLoss:  3.49030	 100 sampled NNs | MaxAcc: 0.3190 | MinLoss: 2.4041
539,  0 | TrAcc: 0.3778, TrLoss:  2.02679, VaAcc: 0.2380, VaLoss:  3.32189	 100 sampled NNs | MaxAcc: 0.3460 | MinLoss: 2.2413
540,  0 | TrAcc: 0.3387, TrLoss:  2.26269, VaAcc: 0.2400, VaLoss:  3.69856	 100 sampled NNs | MaxAcc: 0.3190 | MinLoss: 2.2543
541,  0 | TrAcc: 0.3506, TrLoss:  2.21569, VaAcc: 0.2240, VaLoss:  3.97573	 100 sampled NNs | MaxAcc: 0.3090 | MinLoss: 2.2819
542,  0 | TrAcc: 0.3479, TrLoss:  2.19985, VaAcc: 0.2710, VaLoss:  3.76985	 100 sampled NNs | MaxAcc: 0.4010 | MinLoss: 2.1704
543,  0 | TrAcc: 0.3443, TrLoss:  2.25323, VaAcc: 0.2700, VaLoss:  4.08515	 100 sampled NNs | MaxAcc: 0.3510 | MinLoss: 2.2376
544,  0 | TrAcc: 0.3616, TrLoss:  2.19111, VaAcc: 0.2360, VaLoss:  3.97649	 100 sampled NNs | MaxAcc: 0.3420 | MinLoss: 2.2135
545,  0 | TrAcc: 0.3430, TrLoss:  2.28724, VaAcc: 0.2730, VaLoss:  3.82940	 100 sampled NNs | MaxAcc: 0.3400 | MinLoss: 2.1567
546,  0 | TrAcc: 0.3765, TrLoss:  2.11483, VaAcc: 0.2490, VaLoss:  3.77764	 100 sampled NNs | MaxAcc: 0.3120 | MinLoss: 2.3935
547,  0 | TrAcc: 0.3821, TrLoss:  2.09751, VaAcc: 0.2260, VaLoss:  3.77381	 100 sampled NNs | MaxAcc: 0.2730 | MinLoss: 2.4427
548,  0 | TrAcc: 0.3347, TrLoss:  2.23303, VaAcc: 0.2610, VaLoss:  3.90756	 100 sampled NNs | MaxAcc: 0.3170 | MinLoss: 2.3030
549,  0 | TrAcc: 0.3840, TrLoss:  2.10035, VaAcc: 0.2560, VaLoss:  3.90736	 100 sampled NNs | MaxAcc: 0.3470 | MinLoss: 2.2518
550,  0 | TrAcc: 0.3138, TrLoss:  2.45205, VaAcc: 0.2580, VaLoss:  5.09481	 100 sampled NNs | MaxAcc: 0.3210 | MinLoss: 2.3384
551,  0 | TrAcc: 0.3339, TrLoss:  2.47745, VaAcc: 0.2650, VaLoss:  5.41856	 100 sampled NNs | MaxAcc: 0.3550 | MinLoss: 2.1980
552,  0 | TrAcc: 0.3219, TrLoss:  2.43178, VaAcc: 0.2790, VaLoss:  4.89608	 100 sampled NNs | MaxAcc: 0.3650 | MinLoss: 2.1871
553,  0 | TrAcc: 0.3733, TrLoss:  2.26575, VaAcc: 0.3130, VaLoss:  4.82516	 100 sampled NNs | MaxAcc: 0.4190 | MinLoss: 2.0627
554,  0 | TrAcc: 0.3585, TrLoss:  2.48915, VaAcc: 0.2730, VaLoss:  5.93569	 100 sampled NNs | MaxAcc: 0.3710 | MinLoss: 2.2066
555,  0 | TrAcc: 0.4122, TrLoss:  2.23999, VaAcc: 0.2650, VaLoss:  5.89415	 100 sampled NNs | MaxAcc: 0.3380 | MinLoss: 2.3165
556,  0 | TrAcc: 0.3671, TrLoss:  2.23153, VaAcc: 0.2750, VaLoss:  4.19121	 100 sampled NNs | MaxAcc: 0.3250 | MinLoss: 2.2998
557,  0 | TrAcc: 0.3136, TrLoss:  2.29577, VaAcc: 0.2590, VaLoss:  3.82238	 100 sampled NNs | MaxAcc: 0.3500 | MinLoss: 2.1933
558,  0 | TrAcc: 0.3598, TrLoss:  2.19580, VaAcc: 0.2530, VaLoss:  4.26840	 100 sampled NNs | MaxAcc: 0.3270 | MinLoss: 2.2288
559,  0 | TrAcc: 0.3573, TrLoss:  2.33608, VaAcc: 0.2550, VaLoss:  5.36356	 100 sampled NNs | MaxAcc: 0.3080 | MinLoss: 2.3853
560,  0 | TrAcc: 0.3437, TrLoss:  2.50213, VaAcc: 0.2140, VaLoss:  6.82540	 100 sampled NNs | MaxAcc: 0.2780 | MinLoss: 2.3429
561,  0 | TrAcc: 0.3090, TrLoss:  2.42791, VaAcc: 0.2330, VaLoss:  4.38622	 100 sampled NNs | MaxAcc: 0.3200 | MinLoss: 2.4299
562,  0 | TrAcc: 0.3639, TrLoss:  2.18173, VaAcc: 0.2490, VaLoss:  3.80199	 100 sampled NNs | MaxAcc: 0.3100 | MinLoss: 2.3198
563,  0 | TrAcc: 0.3308, TrLoss:  2.26116, VaAcc: 0.2440, VaLoss:  3.55498	 100 sampled NNs | MaxAcc: 0.3320 | MinLoss: 2.4799
564,  0 | TrAcc: 0.3244, TrLoss:  2.14174, VaAcc: 0.2500, VaLoss:  3.65003	 100 sampled NNs | MaxAcc: 0.3410 | MinLoss: 2.3544
565,  0 | TrAcc: 0.3813, TrLoss:  2.10797, VaAcc: 0.2670, VaLoss:  3.47490	 100 sampled NNs | MaxAcc: 0.3230 | MinLoss: 2.4510
566,  0 | TrAcc: 0.3936, TrLoss:  2.02163, VaAcc: 0.2580, VaLoss:  3.23729	 100 sampled NNs | MaxAcc: 0.3420 | MinLoss: 2.3739
567,  0 | TrAcc: 0.2982, TrLoss:  2.31968, VaAcc: 0.2330, VaLoss:  3.20285	 100 sampled NNs | MaxAcc: 0.3290 | MinLoss: 2.3480
568,  0 | TrAcc: 0.3570, TrLoss:  2.10842, VaAcc: 0.2420, VaLoss:  3.10244	 100 sampled NNs | MaxAcc: 0.3270 | MinLoss: 2.3245
569,  0 | TrAcc: 0.3876, TrLoss:  2.00732, VaAcc: 0.2420, VaLoss:  3.28192	 100 sampled NNs | MaxAcc: 0.3380 | MinLoss: 2.4587
570,  0 | TrAcc: 0.3266, TrLoss:  2.24273, VaAcc: 0.2520, VaLoss:  3.13225	 100 sampled NNs | MaxAcc: 0.3680 | MinLoss: 2.1629
571,  0 | TrAcc: 0.3666, TrLoss:  2.10662, VaAcc: 0.2130, VaLoss:  3.27581	 100 sampled NNs | MaxAcc: 0.2770 | MinLoss: 2.4180
572,  0 | TrAcc: 0.3562, TrLoss:  2.12953, VaAcc: 0.2800, VaLoss:  3.10892	 100 sampled NNs | MaxAcc: 0.3560 | MinLoss: 2.2715
573,  0 | TrAcc: 0.3407, TrLoss:  2.15459, VaAcc: 0.2510, VaLoss:  2.96666	 100 sampled NNs | MaxAcc: 0.3440 | MinLoss: 2.1938
574,  0 | TrAcc: 0.3340, TrLoss:  2.18661, VaAcc: 0.2360, VaLoss:  3.16494	 100 sampled NNs | MaxAcc: 0.2850 | MinLoss: 2.4669
575,  0 | TrAcc: 0.3359, TrLoss:  2.16715, VaAcc: 0.2450, VaLoss:  2.97844	 100 sampled NNs | MaxAcc: 0.3220 | MinLoss: 2.2660
576,  0 | TrAcc: 0.3307, TrLoss:  2.16908, VaAcc: 0.2190, VaLoss:  3.40790	 100 sampled NNs | MaxAcc: 0.2850 | MinLoss: 2.3638
577,  0 | TrAcc: 0.3739, TrLoss:  2.03985, VaAcc: 0.2680, VaLoss:  3.09107	 100 sampled NNs | MaxAcc: 0.3270 | MinLoss: 2.3670
578,  0 | TrAcc: 0.3821, TrLoss:  2.06998, VaAcc: 0.2600, VaLoss:  3.20374	 100 sampled NNs | MaxAcc: 0.3450 | MinLoss: 2.4418
579,  0 | TrAcc: 0.3468, TrLoss:  2.15936, VaAcc: 0.2330, VaLoss:  3.22700	 100 sampled NNs | MaxAcc: 0.3410 | MinLoss: 2.4271
580,  0 | TrAcc: 0.3392, TrLoss:  2.07805, VaAcc: 0.2610, VaLoss:  2.97033	 100 sampled NNs | MaxAcc: 0.3360 | MinLoss: 2.2922
581,  0 | TrAcc: 0.3729, TrLoss:  2.03761, VaAcc: 0.2650, VaLoss:  3.13481	 100 sampled NNs | MaxAcc: 0.3870 | MinLoss: 2.3699
582,  0 | TrAcc: 0.3949, TrLoss:  2.07293, VaAcc: 0.2690, VaLoss:  3.01985	 100 sampled NNs | MaxAcc: 0.3520 | MinLoss: 2.2932
583,  0 | TrAcc: 0.3624, TrLoss:  2.07447, VaAcc: 0.2510, VaLoss:  2.95105	 100 sampled NNs | MaxAcc: 0.3380 | MinLoss: 2.2299
584,  0 | TrAcc: 0.3716, TrLoss:  2.04558, VaAcc: 0.2930, VaLoss:  2.97061	 100 sampled NNs | MaxAcc: 0.3790 | MinLoss: 2.1593
585,  0 | TrAcc: 0.3926, TrLoss:  2.05729, VaAcc: 0.2500, VaLoss:  3.34360	 100 sampled NNs | MaxAcc: 0.3570 | MinLoss: 2.3933
586,  0 | TrAcc: 0.3377, TrLoss:  2.19218, VaAcc: 0.2900, VaLoss:  2.95940	 100 sampled NNs | MaxAcc: 0.3890 | MinLoss: 2.1064
587,  0 | TrAcc: 0.3321, TrLoss:  2.20604, VaAcc: 0.2610, VaLoss:  3.13851	 100 sampled NNs | MaxAcc: 0.3660 | MinLoss: 2.3437
588,  0 | TrAcc: 0.3465, TrLoss:  2.16863, VaAcc: 0.2720, VaLoss:  3.07546	 100 sampled NNs | MaxAcc: 0.3580 | MinLoss: 2.2354
589,  0 | TrAcc: 0.3237, TrLoss:  2.25575, VaAcc: 0.2520, VaLoss:  3.31737	 100 sampled NNs | MaxAcc: 0.3270 | MinLoss: 2.3343
590,  0 | TrAcc: 0.3923, TrLoss:  2.11077, VaAcc: 0.2520, VaLoss:  3.50969	 100 sampled NNs | MaxAcc: 0.3280 | MinLoss: 2.2250
591,  0 | TrAcc: 0.3719, TrLoss:  2.08037, VaAcc: 0.2310, VaLoss:  3.44409	 100 sampled NNs | MaxAcc: 0.3480 | MinLoss: 2.3687
592,  0 | TrAcc: 0.3452, TrLoss:  2.19074, VaAcc: 0.2400, VaLoss:  3.61488	 100 sampled NNs | MaxAcc: 0.3320 | MinLoss: 2.4445
593,  0 | TrAcc: 0.3469, TrLoss:  2.13695, VaAcc: 0.2490, VaLoss:  3.43984	 100 sampled NNs | MaxAcc: 0.3490 | MinLoss: 2.2571
594,  0 | TrAcc: 0.3691, TrLoss:  2.01573, VaAcc: 0.2380, VaLoss:  3.29438	 100 sampled NNs | MaxAcc: 0.3280 | MinLoss: 2.3425
595,  0 | TrAcc: 0.3463, TrLoss:  2.10053, VaAcc: 0.2880, VaLoss:  3.54623	 100 sampled NNs | MaxAcc: 0.3610 | MinLoss: 2.4652
596,  0 | TrAcc: 0.3356, TrLoss:  2.24141, VaAcc: 0.2720, VaLoss:  3.80350	 100 sampled NNs | MaxAcc: 0.3560 | MinLoss: 2.3456
597,  0 | TrAcc: 0.3618, TrLoss:  2.23113, VaAcc: 0.2470, VaLoss:  4.22152	 100 sampled NNs | MaxAcc: 0.3150 | MinLoss: 2.4310
598,  0 | TrAcc: 0.3281, TrLoss:  2.25691, VaAcc: 0.2540, VaLoss:  3.63947	 100 sampled NNs | MaxAcc: 0.3300 | MinLoss: 2.2036
599,  0 | TrAcc: 0.3592, TrLoss:  2.14760, VaAcc: 0.2510, VaLoss:  3.72283	 100 sampled NNs | MaxAcc: 0.3780 | MinLoss: 2.2733
600,  0 | TrAcc: 0.3751, TrLoss:  2.08878, VaAcc: 0.2430, VaLoss:  3.70474	 100 sampled NNs | MaxAcc: 0.3170 | MinLoss: 2.3753
601,  0 | TrAcc: 0.3680, TrLoss:  2.12754, VaAcc: 0.2600, VaLoss:  3.16010	 100 sampled NNs | MaxAcc: 0.3370 | MinLoss: 2.1704
602,  0 | TrAcc: 0.3573, TrLoss:  2.09482, VaAcc: 0.2770, VaLoss:  3.15325	 100 sampled NNs | MaxAcc: 0.3700 | MinLoss: 2.2025
603,  0 | TrAcc: 0.3918, TrLoss:  2.10452, VaAcc: 0.2960, VaLoss:  3.43599	 100 sampled NNs | MaxAcc: 0.3870 | MinLoss: 2.2327
604,  0 | TrAcc: 0.3236, TrLoss:  2.21547, VaAcc: 0.2520, VaLoss:  3.53170	 100 sampled NNs | MaxAcc: 0.3500 | MinLoss: 2.3501
605,  0 | TrAcc: 0.3592, TrLoss:  2.09794, VaAcc: 0.2590, VaLoss:  3.36145	 100 sampled NNs | MaxAcc: 0.3350 | MinLoss: 2.3670
606,  0 | TrAcc: 0.3568, TrLoss:  2.04616, VaAcc: 0.2660, VaLoss:  3.36019	 100 sampled NNs | MaxAcc: 0.3420 | MinLoss: 2.2761
607,  0 | TrAcc: 0.3877, TrLoss:  2.02110, VaAcc: 0.2770, VaLoss:  3.37698	 100 sampled NNs | MaxAcc: 0.3360 | MinLoss: 2.2709
608,  0 | TrAcc: 0.3463, TrLoss:  2.18056, VaAcc: 0.2390, VaLoss:  3.34964	 100 sampled NNs | MaxAcc: 0.3540 | MinLoss: 2.2571
609,  0 | TrAcc: 0.3631, TrLoss:  2.13210, VaAcc: 0.2470, VaLoss:  3.36072	 100 sampled NNs | MaxAcc: 0.3480 | MinLoss: 2.3011
610,  0 | TrAcc: 0.3666, TrLoss:  2.17835, VaAcc: 0.2390, VaLoss:  3.58346	 100 sampled NNs | MaxAcc: 0.3090 | MinLoss: 2.2941
611,  0 | TrAcc: 0.3562, TrLoss:  2.11363, VaAcc: 0.2790, VaLoss:  3.59391	 100 sampled NNs | MaxAcc: 0.3490 | MinLoss: 2.2790
612,  0 | TrAcc: 0.3611, TrLoss:  2.10550, VaAcc: 0.2820, VaLoss:  3.61523	 100 sampled NNs | MaxAcc: 0.3690 | MinLoss: 2.4435
613,  0 | TrAcc: 0.3878, TrLoss:  2.10905, VaAcc: 0.2390, VaLoss:  3.54219	 100 sampled NNs | MaxAcc: 0.3680 | MinLoss: 2.4403
614,  0 | TrAcc: 0.3555, TrLoss:  2.15251, VaAcc: 0.2670, VaLoss:  3.51181	 100 sampled NNs | MaxAcc: 0.3530 | MinLoss: 2.2617
615,  0 | TrAcc: 0.3347, TrLoss:  2.25359, VaAcc: 0.2460, VaLoss:  3.84336	 100 sampled NNs | MaxAcc: 0.3090 | MinLoss: 2.4237
616,  0 | TrAcc: 0.3539, TrLoss:  2.25643, VaAcc: 0.2100, VaLoss:  3.61579	 100 sampled NNs | MaxAcc: 0.2830 | MinLoss: 2.3652
617,  0 | TrAcc: 0.3294, TrLoss:  2.28591, VaAcc: 0.2310, VaLoss:  3.92535	 100 sampled NNs | MaxAcc: 0.3220 | MinLoss: 2.3926
618,  0 | TrAcc: 0.3607, TrLoss:  2.28781, VaAcc: 0.2330, VaLoss:  4.40618	 100 sampled NNs | MaxAcc: 0.3340 | MinLoss: 2.3298
619,  0 | TrAcc: 0.3686, TrLoss:  2.16028, VaAcc: 0.2990, VaLoss:  3.66127	 100 sampled NNs | MaxAcc: 0.3700 | MinLoss: 2.3369
620,  0 | TrAcc: 0.3566, TrLoss:  2.11258, VaAcc: 0.2650, VaLoss:  3.54572	 100 sampled NNs | MaxAcc: 0.3700 | MinLoss: 2.4353
621,  0 | TrAcc: 0.3729, TrLoss:  2.11313, VaAcc: 0.2680, VaLoss:  3.36467	 100 sampled NNs | MaxAcc: 0.3550 | MinLoss: 2.2243
622,  0 | TrAcc: 0.3421, TrLoss:  2.21256, VaAcc: 0.2420, VaLoss:  3.18240	 100 sampled NNs | MaxAcc: 0.3510 | MinLoss: 2.2865
623,  0 | TrAcc: 0.3694, TrLoss:  2.07217, VaAcc: 0.2290, VaLoss:  3.31058	 100 sampled NNs | MaxAcc: 0.3040 | MinLoss: 2.4469
624,  0 | TrAcc: 0.3239, TrLoss:  2.26651, VaAcc: 0.2470, VaLoss:  2.97545	 100 sampled NNs | MaxAcc: 0.3330 | MinLoss: 2.1570
625,  0 | TrAcc: 0.3045, TrLoss:  2.27185, VaAcc: 0.2420, VaLoss:  3.19204	 100 sampled NNs | MaxAcc: 0.3520 | MinLoss: 2.2882
626,  0 | TrAcc: 0.3321, TrLoss:  2.25942, VaAcc: 0.2600, VaLoss:  3.16702	 100 sampled NNs | MaxAcc: 0.3520 | MinLoss: 2.2803
627,  0 | TrAcc: 0.3628, TrLoss:  2.13597, VaAcc: 0.2570, VaLoss:  3.31758	 100 sampled NNs | MaxAcc: 0.3510 | MinLoss: 2.3496
628,  0 | TrAcc: 0.3812, TrLoss:  2.09049, VaAcc: 0.2640, VaLoss:  3.14847	 100 sampled NNs | MaxAcc: 0.3760 | MinLoss: 2.1589
629,  0 | TrAcc: 0.3358, TrLoss:  2.26846, VaAcc: 0.2380, VaLoss:  3.46038	 100 sampled NNs | MaxAcc: 0.3390 | MinLoss: 2.3702
630,  0 | TrAcc: 0.3739, TrLoss:  2.16783, VaAcc: 0.2450, VaLoss:  4.02826	 100 sampled NNs | MaxAcc: 0.3060 | MinLoss: 2.3276
631,  0 | TrAcc: 0.3722, TrLoss:  2.27293, VaAcc: 0.2510, VaLoss:  5.03846	 100 sampled NNs | MaxAcc: 0.3250 | MinLoss: 2.4977
632,  0 | TrAcc: 0.3316, TrLoss:  2.56625, VaAcc: 0.2290, VaLoss:  6.50023	 100 sampled NNs | MaxAcc: 0.3510 | MinLoss: 2.3318
633,  0 | TrAcc: 0.3524, TrLoss:  2.35817, VaAcc: 0.2860, VaLoss:  6.29397	 100 sampled NNs | MaxAcc: 0.3710 | MinLoss: 2.4392
634,  0 | TrAcc: 0.3329, TrLoss:  2.41999, VaAcc: 0.2740, VaLoss:  4.91186	 100 sampled NNs | MaxAcc: 0.3820 | MinLoss: 2.1320
635,  0 | TrAcc: 0.3067, TrLoss:  2.56996, VaAcc: 0.2320, VaLoss:  6.11000	 100 sampled NNs | MaxAcc: 0.3370 | MinLoss: 2.4857
636,  0 | TrAcc: 0.3129, TrLoss:  2.54373, VaAcc: 0.2520, VaLoss:  6.48995	 100 sampled NNs | MaxAcc: 0.3510 | MinLoss: 2.3407
637,  0 | TrAcc: 0.3286, TrLoss:  2.42863, VaAcc: 0.2610, VaLoss:  5.84020	 100 sampled NNs | MaxAcc: 0.3640 | MinLoss: 2.3611
638,  0 | TrAcc: 0.3412, TrLoss:  2.48309, VaAcc: 0.2740, VaLoss:  5.87749	 100 sampled NNs | MaxAcc: 0.3940 | MinLoss: 2.2078
639,  0 | TrAcc: 0.3414, TrLoss:  2.66811, VaAcc: 0.2610, VaLoss:  8.01796	 100 sampled NNs | MaxAcc: 0.3150 | MinLoss: 2.3569
640,  0 | TrAcc: 0.3694, TrLoss:  2.91208, VaAcc: 0.2220, VaLoss: 11.15098	 100 sampled NNs | MaxAcc: 0.3070 | MinLoss: 2.3819
641,  0 | TrAcc: 0.3138, TrLoss:  2.68856, VaAcc: 0.2440, VaLoss:  7.81797	 100 sampled NNs | MaxAcc: 0.3370 | MinLoss: 2.3624
642,  0 | TrAcc: 0.3555, TrLoss:  2.46006, VaAcc: 0.2780, VaLoss:  6.06054	 100 sampled NNs | MaxAcc: 0.3660 | MinLoss: 2.1951
643,  0 | TrAcc: 0.3443, TrLoss:  2.62067, VaAcc: 0.2460, VaLoss:  7.94492	 100 sampled NNs | MaxAcc: 0.3410 | MinLoss: 2.5051
644,  0 | TrAcc: 0.3564, TrLoss:  2.69904, VaAcc: 0.2680, VaLoss:  8.64018	 100 sampled NNs | MaxAcc: 0.3810 | MinLoss: 2.2960
645,  0 | TrAcc: 0.3469, TrLoss:  2.51408, VaAcc: 0.2730, VaLoss:  6.41801	 100 sampled NNs | MaxAcc: 0.3550 | MinLoss: 2.1948
646,  0 | TrAcc: 0.3153, TrLoss:  2.45326, VaAcc: 0.2700, VaLoss:  4.67974	 100 sampled NNs | MaxAcc: 0.3610 | MinLoss: 2.1627
647,  0 | TrAcc: 0.3944, TrLoss:  2.28955, VaAcc: 0.2440, VaLoss:  5.53040	 100 sampled NNs | MaxAcc: 0.3330 | MinLoss: 2.4048
648,  0 | TrAcc: 0.3575, TrLoss:  2.28303, VaAcc: 0.2530, VaLoss:  4.95224	 100 sampled NNs | MaxAcc: 0.3510 | MinLoss: 2.2108
649,  0 | TrAcc: 0.3700, TrLoss:  2.22453, VaAcc: 0.2540, VaLoss:  5.06184	 100 sampled NNs | MaxAcc: 0.3340 | MinLoss: 2.3700
650,  0 | TrAcc: 0.3404, TrLoss:  2.26934, VaAcc: 0.2550, VaLoss:  4.22428	 100 sampled NNs | MaxAcc: 0.3340 | MinLoss: 2.2539
651,  0 | TrAcc: 0.3557, TrLoss:  2.28015, VaAcc: 0.2560, VaLoss:  4.84502	 100 sampled NNs | MaxAcc: 0.3630 | MinLoss: 2.2924
652,  0 | TrAcc: 0.3787, TrLoss:  2.17493, VaAcc: 0.2400, VaLoss:  5.05778	 100 sampled NNs | MaxAcc: 0.3510 | MinLoss: 2.3923
653,  0 | TrAcc: 0.3605, TrLoss:  2.30457, VaAcc: 0.2660, VaLoss:  5.26030	 100 sampled NNs | MaxAcc: 0.3500 | MinLoss: 2.2844
654,  0 | TrAcc: 0.3347, TrLoss:  2.43618, VaAcc: 0.2860, VaLoss:  5.17757	 100 sampled NNs | MaxAcc: 0.3650 | MinLoss: 2.2140
655,  0 | TrAcc: 0.3633, TrLoss:  2.34361, VaAcc: 0.2690, VaLoss:  5.15163	 100 sampled NNs | MaxAcc: 0.3680 | MinLoss: 2.2602
656,  0 | TrAcc: 0.3378, TrLoss:  2.51228, VaAcc: 0.2310, VaLoss:  6.03526	 100 sampled NNs | MaxAcc: 0.3400 | MinLoss: 2.2662
657,  0 | TrAcc: 0.3296, TrLoss:  2.35991, VaAcc: 0.2590, VaLoss:  4.37297	 100 sampled NNs | MaxAcc: 0.3740 | MinLoss: 2.2276
658,  0 | TrAcc: 0.2982, TrLoss:  2.49224, VaAcc: 0.2110, VaLoss:  4.85114	 100 sampled NNs | MaxAcc: 0.2780 | MinLoss: 2.2576
659,  0 | TrAcc: 0.3526, TrLoss:  2.21395, VaAcc: 0.2390, VaLoss:  4.11232	 100 sampled NNs | MaxAcc: 0.3010 | MinLoss: 2.2813
660,  0 | TrAcc: 0.3637, TrLoss:  2.18367, VaAcc: 0.2390, VaLoss:  3.72626	 100 sampled NNs | MaxAcc: 0.3290 | MinLoss: 2.2917
661,  0 | TrAcc: 0.3324, TrLoss:  2.28692, VaAcc: 0.2510, VaLoss:  4.03508	 100 sampled NNs | MaxAcc: 0.3350 | MinLoss: 2.1763
662,  0 | TrAcc: 0.3415, TrLoss:  2.33234, VaAcc: 0.2950, VaLoss:  4.82343	 100 sampled NNs | MaxAcc: 0.4010 | MinLoss: 2.1796
663,  0 | TrAcc: 0.3624, TrLoss:  2.23066, VaAcc: 0.2480, VaLoss:  4.84675	 100 sampled NNs | MaxAcc: 0.2720 | MinLoss: 2.3794
664,  0 | TrAcc: 0.3546, TrLoss:  2.20625, VaAcc: 0.2490, VaLoss:  4.21275	 100 sampled NNs | MaxAcc: 0.3400 | MinLoss: 2.2928
665,  0 | TrAcc: 0.3719, TrLoss:  2.17063, VaAcc: 0.2700, VaLoss:  4.63151	 100 sampled NNs | MaxAcc: 0.3620 | MinLoss: 2.3623
666,  0 | TrAcc: 0.3649, TrLoss:  2.17695, VaAcc: 0.2750, VaLoss:  4.24405	 100 sampled NNs | MaxAcc: 0.3640 | MinLoss: 2.3348
667,  0 | TrAcc: 0.3198, TrLoss:  2.48337, VaAcc: 0.2620, VaLoss:  6.02288	 100 sampled NNs | MaxAcc: 0.3370 | MinLoss: 2.4696
668,  0 | TrAcc: 0.3146, TrLoss:  2.73225, VaAcc: 0.2320, VaLoss:  8.15823	 100 sampled NNs | MaxAcc: 0.3330 | MinLoss: 2.3962
669,  0 | TrAcc: 0.3268, TrLoss:  2.65824, VaAcc: 0.2250, VaLoss:  8.06609	 100 sampled NNs | MaxAcc: 0.3120 | MinLoss: 2.4144
670,  0 | TrAcc: 0.3514, TrLoss:  2.68707, VaAcc: 0.3040, VaLoss:  8.29936	 100 sampled NNs | MaxAcc: 0.3790 | MinLoss: 2.1212
671,  0 | TrAcc: 0.3632, TrLoss:  2.39500, VaAcc: 0.2440, VaLoss:  5.83808	 100 sampled NNs | MaxAcc: 0.3510 | MinLoss: 2.3120
672,  0 | TrAcc: 0.3744, TrLoss:  2.50512, VaAcc: 0.2370, VaLoss:  6.97642	 100 sampled NNs | MaxAcc: 0.3260 | MinLoss: 2.2793
673,  0 | TrAcc: 0.3758, TrLoss:  2.67523, VaAcc: 0.2360, VaLoss:  9.06559	 100 sampled NNs | MaxAcc: 0.3470 | MinLoss: 2.3756
674,  0 | TrAcc: 0.3456, TrLoss:  2.96240, VaAcc: 0.2520, VaLoss: 11.22069	 100 sampled NNs | MaxAcc: 0.3390 | MinLoss: 2.2632
