2024-03-25 00:36:15.429186: I tensorflow/core/platform/cpu_feature_guard.cc:141] Your CPU supports instructions that this TensorFlow binary was not compiled to use: SSE4.1 SSE4.2 AVX AVX2 FMA
2024-03-25 00:36:15.562192: I tensorflow/core/common_runtime/gpu/gpu_device.cc:1405] Found device 0 with properties: 
name: GeForce RTX 2080 Ti major: 7 minor: 5 memoryClockRate(GHz): 1.545
pciBusID: 0000:02:00.0
totalMemory: 10.76GiB freeMemory: 10.61GiB
2024-03-25 00:36:15.562701: I tensorflow/core/common_runtime/gpu/gpu_device.cc:1484] Adding visible gpu devices: 0
2024-03-25 00:36:15.777571: I tensorflow/core/common_runtime/gpu/gpu_device.cc:965] Device interconnect StreamExecutor with strength 1 edge matrix:
2024-03-25 00:36:15.778099: I tensorflow/core/common_runtime/gpu/gpu_device.cc:971]      0 
2024-03-25 00:36:15.778512: I tensorflow/core/common_runtime/gpu/gpu_device.cc:984] 0:   N 
2024-03-25 00:36:15.779055: I tensorflow/core/common_runtime/gpu/gpu_device.cc:1097] Created TensorFlow device (/job:localhost/replica:0/task:0/device:GPU:0 with 10237 MB memory) -> physical GPU (device: 0, name: GeForce RTX 2080 Ti, pci bus id: 0000:02:00.0, compute capability: 7.5)
2024-03-25 00:51:25.223277: I tensorflow/core/common_runtime/gpu/gpu_device.cc:1484] Adding visible gpu devices: 0
2024-03-25 00:51:25.223559: I tensorflow/core/common_runtime/gpu/gpu_device.cc:965] Device interconnect StreamExecutor with strength 1 edge matrix:
2024-03-25 00:51:25.223796: I tensorflow/core/common_runtime/gpu/gpu_device.cc:971]      0 
2024-03-25 00:51:25.223992: I tensorflow/core/common_runtime/gpu/gpu_device.cc:984] 0:   N 
2024-03-25 00:51:25.224362: I tensorflow/core/common_runtime/gpu/gpu_device.cc:1097] Created TensorFlow device (/job:localhost/replica:0/task:0/device:GPU:0 with 10237 MB memory) -> physical GPU (device: 0, name: GeForce RTX 2080 Ti, pci bus id: 0000:02:00.0, compute capability: 7.5)
2024-03-25 01:06:35.006888: I tensorflow/core/common_runtime/gpu/gpu_device.cc:1484] Adding visible gpu devices: 0
2024-03-25 01:06:35.007280: I tensorflow/core/common_runtime/gpu/gpu_device.cc:965] Device interconnect StreamExecutor with strength 1 edge matrix:
2024-03-25 01:06:35.007557: I tensorflow/core/common_runtime/gpu/gpu_device.cc:971]      0 
2024-03-25 01:06:35.007800: I tensorflow/core/common_runtime/gpu/gpu_device.cc:984] 0:   N 
2024-03-25 01:06:35.008066: I tensorflow/core/common_runtime/gpu/gpu_device.cc:1097] Created TensorFlow device (/job:localhost/replica:0/task:0/device:GPU:0 with 10237 MB memory) -> physical GPU (device: 0, name: GeForce RTX 2080 Ti, pci bus id: 0000:02:00.0, compute capability: 7.5)
