2024-03-24 21:30:03.258342: I tensorflow/core/platform/cpu_feature_guard.cc:141] Your CPU supports instructions that this TensorFlow binary was not compiled to use: SSE4.1 SSE4.2 AVX AVX2 FMA
2024-03-24 21:30:03.409034: I tensorflow/core/common_runtime/gpu/gpu_device.cc:1405] Found device 0 with properties: 
name: GeForce RTX 2080 Ti major: 7 minor: 5 memoryClockRate(GHz): 1.545
pciBusID: 0000:02:00.0
totalMemory: 10.76GiB freeMemory: 10.61GiB
2024-03-24 21:30:03.410693: I tensorflow/core/common_runtime/gpu/gpu_device.cc:1484] Adding visible gpu devices: 0
2024-03-24 21:30:03.625530: I tensorflow/core/common_runtime/gpu/gpu_device.cc:965] Device interconnect StreamExecutor with strength 1 edge matrix:
2024-03-24 21:30:03.626359: I tensorflow/core/common_runtime/gpu/gpu_device.cc:971]      0 
2024-03-24 21:30:03.626618: I tensorflow/core/common_runtime/gpu/gpu_device.cc:984] 0:   N 
2024-03-24 21:30:03.626931: I tensorflow/core/common_runtime/gpu/gpu_device.cc:1097] Created TensorFlow device (/job:localhost/replica:0/task:0/device:GPU:0 with 10237 MB memory) -> physical GPU (device: 0, name: GeForce RTX 2080 Ti, pci bus id: 0000:02:00.0, compute capability: 7.5)
2024-03-24 21:45:03.269521: I tensorflow/core/common_runtime/gpu/gpu_device.cc:1484] Adding visible gpu devices: 0
2024-03-24 21:45:03.269861: I tensorflow/core/common_runtime/gpu/gpu_device.cc:965] Device interconnect StreamExecutor with strength 1 edge matrix:
2024-03-24 21:45:03.270144: I tensorflow/core/common_runtime/gpu/gpu_device.cc:971]      0 
2024-03-24 21:45:03.270371: I tensorflow/core/common_runtime/gpu/gpu_device.cc:984] 0:   N 
2024-03-24 21:45:03.270805: I tensorflow/core/common_runtime/gpu/gpu_device.cc:1097] Created TensorFlow device (/job:localhost/replica:0/task:0/device:GPU:0 with 10237 MB memory) -> physical GPU (device: 0, name: GeForce RTX 2080 Ti, pci bus id: 0000:02:00.0, compute capability: 7.5)
2024-03-24 22:00:03.107806: I tensorflow/core/common_runtime/gpu/gpu_device.cc:1484] Adding visible gpu devices: 0
2024-03-24 22:00:03.108064: I tensorflow/core/common_runtime/gpu/gpu_device.cc:965] Device interconnect StreamExecutor with strength 1 edge matrix:
2024-03-24 22:00:03.108975: I tensorflow/core/common_runtime/gpu/gpu_device.cc:971]      0 
2024-03-24 22:00:03.109172: I tensorflow/core/common_runtime/gpu/gpu_device.cc:984] 0:   N 
2024-03-24 22:00:03.109479: I tensorflow/core/common_runtime/gpu/gpu_device.cc:1097] Created TensorFlow device (/job:localhost/replica:0/task:0/device:GPU:0 with 10237 MB memory) -> physical GPU (device: 0, name: GeForce RTX 2080 Ti, pci bus id: 0000:02:00.0, compute capability: 7.5)
