2024-08-06 22:45:31.627416: I tensorflow/core/platform/cpu_feature_guard.cc:141] Your CPU supports instructions that this TensorFlow binary was not compiled to use: SSE4.1 SSE4.2 AVX AVX2 FMA
2024-08-06 22:45:31.814570: I tensorflow/core/common_runtime/gpu/gpu_device.cc:1405] Found device 0 with properties: 
name: GeForce RTX 2080 Ti major: 7 minor: 5 memoryClockRate(GHz): 1.545
pciBusID: 0000:02:00.0
totalMemory: 10.76GiB freeMemory: 10.61GiB
2024-08-06 22:45:31.815021: I tensorflow/core/common_runtime/gpu/gpu_device.cc:1484] Adding visible gpu devices: 0
2024-08-06 22:45:35.385134: I tensorflow/core/common_runtime/gpu/gpu_device.cc:965] Device interconnect StreamExecutor with strength 1 edge matrix:
2024-08-06 22:45:35.386965: I tensorflow/core/common_runtime/gpu/gpu_device.cc:971]      0 
2024-08-06 22:45:35.387296: I tensorflow/core/common_runtime/gpu/gpu_device.cc:984] 0:   N 
2024-08-06 22:45:35.387728: I tensorflow/core/common_runtime/gpu/gpu_device.cc:1097] Created TensorFlow device (/job:localhost/replica:0/task:0/device:GPU:0 with 10237 MB memory) -> physical GPU (device: 0, name: GeForce RTX 2080 Ti, pci bus id: 0000:02:00.0, compute capability: 7.5)
2024-08-06 23:07:12.488327: I tensorflow/core/common_runtime/gpu/gpu_device.cc:1484] Adding visible gpu devices: 0
2024-08-06 23:07:12.488749: I tensorflow/core/common_runtime/gpu/gpu_device.cc:965] Device interconnect StreamExecutor with strength 1 edge matrix:
2024-08-06 23:07:12.488954: I tensorflow/core/common_runtime/gpu/gpu_device.cc:971]      0 
2024-08-06 23:07:12.489131: I tensorflow/core/common_runtime/gpu/gpu_device.cc:984] 0:   N 
2024-08-06 23:07:12.489364: I tensorflow/core/common_runtime/gpu/gpu_device.cc:1097] Created TensorFlow device (/job:localhost/replica:0/task:0/device:GPU:0 with 10237 MB memory) -> physical GPU (device: 0, name: GeForce RTX 2080 Ti, pci bus id: 0000:02:00.0, compute capability: 7.5)
2024-08-06 23:28:51.852410: I tensorflow/core/common_runtime/gpu/gpu_device.cc:1484] Adding visible gpu devices: 0
2024-08-06 23:28:51.852719: I tensorflow/core/common_runtime/gpu/gpu_device.cc:965] Device interconnect StreamExecutor with strength 1 edge matrix:
2024-08-06 23:28:51.852945: I tensorflow/core/common_runtime/gpu/gpu_device.cc:971]      0 
2024-08-06 23:28:51.853152: I tensorflow/core/common_runtime/gpu/gpu_device.cc:984] 0:   N 
2024-08-06 23:28:51.853486: I tensorflow/core/common_runtime/gpu/gpu_device.cc:1097] Created TensorFlow device (/job:localhost/replica:0/task:0/device:GPU:0 with 10237 MB memory) -> physical GPU (device: 0, name: GeForce RTX 2080 Ti, pci bus id: 0000:02:00.0, compute capability: 7.5)
