2024-05-23 00:52:48.198547: I tensorflow/core/platform/cpu_feature_guard.cc:141] Your CPU supports instructions that this TensorFlow binary was not compiled to use: SSE4.1 SSE4.2 AVX AVX2 FMA
2024-05-23 00:52:48.357234: I tensorflow/core/common_runtime/gpu/gpu_device.cc:1405] Found device 0 with properties: 
name: GeForce RTX 2080 Ti major: 7 minor: 5 memoryClockRate(GHz): 1.545
pciBusID: 0000:03:00.0
totalMemory: 10.76GiB freeMemory: 10.61GiB
2024-05-23 00:52:48.357713: I tensorflow/core/common_runtime/gpu/gpu_device.cc:1484] Adding visible gpu devices: 0
2024-05-23 00:52:48.564461: I tensorflow/core/common_runtime/gpu/gpu_device.cc:965] Device interconnect StreamExecutor with strength 1 edge matrix:
2024-05-23 00:52:48.566410: I tensorflow/core/common_runtime/gpu/gpu_device.cc:971]      0 
2024-05-23 00:52:48.566689: I tensorflow/core/common_runtime/gpu/gpu_device.cc:984] 0:   N 
2024-05-23 00:52:48.567074: I tensorflow/core/common_runtime/gpu/gpu_device.cc:1097] Created TensorFlow device (/job:localhost/replica:0/task:0/device:GPU:0 with 10237 MB memory) -> physical GPU (device: 0, name: GeForce RTX 2080 Ti, pci bus id: 0000:03:00.0, compute capability: 7.5)
2024-05-23 01:13:42.057779: I tensorflow/core/common_runtime/gpu/gpu_device.cc:1484] Adding visible gpu devices: 0
2024-05-23 01:13:42.058126: I tensorflow/core/common_runtime/gpu/gpu_device.cc:965] Device interconnect StreamExecutor with strength 1 edge matrix:
2024-05-23 01:13:42.058357: I tensorflow/core/common_runtime/gpu/gpu_device.cc:971]      0 
2024-05-23 01:13:42.058524: I tensorflow/core/common_runtime/gpu/gpu_device.cc:984] 0:   N 
2024-05-23 01:13:42.058834: I tensorflow/core/common_runtime/gpu/gpu_device.cc:1097] Created TensorFlow device (/job:localhost/replica:0/task:0/device:GPU:0 with 10237 MB memory) -> physical GPU (device: 0, name: GeForce RTX 2080 Ti, pci bus id: 0000:03:00.0, compute capability: 7.5)
2024-05-23 01:34:19.022943: I tensorflow/core/common_runtime/gpu/gpu_device.cc:1484] Adding visible gpu devices: 0
2024-05-23 01:34:19.023235: I tensorflow/core/common_runtime/gpu/gpu_device.cc:965] Device interconnect StreamExecutor with strength 1 edge matrix:
2024-05-23 01:34:19.023455: I tensorflow/core/common_runtime/gpu/gpu_device.cc:971]      0 
2024-05-23 01:34:19.023657: I tensorflow/core/common_runtime/gpu/gpu_device.cc:984] 0:   N 
2024-05-23 01:34:19.023978: I tensorflow/core/common_runtime/gpu/gpu_device.cc:1097] Created TensorFlow device (/job:localhost/replica:0/task:0/device:GPU:0 with 10237 MB memory) -> physical GPU (device: 0, name: GeForce RTX 2080 Ti, pci bus id: 0000:03:00.0, compute capability: 7.5)
