2024-05-22 21:39:59.120845: I tensorflow/core/platform/cpu_feature_guard.cc:141] Your CPU supports instructions that this TensorFlow binary was not compiled to use: SSE4.1 SSE4.2 AVX AVX2 FMA
2024-05-22 21:39:59.299406: I tensorflow/core/common_runtime/gpu/gpu_device.cc:1405] Found device 0 with properties: 
name: GeForce RTX 2080 Ti major: 7 minor: 5 memoryClockRate(GHz): 1.545
pciBusID: 0000:02:00.0
totalMemory: 10.76GiB freeMemory: 10.61GiB
2024-05-22 21:39:59.299881: I tensorflow/core/common_runtime/gpu/gpu_device.cc:1484] Adding visible gpu devices: 0
2024-05-22 21:40:03.087942: I tensorflow/core/common_runtime/gpu/gpu_device.cc:965] Device interconnect StreamExecutor with strength 1 edge matrix:
2024-05-22 21:40:03.088450: I tensorflow/core/common_runtime/gpu/gpu_device.cc:971]      0 
2024-05-22 21:40:03.088677: I tensorflow/core/common_runtime/gpu/gpu_device.cc:984] 0:   N 
2024-05-22 21:40:03.088994: I tensorflow/core/common_runtime/gpu/gpu_device.cc:1097] Created TensorFlow device (/job:localhost/replica:0/task:0/device:GPU:0 with 10237 MB memory) -> physical GPU (device: 0, name: GeForce RTX 2080 Ti, pci bus id: 0000:02:00.0, compute capability: 7.5)
2024-05-22 21:51:10.491979: I tensorflow/core/common_runtime/gpu/gpu_device.cc:1484] Adding visible gpu devices: 0
2024-05-22 21:51:10.492325: I tensorflow/core/common_runtime/gpu/gpu_device.cc:965] Device interconnect StreamExecutor with strength 1 edge matrix:
2024-05-22 21:51:10.492551: I tensorflow/core/common_runtime/gpu/gpu_device.cc:971]      0 
2024-05-22 21:51:10.492792: I tensorflow/core/common_runtime/gpu/gpu_device.cc:984] 0:   N 
2024-05-22 21:51:10.493091: I tensorflow/core/common_runtime/gpu/gpu_device.cc:1097] Created TensorFlow device (/job:localhost/replica:0/task:0/device:GPU:0 with 10237 MB memory) -> physical GPU (device: 0, name: GeForce RTX 2080 Ti, pci bus id: 0000:02:00.0, compute capability: 7.5)
2024-05-22 22:02:18.374191: I tensorflow/core/common_runtime/gpu/gpu_device.cc:1484] Adding visible gpu devices: 0
2024-05-22 22:02:18.374728: I tensorflow/core/common_runtime/gpu/gpu_device.cc:965] Device interconnect StreamExecutor with strength 1 edge matrix:
2024-05-22 22:02:18.375094: I tensorflow/core/common_runtime/gpu/gpu_device.cc:971]      0 
2024-05-22 22:02:18.375402: I tensorflow/core/common_runtime/gpu/gpu_device.cc:984] 0:   N 
2024-05-22 22:02:18.375721: I tensorflow/core/common_runtime/gpu/gpu_device.cc:1097] Created TensorFlow device (/job:localhost/replica:0/task:0/device:GPU:0 with 10237 MB memory) -> physical GPU (device: 0, name: GeForce RTX 2080 Ti, pci bus id: 0000:02:00.0, compute capability: 7.5)
