2024-07-23 16:15:54.736648: I tensorflow/core/platform/cpu_feature_guard.cc:141] Your CPU supports instructions that this TensorFlow binary was not compiled to use: SSE4.1 SSE4.2 AVX AVX2 FMA
2024-07-23 16:15:54.930821: I tensorflow/core/common_runtime/gpu/gpu_device.cc:1405] Found device 0 with properties: 
name: GeForce RTX 2080 Ti major: 7 minor: 5 memoryClockRate(GHz): 1.545
pciBusID: 0000:02:00.0
totalMemory: 10.76GiB freeMemory: 10.61GiB
2024-07-23 16:15:54.931363: I tensorflow/core/common_runtime/gpu/gpu_device.cc:1484] Adding visible gpu devices: 0
2024-07-23 16:16:01.006778: I tensorflow/core/common_runtime/gpu/gpu_device.cc:965] Device interconnect StreamExecutor with strength 1 edge matrix:
2024-07-23 16:16:01.007229: I tensorflow/core/common_runtime/gpu/gpu_device.cc:971]      0 
2024-07-23 16:16:01.007522: I tensorflow/core/common_runtime/gpu/gpu_device.cc:984] 0:   N 
2024-07-23 16:16:01.011434: I tensorflow/core/common_runtime/gpu/gpu_device.cc:1097] Created TensorFlow device (/job:localhost/replica:0/task:0/device:GPU:0 with 10237 MB memory) -> physical GPU (device: 0, name: GeForce RTX 2080 Ti, pci bus id: 0000:02:00.0, compute capability: 7.5)
2024-07-23 16:29:09.943076: I tensorflow/core/common_runtime/gpu/gpu_device.cc:1484] Adding visible gpu devices: 0
2024-07-23 16:29:09.943331: I tensorflow/core/common_runtime/gpu/gpu_device.cc:965] Device interconnect StreamExecutor with strength 1 edge matrix:
2024-07-23 16:29:09.943584: I tensorflow/core/common_runtime/gpu/gpu_device.cc:971]      0 
2024-07-23 16:29:09.943784: I tensorflow/core/common_runtime/gpu/gpu_device.cc:984] 0:   N 
2024-07-23 16:29:09.944060: I tensorflow/core/common_runtime/gpu/gpu_device.cc:1097] Created TensorFlow device (/job:localhost/replica:0/task:0/device:GPU:0 with 10237 MB memory) -> physical GPU (device: 0, name: GeForce RTX 2080 Ti, pci bus id: 0000:02:00.0, compute capability: 7.5)
2024-07-23 16:42:13.555632: I tensorflow/core/common_runtime/gpu/gpu_device.cc:1484] Adding visible gpu devices: 0
2024-07-23 16:42:13.555981: I tensorflow/core/common_runtime/gpu/gpu_device.cc:965] Device interconnect StreamExecutor with strength 1 edge matrix:
2024-07-23 16:42:13.556213: I tensorflow/core/common_runtime/gpu/gpu_device.cc:971]      0 
2024-07-23 16:42:13.556363: I tensorflow/core/common_runtime/gpu/gpu_device.cc:984] 0:   N 
2024-07-23 16:42:13.556672: I tensorflow/core/common_runtime/gpu/gpu_device.cc:1097] Created TensorFlow device (/job:localhost/replica:0/task:0/device:GPU:0 with 10237 MB memory) -> physical GPU (device: 0, name: GeForce RTX 2080 Ti, pci bus id: 0000:02:00.0, compute capability: 7.5)
