2024-05-08 21:22:09.724250: I tensorflow/core/platform/cpu_feature_guard.cc:141] Your CPU supports instructions that this TensorFlow binary was not compiled to use: SSE4.1 SSE4.2 AVX AVX2 FMA
2024-05-08 21:22:09.843490: I tensorflow/core/common_runtime/gpu/gpu_device.cc:1405] Found device 0 with properties: 
name: GeForce RTX 2080 Ti major: 7 minor: 5 memoryClockRate(GHz): 1.545
pciBusID: 0000:03:00.0
totalMemory: 10.76GiB freeMemory: 10.61GiB
2024-05-08 21:22:09.844054: I tensorflow/core/common_runtime/gpu/gpu_device.cc:1484] Adding visible gpu devices: 0
2024-05-08 21:22:10.052771: I tensorflow/core/common_runtime/gpu/gpu_device.cc:965] Device interconnect StreamExecutor with strength 1 edge matrix:
2024-05-08 21:22:10.053265: I tensorflow/core/common_runtime/gpu/gpu_device.cc:971]      0 
2024-05-08 21:22:10.053530: I tensorflow/core/common_runtime/gpu/gpu_device.cc:984] 0:   N 
2024-05-08 21:22:10.053784: I tensorflow/core/common_runtime/gpu/gpu_device.cc:1097] Created TensorFlow device (/job:localhost/replica:0/task:0/device:GPU:0 with 10237 MB memory) -> physical GPU (device: 0, name: GeForce RTX 2080 Ti, pci bus id: 0000:03:00.0, compute capability: 7.5)
2024-05-08 21:41:46.779341: I tensorflow/core/common_runtime/gpu/gpu_device.cc:1484] Adding visible gpu devices: 0
2024-05-08 21:41:46.779935: I tensorflow/core/common_runtime/gpu/gpu_device.cc:965] Device interconnect StreamExecutor with strength 1 edge matrix:
2024-05-08 21:41:46.781836: I tensorflow/core/common_runtime/gpu/gpu_device.cc:971]      0 
2024-05-08 21:41:46.782230: I tensorflow/core/common_runtime/gpu/gpu_device.cc:984] 0:   N 
2024-05-08 21:41:46.788906: I tensorflow/core/common_runtime/gpu/gpu_device.cc:1097] Created TensorFlow device (/job:localhost/replica:0/task:0/device:GPU:0 with 10237 MB memory) -> physical GPU (device: 0, name: GeForce RTX 2080 Ti, pci bus id: 0000:03:00.0, compute capability: 7.5)
2024-05-08 22:00:58.475087: I tensorflow/core/common_runtime/gpu/gpu_device.cc:1484] Adding visible gpu devices: 0
2024-05-08 22:00:58.475571: I tensorflow/core/common_runtime/gpu/gpu_device.cc:965] Device interconnect StreamExecutor with strength 1 edge matrix:
2024-05-08 22:00:58.475938: I tensorflow/core/common_runtime/gpu/gpu_device.cc:971]      0 
2024-05-08 22:00:58.476179: I tensorflow/core/common_runtime/gpu/gpu_device.cc:984] 0:   N 
2024-05-08 22:00:58.476692: I tensorflow/core/common_runtime/gpu/gpu_device.cc:1097] Created TensorFlow device (/job:localhost/replica:0/task:0/device:GPU:0 with 10237 MB memory) -> physical GPU (device: 0, name: GeForce RTX 2080 Ti, pci bus id: 0000:03:00.0, compute capability: 7.5)
