2024-07-23 15:36:46.205112: I tensorflow/core/platform/cpu_feature_guard.cc:141] Your CPU supports instructions that this TensorFlow binary was not compiled to use: SSE4.1 SSE4.2 AVX AVX2 FMA
2024-07-23 15:36:46.375399: I tensorflow/core/common_runtime/gpu/gpu_device.cc:1405] Found device 0 with properties: 
name: GeForce RTX 2080 Ti major: 7 minor: 5 memoryClockRate(GHz): 1.545
pciBusID: 0000:02:00.0
totalMemory: 10.76GiB freeMemory: 10.61GiB
2024-07-23 15:36:46.375769: I tensorflow/core/common_runtime/gpu/gpu_device.cc:1484] Adding visible gpu devices: 0
2024-07-23 15:36:50.374171: I tensorflow/core/common_runtime/gpu/gpu_device.cc:965] Device interconnect StreamExecutor with strength 1 edge matrix:
2024-07-23 15:36:50.374702: I tensorflow/core/common_runtime/gpu/gpu_device.cc:971]      0 
2024-07-23 15:36:50.375009: I tensorflow/core/common_runtime/gpu/gpu_device.cc:984] 0:   N 
2024-07-23 15:36:50.376522: I tensorflow/core/common_runtime/gpu/gpu_device.cc:1097] Created TensorFlow device (/job:localhost/replica:0/task:0/device:GPU:0 with 10237 MB memory) -> physical GPU (device: 0, name: GeForce RTX 2080 Ti, pci bus id: 0000:02:00.0, compute capability: 7.5)
2024-07-23 15:49:24.973642: I tensorflow/core/common_runtime/gpu/gpu_device.cc:1484] Adding visible gpu devices: 0
2024-07-23 15:49:24.974052: I tensorflow/core/common_runtime/gpu/gpu_device.cc:965] Device interconnect StreamExecutor with strength 1 edge matrix:
2024-07-23 15:49:24.974340: I tensorflow/core/common_runtime/gpu/gpu_device.cc:971]      0 
2024-07-23 15:49:24.974581: I tensorflow/core/common_runtime/gpu/gpu_device.cc:984] 0:   N 
2024-07-23 15:49:24.975142: I tensorflow/core/common_runtime/gpu/gpu_device.cc:1097] Created TensorFlow device (/job:localhost/replica:0/task:0/device:GPU:0 with 10237 MB memory) -> physical GPU (device: 0, name: GeForce RTX 2080 Ti, pci bus id: 0000:02:00.0, compute capability: 7.5)
2024-07-23 16:01:57.744966: I tensorflow/core/common_runtime/gpu/gpu_device.cc:1484] Adding visible gpu devices: 0
2024-07-23 16:01:57.745381: I tensorflow/core/common_runtime/gpu/gpu_device.cc:965] Device interconnect StreamExecutor with strength 1 edge matrix:
2024-07-23 16:01:57.745664: I tensorflow/core/common_runtime/gpu/gpu_device.cc:971]      0 
2024-07-23 16:01:57.745854: I tensorflow/core/common_runtime/gpu/gpu_device.cc:984] 0:   N 
2024-07-23 16:01:57.746179: I tensorflow/core/common_runtime/gpu/gpu_device.cc:1097] Created TensorFlow device (/job:localhost/replica:0/task:0/device:GPU:0 with 10237 MB memory) -> physical GPU (device: 0, name: GeForce RTX 2080 Ti, pci bus id: 0000:02:00.0, compute capability: 7.5)
