2024-05-22 23:19:07.722844: I tensorflow/core/platform/cpu_feature_guard.cc:141] Your CPU supports instructions that this TensorFlow binary was not compiled to use: SSE4.1 SSE4.2 AVX AVX2 FMA
2024-05-22 23:19:07.924092: I tensorflow/core/common_runtime/gpu/gpu_device.cc:1405] Found device 0 with properties: 
name: GeForce RTX 2080 Ti major: 7 minor: 5 memoryClockRate(GHz): 1.545
pciBusID: 0000:02:00.0
totalMemory: 10.76GiB freeMemory: 10.61GiB
2024-05-22 23:19:07.924645: I tensorflow/core/common_runtime/gpu/gpu_device.cc:1484] Adding visible gpu devices: 0
2024-05-22 23:19:11.621479: I tensorflow/core/common_runtime/gpu/gpu_device.cc:965] Device interconnect StreamExecutor with strength 1 edge matrix:
2024-05-22 23:19:11.622090: I tensorflow/core/common_runtime/gpu/gpu_device.cc:971]      0 
2024-05-22 23:19:11.622426: I tensorflow/core/common_runtime/gpu/gpu_device.cc:984] 0:   N 
2024-05-22 23:19:11.622767: I tensorflow/core/common_runtime/gpu/gpu_device.cc:1097] Created TensorFlow device (/job:localhost/replica:0/task:0/device:GPU:0 with 10237 MB memory) -> physical GPU (device: 0, name: GeForce RTX 2080 Ti, pci bus id: 0000:02:00.0, compute capability: 7.5)
2024-05-22 23:29:57.816452: I tensorflow/core/common_runtime/gpu/gpu_device.cc:1484] Adding visible gpu devices: 0
2024-05-22 23:29:57.818419: I tensorflow/core/common_runtime/gpu/gpu_device.cc:965] Device interconnect StreamExecutor with strength 1 edge matrix:
2024-05-22 23:29:57.818737: I tensorflow/core/common_runtime/gpu/gpu_device.cc:971]      0 
2024-05-22 23:29:57.818988: I tensorflow/core/common_runtime/gpu/gpu_device.cc:984] 0:   N 
2024-05-22 23:29:57.819425: I tensorflow/core/common_runtime/gpu/gpu_device.cc:1097] Created TensorFlow device (/job:localhost/replica:0/task:0/device:GPU:0 with 10237 MB memory) -> physical GPU (device: 0, name: GeForce RTX 2080 Ti, pci bus id: 0000:02:00.0, compute capability: 7.5)
2024-05-22 23:40:44.639896: I tensorflow/core/common_runtime/gpu/gpu_device.cc:1484] Adding visible gpu devices: 0
2024-05-22 23:40:44.640382: I tensorflow/core/common_runtime/gpu/gpu_device.cc:965] Device interconnect StreamExecutor with strength 1 edge matrix:
2024-05-22 23:40:44.640645: I tensorflow/core/common_runtime/gpu/gpu_device.cc:971]      0 
2024-05-22 23:40:44.640869: I tensorflow/core/common_runtime/gpu/gpu_device.cc:984] 0:   N 
2024-05-22 23:40:44.641203: I tensorflow/core/common_runtime/gpu/gpu_device.cc:1097] Created TensorFlow device (/job:localhost/replica:0/task:0/device:GPU:0 with 10237 MB memory) -> physical GPU (device: 0, name: GeForce RTX 2080 Ti, pci bus id: 0000:02:00.0, compute capability: 7.5)
