2024-05-20 17:05:00.997025: I tensorflow/core/platform/cpu_feature_guard.cc:141] Your CPU supports instructions that this TensorFlow binary was not compiled to use: SSE4.1 SSE4.2 AVX AVX2 FMA
2024-05-20 17:05:01.133585: I tensorflow/core/common_runtime/gpu/gpu_device.cc:1405] Found device 0 with properties: 
name: GeForce RTX 2080 Ti major: 7 minor: 5 memoryClockRate(GHz): 1.545
pciBusID: 0000:03:00.0
totalMemory: 10.76GiB freeMemory: 10.61GiB
2024-05-20 17:05:01.134107: I tensorflow/core/common_runtime/gpu/gpu_device.cc:1484] Adding visible gpu devices: 0
2024-05-20 17:05:06.414938: I tensorflow/core/common_runtime/gpu/gpu_device.cc:965] Device interconnect StreamExecutor with strength 1 edge matrix:
2024-05-20 17:05:06.415483: I tensorflow/core/common_runtime/gpu/gpu_device.cc:971]      0 
2024-05-20 17:05:06.415912: I tensorflow/core/common_runtime/gpu/gpu_device.cc:984] 0:   N 
2024-05-20 17:05:06.416395: I tensorflow/core/common_runtime/gpu/gpu_device.cc:1097] Created TensorFlow device (/job:localhost/replica:0/task:0/device:GPU:0 with 10237 MB memory) -> physical GPU (device: 0, name: GeForce RTX 2080 Ti, pci bus id: 0000:03:00.0, compute capability: 7.5)
2024-05-20 17:16:18.135490: I tensorflow/core/common_runtime/gpu/gpu_device.cc:1484] Adding visible gpu devices: 0
2024-05-20 17:16:18.135991: I tensorflow/core/common_runtime/gpu/gpu_device.cc:965] Device interconnect StreamExecutor with strength 1 edge matrix:
2024-05-20 17:16:18.136307: I tensorflow/core/common_runtime/gpu/gpu_device.cc:971]      0 
2024-05-20 17:16:18.136539: I tensorflow/core/common_runtime/gpu/gpu_device.cc:984] 0:   N 
2024-05-20 17:16:18.136806: I tensorflow/core/common_runtime/gpu/gpu_device.cc:1097] Created TensorFlow device (/job:localhost/replica:0/task:0/device:GPU:0 with 10237 MB memory) -> physical GPU (device: 0, name: GeForce RTX 2080 Ti, pci bus id: 0000:03:00.0, compute capability: 7.5)
2024-05-20 17:27:24.602901: I tensorflow/core/common_runtime/gpu/gpu_device.cc:1484] Adding visible gpu devices: 0
2024-05-20 17:27:24.603304: I tensorflow/core/common_runtime/gpu/gpu_device.cc:965] Device interconnect StreamExecutor with strength 1 edge matrix:
2024-05-20 17:27:24.603648: I tensorflow/core/common_runtime/gpu/gpu_device.cc:971]      0 
2024-05-20 17:27:24.603953: I tensorflow/core/common_runtime/gpu/gpu_device.cc:984] 0:   N 
2024-05-20 17:27:24.604511: I tensorflow/core/common_runtime/gpu/gpu_device.cc:1097] Created TensorFlow device (/job:localhost/replica:0/task:0/device:GPU:0 with 10237 MB memory) -> physical GPU (device: 0, name: GeForce RTX 2080 Ti, pci bus id: 0000:03:00.0, compute capability: 7.5)
