2024-03-28 20:05:33.532177: I tensorflow/core/platform/cpu_feature_guard.cc:141] Your CPU supports instructions that this TensorFlow binary was not compiled to use: SSE4.1 SSE4.2 AVX AVX2 FMA
2024-03-28 20:05:33.700803: I tensorflow/core/common_runtime/gpu/gpu_device.cc:1405] Found device 0 with properties: 
name: GeForce RTX 2080 Ti major: 7 minor: 5 memoryClockRate(GHz): 1.545
pciBusID: 0000:02:00.0
totalMemory: 10.76GiB freeMemory: 10.61GiB
2024-03-28 20:05:33.701348: I tensorflow/core/common_runtime/gpu/gpu_device.cc:1484] Adding visible gpu devices: 0
2024-03-28 20:05:33.922836: I tensorflow/core/common_runtime/gpu/gpu_device.cc:965] Device interconnect StreamExecutor with strength 1 edge matrix:
2024-03-28 20:05:33.923406: I tensorflow/core/common_runtime/gpu/gpu_device.cc:971]      0 
2024-03-28 20:05:33.924933: I tensorflow/core/common_runtime/gpu/gpu_device.cc:984] 0:   N 
2024-03-28 20:05:33.925395: I tensorflow/core/common_runtime/gpu/gpu_device.cc:1097] Created TensorFlow device (/job:localhost/replica:0/task:0/device:GPU:0 with 10237 MB memory) -> physical GPU (device: 0, name: GeForce RTX 2080 Ti, pci bus id: 0000:02:00.0, compute capability: 7.5)
2024-03-28 20:11:32.150295: I tensorflow/core/common_runtime/gpu/gpu_device.cc:1484] Adding visible gpu devices: 0
2024-03-28 20:11:32.150698: I tensorflow/core/common_runtime/gpu/gpu_device.cc:965] Device interconnect StreamExecutor with strength 1 edge matrix:
2024-03-28 20:11:32.151022: I tensorflow/core/common_runtime/gpu/gpu_device.cc:971]      0 
2024-03-28 20:11:32.151279: I tensorflow/core/common_runtime/gpu/gpu_device.cc:984] 0:   N 
2024-03-28 20:11:32.151741: I tensorflow/core/common_runtime/gpu/gpu_device.cc:1097] Created TensorFlow device (/job:localhost/replica:0/task:0/device:GPU:0 with 10237 MB memory) -> physical GPU (device: 0, name: GeForce RTX 2080 Ti, pci bus id: 0000:02:00.0, compute capability: 7.5)
2024-03-28 20:17:29.707524: I tensorflow/core/common_runtime/gpu/gpu_device.cc:1484] Adding visible gpu devices: 0
2024-03-28 20:17:29.708069: I tensorflow/core/common_runtime/gpu/gpu_device.cc:965] Device interconnect StreamExecutor with strength 1 edge matrix:
2024-03-28 20:17:29.708302: I tensorflow/core/common_runtime/gpu/gpu_device.cc:971]      0 
2024-03-28 20:17:29.708600: I tensorflow/core/common_runtime/gpu/gpu_device.cc:984] 0:   N 
2024-03-28 20:17:29.709082: I tensorflow/core/common_runtime/gpu/gpu_device.cc:1097] Created TensorFlow device (/job:localhost/replica:0/task:0/device:GPU:0 with 10237 MB memory) -> physical GPU (device: 0, name: GeForce RTX 2080 Ti, pci bus id: 0000:02:00.0, compute capability: 7.5)
