2024-02-16 18:09:04.732954: I tensorflow/core/platform/cpu_feature_guard.cc:141] Your CPU supports instructions that this TensorFlow binary was not compiled to use: SSE4.1 SSE4.2 AVX AVX2 FMA
2024-02-16 18:09:04.854117: I tensorflow/core/common_runtime/gpu/gpu_device.cc:1405] Found device 0 with properties: 
name: GeForce RTX 2080 Ti major: 7 minor: 5 memoryClockRate(GHz): 1.545
pciBusID: 0000:03:00.0
totalMemory: 10.76GiB freeMemory: 10.61GiB
2024-02-16 18:09:04.854619: I tensorflow/core/common_runtime/gpu/gpu_device.cc:1484] Adding visible gpu devices: 0
2024-02-16 18:09:05.064341: I tensorflow/core/common_runtime/gpu/gpu_device.cc:965] Device interconnect StreamExecutor with strength 1 edge matrix:
2024-02-16 18:09:05.064889: I tensorflow/core/common_runtime/gpu/gpu_device.cc:971]      0 
2024-02-16 18:09:05.065321: I tensorflow/core/common_runtime/gpu/gpu_device.cc:984] 0:   N 
2024-02-16 18:09:05.065746: I tensorflow/core/common_runtime/gpu/gpu_device.cc:1097] Created TensorFlow device (/job:localhost/replica:0/task:0/device:GPU:0 with 10237 MB memory) -> physical GPU (device: 0, name: GeForce RTX 2080 Ti, pci bus id: 0000:03:00.0, compute capability: 7.5)
2024-02-16 18:14:46.099405: I tensorflow/core/common_runtime/gpu/gpu_device.cc:1484] Adding visible gpu devices: 0
2024-02-16 18:14:46.099994: I tensorflow/core/common_runtime/gpu/gpu_device.cc:965] Device interconnect StreamExecutor with strength 1 edge matrix:
2024-02-16 18:14:46.100396: I tensorflow/core/common_runtime/gpu/gpu_device.cc:971]      0 
2024-02-16 18:14:46.100817: I tensorflow/core/common_runtime/gpu/gpu_device.cc:984] 0:   N 
2024-02-16 18:14:46.101593: I tensorflow/core/common_runtime/gpu/gpu_device.cc:1097] Created TensorFlow device (/job:localhost/replica:0/task:0/device:GPU:0 with 10237 MB memory) -> physical GPU (device: 0, name: GeForce RTX 2080 Ti, pci bus id: 0000:03:00.0, compute capability: 7.5)
2024-02-16 18:20:28.273458: I tensorflow/core/common_runtime/gpu/gpu_device.cc:1484] Adding visible gpu devices: 0
2024-02-16 18:20:28.273818: I tensorflow/core/common_runtime/gpu/gpu_device.cc:965] Device interconnect StreamExecutor with strength 1 edge matrix:
2024-02-16 18:20:28.274094: I tensorflow/core/common_runtime/gpu/gpu_device.cc:971]      0 
2024-02-16 18:20:28.274332: I tensorflow/core/common_runtime/gpu/gpu_device.cc:984] 0:   N 
2024-02-16 18:20:28.274664: I tensorflow/core/common_runtime/gpu/gpu_device.cc:1097] Created TensorFlow device (/job:localhost/replica:0/task:0/device:GPU:0 with 10237 MB memory) -> physical GPU (device: 0, name: GeForce RTX 2080 Ti, pci bus id: 0000:03:00.0, compute capability: 7.5)
