2024-04-10 16:17:52.258171: I tensorflow/core/platform/cpu_feature_guard.cc:141] Your CPU supports instructions that this TensorFlow binary was not compiled to use: SSE4.1 SSE4.2 AVX AVX2 FMA
2024-04-10 16:17:52.469326: I tensorflow/core/common_runtime/gpu/gpu_device.cc:1405] Found device 0 with properties: 
name: GeForce RTX 2080 Ti major: 7 minor: 5 memoryClockRate(GHz): 1.545
pciBusID: 0000:03:00.0
totalMemory: 10.76GiB freeMemory: 10.61GiB
2024-04-10 16:17:52.469776: I tensorflow/core/common_runtime/gpu/gpu_device.cc:1484] Adding visible gpu devices: 0
2024-04-10 16:17:58.177200: I tensorflow/core/common_runtime/gpu/gpu_device.cc:965] Device interconnect StreamExecutor with strength 1 edge matrix:
2024-04-10 16:17:58.177734: I tensorflow/core/common_runtime/gpu/gpu_device.cc:971]      0 
2024-04-10 16:17:58.178059: I tensorflow/core/common_runtime/gpu/gpu_device.cc:984] 0:   N 
2024-04-10 16:17:58.180131: I tensorflow/core/common_runtime/gpu/gpu_device.cc:1097] Created TensorFlow device (/job:localhost/replica:0/task:0/device:GPU:0 with 10237 MB memory) -> physical GPU (device: 0, name: GeForce RTX 2080 Ti, pci bus id: 0000:03:00.0, compute capability: 7.5)
2024-04-10 16:23:53.664603: I tensorflow/core/common_runtime/gpu/gpu_device.cc:1484] Adding visible gpu devices: 0
2024-04-10 16:23:53.665024: I tensorflow/core/common_runtime/gpu/gpu_device.cc:965] Device interconnect StreamExecutor with strength 1 edge matrix:
2024-04-10 16:23:53.665264: I tensorflow/core/common_runtime/gpu/gpu_device.cc:971]      0 
2024-04-10 16:23:53.665453: I tensorflow/core/common_runtime/gpu/gpu_device.cc:984] 0:   N 
2024-04-10 16:23:53.665850: I tensorflow/core/common_runtime/gpu/gpu_device.cc:1097] Created TensorFlow device (/job:localhost/replica:0/task:0/device:GPU:0 with 10237 MB memory) -> physical GPU (device: 0, name: GeForce RTX 2080 Ti, pci bus id: 0000:03:00.0, compute capability: 7.5)
2024-04-10 16:29:47.705953: I tensorflow/core/common_runtime/gpu/gpu_device.cc:1484] Adding visible gpu devices: 0
2024-04-10 16:29:47.706224: I tensorflow/core/common_runtime/gpu/gpu_device.cc:965] Device interconnect StreamExecutor with strength 1 edge matrix:
2024-04-10 16:29:47.706531: I tensorflow/core/common_runtime/gpu/gpu_device.cc:971]      0 
2024-04-10 16:29:47.706776: I tensorflow/core/common_runtime/gpu/gpu_device.cc:984] 0:   N 
2024-04-10 16:29:47.707133: I tensorflow/core/common_runtime/gpu/gpu_device.cc:1097] Created TensorFlow device (/job:localhost/replica:0/task:0/device:GPU:0 with 10237 MB memory) -> physical GPU (device: 0, name: GeForce RTX 2080 Ti, pci bus id: 0000:03:00.0, compute capability: 7.5)
