2024-03-28 20:23:28.025489: I tensorflow/core/platform/cpu_feature_guard.cc:141] Your CPU supports instructions that this TensorFlow binary was not compiled to use: SSE4.1 SSE4.2 AVX AVX2 FMA
2024-03-28 20:23:28.176391: I tensorflow/core/common_runtime/gpu/gpu_device.cc:1405] Found device 0 with properties: 
name: GeForce RTX 2080 Ti major: 7 minor: 5 memoryClockRate(GHz): 1.545
pciBusID: 0000:03:00.0
totalMemory: 10.76GiB freeMemory: 10.61GiB
2024-03-28 20:23:28.176891: I tensorflow/core/common_runtime/gpu/gpu_device.cc:1484] Adding visible gpu devices: 0
2024-03-28 20:23:32.157901: I tensorflow/core/common_runtime/gpu/gpu_device.cc:965] Device interconnect StreamExecutor with strength 1 edge matrix:
2024-03-28 20:23:32.159353: I tensorflow/core/common_runtime/gpu/gpu_device.cc:971]      0 
2024-03-28 20:23:32.159742: I tensorflow/core/common_runtime/gpu/gpu_device.cc:984] 0:   N 
2024-03-28 20:23:32.165005: I tensorflow/core/common_runtime/gpu/gpu_device.cc:1097] Created TensorFlow device (/job:localhost/replica:0/task:0/device:GPU:0 with 10237 MB memory) -> physical GPU (device: 0, name: GeForce RTX 2080 Ti, pci bus id: 0000:03:00.0, compute capability: 7.5)
2024-03-28 20:29:45.487853: I tensorflow/core/common_runtime/gpu/gpu_device.cc:1484] Adding visible gpu devices: 0
2024-03-28 20:29:45.488232: I tensorflow/core/common_runtime/gpu/gpu_device.cc:965] Device interconnect StreamExecutor with strength 1 edge matrix:
2024-03-28 20:29:45.488476: I tensorflow/core/common_runtime/gpu/gpu_device.cc:971]      0 
2024-03-28 20:29:45.488686: I tensorflow/core/common_runtime/gpu/gpu_device.cc:984] 0:   N 
2024-03-28 20:29:45.489050: I tensorflow/core/common_runtime/gpu/gpu_device.cc:1097] Created TensorFlow device (/job:localhost/replica:0/task:0/device:GPU:0 with 10237 MB memory) -> physical GPU (device: 0, name: GeForce RTX 2080 Ti, pci bus id: 0000:03:00.0, compute capability: 7.5)
2024-03-28 20:35:54.614350: I tensorflow/core/common_runtime/gpu/gpu_device.cc:1484] Adding visible gpu devices: 0
2024-03-28 20:35:54.614663: I tensorflow/core/common_runtime/gpu/gpu_device.cc:965] Device interconnect StreamExecutor with strength 1 edge matrix:
2024-03-28 20:35:54.614872: I tensorflow/core/common_runtime/gpu/gpu_device.cc:971]      0 
2024-03-28 20:35:54.615103: I tensorflow/core/common_runtime/gpu/gpu_device.cc:984] 0:   N 
2024-03-28 20:35:54.615427: I tensorflow/core/common_runtime/gpu/gpu_device.cc:1097] Created TensorFlow device (/job:localhost/replica:0/task:0/device:GPU:0 with 10237 MB memory) -> physical GPU (device: 0, name: GeForce RTX 2080 Ti, pci bus id: 0000:03:00.0, compute capability: 7.5)
