2024-08-07 14:39:04.255447: I tensorflow/core/platform/cpu_feature_guard.cc:141] Your CPU supports instructions that this TensorFlow binary was not compiled to use: SSE4.1 SSE4.2 AVX AVX2 FMA
2024-08-07 14:39:04.408605: I tensorflow/core/common_runtime/gpu/gpu_device.cc:1405] Found device 0 with properties: 
name: GeForce RTX 2080 Ti major: 7 minor: 5 memoryClockRate(GHz): 1.545
pciBusID: 0000:02:00.0
totalMemory: 10.76GiB freeMemory: 10.61GiB
2024-08-07 14:39:04.409141: I tensorflow/core/common_runtime/gpu/gpu_device.cc:1484] Adding visible gpu devices: 0
2024-08-07 14:39:23.657104: I tensorflow/core/common_runtime/gpu/gpu_device.cc:965] Device interconnect StreamExecutor with strength 1 edge matrix:
2024-08-07 14:39:23.657552: I tensorflow/core/common_runtime/gpu/gpu_device.cc:971]      0 
2024-08-07 14:39:23.657871: I tensorflow/core/common_runtime/gpu/gpu_device.cc:984] 0:   N 
2024-08-07 14:39:23.658325: I tensorflow/core/common_runtime/gpu/gpu_device.cc:1097] Created TensorFlow device (/job:localhost/replica:0/task:0/device:GPU:0 with 10237 MB memory) -> physical GPU (device: 0, name: GeForce RTX 2080 Ti, pci bus id: 0000:02:00.0, compute capability: 7.5)
2024-08-07 14:50:34.886153: I tensorflow/core/common_runtime/gpu/gpu_device.cc:1484] Adding visible gpu devices: 0
2024-08-07 14:50:34.886574: I tensorflow/core/common_runtime/gpu/gpu_device.cc:965] Device interconnect StreamExecutor with strength 1 edge matrix:
2024-08-07 14:50:34.886778: I tensorflow/core/common_runtime/gpu/gpu_device.cc:971]      0 
2024-08-07 14:50:34.887135: I tensorflow/core/common_runtime/gpu/gpu_device.cc:984] 0:   N 
2024-08-07 14:50:34.887643: I tensorflow/core/common_runtime/gpu/gpu_device.cc:1097] Created TensorFlow device (/job:localhost/replica:0/task:0/device:GPU:0 with 10237 MB memory) -> physical GPU (device: 0, name: GeForce RTX 2080 Ti, pci bus id: 0000:02:00.0, compute capability: 7.5)
2024-08-07 15:01:40.727686: I tensorflow/core/common_runtime/gpu/gpu_device.cc:1484] Adding visible gpu devices: 0
2024-08-07 15:01:40.727958: I tensorflow/core/common_runtime/gpu/gpu_device.cc:965] Device interconnect StreamExecutor with strength 1 edge matrix:
2024-08-07 15:01:40.728207: I tensorflow/core/common_runtime/gpu/gpu_device.cc:971]      0 
2024-08-07 15:01:40.728390: I tensorflow/core/common_runtime/gpu/gpu_device.cc:984] 0:   N 
2024-08-07 15:01:40.728730: I tensorflow/core/common_runtime/gpu/gpu_device.cc:1097] Created TensorFlow device (/job:localhost/replica:0/task:0/device:GPU:0 with 10237 MB memory) -> physical GPU (device: 0, name: GeForce RTX 2080 Ti, pci bus id: 0000:02:00.0, compute capability: 7.5)
