te
(1450, 4, 45)
tr
(8080, 4, 45)
va
(1730, 4, 45)

=============================
CONFIG FILE
====================================
Training configuration

Learning rate: 0.2, 	Learning rate anneal: inf, 	Tau:  0.5
Algorithm: reparametrization, 	STE: gumbel, 	n forward passes: 1
Var reg: 0.0, 	Dir reg: 0.0, 	Ent reg: 0.0
Data multiplier: None
Gradient clipping: False, 	Gradient clip value: 1.0

Layer #0
ff_3
Layer norm: False, 	LR Adapt: 
Dropout: False, 	p_dropout: 0.95

Layer #1
lstm_2
Layer norm: False, 	LR Adapt: 
Dropout: False, 	p_dropout: 0.95

Layer #2
lstm_1
Layer norm: False, 	LR Adapt: 
Dropout: False, 	p_dropout: 0.95
====================================
RNN configuration

Layer #0, 	Type: input_layer, 	Scope: 
Units: 4, 	N activation bins: None

Layer #1, 	Type: lstm layer, 	Scope: lstm_1
Units: 3, 	N activation bins: None
Bias: True, 	N activation bins: 2, 	Discrete activation: False
Type: binary, 	Parametetrization: sigmoid, 	Priors: [0.5, 0.5]
p_init_min: 0.05, 	p_init_max: 0.95
SB init: xavier, 	SA init: xavier
Type: gaussian, 	M init: -1.5, 	Log V init: xavier
M prior: 0.0, 	 Log V prior: 0.0
None
Bias: True, 	N activation bins: 2, 	Discrete activation: False
Type: binary, 	Parametetrization: sigmoid, 	Priors: [0.5, 0.5]
p_init_min: 0.05, 	p_init_max: 0.95
SB init: xavier, 	SA init: xavier
Type: gaussian, 	M init: xavier, 	Log V init: xavier
M prior: 0.0, 	 Log V prior: 0.0
None
Bias: True, 	N activation bins: 2, 	Discrete activation: False
Type: binary, 	Parametetrization: sigmoid, 	Priors: [0.5, 0.5]
p_init_min: 0.05, 	p_init_max: 0.95
SB init: xavier, 	SA init: xavier
Type: gaussian, 	M init: xavier, 	Log V init: xavier
M prior: 0.0, 	 Log V prior: 0.0
None

Layer #2, 	Type: ff layer, 	Scope: ff_3
Units: 10, 	N activation bins: None
====================================
Dataset configuration

Filename: /clusterFS/home/student/kopp13/datasets/mnist_pen_strokes/mps_all_te.mat
Key: te, 	In seq len: 45
Minibatch:  True, 	Size: 1024
Target bias removed: True, 	Shuffle: False

Filename: /clusterFS/home/student/kopp13/datasets/mnist_pen_strokes/mps_all_tr.mat
Key: tr, 	In seq len: 45
Minibatch:  True, 	Size: 1024
Target bias removed: True, 	Shuffle: True

Filename: /clusterFS/home/student/kopp13/datasets/mnist_pen_strokes/mps_all_va.mat
Key: va, 	In seq len: 45
Minibatch:  True, 	Size: 1024
Target bias removed: True, 	Shuffle: False
====================================
Info configuration

Filename:  test
Timer: False, 	Profiling: False, 	Profiling path: None
Save training metrics: False, 	Path: 
Save weights: False, 	Every: 1, 	Save best weights: False
Compute T Metrics every: 1

Load model from toy_3, 	 Force it: True
No model saving

loaded
Processed: 0
Processed: 500
Processed: 1000
Processed: 1500
Processed: 2000
Processed: 2500
Processed: 3000
Processed: 3500
Processed: 4000
Processed: 4500
Processed: 5000
Processed: 5500
Processed: 6000
Processed: 6500
Processed: 7000
Processed: 7500
Processed: 8000
Processed: 8500
Processed: 9000
Processed: 9500
Processed: 10000
Processed: 10500
Processed: 11000
Processed: 11500
Processed: 12000
Processed: 12500
Processed: 13000
Processed: 13500
Processed: 14000
Processed: 14500
Processed: 15000
Processed: 15500
Processed: 16000
Processed: 16500
Processed: 17000
Processed: 17500
Processed: 18000
Processed: 18500
Processed: 19000
Processed: 19500
Processed: 20000
Processed: 20500
Processed: 21000
Processed: 21500
Processed: 22000
Processed: 22500
Processed: 23000
Processed: 23500
Processed: 24000
Processed: 24500
Processed: 25000
Processed: 25500
Processed: 26000
Processed: 26500
Processed: 27000
Processed: 27500
Processed: 28000
Processed: 28500
Processed: 29000
Processed: 29500
Processed: 30000
Processed: 30500
Processed: 31000
Processed: 31500
Processed: 32000
Processed: 32500
Processed: 33000
Processed: 33500
Processed: 34000
Processed: 34500
Processed: 35000
Processed: 35500
Processed: 36000
Processed: 36500
Processed: 37000
Processed: 37500
Processed: 38000
Processed: 38500
Processed: 39000
Processed: 39500
Processed: 40000
Processed: 40500
Processed: 41000
Processed: 41500
Processed: 42000
Processed: 42500
Processed: 43000
Processed: 43500
Processed: 44000
Processed: 44500
Processed: 45000
Processed: 45500
Processed: 46000
Processed: 46500
Processed: 47000
Processed: 47500
Processed: 48000
Processed: 48500
Processed: 49000
Processed: 49500
Processed: 50000
Processed: 50500
Processed: 51000
Processed: 51500
Processed: 52000
Processed: 52500
Processed: 53000
Processed: 53500
Processed: 54000
Processed: 54500
Processed: 55000
Processed: 55500
Processed: 56000
Processed: 56500
Processed: 57000
Processed: 57500
Processed: 58000
Processed: 58500
Processed: 59000
Processed: 59500
Processed: 60000
Processed: 60500
Processed: 61000
Processed: 61500
Processed: 62000
Processed: 62500
Processed: 63000
Processed: 63500
Processed: 64000
Processed: 64500
Processed: 65000
Processed: 65500
Processed: 66000
Processed: 66500
Processed: 67000
Processed: 67500
Processed: 68000
Processed: 68500
Processed: 69000
Processed: 69500
Processed: 70000
Processed: 70500
Processed: 71000
Processed: 71500
Processed: 72000
Processed: 72500
Processed: 73000
Processed: 73500
Processed: 74000
Processed: 74500
Processed: 75000
Processed: 75500
Processed: 76000
Processed: 76500
Processed: 77000
Processed: 77500
Processed: 78000
Processed: 78500
Processed: 79000
Processed: 79500
Processed: 80000
Processed: 80500
Processed: 81000
Processed: 81500
Processed: 82000
Processed: 82500
Processed: 83000
Processed: 83500
Processed: 84000
Processed: 84500
Processed: 85000
Processed: 85500
Processed: 86000
Processed: 86500
Processed: 87000
Processed: 87500
Processed: 88000
Processed: 88500
Processed: 89000
Processed: 89500
Processed: 90000
Processed: 90500
Processed: 91000
Processed: 91500
Processed: 92000
Processed: 92500
Processed: 93000
Processed: 93500
Processed: 94000
Processed: 94500
Processed: 95000
Processed: 95500
Processed: 96000
Processed: 96500
Processed: 97000
Processed: 97500
Processed: 98000
Processed: 98500
Processed: 99000
Processed: 99500
Processed: 100000
Processed: 100500
Processed: 101000
Processed: 101500
Processed: 102000
Processed: 102500
Processed: 103000
Processed: 103500
Processed: 104000
Processed: 104500
Processed: 105000
Processed: 105500
Processed: 106000
Processed: 106500
Processed: 107000
Processed: 107500
Processed: 108000
Processed: 108500
Processed: 109000
Processed: 109500
Processed: 110000
Processed: 110500
Processed: 111000
Processed: 111500
Processed: 112000
Processed: 112500
Processed: 113000
Processed: 113500
Processed: 114000
Processed: 114500
Processed: 115000
Processed: 115500
Processed: 116000
Processed: 116500
Processed: 117000
Processed: 117500
Processed: 118000
Processed: 118500
Processed: 119000
Processed: 119500
Processed: 120000
Processed: 120500
Processed: 121000
Processed: 121500
Processed: 122000
Processed: 122500
Processed: 123000
Processed: 123500
Processed: 124000
Processed: 124500
Processed: 125000
Processed: 125500
Processed: 126000
Processed: 126500
Processed: 127000
Processed: 127500
Processed: 128000
Processed: 128500
Processed: 129000
Processed: 129500
Processed: 130000
Processed: 130500
Processed: 131000
Processed: 131500
Processed: 132000
Processed: 132500
Processed: 133000
Processed: 133500
Processed: 134000
Processed: 134500
Processed: 135000
Processed: 135500
Processed: 136000
Processed: 136500
Processed: 137000
Processed: 137500
Processed: 138000
Processed: 138500
Processed: 139000
Processed: 139500
Processed: 140000
Processed: 140500
Processed: 141000
Processed: 141500
Processed: 142000
Processed: 142500
Processed: 143000
Processed: 143500
Processed: 144000
Processed: 144500
Processed: 145000
Processed: 145500
Processed: 146000
Processed: 146500
Processed: 147000
Processed: 147500
Processed: 148000
Processed: 148500
Processed: 149000
Processed: 149500
Processed: 150000
Processed: 150500
Processed: 151000
Processed: 151500
Processed: 152000
Processed: 152500
Processed: 153000
Processed: 153500
Processed: 154000
Processed: 154500
Processed: 155000
Processed: 155500
Processed: 156000
Processed: 156500
Processed: 157000
Processed: 157500
Processed: 158000
Processed: 158500
Processed: 159000
Processed: 159500
Processed: 160000
Processed: 160500
Processed: 161000
Processed: 161500
Processed: 162000
Processed: 162500
Processed: 163000
Processed: 163500
Processed: 164000
Processed: 164500
Processed: 165000
Processed: 165500
Processed: 166000
Processed: 166500
Processed: 167000
Processed: 167500
Processed: 168000
Processed: 168500
Processed: 169000
Processed: 169500
Processed: 170000
Processed: 170500
Processed: 171000
Processed: 171500
Processed: 172000
Processed: 172500
Processed: 173000
Processed: 173500
Processed: 174000
Processed: 174500
Processed: 175000
Processed: 175500
Processed: 176000
Processed: 176500
Processed: 177000
Processed: 177500
Processed: 178000
Processed: 178500
Processed: 179000
Processed: 179500
Processed: 180000
Processed: 180500
Processed: 181000
Processed: 181500
Processed: 182000
Processed: 182500
Processed: 183000
Processed: 183500
Processed: 184000
Processed: 184500
Processed: 185000
Processed: 185500
Processed: 186000
Processed: 186500
Processed: 187000
Processed: 187500
Processed: 188000
Processed: 188500
Processed: 189000
Processed: 189500
Processed: 190000
Processed: 190500
Processed: 191000
Processed: 191500
Processed: 192000
Processed: 192500
Processed: 193000
Processed: 193500
Processed: 194000
Processed: 194500
Processed: 195000
Processed: 195500
Processed: 196000
Processed: 196500
Processed: 197000
Processed: 197500
Processed: 198000
Processed: 198500
Processed: 199000
Processed: 199500
Processed: 200000
Processed: 200500
Processed: 201000
Processed: 201500
Processed: 202000
Processed: 202500
Processed: 203000
Processed: 203500
Processed: 204000
Processed: 204500
Processed: 205000
Processed: 205500
Processed: 206000
Processed: 206500
Processed: 207000
Processed: 207500
Processed: 208000
Processed: 208500
Processed: 209000
Processed: 209500
Processed: 210000
Processed: 210500
Processed: 211000
Processed: 211500
Processed: 212000
Processed: 212500
Processed: 213000
Processed: 213500
Processed: 214000
Processed: 214500
Processed: 215000
Processed: 215500
Processed: 216000
Processed: 216500
Processed: 217000
Processed: 217500
Processed: 218000
Processed: 218500
Processed: 219000
Processed: 219500
Processed: 220000
Processed: 220500
Processed: 221000
Processed: 221500
Processed: 222000
Processed: 222500
Processed: 223000
Processed: 223500
Processed: 224000
Processed: 224500
Processed: 225000
Processed: 225500
Processed: 226000
Processed: 226500
Processed: 227000
Processed: 227500
Processed: 228000
Processed: 228500
Processed: 229000
Processed: 229500
Processed: 230000
Processed: 230500
Processed: 231000
Processed: 231500
Processed: 232000
Processed: 232500
Processed: 233000
Processed: 233500
Processed: 234000
Processed: 234500
Processed: 235000
Processed: 235500
Processed: 236000
Processed: 236500
Processed: 237000
Processed: 237500
Processed: 238000
Processed: 238500
Processed: 239000
Processed: 239500
Processed: 240000
Processed: 240500
Processed: 241000
Processed: 241500
Processed: 242000
Processed: 242500
Processed: 243000
Processed: 243500
Processed: 244000
Processed: 244500
Processed: 245000
Processed: 245500
Processed: 246000
Processed: 246500
Processed: 247000
Processed: 247500
Processed: 248000
Processed: 248500
Processed: 249000
Processed: 249500
Processed: 250000
Processed: 250500
Processed: 251000
Processed: 251500
Processed: 252000
Processed: 252500
Processed: 253000
Processed: 253500
Processed: 254000
Processed: 254500
Processed: 255000
Processed: 255500
Processed: 256000
Processed: 256500
Processed: 257000
Processed: 257500
Processed: 258000
Processed: 258500
Processed: 259000
Processed: 259500
Processed: 260000
Processed: 260500
Processed: 261000
Processed: 261500
Processed: 262000
Processed: 262500
Processed: 263000
Processed: 263500
Processed: 264000
Processed: 264500
Processed: 265000
Processed: 265500
Processed: 266000
Processed: 266500
Processed: 267000
Processed: 267500
Processed: 268000
Processed: 268500
Processed: 269000
Processed: 269500
Processed: 270000
Processed: 270500
Processed: 271000
Processed: 271500
Processed: 272000
Processed: 272500
Processed: 273000
Processed: 273500
Processed: 274000
Processed: 274500
Processed: 275000
Processed: 275500
Processed: 276000
Processed: 276500
Processed: 277000
Processed: 277500
Processed: 278000
Processed: 278500
Processed: 279000
Processed: 279500
Processed: 280000
Processed: 280500
Processed: 281000
Processed: 281500
Processed: 282000
Processed: 282500
Processed: 283000
Processed: 283500
Processed: 284000
Processed: 284500
Processed: 285000
Processed: 285500
Processed: 286000
Processed: 286500
Processed: 287000
Processed: 287500
Processed: 288000
Processed: 288500
Processed: 289000
Processed: 289500
Processed: 290000
Processed: 290500
Processed: 291000
Processed: 291500
Processed: 292000
Processed: 292500
Processed: 293000
Processed: 293500
Processed: 294000
Processed: 294500
Processed: 295000
Processed: 295500
Processed: 296000
Processed: 296500
Processed: 297000
Processed: 297500
Processed: 298000
Processed: 298500
Processed: 299000
Processed: 299500
Processed: 300000
Processed: 300500
Processed: 301000
Processed: 301500
Processed: 302000
Processed: 302500
Processed: 303000
Processed: 303500
Processed: 304000
Processed: 304500
Processed: 305000
Processed: 305500
Processed: 306000
Processed: 306500
Processed: 307000
Processed: 307500
Processed: 308000
Processed: 308500
Processed: 309000
Processed: 309500
Processed: 310000
Processed: 310500
Processed: 311000
Processed: 311500
Processed: 312000
Processed: 312500
Processed: 313000
Processed: 313500
Processed: 314000
Processed: 314500
Processed: 315000
Processed: 315500
Processed: 316000
Processed: 316500
Processed: 317000
Processed: 317500
Processed: 318000
Processed: 318500
Processed: 319000
Processed: 319500
Processed: 320000
Processed: 320500
Processed: 321000
Processed: 321500
Processed: 322000
Processed: 322500
Processed: 323000
Processed: 323500
Processed: 324000
Processed: 324500
Processed: 325000
Processed: 325500
Processed: 326000
Processed: 326500
Processed: 327000
Processed: 327500
Processed: 328000
Processed: 328500
Processed: 329000
Processed: 329500
Processed: 330000
Processed: 330500
Processed: 331000
Processed: 331500
Processed: 332000
Processed: 332500
Processed: 333000
Processed: 333500
Processed: 334000
Processed: 334500
Processed: 335000
Processed: 335500
Processed: 336000
Processed: 336500
Processed: 337000
Processed: 337500
Processed: 338000
Processed: 338500
Processed: 339000
Processed: 339500
Processed: 340000
Processed: 340500
Processed: 341000
Processed: 341500
Processed: 342000
Processed: 342500
Processed: 343000
Processed: 343500
Processed: 344000
Processed: 344500
Processed: 345000
Processed: 345500
Processed: 346000
Processed: 346500
Processed: 347000
Processed: 347500
Processed: 348000
Processed: 348500
Processed: 349000
Processed: 349500
Processed: 350000
Processed: 350500
Processed: 351000
Processed: 351500
Processed: 352000
Processed: 352500
Processed: 353000
Processed: 353500
Processed: 354000
Processed: 354500
Processed: 355000
Processed: 355500
Processed: 356000
Processed: 356500
Processed: 357000
Processed: 357500
Processed: 358000
Processed: 358500
Processed: 359000
Processed: 359500
Processed: 360000
Processed: 360500
Processed: 361000
Processed: 361500
Processed: 362000
Processed: 362500
Processed: 363000
Processed: 363500
Processed: 364000
Processed: 364500
Processed: 365000
Processed: 365500
Processed: 366000
Processed: 366500
Processed: 367000
Processed: 367500
Processed: 368000
Processed: 368500
Processed: 369000
Processed: 369500
Processed: 370000
Processed: 370500
Processed: 371000
Processed: 371500
Processed: 372000
Processed: 372500
Processed: 373000
Processed: 373500
Processed: 374000
Processed: 374500
Processed: 375000
Processed: 375500
Processed: 376000
Processed: 376500
Processed: 377000
Processed: 377500
Processed: 378000
Processed: 378500
Processed: 379000
Processed: 379500
Processed: 380000
Processed: 380500
Processed: 381000
Processed: 381500
Processed: 382000
Processed: 382500
Processed: 383000
Processed: 383500
Processed: 384000
Processed: 384500
Processed: 385000
Processed: 385500
Processed: 386000
Processed: 386500
Processed: 387000
Processed: 387500
Processed: 388000
Processed: 388500
Processed: 389000
Processed: 389500
Processed: 390000
Processed: 390500
Processed: 391000
Processed: 391500
Processed: 392000
Processed: 392500
Processed: 393000
Processed: 393500
Processed: 394000
Processed: 394500
Processed: 395000
Processed: 395500
Processed: 396000
Processed: 396500
Processed: 397000
Processed: 397500
Processed: 398000
Processed: 398500
Processed: 399000
Processed: 399500
Processed: 400000
Processed: 400500
Processed: 401000
Processed: 401500
Processed: 402000
Processed: 402500
Processed: 403000
Processed: 403500
Processed: 404000
Processed: 404500
Processed: 405000
Processed: 405500
Processed: 406000
Processed: 406500
Processed: 407000
Processed: 407500
Processed: 408000
Processed: 408500
Processed: 409000
Processed: 409500
Processed: 410000
Processed: 410500
Processed: 411000
Processed: 411500
Processed: 412000
Processed: 412500
Processed: 413000
Processed: 413500
Processed: 414000
Processed: 414500
Processed: 415000
Processed: 415500
Processed: 416000
Processed: 416500
Processed: 417000
Processed: 417500
Processed: 418000
Processed: 418500
Processed: 419000
Processed: 419500
Processed: 420000
Processed: 420500
Processed: 421000
Processed: 421500
Processed: 422000
Processed: 422500
Processed: 423000
Processed: 423500
Processed: 424000
Processed: 424500
Processed: 425000
Processed: 425500
Processed: 426000
Processed: 426500
Processed: 427000
Processed: 427500
Processed: 428000
Processed: 428500
Processed: 429000
Processed: 429500
Processed: 430000
Processed: 430500
Processed: 431000
Processed: 431500
Processed: 432000
Processed: 432500
Processed: 433000
Processed: 433500
Processed: 434000
Processed: 434500
Processed: 435000
Processed: 435500
Processed: 436000
Processed: 436500
Processed: 437000
Processed: 437500
Processed: 438000
Processed: 438500
Processed: 439000
Processed: 439500
Processed: 440000
Processed: 440500
Processed: 441000
Processed: 441500
Processed: 442000
Processed: 442500
Processed: 443000
Processed: 443500
Processed: 444000
Processed: 444500
Processed: 445000
Processed: 445500
Processed: 446000
Processed: 446500
Processed: 447000
Processed: 447500
Processed: 448000
Processed: 448500
Processed: 449000
Processed: 449500
Processed: 450000
Processed: 450500
Processed: 451000
Processed: 451500
Processed: 452000
Processed: 452500
Processed: 453000
Processed: 453500
Processed: 454000
Processed: 454500
Processed: 455000
Processed: 455500
Processed: 456000
Processed: 456500
Processed: 457000
Processed: 457500
Processed: 458000
Processed: 458500
Processed: 459000
Processed: 459500
Processed: 460000
Processed: 460500
Processed: 461000
Processed: 461500
Processed: 462000
Processed: 462500
Processed: 463000
Processed: 463500
Processed: 464000
Processed: 464500
Processed: 465000
Processed: 465500
Processed: 466000
Processed: 466500
Processed: 467000
Processed: 467500
Processed: 468000
Processed: 468500
Processed: 469000
Processed: 469500
Processed: 470000
Processed: 470500
Processed: 471000
Processed: 471500
Processed: 472000
Processed: 472500
Processed: 473000
Processed: 473500
Processed: 474000
Processed: 474500
Processed: 475000
Processed: 475500
Processed: 476000
Processed: 476500
Processed: 477000
Processed: 477500
Processed: 478000
Processed: 478500
Processed: 479000
Processed: 479500
Processed: 480000
Processed: 480500
Processed: 481000
Processed: 481500
Processed: 482000
Processed: 482500
Processed: 483000
Processed: 483500
Processed: 484000
Processed: 484500
Processed: 485000
Processed: 485500
Processed: 486000
Processed: 486500
Processed: 487000
Processed: 487500
Processed: 488000
Processed: 488500
Processed: 489000
Processed: 489500
Processed: 490000
Processed: 490500
Processed: 491000
Processed: 491500
Processed: 492000
Processed: 492500
Processed: 493000
Processed: 493500
Processed: 494000
Processed: 494500
Processed: 495000
Processed: 495500
Processed: 496000
Processed: 496500
Processed: 497000
Processed: 497500
Processed: 498000
Processed: 498500
Processed: 499000
Processed: 499500
Processed: 500000
Processed: 500500
Processed: 501000
Processed: 501500
Processed: 502000
Processed: 502500
Processed: 503000
Processed: 503500
Processed: 504000
Processed: 504500
Processed: 505000
Processed: 505500
Processed: 506000
Processed: 506500
Processed: 507000
Processed: 507500
Processed: 508000
Processed: 508500
Processed: 509000
Processed: 509500
Processed: 510000
Processed: 510500
Processed: 511000
Processed: 511500
Processed: 512000
Processed: 512500
Processed: 513000
Processed: 513500
Processed: 514000
Processed: 514500
Processed: 515000
Processed: 515500
Processed: 516000
Processed: 516500
Processed: 517000
Processed: 517500
Processed: 518000
Processed: 518500
Processed: 519000
Processed: 519500
Processed: 520000
Processed: 520500
Processed: 521000
Processed: 521500
Processed: 522000
Processed: 522500
Processed: 523000
Processed: 523500
Processed: 524000
Processed: 524500
Processed: 525000
Processed: 525500
Processed: 526000
Processed: 526500
Processed: 527000
Processed: 527500
Processed: 528000
Processed: 528500
Processed: 529000
Processed: 529500
Processed: 530000
Processed: 530500
Processed: 531000
Processed: 531500
Processed: 532000
Processed: 532500
Processed: 533000
Processed: 533500
Processed: 534000
Processed: 534500
Processed: 535000
Processed: 535500
Processed: 536000
Processed: 536500
Processed: 537000
Processed: 537500
Processed: 538000
Processed: 538500
Processed: 539000
Processed: 539500
Processed: 540000
Processed: 540500
Processed: 541000
Processed: 541500
Processed: 542000
Processed: 542500
Processed: 543000
Processed: 543500
Processed: 544000
Processed: 544500
Processed: 545000
Processed: 545500
Processed: 546000
Processed: 546500
Processed: 547000
Processed: 547500
Processed: 548000
Processed: 548500
Processed: 549000
Processed: 549500
Processed: 550000
Processed: 550500
Processed: 551000
Processed: 551500
Processed: 552000
Processed: 552500
Processed: 553000
Processed: 553500
Processed: 554000
Processed: 554500
Processed: 555000
Processed: 555500
Processed: 556000
Processed: 556500
Processed: 557000
Processed: 557500
Processed: 558000
Processed: 558500
Processed: 559000
Processed: 559500
Processed: 560000
Processed: 560500
Processed: 561000
Processed: 561500
Processed: 562000
Processed: 562500
Processed: 563000
Processed: 563500
Processed: 564000
Processed: 564500
Processed: 565000
Processed: 565500
Processed: 566000
Processed: 566500
Processed: 567000
Processed: 567500
Processed: 568000
Processed: 568500
Processed: 569000
Processed: 569500
Processed: 570000
Processed: 570500
Processed: 571000
Processed: 571500
Processed: 572000
Processed: 572500
Processed: 573000
Processed: 573500
Processed: 574000
Processed: 574500
Processed: 575000
Processed: 575500
Processed: 576000
Processed: 576500
Processed: 577000
Processed: 577500
Processed: 578000
Processed: 578500
Processed: 579000
Processed: 579500
Processed: 580000
Processed: 580500
Processed: 581000
Processed: 581500
Processed: 582000
Processed: 582500
Processed: 583000
Processed: 583500
Processed: 584000
Processed: 584500
Processed: 585000
Processed: 585500
Processed: 586000
Processed: 586500
Processed: 587000
Processed: 587500
Processed: 588000
Processed: 588500
Processed: 589000
Processed: 589500
Processed: 590000
Processed: 590500
Processed: 591000
Processed: 591500
Processed: 592000
Processed: 592500
Processed: 593000
Processed: 593500
Processed: 594000
Processed: 594500
Processed: 595000
Processed: 595500
Processed: 596000
Processed: 596500
Processed: 597000
Processed: 597500
Processed: 598000
Processed: 598500
Processed: 599000
Processed: 599500
Processed: 600000
Processed: 600500
Processed: 601000
Processed: 601500
Processed: 602000
Processed: 602500
Processed: 603000
Processed: 603500
Processed: 604000
Processed: 604500
Processed: 605000
Processed: 605500
Processed: 606000
Processed: 606500
Processed: 607000
Processed: 607500
Processed: 608000
Processed: 608500
Processed: 609000
Processed: 609500
Processed: 610000
Processed: 610500
Processed: 611000
Processed: 611500
Processed: 612000
Processed: 612500
Processed: 613000
Processed: 613500
Processed: 614000
Processed: 614500
Processed: 615000
Processed: 615500
Processed: 616000
Processed: 616500
Processed: 617000
Processed: 617500
Processed: 618000
Processed: 618500
Processed: 619000
Processed: 619500
Processed: 620000
Processed: 620500
Processed: 621000
Processed: 621500
Processed: 622000
Processed: 622500
Processed: 623000
Processed: 623500
Processed: 624000
Processed: 624500
Processed: 625000
Processed: 625500
Processed: 626000
Processed: 626500
Processed: 627000
Processed: 627500
Processed: 628000
Processed: 628500
Processed: 629000
Processed: 629500
Processed: 630000
Processed: 630500
Processed: 631000
Processed: 631500
Processed: 632000
Processed: 632500
Processed: 633000
Processed: 633500
Processed: 634000
Processed: 634500
Processed: 635000
Processed: 635500
Processed: 636000
Processed: 636500
Processed: 637000
Processed: 637500
Processed: 638000
Processed: 638500
Processed: 639000
Processed: 639500
Processed: 640000
Processed: 640500
Processed: 641000
Processed: 641500
Processed: 642000
Processed: 642500
Processed: 643000
Processed: 643500
Processed: 644000
Processed: 644500
Processed: 645000
Processed: 645500
Processed: 646000
Processed: 646500
Processed: 647000
Processed: 647500
Processed: 648000
Processed: 648500
Processed: 649000
Processed: 649500
Processed: 650000
Processed: 650500
Processed: 651000
Processed: 651500
Processed: 652000
Processed: 652500
Processed: 653000
Processed: 653500
Processed: 654000
Processed: 654500
Processed: 655000
Processed: 655500
Processed: 656000
Processed: 656500
Processed: 657000
Processed: 657500
Processed: 658000
Processed: 658500
Processed: 659000
Processed: 659500
Processed: 660000
Processed: 660500
Processed: 661000
Processed: 661500
Processed: 662000
Processed: 662500
Processed: 663000
Processed: 663500
Processed: 664000
Processed: 664500
Processed: 665000
Processed: 665500
Processed: 666000
Processed: 666500
Processed: 667000
Processed: 667500
Processed: 668000
Processed: 668500
Processed: 669000
Processed: 669500
Processed: 670000
Processed: 670500
Processed: 671000
Processed: 671500
Processed: 672000
Processed: 672500
Processed: 673000
Processed: 673500
Processed: 674000
Processed: 674500
Processed: 675000
Processed: 675500
Processed: 676000
Processed: 676500
Processed: 677000
Processed: 677500
Processed: 678000
Processed: 678500
Processed: 679000
Processed: 679500
Processed: 680000
Processed: 680500
Processed: 681000
Processed: 681500
Processed: 682000
Processed: 682500
Processed: 683000
Processed: 683500
Processed: 684000
Processed: 684500
Processed: 685000
Processed: 685500
Processed: 686000
Processed: 686500
Processed: 687000
Processed: 687500
Processed: 688000
Processed: 688500
Processed: 689000
Processed: 689500
Processed: 690000
Processed: 690500
Processed: 691000
Processed: 691500
Processed: 692000
Processed: 692500
Processed: 693000
Processed: 693500
Processed: 694000
Processed: 694500
Processed: 695000
Processed: 695500
Processed: 696000
Processed: 696500
Processed: 697000
Processed: 697500
Processed: 698000
Processed: 698500
Processed: 699000
Processed: 699500
Processed: 700000
Processed: 700500
Processed: 701000
Processed: 701500
Processed: 702000
Processed: 702500
Processed: 703000
Processed: 703500
Processed: 704000
Processed: 704500
Processed: 705000
Processed: 705500
Processed: 706000
Processed: 706500
Processed: 707000
Processed: 707500
Processed: 708000
Processed: 708500
Processed: 709000
Processed: 709500
Processed: 710000
Processed: 710500
Processed: 711000
Processed: 711500
Processed: 712000
Processed: 712500
Processed: 713000
Processed: 713500
Processed: 714000
Processed: 714500
Processed: 715000
Processed: 715500
Processed: 716000
Processed: 716500
Processed: 717000
Processed: 717500
Processed: 718000
Processed: 718500
Processed: 719000
Processed: 719500
Processed: 720000
Processed: 720500
Processed: 721000
Processed: 721500
Processed: 722000
Processed: 722500
Processed: 723000
Processed: 723500
Processed: 724000
Processed: 724500
Processed: 725000
Processed: 725500
Processed: 726000
Processed: 726500
Processed: 727000
Processed: 727500
Processed: 728000
Processed: 728500
Processed: 729000
Processed: 729500
Processed: 730000
Processed: 730500
Processed: 731000
Processed: 731500
Processed: 732000
Processed: 732500
Processed: 733000
Processed: 733500
Processed: 734000
Processed: 734500
Processed: 735000
Processed: 735500
Processed: 736000
Processed: 736500
Processed: 737000
Processed: 737500
Processed: 738000
Processed: 738500
Processed: 739000
Processed: 739500
Processed: 740000
Processed: 740500
Processed: 741000
Processed: 741500
Processed: 742000
Processed: 742500
Processed: 743000
Processed: 743500
Processed: 744000
Processed: 744500
Processed: 745000
Processed: 745500
Processed: 746000
Processed: 746500
Processed: 747000
Processed: 747500
Processed: 748000
Processed: 748500
Processed: 749000
Processed: 749500
Processed: 750000
Processed: 750500
Processed: 751000
Processed: 751500
Processed: 752000
Processed: 752500
Processed: 753000
Processed: 753500
Processed: 754000
Processed: 754500
Processed: 755000
Processed: 755500
Processed: 756000
Processed: 756500
Processed: 757000
Processed: 757500
Processed: 758000
Processed: 758500
Processed: 759000
Processed: 759500
Processed: 760000
Processed: 760500
Processed: 761000
Processed: 761500
Processed: 762000
Processed: 762500
Processed: 763000
Processed: 763500
Processed: 764000
Processed: 764500
Processed: 765000
Processed: 765500
Processed: 766000
Processed: 766500
Processed: 767000
Processed: 767500
Processed: 768000
Processed: 768500
Processed: 769000
Processed: 769500
Processed: 770000
Processed: 770500
Processed: 771000
Processed: 771500
Processed: 772000
Processed: 772500
Processed: 773000
Processed: 773500
Processed: 774000
Processed: 774500
Processed: 775000
Processed: 775500
Processed: 776000
Processed: 776500
Processed: 777000
Processed: 777500
Processed: 778000
Processed: 778500
Processed: 779000
Processed: 779500
Processed: 780000
Processed: 780500
Processed: 781000
Processed: 781500
Processed: 782000
Processed: 782500
Processed: 783000
Processed: 783500
Processed: 784000
Processed: 784500
Processed: 785000
Processed: 785500
Processed: 786000
Processed: 786500
Processed: 787000
Processed: 787500
Processed: 788000
Processed: 788500
Processed: 789000
Processed: 789500
Processed: 790000
Processed: 790500
Processed: 791000
Processed: 791500
Processed: 792000
Processed: 792500
Processed: 793000
Processed: 793500
Processed: 794000
Processed: 794500
Processed: 795000
Processed: 795500
Processed: 796000
Processed: 796500
Processed: 797000
Processed: 797500
Processed: 798000
Processed: 798500
Processed: 799000
Processed: 799500
Processed: 800000
Processed: 800500
Processed: 801000
Processed: 801500
Processed: 802000
Processed: 802500
Processed: 803000
Processed: 803500
Processed: 804000
Processed: 804500
Processed: 805000
Processed: 805500
Processed: 806000
Processed: 806500
Processed: 807000
Processed: 807500
Processed: 808000
Processed: 808500
Processed: 809000
Processed: 809500
Processed: 810000
Processed: 810500
Processed: 811000
Processed: 811500
Processed: 812000
Processed: 812500
Processed: 813000
Processed: 813500
Processed: 814000
Processed: 814500
Processed: 815000
Processed: 815500
Processed: 816000
Processed: 816500
Processed: 817000
Processed: 817500
Processed: 818000
Processed: 818500
Processed: 819000
Processed: 819500
Processed: 820000
Processed: 820500
Processed: 821000
Processed: 821500
Processed: 822000
Processed: 822500
Processed: 823000
Processed: 823500
Processed: 824000
Processed: 824500
Processed: 825000
Processed: 825500
Processed: 826000
Processed: 826500
Processed: 827000
Processed: 827500
Processed: 828000
Processed: 828500
Processed: 829000
Processed: 829500
Processed: 830000
Processed: 830500
Processed: 831000
Processed: 831500
Processed: 832000
Processed: 832500
Processed: 833000
Processed: 833500
Processed: 834000
Processed: 834500
Processed: 835000
Processed: 835500
Processed: 836000
Processed: 836500
Processed: 837000
Processed: 837500
Processed: 838000
Processed: 838500
Processed: 839000
Processed: 839500
Processed: 840000
Processed: 840500
Processed: 841000
Processed: 841500
Processed: 842000
Processed: 842500
Processed: 843000
Processed: 843500
Processed: 844000
Processed: 844500
Processed: 845000
Processed: 845500
Processed: 846000
Processed: 846500
Processed: 847000
Processed: 847500
Processed: 848000
Processed: 848500
Processed: 849000
Processed: 849500
Processed: 850000
Processed: 850500
Processed: 851000
Processed: 851500
Processed: 852000
Processed: 852500
Processed: 853000
Processed: 853500
Processed: 854000
Processed: 854500
Processed: 855000
Processed: 855500
Processed: 856000
Processed: 856500
Processed: 857000
Processed: 857500
Processed: 858000
Processed: 858500
Processed: 859000
Processed: 859500
Processed: 860000
Processed: 860500
Processed: 861000
Processed: 861500
Processed: 862000
Processed: 862500
Processed: 863000
Processed: 863500
Processed: 864000
Processed: 864500
Processed: 865000
Processed: 865500
Processed: 866000
Processed: 866500
Processed: 867000
Processed: 867500
Processed: 868000
Processed: 868500
Processed: 869000
Processed: 869500
Processed: 870000
Processed: 870500
Processed: 871000
Processed: 871500
Processed: 872000
Processed: 872500
Processed: 873000
Processed: 873500
Processed: 874000
Processed: 874500
Processed: 875000
Processed: 875500
Processed: 876000
Processed: 876500
Processed: 877000
Processed: 877500
Processed: 878000
Processed: 878500
Processed: 879000
Processed: 879500
Processed: 880000
Processed: 880500
Processed: 881000
Processed: 881500
Processed: 882000
Processed: 882500
Processed: 883000
Processed: 883500
Processed: 884000
Processed: 884500
Processed: 885000
Processed: 885500
Processed: 886000
Processed: 886500
Processed: 887000
Processed: 887500
Processed: 888000
Processed: 888500
Processed: 889000
Processed: 889500
Processed: 890000
Processed: 890500
Processed: 891000
Processed: 891500
Processed: 892000
Processed: 892500
Processed: 893000
Processed: 893500
Processed: 894000
Processed: 894500
Processed: 895000
Processed: 895500
Processed: 896000
Processed: 896500
Processed: 897000
Processed: 897500
Processed: 898000
Processed: 898500
Processed: 899000
Processed: 899500
Processed: 900000
Processed: 900500
Processed: 901000
Processed: 901500
Processed: 902000
Processed: 902500
Processed: 903000
Processed: 903500
Processed: 904000
Processed: 904500
Processed: 905000
Processed: 905500
Processed: 906000
Processed: 906500
Processed: 907000
Processed: 907500
Processed: 908000
Processed: 908500
Processed: 909000
Processed: 909500
Processed: 910000
Processed: 910500
Processed: 911000
Processed: 911500
Processed: 912000
Processed: 912500
Processed: 913000
Processed: 913500
Processed: 914000
Processed: 914500
Processed: 915000
Processed: 915500
Processed: 916000
Processed: 916500
Processed: 917000
Processed: 917500
Processed: 918000
Processed: 918500
Processed: 919000
Processed: 919500
Processed: 920000
Processed: 920500
Processed: 921000
Processed: 921500
Processed: 922000
Processed: 922500
Processed: 923000
Processed: 923500
Processed: 924000
Processed: 924500
Processed: 925000
Processed: 925500
Processed: 926000
Processed: 926500
Processed: 927000
Processed: 927500
Processed: 928000
Processed: 928500
Processed: 929000
Processed: 929500
Processed: 930000
Processed: 930500
Processed: 931000
Processed: 931500
Processed: 932000
Processed: 932500
Processed: 933000
Processed: 933500
Processed: 934000
Processed: 934500
Processed: 935000
Processed: 935500
Processed: 936000
Processed: 936500
Processed: 937000
Processed: 937500
Processed: 938000
Processed: 938500
Processed: 939000
Processed: 939500
Processed: 940000
Processed: 940500
Processed: 941000
Processed: 941500
Processed: 942000
Processed: 942500
Processed: 943000
Processed: 943500
Processed: 944000
Processed: 944500
Processed: 945000
Processed: 945500
Processed: 946000
Processed: 946500
Processed: 947000
Processed: 947500
Processed: 948000
Processed: 948500
Processed: 949000
Processed: 949500
Processed: 950000
Processed: 950500
Processed: 951000
Processed: 951500
Processed: 952000
Processed: 952500
Processed: 953000
Processed: 953500
Processed: 954000
Processed: 954500
Processed: 955000
Processed: 955500
Processed: 956000
Processed: 956500
Processed: 957000
Processed: 957500
Processed: 958000
Processed: 958500
Processed: 959000
Processed: 959500
Processed: 960000
Processed: 960500
Processed: 961000
Processed: 961500
Processed: 962000
Processed: 962500
Processed: 963000
Processed: 963500
Processed: 964000
Processed: 964500
Processed: 965000
Processed: 965500
Processed: 966000
Processed: 966500
Processed: 967000
Processed: 967500
Processed: 968000
Processed: 968500
Processed: 969000
Processed: 969500
Processed: 970000
Processed: 970500
Processed: 971000
Processed: 971500
Processed: 972000
Processed: 972500
Processed: 973000
Processed: 973500
Processed: 974000
Processed: 974500
Processed: 975000
Processed: 975500
Processed: 976000
Processed: 976500
Processed: 977000
Processed: 977500
Processed: 978000
Processed: 978500
Processed: 979000
Processed: 979500
Processed: 980000
Processed: 980500
Processed: 981000
Processed: 981500
Processed: 982000
Processed: 982500
Processed: 983000
Processed: 983500
Processed: 984000
Processed: 984500
Processed: 985000
Processed: 985500
Processed: 986000
Processed: 986500
Processed: 987000
Processed: 987500
Processed: 988000
Processed: 988500
Processed: 989000
Processed: 989500
Processed: 990000
Processed: 990500
Processed: 991000
Processed: 991500
Processed: 992000
Processed: 992500
Processed: 993000
Processed: 993500
Processed: 994000
Processed: 994500
Processed: 995000
Processed: 995500
Processed: 996000
Processed: 996500
Processed: 997000
Processed: 997500
Processed: 998000
Processed: 998500
Processed: 999000
Processed: 999500
