2024-07-23 16:56:37.412769: I tensorflow/core/platform/cpu_feature_guard.cc:141] Your CPU supports instructions that this TensorFlow binary was not compiled to use: SSE4.1 SSE4.2 AVX AVX2 FMA
2024-07-23 16:56:37.630295: I tensorflow/core/common_runtime/gpu/gpu_device.cc:1405] Found device 0 with properties: 
name: GeForce RTX 2080 Ti major: 7 minor: 5 memoryClockRate(GHz): 1.545
pciBusID: 0000:02:00.0
totalMemory: 10.76GiB freeMemory: 10.61GiB
2024-07-23 16:56:37.630678: I tensorflow/core/common_runtime/gpu/gpu_device.cc:1484] Adding visible gpu devices: 0
2024-07-23 16:56:41.814726: I tensorflow/core/common_runtime/gpu/gpu_device.cc:965] Device interconnect StreamExecutor with strength 1 edge matrix:
2024-07-23 16:56:41.815213: I tensorflow/core/common_runtime/gpu/gpu_device.cc:971]      0 
2024-07-23 16:56:41.815493: I tensorflow/core/common_runtime/gpu/gpu_device.cc:984] 0:   N 
2024-07-23 16:56:41.816830: I tensorflow/core/common_runtime/gpu/gpu_device.cc:1097] Created TensorFlow device (/job:localhost/replica:0/task:0/device:GPU:0 with 10237 MB memory) -> physical GPU (device: 0, name: GeForce RTX 2080 Ti, pci bus id: 0000:02:00.0, compute capability: 7.5)
2024-07-23 17:09:19.877969: I tensorflow/core/common_runtime/gpu/gpu_device.cc:1484] Adding visible gpu devices: 0
2024-07-23 17:09:19.878255: I tensorflow/core/common_runtime/gpu/gpu_device.cc:965] Device interconnect StreamExecutor with strength 1 edge matrix:
2024-07-23 17:09:19.878498: I tensorflow/core/common_runtime/gpu/gpu_device.cc:971]      0 
2024-07-23 17:09:19.878702: I tensorflow/core/common_runtime/gpu/gpu_device.cc:984] 0:   N 
2024-07-23 17:09:19.879017: I tensorflow/core/common_runtime/gpu/gpu_device.cc:1097] Created TensorFlow device (/job:localhost/replica:0/task:0/device:GPU:0 with 10237 MB memory) -> physical GPU (device: 0, name: GeForce RTX 2080 Ti, pci bus id: 0000:02:00.0, compute capability: 7.5)
2024-07-23 17:21:55.067515: I tensorflow/core/common_runtime/gpu/gpu_device.cc:1484] Adding visible gpu devices: 0
2024-07-23 17:21:55.067903: I tensorflow/core/common_runtime/gpu/gpu_device.cc:965] Device interconnect StreamExecutor with strength 1 edge matrix:
2024-07-23 17:21:55.068178: I tensorflow/core/common_runtime/gpu/gpu_device.cc:971]      0 
2024-07-23 17:21:55.068394: I tensorflow/core/common_runtime/gpu/gpu_device.cc:984] 0:   N 
2024-07-23 17:21:55.068736: I tensorflow/core/common_runtime/gpu/gpu_device.cc:1097] Created TensorFlow device (/job:localhost/replica:0/task:0/device:GPU:0 with 10237 MB memory) -> physical GPU (device: 0, name: GeForce RTX 2080 Ti, pci bus id: 0000:02:00.0, compute capability: 7.5)
