2024-05-23 00:55:57.875256: I tensorflow/core/platform/cpu_feature_guard.cc:141] Your CPU supports instructions that this TensorFlow binary was not compiled to use: SSE4.1 SSE4.2 AVX AVX2 FMA
2024-05-23 00:55:58.056629: I tensorflow/core/common_runtime/gpu/gpu_device.cc:1405] Found device 0 with properties: 
name: GeForce RTX 2080 Ti major: 7 minor: 5 memoryClockRate(GHz): 1.545
pciBusID: 0000:02:00.0
totalMemory: 10.76GiB freeMemory: 10.61GiB
2024-05-23 00:55:58.057133: I tensorflow/core/common_runtime/gpu/gpu_device.cc:1484] Adding visible gpu devices: 0
2024-05-23 00:56:01.623982: I tensorflow/core/common_runtime/gpu/gpu_device.cc:965] Device interconnect StreamExecutor with strength 1 edge matrix:
2024-05-23 00:56:01.624484: I tensorflow/core/common_runtime/gpu/gpu_device.cc:971]      0 
2024-05-23 00:56:01.624880: I tensorflow/core/common_runtime/gpu/gpu_device.cc:984] 0:   N 
2024-05-23 00:56:01.625213: I tensorflow/core/common_runtime/gpu/gpu_device.cc:1097] Created TensorFlow device (/job:localhost/replica:0/task:0/device:GPU:0 with 10237 MB memory) -> physical GPU (device: 0, name: GeForce RTX 2080 Ti, pci bus id: 0000:02:00.0, compute capability: 7.5)
2024-05-23 01:07:17.806452: I tensorflow/core/common_runtime/gpu/gpu_device.cc:1484] Adding visible gpu devices: 0
2024-05-23 01:07:17.806986: I tensorflow/core/common_runtime/gpu/gpu_device.cc:965] Device interconnect StreamExecutor with strength 1 edge matrix:
2024-05-23 01:07:17.807354: I tensorflow/core/common_runtime/gpu/gpu_device.cc:971]      0 
2024-05-23 01:07:17.807583: I tensorflow/core/common_runtime/gpu/gpu_device.cc:984] 0:   N 
2024-05-23 01:07:17.807919: I tensorflow/core/common_runtime/gpu/gpu_device.cc:1097] Created TensorFlow device (/job:localhost/replica:0/task:0/device:GPU:0 with 10237 MB memory) -> physical GPU (device: 0, name: GeForce RTX 2080 Ti, pci bus id: 0000:02:00.0, compute capability: 7.5)
2024-05-23 01:18:33.215918: I tensorflow/core/common_runtime/gpu/gpu_device.cc:1484] Adding visible gpu devices: 0
2024-05-23 01:18:33.216321: I tensorflow/core/common_runtime/gpu/gpu_device.cc:965] Device interconnect StreamExecutor with strength 1 edge matrix:
2024-05-23 01:18:33.216625: I tensorflow/core/common_runtime/gpu/gpu_device.cc:971]      0 
2024-05-23 01:18:33.216879: I tensorflow/core/common_runtime/gpu/gpu_device.cc:984] 0:   N 
2024-05-23 01:18:33.217301: I tensorflow/core/common_runtime/gpu/gpu_device.cc:1097] Created TensorFlow device (/job:localhost/replica:0/task:0/device:GPU:0 with 10237 MB memory) -> physical GPU (device: 0, name: GeForce RTX 2080 Ti, pci bus id: 0000:02:00.0, compute capability: 7.5)
