2024-03-24 23:50:03.713064: I tensorflow/core/platform/cpu_feature_guard.cc:141] Your CPU supports instructions that this TensorFlow binary was not compiled to use: SSE4.1 SSE4.2 AVX AVX2 FMA
2024-03-24 23:50:03.870957: I tensorflow/core/common_runtime/gpu/gpu_device.cc:1405] Found device 0 with properties: 
name: GeForce RTX 2080 Ti major: 7 minor: 5 memoryClockRate(GHz): 1.545
pciBusID: 0000:02:00.0
totalMemory: 10.76GiB freeMemory: 10.61GiB
2024-03-24 23:50:03.871463: I tensorflow/core/common_runtime/gpu/gpu_device.cc:1484] Adding visible gpu devices: 0
2024-03-24 23:50:04.087210: I tensorflow/core/common_runtime/gpu/gpu_device.cc:965] Device interconnect StreamExecutor with strength 1 edge matrix:
2024-03-24 23:50:04.087725: I tensorflow/core/common_runtime/gpu/gpu_device.cc:971]      0 
2024-03-24 23:50:04.089358: I tensorflow/core/common_runtime/gpu/gpu_device.cc:984] 0:   N 
2024-03-24 23:50:04.089753: I tensorflow/core/common_runtime/gpu/gpu_device.cc:1097] Created TensorFlow device (/job:localhost/replica:0/task:0/device:GPU:0 with 10237 MB memory) -> physical GPU (device: 0, name: GeForce RTX 2080 Ti, pci bus id: 0000:02:00.0, compute capability: 7.5)
2024-03-25 00:05:18.093213: I tensorflow/core/common_runtime/gpu/gpu_device.cc:1484] Adding visible gpu devices: 0
2024-03-25 00:05:18.093627: I tensorflow/core/common_runtime/gpu/gpu_device.cc:965] Device interconnect StreamExecutor with strength 1 edge matrix:
2024-03-25 00:05:18.093988: I tensorflow/core/common_runtime/gpu/gpu_device.cc:971]      0 
2024-03-25 00:05:18.094232: I tensorflow/core/common_runtime/gpu/gpu_device.cc:984] 0:   N 
2024-03-25 00:05:18.094679: I tensorflow/core/common_runtime/gpu/gpu_device.cc:1097] Created TensorFlow device (/job:localhost/replica:0/task:0/device:GPU:0 with 10237 MB memory) -> physical GPU (device: 0, name: GeForce RTX 2080 Ti, pci bus id: 0000:02:00.0, compute capability: 7.5)
2024-03-25 00:20:24.575729: I tensorflow/core/common_runtime/gpu/gpu_device.cc:1484] Adding visible gpu devices: 0
2024-03-25 00:20:24.576166: I tensorflow/core/common_runtime/gpu/gpu_device.cc:965] Device interconnect StreamExecutor with strength 1 edge matrix:
2024-03-25 00:20:24.576466: I tensorflow/core/common_runtime/gpu/gpu_device.cc:971]      0 
2024-03-25 00:20:24.576770: I tensorflow/core/common_runtime/gpu/gpu_device.cc:984] 0:   N 
2024-03-25 00:20:24.577077: I tensorflow/core/common_runtime/gpu/gpu_device.cc:1097] Created TensorFlow device (/job:localhost/replica:0/task:0/device:GPU:0 with 10237 MB memory) -> physical GPU (device: 0, name: GeForce RTX 2080 Ti, pci bus id: 0000:02:00.0, compute capability: 7.5)
