2024-03-25 00:30:27.475867: I tensorflow/core/platform/cpu_feature_guard.cc:141] Your CPU supports instructions that this TensorFlow binary was not compiled to use: SSE4.1 SSE4.2 AVX AVX2 FMA
2024-03-25 00:30:27.658489: I tensorflow/core/common_runtime/gpu/gpu_device.cc:1405] Found device 0 with properties: 
name: GeForce RTX 2080 Ti major: 7 minor: 5 memoryClockRate(GHz): 1.545
pciBusID: 0000:03:00.0
totalMemory: 10.76GiB freeMemory: 10.61GiB
2024-03-25 00:30:27.659011: I tensorflow/core/common_runtime/gpu/gpu_device.cc:1484] Adding visible gpu devices: 0
2024-03-25 00:30:31.201670: I tensorflow/core/common_runtime/gpu/gpu_device.cc:965] Device interconnect StreamExecutor with strength 1 edge matrix:
2024-03-25 00:30:31.202266: I tensorflow/core/common_runtime/gpu/gpu_device.cc:971]      0 
2024-03-25 00:30:31.205675: I tensorflow/core/common_runtime/gpu/gpu_device.cc:984] 0:   N 
2024-03-25 00:30:31.206213: I tensorflow/core/common_runtime/gpu/gpu_device.cc:1097] Created TensorFlow device (/job:localhost/replica:0/task:0/device:GPU:0 with 10237 MB memory) -> physical GPU (device: 0, name: GeForce RTX 2080 Ti, pci bus id: 0000:03:00.0, compute capability: 7.5)
2024-03-25 00:45:35.451866: I tensorflow/core/common_runtime/gpu/gpu_device.cc:1484] Adding visible gpu devices: 0
2024-03-25 00:45:35.452254: I tensorflow/core/common_runtime/gpu/gpu_device.cc:965] Device interconnect StreamExecutor with strength 1 edge matrix:
2024-03-25 00:45:35.452505: I tensorflow/core/common_runtime/gpu/gpu_device.cc:971]      0 
2024-03-25 00:45:35.452748: I tensorflow/core/common_runtime/gpu/gpu_device.cc:984] 0:   N 
2024-03-25 00:45:35.453154: I tensorflow/core/common_runtime/gpu/gpu_device.cc:1097] Created TensorFlow device (/job:localhost/replica:0/task:0/device:GPU:0 with 10237 MB memory) -> physical GPU (device: 0, name: GeForce RTX 2080 Ti, pci bus id: 0000:03:00.0, compute capability: 7.5)
2024-03-25 01:00:39.238788: I tensorflow/core/common_runtime/gpu/gpu_device.cc:1484] Adding visible gpu devices: 0
2024-03-25 01:00:39.239151: I tensorflow/core/common_runtime/gpu/gpu_device.cc:965] Device interconnect StreamExecutor with strength 1 edge matrix:
2024-03-25 01:00:39.239436: I tensorflow/core/common_runtime/gpu/gpu_device.cc:971]      0 
2024-03-25 01:00:39.239615: I tensorflow/core/common_runtime/gpu/gpu_device.cc:984] 0:   N 
2024-03-25 01:00:39.240282: I tensorflow/core/common_runtime/gpu/gpu_device.cc:1097] Created TensorFlow device (/job:localhost/replica:0/task:0/device:GPU:0 with 10237 MB memory) -> physical GPU (device: 0, name: GeForce RTX 2080 Ti, pci bus id: 0000:03:00.0, compute capability: 7.5)
