2024-03-28 21:01:03.827869: I tensorflow/core/platform/cpu_feature_guard.cc:141] Your CPU supports instructions that this TensorFlow binary was not compiled to use: SSE4.1 SSE4.2 AVX AVX2 FMA
2024-03-28 21:01:04.076820: I tensorflow/core/common_runtime/gpu/gpu_device.cc:1405] Found device 0 with properties: 
name: GeForce RTX 2080 Ti major: 7 minor: 5 memoryClockRate(GHz): 1.545
pciBusID: 0000:02:00.0
totalMemory: 10.76GiB freeMemory: 10.61GiB
2024-03-28 21:01:04.077361: I tensorflow/core/common_runtime/gpu/gpu_device.cc:1484] Adding visible gpu devices: 0
2024-03-28 21:01:06.769441: I tensorflow/core/common_runtime/gpu/gpu_device.cc:965] Device interconnect StreamExecutor with strength 1 edge matrix:
2024-03-28 21:01:06.769951: I tensorflow/core/common_runtime/gpu/gpu_device.cc:971]      0 
2024-03-28 21:01:06.770262: I tensorflow/core/common_runtime/gpu/gpu_device.cc:984] 0:   N 
2024-03-28 21:01:06.781573: I tensorflow/core/common_runtime/gpu/gpu_device.cc:1097] Created TensorFlow device (/job:localhost/replica:0/task:0/device:GPU:0 with 10237 MB memory) -> physical GPU (device: 0, name: GeForce RTX 2080 Ti, pci bus id: 0000:02:00.0, compute capability: 7.5)
2024-03-28 21:07:03.982512: I tensorflow/core/common_runtime/gpu/gpu_device.cc:1484] Adding visible gpu devices: 0
2024-03-28 21:07:03.982836: I tensorflow/core/common_runtime/gpu/gpu_device.cc:965] Device interconnect StreamExecutor with strength 1 edge matrix:
2024-03-28 21:07:03.983046: I tensorflow/core/common_runtime/gpu/gpu_device.cc:971]      0 
2024-03-28 21:07:03.983262: I tensorflow/core/common_runtime/gpu/gpu_device.cc:984] 0:   N 
2024-03-28 21:07:03.983843: I tensorflow/core/common_runtime/gpu/gpu_device.cc:1097] Created TensorFlow device (/job:localhost/replica:0/task:0/device:GPU:0 with 10237 MB memory) -> physical GPU (device: 0, name: GeForce RTX 2080 Ti, pci bus id: 0000:02:00.0, compute capability: 7.5)
2024-03-28 21:12:59.711881: I tensorflow/core/common_runtime/gpu/gpu_device.cc:1484] Adding visible gpu devices: 0
2024-03-28 21:12:59.712416: I tensorflow/core/common_runtime/gpu/gpu_device.cc:965] Device interconnect StreamExecutor with strength 1 edge matrix:
2024-03-28 21:12:59.712750: I tensorflow/core/common_runtime/gpu/gpu_device.cc:971]      0 
2024-03-28 21:12:59.713110: I tensorflow/core/common_runtime/gpu/gpu_device.cc:984] 0:   N 
2024-03-28 21:12:59.713731: I tensorflow/core/common_runtime/gpu/gpu_device.cc:1097] Created TensorFlow device (/job:localhost/replica:0/task:0/device:GPU:0 with 10237 MB memory) -> physical GPU (device: 0, name: GeForce RTX 2080 Ti, pci bus id: 0000:02:00.0, compute capability: 7.5)
