2024-03-28 21:37:47.900116: I tensorflow/core/platform/cpu_feature_guard.cc:141] Your CPU supports instructions that this TensorFlow binary was not compiled to use: SSE4.1 SSE4.2 AVX AVX2 FMA
2024-03-28 21:37:48.141899: I tensorflow/core/common_runtime/gpu/gpu_device.cc:1405] Found device 0 with properties: 
name: GeForce RTX 2080 Ti major: 7 minor: 5 memoryClockRate(GHz): 1.545
pciBusID: 0000:02:00.0
totalMemory: 10.76GiB freeMemory: 10.61GiB
2024-03-28 21:37:48.142353: I tensorflow/core/common_runtime/gpu/gpu_device.cc:1484] Adding visible gpu devices: 0
2024-03-28 21:37:51.360721: I tensorflow/core/common_runtime/gpu/gpu_device.cc:965] Device interconnect StreamExecutor with strength 1 edge matrix:
2024-03-28 21:37:51.361320: I tensorflow/core/common_runtime/gpu/gpu_device.cc:971]      0 
2024-03-28 21:37:51.363172: I tensorflow/core/common_runtime/gpu/gpu_device.cc:984] 0:   N 
2024-03-28 21:37:51.365167: I tensorflow/core/common_runtime/gpu/gpu_device.cc:1097] Created TensorFlow device (/job:localhost/replica:0/task:0/device:GPU:0 with 10237 MB memory) -> physical GPU (device: 0, name: GeForce RTX 2080 Ti, pci bus id: 0000:02:00.0, compute capability: 7.5)
2024-03-28 21:43:53.001071: I tensorflow/core/common_runtime/gpu/gpu_device.cc:1484] Adding visible gpu devices: 0
2024-03-28 21:43:53.001311: I tensorflow/core/common_runtime/gpu/gpu_device.cc:965] Device interconnect StreamExecutor with strength 1 edge matrix:
2024-03-28 21:43:53.001581: I tensorflow/core/common_runtime/gpu/gpu_device.cc:971]      0 
2024-03-28 21:43:53.001760: I tensorflow/core/common_runtime/gpu/gpu_device.cc:984] 0:   N 
2024-03-28 21:43:53.002081: I tensorflow/core/common_runtime/gpu/gpu_device.cc:1097] Created TensorFlow device (/job:localhost/replica:0/task:0/device:GPU:0 with 10237 MB memory) -> physical GPU (device: 0, name: GeForce RTX 2080 Ti, pci bus id: 0000:02:00.0, compute capability: 7.5)
2024-03-28 21:49:50.253496: I tensorflow/core/common_runtime/gpu/gpu_device.cc:1484] Adding visible gpu devices: 0
2024-03-28 21:49:50.253896: I tensorflow/core/common_runtime/gpu/gpu_device.cc:965] Device interconnect StreamExecutor with strength 1 edge matrix:
2024-03-28 21:49:50.254198: I tensorflow/core/common_runtime/gpu/gpu_device.cc:971]      0 
2024-03-28 21:49:50.256072: I tensorflow/core/common_runtime/gpu/gpu_device.cc:984] 0:   N 
2024-03-28 21:49:50.256620: I tensorflow/core/common_runtime/gpu/gpu_device.cc:1097] Created TensorFlow device (/job:localhost/replica:0/task:0/device:GPU:0 with 10237 MB memory) -> physical GPU (device: 0, name: GeForce RTX 2080 Ti, pci bus id: 0000:02:00.0, compute capability: 7.5)
