2019-09-30 07:10:39.482821: I tensorflow/core/platform/cpu_feature_guard.cc:141] Your CPU supports instructions that this TensorFlow binary was not compiled to use: SSE4.1 SSE4.2 AVX AVX2 FMA
2019-09-30 07:10:39.650359: I tensorflow/stream_executor/cuda/cuda_gpu_executor.cc:897] successful NUMA node read from SysFS had negative value (-1), but there must be at least one NUMA node, so returning NUMA node zero
2019-09-30 07:10:39.651153: I tensorflow/core/common_runtime/gpu/gpu_device.cc:1405] Found device 0 with properties: 
name: GeForce GTX 1060 6GB major: 6 minor: 1 memoryClockRate(GHz): 1.835
pciBusID: 0000:01:00.0
totalMemory: 5.93GiB freeMemory: 5.86GiB
2019-09-30 07:10:39.651297: I tensorflow/core/common_runtime/gpu/gpu_device.cc:1484] Adding visible gpu devices: 0
2019-09-30 07:10:44.454264: I tensorflow/core/common_runtime/gpu/gpu_device.cc:965] Device interconnect StreamExecutor with strength 1 edge matrix:
2019-09-30 07:10:44.454424: I tensorflow/core/common_runtime/gpu/gpu_device.cc:971]      0 
2019-09-30 07:10:44.454642: I tensorflow/core/common_runtime/gpu/gpu_device.cc:984] 0:   N 
2019-09-30 07:10:44.456502: I tensorflow/core/common_runtime/gpu/gpu_device.cc:1097] Created TensorFlow device (/job:localhost/replica:0/task:0/device:GPU:0 with 5640 MB memory) -> physical GPU (device: 0, name: GeForce GTX 1060 6GB, pci bus id: 0000:01:00.0, compute capability: 6.1)
2019-09-30 10:00:13.537483: I tensorflow/core/common_runtime/gpu/gpu_device.cc:1484] Adding visible gpu devices: 0
2019-09-30 10:00:13.537947: I tensorflow/core/common_runtime/gpu/gpu_device.cc:965] Device interconnect StreamExecutor with strength 1 edge matrix:
2019-09-30 10:00:13.538002: I tensorflow/core/common_runtime/gpu/gpu_device.cc:971]      0 
2019-09-30 10:00:13.538060: I tensorflow/core/common_runtime/gpu/gpu_device.cc:984] 0:   N 
2019-09-30 10:00:13.538239: I tensorflow/core/common_runtime/gpu/gpu_device.cc:1097] Created TensorFlow device (/job:localhost/replica:0/task:0/device:GPU:0 with 5640 MB memory) -> physical GPU (device: 0, name: GeForce GTX 1060 6GB, pci bus id: 0000:01:00.0, compute capability: 6.1)
2019-09-30 12:49:47.769130: I tensorflow/core/common_runtime/gpu/gpu_device.cc:1484] Adding visible gpu devices: 0
2019-09-30 12:49:47.769486: I tensorflow/core/common_runtime/gpu/gpu_device.cc:965] Device interconnect StreamExecutor with strength 1 edge matrix:
2019-09-30 12:49:47.769543: I tensorflow/core/common_runtime/gpu/gpu_device.cc:971]      0 
2019-09-30 12:49:47.769603: I tensorflow/core/common_runtime/gpu/gpu_device.cc:984] 0:   N 
2019-09-30 12:49:47.769754: I tensorflow/core/common_runtime/gpu/gpu_device.cc:1097] Created TensorFlow device (/job:localhost/replica:0/task:0/device:GPU:0 with 5640 MB memory) -> physical GPU (device: 0, name: GeForce GTX 1060 6GB, pci bus id: 0000:01:00.0, compute capability: 6.1)
