2019-09-30 12:32:24.033898: I tensorflow/core/platform/cpu_feature_guard.cc:141] Your CPU supports instructions that this TensorFlow binary was not compiled to use: SSE4.1 SSE4.2 AVX AVX2 FMA
2019-09-30 12:32:24.248434: I tensorflow/core/common_runtime/gpu/gpu_device.cc:1405] Found device 0 with properties: 
name: Tesla K40c major: 3 minor: 5 memoryClockRate(GHz): 0.745
pciBusID: 0000:02:00.0
totalMemory: 11.92GiB freeMemory: 11.84GiB
2019-09-30 12:32:24.248618: I tensorflow/core/common_runtime/gpu/gpu_device.cc:1484] Adding visible gpu devices: 0
2019-09-30 12:32:29.274569: I tensorflow/core/common_runtime/gpu/gpu_device.cc:965] Device interconnect StreamExecutor with strength 1 edge matrix:
2019-09-30 12:32:29.274747: I tensorflow/core/common_runtime/gpu/gpu_device.cc:971]      0 
2019-09-30 12:32:29.274830: I tensorflow/core/common_runtime/gpu/gpu_device.cc:984] 0:   N 
2019-09-30 12:32:29.276330: I tensorflow/core/common_runtime/gpu/gpu_device.cc:1097] Created TensorFlow device (/job:localhost/replica:0/task:0/device:GPU:0 with 11477 MB memory) -> physical GPU (device: 0, name: Tesla K40c, pci bus id: 0000:02:00.0, compute capability: 3.5)
2019-09-30 13:19:14.537109: I tensorflow/core/common_runtime/gpu/gpu_device.cc:1484] Adding visible gpu devices: 0
2019-09-30 13:19:14.537369: I tensorflow/core/common_runtime/gpu/gpu_device.cc:965] Device interconnect StreamExecutor with strength 1 edge matrix:
2019-09-30 13:19:14.537465: I tensorflow/core/common_runtime/gpu/gpu_device.cc:971]      0 
2019-09-30 13:19:14.537520: I tensorflow/core/common_runtime/gpu/gpu_device.cc:984] 0:   N 
2019-09-30 13:19:14.537694: I tensorflow/core/common_runtime/gpu/gpu_device.cc:1097] Created TensorFlow device (/job:localhost/replica:0/task:0/device:GPU:0 with 11477 MB memory) -> physical GPU (device: 0, name: Tesla K40c, pci bus id: 0000:02:00.0, compute capability: 3.5)
2019-09-30 14:05:35.450017: I tensorflow/core/common_runtime/gpu/gpu_device.cc:1484] Adding visible gpu devices: 0
2019-09-30 14:05:35.452149: I tensorflow/core/common_runtime/gpu/gpu_device.cc:965] Device interconnect StreamExecutor with strength 1 edge matrix:
2019-09-30 14:05:35.452224: I tensorflow/core/common_runtime/gpu/gpu_device.cc:971]      0 
2019-09-30 14:05:35.452286: I tensorflow/core/common_runtime/gpu/gpu_device.cc:984] 0:   N 
2019-09-30 14:05:35.452475: I tensorflow/core/common_runtime/gpu/gpu_device.cc:1097] Created TensorFlow device (/job:localhost/replica:0/task:0/device:GPU:0 with 11477 MB memory) -> physical GPU (device: 0, name: Tesla K40c, pci bus id: 0000:02:00.0, compute capability: 3.5)
