2019-09-30 17:41:36.700701: I tensorflow/core/platform/cpu_feature_guard.cc:141] Your CPU supports instructions that this TensorFlow binary was not compiled to use: SSE4.1 SSE4.2 AVX AVX2 FMA
2019-09-30 17:41:36.951965: I tensorflow/core/common_runtime/gpu/gpu_device.cc:1405] Found device 0 with properties: 
name: Tesla K40c major: 3 minor: 5 memoryClockRate(GHz): 0.745
pciBusID: 0000:02:00.0
totalMemory: 11.92GiB freeMemory: 11.84GiB
2019-09-30 17:41:36.952122: I tensorflow/core/common_runtime/gpu/gpu_device.cc:1484] Adding visible gpu devices: 0
2019-09-30 17:41:55.394898: I tensorflow/core/common_runtime/gpu/gpu_device.cc:965] Device interconnect StreamExecutor with strength 1 edge matrix:
2019-09-30 17:41:55.395071: I tensorflow/core/common_runtime/gpu/gpu_device.cc:971]      0 
2019-09-30 17:41:55.395151: I tensorflow/core/common_runtime/gpu/gpu_device.cc:984] 0:   N 
2019-09-30 17:41:55.413208: I tensorflow/core/common_runtime/gpu/gpu_device.cc:1097] Created TensorFlow device (/job:localhost/replica:0/task:0/device:GPU:0 with 11477 MB memory) -> physical GPU (device: 0, name: Tesla K40c, pci bus id: 0000:02:00.0, compute capability: 3.5)
2019-09-30 23:23:49.948784: I tensorflow/core/common_runtime/gpu/gpu_device.cc:1484] Adding visible gpu devices: 0
2019-09-30 23:23:49.949124: I tensorflow/core/common_runtime/gpu/gpu_device.cc:965] Device interconnect StreamExecutor with strength 1 edge matrix:
2019-09-30 23:23:49.949223: I tensorflow/core/common_runtime/gpu/gpu_device.cc:971]      0 
2019-09-30 23:23:49.949289: I tensorflow/core/common_runtime/gpu/gpu_device.cc:984] 0:   N 
2019-09-30 23:23:49.949475: I tensorflow/core/common_runtime/gpu/gpu_device.cc:1097] Created TensorFlow device (/job:localhost/replica:0/task:0/device:GPU:0 with 11477 MB memory) -> physical GPU (device: 0, name: Tesla K40c, pci bus id: 0000:02:00.0, compute capability: 3.5)
2019-10-01 05:24:36.182124: I tensorflow/core/common_runtime/gpu/gpu_device.cc:1484] Adding visible gpu devices: 0
2019-10-01 05:24:36.184314: I tensorflow/core/common_runtime/gpu/gpu_device.cc:965] Device interconnect StreamExecutor with strength 1 edge matrix:
2019-10-01 05:24:36.184424: I tensorflow/core/common_runtime/gpu/gpu_device.cc:971]      0 
2019-10-01 05:24:36.184500: I tensorflow/core/common_runtime/gpu/gpu_device.cc:984] 0:   N 
2019-10-01 05:24:36.184681: I tensorflow/core/common_runtime/gpu/gpu_device.cc:1097] Created TensorFlow device (/job:localhost/replica:0/task:0/device:GPU:0 with 11477 MB memory) -> physical GPU (device: 0, name: Tesla K40c, pci bus id: 0000:02:00.0, compute capability: 3.5)
