2019-09-30 03:43:57.601616: I tensorflow/core/platform/cpu_feature_guard.cc:141] Your CPU supports instructions that this TensorFlow binary was not compiled to use: SSE4.1 SSE4.2 AVX AVX2 FMA
2019-09-30 03:43:57.756588: I tensorflow/core/common_runtime/gpu/gpu_device.cc:1405] Found device 0 with properties: 
name: GeForce GTX 1060 6GB major: 6 minor: 1 memoryClockRate(GHz): 1.7085
pciBusID: 0000:04:00.0
totalMemory: 5.94GiB freeMemory: 5.86GiB
2019-09-30 03:43:57.756719: I tensorflow/core/common_runtime/gpu/gpu_device.cc:1484] Adding visible gpu devices: 0
2019-09-30 03:44:03.619720: I tensorflow/core/common_runtime/gpu/gpu_device.cc:965] Device interconnect StreamExecutor with strength 1 edge matrix:
2019-09-30 03:44:03.619902: I tensorflow/core/common_runtime/gpu/gpu_device.cc:971]      0 
2019-09-30 03:44:03.619982: I tensorflow/core/common_runtime/gpu/gpu_device.cc:984] 0:   N 
2019-09-30 03:44:03.621675: I tensorflow/core/common_runtime/gpu/gpu_device.cc:1097] Created TensorFlow device (/job:localhost/replica:0/task:0/device:GPU:0 with 5639 MB memory) -> physical GPU (device: 0, name: GeForce GTX 1060 6GB, pci bus id: 0000:04:00.0, compute capability: 6.1)
2019-09-30 04:13:03.395996: I tensorflow/core/common_runtime/gpu/gpu_device.cc:1484] Adding visible gpu devices: 0
2019-09-30 04:13:03.400799: I tensorflow/core/common_runtime/gpu/gpu_device.cc:965] Device interconnect StreamExecutor with strength 1 edge matrix:
2019-09-30 04:13:03.400896: I tensorflow/core/common_runtime/gpu/gpu_device.cc:971]      0 
2019-09-30 04:13:03.400961: I tensorflow/core/common_runtime/gpu/gpu_device.cc:984] 0:   N 
2019-09-30 04:13:03.401122: I tensorflow/core/common_runtime/gpu/gpu_device.cc:1097] Created TensorFlow device (/job:localhost/replica:0/task:0/device:GPU:0 with 5639 MB memory) -> physical GPU (device: 0, name: GeForce GTX 1060 6GB, pci bus id: 0000:04:00.0, compute capability: 6.1)
2019-09-30 04:42:08.388308: I tensorflow/core/common_runtime/gpu/gpu_device.cc:1484] Adding visible gpu devices: 0
2019-09-30 04:42:08.388624: I tensorflow/core/common_runtime/gpu/gpu_device.cc:965] Device interconnect StreamExecutor with strength 1 edge matrix:
2019-09-30 04:42:08.388686: I tensorflow/core/common_runtime/gpu/gpu_device.cc:971]      0 
2019-09-30 04:42:08.388734: I tensorflow/core/common_runtime/gpu/gpu_device.cc:984] 0:   N 
2019-09-30 04:42:08.388869: I tensorflow/core/common_runtime/gpu/gpu_device.cc:1097] Created TensorFlow device (/job:localhost/replica:0/task:0/device:GPU:0 with 5639 MB memory) -> physical GPU (device: 0, name: GeForce GTX 1060 6GB, pci bus id: 0000:04:00.0, compute capability: 6.1)
