2019-09-30 05:12:11.529351: I tensorflow/core/platform/cpu_feature_guard.cc:141] Your CPU supports instructions that this TensorFlow binary was not compiled to use: SSE4.1 SSE4.2 AVX AVX2 FMA
2019-09-30 05:12:11.690626: I tensorflow/core/common_runtime/gpu/gpu_device.cc:1405] Found device 0 with properties: 
name: GeForce GTX 1060 6GB major: 6 minor: 1 memoryClockRate(GHz): 1.7085
pciBusID: 0000:04:00.0
totalMemory: 5.94GiB freeMemory: 5.86GiB
2019-09-30 05:12:11.690801: I tensorflow/core/common_runtime/gpu/gpu_device.cc:1484] Adding visible gpu devices: 0
2019-09-30 05:12:17.649939: I tensorflow/core/common_runtime/gpu/gpu_device.cc:965] Device interconnect StreamExecutor with strength 1 edge matrix:
2019-09-30 05:12:17.650087: I tensorflow/core/common_runtime/gpu/gpu_device.cc:971]      0 
2019-09-30 05:12:17.650190: I tensorflow/core/common_runtime/gpu/gpu_device.cc:984] 0:   N 
2019-09-30 05:12:17.652854: I tensorflow/core/common_runtime/gpu/gpu_device.cc:1097] Created TensorFlow device (/job:localhost/replica:0/task:0/device:GPU:0 with 5639 MB memory) -> physical GPU (device: 0, name: GeForce GTX 1060 6GB, pci bus id: 0000:04:00.0, compute capability: 6.1)
2019-09-30 05:40:44.406458: I tensorflow/core/common_runtime/gpu/gpu_device.cc:1484] Adding visible gpu devices: 0
2019-09-30 05:40:44.406828: I tensorflow/core/common_runtime/gpu/gpu_device.cc:965] Device interconnect StreamExecutor with strength 1 edge matrix:
2019-09-30 05:40:44.406929: I tensorflow/core/common_runtime/gpu/gpu_device.cc:971]      0 
2019-09-30 05:40:44.406986: I tensorflow/core/common_runtime/gpu/gpu_device.cc:984] 0:   N 
2019-09-30 05:40:44.407134: I tensorflow/core/common_runtime/gpu/gpu_device.cc:1097] Created TensorFlow device (/job:localhost/replica:0/task:0/device:GPU:0 with 5639 MB memory) -> physical GPU (device: 0, name: GeForce GTX 1060 6GB, pci bus id: 0000:04:00.0, compute capability: 6.1)
2019-09-30 06:09:12.190251: I tensorflow/core/common_runtime/gpu/gpu_device.cc:1484] Adding visible gpu devices: 0
2019-09-30 06:09:12.190615: I tensorflow/core/common_runtime/gpu/gpu_device.cc:965] Device interconnect StreamExecutor with strength 1 edge matrix:
2019-09-30 06:09:12.190679: I tensorflow/core/common_runtime/gpu/gpu_device.cc:971]      0 
2019-09-30 06:09:12.190721: I tensorflow/core/common_runtime/gpu/gpu_device.cc:984] 0:   N 
2019-09-30 06:09:12.190854: I tensorflow/core/common_runtime/gpu/gpu_device.cc:1097] Created TensorFlow device (/job:localhost/replica:0/task:0/device:GPU:0 with 5639 MB memory) -> physical GPU (device: 0, name: GeForce GTX 1060 6GB, pci bus id: 0000:04:00.0, compute capability: 6.1)
